/home/imcoelho/git-reps/wamca2016/source/WamcaExperiment.hpp(108): warning: expression has no effect

/home/imcoelho/git-reps/wamca2016/source/WamcaExperiment.hpp(108): warning: expression has no effect

/home/imcoelho/git-reps/wamca2016/source/WamcaExperiment.hpp(108): warning: expression has no effect

/home/imcoelho/git-reps/wamca2016/source/WamcaExperiment.hpp(183): warning: expression has no effect

/home/imcoelho/git-reps/wamca2016/source/WamcaExperiment.hpp(183): warning: expression has no effect

/home/imcoelho/git-reps/wamca2016/source/WamcaExperiment.hpp(191): warning: expression has no effect

/home/imcoelho/git-reps/wamca2016/source/WamcaExperiment.hpp(191): warning: expression has no effect

/home/imcoelho/git-reps/wamca2016/source/WamcaExperiment.hpp(191): warning: expression has no effect

/home/imcoelho/git-reps/wamca2016/source/WamcaExperiment.hpp(178): warning: variable "sol" was declared but never referenced

/home/imcoelho/git-reps/wamca2016/source/WamcaExperiment.hpp(332): warning: expression has no effect

/home/imcoelho/git-reps/wamca2016/source/WamcaExperiment.hpp(332): warning: expression has no effect

/home/imcoelho/git-reps/wamca2016/source/WamcaExperiment.hpp(332): warning: expression has no effect

/home/imcoelho/git-reps/wamca2016/source/WamcaExperiment.hpp(332): warning: expression has no effect

/home/imcoelho/git-reps/wamca2016/source/WamcaExperiment.hpp(332): warning: expression has no effect

/home/imcoelho/git-reps/wamca2016/source/WamcaExperiment.hpp(351): warning: expression has no effect

/home/imcoelho/git-reps/wamca2016/source/WamcaExperiment.hpp(351): warning: expression has no effect

/home/imcoelho/git-reps/wamca2016/source/WamcaExperiment.hpp(351): warning: expression has no effect

/home/imcoelho/git-reps/wamca2016/source/WamcaExperiment.hpp(351): warning: expression has no effect

/home/imcoelho/git-reps/wamca2016/source/WamcaExperiment.hpp(211): warning: variable "i" was declared but never referenced

/home/imcoelho/git-reps/wamca2016/source/WamcaExperiment.hpp(211): warning: variable "max" was declared but never referenced

/home/imcoelho/git-reps/wamca2016/source/WamcaExperiment.hpp(212): warning: variable "time" was declared but never referenced

/home/imcoelho/git-reps/wamca2016/source/WamcaExperiment.hpp(212): warning: variable "timeAvg" was set but never used

/home/imcoelho/git-reps/wamca2016/source/WamcaExperiment.hpp(214): warning: variable "movesCost" was declared but never referenced

/home/imcoelho/git-reps/wamca2016/source/WamcaExperiment.hpp(215): warning: variable "buffer" was declared but never referenced

/home/imcoelho/git-reps/wamca2016/source/main.cu(24): warning: variable "error" was declared but never referenced

/home/imcoelho/git-reps/wamca2016/source/main.cu(85): warning: expression has no effect

/home/imcoelho/git-reps/wamca2016/source/main.cu(85): warning: expression has no effect

/home/imcoelho/git-reps/wamca2016/source/main.cu(85): warning: expression has no effect


Compilation terminated.
nvcc error   : 'cudafe++' died due to signal 2 
