WAMCAPATH:/home/rodolfo/git/wamca2016/
Início: 558778-[0, 1, 2, 3, 4, 5, 6, 7, 8, 9, 10, 11, 12, 13, 14, 15, 16, 17, 18, 19, 20, 21, 22, 23, 24, 25, 26, 27, 28, 29, 30, 31, 32, 33, 34, 35, 36, 37, 38, 39, 40, 41, 42, 43, 44, 45, 46, 47, 48, 49, 50, 51]
Setting feeder affinity
Setting feeder affinity
Setting feeder affinity
Setting feeder affinity
Setting feeder affinity
Setting feeder affinity
I am the master. There are 1 mpi processes. (hostname = rodolfo-not)
Roots [<pyDF.nodes.Feeder instance at 0x7fcc9b3e2128>, <pyDF.nodes.Feeder instance at 0x7fcc9b3e27a0>, <pyDF.nodes.Feeder instance at 0x7fcc9b3e2878>, <pyDF.nodes.Feeder instance at 0x7fcc9b3e2998>, <pyDF.nodes.Feeder instance at 0x7fcc9b3e2b48>, <pyDF.nodes.Feeder instance at 0x7fcc9b3e2cf8>]
Starting 0
Starting 1
Starting 2
Starting 3
Main loop
I am worker 3
I am worker 2
I am worker 1
I am worker 0
GPU0
set seed 500
MLKernel id=0 TOTAL=0
MLKernel id=1 TOTAL=0
MLKernel id=2 TOTAL=0
MLKernel id=3 TOTAL=0
MLKernel id=4 TOTAL=0
GPU0
set seed 500
MLKernel id=0 TOTAL=0
MLKernel id=1 TOTAL=0
MLKernel id=2 TOTAL=0
MLKernel id=3 TOTAL=0
MLKernel id=4 TOTAL=0
GPU0
set seed 500
MLKernel id=0 TOTAL=0
MLKernel id=1 TOTAL=0
MLKernel id=2 TOTAL=0
MLKernel id=3 TOTAL=0
MLKernel id=4 TOTAL=0
GPU0
set seed 500
MLKernel id=0 TOTAL=0
MLKernel id=1 TOTAL=0
MLKernel id=2 TOTAL=0
MLKernel id=3 TOTAL=0
MLKernel id=4 TOTAL=0
GPU0, initializing 5 kernels
Kernel INIT: SWAP TOTAL:0
Kernel INIT: 2OPT TOTAL:0
Kernel INIT: OROPT1 TOTAL:0
Kernel INIT: OROPT2 TOTAL:0
Kernel INIT: OROPT3 TOTAL:0
GPU0, initializing 5 kernels
Kernel INIT: SWAP TOTAL:0
Kernel INIT: 2OPT TOTAL:0
Kernel INIT: OROPT1 TOTAL:0
Kernel INIT: OROPT2 TOTAL:0
Kernel INIT: OROPT3 TOTAL:0
GPU0, initializing 0 tkernels
GPU0, initializing 0 tkernels
GPU0, initializing 5 kernels
Kernel INIT: SWAP TOTAL:0
GPU0, initializing 5 kernels
Kernel INIT: SWAP TOTAL:0
Kernel INIT: 2OPT TOTAL:0
Kernel INIT: OROPT1 TOTAL:0
Kernel INIT: OROPT2 TOTAL:0
Kernel INIT: 2OPT TOTAL:0
Kernel INIT: OROPT1 TOTAL:0
Kernel INIT: OROPT2 TOTAL:0
Kernel INIT: OROPT3 TOTAL:0
GPU0, initializing 0 tkernels
Kernel INIT: OROPT3 TOTAL:0
GPU0, initializing 0 tkernels
[140446L, 140446L, 140446L, 140446L, 140446L]
Fim time: 1.39561986923s - best: 140446-[0, 21, 48, 35, 34, 33, 38, 39, 36, 37, 47, 23, 4, 14, 5, 3, 42, 9, 8, 7, 40, 18, 44, 31, 43, 15, 49, 19, 22, 30, 17, 2, 16, 20, 41, 6, 1, 29, 28, 45, 24, 11, 27, 26, 25, 46, 12, 13, 51, 10, 50, 32]
Waiting [2, 1, 0, 3]
Terminating workers True 0 0
MPI TERMINATING
