WAMCAPATH:/home/rodolfo/git/wamca2016/
Início: 8670796-[0, 1, 2, 3, 4, 5, 6, 7, 8, 9, 10, 11, 12, 13, 14, 15, 16, 17, 18, 19, 20, 21, 22, 23, 24, 25, 26, 27, 28, 29, 30, 31, 32, 33, 34, 35, 36, 37, 38, 39, 40, 41, 42, 43, 44, 45, 46, 47, 48, 49, 50, 51, 52, 53, 54, 55, 56, 57, 58, 59, 60, 61, 62, 63, 64, 65, 66, 67, 68, 69, 70, 71, 72, 73, 74, 75, 76, 77, 78, 79, 80, 81, 82, 83, 84, 85, 86, 87, 88, 89, 90, 91, 92, 93, 94, 95, 96, 97, 98, 99]
Setting feeder affinity
Setting feeder affinity
Setting feeder affinity
Setting feeder affinity
Setting feeder affinity
Setting feeder affinity
I am the master. There are 1 mpi processes. (hostname = rodolfo-not)
Roots [<pyDF.nodes.Feeder instance at 0x7fa5a2ef4128>, <pyDF.nodes.Feeder instance at 0x7fa5a2ef47a0>, <pyDF.nodes.Feeder instance at 0x7fa5a2ef4878>, <pyDF.nodes.Feeder instance at 0x7fa5a2ef4998>, <pyDF.nodes.Feeder instance at 0x7fa5a2ef4b48>, <pyDF.nodes.Feeder instance at 0x7fa5a2ef4cf8>]
Starting 0
Starting 1
Starting 2
Starting 3
Main loop
I am worker 3
I am worker 2
I am worker 1
I am worker 0
GPU0
set seed 500
MLKernel id=0 TOTAL=0
MLKernel id=1 TOTAL=0
MLKernel id=2 TOTAL=0
MLKernel id=3 TOTAL=0
MLKernel id=4 TOTAL=0
GPU0
set seed 500
MLKernel id=0 TOTAL=0
MLKernel id=1 TOTAL=0
MLKernel id=2 TOTAL=0
MLKernel id=3 TOTAL=0
MLKernel id=4 TOTAL=0
GPU0
set seed 500
MLKernel id=0 TOTAL=0
MLKernel id=1 TOTAL=0
MLKernel id=2 TOTAL=0
MLKernel id=3 TOTAL=0
MLKernel id=4 TOTAL=0
GPU0
set seed 500
MLKernel id=0 TOTAL=0
MLKernel id=1 TOTAL=0
MLKernel id=2 TOTAL=0
MLKernel id=3 TOTAL=0
MLKernel id=4 TOTAL=0
GPU0, initializing 5 kernels
Kernel INIT: SWAP TOTAL:0
Kernel INIT: 2OPT TOTAL:0
Kernel INIT: OROPT1 TOTAL:0
Kernel INIT: OROPT2 TOTAL:0
Kernel INIT: OROPT3 TOTAL:0
GPU0, initializing 0 tkernels
GPU0, initializing 5 kernels
Kernel INIT: SWAP TOTAL:0
Kernel INIT: 2OPT TOTAL:0
Kernel INIT: OROPT1 TOTAL:0
Kernel INIT: OROPT2 TOTAL:0
Kernel INIT: OROPT3 TOTAL:0
GPU0, initializing 0 tkernels
GPU0, initializing 5 kernels
Kernel INIT: SWAP TOTAL:0
Kernel INIT: 2OPT TOTAL:0
Kernel INIT: OROPT1 TOTAL:0
Kernel INIT: OROPT2 TOTAL:0
Kernel INIT: OROPT3 TOTAL:0
GPU0, initializing 0 tkernels
GPU0, initializing 5 kernels
Kernel INIT: SWAP TOTAL:0
Kernel INIT: 2OPT TOTAL:0
Kernel INIT: OROPT1 TOTAL:0
Kernel INIT: OROPT2 TOTAL:0
Kernel INIT: OROPT3 TOTAL:0
GPU0, initializing 0 tkernels
[1003476L, 1003476L, 1003476L, 1003476L, 1003476L]
Fim time: 3.26911711693s - best: 1003476-[0, 49, 12, 78, 87, 26, 23, 40, 83, 72, 38, 90, 53, 62, 15, 76, 42, 70, 3, 92, 43, 59, 52, 4, 2, 82, 39, 5, 58, 84, 17, 24, 19, 8, 54, 18, 36, 50, 29, 99, 1, 47, 91, 86, 25, 9, 94, 55, 20, 27, 11, 46, 81, 13, 67, 32, 44, 98, 30, 77, 79, 75, 45, 51, 7, 65, 37, 80, 33, 10, 89, 16, 93, 31, 96, 97, 48, 69, 88, 22, 41, 21, 57, 28, 35, 66, 74, 6, 73, 60, 71, 56, 64, 85, 95, 68, 14, 63, 61, 34]
Waiting [2, 3, 0, 1]
Terminating workers True 0 0
MPI TERMINATING
