nohup: ignoring input
vnd_in_6_0

real	0m15.256s
user	0m11.837s
sys	0m2.324s
vnd_in_6_1

real	0m15.130s
user	0m11.876s
sys	0m2.278s
vnd_in_6_2

real	0m15.024s
user	0m11.787s
sys	0m2.277s
vnd_in_6_3

real	0m15.136s
user	0m11.788s
sys	0m2.276s
vnd_in_6_4

real	0m15.173s
user	0m11.840s
sys	0m2.277s
vnd_in_6_5

real	0m15.044s
user	0m11.709s
sys	0m2.306s
vnd_in_6_6

real	0m15.153s
user	0m11.784s
sys	0m2.300s
vnd_in_6_7

real	0m14.988s
user	0m11.842s
sys	0m2.232s
vnd_in_6_8

real	0m15.062s
user	0m11.750s
sys	0m2.253s
vnd_in_6_9

real	0m15.162s
user	0m11.761s
sys	0m2.358s
vnd_in_6_10

real	0m15.048s
user	0m11.769s
sys	0m2.255s
vnd_in_6_11

real	0m15.035s
user	0m11.806s
sys	0m2.275s
vnd_in_6_12

real	0m15.194s
user	0m11.918s
sys	0m2.273s
vnd_in_6_13

real	0m15.037s
user	0m11.754s
sys	0m2.292s
vnd_in_6_14

real	0m15.122s
user	0m11.784s
sys	0m2.303s
vnd_in_6_15

real	0m15.008s
user	0m11.841s
sys	0m2.235s
vnd_in_6_16

real	0m15.066s
user	0m11.813s
sys	0m2.237s
vnd_in_6_17

real	0m15.060s
user	0m11.732s
sys	0m2.303s
vnd_in_6_18

real	0m14.947s
user	0m11.753s
sys	0m2.254s
vnd_in_6_19

real	0m15.038s
user	0m11.704s
sys	0m2.309s
vnd_in_6_20

real	0m15.248s
user	0m11.757s
sys	0m2.353s
vnd_in_6_21

real	0m14.965s
user	0m11.787s
sys	0m2.237s
vnd_in_6_22

real	0m15.080s
user	0m11.747s
sys	0m2.317s
vnd_in_6_23

real	0m14.978s
user	0m11.781s
sys	0m2.270s
vnd_in_6_24

real	0m15.124s
user	0m11.899s
sys	0m2.240s
vnd_in_6_25

real	0m14.943s
user	0m11.773s
sys	0m2.236s
vnd_in_6_26

real	0m14.984s
user	0m11.763s
sys	0m2.270s
vnd_in_6_27

real	0m14.957s
user	0m11.823s
sys	0m2.227s
vnd_in_6_28

real	0m15.055s
user	0m11.773s
sys	0m2.273s
vnd_in_6_29

real	0m15.085s
user	0m11.793s
sys	0m2.241s
vnd_in_6_30

real	0m14.961s
user	0m11.794s
sys	0m2.229s
vnd_in_6_31

real	0m15.086s
user	0m11.723s
sys	0m2.328s
vnd_in_6_32

real	0m15.109s
user	0m11.746s
sys	0m2.315s
vnd_in_6_33

real	0m15.198s
user	0m11.839s
sys	0m2.312s
vnd_in_6_34

real	0m14.946s
user	0m11.804s
sys	0m2.226s
vnd_in_6_35

real	0m14.978s
user	0m11.866s
sys	0m2.235s
vnd_in_6_36

real	0m14.922s
user	0m11.768s
sys	0m2.239s
vnd_in_6_37

real	0m15.165s
user	0m11.810s
sys	0m2.257s
vnd_in_6_38

real	0m14.982s
user	0m11.819s
sys	0m2.234s
vnd_in_6_39

real	0m15.056s
user	0m11.784s
sys	0m2.280s
vnd_in_6_40

real	0m15.137s
user	0m11.761s
sys	0m2.318s
vnd_in_6_41

real	0m15.346s
user	0m11.788s
sys	0m2.387s
vnd_in_6_42

real	0m15.060s
user	0m11.848s
sys	0m2.282s
vnd_in_6_43

real	0m14.892s
user	0m11.822s
sys	0m2.190s
vnd_in_6_44

real	0m15.150s
user	0m11.766s
sys	0m2.325s
vnd_in_6_45

real	0m15.170s
user	0m11.819s
sys	0m2.292s
vnd_in_6_46

real	0m14.917s
user	0m11.790s
sys	0m2.222s
vnd_in_6_47

real	0m15.065s
user	0m11.829s
sys	0m2.256s
vnd_in_6_48

real	0m15.104s
user	0m11.863s
sys	0m2.273s
vnd_in_6_49

real	0m15.067s
user	0m11.830s
sys	0m2.229s
vnd_in_6_50

real	0m14.948s
user	0m11.781s
sys	0m2.225s
vnd_in_6_51

real	0m15.136s
user	0m11.679s
sys	0m2.339s
vnd_in_6_52

real	0m15.065s
user	0m11.869s
sys	0m2.264s
vnd_in_6_53

real	0m15.109s
user	0m11.775s
sys	0m2.291s
vnd_in_6_54

real	0m14.963s
user	0m11.762s
sys	0m2.249s
vnd_in_6_55

real	0m14.984s
user	0m11.782s
sys	0m2.253s
vnd_in_6_56

real	0m14.954s
user	0m11.812s
sys	0m2.237s
vnd_in_6_57

real	0m15.149s
user	0m11.730s
sys	0m2.322s
vnd_in_6_58

real	0m14.979s
user	0m11.749s
sys	0m2.247s
vnd_in_6_59

real	0m15.164s
user	0m11.846s
sys	0m2.300s
vnd_in_6_60

real	0m14.995s
user	0m11.807s
sys	0m2.251s
vnd_in_6_61

real	0m15.068s
user	0m11.870s
sys	0m2.239s
vnd_in_6_62

real	0m15.067s
user	0m11.808s
sys	0m2.290s
vnd_in_6_63

real	0m15.039s
user	0m11.798s
sys	0m2.278s
vnd_in_6_64

real	0m15.001s
user	0m11.754s
sys	0m2.253s
vnd_in_6_65

real	0m15.163s
user	0m11.782s
sys	0m2.302s
vnd_in_6_66

real	0m14.962s
user	0m11.805s
sys	0m2.224s
vnd_in_6_67

real	0m14.901s
user	0m11.767s
sys	0m2.213s
vnd_in_6_68

real	0m15.014s
user	0m11.854s
sys	0m2.239s
vnd_in_6_69

real	0m15.108s
user	0m11.798s
sys	0m2.257s
vnd_in_6_70

real	0m14.959s
user	0m11.834s
sys	0m2.217s
vnd_in_6_71

real	0m15.050s
user	0m11.717s
sys	0m2.313s
vnd_in_6_72

real	0m15.145s
user	0m11.893s
sys	0m2.275s
vnd_in_6_73

real	0m15.162s
user	0m11.788s
sys	0m2.292s
vnd_in_6_74

real	0m15.188s
user	0m11.773s
sys	0m2.347s
vnd_in_6_75

real	0m15.147s
user	0m11.792s
sys	0m2.310s
vnd_in_6_76

real	0m15.085s
user	0m11.781s
sys	0m2.290s
vnd_in_6_77

real	0m15.089s
user	0m11.861s
sys	0m2.253s
vnd_in_6_78

real	0m14.969s
user	0m11.815s
sys	0m2.233s
vnd_in_6_79

real	0m15.044s
user	0m11.754s
sys	0m2.276s
vnd_in_6_80

real	0m15.180s
user	0m11.836s
sys	0m2.274s
vnd_in_6_81

real	0m15.144s
user	0m11.770s
sys	0m2.306s
vnd_in_6_82

real	0m14.977s
user	0m11.747s
sys	0m2.276s
vnd_in_6_83

real	0m15.024s
user	0m11.749s
sys	0m2.287s
vnd_in_6_84

real	0m15.235s
user	0m11.885s
sys	0m2.309s
vnd_in_6_85

real	0m15.089s
user	0m11.819s
sys	0m2.246s
vnd_in_6_86

real	0m14.952s
user	0m11.793s
sys	0m2.241s
vnd_in_6_87

real	0m15.070s
user	0m11.906s
sys	0m2.245s
vnd_in_6_88

real	0m15.135s
user	0m11.729s
sys	0m2.340s
vnd_in_6_89

real	0m15.072s
user	0m11.845s
sys	0m2.235s
vnd_in_6_90

real	0m15.040s
user	0m11.787s
sys	0m2.284s
vnd_in_6_91

real	0m15.019s
user	0m11.751s
sys	0m2.272s
vnd_in_6_92

real	0m15.034s
user	0m11.833s
sys	0m2.264s
vnd_in_6_93

real	0m15.299s
user	0m11.761s
sys	0m2.386s
vnd_in_6_94

real	0m15.092s
user	0m11.810s
sys	0m2.272s
vnd_in_6_95

real	0m15.045s
user	0m11.804s
sys	0m2.283s
vnd_in_6_96

real	0m15.062s
user	0m11.808s
sys	0m2.268s
vnd_in_6_97

real	0m15.168s
user	0m11.858s
sys	0m2.268s
vnd_in_6_98

real	0m15.052s
user	0m11.835s
sys	0m2.277s
vnd_in_6_99

real	0m15.135s
user	0m11.733s
sys	0m2.353s
vnd_in_7_0

real	0m53.303s
user	0m47.543s
sys	0m4.486s
vnd_in_7_1

real	0m53.423s
user	0m47.626s
sys	0m4.473s
vnd_in_7_2

real	0m53.159s
user	0m47.581s
sys	0m4.431s
vnd_in_7_3

real	0m53.518s
user	0m47.855s
sys	0m4.424s
vnd_in_7_4

real	0m53.216s
user	0m47.498s
sys	0m4.479s
vnd_in_7_5

real	0m53.248s
user	0m47.578s
sys	0m4.422s
vnd_in_7_6

real	0m53.254s
user	0m47.551s
sys	0m4.458s
vnd_in_7_7

real	0m53.661s
user	0m47.817s
sys	0m4.499s
vnd_in_7_8

real	0m53.048s
user	0m47.512s
sys	0m4.394s
vnd_in_7_9

real	0m53.501s
user	0m47.671s
sys	0m4.487s
vnd_in_7_10

real	0m53.126s
user	0m47.556s
sys	0m4.383s
vnd_in_7_11

real	0m53.442s
user	0m47.764s
sys	0m4.417s
vnd_in_7_12

real	0m53.236s
user	0m47.486s
sys	0m4.484s
vnd_in_7_13

real	0m53.556s
user	0m47.534s
sys	0m4.552s
vnd_in_7_14

real	0m53.611s
user	0m47.694s
sys	0m4.482s
vnd_in_7_15

real	0m53.470s
user	0m47.792s
sys	0m4.418s
vnd_in_7_16

real	0m53.200s
user	0m47.640s
sys	0m4.378s
vnd_in_7_17

real	0m53.221s
user	0m47.579s
sys	0m4.406s
vnd_in_7_18

real	0m53.355s
user	0m47.716s
sys	0m4.427s
vnd_in_7_19

real	0m53.485s
user	0m47.544s
sys	0m4.502s
vnd_in_7_20

real	0m53.110s
user	0m47.543s
sys	0m4.409s
vnd_in_7_21

real	0m53.454s
user	0m47.711s
sys	0m4.441s
vnd_in_7_22

real	0m53.213s
user	0m47.618s
sys	0m4.415s
vnd_in_7_23

real	0m53.624s
user	0m47.706s
sys	0m4.515s
vnd_in_7_24

real	0m53.293s
user	0m47.634s
sys	0m4.440s
vnd_in_7_25

real	0m53.534s
user	0m47.589s
sys	0m4.446s
vnd_in_7_26

real	0m53.416s
user	0m47.640s
sys	0m4.502s
vnd_in_7_27

real	0m53.393s
user	0m47.714s
sys	0m4.457s
vnd_in_7_28

real	0m53.235s
user	0m47.679s
sys	0m4.414s
vnd_in_7_29

real	0m53.292s
user	0m47.579s
sys	0m4.436s
vnd_in_7_30

real	0m53.633s
user	0m47.730s
sys	0m4.466s
vnd_in_7_31

real	0m53.755s
user	0m47.749s
sys	0m4.466s
vnd_in_7_32

real	0m53.146s
user	0m47.558s
sys	0m4.408s
vnd_in_7_33

real	0m53.409s
user	0m47.531s
sys	0m4.533s
vnd_in_7_34

real	0m53.477s
user	0m47.694s
sys	0m4.486s
vnd_in_7_35

real	0m53.588s
user	0m47.679s
sys	0m4.413s
vnd_in_7_36

real	0m53.355s
user	0m47.579s
sys	0m4.399s
vnd_in_7_37

real	0m53.280s
user	0m47.630s
sys	0m4.407s
vnd_in_7_38

real	0m53.495s
user	0m47.897s
sys	0m4.377s
vnd_in_7_39

real	0m53.527s
user	0m47.709s
sys	0m4.504s
vnd_in_7_40

real	0m53.569s
user	0m47.734s
sys	0m4.462s
vnd_in_7_41

real	0m53.384s
user	0m47.581s
sys	0m4.463s
vnd_in_7_42

real	0m53.176s
user	0m47.446s
sys	0m4.469s
vnd_in_7_43

real	0m53.557s
user	0m47.680s
sys	0m4.457s
vnd_in_7_44

real	0m53.358s
user	0m47.680s
sys	0m4.442s
vnd_in_7_45

real	0m53.328s
user	0m47.668s
sys	0m4.409s
vnd_in_7_46

real	0m53.475s
user	0m47.796s
sys	0m4.445s
vnd_in_7_47

real	0m53.742s
user	0m47.879s
sys	0m4.486s
vnd_in_7_48

real	0m53.226s
user	0m47.676s
sys	0m4.391s
vnd_in_7_49

real	0m53.442s
user	0m47.794s
sys	0m4.443s
vnd_in_7_50

real	0m53.176s
user	0m47.601s
sys	0m4.403s
vnd_in_7_51

real	0m53.352s
user	0m47.655s
sys	0m4.436s
vnd_in_7_52

real	0m53.401s
user	0m47.660s
sys	0m4.463s
vnd_in_7_53

real	0m53.174s
user	0m47.631s
sys	0m4.351s
vnd_in_7_54

real	0m53.362s
user	0m47.693s
sys	0m4.444s
vnd_in_7_55

real	0m53.334s
user	0m47.706s
sys	0m4.429s
vnd_in_7_56

real	0m53.374s
user	0m47.810s
sys	0m4.406s
vnd_in_7_57

real	0m53.428s
user	0m47.568s
sys	0m4.498s
vnd_in_7_58

real	0m53.375s
user	0m47.753s
sys	0m4.433s
vnd_in_7_59

real	0m53.295s
user	0m47.550s
sys	0m4.460s
vnd_in_7_60

real	0m53.375s
user	0m47.656s
sys	0m4.446s
vnd_in_7_61

real	0m53.245s
user	0m47.510s
sys	0m4.427s
vnd_in_7_62

real	0m53.507s
user	0m47.832s
sys	0m4.443s
vnd_in_7_63

real	0m53.373s
user	0m47.760s
sys	0m4.400s
vnd_in_7_64

real	0m53.233s
user	0m47.620s
sys	0m4.448s
vnd_in_7_65

real	0m53.471s
user	0m47.686s
sys	0m4.443s
vnd_in_7_66

real	0m53.157s
user	0m47.546s
sys	0m4.412s
vnd_in_7_67

real	0m53.626s
user	0m47.713s
sys	0m4.504s
vnd_in_7_68
