nohup: ignoring input
vnd_in_0_0

real	0m2.064s
user	0m0.171s
sys	0m1.296s
vnd_in_0_1

real	0m1.716s
user	0m0.128s
sys	0m1.107s
vnd_in_0_2

real	0m1.684s
user	0m0.131s
sys	0m1.125s
vnd_in_0_3

real	0m1.795s
user	0m0.139s
sys	0m1.311s
vnd_in_0_4

real	0m1.739s
user	0m0.115s
sys	0m1.306s
vnd_in_0_5

real	0m1.616s
user	0m0.132s
sys	0m1.326s
vnd_in_0_6

real	0m1.650s
user	0m0.141s
sys	0m1.403s
vnd_in_0_7

real	0m1.654s
user	0m0.135s
sys	0m1.204s
vnd_in_0_8

real	0m1.641s
user	0m0.157s
sys	0m1.372s
vnd_in_0_9

real	0m1.645s
user	0m0.139s
sys	0m1.409s
vnd_in_0_10

real	0m1.698s
user	0m0.138s
sys	0m1.204s
vnd_in_0_11

real	0m1.525s
user	0m0.128s
sys	0m1.373s
vnd_in_0_12

real	0m1.558s
user	0m0.106s
sys	0m1.234s
vnd_in_0_13

real	0m1.671s
user	0m0.148s
sys	0m1.211s
vnd_in_0_14

real	0m1.671s
user	0m0.148s
sys	0m1.417s
vnd_in_0_15

real	0m1.684s
user	0m0.132s
sys	0m1.267s
vnd_in_0_16

real	0m1.676s
user	0m0.139s
sys	0m1.212s
vnd_in_0_17

real	0m1.611s
user	0m0.111s
sys	0m1.286s
vnd_in_0_18

real	0m1.657s
user	0m0.166s
sys	0m1.271s
vnd_in_0_19

real	0m1.655s
user	0m0.165s
sys	0m1.336s
vnd_in_0_20

real	0m1.697s
user	0m0.148s
sys	0m1.367s
vnd_in_0_21

real	0m1.597s
user	0m0.141s
sys	0m1.250s
vnd_in_0_22

real	0m1.719s
user	0m0.144s
sys	0m1.326s
vnd_in_0_23

real	0m1.694s
user	0m0.127s
sys	0m1.294s
vnd_in_0_24

real	0m1.596s
user	0m0.109s
sys	0m1.255s
vnd_in_0_25

real	0m1.629s
user	0m0.146s
sys	0m1.208s
vnd_in_0_26

real	0m1.802s
user	0m0.176s
sys	0m1.257s
vnd_in_0_27

real	0m1.612s
user	0m0.121s
sys	0m1.249s
vnd_in_0_28

real	0m1.626s
user	0m0.158s
sys	0m1.140s
vnd_in_0_29

real	0m1.774s
user	0m0.163s
sys	0m1.375s
vnd_in_0_30

real	0m1.823s
user	0m0.162s
sys	0m1.514s
vnd_in_0_31

real	0m1.669s
user	0m0.105s
sys	0m1.206s
vnd_in_0_32

real	0m1.607s
user	0m0.149s
sys	0m1.353s
vnd_in_0_33

real	0m1.698s
user	0m0.139s
sys	0m1.211s
vnd_in_0_34

real	0m1.636s
user	0m0.113s
sys	0m1.204s
vnd_in_0_35

real	0m1.637s
user	0m0.139s
sys	0m1.369s
vnd_in_0_36

real	0m1.893s
user	0m0.145s
sys	0m1.118s
vnd_in_0_37

real	0m1.645s
user	0m0.137s
sys	0m1.258s
vnd_in_0_38

real	0m1.635s
user	0m0.093s
sys	0m1.223s
vnd_in_0_39

real	0m1.655s
user	0m0.155s
sys	0m1.396s
vnd_in_0_40

real	0m1.542s
user	0m0.138s
sys	0m1.266s
vnd_in_0_41

real	0m1.686s
user	0m0.141s
sys	0m1.363s
vnd_in_0_42

real	0m1.755s
user	0m0.182s
sys	0m1.258s
vnd_in_0_43

real	0m1.712s
user	0m0.140s
sys	0m1.109s
vnd_in_0_44

real	0m1.683s
user	0m0.169s
sys	0m1.319s
vnd_in_0_45

real	0m1.612s
user	0m0.088s
sys	0m1.166s
vnd_in_0_46

real	0m1.668s
user	0m0.170s
sys	0m1.235s
vnd_in_0_47

real	0m1.570s
user	0m0.109s
sys	0m1.231s
vnd_in_0_48

real	0m1.744s
user	0m0.129s
sys	0m1.245s
vnd_in_0_49

real	0m1.698s
user	0m0.119s
sys	0m1.243s
vnd_in_0_50

real	0m1.614s
user	0m0.143s
sys	0m1.373s
vnd_in_0_51

real	0m1.696s
user	0m0.130s
sys	0m1.328s
vnd_in_0_52

real	0m1.585s
user	0m0.136s
sys	0m1.253s
vnd_in_0_53

real	0m1.710s
user	0m0.127s
sys	0m1.201s
vnd_in_0_54

real	0m1.696s
user	0m0.133s
sys	0m1.129s
vnd_in_0_55

real	0m1.662s
user	0m0.099s
sys	0m1.089s
vnd_in_0_56

real	0m1.721s
user	0m0.156s
sys	0m1.300s
vnd_in_0_57

real	0m1.684s
user	0m0.137s
sys	0m1.210s
vnd_in_0_58

real	0m1.748s
user	0m0.107s
sys	0m1.123s
vnd_in_0_59

real	0m1.795s
user	0m0.150s
sys	0m1.209s
vnd_in_0_60

real	0m1.626s
user	0m0.128s
sys	0m1.285s
vnd_in_0_61

real	0m1.715s
user	0m0.153s
sys	0m1.171s
vnd_in_0_62

real	0m1.753s
user	0m0.160s
sys	0m1.245s
vnd_in_0_63

real	0m1.736s
user	0m0.134s
sys	0m1.276s
vnd_in_0_64

real	0m1.685s
user	0m0.192s
sys	0m1.465s
vnd_in_0_65

real	0m1.687s
user	0m0.109s
sys	0m1.167s
vnd_in_0_66

real	0m1.692s
user	0m0.145s
sys	0m1.254s
vnd_in_0_67

real	0m1.689s
user	0m0.179s
sys	0m1.391s
vnd_in_0_68

real	0m1.782s
user	0m0.123s
sys	0m1.247s
vnd_in_0_69

real	0m1.661s
user	0m0.117s
sys	0m1.211s
vnd_in_0_70

real	0m1.662s
user	0m0.160s
sys	0m1.465s
vnd_in_0_71

real	0m1.640s
user	0m0.176s
sys	0m1.309s
vnd_in_0_72

real	0m1.814s
user	0m0.175s
sys	0m1.222s
vnd_in_0_73

real	0m1.658s
user	0m0.179s
sys	0m1.470s
vnd_in_0_74

real	0m1.695s
user	0m0.143s
sys	0m1.341s
vnd_in_0_75

real	0m1.649s
user	0m0.106s
sys	0m1.118s
vnd_in_0_76

real	0m1.621s
user	0m0.164s
sys	0m1.231s
vnd_in_0_77

real	0m1.752s
user	0m0.159s
sys	0m1.368s
vnd_in_0_78

real	0m1.738s
user	0m0.131s
sys	0m1.206s
vnd_in_0_79

real	0m1.658s
user	0m0.123s
sys	0m1.064s
vnd_in_0_80

real	0m1.624s
user	0m0.139s
sys	0m1.246s
vnd_in_0_81

real	0m1.758s
user	0m0.111s
sys	0m1.192s
vnd_in_0_82

real	0m1.681s
user	0m0.125s
sys	0m1.445s
vnd_in_0_83

real	0m1.588s
user	0m0.113s
sys	0m1.222s
vnd_in_0_84

real	0m1.639s
user	0m0.166s
sys	0m1.353s
vnd_in_0_85

real	0m1.582s
user	0m0.111s
sys	0m1.180s
vnd_in_0_86

real	0m1.686s
user	0m0.150s
sys	0m1.316s
vnd_in_0_87

real	0m1.702s
user	0m0.157s
sys	0m1.334s
vnd_in_0_88

real	0m1.609s
user	0m0.156s
sys	0m1.343s
vnd_in_0_89

real	0m1.728s
user	0m0.159s
sys	0m1.304s
vnd_in_0_90

real	0m1.745s
user	0m0.103s
sys	0m1.252s
vnd_in_0_91

real	0m1.691s
user	0m0.143s
sys	0m1.204s
vnd_in_0_92

real	0m1.671s
user	0m0.114s
sys	0m1.153s
vnd_in_0_93

real	0m1.716s
user	0m0.160s
sys	0m1.326s
vnd_in_0_94

real	0m1.870s
user	0m0.145s
sys	0m1.248s
vnd_in_0_95

real	0m1.710s
user	0m0.143s
sys	0m1.155s
vnd_in_0_96

real	0m1.684s
user	0m0.135s
sys	0m1.319s
vnd_in_0_97

real	0m1.696s
user	0m0.121s
sys	0m1.141s
vnd_in_0_98

real	0m1.701s
user	0m0.118s
sys	0m1.155s
vnd_in_0_99

real	0m1.707s
user	0m0.152s
sys	0m1.318s
vnd_in_1_0

real	0m1.757s
user	0m0.220s
sys	0m1.402s
vnd_in_1_1

real	0m1.765s
user	0m0.196s
sys	0m1.380s
vnd_in_1_2

real	0m1.863s
user	0m0.243s
sys	0m1.263s
vnd_in_1_3

real	0m1.836s
user	0m0.246s
sys	0m1.338s
vnd_in_1_4

real	0m1.809s
user	0m0.214s
sys	0m1.300s
vnd_in_1_5

real	0m1.844s
user	0m0.246s
sys	0m1.379s
vnd_in_1_6

real	0m1.837s
user	0m0.217s
sys	0m1.287s
vnd_in_1_7

real	0m1.943s
user	0m0.249s
sys	0m1.330s
vnd_in_1_8

real	0m1.820s
user	0m0.254s
sys	0m1.303s
vnd_in_1_9

real	0m1.950s
user	0m0.215s
sys	0m1.354s
vnd_in_1_10

real	0m1.852s
user	0m0.287s
sys	0m1.404s
vnd_in_1_11

real	0m1.753s
user	0m0.201s
sys	0m1.308s
vnd_in_1_12

real	0m1.871s
user	0m0.205s
sys	0m1.319s
vnd_in_1_13

real	0m1.897s
user	0m0.272s
sys	0m1.369s
vnd_in_1_14

real	0m1.729s
user	0m0.184s
sys	0m1.272s
vnd_in_1_15

real	0m1.900s
user	0m0.247s
sys	0m1.324s
vnd_in_1_16

real	0m1.881s
user	0m0.282s
sys	0m1.225s
vnd_in_1_17

real	0m1.781s
user	0m0.231s
sys	0m1.332s
vnd_in_1_18

real	0m1.842s
user	0m0.264s
sys	0m1.426s
vnd_in_1_19

real	0m1.998s
user	0m0.245s
sys	0m1.448s
vnd_in_1_20

real	0m1.929s
user	0m0.191s
sys	0m1.235s
vnd_in_1_21

real	0m1.884s
user	0m0.223s
sys	0m1.251s
vnd_in_1_22

real	0m1.826s
user	0m0.241s
sys	0m1.335s
vnd_in_1_23

real	0m1.823s
user	0m0.276s
sys	0m1.302s
vnd_in_1_24

real	0m1.860s
user	0m0.247s
sys	0m1.264s
vnd_in_1_25

real	0m1.881s
user	0m0.306s
sys	0m1.442s
vnd_in_1_26

real	0m1.794s
user	0m0.243s
sys	0m1.233s
vnd_in_1_27

real	0m1.789s
user	0m0.257s
sys	0m1.467s
vnd_in_1_28

real	0m1.969s
user	0m0.253s
sys	0m1.325s
vnd_in_1_29

real	0m1.936s
user	0m0.290s
sys	0m1.291s
vnd_in_1_30

real	0m1.843s
user	0m0.243s
sys	0m1.381s
vnd_in_1_31

real	0m1.771s
user	0m0.251s
sys	0m1.389s
vnd_in_1_32

real	0m1.825s
user	0m0.261s
sys	0m1.396s
vnd_in_1_33

real	0m1.839s
user	0m0.244s
sys	0m1.367s
vnd_in_1_34

real	0m1.869s
user	0m0.234s
sys	0m1.296s
vnd_in_1_35

real	0m1.739s
user	0m0.290s
sys	0m1.427s
vnd_in_1_36

real	0m1.845s
user	0m0.268s
sys	0m1.259s
vnd_in_1_37

real	0m1.856s
user	0m0.323s
sys	0m1.345s
vnd_in_1_38

real	0m1.878s
user	0m0.286s
sys	0m1.261s
vnd_in_1_39

real	0m1.842s
user	0m0.255s
sys	0m1.336s
vnd_in_1_40

real	0m1.997s
user	0m0.278s
sys	0m1.377s
vnd_in_1_41

real	0m1.870s
user	0m0.211s
sys	0m1.386s
vnd_in_1_42

real	0m1.783s
user	0m0.288s
sys	0m1.473s
vnd_in_1_43

real	0m1.927s
user	0m0.260s
sys	0m1.353s
vnd_in_1_44

real	0m1.941s
user	0m0.292s
sys	0m1.384s
vnd_in_1_45

real	0m1.883s
user	0m0.218s
sys	0m1.307s
vnd_in_1_46

real	0m1.874s
user	0m0.190s
sys	0m1.306s
vnd_in_1_47

real	0m1.891s
user	0m0.254s
sys	0m1.371s
vnd_in_1_48

real	0m1.884s
user	0m0.276s
sys	0m1.353s
vnd_in_1_49

real	0m1.918s
user	0m0.244s
sys	0m1.397s
vnd_in_1_50

real	0m1.854s
user	0m0.209s
sys	0m1.228s
vnd_in_1_51

real	0m1.866s
user	0m0.216s
sys	0m1.262s
vnd_in_1_52

real	0m2.002s
user	0m0.336s
sys	0m1.246s
vnd_in_1_53

real	0m1.891s
user	0m0.251s
sys	0m1.312s
vnd_in_1_54

real	0m1.832s
user	0m0.242s
sys	0m1.272s
vnd_in_1_55

real	0m1.864s
user	0m0.226s
sys	0m1.319s
vnd_in_1_56

real	0m1.856s
user	0m0.260s
sys	0m1.268s
vnd_in_1_57

real	0m1.683s
user	0m0.163s
sys	0m1.380s
vnd_in_1_58

real	0m1.856s
user	0m0.217s
sys	0m1.284s
vnd_in_1_59

real	0m1.855s
user	0m0.301s
sys	0m1.381s
vnd_in_1_60

real	0m1.798s
user	0m0.215s
sys	0m1.294s
vnd_in_1_61

real	0m1.855s
user	0m0.251s
sys	0m1.402s
vnd_in_1_62

real	0m1.882s
user	0m0.248s
sys	0m1.410s
vnd_in_1_63

real	0m1.813s
user	0m0.221s
sys	0m1.272s
vnd_in_1_64

real	0m1.741s
user	0m0.179s
sys	0m1.288s
vnd_in_1_65

real	0m1.711s
user	0m0.203s
sys	0m1.293s
vnd_in_1_66

real	0m1.716s
user	0m0.195s
sys	0m1.240s
vnd_in_1_67

real	0m1.894s
user	0m0.243s
sys	0m1.106s
vnd_in_1_68

real	0m1.814s
user	0m0.224s
sys	0m1.203s
vnd_in_1_69

real	0m1.815s
user	0m0.261s
sys	0m1.387s
vnd_in_1_70

real	0m1.907s
user	0m0.234s
sys	0m1.335s
vnd_in_1_71

real	0m1.803s
user	0m0.238s
sys	0m1.304s
vnd_in_1_72

real	0m1.864s
user	0m0.245s
sys	0m1.433s
vnd_in_1_73

real	0m1.965s
user	0m0.289s
sys	0m1.447s
vnd_in_1_74

real	0m1.866s
user	0m0.225s
sys	0m1.396s
vnd_in_1_75

real	0m1.948s
user	0m0.271s
sys	0m1.335s
vnd_in_1_76

real	0m1.855s
user	0m0.222s
sys	0m1.437s
vnd_in_1_77

real	0m1.798s
user	0m0.217s
sys	0m1.242s
vnd_in_1_78

real	0m1.702s
user	0m0.177s
sys	0m1.307s
vnd_in_1_79

real	0m1.722s
user	0m0.202s
sys	0m1.243s
vnd_in_1_80

real	0m1.846s
user	0m0.203s
sys	0m1.311s
vnd_in_1_81

real	0m1.837s
user	0m0.273s
sys	0m1.442s
vnd_in_1_82

real	0m1.871s
user	0m0.307s
sys	0m1.419s
vnd_in_1_83

real	0m1.939s
user	0m0.243s
sys	0m1.320s
vnd_in_1_84

real	0m1.873s
user	0m0.227s
sys	0m1.311s
vnd_in_1_85

real	0m1.923s
user	0m0.283s
sys	0m1.338s
vnd_in_1_86

real	0m1.871s
user	0m0.267s
sys	0m1.423s
vnd_in_1_87

real	0m1.867s
user	0m0.309s
sys	0m1.512s
vnd_in_1_88

real	0m1.829s
user	0m0.265s
sys	0m1.299s
vnd_in_1_89

real	0m1.866s
user	0m0.275s
sys	0m1.243s
vnd_in_1_90

real	0m1.914s
user	0m0.252s
sys	0m1.430s
vnd_in_1_91

real	0m1.699s
user	0m0.166s
sys	0m1.180s
vnd_in_1_92

real	0m1.870s
user	0m0.261s
sys	0m1.430s
vnd_in_1_93

real	0m1.764s
user	0m0.233s
sys	0m1.369s
vnd_in_1_94

real	0m1.889s
user	0m0.249s
sys	0m1.396s
vnd_in_1_95

real	0m2.167s
user	0m0.228s
sys	0m1.336s
vnd_in_1_96

real	0m1.851s
user	0m0.245s
sys	0m1.316s
vnd_in_1_97

real	0m1.844s
user	0m0.183s
sys	0m1.185s
vnd_in_1_98

real	0m1.866s
user	0m0.230s
sys	0m1.289s
vnd_in_1_99

real	0m1.860s
user	0m0.241s
sys	0m1.370s
