nohup: ignoring input
vnd_in_2_0

real	0m2.300s
user	0m0.313s
sys	0m0.912s
vnd_in_2_1

real	0m1.969s
user	0m0.277s
sys	0m0.831s
vnd_in_2_2

real	0m1.962s
user	0m0.284s
sys	0m0.853s
vnd_in_2_3

real	0m2.037s
user	0m0.271s
sys	0m0.852s
vnd_in_2_4

real	0m2.057s
user	0m0.272s
sys	0m0.862s
vnd_in_2_5

real	0m2.010s
user	0m0.293s
sys	0m0.862s
vnd_in_2_6

real	0m2.008s
user	0m0.279s
sys	0m0.849s
vnd_in_2_7

real	0m2.001s
user	0m0.278s
sys	0m0.844s
vnd_in_2_8

real	0m1.985s
user	0m0.304s
sys	0m0.867s
vnd_in_2_9

real	0m1.987s
user	0m0.285s
sys	0m0.860s
vnd_in_2_10

real	0m1.950s
user	0m0.280s
sys	0m0.842s
vnd_in_2_11

real	0m2.019s
user	0m0.270s
sys	0m0.848s
vnd_in_2_12

real	0m2.094s
user	0m0.259s
sys	0m0.841s
vnd_in_2_13

real	0m2.061s
user	0m0.280s
sys	0m0.881s
vnd_in_2_14

real	0m1.963s
user	0m0.281s
sys	0m0.832s
vnd_in_2_15

real	0m1.948s
user	0m0.291s
sys	0m0.856s
vnd_in_2_16

real	0m2.088s
user	0m0.304s
sys	0m0.872s
vnd_in_2_17

real	0m1.987s
user	0m0.298s
sys	0m0.886s
vnd_in_2_18

real	0m1.967s
user	0m0.277s
sys	0m0.835s
vnd_in_2_19

real	0m1.931s
user	0m0.298s
sys	0m0.856s
vnd_in_2_20

real	0m2.060s
user	0m0.265s
sys	0m0.864s
vnd_in_2_21

real	0m2.043s
user	0m0.308s
sys	0m0.900s
vnd_in_2_22

real	0m2.002s
user	0m0.287s
sys	0m0.874s
vnd_in_2_23

real	0m1.945s
user	0m0.292s
sys	0m0.851s
vnd_in_2_24

real	0m2.098s
user	0m0.260s
sys	0m0.838s
vnd_in_2_25

real	0m2.069s
user	0m0.274s
sys	0m0.863s
vnd_in_2_26

real	0m1.969s
user	0m0.290s
sys	0m0.864s
vnd_in_2_27

real	0m1.910s
user	0m0.294s
sys	0m0.848s
vnd_in_2_28

real	0m2.018s
user	0m0.265s
sys	0m0.824s
vnd_in_2_29

real	0m1.992s
user	0m0.281s
sys	0m0.845s
vnd_in_2_30

real	0m2.086s
user	0m0.302s
sys	0m0.871s
vnd_in_2_31

real	0m1.970s
user	0m0.287s
sys	0m0.853s
vnd_in_2_32

real	0m2.049s
user	0m0.270s
sys	0m0.862s
vnd_in_2_33

real	0m2.102s
user	0m0.294s
sys	0m0.887s
vnd_in_2_34

real	0m1.995s
user	0m0.283s
sys	0m0.846s
vnd_in_2_35

real	0m1.957s
user	0m0.289s
sys	0m0.847s
vnd_in_2_36

real	0m2.055s
user	0m0.273s
sys	0m0.867s
vnd_in_2_37

real	0m1.948s
user	0m0.293s
sys	0m0.870s
vnd_in_2_38

real	0m2.053s
user	0m0.283s
sys	0m0.855s
vnd_in_2_39

real	0m2.084s
user	0m0.268s
sys	0m0.859s
vnd_in_2_40

real	0m2.038s
user	0m0.270s
sys	0m0.849s
vnd_in_2_41

real	0m1.984s
user	0m0.272s
sys	0m0.834s
vnd_in_2_42

real	0m1.962s
user	0m0.269s
sys	0m0.833s
vnd_in_2_43

real	0m2.082s
user	0m0.280s
sys	0m0.891s
vnd_in_2_44

real	0m2.051s
user	0m0.285s
sys	0m0.861s
vnd_in_2_45

real	0m2.009s
user	0m0.266s
sys	0m0.836s
vnd_in_2_46

real	0m1.984s
user	0m0.284s
sys	0m0.867s
vnd_in_2_47

real	0m2.079s
user	0m0.264s
sys	0m0.856s
vnd_in_2_48

real	0m1.978s
user	0m0.293s
sys	0m0.859s
vnd_in_2_49

real	0m2.059s
user	0m0.267s
sys	0m0.852s
vnd_in_2_50

real	0m1.967s
user	0m0.288s
sys	0m0.857s
vnd_in_2_51

real	0m2.045s
user	0m0.283s
sys	0m0.889s
vnd_in_2_52

real	0m2.045s
user	0m0.252s
sys	0m0.830s
vnd_in_2_53

real	0m1.994s
user	0m0.285s
sys	0m0.851s
vnd_in_2_54

real	0m1.995s
user	0m0.283s
sys	0m0.869s
vnd_in_2_55

real	0m2.088s
user	0m0.266s
sys	0m0.851s
vnd_in_2_56

real	0m2.002s
user	0m0.288s
sys	0m0.859s
vnd_in_2_57

real	0m2.069s
user	0m0.261s
sys	0m0.842s
vnd_in_2_58

real	0m1.993s
user	0m0.289s
sys	0m0.872s
vnd_in_2_59

real	0m1.917s
user	0m0.291s
sys	0m0.839s
vnd_in_2_60

real	0m2.059s
user	0m0.296s
sys	0m0.860s
vnd_in_2_61

real	0m2.000s
user	0m0.268s
sys	0m0.845s
vnd_in_2_62

real	0m2.080s
user	0m0.286s
sys	0m0.893s
vnd_in_2_63

real	0m1.918s
user	0m0.298s
sys	0m0.847s
vnd_in_2_64

real	0m1.990s
user	0m0.321s
sys	0m0.879s
vnd_in_2_65

real	0m1.990s
user	0m0.289s
sys	0m0.884s
vnd_in_2_66

real	0m1.931s
user	0m0.300s
sys	0m0.864s
vnd_in_2_67

real	0m2.001s
user	0m0.290s
sys	0m0.868s
vnd_in_2_68

real	0m1.987s
user	0m0.286s
sys	0m0.862s
vnd_in_2_69

real	0m2.003s
user	0m0.277s
sys	0m0.837s
vnd_in_2_70

real	0m2.046s
user	0m0.280s
sys	0m0.879s
vnd_in_2_71

real	0m1.975s
user	0m0.276s
sys	0m0.833s
vnd_in_2_72

real	0m2.030s
user	0m0.287s
sys	0m0.869s
vnd_in_2_73

real	0m2.016s
user	0m0.266s
sys	0m0.819s
vnd_in_2_74

real	0m1.951s
user	0m0.285s
sys	0m0.855s
vnd_in_2_75

real	0m1.972s
user	0m0.294s
sys	0m0.880s
vnd_in_2_76

real	0m2.072s
user	0m0.293s
sys	0m0.902s
vnd_in_2_77

real	0m1.983s
user	0m0.283s
sys	0m0.853s
vnd_in_2_78

real	0m1.985s
user	0m0.280s
sys	0m0.843s
vnd_in_2_79

real	0m2.084s
user	0m0.265s
sys	0m0.834s
vnd_in_2_80

real	0m2.028s
user	0m0.286s
sys	0m0.874s
vnd_in_2_81

real	0m2.013s
user	0m0.264s
sys	0m0.809s
vnd_in_2_82

real	0m1.981s
user	0m0.293s
sys	0m0.869s
vnd_in_2_83

real	0m1.979s
user	0m0.285s
sys	0m0.852s
vnd_in_2_84

real	0m2.008s
user	0m0.286s
sys	0m0.866s
vnd_in_2_85

real	0m2.011s
user	0m0.273s
sys	0m0.839s
vnd_in_2_86

real	0m2.056s
user	0m0.277s
sys	0m0.855s
vnd_in_2_87

real	0m2.003s
user	0m0.286s
sys	0m0.871s
vnd_in_2_88

real	0m1.979s
user	0m0.270s
sys	0m0.834s
vnd_in_2_89

real	0m2.007s
user	0m0.285s
sys	0m0.856s
vnd_in_2_90

real	0m2.187s
user	0m0.282s
sys	0m0.873s
vnd_in_2_91

real	0m1.966s
user	0m0.282s
sys	0m0.845s
vnd_in_2_92

real	0m1.930s
user	0m0.289s
sys	0m0.838s
vnd_in_2_93

real	0m2.090s
user	0m0.273s
sys	0m0.874s
vnd_in_2_94

real	0m1.952s
user	0m0.292s
sys	0m0.856s
vnd_in_2_95

real	0m2.003s
user	0m0.303s
sys	0m0.887s
vnd_in_2_96

real	0m1.971s
user	0m0.280s
sys	0m0.837s
vnd_in_2_97

real	0m1.948s
user	0m0.290s
sys	0m0.839s
vnd_in_2_98

real	0m1.928s
user	0m0.290s
sys	0m0.841s
vnd_in_2_99

real	0m2.009s
user	0m0.271s
sys	0m0.831s
vnd_in_3_0

real	0m3.119s
user	0m1.002s
sys	0m1.175s
vnd_in_3_1

real	0m3.203s
user	0m1.007s
sys	0m1.210s
vnd_in_3_2

real	0m3.130s
user	0m1.028s
sys	0m1.212s
vnd_in_3_3

real	0m3.108s
user	0m1.013s
sys	0m1.182s
vnd_in_3_4

real	0m3.131s
user	0m1.000s
sys	0m1.195s
vnd_in_3_5

real	0m3.158s
user	0m0.992s
sys	0m1.206s
vnd_in_3_6

real	0m3.033s
user	0m1.059s
sys	0m1.182s
vnd_in_3_7

real	0m3.231s
user	0m0.978s
sys	0m1.221s
vnd_in_3_8

real	0m3.125s
user	0m1.014s
sys	0m1.184s
vnd_in_3_9

real	0m3.119s
user	0m1.027s
sys	0m1.209s
vnd_in_3_10

real	0m3.135s
user	0m1.035s
sys	0m1.195s
vnd_in_3_11

real	0m3.237s
user	0m0.998s
sys	0m1.232s
vnd_in_3_12

real	0m3.137s
user	0m1.007s
sys	0m1.198s
vnd_in_3_13

real	0m3.162s
user	0m1.073s
sys	0m1.202s
vnd_in_3_14

real	0m3.107s
user	0m1.025s
sys	0m1.192s
vnd_in_3_15

real	0m3.170s
user	0m0.993s
sys	0m1.211s
vnd_in_3_16

real	0m3.168s
user	0m0.995s
sys	0m1.214s
vnd_in_3_17

real	0m3.101s
user	0m1.041s
sys	0m1.182s
vnd_in_3_18

real	0m3.053s
user	0m1.033s
sys	0m1.179s
vnd_in_3_19

real	0m3.086s
user	0m1.027s
sys	0m1.190s
vnd_in_3_20

real	0m3.118s
user	0m1.082s
sys	0m1.179s
vnd_in_3_21

real	0m3.171s
user	0m0.978s
sys	0m1.195s
vnd_in_3_22

real	0m3.146s
user	0m1.019s
sys	0m1.209s
vnd_in_3_23

real	0m3.260s
user	0m1.016s
sys	0m1.256s
vnd_in_3_24

real	0m3.096s
user	0m0.992s
sys	0m1.162s
vnd_in_3_25

real	0m3.110s
user	0m1.026s
sys	0m1.192s
vnd_in_3_26

real	0m3.042s
user	0m1.054s
sys	0m1.188s
vnd_in_3_27

real	0m3.194s
user	0m0.954s
sys	0m1.173s
vnd_in_3_28

real	0m3.035s
user	0m1.005s
sys	0m1.135s
vnd_in_3_29

real	0m3.201s
user	0m0.995s
sys	0m1.223s
vnd_in_3_30

real	0m3.188s
user	0m1.019s
sys	0m1.205s
vnd_in_3_31

real	0m3.170s
user	0m1.017s
sys	0m1.216s
vnd_in_3_32

real	0m3.082s
user	0m1.037s
sys	0m1.181s
vnd_in_3_33

real	0m3.215s
user	0m1.057s
sys	0m1.210s
vnd_in_3_34

real	0m3.168s
user	0m0.992s
sys	0m1.171s
vnd_in_3_35

real	0m3.227s
user	0m1.027s
sys	0m1.231s
vnd_in_3_36

real	0m3.134s
user	0m1.002s
sys	0m1.186s
vnd_in_3_37

real	0m3.097s
user	0m1.007s
sys	0m1.179s
vnd_in_3_38

real	0m3.094s
user	0m1.028s
sys	0m1.180s
vnd_in_3_39

real	0m3.119s
user	0m1.039s
sys	0m1.215s
vnd_in_3_40

real	0m3.095s
user	0m1.079s
sys	0m1.210s
vnd_in_3_41

real	0m3.075s
user	0m1.033s
sys	0m1.195s
vnd_in_3_42

real	0m3.114s
user	0m0.992s
sys	0m1.180s
vnd_in_3_43

real	0m3.173s
user	0m1.000s
sys	0m1.205s
vnd_in_3_44

real	0m3.112s
user	0m1.003s
sys	0m1.167s
vnd_in_3_45

real	0m3.142s
user	0m0.995s
sys	0m1.194s
vnd_in_3_46

real	0m3.214s
user	0m1.073s
sys	0m1.231s
vnd_in_3_47

real	0m3.126s
user	0m1.073s
sys	0m1.214s
vnd_in_3_48

real	0m3.084s
user	0m1.037s
sys	0m1.189s
vnd_in_3_49

real	0m3.096s
user	0m1.066s
sys	0m1.180s
vnd_in_3_50

real	0m3.043s
user	0m1.039s
sys	0m1.172s
vnd_in_3_51

real	0m3.088s
user	0m1.029s
sys	0m1.205s
vnd_in_3_52

real	0m3.151s
user	0m1.026s
sys	0m1.215s
vnd_in_3_53

real	0m3.234s
user	0m1.062s
sys	0m1.217s
vnd_in_3_54

real	0m3.205s
user	0m0.996s
sys	0m1.209s
vnd_in_3_55

real	0m3.186s
user	0m0.996s
sys	0m1.220s
vnd_in_3_56

real	0m3.153s
user	0m1.001s
sys	0m1.203s
vnd_in_3_57

real	0m3.085s
user	0m1.042s
sys	0m1.181s
vnd_in_3_58

real	0m3.044s
user	0m1.028s
sys	0m1.163s
vnd_in_3_59

real	0m3.093s
user	0m1.047s
sys	0m1.174s
vnd_in_3_60

real	0m3.071s
user	0m0.999s
sys	0m1.156s
vnd_in_3_61

real	0m3.114s
user	0m1.023s
sys	0m1.200s
vnd_in_3_62

real	0m3.107s
user	0m1.032s
sys	0m1.198s
vnd_in_3_63

real	0m3.095s
user	0m1.016s
sys	0m1.176s
vnd_in_3_64

real	0m3.193s
user	0m0.997s
sys	0m1.221s
vnd_in_3_65

real	0m3.028s
user	0m1.038s
sys	0m1.144s
vnd_in_3_66

real	0m3.156s
user	0m1.008s
sys	0m1.218s
vnd_in_3_67

real	0m3.071s
user	0m1.039s
sys	0m1.188s
vnd_in_3_68

real	0m3.069s
user	0m1.044s
sys	0m1.168s
vnd_in_3_69

real	0m3.173s
user	0m1.004s
sys	0m1.224s
vnd_in_3_70

real	0m3.093s
user	0m1.030s
sys	0m1.184s
vnd_in_3_71

real	0m3.110s
user	0m1.036s
sys	0m1.205s
vnd_in_3_72

real	0m3.271s
user	0m0.982s
sys	0m1.245s
vnd_in_3_73

real	0m3.279s
user	0m1.011s
sys	0m1.224s
vnd_in_3_74

real	0m3.084s
user	0m1.013s
sys	0m1.172s
vnd_in_3_75

real	0m3.107s
user	0m1.037s
sys	0m1.206s
vnd_in_3_76

real	0m3.103s
user	0m1.022s
sys	0m1.186s
vnd_in_3_77

real	0m3.100s
user	0m1.005s
sys	0m1.170s
vnd_in_3_78

real	0m3.139s
user	0m1.013s
sys	0m1.198s
vnd_in_3_79

real	0m3.051s
user	0m1.033s
sys	0m1.164s
vnd_in_3_80

real	0m3.035s
user	0m1.029s
sys	0m1.168s
vnd_in_3_81

real	0m3.230s
user	0m1.002s
sys	0m1.211s
vnd_in_3_82

real	0m3.111s
user	0m1.027s
sys	0m1.185s
vnd_in_3_83

real	0m3.119s
user	0m0.998s
sys	0m1.180s
vnd_in_3_84

real	0m3.072s
user	0m1.029s
sys	0m1.172s
vnd_in_3_85

real	0m3.098s
user	0m1.038s
sys	0m1.207s
vnd_in_3_86

real	0m3.119s
user	0m1.036s
sys	0m1.202s
vnd_in_3_87

real	0m3.129s
user	0m1.055s
sys	0m1.206s
vnd_in_3_88

real	0m3.076s
user	0m0.998s
sys	0m1.169s
vnd_in_3_89

real	0m3.071s
user	0m1.012s
sys	0m1.172s
vnd_in_3_90

real	0m3.082s
user	0m1.011s
sys	0m1.165s
vnd_in_3_91

real	0m3.053s
user	0m1.059s
sys	0m1.190s
vnd_in_3_92

real	0m3.082s
user	0m1.021s
sys	0m1.182s
vnd_in_3_93

real	0m3.275s
user	0m1.003s
sys	0m1.202s
vnd_in_3_94

real	0m3.064s
user	0m1.016s
sys	0m1.167s
vnd_in_3_95

real	0m3.110s
user	0m1.064s
sys	0m1.199s
vnd_in_3_96

real	0m3.042s
user	0m1.044s
sys	0m1.168s
vnd_in_3_97

real	0m3.142s
user	0m1.006s
sys	0m1.197s
vnd_in_3_98

real	0m3.219s
user	0m0.992s
sys	0m1.226s
vnd_in_3_99

real	0m3.055s
user	0m1.044s
sys	0m1.179s
