in_2_0

real	0m6.097s
user	0m5.555s
sys	0m2.938s
in_2_1

real	0m5.710s
user	0m5.184s
sys	0m2.753s
in_2_2

real	0m9.188s
user	0m9.878s
sys	0m2.998s
in_2_3

real	0m6.858s
user	0m6.756s
sys	0m2.878s
in_2_4

real	0m6.327s
user	0m6.106s
sys	0m2.686s
in_2_5

real	0m8.887s
user	0m9.522s
sys	0m2.888s
in_2_6

real	0m6.152s
user	0m5.799s
sys	0m2.761s
in_2_7

real	0m7.013s
user	0m7.251s
sys	0m2.511s
in_2_8

real	0m8.044s
user	0m8.414s
sys	0m2.890s
in_2_9

real	0m7.755s
user	0m8.215s
sys	0m2.693s
in_2_10

real	0m5.207s
user	0m4.914s
sys	0m2.407s
in_2_11

real	0m6.472s
user	0m6.028s
sys	0m2.914s
in_2_12

real	0m6.510s
user	0m6.877s
sys	0m2.430s
in_2_13

real	0m6.554s
user	0m6.877s
sys	0m2.522s
in_2_14

real	0m6.689s
user	0m7.075s
sys	0m2.651s
in_2_15

real	0m6.573s
user	0m6.468s
sys	0m2.660s
in_2_16

real	0m7.617s
user	0m7.993s
sys	0m2.706s
in_2_17

real	0m9.022s
user	0m9.874s
sys	0m3.021s
in_2_18

real	0m6.791s
user	0m6.765s
sys	0m2.861s
in_2_19

real	0m5.047s
user	0m4.342s
sys	0m2.637s
in_2_20

real	0m8.212s
user	0m8.699s
sys	0m2.861s
in_2_21

real	0m6.101s
user	0m5.583s
sys	0m2.905s
in_2_22

real	0m8.215s
user	0m8.270s
sys	0m3.083s
in_2_23

real	0m5.806s
user	0m5.342s
sys	0m2.483s
in_2_24

real	0m6.133s
user	0m5.892s
sys	0m2.459s
in_2_25

real	0m7.389s
user	0m7.607s
sys	0m2.810s
in_2_26

real	0m6.723s
user	0m6.785s
sys	0m2.609s
in_2_27

real	0m7.720s
user	0m8.379s
sys	0m2.817s
in_2_28

real	0m7.888s
user	0m8.361s
sys	0m3.085s
in_2_29

real	0m6.145s
user	0m5.851s
sys	0m2.804s
in_2_30

real	0m6.404s
user	0m5.890s
sys	0m2.913s
in_2_31

real	0m8.272s
user	0m8.637s
sys	0m2.849s
in_2_32

real	0m8.734s
user	0m9.583s
sys	0m3.051s
in_2_33

real	0m8.605s
user	0m9.282s
sys	0m3.097s
in_2_34

real	0m6.137s
user	0m5.805s
sys	0m2.475s
in_2_35

real	0m6.446s
user	0m6.307s
sys	0m2.525s
in_2_36

real	0m6.523s
user	0m6.103s
sys	0m2.768s
in_2_37

real	0m7.513s
user	0m7.739s
sys	0m2.895s
in_2_38

real	0m5.879s
user	0m5.881s
sys	0m2.343s
in_2_39

real	0m8.121s
user	0m8.442s
sys	0m2.912s
in_2_40

real	0m6.107s
user	0m5.702s
sys	0m2.786s
in_2_41

real	0m6.837s
user	0m7.023s
sys	0m2.688s
in_2_42

real	0m5.716s
user	0m5.420s
sys	0m2.694s
in_2_43

real	0m8.615s
user	0m9.270s
sys	0m3.031s
in_2_44

real	0m6.891s
user	0m6.651s
sys	0m2.899s
in_2_45

real	0m7.395s
user	0m7.574s
sys	0m2.884s
in_2_46

real	0m7.557s
user	0m8.115s
sys	0m2.853s
in_2_47

real	0m5.359s
user	0m5.253s
sys	0m2.316s
in_2_48

real	0m6.422s
user	0m6.126s
sys	0m2.817s
in_2_49

real	0m6.045s
user	0m5.603s
sys	0m2.649s
in_2_50

real	0m6.424s
user	0m6.140s
sys	0m2.931s
in_2_51

real	0m6.428s
user	0m6.090s
sys	0m2.654s
in_2_52

real	0m6.191s
user	0m5.792s
sys	0m2.910s
in_2_53

real	0m5.687s
user	0m5.469s
sys	0m2.378s
in_2_54

real	0m6.677s
user	0m6.193s
sys	0m2.818s
in_2_55

real	0m8.780s
user	0m9.264s
sys	0m3.052s
in_2_56

real	0m6.251s
user	0m5.786s
sys	0m2.638s
in_2_57

real	0m6.466s
user	0m6.119s
sys	0m2.784s
in_2_58

real	0m6.756s
user	0m6.459s
sys	0m2.723s
in_2_59

real	0m5.871s
user	0m5.683s
sys	0m2.572s
in_2_60

real	0m6.145s
user	0m5.782s
sys	0m2.806s
in_2_61

real	0m6.753s
user	0m6.504s
sys	0m2.591s
in_2_62

real	0m6.879s
user	0m6.864s
sys	0m2.701s
in_2_63

real	0m7.025s
user	0m6.782s
sys	0m2.708s
in_2_64

real	0m6.238s
user	0m5.641s
sys	0m2.935s
in_2_65

real	0m5.316s
user	0m5.181s
sys	0m2.051s
in_2_66

real	0m7.542s
user	0m8.225s
sys	0m2.808s
in_2_67

real	0m7.160s
user	0m7.200s
sys	0m2.649s
in_2_68

real	0m6.336s
user	0m5.794s
sys	0m2.778s
in_2_69

real	0m6.497s
user	0m6.820s
sys	0m2.612s
in_2_70

real	0m6.582s
user	0m6.478s
sys	0m2.808s
in_2_71

real	0m5.976s
user	0m6.167s
sys	0m2.822s
in_2_72

real	0m6.524s
user	0m6.054s
sys	0m2.690s
in_2_73

real	0m6.176s
user	0m5.825s
sys	0m2.577s
in_2_74

real	0m6.534s
user	0m6.383s
sys	0m2.610s
in_2_75

real	0m5.976s
user	0m5.571s
sys	0m2.700s
in_2_76

real	0m6.396s
user	0m5.864s
sys	0m2.600s
in_2_77

real	0m5.256s
user	0m4.996s
sys	0m2.530s
in_2_78

real	0m6.338s
user	0m6.475s
sys	0m2.835s
in_2_79

real	0m6.221s
user	0m5.856s
sys	0m2.593s
in_2_80

real	0m6.819s
user	0m7.178s
sys	0m2.865s
in_2_81

real	0m6.221s
user	0m6.534s
sys	0m2.657s
in_2_82

real	0m5.827s
user	0m5.865s
sys	0m2.606s
in_2_83

real	0m7.331s
user	0m7.250s
sys	0m2.909s
in_2_84

real	0m7.367s
user	0m7.664s
sys	0m2.703s
in_2_85

real	0m7.468s
user	0m7.388s
sys	0m2.954s
in_2_86

real	0m7.170s
user	0m7.516s
sys	0m2.779s
in_2_87

real	0m5.918s
user	0m5.731s
sys	0m2.711s
in_2_88

real	0m6.681s
user	0m6.811s
sys	0m2.861s
in_2_89

real	0m5.720s
user	0m5.158s
sys	0m2.681s
in_2_90

real	0m5.537s
user	0m4.979s
sys	0m2.607s
in_2_91

real	0m6.283s
user	0m5.792s
sys	0m2.491s
in_2_92

real	0m7.588s
user	0m7.869s
sys	0m2.948s
in_2_93

real	0m7.574s
user	0m7.994s
sys	0m2.772s
in_2_94

real	0m7.328s
user	0m7.291s
sys	0m2.859s
in_2_95

real	0m6.324s
user	0m6.021s
sys	0m2.855s
in_2_96

real	0m5.866s
user	0m5.342s
sys	0m2.699s
in_2_97

real	0m6.630s
user	0m6.386s
sys	0m2.775s
in_2_98

real	0m5.808s
user	0m5.512s
sys	0m2.825s
in_2_99

real	0m6.878s
user	0m6.883s
sys	0m2.591s
in_3_0

real	0m17.490s
user	0m20.919s
sys	0m3.711s
in_3_1

real	0m21.036s
user	0m24.948s
sys	0m4.301s
in_3_2

real	0m20.052s
user	0m24.192s
sys	0m4.429s
in_3_3

real	0m19.776s
user	0m23.263s
sys	0m4.285s
in_3_4

real	0m20.025s
user	0m24.478s
sys	0m4.268s
in_3_5

real	0m18.965s
user	0m22.576s
sys	0m4.476s
in_3_6

real	0m17.405s
user	0m20.584s
sys	0m3.965s
in_3_7

real	0m21.067s
user	0m25.150s
sys	0m4.550s
in_3_8

real	0m19.698s
user	0m23.097s
sys	0m4.289s
in_3_9

real	0m18.190s
user	0m21.832s
sys	0m4.191s
in_3_10

real	0m20.703s
user	0m24.496s
sys	0m4.265s
in_3_11

real	0m20.028s
user	0m24.486s
sys	0m4.503s
in_3_12

real	0m20.761s
user	0m24.829s
sys	0m4.534s
in_3_13

real	0m19.257s
user	0m23.244s
sys	0m4.089s
in_3_14

real	0m20.496s
user	0m24.580s
sys	0m4.426s
in_3_15

real	0m21.024s
user	0m25.199s
sys	0m4.602s
in_3_16

real	0m19.751s
user	0m23.508s
sys	0m4.695s
in_3_17

real	0m19.476s
user	0m23.102s
sys	0m4.497s
in_3_18

real	0m15.623s
user	0m18.839s
sys	0m4.064s
in_3_19

real	0m20.939s
user	0m24.684s
sys	0m4.405s
in_3_20

real	0m15.710s
user	0m18.454s
sys	0m3.871s
in_3_21

real	0m20.745s
user	0m25.149s
sys	0m4.475s
in_3_22

real	0m22.393s
user	0m27.022s
sys	0m4.550s
in_3_23

real	0m20.428s
user	0m24.618s
sys	0m4.738s
in_3_24

real	0m18.283s
user	0m22.103s
sys	0m4.090s
in_3_25

real	0m19.581s
user	0m23.757s
sys	0m4.489s
in_3_26

real	0m20.041s
user	0m24.004s
sys	0m4.271s
in_3_27

real	0m15.542s
user	0m18.635s
sys	0m4.007s
in_3_28

real	0m20.767s
user	0m25.036s
sys	0m4.469s
in_3_29

real	0m18.537s
user	0m21.656s
sys	0m4.411s
in_3_30

real	0m22.239s
user	0m26.931s
sys	0m4.848s
in_3_31

real	0m22.830s
user	0m27.091s
sys	0m4.889s
in_3_32

real	0m21.127s
user	0m24.971s
sys	0m4.547s
in_3_33

real	0m18.400s
user	0m21.447s
sys	0m4.304s
in_3_34

real	0m20.024s
user	0m23.912s
sys	0m4.127s
in_3_35

real	0m19.511s
user	0m23.421s
sys	0m4.735s
in_3_36

real	0m19.782s
user	0m23.582s
sys	0m4.380s
in_3_37

real	0m21.854s
user	0m25.875s
sys	0m4.347s
in_3_38

real	0m20.402s
user	0m24.199s
sys	0m4.532s
in_3_39

real	0m22.776s
user	0m27.146s
sys	0m4.839s
in_3_40

real	0m23.387s
user	0m28.036s
sys	0m4.963s
in_3_41

real	0m18.720s
user	0m22.599s
sys	0m4.123s
in_3_42

real	0m19.353s
user	0m23.430s
sys	0m4.063s
in_3_43

real	0m21.998s
user	0m26.535s
sys	0m4.599s
in_3_44

real	0m18.968s
user	0m22.449s
sys	0m4.270s
in_3_45

real	0m19.876s
user	0m23.838s
sys	0m4.474s
in_3_46

real	0m22.093s
user	0m26.361s
sys	0m4.574s
in_3_47

real	0m21.693s
user	0m25.548s
sys	0m4.560s
in_3_48

real	0m16.623s
user	0m19.868s
sys	0m3.896s
in_3_49

real	0m19.836s
user	0m23.046s
sys	0m4.251s
in_3_50

real	0m20.819s
user	0m25.007s
sys	0m4.614s
in_3_51

real	0m20.511s
user	0m24.404s
sys	0m4.442s
in_3_52

real	0m20.888s
user	0m25.037s
sys	0m4.420s
in_3_53

real	0m19.439s
user	0m23.635s
sys	0m4.034s
in_3_54

real	0m19.790s
user	0m23.506s
sys	0m4.280s
in_3_55

real	0m23.993s
user	0m29.145s
sys	0m4.758s
in_3_56

real	0m18.725s
user	0m22.469s
sys	0m4.143s
in_3_57

real	0m15.325s
user	0m17.957s
sys	0m3.920s
in_3_58

real	0m20.825s
user	0m25.501s
sys	0m4.425s
in_3_59

real	0m16.109s
user	0m19.026s
sys	0m3.897s
in_3_60

real	0m20.805s
user	0m24.905s
sys	0m4.495s
in_3_61

real	0m16.085s
user	0m18.962s
sys	0m3.760s
in_3_62

real	0m20.844s
user	0m24.828s
sys	0m4.719s
in_3_63

real	0m20.513s
user	0m24.662s
sys	0m4.236s
in_3_64

real	0m18.710s
user	0m22.249s
sys	0m4.003s
in_3_65

real	0m23.419s
user	0m27.210s
sys	0m4.442s
in_3_66

real	0m18.663s
user	0m21.844s
sys	0m4.339s
in_3_67

real	0m22.309s
user	0m26.334s
sys	0m4.666s
in_3_68

real	0m18.322s
user	0m22.010s
sys	0m4.042s
in_3_69

real	0m21.771s
user	0m26.106s
sys	0m4.755s
in_3_70

real	0m17.612s
user	0m21.077s
sys	0m3.991s
in_3_71

real	0m21.912s
user	0m26.021s
sys	0m4.593s
in_3_72

real	0m20.820s
user	0m24.724s
sys	0m4.496s
in_3_73

real	0m23.486s
user	0m28.369s
sys	0m5.071s
in_3_74

real	0m18.012s
user	0m21.938s
sys	0m4.158s
in_3_75

real	0m19.523s
user	0m22.981s
sys	0m4.022s
in_3_76

real	0m19.499s
user	0m23.122s
sys	0m4.275s
in_3_77

real	0m18.466s
user	0m22.424s
sys	0m4.049s
in_3_78

real	0m18.458s
user	0m22.541s
sys	0m4.306s
in_3_79

real	0m15.613s
user	0m18.093s
sys	0m4.212s
in_3_80

real	0m21.141s
user	0m24.834s
sys	0m4.628s
in_3_81

real	0m19.124s
user	0m22.570s
sys	0m4.427s
in_3_82

real	0m17.943s
user	0m21.094s
sys	0m4.387s
in_3_83

real	0m18.295s
user	0m21.728s
sys	0m4.083s
in_3_84

real	0m17.306s
user	0m20.029s
sys	0m4.202s
in_3_85

real	0m20.018s
user	0m23.645s
sys	0m4.357s
in_3_86

real	0m21.709s
user	0m26.485s
sys	0m4.688s
in_3_87

real	0m19.443s
user	0m22.843s
sys	0m4.342s
in_3_88

real	0m16.555s
user	0m20.158s
sys	0m3.737s
in_3_89

real	0m19.262s
user	0m22.971s
sys	0m4.543s
in_3_90

real	0m16.889s
user	0m19.992s
sys	0m3.840s
in_3_91

real	0m19.474s
user	0m22.698s
sys	0m4.402s
in_3_92

real	0m22.949s
user	0m27.361s
sys	0m4.780s
in_3_93

real	0m16.561s
user	0m19.377s
sys	0m4.054s
in_3_94

real	0m19.363s
user	0m23.570s
sys	0m4.369s
in_3_95

real	0m19.838s
user	0m23.321s
sys	0m4.536s
in_3_96

real	0m17.460s
user	0m20.988s
sys	0m3.959s
in_3_97

real	0m20.067s
user	0m24.115s
sys	0m4.344s
in_3_98

real	0m18.425s
user	0m22.017s
sys	0m4.417s
in_3_99

real	0m16.459s
user	0m19.557s
sys	0m4.026s
in_4_0

real	1m5.728s
user	1m23.473s
sys	0m9.682s
in_4_1
./runexp.sh: line 4:  9253 Killed                  mpirun -np 4 --hostfile host_gpu python main.py -mpi -n 4 -in $filei > results/"in_"$filei"_"$i.out 2> results/"in_"$filei"_"$i.log

real	19m24.081s
user	0m0.054s
sys	0m0.037s
in_4_2
