pydf_home: /home/rodolfo/git/Sucuri
simple_pycuda_home: /home/rodolfo/git/simple-pycuda
wamca2016path: /home/rodolfo/git/wamca2016/
localpath: /home/rodolfo/git/dvnd-df/code/dvnd-df/src/
WAMCAPATH:/home/rodolfo/git/wamca2016/
Using already created file:  wamca2016lib.so
Size: 318 - file name: 04_lin318.tsp
ns:  [<function <lambda> at 0x7feaa778d0c8>, <function <lambda> at 0x7feaa778d140>, <function <lambda> at 0x7feaa778d1b8>, <function <lambda> at 0x7feaa778d230>, <function <lambda> at 0x7feaa778d2a8>]
ns:  [<function <lambda> at 0x7feaa778d1b8>, <function <lambda> at 0x7feaa778d0c8>, <function <lambda> at 0x7feaa778d2a8>, <function <lambda> at 0x7feaa778d140>, <function <lambda> at 0x7feaa778d230>]
91281001-[257 128 125  22 267 209 194  41 115 280 264 289 187 166 297  53  79  89
 283 160 154 303  21 101 302 206  49  29 175 212  27  71 275 229 235 251
 122 136 186 247 243 204 152 162 215 295 130   6  20 290 144 185 143 262
  19 100  45 163 176 254 132 159  40 296  61 102 314   7  55 202 294   8
 149 134 252 164 231 138 182 172 191 107 258  88  44 199  93 291 269 236
 168  78 241  94 293 312  85 273 308 239  37  76 116 271 173 121 277  96
 211 140 270  17  54   2  30 146 129 286 278 259 207 228 113 205 317 117
 142  38 178 244  90 109  33  70 246 155 192 240 309 315  60 214  50 141
   4 145  39  82 245  64 103  16  98 255 272  18  72  58 201 180 174  34
  25 127 165  11 242 268  69  52 306 184  15 285  87  12 139  46  66 147
   1 193  26 281 200  10  73 276  23 238 217 284 151 304 108  84 137 220
 190 250  68 124  47 230  91 282 198 106 131 104 301 311 171 237 156  95
 253 177 148  35  51 157 298 105 189 188 305 135 310 181  81 221 287  42
  28 123 114 227  92 288  75 307  59 216 256 274 118 233 225 248 313 249
 167  31 213 111  57   9  67 126 203 161 169 232 210 112  62   0  63  86
 279 179 222 120 226  99  13  32 119  77 208  14 218  74 110 196 316 195
 197 299 170 234 150 260 219 292  80  48 223 266   5 300   3  97 153 158
 133  65  36  56 183 224 265  43 263  83  24 261]
GPU0
set random seed!
finished RVND in 2.70127677917s
data-line;initial_solution;91281001;final_solution;6087255;time;2.70127677917;counts;432;fv;[];cv;[255, 117, 55, 3, 2];imp;14.9954291384
