pydf_home: /home/rodolfo/git/Sucuri
simple_pycuda_home: /home/rodolfo/git/simple-pycuda
wamca2016path: /home/rodolfo/git/wamca2016/
localpath: /home/rodolfo/git/dvnd-df/code/dvnd-df/src/
WAMCAPATH:/home/rodolfo/git/wamca2016/
Using already created file:  wamca2016lib.so
Size: 657 - file name: 06_d657.tsp
ns:  [<function <lambda> at 0x7f738325b0c8>, <function <lambda> at 0x7f738325b140>, <function <lambda> at 0x7f738325b1b8>, <function <lambda> at 0x7f738325b230>, <function <lambda> at 0x7f738325b2a8>]
ns:  [<function <lambda> at 0x7f738325b2a8>, <function <lambda> at 0x7f738325b1b8>, <function <lambda> at 0x7f738325b0c8>, <function <lambda> at 0x7f738325b140>, <function <lambda> at 0x7f738325b230>]
280831302-[563  18 279 406 417  45 523  70 273  40 391 253 238 346 466 254 265 188
 510 612 161 111 319 110 418 116 540 480 149  57 515 282 533 167 530 106
 184 566 463 289 424 587 520 422 159 352 296 244  19 119 551 310 411 256
 602 314 152 632 603 101 183 340  80 375 320  58 203 322 432 431 291  82
 325 301 304 354 260 538 525 255 583 271 478 498 200 283 191  48  98 308
 175 626 287  62 558 379 103 479 366 143 535 331 513 607 205  79 491 445
  55 502 240 557  53 136 156 374 206 371 579 606 482 402 397 345 459 409
  35 313 565 231 142 134 519 123 324 212  96 216  39 185 568 619 461 190
 644 125 567 517  13 315 343  61 234 361 454 377 133 390 321  78 344 576
 401 328 293  83 144 127 286 542 624 214  75 298 554  25 590 311 615 316
 584  16 261 527 292 332 477 385  90 154 544 150 642 249  15 224 596 112
  91 107 369 128 243 651 339   2  42 430 277  14 442 307 508 258 484 534
 623 638 347 211 195 613 141 226 168 179 501  69 595 585 592  76 268  52
 408  34 165 625  41 263 487 468 645 262   5 453 160 562  68 338  65 181
 599 194 193 170 569 155 217 294   1 591 236 337 281 223  31 582 336 126
  86  95 381 317 497 295  11 378  92 130 220  12 275 414 616 494 428 335
 334 355 578 172  87  50 507  26  47 380 618 124 434 394 526 516 365 118
 653 104 450 326 247 600 199  30 151 492  97 594 476 218 219 348 405 640
 539 278 187  89 237 549 246 115 465 129 452 460 146 176 521 429 105 470
 448 404 522 648 548 182 536 362 318 400 550 614  28 242 496 158 139 342
 148 572 605  64 272 552 509 169 444 631 493   6 412 290 639 303 425  56
 235 135  46  71 524 100 438 654 393 574 140 372 627 376 117 245 395 611
 122  99  63 285 426 267 462 180 114  24 593 384 656 166 157 353 641  51
 383 209 571 630  72 560 486 575  88 655 388 274 327 201   0 643 178 629
  27  37 457 227 266 481 163 407 556 440  20 413 635 297 609   4  66  54
 229 543 330 570 360 173  44  73 620  59 174 545 252  74  38  33 357 288
 511 634 423 300 597 580 636 433 506 329 197 637 403 305 120 537  84 427
 398  85 415 485 259 232 241 284 251 250 113 473 382 162 189  49 416 131
 392  60 419 147 196 121 221 225 499  22 601 410 488 495 270 500 192 447
 503  32  17 109 472 541 628 547 518  77 586 399 264 351 323 617 233 621
 598 309  94 302 469 546 239  67 514 333 649 451 248 269 132 171 561 589
 138 257 443  93 228   8 553 387  43 145 458 471 475 186 363 359 504 208
 349 312 455 633 622 207 396  81 367 439 373 647 652 532 306 350 435  23
  29 646 341 210 368 449 198 564 464 299 446 230 137 420 531 364 529 108
 204 528   9 467  10 483 153 202 389 555  21 177 386 436 370 102 437 490
 505 356 559 213   3 489 512 474 588 421 276 222  36 608 573 441   7 577
 358 650 610 164 581 604 456 280 215]
GPU0
set random seed!
finished RVND in 8.47494077682s
data-line;initial_solution;280831302;final_solution;14988189;time;8.47494077682;counts;823;fv;[];cv;[470, 227, 115, 7, 4];imp;18.736840188
