pydf_home: /home/rodolfo/git/Sucuri
simple_pycuda_home: /home/rodolfo/git/simple-pycuda
wamca2016path: /home/rodolfo/git/wamca2016/
localpath: /home/rodolfo/git/dvnd-df/code/dvnd-df/src/
WAMCAPATH:/home/rodolfo/git/wamca2016/
Using already created file:  wamca2016lib.so
Size: 657 - file name: 06_d657.tsp
ns:  [<function <lambda> at 0x7f964a5910c8>, <function <lambda> at 0x7f964a591140>, <function <lambda> at 0x7f964a5911b8>, <function <lambda> at 0x7f964a591230>, <function <lambda> at 0x7f964a5912a8>]
ns:  [<function <lambda> at 0x7f964a591230>, <function <lambda> at 0x7f964a5911b8>, <function <lambda> at 0x7f964a5910c8>, <function <lambda> at 0x7f964a591140>, <function <lambda> at 0x7f964a5912a8>]
279455969-[543  56 503 644 125   9  93 641 236 234 154 111 386 207  52 285 342 272
 202 140 228  44 137 176 348 226  59 208 608 452 282 214  39 143 283 473
  38 402 328  72 395 306 292  27 404 344 309 197 521 622 584 554 298 599
 220 347 517 238 527 639 479 129 114 271 243 121 266 628 623 211   1  19
 524 116  84 295  78 645 329 378 227 422 113 150 463 217 438 324 163 552
  20 423 136  71 319 611  97 223 630 175 607 296 183 300 449 169 103 627
 550 614 647 219 609 502 390 246 548 153 559  40 222 357 506 142 171 224
 529 199 447 221  50 651 495 189 119 162 496 459 388 180  51 304 504 294
 417 323 469  63 172 490 625 252 364 591  54   3  67 476 481 133  47 393
 568 250 316  85 581 498 237  64 516 655 429  57 409 493  13 281 118 654
 134 335 488   6 566 360 443 525 151 235  96 505 195 338 254 561  89 117
 231 311 419  37 370 487 261  68 538 598 305 239 375 546 613 631 451 528
 602  48  66 594  23 287 545 414  77 486 539 470 361 515  15 483 480 157
 565 582  95 523 617 535 109 642  60 396 337 484 274 511 156 213 382 255
 465 418 646  43 379 164  10  16  36  22 437 553 564 275 573 653 541 571
 141 340 468 351  28 587 634  34 387 181 322 542 194  42 610  25 392 448
 424  45 147 152 603 570 373 464 428 431 289 198 652 643 131 621 532 374
 104 531 650 146 332 656 346 590 314  58 350 334 478 439 106 291 158  62
 425  31 112 318  53 303 444 381 574 632 182 193 333 190 557   7 454 139
 518 618  61 482 466 290 499 174 398 185  69 177 138 345 648 636 187 403
 549 586 286 380   5  21 127 629 426 225 491 567 353 108 411 262  74 533
  86 326 148 430 330 563 230 510 179 256 619 497 276 263 405 192 435 249
  29 204 369 102 126 562 401 601 383 620 522  75 534  91 385 508 115 512
 507  90 458 612 196 372  87 455 371  17 277 363 356 325 321 101 105 242
  83 433 588 124 576 259 389 170  81 251 349 492  18 273 537 569   0 558
 410  82 339  14 494 216 555 457 577 434 366 284 583 307   8 188 526 165
 367   4 446  11 595 301 232 413 160 616 233 327 270 412 442 166 229 540
 406 132 205 600 120  30 315 513 178 578 572  73 210 456 206 149 530  24
 159 331  79 485 427  76 400 215  26 279 244 122 547  55 489 209 408  41
 475 626 536 453 461  32 203 280 184 253 589 445  92 268 604 265  46 130
 637 436 201  88  94  33 297 519 472 278 593 343 100 514 416 362 257 293
 415 241 288 440 575  70 299 128 218 317 358 312 606 477 248 394 212 556
 500 377 592 135 579   2 391 191 633 597 649 269 240 110 155  65 520 605
 420 355 341 397 247  98 467 640 313 245 560 441 352 359 624 123  12 635
 421 585 336 145 260 107 596 368 200 354 509 460 302 432 144 450 471  49
 186 310 407 320 365 462 638  35 501 384 267 167  99 258 615 551 376 580
 544 474 399 168 308  80 173 264 161]
GPU0
set random seed!
finished RVND in 7.27684307098s
data-line;initial_solution;279455969;final_solution;14559924;time;7.27684307098;counts;699;fv;[];cv;[433, 183, 72, 9, 2];imp;19.1935046502
