pydf_home: /home/rodolfo/git/Sucuri
simple_pycuda_home: /home/rodolfo/git/simple-pycuda
wamca2016path: /home/rodolfo/git/wamca2016/
localpath: /home/rodolfo/git/dvnd-df/code/dvnd-df/src/
WAMCAPATH:/home/rodolfo/git/wamca2016/
Using already created file:  wamca2016lib.so
Size: 318 - file name: 04_lin318.tsp
ns:  [<function <lambda> at 0x7ff0648540c8>, <function <lambda> at 0x7ff064854140>, <function <lambda> at 0x7ff0648541b8>, <function <lambda> at 0x7ff064854230>, <function <lambda> at 0x7ff0648542a8>]
ns:  [<function <lambda> at 0x7ff064854140>, <function <lambda> at 0x7ff0648541b8>, <function <lambda> at 0x7ff0648542a8>, <function <lambda> at 0x7ff064854230>, <function <lambda> at 0x7ff0648540c8>]
96367970-[ 90  41  76 213 128   0  48 277 106  95 183  75 144 218 207 155 171 193
 139 169  89 264  19 256 186   7 105 257 234 291 159 304 176 103 112   5
 126 244 254 204 279 149 303 302  21 150 305 148  88  35  64 145  20 222
 175 190 235  51  53  52 236 314  66 309 205 217 230  81 274 113 100 160
  12 223  22  15 110 172 196 255 293  77 170  55  84  38 203 138  29 267
  14 258 191  23 229   4 232 184 315 102 192 147 270  47 115 101  33   8
  69 177 299  34 134 168   9 206  54  18 276 163  58  87 202 167  28 116
 107  26 265 262  73 111 247 278 242 311 142  37 216 290 243 130  32  57
 288 283 316  17 121 261 248   1 233 286  13 268  94   3 140 231 201 127
  98  10  83  31  68 166 238 251 137 164 178 312 275  39  67   2  99 285
  36 114 132 240  11 300 306 308  70 189 284  59 296 249 123 307 241 287
 298 135 179 221 162 266 263 219 157  63 211 153 195 120 187  27 194 214
 250 200 141  60 154 269 260 253  74 118 227  40 245  49 237 136 215 301
 173 292 133 239  65  61 282 108  62 228  97  43  93 208 225 182 117  96
 273  56 146  80 158  85 124  16 125  44 143  71 313  45 104 271  82 224
  46 281 212 156  24 119 289 199 295 197  86 259  78 185 297 174 294 317
   6 129 280  30  72 131 220 310 246 188  92 109 181 272 122 252  25 151
  79  50 152 226 180  42 209 161 165 198  91 210]
GPU0
set random seed!
finished RVND in 2.60842204094s
data-line;initial_solution;96367970;final_solution;6076332;time;2.60842204094;counts;438;fv;[];cv;[260, 113, 48, 14, 3];imp;15.8595629732
