pydf_home: /home/rodolfo/git/Sucuri
simple_pycuda_home: /home/rodolfo/git/simple-pycuda
wamca2016path: /home/rodolfo/git/wamca2016/
localpath: /home/rodolfo/git/dvnd-df/code/dvnd-df/src/
WAMCAPATH:/home/rodolfo/git/wamca2016/
Using already created file:  wamca2016lib.so
Size: 501 - file name: 05_TRP-S500-R1.tsp
ns:  [<function <lambda> at 0x7f3ba544e0c8>, <function <lambda> at 0x7f3ba544e140>, <function <lambda> at 0x7f3ba544e1b8>, <function <lambda> at 0x7f3ba544e230>, <function <lambda> at 0x7f3ba544e2a8>]
ns:  [<function <lambda> at 0x7f3ba544e1b8>, <function <lambda> at 0x7f3ba544e2a8>, <function <lambda> at 0x7f3ba544e140>, <function <lambda> at 0x7f3ba544e230>, <function <lambda> at 0x7f3ba544e0c8>]
33793542-[121 317 477 226 382 232  65 387  50 365 339 143 206 322   0  96 291 139
 390 287 154 293 220 129  97 306  32 214  58  23 155 193 190 177 135 385
 351 445 312 440 192 450 352 262 123 263 295  71 330 252  49 443 240 444
 286 194   1  30 363  85 448 140 176 329 426   8 282 221 466  73 386   7
 333  89 314 101 392 441 294 237 161  48 127 433 469 270 159 152 211 321
 407 457 313 307 412 257 208 223 271 376 209  75  83 185 267 260  40  18
 408 254 187 278  25 347 465 467 300 229 439 205 222 349 461 498 174  37
 405 175 430 147 224  43 258 325 274 402 132 494 499 486 253 301 431 388
 475 447 256 373 323 464 454 319 361 437  99   2 247 111 212 234 491 305
 480 136  52  28 216  44 110 172 299   4 207 249 170 446 166 105  80 485
  42 203 236 227 456  33  53 128 165 460 184 164  93  55 316 149 148  36
  10  26 463 180 381 113 383 213 414 357  45 290 490 417 162 200 241 230
  98 243  66 264 298 146 416 492  74 275  67 473 404  47 334  64 315  94
 470 320 471 415 261 100 133 191 244 288 199 124   5  29 384 442 131 341
 331  86 138 488 181 269 487  92 183 451 195 309  82 273 428 182 217 104
  39 171 225 410 459 449 178 283 394 342 204 156 332 423  88 114  12 284
 336 228 251 393 377  15  61 202 358 296  41  54 397 425 474 145 375 238
 280 479 327 277  90 297 380 122 389 112  51  68 255  38 343 422 186  60
 168 303 210   6 455 266 328 354 483 359  31 396  78  62  57 340 350 144
 120 259 279  59 109 115 250 308 418 265 370 219 157 153 167 413 497 189
 399  34 356   3 233 362 481 344 489  21 411 401 198 163 310 117  95 420
  79 197 435 478 292 458 453  70 103  77  76 372 242 367 106 403 462 378
  81  56 150 468 137   9 239 285 432 476 246 179 201 268 142 126 188 500
 119 472 289 130  72 281  84 493 484 421 215 395 374 406 272 102  16 400
 495 369 116 318 235 125  27  19 353 409 419 345  63 276 304 424 245 338
 158 355  11  22 348 436  17 196 169 173  13  24 108 427 107 151 438  35
 231 429  91 391 366 134 364  46 379 248 337 482 311 496 371 141  87 324
  69  20 326 218 160 434 118 335 452 368 346 302  14 360 398]
GPU0
set random seed!
finished RVND in 5.52958011627s
data-line;initial_solution;33793542;final_solution;2013442;time;5.52958011627;counts;715;fv;[];cv;[442, 187, 69, 13, 4];imp;16.7839659648
