pydf_home: /home/rodolfo/git/Sucuri
simple_pycuda_home: /home/rodolfo/git/simple-pycuda
wamca2016path: /home/rodolfo/git/wamca2016/
localpath: /home/rodolfo/git/dvnd-df/code/dvnd-df/src/
WAMCAPATH:/home/rodolfo/git/wamca2016/
Using already created file:  wamca2016lib.so
Size: 226 - file name: 03_pr226.tsp
ns:  [<function <lambda> at 0x7fe91e7270c8>, <function <lambda> at 0x7fe91e727140>, <function <lambda> at 0x7fe91e7271b8>, <function <lambda> at 0x7fe91e727230>, <function <lambda> at 0x7fe91e7272a8>]
ns:  [<function <lambda> at 0x7fe91e7271b8>, <function <lambda> at 0x7fe91e727230>, <function <lambda> at 0x7fe91e7272a8>, <function <lambda> at 0x7fe91e7270c8>, <function <lambda> at 0x7fe91e727140>]
176914234-[171  20 134 100 128  86  90  49  51  12   7 152  52 198 153 132  28  41
  58 175 118 222  85 223  93  69  53 124 225  63 188 169 116  84 130  75
 142 214  78 184 193 209  72 127 140  46   9   6   1  97 187 182  36  24
  99  89 123  26 185 166  98 157  62 141 114 221 203  95 208  64 192 156
  92 167 183 109 110  66  34 210  23  87   2  83 178 165 137 172 224  74
   0 159  57  61 133  45  35 160 200  65 194  43 164 201 104 177 162 117
 220 180 181  44  37 176 161 125 204 138 150  38 179 105 131 129   5  47
  19 197  42 119 107 213 135 207  59 170  22   3  73 216  13 199 126 202
 108  76 151 113 168  88 139  60 186  16 205 102   4 143  68 215  10  77
  48 217  81 219  80 190 155 144  70  96  33  17 196  11  40  56 111  29
  30  55 211 163  82   8  15  31 173  27 115 106  32 148  79 189 112  21
 206  94  91 146 147  18 136  25 149  67 218 174 212 195 101  39  14 103
 154 191 145  71 158  50 121 120  54 122]
GPU0
set random seed!
finished RVND in 4.10072112083s
data-line;initial_solution;176914234;final_solution;7059063;time;4.10072112083;counts;651;fv;[];cv;[539, 77, 31, 3, 1];imp;25.0619995883
