pydf_home: /home/rodolfo/git/Sucuri
simple_pycuda_home: /home/rodolfo/git/simple-pycuda
wamca2016path: /home/rodolfo/git/wamca2016/
localpath: /home/rodolfo/git/dvnd-df/code/dvnd-df/src/
WAMCAPATH:/home/rodolfo/git/wamca2016/
Using already created file:  wamca2016lib.so
Size: 318 - file name: 04_lin318.tsp
ns:  [<function <lambda> at 0x7f1e6d6840c8>, <function <lambda> at 0x7f1e6d684140>, <function <lambda> at 0x7f1e6d6841b8>, <function <lambda> at 0x7f1e6d684230>, <function <lambda> at 0x7f1e6d6842a8>]
ns:  [<function <lambda> at 0x7f1e6d6841b8>, <function <lambda> at 0x7f1e6d6842a8>, <function <lambda> at 0x7f1e6d684140>, <function <lambda> at 0x7f1e6d6840c8>, <function <lambda> at 0x7f1e6d684230>]
90302327-[285 302 291 268  96 103  55  83  88   2 180  69 214 146 134 191 154  33
 200 107 269 309  39 119  75 187 166 121   1 106  41 113 123 256 217 189
 208  77 247  95 224  90 310  73  94 203 202  32 303 235  93 292 201 245
  97  70 290  51  87 104 148 242 237  91 126 156 186  14 102 169 158 281
  15   0  53 243 276 213 216 117 159 304 220 253 227  11 296 151 145  64
  37 127 277  82  25  30  45 315 138 111 115 317 306  58 314 120 279 260
  80 195 209 185 274 132 125 231  76  60 297 267 160 284 116 143 301 249
  85 140 259 252 118  34 177 219 263  71 170 265  59 178 234  67 197 175
 264   7 300 244 212 155 240 221  38 307 188 211 137  29  68 122  10 167
 109 184 261 207  42  48 172 239 176  92 164 108 275 262 130  23 278 105
  36  62 147  86  52  20 272 293  28  35 215 101 233  54  61 254   5 110
 112  21  49 136 192 258  46 114 139 255 305  84 232 161   3  65 273  66
 280 230 141  40 241 206 152 150 133  57 312 313 270 226 294 316 149  19
  26  56  18 205 174 246 204 163 287 283  27 288 236 298 135 162 157  79
  89 238 142 299  16 171  98 228 129   6 193 257  63  99 250  50 183 282
  12 286  24 311  74 289  78 190  81 196  17 165 168 128 179  72   8 100
 153 222 229 271 308 210  22 218 182 266 194  44   4 131 144 124  43 198
 251  31 181 225  13 248 223  47 173 199   9 295]
GPU0
set random seed!
finished RVND in 2.25247120857s
data-line;initial_solution;90302327;final_solution;6235134;time;2.25247120857;counts;393;fv;[];cv;[234, 103, 45, 9, 2];imp;14.4828205777
