pydf_home: /home/rodolfo/git/Sucuri
simple_pycuda_home: /home/rodolfo/git/simple-pycuda
wamca2016path: /home/rodolfo/git/wamca2016/
localpath: /home/rodolfo/git/dvnd-df/code/dvnd-df/src/
WAMCAPATH:/home/rodolfo/git/wamca2016/
Using already created file:  wamca2016lib.so
Size: 501 - file name: 05_TRP-S500-R1.tsp
ns:  [<function <lambda> at 0x7f2d7b9d80c8>, <function <lambda> at 0x7f2d7b9d8140>, <function <lambda> at 0x7f2d7b9d81b8>, <function <lambda> at 0x7f2d7b9d8230>, <function <lambda> at 0x7f2d7b9d82a8>]
ns:  [<function <lambda> at 0x7f2d7b9d80c8>, <function <lambda> at 0x7f2d7b9d82a8>, <function <lambda> at 0x7f2d7b9d8230>, <function <lambda> at 0x7f2d7b9d8140>, <function <lambda> at 0x7f2d7b9d81b8>]
33385507-[223 206 243 322 399 181 105   4 374 122 137 416 162 406 309 334  45 211
 193 138 455  72 472 387   3 368  52 459  28  68 424 221 226 419 460 317
 490 198 420 246 278 382  80  31 184 109 366 360 267 212 250 131   6 327
 217 346 172 381 192 158 431 254 376  48   2 341 457   5 456 398 409 160
 362 139 154  37 146  99 120 253  46 236 440 307 423 429  13 103  74 500
 102 417 227 347  87 402 337 474 449  16 209 233 421 235 261  67 136 248
 106 290 173 118  71  26   0 147 228 465 408 389 480 479  65  39 308 249
   8 463 294 401 326 205  82 293 244 300 225  44  77 453 284  47 140 149
 292 336  19 356 208 391 285 232  53 257 142 189 330 303 297 343  79 201
 390  23 442 407 298  84 171  70  76 150   1 388 251 328 159 153 332 443
 123 333 392 375 110 258 361 314  14 242 306 478 378  83  95 262  21 252
 301 468 483  54 148  93 194 358 446 353  38 458 404 207 357 180 350 437
 126 143 132  36 281 477 279 345 276 263 482 115 447 489 492 191 270  61
  49 240   7  63  27 178 299 384 414 396 349 101 287  92 403 255 259  66
 452 434 445 245  91 426  88 311 199 367  55 134  69 383 439 413 496 256
  64  56  41 286 144 295 432  94 373  90   9 121 386 371 222 344 481 127
 234 497 151 215 145 125 124 157 214 397  32 380 229 394 190 197 475 304
 187 476 220  25 451 107 405  97 179 433 435 288 302 340 316 499 265  98
 141 484 393 385  33 177 167  17 454 325 493 369 104  51 219 365 473  62
 164 467 319 411 329  30 355 200  57 466 196 338 296 289 448 372 129 444
 321 237 274 277 174 441  58  59 359 282 430  89  81 495 241  12  50 260
 271 351 352 498  43 462 108 427 469 218 494 305 213 324 204 203 130 370
 231 275 315 491 268 175 272 377 318 438 163 428 188 202 418 166 135 461
 111 269 168  22 485 224 410 310 323 266  18  42  20  60 348 488 335 155
 450 133 312 400 283 415  73 412 379 363 264 183  29 280 320 364 247 230
 100 114 291  11  10 210 116 354 425 165 128  34 471 169 422 470 161 113
  78  35  24 273 119 112  75 436  85  86 313  15 195 186 216  96 487 152
 486 339 117 464 182 185 176 170 239 331 342 238 156  40 395]
GPU0
set random seed!
finished RVND in 4.50664710999s
data-line;initial_solution;33385507;final_solution;2026235;time;4.50664710999;counts;563;fv;[];cv;[350, 150, 55, 5, 3];imp;16.4766214185
