pydf_home: /home/rodolfo/git/Sucuri
simple_pycuda_home: /home/rodolfo/git/simple-pycuda
wamca2016path: /home/rodolfo/git/wamca2016/
localpath: /home/rodolfo/git/dvnd-df/code/dvnd-df/src/
WAMCAPATH:/home/rodolfo/git/wamca2016/
Using already created file:  wamca2016lib.so
Size: 783 - file name: 07_rat784.tsp
ns:  [<function <lambda> at 0x7ff66fb5e0c8>, <function <lambda> at 0x7ff66fb5e140>, <function <lambda> at 0x7ff66fb5e1b8>, <function <lambda> at 0x7ff66fb5e230>, <function <lambda> at 0x7ff66fb5e2a8>]
ns:  [<function <lambda> at 0x7ff66fb5e1b8>, <function <lambda> at 0x7ff66fb5e230>, <function <lambda> at 0x7ff66fb5e140>, <function <lambda> at 0x7ff66fb5e0c8>, <function <lambda> at 0x7ff66fb5e2a8>]
69807365-[206 774 582 563 620 634  10 660 358 381 401  38 578 111  63 151  21 275
  16 123  58 745 562  45 197 552  55 771 512 448 658   0 594 346 390 435
 360 543 722 753  41 252 147 229 164 726  64 703 600 299 309 548 294 626
 591 417 702 315 103 640 501  80 617 748  60 246 595 612 227 554 323   9
 257 505 570 637  68 122 303 284 437 495 425 263  46 765 586 421 478 375
 616 366 190 476 740 441 286 769  85 657 332  37 687 351 541 515 260 436
 531 605 250 569 735 520 517 700 308 233  96  82 216 115 288  50 718 393
 290  57 130  93 611 109 606 205 355 193  49 757 633 447 711 443 524 587
 264 691 129 627 230 203 270 549 136 497 511 734 466 474 268 772 704 566
 624 139 430 413 462 395 101 465  30 310 581 463 621 452 631  62 340 170
 254 747 751  13 149 661 750 354 523 179 698 650 693 319 756  73 648 593
 764 567 767 247   5  72 214  53  54 114 659 607 143  24 208 464 146  98
 165 320 604 388 688 424 725 561 374 306 596 194 297 666 685 207  77 695
 499 279  91 484 583   4 646 175 538 368 622  97 458 337 384 167 329 202
 215  89 112 653 258 276 720 450  76 237 513 638 161 684 671 125 376 649
 416  39 302  81 494 350 639 339 301  35  44 171 534 724 241 642 234 183
 347 141 184 312 159 678 488  65 625 451 200 239 113 601 410 525 472  29
 373  20 533 166 574 679 536 540 361 456 127 737 235 692 356 255 272 169
 429 387 405 438 370 492 153 163 259 480 754 712 134 102 280 428 614 262
 124 116 238 341 643 609 710 654 597  59 589 328 706   1 716 396 261 107
 218 665  52  99 475 736 768 182 195 508 526 461 236 739 338 576 142 121
 363 644 628 779  25   6 761 100 144 110 419 514 717 763 154  36 662 126
 483 148  61 199 119 655 528 669 469 322 293  66 680 369 132 191 599   8
 708 672 265 211 766 326 160 185 353 180 780 391 530 759 349 723 212 118
 249 682  19 544 398 222 454 727 133 449  92 635 298 231  79 668 572 174
 732 285 602 719  17 444 162 473 415 553 542 773  83 667 743 145  40 547
 479 305 406 690 344 224  84 251 379 610 178 371 192 518 296 694 558 311
 385 382 565 714 273 468 715 585 156  78 158 403 673 675 217 220 357 317
 325 389 334 135 493 244 681 201 108 228 663  95 535 140 502  15 550 277
  23 580 705 498 559 741 571 281 223 181   7 256  34 343 414 482 539 289
 460 446 117 245 579 399 335 683 686 198 213 613 532 485 408 629  87 402
 412 411 487 377 777 327 271 575 584 342 529 321 380 105 367 459 292 426
 721 226 304 394 546 232 455 744 537  28 490 731 176  32 427 150 557 573
  27  43 746  51 120 608  12 188 522 758 253 274 521 457 248 434 755 397
  14 364 503 172 362  70 204 551 431 445 422 173 656 489 383 221 496   2
 560  69 106 645 630  88 568 728 491 670 372 713 555 157 243 618  48 291
 433  42 775 470 762 313 177 652 300 316 386  26 453 519 324 423 407 699
 128 674  18 345 781 439 632  94 598 603 409  67 664 510 697 196 677 330
 219 564 242 440 696 282 240 486 187   3 471 295 481 269 186  90 619  47
 651 770  11 729 168 138 647  22 278 545 760 701 210 189  71 359 467 442
 615  33 709 778 641 400 209  31 131 623 333 267 137 752  75 266 588 477
 314 331 336 733 592 420 500 707 418 730 104 507 676 307  86 283 516  56
 689  74 509 225 155 432 404 287 782 527 152 738 365 776 506 556 352 348
 577 742 636 378 392 318 590 749 504]
GPU0
set random seed!
finished RVND in 10.3781108856s
data-line;initial_solution;69807365;final_solution;3415389;time;10.3781108856;counts;829;fv;[];cv;[511, 204, 96, 14, 4];imp;20.4390671165
