pydf_home: /home/rodolfo/git/Sucuri
simple_pycuda_home: /home/rodolfo/git/simple-pycuda
wamca2016path: /home/rodolfo/git/wamca2016/
localpath: /home/rodolfo/git/dvnd-df/code/dvnd-df/src/
WAMCAPATH:/home/rodolfo/git/wamca2016/
Using already created file:  wamca2016lib.so
Size: 501 - file name: 05_TRP-S500-R1.tsp
ns:  [<function <lambda> at 0x7f5dc42aa0c8>, <function <lambda> at 0x7f5dc42aa140>, <function <lambda> at 0x7f5dc42aa1b8>, <function <lambda> at 0x7f5dc42aa230>, <function <lambda> at 0x7f5dc42aa2a8>]
ns:  [<function <lambda> at 0x7f5dc42aa230>, <function <lambda> at 0x7f5dc42aa0c8>, <function <lambda> at 0x7f5dc42aa2a8>, <function <lambda> at 0x7f5dc42aa1b8>, <function <lambda> at 0x7f5dc42aa140>]
32773061-[481  62  87 171 388 287 478 135  94 329 192 208 235 149 426  19 267  55
  63  10 269 162 396 274 476 470 334 397 271 450 443 461 453 424 451 395
 254  25 295 238 499 432 411  81 328 200  12 167 286 403 469 431 109  70
 165 239 266 257  18 273 125 326 350 214 121  13  73 318 352 427 405 236
 134  24 472 118 234  31 347  60 275 107 373  49 353 172 211 387 309 332
  72 249 175 311 220 367 335  23 242 204 191 291  57 187 482 300  96 222
 320 383  16 337 324 168  32 321 170 216  34 251 458 305 323 392 417 120
 215 368 452 369 418 448 462 416 437 293  80 263 279 103 146 316 159 389
 379 410 498 413 315 190 156 241 307 497  56 474 493 174 306 441 144 484
 372 183  86 412 360  85 313 280 262 253 346 123  14 288 398 436  43 393
 201 414 270 181 219 110 194 206 386  15 147  47 213 438 105 124 193 106
 112  79 495  84 115 184  78 108  69 409 339 351 341 331 425 246 285  66
 488 365 260  90   8 207 301 245 421 218 496 415  76 259 361  68  36   1
 292 152  65  71  77 420 226 132   5 423 148 494  17 357 345 375 209 164
 404 344 491 342  26  54  21  61 440 475 229 378  97 131  37 480 485  48
 290  93 163 479 217 363 189 402 113 197 492 314 136  42 487 430 169 282
 203 177 483 348 312 188 429  20 231  11 212 408 185  22 338 281 419 330
 139 333 145 268  40 244 129 158 454 141 489  27 466 382   6  50 319  64
  95 173  46 225 406 166 284  88 371 119 202 227 248 296 142 455 104 394
 102 151 302  83 250 467 473  52 199 422 354 340 153  29 299  45 294 265
 252 325 160 224 186 258  39 240 228 138 277 447 391 477 196 500 154 464
 278 230   7 157 322  67 176 150 237 463 327 303 232 380 247 459   2 304
 356 256 401  91 205 310 128 126 195 130 446 471 366 486 343 317   4 133
 490 399 180  98 111  89  28 400 433  92 456  99 261  38 384 101  58 137
 283 385 178 297 377 117 243 442 114  44  74  30 359 349  35 255  53 223
 140 298 358 370 155 407 434   9   3 381  41 435 272 449  51 179 308 210
 116 289 336 100  33 390  75 127 465 143 444 198 457 460  82 122 182 364
 374 161 264 428 362 221  59 233   0 376 355 276 468 439 445]
GPU0
set random seed!
finished RVND in 5.5826830864s
data-line;initial_solution;32773061;final_solution;1979253;time;5.5826830864;counts;714;fv;[];cv;[430, 177, 88, 12, 7];imp;16.5582980043
