pydf_home: /home/rodolfo/git/Sucuri
simple_pycuda_home: /home/rodolfo/git/simple-pycuda
wamca2016path: /home/rodolfo/git/wamca2016/
localpath: /home/rodolfo/git/dvnd-df/code/dvnd-df/src/
WAMCAPATH:/home/rodolfo/git/wamca2016/
Using already created file:  wamca2016lib.so
Size: 501 - file name: 05_TRP-S500-R1.tsp
ns:  [<function <lambda> at 0x7f17a50af0c8>, <function <lambda> at 0x7f17a50af140>, <function <lambda> at 0x7f17a50af1b8>, <function <lambda> at 0x7f17a50af230>, <function <lambda> at 0x7f17a50af2a8>]
ns:  [<function <lambda> at 0x7f17a50af2a8>, <function <lambda> at 0x7f17a50af140>, <function <lambda> at 0x7f17a50af1b8>, <function <lambda> at 0x7f17a50af230>, <function <lambda> at 0x7f17a50af0c8>]
32378783-[116 250 472 397 186 314 283  64 176  19 132 308  99 286 175  38 149  44
 403 418 163  17  75 391 435 355 185 241 373 137 427 180 462 444 345 183
 415 126 469 118 190 254 467 192 290 148 356 117 461 146 342  71 195 445
  23 294 454 220  90 114 482 343 181  56 478 168  77  51 360 330 476 386
 158  35 266 399 194 492 486 378 201 451 214 313 299 398 302 198 206 130
 341  11  29 405 455   0 128 366 143 305  73  49 112 369 317 358 289 370
 157 273 395 235 361 222 248  53 252 152 375 244 121 101  33 348 350 219
  93 131 448  16  76 306 406  48 216 490 270 498 245 457 468 344 162 402
 129 404 484 321 257 106 279 141 113 385  92  62 267 288 430 466  59 349
 434 229 426  69 470  31 221  34 166 474 172 276 153  95 253 449 147  94
 380 127 151  21 379 327 169  66 479 191 178  78  65   9  81 217 324  39
 303 339  68 477 458 452 322 392 282 174 422 417  82 110 346  30 334  79
  60 200 264 331 374 433 376 441 323 407 189 255  32 269  63  24 280 396
 325 209 465 493 400 335 497 170 307 394 383 159  84 236 203 429 463 442
 295 464 165 377  40 226 337 381 182 260 351 393 495 388 161 293 173  46
 300 412   2 311 297 232 202 210 177   4 218 265 338  52  50 249 419   5
 320 261 480 340 111 483 243 212  18 262 167 471  37 491 184 109 285 251
 240 150  12 230 439 268 389 368 304 456 103 193 364  36 225 416 234 336
 119  87 164 259 475 215 410  26 354  86 487 318 328  72 428 437 359 227
  96 197  15 211 291 107 500 120 384 443 233 424 196 432 357 387 207 134
 144 231 438 332 246  91  85 413 333 237 372 390 224 326 352 204  98  70
  89 292  74 363   3 353 473  28 382  57 411 247 488  25 160 421   1 205
  58 436 179 223 460 310 447 296   8 298 100 481  55 155 125  20 187  83
 105 263 228  27 271 139 208 459 238 489 431 440 409 239 423 122  97 171
 365 188  22 446  45 123 401 485 450 309 347 425 104 275 420 414 145 154
  13 367 281  47 496 277 256 124  80 115   6 213 138 278  10 108  43  61
 315 312 494 156 102 287 135  88 371 362 284   7  54 274 242  42  67 316
 329 140 136 319 453 272  41 301 408  14 142 499 258 199 133]
GPU0
set random seed!
finished RVND in 4.7157869339s
data-line;initial_solution;32378783;final_solution;2043690;time;4.7157869339;counts;509;fv;[];cv;[313, 131, 55, 7, 3];imp;15.8432947267
