pydf_home: /home/rodolfo/git/Sucuri
simple_pycuda_home: /home/rodolfo/git/simple-pycuda
wamca2016path: /home/rodolfo/git/wamca2016/
localpath: /home/rodolfo/git/dvnd-df/code/dvnd-df/src/
WAMCAPATH:/home/rodolfo/git/wamca2016/
Using already created file:  wamca2016lib.so
Size: 318 - file name: 04_lin318.tsp
ns:  [<function <lambda> at 0x7fca079950c8>, <function <lambda> at 0x7fca07995140>, <function <lambda> at 0x7fca079951b8>, <function <lambda> at 0x7fca07995230>, <function <lambda> at 0x7fca079952a8>]
ns:  [<function <lambda> at 0x7fca079950c8>, <function <lambda> at 0x7fca07995140>, <function <lambda> at 0x7fca079952a8>, <function <lambda> at 0x7fca07995230>, <function <lambda> at 0x7fca079951b8>]
94024504-[  1 247   0  98 109   7 132  71  61  83  75 213 193 126 251 230 127 316
 309 224 317  52 180 278 134 267  41  13 294 273 168 271 274 282 232 128
   3 195 249 208 131  23  68  42  95  24 289  99  97  28 301 140 121 264
 268  43 148   4   8 308 176 202 158 101   6 280 256 203 108 138  35 200
 245  18  76 142 149 146  84 130 290 257  44  36 112 114 244 314 296  32
 164 116 173 205 311  37  91 288 218 178 299 209 260 310  87 222 175  69
 152  39  73 216 246 145 118 192 297 136 292 305  80   9 265 161 261 189
 143 106 313  14 100 104 237  19 239 107 269  72  89 157 227 241  10 215
 279 225 275  60 115  38 150 220 234  88 166  26 248  90  67  15 197 120
 283 214 254 129  27 236 184 211 137 270 151 253 123 206 255 252 159 172
  74 204 221 286 135 302  31  49 102 181 160  78 307  22 187 315 201 141
 182 183  66 122 103 291  16 228  64 163 262 111 162 219 174 191 153 199
  54 284 287 293   5  59  34 300 303 165  47 263 223 196 169 266  86 207
  77 210  12 144 238 272  53 190  40  45 188  57 298 105 235  79  46 276
 185 277 285  11  56  25 171 133  93  94 117  20 304  58 259 231 154   2
 177  65 242  55  96  51  81  21 139 147 312 125  62 119 124  50  29 179
 113 156 155  70 212 170  17 306  85 250 243 281 194 295  63  82  33  48
 226 240 233 217 110 198  92 186  30 229 258 167]
GPU0
set random seed!
finished RVND in 2.74043893814s
data-line;initial_solution;94024504;final_solution;6051723;time;2.74043893814;counts;406;fv;[];cv;[271, 96, 32, 6, 1];imp;15.5368155482
