pydf_home: /home/rodolfo/git/Sucuri
simple_pycuda_home: /home/rodolfo/git/simple-pycuda
wamca2016path: /home/rodolfo/git/wamca2016/
localpath: /home/rodolfo/git/dvnd-df/code/dvnd-df/src/
WAMCAPATH:/home/rodolfo/git/wamca2016/
Using already created file:  wamca2016lib.so
Size: 318 - file name: 04_lin318.tsp
ns:  [<function <lambda> at 0x7f0a1aa370c8>, <function <lambda> at 0x7f0a1aa37140>, <function <lambda> at 0x7f0a1aa371b8>, <function <lambda> at 0x7f0a1aa37230>, <function <lambda> at 0x7f0a1aa372a8>]
ns:  [<function <lambda> at 0x7f0a1aa37140>, <function <lambda> at 0x7f0a1aa370c8>, <function <lambda> at 0x7f0a1aa372a8>, <function <lambda> at 0x7f0a1aa37230>, <function <lambda> at 0x7f0a1aa371b8>]
89511516-[266 143 311  52 287 130 166 178  37 210  45 316  55 256  62 151 154  48
 120  53 217 187 209 131 268 201  11 276 199  82  47  46  31 307 148 185
 289 212 241 184 280 269  63  76 267 174 313  97 112 141 309  80  43 147
 286  18 103 101 299  20 168  34  19 104 205 231 202  74 123 142 243 305
 196  23 288 300 250  60  14 164  71  42 186 122  41  59 176 232 127 163
  92 161 278 119  32 279 219 227 179  79 192 282 135 206  12 137 155  44
 251  78 207  69 215 223  49 108 156 285 188 208  13 115 138 292 204  36
 226 116 177  38  89 189 224  30  24  10  54 125 106  88 102  83 240 244
  25 180  33 171  16  56 290  58  57 303 183 109 304 203 234 193 221 247
 152   1 260 126 159  61  26  22 150 182 253 124  68 170 301 239 284 302
 230 258 262 181 225 107 146 298  99  40   2  28 238 245 169 255  35  67
 308 263 294 216 198 277 248 249 222 213 191   4   6  86 160 312 172  50
  70 235 317   9 194 105 113  27  90 118 114 271 157   7 237 214 129 175
 197  85  15 273 167 257  95 229 275  72 228 190 121 144  87 211 173 261
  21 306 111  17  91  51  39 315   3  84 220 281 259  93 136  64 132 100
 254 218 310 283 165 195   5 200 162 291 133  65 128   0  94 233 236  77
 246  29 295 270 314  81 296 265 264 293  75 139  66  96 140 110 145 274
 153 117 272 149 158  98 252   8  73 134 242 297]
GPU0
set random seed!
finished RVND in 2.78183412552s
data-line;initial_solution;89511516;final_solution;6117690;time;2.78183412552;counts;420;fv;[];cv;[251, 106, 45, 12, 6];imp;14.6315874129
