pydf_home: /home/rodolfo/git/Sucuri
simple_pycuda_home: /home/rodolfo/git/simple-pycuda
wamca2016path: /home/rodolfo/git/wamca2016/
localpath: /home/rodolfo/git/dvnd-df/code/dvnd-df/src/
WAMCAPATH:/home/rodolfo/git/wamca2016/
Using already created file:  wamca2016lib.so
Size: 226 - file name: 03_pr226.tsp
ns:  [<function <lambda> at 0x7f63f76b10c8>, <function <lambda> at 0x7f63f76b1140>, <function <lambda> at 0x7f63f76b11b8>, <function <lambda> at 0x7f63f76b1230>, <function <lambda> at 0x7f63f76b12a8>]
ns:  [<function <lambda> at 0x7f63f76b10c8>, <function <lambda> at 0x7f63f76b11b8>, <function <lambda> at 0x7f63f76b1230>, <function <lambda> at 0x7f63f76b12a8>, <function <lambda> at 0x7f63f76b1140>]
193976412-[139 121 200 224  95 210  37  47 137  31 110  56 179 197  82  88 127   0
 170  59 216 175 205 186  43  48  13  22 115  60  96 204  36  39 157  83
 150  14  68 187  61  77   8 181  75 215 206 184 213 209 145 133 221 122
  25 193 106  65 109 146   7 219 168 120   3  67 102  49 196 155 130 111
 208 147 207  51  73 182 104 211  90 140  44  63  11  30   2 138 198 158
 114 160  80  62 199 131 172 154 191 156 113  29  24  40 142  27  94  71
 173  76  28  69  58  17  89  34 107 162 176   4  99  91 163 185 118  12
  54 178  42  79 117  18  81 116 128  92  15  21 161  26 143 192  46  87
 124 169 159  52 119 212  45 222   5 151 164 101  16  64 135  41 203  23
 112  20 136 195 217  85 129 149 165 194 225 123 134  78 183  57 153 126
  35   6  50   1  53  93 108 202 220  84  72 190  32 218  55  19 152  70
 188 141  66 177 167 223 103 132 105 100 166 189 201 171 180 144  10  38
  97 125  86  74  98 214 148  33 174   9]
GPU0
set random seed!
finished RVND in 2.56240487099s
data-line;initial_solution;193976412;final_solution;7563587;time;2.56240487099;counts;537;fv;[];cv;[412, 85, 38, 1, 1];imp;25.6460872335
