pydf_home: /home/rodolfo/git/Sucuri
simple_pycuda_home: /home/rodolfo/git/simple-pycuda
wamca2016path: /home/rodolfo/git/wamca2016/
localpath: /home/rodolfo/git/dvnd-df/code/dvnd-df/src/
WAMCAPATH:/home/rodolfo/git/wamca2016/
Using already created file:  wamca2016lib.so
Size: 226 - file name: 03_pr226.tsp
ns:  [<function <lambda> at 0x7f26656d70c8>, <function <lambda> at 0x7f26656d7140>, <function <lambda> at 0x7f26656d71b8>, <function <lambda> at 0x7f26656d7230>, <function <lambda> at 0x7f26656d72a8>]
ns:  [<function <lambda> at 0x7f26656d72a8>, <function <lambda> at 0x7f26656d7140>, <function <lambda> at 0x7f26656d7230>, <function <lambda> at 0x7f26656d70c8>, <function <lambda> at 0x7f26656d71b8>]
180906140-[205 170  58  89 103 221 107   0 127 142  98 185 143 126 124  43 101 110
  30  45 145 211  33 201  83 214 102 113  13 153  25 151  61  26  37  14
 173 184  79 224  80   1  32 123 108  91  93  16 212 121  23 157  20 222
  10 182 220 197  73  12  22  59 175 164  96  28  52 116  40  53 207 144
  66  57  50   6 161  17 204 147 150 115  95 225 190 138 203 129  49 195
 131 177 172 181  94  15  84 114 152  38 180 155 128 112  56 160 132 118
 141  97  41   7 194 171  86 183 104 188  67   2  87 135 140 163  77 100
 213 202 139 167  76 133 105   8 187  46 166 122 223  74 186 209  71 125
  75 178  70 200 210 219 148  44  18 106  82   5  47  24  62  19  90   9
 146  54 215 174 208 196  11 216  29 192 149 165  35 111  65  51 137  48
 119 120  92 168 199 179 158  63  88 162   4 189 176 154  36  72  78 109
 198  68 191 134 217 130   3  60 156  81  34  99 218 206 169  85  21 117
  64 159  27  31  55  39  42  69 136 193]
GPU0
set random seed!
finished RVND in 2.14900398254s
data-line;initial_solution;180906140;final_solution;7498261;time;2.14900398254;counts;401;fv;[];cv;[323, 55, 21, 1, 1];imp;24.1264127776
