pydf_home: /home/rodolfo/git/Sucuri
simple_pycuda_home: /home/rodolfo/git/simple-pycuda
wamca2016path: /home/rodolfo/git/wamca2016/
localpath: /home/rodolfo/git/dvnd-df/code/dvnd-df/src/
WAMCAPATH:/home/rodolfo/git/wamca2016/
Using already created file:  wamca2016lib.so
Size: 501 - file name: 05_TRP-S500-R1.tsp
ns:  [<function <lambda> at 0x7f437af8c0c8>, <function <lambda> at 0x7f437af8c140>, <function <lambda> at 0x7f437af8c1b8>, <function <lambda> at 0x7f437af8c230>, <function <lambda> at 0x7f437af8c2a8>]
ns:  [<function <lambda> at 0x7f437af8c2a8>, <function <lambda> at 0x7f437af8c230>, <function <lambda> at 0x7f437af8c0c8>, <function <lambda> at 0x7f437af8c1b8>, <function <lambda> at 0x7f437af8c140>]
33355014-[328 322  99 360 159 469 368 203 270 161 326  52 364  33 148 347 414 332
 363  89 462 128 254 351 408 200  74 135 257   3 437  44 494 290 131  15
 182  31  97 300 253 267 127 464 491 242 241 138 429 209 259 372 304 478
  94  11 316 498 211 385 466 336 477  46  98 232  40 189 119 380 302 111
 463 177 476 295 277 219 333 215  41 165 149 350 303  58 137 301 282 428
  77  86  17 144 361 389 122 155 317  60 500  85 293 411 374 440 314 123
 207 258  96 120 356  30  27 420 192 283 110 395 490   8  18 142 436 396
 214  10 341   1 247 244 487 205 384  82 373 129 154 387 223 230 461 262
 147 228 348  76 406 174 438 281 246 213 424 275 407 289  67  73 430  81
 398 484  62  55 216 170  59   6 156 329 217 250 334 370 279 409 457 224
 343 394 444 362 243 212  23 146 355  14 453 291 313 266 473 367 337 391
 308 323 164  87 237 354 199 400 470 458 134 452 190  29 335 173 421  49
 427   7 320 240 175 221 405 272  36 459 448  53 392 238  66  75 358  32
 352 485 377 404 157  43 454 410 121 439  61 107 441 145 172  26  51 143
 176 425 198 349 307 229  47 235 492 327 116 393 388 101 450 381 318 345
 193 141  71  64 383 379 365 319 222 132 312 369 133 472 390 455 108 294
 227 412 339  65  79 130 117 104 423  70  28 288 399 468 166 378 261  95
 456 480 431 296 497 451 418 273 255  50 311 158   9  21   0 432 197 239
 152  45 118 325 181 109 248  88 178 486 310  35  91 353 324 280 271 287
 100  42 188 126 184 191 252 218 114 346  80 447 236 115 245 413 442  90
   4  72 340 330 264 162 386  24 284 208 202 201 233  39 467 299 435 185
 112 140 103 167 331 231  13 315  68  63 321 136 297 359 168 183 206 434
  84 106  25  48 483 179 187 196 160 251 124 366 210 180 426 493  12 125
 194 171  19 415 298 306 417 446 260 285 499 376 220 482 357 286 416  57
  16  38 443 263 338 105 163 403 292  54 102   5 342 402 371 488 169 225
  83 265 474 489 151 471 382 495 344 186 278  22  34 397  20 401   2 249
 276  92 274 479 256 234 449 113 460 475 496  93 305 445 465 419  56  69
 195 481 268 269 139 433 226  37 309 150  78 204 422 375 153]
GPU0
set random seed!
finished RVND in 4.088296175s
data-line;initial_solution;33355014;final_solution;2040453;time;4.088296175;counts;529;fv;[];cv;[327, 131, 61, 8, 2];imp;16.3468670927
