pydf_home: /home/rodolfo/git/Sucuri
simple_pycuda_home: /home/rodolfo/git/simple-pycuda
wamca2016path: /home/rodolfo/git/wamca2016/
localpath: /home/rodolfo/git/dvnd-df/code/dvnd-df/src/
WAMCAPATH:/home/rodolfo/git/wamca2016/
Using already created file:  wamca2016lib.so
Size: 318 - file name: 04_lin318.tsp
ns:  [<function <lambda> at 0x7fdef6adf0c8>, <function <lambda> at 0x7fdef6adf140>, <function <lambda> at 0x7fdef6adf1b8>, <function <lambda> at 0x7fdef6adf230>, <function <lambda> at 0x7fdef6adf2a8>]
ns:  [<function <lambda> at 0x7fdef6adf230>, <function <lambda> at 0x7fdef6adf140>, <function <lambda> at 0x7fdef6adf2a8>, <function <lambda> at 0x7fdef6adf1b8>, <function <lambda> at 0x7fdef6adf0c8>]
85770654-[ 50 200 108 193 210 266 239 287 279  71 103  83 258 124 191 175 131 207
 167 222 263 317  40 186 301 114 218 211 172 177 243 267 135 241 157 176
 104 192 312  66  96  89 165 161  36  52  35  59  60  94  44 219 138  14
 229 261 198 133 132   2  55 166  21  62 285  99 156  48 260  33 253  92
 300  13  26 119 281 304   6  64 122 271 292 290 232 164 106 227  39 195
 139   1  25  63 305 203 310 277 252 142 276 128  79  82   3 130 111 251
  38 262 295 275  77  56  75  32  29 216 184 180 162 178   7 233 204  10
 115 209 155 100  85  58  69  51 280 214 293 225 217 183  45 246 240 127
 196  54 146 212 140  46 181 299  61 171 308 126 110  91 237 120 309 264
 244 248   5 256 297 134 107 206 197 188 316 242  27  65 268 116 235  84
  19  28 282  42  30 179 152 208  18 145 294 255 314 189 121   9 187  22
 215 272 288 226 105 141 278  81 213  70  93 238 199 201 270 129 245 136
 113 273  98  86 231 154  15 125  23 230  68 311 234  90 169 123  49   8
  97 220 224 249 296  47 302  20  41 168 185  17  16 291 158 170 259  95
  74  78 148 205 144 254 274  73  80 102  57 173 221 228 283 149 160 269
  72  53  76  31 117   4 159 307 190 223  11  37  87 247 284   0  24 151
 137 250 303 315  34 147 313  67  43 118 101 112 289 153 182 236 109 150
 298 257 194 306 265 143 163 202  12  88 286 174]
GPU0
set random seed!
finished RVND in 2.54880690575s
data-line;initial_solution;85770654;final_solution;6295673;time;2.54880690575;counts;385;fv;[];cv;[234, 98, 40, 10, 3];imp;13.623746659
