pydf_home: /home/rodolfo/git/Sucuri
simple_pycuda_home: /home/rodolfo/git/simple-pycuda
wamca2016path: /home/rodolfo/git/wamca2016/
localpath: /home/rodolfo/git/dvnd-df/code/dvnd-df/src/
WAMCAPATH:/home/rodolfo/git/wamca2016/
Using already created file:  wamca2016lib.so
Size: 501 - file name: 05_TRP-S500-R1.tsp
ns:  [<function <lambda> at 0x7f0085c990c8>, <function <lambda> at 0x7f0085c99140>, <function <lambda> at 0x7f0085c991b8>, <function <lambda> at 0x7f0085c99230>, <function <lambda> at 0x7f0085c992a8>]
ns:  [<function <lambda> at 0x7f0085c990c8>, <function <lambda> at 0x7f0085c99230>, <function <lambda> at 0x7f0085c99140>, <function <lambda> at 0x7f0085c992a8>, <function <lambda> at 0x7f0085c991b8>]
33347951-[262 180 354 176 162 481 334 146 362 205 312 396 488 390   9 185 281 118
 436 231 363 307 194   6 335 438  17 454 270 471 417 392 424 279  71  97
 187 256 254 399 268 468 227  93 388  39 309  28  77 375 323 410 119 303
 428 420 313 320 233 316 441 324 322 102 209  95 169  83 291 435 200  50
  52 391 253  79 126 485   5 184  51 140 199 415 265 482  66 374 380  14
 191 171 289 278  53  70 447 108 220 137 366 214 150 426  19 457 346 280
  90  65 369  78 461   1 182  31  73 115 310  88 349 445  46 222 413 167
  67 250 155 483 450 408 356 236 226 352 235 495 299 206 133 224 347 158
  49 111  47 418 147 423 498 127 101 358 361 430 131 314  30  21 398 364
 210  86 394 296 165 197 211  60 161 431 305  34 331 344 443 277 164 230
 332 368 453 134 487 213 341 292 490 469  48 475 381 138 263 221 372 172
 467  40 145 123  29 173 246 266   3 269 427  16 129 376 401  68 384 272
  55 298 416 353 117 148 196 125  38 378 477  15  43 460  72 329 157 288
 350 473 287 422 109 286 371 306 367 136 439 103 153 328 139 228 105 107
  24 156  36 373  76  81 377 124  12 480 248 470  80 425  59   4 325 128
 321 106 121 215 240 301 274  27 429 247 163  74 160 249 181 300 275 455
 141  10 260 440  11 244 446 283  33 154 412 406  25  82  85 168 484 218
 245 357 290 370 333 282 393 493 421 234   8  64 110 336 496 343 407 317
 232  13 462  32 419  62 433  18 304 458 208 494 465 434 463  58 432 241
 152  20 308 112 442 190 257 189 479 348 216  23 159 337 342 326 166 318
 259 491 204 386 264 302 177 258 330 382 387 365 464  22 271 239 229 255
  94 486  26   7 130 397 497 452 311  69 359 122 132 267 186 492 120 135
 179  91 207 437 379 293 403 195 297 385 116 237 476 261 104 355  92 170
 383 339  37  54 219 251 100 142 360 114 192 217  98 225 178 223 193 402
 113 327  89   0 175 284 472 212  57  61 238 295 315 500 444 395 338 351
 345  87 252 474   2 404  96 459 409 202 389 448  99 319 285  56 174 183
 243 203 151 449  35  41 466  75 400 294 188 276 143 489 405  45 144 242
  44 411 456  42 273 340  84 451 499  63 478 149 414 201 198]
GPU0
set random seed!
finished RVND in 4.81332683563s
data-line;initial_solution;33347951;final_solution;2013865;time;4.81332683563;counts;638;fv;[];cv;[386, 163, 73, 12, 4];imp;16.5591789916
