pydf_home: /home/rodolfo/git/Sucuri
simple_pycuda_home: /home/rodolfo/git/simple-pycuda
wamca2016path: /home/rodolfo/git/wamca2016/
localpath: /home/rodolfo/git/dvnd-df/code/dvnd-df/src/
WAMCAPATH:/home/rodolfo/git/wamca2016/
Using already created file:  wamca2016lib.so
Size: 783 - file name: 07_rat784.tsp
ns:  [<function <lambda> at 0x7fbb9ec270c8>, <function <lambda> at 0x7fbb9ec27140>, <function <lambda> at 0x7fbb9ec271b8>, <function <lambda> at 0x7fbb9ec27230>, <function <lambda> at 0x7fbb9ec272a8>]
ns:  [<function <lambda> at 0x7fbb9ec270c8>, <function <lambda> at 0x7fbb9ec272a8>, <function <lambda> at 0x7fbb9ec27230>, <function <lambda> at 0x7fbb9ec271b8>, <function <lambda> at 0x7fbb9ec27140>]
71084849-[ 31 210 113 296 207 378 353 727  94 733  50   8 173 426 221 165 149 203
 215  93 471 584  92 569  55 393 148 388 517 715 351 716 523  27 534 446
 329  38 612  66 260 346 539   2 461 771 289 480  99 313 137  71 238 417
 259 286 321 562  85  67 617 380  19 537 387 748 104 448 548 172 712 686
 414 596 623 718 415 488 708 663 575 641 646 398 489 201 381 618 145 572
 720 318 266 747 205 146 323 485 695  73 755 664 594 427 772 206 444 108
 536 632 435 546 619  18 430  74 493 622 410 188  21 648 428 413 705  58
 752 302 406 455 220 714  75 350  32 316 270 303 634 656 721 706 253  23
 735 734 729 359 459 655 314 505 644 224 106 682 567  41 345 115 637 366
 611 688 533 642 301 442 402 680  91 466 698 196 462 222 778  65  76 339
 717 344 475 277 685 374 371 304 292 273 494 458 118 136 620 132  70 500
 419 504 501  96  63 191 355 134 526 124 392 750 661 532 506  33 334 159
 456 508  49 675 216 602 577 693 405 713 565 690 369 576 169 464 418 579
 195 704 544 527  34 608 268 549 250 509 542  78 519 123 281 719 492 312
 347 531 372 578 491 101 105 681 585 234 515 140 451 425 753 308 626 597
 147 781 665 138 691 595 689 163 338 591 767 152 154 276 658 606 382 625
 560 700 757 692  88 739 135 649 295 749 559 759 202 483 421  47 631  95
 561 178  35 445 198 409 422 512 153 310 552 190 731 469 503 364 486 669
  43  20 407 186 668 290 647 293 244  14 657 397 438   5  28 516 603  39
 180 141 361 139 555 474 249 252 396 639 404 621 627 107 694 315 335 376
 126 337 175  68 615  30 496 566 143 551 200 476 299 722 468 401 671 429
 465 745 111 450 743 628 638  12 737 127 437 122 412 269 375 232 738 530
 756 389 164 411 271 754 306 769 590 479 162 278 168 204 768 325 673 524
 477  36 291 283 274 219 167 192 379  11 660 262 408 336 760  97 213 633
 217 373 236 470 593 582 114 670 187 298 160 573 545 457 343 181  54 322
 640 121 730 358 117 340 214 319  77 305 157 614  69 247 741 601  56  60
 449 636 460 237 282 540 650  45 317 385 703 521 687 327 447 288 557 538
 779 155 119 245 218 775 258 645 386  89 324 309 605 199 242 667 467 677
  90 528 478 182 610 581  40  26 229 189 630 666 463 777 762 103 102 391
 243 724 676 211  10 233 436 256 130 363 774 390 441 177 171 773 399 580
 443 672 403 120 599  46  80 711 109 185 725 662 241  15 294 320 377 764
 553 547 331 128 131 328 736 432  51 651 589  84 472  17 357 248 267  53
   3  72 265   4 522 348 554 161 158 129  57 679 133   6 440  62 239  83
 356 525 742 383 535 110 583  61 330 507 240 659 264 333 223 307 285 246
 498 558 740 297 613 144 300 212 598 100 707 280 728 709 433 600  44 732
 311 179 652 193 255 758 499 362 746 490  59 604 287 194 684 384 332 184
 349 699 416 520  29 352 116 420 142   7  22 360 481 726 424  13 228 209
 225 166 710 571 342 263  87 574 541 354 394 654 254  64  81 513   9 183
 208 766 751 257 365 272 776 510 275 227 643 395 174  79 453 439   0 629
  24 370 284  16 697 231  82 484 678 563 341 197 367 570 529 502 653  25
 112 423  42 431 482 434 564 261 568 780  37 454 696 744 497 674 156 550
 518 452 635 683 723 587  98 588   1 150 125 607 170  86 586 761  52 556
 326 495 782 702 251 770 763 609 151 235 624 514 400 473 368 176  48 511
 279 765 226 616 230 701 543 487 592]
GPU0
set random seed!
finished RVND in 14.3831140995s
data-line;initial_solution;71084849;final_solution;3418059;time;14.3831140995;counts;1123;fv;[];cv;[633, 310, 159, 18, 3];imp;20.7968466899
