pydf_home: /home/rodolfo/git/Sucuri
simple_pycuda_home: /home/rodolfo/git/simple-pycuda
wamca2016path: /home/rodolfo/git/wamca2016/
localpath: /home/rodolfo/git/dvnd-df/code/dvnd-df/src/
WAMCAPATH:/home/rodolfo/git/wamca2016/
Using already created file:  wamca2016lib.so
Size: 657 - file name: 06_d657.tsp
ns:  [<function <lambda> at 0x7f6d934060c8>, <function <lambda> at 0x7f6d93406140>, <function <lambda> at 0x7f6d934061b8>, <function <lambda> at 0x7f6d93406230>, <function <lambda> at 0x7f6d934062a8>]
ns:  [<function <lambda> at 0x7f6d934060c8>, <function <lambda> at 0x7f6d93406140>, <function <lambda> at 0x7f6d934062a8>, <function <lambda> at 0x7f6d934061b8>, <function <lambda> at 0x7f6d93406230>]
290298778-[308   3 603 332 269 116 559 201 501 636  57 516 341 398  22 415 572 628
 632  71  54 421 445 106 317 122 188 204 646 290 484  10 643 184 185  55
 306 550 500 497 418 574 557 248 168 152 387  15  61 216 285 470 305  77
 266 441 361 371  96 175 525 599 595 614  97 627 443 399 440 239 310 298
 296 256 275   2  31 249 555 140 604 566 260 338 333 538 591  24 411 518
  43 378  89 242  81 346 426 280  11 503 383 451 478 355 606 147 533  28
  44  72 124 637 143  38 250 270 452 607 477  45 481 645 449 348 313 545
 262  91 612 377 641 309 158 123 241 321 450  46 328 417 439 618 590 432
 480 396  14 368 523  70   0 529 542 149 312 403 594 476 276 134 365 492
 605 199 624 334 568 319 526 374 247 153 537 192 299  68 244 488   7 536
  37 514 620 350   9 238  67 625 354 326 221  39 343 171 115 560  42  47
 486 429 520 160 619 272 112 165 414 182 240 552  64 650 235 461 364 133
 218 556  33 581 130 543 600 237  76  12 634 608  78 196 234 471 539 522
 473 507 191 474 132 491  84 447 316 410 259 107 649 340 252 515 206 362
 190 345 330 535 151  88 293 314 318 395 611 225 458 278 436 329 339  73
 126 454 113 485 120 257 210  30 640 258  21 582 651 224 105 379 156 288
 125 370 647 353 392 580 336 277  41 502 284 145 494 638 419 135 654 413
  58 167 222 279 483  35 195 382 303 189 585 223 359 289 401 577 548 455
 495 282 236 127 268  29 510 177 596 281  26 119 423   5 381 623 479 155
 434 380 173 351 323 287 228 540 219 408 212 169 424 573 136 446 652 656
 253 203 129 146 601 422 579 397  16 230  69 302 187 297 431 356 274 325
 393 464 232 617  85 517 264 575 344 142 562 531 200 407 141 148 131 193
 261 286 176 245  13 564 416 291 592 420  50 144 457 233 157 255 541 400
 208 179 468 412 121 373 512 469 583   8 406   6  63 315 409 391  17 162
 265 648  65 509  20  51 475 389 273 465   1  49 639 375 394  75 549  59
 170  79 405 576  32  66 609 390  18 621  36 630 220 110 490 342 161 118
 456 139 425 172 102 301 101 430 385 324 226 506 561 111 114 320 433 307
 563 367 197 467 331 466 642 108 229  53 615 337 527 448 613 597 428  48
 489 472 460 103 519  25 376 164 631 521 254 388  62 553 246 463 544 372
 598 626 138 586  92 570 300 644 159 508 217 202 128 311 214 442 427 438
 205 294  23 322 207 587 578 137 267  93 251  99 589 357 335 498 186 349
 610 263 352 183 487 194 363 163 209  82 547 571 304  90 546 532 166 369
 444  87 437 482 384 565 496 524 504 602 215 616 588  60 622  52 174 327
 227 635 558 593 511 459 198 402  98 150 493 117 386 530  56  86 211 178
 154 100 181 180 528  27 231  83  80 283 104 505 271 567 243 554 462 347
 584 453 499 358 404   4 633  34 435  19  74  40 653 360 295 569 629 109
 655  95 551 513  94 213 292 534 366]
GPU0
set random seed!
finished RVND in 8.03128194809s
data-line;initial_solution;290298778;final_solution;14507700;time;8.03128194809;counts;799;fv;[];cv;[459, 209, 120, 8, 3];imp;20.0099793903
