pydf_home: /home/rodolfo/git/Sucuri
simple_pycuda_home: /home/rodolfo/git/simple-pycuda
wamca2016path: /home/rodolfo/git/wamca2016/
localpath: /home/rodolfo/git/dvnd-df/code/dvnd-df/src/
WAMCAPATH:/home/rodolfo/git/wamca2016/
Using already created file:  wamca2016lib.so
Size: 226 - file name: 03_pr226.tsp
ns:  [<function <lambda> at 0x7faaa89f70c8>, <function <lambda> at 0x7faaa89f7140>, <function <lambda> at 0x7faaa89f71b8>, <function <lambda> at 0x7faaa89f7230>, <function <lambda> at 0x7faaa89f72a8>]
ns:  [<function <lambda> at 0x7faaa89f71b8>, <function <lambda> at 0x7faaa89f7140>, <function <lambda> at 0x7faaa89f7230>, <function <lambda> at 0x7faaa89f72a8>, <function <lambda> at 0x7faaa89f70c8>]
189008584-[159  97  56  14  11   0  62  80 161 197  70 148 220 187 116 221 128 121
  92   4 190 130 188 219 136  49  79 206  34 104 196 176 153  57  93 205
  55 223 166 142  81 123  53 115 177 213  72 184 211  12 186   7 204  45
  51 164  21  59   9 124 189 198  75  99  96 110   5  30  48  98  15   1
 117  64  19  33 208 129  54  41  18 199 218  88   2  46  60 203  40   8
 106  37 112 152  77 215 202  66 225 141 147  44  94  76  25 151 179 212
 157  73  84 173 167 156 113 158 155  61 169 119 111 149 132 209  39 133
 175 145  16  83  86 103  91 100 194 163  65   6  82 107  13  38 195 118
 109  29 138 154  95  42 174  71  24 178 180  20 200 191 182 140 222 168
 126 170  32 134 144 193 162 122 108 150  28  52 131 105 216 171 185 160
 217 181 120  90  35 165 101 139  87  74  27  89  58 135 114  31 137 183
 102  36 214 210 172  85  26  43 127  78  67 125  22  23  17 224   3  10
  50  69 201 207 146 143  63  68 192  47]
GPU0
set random seed!
finished RVND in 4.64096784592s
data-line;initial_solution;189008584;final_solution;7034224;time;4.64096784592;counts;756;fv;[];cv;[694, 43, 17, 1, 1];imp;26.8698557225
