pydf_home: /home/rodolfo/git/Sucuri
simple_pycuda_home: /home/rodolfo/git/simple-pycuda
wamca2016path: /home/rodolfo/git/wamca2016/
localpath: /home/rodolfo/git/dvnd-df/code/dvnd-df/src/
WAMCAPATH:/home/rodolfo/git/wamca2016/
Using already created file:  wamca2016lib.so
Size: 501 - file name: 05_TRP-S500-R1.tsp
ns:  [<function <lambda> at 0x7fcc0a39d0c8>, <function <lambda> at 0x7fcc0a39d140>, <function <lambda> at 0x7fcc0a39d1b8>, <function <lambda> at 0x7fcc0a39d230>, <function <lambda> at 0x7fcc0a39d2a8>]
ns:  [<function <lambda> at 0x7fcc0a39d1b8>, <function <lambda> at 0x7fcc0a39d230>, <function <lambda> at 0x7fcc0a39d140>, <function <lambda> at 0x7fcc0a39d0c8>, <function <lambda> at 0x7fcc0a39d2a8>]
33187040-[172 233 315 475 347 252  38 216 234 435 106 101  82 243 306 184 361 166
 356 460 262   5 329  80 305  45 308  73 457 405 487  79 468 484 296 271
   2 476 380 362 108 350 406  24 411 295  68 419 335  72 183 334 456 469
 438  71 304 111 421 107 442 159 280 364  31 112  25 104 119 494 207   9
 474 272 436 146  10 341 417 130  36 493 169 353 403 428  77 351 263 148
  11 412 429  28 224 236 269 197 110 205 423 345 482  85  74 365 455 404
 102  33  99 279 416 194 273 266 152 319 310  87 277   3 325 199  40  29
  54  83 268 402  98 149 418 300 433 394  35 400 339  66 164 307 196 170
 209 239 480 390 388 223 407  91  17 113 395 267 333 132 391 446 139  20
 434  55 312 124 441 261  92 386 426 226 178 368 317 165 343 260 326 472
 420 500 425 211  34 473 359 373 249 287 483 370 389 195  19 332 257 415
 248 320 203  93 220 157 422 214 358 161 298 133 255 237 232  69 495 470
 191 125 346 471 188 222 256 285 385 115 283 117 258 231 200 374 284 382
  32 244 168 128 246  90 447 163 448 251 180 270 461 414   1 424  46  14
 225  57 265 443 479  95 387 377 259 254 324 485 327 360 314 218 496 489
 302 181  97 145 497 383   7 118 242 397 135 275  88  15 154  27 201  22
 465 499 318 126 137 131  81 313 453 444 143 134 432 177 399 478  60 366
 103 123 221 109 142 309 241 490 228 116 467 240 174 401 206  94  76 153
  89  56 120  63 413  84 492 193  16 238  26 286 430 381 321 375 357 301
  50 311 182 204 427 140  23  48  21  96 160 141 410 331 187 179 328 175
 105 337 355 264 498 322 363   4 176  41 282 114  67 367 477 171 342 354
  65 336 229  42 167  37  53 338 392 278 372 129  64  13 398 384 440 235
 303 378 294  52  18 488 344  30 162 491 281 316 450   6  62   8  43  51
 288  75 210 185 138 458 217 230 247 409 330 464 376 439 466 352 291 396
 190 158 459 481 198 253 274 155 408 299 371 215 250 449  47  86 323 100
 276 462 293 297 431  39  58 173 147 189  12 349 290  49 486 192 122 150
  61 289  44 186  59  70 144 202 156 454 445 292 379 208 212 340 136   0
 245 227 219 121 127 369 437 451 463  78 452 213 348 151 393]
GPU0
set random seed!
finished RVND in 5.59636902809s
data-line;initial_solution;33187040;final_solution;1997898;time;5.59636902809;counts;757;fv;[];cv;[449, 199, 94, 11, 4];imp;16.610978138
