pydf_home: /home/rodolfo/git/Sucuri
simple_pycuda_home: /home/rodolfo/git/simple-pycuda
wamca2016path: /home/rodolfo/git/wamca2016/
localpath: /home/rodolfo/git/dvnd-df/code/dvnd-df/src/
WAMCAPATH:/home/rodolfo/git/wamca2016/
Using already created file:  wamca2016lib.so
Size: 501 - file name: 05_TRP-S500-R1.tsp
ns:  [<function <lambda> at 0x7f5e43e7c0c8>, <function <lambda> at 0x7f5e43e7c140>, <function <lambda> at 0x7f5e43e7c1b8>, <function <lambda> at 0x7f5e43e7c230>, <function <lambda> at 0x7f5e43e7c2a8>]
ns:  [<function <lambda> at 0x7f5e43e7c140>, <function <lambda> at 0x7f5e43e7c0c8>, <function <lambda> at 0x7f5e43e7c230>, <function <lambda> at 0x7f5e43e7c2a8>, <function <lambda> at 0x7f5e43e7c1b8>]
33942012-[121 140 346 227 324 289 312 224  78 488 154  63 491   6  88 416  14  81
 248  92 418 298 217  95 246 120 374 483  23 489 356 463 326  47 172 223
 384 409 334 397 270 471 306 111 355 262 364 268 395 452 339 156 277 461
 465 170 478 390   5 350 311 451  66 265 335 443 253  61 102  69 117  45
 160 383 283 196 467  60 422 213 338 128   7 173 323 240 135 208 490 275
 209 391 333  85 162 340 327 497 331 245 178 276 500 427 282 344 376  40
 464  44  38 171 199 462  31 212  72 473 259  48 404 174 411 313 279 206
 191 151 434 430  79 300 183 394 165  43   3 442 447 388 485 237 123 319
 155 249 484 351 280 369 366 106 278  24 407  34 255  56 161  68 499 337
 321 125 149 284 222 398 234 329 228 100 437 482  37 136 354 307 188 153
 360 302 130 405 431  49 139  70 192 169 274  71 203 261 137 194 381 176
 433 193 263 250 238 342 439  74 229 129 195 367 426 392 251 423 287 256
 299 361 402 184 292 493 142 408 413  84  89  50 448 477 272 207 417 308
 232 190  67 187 393 382 168 163 166  19 438 226  57 291 124 320 304 214
 328 108 221 362 301 242 487 385 466 257  94 288  17 472 336 379 141 252
 216 243  87 231 455 132 180  53 495  65  82 269 410 273 113 352 332 401
  18  73 348  90 150  35 371 446  91 159 200  51 258 370 480 230  83 293
  54 372 247 197 377 119 286 281  76 201 310  52   1 429   0 325   8  39
 157 353 115  16 436 373 359 421 211 396 460  22 470 458  77 456 419 440
 469  62 441 177  46 202  55  42 264 175 186 114 104  21 143  13 357 428
  28 314  32 267 322 400  33 474 110 131  29 454 305 345 486 294 254  75
  12 420 126 445 347   4 318 285 220 387  64 145 444 341 205 144  25 185
 476 127 133 389 236 266 138 468 118  27 432   2  36  59 198 164 415 189
 330 105 219 112  30 148 449  10 116 101 406 103 496 235 380 363 134  93
  97 475  15 109 412   9  58 297  20 158 494 271 386 167  86 365 317 315
 122  99 399 107 457 218 375 368 296 210 303  80 241 424 358 239 459 146
 244 147 309 498 215 492  11 343 295 260 181 349 435 453  41  98 403 425
 225 290 479 179 414 204 481  26 450 378  96 152 182 316 233]
GPU0
set random seed!
finished RVND in 6.11846113205s
data-line;initial_solution;33942012;final_solution;2020160;time;6.11846113205;counts;769;fv;[];cv;[426, 229, 100, 11, 3];imp;16.8016454142
