pydf_home: /home/rodolfo/git/Sucuri
simple_pycuda_home: /home/rodolfo/git/simple-pycuda
wamca2016path: /home/rodolfo/git/wamca2016/
localpath: /home/rodolfo/git/dvnd-df/code/dvnd-df/src/
WAMCAPATH:/home/rodolfo/git/wamca2016/
Using already created file:  wamca2016lib.so
Size: 657 - file name: 06_d657.tsp
ns:  [<function <lambda> at 0x7fae4db980c8>, <function <lambda> at 0x7fae4db98140>, <function <lambda> at 0x7fae4db981b8>, <function <lambda> at 0x7fae4db98230>, <function <lambda> at 0x7fae4db982a8>]
ns:  [<function <lambda> at 0x7fae4db98230>, <function <lambda> at 0x7fae4db980c8>, <function <lambda> at 0x7fae4db98140>, <function <lambda> at 0x7fae4db982a8>, <function <lambda> at 0x7fae4db981b8>]
287482400-[636 238 527 382  83 256 612  15 590  12 540 282 360 564 552 284 170 127
 429 573 492  32 377 230 288 116 292 200 498 401 453 455 477 324 103 653
 286 177 562 579 387 211  89 124 206  94 578 249 557 372 162 204  50 449
 161 407 637 386 178  81 222 431 547 176 649 553  78 327 507  57 219 390
  52 616 106 164 247 163 165 145  93 307 542  67 518 330 311 509 595 630
  58  97 594 281 447 427  49 259 433 646 326 208   9 150 502 152 560 587
 154 549 608 137 623 489 625 403   4 341 654  88  60 445 607  64 582 499
 535  41 316 294 469 423 620 171 487  36 368 568  39 629 266   3 588 515
   2 635 446 117 614 597 561 212 218 638 584  80 358 383 255 332 328 611
 528  16 397 369  13 417 389 422 514 613  70 108 175 114 299 120 482 619
 475  71 640 645 260  30 396 435 132 202 272 593 104 454  26 160  21 270
 468 149 235 323 438 289 650 242  86 656 436 221 617 123 471 430 352 488
 448 424 437 476 205 315 545 280  74 100 317 191 604 441  53 168 639 580
  61 125 592 628 643  51 138 321 421 267 364 291  69  38 186 172 237 648
 354 425 602 112 533 113  19 335 652 394 306 574 183 322 598 524 575 591
 432 385 491  79 153  90 522 618 434 464 485 131 596  56  47 333 339 497
 194 273 632 381 531 490 530  10  11 142 263 494  42 647 135 473 513 466
 181 262 526  66 480 395 548 563 361 577  46 346 373  87 516 398 467 355
 384 452 631 349 119 367 246 508 320 520 506  31 420  95  99 193  98 576
 348 537  43 406 405 495 248 633 378 254 375 277 184 532 157 301 572 504
 305 151 415 240 496 444 413 225 450 651 539 251 366 182 483 622 268  55
  92 350 118 337 479 357   7 642   6 615 274 541 269 605 589 189 416 302
  23   0  27 136  59 179 228 521 111 213  18 442 226 478 156 232 481 187
 283 503 356 312 510  85 465 565 109 655  33 546 169 538 559 556 414 600
 140 472 261 126 419 310 102 627 234 197 173 606 370 519 180 229  73  14
 418 440 203 376 245 351 329 581 220 133  65  76 293  77 569 190 443 209
 392 400 457  35 243 231 439 290 554 279 110 227 347 363 285 195 501 239
 340  45 634 451 313 233 523   8  29 555 379 601 529 241 460 586 362 470
 298 331 287 201  72 343 314 115 408 304 128 583 198 158 641   5 610 511
 484 295  63 167 585 215 224 500 147 122 185 365 566 626 371 264  82 410
 253  24 143 188 101   1  40  28 121 428 192 534 461 275 217 214  34 426
 404 570  68 244 196 344 571 536 271  20 512 130 334 199 374 644 308  25
  48 159 567 216 459 609 318 486 599 210 411 129 603 380 134  22 107  84
 265 517 141 257 336 325  37 621 105 456 624 353 148 558 388 146 345 359
 402 525 544  62  75 223 236 250 338 174 399 166 391 551 342 474 493 393
 155 278 409 309 412 463 319 300 462 144 252 139 296 550 505 543 303 458
 258  44  91 297  54 276 207  17  96]
GPU0
set random seed!
finished RVND in 8.35652184486s
data-line;initial_solution;287482400;final_solution;14302990;time;8.35652184486;counts;833;fv;[];cv;[524, 210, 85, 11, 3];imp;20.0994617209
