pydf_home: /home/rodolfo/git/Sucuri
simple_pycuda_home: /home/rodolfo/git/simple-pycuda
wamca2016path: /home/rodolfo/git/wamca2016/
localpath: /home/rodolfo/git/dvnd-df/code/dvnd-df/src/
WAMCAPATH:/home/rodolfo/git/wamca2016/
Using already created file:  wamca2016lib.so
Size: 783 - file name: 07_rat784.tsp
ns:  [<function <lambda> at 0x7f4c0e61d0c8>, <function <lambda> at 0x7f4c0e61d140>, <function <lambda> at 0x7f4c0e61d1b8>, <function <lambda> at 0x7f4c0e61d230>, <function <lambda> at 0x7f4c0e61d2a8>]
ns:  [<function <lambda> at 0x7f4c0e61d230>, <function <lambda> at 0x7f4c0e61d140>, <function <lambda> at 0x7f4c0e61d0c8>, <function <lambda> at 0x7f4c0e61d1b8>, <function <lambda> at 0x7f4c0e61d2a8>]
67665373-[142  37  25 536 507 780 406 727 473 546 768 680 253 449  87 211 668 717
 313 470 193 103 306 598 462 675 384  90 685 610 358 154 100  42 517 656
 205 700 730 304 116 115 711 716 637 682 410 562 506   1 323 608 678 463
 409 276 364 314 620 592 633 178  22 153  41 709 744 208 351 570  20 732
 673  23 775 122 133 576 347 538  97 714 164 190 180 394   6 617  64 604
 282 520 206 127 391 157 307 411 451 342 357 295  83 234 683 702 707 131
   5 667 272 500 285 174 226 516 383   8 498 505 490 290 776 152 583 269
 761 214 181 344 522 758 705 296 658 402 427 302 679 459 356 209 227 585
 703 404 441 218 514 560 368 426 773  59  53 591  77 221 271 579 659 651
 572 547 405 630 623 584 229  57 715 446 607 372 468 422 346 360 124 328
 325 230 146 423 603 318 625 556 293 165 378 162  45 330 147  13  46 254
 706 217 247 495 593 380 621 341 386 544  28 444  61 719 568 545 531 315
 757 756 503 478 458 374 334 765  54 445 248 483 335 736 311 212 533 475
 177 135 486 236 523 369 256 723 440 580 424 435 753 336 204 655 439 525
 270 416 329 425 348 676 762  79 634 553 648 443 106 137 370 222 541 155
  43 107 397 199 316 461  35 309  73 337 192   0 129 549 317 243 267  10
  65 225 136 686 430 469 437 557   4 512 429 763 168 540  32  67  92 504
 278 613 213  18 734 291 740 185 345 551 710 644 712 246 438 524 166  24
 160 367 666 464 481 615 699 109  91  72 176 729 393 128 195 119 605  17
 632 353  78 588 631 442 274  96  68 158 654 687 319 663  71 257 622 640
 647 159 418 476  95 112 466 550 395 120 240 216 577 691 266  81 493 743
 373 636 616 455 191 189 624 574 453 641 681 611 596 123 671 361 742 643
 601 420 722 431 677 600  89 769 139 539 151  27 255 564  12 321 759 555
 421 721 349 224 242 371 260 114 771 287 559 452 251 499 661 376  88  19
 569 590 766 578 187 657 497 350 412 772  76 665 262 515 392 382  16 534
 662  86 770 322 375 288 301 597 414 389 398 280 642 561 619  60 653 235
 748 252 148 219 138 279 196 281 652 450 638 467   9 210 117  74 184 694
 492 764  40 179  62 563 292 183 542  36 241 645 669 518  38 725 297 670
  80  70  49 338 565 432 693 340  39 434 552 554 149 363 567  34 223 156
 639 415 232  84 746 215 294 589 399 172 720 400 672 198 186 697 447 143
 264 704 575 167 755 355 747  69 339 479 298 175 265 275 110 513 456 487
 233 482 130 352 182  31 472 403 566 197 471 535 627 113 150 708  82 111
  52 303 428 261 599 689 488 606 767 126 737  21 602 333 377 354 105 132
 163 629 688 289 582 308 777 379 713 581 528 594  15 696 250 731 263 259
 305 548 529  98 161 612  58  75 690 258 735 774  51 532 728 511 530  30
 134 387 125 779 646 401 739 760 173 501 508 781 782 474 750  99 527 494
 207 145 510 718 413  48 419  50 299  63 778 121 543 283 390 650   3 245
 332 396 692 104 664 365 362 366 521 381 752 249 586 140  14 614 558 312
 170 388 454 200 745 228 300 526 201 477 284 496 108  93  26 519 618 701
 595  55 326  94 188 724  33 587 635 169 741 417 448  29 502  44 457 239
 237 141 220 324 238 407 754 628 277 144  47 286 194 537 738 726 203 698
 491 649 489 436  85 385 480 171   7 460 485 327 359  66 244  56 343   2
 433 320 118  11 626 751 268 749 331 695 465 660 573 101 609 408 202 273
 102 674 684 484 231 310 509 571 733]
GPU0
set random seed!
finished RVND in 12.224460125s
data-line;initial_solution;67665373;final_solution;3416483;time;12.224460125;counts;979;fv;[];cv;[544, 259, 149, 23, 4];imp;19.8055640845
