pydf_home: /home/rodolfo/git/Sucuri
simple_pycuda_home: /home/rodolfo/git/simple-pycuda
wamca2016path: /home/rodolfo/git/wamca2016/
localpath: /home/rodolfo/git/dvnd-df/code/dvnd-df/src/
WAMCAPATH:/home/rodolfo/git/wamca2016/
Using already created file:  wamca2016lib.so
Size: 501 - file name: 05_TRP-S500-R1.tsp
ns:  [<function <lambda> at 0x7f79c61d70c8>, <function <lambda> at 0x7f79c61d7140>, <function <lambda> at 0x7f79c61d71b8>, <function <lambda> at 0x7f79c61d7230>, <function <lambda> at 0x7f79c61d72a8>]
ns:  [<function <lambda> at 0x7f79c61d71b8>, <function <lambda> at 0x7f79c61d72a8>, <function <lambda> at 0x7f79c61d7230>, <function <lambda> at 0x7f79c61d7140>, <function <lambda> at 0x7f79c61d70c8>]
30994238-[120  78 478 227 462 233 249 481 159  30 295  38 145 185 345 437 364 488
   1 176 467 338  33  58  36 155 455 393 112  50 284  60 500 207  70 436
 446 389 411 292 377 439  62 322  63  39 293 288 140 457 177 378 350 300
 460 414 376  34  27 276 169 261  76 476  28 308 454 438  52 485 343 287
 247 386 351  79 241  85 289 183 297 495 257  20 205  88  71 146 111   4
  54 117 298 318 444  44 337 421 382 246  84  64 143 477 410  53 332 491
 442 394 328 226 400 498 429 104  86  69 200 449 219 209 119 432 236 102
 218 440 314 360 277  97 156 158 296 166 333 463 409  96 179 129  16 182
 268 434  56 321  32  93  73 195 451 121 235 230 258 320 348 254 216 305
 270 228 479  67 448 204 452 471 319 412 366  68 147 426 137 167  75 132
 234 456 196 301 334  26 398 116 214 459 291 165 206 181 425  57 306 480
  55 248 153 443 466 272 229 469  83 424 310  98 336 275  81 468 197  45
 404   3 344 325  92 133 131 427 375 420 368 172 123  74  82 372 403  29
 473 346  25  99 144 494 203 445 339 194 265  94 253 212 264 154 149 349
 142 267 435  21 307 370 423 317 114 126 312 278 367 125 369   0 354 152
  95 430 388 113 245  47  37   9 294 387 162 191 124 428 240 374 458 109
  80 231 482 105 483  43 330  24  17 380 418 303 331 302 486 157 244 110
  42  12 279 489 329 407  23 487 431 381 151 422 359 136   2 453 358 173
  18  13 180 313 315  89 413 461  19 492 222 184  66 401 347 192 342 396
 134 127 263 362 211  91 208 309  48 128 399 397 283 225 416 353 224 170
 402  35 493 285 237 101 496 464 198 419 148 232 383 171   6 255 371  59
 324 188 335 100  61 178 286  14   8 141 365 311   7 356 202 193 384   5
 363 465 406 220 373 210 470 475 273 256 199 260 161 130 217 107 251 304
 355 290 326 174  10 163 238 299 138 187 391 474 357 150  22 405 415 472
 242 327 223 395  31 215  46 441 239 164 221 323 484  15 103 280 408  77
  72  40 361 175 341 417 115 490 108  51  65  87 190 189 186 499 250 139
  90 392 135 433 269 262 266  49 340 497 106  41 316 282 243 390  11 160
 168 379 274 213 122 281 271 252 259 118 352 201 385 450 447]
GPU0
set random seed!
finished RVND in 5.94004797935s
data-line;initial_solution;30994238;final_solution;2024423;time;5.94004797935;counts;799;fv;[];cv;[457, 216, 116, 9, 1];imp;15.3101589935
