pydf_home: /home/rodolfo/git/Sucuri
simple_pycuda_home: /home/rodolfo/git/simple-pycuda
wamca2016path: /home/rodolfo/git/wamca2016/
localpath: /home/rodolfo/git/dvnd-df/code/dvnd-df/src/
WAMCAPATH:/home/rodolfo/git/wamca2016/
Using already created file:  wamca2016lib.so
Size: 657 - file name: 06_d657.tsp
ns:  [<function <lambda> at 0x7f0537c8c0c8>, <function <lambda> at 0x7f0537c8c140>, <function <lambda> at 0x7f0537c8c1b8>, <function <lambda> at 0x7f0537c8c230>, <function <lambda> at 0x7f0537c8c2a8>]
ns:  [<function <lambda> at 0x7f0537c8c230>, <function <lambda> at 0x7f0537c8c2a8>, <function <lambda> at 0x7f0537c8c0c8>, <function <lambda> at 0x7f0537c8c140>, <function <lambda> at 0x7f0537c8c1b8>]
282310785-[380   7 529 483 596 539 470 568  10 302 409 273 566 611 361 541 124 346
 573 505 399 546 308 388  37 343 644 370  99 476 295 402 128 280  43 134
 502 207 450 491 328 349   4 226 264 427 451 283 340 334 651 613 206 542
 238 147 276 610 411 177 266 208 637 513 435 326 558 132 312 300 197 141
 472 440 468 557 464 108  97 212 481 465 272  96 593  42 331 564 372 595
 251 509 222 417 313 288 228 165 648 597 376 459 261  49 260 618 552 584
 501 127 559 287  53 109 214 286 585 524 589  65 285 221 294 360  68 462
 540 454  63  89 225 229 231 157 249 219  31  61 163 428 620 256  94 656
 605 135 438 535 518 434   6 211 368 567 161 600 209 305 456 640  13 527
  19 547 267 602 576 144 398 511 479 352 357 213   2 233 338 633 423  54
 631 486 223 289 389 355 178 453 549 575 168 443 367 325  58 641 106 395
 323 252 198  47 359 497 153 482 445 617  32 621 180 599 227  67  30 173
 534 442 315 522 523  76 220 314  82 571 455  38  22 655 172 405 570 572
 588 504 192 444 371 239 347 619 354 457 418  92  57 391 480 188 363 303
 194 606 630 151 201  33 612 320 130 218  75 429  71  35 624 383 632 311
 544 604 160 555 122 578 582 277 581 512 123 244 396  16 196 433 416 339
 241 520 386  95 268 592  73 591 381 495 167 125 102 345 278 526 324  40
 265 293 275 191 532 263 322 190  77 626  84 448 281  93 397 373 374 607
 565 519  66 139  21 473 101 126 469 270 186 350 538 155 245 577 179 105
 243 586 174 579 394 332 166 341 622 337 496 400 508  41 420 176 330 507
 184 587  11 230 353 284  52  34 319  48   0 310 240 645 408 216 333 515
 616 608 598 375 493 120 366  88 603 543 202 129  28 152 348 461   3 169
 415 379 100 625 187 114  81 356  50 506  36 369 185 254  60 477 653 649
 274 646 296 517 516 492 181  51 351 121 525  64  87 365 422 318 210 563
 316 484 116 510 154 248 385 290 384 258 335  85 650   9 421   5 133 548
  12 103 358 382  98 601 531 590 297  17 537 156 242 431 159 304 182 452
 419 628  18 113 162 404 224 336 377 217 392 458 235 583 556 393 494 475
 425 378 142 478 521 136 500 652 344 634 488 466 490  27 148 189 401 309
 643 562 403 269 307 327 614  74 436 638 299 298 146 446 362  80   8 205
 149  79 623  15  20 467 594 561 171 430 615  29 503 447 246 574 390 306
 569 528 279 530 301 104 460 234 112 170 426  83 215 410 342 536 387 237
 253 533 111 554 119 115 471 647 635 321 236  46   1 414 193 138  39  78
 654 117  62  72 259 560 203  86 329 150 413 131 317  91 580  26 282 499
  70 407 200 204 636  69 257 143 498  59 550  25  55  44 145 485 107 449
 489 406 463 627 118 199 175 439 514 271  23  24 183 232 424 247 364 255
 164 158 629 292 551 474 110 262 412  56 553  14 639 140 545 609  90 291
 441 642 137 250 432 487  45 437 195]
GPU0
set random seed!
finished RVND in 7.88719916344s
data-line;initial_solution;282310785;final_solution;14409182;time;7.88719916344;counts;787;fv;[];cv;[469, 211, 93, 12, 2];imp;19.5924227343
