pydf_home: /home/rodolfo/git/Sucuri
simple_pycuda_home: /home/rodolfo/git/simple-pycuda
wamca2016path: /home/rodolfo/git/wamca2016/
localpath: /home/rodolfo/git/dvnd-df/code/dvnd-df/src/
WAMCAPATH:/home/rodolfo/git/wamca2016/
Using already created file:  wamca2016lib.so
Size: 783 - file name: 07_rat784.tsp
ns:  [<function <lambda> at 0x7f5fdf08c0c8>, <function <lambda> at 0x7f5fdf08c140>, <function <lambda> at 0x7f5fdf08c1b8>, <function <lambda> at 0x7f5fdf08c230>, <function <lambda> at 0x7f5fdf08c2a8>]
ns:  [<function <lambda> at 0x7f5fdf08c1b8>, <function <lambda> at 0x7f5fdf08c140>, <function <lambda> at 0x7f5fdf08c230>, <function <lambda> at 0x7f5fdf08c2a8>, <function <lambda> at 0x7f5fdf08c0c8>]
68349112-[522 277 666 591 139 707 114 544 570 610 410  96 576 389 661 437 624 579
  44 539 738 394 686 412 158 113  74  72 554 551 451 744 435 650 376 263
 590 381 288 521 416 508 230 401 761  73 396 678 312 501 542 221 192 245
  35 333 362 420 587 448 721 627 533 299 375 726  54 268 540  65 646 704
 185 458 325 697 318 441 614 628 694  37   3 100 352 324 371 747 432 358
 278  58  20 315 160 493 431 110 262  27 419  79  23 752  83 117 562 372
 126 413 136 730 474 481 547 369 287 737 725 572 164 567 422 353  50 405
 546 133 639 201 558 211  38 213 499 339 490 675  36 340 378 334 174 552
 343 566 466 173 491 303  17  57 599 301 588 384  63 286 254 379 156 212
 280 290 723 717 670 689 607 227 593 637  24 516   6 121 105 565 462 332
 243 232 503 393   9 253 668  67 781 756 543 400 349 248 198 586 482 426
 386 391 560 592 310 186 390 135 102 238   0 398 242 734 115 172 682 204
 200  40 727 319 367 279  82 218 231 776 108 765 561 128 276 476 283 275
 252 489 514 622 436 143 138 585 454  78 297 106 671 261 314 265 577 222
 162 167 187 255 282 713 620 667 442 778 452 728 537 512 753 690  59 617
  61 773  53 699 635 359 465 444  84 641 207 581  87 449 289 714  13 460
 433 111 445 673 220 602 683 692 199 770 739 342 500 463 615 680 619 193
 293 328 634  77 662 630 249 223 251 418 604 571 557 664 357 509 696 417
 354  68 569 150 529 345 337 335 154 764 336 626 735   7 176  76 632 304
 473 168 239 759 182 274 709 313 423 507 439 147 306 260 720 638 214 411
 772 291 478 511 564 536 120 302  42 326 206 269 681 356 527 472 256 131
  21 746 495 780 421  10 550  19 191 169 760 647  98  26  56 657 574 656
 330 229 296 285  47  71 424 157 403 122 471 519 596 446 170 137 663 151
  39 648 594 672 623 141 241 605 488 475 259 317  86 611 534 457  29 361
 385   1 184 246 271 404 479 777 545 171 732 415 775 703 363 414 702 425
 526 517 563 392 642 498 742 708 716 688 652 705 219 582 430 469 502 144
 763 341 225 693 101 771 505 629 284 659 669 307  99 609   8 124 118 487
 589 264 377 295 731 145  28 532 373 163 745 618  43 583 438 273  51 178
 338 497 743 541 762 388  80 407 322 712  34  22 188 309 768 175 123 250
 470 687 331 153 754 130 578 464 722 774 651 758 453 190 655 397 711 440
 601  92 698 236 215 266 665 695 166  30 679 518  75 408 769 767 691 483
 161 119  70 210   4 320   5 146 235 327 159 224 701 729  88 603 107 104
 350 538 658 308 217 202 724  11 189  55 323  81 684 395 226  41 595 748
  69 216 715 365 757 257  31 484 270 258 240 575 203 344  14 125 311 660
 267 468 129 194 597 455 434 179 530 149 205 134 148 456 402  32 645  15
 140 633  18 321 606 706 559 406  46 132 399 480 152 548 549  25  12 380
  94 573 443 741 368 685 676 374 387 447 183 109 383 494 180  45 520 197
 710 766  48 755 234 608 112 346 208  66  85  16 427 181 492 382 535 674
 348 461 782 740 718 485 631 459   2 613 142 298 525 568 165 621 370 616
 733 177 600 292 736 450 429 366 300 294  33 477 654 749 513  93  52 409
 598 244 556  62 496 428  91 228 347 305  90 779  49 247 644 553 116 155
 625 700 751 281 127 504 209  60 486 316 584 750 640 677  89 523 506 643
 636  97 528 653 351 612 580 719 510 364 467 355 329  95 103 649  64 531
 195 237 196 555 272 360 515 233 524]
GPU0
set random seed!
finished RVND in 11.6359989643s
data-line;initial_solution;68349112;final_solution;3477261;time;11.6359989643;counts;929;fv;[];cv;[568, 238, 103, 15, 5];imp;19.6560200687
