pydf_home: /home/rodolfo/git/Sucuri
simple_pycuda_home: /home/rodolfo/git/simple-pycuda
wamca2016path: /home/rodolfo/git/wamca2016/
localpath: /home/rodolfo/git/dvnd-df/code/dvnd-df/src/
WAMCAPATH:/home/rodolfo/git/wamca2016/
Using already created file:  wamca2016lib.so
Size: 501 - file name: 05_TRP-S500-R1.tsp
ns:  [<function <lambda> at 0x7f3dead650c8>, <function <lambda> at 0x7f3dead65140>, <function <lambda> at 0x7f3dead651b8>, <function <lambda> at 0x7f3dead65230>, <function <lambda> at 0x7f3dead652a8>]
ns:  [<function <lambda> at 0x7f3dead65140>, <function <lambda> at 0x7f3dead65230>, <function <lambda> at 0x7f3dead650c8>, <function <lambda> at 0x7f3dead652a8>, <function <lambda> at 0x7f3dead651b8>]
33686709-[416 308 235 230 343 461 327 265 237 100 254 363 497 313 435 453 112 411
 243 214  55  18 425 153  65 206 144 475  27 244 443 469  77  38 174 445
 260 158  74 357 219 306 183  80 389 200 303 217 259 127 376 204 336 105
 281 347 356 187 481   9  10 438 143  20 334 352 395 398 178 406 275 287
 172 282 316 428 258 379 249 113 173 436  79  81 162 368 185 339 236  70
  24 480  29 355  43 456 151 150  58 278 333 274   1 467  31 273 231 382
 102 194 161  35 366 309 295 216 329 220 139 251 441 345 170  67 490  71
  97 448 322 283  11 325 450  22 492 378 234 440  37 479  98 381 315 361
 263 485  59 323 117 359 181 140  30 146 427  32 110 238 471 131 409 268
 500 169 447 103  61 152 310 149 353 182 177 157  34 129  94  92 493 383
 430 328  57  49 164 439 466 454 319 367  75  56 108 431 486 137 142  14
 111 147  64  17 463 104 458 240 499 166 476  41 293 484 248 250   5 156
  25 360 184 227 311 192 286 400 189  88 385 188 397 422 269 292 405  51
 272 223  52 326 199 246 346 338  73 190 285  83  46 202 271 130  89 296
 225 307 384 221 446 176  19 330 390  45 266 350 349 141 348 483 114  69
 465 488 207  53 449 222 218 180 171 101 386 380 297  33 255 314  13 122
 301 135 413 433  63   2 374 302 126 442  44  23  86   0  15 451 392 191
 167 116   3 107  39 452 210 124 267 298 341 407 232 477  21 179 121 261
 138 462 233  66 375 284 404 437 496 264  54 120   6 344 211  78 312  91
  84 391 241 417 213 133 340 415 155 365 432 351 393 277  87 320 256 288
 212 253 434 195 354   4 224 148 136 410 304 125  36 229 402 412 239 408
  90 276 421 414 186 478 468  96 372 396 335 193 245 270  60 377 300 495
 370  72 242 429 387 362 401  26 494 403  82 198 145  12 444  95   7 472
 294 464 252 358 247 459 106 455  16  93  62 168 226 420 291 175 460 209
 491 228 289 165  28 115 262  48 132 423 364 482  50 321 317  68 196 197
 332 205 419 318 159 163 388 418 337 279 160 424 498 257 208 473 373 201
  40 215 394   8 399  47 342  85 134 487 371 280  42 305 331 474 203 324
 109 369 457 299 489 119 128  99  76 123 470 290 426 118 154]
GPU0
set random seed!
finished RVND in 5.61874508858s
data-line;initial_solution;33686709;final_solution;2027379;time;5.61874508858;counts;712;fv;[];cv;[382, 203, 113, 11, 3];imp;16.6158912566
