pydf_home: /home/rodolfo/git/Sucuri
simple_pycuda_home: /home/rodolfo/git/simple-pycuda
wamca2016path: /home/rodolfo/git/wamca2016/
localpath: /home/rodolfo/git/dvnd-df/code/dvnd-df/src/
WAMCAPATH:/home/rodolfo/git/wamca2016/
Using already created file:  wamca2016lib.so
Size: 657 - file name: 06_d657.tsp
ns:  [<function <lambda> at 0x7f45275070c8>, <function <lambda> at 0x7f4527507140>, <function <lambda> at 0x7f45275071b8>, <function <lambda> at 0x7f4527507230>, <function <lambda> at 0x7f45275072a8>]
ns:  [<function <lambda> at 0x7f45275071b8>, <function <lambda> at 0x7f4527507140>, <function <lambda> at 0x7f45275070c8>, <function <lambda> at 0x7f4527507230>, <function <lambda> at 0x7f45275072a8>]
286539082-[203 132 427 321 546 245 101 642 645 632 206 408 237 489 571 541 285 221
 189 409 518 542 332 323 570 149 316 257 188 385 451 294 211 582 313 155
 273 240 354 141  20  65 159 302 635 424 413 516  75  69 422 373 535  66
 554 337 612 352 148 119 331   2 590 608 504 147 511 603  59  15  55 488
 641 418 560 440 249 496 465 454 330 122  13 143 578 333 395 610  53 457
 429 532 654 574 545  74   1 200 110 564 115 617 258 597 368 416 343  25
 634 605 371 219 238 209 297 176 239  63 151 369 232 275 322 598  40  41
 614 282 266 347 325 552 160 293  62 648 391 349 348  95 640 306  12 466
 383 469 290  82 191 517 231  32 377 445 411  45 594 652 382 534 289 117
  29 345   8  52  36 544 397 135 109 374 575 355 599 616 483 157 520 229
 403   4 650 261 555 124 396 248 633 553  85 361 127 389 399 140 201 123
 344 230 561 370 167 446 426 434 150  72  57 579 381 497 557 174 156 580
 367 256 152 602 224  77 592 453 596  46  42  71 226 607  16 144 327 587
 419 107 142 212 318 543 386   5 315  22 428 346 324 388 651 556 192 420
 279 380 303  37 569 394 643 415 442  64 626 283 292 134 360 194 461  68
  43 637 522 298 501 581 336 448 638 328 136 217 265 495 317 464 480 195
 533 116 595 593 589  17 312 126 636 350 210  81 613 314 525  89 363 601
 319 498 193   6 455 310 515 114 259  54 113 586 439  56  93 366 473  28
 490  33  24 476 438 269 524 372 456 482  58 213 340  35 647  67 228 183
 268 512 179 481  87 526 199 559 487 139 277 506 162 198   0 166 299 197
 585 278 234 378 284 102 538 120 338 130 103 246 656 235 591 161 503 474
 362 205 172  90 486 301  76 145 353 170 253 358 311 639 307 499  23 196
 646 509 164  92 250 628 649  44 609 280 611 540 178 241 365 202 468 523
 444 267 165 573  38 138 287 463 470  91 485  73 478 414 417 550  30 620
 528 604  98  21 168 133 627  39 584 222 180 118 505 263 514 479 184 281
 177 600 296 623 274 459  88 430  47 644 568 547 519 112 264 484 288 339
 400  99 106 577 341 472 272  61 329 243 441 137  97 398 631 606  51 653
  19 254 171 529 384 421 181 406  34 491 251  31 220 252 105 630 558 431
 131   3 450 216 175 320 393 572 100 207  26 618 208  60 536 500 215 326
 467 510  27 562  48 549 622 655  18 462 432 286 548 295 291 551 158 621
 375 255 452  96 493  49 566  79 576 227 583  10 407 376 276 300 392 242
 342 236 401 356 309 357 475 351 387 405 531 449 588 615 379 625 443  84
   7 111 563 513 471 624 435 187 271 190 186 262 214 492  78 508 308 477
 423 565 270 129 169 334 447  83 619 204 121 425  94 182 163 437 390 173
  14 458 521 539  50 108   9  86 154 460 433 223 244 125  70 304 507 502
 364 412 410 537  80 153 185 530 402 305 260  11 436 335 629 218 404 494
 104 233 359 225 527 247 567 128 146]
GPU0
set random seed!
finished RVND in 8.04539084435s
data-line;initial_solution;286539082;final_solution;14760277;time;8.04539084435;counts;807;fv;[];cv;[475, 210, 110, 8, 4];imp;19.4128526179
