pydf_home: /home/rodolfo/git/Sucuri
simple_pycuda_home: /home/rodolfo/git/simple-pycuda
wamca2016path: /home/rodolfo/git/wamca2016/
localpath: /home/rodolfo/git/dvnd-df/code/dvnd-df/src/
WAMCAPATH:/home/rodolfo/git/wamca2016/
Using already created file:  wamca2016lib.so
Size: 501 - file name: 05_TRP-S500-R1.tsp
ns:  [<function <lambda> at 0x7faae72df0c8>, <function <lambda> at 0x7faae72df140>, <function <lambda> at 0x7faae72df1b8>, <function <lambda> at 0x7faae72df230>, <function <lambda> at 0x7faae72df2a8>]
ns:  [<function <lambda> at 0x7faae72df230>, <function <lambda> at 0x7faae72df2a8>, <function <lambda> at 0x7faae72df1b8>, <function <lambda> at 0x7faae72df0c8>, <function <lambda> at 0x7faae72df140>]
32107696-[ 80 205 143 424 341 408 421 183 105 170 206 331 443 266  95 414 200 431
 401  32 315 420 449 260 284 403 425  35 312 444 448  67 159 193 396 483
 310  61 199 174 165 219 107  89  27 342  86 328 286  73 236 368 400 293
 153 228  22 332 394 418 272 234 297 270 101 288 406  56 119  46 324 302
 462 340 139 275 435 256 327  48  14 292 109 455 238 298 138  77 336  43
 144 178 378 433 419 386 473 158 461 480 102 196 464 269 240 314 471 472
 248   8 281 428 285 179 155 244 326 381 213 168 161 137 442  70  57 207
 104 369 426 430 255  58  74  18 131 415 354 392  17 145 397 176 226 217
 154 124 116 249 265 128 459 257 357 212 346 307 413 375 334 186 322 423
 166  85 469 382 263 289 214 437   6 136 106 320 373 259 211 146 412 490
 301  20 181  91 383 268 171 149 250 317 445 446 191 499 498  28 465 376
 374  37 351 359 478   9 246 313 254 434 273  96 175 453 140 282 100 477
 384   1 151 108 329 347 126 487 358 466 353 164 488  98 407  76 452 150
 387  49 475 451 129  25 185 223  10 321 343 395 264  92 229 450 134 115
  41  75 338 489  97 118 202 295 142 390 157 167 467 491  62  29 460  36
 221 278  26 371  72 189  34 306 290 319 130  79 195 352 160 231 495 261
 496 135 304 361 209   4   0  90 169 197 380  63 188 252 294 458  38 127
  51 190 156 280  68 432 441 339 117 486  94  81  87  64  54 305 318 493
 355 182 330 218 345  55 372  19 262  78 463 360 210 232 239 454 404  60
 277 485 291 335 393 309 215 377 113  53 132 300 258 227 152 201 123 121
  31 362 409 177 222  99 457 474 416 337 287 349 311 267 402 316  15 283
 470 173  83  59 405 241 204  52 468   5 325 385 235  23 481 427 389  45
 187  44 253 111  21 245 494  42 247 220  71   3 348 274 363 251 500 379
 492  12 479  47 350 224  88 365 366 141 308 440 242 133 180 399 370 484
 436 208  50 103 422 410 184 271 276  13 417 122 192 120 456 125  69 429
 225  11 233 356 299 439 303  93 110 112 216 147 364 194  82 279 497 163
 237 296  33 203 148 198 476 333 388   7  65  84  39 172 398 391  30   2
 482  16  24 438 411 230 162 344  40 447 323  66 367 114 243]
GPU0
set random seed!
finished RVND in 6.07642483711s
data-line;initial_solution;32107696;final_solution;2026208;time;6.07642483711;counts;695;fv;[];cv;[415, 179, 90, 7, 4];imp;15.846199403
