pydf_home: /home/rodolfo/git/Sucuri
simple_pycuda_home: /home/rodolfo/git/simple-pycuda
wamca2016path: /home/rodolfo/git/wamca2016/
localpath: /home/rodolfo/git/dvnd-df/code/dvnd-df/src/
WAMCAPATH:/home/rodolfo/git/wamca2016/
Using already created file:  wamca2016lib.so
Size: 501 - file name: 05_TRP-S500-R1.tsp
ns:  [<function <lambda> at 0x7f54279310c8>, <function <lambda> at 0x7f5427931140>, <function <lambda> at 0x7f54279311b8>, <function <lambda> at 0x7f5427931230>, <function <lambda> at 0x7f54279312a8>]
ns:  [<function <lambda> at 0x7f54279310c8>, <function <lambda> at 0x7f54279311b8>, <function <lambda> at 0x7f54279312a8>, <function <lambda> at 0x7f5427931230>, <function <lambda> at 0x7f5427931140>]
32505589-[397 478 309 477 161  47  37 294  12 245 129 486   8 167 239 199 450 363
 463 316 302 123   2  71 176 262 361 222  70 412 446 216 459 107 310 374
 399 405 141  33 272 264  68 348 173 273 115 492 303  73 220 112 267 308
 192 470  14 200 340 265  19  23  27 430 210 467 429  48 243  44 425 127
  46  59 116 406  43 250 421 154 353 356 343  21  35 221  20  56 158  16
 326 469  10 388 134 237 178 419 462 118 483 375 323 288 381 392 403 411
 103  64   6 336 395 206 339 117 324 276   7 143 163  95 386 205  36 231
   0 408  45 153 352 131 170 300 247 311  66 385 251 224 108 258 327 357
 456 320 471   5   1 384 453 350 426  15  98 377 325 137 152 142 428 475
  94  53 364 282 312 493 236 413 496 256 266  90 268  67 227  93 439 434
 197 212 414 444  74 437 218  78 259 149 144 109 409  65 168 172 110 404
  84 128 464 295 124 204 255 151 382 133 254  22  54 188 298 354 193 114
 407 160  96 100  40 104  97 341 494 422 284 378 195 211 387 313  75 495
 451 121 139  76 234 229 274 135 145 244 305   3 177 358 480 369 479 449
 500  60 290 460 333 263 150 242 458 328 468 215 329 307  81 465 240 489
 314 485 136 102 101  89 491 233 370 461  86 417 159  32  31  80  87 390
  42 396 125 332 297 291 337 164 445 432 433  57 285 368 431 156 355 335
 214 122 277 225 306 487  63 238 155 183  58 219 196 190 269 165 252 105
  61 241 271 435  79 175  49 383 223 286 261 179 181 497  77 287 334 373
 257  50 184 147 472  85 454 393 317  92 180 292 484 321 347 345 246 182
 447 362  55  18 379 162 440 106 318   9 376 270 207  24 280 427 319  88
 372 351 365 455 111  72 416 410 132 232 148 424 346 331 499 248  69   4
 389 213 201 349 208 380 120  30 289  29 249 253 296 441 146 473 488  17
 166  26  41 482 138 457 481 452 198 209 157 235 490 402 398 171 174 293
 371 230  62 400 476 366 474 119  91 203 278 283 275 217 113  34 448 169
 202  52 342 498 315 394 338 391 189 304 415 301 436 260  25  99 194 367
  51 443 344 438 279 186  82 185 442 359 330 140 281 423 191 228 401  38
 322  83  39  11 420 360  28 187 299 126  13 130 418 466 226]
GPU0
set random seed!
finished RVND in 4.67666292191s
data-line;initial_solution;32505589;final_solution;2046864;time;4.67666292191;counts;623;fv;[];cv;[372, 157, 86, 5, 3];imp;15.8806784427
