pydf_home: /home/rodolfo/git/Sucuri
simple_pycuda_home: /home/rodolfo/git/simple-pycuda
wamca2016path: /home/rodolfo/git/wamca2016/
localpath: /home/rodolfo/git/dvnd-df/code/dvnd-df/src/
WAMCAPATH:/home/rodolfo/git/wamca2016/
Using already created file:  wamca2016lib.so
Size: 318 - file name: 04_lin318.tsp
ns:  [<function <lambda> at 0x7fa9149700c8>, <function <lambda> at 0x7fa914970140>, <function <lambda> at 0x7fa9149701b8>, <function <lambda> at 0x7fa914970230>, <function <lambda> at 0x7fa9149702a8>]
ns:  [<function <lambda> at 0x7fa9149701b8>, <function <lambda> at 0x7fa914970140>, <function <lambda> at 0x7fa9149702a8>, <function <lambda> at 0x7fa9149700c8>, <function <lambda> at 0x7fa914970230>]
94447914-[295   6  21  41 317 281 265 180 163 189 108  23  29 195  76 159  26   8
 285 316 222  69 193 261 217  52 153  74 105 151  67 197 146 220 131  11
  10  87  84 213 103 247 276  19 141  17 314 246 297  64 198   3  14  62
 167  68 137  82 244  54 212 308 199 115 171 205 194 262 184  12 124  49
  22 142 255 120 156 136 211  28 275 240  86 264 294 306  39  36 116 202
 113  98 260  97  45 123  57 178 298  61 221 112   2  66 271 174   7 143
 188 181  48 168 243  70 215  34  95 132 304 118   5  90 175 228  46 133
 225 293 280   4 121 161 242 237  31 230 258 269  56 238  33 273 300 245
 279 179 190 272  60 182 192 223  93 266 207   0 157 173 303 128 100  65
 109  38 187 191  27 125 224 309 290 254 288 149 251  37 206 278  71 234
  63 302  55 315  79  32 203  50 134 114 307 177 176 106 313 140 150 256
 204 148 144  77 219  35  25 162   1 289  94 208  99 138  13  80 236  88
  30 274  89 122 214 169 257  16 183 299 145 249 130 301 229 253  53   9
 277  85 310 305 201  42 147 235 282 126 284 233  59 129  75 227 226 154
  72 165 268  83  44 216 119  20  40 312 104  78 259 232  73 107 110  24
 263 170 155 185 172 111 209 267  58 135  92 101  43  18 166 152 102 196
  15 210  91 139 248 292  81 241 117 164 270 286 311 158 252 127 186 291
 160 239  96  51 218 200 250 296 231 283 287  47]
GPU0
set random seed!
finished RVND in 2.17702198029s
data-line;initial_solution;94447914;final_solution;6007026;time;2.17702198029;counts;424;fv;[];cv;[261, 109, 47, 5, 2];imp;15.7229074753
