pydf_home: /home/rodolfo/git/Sucuri
simple_pycuda_home: /home/rodolfo/git/simple-pycuda
wamca2016path: /home/rodolfo/git/wamca2016/
localpath: /home/rodolfo/git/dvnd-df/code/dvnd-df/src/
WAMCAPATH:/home/rodolfo/git/wamca2016/
Using already created file:  wamca2016lib.so
Size: 501 - file name: 05_TRP-S500-R1.tsp
ns:  [<function <lambda> at 0x7f4f2aac30c8>, <function <lambda> at 0x7f4f2aac3140>, <function <lambda> at 0x7f4f2aac31b8>, <function <lambda> at 0x7f4f2aac3230>, <function <lambda> at 0x7f4f2aac32a8>]
ns:  [<function <lambda> at 0x7f4f2aac3140>, <function <lambda> at 0x7f4f2aac31b8>, <function <lambda> at 0x7f4f2aac30c8>, <function <lambda> at 0x7f4f2aac3230>, <function <lambda> at 0x7f4f2aac32a8>]
32530721-[252 279 490  35  19 367 145 289 264 455 258 467  53  31 436 445 102 485
 138 453 384 198 340 105  29 446 486 323 235 195 354  65 171 132 370 465
  45  84 383 374  39 336 194 109  69 464  46  63 222 118 483  91  70 450
 287  98 344 116 248 202 178 359 236 494 174  41 324  55 200 321 285  18
 190 106 213 418 208  43  30 215 292 330 121  56  40  14  44 457 428  22
 474 306 387 261 204 265 331 184 296 115 273  23 249 176 338 268 272 297
 189  99 314 123  88 267 375 459 373 479 463 413 399 133 400  57 492  86
 405 209  68 233 440 139 262 251  67 230 343  24 143  51 175 128 386 498
 242 496  61 182  47 164 103  21  77 378 460 388 422 322 328 172  96  52
 437  79 134  75 332  26 156 451 207 217  81  15 211  83 478  72   8  76
 316 337  80 136 434 131 152  16 155 335  10 126 395 404 125 313 472 130
 288 402 403 238 303  73 397 406 270 487 147  33  66 150 294 410 468 301
 286 350 475 225  64 100 416 311 191 226 276 315 180 488  58 411 500 308
 220 484 444 137  92 259 229 241 166 454 146 462  28  85 227 160 309 334
 111 223 140 499 192 243  93 381 299 414 271 162 317 361 245 477   6   1
 284 495 199   5 212 362 293 168 415 329 318 221 372 250 461  95  42 407
  78 188 447   0 153 177 112 228 281 269  60 231 363 489 424 491 456 389
 266 353 304 442 197 234 263 154 371 349  36 108 409 394 307 122  34 300
 360 429  89 135 283 346 427 124 165 203 391 107 246 302  20 101  27 382
 435  17 183 141 452  32  38 201   3  49 369 426 274 325 240 278 356  25
 342 290 345 432 380 481 327 114 170 159 237 186 341 412 210 357 247 181
 282 298 339 419  71 185 393 142 158 421  94 305 219 471 420 425 254 214
 480  48 163 260 473 401  54 224 458 206 390  62 366 129   4 493 187 398
 469 441 347  13 113 277  87 385 291 333  74 275 205 423 157 218 358 355
 377 433 348 149 312 169 161 216 376 449 120 280 482 193 352  97 179 431
 439 239 443 232 167 253 255 365 466 326 392 151  37   2 476   7 173 379
 119  82 110 497 438   9 368 320  90 244 448  59 408 104 364 144  50 257
 396  11 319 127 148 310 430 351 196 470 256 417 295 117  12]
GPU0
set random seed!
finished RVND in 5.51623797417s
data-line;initial_solution;32530721;final_solution;2025525;time;5.51623797417;counts;697;fv;[];cv;[404, 183, 97, 8, 5];imp;16.0603897755
