pydf_home: /home/rodolfo/git/Sucuri
simple_pycuda_home: /home/rodolfo/git/simple-pycuda
wamca2016path: /home/rodolfo/git/wamca2016/
localpath: /home/rodolfo/git/dvnd-df/code/dvnd-df/src/
WAMCAPATH:/home/rodolfo/git/wamca2016/
Using already created file:  wamca2016lib.so
Size: 501 - file name: 05_TRP-S500-R1.tsp
ns:  [<function <lambda> at 0x7fef950de0c8>, <function <lambda> at 0x7fef950de140>, <function <lambda> at 0x7fef950de1b8>, <function <lambda> at 0x7fef950de230>, <function <lambda> at 0x7fef950de2a8>]
ns:  [<function <lambda> at 0x7fef950de1b8>, <function <lambda> at 0x7fef950de2a8>, <function <lambda> at 0x7fef950de0c8>, <function <lambda> at 0x7fef950de230>, <function <lambda> at 0x7fef950de140>]
32204602-[ 53 223 360  26 376 189 425 100 474 157 487 128 104 185  94  10 197 353
  28 268 292  48 167 143 419 105 348 267   6 272 237 282 111 269 155 464
 287 222 137 381 240 341 359 288 125 258 493  64 336  40  61 418 371 201
 264 199 284 198 233 279 481 230  18 462 449 156 212  95 475 169 363  22
 312 295 165 127 148 498   9 181   1 431 390 364 110 394 398 229 186 417
 470 187 311 281  71 207 393 467 306 251 119  21 473  38 427  52 302 283
 331  36 489 476 113 338  35 228 115 399 350 332 404 107 303  62  60 126
 172  85 253 447  54 410 280  47 310 469  16 441 389   3 340  30 256 448
 120 379  88 451 400 335 296 136 456  43 231 324 495 424 135 211 406 385
 209 334 242  77 220  97 401 499 426 460 134 130  37 423 433  12 173 369
 396 362  73  76 114 485  27 221 346 152 457  51 206 252 183 204 289 214
 182 191 243 408 436  15 139 208 444 160 372 176 216  69 373 305 194 263
 416 374 344 238 471 397 421 486  45 354  31 109 225 443 122 193 168 112
 326 452 458  24 392 301 365 330 319 205 479  50 291  96 420  70 454  65
 177  92 483 414 101 337 262  89 377 132 170   0 149 402 244  74 151 484
 321 440 250  46  91 322 405  33 163  90 307 323 388 159 490  93  34  68
 356  57 121 192 384 171 174 255 117 161  98  99 166 378 298 387 412  78
  86 442 144 248  44 308  72 249 352 254 472 300 261  14  58 290 153 103
 195 196 355 380 349 227 409   4 407 453 145 116  23 273 315 146 202 294
 382 339 343 488 239 178  39  63 188 180 297 286 461 271 184 140 150 102
 391 277 437 413 466 131 463 190 468 232 285 429 200 129 259 257  13 318
 270  56 450 329 226 108 375 138 327 366  67 333  25 247 245  49 434 361
  59 351 432 266 368 260  79 275  55 293 224 124 147 299 278  75 357  83
 304 358  41 164 435 480   8 383 241 455   5 395 215 497  81 459 325 210
   7  20 320 123 494 477 492 328 235   2 500  32 234 106  29 422 141 482
 445  42 386 439 314  11 218 316 342  17 133 162 213 428 345 370 118 265
 496 276 465 236 446 478 217 274 438 154 219 411 347  66 415  84 430 309
  82  19 158 246  80 491 142 175 317 367 203 313 403 179  87]
GPU0
set random seed!
finished RVND in 5.35512208939s
data-line;initial_solution;32204602;final_solution;1997600;time;5.35512208939;counts;709;fv;[];cv;[405, 200, 97, 5, 2];imp;16.1216469764
