pydf_home: /home/rodolfo/git/Sucuri
simple_pycuda_home: /home/rodolfo/git/simple-pycuda
wamca2016path: /home/rodolfo/git/wamca2016/
localpath: /home/rodolfo/git/dvnd-df/code/dvnd-df/src/
WAMCAPATH:/home/rodolfo/git/wamca2016/
Using already created file:  wamca2016lib.so
Size: 657 - file name: 06_d657.tsp
ns:  [<function <lambda> at 0x7f6d6c97b0c8>, <function <lambda> at 0x7f6d6c97b140>, <function <lambda> at 0x7f6d6c97b1b8>, <function <lambda> at 0x7f6d6c97b230>, <function <lambda> at 0x7f6d6c97b2a8>]
ns:  [<function <lambda> at 0x7f6d6c97b0c8>, <function <lambda> at 0x7f6d6c97b1b8>, <function <lambda> at 0x7f6d6c97b2a8>, <function <lambda> at 0x7f6d6c97b230>, <function <lambda> at 0x7f6d6c97b140>]
277188408-[ 30 155 209 267 570 345 555 582  46  36 532 178 184 354 610 234 386 103
  90 356 417 461 138 586 281  23 262 215 400 351 654 435 226 282 473 237
 286  65 415 440 121 465 544  43 453 639 349 116 108 463 159 165 102 477
 315  70 169 525 576 110 212 229 355 203  40 150  50 616 611  56 490 512
 552 520 348 492 189 597 269 300 604 491 602 618 273 211 538 111 437  54
 536 236 289   3  14 196 374 222 253  27 534 109 238  45 272  79  95  89
 429 529 406  64 368 442 275 293 147  61  99 101 631 228 241 535 120 304
 296 498 227 389 378 554 194 568 204 144 244 410 619 341 302 413 450 339
 462 562 346 365  29  60 391  92   4 387 480 285 508 449 455 328 265 310
 162 324 344 549 337 245 157 430 197 127 553 326  87 559 122  12 207  93
  31 140 434 260 527   9 546 297 470 596 407 545 199 494 566 488 601 154
 587 578 128 198 124 497 132 433 479 425 369 565 146 360 240 186  39 390
  97 214 632 330 583 166 397 264 606 219 313 371  85 426 180 617 350 467
 655 353 523 408 519  78 409 118 572 561 359  32 558  69 257  25 170 584
 303 266 321 414 270 117 158 441 638 603 100 590 476 458  34 451 134 478
 456 653 252 635  28 107   5 540 271 327 307 645 221   1 528 331 142 187
 493 213 205 485 526 161 416 502  94 200 445 295 533 567 290 277 175  75
  19 636 125 468 628 608  88   0 487 210 263 105 379 376 643 423 278 625
 557 598 254 481 624 136  16 539 287 193 130 160   7 537 217  52 588 255
 366 626 218 454 647 279 171 333 372  76 424 560 174 457 259 141 334 640
 499 135 507  24 320 182 176 392  21 308 294 396 291 542  18 489  47 646
 642 551 428  62 656  82 385 352 403 115  80 474 153 363 123 258 427 232
 607 644 192 401  67 261 563 411 510 367 312 309 466 595 347 420  73 530
 622 627 224 249 233 630  55 133 225 280 515 325 438 208 246 521 164 613
 518  66 599 276 131 621 585  91 306  86 399  10 452 179 235 381 432 511
 292 168 113 404 482 600 357  37 564 589  15 299  44 256 648  63 569 524
 382  26  77 444 500 556 615 517 223 516 251 188 206 119  72 242 181 633
 375 649 398 137 377  98 581 439 284  35 496 340 301 459 575 412 332 216
  59  96 151 501 342 145 114  38 316 503  20 335 230  57 106 652  84 574
 612 362 475  68 634 185 318  42 472 531 460 393 505 571 650  11 163  83
 298 550 139 370 484 580 202 195 623  58 317 126  13 591 495 620 323 190
 373  22 314 447 471 464 305 543   6 522 448  53 614 641 446  33 152 283
 380 248 605 388 191 361 243 288 167 592 421   8 509 395 394 637 172  41
 419 504 183  51 336 112   2 311 343 436 129  49 143  48 594 156 483 514
 338 384 548 274  74 250 486 364 239 513 358 541 149 422 547 104 593 405
 148 573 177  17 469 443 431 402 247 506 220 329 268 231 383 609 418 577
 651  81 579 201 173 629 319 322  71]
GPU0
set random seed!
finished RVND in 7.00167012215s
data-line;initial_solution;277188408;final_solution;14583887;time;7.00167012215;counts;697;fv;[];cv;[456, 166, 68, 5, 2];imp;19.0064835253
