pydf_home: /home/rodolfo/git/Sucuri
simple_pycuda_home: /home/rodolfo/git/simple-pycuda
wamca2016path: /home/rodolfo/git/wamca2016/
localpath: /home/rodolfo/git/dvnd-df/code/dvnd-df/src/
WAMCAPATH:/home/rodolfo/git/wamca2016/
Using already created file:  wamca2016lib.so
Size: 226 - file name: 03_pr226.tsp
ns:  [<function <lambda> at 0x7f8debe230c8>, <function <lambda> at 0x7f8debe23140>, <function <lambda> at 0x7f8debe231b8>, <function <lambda> at 0x7f8debe23230>, <function <lambda> at 0x7f8debe232a8>]
ns:  [<function <lambda> at 0x7f8debe23230>, <function <lambda> at 0x7f8debe230c8>, <function <lambda> at 0x7f8debe231b8>, <function <lambda> at 0x7f8debe232a8>, <function <lambda> at 0x7f8debe23140>]
203860985-[ 31 203  76 178 108  24  97 172  10 188 214 116 138   5 205  71  29  55
 127  77  90   8 209  21 173 168  18  99  19  30  70  36 194  86  93 140
 110  72  22 163 197  41 124 151   0  37  17 223  35 102 199  53  62  78
 162 206 107  64  80 156 121 212 201 142 220 113   1  44 182  23 122  11
  48 129 186 150 202 126 128  33 225  45  95  69 179 139 117  60  49 160
 195  34 141 196 200  16 125  66 111 167  12  88 145 190 157 176 193  47
 177 175  26 114 185  81 149  40   3  54 224  61  20  73  13 100 218 169
   9  67 153  14  79  25 112 208 118 181   6 217 174 144 171  51 207 115
  75 119 130 106 221 155  89  74 101 183  59  68 109  50 213   7 123  83
  63 219 143  52 135 133  56 120 161 170 210  46  58  98  57 134  94 187
 137  92 211 191 131 222  42 180  38 164  65 154   4  96  85 104  15  82
 152  43  32  87 148 132  91 165 184 146 204 136 159   2  84 192 103  28
  39 216 215  27 198 147 189 166 105 158]
GPU0
set random seed!
finished RVND in 3.62409901619s
data-line;initial_solution;203860985;final_solution;7369899;time;3.62409901619;counts;528;fv;[];cv;[445, 64, 17, 1, 1];imp;27.6612997003
