pydf_home: /home/rodolfo/git/Sucuri
simple_pycuda_home: /home/rodolfo/git/simple-pycuda
wamca2016path: /home/rodolfo/git/wamca2016/
localpath: /home/rodolfo/git/dvnd-df/code/dvnd-df/src/
WAMCAPATH:/home/rodolfo/git/wamca2016/
Using already created file:  wamca2016lib.so
Size: 783 - file name: 07_rat784.tsp
ns:  [<function <lambda> at 0x7eff97bf20c8>, <function <lambda> at 0x7eff97bf2140>, <function <lambda> at 0x7eff97bf21b8>, <function <lambda> at 0x7eff97bf2230>, <function <lambda> at 0x7eff97bf22a8>]
ns:  [<function <lambda> at 0x7eff97bf21b8>, <function <lambda> at 0x7eff97bf2230>, <function <lambda> at 0x7eff97bf20c8>, <function <lambda> at 0x7eff97bf22a8>, <function <lambda> at 0x7eff97bf2140>]
71325171-[523 294 134 594 779  13 496 622 689 469 142 245 776 209 559 552  51 748
 750 665 515 453 204 548 690 760 728 464 269 386 661 721  57 400  98 606
 679 374 714 305 427 662 385 682 160 778 181 519 621 424 416 599 104 735
 449 210 185  99 568 110 639 602  96 275 697 474  56 769 584 345  83  11
 401 359 408 696  92 192 654 601 773 127  47 498 717 624 540 413 571 295
 558 734 159  36  40 756 109  20 528 318 445 308 752 677 504 195 747 287
 655 266 700  15 423 720 536 324 404 319 174 231 461 182 482 761 610 485
 339 307 462 270 569 478 672 398 323 667 547 332 346 653  59 320 505 705
 652 131 291 678 724  18 560 691 614 315 262 481 467 365 389 597 129 277
 282  89 489 501 495 268 205 580 396 116 312 286 651 441   0 646 431 342
 314 508 685 220 578 669 476  10 297 771 377 592 362 487 157 659 421  41
 443 403 630 317 135 200 513 151 222 534  26 768   2 660 702 378 395 417
 777  82 100 148 261 676 147 532 248 719 711 486 254 125 647 348 733 203
 375 434 502 242 492 454 239 694 731 106 124 529 598 353 450 311 746 208
 744   3 347  58 451 152  71 213 603 304 230 628 736 356 107 201 634 472
 757 666 607 575 272 371 247 316 698  16 595 554 767 494 715 118 293 223
 393 725 380 253 520 382 146  62   7 537 511 334 228  37 137  91 638 726
 545 364 368 596 590 518 475 712 358 141 429 340 645 574 338 187 631  61
 664  55 274 637 648 582 516 263 341  35 111 668   1 397 267  94 328 284
 219 211 556 232 707 567 593 278 381 361 117 237 713 215 699 644 206 426
 226 663 379 414 153 775 409 422 154 627 224 542 723 687 708 394 366 128
 686 576 193 113 755 258 579 437 581  34 175 169 178 671  64 544 255 522
  73  48 243 384 283 419 367 587 479 657 484 507  90 350 550 509 463 447
 310 143 591  50  27 402 693 555 673 133  79 363 412  33 285 425 572  31
 112 343  84 517 483 675 326 611 688  72  80 586 189 197 670  97 260 503
 241 351 120 161 246 551 758 212 730 618 271  63 745 512  38  52 525 139
 373 763 217 674 759 749 704 649 428 244 280 683  75 531 623 122 620 452
 737 477 218 252 636 656  23 739 470  25 740 553 440 490 650 256  46 149
 407 782  24 466 754 692 290 288 105 227 138 352 150 276 292 695 289  78
 493 126 309 626  44 521 436 741 617 457  45  42 299 103 573 557 257   5
 165 468 563 589 164 369 527 762 119  17 643 180 435 130 765 613 701  87
 642 354 418 238 406 681 186 344 438 194  93  49 176 136 273 355 301 101
 533 780 155  54 562 171 781 399 221 183 632 140 625   8 615 179 264 207
 727  53 742 302 565 460 249 609 420 121 732  69 327 448  74 357 605 298
 510 162 456 442 265 710 392 251 738 766 616 743  81 430   4 296 635 235
 535 480 514  28 115 729 196 313 640  76 158 526 439 772 405  30 446 561
 764 538 259 236 167 306 216 488 432 102 234 471   6 500 168  22 372 600
 329  67 145 331 703 549 774 499 604 191 718 390  43 163 539 233 459 455
 360  68 570 240 619 444  19 716 465 706 303 349 321 680 300 184 177 608
  65  66 199 433 641 722 506 336 577 387 585 370 709 281  77 588 564 279
 114 491 684 546 202  29 322 753 388 410 337 583 123  21 190 541  60 383
 497  85 376  86  95 335  70 473 458  12 658 229 225 198 330 770 173 325
 132 543 411 524 170  32 156 415 108 214 391 530 629 566 633 612 144 172
   9  88  14  39 751 188 333 250 166]
GPU0
set random seed!
finished RVND in 13.5893409252s
data-line;initial_solution;71325171;final_solution;3441138;time;13.5893409252;counts;1068;fv;[];cv;[590, 307, 147, 18, 6];imp;20.7272044887
