pydf_home: /home/rodolfo/git/Sucuri
simple_pycuda_home: /home/rodolfo/git/simple-pycuda
wamca2016path: /home/rodolfo/git/wamca2016/
localpath: /home/rodolfo/git/dvnd-df/code/dvnd-df/src/
WAMCAPATH:/home/rodolfo/git/wamca2016/
Using already created file:  wamca2016lib.so
Size: 318 - file name: 04_lin318.tsp
ns:  [<function <lambda> at 0x7f85c3fc10c8>, <function <lambda> at 0x7f85c3fc1140>, <function <lambda> at 0x7f85c3fc11b8>, <function <lambda> at 0x7f85c3fc1230>, <function <lambda> at 0x7f85c3fc12a8>]
ns:  [<function <lambda> at 0x7f85c3fc12a8>, <function <lambda> at 0x7f85c3fc1230>, <function <lambda> at 0x7f85c3fc10c8>, <function <lambda> at 0x7f85c3fc1140>, <function <lambda> at 0x7f85c3fc11b8>]
89961213-[214 228 219 274 266 154 207   5 238   8 217 215 135 279 236 285 293 108
 298 237   7 263 132 240  30 167 220 146 208 265 289 175 280 209  51  56
 225 141 123 222 205  92 186 200 185 272 165 129 235 276 197 168 295 169
 184 162  78 114 102 116  47 286  25 283 137 256  21  58 163 177  40 125
 224  67  65 194 244  29 136 258 210 183 134  46  15  17 245 155 309 159
 104 247 315 243  11  95 262 310 305 257  90  99 110 292 297 316   4  85
 176 150 143  96  54  31 121  26 271 304 158 218  83 188 130 267 139  73
 117 124  20 204  94  72  79 145 232   0 196  74  82 269 255 239 211  57
 275  27 142 202  64   3  75  10 313 161 206 241  70 144 191 306 112   6
 201 290  35  89  66 307  14 164 311  42 259  84 270 254 268 148 199  23
 172  91  22  55 147 231  12 160 252 303 302  87 111 133  86  62 301 212
 149 181 249  49 180 192 294  80  38 291 253  61 213 248 120 230 100  69
 300 131 173 193 251  16 166 284  97  68 140 190  34 287   1  77  71 314
  18 109  44 278 156 223 107  88  33  32 152 317  81  48 179 170 234 308
 113 229  63  43 198 122 128 296  93 105 242 138 115 187 216 261 189 273
 282 127  19 221  36 174 233 101  39  41 182 126  45  59 119 178 288  50
  60 157  24 151 118 260 153 277 195 250 299   2 264 203 106 171  37  76
   9 312  13 227  52 103 246  53  98 281  28 226]
GPU0
set random seed!
finished RVND in 2.38735413551s
data-line;initial_solution;89961213;final_solution;6343341;time;2.38735413551;counts;409;fv;[];cv;[244, 108, 49, 7, 1];imp;14.1819922656
