pydf_home: /home/rodolfo/git/Sucuri
simple_pycuda_home: /home/rodolfo/git/simple-pycuda
wamca2016path: /home/rodolfo/git/wamca2016/
localpath: /home/rodolfo/git/dvnd-df/code/dvnd-df/src/
WAMCAPATH:/home/rodolfo/git/wamca2016/
Using already created file:  wamca2016lib.so
Size: 226 - file name: 03_pr226.tsp
ns:  [<function <lambda> at 0x7f2ec0c7b0c8>, <function <lambda> at 0x7f2ec0c7b140>, <function <lambda> at 0x7f2ec0c7b1b8>, <function <lambda> at 0x7f2ec0c7b230>, <function <lambda> at 0x7f2ec0c7b2a8>]
ns:  [<function <lambda> at 0x7f2ec0c7b0c8>, <function <lambda> at 0x7f2ec0c7b140>, <function <lambda> at 0x7f2ec0c7b1b8>, <function <lambda> at 0x7f2ec0c7b2a8>, <function <lambda> at 0x7f2ec0c7b230>]
190191866-[202 196 136  15  83 124 210  80 208 204 146 116  41  44   0 103 115  89
 142 203  90 216 104  35  18 164  95  86 193  40 186  20  60  48  30 199
  45 162 167  13 194  77 155  29  27 118 179  75 112 161   4 171 143 139
 102  19  76 181  69 191 195 225  28 128   1 184 190 109  78  36 100  97
 174   3 111   6 147 105  98  99  61 217 129  67 151 165  68  32 221 169
  81 149 168   7   2 138  24 209 145 126  49 122  65 130 185  57 166 175
 131  54 198  96 141 157  50  82  23 113  21 120  22  16  38  55 132  71
  79 189 206 200 158  42 160 182 215 224 212  33 173  12 108  87 197 163
 205 152 214 106 134  51  59  39   8 180  37 176 170  91   9 110  52  34
  31  47 121  70 219 137 154  64 156 172  53  92  62 220  17  74  25 114
  66  72  43 150 119 107 135  14 211  88 223 188  84  73  63 178 133 159
  56 187  85 201 127   5 144 140 123  11 218 213 177  58 192 222 183 207
 148  10 153 101  46  93  26 125  94 117]
GPU0
set random seed!
finished RVND in 2.80512595177s
data-line;initial_solution;190191866;final_solution;7326947;time;2.80512595177;counts;584;fv;[];cv;[486, 64, 31, 2, 1];imp;25.9578602111
