pydf_home: /home/rodolfo/git/Sucuri
simple_pycuda_home: /home/rodolfo/git/simple-pycuda
wamca2016path: /home/rodolfo/git/wamca2016/
localpath: /home/rodolfo/git/dvnd-df/code/dvnd-df/src/
WAMCAPATH:/home/rodolfo/git/wamca2016/
Using already created file:  wamca2016lib.so
Size: 226 - file name: 03_pr226.tsp
ns:  [<function <lambda> at 0x7f1f99c2c0c8>, <function <lambda> at 0x7f1f99c2c140>, <function <lambda> at 0x7f1f99c2c1b8>, <function <lambda> at 0x7f1f99c2c230>, <function <lambda> at 0x7f1f99c2c2a8>]
ns:  [<function <lambda> at 0x7f1f99c2c230>, <function <lambda> at 0x7f1f99c2c140>, <function <lambda> at 0x7f1f99c2c1b8>, <function <lambda> at 0x7f1f99c2c2a8>, <function <lambda> at 0x7f1f99c2c0c8>]
201253770-[116  94  45 180  75 176 208  53 156  49 128  77 114  18 211 126 222  35
 204 165 100 205  33 103 142  90  80 161 102 132  32 170  36   1 181  57
  91 223  72  34  22 155 121 221  21 190  93  13 167 194   6  59   4 117
 213  27  43 212 134 215  71 210 115 182  97  68  99 133 113  30 199 179
 203 108  79 217 173 149 216  92 138 201 198 159 111  88 127 187 192  61
 169  28  65 107  39  37 105   8 162 120 131  81 200 122 193 164 109  73
 166 154  40 191  12 183 225  58 157  15  14  70  52  55 124  26 110 219
  62  83 220 177 150  85 214   2  78 144 202 196 145  63 160 171 148  60
  10  29 130 206 101 112  84 185 139  41  19 218 189  31 174  51  38 104
  67 119  86 147 197  87 172  66   7  46  64  76 137 140   0 141  25 186
  96  82 118   3 151 106  47  17  74  50  42 224 184  54 209 123  98  16
 125  69  11 146 188 163  20  95  24  56  44 168   5 178 158 136  89 153
 195 175 152 143 207  23 129   9  48 135]
GPU0
set random seed!
finished RVND in 4.8969180584s
data-line;initial_solution;201253770;final_solution;6584213;time;4.8969180584;counts;1024;fv;[];cv;[919, 70, 33, 1, 1];imp;30.5661086602
