pydf_home: /home/rodolfo/git/Sucuri
simple_pycuda_home: /home/rodolfo/git/simple-pycuda
wamca2016path: /home/rodolfo/git/wamca2016/
localpath: /home/rodolfo/git/dvnd-df/code/dvnd-df/src/
WAMCAPATH:/home/rodolfo/git/wamca2016/
Using already created file:  wamca2016lib.so
Size: 657 - file name: 06_d657.tsp
ns:  [<function <lambda> at 0x7f2e5d7dc0c8>, <function <lambda> at 0x7f2e5d7dc140>, <function <lambda> at 0x7f2e5d7dc1b8>, <function <lambda> at 0x7f2e5d7dc230>, <function <lambda> at 0x7f2e5d7dc2a8>]
ns:  [<function <lambda> at 0x7f2e5d7dc1b8>, <function <lambda> at 0x7f2e5d7dc230>, <function <lambda> at 0x7f2e5d7dc140>, <function <lambda> at 0x7f2e5d7dc0c8>, <function <lambda> at 0x7f2e5d7dc2a8>]
281046865-[234 593 403 521 506  78 317 297  57 132 494  47 596  53  72 547 462  90
 216  52 361 453 318 292 336 601  34 493  69 181  37 179 500 488 482  20
 555 243 432  95 415 225 359 344  19 305 320 530  10 119 328 256 546  43
 193 250 114 646 290 428 633 147 464 541 373 260 463 194 388 637  15 574
 396 270 570 445 203 604 606 653 523 312 316 531 384 283 472   3 346 154
 640 130 562 364 598 123  13 209 213 466 134 198 567 167 214 468 406 559
 624 162 390 101 299 282 573 247 296 267 171 265 342 587 534 201 408  84
 166 456 609  75 374 372 298 422 345 173 645 111 418 622 125 143 522 512
 249 579 223 174 620  27 264 433 452 251 533 113  16 656 257 539 446 566
 618 332 274 548 394 438 480 314 280 156  67 450 508 172 542 124 544  92
 353 613  45 138 231 371 242 325 118 385 426  76  64 576 349  58 109 398
 614 329 337  99 208 178  74 360 423 455 475 222 323 441   9 537  36 643
 253 501 605 180  12 516 491 205 430 220 417 340 591  88 230 527 319 258
 535 556  38 585 310 142  42 218 479 358 444 543 599 572 229 321 343 595
 621 227 221 192  93 104 315 425 286 152  39 189 654 202 232  83 411 237
  96  56 334 404 577 600 191 144 368 241 136   4 206 649  23 135   7 158
 338 538 558 594  68 347 560 469 631 295 391 635 626 619 651 561 354 186
 284 520 362 473 289 341 137 470 382 505 183  55 434 549 366 496  26 400
 483 387 233 121 302 261  70 641  32 304 120  33 393 632 409 497 375 350
 487  29 288 339 170 412 457 378 163  14 420 636  21 182 276 439  60 149
 419 115 275 175 582 141 634 164 187 630 363 272 590 348 510 126 269 499
 357 239 616 287 266 525 437 550   1 100   5  62 515  91 460  25 108 615
 401  87 199 271 376 259 647 607 413 421 389 176 454 252 625 291 477 367
 278 383 308  94 184 155  59 575 612 333 322   2  35 524 335 603 217 236
  24 648 447 254  48 431 650 611 484 511 380 397 395  73  65 355 407 392
 127 273  17  11  49 529 153 151 159 139 102 471 448 131 150 207  82 485
 517 458  30 377 369 219 148 597 526 262 105 644 581 327  66 655 246  41
 569 356 459 226 476 608 204 465 449 351 513  98 311 628 486 474 200 405
  61 313 190 306 443 540 498 492 551 128 106 639 532 436 215   8 617 255
 623 519 240 301 592 564 177  28 503 518 145 197 103 514   0 185 248  71
 238 478 112  18 303 116 442 545 224 140 117 435 509 552 352 414  63 440
  80 427 263  81  54 627 245 584 416 578 228 285 281  97 502 370 365 495
 588 210  89 399  51 195 133 481  31 642 379 504 244  79 489 309  40 122
 410 168 324 279 652 629 610 129 268 277 451 507  77 402   6 461 386 330
 557 212 583 165 602 554 107 589 160  86 196 331 381 490 565 580 161 571
  22  44 638 467 528 326  50 300 536 157 169 188 563 211 424 307  46 553
 235 429  85 110 568 146 294 293 586]
GPU0
set random seed!
finished RVND in 7.51509308815s
data-line;initial_solution;281046865;final_solution;14562384;time;7.51509308815;counts;748;fv;[];cv;[459, 197, 80, 10, 2];imp;19.2995092699
