pydf_home: /home/rodolfo/git/Sucuri
simple_pycuda_home: /home/rodolfo/git/simple-pycuda
wamca2016path: /home/rodolfo/git/wamca2016/
localpath: /home/rodolfo/git/dvnd-df/code/dvnd-df/src/
WAMCAPATH:/home/rodolfo/git/wamca2016/
Using already created file:  wamca2016lib.so
Size: 783 - file name: 07_rat784.tsp
ns:  [<function <lambda> at 0x7fb18556b0c8>, <function <lambda> at 0x7fb18556b140>, <function <lambda> at 0x7fb18556b1b8>, <function <lambda> at 0x7fb18556b230>, <function <lambda> at 0x7fb18556b2a8>]
ns:  [<function <lambda> at 0x7fb18556b2a8>, <function <lambda> at 0x7fb18556b230>, <function <lambda> at 0x7fb18556b1b8>, <function <lambda> at 0x7fb18556b140>, <function <lambda> at 0x7fb18556b0c8>]
68431825-[583 493 602  30 217  46 762 721 290 682 588  57 265 322 354 530 279 210
 551 673 540 238 254 629 593 504 477 591 372 140 506 558 313 632 397 653
 287 484 404 332 678 139 576 564 465 361  81 233 731  79 770 502 670 577
 621 168 757 453 709 108 176 181 118 122 153 244 385 204 535 531 771 517
 550 722 264 387  87 138 177 184  48 384 120 271 326  39  42 225 323 533
  89 490 634 742 711 142  91 610 635 216 321 208  26 601 201 725 598 568
 252  56 726 442 492 450 702 557 759 405 143  54 760 274 764 374  24 150
 559 539 116 775 432 339 522 733 305 284 664 735 409 499 371 433 469 637
 425 585 743 772 337 424 545   1 542 488 333 161 514 388 163 461  83  27
 631 390 307  23 199  72 620 362 520 491 356 468 206 615 744 619 628 541
 157 211 231 266  70 441 149 100 399 423 194 605 226 657 272 524 708 283
  35 105 547 406  67 327 459 179 402 269 230 145 571 106 586 448 310 275
 669 347 348 703  66  49 408 512 160 616 243 197 353 496  41 350 364  99
  33 289 460 258 741  69 306 165 536 227 511 580 320 351 291 693 236 622
  38 723 144 260 656 544 729 659 478  32 182 745   5 574  96 717 781 190
 335 198 340 403 613 421 151 134 481 455 141  14 666 381 694 297 681 625
 727  52 579 457 123 452  21 331 382 521 773 276  85 467 415 680 234 515
 603 112 667 251 349 191 214   2 700 147 369 471  62  44 262  93 609  12
 132 630 437 732 627 414 103 482 608 683 748 599 697 435 483 617 207 383
 133 758 286 648 247 651 611 740  76 113 710 125 713 660   4 232 618 776
 344 317 200 203 516 392 687 419 675 256 270 228  78  97   7 554 355 189
 137 464  55 756 295 676 543 401 456 420 245 249  37 396 186 706 280 296
 136 212 379 288 560 263 738 672 380 308  84 655 626 277 734 253 661 730
 612   9 202  74 645 548 166 562 394 640 719 534 436 688 451 373 684 763
  25 407 500 553  94 205 299 454 778 753 501 487 395 114  16 352 449 685
 578 293  77 115 746 639 300 127  47 429 646 413 463   3 164  95 475 689
 782 183 546 779 325 195 754 131  58 537 624 518 343 556 739 552 519 595
 633 278 485 294 529 375 221 445 718 135 370 104 303  50 426 218 665  75
 171 319 575  19 607 654  90 513 572 158 714 489 346 159 173 146 178 273
 567 329 658 309 312 162 360 334 411 130 417 119 170 765 750 268 636 301
 686 472 582 495  61 318 412  28  82 240  59 109 311 569 479 215 285 242
   0 365 749  98 440 359  86 589 642 652 102 316 780  53 614 239 650 470
 526 720 596 180 476 430 209 538 229  88 341 466 187 124 737  11 486 443
  51 751 298 117 458 507 330 292 528 174 505 736  63 428 570 747 235 128
 597 679  34 129 474 503 391 707 691 724  20 716 175 328 623 755   6 185
 237 677 193 377 606 172 250 282 510  17 767 302 336 416 152 418 107 695
  68 439 192  43 378 447 647 410 427 701 497 148  73 532 363 224 111 761
  64 549 267  65 257 154 581 494 644 241 587 692 663 259  15 705 643 769
 398  92 527 690 523 752 345 668 222 584 393 367 641 366  29 704 219 600
  22 777 566 314 342 196 304 223  18 728 220 525 555 480  71 766 126 422
  36 167 696 315  13 431 400  45 438 324 712 101 563 561 386 462 699  80
 768 261 674  10 281 774 246  31 434 592 248  60 638  40 671 110   8 698
 357 444 338 508 121 155 565 368 376 590 188 446 498 389 594 473 662 213
 255 715 649 358 156 509 604 573 169]
GPU0
set random seed!
finished RVND in 11.3969750404s
data-line;initial_solution;68431825;final_solution;3425598;time;11.3969750404;counts;919;fv;[];cv;[540, 239, 124, 14, 2];imp;19.9766070041
