pydf_home: /home/rodolfo/git/Sucuri
simple_pycuda_home: /home/rodolfo/git/simple-pycuda
wamca2016path: /home/rodolfo/git/wamca2016/
localpath: /home/rodolfo/git/dvnd-df/code/dvnd-df/src/
WAMCAPATH:/home/rodolfo/git/wamca2016/
Using already created file:  wamca2016lib.so
Size: 501 - file name: 05_TRP-S500-R1.tsp
ns:  [<function <lambda> at 0x7f17286040c8>, <function <lambda> at 0x7f1728604140>, <function <lambda> at 0x7f17286041b8>, <function <lambda> at 0x7f1728604230>, <function <lambda> at 0x7f17286042a8>]
ns:  [<function <lambda> at 0x7f17286041b8>, <function <lambda> at 0x7f1728604230>, <function <lambda> at 0x7f17286042a8>, <function <lambda> at 0x7f1728604140>, <function <lambda> at 0x7f17286040c8>]
32304486-[353  50 336 199 375  97 414 113  23 369 347 429 329 204 348  69 225 116
 468 140 496 283 271 241 376 364 121 229 484 118  88 165 384 233 304   4
  77 300 123 403 325 482 189  63 415 120 161 154 295 168 198 111 499 438
 290 382 495 164  43 277 437 477   6 466 332 156 244 103 422 441 255 258
 434 275 246  67 207 101 278 214 135 142 158 374 305 176 215 396 292 248
 303 191 350  59  91 459 394 232 341 108 425  16 418 371 451 129  10  35
 395 387 378  71 370 251  22  48  20 354 462 217 163 231 234 247 372 240
 491 209  13  95 182 359 181 483 310 318 196 421 149 192  46  42  90 126
 470 400 362 203  53 259 137 272 404  75 475  39 342 338 260 488  41 281
  82 253 183  52 269 216 316 426 453 109 322 127  98  99 355 363 124 406
 188  61   5 306 402 148   9 284 346   2 474  87 208  27  40 139 464 465
 333 430  57 327 324 236 379 187 473 291 339 419 412  96 393 153 270 311
  70 173 401 250 312 294 130 331  79 497   0 344 227 107  38 132 452 117
  74 298 307 228 282 289 472 213 428 162  36 500 222 110 432 288 226 411
 265 381 178  32 141 417 175 146 320 155   7 114  49 242  33 119  93  17
 385 455  68 388  84 136 256 264  25 254 105 487 128 335 423 383 157 380
 210 172 410 273  37  29 287 498 323 413 268 321 440 150  30  19 476  78
 463  31 230 166  92  34  65 315 313 445  24 343 408 490 134  83 144 446
 133 122 458  80 193  12 261 457 480 479 328  47 485 352 334 373 471 398
 235 243 456 361 447 424 427 436 420 239 223  21 389  45 301  64 492 100
 407  44 317 285 186 202 249 450 263 360 279 314 266  54 299 125  81 220
 390 179 177  66 293 257 238   8 337 160 276 145 280 143 252  51  60 454
 461  14 444  86 115 377 368  56 351   3  58 442  94 309 190 349 460 443
 302 169  11 170 147 167  55 358 435 416 180 219 104  15 486 171   1 200
 365  62 397 185  85 205 399 152 386 319 467 340 478 326 267 493 469 409
 237 494 174  28 405 197 184 297 330 274 433 245 431 481 357 489 211  76
  89 439  72  26 151 449 356 296 102 112 367 131 106 194 201 308 221 206
  18 212 195 218 286 391 392 138 262 345 224 366 159  73 448]
GPU0
set random seed!
finished RVND in 4.56337809563s
data-line;initial_solution;32304486;final_solution;2029233;time;4.56337809563;counts;598;fv;[];cv;[362, 156, 69, 7, 4];imp;15.9195548269
