pydf_home: /home/rodolfo/git/Sucuri
simple_pycuda_home: /home/rodolfo/git/simple-pycuda
wamca2016path: /home/rodolfo/git/wamca2016/
localpath: /home/rodolfo/git/dvnd-df/code/dvnd-df/src/
WAMCAPATH:/home/rodolfo/git/wamca2016/
Using already created file:  wamca2016lib.so
Size: 657 - file name: 06_d657.tsp
ns:  [<function <lambda> at 0x7eff756c90c8>, <function <lambda> at 0x7eff756c9140>, <function <lambda> at 0x7eff756c91b8>, <function <lambda> at 0x7eff756c9230>, <function <lambda> at 0x7eff756c92a8>]
ns:  [<function <lambda> at 0x7eff756c92a8>, <function <lambda> at 0x7eff756c9230>, <function <lambda> at 0x7eff756c90c8>, <function <lambda> at 0x7eff756c91b8>, <function <lambda> at 0x7eff756c9140>]
281744766-[180 629 411 313  82 150  61  73 250 183 210 197 124 447 627 533  46 637
  75 438 560 548 581 511  21 189 454 520 586 334  93 510 544 348 491 176
  90 624 207 421 201 114 321 242 569 278 477 231 338 380  99  31 162 223
 211 479 583 299 274 245  57 656 615 181 440  87 600 393  25 343   3 154
 359 325 394 601 206 543 122 463 467 482 269 107 427 355  70 584 462 335
 606  63 382 230 362 590 372 388 490  78 147 652 177 502 414 105 233  33
 633 585 452 431 256  89 148 458 444 161 475 132 246 101 573 442 178 219
 391 160  38 312 137 647 432 270 632 503 529 185 649 302 310  10 195 304
 174 443   7 644   8 449 399 453 570  55 115 323 602 327 483  94 568 625
 186 272 557 243 640 513 455 525 400 244 596 623 282 524  86 428 604 612
 203  17  43 418 507  81 550 416 192 634 109 578 254 608 654 320 330 594
 333 518 234 305 480 268 540 531 354 558 587 433 326  45 337 364 145 353
 301 175 358 289 605 653 202 645  51 555 167 102 171 200 472 579 213 448
 125 227 225 646 166 252 341  29 295 413 521 222 292 140 188 619 350  28
 630 403 643 352 224  14 484 591 515 112 260 522 349 139 551 123 501 163
  11 641 417 193   1 408 496 229 613 221  18 182 376 237 597 215 218 344
 504 275 217 165 198  79 571 108 426 314 367 500 470 199 110  67 168 437
 651 285  98 247 286 216 194 425 561 577 389 164 240 191 205 318 336 173
  15 347 236 249 328  13 387 576 598 566  47 131  35  19 424 434 549 297
 346  20  91 329 317 141 283 151 616 214 277   5  88 505 556 179 113 253
 390 309 523 374 251  77 636  92 373 410 541 238 487 117 153 384 468 360
 357 398 412 296 265 457 133 120 639 415 599 290 104 539 512 620 152  69
 456 545 232  59  27 306 322 537 406 464 369  32 626  85 635 535 495 368
 363 375 536 466 119 527 262 553 383 324  52 628 196  95  50 103 567 291
 469 226 631 572 471 381 493  36 589 436 485 144  65 271 492 508 429 603
 517 478 294 562 439  68 130 158 422  12  16  34 528 595 239 370 621 170
  37 435 405 526 298 157 149 366 293 575  64  39 129 441  58  49 228 319
 365 420   9  42 611 592   6  80 316 392 397 489  30 356 474 276  83 267
 281  53 534 642 332 143 402  44 655  41 407 287 565 339 481 100 300   4
 618 622  72 445 542  48 204 516 308 261  40 159 459  60 465 614 396 582
 588  54 315 248 118 607 138 499 473 379  71 559 386 648 552 650 509 476
 538 111 446 638 288 563 547 395 208 255 409 172 610 127 532 273 488 609
   0 279 377 494 135 404 190 574 378 498  96  84 263 497  23 264 187 184
  66 280 126  74 486 116 617   2 593 361 340 580 342  76  62 212 546  56
 169  26 331 450 530 106 430 345 146 514  97 266 136 220 303 134 385 258
 423 284 461 259 155 564 401 241 371 209 460 311 121  24 351 506 142 235
 519 156 554 419 451  22 257 307 128]
GPU0
set random seed!
finished RVND in 7.28565382957s
data-line;initial_solution;281744766;final_solution;14453458;time;7.28565382957;counts;728;fv;[];cv;[477, 168, 75, 6, 2];imp;19.4932427935
