pydf_home: /home/rodolfo/git/Sucuri
simple_pycuda_home: /home/rodolfo/git/simple-pycuda
wamca2016path: /home/rodolfo/git/wamca2016/
localpath: /home/rodolfo/git/dvnd-df/code/dvnd-df/src/
WAMCAPATH:/home/rodolfo/git/wamca2016/
Using already created file:  wamca2016lib.so
Size: 226 - file name: 03_pr226.tsp
ns:  [<function <lambda> at 0x7fcdbeda00c8>, <function <lambda> at 0x7fcdbeda0140>, <function <lambda> at 0x7fcdbeda01b8>, <function <lambda> at 0x7fcdbeda0230>, <function <lambda> at 0x7fcdbeda02a8>]
ns:  [<function <lambda> at 0x7fcdbeda02a8>, <function <lambda> at 0x7fcdbeda0140>, <function <lambda> at 0x7fcdbeda0230>, <function <lambda> at 0x7fcdbeda01b8>, <function <lambda> at 0x7fcdbeda00c8>]
184374149-[ 91 187 157 145  62 114 123 159  69 203  56 152  22 181 117 103  25   8
 118  50 106   2 129  29 143 170 186 212 182 177  65 116 107  20 121  87
  84 101  88  93 211 140  99  92  48 130  11 163  67 113  81 110  36  44
 173  85 169  59  58   1  79  18  71 171 198 220 155 147  75 210  16 137
  57 168  32 191  77 112  90   7 104  73 219 208 164 151 131 202 154  46
  96 192   6  63 138 215  47 183 190  66  41 193  28 166  89  68 207 225
 125  19 148 167 133 100  27  52  15 184  26 165 144 119   4  34 105 176
 221  55  12  54  17  21 136 199  13 205  97 218 216 197 158  40 115 149
 185 224  14  37 120 180  23 172 213 132 195  35  45 206  43  94 178  95
 188  61  53 201  98  51 102  30   5   0   9 179  74  33 128 142 189 156
  42 122  70 196  64 217 146 222   3 109 214  31  39 175  72 160 161  83
 209 108 127  38  86 153 135 194 223 134 200 150  24 162 204 111 126 141
  80 139  82  60  78  10  76 174  49 124]
GPU0
set random seed!
finished RVND in 4.09187316895s
data-line;initial_solution;184374149;final_solution;6490341;time;4.09187316895;counts;668;fv;[];cv;[510, 103, 51, 2, 2];imp;28.4074671885
