pydf_home: /home/rodolfo/git/Sucuri
simple_pycuda_home: /home/rodolfo/git/simple-pycuda
wamca2016path: /home/rodolfo/git/wamca2016/
localpath: /home/rodolfo/git/dvnd-df/code/dvnd-df/src/
WAMCAPATH:/home/rodolfo/git/wamca2016/
Using already created file:  wamca2016lib.so
Size: 226 - file name: 03_pr226.tsp
ns:  [<function <lambda> at 0x7fc306bb40c8>, <function <lambda> at 0x7fc306bb4140>, <function <lambda> at 0x7fc306bb41b8>, <function <lambda> at 0x7fc306bb4230>, <function <lambda> at 0x7fc306bb42a8>]
ns:  [<function <lambda> at 0x7fc306bb41b8>, <function <lambda> at 0x7fc306bb40c8>, <function <lambda> at 0x7fc306bb4140>, <function <lambda> at 0x7fc306bb4230>, <function <lambda> at 0x7fc306bb42a8>]
195178259-[ 72  52 153 216  28 196 103 144 169 102 150  90 110  47  10 127  86 212
 172   7  58  39  35 147   2  87 182 137  43 133  27 161 156  62  83  71
  99   1  98  70   9 165 141  45  36 134  95  13 175  31 162 206 116  57
 115  29 166 179 142  93  24 107 214  40 101  64  22  46   3  18 188 105
 224  30 174  65  63 122 111  69 123 183 113 184 120 210  21 114 194 121
 157 151 225 176  88 189  37 129  91 146 132 209  19 213  34  12 201 170
 149 207 181 118  94 204  59  97 200 145  48  56  76 152  81  33 171 192
 205  20  74 124 106 158   5  80 128 167 217 186   0 190 187 131  49  15
 140 178  38  75 185 138  53  77  96 136  82  85 168 125 104  84 100 197
 208  89  32 119 160  55 126   6 211 148 195 164 130  42  26 180  68  61
 221  54 173 143 203  66 154 218 109  17  41 199   4 198 219  16 222 135
  50 139 223 220  25  14 108 193 177  51 163  92  79  67 159 191 202  73
 215  44  23  60 112   8  11 117  78 155]
GPU0
set random seed!
finished RVND in 2.58767294884s
data-line;initial_solution;195178259;final_solution;7085019;time;2.58767294884;counts;410;fv;[];cv;[342, 50, 15, 2, 1];imp;27.5480219601
