pydf_home: /home/rodolfo/git/Sucuri
simple_pycuda_home: /home/rodolfo/git/simple-pycuda
wamca2016path: /home/rodolfo/git/wamca2016/
localpath: /home/rodolfo/git/dvnd-df/code/dvnd-df/src/
WAMCAPATH:/home/rodolfo/git/wamca2016/
Using already created file:  wamca2016lib.so
Size: 226 - file name: 03_pr226.tsp
ns:  [<function <lambda> at 0x7f37665630c8>, <function <lambda> at 0x7f3766563140>, <function <lambda> at 0x7f37665631b8>, <function <lambda> at 0x7f3766563230>, <function <lambda> at 0x7f37665632a8>]
ns:  [<function <lambda> at 0x7f37665630c8>, <function <lambda> at 0x7f3766563230>, <function <lambda> at 0x7f37665631b8>, <function <lambda> at 0x7f37665632a8>, <function <lambda> at 0x7f3766563140>]
188344581-[195 160  73 121 150  31 193 142  26  56  49  22 130  77 200 157  47  83
 120 133 116  52 175  46  68 167 117  76  54 224 192 106 179 123 100  32
  94 205  36 198  51  42  91  44 210 127 105  82 209 148  34 108  24 152
 109 144 183   5 194 118 122 104  96 145   8  57  70   4 206 213  20 204
 189   0 171  85  17 149  33 222  80 126 217 212 225 176 202  61 139   2
  98  12 137 151 188 173 143 187  74 135  29   1  60  11   3 131 115   9
  63  89 112 218   6 172 223  23  53  62 165 102 191 178  87 180 197 177
  45 132  18 113  88 196 215 154 129  67 216 140  27  50 155 107 220  38
  39 169 208 166  37  14  78 114  81 201 103  59  55 185  95 203 136  25
 161 190  64 125  86  58  99  90  43 159 146 156 211 128  92  66 119  84
  16 182 141 214 162 110  97 181 221  28  15  13 168  19 164  75  65  93
 163 111 153  41  21 101 219 147   7 138  48  79  10 174  35 199 170  71
  30  40 124  69  72 186 158 134 207 184]
GPU0
set random seed!
finished RVND in 3.17141699791s
data-line;initial_solution;188344581;final_solution;7323131;time;3.17141699791;counts;374;fv;[];cv;[300, 47, 22, 3, 2];imp;25.719133114
