pydf_home: /home/rodolfo/git/Sucuri
simple_pycuda_home: /home/rodolfo/git/simple-pycuda
wamca2016path: /home/rodolfo/git/wamca2016/
localpath: /home/rodolfo/git/dvnd-df/code/dvnd-df/src/
WAMCAPATH:/home/rodolfo/git/wamca2016/
Using already created file:  wamca2016lib.so
Size: 783 - file name: 07_rat784.tsp
ns:  [<function <lambda> at 0x7fcf30cbb0c8>, <function <lambda> at 0x7fcf30cbb140>, <function <lambda> at 0x7fcf30cbb1b8>, <function <lambda> at 0x7fcf30cbb230>, <function <lambda> at 0x7fcf30cbb2a8>]
ns:  [<function <lambda> at 0x7fcf30cbb230>, <function <lambda> at 0x7fcf30cbb1b8>, <function <lambda> at 0x7fcf30cbb2a8>, <function <lambda> at 0x7fcf30cbb140>, <function <lambda> at 0x7fcf30cbb0c8>]
69011296-[303 467 324 246 749 366 401 421 257 129 549 102 271 548 468 587 509  15
 308 280 722 449 566 520 538  29 293 670 736  20 705 456 212 499 572 460
 614 136 230 241 444 222 575  96 395 204 546 205 424 556 608 226 264  39
 547 343 384 738 125 522 669  26 315 326 526 113 691 423  30 105 369 629
 432 445 289 498 599 487 419 591 655 770 585  58  71 651 773  33 694 273
 583 426 173 529 681 114 543 690 609 119 494 362 465 554 512 237 752 373
 115 258 358 316 249 375 684 116 276 133 667 745 446 381 137 161 135 623
 409 643 179 337 491 109 728 263 356 274 148 394 281 544 581 104 521 286
  92 272 165 207 391  74 122 357 144 107 662 176 422 479  72 266 203 370
 318 301 709 660   7 720 774 559  40 438  21 198 483 645 442  69  22 189
  94 387 593 190 142 200 778  88 710 569 457 414 621 678 574 429  13  34
 238  42 726 344 350 638 374 729 103 455 589 225 611  38 155 461 450 224
 760 732 653 588  11 481 478  77 209   5 439 440 310  51 628 348 603 542
 757 270 674 673 634 751 492 661 368 397 476 706 624 772 152  75 406 253
 194 407 415 132 342 307 100 306 168 626 475 364 146 435 647 485 718 474
 305 743 153 267 151 557 598 518 347  82  17 154 676 213  68 601 180 291
  16 744 157 195 296 739 765 191 158 371 340 380 513 372  44 228  36 596
 138 659 359 174 233 761 320 454 664 627  67 746 234 763 560 400 696 615
 697 251 396  63 747 550 124 657 610 149 416 365 353 163  35 558  70 507
 288 505 622 545 244 528 160 514 177 637 323  81 399 389  73 201 248 441
  52 254 607 618  56 386 552  47 631 277 580  60 650 686 443 605 644 573
 398 541 325 472 567 193 733 256  79 713 294 243 220 612 292 723 451 169
 166 602 482 232 235 433 336 625 317 539 354  80 668  27 170 410 493  83
  19 259 737 531 586 523 562  53 171 714 536 240 604 302 753 462 699 192
 245  23 299 535 215 666 227 175 120   1 639 309 480 298 379 516 376 247
 218 717 654  46 413 182 703 641 484 672  10  98 594 377 515 700  54 126
 269 236  78 486 502 741 759 470 349 418 250 181  99 434 719 206 748 300
  93 420 239  37 642 147 279 466 680 290 331 188 223 630 367 769 781 417
 656 758 775   6 322 314 130 319 327 563 297 767 447  28  55 685 530 724
 282 453 208 351 579  85 196 261 231 731 431 172 383 501 555 402 777 167
 617  90 692 527  43 164  64 537 333 490 711 576 635 128  57 260   3 214
 321 346 388 140 524 162 295 497 768  18 584   4  24 553 436  45 616 187
 471 255 285  62 571 112 636 532 721 360 766 430  91 217 252 750 701 242
 185 702 508 755  25 525 117 613  97 452 568 679 764 463 211 184 646 620
 506 197 287  50 592   9 311 123 488 216 648 390 675 693 725 712 313   8
 619 221 606  48 108 127  65 510 275  49 329 663  61 464 740 141 688 649
 597 265  84 448 437 652 131  59 779 363 704 600 708 345 404  31 762 473
 707 284 361 519 683  89 425 477 392 578 328 199 156 776 262 590 352 385
 632 268 334 504  41  14 577  66 150 339 111 570 771   2 496 698 411 682
 110 393 335 403 511 118 121 533  12 561 408 341 734 178 735 428 229 500
 503 219 727 534 139 671 540 582 495 382 716 677 412 565 687 159 312 551
  95 183 355 633 658 564 405 186 756 202 689 517 695 330   0 210 782 134
 106 640 143 145 458 595 283 459 469 378 332 278  76  32 730 780  86 101
 489 304 338 742 715 427 754  87 665]
GPU0
set random seed!
finished RVND in 14.123652935s
data-line;initial_solution;69011296;final_solution;3422920;time;14.123652935;counts;1109;fv;[];cv;[615, 300, 172, 18, 4];imp;20.1615275846
