pydf_home: /home/rodolfo/git/Sucuri
simple_pycuda_home: /home/rodolfo/git/simple-pycuda
wamca2016path: /home/rodolfo/git/wamca2016/
localpath: /home/rodolfo/git/dvnd-df/code/dvnd-df/src/
WAMCAPATH:/home/rodolfo/git/wamca2016/
Using already created file:  wamca2016lib.so
Size: 501 - file name: 05_TRP-S500-R1.tsp
ns:  [<function <lambda> at 0x7f4e7acc20c8>, <function <lambda> at 0x7f4e7acc2140>, <function <lambda> at 0x7f4e7acc21b8>, <function <lambda> at 0x7f4e7acc2230>, <function <lambda> at 0x7f4e7acc22a8>]
ns:  [<function <lambda> at 0x7f4e7acc2230>, <function <lambda> at 0x7f4e7acc20c8>, <function <lambda> at 0x7f4e7acc21b8>, <function <lambda> at 0x7f4e7acc22a8>, <function <lambda> at 0x7f4e7acc2140>]
33495685-[ 65 322 272 261 324 346 160 370 380 376 462 221 186 487 229 240 275 258
 484 146 429 389 205 361 115 409 144 481  61 491  77 253 353 356 401  15
   4 400 404 438 104 114 267 121 116 496 109 122 145 287  41  46  25  82
  38  20 151 140  80  92 282 129 328 246  34 291  72  71  63 236 295 448
 382 378 396 454 196 181  27 311 451 395 100 428 243 262  76 464 233 362
  16  74 446 126  44 134 447  12 407 149 156 319 366 265 457 473 305 214
  33 220 171 197  99  45 234 391 269  13 500 335 244 331 373 185   3 327
  55 420  26 314 168 459 425 455 251 227  81 286 381 343 222 238 488 224
  19 173 189  24 203 169 433 161 480 399  52 247  32 490 280 332 470 308
 277 249 120 338 321 228 364 406  11 204  37   8 278  86 442  83 460 329
 392 450 158  23 336 479 252   1 405  48  53  98  90 119 358 178 117  73
 288  36  18 188  96 432 112 309 108 398 135 136 384 489 387 284 320 125
 102  69  66 326 292  39 263 264 325 299 461   5 472 416 162 206 418 179
 449 348 342 254 273 193 423  59  30 486 426 437 439  94 138 194 355 207
 279   9 307 386 352 452 430 198 339 103 163 187 296 215 159 492 219 385
 374 182 475 436 354 397 133 303 365 294 270 139 111  56 485  84  54 170
 216  35 260 344 431 106 105 456   7 422 131  28 248 318 191 372 232 239
 483 107 137 150 130 402 393 213 223 195 199 297 256 330 394 226 212 377
 123 494 172  22 142 184 403 369 143 313 388 245  31  88 237 304 217 360
 417 390 341 147 495 201  21 301  64 363 350 231 467 424   0 276 274 300
 174 152  17 166 132 383 345 241 312 497  95 414  29  67 410 340 463 255
 210  43  14 415 493 337  70 176 371 180 293 357 367 469 113 443 183 435
  47 334 413 230  78 351   2  51  79 124 218 148  60  40 347 421 271 235
 128 298 177 175 458 285 154 498 323 266 289 499 302  97 359 257  10 441
  57 474  50 444 167  49 453 477 445  93 250 118 471 153  75 127 468 209
 478 200  91 268 165 375 208 164 476 141 465 317 281 333 412 192 408   6
  87 310 316 155 225  58  89  68 290 157 283 110 379 434 411 190 427 211
 440 101 419 315 306 482 259 349 242 466  85  42  62 368 202]
GPU0
set random seed!
finished RVND in 4.49681711197s
data-line;initial_solution;33495685;final_solution;2022179;time;4.49681711197;counts;587;fv;[];cv;[338, 154, 81, 11, 3];imp;16.5641543108
