pydf_home: /home/rodolfo/git/Sucuri
simple_pycuda_home: /home/rodolfo/git/simple-pycuda
wamca2016path: /home/rodolfo/git/wamca2016/
localpath: /home/rodolfo/git/dvnd-df/code/dvnd-df/src/
WAMCAPATH:/home/rodolfo/git/wamca2016/
Using already created file:  wamca2016lib.so
Size: 501 - file name: 05_TRP-S500-R1.tsp
ns:  [<function <lambda> at 0x7fa8244c10c8>, <function <lambda> at 0x7fa8244c1140>, <function <lambda> at 0x7fa8244c11b8>, <function <lambda> at 0x7fa8244c1230>, <function <lambda> at 0x7fa8244c12a8>]
ns:  [<function <lambda> at 0x7fa8244c1230>, <function <lambda> at 0x7fa8244c11b8>, <function <lambda> at 0x7fa8244c12a8>, <function <lambda> at 0x7fa8244c10c8>, <function <lambda> at 0x7fa8244c1140>]
32774030-[151 453 379 494 287 206 177 122 368 283 340 302  11 182 370  54  79 124
 130   4 350 383  56 452 439 323 362  58 371 479  12 498  36  88 499 334
  72  69 168 395 188 172 149 223 146 264 470 179 262  31 412  10 244 127
 176 326 249 497 280  84 329 143 191  62 367 433 224 473 298 190 405 183
 242  25 281 373 390 178 268 481 181 138 482  71 250 290 417 114  65  21
 150 466  53  33 202 378 416 455 157 174 107  14 458 357  78 110 125 366
  57 468   5 345 341 208 388 286 489 133 230 444 310 315 330 236 161 220
 297 437 155  41 428 448 128 263 480 296  75 351  92 438 186 322 477  19
 258 327 237  80 197 493 184 229 312 490 409 488 320 401 284  85 145 325
 376 342 123 115 461 346 478 214 306  66 129 222 210  59 105 425 399 156
 358 321 299 180 112  35 300 137 435  18 165  26  67   1 392 397 301   9
 408 309 201  61  27 465 337 241 273   2 235  91 120 314 303  46 429 291
 456 495 460 269 159  29 104  68 447 414 289 422 413 365 355 486  49 294
 377 205 245 434 238 492 147  17 380 140 407 266 272 424 487 454 338  82
 209 100 233 472 475 167 175  15  37 304 464 148 196 420 108 469 228 436
 231 443 441 225 421 467 275 132 260 347 251 139 375 331 219 393 261 361
 398 154 226 462 218  74 400 419 318 277  20 158 440 282 134 457 166 253
  98   3  77  76  40 485 333 141 119  23 369 295 221 431 252  70  39  96
 232 171 106 246 316 410 285 403 271 324 293 217 471 204 247 311 389 319
 278 109 387 415  55 239 491 474 500  34 164 203  42 332  95 248 193  28
 484 382 317 450 103 442 163 243  86 353 308 153 267 483 142 207 364 135
  30 349 270 348 427  16 257 305  93 446 192 423 255  43 344 335 111  73
   0 113  48 292 276 476  63 194 391 496 118 212 216 215 274 354  89 144
 213 356  94 339 136 162  13  97 195 198  50 328 313 406   8 386 384  81
 279 211  90 288  87  45 426 396 411  64 101 234   7 381 126 394  51   6
 404 374  22 169  99 343 102 432 121  32  47 451 430 200 449 259 152  83
 116 187  44 352 227 185  60 372 418  52 131 173 307 402 363  38 189 463
 385 336 360 240 254  24 445 199 359 117 265 160 170 459 256]
GPU0
set random seed!
finished RVND in 4.88622808456s
data-line;initial_solution;32774030;final_solution;1952518;time;4.88622808456;counts;646;fv;[];cv;[397, 157, 82, 7, 3];imp;16.7855200311
