pydf_home: /home/rodolfo/git/Sucuri
simple_pycuda_home: /home/rodolfo/git/simple-pycuda
wamca2016path: /home/rodolfo/git/wamca2016/
localpath: /home/rodolfo/git/dvnd-df/code/dvnd-df/src/
WAMCAPATH:/home/rodolfo/git/wamca2016/
Using already created file:  wamca2016lib.so
Size: 783 - file name: 07_rat784.tsp
ns:  [<function <lambda> at 0x7fa297efa0c8>, <function <lambda> at 0x7fa297efa140>, <function <lambda> at 0x7fa297efa1b8>, <function <lambda> at 0x7fa297efa230>, <function <lambda> at 0x7fa297efa2a8>]
ns:  [<function <lambda> at 0x7fa297efa0c8>, <function <lambda> at 0x7fa297efa230>, <function <lambda> at 0x7fa297efa2a8>, <function <lambda> at 0x7fa297efa1b8>, <function <lambda> at 0x7fa297efa140>]
70305785-[691 487 559 693 713 517  83 501 188 231 540 373 224 171 212 100 565 626
 330 495 350 518 143 296 610 306 481 180 351 591 103 545  62 525 258 755
 290 430 636 772 608 778 741  72  73 122 332 687 341 445 401 336 227 569
 514 398 327 114 226 335 624 261 417 260 377  82 504  98 129 573 347 757
 340  11 749 777 356  84 426 553 289 280 767 181 138 748 462 648  59 440
 263 353 183 221 427 469 618 746  85 256 202 699 582 253 733 268 625 753
 700 589 148 679 593 617   2  99 342 647 744  88 603 147 229 323 510 769
 459  94 283 169 728 247 491 646 616 326 422 173 727 425 470 704 423 499
 359 599 192 715 182 200 653 363 678 655 403 153 526 161 266 644 203  54
 457 254 317  75  16 482 620 117 108 295 120 587 368 437 736 436 483 392
 225  27 632  90 435 293 633 233 252 244 123 642 694  41  40 388 379 516
 132 607 709 552 555 339 751 166 285 768 475 521 564 670 207 570 473  58
 449 717 479  25 420 145 366 186 310 127 230 577  61 246 164 369  13  81
 585  43 419 496 688 760 279 685 575 343 408 754 429 387 712 178 695 550
  24 112 355 594 352 184 304  15 729 141 782 216 572 243 605 458   6 232
 374 272  18 217 273 675 447 478 726 155 562 561  86 634 703 371 583 240
 213  80 199 464 752 116 297 140 314 578 533 622  48 498 158 276 284 384
  63 433 536 416 476 274 692 747 407 485 576 590 731 211 738 157   7 584
 399 606 372 177 385 761  26   9 455 696  89 307 650 721 302 110 467 781
 160 780  76 629 405 102 228  57 643 118 708 318 333 442 235  30 657 542
 119 421 196 756 596 519 609 480 206 490 740 774 175 439 400 614 413 466
 716  19 367 669 651 255 511 539   4   3 630  51 680 697 362 271 661 245
 460  44  42 144 493 686 492 394 639 331 190 165 291 649 732  35 689 701
 146 324 631 415 623 197  71  12 338 532 671  28  74  31 311 508 656 329
 720 201 758  64 222 242  56 463 234 494  52 299 219  53 139 465 684 660
 762 452 627 125 275 557   5 560 737 322 551 654  36 410 529 568 124 558
 667 524 142 305 723 707 711 645 101 218 515 673 534 454 770 210 638 238
  21 714 441 635 365 775 725 395 251 378 489 424 527  14  78 404 779 163
 538  45 375 162 549 509 386 172 320 580 397 414  33  22 443  93 396 486
 567 205 358 136 193 502 641 428 503 195 380 522 412 174 674 438 214 448
 265 264 204  60 546 106 523 154 134 766 267 621  20 328 682 389 566   0
 541 126 472 444 579 505 468 402 719 223 710 750 364 357 292 619 151  34
  32 724 259 300 520 107 743 288 269  96 488  10 170 113 191 672 628 370
 698 198 497 312  65 159 286  68 348 450 537 209 586 571 764 477 662 604
 109 548 474 718 763 531 321 270  39 528 547 563 111 507 236  29   1 168
 640 543  77 771 149 500 156 337 316 376 456 152  79 309  67 189 535 588
 598  46 668 257  92 131 281 742 453 773 739 167  69 461 287 434 506  55
 325 512 666  95 663 239 215  97 345 179 344 303 121 581 278 137 765 652
 262 282 208 683  23  49 446 602   8 613  37 659 600 702 418 690  66 382
 722 249 248 530  70 776 220 513 544 194 484 383  50 176 601 409 393 334
 319  38 556 745 471 301 250 150 554 298 391 115 615 105 658 315 187 346
  87 665 574 734 611 130 349 128 381 313 237 592 406 104 597 432 354 277
 431 676 133 360 185 361 612  47 759  17 390 595 664 706 637 135 705 677
 241  91 735 681 294 308 730 451 411]
GPU0
set random seed!
finished RVND in 11.2934100628s
data-line;initial_solution;70305785;final_solution;3450760;time;11.2934100628;counts;904;fv;[];cv;[547, 236, 111, 9, 1];imp;20.3740002202
