pydf_home: /home/rodolfo/git/Sucuri
simple_pycuda_home: /home/rodolfo/git/simple-pycuda
wamca2016path: /home/rodolfo/git/wamca2016/
localpath: /home/rodolfo/git/dvnd-df/code/dvnd-df/src/
WAMCAPATH:/home/rodolfo/git/wamca2016/
Using already created file:  wamca2016lib.so
Size: 501 - file name: 05_TRP-S500-R1.tsp
ns:  [<function <lambda> at 0x7f77c11100c8>, <function <lambda> at 0x7f77c1110140>, <function <lambda> at 0x7f77c11101b8>, <function <lambda> at 0x7f77c1110230>, <function <lambda> at 0x7f77c11102a8>]
ns:  [<function <lambda> at 0x7f77c1110140>, <function <lambda> at 0x7f77c11102a8>, <function <lambda> at 0x7f77c11101b8>, <function <lambda> at 0x7f77c11100c8>, <function <lambda> at 0x7f77c1110230>]
33135450-[161 247 329 405 321  16  64 496 361 211 229 126 264 491 378  75  51  72
  84  85 388 459 236 253 424 400 448 167  80 170  12 377 269 179  31 183
 293 216 287 201 227 171  60 209 447 196 490 418 184  81 153 257 445 221
 268 109 355 485 422 298  99 440 140  14  35 489 416 192 495 453 261  83
  69 241 475 336  91 399 500 199 360 404  33 426 417 262 342 210 218 148
  93 369 173 147 473 354 338  54 362 181  95 438 458 177  66 160 379 237
 114 307 472 328  40 105 162 285 274 470 349 278 139 191 429 178 492 434
 433  82 142 435 186 295 111 401 396 326  22  68  43 185 493 316  62  74
 193 117 277 165 291   5 357  94 386 411 488  59 431 290 288 222 383 101
 410 406 303  56 367 324 206 234 175 190 127 350 130 344  36  89 301 136
 169  10 467 115 265  87 387 427 197 273 198 306  11  19 292 304   9 118
 112 187 163  92 194 113 281 347   1 481  70 182 176 420 421 122  29 294
 370 280 244 156 174 267 134 202 283 256 129 425 486 390 397 398 451 318
 461 376 168 456 325 249 312 120 392 446   2  25   7 364 315 151 353 215
 195 240 119   4 356 408 322  17  13  27 323 238 302 385 137 464 403 494
  86 251 363 242  21 133 414 203 413   6 339 334 100 220 395 270 381 282
 217 375 255 154  46  53  37 333 275 128 471 330  97 225 443  71 144 157
  57 152 123 260 245  23 437 228 124 345 212  30 180 219 102 343  34  55
 317 233 107 155 365 300 226  41 430 389  67  39 254 231 235 125 407  32
 346 214 320 499 441 204 337 299 243 121 289  78 474 462 497  50 296 476
   3 482 436  76 412 352 248 310 131 415  77 455  26 189   8 158  28  98
  20 332  18 313  15 272  44 428 232 305 108  52 449 341 466 239 483 394
 103 444 477 263 143 457 308 478 432 252 319  49 208 371 150  58 284 258
 266 138 331 374 271 132 259 368 384 250   0  42 393 116 442 106 402 311
 373  79 207 382  61 149 230 450 172 380 188 297 159 460 419 340 452 276
 104 279 314 146 351 409 110  45 223  88 480 335  73 423 463 358 468  47
 200 465 479 366 164 246 454 213  48  96 145 372 224 135  63 498  24  90
 484 286 309 469 391 487  38 359 141 205 327  65 166 348 439]
GPU0
set random seed!
finished RVND in 5.6149969101s
data-line;initial_solution;33135450;final_solution;1991755;time;5.6149969101;counts;630;fv;[];cv;[381, 162, 77, 7, 3];imp;16.6363081805
