pydf_home: /home/rodolfo/git/Sucuri
simple_pycuda_home: /home/rodolfo/git/simple-pycuda
wamca2016path: /home/rodolfo/git/wamca2016/
localpath: /home/rodolfo/git/dvnd-df/code/dvnd-df/src/
WAMCAPATH:/home/rodolfo/git/wamca2016/
Using already created file:  wamca2016lib.so
Size: 226 - file name: 03_pr226.tsp
ns:  [<function <lambda> at 0x7f5eadcce0c8>, <function <lambda> at 0x7f5eadcce140>, <function <lambda> at 0x7f5eadcce1b8>, <function <lambda> at 0x7f5eadcce230>, <function <lambda> at 0x7f5eadcce2a8>]
ns:  [<function <lambda> at 0x7f5eadcce0c8>, <function <lambda> at 0x7f5eadcce140>, <function <lambda> at 0x7f5eadcce2a8>, <function <lambda> at 0x7f5eadcce230>, <function <lambda> at 0x7f5eadcce1b8>]
183143705-[169 195  54 198 204  57 183  86 173 162  50 139 136  15 106  49 133  75
 112  37   8  56  71 193 158 111 213 190  73  72 178 215 118  81 159 175
 197   5  92  30  34  21 218 177  27 214 129 220  39  83 166  46  44  32
 125   4 142  94  36 155  63  88 165 140 146  97  53  23  52 209 211  91
   0  67  26 184 161 121 132 108 185 212 109 168 128 122 120 163   1  84
 119 141  58 167  51  14  61 182 194 116  28  10 205  60  24   3 143  80
  78 115 186  16 150 130   2 107 164 170 138 189  74  66  68 124 179  38
 171 148  87  90 199 147 221  62 113 137 110  17 160 105 101 202  31 156
 201  11  25 103 200 219  98  79 187 222  77 144  41  22 174 104 153 154
  70 172  43 225  20 127 151 196  64  89 152 131 135   9 102  99 149 176
 157  13 217  18  93  47  85  45 207 206 203 145 134  35   6 126  29   7
 181  82  69  95 216 191  40  48  59 100 117  12  65  55 224 114  76 223
  96 188  42 123  19  33 192 180 208 210]
GPU0
set random seed!
finished RVND in 2.10354495049s
data-line;initial_solution;183143705;final_solution;7700210;time;2.10354495049;counts;456;fv;[];cv;[382, 48, 24, 1, 1];imp;23.7842480919
