pydf_home: /home/rodolfo/git/Sucuri
simple_pycuda_home: /home/rodolfo/git/simple-pycuda
wamca2016path: /home/rodolfo/git/wamca2016/
localpath: /home/rodolfo/git/dvnd-df/code/dvnd-df/src/
WAMCAPATH:/home/rodolfo/git/wamca2016/
Using already created file:  wamca2016lib.so
Size: 501 - file name: 05_TRP-S500-R1.tsp
ns:  [<function <lambda> at 0x7fdbdeae50c8>, <function <lambda> at 0x7fdbdeae5140>, <function <lambda> at 0x7fdbdeae51b8>, <function <lambda> at 0x7fdbdeae5230>, <function <lambda> at 0x7fdbdeae52a8>]
ns:  [<function <lambda> at 0x7fdbdeae5140>, <function <lambda> at 0x7fdbdeae52a8>, <function <lambda> at 0x7fdbdeae50c8>, <function <lambda> at 0x7fdbdeae5230>, <function <lambda> at 0x7fdbdeae51b8>]
32541862-[268 158 322 415 473 400  24 354 436  70 314  90 488  29 337 335  87  58
 193 477 290 315 102  71 232 273  14 374 424 271 448 499 344 453 421 320
 403 121  79 438 428 145 449 129 402 136  27 223 199 213 191 451 309  59
 106 287 285 238  25 128 476 394 381 496 417 479 353 141 385 187  46 361
  55 240 219 171 416 487 466 150 420  67 334 216 165 342 325 126  89 296
 209 355 340 149 124 155 229 133 234 105 486 212  96 181 450   9 495 406
 159 220 470 332 399 316  88 134 318 422  32 111  10  37 245  60 289 390
 396 154 200 142 164  16 439 215 195 109  39 297 119 162 312 253   5 414
  13 326 161  93 384 152 492  50 281 313 246 395 368 204 239 274 364 351
  23 266 347 372 348  97  91 480  95 481  30   7 298 264 284 252 377 444
 226 214  43 256  57 151 490 493 363 166 153  92 306 208 327  47 429 178
 434  26 120 419 259 366 163 255 257 383 447 293 343 412 392 310  76 242
 203 156 180   3 467 455 278 282 339 110 221  51 135 116 283   1 275 456
 498 387 122 173 207 231 217 328 174 225 265 404 431 341 458 478 170 437
 241  35 235  64 409 272 227 356 407 336  42  48 408 168 497 391 388 440
 194 228 472 132 442 323  86 299 233   8 425 379 471 410  33 196 433 484
 175 475 295 236  66  17 279  22 176 270 261 418 398 269 140   2 469  74
 218 365  85  41 300 367 115 294  34 482  94  19 329 411 494 186 378 382
 277 413 184  63 464 357 459  20  49 317 346 352 101   6 426 188  81  80
 131 321 483 248  38 462 144  44 113 230  18  52 358  15  53 210  99 460
 114 292 112 461 401  21 446 454 359 108 305  98 308 457 100 369 104 370
 286  75 380 189 143  56 491 397  84 211 202 206 474  61 443 468  31 117
 376 386  40 118 182 307 405 291 260 222  54 445 251 389 123 319  28 172
 224  73 393 276 250 331 244 107  72 258   0 190 157 360 254 280 192 205
 147 423 201 262  62 427 430 489 288  12  78 330 324 303 362 148 302  65
  77 452  36 198 197  11 167 169 435 441 465 160 243 375 249 177 237  68
  82  69 304  45 127 371 139 500 373 263 146 138 345 137 349   4 463 485
 103 247  83 125 185 267 301 338 130 432 183 179 350 311 333]
GPU0
set random seed!
finished RVND in 4.56104183197s
data-line;initial_solution;32541862;final_solution;1987812;time;4.56104183197;counts;610;fv;[];cv;[357, 157, 79, 12, 5];imp;16.3706940093
