pydf_home: /home/rodolfo/git/Sucuri
simple_pycuda_home: /home/rodolfo/git/simple-pycuda
wamca2016path: /home/rodolfo/git/wamca2016/
localpath: /home/rodolfo/git/dvnd-df/code/dvnd-df/src/
WAMCAPATH:/home/rodolfo/git/wamca2016/
Using already created file:  wamca2016lib.so
Size: 783 - file name: 07_rat784.tsp
ns:  [<function <lambda> at 0x7fe5fb6770c8>, <function <lambda> at 0x7fe5fb677140>, <function <lambda> at 0x7fe5fb6771b8>, <function <lambda> at 0x7fe5fb677230>, <function <lambda> at 0x7fe5fb6772a8>]
ns:  [<function <lambda> at 0x7fe5fb6772a8>, <function <lambda> at 0x7fe5fb677140>, <function <lambda> at 0x7fe5fb677230>, <function <lambda> at 0x7fe5fb6771b8>, <function <lambda> at 0x7fe5fb6770c8>]
70441573-[ 26 243 380 565 429 337 545 512 468 407 773 215 278 781 128 225 679 570
 351 645 252 195 446  93  65 381 649 534 609  67 755 497 282 305 161 264
  61 286 329 273 470 640 304 265  38 567 193 568 741 753 119 669 629 572
 257 295  42  16 279 123 370 709 349 428 246 314 213 522 445 173  85 251
  17 205 734 579 727 375 376 539  70 344 683 223 511 353 178 692 272  14
 330 338  81 505 578 472 145  82 621 188 487 600 391 110 588 364 423   3
 571 181 584 776 199 573 253  31 171 326  89 167 730 743 281  19 274 405
 582 708 607 531  91 696 482 631 360 729 392 624 284 457 189 656 577 172
 158 287 245 731 772 417 310  54 759 611 348 691 671 153   9   6 605 363
 120 318 704 461 340 393 591 242 255  87 474 536 421 562 404 218 574 586
 689 617 244 559 396 744  76 373 334 216 668   7 162 436 742  88 290 626
  11  43 111 268 390 647 764 316 117 341 716 103 503 598 504 438 757 735
 122 538 152 450  12 508 719  60 769 563 560 399 313 414 615 409 397 597
 262 452  97 355  22 596 182 768  48 481 774  21 625 745 516 413 595 259
 476 553 548 608 219 459 657 551 473 194 717 185 593 453 176  66 552  18
 619 136 132 155 352  44  28 466 587 101 294 441 726 556 748 526 267 494
 646 163 359 498  46 703 382 455 475 301 444 170 401 427  56 623 713 575
 739 266 507 209 437 430 408 700 643  50 610 180 449  37 383 371 332 680
   1 229 714 233 479 664 411  29 517 231 277 506 419 174 652 291 202  83
 675 432 395 387 720 707 678 660 667 226 214  73 672 280 415 463  35  90
 293 361 698 179 426 150 712 309 134  41 451 271 749  23 250  33 756 638
 149 184 121 641 358  39  20 765 362 634 127 604 100 400  55 469 239 728
 143  68 403 187 302 580 721  84 653 276 410 561 715 583   5 663 752 655
 736  94 705 211  99 723 235 782 325 303  86 614 315   8 513 422 635 535
 651 275 465 738 440 104 106 263 192  51 125 576 379 532 710 771 673  69
 533 425 590 502 524 300 770 204 528  71 754 412  58 124 684  80 594 758
 632 456 431 196 464 159 529  78 779  79  63 467 418 108 762 495 509 722
 342 292 666 544 424  52 592  30 763 372 238 308 183 460 336 501 126 767
 542 523 135 554 480 454 249 697 147 166 269 197 780  34 356 116 157 112
 602 484 751 365 345 693  75 327 256 670 220 566 328 102 777 141 224 674
 366 398 706 367  15 681 490 724  74  95 746 210 333 307  25 402 177 230
 462 687 685 589 374 107 514 510 254 354 200 644 386 603 377 378 369  62
 115 283  32 385 443 299 549 543 339 688 637 737 227 154 530 686 433 690
 312 500 198 208 483 581 142 639 389 416 420  45 488 613 492 317 270 648
 140  59 435 105 499 258 682 520 676  64 569 236 228 486  47 448 114 350
 168 247 346 519 718  27 322 654 547 175 493  49  36 260 297 144 458  92
 343 331 760 335 489 658 130 747 201 558 248 601 616 620  96 541 540 636
 471  77 207 146 139 477 699 434 711 515 485 190   4 164 599 627 131 113
 186  72 222 217 384 311 261 289 694 740  53 357 650 701 240 156 761 766
   2 518 633 546 606 368 732 234 321 496 618 661 138 129 118 241 137 630
 288 702 237 442 151 677   0  98  40 537 232 550 203 206 406 320 447 160
 165 221 622 324 555 296 612 665 662 133 109 725 212 775 750  13 394 319
 388 491 323  57 557 298 285 306 478 585 169 659 439 148 521  24 564 527
  10 191 628 695 778 733 525 347 642]
GPU0
set random seed!
finished RVND in 12.1307311058s
data-line;initial_solution;70441573;final_solution;3448610;time;12.1307311058;counts;942;fv;[];cv;[531, 264, 125, 18, 4];imp;20.4260768832
