pydf_home: /home/rodolfo/git/Sucuri
simple_pycuda_home: /home/rodolfo/git/simple-pycuda
wamca2016path: /home/rodolfo/git/wamca2016/
localpath: /home/rodolfo/git/dvnd-df/code/dvnd-df/src/
WAMCAPATH:/home/rodolfo/git/wamca2016/
Using already created file:  wamca2016lib.so
Size: 501 - file name: 05_TRP-S500-R1.tsp
ns:  [<function <lambda> at 0x7fb57c27a0c8>, <function <lambda> at 0x7fb57c27a140>, <function <lambda> at 0x7fb57c27a1b8>, <function <lambda> at 0x7fb57c27a230>, <function <lambda> at 0x7fb57c27a2a8>]
ns:  [<function <lambda> at 0x7fb57c27a1b8>, <function <lambda> at 0x7fb57c27a2a8>, <function <lambda> at 0x7fb57c27a0c8>, <function <lambda> at 0x7fb57c27a140>, <function <lambda> at 0x7fb57c27a230>]
32021497-[409  85   4 500 291 399  42 437 170 498 432 368 105  65 424 457  57 463
 202 309 164 421 376 351 415 461 150 184 382 191  78  50  39  88  71 307
 400 113 364 241 264 168 156 491 210  64  62 493 383 252 273 228   7 489
 195 272 149 344  99 236 165 269 238  10 343 281  83 354 306 109 219 372
  74 142 341 213 223 249 157 197 127 420  79  24 494 208 488 401  33 391
 274  37 244  89 366   0 407 245 180 287  90 121  25 104 107 183  14 173
 443 475 239  12  54 452 155  52  77 147 449 136 174  86 496 375 262 278
 485 286 495  19 261 298 435 312 114 253  45 158  34 397 328 112 171 423
  40 386 188  35 242  44 360 145 193 258 212 339 335 116 471 426 243 268
 338 108 295 260 134  81 234 311  21 294 128  59  53  28 392 146 453  26
 205  60 308 290 389 492 468 480 365 440 444 465 321 275 117 139  61 201
 130 442 447 225 469 132 148 250 106 153 279  82  17 101 300  73 387 367
 429 451 371 334 230 327 464 483 422 345 302  75 363 459 439 390 237 207
 119 346 162 259 487  72 454 135 411 320 255 329   9  68  95 271 340 342
  69 479 446 458 285  96 206 434 324 211  23 257  93  91 122 347 393 370
 403   2 497 280 231  11 232   5 266  46 187 304 151  87 263 388 310  49
 325 406 246 214  94  84   8 476 226 470 289 355  18 352  36 331 190 251
 332 438 486 478  47 381 138  41 412 427 103 417 378 137 369 265  80  98
 428 296 337 277 456 181 441 419 163 216 198 118 373 333  15 203 448 299
 111 313 436 293 159 129 115 408 467 284 166 317  76 402  51  97 455 379
 256 477 125 217 235 120  22 356 220 126 247 323 167 499 316 215 353 297
 481 377 110 192 160 131 185  67 254 177 152 445  58 460 318 336  63 385
 474 466  32 267  38 133 292 186 227 450 209 169  66 380 276 359 100 199
  70 305 314 218 303 194 482 176 396 349 319 141 433  30  43 394 405 348
  27 404 362   3 430 395  20 124 315 161 222  92 123 361 431 322 270  16
 179 484 416 175 221  13 490 472 288 473 282 384 143 357  29 196  55 414
 182   1 326 410 172  31 178 350 425 240 233 413 301 204 140 102  48 248
 154 358 200 462 229  56   6 418 330 224 398 283 374 144 189]
GPU0
set random seed!
finished RVND in 4.78484892845s
data-line;initial_solution;32021497;final_solution;2004968;time;4.78484892845;counts;632;fv;[];cv;[376, 170, 75, 8, 3];imp;15.9710763464
