pydf_home: /home/rodolfo/git/Sucuri
simple_pycuda_home: /home/rodolfo/git/simple-pycuda
wamca2016path: /home/rodolfo/git/wamca2016/
localpath: /home/rodolfo/git/dvnd-df/code/dvnd-df/src/
WAMCAPATH:/home/rodolfo/git/wamca2016/
Using already created file:  wamca2016lib.so
Size: 783 - file name: 07_rat784.tsp
ns:  [<function <lambda> at 0x7fde461250c8>, <function <lambda> at 0x7fde46125140>, <function <lambda> at 0x7fde461251b8>, <function <lambda> at 0x7fde46125230>, <function <lambda> at 0x7fde461252a8>]
ns:  [<function <lambda> at 0x7fde461252a8>, <function <lambda> at 0x7fde46125140>, <function <lambda> at 0x7fde461251b8>, <function <lambda> at 0x7fde46125230>, <function <lambda> at 0x7fde461250c8>]
72147310-[718 149 277 172 410 591 161  70 340 229  23  48  41 770 590 728 234 713
 145 738  29 298 178 433 740  93 478 395 624   3 104 231 295 674 336 429
 190 493 347 686 469 135 403 183  65  52 441  25 665 725 739 558 300 339
 524 694 225 467 335 731 144 405 373 704 211 716 604  69  96 371  78 486
  61 581 430 272 384 205 364 394 502 155 470 283 652 630 685  98  67 314
 122  45 536 240 675 582 649  81 517 592 726 136 320 615 246 745  43 766
 569 497 333 697 625 476 390 607 452 351 515 771 288 352 754  94 573 114
 273 611 353 176 182 319 449 751 189 523 346 175 431 188 125 677  62 354
  97 673 772 670 152 661 349 521 687  26 644 466 313 216 554 248 426 255
 520 574  14 291 341 668 434 160 345 116 187 498 462  17 705 163 317 538
 342  77 242  99  79 727  33  16 676 432 386 198 294 580 212 328  51 610
 531 369 539 191 453 618 755  58 690 303 192 366 270 219 535 154 309 310
 350 141 776 132  83 425  46  54 223 442 657 289 653  38  74 197 378  82
 437 479 612 534 226 589 540 480 372 159 465 553 743  32 249 228 276 528
 377 167 680 406 664 711 609 605 722 420  40 457 629 139  56 484 258 193
 583 128 165 522 177 168 696 123 565 131 732 207 200 267 119 281 230 105
 599 717 450 181 235 600  11 549 724 491 254 358 667 734 102 244 547 327
  95 257 651 284 157 560 537 570 596 468 311 613 209 586 137 729 156 557
 208 774 742 113 464 595 631 779 488 659 367 587 385 733 541 756 637 510
 435 693 213 206 669 636 256 306 648  92 218 174 302 495 185 279 134 562
  47 140 672 151 101 518 623 334  42 262   5 360 516 454 143 737 775 544
 767 419 556 158 355 436 780  86 597 269 598  15 619 699 391 459 507  21
 723  85 382 715 409 393 551  24 301 701 224 173   1   8 496 215 389 440
 127 543 413 444 202 411 312 363 695 577 265 626  89 375  53  63 414  59
 688 658 752 415 321 773  87  28 323 506 616 204 427 602 142 660 749 361
 555 103 447 617 365 357  12 241  50 594 638 504 519 548 196 332 710 227
 243 593 129 324 118 576 443 707  22 315 195 564 396 708 150 117 768 232
 748 614 376 568 380 777 512 482 635  73 404   9 374 550 579 220 166  13
 325 398 501 747 552 632 578  66 120 337 682 485 184 559  18 329 563 171
 684  19 683 292 275 571 461 108 180  88 655 494 545 769 451 542 356 692
 463  91   2 473  44  35 712 601 245 387 111 741 247 700 620 210 666 170
 765 472 641 643 428  76  36 525 446 438 505 477 714 408 526 370 456 423
 764 261 460 169 646  20 679 513 759 287 606 264 781 318 297 253 448  37
 633 575 663 530 383 719 285 721 546 133 359 260 509  34 645 251 763  75
 647 199 753 233 628 148 296 585 368 100 388  80 499 268 782 146 490 445
 634 147 416 316 678 642 274 348 702 401 744 475 691 138  30 689 627 379
 671 112 458 471 278 217 280 271 709 263 455 222  57 720 656 622 343 735
 706 730 588 399 201 326   7 121 299 164 126 500 422 407 421  27 307 621
 130 514 162 681  10 529 439  39 221 400 186 487  55  71 608 746  72 153
 603 110 290   4 567 338   0 203  64 331  90  84 483 566 511 330 107 489
 424 362 266 561 124 508  60 572 239 736 474 417 532 238 250 750 757 259
 762 654 481 236 381 412 533 115  68 650   6 109 703 418 179 584 106 397
 527 214 194 304 237 305 761 698 282  49 322 308 778  31 286 503 640 639
 662 758 252 760 402 392 344 293 492]
GPU0
set random seed!
finished RVND in 12.7113668919s
data-line;initial_solution;72147310;final_solution;3426654;time;12.7113668919;counts;1012;fv;[];cv;[584, 259, 146, 16, 7];imp;21.0547402802
