pydf_home: /home/rodolfo/git/Sucuri
simple_pycuda_home: /home/rodolfo/git/simple-pycuda
wamca2016path: /home/rodolfo/git/wamca2016/
localpath: /home/rodolfo/git/dvnd-df/code/dvnd-df/src/
WAMCAPATH:/home/rodolfo/git/wamca2016/
Using already created file:  wamca2016lib.so
Size: 783 - file name: 07_rat784.tsp
ns:  [<function <lambda> at 0x7f29037c70c8>, <function <lambda> at 0x7f29037c7140>, <function <lambda> at 0x7f29037c71b8>, <function <lambda> at 0x7f29037c7230>, <function <lambda> at 0x7f29037c72a8>]
ns:  [<function <lambda> at 0x7f29037c7230>, <function <lambda> at 0x7f29037c70c8>, <function <lambda> at 0x7f29037c7140>, <function <lambda> at 0x7f29037c72a8>, <function <lambda> at 0x7f29037c71b8>]
68711420-[532 722 589 406 227 115 268 316 606 632 157 563 166 724  29  99 260 288
 495 111 380   7  28 746 184 770 352 381 555 357 458 240 601 526 521 114
 140 233 322  68 438 376 231  65 339 389 203 177 238 375 144 483 546 630
 502 477 366 332 340 212 607 547 762 542 349 778  88 675 455 318 255 319
 583 568 373 660 236 716 579 253 654 369 744 441 702 273 636 182 478 781
 429 585 160 181 205 301 687 552 133 257 317 312 768 468 242 737 358 497
  97 364 197 379  47 556 104 164 551 367  95  98 528 726 587 344 598  40
 717 101 518 210 413 290 637 175 186 549 663 709 594 450 384 130   4 365
 129 613  19 162 457 287 604 664 108 635 338 511 573 298  57 448 283  15
 752 655   2 347 204  83 676 688 512 719 195  37 252 584 178 269  77 631
  36 529 291 559 300 430 575 647 194  10 180 266 259  66  52 299 216 582
 460 617 736   1 282 672 428 385 304 223 337 517 311 229 592 415 225  92
 378 678 436 553 263 745 610 695 734 741 445 536 386 187   5 669 554 310
 309 121 167 247 738  24 671 308 303  94 449 749 190  22 302  64 780 525
 224 387 603 168 539 538 113 329 506  18 485 651  11 118 498 343 668 758
 710 456 759  20 277 237 642 128 414 258 576 540 740 767 721 154 690 503
 463  59 748 361 504 614 172 327 571 628 426 416 765 586 527 173 341  72
 492 560  25 516 648 150 345 682 698 703 713 151 399 640  63 362 489 720
 125 475 653  62 750 743 188 410 569 775 289 747 264 219 141 701 434 756
 165  38 639  80 643 243 520  21 124 524 769 293 228 407 342  54 474 530
 629 487 496 405 359 646 135 198 493 600 774 615 103 397 134 261 374 544
 427 145 454  70 152 334 730 621 728 574 700 136 691 471 766 591 507 509
 548 590  78 764 155 693 714 751 667 215 490  53  76 707 773 464 727 214
 472 208 388 409 272 581 620  69   8 284  41  13 211 127 731 355 285 644
 202  79 686 149 295 418  45 715  81 274 251 761 650 296 531 408 325 627
 694 400 185 666 580 757 354 267 117 513 199 218 564 396 105 383 461 453
 577 265 158 481 505 391 146 346 674 645 393 739 446 711 618 200 402 534
 431 779  27 122 440 350 281 398  32  55 501 782 169 110 213 222 499 171
 286 306 189 725  60 776 515 201 297 641 593 612   0 708 466 558 656  31
 465 395 718 323  50 331 435 760 625  82 704 116 404 578 262 217 659 712
  89 411  23  84  26 137 161 156 623 658 514  71 336  51 207 370 412 486
 335 421 772 633 657  96 733 249 494 699  87 250 328 109 732 353  14 649
 192 174 307 467 599 588 443 469 107 230 196 638 275 360 254  61 241 705
 351 550 280 206 271 305 392 608 565 451 696 432 683  46  44 363 459 444
 424 624 523   6  58 533 482 315 433 605 611 771 326 447 333 488 123 510
 662  73 602  74 372 403 209  48 439  12 220 170 292 102 132 348 661  17
 239 183 476 755 679 597  39  86 119 541 508 491 425 729 278 159 562 147
 276 179 685 368 570 324 153 417 452 557 473 420 462 484  35 723 626  49
 419 566 595 665 609 131  67  56  43 684 401 763 754 313 470 139 567 176
 697 193 742 232 226 706  42 423 234 163 256  93 619 753 681 221  75 616
 244  33 479 777 248 692 320 535 561 689 314 235  91 480 572 652   9 622
 519 522 294 422 330 106 126 142 442 100 245 321 377  90   3 120 680 634
 356 677 138 148 545 279 596 673 537  16 735 143 246 394 390 371 437 270
 670 112 382  34  85 543  30 500 191]
GPU0
set random seed!
finished RVND in 10.8445339203s
data-line;initial_solution;68711420;final_solution;3478238;time;10.8445339203;counts;854;fv;[];cv;[512, 215, 110, 12, 5];imp;19.7546631369
