pydf_home: /home/rodolfo/git/Sucuri
simple_pycuda_home: /home/rodolfo/git/simple-pycuda
wamca2016path: /home/rodolfo/git/wamca2016/
localpath: /home/rodolfo/git/dvnd-df/code/dvnd-df/src/
WAMCAPATH:/home/rodolfo/git/wamca2016/
Using already created file:  wamca2016lib.so
Size: 657 - file name: 06_d657.tsp
ns:  [<function <lambda> at 0x7f31423680c8>, <function <lambda> at 0x7f3142368140>, <function <lambda> at 0x7f31423681b8>, <function <lambda> at 0x7f3142368230>, <function <lambda> at 0x7f31423682a8>]
ns:  [<function <lambda> at 0x7f31423681b8>, <function <lambda> at 0x7f3142368140>, <function <lambda> at 0x7f31423680c8>, <function <lambda> at 0x7f31423682a8>, <function <lambda> at 0x7f3142368230>]
277278214-[423   8 477  60 391 430 374  92 103  34 425 651 358 547  94 225 351 596
 500 128 635 369 392 117 337 151 564 372  56 286 478 405 463  55 365 447
 572 125 293 291 139 375  27 322 353 370 442 167 345 174 105 273 545 308
 173  24 648 593  46 122 349   9 184 487 422 189 508 435 229 340 246 145
 395 490 629 568 304  26  99 171 213 275 144 129  52 141  11  69 335 408
 287 573 553  12 255 285 361 461 420 371  95 637 416 364 520 204 180 519
 100  58 298  47  20 451 620 185 347 441 249 324 362 354 326 468  62 484
 445 196 258  80 407 181 630 556 616 160 569 282  43 315  70 198 388 165
 491 618 599 133 297  18 163  77 101 135 457 421 433 195 166 228 499  29
 281 473 401 149 172 617 134 114 194 344 639 603 529 498 188 104 456 534
  97 218 182 624 159   3 488 102  90 132 206 652 288 137 458 509  21 640
 292 329 513  67 486 210 546 186  54 339 598 269 226 156 503 205 610 557
 300 119 586 517 207 377 399 450 643 579 418 178 474 284 303  64 112 516
 143 485  17 394 247 220 460 302 595 305 274 633 280 367 338 410 428 111
   5 602 221 634 126  81 398 203 239 176 649 615 559 575 157 480 357 605
 609 561 130 323 197  53 641  89 607 316 311 587  65 387 514 359  15 209
  74  23 551 409 496 153 214 259 158  75 219 393 415 378 646 270 419 497
 530  79 237 434 175  14 574 505 200 325 263 644  72 501 211 600 426 594
 232 190 502  86 631   1 257  76 536 577 264 549  63  36 522 301  39 567
 140 471 555 123 243 161 439 277 511 467 113 453 152 331 332 289 121 621
 124 589 653 563 146 543 154 645 533 360 212 333  31 384 597 656 623 562
 136   2 238 109 242 582 342 106 314 385 355 290 584 524 627  61  82 581
 591 436   6 571 223 523 169  78 356 118 199 240 389 267 512 215  68 537
 429 276 397 521 452 560 469 217 483 655 495 296 321 294 540 638 539 252
 576 443 162 538 642 241 272 459 570 235 492 625 424 236 494  19 352 295
 601 544 115 328 138 227 224 244 382  28 432 383 368 558 201 191 606 515
 346  51 527  25 120 479 526  96  83 626  93 170 233 299 150 234 619 510
 431 525 548 481 489 245 334  13 412 222 506 476 406 583 472  84  10 279
 411 179 588 306  50  48 614  40 278 343  73 590 585 650 379 363 148 317
 437 319 318  33 283 116 253 131 127 330 611 230 250 254 202  71 256 565
 261 177 403 636 417 427 518 307 552 208 168 482  38 262 444   4 541  59
  45 493  30 327 604   7 187 413   0 470  32 248 592 336  41 580 251 504
 373  42 622 164 400 271 528 108 462 341  57 628 440 402 390  35 381 465
  44 532 309 578 566  22 446 414 107 632 183 313 386 142 612  91 320 266
 550 155 193  37 366 507 454 535 376 231 147 608 647 350 464  88 438 455
  85 380 310 654 265 475  87 396 312 554 268  16 613 448 404 110  49 531
 449 216  66 348  98 466 260 192 542]
GPU0
set random seed!
finished RVND in 7.69364285469s
data-line;initial_solution;277278214;final_solution;14384313;time;7.69364285469;counts;752;fv;[];cv;[466, 189, 86, 8, 3];imp;19.2764307896
