pydf_home: /home/rodolfo/git/Sucuri
simple_pycuda_home: /home/rodolfo/git/simple-pycuda
wamca2016path: /home/rodolfo/git/wamca2016/
localpath: /home/rodolfo/git/dvnd-df/code/dvnd-df/src/
WAMCAPATH:/home/rodolfo/git/wamca2016/
Using already created file:  wamca2016lib.so
Size: 501 - file name: 05_TRP-S500-R1.tsp
ns:  [<function <lambda> at 0x7f18476350c8>, <function <lambda> at 0x7f1847635140>, <function <lambda> at 0x7f18476351b8>, <function <lambda> at 0x7f1847635230>, <function <lambda> at 0x7f18476352a8>]
ns:  [<function <lambda> at 0x7f18476352a8>, <function <lambda> at 0x7f18476351b8>, <function <lambda> at 0x7f1847635230>, <function <lambda> at 0x7f18476350c8>, <function <lambda> at 0x7f1847635140>]
33916946-[ 91 131 204 176   5 351 207 102 337 280 404 358 190 104 171 101 379 140
   7 209 493  18 408 226 308 452 237 435 231 385 382 489 324 269  42 119
 439 485 230 480 334 464 125  89 158  92 299 133 389 497  46 415 317 346
   9  36 320 445  28 496 407 406 326 325 381 123   8 463  44  99 220 267
 294 424 459 286 105 258 321 494  38 144 276  64 202 338 290 481 127 142
   3 241  73 224 124  59 316 257  65 330 363 147 192  87 378 293 312 271
  29 282  35 159  33  26 247  93 356 126 205 279  30 233 217 373 430 244
 227 111 468 152  20 490  60 433 437  58 187 333 472 306 331 262  40  56
 418 168 260  10 398  11  75 174 218 196 253  37 139 347 372  70 161 185
  13 343  14 422 448 329  68   2 477 238 393 342  61 117 375  88  31  57
 476   0 440 189 296 388  12 500 362 106 122 414 235  66  16 411  71 370
 402  24 206 242 482 219 302 191 165 412 114 198 390 425 149 275  67 310
 416 345 112 103 405 301 121  55 175 314 365 223 249 429 298 229 469  49
  82 458 177 305 248  21 368 461 186 212 447 484 166   1  85  81 311 251
  51 162 283 272 443 215 136 178  45 417  84 349  54 188 160 431 180 428
  48 341 318  52 274  72 465 222 234 410  23 420 107 281  74 421 339  15
 288 397  78 213  77 292  63 225 432  76 359 377 228 128 108 151 442  41
 263  50 486 154 386 483 150 309 259 232 155 118  47 208 353 487 270 498
 278  34 350 157 419  27 450 261 141  25 364 383 216  97 130 335 471 340
 203 163  69 287 319 436 214 266 245 303 446 193 173 291 357 367 348 451
 197  98 327 113 153 297 167 352 453 413 441 184 211  39 143  62 255 246
 499  22  79 239 195 137  19 120 277 265 478 423 240 492 467 110 116 295
 387 236 201 360 179 169 170 264  83 138 488  90 457 135 221   6 454 146
 444 460 479  32 391  86 273  53 380 332 354 194 256 307 403 328 434 361
 473 399 374 449 315 369 115 148 336 491 250 455 323  43 395   4 284 200
 355 254 300 495  17 243 371  96 475 156 466 384 409 134 182 164  80 181
 304  94 100 376 285 366 322 199 313 394 344 129 456  95 400 183 132 401
 289 145 109 268 396 172 462 427 426 392 474 210 470 252 438]
GPU0
set random seed!
finished RVND in 5.06674790382s
data-line;initial_solution;33916946;final_solution;2057476;time;5.06674790382;counts;601;fv;[];cv;[358, 156, 70, 13, 4];imp;16.4847346944
