pydf_home: /home/rodolfo/git/Sucuri
simple_pycuda_home: /home/rodolfo/git/simple-pycuda
wamca2016path: /home/rodolfo/git/wamca2016/
localpath: /home/rodolfo/git/dvnd-df/code/dvnd-df/src/
WAMCAPATH:/home/rodolfo/git/wamca2016/
Using already created file:  wamca2016lib.so
Size: 226 - file name: 03_pr226.tsp
ns:  [<function <lambda> at 0x7f8aa984d0c8>, <function <lambda> at 0x7f8aa984d140>, <function <lambda> at 0x7f8aa984d1b8>, <function <lambda> at 0x7f8aa984d230>, <function <lambda> at 0x7f8aa984d2a8>]
ns:  [<function <lambda> at 0x7f8aa984d1b8>, <function <lambda> at 0x7f8aa984d0c8>, <function <lambda> at 0x7f8aa984d2a8>, <function <lambda> at 0x7f8aa984d230>, <function <lambda> at 0x7f8aa984d140>]
197096981-[ 73 139 209 112 114 210  92 161 137   6  16  94  10 157 135 208 190  53
  70 203   8 189 179  21  57  82 182 181  58 104  86  96 106 153   7  64
 191  51 222  46 193 223 131  14 121  12 165  50 145 103 178  59 105   5
  22  17  42 168 198  91 143 149 184 216 213 138 144 128 164  87  74 206
 215  47 150 225 156  44  18 194  75 214  39  68  71 136 129  81 204  13
 200  54 207 117 196  37  55 118  65 101   9  24  40 123 154 199 221 187
 115  93 201 125  99 205 202   2 176  60 219  28  80 111  43  35 152 127
  23 132  76 122  36  89 218  72 166  41 177  79 173  83 180 188 186  56
  26 113   4 155 174  48 158 107 159 124  98 185 130  34   3 109  52 133
 163 146  62 119  29  90  33 160  69  61  66 175 142  27  78   1 167  67
 120 148 169 192 195  32 162  97  19 220  95 171  49 172 102 126 141 110
 151  63 197 100  30  77  85 147  45 108 212  38 134 217 183 170  84 211
  88  25 140   0  15  11  20 116  31 224]
GPU0
set random seed!
finished RVND in 6.55536413193s
data-line;initial_solution;197096981;final_solution;7064230;time;6.55536413193;counts;1216;fv;[];cv;[1056, 119, 39, 1, 1];imp;27.9007026951
