pydf_home: /home/rodolfo/git/Sucuri
simple_pycuda_home: /home/rodolfo/git/simple-pycuda
wamca2016path: /home/rodolfo/git/wamca2016/
localpath: /home/rodolfo/git/dvnd-df/code/dvnd-df/src/
WAMCAPATH:/home/rodolfo/git/wamca2016/
Using already created file:  wamca2016lib.so
Size: 657 - file name: 06_d657.tsp
ns:  [<function <lambda> at 0x7f20371080c8>, <function <lambda> at 0x7f2037108140>, <function <lambda> at 0x7f20371081b8>, <function <lambda> at 0x7f2037108230>, <function <lambda> at 0x7f20371082a8>]
ns:  [<function <lambda> at 0x7f20371081b8>, <function <lambda> at 0x7f20371082a8>, <function <lambda> at 0x7f2037108230>, <function <lambda> at 0x7f2037108140>, <function <lambda> at 0x7f20371080c8>]
276551009-[335  32 608 198 218 621 616 409 496 432 352 327 454 588 578 133  41 508
 490 145 120 473 598 474 531  48 467 157 115 107 636 627 576 188  57 291
 159 555 583 438 504  10 638 609 211 530 270 197  29 176  96  78 497 537
 517 556 481 505  93 371 308 587  40  28  94  17 414 533  52 520 457 561
  59 306 538 575 228 368 171 600 483 146 434 558 119 650  36 334 617 114
 654 548 269 113 397 462  70 375 378 304 641 141  38 272 390 337 317 214
 624 559 347 492 169 637 443 435 472 470 201 314 521  54 549  80  81 428
 293 210 325  63 132 341 142 260 635 480   2 252 126 445 612 193 340  42
 651 162 403 620 547 509 153 501 191  61 408 422 527 215 184 584 451 152
 212 386  49 216 194  99 300 351 124  50 568  60 475 646 267 426 619 205
 540  53 192 495 172 518 240 182 573 411 161 519 248 526 630 574 276 265
 222  30 485  64 493 285  19 166   3 484 535 450 344  72 233 560 395  39
 419 243 448  95 316 326 332 597 402 288 603 356 625 606 196  18 550 147
 633 421 122 557  56 640 183  82 599  76   6 632  45 417 634 110  24 418
 498  14 219 393 275 552 591 398 234 489 203  68  34 639 108 425  71 330
 244 111 241 206 221 482  46  88 613 281 592  21   4 128 372 331 200 224
 586 253  31 186 297 239 447 415  27 195 263  98 273 226 227  11 477 307
 479 572 424 405 139 649 423 444 570 324 404  65 278  47 271 522 543 255
 109 102 410  13 449 129 511 231 290 130 343 602 250  55 367 383 564 256
 357 144 158 163 499 100 305 510 280 345 189  92 359 178 284  15   8 607
 594 236 154 303 494 373 207 170 125 546  51 354 513 655 525 631 312 257
 628  86 436 262  85 138 103 151 605 302 512 309 514   1 355 245 366 208
 323 427 333 478 150 353 199 121 615 137 643 358 380 377 249 437 315 392
 131 381 610 582 230 468 232 379 156 429 581 486 168 569 566 318 656 433
 136 339 164 529  62 282 590  25 458 116 534 143 140 185 223 471 175 596
 413 400 251 167 420 258 385 487 389 311  77 242 416 328 298 238 213 618
 394 571  75 384 202 106 539 488 542 469 204 229 376 544 593 294 455 105
 653 364 440 187 536 225 177  69 441 322 160 442 365 181 101 254 532  84
 209 439  73 528 319 503 363 360 346  26  44  16 104  43 456  89 123 349
 645 476 614 601 301 407 562 589 626 399 452  58 374 320 261 179 507  22
 491 296  12 623 165 387 388 460 453 287 180 264 313 516  33 382 652  67
 648  87  74 464 461 247   0 277 553 362 463 629 321 545 567  66 585 310
 622 299 500 406 565 292  23 644 350 149 279 647 190 155 431 135 117 577
  37 220 268   9 217  90  35 446 595 401 465   7 361 266  97 611 554 237
 506 246 329 396 118   5 286 459 369 466 173  79 580 283 563 112 412 295
 551 336 148 235 523  83 391 502  20 348 430 259 289 174 642 579 274 134
 338 541 515 370  91 127 524 604 342]
GPU0
set random seed!
finished RVND in 7.74743700027s
data-line;initial_solution;276551009;final_solution;14160527;time;7.74743700027;counts;771;fv;[];cv;[454, 207, 91, 15, 4];imp;19.5297116414
