pydf_home: /home/rodolfo/git/Sucuri
simple_pycuda_home: /home/rodolfo/git/simple-pycuda
wamca2016path: /home/rodolfo/git/wamca2016/
localpath: /home/rodolfo/git/dvnd-df/code/dvnd-df/src/
WAMCAPATH:/home/rodolfo/git/wamca2016/
Using already created file:  wamca2016lib.so
Size: 318 - file name: 04_lin318.tsp
ns:  [<function <lambda> at 0x7ff6bcc630c8>, <function <lambda> at 0x7ff6bcc63140>, <function <lambda> at 0x7ff6bcc631b8>, <function <lambda> at 0x7ff6bcc63230>, <function <lambda> at 0x7ff6bcc632a8>]
ns:  [<function <lambda> at 0x7ff6bcc630c8>, <function <lambda> at 0x7ff6bcc631b8>, <function <lambda> at 0x7ff6bcc63230>, <function <lambda> at 0x7ff6bcc63140>, <function <lambda> at 0x7ff6bcc632a8>]
97046206-[302 146 267  83 164 167   6 232 155  24   9 296 120 282 194 287 299 286
  57 245   1  34 223 102 248 142 272  66 141 291 186 124 173 276 205  36
 190  82 306  41 235  94  37 236 259 224  21 177 226 303 123 280 179 184
 255 211   3 105 136  64 198 189  45  70 251 208 221 109  30 175 185  84
 133  11  33  25  89 145  26 174 254 213 261  59 283 219  16 166 122 315
  40 138 262  18 196  19 258  35 228 131 119  50  88 265 132 238 195 313
  98 310 159  95 304 206 246  72 292  91 114 275 118 212 182  22 311 298
 107 253  74 115 103  77 148 172  46  97 101 300 112  71 309 130 307 285
   0  75  60 153 216 278  87 150 273  15 218 170 250  14  93  38  13 305
  17 284 137 281 312  92  47 297  67 151 237 157 263 301  28  68  43 209
  85 161 139 222  48 110 269  76 279   8 207  58 200 308 234  20 268  55
 192 183  62  29  61 165 117  31 210   5 295 171  54 135   2 317 149 266
 125 188 289 314 180   4 152 140 187 158 270 214  53 220  44 108 203  90
 169 126  81  39 116  96 293 181  78  73 144 227 143 129 252 294 168 217
  23 147 244 257  10 127 240   7 197  99 241 156 264  80 154  27 121 271
 106  12 239 204  56  52 233 162 230 134  51 260 249 225 100 288  86  32
 243 128 176 316 193 201  79 231 160 113 274 247 256 202  63 229 215 111
  49 163 277 178 242  65  42 104  69 191 290 199]
GPU0
set random seed!
finished RVND in 2.80045294762s
data-line;initial_solution;97046206;final_solution;6141549;time;2.80045294762;counts;471;fv;[];cv;[277, 124, 56, 10, 4];imp;15.801584584
