pydf_home: /home/rodolfo/git/Sucuri
simple_pycuda_home: /home/rodolfo/git/simple-pycuda
wamca2016path: /home/rodolfo/git/wamca2016/
localpath: /home/rodolfo/git/dvnd-df/code/dvnd-df/src/
WAMCAPATH:/home/rodolfo/git/wamca2016/
Using already created file:  wamca2016lib.so
Size: 226 - file name: 03_pr226.tsp
ns:  [<function <lambda> at 0x7f734abab0c8>, <function <lambda> at 0x7f734abab140>, <function <lambda> at 0x7f734abab1b8>, <function <lambda> at 0x7f734abab230>, <function <lambda> at 0x7f734abab2a8>]
ns:  [<function <lambda> at 0x7f734abab0c8>, <function <lambda> at 0x7f734abab1b8>, <function <lambda> at 0x7f734abab2a8>, <function <lambda> at 0x7f734abab230>, <function <lambda> at 0x7f734abab140>]
194711779-[ 45 214 171  77  27 123 133  72 164 224 199  32  95  63 198 194  55 121
 157 204 145   1 149  51 112 179 132 144 114 120 208  56  17 142 106  82
 154  11 210   6 187 165 134 175 155 141  65  92 102 184 125 124 162  60
 207 131  80 196  46  14  58 150 111  67 126   2  64 170 140 159   9 205
  68  88 195 206 151  19  25  93  54 180   5  50 215 217 135  71 139  12
 122  70  61 176 183 209 225 172 146 101  28  43 168   0  16  34 143  78
  42 108 137 191  75  44   3  30  35 104 219 188 116  13 109 189 156 202
 181 138  29  69  97  84 169 148 127 212 147 182  40  21  20 178  26 103
 105  79  31   7  41  39 223  66  47  86  94 166  38 113  23  10 136  74
  91 185 177  73 128 117 220 161 167 119 200  22 218 158  59  96 216 173
 190 110 107  99 153 130  48  37   4 100 192 186  90 201  83 211  89 129
 193  15  53  85 118  62  76 221  18  24  81 160  36 213 197  52  57  87
  49  98 222 174 163   8 152  33 203 115]
GPU0
set random seed!
finished RVND in 1.43156695366s
data-line;initial_solution;194711779;final_solution;7364606;time;1.43156695366;counts;304;fv;[];cv;[238, 53, 9, 2, 2];imp;26.4388589152
