pydf_home: /home/rodolfo/git/Sucuri
simple_pycuda_home: /home/rodolfo/git/simple-pycuda
wamca2016path: /home/rodolfo/git/wamca2016/
localpath: /home/rodolfo/git/dvnd-df/code/dvnd-df/src/
WAMCAPATH:/home/rodolfo/git/wamca2016/
Using already created file:  wamca2016lib.so
Size: 318 - file name: 04_lin318.tsp
ns:  [<function <lambda> at 0x7ff3b763f0c8>, <function <lambda> at 0x7ff3b763f140>, <function <lambda> at 0x7ff3b763f1b8>, <function <lambda> at 0x7ff3b763f230>, <function <lambda> at 0x7ff3b763f2a8>]
ns:  [<function <lambda> at 0x7ff3b763f0c8>, <function <lambda> at 0x7ff3b763f230>, <function <lambda> at 0x7ff3b763f140>, <function <lambda> at 0x7ff3b763f1b8>, <function <lambda> at 0x7ff3b763f2a8>]
93952564-[120 199  32 104 187  58 286  84 128 317 223 107  78 309  52  82  20  16
 211 313 135 143 300  64 174 217  90 114 304 212 137  73 201 159  96 278
  61 299 296  71 136 195 257 291  11 125  46 203 138 116 302 283   4  99
   0  10  17  76 126 288 186  81 280 270 145 279 281 153 265  91 250 311
 167 105  41 127 180 240 112  67 171 256  53  56 315  18 181  49 139 158
 163 208  44 166 225 191  89 285 275   8 176 213  72   9 113 197  68 301
 122 160 262 140  66 245 273  60 219 189  26 193 244 312   7 121  36 237
 150 183 227 115  75  28 162  77  69 188 103 276 196 226 147  29 274  43
 316 314 248  85  87 220  12 282 182 303 206 149 258 198 271 234  33  83
  47 119  63  51  31 101  21 272 146 221 209 100  62 231 177 164  23 218
  34 130  22 252 157 247 200 185 123 290 251 253 260  98 239 246 173 205
 229 306 172 170 235 141  40  15  48 249 178 266 216 228 131 156  54 297
 310 307  93 204 277  95  30   1 144  45  79 269 210  14 124 254 134 132
 268 224  24 184 190   5  80 263 110   3 202  57 308 148 207 102  13 289
 267 293 169 154  37  86 192  38 255 108  27 161 305 236  88  39 214 241
  74 109 230 215 151 238 264   6 133 294 168  19 106 232  35  94  55 194
 259 261  65 292 152 179  59 111 243 242 284 165 117  42 295 222 233  92
  50 155 129 142 287  97 298   2 118 175  25  70]
GPU0
set random seed!
finished RVND in 2.55799603462s
data-line;initial_solution;93952564;final_solution;6126981;time;2.55799603462;counts;433;fv;[];cv;[290, 97, 36, 8, 2];imp;15.3342345929
