pydf_home: /home/rodolfo/git/Sucuri
simple_pycuda_home: /home/rodolfo/git/simple-pycuda
wamca2016path: /home/rodolfo/git/wamca2016/
localpath: /home/rodolfo/git/dvnd-df/code/dvnd-df/src/
WAMCAPATH:/home/rodolfo/git/wamca2016/
Using already created file:  wamca2016lib.so
Size: 783 - file name: 07_rat784.tsp
ns:  [<function <lambda> at 0x7fb45fbb10c8>, <function <lambda> at 0x7fb45fbb1140>, <function <lambda> at 0x7fb45fbb11b8>, <function <lambda> at 0x7fb45fbb1230>, <function <lambda> at 0x7fb45fbb12a8>]
ns:  [<function <lambda> at 0x7fb45fbb1230>, <function <lambda> at 0x7fb45fbb12a8>, <function <lambda> at 0x7fb45fbb1140>, <function <lambda> at 0x7fb45fbb10c8>, <function <lambda> at 0x7fb45fbb11b8>]
68923648-[349 614 546 291  50  43 473 475 505 326 626 310 744 133 124 275 337 768
 715 498 545 418 178 617 416 623 459 519 656 553 436 303 467  71  82 168
 448 408 653 782 573  78 481 729 748 596 704 195 438 682 399  65  19 529
 456 256 101 731 476 663 703 717 776 372 441 440 655  97 404  44 757 165
 677 471 173   6 588 616 734 225 369 383 127 674  68 342 145 309 259 478
 232 714 277  70 387 200 668 639 224 366 274 678 267 489 524  72 631 192
 637 251 722 597  10 777 694  29 245 351 130 686 367 244 279 477 359 394
 574 402 720 166 462 204 501 380 143 421 610 531 705 253 743 672 358 586
 122 611 713 336 386 357 685 318 598  63 281 151 710 433 761 176 527 266
 688 709 606   2 602 662 218 403 429 693 517 397  22 405 700 572 474 155
 298  94 287 495 595 444  42 766 670 732 533 422 112 425 676 571  75  51
 400 453 482 511 240 636 300 621 413 363 197 730 499 414 243 110  55 167
 718 728 401 430 781 771 591 113 635 754 354 739 175 180 194 570 460 147
 707 506 208 537 223 454  73 150 297 491 654 613  98 590 116 600 708 446
 382 464 773 311 578 650 139  17 393 599 286   1 339 580  45 347 738  18
 114  88 646 658 749 423 371 261 320 103 735 727  32 278 497 272  92 551
 625 345 313 681  67 159 188 458 254 352  90 632 778 522 323 447 362 561
 426 648  96 308 322 228 538 539 172 340  27 201 666 589 360 550 276 530
 157 217  54 185 622 712 683 540 496 514 198 314 526 242 660 609 350 289
  81 755 325 213  83  93 121 576 520 751 376 138 333 181 316 216 177 391
 109 260 508 141 120  48 470 725 528 301  56 494   4 630 558  34 395  39
 407 119  25 214 633 246 249 612 652 541 643 667 191 435 304  28 628 641
 592 568 480 772 384 105 479 396 317 221 769 239 174 410  35 182 741 392
 236 747 146 411 642 129 619 569 443 534 664 338  41 457 696 227 451 184
 669  21 128 627 455 562 563 488 315 296 745 500 164 111 428 581 158  12
 247 645 644  36 665 226 409  15 252 437 691 332  37 389 307 555 509 210
 733 492 186 149 620 706 719  31 469 378  58  64 585 271 123 689 516 375
 698 575 657 365 601 215 262 549 565 556 684 290 742 583 134 746 412 607
 193 265 503 257  80 640 699 775 344 484 364 424 263 203 241 142 284 542
 160 510  69 381 449 780 282 564   0  84  61 434 587 463 361 156 183 285
 237 651 319 624 629 548 268 306 179 140  40 750 187 605  86 346 353  77
 756   9 557  24 205 199 190 231 209 566 716 125 377 711  66 774 321 196
 235 154 222 737 432 211 690 465  16 189 752 544 327 230 634 485 493 675
 299 294 673 202 567 439 461 487 117 759 723 472  79 486 483 136 753 370
 295 233 406 762 536 100 161  59 721 293 264 283 356  20 552 504  76  99
 132 238  95 328 659 697 102 442 726  60  52 577 108 680 163 702 373 452
 763 229 152 269  49 779 647 535 169 608 701 280 398 131  30 288 106  11
 107 341  74   8 419 767 468 302 427 137 724 415 374 758 431 220 118 270
 388  89 512 615 649 162 348 212 385 513  57 171 250 740  33 115 335 518
  26 466 532 144 736 420 765  46  23 248 255 450 305 207 329 770 343   3
 379 543 515 560  87  85 445 490  13 559 638 579 760 594 258   5 525 695
 126 661 219 687   7 593 206 334 170 764 135 234 671 355 603 521 502 331
 554 330 523 507 312 148  53  38  62 292 417 153 582  47 324  14 547 692
 368 584  91 679 618 604 390 104 273]
GPU0
set random seed!
finished RVND in 12.7275922298s
data-line;initial_solution;68923648;final_solution;3456936;time;12.7275922298;counts;1016;fv;[];cv;[597, 266, 138, 13, 2];imp;19.9377853683
