pydf_home: /home/rodolfo/git/Sucuri
simple_pycuda_home: /home/rodolfo/git/simple-pycuda
wamca2016path: /home/rodolfo/git/wamca2016/
localpath: /home/rodolfo/git/dvnd-df/code/dvnd-df/src/
WAMCAPATH:/home/rodolfo/git/wamca2016/
Using already created file:  wamca2016lib.so
Size: 783 - file name: 07_rat784.tsp
ns:  [<function <lambda> at 0x7f21d18aa0c8>, <function <lambda> at 0x7f21d18aa140>, <function <lambda> at 0x7f21d18aa1b8>, <function <lambda> at 0x7f21d18aa230>, <function <lambda> at 0x7f21d18aa2a8>]
ns:  [<function <lambda> at 0x7f21d18aa1b8>, <function <lambda> at 0x7f21d18aa2a8>, <function <lambda> at 0x7f21d18aa0c8>, <function <lambda> at 0x7f21d18aa230>, <function <lambda> at 0x7f21d18aa140>]
72208013-[482 566 582 225 303 402 255   0 779 103 188 615 691 160 638 740 355 673
 605 428 209 505 618  44  20 748 570 318 150 218 339 655 671 324   3 700
 774 626 501 761  48 490 485 773 153 399 290 117 433 114 589 739 532 725
 546 193 678  40 657 483 343  61 758 616 223 407 159  54  80 762 552  43
  10  95 704 384 585 276 755 137 291 453 684 658 746  52 177 420 271 531
 211 396 587 286 760 381 597  58 302 710 368 310 619   6 444 555 602 633
 716 668  57 409  39  55  21 300 714 476 242 401 575 568 654 388 410 708
 304 743 686 737 237 477 745 240 258 724 210 554 514 379 217 128 524 561
 281 601 733 535 621  84 282 142 320  56 329 768 764 647 332 744 398  18
 571 236 503  12 495  26 731 486 109 715 425 511 372 204 690  72 334 750
 457  93 248  22 675 698 417  64 306 360 703 251 652 435 336 178 136 643
 460  89 208 670 220 499 259 380 732 591 311 403 628 394  19 749 404 450
 528 515 757  42 323 754 295 645 665 512 314 606 550 579  78 275 162 513
 781 659  88  49 434   8 650 488 154 565  13 723 449 614 454  98 510 224
 265 562  51 143 100 246  15 438 198 391 353 106 101 640 107 736 468   5
 227 141 649 234  38 600  96 474 478 378 540 406 245 344  91 642 157 627
 370 473  37 235 414 721 199 593  67 580  23 687 319 158 215 296 206 494
  33 289  27 742 772 709 519 397 357 475 219 233  81 222 564 272 538 127
  68 363 279 416 586 581 526 455 253 553 395 308 274 387  30 273 121 590
 186  63  11 226 285 441 134 491 232  66 545 738 148 408 190 767 392 180
 613 130 169 249 108 333 712 623 517 583 288 506 629 718 241 688 484 293
 681  62 632 182 307 472  97 656 620 175 151 592 653 727 660 446 666 625
  85 573 138 322 636 664 149 462 770 345 543 239 113 672 340 465 693  87
 520 667 509 502 728 508 327 422 559 646 189  50 346 567 661 639 376   1
 676 496 682 197 364 365 163 470  35  29 763 183 679 144 696 270  25 680
 504  31 278 769 254 539 775 124  46 689 726 413  65  69 294 548 105 317
 609 174 612 701  86 706 185 371 443 173  24  45 297 228 205 214 421 560
 522 648 572 203 576  71 459 260 135  17 386 132 330 644 292 111 231 119
 534 359 467 695 369 778 412 382 313 120 244 730 719 257 133 383 298 172
 766 176 261  60 213 497 588 426 683 393 316 200 481 445 361 400 268 596
 720  83 377 569 284 328 533 366 529 263 191 122 622 123 166 187 722 432
 415 662 168  74  70 229 375 238 663 747 427 216 765 487 713 341 348 126
 161 424 315  32 557 692 516  79 630 139 777 447 145 537 461 194 152 525
 771 146 362 634 342  14 507 751 167 635 264 694 419 192 196 752 595 702
  82 277 331 247 574 608 466 116 131 610  75 129   2   4 262 411  16 112
 156 429 110 549 140 699 697 373 442 374  94 518 500 479   7 164 287 603
 604 563 541 753 349 155  28 115 480 201 741 437 536 448 456 352  90 230
 544 207 674 430 734 594 337 181  53 471 267 325 252 312 624 350 451 280
 607 547  77 367 498 440 780 104 677 390 493 611 165 641 170 321 436  59
 452 243 711 221 256 266 735 338 489 431 326 179 584 617 558 707 705 385
 184   9 356 599 521 347 717  47 637  76 776 469 577 756 283 335 305 351
 354 118 492 523 782 530 102 171  99 147 685 301 458 202 669 418  92 358
 759  41 542 598 729 389  36 464 250 556 212 269 651 527 423 463 405 578
  73 195 309 299 439  34 631 551 125]
GPU0
set random seed!
finished RVND in 14.0772299767s
data-line;initial_solution;72208013;final_solution;3410404;time;14.0772299767;counts;1128;fv;[];cv;[628, 306, 161, 23, 10];imp;21.1728619249
