pydf_home: /home/rodolfo/git/Sucuri
simple_pycuda_home: /home/rodolfo/git/simple-pycuda
wamca2016path: /home/rodolfo/git/wamca2016/
localpath: /home/rodolfo/git/dvnd-df/code/dvnd-df/src/
WAMCAPATH:/home/rodolfo/git/wamca2016/
Using already created file:  wamca2016lib.so
Size: 783 - file name: 07_rat784.tsp
ns:  [<function <lambda> at 0x7f3d86a950c8>, <function <lambda> at 0x7f3d86a95140>, <function <lambda> at 0x7f3d86a951b8>, <function <lambda> at 0x7f3d86a95230>, <function <lambda> at 0x7f3d86a952a8>]
ns:  [<function <lambda> at 0x7f3d86a951b8>, <function <lambda> at 0x7f3d86a95140>, <function <lambda> at 0x7f3d86a952a8>, <function <lambda> at 0x7f3d86a95230>, <function <lambda> at 0x7f3d86a950c8>]
71231036-[295 515 152 738 622 558 530 760 482 658 231  32 566 226  76 465 757 476
 656 638 629  36 254 486  90 101 614 611  35 255  63 331 739 499 537 364
 408   7  73 692  33 612 531 214 707 704 365 344 505 593 715 591 178 679
 103 481 117 250 363 326 230 636  30 188 262  48 413 126 406 187 444 105
 572 681 750 740 601  20  15 647 392 543 724 114 725 529 448 382  17 642
 339 660 356 450 584 286 302 463 512 259  14  68 624 401 539 111 301 374
 419 583 351 776 190 570 762  91 383 643 266 337 220 437 221 693 156 764
 305 586 662 623 132 552 429 734 193 657 605 490  67  31 319  95  50 727
 625  61 340 395 136 626 637 179 282 215 775 562 410 666  82 433 274 245
 149 697 122 120 737  83 609 180 745 483 223 367  23  34 291 263 752 650
 199 514 466 620 157 540 703 270 390 203 453 381  22 594  10 730 526 417
 457 258 386 687  77 755 635 661 284 329  24 590 124 208 493  69 567 238
 695 532 701 368 204 376 378 758 544 706 480 278  84 516 261 191 688  92
 464 613 352 104 710  38 528 598 492 742 459 400 279 440 334 361  89 547
 677 735 674  86 112 345 709 415 260 281 676 705  85  56   6 212 249 143
  16 225 672  60 134 467 779 379 684  19 777 342  40 503 438  78 460 603
 372 774 477 525 508 251 428   3 649 451 575 402 139 524 563 471 387 320
 338 606 447 371 564 555 155 237 458 200 445 273 780 502 767 751 535 206
 470  70 441 680 164 682 456 277 184 565 509 654 720 578  25 518 489 728
 306 627 632 484 496 355 501  81 630 618 324 357 159 271 669 265 115  41
   4 422 236 110 163 726 607 644 287 700 521 353 548 153  51 696 217   0
 628 442 138 773 370 667 185  53 330 646 615 309 488 228 343 714 771 770
  64 731  55 691 151 686 588 747 253 673 550 109 394 610 135 123 517 289
 399 617 608 664 311  66 125 568 205 244 201 240 498 358 150 315 369 711
 436 491 272 765 333 619 189  62 359 653 538 641 652 510 580 430 573 542
  80 416  46 133 443 349 522 761 176 534 432  94 168 348 721 162 264 307
 439 128 298 323 360 763 495 256 781 479 665 165 391 427 129 577 536 183
 219 347 310 743 202 668 195 154 452 454  42 551  65 560 689 418 269 380
 268  57 362 497  75 579 554 294  18 435 553 332 280 698 121 756 631  43
 469 385 172  88 198 405 461 366 733 207 243 275 741 197 557   5  52 602
   9 312 702 527 175 431 174 487 694 559 252 582 455 475 556 766 297  93
 116 713 318  87 140  45  47 645 322 506 472 388 545 145   2 350 592   8
 533 227 213 377  96  37 100 729 719 675  28 507  59 235 210   1  12 683
 546 313 409  49 655 541 293 158 722  21 778 678 373 384 166  58 314 292
 317  72 412 196 222 699 690 468 239 181 119 425 160 671 523 749  44 170
 389 186 108 723 341 248 316  27 589 411 449 276 670  74 511 633 513 616
 571 595 446 130  13 519 234 717 768 354 587 127 328 744  54 599 102 304
 283 478 325 308  39 421 712 596 192 581 474  98 716 520 569 142 576 303
 131 600 404 137 144  11 561 659 167  29 462 321 327 147 574 233 290 106
 241 504 216 173 708 177 107 494 146 485 141 423  97 224 473 772 118 209
  79 640 296 161 651 335 403 169 663 148 218 434 396 300 604 246 242 585
 397 267 748 759 194  26  71 736 182 257 211 648 336 285 639 718 732 685
 424 426 113 375 407 398 549 299 420 232 634 754 393 288 746 753 597 414
 346 171 247 769 500 229  99 621 782]
GPU0
set random seed!
finished RVND in 13.7659859657s
data-line;initial_solution;71231036;final_solution;3432575;time;13.7659859657;counts;1102;fv;[];cv;[624, 297, 161, 19, 1];imp;20.7514871489
