pydf_home: /home/rodolfo/git/Sucuri
simple_pycuda_home: /home/rodolfo/git/simple-pycuda
wamca2016path: /home/rodolfo/git/wamca2016/
localpath: /home/rodolfo/git/dvnd-df/code/dvnd-df/src/
WAMCAPATH:/home/rodolfo/git/wamca2016/
Using already created file:  wamca2016lib.so
Size: 783 - file name: 07_rat784.tsp
ns:  [<function <lambda> at 0x7fc6635b90c8>, <function <lambda> at 0x7fc6635b9140>, <function <lambda> at 0x7fc6635b91b8>, <function <lambda> at 0x7fc6635b9230>, <function <lambda> at 0x7fc6635b92a8>]
ns:  [<function <lambda> at 0x7fc6635b92a8>, <function <lambda> at 0x7fc6635b9140>, <function <lambda> at 0x7fc6635b9230>, <function <lambda> at 0x7fc6635b90c8>, <function <lambda> at 0x7fc6635b91b8>]
72315577-[297 176 330 319 507  14 448 546 473 225 251 740 368 603 634 410 554 142
 128 197 392 693 600 727   9 616 719 760 258 317 703 602 532 352 534 229
 218 774 328 667   4 178 753 405 338 363  64 642 206 685 695 716 444 688
 422 491 476 714 652 254 436 406 584 302 192 375  12 661 737 159 768 750
 146 357 725  48 288  50 250 222 627 314 243 391  45 383 635 322 681  26
  47 701 440 212 682 595 257 411 779  65 605  84 778 396 311 508 175 656
 587  34 756 157 181  82 732 512 557 525 640 510 660 447 273 323 514 295
 419 190 387 567  46 731 690 134 594 629 180 767 479 687 772 591 246 303
 331  75 189 776 582 644 118 689 259 780 580 775 107 782 244 751 721 205
 377  59 234 654 697 421 598 241 759 482 291 649 208 403 263 764 224 520
  68   3 636 438 129 670  16 601 639 626 401  30 312 269 216 720 271  67
 671 489  90 646 100 663  20 698 545 450  63  32 771  96 763 339 280 318
  54 256 238 109 765 673 766 245 214 711 455 237  76 574 172 155 116 364
 108 361 577 637 647 466 614  49 398 597 529 513 620 707 101 717 561 443
 769 111 420 124 144 748 353 666 366 518 372  74 188 516 761  15 125 683
 294 462 428 456 477 342 233 475 657 572  86 648 385 161 457 253 309  13
 162 384 299 358 408 220 569 522  27 551 137 590 658 641 177 300 633 226
 484 399  18   8 549 495 153 173 158 260 409 168 426 432 632  69 758   1
 706 540 131 747  78 395 470 130 301 182 202 221 606 501  53  25 388  98
 148 313 623 592 452 451 359  40 200 505 538 362 459 449 686  71 193 413
 463 261 611 306 209 404  10  92 615 694 465 773 150  38 672 564 213 332
  85 380 530 215 293 315 184 708 735 543  81 453 354 115 619 102 702 608
 699 692  35 558 645 274 494 292 480 348 653 114 264 265 435 506 415 729
  33 679 575 183 378 454 423 613 185 738 120 471 547 674 583  23 521 418
 624 544 397 664 286 628 121 439 379  88 127 746 195  44 500 204 199 345
 327 431 252 563  97 119 499 537 186 278 704 117 346 570 445 474 228 365
 122 781 523 223 588 201 347 607 336 612 174 511 350 169  79 669 351 400
 304  91 434 715 638 659 320 650 755 248  66  72 310  58 329 515 709 211
 460 335 586 442  77 535 655 394 531 132 700 749  37 417 262  29 337 283
 662   6 232  52 402 676 113 389 573 478 524 430  19 341 282 210 170 166
 609   0 152 105 528 777 217 562 468 324 141 625 308 163 559 578 579 718
 502 446 360 705 236 275 138 139 374 713  11 458 427 272 485 165 104 492
   7 762 461 281 496 728 106 566 509  70  93 267  41 643 349 284 277 103
 610 249  94 235 472 651 668  83 724 240 770 488 110  99 536 171 344 370
 112 604 487 726 133 752   2 298 542 136 367 167 617 179 305 276 203 145
 723 490 541 321 568   5 599 754 548  87 382  60 741 425 296 618 147 712
 585 194 140 154 326 285 279  43  39 196 429 268 414 412 164 486 565  42
 381 333 684 143 555 343 757 230 316 733 289 469  62 355 160 527 621 149
  56 622 483 369 552 247  95 593 553 270 743 589 287 239 576  21 691 198
 219 742 156 424 334 533  31  80 526 696 550 722 680 390 123 677 497 231
  89  61 504  55 207 255 736 266 665 498 227 325 191 556 730 519 437 710
 441  17 739 433 675 539 745 356 290  57 596 242 734 386 371  36 678 467
 126 631 744 560  24 407  22 340 376 135  73 151 393  28 517 187 481  51
 503 416 464 307 493 373 571 581 630]
GPU0
set random seed!
finished RVND in 13.2201490402s
data-line;initial_solution;72315577;final_solution;3417105;time;13.2201490402;counts;1038;fv;[];cv;[621, 267, 127, 18, 5];imp;21.1628196968
