pydf_home: /home/rodolfo/git/Sucuri
simple_pycuda_home: /home/rodolfo/git/simple-pycuda
wamca2016path: /home/rodolfo/git/wamca2016/
localpath: /home/rodolfo/git/dvnd-df/code/dvnd-df/src/
WAMCAPATH:/home/rodolfo/git/wamca2016/
Using already created file:  wamca2016lib.so
Size: 657 - file name: 06_d657.tsp
ns:  [<function <lambda> at 0x7f269eeec0c8>, <function <lambda> at 0x7f269eeec140>, <function <lambda> at 0x7f269eeec1b8>, <function <lambda> at 0x7f269eeec230>, <function <lambda> at 0x7f269eeec2a8>]
ns:  [<function <lambda> at 0x7f269eeec0c8>, <function <lambda> at 0x7f269eeec2a8>, <function <lambda> at 0x7f269eeec140>, <function <lambda> at 0x7f269eeec1b8>, <function <lambda> at 0x7f269eeec230>]
275402795-[500 447 451  61 133 319 523 155 561 229 519 121 557 164 240  33 149  58
 292 624 587 107 153 299 301 104 429 529 297 253 235 463 605 634 575 103
 588 513 613 224 427 135  71 577 167 136  39 162 478 312 261 379  50 383
 273 631 389 590  77 487 653 481 593 556 534 166 608 619  87  70 518 365
 247 418 303 542 623 200 266 282 331 310  17 412 357 356 207   4 606 413
 639 420 394 643 269 123 109 476 490 369 448 391 181 227 424 361 393 364
 332 343  62 576 411 146 656 614 386 397 359 244 407  30 417 471 484 102
 293 460  18 171 221 288 111 150 137 158 547 387 545 294 237   8 350 349
 376 308 464  31 618 337 586  79 569  97 193 546 382   7 595 585  96 620
 354 325 479 532 452 259 339 439  80 283 494 129 255 323 521 530  88 584
 251 473 616 358 203 278 423 607 366 629 570 169 524 408 445  72 328 210
 510 468 346 492   3 462 533   2 441 651 638  54 342  57 249 367 554 316
 246 433 157   5 120  55 225  11 600 566  13 199 307 314   6 594 635 124
  94 206 453 531  75 404 390 320 212  23 368  53 459 434 551 421  10 250
 296 565 373 184  28 182 517 172 430 160 483 291 214 571  16 648  93  21
 275  26 126  32  43 232 406 454 564 295 467  82 304 374 396 641  12 563
 243 385 392 499 230 436 611 176 241 205 138 222  51 263 432 127 271 438
  95 414 560 489 440 543  89 152 601 213 151 444 388 143 495 488 154 372
 353 175 344 415 219 352 298 233   9 485 159 217 113 633 506 583  83 509
 559  44 486 306 258 419 475 573 204 567 290 305 265 236 122  41 321 402
 280 482 525 375 315 281 264 437  34  74 370 589 431 185 548 572 186 549
 574 617 515 267 526  19 550 380 508 541 493 322 558 502 170 644 442 262
 326 208 209 553 625 652 655 223  45 218 117 592 398  15 622 465 195 401
 520 552 522 161 345 528 630 197 284 242 654 371  24 351 597 650 198 425
  85 612 362  67 191 472 128 604 179 457 384 238 512 646  73 458 511  47
  64 106 504 578 395 514 636 115 177 147 274 501 201 449 183 470  20 226
 318 118 285 474 598  49 289  29 329 363 333 461 327 134 621 173 455 114
 216 645 277 568 360 443 649 270 377 491 311 347 456 381 211  42 234 610
 334 125  92 105 272 180 498  65 544 400 632 477 168 469 422  91 378 615
 516 189  98  14 466 165 252  22  35  81 139 132 119 591 257  90 116 640
  86 287  46 215  84 145 156 537 188  38  66 348 580 302 505 131 245 140
 256 178 599  52 579 192 286 416 101 637 317 194 410 602 148  63 239 627
 300 496 535 231 130 341 190   1 596 628 555 260  56 503 435 446 539 497
 480  60 426 276 540 108 609  68 409 507  25 313  59 581 309  76 338   0
 220 403  99 248 538 174 603 279 450  37 142  36 141  40 254 163 536 562
 196 642 428  48 112 582 144 202 335 340 355 336  78 626 527  69 647  27
 324 405 110 187 399 100 268 330 228]
GPU0
set random seed!
finished RVND in 7.41718506813s
data-line;initial_solution;275402795;final_solution;14258714;time;7.41718506813;counts;737;fv;[];cv;[480, 175, 74, 5, 3];imp;19.3147008208
