pydf_home: /home/rodolfo/git/Sucuri
simple_pycuda_home: /home/rodolfo/git/simple-pycuda
wamca2016path: /home/rodolfo/git/wamca2016/
localpath: /home/rodolfo/git/dvnd-df/code/dvnd-df/src/
WAMCAPATH:/home/rodolfo/git/wamca2016/
Using already created file:  wamca2016lib.so
Size: 501 - file name: 05_TRP-S500-R1.tsp
ns:  [<function <lambda> at 0x7fc63d3380c8>, <function <lambda> at 0x7fc63d338140>, <function <lambda> at 0x7fc63d3381b8>, <function <lambda> at 0x7fc63d338230>, <function <lambda> at 0x7fc63d3382a8>]
ns:  [<function <lambda> at 0x7fc63d3382a8>, <function <lambda> at 0x7fc63d338230>, <function <lambda> at 0x7fc63d338140>, <function <lambda> at 0x7fc63d3380c8>, <function <lambda> at 0x7fc63d3381b8>]
33167275-[188 449  97 468  62  52 294 101 453 161 221 360 448 462 120  57 236 495
 354 183 152 423 226 231  88 194 129 264 286  44 432 383 126   3  83  35
 205 210 418  69 440 163 201  76 296 252 302 181 197 191 485 457 346 391
 260 498 486 189 320 364 215 168 280 387  67 283 318 148  72 216 292 246
 185 232 209  73  24 443 404 200 230 116 483  64 411 304 381 262 321  12
 342 437 100  79  48 146 358 309 206  27 484 369 227 297 180 136 290 456
 254 359 271 471 334 362 394 263  71 487 459  11 340  15 380  63  85  96
 386 289 480  34 193 406 142 416 118  37 370 278 245 430 275 442  38 473
 225 261 138 207 104 493 258 143  99 373 169 241 265 247 322 153 435 149
 343 315 412 132 119 234  55 365 137 422 308 122 109 333   2  23 351 366
  75 389 141 224 198 344 114 233 472 492 171 248 405  10   1 337 454 347
  26 417 361 434 150 313  61 151 363 145 384 299  81   8  95 392 395 375
 419 393 402 329 173  86 242 164 219 325 176 352 124 214 478 336 208 123
 238 140  30 251 277  29 339 202 117 273  51 413 166  42 115 253  53 350
 403  70 125 144 256  80  65 439 368 415 276 301 451 341 195 429 330 458
 470 332 279 220  19 464 436 490 121 311 475  54  77 170  66 444 479 157
 218  31 323  78 306 476 111 107 376  39 371  59  14  92 128  36 409 327
 500 167  21  46  89 133 192 410 235 160 105 482 497 288 162  74 229 317
 165 385 355 269  49  41  50  22 175 414 420 431 131 284 159 199 113 259
 223 244 266 190 491 217 267 239 250 324 400 314  82  68 408 240  33 187
 421 303 372 196 481 424  98 106 291 488 282 396  13 312 466  45   7 477
 130 103 446 463 112 300 139 228  20 243 447  16 237 310 134 338  18 272
 281 494 425 426 212 287 397 172 452 268 203 467   5 377 154 158 441 445
  90 147 461 374 331 298  58 177 178 388 255 127  40 102 110 438 186  32
 155 349 469 428  56 499 382  60 450 204 407 257  94 401  93  84 427 179
 182 108  17 307 474 353 174  87 328 379 367 390 398   9 357 326 455 496
 211 378 184 274 316 356 222   4 270  91 335 156  25  47 465  28 433 348
 249   6 399 135 213 305 293 345 295 489 285 319  43 460   0]
GPU0
set random seed!
finished RVND in 4.76480793953s
data-line;initial_solution;33167275;final_solution;1993891;time;4.76480793953;counts;595;fv;[];cv;[380, 145, 61, 7, 2];imp;16.6344474196
