pydf_home: /home/rodolfo/git/Sucuri
simple_pycuda_home: /home/rodolfo/git/simple-pycuda
wamca2016path: /home/rodolfo/git/wamca2016/
localpath: /home/rodolfo/git/dvnd-df/code/dvnd-df/src/
WAMCAPATH:/home/rodolfo/git/wamca2016/
Using already created file:  wamca2016lib.so
Size: 657 - file name: 06_d657.tsp
ns:  [<function <lambda> at 0x7f82ec1d50c8>, <function <lambda> at 0x7f82ec1d5140>, <function <lambda> at 0x7f82ec1d51b8>, <function <lambda> at 0x7f82ec1d5230>, <function <lambda> at 0x7f82ec1d52a8>]
ns:  [<function <lambda> at 0x7f82ec1d52a8>, <function <lambda> at 0x7f82ec1d51b8>, <function <lambda> at 0x7f82ec1d50c8>, <function <lambda> at 0x7f82ec1d5140>, <function <lambda> at 0x7f82ec1d5230>]
281208171-[ 60 271 650 203 192 215 413 505 211 469  40 552  17 194 516 139 448 623
 519 313 466 187 287 597 298 220  98 642 536 617 261 219 569 474  24  30
  55 435 537 433 105 162 148 169 214  20 440 180 646 391 532  37 451 296
 631  75 459 365 333 414  87 208   4 542 363 136  19  58 135 460 173  68
 496 160 381 308 100 547 270 625 259 554 247 357 615 628 222 297 158 306
 330  73  46 528 446 206 184 571  72 124 304 410 359 151 177  89 633 561
 178 200  97 560 316   1 609 322 358 278 599 394 529 638 150 370 412 353
  22 439 415 191 346 627 409 463   8 390 407 120 558  44 545 438 186 591
 490 262 256  11 131 255 578 109 233 445  61 371  74 156 606 475 340 471
 655  16 351 379 644 458 103 110 559 579 538 185 525 456 209 468 479 523
 243 397 318 420 138 581 172  53 161 119 533 133 492 431  38 142 489 455
 461 539 477 590  92 454 395 212  35 450 277 290 112 620 189 652 618 401
  39 197 613   5 378  80 425 315 449 276 651 326 130  13 307  10 375 507
  43 221  54 282 137 467 132   0 497 128 587 607 196 289  96 610 193  52
 608 253 427 227 385 577   9 632 572 239 320 254 154  65 152 235  90 244
 134 360 367 303 629  29 603 210  70 242 393 487 404 429 252 531 127 653
 550 226 488 573 580 238 452 251 546 181 286  88 376 495 126 396 480 334
  56 568 482  69 144  28 202  66 424 556 640 382 141  83 634 399 428 237
 268 199 411 589 517  59  21 265 502 522  62 229 213 493 350 566  85 605
 442  95  63 168 153 368 204 232 637 636 388 520 195 111 574 102 400 354
 565 269 484   3  25 540 408 457 473  42 441 380 218 342 464 541 337 645
 121 512 159 216 639 123 447 362  84 140  18 501 422  51 183 305 624  41
 343  32 553  50 149 602 344 341 465 593 258 190 453 115 167 248 387  47
 283 444 234 231 143 592 557 272 295 601 595 106  48 164 275 324 586  27
 373 166 524 436 430 383 118 509 224 426 104 345 406  64 146 170 264 656
 384 549 228 500 176 526 405 145 335 116 564 329 293 551 649 630 323 314
 355 476 230  12 179 555 470 364 319 223  79  67 598  36  71 619 472 530
 483 499 101 513 478 267 157 246 494  49 648 647 511 266 421 485 122 310
 300 416 356 386 612 311 622  45 207 294 518 498 361 352 241 347 260 205
 527 481 514 284 117 432 292 125 301 332 288 339 374 562 584 434  14  91
 621 616  82 521 327 583 392 389 147 349 250 107  86 486  23 113 175 506
  33 249 331 641 418 604 402 614  99   6  34 515 576 280 273  26 245 372
 503 155 588 274  15 570 263 129  94 108 510 302 594 182 281 165 163 582
 236 369 544 317  76 338 423 643 348   7 325 635  77 198 543 504 299 398
 328 534 285  78 114 366 437  57 567 575 225 491 291 443  31 201 596 654
   2  81 217 257 174 188 585 240 336 309 419 508 611 600 377 417 548 279
 312 403  93 563 626 535 321 171 462]
GPU0
set random seed!
finished RVND in 9.44550204277s
data-line;initial_solution;281208171;final_solution;14437937;time;9.44550204277;counts;912;fv;[];cv;[536, 235, 119, 19, 3];imp;19.4770326952
