pydf_home: /home/rodolfo/git/Sucuri
simple_pycuda_home: /home/rodolfo/git/simple-pycuda
wamca2016path: /home/rodolfo/git/wamca2016/
localpath: /home/rodolfo/git/dvnd-df/code/dvnd-df/src/
WAMCAPATH:/home/rodolfo/git/wamca2016/
Using already created file:  wamca2016lib.so
Size: 318 - file name: 04_lin318.tsp
ns:  [<function <lambda> at 0x7f17592c00c8>, <function <lambda> at 0x7f17592c0140>, <function <lambda> at 0x7f17592c01b8>, <function <lambda> at 0x7f17592c0230>, <function <lambda> at 0x7f17592c02a8>]
ns:  [<function <lambda> at 0x7f17592c01b8>, <function <lambda> at 0x7f17592c0140>, <function <lambda> at 0x7f17592c0230>, <function <lambda> at 0x7f17592c02a8>, <function <lambda> at 0x7f17592c00c8>]
91787236-[128  87  25  62  68 167  23  10 237  42 223 248 197  19 132 243 316 306
 116 269 255  74 110  71  94 292  95 166 279 228 278 138 282 305  86 152
 304 286 137 157 134 180  66 283 194   5 147 151 298 104  93   4 145 287
 249  49 191 162  76 294 159 101 213  41   3  29 103 202   0 102 266 161
  64 218 275 207  99 185  18 270 120 111 165 229 257  15  97 288 190 199
 215 100  35 314 273 115 121  67  65 301 285 168  40  84  59  73 206  98
  81  45  55 297 146 254 119 174  96  63 312  20 284  52 154 148 124  48
  26 263 274 227 260 196  46 187  13 225 149  79  22 226 277 271  37 112
 302 109  69 219 242 125  27 259 127 247 289 313  31 163  91  88 143 170
  12 192 203 209 177 153 122 113 311   6 236 204 117 183  53 276  92 140
 232 130  11  34 182 214  38 179  58 272 155  24 114  33  44  16  36 267
  14 280 169 265 210 131 245 303 224 205 296  85  47 230 307 309   8   2
 208 198 129 156  43 262 126  32 310 188 290 144 135  56 118 212  17  61
  70 246 256 299  50  39 253 268 136  72 150 231 142 258 235 244  80 233
  60 105 216 240 300  83 171 264 184 176  90 133 107 158 123 201  75  57
  51 317 195  21 221 222  82 160  30  89 308 252 261 200 141 193  78 234
 217 172 291 295   1 220 181 241 211  54   9 164   7 186 108 106 250 281
 315 175 178 139 293  77  28 251 173 189 238 239]
GPU0
set random seed!
finished RVND in 3.00273013115s
data-line;initial_solution;91787236;final_solution;6045593;time;3.00273013115;counts;488;fv;[];cv;[281, 130, 60, 13, 4];imp;15.1825033541
