pydf_home: /home/rodolfo/git/Sucuri
simple_pycuda_home: /home/rodolfo/git/simple-pycuda
wamca2016path: /home/rodolfo/git/wamca2016/
localpath: /home/rodolfo/git/dvnd-df/code/dvnd-df/src/
WAMCAPATH:/home/rodolfo/git/wamca2016/
Using already created file:  wamca2016lib.so
Size: 783 - file name: 07_rat784.tsp
ns:  [<function <lambda> at 0x7fc34b79c0c8>, <function <lambda> at 0x7fc34b79c140>, <function <lambda> at 0x7fc34b79c1b8>, <function <lambda> at 0x7fc34b79c230>, <function <lambda> at 0x7fc34b79c2a8>]
ns:  [<function <lambda> at 0x7fc34b79c2a8>, <function <lambda> at 0x7fc34b79c230>, <function <lambda> at 0x7fc34b79c140>, <function <lambda> at 0x7fc34b79c0c8>, <function <lambda> at 0x7fc34b79c1b8>]
70556938-[588 396 231 604 499 249 140 194   2  77 114 601 754 260 703 582 236  17
 253 534 710 131 697 600 525 739 509 346 430 215 564  73 762 755 313 688
 159 408 617  92 625 507 274 719 782 273 356 133 267 603 278 281  12 508
 120 559 713 706 513 347 150 638 742 481 543 330 204 729 634 447 696 497
 363 261 427 173 673  49 306 247 135 599 757  88 698 337 426 463 355 642
 652 219 709 676 188 312 608 544 372 571 473 585 645 563 184 374 516 695
 733 321 763 404 491 464 675 332 529 614 301 635 147  75 296 387 681  70
 148   8 560  27 498 752 297 578 189 547 658 423 761 558 452 594 425 344
 506 749 366 180 310 460 290 181 240 248 203 501 768 164 192 342  28 518
 741  47  37  23  61 116 450 495 449 550 740 127  21 528  33 579  54 325
 743   1 551 157 659 156 414 179 392 202  13 671 293 170 137 175 378 102
 339 391 407 552 420 153 756 171 468 328 678 775 554 462 172 214 144 574
 590  14 751 489 545 774 566 515  72 106 593 362 432 292 687 335 376 217
 360 727 226 776 409 539 609 163 190 527 121 403 319 390 105 284 134   9
 255 580  34 567 228 174 136 266 781  86 436  80 141 663 612 185 660 352
 514 315 300 586 126 667 405 537 317 712 439 269  53 199 289 627 725 238
 334 674 505 648 716 476 577 670  93 483 700 138 596 359 517   7 610 639
 160 542 129  35 682 333 522 182 421 629 242 699 318 104 472 177 103  67
 398 196 186 641 225 118   5 643 257  42 282 375 265 745 613  74 721 271
  94 469  98 397 680 702 110  59 351 767 720 232  69  38 677 233 429 308
 388 780 704 689 119 368 636 536 130 672 630 640 307 690 245 494 254 379
 441 302 628 193 724 216 484  31 621 693 650 146 553 411 535 669  19 295
 145 162 294 316 259   0 504 546 252 623 384 444 443 155 389 662  11 358
 161 108 167  62 221 758 503  64 437 280 251 367 655  30 338 440 694 311
 415  84 626 766 210 446 631 467 433 122 187 620 166  99 270  85 458 493
 331  60 664 730 324 178  50 283 475 291 451 320 327  66 152 735 276 115
 401 354 336 665 229  26 256 400 424 314 561 649 305 357 722 520 139 241
 371 417  10 206 530 298 286 486 113  83 691  45 413 773 416 275 322 568
 480  36 329 548 611 465 466 211 208 377 197 714  15 492 705 111 380 205
 345 262 455 112 707 616 128 555 779 340 644  29 502  40 230 341   3  68
  90 750 760 395 309 381 485 487 323 632 456 557  18 734 117 299 771 500
 769 428 569 304 457 692 264 201 653 532 402 748 268  96 419 142 597 496
 222 718 477 285 107 223  24 353 657 488 418 618 448 277 471 369  41 510
  76 348 595 209   4 738 606 581  79 633 770  55 753 364 711 303 132 556
  25 744 454 383 272  58 207 521 406 361 373 123  44 169 258 726 158 350
 764 605 385  32 470 235 101 524  46 393 482 598 549 165 684  57 572 759
 531 562 540 176 526 478 349  63 656 772 431 637 237 512 386 746 461 154
  91 435 288 243 412 399 651 100  82 715 747  20  65 533 143  51 434  52
 615 511 244 287  78 668 250 570 218 168 234  43 619 220  48 686 365 125
 263 109  81 200 565 523 445 246 410  95 370 479 453 183 666 679 708 736
 607 701 587  56  97 224 646 198 575 195 584 591  39 777 151 573 732 490
 685 538 124 326 213 683 731 343 459  89 602 149 624 592 422 654 576 239
 227 474 647 541 589 191 728   6  71 622 438 279 661 442 382 583 212 778
  16 737 765  22 723 519  87 394 717]
GPU0
set random seed!
finished RVND in 11.5439360142s
data-line;initial_solution;70556938;final_solution;3461964;time;11.5439360142;counts;920;fv;[];cv;[537, 239, 124, 15, 5];imp;20.3806099659
