pydf_home: /home/rodolfo/git/Sucuri
simple_pycuda_home: /home/rodolfo/git/simple-pycuda
wamca2016path: /home/rodolfo/git/wamca2016/
localpath: /home/rodolfo/git/dvnd-df/code/dvnd-df/src/
WAMCAPATH:/home/rodolfo/git/wamca2016/
Using already created file:  wamca2016lib.so
Size: 318 - file name: 04_lin318.tsp
ns:  [<function <lambda> at 0x7f3bf20130c8>, <function <lambda> at 0x7f3bf2013140>, <function <lambda> at 0x7f3bf20131b8>, <function <lambda> at 0x7f3bf2013230>, <function <lambda> at 0x7f3bf20132a8>]
ns:  [<function <lambda> at 0x7f3bf20131b8>, <function <lambda> at 0x7f3bf20130c8>, <function <lambda> at 0x7f3bf2013140>, <function <lambda> at 0x7f3bf20132a8>, <function <lambda> at 0x7f3bf2013230>]
95800535-[289  26 165  35  49 154 298 226  31 193 194 129 235 175  16  87 110  97
 145 171 240 195 105 167 112 259  38 252   8 158 304 130   3 270 147 248
 302 280 176 166  53 114 190 230 133 276 215 306 109  42 303 108 148 200
 290 142 188  39  56  72 225  34 286  86 153 189  11 313 237  65 125 202
 208 244  50 308 314 211 168  57  74 203 278  46 116 138 317   1 192 123
 152 111  71  69  37 254  54 224 310  62  23  70  33 119 283  80 209 164
 115 134 162 186 300 139 185 229 312  90 307 241 169 191 140 309   7 151
 179 187 269  92 146  13 118  30 315  10 243 288  94  40  45 281  19 204
 205 238 210 183 126 255 103 172 101 180 222  51 228 131  98 311  17 182
 246 250  96 260 106 212  61  55   0  47 256 261 137  77  44 150   6  25
 219  85 294 262 272 263  93 247 213 287 196 271 216  78 299 155 267  18
 197  24 124 127 104   5 173 136 217 253  21 161  12 198 121 236 220 181
  95  29 295 316 143 282  75  76 132 163 174 221 156  15  48 102 178  99
  14 206 100  32 159 149 232 239  36 292  20  67   9 266 305   2  66  83
 122 214 141 233 242 113  81  28 297  82 273 291 275 157 245 184  84 231
 199 285 117  68  52  60  79 223 207 218 128 251  43  59 279 249 107  27
 293 257  91 277 170 201  63 160 284  73 177 144   4 301 264  89 120  64
 227 268 258 296  88 135 274 234  22  41  58 265]
GPU0
set random seed!
finished RVND in 3.36205601692s
data-line;initial_solution;95800535;final_solution;5973333;time;3.36205601692;counts;520;fv;[];cv;[299, 133, 69, 13, 6];imp;16.0380368883
