pydf_home: /home/rodolfo/git/Sucuri
simple_pycuda_home: /home/rodolfo/git/simple-pycuda
wamca2016path: /home/rodolfo/git/wamca2016/
localpath: /home/rodolfo/git/dvnd-df/code/dvnd-df/src/
WAMCAPATH:/home/rodolfo/git/wamca2016/
Using already created file:  wamca2016lib.so
Size: 226 - file name: 03_pr226.tsp
ns:  [<function <lambda> at 0x7fba601e70c8>, <function <lambda> at 0x7fba601e7140>, <function <lambda> at 0x7fba601e71b8>, <function <lambda> at 0x7fba601e7230>, <function <lambda> at 0x7fba601e72a8>]
ns:  [<function <lambda> at 0x7fba601e7230>, <function <lambda> at 0x7fba601e71b8>, <function <lambda> at 0x7fba601e7140>, <function <lambda> at 0x7fba601e70c8>, <function <lambda> at 0x7fba601e72a8>]
184305118-[  5 132 224 147  39 162 222 143 151 139 108 193 207 122  15 205 138 181
 199 156  34 136 196   0  41  29 164  99 192  10  17 170 110 202 128  63
 116  28 126  24 217 197 146 176  89  42 185   6  26  23  88 220  62  64
  82 198  97 133  92 131  49 172  54 129  46 152 130  87  90 206  13 101
 166 174 223 150 212  22  40 142 165 186 137 208  47  84 201 124 145  77
  69  80 169  18  25  33  52 178  56  75 125 183 105 153   8  55 177  79
  95 140  27  43  19 213 106  94 121 189 163 167  58 120  11   2  70  68
  30   7  61 173  71  74 157  37 149 144   1 103  96 210 113 214 117 135
  85 104 218  53 154 123 195 211 204 175  20  48 155 141 215 182  72  98
  35 219  76 158 100 160 118 159 203 221 200  91  31 216 134  60 184  86
 114 119  93 209 168 112  66 188 109 111   3  36  50  73 161  83  67 225
  44  57 148 171 194  12 102 115  45 190  38 187  81  78   4 127 191  16
  59  32  21 107  51  65 179  14 180   9]
GPU0
set random seed!
finished RVND in 2.62551283836s
data-line;initial_solution;184305118;final_solution;7137766;time;2.62551283836;counts;556;fv;[];cv;[459, 67, 26, 2, 2];imp;25.821120782
