pydf_home: /home/rodolfo/git/Sucuri
simple_pycuda_home: /home/rodolfo/git/simple-pycuda
wamca2016path: /home/rodolfo/git/wamca2016/
localpath: /home/rodolfo/git/dvnd-df/code/dvnd-df/src/
WAMCAPATH:/home/rodolfo/git/wamca2016/
Using already created file:  wamca2016lib.so
Size: 657 - file name: 06_d657.tsp
ns:  [<function <lambda> at 0x7eff5b3280c8>, <function <lambda> at 0x7eff5b328140>, <function <lambda> at 0x7eff5b3281b8>, <function <lambda> at 0x7eff5b328230>, <function <lambda> at 0x7eff5b3282a8>]
ns:  [<function <lambda> at 0x7eff5b328230>, <function <lambda> at 0x7eff5b3282a8>, <function <lambda> at 0x7eff5b3281b8>, <function <lambda> at 0x7eff5b328140>, <function <lambda> at 0x7eff5b3280c8>]
279805484-[519 138 128  84 381 581   8 213  74  76 269 455 634 568 311 577 133 284
 107 399 411 616 622 422 154 620 171 177  20 508 628 453  87 539 522 558
  46 505 436 546 490 497 534  99 527 483 353 239 256 354  16 403 109 418
 410  67 525 359 215 423 517 614 499 362 642 349 312 276 529 220 227 369
 292 347 460  37 341 360  42 371 552 602   4 441  39 252 611 180 561 265
 389 590 313  50 507 375 283 330 520 511 210 526  93 187 596 293 374 408
 373  48 204 169 205  91 492 326 140  30 439 329 235 289 503 437 472   0
 203  68 234 474 591  60 412 327  56 114 554 446 103 300 263 654 261 649
 202 637 267 137 557 298  54 388 475 382 323 587 404 533 335 370 285 332
 640 170 589 488 538 463  31 610 379 480 124 417 390 262 181  71 218 186
 122 633 166 176 600  63 163 592 400 343  70 216 222 196 626 514 348 175
 493 467 569 479  69 303 457 358 532 501 156 420 223 233 506 157 523  26
 123 424 431  49  57 584 580 425 409 120  81 639 504 491 653   2 361 391
 547 357 197 548 406 438 121 477 458  92  44 531  65  82 368 219 328 405
 118 190 451 207 550  38  90 291 631 445 540 333  22 179 625 364  21  64
 185 305 172 416  40 652 304 126  12 545 555 476 307 396  17  10 495 274
 510 377 273 149 268 296 447  45 230 245 322 355 336 383 337 485  66 350
 319 551  53 162 462 260 199  19 184 376 466 324   7 209 630  47 106 309
 617 599 473 494 486 588 528   6 444 387 139 435 559 367 286 153 249  36
   5 567 244 251 586 489 496 339 537 470  75 104 201  88  18 556 415 132
 352 308 217  79 152 646 560 363 643 605 618  41 426 655 236 484 544 160
 378 129 345 448  61 641 288 595  52 572 597  86 259  73 281 535 623 141
 301 159 609 211 188 119  72  43 573 111 365 530 228 101  14 549 183 105
 433 440 148 143 275 443 198 174 280 238 578 214 164 246  97 208 346  51
 613 553 277 471 606 398 541  58 638 317 147 562  15 161 498 593 130 167
 226  55 563 237 321 189 344 258 645 380 212 112 318 255 232 459 392 340
 509 231 254 151 542 651 108 240 200 395 306 310 191  28 513 278 242 629
 384 465 145   9  32 543 502 113 482 635 225  25 481 456 632 116 155 117
 247 206  33 243  96  24 125 414 146  94  83 478 427 624 100 221 394 127
 299 603  35 338 612 195 579   3  59 524 516 621 407 250 607 290 397 627
 372 134 253 264 131 270 136 192 102  27 576  23 594 178 168 266 615 173
 314   1 564 351  98 430 428 386 295 320 248 325 334 518 413 487 342 469
 464 224 454 393  78 194 442 142 282 316 636 150 434 521 419 619 565 650
 271 582 287 193 429 648 583 315 241 575 110 401 500 601 461  77 182 115
 356 571  34 468 135  85 144 450  89 165 257 402 229 608 449  13 515 158
 331 385 604 279 512 656  95 452 644 536 421 570 585 302 566 432 366  62
  80  29 598 297  11 272 647 294 574]
GPU0
set random seed!
finished RVND in 8.62396907806s
data-line;initial_solution;279805484;final_solution;14866505;time;8.62396907806;counts;829;fv;[];cv;[493, 216, 109, 8, 3];imp;18.8212013516
