pydf_home: /home/rodolfo/git/Sucuri
simple_pycuda_home: /home/rodolfo/git/simple-pycuda
wamca2016path: /home/rodolfo/git/wamca2016/
localpath: /home/rodolfo/git/dvnd-df/code/dvnd-df/src/
WAMCAPATH:/home/rodolfo/git/wamca2016/
Using already created file:  wamca2016lib.so
Size: 501 - file name: 05_TRP-S500-R1.tsp
ns:  [<function <lambda> at 0x7fe0358060c8>, <function <lambda> at 0x7fe035806140>, <function <lambda> at 0x7fe0358061b8>, <function <lambda> at 0x7fe035806230>, <function <lambda> at 0x7fe0358062a8>]
ns:  [<function <lambda> at 0x7fe0358062a8>, <function <lambda> at 0x7fe0358061b8>, <function <lambda> at 0x7fe035806140>, <function <lambda> at 0x7fe0358060c8>, <function <lambda> at 0x7fe035806230>]
32436192-[137 296  14  20 285 293 352 309   6  80  33 171 425 266 407 496 235 233
 259 321 462  49 482 164 428  58 436  28 354 351 357 267 251 453 295 377
 488 350 211 376 368 385  26 405  43 269 325 315 300  30 208 420 494  22
  23 114 280   2 231 131 408 168 215 476 286  86 119 117 412  10  96 473
  72 167 398 397 201 319 384 109 400 306 108 449  87 467 165 206 406 144
 341 166 490 258 438 486 105 214 422 234 498 118 278 481 268 303 162 346
 139 310 125 348 113 244  39 180 382 217  44   9  67 417 366   1 146 127
 443  99 275 115 103 229 332  45 404 188 106 135 327 463  68  36  66 302
 353 191 124  81 104  15  60 221 390 151 203 230 313 186 133 289 255 336
 228 190  41 177  46 283 416 433 371  35  76 344 318 277 399 456 379  83
 393 331 187 452 265 487 345  98 429 465 245 324 401 264  89 364  24 314
 260 243 212 241 224 129  74 121 474 148 447 333  17 419  53  84 358 492
 136 485 349 207 197 147 367 460 479 317  97 423 193  19 337 471 140 500
  71 155 432  63 478 194 175 130 276 495  79  52 402 178 342  34 161 329
  82 134  50 335  94 445  42 360 484 316 370 380 154 391 172 444 226 369
  18   7 261  32 413 122 170 415  38 138 435 220   4 176 410 123 198 328
 202 421 381 411  75  21 372 279 308 272 446 174  54 455  27 287 434 441
 356 403 284 189 159 491 250 246 107 469   0 475 439 270 340 334 326 236
  73 152 257 312 112 298  13 347 464 459 210 128 237 322 150 204  48   5
 448 274 365 301  40 294 110 466 375 227 196 254 458 330 426 427 480 414
 253 132 299  37 205 141 338  56 240  64 297 192 437 247 142 359  70 304
 383  91  85 222 209 355 242  69 431 470 248  11 111 362 430 461 181 320
 238  61 311 396 392 386 323 389 183 499  88 374 163 292 185 219 160 472
 477  31 101 307 373 361 387 179 290  95 100 126  90 239 145 450 339 169
 116  62 153 291 454 282 213 102 483 263   3 451 394 157 149 252 305 173
 363 182 232 184  65 158 281  93  59  57 143  55  77 343  51 249 424 395
  25  47   8 120 497 218  92 418 156 271 493 409 216 223 195 388 199  16
  12 262  29 288  78 200 468 225 440 378 489 457 442 273 256]
GPU0
set random seed!
finished RVND in 5.04628896713s
data-line;initial_solution;32436192;final_solution;2043748;time;5.04628896713;counts;657;fv;[];cv;[399, 176, 71, 8, 3];imp;15.8709351642
