pydf_home: /home/rodolfo/git/Sucuri
simple_pycuda_home: /home/rodolfo/git/simple-pycuda
wamca2016path: /home/rodolfo/git/wamca2016/
localpath: /home/rodolfo/git/dvnd-df/code/dvnd-df/src/
WAMCAPATH:/home/rodolfo/git/wamca2016/
Using already created file:  wamca2016lib.so
Size: 783 - file name: 07_rat784.tsp
ns:  [<function <lambda> at 0x7f8c805240c8>, <function <lambda> at 0x7f8c80524140>, <function <lambda> at 0x7f8c805241b8>, <function <lambda> at 0x7f8c80524230>, <function <lambda> at 0x7f8c805242a8>]
ns:  [<function <lambda> at 0x7f8c805242a8>, <function <lambda> at 0x7f8c80524230>, <function <lambda> at 0x7f8c805240c8>, <function <lambda> at 0x7f8c805241b8>, <function <lambda> at 0x7f8c80524140>]
69081641-[386 249 533 776  81 630 530 104 243 194 668 760 107 105 373 772 417 155
  66 488 346 551 410 393 774 146 396 440  19 198 528 646 358 682 115 337
 295 310 486 158 730 526 444 276 296 568 160 453 330 598 768 216 348 399
 232 236 134 470 205 634 168 156 472 239  74 697 738 587 581 342 717 578
 749 596 540 712 300 446 179 702   9 552 263 454 510 505 736 248 689 190
 247  38 375 238  60 715  49 244 478  64 369   7 479 750 328 781 766 473
 383  33 604 307 421 584 224 140 390 515 189 157  55 641  12 561 114 246
 210 638 553 136 520  16 629 200  50  63 209 407 170  17 434 336  86 175
 731 382 379 490 673 335 441 534 469 560 734  89 395 365  10 666 643 589
 443 493 704 275 222 233 363  62  88 356 659 777   0 481 700 455 562 637
 334 320 624 762 109 317  85 705 603 690 288 676 112 782 525 684 274 201
 108 329  71 698 607  44 374  99 548 385 117 234 550 100 321 672 743 314
 492 628 318 496 408 495 437 166 737 477 543 445 127 319 451 609 759 464
 268 132 169 345 457 438 483 605 703 250 696 713 302  58 340  75 563 556
 281  93  11 392 145 389 174 230 384 301  68  84 150 182  43 144 124 448
 522 482 707 378 575 468 608 599 359 181 400 701 171 119 339 116 349   5
 289  95 591  26 588 113 727 125  14 503 305 380 708 662  18 507 514 425
  83 529 757 640 161 721 153 610 293  97 670 191 780 761 590 740 655 185
 583 576 709 725 517 527  45 597 494 764 163 267 466 371 322 732 227  91
 123 199 187 642 411  37 120 154 531 368 184 681 724 406 660 523 508 419
 149 279 245 692 240  40 128 769 311  90 131 277 626  56 398 273 257  48
 343  67 541  77 518 360 572 225 747 504 401 502 298  79 735 611  39 475
 616  54 152 370 718 294 621  15  31 511 627 513 656 452 594 283 535 573
 376 650  24 710 297 433 506 754 771 465 449 415 226  27 323 677 357  29
 212  78 110 180 471 436 639 388 193  36 344 620 741 450 645 566 206 536
 565 615  35 569 671  13 255 699 285 498  70  25 512 686 467 403 462 377
 480  92 631  69 657 429  57 564 474  46 271 651 658 706  53 559 292 391
 728   2  98 223 674 259 195 613 746 669 763 570 549 678 423 612 487 720
  52 253 165 439 139 211 192 542 547 595 557 402 585 354 545 538 252  42
 235 242 172 159 208 635 539 338 312 694 765 491 265  23 299 574 653 203
 537 219 427 632  51   4 241 752 122 756 577 426 173 151 381 217 341 622
 221 654 129 648 304 351 420 303 775  87 519 251 456 500 636 183 623   1
  41 176 593 733 644 516 352 606 207 353 405 758 755 306 284 325 716 661
 509 106 101 691  21 269  28 667 723 272 497 422 463 188 121 579 428 649
 256 663 397 197 167 714 137 680 178 461 162 460 254 617 770 647 229 361
 261 177 394 270 499 416 753   8  32 264 138 601 148 228 544 355 282 484
 554 442 213  72 619 315 362 675 404  82 387 412 141 372 290 215  20 501
  59 580 327 214 711 614 202 773 679 767 409 142 347 164 683 308 567 447
 220 600 652 687 432 102 103 280 133  96 135 558 665 313 693 332 742 316
  22 130  94 364 476 278 633 258  73 324 196 111 719 664 695 366 186  30
 237 431 729 582 424  65 726  47   6 489 524 748 625 262 126 430 739  61
 532 435 751 418 413 309 485 685 287 414 331 333 286 118 260 592 459 722
 291 143  34 204 555 745 744 602  76 231   3 571 546 458 521 779 618 586
 218 350 688 326 147 778 266  80 367]
GPU0
set random seed!
finished RVND in 12.941218853s
data-line;initial_solution;69081641;final_solution;3453800;time;12.941218853;counts;1017;fv;[];cv;[611, 269, 124, 9, 4];imp;20.0016332735
