pydf_home: /home/rodolfo/git/Sucuri
simple_pycuda_home: /home/rodolfo/git/simple-pycuda
wamca2016path: /home/rodolfo/git/wamca2016/
localpath: /home/rodolfo/git/dvnd-df/code/dvnd-df/src/
WAMCAPATH:/home/rodolfo/git/wamca2016/
Using already created file:  wamca2016lib.so
Size: 226 - file name: 03_pr226.tsp
ns:  [<function <lambda> at 0x7fb99ac0f0c8>, <function <lambda> at 0x7fb99ac0f140>, <function <lambda> at 0x7fb99ac0f1b8>, <function <lambda> at 0x7fb99ac0f230>, <function <lambda> at 0x7fb99ac0f2a8>]
ns:  [<function <lambda> at 0x7fb99ac0f1b8>, <function <lambda> at 0x7fb99ac0f2a8>, <function <lambda> at 0x7fb99ac0f0c8>, <function <lambda> at 0x7fb99ac0f140>, <function <lambda> at 0x7fb99ac0f230>]
190881843-[162 177   9 158 132 180  30  24  57  59 196  60 174 129 205  21 195 210
   5 194  86 143 116 110 201 151   6 137  54  17 209  25 154 145 212 223
 133 108  12  84 112  70  91  43 109  33  81  78 183  55 187 140  38 138
 136  40 186 198 184 206 165  22 208 179  63 113 176  10 150 178 139 182
 124   7  48  82 159 141 122 134 126 220  74 173  65  39 214  31 193  37
 155  20 131  69  71  27  93 135 171  34 160 222  94  13 147 121  62  67
 170 117 215 149 153  64 216  76 105 203 221 218  50  32  83   0 125  51
  87 130 106 190 189 191  56  42 197  23  46  41 123  99  90  72 148  77
  16 204 169 211 118 181  52 157 101  85 146 104  11  53  73 185  97  58
 163  35 102  79 202 166  75 217  49 213 225 107  92 168  29 114  36  98
 119 120 128  28  68 161 144  88  95  18  45 100 164  44  80 199 188   3
 111  14  89  15  96 192 142  66   1 224 175 103 167  47 207   8 127 219
   2 172  26 152  61 200 156   4 115  19]
GPU0
set random seed!
finished RVND in 2.58862495422s
data-line;initial_solution;190881843;final_solution;6809347;time;2.58862495422;counts;574;fv;[];cv;[408, 116, 46, 2, 2];imp;28.032327182
