pydf_home: /home/rodolfo/git/Sucuri
simple_pycuda_home: /home/rodolfo/git/simple-pycuda
wamca2016path: /home/rodolfo/git/wamca2016/
localpath: /home/rodolfo/git/dvnd-df/code/dvnd-df/src/
WAMCAPATH:/home/rodolfo/git/wamca2016/
Using already created file:  wamca2016lib.so
Size: 318 - file name: 04_lin318.tsp
ns:  [<function <lambda> at 0x7f2b6377d0c8>, <function <lambda> at 0x7f2b6377d140>, <function <lambda> at 0x7f2b6377d1b8>, <function <lambda> at 0x7f2b6377d230>, <function <lambda> at 0x7f2b6377d2a8>]
ns:  [<function <lambda> at 0x7f2b6377d1b8>, <function <lambda> at 0x7f2b6377d0c8>, <function <lambda> at 0x7f2b6377d230>, <function <lambda> at 0x7f2b6377d2a8>, <function <lambda> at 0x7f2b6377d140>]
89230237-[222 160 260 248  66  82 156 196 119 102  40 181  34 191 213 136 173 288
 273 134 276 137  14  24   3 174  22 280 132 226 292 124 315 146  99  68
  63 198 287  87  51 120 207 150 164 316 239 249  86  12 159 265 210 154
  53 300 241 217 256  46  65 109 184 214 277   0 279 155 242 250 197 245
 231 259  74 121 189  55 308 313  85 298 142 263 131  38 240 106  31  96
 177 314 271  32 101  80 100 141 297 247 267 266 147 209  54 296 306  15
 163 115 257 268 111 110 153  75   6  93  58 170 303 272   8 105 236 310
 192 205 275  67 285 201 194 293 178  49 193  90 157 227 171 299  42 286
  39 208  48  61 148 185 140 219 301 261  91   9  70 229  83 283 113  17
 305 128 165 220 254  62 139 175   4 228 224   7 167 103  41 166 122 180
 304 168  73  45 312  26 112 152 129 309 238 203  19  78 158 202  47 161
 302 264  29 258 246 143 130 104  72 145  44  43 251  64 216 144  33   1
  97 138 317  84 252 199 278 107 125  60 183  30 215 186  92 212  25 127
 223 149 151  56   5  52  11  81 187 190 234 108  77 116 169 133 179  27
 295  20 135 274 195 235  18 225 188  76  79 291 294 281 206  28  69  89
  95 289 282 114 211 255  57 118 243 200 182  59 244  37  21 204 126  71
 232  10  94 237 269  50 307 172  88  36  16 176 233  98 117 284 253 262
 221  35 311 162 218 290 123  13  23   2 270 230]
GPU0
set random seed!
finished RVND in 2.41348218918s
data-line;initial_solution;89230237;final_solution;6100341;time;2.41348218918;counts;388;fv;[];cv;[246, 96, 36, 8, 2];imp;14.6270900266
