pydf_home: /home/rodolfo/git/Sucuri
simple_pycuda_home: /home/rodolfo/git/simple-pycuda
wamca2016path: /home/rodolfo/git/wamca2016/
localpath: /home/rodolfo/git/dvnd-df/code/dvnd-df/src/
WAMCAPATH:/home/rodolfo/git/wamca2016/
Using already created file:  wamca2016lib.so
Size: 501 - file name: 05_TRP-S500-R1.tsp
ns:  [<function <lambda> at 0x7fd45d9510c8>, <function <lambda> at 0x7fd45d951140>, <function <lambda> at 0x7fd45d9511b8>, <function <lambda> at 0x7fd45d951230>, <function <lambda> at 0x7fd45d9512a8>]
ns:  [<function <lambda> at 0x7fd45d951230>, <function <lambda> at 0x7fd45d9511b8>, <function <lambda> at 0x7fd45d951140>, <function <lambda> at 0x7fd45d9510c8>, <function <lambda> at 0x7fd45d9512a8>]
33213850-[ 19 296 153 432 246 235 492 371 209 156 207 417 315  22 197 321 447 435
 485 355  58 160 275 100  57  34 483 168 339 170 245 157 276 295 163 125
  71 477  38 392  98  45 415  21 317 298 341 109 220  88 403 398  20 319
  62 210   4 277 480 299 456 236 116 373 330 234 154 323 340 143 383 259
  28  91 424 119 389 326 212 162 247 444 357 302 399  48 110 225 368 441
  69  95 222  76  81 363 361 267   9 248 396 469 279 231  99 164 115 332
 418 410 420 352 124  29 491 171  23 158   1 214  35 402 390  68 280 499
  18   0 221 320  74 262 122  37 489 325 201 182 464 204 155 484  63  44
  49 475  24 196 310 165 421  84  39 337 305 252 216  31 407 344 219 370
 353 431 211 345 343 471 422   5 146  50 180 139 284 496 318 494 233 306
 301 183 253 500 254 137 395  80 335 243 303  92  46 184 136 312  41 195
 198 103 468 270 199 413  14 159 238 208  73 328 266 377  77 294 249 191
 436 113 393 423 256 367 242 286 455  59 372 364 473 470 440 271 218 362
 493 187 338 376   2 206 129 194 190 224 244 150 205 260 333 241 175  53
 463 251 488 429  90 106 322 400 138 132 452 291  36 232 167  40 374 459
 269 416 140  60 111 406 149 316 462 384 120 105 487 437 419 365 300 465
  55 349 397  25 202 261 304  32 186  27  11  64 439 179  70 102 112 250
 101   8 147 151  13 264 334 169   6  87  72 142 272 135 118 281 107 479
 382 307 293 215 257  47 448  51  96 442 348  79  97  17  43 282 359 227
  67 229 446 449 351 391 379 181 467  16 134  30  33 454 203  66 108 405
 313 486  56 228  82  12 174 292  54 131 347 369 226 411 141 445 453 414
 460 425 290  94 366  15 375 476 495 123  52 166 287 188 285  85 114 497
  42  86 255 230 311 177 378 450 433 478 193 223 265  65 309 394 387 451
 152 404 360 409 148  10 458 314 388 288 427 145 263 474  75 457 401 346
 161 144 381 237 130 342 117 327 240 268 283  26 258 213 356 498 385 192
 490 324  93 386 239 289 172 104 380 434 297  83 128 189 481  78 133 443
 121 350 336 358 482 461 428  89 472 412 329 178 173 408 331 217 126 426
 430  61 200 274 308   3 354 273 176 127   7 438 278 185 466]
GPU0
set random seed!
finished RVND in 4.50328207016s
data-line;initial_solution;33213850;final_solution;2007306;time;4.50328207016;counts;596;fv;[];cv;[363, 160, 64, 7, 2];imp;16.546480706
