pydf_home: /home/rodolfo/git/Sucuri
simple_pycuda_home: /home/rodolfo/git/simple-pycuda
wamca2016path: /home/rodolfo/git/wamca2016/
localpath: /home/rodolfo/git/dvnd-df/code/dvnd-df/src/
WAMCAPATH:/home/rodolfo/git/wamca2016/
Using already created file:  wamca2016lib.so
Size: 657 - file name: 06_d657.tsp
ns:  [<function <lambda> at 0x7ffa029440c8>, <function <lambda> at 0x7ffa02944140>, <function <lambda> at 0x7ffa029441b8>, <function <lambda> at 0x7ffa02944230>, <function <lambda> at 0x7ffa029442a8>]
ns:  [<function <lambda> at 0x7ffa02944140>, <function <lambda> at 0x7ffa029440c8>, <function <lambda> at 0x7ffa02944230>, <function <lambda> at 0x7ffa029441b8>, <function <lambda> at 0x7ffa029442a8>]
275627000-[617 237 370 406   8 440 597 615 533 544 410 416 654 167 596 649 288  12
 227 519 425 246 225  57  49 222 455 461 393 354 501 562  97  91 331  78
 490 451  38 476 146 173 316 621 296 223 318 510 523 647 209 434 499  59
 182  76 511 553 556 217 187 603 218 387 650 300 133 193 174 550  29 441
  87 126  35 432 472 122 392 546 626 398 127 459 250 359  45 447 361  43
 351  48 180 482  68 334 645 268 265 390 543 177 641 388 286 363 632  77
  66 280 332 436  25 293 531 352 138  62 521 613 326 555 161 123 306 492
 595 598 508 357 549 469 636 429 185 576 171 495 101 141 129 219 373 560
 401 610 276 236  84  93 601 464 115 257  83 467 628  32   4  19 105 384
 176 152 527 548 255  67 221  30 564 365  88 154 168 400  72  53 535 100
 537 321 212 445 278 473 243 107 563 270 602 415 294 435 618 245  64  69
 554 516 642 163  90  89 274 239 456 313 513 322 137 106 540 559 372 489
 514 643  41 593  42 121 192 448 364 594   7 323  55  99 606 584   6 485
  60 633 346 261 347 518 471 336 235 131  11 108 275 571 574 414 526 233
  31 143 118 558 119 190 181  82 377  10 608 399 134 486 624 395 259 426
 430 254 240 110 317 376 375 653 175 213 367  23 153 301 307 565 111 627
 249 151  33 304 102 453 484 622 242 315 252 573  17 512 457 166 148 382
 157 114 189 460  65  40  37 124  26 314 655 417 640 203 355 491 142 374
  95 462 478 637 311 529 279 116 350 481 407 542 358  70 604 113 582 241
 125 444 299 264 201 327 335 534 648 600 325 262 348 498 198 433 480 159
 639 568 297 487 396 409 251 630 585 592   1 210   0 120 383 506 228 446
  85 652 651 625 247  92 170   2 454 379 437 580 477  79  61 340 419 253
 366 178 140 224 391 557 404  81 291 421 343 289 470 333 385 112 442  24
 504 342 525  39 520 284  86 413  74 427 344  27 599 569 536 605  50  47
 103 191 474 226 452 229 194 386 431 551  36 443 271 199 494  34 160 172
 362 572 623 207  51 337 438  58  28 269 581 338 368 130 155 509 339 220
 532 145  16  96 144 493 117 424  22 266 200 232 371 619 586 230 208 206
 644 211  44  52 287  73 231 272 423 380 150  46 570 158 517   9 646  98
 552  71 503 541 345 165 258 524 302 547 310 360 216 312 104 320 579 324
 567  13 378 450 195 587 538  80 497 463 381 418 575 328   3 132 196 128
 329  63 248 283  75 197 634 282 403 263 309 483 397 162 620 214 147 356
 611  54 215 244 298 234  15 539 281 295 179  56 528 466 629 184  94 638
 394 522 349 656 109 202 267 260 488 303 412 277 238 369 507 341 590 496
  14 583 422 273 530  21 292 515 188 439 183 186 136 479 319 428 408 308
 505 204 468 449 389 256 305 561 205 631 589 135 545 330 420  20 577 169
 411 353 502  18 156 566 578 402 405 612 607 285 290 609 465   5 139 616
 500 475 164 614 588 591 149 458 635]
GPU0
set random seed!
finished RVND in 9.19187402725s
data-line;initial_solution;275627000;final_solution;14498938;time;9.19187402725;counts;891;fv;[];cv;[509, 235, 125, 16, 6];imp;19.0101509504
