pydf_home: /home/rodolfo/git/Sucuri
simple_pycuda_home: /home/rodolfo/git/simple-pycuda
wamca2016path: /home/rodolfo/git/wamca2016/
localpath: /home/rodolfo/git/dvnd-df/code/dvnd-df/src/
WAMCAPATH:/home/rodolfo/git/wamca2016/
Using already created file:  wamca2016lib.so
Size: 501 - file name: 05_TRP-S500-R1.tsp
ns:  [<function <lambda> at 0x7fd4004280c8>, <function <lambda> at 0x7fd400428140>, <function <lambda> at 0x7fd4004281b8>, <function <lambda> at 0x7fd400428230>, <function <lambda> at 0x7fd4004282a8>]
ns:  [<function <lambda> at 0x7fd400428230>, <function <lambda> at 0x7fd4004280c8>, <function <lambda> at 0x7fd400428140>, <function <lambda> at 0x7fd4004282a8>, <function <lambda> at 0x7fd4004281b8>]
33086314-[483 115 132 414 429 171 209 314   1   5  38  49 478  61 152 128 328  12
 347 210  70 215   2 217 295 324 354 393  31 349 241 102 265 127  36 302
 467 156 270 315 243 293 118 456 187  78 494 256  68 257 336 125 135 150
 232 202 279 260 304 475 130  28 301 359  42 139 173 500 285  80 438 309
 440 195 426 223  19 182   8 499 339 119 134  23  83 357 166 281 149 300
 193 170 108 318 284 491 184 319 259  11 345 474 122 419  10 216 269 493
 244  52 153  30 239 442  62 352 245 431 453  73 329 365 290 404 138 274
  58 116 273  95 131 337 190  90 432 399 420 101   9 236  15  65 480 344
 380 412 124 169 405 158 473 306 422 214 356 278 487 326 370   4  98 185
 272 375 437 313 388 271 496 434  39 242 383 251 151 112  14 176 311  67
 104  33  55  60 394  72 390 133 167 334 484  69 248 100 421 450 363 107
 346 406 226 443 305 147 117 164 231 186  18 372 317 294 234 201 247  37
 441 465  99 444   3  74 401 458 366 141  27  29 143 208 455 368 206 159
 408 348 288 113 103 377 142 469 386 481 417 425 486 221 316 439 140 277
  51   7  22 160 435 261 230 264 382 384 120 129 110 289 145 482 463 492
 180 188  81 341 155 233 340  46 402  20 205  85 325  21 448 199 267  71
 385 445 466 350 189   6  91 454 360 373  25 252 498 211 371 355 495 488
 415 204 369 464 250 307 398 196 136 403 436 200 449 476 123  24 181  86
  89 485 161 358 312  16 283 471 411 172  79 338  92 237  88 479  17  48
 212 203 308 391 165  97 163 183 470  76 327 342 220 168 343 178 378  40
 418  47 389  66 175 121 197 198 213 410 447 280 409 446  41  54 275 379
 225 451 266 249 477 376 207  75 219 109 407 114 286 229  32 490 331 218
 227 489 472 111 462 299 179 320 291  43 105  53 428 461 263  64 137 162
 262 400 457 254 240  44 452  82  59  45 361 246 497 148  63 287 459 333
  96 330 323 255 332 177 292  26 253  94 433   0 194 296 310 335 144 297
 106 374 157 353 367 276 392  13 424 460 351 222  50 364 228 235 146 282
  57  93 192 126 413 154  56  84  87 238 423 395 430 258 224 191 321 322
  35  77  34 298 174 268 303 416 396 387 362 427 468 381 397]
GPU0
set random seed!
finished RVND in 5.12035989761s
data-line;initial_solution;33086314;final_solution;2056647;time;5.12035989761;counts;563;fv;[];cv;[347, 140, 67, 7, 2];imp;16.0875026196
