pydf_home: /home/rodolfo/git/Sucuri
simple_pycuda_home: /home/rodolfo/git/simple-pycuda
wamca2016path: /home/rodolfo/git/wamca2016/
localpath: /home/rodolfo/git/dvnd-df/code/dvnd-df/src/
WAMCAPATH:/home/rodolfo/git/wamca2016/
Using already created file:  wamca2016lib.so
Size: 501 - file name: 05_TRP-S500-R1.tsp
ns:  [<function <lambda> at 0x7f93f76d20c8>, <function <lambda> at 0x7f93f76d2140>, <function <lambda> at 0x7f93f76d21b8>, <function <lambda> at 0x7f93f76d2230>, <function <lambda> at 0x7f93f76d22a8>]
ns:  [<function <lambda> at 0x7f93f76d2140>, <function <lambda> at 0x7f93f76d2230>, <function <lambda> at 0x7f93f76d21b8>, <function <lambda> at 0x7f93f76d20c8>, <function <lambda> at 0x7f93f76d22a8>]
32224083-[220 245 472 235 344 110 401 433 273  74 453 209 170  19 402 171 403 292
 248 451  21  15 185 124 412 123 323 356 434 177 363  60 111 357 317 454
 348 411 137 492 309  34 329   5  23  72 405 308 130 386 470 400 114 242
 148 327 298 267  16 387 422  92  13 211  82 373 455 189 370 134 338 228
 314 127 432 364 500 355 416 176 467 183 166 399 483 162  20 121 479 498
 347  14  70 303 142 410  26 163 222  78 226  44 445 135 471 369  61 260
 324 390 490 289 223 489 484 258  68 275 436  94   6 473 164 229 274 178
 233 195 184 118 482 377 429 465 251 406 380 103 437 486 287 136 367 219
 414 351  79  88 497 210 249 457 299 435 192 496  51 301 335 316 328  95
 440  73 353 320 215 430 126 333 144 345 112  12 332  80 389 191 115 203
 362 152 462 395 322 447 325 202 372 493 246 272 264  66  10 421 140 261
 254 161 214 206 262 276  55 201 449 167 212 311 379 442 232 392 286  76
 415  54  29 385 116 458 407 106 156 182   8 476 499 151  53 253 431 284
 154 187 491 423 256 427  41 119 302 394 155  22 350 404 337   0  99 207
 160 180 464 310 425 343  85 145 450  57 459 281 487 354 131 221 307 319
  58 341  81  62 108 391 204  48 326 271 132  77 494 295  18 244 225 105
 366   2 227 376 361 448 352 480 133 147 285 263 300  91  35 304 259 306
 104 396 331 231 100 107 426 488 165 469 194   1 282 288 102 397 424 101
 296 294 413  37 193 381 279  84 382  83 446 305  52  25 463 460 409 159
 255 383 339  89 234 349 269  42 346  40  17 179 257 438  65 174 419 128
 378  24 109 141 393 278 321 181   7  67 149  93 241 330  90 371 420  33
 125 466  69 358  59 417 283 485 439 153 240 236 365 175 474 268 208 117
 157  45 150   4  11 461 237  31 266 368 173  71  98 158 444 139 265   3
 360 477 200  63  56 143  38  30  75 205 495   9 374 342 398  96 199 120
  86 196  43 146 468 334  87 475 443 213  28 113 318 375  49 172 218  47
 481  64 297  39  32 247  36 452 280 216 312 428 168 315 250 359  50  27
 198 224 169 239  97  46 122 138 252 293 190 290 478 388 291 270 129 186
 238 217 313 418 340 277 456 384 243 441 197 230 408 336 188]
GPU0
set random seed!
finished RVND in 5.15383601189s
data-line;initial_solution;32224083;final_solution;2051768;time;5.15383601189;counts;681;fv;[];cv;[392, 181, 98, 8, 2];imp;15.7055198249
