pydf_home: /home/rodolfo/git/Sucuri
simple_pycuda_home: /home/rodolfo/git/simple-pycuda
wamca2016path: /home/rodolfo/git/wamca2016/
localpath: /home/rodolfo/git/dvnd-df/code/dvnd-df/src/
WAMCAPATH:/home/rodolfo/git/wamca2016/
Using already created file:  wamca2016lib.so
Size: 226 - file name: 03_pr226.tsp
ns:  [<function <lambda> at 0x7f46cfbc60c8>, <function <lambda> at 0x7f46cfbc6140>, <function <lambda> at 0x7f46cfbc61b8>, <function <lambda> at 0x7f46cfbc6230>, <function <lambda> at 0x7f46cfbc62a8>]
ns:  [<function <lambda> at 0x7f46cfbc6230>, <function <lambda> at 0x7f46cfbc6140>, <function <lambda> at 0x7f46cfbc62a8>, <function <lambda> at 0x7f46cfbc61b8>, <function <lambda> at 0x7f46cfbc60c8>]
198042594-[147  10 209   2  70  87 138  26 184  44  27 162 126 145  73 123 177  40
 207 151 221 113   0  59 142  30 161  18 203  11  83  53 174  91  52 155
  64 224 173  57   6 148  21 129 176 202  89  37  88 204 135  25  58 189
 183 127  29 165  20 168 171 139 170 180 153  17 122 152 198  79 103  15
 121  67 134 132   9   5 201  77  99  74  51   1 216  75 109  96 130 179
  94 194  13 169  84 196 212 111 214 108  19 223  85  63  68  39  43 190
  69  54  82  60 105 175  41 146 110 192 191  46 141 193 156 185 115  55
 149  12 116 182  38  50   3  90  32  98 187 218 140  33 157  49 131 213
  65 106 143 188 205 102  35 225  62  66  24 210 197  22  97 107  71 160
 186 120  31 208  36 119 154 163 178 159 117 217  92  16  28 158 136 112
  80 124 137 167  72 166  86 211 164  61   7 118 206  81 219  76 104  23
  56 199 215  47  78  42  48 200 100 125  45 128  95 195  93 114   4   8
 144 101  14 172  34 181 150 220 133 222]
GPU0
set random seed!
finished RVND in 2.62269997597s
data-line;initial_solution;198042594;final_solution;6876589;time;2.62269997597;counts;412;fv;[];cv;[283, 82, 43, 2, 2];imp;28.799539132
