pydf_home: /home/rodolfo/git/Sucuri
simple_pycuda_home: /home/rodolfo/git/simple-pycuda
wamca2016path: /home/rodolfo/git/wamca2016/
localpath: /home/rodolfo/git/dvnd-df/code/dvnd-df/src/
WAMCAPATH:/home/rodolfo/git/wamca2016/
Using already created file:  wamca2016lib.so
Size: 501 - file name: 05_TRP-S500-R1.tsp
ns:  [<function <lambda> at 0x7f5807b7b0c8>, <function <lambda> at 0x7f5807b7b140>, <function <lambda> at 0x7f5807b7b1b8>, <function <lambda> at 0x7f5807b7b230>, <function <lambda> at 0x7f5807b7b2a8>]
ns:  [<function <lambda> at 0x7f5807b7b2a8>, <function <lambda> at 0x7f5807b7b1b8>, <function <lambda> at 0x7f5807b7b140>, <function <lambda> at 0x7f5807b7b0c8>, <function <lambda> at 0x7f5807b7b230>]
33174275-[118 167 120  36 171 129  93 176  96  69 411 110 363 105 209 412 243  44
 381  77 432 489 289 136 380 343 123 234 184 379 248 472 491 292 405 111
  53 356 240 329 328 163 316 239   8 425  58 323 180 279 361 273 146  74
 401 441 262  88 341 314 334 108 407 128 339 318 413 202 148 101 306 320
 336 312 168 485  59 260 236 439 359 126 162 317 223 366 174 448 133 373
 252 444  27 291 246 189 487  61 369 235 426 124 398 247 388 218 290   0
 311  39 409  17  14  10 400 307 282 276 103 281 346 458 377 112 322   2
  87 104 197  75   5 466  81 152 386 365 394 266  92 188  11 219 460 391
 268 186 142 374 298 283 375 185 125 300 261   3 200 130  50 165 333 192
 158  86 475 440  89 204 274 337 249 113 395 147 335 215 161 396 499  99
 226  47 214  20 187 403 393 342 242 408 228 455 450 497 272  82  83 149
 420 238 449 357  71 404 327 349 493 191 494 387 474 435 127 421 495 424
 217 459 263 427 392 481 355 319 500  13  57 353  37 301 418 201 345 280
  97 170 436 131 490 447 255 271 367 157 419  68 100 151 297 464 324 177
 122 478 340 483 351 378 354 462  12  33  26  55 109 257 492 160 330 296
 399 154 132  63  91  52 284  70 275 488 153 482 308 325 364   9  65  43
 150 258 457 453  31 442 212 299 479 293 227  29  67  22  42 206 231 102
 194 254 390 221 224 195 446 233 372 456  80 434 433 269  72 166 344  66
   4 443 484  64 406 216 452 210 264  46 422 368 438 253 203 384 315 287
 241  54 139 352  73 138  56  28 454 183 207  24 156  15  95 277 232 225
 468 250 198 267 178 145 431 496 397   6 415 270 164 429 326 169 445 332
 382 470  94 205 347  76 295 159 116 251 179 304 117 371 480 107 182 265
  30 259 428  35 175  90 199  79 208 358  78  38 477 383 294 414 137 370
 237 181  40 172 115 469 467 230 119 213 211 350  19 471  34 302 141 286
 121 310 305 106 331 114 461  98 140  48  23  60   1 278 196 321 437 410
 144 313 245 173 417  16 362 463  85  21 348 244 476  62 498   7  51 256
 220 338  49  25 473 402 135  32  84 190 193 155 309 288  18 416 222 229
 285 143  45 465 385 389  41 430 451 134 486 303 360 376 423]
GPU0
set random seed!
finished RVND in 4.30586194992s
data-line;initial_solution;33174275;final_solution;1993815;time;4.30586194992;counts;543;fv;[];cv;[335, 142, 58, 6, 2];imp;16.6385923468
