pydf_home: /home/rodolfo/git/Sucuri
simple_pycuda_home: /home/rodolfo/git/simple-pycuda
wamca2016path: /home/rodolfo/git/wamca2016/
localpath: /home/rodolfo/git/dvnd-df/code/dvnd-df/src/
WAMCAPATH:/home/rodolfo/git/wamca2016/
Using already created file:  wamca2016lib.so
Size: 501 - file name: 05_TRP-S500-R1.tsp
ns:  [<function <lambda> at 0x7f7b0b4af0c8>, <function <lambda> at 0x7f7b0b4af140>, <function <lambda> at 0x7f7b0b4af1b8>, <function <lambda> at 0x7f7b0b4af230>, <function <lambda> at 0x7f7b0b4af2a8>]
ns:  [<function <lambda> at 0x7f7b0b4af140>, <function <lambda> at 0x7f7b0b4af2a8>, <function <lambda> at 0x7f7b0b4af1b8>, <function <lambda> at 0x7f7b0b4af0c8>, <function <lambda> at 0x7f7b0b4af230>]
32600223-[280 298 265 496 275 477 241 412  57 262 326 481 446 271 312  34  18 389
 178 229 147 227  45 176 235  64 301 195 253 279 123 422 315 471 370 331
  85  10 430 404 463 249 120 219 434 157 150 448 214 202 367 234 144  32
  11 116  72 291 382 149 473 408 461 278 125  36 450  55 332 138 416  65
 310 469 102 108  90 231 300  74 454 236 270  46 128 193 397   2 189 158
 119 320 115 250 472  21  59 462 247 470 342 215 438  26   7 424 104 309
 386  13 405 175 429  44  19  56 140 233 145 276  95 223 340 398 480 266
 369 166 163 460 361 394 327  92 182 360 348 224 307   5  75  20   6  60
  37 313 323 475 314  33 490 242 206 296 287 243  94 431 188  81   1 107
  83 205 347 151 479 468 156 160 239 294 245 354 376  66 375 373 186 423
  54 264  42 132 380 167  58 232 282 154  93 415  97 209 185 371 452   4
 334 417 114  77 442 433  98 198 277 474 220 377 181 407 453 457 196 228
  35 384 353 141 492  31 322  29 495 244 306 388 133 391 336 216 155 346
 274  52 148  27 402  61 252 374 258 357 344  38 290  28  78 464 293 420
 385 451  71 381 498 130 134 285   3 184 366 333 359 177 449 387 109 321
  30 190  53 257 484  62 419 203 110 101 482 335 403 364 410  68 350 467
 146 329  79 230 441 318 201 368 289 171 499 444 338  91 162 439  47 426
 302  49 379 191 129 263 213 378 135 406 305 118 425 355 485 183 212  88
 465  48 284 459 199 283 261 297 143 466 316 142 251 174 136 396 432 330
  50 173  12 319 117 413 443 168 308 292 200  76 238 343 337 341  73 363
 221  39 286 165 179 288 500  16  40 311 476 113 352 399 172 103  22 351
 317 478  25 299  69 187 152 106 240 365  99 295 169 393 225 217 489 105
  67 427  15 131 281 456 124 349 111 260 436   0 488 161 254  86 207  43
 122 421  41 153 395 218 237 435 303 269 411 328 208 211 197  82 226 324
 137 362 164 112 170  84  63 126 127  87 440 494  89 445   9  51 267 414
  96 455 304 222 487 248 210 246 486  14 372 100 180 159 409 194 401 339
  24 437 493 390 325 483  70 272 139 392 497 256 400 121 447 418  23 345
 356 383 268 255 259 428 491 358 458 273 204 192  17  80   8]
GPU0
set random seed!
finished RVND in 4.53555703163s
data-line;initial_solution;32600223;final_solution;2027796;time;4.53555703163;counts;613;fv;[];cv;[357, 160, 82, 11, 3];imp;16.0766778315
