pydf_home: /home/rodolfo/git/Sucuri
simple_pycuda_home: /home/rodolfo/git/simple-pycuda
wamca2016path: /home/rodolfo/git/wamca2016/
localpath: /home/rodolfo/git/dvnd-df/code/dvnd-df/src/
WAMCAPATH:/home/rodolfo/git/wamca2016/
Using already created file:  wamca2016lib.so
Size: 318 - file name: 04_lin318.tsp
ns:  [<function <lambda> at 0x7f943ad600c8>, <function <lambda> at 0x7f943ad60140>, <function <lambda> at 0x7f943ad601b8>, <function <lambda> at 0x7f943ad60230>, <function <lambda> at 0x7f943ad602a8>]
ns:  [<function <lambda> at 0x7f943ad600c8>, <function <lambda> at 0x7f943ad60230>, <function <lambda> at 0x7f943ad601b8>, <function <lambda> at 0x7f943ad602a8>, <function <lambda> at 0x7f943ad60140>]
91366152-[284 176 278  79 201  58 228 221  38 248   6 100 121  71 237 118 155 260
 301   4 187  13  36 116  95 291 236  24 233 315 223 230 242 316 227  99
 165 112 151 163 243 225 312 123  94 290  19 210  63  73  28  76 226 149
 303  97  64  32 135 232 145 108 258 172 146 168 132 280 129  57 255  88
 152 139 283 104  55 224 133 293 156  65  16 196 207  82 111 238  12 117
 144  67  33 141 126  80 265 253  51 136  37  18 185 179 288  93 205  31
 106 134   1  26 193  17 191 107 124 125 154  85 274 266 178 292 211  34
  14  47  22 195 297 249  45 160  69 313 194 109  42 273 150 215 241 148
  27  56 306 281 285 167 101  39 200 295 119 175 122 171 256 137 305 130
 317  53 103 296   2   0 105  52  60 110   7  83 174 254 173 180 304 206
  77 102 197 131 218  44 138 169   8  66 314 267  72  11 219  81 270 115
  50 220 143 181   9 307 192 272 252 308  46 158 198  75 310 250 309 209
 257 247 188 128  23  86 157 271  78 202 182  25  91 203   3 153 289 142
 264 229 166 235 127 277 298 199 170  89 294 282 114 204 164 184  61  59
 268 244 216 275 276 311 113 208 279  29 190  96 212 287  70 263 217 189
  43 214 302  74 186  21 183 147 269  15  35  87 299 286  84  20 177  90
 161  41 140  92 162  54 231  30  48  49  10 251  98 300 159 222 262  40
 261  68 234 259 246 213 240 120 245  62 239   5]
GPU0
set random seed!
finished RVND in 3.17405986786s
data-line;initial_solution;91366152;final_solution;6107190;time;3.17405986786;counts;490;fv;[];cv;[288, 128, 63, 8, 3];imp;14.9604240248
