pydf_home: /home/rodolfo/git/Sucuri
simple_pycuda_home: /home/rodolfo/git/simple-pycuda
wamca2016path: /home/rodolfo/git/wamca2016/
localpath: /home/rodolfo/git/dvnd-df/code/dvnd-df/src/
WAMCAPATH:/home/rodolfo/git/wamca2016/
Using already created file:  wamca2016lib.so
Size: 783 - file name: 07_rat784.tsp
ns:  [<function <lambda> at 0x7f8ea92150c8>, <function <lambda> at 0x7f8ea9215140>, <function <lambda> at 0x7f8ea92151b8>, <function <lambda> at 0x7f8ea9215230>, <function <lambda> at 0x7f8ea92152a8>]
ns:  [<function <lambda> at 0x7f8ea92152a8>, <function <lambda> at 0x7f8ea9215140>, <function <lambda> at 0x7f8ea9215230>, <function <lambda> at 0x7f8ea92150c8>, <function <lambda> at 0x7f8ea92151b8>]
71851706-[300 472  81 608 118 372 388 399  84 123 645 213 156 737  36 483 751 256
 636 551 341 285 390 747 355   1 230 410 345  50  74 501 569  92  67  80
 314 556 303 121 544 675 707  83 773 166 555 424 416 708 561 115 142 396
 647 449 668 120 545 218 359 282 584 657  75 516  90 348  40 175 106  35
   7 377 457 629 666  13 391 395 105 542 450 316 621 418 100 219 110 677
  18 624 484 233  98 590 205 417 459  41 324  85 281 670 335 319 640 184
 781 460 696 136 525 370 328 614 722 604 149 735 778  17 406 376 477 492
 533 165  52 363  10 656 609  78 485 563 734 593  53 583  31 131 739 174
 349 664  93 315 141 246 715 291 667 138 693 766 420 738 322 162  86  16
 204 412 706 672 572 317 529 408 189 689 375 236 232 543  58 195  96 168
 546 307 768 507 486 327 353 269 635 617  44  43 499 506 357 129 496 765
  59 278  32 249 267 746 700 366 771 198 560 254 268 163 365 603 180   9
 601 367 429 470 714 208 117 599 140 763  57 338 514 517 299 521 654 740
 462 116 284 655 676 155 780 466 580 686 515 164 729 226 564 167 108 777
 619  95 513 111 482 214 631  34 154 497 717 441 329 334 187 360 445 369
 216 122 193  64 107 200 508 611 126 532 312 724 537 745 581  37 733 241
 309 736 628 489  39 498 206 161 510 157 488 727 541 380 571 634 274 577
 135 558 196 660  56 704 290 172 644 602   5  46 600 361 171  76 336  72
 130 103 742 238 669 695   6 476 351 702  55  54 728 438 411 641 414 134
 720  45  42 638 752 504 762 394 758 473 535 623 379 579 536 524 653 436
 371  27 279 434  87   0 461 694  63 713 318 687 427 534 160 613 152 554
 712 710 725 678  20 520  97 159 490 721 591 347 422  48 280 104  15 207
 378 648 481 505 684 744 362  23  99 732   3 709 478 188 287 703 344 373
 463 326 723 586 756 389 682 565 464 681 455 313  21 761 289 487 627 305
 650 605 443 350 662 764 392 471 176 779 625 435 679   2 772 225 239 512
  60  51 442 182 652 430 209  70 760 143 217 356 716 570 575 293 125  94
 139 502 374 633 320 244 539 265  25 426 137 622 253 158 698 302 358 276
 257  12 630 331 776 573 183  11  89 402 425 124 332 731 550 582  65  88
 261 415 566 651  30  28 368 325 145 598 618 178 272 409 576  49 199 177
 589 343 553 467 330 132 354 480 743 750 705 102  29 748 401 479 690 774
 321 458 548  79 197 453 557 221 775 500  33 578  66 606 400 688 308  69
 404 552  47 568 626 567 264 146 311 385 212 637 451 242 475 298 547 632
 277 494 147 474 144   8 465 616 186 337 610 222 235 229 759 211 128 271
 185 114 202 342  26 493 252 612 227  24 419 538 431 468 352 203 523 133
 701 306 448 718 549 101 109 403  71 113 574 615 503 194 680 769 665 224
 594 383 364 770 215 456 333 446 260 452 181 248 518 240 697 190 754 658
   4 432 767 528 301 753 559 597 223 251 393 699 495 258  73 454 170 522
 191 384 683 148 346 231 339 562 639  82 237  77 405 323 228  68 439 387
 671 382 259 741 250 245 192 340 150 749  91 151 295 220 726 649 270 646
 292 596 273 663 469 398 413 588 661 296 255 540 444 642 692 283 587 243
 127 428 294 592 112 447 119 595 386 491 397 169  19 153  22  38 263 173
 421 201  14 526 620 674 527 275 730 433 286 440 719 643  61 437 691 262
 407 423 755 179 673 310 711 304 234 659 288 266 511 210 757 519 585 782
 531 247  62 607 685 530 509 297 381]
GPU0
set random seed!
finished RVND in 12.7164258957s
data-line;initial_solution;71851706;final_solution;3442985;time;12.7164258957;counts;1020;fv;[];cv;[625, 258, 127, 8, 2];imp;20.8690151133
