pydf_home: /home/rodolfo/git/Sucuri
simple_pycuda_home: /home/rodolfo/git/simple-pycuda
wamca2016path: /home/rodolfo/git/wamca2016/
localpath: /home/rodolfo/git/dvnd-df/code/dvnd-df/src/
WAMCAPATH:/home/rodolfo/git/wamca2016/
Using already created file:  wamca2016lib.so
Size: 657 - file name: 06_d657.tsp
ns:  [<function <lambda> at 0x7fc4d13f80c8>, <function <lambda> at 0x7fc4d13f8140>, <function <lambda> at 0x7fc4d13f81b8>, <function <lambda> at 0x7fc4d13f8230>, <function <lambda> at 0x7fc4d13f82a8>]
ns:  [<function <lambda> at 0x7fc4d13f80c8>, <function <lambda> at 0x7fc4d13f8230>, <function <lambda> at 0x7fc4d13f82a8>, <function <lambda> at 0x7fc4d13f81b8>, <function <lambda> at 0x7fc4d13f8140>]
283620675-[498  33 445  78 433 630 111 221  42 190 612 628 490 209 592 201  57 171
 182 196   9 130 330 282 348 618 413 403 314 412  61 639  81 147 591 335
  72 255 316 476 346 250 160 515 303 531  12 378 573 513  36 288 624 475
 486 156 635 468 192 449 164 300 641 152 253 521 629 132 454 382 394 524
  34 140 410  94 226 359 579 354 427  99 557 379  48 326 232  97 297 566
 117 547 399 313 488 166 308 590 594  32  69 617 637  70 356 620 219 574
 649 233   8 380 527 555 610 444 650 516 186 561 259 533 237 353 170 180
 416 215 447 385 372 481 360 572  22 423 491 178 343 295 530 502 448 375
 388 377 514 598 406 154 301 128 165  79 512  50 391 455 261 262 456 496
 122 511 120 587 194 349 523 129 157 541  91 632 432 131 168 184 368 396
 517 254 419 505 576 331 526 434 525 422 350  89 172 256 429 210 355 106
  77  49 364 471  65 234 319  35  63 332 452  58 278  52  68 578 369 473
 167  67 536 613 482 239 202  44 366 191 430 327 139 224  19 112 126  13
 492 291 404 193 306 108  84 485 507 272 539 197  53 489 602 336 136 465
  73 606 460 640 339 241 276 420 138   0 622 529  11 487 231 104 463 207
  62 653 362 220 242 478 269 459 283 466 292 195 638 402  17  31 281 114
  54 400 508 442   4 544  43 438 621  14 279 310 600 501 247 371 520 204
 611 203 387 311 198  66  41 148 483 538 173 273  10 155 546 298  76 212
 238  90 263 495  87 187  26 625  27 407 604 409 153 457 211 258 137  38
 509 146 469 607 654  95 317 345  21  29 528  96 601 548 648 411   2 401
 357 289 352 347 185 389 367 534 248 428 214 183  47 149 415 158  82  74
   1 651 461 605  59 270 414 260  75 626 142 425 551 560 277 199 615 223
  80 439 361 266  56 133 593 424 302 450 568 383 218 236 472 144 121 363
 287 271 323 244 562 113 328 397 240  28  40 567 570 484 329  45 284 599
 169 643 222 582 321 249 150 627 550 286 614 333 503 563  30 110 213  88
 497 151 537 228 351 603  71 177 464 265 318 175 426 558 145 235 123  86
 179 431   5 370 124 116 305 181 115 392 243 652 644 504 480 588 608 280
 320  92 586 384 395 633 506 619 216 119 189 101 102 479 532 453 446 642
 589 340 569 324 467 200 381 631 597 188 304 257  93 554 474 636 418 246
 543 494 334 135 230  39 294 159  46 553 499 163 315 100  60 559 141 522
 435 585 647 134 596 103 390 552 296 337 580   6 634 571 373 309 118 206
 174 267  37 386  15  83 312 440 376 575 584 251 535 358 365 565 540 556
 545 307 583 109  24 577 299 500 458 393 417 609 342  16  23 646 408 229
 341 162  85   3 564  25 581 105 518 322   7 344  64 462  51 656 493 268
 510 470 623 107 125 176 542 143 227 225  98  20 421 161 245 549 293 405
 437 205 441 338  18  55 374 477 398 443 616 252 655 645 451 436 325 274
 264 208 290 217 127 285 595 519 275]
GPU0
set random seed!
finished RVND in 7.92596387863s
data-line;initial_solution;283620675;final_solution;14612888;time;7.92596387863;counts;763;fv;[];cv;[448, 203, 95, 14, 3];imp;19.4089405872
