pydf_home: /home/rodolfo/git/Sucuri
simple_pycuda_home: /home/rodolfo/git/simple-pycuda
wamca2016path: /home/rodolfo/git/wamca2016/
localpath: /home/rodolfo/git/dvnd-df/code/dvnd-df/src/
WAMCAPATH:/home/rodolfo/git/wamca2016/
Using already created file:  wamca2016lib.so
Size: 226 - file name: 03_pr226.tsp
ns:  [<function <lambda> at 0x7fdb917450c8>, <function <lambda> at 0x7fdb91745140>, <function <lambda> at 0x7fdb917451b8>, <function <lambda> at 0x7fdb91745230>, <function <lambda> at 0x7fdb917452a8>]
ns:  [<function <lambda> at 0x7fdb917451b8>, <function <lambda> at 0x7fdb917452a8>, <function <lambda> at 0x7fdb91745140>, <function <lambda> at 0x7fdb917450c8>, <function <lambda> at 0x7fdb91745230>]
195023095-[221 172  45  77 189 202 102 199  11 195 124 134   5 184  15  18 204  51
 155 115  91 119 207 143  55  35 157  47  92 107  38 194 149  72  44  74
  27 129 174  57 118 188  43  36 136 176 209 180 125 168 160  96 205 116
  84  16  41  21 121  88 123 181 150 138 130  67  81 148 213  14  97 208
   4   3  54  28  17  70 171 146  86 219  31 182 206  42  98  37  68  53
 190  95 137  22  40 158  26 216  10 147 131 106  46   6 122 162 141 203
   8  13 193 161  48 169 197  80  52 217 201 145 170 104  20  58 224 214
   1   0 185 153  30 103  75  90 128 178  82 192 111 210 156 183  63 114
 186 110 166  73  94 212  33 132  79   7 112 218 113  69 223 200 142  64
 164 105 127 109 220 139 173 175  83 225 100  56 159  34   2  87 126  89
  62  61  19 215  78  49 117 151 198 196 152 211   9 179 108 187  23 135
  29  12 101  25 133  65 165 191  76  66  99 140  24 163 120 154  93  39
 167  71 222 144  85 177  50  60  32  59]
GPU0
set random seed!
finished RVND in 3.02903008461s
data-line;initial_solution;195023095;final_solution;6883112;time;3.02903008461;counts;440;fv;[];cv;[354, 62, 22, 1, 1];imp;28.3335640914
