pydf_home: /home/rodolfo/git/Sucuri
simple_pycuda_home: /home/rodolfo/git/simple-pycuda
wamca2016path: /home/rodolfo/git/wamca2016/
localpath: /home/rodolfo/git/dvnd-df/code/dvnd-df/src/
WAMCAPATH:/home/rodolfo/git/wamca2016/
Using already created file:  wamca2016lib.so
Size: 657 - file name: 06_d657.tsp
ns:  [<function <lambda> at 0x7fd3167460c8>, <function <lambda> at 0x7fd316746140>, <function <lambda> at 0x7fd3167461b8>, <function <lambda> at 0x7fd316746230>, <function <lambda> at 0x7fd3167462a8>]
ns:  [<function <lambda> at 0x7fd316746230>, <function <lambda> at 0x7fd3167461b8>, <function <lambda> at 0x7fd3167462a8>, <function <lambda> at 0x7fd316746140>, <function <lambda> at 0x7fd3167460c8>]
275810015-[620  74 259 413 562 454   1 153 284 468 349 291 158 155 381 368 544 189
  43 365 534 299 265 209 250 653 564 314 328 579 327 263 196 481  50 295
 654 333 476  26  23 122 475 573 447 369 126 528 594  86 322 577 655 185
 438 145 469 522 312 431 633 437 178 303   8 350 497 578 182 269 230 319
 316 293 546 424 283 280 371 218   6 175 445 559 116 645 553 307 587 611
 271 161 461 525 220 138 463 370 396 171 404 426 228 348 442  82 262 436
  59 412 107 110 399 113  28 342 248 538 513 318 505  24 575 409 406 490
 256 435 537  42 339 448 591 531 636 584 372  52 486 159   7 598 375 253
  25  64 647 140 195 455 432 329 472 344 170 216 164 473 548 618 527 115
 439 306 456 207 561 356  11 391 331  76 127 626 434 177  92  30 309 622
   5 210 156 190 151 102 496  51 186 493 607 414 234 613 320 574 407 429
 582 397 298 223 377  65 354 285 487 387 389  73 624 529 588 625 450 388
 443 345 508  37 137  84  14 131 136 415 364 628 462 181 292 383 244  10
 286 144 520 297 556 367  41 535 567 638 457 211 160 326 241 310 504 530
 589 247 125 338 521 117 206  91 192  53 646  55 154 242 540 554 237 311
  58 621 514 605 510 152  63 363 617 355 421  72 147 637 197 593 392 351
 411 416 601 631 382 385 419  87 343  60 141 410 360 641  93 612 600 433
 193 167 251 547 482 245 300 649 180  79 236  69 103  38  95  29 205  88
 201  21 270 615 336 324  35 374 143 619 519 542 305 430 187  27 277 465
 272 267 568 523 516  94 208 560 489 552  71  97  66  98 173 317 576 168
 308 595  57 420 239 586 614 315 335 176 225  34 139 378 398 610 452 330
 174 558 261 518 235 648 264  17 478  80 148 123 304 275 417 492 570 393
 373 477 474 204 581 557 485 394 130 491 466  70   3 232 358 539 258 440
  45 517 656 337 199 405 252 352 203 427 488 623 524 219 379 627 157 441
 184 108 471 532 282 512 362 169 254 162  90 545 632   2 357  32  49  75
 444 604  81  68 580 226 509 572 221 502 467 278  33  99 227  56  36 334
 511 428 112 231 453 341 495  89 302 114 639 499   0 296 603 288 111 507
 549 635 533 321 129   9 274 451 347  44 402 149 287 551 503  40 384 498
 569 602 266 571 120 183 323 135 596 644 651 608 480 198  16 583 273 276
 200 464 386 214 105  62 599 249 172 541 289 104 606  54 165 229 179 459
 526 106 566 640 494  18  78 400 246 418 194 121 332 609 325 642 425 565
 408 550 202 500 224 279 238 555 361   4 163  12  48 100 597 479  46  83
 212 563 460  22  47 294 446 515  13 501  96 188 422 340 585 458 142  77
 290 359 134 353 506 257 616  19 301 191 313 630 281 243 119 423 629  39
  31 101 395 268 215 346 536 484 390 166 109 132  85 222 118 255 634 592
 483 233 240 401 449 366 590  61 217 133 260 146 470 403 150 643 128 380
 543  67 213 650  20 124  15 376 652]
GPU0
set random seed!
finished RVND in 8.9150121212s
data-line;initial_solution;275810015;final_solution;14701113;time;8.9150121212;counts;869;fv;[];cv;[484, 250, 121, 11, 3];imp;18.7611655662
