pydf_home: /home/rodolfo/git/Sucuri
simple_pycuda_home: /home/rodolfo/git/simple-pycuda
wamca2016path: /home/rodolfo/git/wamca2016/
localpath: /home/rodolfo/git/dvnd-df/code/dvnd-df/src/
WAMCAPATH:/home/rodolfo/git/wamca2016/
Using already created file:  wamca2016lib.so
Size: 318 - file name: 04_lin318.tsp
ns:  [<function <lambda> at 0x7fc398e2c0c8>, <function <lambda> at 0x7fc398e2c140>, <function <lambda> at 0x7fc398e2c1b8>, <function <lambda> at 0x7fc398e2c230>, <function <lambda> at 0x7fc398e2c2a8>]
ns:  [<function <lambda> at 0x7fc398e2c230>, <function <lambda> at 0x7fc398e2c140>, <function <lambda> at 0x7fc398e2c0c8>, <function <lambda> at 0x7fc398e2c2a8>, <function <lambda> at 0x7fc398e2c1b8>]
95679984-[175 209 234  60 201 151 157  15 257 308 121  33 301  45 297  50 146  14
 312 284  89 172 115 107 289 251 305 311  57 298  81  61  48 217 233  86
  12 102  85 313  73  90 239  17 174  84 197 148  49  78 200 270 109 237
 162  88 214 276   9  74 215  54  72 303  32 291 281 165  66 204 212 249
  47 299  40 206 213 116  95 293 207  38  92 235  35 108 228 137 317  99
  59 292 240  44 184 199 227 125 135 111  97 186 266 128 262  31 170 269
 309 112 221 106 307  98 150 248 189 277  83 190 268 208 230   3   6 168
 132  18 192 126 176 316 122  39  41  42  20 195  82 178 282   4 252  11
 133 127 263 145 185 256 294 300 194 193 110 258 169   1 114 154  91  71
 161 173 265 124  43 241 264 229 244  64 286  27 274  62 224 140 101 181
   0 218 242 306 153 129 118  56 103 246  76 143 255 304 166 100  16  65
 141 314 188  51 113 275 254 144   7 226 222 187 247 147  69  19 236  93
  22 271  37 117 278  26 198 191 130  68 285 283 273 272 160   5  70 219
  24 210 131 205  21 196  55 287  77 279 225   2 220 171 302 155 163 177
  96 182 105  13 267 216 158 232 167 156 149  94  36 123 259  34 231 280
 202  75  23 134 223 260 138 295 136 180  30 238 243  28 159 245 164 120
 310 288  53 315 203 211 290 261  63 139 179  79 142  29  80 250  25   8
  87  67 183 104  10 119  46 253 152  58 296  52]
GPU0
set random seed!
finished RVND in 2.53080105782s
data-line;initial_solution;95679984;final_solution;6039473;time;2.53080105782;counts;423;fv;[];cv;[256, 107, 50, 8, 2];imp;15.8424392327
