pydf_home: /home/rodolfo/git/Sucuri
simple_pycuda_home: /home/rodolfo/git/simple-pycuda
wamca2016path: /home/rodolfo/git/wamca2016/
localpath: /home/rodolfo/git/dvnd-df/code/dvnd-df/src/
WAMCAPATH:/home/rodolfo/git/wamca2016/
Using already created file:  wamca2016lib.so
Size: 226 - file name: 03_pr226.tsp
ns:  [<function <lambda> at 0x7f088ef690c8>, <function <lambda> at 0x7f088ef69140>, <function <lambda> at 0x7f088ef691b8>, <function <lambda> at 0x7f088ef69230>, <function <lambda> at 0x7f088ef692a8>]
ns:  [<function <lambda> at 0x7f088ef691b8>, <function <lambda> at 0x7f088ef69140>, <function <lambda> at 0x7f088ef69230>, <function <lambda> at 0x7f088ef692a8>, <function <lambda> at 0x7f088ef690c8>]
191719991-[180  40 192  18 143  31  80  42 155 135  33 105  69   5  83 150 208  97
  91 195 213   1 191 103  82 175 132  87 164 138 204  22 173  74 177  46
  75 216 142 167 160 129  54  55 187  17 139 108  53 110 165  61   9  89
  70 119 131  95 126  56 140  45  37 211  84 205  13 116  81 144 145 183
  49  60 137 152 154   3  59 174 225  66 172 212  65 200 136 151  23  29
 170 196 193 199 156  73 101 163 166  78 214  64  16 219 120 141  11  71
  28  25 114 222 125 185 188   7 171 106  99  38  93 182 184 210 202 115
 107  34 206 118  72 194  43   2 104 209 186  88 190 189  12  30 134 133
  94 179  10  50  51  76 224  20  44 223  32  47  24 157 176 161 112   6
 197  77 198  79 221 153  62  35 215  98 121 127 159 158 130  41 111  26
  67 162 217  58 220  86 203 122  92 147   8  96   0  15 201  85 181 168
 123 109  21  14 207 113 100  68 178   4  90  27  63 169 128  57 102  36
  52  48 124  39 146 149 218  19 117 148]
GPU0
set random seed!
finished RVND in 3.51510715485s
data-line;initial_solution;191719991;final_solution;7260770;time;3.51510715485;counts;756;fv;[];cv;[675, 57, 18, 4, 2];imp;26.404911738
