pydf_home: /home/rodolfo/git/Sucuri
simple_pycuda_home: /home/rodolfo/git/simple-pycuda
wamca2016path: /home/rodolfo/git/wamca2016/
localpath: /home/rodolfo/git/dvnd-df/code/dvnd-df/src/
WAMCAPATH:/home/rodolfo/git/wamca2016/
Using already created file:  wamca2016lib.so
Size: 783 - file name: 07_rat784.tsp
ns:  [<function <lambda> at 0x7f9f5bf1f0c8>, <function <lambda> at 0x7f9f5bf1f140>, <function <lambda> at 0x7f9f5bf1f1b8>, <function <lambda> at 0x7f9f5bf1f230>, <function <lambda> at 0x7f9f5bf1f2a8>]
ns:  [<function <lambda> at 0x7f9f5bf1f230>, <function <lambda> at 0x7f9f5bf1f2a8>, <function <lambda> at 0x7f9f5bf1f140>, <function <lambda> at 0x7f9f5bf1f1b8>, <function <lambda> at 0x7f9f5bf1f0c8>]
69409309-[409 193 127 440 358 338 456 545 464  73 107 139 770 356 733 696 201 292
 414 444 740 565 330 284  79 661 401 203 747 782 210 776 131 304  12 573
 286 499 126 145 295 188 205 527  59  76  13 293 728 701 323 103 722 252
 116 632 243 611 687 697 683 112 684  38 124 144 151 525 494 379 532 590
  78  74 279 421 351  56 594 534 583 585 407 588 671 143 519 152 253 196
   0 689 417 419 302 715 278 154 562 119  86 368 136 640 553 775 287 577
 133 416 250 117 619  44 567 465 183  62 612 692 353 510 336 529 495 109
  33 667 309 305  41 741 758 643  70 165 708 539 548 212 694 518 150  98
 658 372 130 540  47 396 489 752 528 314 273 163 234  55  23 492  85 142
 282 260 479 258 762 264 591 662 681  17 216  87 123 756 764 691 675 185
 403 491 517 475 644 308 543 742 294  83 121 666 657 674  24  54 159 593
  35 713 560 335 555 660 138 598 377 329 101 745 672  15 552 584 192 315
 631  88 275 426 149 639 471 538 223 721 636 104 115 557 482 547 242 262
 272 616 447 474 490 168 536 364 318  81 620 668 376 422 608 497 655 542
 763 680 276 255 355 563 386 343 453 244 153 442 630   8 266 134 774 537
 164 174 299   1 383 455 325  30 705 307 586  31  89 723 635 224 327 670
 248 484  50 246 324 676 128 332  63  65 504 232 550 238 281 187 350 551
 190 634 627 357  42 734 576 322 402  51 328 340 711 251 656 707 361 450
  66 581 607  43 779 392 506 347 449 365 384 451 349 677 178 435 592 765
  25 487 221 199 735 501 227 300 254 394 520 369 649 197 483 454 354 693
 132 647  36 601 615 772 310 645 137  16 181  60 738  61 245 391 175 773
 233  22 771 737 198 297 395 207 236 535 646 320 587 556 533 618 280  99
   7 575 751 589 729 118 488   5 748 367 521 182 352 200 167  14 202 431
 719 247 129 179 710  10 268 173 267 226 366 160 390 580 105 513 574  34
 755 359 673 317  71 766 263 342 569 378 218 498 229 606 781 326 516 522
 462 633  29 621 579 157  75 526 412 166 231 650   6 523 277 288 360 570
 312 387 754 398 637 380 274 345 433  11 760 141 341 604 171   9  90   4
 778 155  82 699 609 439 466 291 240 405 564 685 162 478 549 727 753 503
 237 720 558 468 610 269 624 709 780 259  49 744 249 400 156 566 480 732
  95 434 599 331 459 371 463 736 140 169 410  58 204 319 505 381 638 413
 663 511 716 225 761 469 651 385 596 749 217 125 508 438 404 102 718 452
 208 746 750 373 436 617  27 665 559 514 486 512 363 348 669 228 423 411
 388 374 572 257  39 430 472 481 219 571 220 473 654 759 703 659 496 509
 629 261 148  57  20 614 106 427 597 641 622 739 389 467  96 206 283 147
 457 230 769  68 500 186  40  46 313 568 546 239 730 256 184 698  48 530
 702 214 688 362 648 470 428 603 704 623 120  80 605 448 664  84 485  28
 289 541 408 265  94 213 524  37 777  97 578  21 682 424  19 406 270 100
 180 306 370 642 432 757 301 303 429 653 298 418 458 158 544 195 602 111
 211 731 311 561 554 110 344 531  45 146 768   2  52 626 445 515 726 177
 686 725 700 215 625 712 339 706 493 507 172  69 415 382 724 628 678 600
 717 333 161 191  64  32 441 235  67 477 114  72 679 316 767 582  26 194
 346  53 714 113 399  92 176 296 476 285 290  91 695 122 209 595 375 222
 189 437 613 108 393  18 461 241 334 502   3 652 460 170 743 443 420 271
 337  77 690 135 321  93 446 397 425]
GPU0
set random seed!
finished RVND in 11.7291970253s
data-line;initial_solution;69409309;final_solution;3442860;time;11.7291970253;counts;934;fv;[];cv;[532, 243, 134, 17, 8];imp;20.1603634769
