pydf_home: /home/rodolfo/git/Sucuri
simple_pycuda_home: /home/rodolfo/git/simple-pycuda
wamca2016path: /home/rodolfo/git/wamca2016/
localpath: /home/rodolfo/git/dvnd-df/code/dvnd-df/src/
WAMCAPATH:/home/rodolfo/git/wamca2016/
Using already created file:  wamca2016lib.so
Size: 226 - file name: 03_pr226.tsp
ns:  [<function <lambda> at 0x7fc7c0af00c8>, <function <lambda> at 0x7fc7c0af0140>, <function <lambda> at 0x7fc7c0af01b8>, <function <lambda> at 0x7fc7c0af0230>, <function <lambda> at 0x7fc7c0af02a8>]
ns:  [<function <lambda> at 0x7fc7c0af00c8>, <function <lambda> at 0x7fc7c0af0140>, <function <lambda> at 0x7fc7c0af02a8>, <function <lambda> at 0x7fc7c0af0230>, <function <lambda> at 0x7fc7c0af01b8>]
189150279-[188 219 104 162 185  74  42  60   5 128 109 205 213 176  91 191 137  89
  46 132  99  26 145 200 102 181   3 135  70 140  58 175 142  85  27  96
 195  15 169 123 156 201 180  13 134  73 107 192  44 111 218 194 158  41
  82  54 129  77   1  62  51  57 155  28 183  38 113   4  45 161 148 171
  64 141  53 130 222  48  97 147  32 157  29 138  71 116 136  87  81 152
 106 199  76 164 127  67 119 160  40  59  49 115 204  86   6 193  88 125
 144 163 178 174 131  98  35  56 105 198  78 214 151 149  31 122 101 133
 203 118  61 196  17  14 190  90 120 179 154  39  43 225 217 208 112  30
  92  83 209 186 153   7 124 202 197  66  36 210 108  84 184 223  52  19
 170 189  18 103  75  21  11  34   8 216 110  24 172  93  22  10 146  20
 139 206 165  50 168  47  63  68  25 114 143 121 215 126 182  65  55 212
 117  69 177 224   0 221  12 173 159  37 167  23 187 150  33 100 207 166
  72  95   9  16  79 220   2  80  94 211]
GPU0
set random seed!
finished RVND in 2.46629595757s
data-line;initial_solution;189150279;final_solution;7162731;time;2.46629595757;counts;529;fv;[];cv;[413, 80, 33, 2, 1];imp;26.4075642377
