pydf_home: /home/rodolfo/git/Sucuri
simple_pycuda_home: /home/rodolfo/git/simple-pycuda
wamca2016path: /home/rodolfo/git/wamca2016/
localpath: /home/rodolfo/git/dvnd-df/code/dvnd-df/src/
WAMCAPATH:/home/rodolfo/git/wamca2016/
Using already created file:  wamca2016lib.so
Size: 318 - file name: 04_lin318.tsp
ns:  [<function <lambda> at 0x7f967076d0c8>, <function <lambda> at 0x7f967076d140>, <function <lambda> at 0x7f967076d1b8>, <function <lambda> at 0x7f967076d230>, <function <lambda> at 0x7f967076d2a8>]
ns:  [<function <lambda> at 0x7f967076d2a8>, <function <lambda> at 0x7f967076d140>, <function <lambda> at 0x7f967076d1b8>, <function <lambda> at 0x7f967076d230>, <function <lambda> at 0x7f967076d0c8>]
93766937-[117  60  58 142 228  56 134  88 201  55  64 270 127  32  17  87  65 166
  79 194 291 152  63 197 266  19  50  35 177 176  22 290  73 124 129   6
 288 304 182  37  54 125 181 225 242 263  47  89 271  40   9 282  94  59
  51 224 113 155 213  10 141  62 200 170  18 241 253 307 237 112 256 145
  78 157 199   5 144 313 226 258 148 252 280 243 249  66 308 131  83 108
 195 289 172 239 161  11  76 292  68 223  39 250 178 102  95 130  90  69
 302 316  84   1  52 191  48 279 133 163 110 158 116 171 222 247 218 126
 215 251 221   4  27 118  70  26 238  77 317  93  15 204 227  98  75   3
 311 103  20 244 121   8 306 111  21 203  25 276 220 198  80 101 109 255
 233 296 305  71 210 154 168 151  46  24 202  85  81 262 165  13 257 273
 128 301 287 184  53 205 100 132   2  42 299 206 146 246  67 209 277 119
  34 309 261 147 267 208 312 295  96 275 192 196 120 189 264  38 207  49
 104  97 106 285 122 107 314 259  30  92  57 236 169  99 283 219  36   7
 167  45 293 173 245  43 254 300 231 310  31  12  86 123 179   0 136 138
 139 174  16 284 303 114 278  28 234 143 297 188 135  23 212 248 137 193
  44 153 286 164 298 268 115 315 150 260 105 140 159 180 160 214 186 232
 216 162  29 269 235 230 187 217  14  72 175 183 211 272  82  33 156 274
 294 185  61  74  91  41 149 190 281 229 240 265]
GPU0
set random seed!
finished RVND in 3.27956604958s
data-line;initial_solution;93766937;final_solution;6154193;time;3.27956604958;counts;397;fv;[];cv;[243, 98, 47, 8, 1];imp;15.2362685083
