pydf_home: /home/rodolfo/git/Sucuri
simple_pycuda_home: /home/rodolfo/git/simple-pycuda
wamca2016path: /home/rodolfo/git/wamca2016/
localpath: /home/rodolfo/git/dvnd-df/code/dvnd-df/src/
WAMCAPATH:/home/rodolfo/git/wamca2016/
Using already created file:  wamca2016lib.so
Size: 657 - file name: 06_d657.tsp
ns:  [<function <lambda> at 0x7f8e131880c8>, <function <lambda> at 0x7f8e13188140>, <function <lambda> at 0x7f8e131881b8>, <function <lambda> at 0x7f8e13188230>, <function <lambda> at 0x7f8e131882a8>]
ns:  [<function <lambda> at 0x7f8e13188230>, <function <lambda> at 0x7f8e13188140>, <function <lambda> at 0x7f8e131881b8>, <function <lambda> at 0x7f8e131882a8>, <function <lambda> at 0x7f8e131880c8>]
277495729-[555 240 264 410  39  67 588  25 182 595 275 524 472 185  41 383 373 170
 191 457 438 563  69 546  10 429  43 177   0 208 505 126 330 609 281 625
 321 476  58 168 285 287  60 506 343  50  12 115 512 418 218 381 314  53
  68  27 206 541 250 388 188 639 297 559 128 108 358 552 460 449 217  45
 364 166 153 155 259 200 312  33 377 482  61 491 645 171 431 175 212 404
 127 197 400 569 278 621 103 542 329 186 151 150 236  66 230  63 507 509
 600 288 327 636   4 296  48 610 136  88 648 167 517   7 417 277  85  86
 384 596 363 615 209 539 393 216 540  46 307 316 333  71 227 579  30 129
 607 226 498 260  57 397 169 148 222 396 644 164 342 578 248 528 389 268
 243 530 231 134 313 341  82  42 608 157 125  34  98 458 464 448 419 114
 655 513 331 371 533 336 499 570 605 293 374  87 271 416 225 339 279 334
 612 602 124 320 403 455 601 544 574 489 496 522  52  72 583 549 132 318
 557 502 629  24 215 497 348 551 304 521 144 456 161 133 311 303 594 344
 109 568 592 487 130 435 315 504 653 310 301 122 500 623 337 424 649 221
  54 617 584 647 630  16  20 407  84 386  21 642 179 160 183 283 220 121
 587 328 573 239 290 553  96 576 503  14 228 488 398 390  17 580   5  11
  89  23 614 270 483 430 591 442  70 180 263 340  95 406 392 527  35 173
 478 643  83 142 300 432 572 567 548 469 214 451   3 474 598 401 554 187
  38 204 237  79 395 436 405 535 560 249 470 234 156 556  93 641 233 298
 119 466 202 359 434 453 597 475 537 111 589 631 538 525 198 335  55 163
 514 219 477 493 232  31 253 481  47 117 411 471 196 210 382 618 274 361
 145  13  62 638 394 319 229 190 651 454 120 606 599 613  49 292 380 353
 262 100 547 445 276 347 467 480 414 110 654 255 520 408 152 159 213 273
 427 246 468 238 624 635 366 593  37 252 261 550 558 138 571 385 199  81
 616 267 440 461 627 379  73 272 646 516 564 291 306 495 305 370 494 194
 620  97 628 139 241 634 582 515 585 322 409 611 652 519 459 254  94 450
 351 399 484 479 113 532 622 189 112 147 323 162 543 387  80 526 149 154
 473 523 447 235 376 369 211  56 428  22 365 299 545   6  29 452 105 562
 443 586  18 490 415 577   1 590 437 356 463 203 193 116 102 317  32 565
 412 338 223 192 201 423 492  59  36 140  44 302 603 575 529 375 372 536
 104 143 101 518   9  76 176  65 534 205 269 174 650  64 439 346 433  91
 107 256 137 349 426 131 360 345 181 165 446 561 308 247 508 325  15  74
 289 350  77  75 294 619  28 257 326 158 501 141 391 367 324 295 282 485
 626 244 421 422 413 465 265 106 280 632  92 420 118 178 355  51 486 123
 251 425 184 146 332  90 172 566 135 362 266 637 402 656 354 245 581   8
 258 195  26  40  19 207 633 309 510 531 242  99 286 352 378 441  78 284
 604 224 444 368   2 462 357 511 640]
GPU0
set random seed!
finished RVND in 8.73424100876s
data-line;initial_solution;277495729;final_solution;14371187;time;8.73424100876;counts;862;fv;[];cv;[458, 240, 148, 12, 4];imp;19.309172513
