pydf_home: /home/rodolfo/git/Sucuri
simple_pycuda_home: /home/rodolfo/git/simple-pycuda
wamca2016path: /home/rodolfo/git/wamca2016/
localpath: /home/rodolfo/git/dvnd-df/code/dvnd-df/src/
WAMCAPATH:/home/rodolfo/git/wamca2016/
Using already created file:  wamca2016lib.so
Size: 318 - file name: 04_lin318.tsp
ns:  [<function <lambda> at 0x7fc69324e0c8>, <function <lambda> at 0x7fc69324e140>, <function <lambda> at 0x7fc69324e1b8>, <function <lambda> at 0x7fc69324e230>, <function <lambda> at 0x7fc69324e2a8>]
ns:  [<function <lambda> at 0x7fc69324e230>, <function <lambda> at 0x7fc69324e140>, <function <lambda> at 0x7fc69324e1b8>, <function <lambda> at 0x7fc69324e2a8>, <function <lambda> at 0x7fc69324e0c8>]
98454241-[201  51 211 267 173 127  55 296 273  67 143  58  84 210 306 164  86 172
 300   0 213 311 137 108  68  77 114   2 263 217 102 310 199 297 200  42
  48 185  53 104  10 194 150 270  52 314  81  21 312 290  54  66   5 288
 115 241 309 196  22 169 100 287 106  75 189 316 220 307 276 226 180  57
 168 281 148  40 159  44 302  31 198  78 129 261 167 120  12 292  17 260
 236  92   4 136 218  93 255 183  13 221 214  28  91  32  49 216 110  50
 190 153 275  82   8 250 118  16 222  79 103 105 125 268  27   7 299 283
 116 209 161  94 141  69 279  90 119  73 165 147  41 166 244 182 192  63
  14  59  64 304  38  85  25  35  30 291 149 313 278 139  89  43  18 107
 223 162  20 134  29 152   1  45 248 277   3 225  36 303 132 101  70 130
 254  46  74 246  61  34 232 206 160 237 229 265 197 212  99  96 151  26
 113 224 121 184  33 195 257 219 243  80 163 131 271 249 238  98 135 239
 155  65  95 126 305 253  62 142 144 256 208  11 282 285  37 175 235 280
   9 251 122 233   6 154 171 158 146 181 111 215 234 157 191 240 112 227
 289 186 138 117  83  60 269 123  88 140 124 187  39 245 204 193  24 266
 145 228 203 170 284 128 315 231 202 207 179 294  23 247 293 188 156 264
 259  15 301 262 205 298 177 242  71 252 176  19  47 317  76 286  72  87
 308 274 109 295 178 174 230 133 272 258  97  56]
GPU0
set random seed!
finished RVND in 2.67208099365s
data-line;initial_solution;98454241;final_solution;6416092;time;2.67208099365;counts;447;fv;[];cv;[271, 116, 51, 7, 2];imp;15.3448923426
