pydf_home: /home/rodolfo/git/Sucuri
simple_pycuda_home: /home/rodolfo/git/simple-pycuda
wamca2016path: /home/rodolfo/git/wamca2016/
localpath: /home/rodolfo/git/dvnd-df/code/dvnd-df/src/
WAMCAPATH:/home/rodolfo/git/wamca2016/
Using already created file:  wamca2016lib.so
Size: 657 - file name: 06_d657.tsp
ns:  [<function <lambda> at 0x7f323f4c50c8>, <function <lambda> at 0x7f323f4c5140>, <function <lambda> at 0x7f323f4c51b8>, <function <lambda> at 0x7f323f4c5230>, <function <lambda> at 0x7f323f4c52a8>]
ns:  [<function <lambda> at 0x7f323f4c5140>, <function <lambda> at 0x7f323f4c52a8>, <function <lambda> at 0x7f323f4c50c8>, <function <lambda> at 0x7f323f4c51b8>, <function <lambda> at 0x7f323f4c5230>]
283589103-[196 165 457 228 219  23 304 283 532 541 483   4 393  73 100 205  62 399
 344 116 452 338  74 454 216 579 382 249 568 251 314 537 372 210 175 497
 370 513 635 105 360 247 136 385 246 179 178 567 262 173 317 192   2 634
 623 184 190 172 134 211 278 593 426 588  46 146 185 438 435 552 376 639
 271 636  33 572 269 482 434 227 112 254  12 349 142 367 558 361 257 362
 339 610 625 538 106 559 201 535 484 410 501 415 224 585 433 281  69 264
 207 303 222 108  58  32 115 475 403 218  50  39 154 169 394 347 468 119
  79 129 437 261 645  72 455 546 516  45 409 479 584 422 241 401 602 391
 505  40 427 539 381 294 467 200 627 449 263  22 640 233 161 267 533 424
 221 488 442 470 150 418 556 231 145 265 443 580 217 342 144 400  44 135
 574 377 562 117 296 337  92 363 234 555 225 256 305 398 519  53 355 259
 336  95 414 448 383 315  90 543 578 358 439 186 618 388 485 521 121 237
 248 293 553 643  68 596 244 493 301 570 655 511 619 554 214 471 638  67
 152 229 325 375 502 652 316 177 212 466 295 487 614 141 632  56 130  16
 530  42 474 542 239 416 202 272 528 446 386 147 616 525 345 380 480 270
 132 404 266 300  78 308 123 581   6 548  70 197 451  31 151  51 180 128
  88 319 104 149 615 395 157 529 307 650 413 320 510 343 318 624 450 153
 321 499 654  98  60 503 561 306  27 284 143 465 240  86 633  96  38 137
 371 577 373 622 124 292 286 111 492 374 430 515  66 166 346 194 431 520
 617 460 575  97 478  19 258 232 340 402 594 646 335 195 606 527 540 447
 440 419   1 245 236 464 476 436 168 332 160  87 408 183 557  65 473 302
 582 110 273 176 253 583 351  63 423 107 628 512 551  89  18  52 191  24
 297 223 252 208 275  76 126 182 164 311 651 133 648 226 290  82  84 387
 148 366 428 392  94 621 356  49 605  48 590 396  93 611 613  30 489 348
 566 523 101 441 463 481 565 365 498 472 576 341 507  20 206 642 276 609
 334 171 181 604 203 323 573  28 390 163 354  83   5 280 461   8 504 569
 417 138 199 420 287 125 591 243 649  21 369 170 328 384  91 353 213  43
 518 324 620 445 260 220 118 379 491   3 490 204  64 586 330 277 198 456
 477 598 310 250 159 322 514  37  71 641 536  15  29 589 298  80 545 327
 626 571  99 656 285  59 495 647 524 368 114 563 282 189 608  54 544 193
 421   7 526 453 549 350  75 644 167 289  57 230  77 603 364 444  47 127
  61 288 595 534   0 531 599  17 122 156 406 405 255 500 564  11 601 155
 312  10 331 268 486 357 274 235 139 425 607 326 359 547 522 309 329  35
 389 550 494  14  13 600 630  36 637 587 508 103 469 397  34 162 432 238
 120 131 174  55 517 411 597 506 215 242 560 109 429 459 209 496 158 462
 333 612   9 279 352 291 653 592  41 187 629  25  81 299 407 188 313 113
 631 140 102 412 509  85 378 458  26]
GPU0
set random seed!
finished RVND in 8.24295783043s
data-line;initial_solution;283589103;final_solution;14259021;time;8.24295783043;counts;812;fv;[];cv;[477, 221, 103, 8, 3];imp;19.8883992807
