pydf_home: /home/rodolfo/git/Sucuri
simple_pycuda_home: /home/rodolfo/git/simple-pycuda
wamca2016path: /home/rodolfo/git/wamca2016/
localpath: /home/rodolfo/git/dvnd-df/code/dvnd-df/src/
WAMCAPATH:/home/rodolfo/git/wamca2016/
Using already created file:  wamca2016lib.so
Size: 318 - file name: 04_lin318.tsp
ns:  [<function <lambda> at 0x7f3f29e1c0c8>, <function <lambda> at 0x7f3f29e1c140>, <function <lambda> at 0x7f3f29e1c1b8>, <function <lambda> at 0x7f3f29e1c230>, <function <lambda> at 0x7f3f29e1c2a8>]
ns:  [<function <lambda> at 0x7f3f29e1c2a8>, <function <lambda> at 0x7f3f29e1c230>, <function <lambda> at 0x7f3f29e1c0c8>, <function <lambda> at 0x7f3f29e1c1b8>, <function <lambda> at 0x7f3f29e1c140>]
97405774-[311   7 263  61 305 118 222  17 292 242 127 271  81 151 221 198 150 119
 140 285 129  74 246 247 189  34  58 223  44 308 161 300 288 113 138 139
  79  47  80 226 143 294 213 182 133 272  18  20  36 279 168 192 190 269
 298 148 128  76 112  71  42 180  30  39 303  11 109 170 241 164 281  65
 116   5 296  84  37 176  97  33 268 253 153 211 255 171 260  56  66 219
 237 177 195 257  31  29  85  52 122  53 117 172  93  24 114 125 295 251
 306 256 162 165  64 187 248 100  21 149 124  19 301   1  38 193  27   0
  88 186 163  12 232 115  92 291 196 194 262 200 202  60  22 106 258  77
 141 277  69 212 312   4 244 121 208 102 273 316 293 215 146 270  75 261
  16 304  62 147 302  89 214 234  43 179 152 160 145 104 203 282  99 217
 181  90  35 239  83 249 310  96 155  86 197  41 199  48  82 274 158 224
  59 243   9 266  49 174   6 233  28 230 259 220 175 275  45  10  25 178
   2 290 210  91  63  32 136 132 108 159 317 173 191  14 166 287  94 309
 267 207 286  73 142  23 283 144 250 201 245 205 238 107 284  68  50 313
 206 130 103 105   3 229  95  57 297 157 228  98  26  55 307 154 188  78
  40 236 183 184 280 111 315 209 227 156 231 314  72 135 169 276 123  54
 299  70  15 264 120 278 254 252 134 235  67 289 265 225 137 185 167  13
 240  51   8 101 218 110 204 126 131  87 216  46]
GPU0
set random seed!
finished RVND in 3.56743884087s
data-line;initial_solution;97405774;final_solution;6257078;time;3.56743884087;counts;441;fv;[];cv;[266, 108, 54, 9, 4];imp;15.5672941907
