pydf_home: /home/rodolfo/git/Sucuri
simple_pycuda_home: /home/rodolfo/git/simple-pycuda
wamca2016path: /home/rodolfo/git/wamca2016/
localpath: /home/rodolfo/git/dvnd-df/code/dvnd-df/src/
WAMCAPATH:/home/rodolfo/git/wamca2016/
Using already created file:  wamca2016lib.so
Size: 657 - file name: 06_d657.tsp
ns:  [<function <lambda> at 0x7fe4bd11a0c8>, <function <lambda> at 0x7fe4bd11a140>, <function <lambda> at 0x7fe4bd11a1b8>, <function <lambda> at 0x7fe4bd11a230>, <function <lambda> at 0x7fe4bd11a2a8>]
ns:  [<function <lambda> at 0x7fe4bd11a0c8>, <function <lambda> at 0x7fe4bd11a230>, <function <lambda> at 0x7fe4bd11a1b8>, <function <lambda> at 0x7fe4bd11a2a8>, <function <lambda> at 0x7fe4bd11a140>]
278174645-[332 383 639 589 390 219 509 485 500 324 638 551 254 535 202 544  93  56
 549 340 428 430  90  73 612 518 314 351 547 407 247 628 643 388 610 520
 255 395 460 270 320 146 469  78  99 540 563  89 445 521 622 204 117 291
 427 419  34 237 382 143 164 641 457 140 218  66 278 565 583 339 192 645
 587  63 234 542 568 169 177 391 624 586 577 489 186 629 647 302 584 579
 434 120 649 468 410 364 443 319 154 181 652 346 116 262 239 493 361 310
 240 330  54 375 400 384  76 267   7 216 511 127 165 557 298 448 581  85
 128 223 632 402 308  70 545 634 306 211 527 621 121  35 492 225  57 651
 114 290 441 566 135 190 191 299 597 439  81 474 367 248  11  55 268  19
 160 538 616 444 637  97  69 481  42 193  46  87 636 438 170 423 534 318
 433 522 355  84 230 284 555 591 199 508 405 451 292 435 125 244 548 513
 528 490  26  40 385 196 553 404   3 197 543 623 242  29 341 529 646 654
 653 376 480 471 195 133 389 109 273 571 272 413 552 321 153 301 635 274
 107 333  37 336  67 452 562 166  80  28 256 401 113 486 263 138 119  22
 259 456  74 157 334  91 613 601 293 173 241 596 294  10 145 572 327 503
 454 271 593 573 363 429 499  95 282 269 152 141 156  60  98 123 176 530
 285 414 506 103 498 163   1 275  36 640  86 335 426  20 599 512 369 245
  68 424 496 281 276 431 630   9  75  49 178 517 466 386 488 161 144 620
 602  18 246 399 633 531   8 226 283 368  39 406 631 331 286 594 487  12
  88 229  27 465 212 158 536 478 523 614 564 472 578 532 425 619 574 249
 168  31 148 411 502 510 618 201 305 358 644 590  92 484 111  83 296 607
 576 519 374 398 422 494 200 516 280 615 110 131 360 359 605 179 279  13
 205 266 238 570 231 381 105  47  16 497  50 147 104 373 300 539 224 251
 600 214 627 184 491   6 151 507 222 227 356  79 345 304 459 608 461 412
  58  64 366 569 182 379 455 462 228 344 370   2 420 172 482 132 343 585
  62 397 287 352 436 316 101 102 264 162 236 595  82 136 648 112 588 253
 126 514 650 554 396 582 626 221 604 449  77 187 122 418  44 329 124 277
 235 606  25 289  71 217  32 185 559 524 206 183 325 371 315 394 326  14
 515 134 408 440 250 432 560 258  17 504 546 625 189 252 558 416 188 129
 349 467 479 208 265 417 215 526 387 115 317 392 446 350 541 458 323 309
  96 210 353 150 174 313 362 450 655 473 550 365  48   5 130 464 556 260
   4 393 348 155 475 142 203 453 297 656 476  21 194  24 261 180  61 106
 567 354 167  94 149 537 505 409 380  59 483 442 477 357 415 207  72 322
 611  45 495 288 198  43 220 233 463 377 108 328 561 295 303 642  30 175
  65  53 603  41 209 421 311 533 501  38 232 347 378 159 307  33 580 437
 243 213 598 257 403 312 447 525 118  15 592   0  23 137 100 372 617 338
 609 342 337  51 139 470 575  52 171]
GPU0
set random seed!
finished RVND in 9.19506883621s
data-line;initial_solution;278174645;final_solution;14427660;time;9.19506883621;counts;913;fv;[];cv;[528, 227, 145, 11, 2];imp;19.2806487677
