pydf_home: /home/rodolfo/git/Sucuri
simple_pycuda_home: /home/rodolfo/git/simple-pycuda
wamca2016path: /home/rodolfo/git/wamca2016/
localpath: /home/rodolfo/git/dvnd-df/code/dvnd-df/src/
WAMCAPATH:/home/rodolfo/git/wamca2016/
Using already created file:  wamca2016lib.so
Size: 657 - file name: 06_d657.tsp
ns:  [<function <lambda> at 0x7ff118eb30c8>, <function <lambda> at 0x7ff118eb3140>, <function <lambda> at 0x7ff118eb31b8>, <function <lambda> at 0x7ff118eb3230>, <function <lambda> at 0x7ff118eb32a8>]
ns:  [<function <lambda> at 0x7ff118eb32a8>, <function <lambda> at 0x7ff118eb30c8>, <function <lambda> at 0x7ff118eb31b8>, <function <lambda> at 0x7ff118eb3140>, <function <lambda> at 0x7ff118eb3230>]
282221343-[ 26 150 461 413 646 223  74 325  58  30 125 515 267 617 602 274 131 337
 414 573 576 379 649 248 335 144 115 614 592 307 152 440 508 117 298 329
 299 385 459  15 250 353 370 268 297 192 569 506 446 606 182 269 594 480
  51  20 351 408 206 640 237 145 484 251 603 344  55 138 194 655 221 185
 504 309 497 319 553 293 482 124 295 348  31 233  40 638 224 465 390 147
 355 388 514 113 296 210 547  17  24  66  96 527  34 208 352 371 597 373
 555 230 103  43 368 627 543  57 240  77 554 481 468 187 549  70 537 442
 321 626 586 405 197 153 203 536  27 377 328 469 102 140 451   9 291 539
 427 193 262 593 540 653 548  92 238 305 356 260 215 485 424 170 475 271
 479 546 246 116 550  84 505 236 282 532 615 636 489 155 582 645 283  98
 195 400 350 533 136 244  79 383 380 165 343 266 568  32  29  65 320 172
 566 134 190 476   1 220 652 126 552 619  23  53 158 219  93 511 163 401
  75 629 143 535 357 386  71 395 470 303 168 524 176 607  41 333 571 490
 639 396 354 227 127 346 419  28 545 222 531 433  44 301 245 247 611 191
 118 199 171 148 394 281 585  99 637  69 308 166  19 604 294 588   8  91
 526 513 284 327 278 425 175 108 620  56 316 261 270 378 438 599 411 431
 392 429 183 473 618 151 263 635 563 340 167 259 257 466  60 578 265  12
 382 339 393  10 241 359 522 106 402 154  13 258  33  64  21 111 179 500
 624 519 347 417 342 498 326 605 157 609  94 218 280 487 331 494 610 631
 644 367 141  38 572 575 510 523 243  95 161 581  37 173 560 217 365 122
 169 312 324  25 450 625 456 601 234  39 445   6 180 121  87 407 623 142
  90 598 564 374  68 428 146 616 376 287 584 495 200 647  78  47 231  89
 448 345 313 289 363 162 334  42 421   5 177 525 389  54 184 196  35 496
  67 491 561 472   3 474 483 133 580 349  52 517 239  50 292 463 409 139
 464 112 272 330 181 648 557 441  18 437 225 641 120 129 406 304 362  72
  80 654 528 189 256 137   7 650  46 453  86 412  97 213 630 318  83 570
 188 512 255  76 444 369 458 338  16 595 590 277 589 622 398 583 477 119
 457 435 207 290 486 579 149 478 418 518 372 520 422 643 114 493 302  59
 314 432 306 235 252 315 591 587 600 559 538 254 621 556 214 253 160 366
 651 300 391  88  61 135 249 460 499 273  85 462 509 443 107 558 232 358
 516   4 275 656 521 410 228 105 132 467 174   0 209 286 186 364 110 613
 633 492 430 336 634 164 530 436 128  49 178 551 130 229  82 449  11 577
 415 322 565 242 384 507 226 501 447 404 628  22 360 276 288 332 452 317
 541 341 455 567 534  48 426 212 434   2 542 544 104 100 439 423 642 562
 416  81 454 387 529 201 608 403 488 264 420 397 159 109  14 503 632  36
 612 123 502 198 361 381 323 156 101 216 574 202 375  63 471 311  73 204
 310 399 596  62 279 211 285 205  45]
GPU0
set random seed!
finished RVND in 8.62208890915s
data-line;initial_solution;282221343;final_solution;14384018;time;8.62208890915;counts;830;fv;[];cv;[512, 207, 99, 10, 2];imp;19.6204803832
