pydf_home: /home/rodolfo/git/Sucuri
simple_pycuda_home: /home/rodolfo/git/simple-pycuda
wamca2016path: /home/rodolfo/git/wamca2016/
localpath: /home/rodolfo/git/dvnd-df/code/dvnd-df/src/
WAMCAPATH:/home/rodolfo/git/wamca2016/
Using already created file:  wamca2016lib.so
Size: 318 - file name: 04_lin318.tsp
ns:  [<function <lambda> at 0x7fea701310c8>, <function <lambda> at 0x7fea70131140>, <function <lambda> at 0x7fea701311b8>, <function <lambda> at 0x7fea70131230>, <function <lambda> at 0x7fea701312a8>]
ns:  [<function <lambda> at 0x7fea701312a8>, <function <lambda> at 0x7fea70131140>, <function <lambda> at 0x7fea701310c8>, <function <lambda> at 0x7fea701311b8>, <function <lambda> at 0x7fea70131230>]
92957377-[ 24 241  16 262 227 115  25 202  51 206  82  49 316 123 260 289 132  20
  42  76  55 180 175 191 254 141 317 197 312  35  10 137 237 126 245  47
  72 154 220 248 158 203 215 200 293 275 303 192 148 236  92  17 300 269
 112 184  11 285 209 290 263 297 315 247 291  58   0  96 105 121   5 235
 304 298  26 138 110  60 234 120 271  32   2  71 198 292 185  68  18 240
 145 288 125 295 265 284 311 167  98 144  46 279 228  97 294 188 310 222
   9  80 276 216   3 219 313  65  43 211 186 181 268 270  75 159  22 213
 196 122 187 152  48 244 273 258  63 204 259   1 113 255  28 124 231 139
 221 212 177 107 306 253  53 229 101  88  91 164   4 169  12  78 252  29
  44  69  23 157 266  74 309 307 119 128 287  95 214 108  62 172 135 195
 117 190 143  67 201 257 162 232 272  84 103  14  37 182 161  66 283  40
  21 249   6  33 176  31 193 205  15 251 183 156 146  77 170 130 261  19
  34 233  73  54 127 256 217  87 174  81 168  41 314  50 116   8 208 134
  61 106 142  56  52 147  99 243 280 223 155 171 246 136 179 109 100  79
 114  36 111  70  39 305 226 131 133 274  93 194  45 302 140 299 104 150
 282  13  57 230 163 277  85 301  27 308 149 173 210 199 242 207 264  59
 129 118  86  89 238 267 218  94 166 160  30 225 102 286 189 250 239 281
 278 224 165 151  64 178   7 153  38  90 296  83]
GPU0
set random seed!
finished RVND in 2.48873710632s
data-line;initial_solution;92957377;final_solution;6128593;time;2.48873710632;counts;433;fv;[];cv;[257, 107, 62, 5, 2];imp;15.1678169851
