pydf_home: /home/rodolfo/git/Sucuri
simple_pycuda_home: /home/rodolfo/git/simple-pycuda
wamca2016path: /home/rodolfo/git/wamca2016/
localpath: /home/rodolfo/git/dvnd-df/code/dvnd-df/src/
WAMCAPATH:/home/rodolfo/git/wamca2016/
Using already created file:  wamca2016lib.so
Size: 501 - file name: 05_TRP-S500-R1.tsp
ns:  [<function <lambda> at 0x7fa5116780c8>, <function <lambda> at 0x7fa511678140>, <function <lambda> at 0x7fa5116781b8>, <function <lambda> at 0x7fa511678230>, <function <lambda> at 0x7fa5116782a8>]
ns:  [<function <lambda> at 0x7fa5116782a8>, <function <lambda> at 0x7fa511678140>, <function <lambda> at 0x7fa511678230>, <function <lambda> at 0x7fa5116781b8>, <function <lambda> at 0x7fa5116780c8>]
32264953-[272 321   7 240  15 328 351 356 146 104 132 116 334 330  76 283 361  62
 288 251 331  34 342 164 403 337 298 217 308 286  86  37 493 440 206 364
  84 248 262 163 348 175 160 467 354 313  71 122  10  73 230 156 265 260
 329  29 274  83 324 268 228 110 325 129 479  61 212 192 282 472 198 384
 243  94 176 420 341 177 134 218 407 180 182 315  52 235 442 339 314   1
 246   5 120 470 482 205 284 291  23 432 214 412  16 186 256 258  70 223
 484   3  54 353 491 278   9 114 225 490 345 343 433 360 350 200  53 444
 264 143 311 347 363  56  35 155 124 194 421  69 295 140 107 300 426 281
 319 166 494 391 498 154 229 338 327 371 392 453 237 115  30 220 400 483
 141 463  75 379  24 147 131  47 358 477 382  36 436 106 266 249 113  32
 349  81 152 101 195  82 460 317 277 275 301 253 419 394 489 435 499 450
  48  72 304 158  89 307 312 454 142 211 389  93 396  40  78  41 207  74
 474 259 458 309 215 263  46 476 151 320 193 344  17 125  99 191 208 372
 464 145 236 221 127 439 119 279 416 159 449  67 466  60 181 238 285 231
 316 405 469 492  27 130 336  18 485   6 185  45 167 471  11   8 105 184
 386 411   4 434 326 109 269 150  28 289  97 234 451 188 102 133 244 333
 204 197 497 226 398 292 196 496 227  49 299 137 408 179 399 271 310 397
  88 367  39 267 303 424 468 335 136  92 294 187 245 233 443 413  21  51
 500  25 362  38 385 346 239 189 377 169 410  98 224 406 232  64  59 446
   0 487 404 144  44 255 452 254  66  20 462 250 402  87 374  79 447 209
 318 461   2  55 202 293  13  65 459 117 441  85 448 148 118 241 415 352
 111  91 290  80  68 213 425 370 157 388 438 357 287 366 201 332 173 280
 203 178 261 423 121 395 340 183 488  22  33 393 359 475  19 378 355 222
 478 481 165 219 437 242 456 252 305 216 153  77 126  31  96  95 172 429
  43 174 369 190 381 276 380 162 376  14 135 210 170 123 128 323  26 401
 390 171 139 428  12 373 427 414  50 418 465 108 417 431 161 457 455  57
 422 409 247  42 430 149 103 486 270 306 375  63 445 112 387 100 302 495
  90 257 296 368 199 480 473 168 365 383 297 322  58 138 273]
GPU0
set random seed!
finished RVND in 4.5751979351s
data-line;initial_solution;32264953;final_solution;1993798;time;4.5751979351;counts;611;fv;[];cv;[374, 156, 73, 5, 3];imp;16.1826589253
