pydf_home: /home/rodolfo/git/Sucuri
simple_pycuda_home: /home/rodolfo/git/simple-pycuda
wamca2016path: /home/rodolfo/git/wamca2016/
localpath: /home/rodolfo/git/dvnd-df/code/dvnd-df/src/
WAMCAPATH:/home/rodolfo/git/wamca2016/
Using already created file:  wamca2016lib.so
Size: 783 - file name: 07_rat784.tsp
ns:  [<function <lambda> at 0x7f1dcffd60c8>, <function <lambda> at 0x7f1dcffd6140>, <function <lambda> at 0x7f1dcffd61b8>, <function <lambda> at 0x7f1dcffd6230>, <function <lambda> at 0x7f1dcffd62a8>]
ns:  [<function <lambda> at 0x7f1dcffd6230>, <function <lambda> at 0x7f1dcffd6140>, <function <lambda> at 0x7f1dcffd61b8>, <function <lambda> at 0x7f1dcffd60c8>, <function <lambda> at 0x7f1dcffd62a8>]
72129109-[288 766 639 765 678 116  23 287 767 670 300 410 533 110 430 579 406 316
 663 245 436 541 210  39 294 736 603 135 584 703 211 709 118 387 163 446
 576  41 291  38 656 263 687 554 778 190 444  83 282 618 176 408 466  75
 569 373 162 491 617 473 390 562 326 196 649 243 598 721 477 731 412 409
 124 774 449 253 345  26  87 577 204 194 255 544 696 536 707 136 188 295
 381 511 248 504 757 378 685 652 354 313 259 748 352 329 537 411 416 103
  84   4  19 508 323  30 376  67 388 714 111 468 779 769 319 745 770 520
 775 392  63 561 311 460 688 104 318 198 423 470 385 525 407 497 461 257
 671 578 558 273 754 600 201 482 235 529 222 428 629 622  40 200 455 590
  46 480 730 506 417 102 762 568 167 341 734 400 269  11 665  58 335 585
 772 614 170 240 640 142 540 309 267 164 512 582 202 285 393 575 366 165
 636  69 723 362   1 611 424 475 214 397 627 356  85 274  60 631  80 127
 781 551 489 228 279 343 256  55 548 353 173 764 283 720 741 278 616 483
 760 382 692 359 630 234 732 184 441 434 320 641 147 756  62 693  72 175
 589 218  36  68 594 676 121 681 643 344 187 771 174 374 358 126 613 711
 758 464 403 150 414 119 101 260 638 401 120 495 225  81 516 708 507 484
 433 573 740 108 100 325 597 114 463 418 595 683 249 523 684 377 221 782
 307 716 517  28 138  76 237 238 233 545 146  96 750 281 213 199 694 567
 223 415 324 438 364  50 534 780 398  53 700 216 453 422   2 372 501 505
 191 394 131 308 420 186 161 559 363 759 527 333  54 717 546 667 773 498
 587 502 284 203 735 705 205 298 542 445 701 386 208 581 604 452 272  57
 297 342 154  42 427 437 399 752 454 107 348 560   8 744 492 564 624 690
 230 277 112 181 668 219  22 674 355 738  88 500 481 226  12 419  14 106
 777 729 171  48 530 264  79  82 626 137 543 634 301  95 601  21 426 227
 252 556 157 280 580 258 662 608 702  70 571 391 552 123 751 619 660 133
 160 179 271  59 602 514  91 563   3 144 565 169 302 679   9  35 312 612
 456 474 141 650 698 134 367 109 241  49 718 232 244 402  71 371 447  37
 383 746 478 265 635 178 659 654 357 572  32  89 140 488 327 518 266  18
 607 704 510 472 722 299 535   6 742 531  24  61 338 380  10   7 315 657
 148  73 435 644 172 229 443 710  65 328 330 149 128 471 349 166 457 749
 303 586 156 212 296 733 524 655  98 421 719 458 615 539 182  56 305 369
 592 254  25 713 596 197 566 570 268 379 555 669 322 724 476  17 485 206
 276 583  16 405 519  31 599 306 647 697 195 159 321 646 664 351  92 593
 666 231 689 728  64 691 404 396 521 462 292 672  20 242 347 549 499 395
 620 236 725 261 151  33 695 220  99  93 737 336 168 763 487  94 450 515
 339 743 432  45  13 180 755  27 493 623 547  51  44  52 425 389 686 503
 451 105 115 677 192  86 215 532 251 125  90 538 494 528 496 293 609 361
 113  77 606 479 648 727 431 143 628 304 334 262 122 768 217 747 761 337
 522 469 130 726 310   0 574 155 132 526 189 739 317 591 247 486   5 509
 177 605 653 661 270 699 588 129 557 448 680 139 117 290  34  29 621 637
 642 706 715 513 183 633  66 331 275  74 368 153 365 550 340  97 289 440
 250 346 370 645 610 467 209 673 207  15 332 682 185 651 375 224  47 360
 632 459 712 753 465 246 625  43 413 439 658 314 350 553 442 286 152 675
  78 158 429 239 384 490 145 193 776]
GPU0
set random seed!
finished RVND in 12.3915710449s
data-line;initial_solution;72129109;final_solution;3393934;time;12.3915710449;counts;986;fv;[];cv;[602, 245, 118, 15, 6];imp;21.252360535
