pydf_home: /home/rodolfo/git/Sucuri
simple_pycuda_home: /home/rodolfo/git/simple-pycuda
wamca2016path: /home/rodolfo/git/wamca2016/
localpath: /home/rodolfo/git/dvnd-df/code/dvnd-df/src/
WAMCAPATH:/home/rodolfo/git/wamca2016/
Using already created file:  wamca2016lib.so
Size: 657 - file name: 06_d657.tsp
ns:  [<function <lambda> at 0x7f63924810c8>, <function <lambda> at 0x7f6392481140>, <function <lambda> at 0x7f63924811b8>, <function <lambda> at 0x7f6392481230>, <function <lambda> at 0x7f63924812a8>]
ns:  [<function <lambda> at 0x7f63924810c8>, <function <lambda> at 0x7f63924812a8>, <function <lambda> at 0x7f6392481230>, <function <lambda> at 0x7f6392481140>, <function <lambda> at 0x7f63924811b8>]
276973538-[403 575 269  51 526 423 589 486 514 401 209 501  67 199 402 381 374 208
 363 551 503 580 466 124 179 256  97 382 557 103 226 542 232 125 371 257
 216 320 476 334 576 426 440 640  93 637 151  40 307 204 471  91 192 212
 239 235 247 594 113 344 442  27 461 505  35 432 319 346 652 215 240 238
 233 116 532 295 190 298 266 598 305  84  33 195 564 645 331 348 198  45
 372 630 581 541 448 463  50 445 169 264  53 337 433 544 459 145 118  57
 634 496 398  71 434 221 366  43  74 424  76 477 413  21 157 429 540 626
 282 568  95 315  68 621 404 435 418 271 498 584 639 562 357 243 143 211
 222 553 625 431 316 128 140 546 206 396 587 146 585 265 325 397 369 160
 361 443 291 629 513 296  54 485 495  87  92 473 384 482 517 100 275  44
 605 656 481 518 137 300  55 213 537 391 479 227 323 223 500 170 219  28
 162 197 294 136 138 521 358 188 339 631 214 450 102 539  69 338 108 467
 533 567 302 405 512  19 536 267  17  81 355 525 617  77 636 280 173 415
 648 178  60 368 109 535 578 345  15 203 409 117 129 456 444 218   1 574
 414   8 545 491 644 161 207 549 156 592 126 422  75 416   4 236  98  96
 259 583 516 349 115 341 327 112 452  37 249 306  72 254 613 412 493 340
 522 172 131 438 478 253 399 120 377 276 600 312 251 288  22 393 488 527
  13 205  39 246 258 142 380 573 224  61  65 110  18 353 202 623 123 229
 534  38 591 121 168 515 572 555 421 394 607 270 494   9 603 550 217 354
 465 114 328  36 242 441 632 335 577 194  89  62 135 148 158 177 570 250
  29  99 606 470 272  52 608 286 359 618 655 234  58 538 122 278 649 183
  31 428 281 268  26 604 301 364 601 322 586  47 153 595  63 155 245 499
 559  14 437  30 187 627 310 386 641  41 231 287 619 462 165  70 285 654
 189 182 147  49 484  78 556  32 193 446 455 590 561 560 228 180 201 383
 510 611 596 395 612 633 154  42   0 563 159 492  24 579 308 318  16  79
  59 531  82 599 356 392  66 378  48 104 588  80 406  86 458 425 186 552
 474 417 347 650 635 255 497 480 343 411 436 241 367 107 420 653 284 651
 149 558 299 388 336 427 642  56 262 509 375 490 408 260 330 273 261 547
   5 321 489 314 181 130 519 468  12 620 530 643 370 324 569 297 139 529
 376 326 185 237 472 475 389 385 390 274  20 647 313 150 483 582 454 350
 176 379 200 511 610   7  85 329 311 616 419 360 528 565 447 191 252  11
 400   2 469 554 196 174 410 597 506 342 507 646 184 248 210 290 225  64
  23 593  46 439 502 171  83 304  10 457  90 352 449 333 571 106 220 303
 520 293 166 624 163 141 615 602  25 167 317 133 292 430 289 279 164 283
 105 609 566 309 373 523 407 152 132 263  34 144  88 175 127 134 614 504
 508 111 460 548 351   6 277 119  73 362 230 101 622  94 628   3 464 387
 451 524 244 543 453 332 638 365 487]
GPU0
set random seed!
finished RVND in 8.17936396599s
data-line;initial_solution;276973538;final_solution;14217944;time;8.17936396599;counts;817;fv;[];cv;[460, 235, 110, 10, 2];imp;19.4805618871
