pydf_home: /home/rodolfo/git/Sucuri
simple_pycuda_home: /home/rodolfo/git/simple-pycuda
wamca2016path: /home/rodolfo/git/wamca2016/
localpath: /home/rodolfo/git/dvnd-df/code/dvnd-df/src/
WAMCAPATH:/home/rodolfo/git/wamca2016/
Using already created file:  wamca2016lib.so
Size: 318 - file name: 04_lin318.tsp
ns:  [<function <lambda> at 0x7f7d817610c8>, <function <lambda> at 0x7f7d81761140>, <function <lambda> at 0x7f7d817611b8>, <function <lambda> at 0x7f7d81761230>, <function <lambda> at 0x7f7d817612a8>]
ns:  [<function <lambda> at 0x7f7d817612a8>, <function <lambda> at 0x7f7d817611b8>, <function <lambda> at 0x7f7d817610c8>, <function <lambda> at 0x7f7d81761140>, <function <lambda> at 0x7f7d81761230>]
94260334-[288  24 277 234 144 293 181  61  80 316 257 223 239 216  21  37 270 213
 163 212 155 141  90 287 104 273 193   8  26 264   2 197  16 159  30 263
 196 272 242 165  62  87 124 139  17   3 156 243  12  47  96 225 285 290
 105 112 235 220  13 177 192 244 227  23 147 168 135 286 231 115 172 128
 201 291  53 250 284 246 143 164 102 150  66 152 237   6 224  78 292 279
  10 296  41 240 312  39 206 233 194 176 191 186  95   9 116 308  73 174
 267 261  42  19 262 219 260 265  81 187 305 183  63   4 117  48 123 236
  43  93 302   7 108 241 125  85 297 289 281 171 121 295 198 106 166  44
   1 118  84 230 207  92  98 208 133 310  25 294  32 189 148 210 122 153
  91  34 317 315 306 311 140  20 266 126 100  50  88 221 283  97 215 280
 170 202 110 211  57  36 232  40  52  35  86 248 259 203 276  45 313 252
 222 307  65 175 258  77 127 228  69 136  49  22 303 114  79 269 132  89
  15  58 238 169 130 275 188 157 134 167 103 249 300 101 138  72 314  31
  18 149  83 245 299 179 226  75   0 162   5 145 218 113  11 129 254  70
 190 229 109 199 185 282 173 119  94  38 184 120 214 256  60  64 111  82
  54 253  71  55  99 271 131 304  51 151 309 178  76 298 301 209  33 142
  56 180 195  14 278  29 154 205 204 247  28 217  68 200 251 268  67  59
  74  27 161 158 274 107 255 146 137  46 182 160]
GPU0
set random seed!
finished RVND in 3.26018691063s
data-line;initial_solution;94260334;final_solution;6155790;time;3.26018691063;counts;376;fv;[];cv;[240, 91, 33, 9, 3];imp;15.3124674493
