pydf_home: /home/rodolfo/git/Sucuri
simple_pycuda_home: /home/rodolfo/git/simple-pycuda
wamca2016path: /home/rodolfo/git/wamca2016/
localpath: /home/rodolfo/git/dvnd-df/code/dvnd-df/src/
WAMCAPATH:/home/rodolfo/git/wamca2016/
Using already created file:  wamca2016lib.so
Size: 226 - file name: 03_pr226.tsp
ns:  [<function <lambda> at 0x7f2abb3670c8>, <function <lambda> at 0x7f2abb367140>, <function <lambda> at 0x7f2abb3671b8>, <function <lambda> at 0x7f2abb367230>, <function <lambda> at 0x7f2abb3672a8>]
ns:  [<function <lambda> at 0x7f2abb3671b8>, <function <lambda> at 0x7f2abb3672a8>, <function <lambda> at 0x7f2abb367230>, <function <lambda> at 0x7f2abb367140>, <function <lambda> at 0x7f2abb3670c8>]
194046165-[ 64 205  48 196 136 219 188  13 157  54  46  98  31  81  84 125 162 198
 153 174 203 208  26 137  99  29 141 104 113 107  11  59 154  20  27 182
  53   7 119  70 114 224 163  63 103  14 211  33  37 173 218 178 135 155
  34 102 158 169  25 214 209 192 129 112 191  75 202  79  92 131  61 197
 175 193 115 194 217  89  80 145 159 170 204  96 222 179 117  65 100  56
  71 148  44 220 121  76  88  69 195  10  28  18 160 207  83 139 146 106
   8  21 223 144 184   4  94  97 201   3  40  17 176  58  38 138 167 109
 142 127  87 134  74 147 126 221 164  82 181 183  95  39  57 200 122  86
 199 105   9 166  68  36   6 190 143 156  85 172 128 152 120  55  23 215
 168  19 130 187  51  67   1  43  72 177  90 185  73  77  41  24  15 101
 189  93 165  52  32 133 123 140 186  16  91   2  42 116 124 108 118   0
  50   5 225 206 149  22  12 150  62 213 171 110  30  49  35 132 111 212
 210  60 151 180 216 161  66  47  45  78]
GPU0
set random seed!
finished RVND in 3.65319299698s
data-line;initial_solution;194046165;final_solution;7351763;time;3.65319299698;counts;585;fv;[];cv;[497, 62, 24, 1, 1];imp;26.3945076848
