pydf_home: /home/rodolfo/git/Sucuri
simple_pycuda_home: /home/rodolfo/git/simple-pycuda
wamca2016path: /home/rodolfo/git/wamca2016/
localpath: /home/rodolfo/git/dvnd-df/code/dvnd-df/src/
WAMCAPATH:/home/rodolfo/git/wamca2016/
Using already created file:  wamca2016lib.so
Size: 318 - file name: 04_lin318.tsp
ns:  [<function <lambda> at 0x7f3fd00500c8>, <function <lambda> at 0x7f3fd0050140>, <function <lambda> at 0x7f3fd00501b8>, <function <lambda> at 0x7f3fd0050230>, <function <lambda> at 0x7f3fd00502a8>]
ns:  [<function <lambda> at 0x7f3fd00501b8>, <function <lambda> at 0x7f3fd00500c8>, <function <lambda> at 0x7f3fd0050230>, <function <lambda> at 0x7f3fd00502a8>, <function <lambda> at 0x7f3fd0050140>]
92236362-[173 162 294 258 126  36  82 204  65 271 115 168 290   3 298 120 260  29
 303 122 266 281 267 100 208 154 128 139 144 287  45 159 214 252 156 149
  73 251 316 193 246 279 291 275 313  53 296 253 262  35 136  96 195  62
 312 213   7 130 196 201  59 114 117 228  32  49 277 273  12  34 280  98
  84 227 127 292 113  86 211 242 254  31  97 180  63  17 248 269  41 112
  83  38  90 111  14 306  48  68 305 311  42 207  70  16 116 205   4 218
  89  66 257 315   2 223 200   9 224 186 152 297 282 245 118 125 129   5
 255 131  10  26 314  95 241 300  72  88 270 135 278  87  79 288 171 256
 285  11  91  58  22 198 261 174 189 293 138 268 150  99  27 187 191 219
 119 123  51  75 181 155 177 230 234   1 307 236 109  20 132 264  54  78
 216  46  44  67 103 210 259  81 244 179  77 283  76 108 175 163 148 225
 265 231 317 202 309 249 232 286 247 164 192   6 301   0  25 238 222 141
 176 170 221 137  24 143  94 243  57  64 190 308 289 295 169  43  60 101
 235  28 104 160 229 302  37  85 145  18 199 157 172 310 153 284  80 276
  19  71 220 304 274 203 167 147  33  30 209  50 263 106 107 151 166 105
 134  56 299 140  93 161 133 183 142  21   8 237 158  39  40 178  15  74
 194 233  13 212 188 217  23  61 182  47 272 102 184  69 206 124 185 250
 215  52 226 239 165 110  55 240 197  92 121 146]
GPU0
set random seed!
finished RVND in 2.77847790718s
data-line;initial_solution;92236362;final_solution;6123486;time;2.77847790718;counts;435;fv;[];cv;[270, 110, 44, 9, 2];imp;15.0627211363
