pydf_home: /home/rodolfo/git/Sucuri
simple_pycuda_home: /home/rodolfo/git/simple-pycuda
wamca2016path: /home/rodolfo/git/wamca2016/
localpath: /home/rodolfo/git/dvnd-df/code/dvnd-df/src/
WAMCAPATH:/home/rodolfo/git/wamca2016/
Using already created file:  wamca2016lib.so
Size: 657 - file name: 06_d657.tsp
ns:  [<function <lambda> at 0x7f9b01c670c8>, <function <lambda> at 0x7f9b01c67140>, <function <lambda> at 0x7f9b01c671b8>, <function <lambda> at 0x7f9b01c67230>, <function <lambda> at 0x7f9b01c672a8>]
ns:  [<function <lambda> at 0x7f9b01c670c8>, <function <lambda> at 0x7f9b01c67230>, <function <lambda> at 0x7f9b01c671b8>, <function <lambda> at 0x7f9b01c672a8>, <function <lambda> at 0x7f9b01c67140>]
294587289-[428 235 268 308 509 379 152  76 587 261 135   9 375  65 595 608 505 314
 225 604 550  19 214 555 121 222 641 644 548 484  98 561 486 139 479 305
 299 638 578 286 443 380 529 633 365 455 318 527 401 646 231 322 502 309
 500 597 140 239 539 118 389 445 335 603 302 481 654 266  15 547 556 210
 404 307  43 323 233 402 143 390   2 280 130 250  61 568 162 590 154 306
 284  44 462 615  16 478 407 631 471  11 119 275 100 448 226 607 221 602
 537  78 319 466 592 190 584 206 196 355 372 106 270 516 137 166  34 283
 421 492   0 538  28 482 437 350 342 588 313 114 132 330 444 473  25 645
 109 552 618 187 382 656  74 324 327 408 295 274 485  67 117 490 626  26
 345 496 156  29 122  21 386 269 242 434 594 110 369 499 476  81 520  97
  88 447 273  66 151 599 328  17  94 562 141 180 593 316 315 123 103 251
   5 292 616 287 247 577  71 605 253  46 653  70 177 472 525 257 146 358
 392 337 533 457  56 544  69 531 536 508 436 149  32 158  27 419 440  51
 406 164 101 619 294 107 629 642 165 104 655 489 543 480 612 120 163 454
  48 371 246 240 329 385  99 272 111 182  53 157 528 469 193 347 575 634
 201 303 523 511 175 423 262 279 411  90 169 614 429 470 291 394 245 425
  83 161 563 224 290 181 174 410 398 426 227 211 232 415  84 260 498 343
  35 310 566 207 651 301 155 195 145 387 422 557 317 581 115 400 632 312
 285  64 370 637 611 493  96  92 153 198   3 591 503 276 416 596 325 134
 586 363 241  58 383 582 453 127 229 573 391 413 186 600 377 172 217 542
 220  12 468 620   1 360 219 510 288 244  59  80  75 574 185  13 456 238
 405 192   7  39 289 160 277 293 384 522 450 339 367 433 572 131 432 643
 435  73 623 467 395  33 565 204 243 249 304  22 228 564  87 258 495 354
 507 230 113 378 173 399 126 570 116 278 427  52 640 368 487  63 361 124
 346 559 234 451 176 334 331 340 418 254 417 159  89  60 332 650  47 263
 200 625  57 351 431  23 639 170 352 628 585 144 388 635 148 348 271  37
 136 403 580 579 197 223 264 213 281 627 424 601 460 142 501 512  40 189
 374 534 397  45  55 188 530 464  38 178 446 184 617 517  36 514  79  20
   4 420 171 515 551 545 452 558 338 449 108  50 459 412 202 554   6 205
 376 535 491 216 138 442 622 610 256 212 236 362 576 252 636 518 458 589
 112 300 297 259 483  14 546 396 373 366  24 209 606 540 248  42 381 128
 583 461 571 497 463 147 208 532 218 179 326 194 524  77  62 255 349 621
 465 183 237 475 298 494 167 430 336  31 393 199  18 526 652 282 203 521
 311  93 506 541  85 474 344 549  54 560   8  49 296  30 504 414 624 150
 649 488  10 409  41 341 105 569  72 191  95 553 438 364  68 320 125 630
 613 648 359 267 477 441 647  86 598 129 567 357 265 519 356 168 215  91
 439 609 321 513 353 102 333 133  82]
GPU0
set random seed!
finished RVND in 9.28020310402s
data-line;initial_solution;294587289;final_solution;14123459;time;9.28020310402;counts;923;fv;[];cv;[539, 238, 131, 11, 4];imp;20.8580128282
