pydf_home: /home/rodolfo/git/Sucuri
simple_pycuda_home: /home/rodolfo/git/simple-pycuda
wamca2016path: /home/rodolfo/git/wamca2016/
localpath: /home/rodolfo/git/dvnd-df/code/dvnd-df/src/
WAMCAPATH:/home/rodolfo/git/wamca2016/
Using already created file:  wamca2016lib.so
Size: 226 - file name: 03_pr226.tsp
ns:  [<function <lambda> at 0x7f8fcaa420c8>, <function <lambda> at 0x7f8fcaa42140>, <function <lambda> at 0x7f8fcaa421b8>, <function <lambda> at 0x7f8fcaa42230>, <function <lambda> at 0x7f8fcaa422a8>]
ns:  [<function <lambda> at 0x7f8fcaa42140>, <function <lambda> at 0x7f8fcaa422a8>, <function <lambda> at 0x7f8fcaa421b8>, <function <lambda> at 0x7f8fcaa420c8>, <function <lambda> at 0x7f8fcaa42230>]
200394988-[ 96  81 203 207  49 163  61 116 120 139 143 219 182  17  27 111  24 125
 128  21  78 213   2 146   6  71 198 200  30  38  25 162  83  41 193   9
  79  92  65  77 132  91 172 147 176  39  89 201 171  33  90 135 124 220
  32  95 224  37  35 153  75 165  23 184 137   4  82 126  18 138 170  44
 136   5  57   0 186  12 215  69 134  64 188  34 156 187  51  50  26 180
 152   7 154  63  15 102 107  97 205 174 108 160   1  46 223 149  73 179
 197 221  40 216 167 191  76  43 110 212 131 150  16 192 173  84  48 140
 204 166 109 145  98  93 209 206 101 133 175 214  86 123  85  87 119  60
  19   3 112  47  72  99 190 164 183  36 168  45  59 202 218  74  70  10
 158  58 155 157 106 127  66 210  67  62  80 115 222 177 225  56  31  13
 130  42  53 100  11 114  94 121 117  68 144  28 104 122 105  52 141 189
 208 181 129  88 142 103 217 169 161 118  55  54 194 195   8 113  20 211
 185  29  22 178  14 151 159 196 148 199]
GPU0
set random seed!
finished RVND in 3.24815988541s
data-line;initial_solution;200394988;final_solution;6857451;time;3.24815988541;counts;695;fv;[];cv;[565, 88, 36, 3, 3];imp;29.2229558768
