pydf_home: /home/rodolfo/git/Sucuri
simple_pycuda_home: /home/rodolfo/git/simple-pycuda
wamca2016path: /home/rodolfo/git/wamca2016/
localpath: /home/rodolfo/git/dvnd-df/code/dvnd-df/src/
WAMCAPATH:/home/rodolfo/git/wamca2016/
Using already created file:  wamca2016lib.so
Size: 657 - file name: 06_d657.tsp
ns:  [<function <lambda> at 0x7f17e98630c8>, <function <lambda> at 0x7f17e9863140>, <function <lambda> at 0x7f17e98631b8>, <function <lambda> at 0x7f17e9863230>, <function <lambda> at 0x7f17e98632a8>]
ns:  [<function <lambda> at 0x7f17e98630c8>, <function <lambda> at 0x7f17e98632a8>, <function <lambda> at 0x7f17e9863230>, <function <lambda> at 0x7f17e98631b8>, <function <lambda> at 0x7f17e9863140>]
284532068-[224 449 527 243 588 504 405 554 239 462  20 388 506  12  33 516  73 590
 191 647 181 288 128 316  48 279  89 625 621 358 347 413 232 607  22 164
 407 114 170 344 437 622 200 254  36 300 489 207 145 357 221 573 458 295
 512 284 605 395 408 225 246  23 325  42 188 109 483  17 390 313 112   1
 485 198 559 255  47 307 367 653  79  92 570 591 490 438 592 500 298 496
  27 411 214 257 141 479  49  82 615 427 424  41 518 115 110 355 318 473
 234 560 603  68   4 143   2  84 311 517  14 280 586 185 267 348 156 580
 400 566 287 199 652 265 351 206 228  28 601 271 210 579 422 396 356 320
 465 582 542 480 585 651 583  71 261 187 372 251 376 171 374 563 107 132
 463 135 628 148 620 528  10 538 363  52 558 283 614 475 226 464 179 532
 611 175 133 236 451 286 209 448 547 240 250 533 556 350 646 336 339  51
 421 364 541 414 419 264 105 282 514  76 262 508  54 380 543 297 379 208
  56 572 460 215 436 330 412 596 149 103 443 378 423 113  40 272 332 391
  38 633 119 100 326 382   3 564 495 576 117 343 654 237 595 562 402 147
 415 139 624 557  74 650 406 242 253 636 639 488 453 553 540  29  86 477
 649 342 387 613 604 177  58 273 497 509 118 631 452 278 546 623 474 377
 431 498  34 194 574 484 446 531  90 161  39 296  21 522 511 549  77 319
  32 340 365 306  83 106 369  78 571 258 140 155 227 535 499 229  13 441
 299 157   7  19 166  59 359 471 609 627 222 616 173 108 333 277  53  65
 352 169 612 368 361 154 309 565 252 335  26 104 461 635  88  44 587 125
 618 366 158 410 360 323 442 167 331 193 630 216  16 393 392  37  69 256
 398 455 626 567 238 131 643  63  55 432 213 645 341 176 195 303 519 397
 561 275  43  61 525 551 493 629 575 610 302 159 314 196 425  62  35 310
 648 354 600 146 134 281 337 151 381 394 494 168 235 290 180 241 308 510
 555 249 505 403 503 276   0 120  91  85 450  96  95 345 608 641 589 568
  15 426 640 322 160 501 362 163 129 219 385 274 203 102 285 644 292 487
 602  50 183 619 513 268 269 428 584 220 634 577  75  18 142 266 247 205
 492 371 389  46 638 270 373 111 204 121 578 457 346 447 524 291 599   5
 466 520  25 476 544 370 327 162  93 502 315 459 338 467 186 192 482 481
 439 534 182 138 545 305 212 470 655 507 384 126   6 642 456 231 491 434
 202  80 353  11 515 223 153  66 386 189 401 259 637 190  72  97  70 174
 178 597 383 197 594 409 312 581 123 617 137 593 116 529 230 420 375   8
 444 127 293 537 165 435 152 598 329 606 429 440  60 248 136 263 433 632
 328  45 550 469 244 445 526 150 418 530 211 101  81 304  99 417 245 317
 404 334 122  57 172 321 294 324 454 130  94 523  67 124  31 472 552 201
 289 260 521 486 144 184 399 301 468  24 548  64   9  98 430  30 349 569
 233 536  87 218 656 217 478 416 539]
GPU0
set random seed!
finished RVND in 9.37777900696s
data-line;initial_solution;284532068;final_solution;14252789;time;9.37777900696;counts;914;fv;[];cv;[503, 248, 143, 13, 7];imp;19.9632554723
