pydf_home: /home/rodolfo/git/Sucuri
simple_pycuda_home: /home/rodolfo/git/simple-pycuda
wamca2016path: /home/rodolfo/git/wamca2016/
localpath: /home/rodolfo/git/dvnd-df/code/dvnd-df/src/
WAMCAPATH:/home/rodolfo/git/wamca2016/
Using already created file:  wamca2016lib.so
Size: 226 - file name: 03_pr226.tsp
ns:  [<function <lambda> at 0x7f2b2c5ab0c8>, <function <lambda> at 0x7f2b2c5ab140>, <function <lambda> at 0x7f2b2c5ab1b8>, <function <lambda> at 0x7f2b2c5ab230>, <function <lambda> at 0x7f2b2c5ab2a8>]
ns:  [<function <lambda> at 0x7f2b2c5ab0c8>, <function <lambda> at 0x7f2b2c5ab1b8>, <function <lambda> at 0x7f2b2c5ab2a8>, <function <lambda> at 0x7f2b2c5ab230>, <function <lambda> at 0x7f2b2c5ab140>]
193807111-[ 40  84 154  95  31 136  69 122 213 151   7 107  53 168 152 106 172 216
 158 186  30  59 167  70 133  39  60  20 165 219 194  11  14  43  46 206
  54  65 221  93  27 105 121  21 160 119 187 203 102  19   8 207  66  50
  71  64  83 140 163  47 153 135 126  89 204  36  86  62 145  16  58 112
  91 164 116 200   9 115 117  77 212   6   4  88  87 179  52  72 220 162
 181 217  74  45  13  67  48 141  82 211 139  85 205 198 118  41 123  80
 182  42 138 209  10 218 104  97 171 224  61  98 111 109  18 214  81  29
 156 175 114  56 169 166  73 184   3 185  28 208  79  51 128 125 157 113
  76  68  32  37 222 178  25 137 134 215 189 149   0  26   5  33 130 180
 201  55  23 148  78 132 150 100  49 159  38 177 188  63  35 197 142 110
  12 193 161  57 225 103 223  90 199 210 190   2  24 143 131 191  75 170
 146 192 155 173 108 101 183 127  94 202 195 124  44  22  96  99  34  17
 174  15 129 147 144 196   1 176 120  92]
GPU0
set random seed!
finished RVND in 3.61318588257s
data-line;initial_solution;193807111;final_solution;7316787;time;3.61318588257;counts;568;fv;[];cv;[449, 95, 21, 2, 1];imp;26.4880077827
