pydf_home: /home/rodolfo/git/Sucuri
simple_pycuda_home: /home/rodolfo/git/simple-pycuda
wamca2016path: /home/rodolfo/git/wamca2016/
localpath: /home/rodolfo/git/dvnd-df/code/dvnd-df/src/
WAMCAPATH:/home/rodolfo/git/wamca2016/
Using already created file:  wamca2016lib.so
Size: 657 - file name: 06_d657.tsp
ns:  [<function <lambda> at 0x7f70f61a60c8>, <function <lambda> at 0x7f70f61a6140>, <function <lambda> at 0x7f70f61a61b8>, <function <lambda> at 0x7f70f61a6230>, <function <lambda> at 0x7f70f61a62a8>]
ns:  [<function <lambda> at 0x7f70f61a6230>, <function <lambda> at 0x7f70f61a6140>, <function <lambda> at 0x7f70f61a62a8>, <function <lambda> at 0x7f70f61a60c8>, <function <lambda> at 0x7f70f61a61b8>]
276670984-[173 548 383  12 497 364 404 371 250 116 585 125 368 522 579 222  62 552
 433  86 215  64 137 310 627 165 349 632 410  63 400 210 251 565 164 384
 575 301  52 162 606 432 196  85 635 377 581 341 399 286 100 474 424 488
 418 584 637 227  48 441 588 609  46 376 386 513 343 190 288 458 254 423
 329 232 646 327 101 374 202  92 389 331 270 524 435 461 340 287 624   3
 420 103 201  98 649 396 379 506 526 447  35 268 269 583 213 243 543  69
 501 115 177 479  65 409 207 394 157 388 534 332  15 616 634 428 294 236
 161 325 261 285  67 593 209  87 365 282  70 188  61 109 303 613 216 451
 370 223 121 214   5 412 106 519 595 599 540 258  20 105 648  27 265 538
  72 234   6  11 123  28 378 403 617 529 309 629 528 241 515 333 373 587
  66 135 651  19 174 205 189 260 239  59 454 127 138 145 567 462 525 176
  57 623 546 550  42 317 422 347 484 124 160 354 471 218  95 279  60 445
 293  75 271 126 118 211 184 643 141 425 169 621 224 355 108 233 518 350
   0 476 299 615 326 460 503  80 225 652 577 284 434 175 464 186 276 413
 158 149 483 580  37 520 328 509 245 566 257 628 289 382 481 330 600 571
 274 122 570 390 592 561 558 421 139 440 494 395 311 536 320 486 240 393
 132 253 206 499 166 439 498 298 295 527 154 129 179  89 281 508   4 242
 414 553 290  31  22 398 591 459 150 357 563 321 217 477 107 560 292 283
 208 512 247 143  23 195 102 582 631 170 142  39   9 473 356 640 485  96
 448 171  54 263  78 136 168  56 337 156 351 645  99 449 111 266 346  76
  71  82 586 348 463 275 318 300 212 612 444 381 392 366 656 610 500 510
 569  93 256 246 472  47 541 144  16 128 280 406 549 475 633 639  94  43
 495 305 397 194 152  40 133 163 237  49  32 539  68  73 604 197 131 468
 446 653 363 655  18 238 316  88  21 618 198 180 151 385  79 230  51 278
  97 134 564 427 360 487 267 557 148 521 537 248 466  38 353 380 505 304
 369 372 291 338 516 544 228 625 574 437 457 568 596 589 323 496 362 415
   8 478 644 482 226 192 598 453 391 219 573 313 252 578 183 547 605 502
 259 654  41 130 113  50 630 262  84 641 636 619 110 438 530 375 344 306
 407 450 489 191  91 249   1 221 542 187 339 104  25 342  58 159 533  81
 442 255  13 601 642 308 272 492 345 147 480 302 452 467 511 430 469 264
 532 277  77 200 603 607  90  74  10 507 235 319 220 611  30  24 361 417
 182 572 622 429 204 322 193 545 146   2 443 335 172 535 229 590 517  44
  53 231 155 244 402 387 324 504 465 514   7 426 523 638 456 608 314 352
 455 312 597 614  36 411 185 117 405  33  83 431 555  34 336 334 181  17
 470 203 490 647  26 199 602 273 112 551 315 620 436 120 562 167  45 367
 296 594 297 576 178 491  29 559 493 556 419 401 359 307 140  14 650 531
 153  55 408 358 626 114 554 416 119]
GPU0
set random seed!
finished RVND in 8.52263498306s
data-line;initial_solution;276670984;final_solution;14381010;time;8.52263498306;counts;809;fv;[];cv;[486, 207, 105, 10, 1];imp;19.238633726
