pydf_home: /home/rodolfo/git/Sucuri
simple_pycuda_home: /home/rodolfo/git/simple-pycuda
wamca2016path: /home/rodolfo/git/wamca2016/
localpath: /home/rodolfo/git/dvnd-df/code/dvnd-df/src/
WAMCAPATH:/home/rodolfo/git/wamca2016/
Using already created file:  wamca2016lib.so
Size: 318 - file name: 04_lin318.tsp
ns:  [<function <lambda> at 0x7fbd4e2b90c8>, <function <lambda> at 0x7fbd4e2b9140>, <function <lambda> at 0x7fbd4e2b91b8>, <function <lambda> at 0x7fbd4e2b9230>, <function <lambda> at 0x7fbd4e2b92a8>]
ns:  [<function <lambda> at 0x7fbd4e2b90c8>, <function <lambda> at 0x7fbd4e2b9230>, <function <lambda> at 0x7fbd4e2b92a8>, <function <lambda> at 0x7fbd4e2b91b8>, <function <lambda> at 0x7fbd4e2b9140>]
93699447-[302  85 254 288 175   5  75  98 197 199  53 165 303 159 157   3  30 118
   9  84 203 107 186 103 200 163 227 219 260 170 239 195 191 231 115  90
 293 137 183 135 178  77 226 119  23 146 274  97 265 121 243 185 188 237
  36  79  64 295 266 252 190  22  57 284  68 270 314 101 246  99 287 109
  42 132  16  91 250 257  27 155  89  83   1  78  29 148  51 228  70   0
 142  55 300 233 134 124  73 108  26 149 285 242 153 296  49  72 168 138
 169  62  66 201  50 222 182 128  46  31 133  80 216 235 267  67 308   8
  93 112 245 275 310 251 144 150 110 276 141  56 179 292 244  82  45 215
   7 114 309 211 184  95 100 176 105 104 171 198 247 299 194 253 116  88
 272 278 196 136  47 213  40  43 280  58 305 156  35 189  96  81 125  25
 264  63 151 277  94 281 214 298 301 131 173 106 210  76 147  59  54 290
  71 224 161 262  19  60 240  33 140 261 143 268 283 294 207 316  48  18
 317 307 255 212   4 177 306 111  28  12 249 232 130 223 271  44 259 282
 167 315 206  37  41 202 286 145  11 193  39 311 297  52  32  13   2 204
  14 263 313 102  86 120 139 166  74 208 174 221 236 187 180 238 220  38
 164 234 129  92  69 152 127  17  87 289 218 209 304 154  20 241 217 279
 248  65 160 291 225 269 230 229 312 192  15 162 117  24  34 172 205  21
 181 123 258  10 113 256  61 122 158 126 273   6]
GPU0
set random seed!
finished RVND in 2.2895720005s
data-line;initial_solution;93699447;final_solution;6240309;time;2.2895720005;counts;413;fv;[];cv;[247, 103, 55, 5, 3];imp;15.0151934784
