pydf_home: /home/rodolfo/git/Sucuri
simple_pycuda_home: /home/rodolfo/git/simple-pycuda
wamca2016path: /home/rodolfo/git/wamca2016/
localpath: /home/rodolfo/git/dvnd-df/code/dvnd-df/src/
WAMCAPATH:/home/rodolfo/git/wamca2016/
Using already created file:  wamca2016lib.so
Size: 318 - file name: 04_lin318.tsp
ns:  [<function <lambda> at 0x7f20e88de0c8>, <function <lambda> at 0x7f20e88de140>, <function <lambda> at 0x7f20e88de1b8>, <function <lambda> at 0x7f20e88de230>, <function <lambda> at 0x7f20e88de2a8>]
ns:  [<function <lambda> at 0x7f20e88de140>, <function <lambda> at 0x7f20e88de2a8>, <function <lambda> at 0x7f20e88de230>, <function <lambda> at 0x7f20e88de0c8>, <function <lambda> at 0x7f20e88de1b8>]
88848718-[316 277  84 310 114 179 305 246  18 190   5  12 126 244 213 273   2 183
 144 180 102 170 242 236 275 284 308 281 219 251 237  41  36  35 151 247
 234 222  38  25 314 123 212 315   3  16 309 156 245 171 272  80 119  37
 223 231 159  62  69  59 141  15 107  27 307 142 109 304  64  21 262 255
 166 186 105  63 160 203  76  52 146  43  60 198  10 162 158 130 260  88
 175  14 122 153 311 150 111 210  34 267 299 296 199 207  61  56 292 287
 181 269 288  47 138 298 276 125 297 147  48  77 208 259 104 253  82  65
 257 202  42 177 300 227  30 174 241 280   9 129  98  29 290  93  24 165
 211 216  74 302  20 200 194 289 143  33 294 192  32 173  31 118 110   8
  92 312 220  49 132  66 182 189  95  79 100 124 152  85 283 148 301  19
  57 250 286 238 243 154  83 140 291 201 264 117 217 278  54  11  44 317
 115  58  81  73  67 185 256 121  90  46 270  51 233 176 178 214  94 139
  40  86 306  26 137 188   6 172 193 249 282 209  22 155 235 135  72  89
 161  23 221 240 191  39 112 128 134  13 258 263 149  96 131 261 116 108
 113 265   4 103 232 279 226 136 224 252 196 195 167  53 204  70   0  97
 248 313 206  71 127  99  55 303  91 215   7  87  17 239 157 228 285  28
 197 133  75 293 274 187 268 164 168 184 106 254 295  78 101   1 145 120
 271 230  50 225 229  68 266 205  45 163 169 218]
GPU0
set random seed!
finished RVND in 2.52812719345s
data-line;initial_solution;88848718;final_solution;6455020;time;2.52812719345;counts;371;fv;[];cv;[222, 95, 46, 6, 2];imp;13.7642823725
