pydf_home: /home/rodolfo/git/Sucuri
simple_pycuda_home: /home/rodolfo/git/simple-pycuda
wamca2016path: /home/rodolfo/git/wamca2016/
localpath: /home/rodolfo/git/dvnd-df/code/dvnd-df/src/
WAMCAPATH:/home/rodolfo/git/wamca2016/
Using already created file:  wamca2016lib.so
Size: 226 - file name: 03_pr226.tsp
ns:  [<function <lambda> at 0x7fcfc40dc0c8>, <function <lambda> at 0x7fcfc40dc140>, <function <lambda> at 0x7fcfc40dc1b8>, <function <lambda> at 0x7fcfc40dc230>, <function <lambda> at 0x7fcfc40dc2a8>]
ns:  [<function <lambda> at 0x7fcfc40dc1b8>, <function <lambda> at 0x7fcfc40dc2a8>, <function <lambda> at 0x7fcfc40dc0c8>, <function <lambda> at 0x7fcfc40dc140>, <function <lambda> at 0x7fcfc40dc230>]
183320058-[136  27 158  14  51 139  86 126  65   7 212 188 183 138 175 171 162 179
  73 131 163  54 130  56   5 153 201  55 205  48  35 185 129  44  74  26
  45   1 190 194  79 209  90   2  97  57  47 221  37  12 189  60 164  25
  24  70  62 155  40 191 117  80 203 166  68 157 124 196 178 108 147 216
 119  23 103  98 184 186 154   3  53 141  94 142  89 100  13 104 219 182
 167 198 180 116  38 220  81 102  69   9 145  11  78  91 195 105 174  63
  49 211 170 208 207 120 125  75  72  84  10 122 106 217  42  95 214 172
 135 123 168 151 109  20  32 110 181 146  19 140  36  52  21 161 193 118
 204 173  59 127 176  22 222 192 114 223 134 202 128  39  71  30  92 149
 156 152  66 225 115 160 177  93 210  46  96  67  33  77  87   4 169 107
 101  82  99 132  29 144 197   8 112 213 111   6  61  50 215 187 121 218
  58 137 148 206  34  15   0  83  16  41  18 199  43 165 133  17 224  88
 200  64  85  76  31 143  28 113 150 159]
GPU0
set random seed!
finished RVND in 4.7123529911s
data-line;initial_solution;183320058;final_solution;6905721;time;4.7123529911;counts;756;fv;[];cv;[653, 73, 28, 1, 1];imp;26.5461141567
