pydf_home: /home/rodolfo/git/Sucuri
simple_pycuda_home: /home/rodolfo/git/simple-pycuda
wamca2016path: /home/rodolfo/git/wamca2016/
localpath: /home/rodolfo/git/dvnd-df/code/dvnd-df/src/
WAMCAPATH:/home/rodolfo/git/wamca2016/
Using already created file:  wamca2016lib.so
Size: 657 - file name: 06_d657.tsp
ns:  [<function <lambda> at 0x7f10e36b40c8>, <function <lambda> at 0x7f10e36b4140>, <function <lambda> at 0x7f10e36b41b8>, <function <lambda> at 0x7f10e36b4230>, <function <lambda> at 0x7f10e36b42a8>]
ns:  [<function <lambda> at 0x7f10e36b42a8>, <function <lambda> at 0x7f10e36b4140>, <function <lambda> at 0x7f10e36b40c8>, <function <lambda> at 0x7f10e36b41b8>, <function <lambda> at 0x7f10e36b4230>]
276761380-[645 564 349 635 581  22 592 551 522 195 119 534  13  34 122 355  86 377
 421  59 513 228 391 474 136  67 347 570 651 196 434 509 236  33 106 422
 606 502  51 340 159 497 458 647 216  99 283 150 323 260 488 652 596  48
 203  25 505 589 413 591 365 242 154 205  61 556 212 201  92 540 579  82
  29 461 370 450  55 264 213  75 406  27 405 252 638 656  16 320 224 274
 466 206 103 232 496 550  66 235  65 254 620 566 479 619 113 245 486 170
 559 404 158  43 322 490 156 175 469 452 433 354 476 317 358 487 218 500
 157 191 249 567 258 460 451 239 613 588 327  23 160 351 200 227 181 408
 511 237 641 147 305 248 419 306  41  35 301 464  14 640 123 649 295 185
 270 615 311 552 542 409 337 472 256 146 498 642 520 374 222 110 447  37
 115 279 655 631 286 328 243 182 616 238 585   4 590 330 329 438 313 375
 423 284 269 202 584 455 141 214  24 167 603 388 459 572 444 604 541 445
 325 379  87 465 546 105 332  91 257 384 186 102 539 144 557 427 525 288
 192 143 636 489 276  73 629  64 416 482 100  31  69 462 277   6  88 104
 361 634 549 415  71 395 178 126 255  47 493 491 124 392 439 401 204 580
 366 576 353 272 348 280 234 188 261 364 518 608 463 517 219 554 314 508
 189 241 373  53 250 595 519 562  84 467 151 424 380 528 369 530 210 599
  54 107 412 507 162 637 304 198 376 529 503  50 129 477 133 338 302 536
 266 475  85 265 440 504   9  76 183 333 282 334 108 287 436 411 139 639
 362 577 112 339   5 215  74  19 621 583 372  17 342 336 601 420 296  89
  11 321 132 230 515 303  68 240   1 385 654 135 453 443 197 628 262 387
 600 622 605 291   2 173 164 390 627 152 165 501 548  58  12 543 207 396
  10  20 449  46 267 586 298 644 414  57 130   3 168 430 128 569 537 607
 244 609 285  79 435  44 531 174 194 544  52 117 614 208 468 275 226 516
 331 625 495 299 220  95 180 526 650   7 293  26 602  70 594 308 343 145
 172 335  93 153 514 346 341 120 480   8  49 209 131 101 506 400  77 492
 523 221 403 425 363  60 268 485 155 478 527 393 446 386  56 273 225 578
  30 177 510 582  63 618 217 187 547 571 538 431  21 382  96  28 563 352
 402 381 179 169  18 111 568 307 473 545 623 398 318 383 555 521 357 315
 199 394 138 253 481 432 399 593  78  94 597 457 297 294 309 454 378 316
 246 437  62 247 371 407 281 611 319 653 598  90 161 292 389 140 263 184
 617  39 417  32 553 524  40 471 163 533 229 290 535 278 121 426 326 574
 494 142 428  42 499 193 397 149  81 166 310 456 418 125 643 300 359  45
 176 587 116 560 118 470 610 633 350 324 632 223 345 484  72 259  36 233
 289 442 573 344 410 612 356 109 429 367 441  97 171 512 575 448  83 360
 648 630  80  15   0 211 148 114 127 558 483 626 368  98 532 137 565 312
 231 271 134 624  38 561 251 646 190]
GPU0
set random seed!
finished RVND in 9.53779792786s
data-line;initial_solution;276761380;final_solution;14023983;time;9.53779792786;counts;926;fv;[];cv;[531, 255, 132, 7, 1];imp;19.7348627704
