pydf_home: /home/rodolfo/git/Sucuri
simple_pycuda_home: /home/rodolfo/git/simple-pycuda
wamca2016path: /home/rodolfo/git/wamca2016/
localpath: /home/rodolfo/git/dvnd-df/code/dvnd-df/src/
WAMCAPATH:/home/rodolfo/git/wamca2016/
Using already created file:  wamca2016lib.so
Size: 226 - file name: 03_pr226.tsp
ns:  [<function <lambda> at 0x7fe5e48f70c8>, <function <lambda> at 0x7fe5e48f7140>, <function <lambda> at 0x7fe5e48f71b8>, <function <lambda> at 0x7fe5e48f7230>, <function <lambda> at 0x7fe5e48f72a8>]
ns:  [<function <lambda> at 0x7fe5e48f7140>, <function <lambda> at 0x7fe5e48f7230>, <function <lambda> at 0x7fe5e48f71b8>, <function <lambda> at 0x7fe5e48f72a8>, <function <lambda> at 0x7fe5e48f70c8>]
185866893-[176 159 185  20  45  51 196 166 109  49 179 132  94  57  80  70  17   4
 131 187  73 161  16 148 101  91 110 225 119 134 180 140  90 147   9 114
  64  40 214  28 104 199 223  79  19 219   5  87 126  44 224  23 172 116
 124  61  30  24 190  46  26 213  25  38 167 178 198  62  53 220   1  33
  48  59 204 108  54 211 152 201 130  69 118  67 117   8  86 137 205 177
 157 192 173  36  84 189  81   0 154 107 106  98 174 100 139   6 151 103
  35 171 164  18  15 150 212 111  74 143   3 193 169  95  82 156 142  97
 206  41  13 125  43  22 181 129  11  42  21 122 145  56 165  31   7 195
 149 182  60 127  63  99 221  85  96  93 123 194  10 112 183 153 133 120
 136 121  75  47  14 207 217 216  78  71  37  29  39 202  55 144 218  34
 170 197 138 160  52 200 163 115  88 135  66 113 102 210  83  92 186  77
 141  68 188  65 155 168  58 184  27  72 158  50 146 128 222  89   2 175
  12 203  76 105 162 208 209 215 191  32]
GPU0
set random seed!
finished RVND in 3.05370187759s
data-line;initial_solution;185866893;final_solution;7416219;time;3.05370187759;counts;458;fv;[];cv;[348, 73, 33, 2, 2];imp;25.0622174183
