pydf_home: /home/rodolfo/git/Sucuri
simple_pycuda_home: /home/rodolfo/git/simple-pycuda
wamca2016path: /home/rodolfo/git/wamca2016/
localpath: /home/rodolfo/git/dvnd-df/code/dvnd-df/src/
WAMCAPATH:/home/rodolfo/git/wamca2016/
Using already created file:  wamca2016lib.so
Size: 783 - file name: 07_rat784.tsp
ns:  [<function <lambda> at 0x7f9688eba0c8>, <function <lambda> at 0x7f9688eba140>, <function <lambda> at 0x7f9688eba1b8>, <function <lambda> at 0x7f9688eba230>, <function <lambda> at 0x7f9688eba2a8>]
ns:  [<function <lambda> at 0x7f9688eba2a8>, <function <lambda> at 0x7f9688eba140>, <function <lambda> at 0x7f9688eba230>, <function <lambda> at 0x7f9688eba0c8>, <function <lambda> at 0x7f9688eba1b8>]
70634424-[456 706 332 527 719 311 220 378 653  81 165 160  45 625 133 692 720 426
 434 622 297 267 733 327 509 232  67 756 505 202 324 605 447 567 655 176
 662 504  89 548 731 147 312  88 377 652 532 305 136  46 171 724 400 779
 252 253  32 130 540 580 445 163 381 777 729  82 700 679  91 715 397 778
 556 671 159 450 589 476 223 687 277 425 718 497 217 529 528 631 675 596
 323 355 213 198 584 659 380 215 590 481 619 574   9 467 299 100 749 265
 416 190 105  23 608 583 699 178  36 698 520 508 646 599 674 373 634 638
 367 325 354  15 303 290 680 767   5 758 294  13 654  59 462 345 226 365
 229 374 524 603 454 361 594 207 694 129 742 686 257 254 501 755 507 775
 228 474 127 612 371 211 484  72 683 177 186 458 591 403 166 143  10 387
 433 576 406 417   8 542 455 111 641 588 393 604 412 512 180 295 533 624
 242 408 601  43  74 479 711 243 628 413 248 308 109 716 771  20 753 549
 154 770 644 338 173 335 108 521  12 443 563 613  39 473 703 414 394 259
 219 227 475 418 191 383 688  83 363  52  86  97 409  85 695 113 502  37
 451  24 139 261 379 678 309  16  73 135 341 364 566 122  50 586 465 331
 747 399 708 531 639 161 723 292 102 230 313 486 581 197 119 411 516 587
 142  19 498 204 368 607 618 175 351 575 437 430   1 459 225  56 640 106
 101 727 614  87 518 357  30 168 151 322 595 689 453  71 444  75 249 427
 182 301 617 360 358 245 352 721 389 205 321 592 661 302 491 342 199 206
 140 270 666 164 492 649 126   6 395 432  98 366 495 696 344 726 131 705
 337 405 693 553 436 201 269 369 766 751  54 343 633 636 120 623 781   4
 112 320 712 658 739 235  77 107 488 428 772 768  51 763 630 464 483 396
 283 155 725 284  27 572 642 554 390 419 546  35 656 730 157 629 103 401
 571 258  78  66 372 422 722  84 188 138 735 746 272 386 162 672 499 222
 286 547 573 370  41 407 564 736  61 741  99 376 318 545 348 647 511 392
  90 759  28 336 602 500 316 704 346 193 281 420 469 110 597 463 391 558
 334   3 382 673 616 776 562 280 121 333 233 615 559 146 482  65 239 745
  62 643 314 645 707 170 610 203 359  49  29 544 510 244 195 764 350 306
 555 685 150 118 761 676 523 682 385 717 145 487 568 298  60  34 263 551
 701 293 172 743 477 541 402 489 569 560 241 278 183 192 246 670 174 740
 144 429 470 543 691  55 421  42 169 552  69 714 291 457 606 665 461 347
 319 282 134 300 519 752 503 439 247 684 441 431 609 289 466 538 200 260
 765 158  53  95 738 404  57 124 561 773 744 304 114 234  96 713 535 415
 271 423 585  21 149 256 539  64 637 485 782 582 273 536 750 279 446 208
 650 600 224  22 648 353  63 577 296  14  44 478 339 210  38   0 774 104
 137 657 209 635 148 356 262 310 221 153 424 240 593 285 196 264 780 760
 152  26  80 530 448 251 123 328 231 737 472 216 340 494 664  58 268   7
 651 274 728 525 375 762 266 250 632  92 598 757 184 349 330 557 185 663
 128 526 667 179 438 214 449 690 754 435 187   2 537 620  93 496 141 710
 442  79  48 288 669 218 515 697 490 189  40 125 115 748 471 117  11 626
 578  18 579 452 116 627 238 167 398 317 212 534  25  17 287 194 681 506
  33 517 660 255 468 236 709 734 410  76 668 522 384 493 326  31 513 275
 388 514 315 276  70 362 570 621 132 329 156  68 611 307 181 732 237 440
 460 565 480 769  47 702 550 677  94]
GPU0
set random seed!
finished RVND in 11.8439440727s
data-line;initial_solution;70634424;final_solution;3440680;time;11.8439440727;counts;874;fv;[];cv;[515, 233, 108, 14, 4];imp;20.5292046921
