pydf_home: /home/rodolfo/git/Sucuri
simple_pycuda_home: /home/rodolfo/git/simple-pycuda
wamca2016path: /home/rodolfo/git/wamca2016/
localpath: /home/rodolfo/git/dvnd-df/code/dvnd-df/src/
WAMCAPATH:/home/rodolfo/git/wamca2016/
Using already created file:  wamca2016lib.so
Size: 501 - file name: 05_TRP-S500-R1.tsp
ns:  [<function <lambda> at 0x7f4be06d60c8>, <function <lambda> at 0x7f4be06d6140>, <function <lambda> at 0x7f4be06d61b8>, <function <lambda> at 0x7f4be06d6230>, <function <lambda> at 0x7f4be06d62a8>]
ns:  [<function <lambda> at 0x7f4be06d60c8>, <function <lambda> at 0x7f4be06d6140>, <function <lambda> at 0x7f4be06d61b8>, <function <lambda> at 0x7f4be06d6230>, <function <lambda> at 0x7f4be06d62a8>]
32847982-[  1 364  17 469  57 343 418 279 293  62 426 324 292 287  27  77 281 201
  63  74  93 141 198 425 119 296  34   6 495 350 441 206 303 270 387 220
 237 106 493 219 373  51 393 389 388 223 265 354 100 263 352 433 267 318
  96  61 160 494 203 322 481 430 157 432  39  45 477  16  85  69  68 101
 121 309 261 307 332 403  88   9  50 470 361 424 280 484 162 174 184 124
  52 406 238 325 295 479 304 302  48 415 103 408 374 251 471 226 451 429
 357 316 134 235 234 171  24 465 155 348 243 448 499 225 289 476  47 274
 396   4  42 347 460 107  81  13 427 341 266 132 216 467  90 213 282 204
 367  12 190 258 113 115 180  53 110 214  97 236 310 336 301 207 192 306
 156 158 420  87 498 376 355 394 222  56 423 146 488 271 356 344 284 252
 109 385  58 480 321 212 334 440  67  89 490 450 143 436 455  14  73 412
 215 272 112 452 366 453 486 199 428 463  35 256 346 176 337 189 447 407
 278 313 129  83 117 404 472 104 434 147  94  10 459  43 410 326 482 211
 315 193 419  98 130 221 264 288   3  59 391  15 183 140 197 168 260  76
 194  72 153  30 175 475 368 439  60 414 360  86 131 405  38 297 371 454
 328 473 497 329 164 283  78 224 491 135 186 285 349  37 114 136 239 330
 339 166  36 383 181 253 342 242  41 139 173  54 422 246 333 116 437 248
 386 205 446 259 397 195 496  22 291 478 457 185 474 118 395 275 317 320
  99 381 298 290 254 191 179 277   0 340 209 210 123  23 311 268 231 178
 444 233   5 417  65 372 400 416   7 249  21 327  40 127 196 177 380 413
 464 144 384 269 335 338 105  84 232 314 245 227 363 200 443 398  44 150
 108 461 353 126 409 370 442  49 244  20 122 240  25  71 218 294  11 377
 358 230 390  95 435 319 379 255 365 208 345 375 241 151 152 148  75 276
 378 165 145 163 312 489 399 299 228  28  32 392 468 137 458  29 187  66
 445 149 382 257 172  70 188 402 487 273 421 159 431  31  82  92 286 128
  55 359 229 369 217 182 466  46 483 351  33 411 462 456  91 169  26 138
 362 167   2  80 161   8 300 308  18 449  79 323 331 133 142 500 102 250
 492 305 262 247  64 438  19 125 111 154 202 401 170 120 485]
GPU0
set random seed!
finished RVND in 4.9877371788s
data-line;initial_solution;32847982;final_solution;2059318;time;4.9877371788;counts;621;fv;[];cv;[385, 149, 80, 5, 2];imp;15.9509031631
