pydf_home: /home/rodolfo/git/Sucuri
simple_pycuda_home: /home/rodolfo/git/simple-pycuda
wamca2016path: /home/rodolfo/git/wamca2016/
localpath: /home/rodolfo/git/dvnd-df/code/dvnd-df/src/
WAMCAPATH:/home/rodolfo/git/wamca2016/
Using already created file:  wamca2016lib.so
Size: 783 - file name: 07_rat784.tsp
ns:  [<function <lambda> at 0x7f98109fa0c8>, <function <lambda> at 0x7f98109fa140>, <function <lambda> at 0x7f98109fa1b8>, <function <lambda> at 0x7f98109fa230>, <function <lambda> at 0x7f98109fa2a8>]
ns:  [<function <lambda> at 0x7f98109fa1b8>, <function <lambda> at 0x7f98109fa230>, <function <lambda> at 0x7f98109fa0c8>, <function <lambda> at 0x7f98109fa140>, <function <lambda> at 0x7f98109fa2a8>]
70020128-[281 624 575 208 641 666 133 206 138 433 629 482 153 189 216  61 596 323
  35 377 365  52 342 373 616  78 385 185 324 521 615 743 218 465 235  23
 248 331 756  53 268 197 156 547 220 195 249 135 591 190 532 380 669 538
 139 597 527  77 772 106 630 705 247 461 777 192  79 541 598  55 715 464
 201 619 468 637 755 503 678 176 766 152 697 765 665 486 404 539  24 428
 600 727 724  44  29 692 408  38 242 396  18 436 277 348   1 388 558 214
 423 534 515 744 295 701 161 340 366 536 121 234 413 232 203 511 169 625
 594  33 317 456 676 429 349 253 648 512 617 694 748  39 374 112 177 779
 584 702 172 490 513 289 757 476 776  60 308 346 146 487 354 325 355 642
  31   0 685 272 540 478 450 589 610 553 711 415 773 769 117 654  71 595
 434 278 358 113 713 693 207 205 285 421 509 397 321 213 360 477  42 570
 260 698  41  19 466 381 537 393 333 306 114 215 343 328 601 303 446 186
 763 719 657 100 329 336 455 471 163 240 319 474 721 130 463 572  92 339
 259 552 386 212 411 722 125 395 327 485 493 635 188 244 585  27 226 580
 647 164 271  84 337 286 557   7 356 309 107 258 609 264 739 257 656  30
 227 573 320 605 550 679 400 768 357 514 559 191 563 623  12 506 655 778
 204 645 179  50 300 448  56 432 178 495 473 347 219 270 142 526 671 516
 439 535 707 646 687 267 632 568 406 621 199 740 706 717 372  51 762 414
 252  49 298 603 193 181 714  97 143 154 691  43 533 183 443 674 307 508
 416 211 479 498 520  34 241 562 194 529 326 229  72 614 683 451 582 662
 640 738 775 530 420 119 280 131 437 690 730 430 246 767 735 544 122 315
 560  85 481 703  13  58 200 470 590 261 378 627 673 440 754 148 405 224
 116 124  65 403 505  95  68 612 699 293 554 708 150   8 453 239 322 274
  28 626 650 726 129 273 704  20 720 587  45   2 302 162 402 284 571   9
  93  94 369 531 128 233 599 507 736 110 500 649  82 545  76 263 667 168
 425 332 501 255  17  26 638 672 578 147 651 488 734 681 716 452 546 314
 184 747 419 670 613 444 364 231 384 611  89 675  88 288  54 316 350 510
 409 283 751 140 472 519  86  63 454 145 660  70 746 251 102 210 592 175
  25 732 338 115 256 367  74 159 265 518 634 583 556 305 774 742  22  75
 375 392 484 551 718 228 223 103 301 141 292 310  91 344 682 771 548  69
 391  48 606  40 462 737 118 593 312 781 123 262 677 633 401 761  59 330
 543 759 398 504 167 297 725 480 658 417  46 296 108 359 238 160 382 460
  81 304 561 565 351 287  32 758  87 680 469 442  83 652 639  64 445 586
  21 217 581 579 728 221 483 749 435  98 729 618 525  10 700 753  57 334
  36 243 101 607 752 266 187 276  16 684 502 390 733 290 782 576 489 269
 335 132 136 522 492 174 299 254 236 688 427 764 564 196 566 659 237 653
 663 689 368 549 620 151 491  11 313 291 157 723 399 431 182 275 668 695
  90 166 144 202 311 661 158 496 741 279 120 528 567 467 447 165 441 407
 523   4 569 604 631 250 457   6 370 361 731 394 760 577 574 664 126 459
   5 111 588 352   3 608 389 353 209 410 294 602 770 475 134 710 198  62
 109 230 426 155 497 499  73 173 780 750 636 709 418 341 137 412 387 686
 628 622 225 170  37 105  67 362 149 376  99 745 517 371 180 424 383 245
 555 712 422 438  96  14  66  47 363 345 127 542 449 171 644 379  15 494
 104  80 524 643 318 282 222 696 458]
GPU0
set random seed!
finished RVND in 14.3644180298s
data-line;initial_solution;70020128;final_solution;3440744;time;14.3644180298;counts;1148;fv;[];cv;[650, 300, 167, 23, 8];imp;20.3502870309
