pydf_home: /home/rodolfo/git/Sucuri
simple_pycuda_home: /home/rodolfo/git/simple-pycuda
wamca2016path: /home/rodolfo/git/wamca2016/
localpath: /home/rodolfo/git/dvnd-df/code/dvnd-df/src/
WAMCAPATH:/home/rodolfo/git/wamca2016/
Using already created file:  wamca2016lib.so
Size: 318 - file name: 04_lin318.tsp
ns:  [<function <lambda> at 0x7ff2957a80c8>, <function <lambda> at 0x7ff2957a8140>, <function <lambda> at 0x7ff2957a81b8>, <function <lambda> at 0x7ff2957a8230>, <function <lambda> at 0x7ff2957a82a8>]
ns:  [<function <lambda> at 0x7ff2957a81b8>, <function <lambda> at 0x7ff2957a82a8>, <function <lambda> at 0x7ff2957a8230>, <function <lambda> at 0x7ff2957a8140>, <function <lambda> at 0x7ff2957a80c8>]
94665881-[ 13 194  64 311 271 189 104 306 125 147  41 270 179 298 225  86 177 167
 267 129  87  61 153 305  97 293  24 221 144  69 176 232 154 287 256 216
 102 284 119 136 250 101 240 110   3 207 109  99 127 201 248 186  43 278
 282 122  89 273 254 292 196 190 242  22  26 205  27 227  23  34 315   4
  79 130  47 302   6 217 226 247 108 114 204  33   5 113 160 237  95  18
 171 126 304 277 251  19  78 170 238  39  77  37  62  51 111 155  11  38
  71 220 312  42 198 105 228 142 107 296  56  49 229  53 199 223 279 253
 252 210 195 268  32  59 295 219 243   7 116 157  31 112 283  84 275 166
 169  96  20 215 291 212  46 208  91  10 265 180  52  94 313 139  14  67
  12  29 262 203 178 281   9 290 233 261 258  92 121  93 158 103  17 316
 187 172 303 211 241  82  21 239 148 159 307 230 300  60 263 191  30  65
 138 308 146 135  90 175  73 145 149 234 132  45 184  28 285 117  74 231
  36 259 213   0 245 280 299  15 244 317   2  68 141 309 124  66  72   8
  85 224 301 140 137 181  98 131 134 218 115 249  80  70  54 133 164 222
 246  88  48 310 209  81 192 197 168 257 202 214 269  25 272 260 193 185
 161 200 235 255 182 294  58 183  50 152 266 163  44 174   1 128 288 143
 123  16 100 286 188 106  40 276  76  57 165  83 173  35  63 156 236 150
 274 120 314 264  75 297 151  55 206 289 162 118]
GPU0
set random seed!
finished RVND in 3.06574988365s
data-line;initial_solution;94665881;final_solution;5958946;time;3.06574988365;counts;399;fv;[];cv;[257, 98, 35, 7, 2];imp;15.8863465116
