pydf_home: /home/rodolfo/git/Sucuri
simple_pycuda_home: /home/rodolfo/git/simple-pycuda
wamca2016path: /home/rodolfo/git/wamca2016/
localpath: /home/rodolfo/git/dvnd-df/code/dvnd-df/src/
WAMCAPATH:/home/rodolfo/git/wamca2016/
Using already created file:  wamca2016lib.so
Size: 318 - file name: 04_lin318.tsp
ns:  [<function <lambda> at 0x7f4c14d470c8>, <function <lambda> at 0x7f4c14d47140>, <function <lambda> at 0x7f4c14d471b8>, <function <lambda> at 0x7f4c14d47230>, <function <lambda> at 0x7f4c14d472a8>]
ns:  [<function <lambda> at 0x7f4c14d47230>, <function <lambda> at 0x7f4c14d471b8>, <function <lambda> at 0x7f4c14d47140>, <function <lambda> at 0x7f4c14d472a8>, <function <lambda> at 0x7f4c14d470c8>]
93364637-[220 300 170 110 278 177  53 277 225 185 249 103 143 298 204  89 125 316
  96 235 203  58 186 148 216 158  98 259 304 118 208   0  71 234  43 173
 241 136 182  20 175 210 239  93 275 309 271 314  81 317 113 193  52 132
 160 286 267  33 281 315  11  83  19 302 191 237  28  87 153  23 226  88
 166  85 308 242  35 163 168  36  34 229 295 246 290 307 310  16 137 157
 201 122   9 100 313  22 133  54 213   5 211 165 154 230  59 169 119  32
 301 289 183  82 280  31 232 264 276 179  69 247   4  48 194 202 151 129
 124  63  49 293 287 214 196  39 311 207 109  77  91 199 243 248 228  38
 252 106  26 117 245 306  92  62 273  17 120 155 101 217 253  14 174 218
 303 104  61 284 161 192  55 134  37 102  10 146  24 269 296 285 209  80
 279   6  65 206  42  29 195 292 150 294 262 227 181 162 107 244 159  57
  67  72 282 212 189 200 121 274 255  27 231 215 236 224 238 190 144 141
 197 178   1 263 198 268 305 251 164 128 258  70 250 299 156  41  97 114
  64 265  73 131 260 219 266  66 112   7  68 240 283 171  84  50  99 123
  25  60 291  90 111 257  18 233  13  30 130  86 272 167 152 223  46 127
 221 176 139 172 105 142  40  12 147 180 115  15 261  51  75 149  95 256
 138 145 140 312  45 135   2 297  44   8 126  21 288 254  78 270 116 184
 188   3  94 187  56 205 222  79  47  76 108  74]
GPU0
set random seed!
finished RVND in 2.23355007172s
data-line;initial_solution;93364637;final_solution;6236277;time;2.23355007172;counts;398;fv;[];cv;[240, 103, 45, 8, 2];imp;14.971213915
