pydf_home: /home/rodolfo/git/Sucuri
simple_pycuda_home: /home/rodolfo/git/simple-pycuda
wamca2016path: /home/rodolfo/git/wamca2016/
localpath: /home/rodolfo/git/dvnd-df/code/dvnd-df/src/
WAMCAPATH:/home/rodolfo/git/wamca2016/
Using already created file:  wamca2016lib.so
Size: 783 - file name: 07_rat784.tsp
ns:  [<function <lambda> at 0x7f34ccc370c8>, <function <lambda> at 0x7f34ccc37140>, <function <lambda> at 0x7f34ccc371b8>, <function <lambda> at 0x7f34ccc37230>, <function <lambda> at 0x7f34ccc372a8>]
ns:  [<function <lambda> at 0x7f34ccc37140>, <function <lambda> at 0x7f34ccc371b8>, <function <lambda> at 0x7f34ccc370c8>, <function <lambda> at 0x7f34ccc37230>, <function <lambda> at 0x7f34ccc372a8>]
70118873-[688 609 340 745 520   2 580 630  47  29 534 114 142 521  48 208 198  70
 739 152 135 769 232 694 708 168 321 272 457 423 510 485 276 633 558 557
 697 298 568 678 264 551 353 760 448  35 603 429 505 439 447 762 574 177
 566 456 656  89  57 420 643 233 777  54  91  73 253 278 362 383 693 201
 371 737 159  97 188 263 131 556 650  41 350  87 126 221 502   4 156 581
 252 283 524 226 327 378 339 561 518 134 766  25 215 675 137  46 164 130
 646 162 523  71 300 666 111 589 512 746 207 165  17 417 109 702 560 332
 724 437 436 424 294 773 249 402 730 291 541 464 443 454 440 171  83 751
 699 161 243 125 205 780 492 259 336 361 532 390 767   7 725 328  60 506
 450 121 248 468 106 498 185 369 517 632 419  28  53 401 297 277 577 282
 726 639 155 668 554 426 235 525 559 614  52  32 204 754  72  38 616 460
 262 251 370 604 673 528 189 467 563 216 476 410 469  11 398 584 508 569
 685 112 380 341 310 765 565 178 179  30 480 490 344 757  19 596  42 228
 753  75 622 575 738 287 538 659 305  81 494  99 692 662 279  23 197 493
 273 293 545 627  12 713 477   3 129  39 478 606 624  98 240 680 634 748
 335 314 619 758 689 536 562 319 590 343 184 192 586 466 182 572 533 637
 271 458 167 190 770 625 431 105 320 104 346 585  77 230 421  26  90 392
 239 348 324 103 176  15 166 509 602 416 254  64 698 553 231 206 150 368
 245 144 597  13 703 635  33 727 611 409 570 247 322 720  74 610 427 470
 733 547 217 355  40 764 583 744  61 140 411  63 653 358 741 256 658 670
 127   5 100 141 306 266 430 428 202 101 651 386 234 719 170 721 535 696
  21   0  78 461 578 540 743 214 354 220 363 195 309 605 236 193 723 133
 274 600 582 299 210 717 356 303 750 465 684 288 290 472 667 224 412  50
 761 735 108 376 716 148 491 593 768 391 374 529 453 539 687 132 120 474
 499 649  96 244 158 701 381 576  34 704 124 459 714 712 462 706 588 579
 657 223 143 513 372 452 479 225 567 686 691 705 345   1 552 296 695  85
 740 640  67 489 451  16 629 495 203 592 679 631 292 729 364 709 147  20
 413 241 123 295  59 665 280 674 394 775 175 548 683 642 117 564 275 116
 645  45 676 681 598 422 742 102 542 388 507 316 449 334 393 628 227  79
 301 594 515 351 404 406 710 115 530 573 749 690 621 304 482 481 151  44
 677 648 349 486 425 672 774  66 173 435 366 664 307 145  65  22  31 395
 323 331 160  69  58 237 755 326 682 511 352 550 654 571 325 399  62 113
 261 110 313  92 752 187 285  95  27 312 779 329 107 608 441   8 483 728
 722 671 174  56 497 661 118 138 229 781 338 711 122 415 333 500 731 211
   9 357 255 718 537 260 736 181 268 771 475 180 375 463 315 700 543  18
 446 308  10 242  84 669 527 636 139  55  68  49 281 136 379 442 396 531
 522 514 387 382 219 519 238 546 405 618 434 488 186 246  43 347 504 612
 526 157 194 444 407 715 549 212 617 626 146 154 503 438 265 759 269 360
  36 209 169  88 782 257  51 623 587 516 403 638 455 389 359 414 734 218
  24 397 471 595 317 433  94 487 663 555 756  93 337 484 660 473 599 607
 270  76 776 311 772 153 747 432 418 302 732 373 385 222 544 342 330   6
 778 318  14 199 163 591 149 655 400 183 707 652 445 119 250  37 615 267
 128 286 601 258 377 365 172 384 289 284 496 367 613 501 196  86  82  80
 408 620 191 641 200 647 213 763 644]
GPU0
set random seed!
finished RVND in 12.9809041023s
data-line;initial_solution;70118873;final_solution;3413692;time;12.9809041023;counts;1007;fv;[];cv;[580, 257, 145, 23, 2];imp;20.5404802191
