pydf_home: /home/rodolfo/git/Sucuri
simple_pycuda_home: /home/rodolfo/git/simple-pycuda
wamca2016path: /home/rodolfo/git/wamca2016/
localpath: /home/rodolfo/git/dvnd-df/code/dvnd-df/src/
WAMCAPATH:/home/rodolfo/git/wamca2016/
Using already created file:  wamca2016lib.so
Size: 318 - file name: 04_lin318.tsp
ns:  [<function <lambda> at 0x7f3549b650c8>, <function <lambda> at 0x7f3549b65140>, <function <lambda> at 0x7f3549b651b8>, <function <lambda> at 0x7f3549b65230>, <function <lambda> at 0x7f3549b652a8>]
ns:  [<function <lambda> at 0x7f3549b652a8>, <function <lambda> at 0x7f3549b65230>, <function <lambda> at 0x7f3549b651b8>, <function <lambda> at 0x7f3549b650c8>, <function <lambda> at 0x7f3549b65140>]
88821529-[ 91  75 292  52 242 251 112 212 194  49 235 263 264 257 265  24 271 102
 152 200 195  27  69 291 168  79 163 113 267  78  21 125 135 138 117 281
 132 199  15 115 109 224 245  22  61 118 137 189 172  93  45  87 317 290
 229 155 173 220 123  57 306  44  66 300  63  98 140 243 202  20 209 196
 203  84  89 162  97 274 216 230   7  32 156  23 299 193  70  53 148 218
 206  51 303 287  68   3 154 222 266  50   6  41  11 298   1 147  18 254
  43 175 207 210 244 284 214 282  88 256 241 176 217  64 253  10  35  82
 159  46 311  34 190 180 270  96 307  36 259 280  25 107  19  42  62  67
  30 252 182 184  65   4 145  14 232  71 285 225  12  17 305 249 294 158
 316 104 136 157  16  54  40 208 106 238 247 151 186 278 276 114 236 165
 160 197 272  90 269 153   8 240  29 283 124   0 289  81 250  48  13  94
 100 101 258  38 127 231 233 129 143  59 178 105 221  28 103 116  76 301
 164 121  31 177 275 144 141  77 211  83 234 219 142 119  60 213 150 169
  37 215 201  55 131 255 167 192 204 310 297 120  92   2 139 304 188 302
 183  26  33 268 198 146   5  39  80 108  72 223 239 179 149  73 312 134
 128 191  85 187 161 295 226  99 261 227 262 171 130 111 174  58  95 166
 315 309 237 133 277 126 279 313 314  74   9 308 170 110 248 246  56 260
 288 205 296  47 273 228  86 122 181 185 293 286]
GPU0
set random seed!
finished RVND in 3.11040687561s
data-line;initial_solution;88821529;final_solution;5997933;time;3.11040687561;counts;347;fv;[];cv;[223, 82, 35, 6, 1];imp;14.8086897603
