pydf_home: /home/rodolfo/git/Sucuri
simple_pycuda_home: /home/rodolfo/git/simple-pycuda
wamca2016path: /home/rodolfo/git/wamca2016/
localpath: /home/rodolfo/git/dvnd-df/code/dvnd-df/src/
WAMCAPATH:/home/rodolfo/git/wamca2016/
Using already created file:  wamca2016lib.so
Size: 657 - file name: 06_d657.tsp
ns:  [<function <lambda> at 0x7f864060d0c8>, <function <lambda> at 0x7f864060d140>, <function <lambda> at 0x7f864060d1b8>, <function <lambda> at 0x7f864060d230>, <function <lambda> at 0x7f864060d2a8>]
ns:  [<function <lambda> at 0x7f864060d230>, <function <lambda> at 0x7f864060d0c8>, <function <lambda> at 0x7f864060d1b8>, <function <lambda> at 0x7f864060d140>, <function <lambda> at 0x7f864060d2a8>]
285148391-[127 252 126 146 506 569 352 533 390 407  35 359 540 350 209 630 326 615
  65 214 539 563 187 549 205  58 416 232 219 393  46 336 415 635 168 383
 217  88   4 378 118  23 184 479 610 149 327 632  29 493 246  25 609 134
 124  61 409 305 162 361   0 600  48 417 166 509 502 527 620 114 340 452
 141 346   8 231 233 446 321 587 410 651  45 160 271 551 432 424 617 208
  63 382 389 201 426 245 364   5 213 161  68 192 583 286 375 144  73  44
  93 447 115 101 556 468 159 608 189 121 147 404 120 332 505 602 110 422
 612 204 503 437 637 140 553 412 403 345 430 277 517 240 531 136 562 154
 341 356  52 151 573 490 589 486 450 499  82 218 536 593 616  98 643  85
 398 501 419  77 132 324 386 381 379 278 522 318 443 457 532 624 148 130
 405 216 238 448 171 276 330 273 606 196 111 158  34 229 372 237 515 570
 310 402 258 530 516 542 362 601 181 580 139 283 590 215 588  39 576 577
 351 242 445 155 647 488 524 554 472 275 511 338 646 176  51 572 200 316
  55 487  37 434 113 261 304 640 254 199 223 102 108 469 230 607 611 244
 514 592 264 557 463 290 564 172 582  96 303 482   6  26   9 440 279  71
 604 270 598  89 439 433 526 358 280 104 236 128 235 456 337 202 323 353
 625 222  60 377 182 293 497 512 423 555  79 655 138 653 652 429 106 262
 371 591 249 363 421 253 370 152 568  42  54 619 639 315 500 313 294 131
 248  41  74 306 257 552 288  80 441  16 369 228 400 142 157 411 225 597
 247 520 197 112 626 343 263 328  78 492 523 119 622 594 470 638  15  66
 558  64  83 291 211 628 442 534 354  90 483  30 642 455 621 462 545 435
 173 203  87 489  56 496 260 510 329 453 401 289 186 519 224 178 122 395
 307 105 193 164 272 282 103 292 349 650 117 325 319 399  67 454 137 335
 302 195 596 167 476 210 226 475  94 150 599 374 394 418   7   2 267   1
  21 528 392 314 250 459 169  97 654 109  43 449 123 567 460 301 342 300
 299 484  32  69 384 165 227 413  84 538 543 544 645 579 425 631 357 559
 153 188 521 295 183 473 308 180 641 320 480  38 368 575 406 239 414 466
 627 175  81 296  76 420 397 546 478 507 297  70 234  95 177 373 268 143
 333 436 312 317 396 618 344  86  13 451 623 198 581 360 100 467 525  11
 116 221 366 194  62 309  17 561 145 163 348 385 444  40 367 107  75 636
 495 464 133 541 529 461 241 481 170 298   3 284 274 458 595 287  33 513
 355 251 243 648 266  28 365 465 206 574  91 322 485 347  27 135  72 125
 498 471 380 504 613 255  36  22  99 431 477  20 633 491 560  24 391 535
 191  92 269  47 518 220 207 614  57 387 265  50 376 281 339 629 578 388
 571 156 537 548 550  19 334 311 179 427 584 566  18  12 634  10 586 256
 474 185 259 408 585 494 547 190  59 603 644 565 438  31 331  53  49 428
 129  14 656 174 212 605 285 508 649]
GPU0
set random seed!
finished RVND in 8.10146808624s
data-line;initial_solution;285148391;final_solution;14849736;time;8.10146808624;counts;800;fv;[];cv;[489, 203, 93, 11, 4];imp;19.2022532252
