pydf_home: /home/rodolfo/git/Sucuri
simple_pycuda_home: /home/rodolfo/git/simple-pycuda
wamca2016path: /home/rodolfo/git/wamca2016/
localpath: /home/rodolfo/git/dvnd-df/code/dvnd-df/src/
WAMCAPATH:/home/rodolfo/git/wamca2016/
Using already created file:  wamca2016lib.so
Size: 501 - file name: 05_TRP-S500-R1.tsp
ns:  [<function <lambda> at 0x7f75b8c030c8>, <function <lambda> at 0x7f75b8c03140>, <function <lambda> at 0x7f75b8c031b8>, <function <lambda> at 0x7f75b8c03230>, <function <lambda> at 0x7f75b8c032a8>]
ns:  [<function <lambda> at 0x7f75b8c032a8>, <function <lambda> at 0x7f75b8c03230>, <function <lambda> at 0x7f75b8c031b8>, <function <lambda> at 0x7f75b8c030c8>, <function <lambda> at 0x7f75b8c03140>]
33438579-[376  88 108 469 289  38 202 382  37 119 195 433 236 226  81  12 186  87
  19 120 423 199 174 413 318 316 386 135 134  27 177 324 370 278  93  91
 263 147 377 165  69 252 405 421  97 203 216 365 175 148 442 125 427 430
 340 323 336 172 333  82 321 267 335 448 251 414 222 132 143  85   7 494
 268 232 215 312 300  74  16 205 272 367 307  36 473 288 338 261 276 320
  79 322 304 349   0 456  61  59 303 393 209 398 380  35 149  47 201 111
 388 411 212 311 457 302 169  86 481 387  95 271 404 497 478 221 241 299
 374 260 354 350 447 418 194 459   8 391   9 399 131 196 400 130  78 348
 156 118 240 486  31 479 301 218 347 429 480 140 385 106 274 255 153 352
 256 168 122 444 193 224 441 313 285 452 401 366  94  52  21 437 208 138
 483 460 170 191 233  44  76 223  53 449 114 292 341  42  34 207 395 176
 128 158 250   1 422 371  29 485 389 407  10 115 358 334 406  23 124  64
 155 308   4 375 249 253  45 396 446 245 100 102 475 471 470 384 179 490
 438  24  56 139 173 297 198 225  54  49 355 167 294 345  80 171 281  39
 329 180 428 183  62 403  66  28  11 317  48 279  96 344  25 379 410 117
 465 392  77 152 315 492 188  90  18 237 109 210  63 381 235 464 137 425
 351  20 110 327  68 161  57 339 314  55 451 402 331 217 306  73 409 487
  98  92 129 150 283 151 343 242 204 145 157 123 265 450 231 482 372  26
 466 498 495 426  99 472   5 287 220  13 420 185 436 293 269 461 328 164
 190 373  70  30 346 133  43 454 160 262 445 206 467 181 383 213 291 434
 342 463 325  14 364  89 290 219 468 357 254 424 488 360 390 362 305 359
 412 286 499 184 234 330 264  60 394 266 159 126 378  71 259  84 500 227
 415 477 368 229 309 246  83 462 141  58 197 277 332 144 189 182 101 270
 273 397  41   3 127 484  32 474 282 275  67  72 419 369 142 310 361 162
 280 136 432 244 228 298  15 443 187 319 295  40 105  17 431 491   6 258
 453  75 154 116 458 363 121 248 455  46 435  51 356 163 211 243 476 296
 416 489 238 107 146 104 230 417 166 284 113 408  65 439 178 239   2 103
  22 493 200 440 247 496 326 353  33  50 112 214 337 192 257]
GPU0
set random seed!
finished RVND in 5.98043608665s
data-line;initial_solution;33438579;final_solution;2019036;time;5.98043608665;counts;775;fv;[];cv;[428, 216, 114, 14, 3];imp;16.5616556614
