pydf_home: /home/rodolfo/git/Sucuri
simple_pycuda_home: /home/rodolfo/git/simple-pycuda
wamca2016path: /home/rodolfo/git/wamca2016/
localpath: /home/rodolfo/git/dvnd-df/code/dvnd-df/src/
WAMCAPATH:/home/rodolfo/git/wamca2016/
Using already created file:  wamca2016lib.so
Size: 226 - file name: 03_pr226.tsp
ns:  [<function <lambda> at 0x7fa4687d30c8>, <function <lambda> at 0x7fa4687d3140>, <function <lambda> at 0x7fa4687d31b8>, <function <lambda> at 0x7fa4687d3230>, <function <lambda> at 0x7fa4687d32a8>]
ns:  [<function <lambda> at 0x7fa4687d30c8>, <function <lambda> at 0x7fa4687d31b8>, <function <lambda> at 0x7fa4687d3230>, <function <lambda> at 0x7fa4687d3140>, <function <lambda> at 0x7fa4687d32a8>]
185652615-[222  90  12  51 134 125 181 163   2  26 118  27  87  64 220   5  44 193
 194 203  76 173 123 112  60   4 178  36 187 211  53  96 135 105 225 208
  45  19 101   8  69  65 164  32 195 182 110 199 210 180 106  15 162 149
 141  99 147  54  11  75  48 175 188  84 108 192 184  95 221  68 116 177
 158 126  58 176  10 139 119  17 102 143  21 207 186  39 137  56  22  72
 215 189  89  70 152  94 146 107 206  78  35 115  33  91  18 117 198 104
 109  23 120  62 142 145 150 168 159   7 183 154 179  42  38  40  92 124
  59 100 114 156   9 209   3 190  52 113 166 157  57 174  20 213 132  73
  30 197  24  34  43 138 217  46 169 148 165 191 111  71  28 129  49  98
  16 224  55 171 127  29 172  81 196 155 223 151 153 218 121 201  67 128
  80  66 219  61 160  25  77  86 161   0 212 204  74 200 214 144 133  13
 103 131  85 185  93 202 167 136  88 216  63  79  41  14  31  97 140   6
 130 122 205   1  83 170  82  47  37  50]
GPU0
set random seed!
finished RVND in 2.62763810158s
data-line;initial_solution;185652615;final_solution;6738821;time;2.62763810158;counts;491;fv;[];cv;[425, 51, 13, 1, 1];imp;27.5497175248
