pydf_home: /home/rodolfo/git/Sucuri
simple_pycuda_home: /home/rodolfo/git/simple-pycuda
wamca2016path: /home/rodolfo/git/wamca2016/
localpath: /home/rodolfo/git/dvnd-df/code/dvnd-df/src/
WAMCAPATH:/home/rodolfo/git/wamca2016/
Using already created file:  wamca2016lib.so
Size: 318 - file name: 04_lin318.tsp
ns:  [<function <lambda> at 0x7f4edff5c0c8>, <function <lambda> at 0x7f4edff5c140>, <function <lambda> at 0x7f4edff5c1b8>, <function <lambda> at 0x7f4edff5c230>, <function <lambda> at 0x7f4edff5c2a8>]
ns:  [<function <lambda> at 0x7f4edff5c0c8>, <function <lambda> at 0x7f4edff5c230>, <function <lambda> at 0x7f4edff5c2a8>, <function <lambda> at 0x7f4edff5c140>, <function <lambda> at 0x7f4edff5c1b8>]
92955386-[224  46 193  54 153  65 165  15 121 126  42 144 243  36 122  33 268   3
 109  50 105 177  84 296 226  88 283 308  20 275  45 234 259  38  47  63
  11 315 184 199 119 175 300 248  98  95 274 202  81 128 138  34 295  17
 206 118 249 161 272 289 267 146 123  41   2 237 168 178 236 155  86 256
 143   6 115  74 158 127  71 209 211  66 103  21 187  43 147 190  70 149
  49 241 207 102 176 196 270 212  26 205 285   7  76 304 313  77 261 246
  57 215 125 238 183  87  67  52 228  30 297 164 284 150  28 197 188  99
  51 169  22 227  18 114 218 278 210 179 260  60 142 317 305  44 106  39
 213 312  25 254 252 223  93  90  24 240 266 186 133 290  29  72 160 140
 180 276 291 232   0 204 269 191 302 167 264 195 131  78 288 136 203 170
 198 303 220 101   4 271 182 293 250 239 159 152  12 298 117  92 253   1
 107 265  64 135  73  31  82 139 132 244 235 281 134 185 111 156  68 279
 200 263 108  83 194  89 233 173 141 137   9 301 247 163 157 124 116 129
 307  27 219 258 277  40  58  48  56  23 273 311  37 225  13 242 208 192
 174 299 292 172 151 221 309  55 181 130 217  96  79 145 316 251 189  16
 112 166 306 280 113  94 154 314 245  19 100 287 262  62 310  35 104  53
  61  14 162   5 255 230  85   8 214 110 282  69 201 229 222 257 120  59
  91  80 171  32 231  97 216 294 148  10 286  75]
GPU0
set random seed!
finished RVND in 3.33554005623s
data-line;initial_solution;92955386;final_solution;5926663;time;3.33554005623;counts;432;fv;[];cv;[267, 110, 45, 9, 1];imp;15.6842705583
