pydf_home: /home/rodolfo/git/Sucuri
simple_pycuda_home: /home/rodolfo/git/simple-pycuda
wamca2016path: /home/rodolfo/git/wamca2016/
localpath: /home/rodolfo/git/dvnd-df/code/dvnd-df/src/
WAMCAPATH:/home/rodolfo/git/wamca2016/
Using already created file:  wamca2016lib.so
Size: 783 - file name: 07_rat784.tsp
ns:  [<function <lambda> at 0x7fee36c420c8>, <function <lambda> at 0x7fee36c42140>, <function <lambda> at 0x7fee36c421b8>, <function <lambda> at 0x7fee36c42230>, <function <lambda> at 0x7fee36c422a8>]
ns:  [<function <lambda> at 0x7fee36c420c8>, <function <lambda> at 0x7fee36c421b8>, <function <lambda> at 0x7fee36c42230>, <function <lambda> at 0x7fee36c422a8>, <function <lambda> at 0x7fee36c42140>]
69879806-[445 221 721 566 199  56 135  83 613 219 172 538 197 254 378 556 597 224
 696   1  59 561 512 373 165 360 386 168 392 400 585 764 419 361 233  14
 557 170 280 238  47  75 615 719 213 408 223 422 286 568  99 728 217 499
 382  43 273 622 550 277 359 311  73 250 528 722 446 651 430 494 596 285
 559  69 301 456 176 727 365 614 570 403 761  82 260 452 781 450 388 518
 343 309 640 675 490 326 438 462 447 677 481  67 775 427 253 562 192  85
 664 278 558 423 773 355 299  20 545 193  34   6  16 202 245 158 127 358
 421 594 146 153 124 503 121 625 308 351  37 434 428 109 627 106 138 348
 726 418 257 542 105 502  13 194 782  18  32  17 116 461 667 478 320 298
 103 687 633 731  70 295 674 259 201 449 211 195 352   9 297  64 470 303
 167 284 327 129 655 241 756  29 501 611 339 595 511 234  96 426 577 380
 533 381 710  87  15 744  88 715 540 307 560 406 104 738 521  31 609 681
 214 345 302 276 707 509 372 401 663  62 468 653 274 644 314 439 405 122
 271  76 753 207 749 404 666 255 371 534 743 196 623 477 694 571 780 157
 469 243 397 174 164 575 467 394  51 225 101 532 473 513 634  86  98 768
 443 374 451 583 645 264 432 293  95 166 178 370 342 522 711 337 514 350
 487 332 236 140 356 586 216 410 296 700 200 739 336 485 690 612 313 132
  57 265  71 683 220 229 530 762   7 720 638 149 593 584 754 118 240 515
  53 125 732 697 767 649 656 678 736  92 689 267 231 455 652 159 354 590
 646 444 729 212 364 465 398 163 306 554 262 435  41  50 411 748 525 328
  44 486 672  78 416  68 637 415 186 141 117 580 759 589 745  30 642 190
 369 228 266  45 579 329 632  97 316 610   3 679  24 393  52 626 183  19
 537 704 453 244 279 565 549 110  33 152 433 334 161 338  36 341 145  26
 484 112 454  66 151 760 113 661 289  60 399 476 413 654 111 688 346 247
 251 581 750 702 458 460 641 639 758 379 291 779 496 270 290 246 607 504
 144 765 414 636 555 714 508  11 368 670 742   0 693 544 740 608 208 643
 272 617 387 520  77 771 755 523 340 389 592 363 206  22 635  10 187 684
 603 602 215 717 763 605 493  48 222 624 133  93 606  49  39 376 391 344
 483 362 304 706 572 713 757 629 698 569 175  63  54 191 648 546 457 650
 505 479 665   5 128 709 573 733 173 671 659   4 746 471 261 395 134 489
 548 730 524 325 319 315 431 491 258 600 619 288  61 396 182 185 119 417
 685 552  65 770 377 269 114 517 123  12 466 488 425 353 335 424 100 735
 317 330  80 366 601 324  91 226 160 535 723 662 412 375 107  89 475  55
 541 242 766 539 676 390 429 312 527 177 383 498 464 349 252 747 576 620
 563 718 529 143 148 526 647 673 507 131 442 774  42  38 156 205 409 142
 776 703 519 275 660 402 147  90 630 318 322 495 686 448 239 440 300 587
 367 567 752 657 333 682 283 482 281  84 184 598 268 536 305 263 531 716
 139  21 287 171 691  23 772 724 108 599  25 181 310 162 235 578 480 248
 137 126 347 180 708 292 136 574 463 256 621 500 668  40 203 331 459 198
 741 472 227 230 543  81 441 604 712 150 510 169 564 492 588 437 769 385
 778 553 631  46 751 282   2 669 692 551 737 209 680 407 237  74 516 188
   8 506 628 497 734 699 189 357 705 420 249 474  35  58 618 701 102 321
 323 232 777  72  27 616 115 294 120 179 130 695  94 218  79 204 547 155
 154 384 591 725  28 210 658 582 436]
GPU0
set random seed!
finished RVND in 10.5542600155s
data-line;initial_solution;69879806;final_solution;3490502;time;10.5542600155;counts;843;fv;[];cv;[506, 219, 103, 11, 4];imp;20.0199873829
