pydf_home: /home/rodolfo/git/Sucuri
simple_pycuda_home: /home/rodolfo/git/simple-pycuda
wamca2016path: /home/rodolfo/git/wamca2016/
localpath: /home/rodolfo/git/dvnd-df/code/dvnd-df/src/
WAMCAPATH:/home/rodolfo/git/wamca2016/
Using already created file:  wamca2016lib.so
Size: 501 - file name: 05_TRP-S500-R1.tsp
ns:  [<function <lambda> at 0x7f0d18b080c8>, <function <lambda> at 0x7f0d18b08140>, <function <lambda> at 0x7f0d18b081b8>, <function <lambda> at 0x7f0d18b08230>, <function <lambda> at 0x7f0d18b082a8>]
ns:  [<function <lambda> at 0x7f0d18b08140>, <function <lambda> at 0x7f0d18b080c8>, <function <lambda> at 0x7f0d18b081b8>, <function <lambda> at 0x7f0d18b082a8>, <function <lambda> at 0x7f0d18b08230>]
32201226-[462 250 262  55  95 209 315 276 221 435  60 482 129 127 185 283 195  80
  81 425 135 297 225  31 289 423 327 281 112 375  35 459  54 172 338 344
 390 131 171 465 182  78 436 255 478  83 274 106 316 104 213 441 360  13
 154  39 133 358  12 251 224 499 367 139 474 222 259  18 287 402 487  21
 428 497 144 143 111 229 486 426 296 263 337 149 190 448 361 412 431 170
 368 437 379 277 352 132 378 449  79 198 290  38 483 124 419 340 197 407
 168 100 285 468 450 308 454 107 476 422 332 151 323 346 439 386 233 400
 145  53 312 219 479 223 307 186 410 183  57 384 334  29 303 409 114 418
 203 321 347  91 317 399 174 272 228 429 363 243 430 353   2 158 452 392
 146 362 101 389 348 152 463 215 178 433 169  61 249 355 381 175 284 125
 469 200 320 126 326 257  88  25 192  16 244 142 138 466 295 273 443 204
 470 329  75 130  34 464 447 260 156 193 324 310  51 163  40  74  27 413
  46 351 335  36 350 460 206 370 237 153 160  68 339 207  26  33 477 405
 345 173  20 299 380 372 382 471 176 109 212 230  72 438 117 305  43  17
 498 369 189  23 240 420 288 199  24  66 364  32  87 354  11 328 194 473
 481 241 480 490 245  14 179   7  98 148 231 484 434 331  82 456 458 103
 403 252 180  97 166 457  92 161  22 184 401 385 108  84 406 304 440   4
 147 396 102 123 349 120 268 226 395 494 234 314 188 121 374 445 282 269
 196 217 446 141 408  44 110 271  19  89 333 292  30  70 128 424  48 291
   8 388 239 294 116 475  59 113 167 371  37 232 150 278 330 411 377 115
 325 394 227 398   6 254  90  65 286 265 236  56 164 187 248 162 313 373
 414 491 496  93  77  49 302   9 256 177 488 417 253 264 242 261 220 279
 489 318 404 157 301  42 119 280  76 493  85  10 205   1 341  15 387   5
 140 455 218 181 366   3 415  41  69 210 267 214  71 416  45 216 191 356
 134 421 275 298 201 247  58 270 136 137  52 266 306 246 238 258 235  96
 311 492 319  47 322 343  64  99 453 442 467 159   0 427  67 495 202 118
 383 397 451 393  86  28 444  50 309  63 293 365 391 472 211 461 432  94
 376 208 155  73 357 342 500 336 359  62 300 165 122 485 105]
GPU0
set random seed!
finished RVND in 4.90821504593s
data-line;initial_solution;32201226;final_solution;2028911;time;4.90821504593;counts;618;fv;[];cv;[343, 175, 89, 9, 2];imp;15.8711870555
