pydf_home: /home/rodolfo/git/Sucuri
simple_pycuda_home: /home/rodolfo/git/simple-pycuda
wamca2016path: /home/rodolfo/git/wamca2016/
localpath: /home/rodolfo/git/dvnd-df/code/dvnd-df/src/
WAMCAPATH:/home/rodolfo/git/wamca2016/
Using already created file:  wamca2016lib.so
Size: 501 - file name: 05_TRP-S500-R1.tsp
ns:  [<function <lambda> at 0x7f19767b80c8>, <function <lambda> at 0x7f19767b8140>, <function <lambda> at 0x7f19767b81b8>, <function <lambda> at 0x7f19767b8230>, <function <lambda> at 0x7f19767b82a8>]
ns:  [<function <lambda> at 0x7f19767b8140>, <function <lambda> at 0x7f19767b82a8>, <function <lambda> at 0x7f19767b8230>, <function <lambda> at 0x7f19767b80c8>, <function <lambda> at 0x7f19767b81b8>]
33061969-[422 120 357 471 210 200  49 255 396 211 256  96  69 238 116 327 100 320
 481 457  55 224 314 332 230 348  83 107 254  71 149  46 417 285 153 171
  62  91 306  82 228 105 465  65 427 479  32 491 400 198   8 407 355 383
 145 119  38 483 142 182 472 405 219 393 212 310 261  48 172  97 302 372
 487 434 267 464 361 345 445  39 385 467 367 370 482 163 266 341 215 359
  93 280 449 455 227 441   0 196 435 335 190 376 333 476 438 307 311 264
 218 454 208 213 430 162 273 155 269 179  80 377 147 398  92 447   4  44
 139  10 318  87 197  58   6 451  16 369 358 125 410 375  33 294  37 466
 237 478 468 413 231 495 453 122 189 185 418 174 117 344 323 488 458 260
 379 412 456 247  25 380 235 217 168 243 346 463 365  54 115 160 403 276
 424 300 337 169 460 244 225  94  41 259 104 263 497 415 295 469 426  67
 262 138 395 409 252 232 324 356 401 178 194 477 349 394  28 133  13 188
 494 130 406 103 397 158  52  84 480 233 207  76  99 272 490  68 170 423
 221  77  11 347 319 271 288 279 429 214  72 143 296 350 205 390 191 321
  61 416 164  75 241 253 500 141 108 428 484 388   5 229 127 136 309 408
 242 384  79 234 209 360 109 499 268 351 444 292 290  89 336 316 371 492
 159  23 289  43 246 442 368 236 364  47   2 462  24 128  20 146 249 140
 432 156 486 177  56  14 446 452  30   1 343 461 293 203  19  17 278 421
  29  51 282 378 245 131  64 223 270 167 110 148 354  85 193  98 312 281
 277  12 425 129 287 291 222 144  95 206 402  57 431 257 226 114 411  34
 353  63 496 239 459 186 322 342 118 137 161 248 166 473 102  53 433 165
 330  86 404 498 106 192  31 124 298 313 121  70  59 180 150 301 387 340
 386 339 475 399 470 297 111 436   3 317 286 123 299   9 414 363 283 448
 439 216 338 366 113  73 489 305  74 382 275 331 173 220 134  88  22  15
 151 329 250 274 265  40 112 334 157 373  27 325 450 389 258 485  26 175
 308 202 381 352 135  81 187 326 328 132 201  60 420 181 195  90  50 374
 183 315 126  45 474 391  21 152  78 362 392 304  18   7 443 199 101 204
 154 493 284  42 240  36 184 440 303 419 437 176 251  35  66]
GPU0
set random seed!
finished RVND in 4.61053991318s
data-line;initial_solution;33061969;final_solution;1999477;time;4.61053991318;counts;592;fv;[];cv;[365, 154, 61, 8, 4];imp;16.5353084832
