pydf_home: /home/rodolfo/git/Sucuri
simple_pycuda_home: /home/rodolfo/git/simple-pycuda
wamca2016path: /home/rodolfo/git/wamca2016/
localpath: /home/rodolfo/git/dvnd-df/code/dvnd-df/src/
WAMCAPATH:/home/rodolfo/git/wamca2016/
Using already created file:  wamca2016lib.so
Size: 783 - file name: 07_rat784.tsp
ns:  [<function <lambda> at 0x7f188e7ab0c8>, <function <lambda> at 0x7f188e7ab140>, <function <lambda> at 0x7f188e7ab1b8>, <function <lambda> at 0x7f188e7ab230>, <function <lambda> at 0x7f188e7ab2a8>]
ns:  [<function <lambda> at 0x7f188e7ab1b8>, <function <lambda> at 0x7f188e7ab230>, <function <lambda> at 0x7f188e7ab0c8>, <function <lambda> at 0x7f188e7ab140>, <function <lambda> at 0x7f188e7ab2a8>]
69763364-[388 479 177  80 654 645   1 285 176 531 646 251 364 406 127  74 262  44
 154 280 638 396 273  54 549 607 401 728 587 137 120  96 678  59 136 702
 425 489 161  99 326 141 693 515 640 331 724  84 180 415 689 346 207 635
 512 203 235 110 493 664 485 363 233 705  97 731 558 414 362 314 341  63
  28 392 185 575 283 358 470 343  50 265 142   6 657 340 145 408 475 316
 584 703 484 134 663 502 165 173 219  81 740 357 395 438 648 561 412 373
 627 194 571 382  38 432 275 171 430 727 291 376 345 498 319 651 138 284
 407 140 239  73   5 748 491 104 593 281 380 616  55 454 596 509 116 778
 256 481 767  85 261 124 653 564 521 713  25 241 268 359 450 344 715 775
 339 151 322 582 338  64 248  32 253 541 538 697 539  71 220 679 480  14
 257 188 517 688 474 457 106 754 739 403 660 692 782 125  58 389 290 468
 121 247  22 409  49 103 445 254 245  35 431 222 160 723 144 400  98 149
 455  15 229 404 277 622  68 379 592 355 360 143 626 440 117 223 681 652
 666 167 169 747 318 672 242 286 211 174 766 588 694 181 384 243 105  21
 742 633 155 461 602 119 637 527 478 195 101 668 779  19 215  69 759  31
 295  40 266 733  82 179 586 471 405 303  75 736 682 510 563 317  12 606
 313 709 263 726 650 296 690 218 687 391 187 644 603 514 562 720 337 224
 617 204 540 436 631 615  83 506 698 348 499 611 548 555 292 166 530 385
 609  45 113 214   9 190 704 230 518 422 353  62 410 299 669 157  94 696
 598 762  24 656 542 416  56 271 443 466 730 267 398 305 351 441 289 255
 745   3 394 777 534 469 769 329 508 178 370  52 199 665 565 579 591  53
 741 108  92 424 764 349 743 636 647 372 232 701 716 429 604 269 426 658
 130  72 201 496 334 494 576 288 464 544 547  11 771 321 375 123 465 399
 189  20 153 472 365  51 386 755 435 131 528 159 152 212 307 712 114 342
 570 529 191 150 252  89 585 583 170  39 578   2 581 238 490 722 417 202
 452 738  18 482 236 330 112 390  33 641 282 216 421 566 310 483 427  60
 634  57 677 763  36 147  46 749 628 618 164 761 590   8 670 300 369 264
 197 546 476  17 221 621 556 753 543 336 718  76  37 589 437 449 198 495
 442 674 402 632  66  30 605  67 750 545 671 620 659 501 175   7  91 258
 184 311 327 315 519 522  78 378 304  42 768 139 459 168 323 312 573 347
 717 505 439 135  16 557 467 350 129 525 193 600  65 630 259  13 354 625
 608 367 520 624 413 451 537 446 599 757 497 249 629 122  23 272 719 487
 126 183 577 710 752 423  90 675 594 458 488  70 524 500 708 676 532 667
 206  88 107 507 572 746 420 270 294 111 554 433 278 246 276 456 580 721
 662  41 661 320 332 774 614 133 781 325 751 649 225 158 744 732  27 691
 397  87 228 333  34 244 513 109 146 100 208 356 597 492  48 240 619 148
 302 780 335 685 533 772 560 118 613 707 352   0 213 536 132 643 684 776
   4 535 765 192 156 297 453 601 328 773 260 729 448 642 381 760 411 714
 503 655 550 725 569 639 200 683 511 526 612 447 217 128 673 428 434  26
 205 293 368 102 516 686 308 298 366 568 567  93 162 552  29 182 473 374
  95 231 460 699 486 711 196 234 287 387  61 595 210 250 770  86 163 309
 186 680 700  43 227 383 504 758 462 371 734 418 237 301  77 377 172 523
  79 306  10 574 226 324 393 361 756 209 419 737 559 279  47 115 695 444
 706 553 735 623 274 477 463 610 551]
GPU0
set random seed!
finished RVND in 11.7353358269s
data-line;initial_solution;69763364;final_solution;3416087;time;11.7353358269;counts;937;fv;[];cv;[541, 242, 137, 14, 3];imp;20.4220103294
