pydf_home: /home/rodolfo/git/Sucuri
simple_pycuda_home: /home/rodolfo/git/simple-pycuda
wamca2016path: /home/rodolfo/git/wamca2016/
localpath: /home/rodolfo/git/dvnd-df/code/dvnd-df/src/
WAMCAPATH:/home/rodolfo/git/wamca2016/
Using already created file:  wamca2016lib.so
Size: 226 - file name: 03_pr226.tsp
ns:  [<function <lambda> at 0x7fe56f53e0c8>, <function <lambda> at 0x7fe56f53e140>, <function <lambda> at 0x7fe56f53e1b8>, <function <lambda> at 0x7fe56f53e230>, <function <lambda> at 0x7fe56f53e2a8>]
ns:  [<function <lambda> at 0x7fe56f53e2a8>, <function <lambda> at 0x7fe56f53e1b8>, <function <lambda> at 0x7fe56f53e0c8>, <function <lambda> at 0x7fe56f53e140>, <function <lambda> at 0x7fe56f53e230>]
192701296-[ 49 199 131   2 144   6  95  76 172 154  17  87  37  24 108 103 216  36
   3  88 137 153 124 205  58  46 187  31  45 136 132 138 143 130  71  53
 214  50 203  75 183 221 207  38 209 193  99  54 174 171 129  39 181 179
  83 219 101  89 109 111 166  98 122  85 123  90 186 148  44 208 156 213
 212  56 180   8 110 115   4  33  86 188 162  65  16 157 182 194 223 159
 121 104 142 158 107  77  96 164  66  51  11 146 225  42  55 113  93 152
 165  68 185  27  41  29 204  20  62  91  92  47 191 224  14 176 127  22
  72 105 184 128 116 200  84  25 206 114   1  23  70 211   7 163  59 147
   5 192  19 140  32 197 178 155  73 220 170  94  82  79 141  69 145  97
 177 126  57 120 210  63 217 119 134  61 118  30  13 117  34 150  78  64
 222  80 112 175 106 168   9  21 173  15 151 202 149  10 100  40 160 201
  35 190  12 167 102  43   0  52 161  18 189  26 196  28  60 198  48 195
 125 139 135  74  67 218 169 133 215  81]
GPU0
set random seed!
finished RVND in 3.54472184181s
data-line;initial_solution;192701296;final_solution;7133812;time;3.54472184181;counts;630;fv;[];cv;[555, 57, 16, 1, 1];imp;27.0123877669
