pydf_home: /home/rodolfo/git/Sucuri
simple_pycuda_home: /home/rodolfo/git/simple-pycuda
wamca2016path: /home/rodolfo/git/wamca2016/
localpath: /home/rodolfo/git/dvnd-df/code/dvnd-df/src/
WAMCAPATH:/home/rodolfo/git/wamca2016/
Using already created file:  wamca2016lib.so
Size: 657 - file name: 06_d657.tsp
ns:  [<function <lambda> at 0x7fe1cf1ef0c8>, <function <lambda> at 0x7fe1cf1ef140>, <function <lambda> at 0x7fe1cf1ef1b8>, <function <lambda> at 0x7fe1cf1ef230>, <function <lambda> at 0x7fe1cf1ef2a8>]
ns:  [<function <lambda> at 0x7fe1cf1ef2a8>, <function <lambda> at 0x7fe1cf1ef1b8>, <function <lambda> at 0x7fe1cf1ef230>, <function <lambda> at 0x7fe1cf1ef0c8>, <function <lambda> at 0x7fe1cf1ef140>]
274581917-[648 134 147 433 622 575 154 619 512 495 172 272 574 374 179 547  20 282
 621   2 444 608  60 294 207 346  41 190  13 625 429 227 103 500   4  23
 535 198 127 581 646 276 358 532 473 110  58  89 238 345 393 442 631 569
 610 130 504 505 182  77 195 450 508 414  92 642  12  26 597 482 653 606
 351 624 113 561 537 415 309 492  56 372 206 278  32 438 493 212 399 616
  25 143 255 111 605 391   5 297 579 166 600 632 329 466 136 133 148 277
 487 249 224 281 230 114 129 102 496 456  39 451 471 322 196 286 365 326
 522 233   7 295 366 637 459  59 551 439 586 639 470 413  90 553 271 410
 501  47 308 288 416 462  91  68 562 428 400 435  75 570 126 578 531 337
  70 235 545 550 267 128 347 568 445  19 123 197 256 592 379 243 298 215
 564 237 577 119 181 187 105 580  88  87  66  15 192 542 109 544 257 502
  34  22 383 139  76 395  29 539 184 258 497 223  50   0 156 587  98 252
 287 440  69 449 475 327 354 330 328 638 607 343 583 124 447 274 200 338
 409 443 291 283 211 525  14 633 236 100 644  28 651 242 225 141 150 341
 146 523 268 406 481   1 145 426 557  36 533 106 554 528 108 254 164 507
 364 604 155 556  79 656 422 576 425 218 344 239 180 567 245 596 552 593
  85  24 647 311  33  35 499 381 424 370 609 392  97 516  18 183 137   9
 319  80 349  53 626 490 305 529 520  10 173 479  27   8 559  44 419 125
 226  51 270 323   6 121 469 293  64 453 320 122 377 594 436 483 519 220
 153 194 280 405 214 368 589  71 228 302 301 275 643  11 401 527 263 629
 213 158 431 348 571 467 521 304 210 387 202 165 517 362 284  99 434  93
 118 234 491 167 203 378 144 472 336 376 397 232 618 175 107 216 463 649
 645 300 331 402 526 423 171 612 503 603 420 219  54 303 264 241 602 317
 205 573 371 340 477 534 116 584 279 484 398  40 448  30 518 163 404 437
 514 548  43  74 560 411 541 524 457 357  46 359 314 630  83 635 160 142
 563 193 601 117 480  21  95 613 174 494 543 285 315 251 590 208 269 188
 321 386 339  96 176 104 138 361 530 595 598 367 407 189 112 313 260 498
 246 388 384 585 290 446 204 355 476 458 250  38 536 191  49  55 511 209
 389  31 452  48 549 565   3 162 417 296 382 455 478 360 385 510 615 468
 312  45 513 335 654 454 489 650  61 185 248 140 375 421 412 342 515 350
  65  17 509 244 199 332 418 396 149 101 461 485 306 599 641 611 408 655
 617 222  62 289  57 169 240 115  42 558 170 131 582 555 333 474 231 259
 465 380 640  16 247 221 352 177 334 159 324 273  81 546 262  84 266 538
 373  73 566 634 353 310 152 363 229 506 369 627 460 157 430 186 356 161
 292 394 427  52 488 572 464 623 253 486  94 316  86 318 135 120  82 178
 261 403 652  37 217 441 168 588 620 132 432  78  67  63 307 628 540 201
 636 151 265 390 591 299 614  72 325]
GPU0
set random seed!
finished RVND in 9.30680608749s
data-line;initial_solution;274581917;final_solution;14820086;time;9.30680608749;counts;923;fv;[];cv;[503, 256, 145, 14, 5];imp;18.5276871538
