pydf_home: /home/rodolfo/git/Sucuri
simple_pycuda_home: /home/rodolfo/git/simple-pycuda
wamca2016path: /home/rodolfo/git/wamca2016/
localpath: /home/rodolfo/git/dvnd-df/code/dvnd-df/src/
WAMCAPATH:/home/rodolfo/git/wamca2016/
Using already created file:  wamca2016lib.so
Size: 318 - file name: 04_lin318.tsp
ns:  [<function <lambda> at 0x7fd9d02200c8>, <function <lambda> at 0x7fd9d0220140>, <function <lambda> at 0x7fd9d02201b8>, <function <lambda> at 0x7fd9d0220230>, <function <lambda> at 0x7fd9d02202a8>]
ns:  [<function <lambda> at 0x7fd9d0220140>, <function <lambda> at 0x7fd9d0220230>, <function <lambda> at 0x7fd9d02201b8>, <function <lambda> at 0x7fd9d02200c8>, <function <lambda> at 0x7fd9d02202a8>]
95087231-[ 22 174 193  65 292  55 244 272 234 282 310 152  11 141 207 157  15 313
 260 146 195 259  73  51 267 252 317  36 254 224 156 304  14 132   4 219
 232 161  82  28  92 114  42  84 257  45 248 120 147  81 227  41 226 182
  33 269  32 138 118 237 150 133 165 201  49 278   3 186 215  57 243 249
 301  48  16  29 209 110 246 163 303  60 144 117 111 307 127 199 312 291
 178 294 143 250  91 135 169 155  67 264  58  94 101 164 145 283 285 188
  62  86 241  75 126  85 168 270  54 139 228 217 159  10 277 265  98  77
 268  63 256 176  90 131 284  21 263 220  95 148 289 235 134  44 295 275
 151 240  35 180 218 206  93 129 107 162 212 299   8 124 222  61 102  52
 280 208 149 137 191  64 253  53 136 223 315 179  20 115  56 166 311 125
  66  38 316 196 109 116 210 258 192  39  13  50 112  74 170 306  30  69
  46 211   1 238 185 171 105  96  40 158 297  89  70  99 200 309 153 190
  59  27 236  72 205  18 276 103  17 160 194 187   7 167   0  83 183 229
 119 271  12  88 231 298  76 197 274  71 225  87 286 230 203 255 140 251
 184 123 293 106 287  19 288 177 204  31  97  34 216 261 308   6 296 175
 279 314 130 181 302 172 108 213  24 154 262  78 214  25 100 273 281 202
  37 221 173 300 245  47 290 189  26  68 242  43   2   5 233 266 305 247
 198  23  79 142 128 121 104  80 239 122   9 113]
GPU0
set random seed!
finished RVND in 2.43714213371s
data-line;initial_solution;95087231;final_solution;6085179;time;2.43714213371;counts;444;fv;[];cv;[266, 114, 58, 4, 2];imp;15.6260368019
