pydf_home: /home/rodolfo/git/Sucuri
simple_pycuda_home: /home/rodolfo/git/simple-pycuda
wamca2016path: /home/rodolfo/git/wamca2016/
localpath: /home/rodolfo/git/dvnd-df/code/dvnd-df/src/
WAMCAPATH:/home/rodolfo/git/wamca2016/
Using already created file:  wamca2016lib.so
Size: 657 - file name: 06_d657.tsp
ns:  [<function <lambda> at 0x7fd7cc60d0c8>, <function <lambda> at 0x7fd7cc60d140>, <function <lambda> at 0x7fd7cc60d1b8>, <function <lambda> at 0x7fd7cc60d230>, <function <lambda> at 0x7fd7cc60d2a8>]
ns:  [<function <lambda> at 0x7fd7cc60d1b8>, <function <lambda> at 0x7fd7cc60d0c8>, <function <lambda> at 0x7fd7cc60d230>, <function <lambda> at 0x7fd7cc60d2a8>, <function <lambda> at 0x7fd7cc60d140>]
283379159-[ 53 331 547 500 141 253 373 585 104 281 256  18 383 575 255 556 239 347
 514 332 436 636 237  35 518 193 301 367  75 479 142 289 179   9 498  88
  23 187 182 152 441  14 592 488 652 105 160 180 654 251 608 275 348 647
 629  62 605 603 337 516 205 553 151 302 223 384 448 199 356 235  54 531
 324 203 157 549  34 382 377 440 402 445 599 274 126 421 432 228 538 196
 108 265  30 512 577 293  27 601 655 559 118 458 230 232 392 311 206 198
 390   5 473 114  74 496  25 122  63 124 368  60 455 442 435 456 168  70
 273 353   3 528  78 106  83 417 524 295 476  57 366 379 238  22 628 138
 185 593 545 563 270 320  94 346  92 519 329  26 449 284 190 340 227  37
 364 587 399 184 241 129 386 631 169 472 491 170 171 222  86  17 462 316
 163 475 521  20 409  85 542 594 208 139 420 564 224 537 453 651  93 326
 154 137 307 546  71 262 579 149 578 560 278 404 132 596 220 638 218 653
 123 558 539 186 341 303 527 194  90 314 446 508 277  96 405  31  99 484
 406 583 555 598 111  15 317 140 566 349 188 361 117 287 323 493 470 562
  24 352 634 213 534  11 602 611 588 461 381 576 626  21 298 427 260 261
 358 254 339 225 641 294 625 266 494 431 109 464  48 504 582 336 175 134
 178 191 507 189 430 359 400 656  73 291 334 497  91 646 286 463  45 103
 249  61 147 490 410 412 419 101 330 615 264 422 541 354 643 439 290 554
 113 477 172 612  36 345 121 210 112  51 393  32 482  67 221 515 642 389
 480 450 204 443 370 627  43 153 632 233 425   1 376 622 529 245 292 466
 407  47 146 650 568 327 408 397  46 156 212 523 243  41 128 633 581  38
 133 313 166 595 481 215 637 609 374 613 319 338 242 426 535 403 240 102
 165 570 177 236 551 217 444 231 644  16 372 343 617 573 398 619  12 623
 620 438 544 565  49 413 248 115 487  58 391  65 192 259  77 513 495 616
 183 207 271  72 269 569  33 526 214 127 252 640 645  29 211  59 145 415
 150 219 267 561 299 414 465 162 200 584 411 416  80  76 246 485 607 621
 454 649 268 591 318 447 110 517 590 310 543 234   6 506 557 597 164 380
 467 525 288 375 195  66 433 378 401 635 452 540 257 457  79  55 143 586
 428 282   0 600 328 624 167 309 306 285 308 572   4 474 300 325 283  84
 385 489 502 530 503 155 429 355 468 209 197  10 116 396 258 532 296  56
  39 434 536 648  44 639 304 279 552 451  68 136 522 371 571 131 548   7
 471 135 351 176  64 148 322 509 315 247 276 312 305 216 424 567  98 394
  42 520 510 280 362 229 618  69 158  50   8 120 333 342 263 226 550 119
   2 501 610  40 335 606 492 100 202  87 174 580 369 161 574 604  82 499
 272 360 589 363 511 614 159 483 533 423  81  52 395 125  97 107 418 350
 201 630 505  95 460 387 469 357 365 244 437 181 321 478 459 388  19 173
  89 486 130 144 344  28 297  13 250]
GPU0
set random seed!
finished RVND in 7.57917714119s
data-line;initial_solution;283379159;final_solution;14164774;time;7.57917714119;counts;731;fv;[];cv;[443, 185, 89, 11, 3];imp;20.0059075422
