pydf_home: /home/rodolfo/git/Sucuri
simple_pycuda_home: /home/rodolfo/git/simple-pycuda
wamca2016path: /home/rodolfo/git/wamca2016/
localpath: /home/rodolfo/git/dvnd-df/code/dvnd-df/src/
WAMCAPATH:/home/rodolfo/git/wamca2016/
Using already created file:  wamca2016lib.so
Size: 657 - file name: 06_d657.tsp
ns:  [<function <lambda> at 0x7f0ea49de0c8>, <function <lambda> at 0x7f0ea49de140>, <function <lambda> at 0x7f0ea49de1b8>, <function <lambda> at 0x7f0ea49de230>, <function <lambda> at 0x7f0ea49de2a8>]
ns:  [<function <lambda> at 0x7f0ea49de140>, <function <lambda> at 0x7f0ea49de0c8>, <function <lambda> at 0x7f0ea49de1b8>, <function <lambda> at 0x7f0ea49de2a8>, <function <lambda> at 0x7f0ea49de230>]
279990683-[460 364  23 156 350 124 283 597 548 439 384 326 425 238 331  81  77 523
 388 557 624 606 527 478  34 621 173 640 452 191 607 352  16  99 368 467
 207  72 610 246  10 130 446 503 309 521 440 468 279 291 645 198 401 529
  88  44 562 647 184 400  60 201 256 314 147 486 265 202 371 385 595 337
 605 347 216 434  40 260 339 623 526 429 628 465 405 546 321 313 442 150
 477 136 122 632 110 175   6 109 393 101 441 436 381 547 195 120 305 262
 399 448  62 302 144  52 522  89  11 655 287  39 168 483 593 318  14 126
 633  37 531 236 199 206 267 152  98 435 594  86  73 517 654 637 317 342
 466 296 298 449 430 197  47 625 419 148 226 280 437 358 641 398 164 119
 427 176 155 528 295  67 186 479 651 340 370 341 457 335 577 204   7 618
 182 524 599 463  22 510 613  96 389  51 232 559 390 327 473  21 338 128
 218 500  91 165 416 491 572 157 220 153 113 612  43 576 215 539 138 656
 137 275 107 146 297 360 481 602 159  84   2 217  97 177 530 235 515 506
 294 230 214 343 292 255 315 653 392 508 123 586 588 428 474 471 458 245
  36 205 410 555 301 433 516 115 514 564 143 189 271 171  17 222 411 112
 355 485 589 496 480 622 629 470 383 376 578  32 183 307   9  87  28 142
  20 487 571 420 462 542 520 167 494 170  53  92 243   4 601 459 565 285
 103 472 604 568  66 513 224 490 648 620 402 375 603  71 423 346 499 203
 549 619 638 643 649 438 569 133 406 397 161 281 585 166  65 290 200  26
 192 469 362 461 583  25 563 407  74 190  31 282  94 114 311 413 550 574
 482 250 421 357 365 160 213 600 493 382 395 240  93 299 121 268 221  19
 533 244 525 636 303  45  46 117  85 488 626 596 249 310 241 353 475 541
 543 185 344 174 118 366 464 567 386 609 545  68 373 312 145 431 258 300
 454 512 615 332 414 635 611 582 359  41 544  57   1 261 570 269 642 169
 100 652 293  78 316 351 432 286  54  12 587 134 646 329 264  82  80 253
 228 196  30 284 444 484 328 498 322 330 592 210  58 223 504 445 151 154
 617 141  61 447  63 456 418 278 127 495 233 306 554 172 408 180 193  18
 308 424 225 369 219 319 627 333 380 497 535 403 252 608 356   8 266  49
 519 417 451 377   3  56 580 277 104  42 323 163 304  27 345 227 598 158
 507 443 476 263 187 644 584 274  59 270 372 211 320  38 509 378 552 412
 108 502 634 616  70 162  48 116  13 336  83 631 540 453 590 272 455 231
 538  69  95 396  33 354 111  79 501 450 259 518 242 105 248  29 532 374
 536 209 492 208 149 558 131 505 239  76 639 566   5 194 489  75  55 537
 650 139 178 251 229 551 511 237 129 561 391 591  24 426 276  64 556  90
 348 560 361 179 581 181 630 334  15 234   0 140 422 324 288 387 188 325
 404 367 247 135 409 415 394 125 212 553 257 614  35 379 349 132 102 289
 363 254 273 106 579 573 534  50 575]
GPU0
set random seed!
finished RVND in 9.0537571907s
data-line;initial_solution;279990683;final_solution;14223845;time;9.0537571907;counts;816;fv;[];cv;[482, 219, 104, 9, 2];imp;19.684598855
