pydf_home: /home/rodolfo/git/Sucuri
simple_pycuda_home: /home/rodolfo/git/simple-pycuda
wamca2016path: /home/rodolfo/git/wamca2016/
localpath: /home/rodolfo/git/dvnd-df/code/dvnd-df/src/
WAMCAPATH:/home/rodolfo/git/wamca2016/
Using already created file:  wamca2016lib.so
Size: 501 - file name: 05_TRP-S500-R1.tsp
ns:  [<function <lambda> at 0x7f47010da0c8>, <function <lambda> at 0x7f47010da140>, <function <lambda> at 0x7f47010da1b8>, <function <lambda> at 0x7f47010da230>, <function <lambda> at 0x7f47010da2a8>]
ns:  [<function <lambda> at 0x7f47010da0c8>, <function <lambda> at 0x7f47010da2a8>, <function <lambda> at 0x7f47010da230>, <function <lambda> at 0x7f47010da1b8>, <function <lambda> at 0x7f47010da140>]
33110281-[278   8 157 174 340 183 189 152  87 436 367 222   6 439 243  26 128 419
 131 497 236 404 140 379 264 242 248 417   3 112 162 106 206  63 176  85
 241 124 105 366  86 309 261 471 235 380  67 282 423 145 306 421 467 265
 269 311  25  60 155 281 258  44 317 146 253 345 249 455 427 149 454 401
 161  61 410 420 480 277 268 297 137 250  80 321 292 286  73 434 291 215
 475 118 331  36 307  89 167 125 219 447 139 201 481 335 143  13 342  94
 120 359 111  99 175 226 385 431  58 221 263 270  37 458 246  46 197 357
 451  51 479 255 326 353 108 293 283 284 122 341 495   4 202 117 208 280
 272 373 178 142 163 344  78  45 181 338 457  54 212 254  83 204  23 308
 314  43  47 193 147 459  14 478 148  76  49 187  31 320  27 228 351   0
 294  24 349 360 386 374 416 498 133 333 245 456 177 369 493 252 460  98
 299 363 260 324 209 441 199   9  40 102 313  52  10 196  68 288 251 334
 405 318 412 237 190 303  48 213 358  93  34 275  30 327 403 377  53 387
 355 132  69 285  90 425  59 240  75  72 267 130  91  88 323 468  42 476
 259 229 446 329 491 205 210 239 348 395 482 180   1 432 160 169  16 343
  70 168 113  15 426 287 400 332 433 198 464 487  19 100 445 188 289 224
 227 304  41 392 490 364 496  74 231 134 399 402 262 273 378 182  35 390
 430 383 407  97 350 220 214 469 192 141 450 486 115  32 474 347   7 104
 444 449 154 158  92 298 257 492 274  77 138 488 376 391  20 422 406 172
 290  82 266 438 315 171 238 185  38 186 103 330  21 121 127  95 135 153
 368 413  55 372  84 156 494  65 408 325 465 339 319 256 388 437 461 230
 216 381  96 485 110 296 223  18  33 179 279 119 448 207 247 354  64 489
 328  71 463 123 316 442 184 116 384  39 218 435 470  56 473  11 136  79
 440 409 217 443 150 144 114  50 302 295 361 225 336 453  12 499 365 244
 129   5 271 393 101 370 200 389 337 418 165 396  62 322 276 233 159 211
 173  17 414 394 428 312 483 398 300 477 346 382 429 170  66  22 301 397
 466  29 194 411 107 375 305 126 109 164 362 166   2 424 234 371 452 232
 415 195  57 191 203 310 462  28 151  81 484 356 352 472 500]
GPU0
set random seed!
finished RVND in 5.11860203743s
data-line;initial_solution;33110281;final_solution;2003593;time;5.11860203743;counts;683;fv;[];cv;[387, 185, 92, 13, 6];imp;16.5254525245
