pydf_home: /home/rodolfo/git/Sucuri
simple_pycuda_home: /home/rodolfo/git/simple-pycuda
wamca2016path: /home/rodolfo/git/wamca2016/
localpath: /home/rodolfo/git/dvnd-df/code/dvnd-df/src/
WAMCAPATH:/home/rodolfo/git/wamca2016/
Using already created file:  wamca2016lib.so
Size: 318 - file name: 04_lin318.tsp
ns:  [<function <lambda> at 0x7fa84ef060c8>, <function <lambda> at 0x7fa84ef06140>, <function <lambda> at 0x7fa84ef061b8>, <function <lambda> at 0x7fa84ef06230>, <function <lambda> at 0x7fa84ef062a8>]
ns:  [<function <lambda> at 0x7fa84ef061b8>, <function <lambda> at 0x7fa84ef06230>, <function <lambda> at 0x7fa84ef060c8>, <function <lambda> at 0x7fa84ef062a8>, <function <lambda> at 0x7fa84ef06140>]
94234447-[137 240 238 284  63  70 239 132 169   8 144 313  59  61  38 120 247 185
  28  11 107 258   3 163 196  57 220 268 116  64 295  14 308 109 112 310
  15  26  87 315 251 194 183 124 175 219 140 234 113  76 122 277 290  74
 282 200 270  84  79 184  68 241 211 177 106 311 286 111 265 166 141 296
  22 237   1 242 108  73  62  13 189 143 118  42 167  18  96 202 302 243
  92  82  66 253  80 209 250 104 186 197  78 214  77  44 134 294 314 103
  36 267 303 195 131 129   5 309 181  37 162 278  31 235 279 263 285  98
 135 317 245  27  56 255  24 273  32 222 172  48 228 226 297  40  81 114
  20 264 142  71  72 188 182 125  29 121 146   6 205 262 165   4 150 301
 304  50 271 155 127 105  85  41 161 119  16 190 206 298 149 100 151 306
 221 287 117 147 101  93  30 291 246 261  10 173 179 236  35  67 160 139
  23  55 164 115  47 230 288 316 110 192  99  39  83  94 227  54  95  86
 152  34 257 244 207 249 145 269  89 312 252  90  97 126  75 187 260  60
  58 178  91 248  65 280 289 254 256  46  49 293 218  21 266 212 193 215
 292 232 136  51 233  12 275  53   9 198 128 171  19 217 283 123 168 259
 272  43 176 299 154 138  25 216 300 148 281 204 225 276 229 159 210 191
 224 156 170 223  17 180 208 102 158  69   7 305  88 201 274 203  52 174
 231 130  33 199 133  45 307   0   2 153 213 157]
GPU0
set random seed!
finished RVND in 2.931183815s
data-line;initial_solution;94234447;final_solution;6101172;time;2.931183815;counts;412;fv;[];cv;[261, 101, 37, 9, 4];imp;15.4453024763
