pydf_home: /home/rodolfo/git/Sucuri
simple_pycuda_home: /home/rodolfo/git/simple-pycuda
wamca2016path: /home/rodolfo/git/wamca2016/
localpath: /home/rodolfo/git/dvnd-df/code/dvnd-df/src/
WAMCAPATH:/home/rodolfo/git/wamca2016/
Using already created file:  wamca2016lib.so
Size: 783 - file name: 07_rat784.tsp
ns:  [<function <lambda> at 0x7f14c8ec20c8>, <function <lambda> at 0x7f14c8ec2140>, <function <lambda> at 0x7f14c8ec21b8>, <function <lambda> at 0x7f14c8ec2230>, <function <lambda> at 0x7f14c8ec22a8>]
ns:  [<function <lambda> at 0x7f14c8ec20c8>, <function <lambda> at 0x7f14c8ec2140>, <function <lambda> at 0x7f14c8ec22a8>, <function <lambda> at 0x7f14c8ec21b8>, <function <lambda> at 0x7f14c8ec2230>]
70509250-[126 244 439 207 365 165 733 704 461 454 469 654 190 584 577 541 651 169
 588 602 689 617 470 392 513  61 714 639  26  77 638 498 494 533 688 633
 518 289 683 216 607 403 571 723 142 757 459 360  79 278 378 761 649 109
 620  49 478 180 280 330 529  58  52 114 162 250 138 564 510 271 409 187
 693  21 425 430 525 624  83 199 389 776 706   5 186  44 749 375 139 377
 163 645 734 450 259 333 393 103 676 159 637 347 508 329 507 203 321 301
 658 664 679 677  60 753 589 760 220 275 674 245 604 277 279 161  15 405
 204 523 177 143 172 657 241  90 181 671 285 148 586 200 557 440  32 348
 194 546 153 230 395 660 240 627 467 556 762 436 140 702 640 306 221 692
  91 501 362 383 600 191 391 120 262 728 145 451 175  23 328  76  38 735
 427  39 188 299 608 532 750 740 111 292 261 196 466 471 562 709 628 358
   6 166 708 503 755 741 453 345 447 481 176 390  67 215 182 258 300 113
 614 312 547 367 622 168 359 646 759 455 213 663 408 291 767 558 416  87
 667 388 555 669 228 772 603 233 339 263 505 583 528 336 411   9  51 380
 715 307  28  56 164 601 421 537 274 167 778 108 545 650 192 519 609 690
 209 217 550 118 582  48 260 117 355 420 775 490 150 428 305 460 538 720
 747 404  84 585 234 149 634 304 318 112 606 225 418 320 197 239 653 482
 616 334 681  63 323 290 655 703 534 463 157 768  19 486 267 152 770 687
 284  37  25 551 104 730 319 326 419 736 748 559   4 156 678 127 193 424
 432 269 765 566 123 472 352 497 243 294 509 675 456  18 716 598  47 781
 386 477 242 581 686 281 385 754 725 137 423 283 407 572   3 496 593 205
  89 354 665 401 210  41 134 413 195 442 700 699  35 224 458  12 731 662
 116 621  30 324 257 402 710 171 119 594  46 549 465 661  40 487 396  20
 249 426  66 247 592 751  34 721 483 615 647  78 629 370 342 705 128 719
 251 568 746 591 641 707  86  53 232 371 475 530 313 361 524 500 144 287
 265 449 489 495 410  64 443 764 473 595 310 125 632 122 515 133 697 448
 565  43 147  33 696 340 398 341 105  68 208 202 414 680  73 516 335 141
 695 286 485 666 268  71 536 502  69 561 327 732 101  36  96 384 431 337
 560 107 605 630  59 517 115 668 356 438  55 170 625 270 295  75 212 642
 488 511 744 373 343   8 129 587 578 452 712   7 226 648 691 273  31  54
  99 350  27  94 179   0 206 618 774 570 698 394 743 535 397  74 729 773
  42 573   2 238 457 540  10 255 726 718 214 316 198 476 158 684 441 626
 178 131 229 685 314  72 758 173 521 652 644 293 400 514 717 325 160 464
  50  45 610 100 429 272 236 623 422 444 308 211 656 777  92 548  62 506
 264  11 631 110 381 599 659 722 185 248 298 745 672 484 569 474 539 415
 369 737 338 579 694 531 462 351 544 553 479  81 752 130 219 542 596 309
 231 136 526 256 331 223 527 552 636 254 512 492 151 399 296 554 619 434
 322 766 154 756  16 580 567 124 493  70 189 102 780 282 266 146 227 701
  22 575 253 635  97 353 435 417 769 374 433 252 590 763 121 543 132 382
 468 713 344  13 779 366  93 574 739 135 563  82 437 184 317  80 597 499
  29 670 235 522 504 288 613  17  98 738 480 682 357 315 297 106 302 246
 364 363 183 368 222 445 711 379 387  14 412 155 724 406 346 376 201 311
   1 349  88  57  85 673 643 727  65  24  95 491 174 276 612 446 611 237
 771 332 303 520 576 782 742 372 218]
GPU0
set random seed!
finished RVND in 11.3522229195s
data-line;initial_solution;70509250;final_solution;3420428;time;11.3522229195;counts;906;fv;[];cv;[509, 238, 138, 18, 3];imp;20.6141599823
