pydf_home: /home/rodolfo/git/Sucuri
simple_pycuda_home: /home/rodolfo/git/simple-pycuda
wamca2016path: /home/rodolfo/git/wamca2016/
localpath: /home/rodolfo/git/dvnd-df/code/dvnd-df/src/
WAMCAPATH:/home/rodolfo/git/wamca2016/
Using already created file:  wamca2016lib.so
Size: 657 - file name: 06_d657.tsp
ns:  [<function <lambda> at 0x7fcc4d8df0c8>, <function <lambda> at 0x7fcc4d8df140>, <function <lambda> at 0x7fcc4d8df1b8>, <function <lambda> at 0x7fcc4d8df230>, <function <lambda> at 0x7fcc4d8df2a8>]
ns:  [<function <lambda> at 0x7fcc4d8df0c8>, <function <lambda> at 0x7fcc4d8df2a8>, <function <lambda> at 0x7fcc4d8df140>, <function <lambda> at 0x7fcc4d8df1b8>, <function <lambda> at 0x7fcc4d8df230>]
277754734-[330 449  11 313 122 285 215 359 233 113 600 211 322 649 431 130 434 594
 149 645 522 235 498 358 310 479 386 121 238 107  53 566 363 148  58 157
 302 362 176 221 354 499 422 527 278 237 194 200  96 314 331 391 586 205
 587 273 577 411 523 518 464 617  82 229 621 439 296 388  18 275 274 128
 509 481 104 607 131 584 271 627 549 457 110 519 392 155 384 470 326  25
  22 135 494 270   1 589 656 491 307 340 350 445 571 224 372 539 143 474
  41  97 447 311  42 390 161 488 626 590 247  86 418 463 490   6 178 365
 248 520 583 353 420 477 569 156 144 421 342  66 147 545 123 196 568 173
 639  48   2 458 588 423 349 303 369 554 301 164 264 382 618 294 475 210
 629 292 622 260  10  32  71   8 255 179 460 528 373 166 142 440 187 598
  94 459 609  43 601 555 511 120 320 374 506  51 537 396 188 428  24 530
 650 489 501 419 560 345 154  62  47 336 175 216  40 256 217  17  29 323
 615 341 366 219 100 283 405 596 595 634 397 347 567 620 516 395 602 338
  74 257 114 535 536   3 504 625  46 138 163  98 616 351 623 261 298 425
 220 190 186 189 318 266 319 441 199 611 393 167 485 300 576 281 417 451
 185 385 558  80 514 160 284 212 102 635 228 134 242 287  34 371 541 582
 643 632 517 183 218 450 153 424  92 263 493  44 213 575 370 152 339 497
  16 305 476  77 433 399 182   5 570 461 180  67  12 462 309  69 508 379
 109 181 145 252 174 269 544  19 191 286 204 579 597 201 534 265 290 524
 357 315 472 638  14 334 117 146 502 562 572 655 111 435 327 599 329 647
 352  45 136  38 406  27 612 317 642  30  78  35 521  75  52 234 172 192
 304 254 412 332 525 162 410 348 446 253 150 337  89 543 159 401 604  33
 482 548  28 169 158 312 230 140  84 258 403 378 526 105   4 496  57 282
 295 478 112  85 444 124 343 413 614 231 223 480 127  54  79 646  39 640
 636 473  73 125 177 214 246 259 137 557 574 279 456 505 133 316 381 129
 414 529 328 484  20 389 361  26 139  76  83 492 507  81 398 608 513 402
 168 573 324 375 108 171 592  91 195  23 437  65  88 206 289 443 299 106
 377 448 126 227 222  21 432 380 325 515 408  64  87 532 355 452 540 442
  37 619  55 487 360 207 454  99 132 151 546  90 653 293 559  63 193 249
 486 556 101 404 652 244  60 376 565 553 409 407 438  95 346 297 119 503
   7 550 561  49 243 251 641   9 563 427 633 628 551 467   0 116  15 624
 103 648 225 613 538 500 240 202  93 367 564 226  31 209 426 469 630 308
 184 245 288 585 165 241 578 277 429 197 637 394 335 115 400 344 631 465
 605 512 455 118  13 453  59 580  61 603 267 547 364 368 203 232 387 606
 581 356 306 651 468 510 208 466 262 141 531 383  72 276 610 333 198 236
  36 593 415 321 542 471 280 533 170 250 416  68 272 495 268 430 591 644
 483 239  56  70  50 291 552 654 436]
GPU0
set random seed!
finished RVND in 7.99042510986s
data-line;initial_solution;277754734;final_solution;14392154;time;7.99042510986;counts;805;fv;[];cv;[506, 198, 91, 7, 3];imp;19.29903849
