pydf_home: /home/rodolfo/git/Sucuri
simple_pycuda_home: /home/rodolfo/git/simple-pycuda
wamca2016path: /home/rodolfo/git/wamca2016/
localpath: /home/rodolfo/git/dvnd-df/code/dvnd-df/src/
WAMCAPATH:/home/rodolfo/git/wamca2016/
Using already created file:  wamca2016lib.so
Size: 783 - file name: 07_rat784.tsp
ns:  [<function <lambda> at 0x7fec29b0c0c8>, <function <lambda> at 0x7fec29b0c140>, <function <lambda> at 0x7fec29b0c1b8>, <function <lambda> at 0x7fec29b0c230>, <function <lambda> at 0x7fec29b0c2a8>]
ns:  [<function <lambda> at 0x7fec29b0c2a8>, <function <lambda> at 0x7fec29b0c1b8>, <function <lambda> at 0x7fec29b0c140>, <function <lambda> at 0x7fec29b0c0c8>, <function <lambda> at 0x7fec29b0c230>]
69062473-[284 135 556  95 424 468 592 225 394 515  29 403 393 749 594 162 734  47
  81 685  71 156 532  99 727 198 443  54 165 224  56 644 192  55 560 458
 349 759 519 758 740 528 353 257 363 775 530 434 748 270  85  37 323 123
 401 374  51 538  80 465 210 397 612 386 232 141 606 416 274 233 277 441
 359 550 708 330 643 245 138 770 271 516 213 120 313 118  25 549 518   4
 773 688 640 180 259 275 148 201 696  31  17 418 202 645 131 729 318 297
 174 147 623 144  46 539 395 593 111 599 733 255 280 209 710 665 300 575
 614 666 234 447 506 226 540 229   5 769 525 130 139 320 364 494 196 171
 235 596 388 426 639 351 502 739 485 347  44 119 567 152 228  53 331 627
 738 173 343 256 140 248  74 608 474 445 294 157 186 137 176 558 533 182
 194 143 231 266 489 422 521 498 678 656 108 288 657 338 464 264 700 551
 116 765 586 702 153 316 725 352 694 414 399 723 392 500 754 771 357 669
  35 573 242 712  32 420 206 507 155 239 328 757 555  58  84 653 456 760
 407 457 732 673 221 299  28 720 654 579 451 178 237 772 668 289 200 312
  98 301 524 752 604 630  89 484 160 526 475 692 513 396 167 222 629 436
 253 689 383 355 535 531  75  72 258 117 227 674 433 580 536 469 375 755
 412 378 341 109 273 134 589  20  64 122 609 779 126 260 476  82  43 480
 448 721  13 552 776  92 713  76 104 781 628 523 290 711 557  79 166 179
 597 285 438 417 637 324 317 421 764 215 188 169 576 348 660  14  48 591
  66  15  67 577 398 584   8  61 249 547 610 747 346 652 263 537 616 564
 701 103 390 728 642 292 276 762  21  40 664 684 100 655 425 613 306 679
 646 478 413 569  59 250 726 199 310 309 356 136 750 686 718 252 543 311
 449 385 161   2 244 358 149 345 510 568 697 230  10 129 354 304 367 572
 541 460 145 408 548 327 211 492   7  63 675 283  86 491 183 699 659  36
 121 223 730 410  87 504 470 127 189 114 722 746 402 286 442  24 622  65
 559 142 546   0 254 691 743 220 428  49 368 163 693 112 450 615 319 350
 247 617 362 400 170 477 505 509 583 542 293  73 544 751 214 501 482 724
  68 756 308  77 767 611 690 534 102 106 370 175 334  93 296 125 267 208
 217 461 719 261 605 706 671 744 598 376 512 735 600 307 405 314  34 101
 459 429 561 366 124 110 487 503 360 649 634 633 493  45  96 641 151   1
 453 595  39  91 146 128 439 371 499  22 731 291 490 635 774 340 269 444
 150 406 574  78   3 698 625 578 495 687 742 322 566 315 381 279 709 677
 672 582 753 670 287  57 508 379 218  26 335 714 741 570 777 437 181 190
 342 619 624 177 339 695 618 563 241 389 105 344 216 585 172 571   9 603
 115 427 466 154 236 590 415 193 707  97 382 581 278 486 763 553 780 430
 682 203 265 282   6 663 321 650 745 479 607 647 158 326  33 716 483 520
 496 766 205 440 251 481 462 197  16 587  12 446 529 471 715 602 517 648
 473  50 626 332 384 562 187 272  27 365 522 631  11  83 511 305 212 676
 113 159  41 680 164 514 636 565 337 554 419 185 204  62 404 704 472 302
  18  23 295 661 207 184 380 219 667 545 782 281 467 705  52 431 336 195
 298 423  69 527  70 373  88 620 463 768 497 488  60  30 391 409 238 411
 588 377 454 432 737 369 329 107 662 435 717 303 452 703 372  19 455 191
 601 243  42  38 133  90 658 736  94 268 325 632 168 683 361 333 262 638
 778 246 681 240 651 621 132 761 387]
GPU0
set random seed!
finished RVND in 12.67293787s
data-line;initial_solution;69062473;final_solution;3448996;time;12.67293787;counts;1011;fv;[];cv;[570, 276, 140, 18, 7];imp;20.0239353713
