pydf_home: /home/rodolfo/git/Sucuri
simple_pycuda_home: /home/rodolfo/git/simple-pycuda
wamca2016path: /home/rodolfo/git/wamca2016/
localpath: /home/rodolfo/git/dvnd-df/code/dvnd-df/src/
WAMCAPATH:/home/rodolfo/git/wamca2016/
Using already created file:  wamca2016lib.so
Size: 783 - file name: 07_rat784.tsp
ns:  [<function <lambda> at 0x7fe06ec240c8>, <function <lambda> at 0x7fe06ec24140>, <function <lambda> at 0x7fe06ec241b8>, <function <lambda> at 0x7fe06ec24230>, <function <lambda> at 0x7fe06ec242a8>]
ns:  [<function <lambda> at 0x7fe06ec240c8>, <function <lambda> at 0x7fe06ec242a8>, <function <lambda> at 0x7fe06ec241b8>, <function <lambda> at 0x7fe06ec24140>, <function <lambda> at 0x7fe06ec24230>]
69679932-[706 348 746 406 318  44 753 690 237 222  91  28 157 582 415 503 349 735
 224 721 501 614 325 666 625 496 634 254 594 293 140  34  98 493 528 710
  81 272 755 759 527 613 651 270  40 357 652 465 110 473 296 284 495 119
  85 324 723 285 770  13 360 345  37 615 151 571 331  46  89 147 385 574
 260 121 616 592 208 451 161 750 536 273 243 776 263 368 610 568 131 232
 412 152  66 339 480 767 188 534 109 129 156 684 101 725 380 436 212 698
 166 452 258  42 139  58 290 558 173 343  87 743 575  97 241 253 635 650
 733 591 687 641 472 513 204  25 660 566  53 744 593 639 707 478 259 441
 696 189 422 728 193 414 629 297 483 486 507 525 737   1 230 644 103 464
 375 573 576 125 372 443 535 411 504 105 200 444 320 448 579 461 266 199
 446 562 545 175 203 279 692 732 482 201 382 709 137 310 111 350 321 312
 271 680  82 747  78 648 580  70 673 450 108 138 449 515 646 329 319 117
 463 474  55 401 215  12 557 485 186  62 681 781 590 689 538 410 524 640
 469 724 397 433 560 180  72 520 705 231 113 256 220 519 366 164 371 314
 330 333 468 602 488 730 195  24 572 388 170 351   3  56 281 457 163 655
 418  27 668 656 711 337 727 205 514 423 741 676 379 282   9 308 475 227
 440  45  52 657 122  67 229 116 361 643 211 435 438 662 682  84 745 304
 462 148 556 303 609  69 359 477 276 612 392 679 623 596  76 551 362 686
 394 235 624 442 332 540  99 120 542 261 752 777 736 178 765  94 649 174
 497 645 555 391 658 754 123 218 778 236 751  30   2 600 559  38 543 421
 607 583 766  10 277 420 402 334 500 531 206 550 305 632 228 245 430 471
 447 370 159 505 742 548 398 694 587  33 665 233 142 490   6   4 731 459
 184 597  35 107  77  50 132 323 376 719 618  65 154 508 720  29 466 729
  88  71 179 760 185 499 605 487 569 585 356 196  68 529 389 143 653 510
 547  59 292 671 426 417  18  47 265 413 511 264  57 396 748 104 677 604
 611 669  93   0 317 722  75 257 363 533 626 145 675  79 210 133 599 377
 182  74 127 248 521 267 479  48 307 395 399 288 223 703 489 309 544 213
 244 335 106 365  64 295 252 409 460 124 518 664 445 278 239  19 262 373
  60 588 354 387 697 570 509 453 280 636 552 150 358 275 774 172 191 647
 352 678 287 149 381 128  80 217 135 691  22 561 685 757 134 633  63 502
 526 226 176 523  20 221 192 327 782 637 225 537  73 283 326 627 155 294
 431 577 715 695 407   8 589 768 763  43 214 341 567  61 374 268 246 384
 311 286  49 251 187  96 603 772 340 269 219 416 539 516 704 621 762 316
 313 338 775 302 738 584 424 141 606 734 165 146 761 659 553 169 289 114
  51 322  41  92 250  86 198 298 455 393 530  36  39 336 532 400 565 630
 699 364 434 702 234  95 771 663  23 367  21  17 740 126 274 242 586 718
 346  90 714 739 749 238 780 160 522  31 713 549 428 115 315 390 425 194
  14 378 177 328 598 136 756 291 347 638 202 667 670 708 617   7 491 342
 467 661 654 167 688 631  16 439 130 190 476 628 144  32 506 432 240 419
 595 383 454 102 299 207 408 619 564 481 554 601 726 578 758 492 773 779
 484 764  83 498 674 717 769 344 563 386 183 541 100  11 112 353 716 306
 517 197 429   5 249 622 470 255 683 437  15 369 494 581 162 300 168  26
 700 181 301 153 701 209 427 456 712 458 216 158 405 672 608 118 171 512
  54 355 546 642 620 693 247 404 403]
GPU0
set random seed!
finished RVND in 12.5493648052s
data-line;initial_solution;69679932;final_solution;3427804;time;12.5493648052;counts;998;fv;[];cv;[594, 251, 134, 14, 5];imp;20.3278635535
