pydf_home: /home/rodolfo/git/Sucuri
simple_pycuda_home: /home/rodolfo/git/simple-pycuda
wamca2016path: /home/rodolfo/git/wamca2016/
localpath: /home/rodolfo/git/dvnd-df/code/dvnd-df/src/
WAMCAPATH:/home/rodolfo/git/wamca2016/
Using already created file:  wamca2016lib.so
Size: 226 - file name: 03_pr226.tsp
ns:  [<function <lambda> at 0x7fa4c6e220c8>, <function <lambda> at 0x7fa4c6e22140>, <function <lambda> at 0x7fa4c6e221b8>, <function <lambda> at 0x7fa4c6e22230>, <function <lambda> at 0x7fa4c6e222a8>]
ns:  [<function <lambda> at 0x7fa4c6e222a8>, <function <lambda> at 0x7fa4c6e22140>, <function <lambda> at 0x7fa4c6e22230>, <function <lambda> at 0x7fa4c6e221b8>, <function <lambda> at 0x7fa4c6e220c8>]
198186858-[110 216  21 184 164  80  18  99 175 127 178 134  25 166  96  49 196  75
 209  11  94  87  98 105  63 187  47  66  23 119  52 112 202  56 129 221
 159 156  26  13 137 211 104 167 139 181 118 174 121  30 169  39  38  88
 186  95   8 126  35 173  61 218 212 155  58  24 135 195 201  65  43  60
 215  28 143 146  82  41 149 222 151 102 193  53   1   4 101 185 122 152
 189  91 220  40 158 213   9  78 208   2 168  55  16  84  12  29 224 136
 225 214 141  68 120 172  27   5 199   7 140  48 191  85 188  74  17 170
 133  33   0 161 124  42  15 180  86 197  32  57  69 163  46 190  90 111
 142 106 203 109  51  31 194 113   6 128 177  45  89  59  81 198  54 200
  22 153 207 114 223  44   3 210 182 130 100 162 125 205  83 171 217 204
 179 148 115  20  37 107 160  93  34 147 183 145  97 219  71  72  64 144
 165  19 117 206 157  67  73 103 116 132  50  92  14 154 131 150 192 108
  70  76  10  79 176  36 123  77  62 138]
GPU0
set random seed!
finished RVND in 2.53891801834s
data-line;initial_solution;198186858;final_solution;7383284;time;2.53891801834;counts;448;fv;[];cv;[328, 84, 33, 2, 1];imp;26.8426431924
