pydf_home: /home/rodolfo/git/Sucuri
simple_pycuda_home: /home/rodolfo/git/simple-pycuda
wamca2016path: /home/rodolfo/git/wamca2016/
localpath: /home/rodolfo/git/dvnd-df/code/dvnd-df/src/
WAMCAPATH:/home/rodolfo/git/wamca2016/
Using already created file:  wamca2016lib.so
Size: 783 - file name: 07_rat784.tsp
ns:  [<function <lambda> at 0x7fed907230c8>, <function <lambda> at 0x7fed90723140>, <function <lambda> at 0x7fed907231b8>, <function <lambda> at 0x7fed90723230>, <function <lambda> at 0x7fed907232a8>]
ns:  [<function <lambda> at 0x7fed90723230>, <function <lambda> at 0x7fed907231b8>, <function <lambda> at 0x7fed90723140>, <function <lambda> at 0x7fed907230c8>, <function <lambda> at 0x7fed907232a8>]
70330459-[622 105 212 117 111 480 541 246 496 338 235 409 585  37 426 435 439 187
  77 517 125  39 620 197 672 649 380 129  23 417 208 189 357 710 195   4
 466 192 574 781 355 179 365 334 154 422 512 408 393 428 264 682  89 558
  21 434 199 660 571 221 166 503 598 248 169 683 779 609 168 731 756 509
 265  51 388 411 456  82 378 314 345  93 328 184  26  45 270 573 628 241
  65 124 180 386 211  98 584 772 488 340 663 363 158 511 700 602 227 448
 225 215 245 342 309 522  35 640 141 526  52 139  96 279 237 679 150 685
 728 726 445 210  74 733 765 216 313 639 527 499 371 384 190 662 742 159
 134 606 410  59 641 502 160 732 442 492 294 449 220 250 748 303 674 542
 706 467 777 539  13 579 489 414 691 153 737 331 483 151 647 281 437 155
 746 209 665 403 690 771 478  64 205 362  14 163 469 133  68 341 297 774
 735 162 430 625 177 181  15 506 458 767 638 668 398 236 604 678 174 611
 252  48 433 696  54 721 325   0  44 405 240 377 623 681 142 581 261 406
 702 595  69 350 267  97 587 723 282 633 521 601  76 330 301 207 646 763
 443 582 302 332 596 364 107 224 549  40 775 533 540 230 137 651 709 479
 636 576 529 736 745  47 603  36 555 566 524 218 485 335 424  46 244  58
 624   3 288 196  41 490   5 420   9 392 348  79 119 544 689 764 447 556
 493  86 108 379 318 256  61 655 475 354 287 701 708 465 482 773 476 535
 432 144 116 373 617 500 356 440 698 178 268 323 554 459  43 243 473 613
 407 361   7 686  25 149 561 627 712 525 438 254 337 327 383 193 692 677
  94 396 387 317 528 351 161  66 415 523 401  38 687  31  17 616 226 495
 308 358 130 487 634 497 143 699 474 312 658 491 648 315 705  10 400  53
 545 749 121 580 223 285 284 537 167 593 441  75 234  78  63 753 103 452
 463  85 515 738 782 484 450 610 311 560 324 605 427 152 543 720 599 755
 183 510 719 618 238 156 293 594 619 247 563  72 157 132 659 275 413 112
 704 367 194 481 538 676 451 404  83 321 140 146 122 204 346  67 615 191
 118  70  87 750 135 171 583 376 258 431 222  81 126 630 670 147 368 626
 381 394 752 754 494 759 165 462 758 718 128 127 464 703 570 399 722 291
 255 369 632 300 486 743 390  92 419 642 280 654 768 444 283 769  11 455
 590 352 711 276 202 366 461 673 233 695 548 217 229 446 201 766 713  32
 567 219 729 472  71 269 360 109 198 416 460 697 359 550 232 747 206 778
 577  29 516 714 316 228 578 175 559 188 477  34 498 259 471 395  84 568
 607  20  19 751 262 757 669 231 185 575 172  91 532 101 278 266 336 136
 299 289 306  28 370 343 296 104 588 257 295  18 684  12 536 271 214 298
 553  30 518 740 734 307 707 727 389 242  60  62 520 333 402 305 349  55
   8 123 569 277 418 164 534 730 412 725 592 213 621 645 113 637 131 176
 547 319 263 372 374  95 770  50 760 436 100 557 182 304 347 329 717   2
 114 203 664 675 290  73 761 249 513 546 120 762 552 173  56 657 468 671
  24 586 666 102  49 397 385 423   6 652 780  90 653 344 680  33 507 272
 608 339 597 551 572 286 688 530 260  22 724 453 600 375  27 644  42 635
 322 656 514 776 115  99 614 253 106 741 744 631 170 110 505 239 650 274
 425 326 562 320 429 565 186  80 667 273 200 501 508 693 694 661 310 457
 353 715  88 531 564 629 589 292 470 716  16 591 739   1 519 612 454 391
 251 643 504  57 145 138 382 421 148]
GPU0
set random seed!
finished RVND in 11.3670830727s
data-line;initial_solution;70330459;final_solution;3436488;time;11.3670830727;counts;905;fv;[];cv;[523, 243, 120, 15, 4];imp;20.465795021
