pydf_home: /home/rodolfo/git/Sucuri
simple_pycuda_home: /home/rodolfo/git/simple-pycuda
wamca2016path: /home/rodolfo/git/wamca2016/
localpath: /home/rodolfo/git/dvnd-df/code/dvnd-df/src/
WAMCAPATH:/home/rodolfo/git/wamca2016/
Using already created file:  wamca2016lib.so
Size: 226 - file name: 03_pr226.tsp
ns:  [<function <lambda> at 0x7ff11c7350c8>, <function <lambda> at 0x7ff11c735140>, <function <lambda> at 0x7ff11c7351b8>, <function <lambda> at 0x7ff11c735230>, <function <lambda> at 0x7ff11c7352a8>]
ns:  [<function <lambda> at 0x7ff11c7351b8>, <function <lambda> at 0x7ff11c7350c8>, <function <lambda> at 0x7ff11c735230>, <function <lambda> at 0x7ff11c735140>, <function <lambda> at 0x7ff11c7352a8>]
185816298-[ 49  91 202 225 131  98 178  55  47  14 112 108  21 163  99 171 150  82
  27 135 218   1 174  95  60  22  23  40  69 206 199  61  77  33  66 122
 124 181  74 224 198 132  58 203  57  11 188  42 140 162  72 179 105 160
 102  59 195  79  29  39 142 151  54 115  36  25 103 141 120 146  18 116
  45 216  65 196 177 153 217 221   9 170 213 222  96 192 145 158  44  90
   5   3 110  80   4  19 208  48  43  16 194 144 164 143  35  13 147 107
   7 119  81  32 104   0  92  67 114 201  56 180 128 159 219  86 205 214
  38  30  84  17 215 185  41 125 220  62  50 176 138 173  89 183  46  28
  87  10 210  88 106 175 211  15 134 157  75 154  63  83 127 187 156  85
 212  70 167 101  24  52  31  73 161 109 133  12   8 113 111 100 223   6
 121 184 193 165  68  71  37 169 168 186 191 118 166  94  78 209 136 123
 200 126 139 207 172 117 148 155  53 137 149 152 190  34 182 189 130  93
  26 197 129  20  97  51   2 204  64  76]
GPU0
set random seed!
finished RVND in 2.16208195686s
data-line;initial_solution;185816298;final_solution;7639104;time;2.16208195686;counts;399;fv;[];cv;[356, 36, 5, 1, 1];imp;24.3243576734
