pydf_home: /home/rodolfo/git/Sucuri
simple_pycuda_home: /home/rodolfo/git/simple-pycuda
wamca2016path: /home/rodolfo/git/wamca2016/
localpath: /home/rodolfo/git/dvnd-df/code/dvnd-df/src/
WAMCAPATH:/home/rodolfo/git/wamca2016/
Using already created file:  wamca2016lib.so
Size: 501 - file name: 05_TRP-S500-R1.tsp
ns:  [<function <lambda> at 0x7ff5119700c8>, <function <lambda> at 0x7ff511970140>, <function <lambda> at 0x7ff5119701b8>, <function <lambda> at 0x7ff511970230>, <function <lambda> at 0x7ff5119702a8>]
ns:  [<function <lambda> at 0x7ff5119700c8>, <function <lambda> at 0x7ff511970140>, <function <lambda> at 0x7ff5119701b8>, <function <lambda> at 0x7ff511970230>, <function <lambda> at 0x7ff5119702a8>]
32659202-[327 176 217 118 483  36  94 197 464  71 106 275 205 369 193 337   1 242
 230 408 268 151 374 333 290 262 440  34 211 417 163 146 236 113  69 463
 338 351 331 459 497 314  84 326 132  37 310  63 480 248 181 304 173 378
   5 403 249 325 466  57 139 330 245 430 482  86 414 489 406 280 136 341
  81 373 160 119 250 169 377 112  55  44  91 206 472 449 381 177 303 485
 448 202  50 164 460 385 453 256 101 491 133 365 404 291 213   2   6  30
 178 279 234 196  78 335 165 352 320 306 442 269 424 194 261  25 116 348
 371 241 227  24 384   7 300 286 397 427 124 125 323  38 295 353 277 446
 282 100 402  14 399 166 435 152 144 477  29 103 130  10 346 386   8 120
 484 423 190 135 257 382 387 498 395   4 450 137 316 209  54  43 199  83
 311 356 204 383 221 296 115 434  60 357 476 228 469 274 468 258 123 367
 233 419 342  82 418 102 180 315  22 140 273 162 488  19  35  52 431 451
  23 481 400 370 391  97 436  56  65 443  17 110 224 438 413 161 243 478
 229 182  61 201 157 350  88 420 294  70 246 364 393 471 185  67 389 457
 117 200 439  72  98 156   9 138 422 332 195 321 324 358 253 158  79 208
 143 159 455 444 388 260 379 479 461 203 220 425 429 447 302  20 107 412
 104 155 216  12 405 421 354 392 134 131 433 366 265 214 292 153 252 141
 307 285 409 312 494 401  41  89 109 343 264 126 445 251 287 121 372 441
 410 223 462 473 407  90 368 142  93  77 183 154 334 215 168 359 129 284
  92 187 492 340 299 361 394 309 114 184 175 150  51 266 363 167 318  87
 375 475 345  40 276 232 198 254 319  16 186  58 235 128 308 148 396  15
 238 207 426  68 349 458  47 432  76 500 283 171 360 493 322 495 244  31
  62 416 267 218 210 270 281 172 239 255 474 240  32 189  80 105 336 347
  95 289 247 192 226  42 174 111 231 411  45 362 467  48 212  64  27 108
 225 390 328  26  73 415  33 339 487 437  39 237 298 259 191 127 344 288
 278  13 263 428   0   3  99  85 398  49 376 355 454  66 313 465 380 122
 222 305  21  59 456  28 293 452 272 486 147 317 301  46 188  96 490 329
 470  53 170  74  11 297 496  75 179 219 499 145 271  18 149]
GPU0
set random seed!
finished RVND in 4.4019920826s
data-line;initial_solution;32659202;final_solution;2017385;time;4.4019920826;counts;587;fv;[];cv;[372, 145, 63, 5, 2];imp;16.1888791678
