pydf_home: /home/rodolfo/git/Sucuri
simple_pycuda_home: /home/rodolfo/git/simple-pycuda
wamca2016path: /home/rodolfo/git/wamca2016/
localpath: /home/rodolfo/git/dvnd-df/code/dvnd-df/src/
WAMCAPATH:/home/rodolfo/git/wamca2016/
Using already created file:  wamca2016lib.so
Size: 318 - file name: 04_lin318.tsp
ns:  [<function <lambda> at 0x7f361121c0c8>, <function <lambda> at 0x7f361121c140>, <function <lambda> at 0x7f361121c1b8>, <function <lambda> at 0x7f361121c230>, <function <lambda> at 0x7f361121c2a8>]
ns:  [<function <lambda> at 0x7f361121c2a8>, <function <lambda> at 0x7f361121c140>, <function <lambda> at 0x7f361121c230>, <function <lambda> at 0x7f361121c1b8>, <function <lambda> at 0x7f361121c0c8>]
94680876-[ 25 221 101 286   3 211 248 230   5 311  76 196 282 151  92  88  38 317
 125 142  31 312  42 242 310 216 280 301  46 244 305 229   1  66  80  65
  81 279  70 107 116 118   7 263 184 102  39  21 166 316 158 126 275 306
 300  44 250 254 224 186  37  72 237 177 255 274 264 258 268 147  90  89
  24 273  78 100 194 284 180 193 183 252 146 138 195 201  22 249 315 114
 283 140  58  35  18 290 199 212  52 197 220 235 298 108 233 133  93 130
  17  27 308  69  12 163   9 232 226  75 129 188 272 205 259 131 124 297
  99  13  77 214 265  98 103  19  82 173  51   0 144 178 161  79 245 289
 253  60  63 206 304  73 198 285  11 189 294  64  10 156 182 110 219 106
  94 223 246 170 313 113 266 171 132 281 143 128 260 271 243   8 228 295
 234 296 192  32 270 135 111 241 213  67 227 210  54 200 314  55 185 121
  43 168 287 105 303  57 153  96  26 123 288  40 247  23 236 149   6 307
 238 174 276 262  84  15 292 157 137 159 202 256 302 160  95 127  83  34
 204  14  62  86 203 145 154  47  97  50 117  59 190 231  68 181  45 309
 169 148  28 218  56 120 215  29 162 141 269 217 267  20  61 104 115 299
 150 119 122  53  48  33 277 251 152  71 109 208  41 165  85  87 155  16
 261 239 164 209   4 176 175  30 225 167  36 207   2 293 291 222  74 191
 134 179 139 136 257 172 278 112 187  91  49 240]
GPU0
set random seed!
finished RVND in 2.60444998741s
data-line;initial_solution;94680876;final_solution;6029899;time;2.60444998741;counts;406;fv;[];cv;[256, 101, 38, 9, 2];imp;15.7019008113
