pydf_home: /home/rodolfo/git/Sucuri
simple_pycuda_home: /home/rodolfo/git/simple-pycuda
wamca2016path: /home/rodolfo/git/wamca2016/
localpath: /home/rodolfo/git/dvnd-df/code/dvnd-df/src/
WAMCAPATH:/home/rodolfo/git/wamca2016/
Using already created file:  wamca2016lib.so
Size: 657 - file name: 06_d657.tsp
ns:  [<function <lambda> at 0x7fd026ca90c8>, <function <lambda> at 0x7fd026ca9140>, <function <lambda> at 0x7fd026ca91b8>, <function <lambda> at 0x7fd026ca9230>, <function <lambda> at 0x7fd026ca92a8>]
ns:  [<function <lambda> at 0x7fd026ca90c8>, <function <lambda> at 0x7fd026ca91b8>, <function <lambda> at 0x7fd026ca9230>, <function <lambda> at 0x7fd026ca92a8>, <function <lambda> at 0x7fd026ca9140>]
282554124-[243 439  69 185 552 415 281  49  78 176 377 611 568 242 642 537 256 451
 332 290 510 364 319 478 383 392 480 444 542 410  12 536 644 578  18   8
 455  86 520 269 442 310 207 499 139 404 158  96 515  58 463 581 137 133
 617 398 591 607 446 481 379 130 579  57 284 366 363  55   5 627 180 143
 361 276 513 394 295 514 253 127 428 440 582  87 217  40 292 110  21  39
   1 423 556  26 547 365 118 419 603 145 338 441 443 608  45  98 373 517
  68  56 588 385 201 346  61 187 134 620 237 301 457 422 351 167 150 352
 624 544 420 491 254 378 219 360 220 278 614 460 564 612  91 320 224 286
  81 349 102 630 174 171  90 221  34 298 261 526  42  60 162 651  14 168
 372 469  88  20 572 467  48 209 240 157 516 300  44 343 229 490 472 245
  53 529 605 294 408 308 411 140 574 479 183 407 461 396  24 557 258 234
 598 643 268 403 109 509   6  63 528 265  31 215 312 645 424 160 142 653
 211 138 471 131 475 202 311 548 387 497 334 432 426 649 636 508 165 306
 570  64 146 321 563 587 596 108 353 518 562  72 135 259 126 565 430 594
 590 105 235  79 210 248 609 153  73 318 239  46 648 637 250  13 322 116
 302 376 313 413 421 340 487  38 593 583   3 412  95 511 285 177 586 317
 273 316  36 616 327 647 416 551   2 330 532 638 136 437 468 580 507 633
 535 543 232 639 477 159 503 429 231 274 357 374 434 293 453  15 401 359
 100 336 592 125 622 549 625 602 175  59 279 277 553 288 595 337   4 329
 493 214 271 101  16 560 417 166 151   7 409 431 170 249 113 456 186 483
 575 390 391  27 195 184   9 388 204 189 506 355 550 597 523 289 230 399
 191 384 226 500 251  30 527 539 476 255 530 566  82 205 347 533 326 192
 632 402 263  71 546 502 161 315 283 545 297 328  22 307 619 375 356 599
 452 425 393  17 339 104  92 505  76 629 436 623 260 512 634  99 488 604
 482 654  50 458 155 228 501 484 241 299 197 335 474 397 305 107  10 272
 114 589 246 280 496 222 618 206 173 350 405 244 414  47 498 473 147 465
 144 656 559 282 521 198 252 257  75 238 333  35 558  41 216 621 524 433
 103 650  37  54 464 389 149 314  62 576 395 106 156 200 646 571 128  28
 117  66 348  29 154 585 613 462 270 129 331 152  74 194 427 163 635 606
 652 541 188 494  51 208 522 447 123 172 112 121 406 236 225 445 641 435
 492 628 569 115 438 291 120 381 141 601 325  77 540 275  25 303 132 119
 262 345 615 324 148 504 344 555  33 213  67 567 178 164 470 386 182 367
 368  89 577  52 266 418 561 124 341 640 449 448 626 342 354  80 380  70
  23 610 466 525   0 218 203 370 267 169  97 362 122 309  85  43 247 304
 400 179  19 485 223 264 199 554 193 631 212 519 371 538 233 600 196 190
 573 486 358  84 489 227 495 111 382 459  11 584 287  65 454 296  83  32
 369 450 655  93 323 531 534  94 181]
GPU0
set random seed!
finished RVND in 7.20958590508s
data-line;initial_solution;282554124;final_solution;14562543;time;7.20958590508;counts;692;fv;[];cv;[434, 178, 67, 10, 3];imp;19.402801008
