pydf_home: /home/rodolfo/git/Sucuri
simple_pycuda_home: /home/rodolfo/git/simple-pycuda
wamca2016path: /home/rodolfo/git/wamca2016/
localpath: /home/rodolfo/git/dvnd-df/code/dvnd-df/src/
WAMCAPATH:/home/rodolfo/git/wamca2016/
Using already created file:  wamca2016lib.so
Size: 318 - file name: 04_lin318.tsp
ns:  [<function <lambda> at 0x7f9120d220c8>, <function <lambda> at 0x7f9120d22140>, <function <lambda> at 0x7f9120d221b8>, <function <lambda> at 0x7f9120d22230>, <function <lambda> at 0x7f9120d222a8>]
ns:  [<function <lambda> at 0x7f9120d222a8>, <function <lambda> at 0x7f9120d220c8>, <function <lambda> at 0x7f9120d221b8>, <function <lambda> at 0x7f9120d22230>, <function <lambda> at 0x7f9120d22140>]
96101251-[ 96  38   8 137 270 238  54 213 119 101  58 225 109 265   0 107 278 245
   2 262 302  15 214  43 314 236 144  82 224 177 228 255 311 289 251 193
 246   9 267 188  91 162 207 296 306 222 108  71 143 237 126 317   3  61
 132 256 277 295 153 301 122 201   5  35 196 189  53 309 315  30  93 110
 142 104 123 166 183 145 212 160 204 203 133  59 172 205 248 244  51  52
   1 140 233 209  55 275 191 197  78  75 305 147  87 200   6  66 206 158
  60 102  34 303 242  69 125  72  17 231 149 252  63 194 274   7  64 217
 165 116 146 234  21 148 272 156 154 118  97 258  41 240 229   4 178 184
  12 294 129  25  79  32 293 316  92 304 127  40 157 190 227 210 243 211
 208 279  56 141 283 134 113 230  39  99 103 221  28  57 138 269  10 250
 268  22 223  94 312  37  80  77 135 300 263  13  45 286  11 112  36 106
 131  49  76 241 195 136  70 150  47  26 280  33  18 115 249 299 176 220
  23 159  74 139 308 181 259 174 288 187  16 186 124 121 271 216 285 282
 155 192  44  27 298  83 114 175  20 152  67  42 171 180 235 247 219 164
  50  62  88 128 313 232 310 168  48  86  95  14 307  31 167 291  90 239
 292 287  89 253 111 117 276  68  73 202 105 199 198 264 179 130 161 182
 257  65 173 260  29 290  81 284 218  84 226 163 169 170  85 185  19 100
 266 281 273 297  98 151  46  24 254 261 120 215]
GPU0
set random seed!
finished RVND in 3.13780903816s
data-line;initial_solution;96101251;final_solution;6177126;time;3.13780903816;counts;465;fv;[];cv;[285, 120, 51, 8, 1];imp;15.5575992784
