pydf_home: /home/rodolfo/git/Sucuri
simple_pycuda_home: /home/rodolfo/git/simple-pycuda
wamca2016path: /home/rodolfo/git/wamca2016/
localpath: /home/rodolfo/git/dvnd-df/code/dvnd-df/src/
WAMCAPATH:/home/rodolfo/git/wamca2016/
Using already created file:  wamca2016lib.so
Size: 783 - file name: 07_rat784.tsp
ns:  [<function <lambda> at 0x7f99dcea60c8>, <function <lambda> at 0x7f99dcea6140>, <function <lambda> at 0x7f99dcea61b8>, <function <lambda> at 0x7f99dcea6230>, <function <lambda> at 0x7f99dcea62a8>]
ns:  [<function <lambda> at 0x7f99dcea62a8>, <function <lambda> at 0x7f99dcea61b8>, <function <lambda> at 0x7f99dcea60c8>, <function <lambda> at 0x7f99dcea6230>, <function <lambda> at 0x7f99dcea6140>]
70800905-[664 530 449 743 510 559 520  15 639 139 705 600 534 249 267 418 323 121
 555 554 593 768 337 719 594 211 459  34 345 230 526 734 693 279 285 284
 348 483 645 538 221 576  21 372 765 675 632 302 344 517 606 111 586 539
 271  51 736 582 167 728 460 461 467 490 671 775 640 264 146 540 641 197
 621 644 246  79 604  36 723 291 203 679  10  37 141 732 773 441 549 550
 428 780 143 624 501 209 150 194 481 130 113 393 447 542 263 566 309 583
 532 295 677 341 715  57 236  38 151 395 179 165 171 491  35 676 216 493
 678 525 659 766 383 299 781 373 201 118 686 187  40  74 596 374 735 220
 763 311 175 482 248 313   2 477 541 352 754 398 752  11  84  62 690 275
 170 396 444 386 770 183 591 254 635 714 551 131 278 782 496 747 543 455
 243 655 468 244 565 630 446 616 508 237 503  64 631 560 556 498 668 356
 114 335  41 366 358 137 119 456 377 647 317 298 308 430 724 384  90 198
 580 333 239  30 648 159 488 709 265 759 546 163 215 661 423 117 673 528
 148 138  70 405 190 761 417 670 262 708 191 157 327 305 270  75 570 129
 625 296  92  33 764  58 370  88 579 328 660 259  23 367 663 185 394 700
 172 228 755 112 325 433 688 665 698 280 168   1 322 617  98 273 495  59
 321 408  87 290  89 473 102 469  54  71 509 199 440 416 529 365 207 152
  43 533 397  66 769 760  96 445 654 638 448 572 636 744 378  91 730 142
 740 725  97 720 563 674 694  25  69 737   9 628 536 409 351 162   8 145
 776   5 733 475 697 650 424 612 779 516 451 108 306 389 713 303  50  32
 274 245  13 101 294 399  17 390 581 611  55 338 589 431 574 173 126 438
 214 699 346 746   0 276 307 251 710 429 406 133 425 300 597 681 486 479
 354 426 134 774 234 598 116 224 189 615 154 184  83  47 110 149 729 140
 178 602 666 485 410 662   4 722 601 608 642 716 669 122  28 622 379  61
 186  16 403 512 123 718 497 545 514 421 225 684  73 213 206  48 176 578
 742 751 726 702 443 238 326 342 706  18 619 155 618 318 414  46 359 695
 125 603 380 340 242 177  56 217  19 200 320 343 652 240 419 153 293 518
 192 707 286 287 738 436 548 235 349 577 415 301 439 620 136 651 258  80
  45  12 464 465 334 261 513 627 595 247 711 218 750 132 646 277 599 314
 727 407 212 626 164 500 193  22 124 283 521 590 634 435  31 205  29 531
 255 487 561 376 568 587 427 413 452 629 544 680  82 339 607  44 266 332
 592 507 223 701 226 357 412 519  42 310 537 696   3 195 527   6  68 731
 347 106 480 575 196 721 504 363 331 562 219 371 772 637  26 505  27 202
  39  76 657 361 442 685 281 104 633 569 649 304 156  78 573 753 181 437
 388 260 453 329 476 682  81 494 474 524 557 758 687 511 324 422 256 208
 778 411 336 454 297 609 757 353 135 667 704 402 282 489 229 158  14 369
 115 499 762 691  72 355 330 585 564 558 614 250 584 385 400 450 232 689
  49 522 204 257 741 227 432 458 316  86 739 241 462 605 368 767 658 401
 166 210 387  94 128 319 571 478 613 672 502 269  63 147  95 749  99 535
 253 610 515 107 472 547 470   7 553 312 392 471 289 712 161 180 506 745
 360 457 484 160 127 109 404 623 643 182 588 391 748 466 771 362 717 382
 756 567 268  60 381 692 552 463 420 375 653 103 174  67 222 100 188 288
 492 105 120  24  53 656  93 315 777 233 350 683 703  52  85 272 231 252
  65  20 523 169 144 364 434  77 292]
GPU0
set random seed!
finished RVND in 12.8328211308s
data-line;initial_solution;70800905;final_solution;3377194;time;12.8328211308;counts;1024;fv;[];cv;[617, 265, 128, 12, 2];imp;20.9644175016
