pydf_home: /home/rodolfo/git/Sucuri
simple_pycuda_home: /home/rodolfo/git/simple-pycuda
wamca2016path: /home/rodolfo/git/wamca2016/
localpath: /home/rodolfo/git/dvnd-df/code/dvnd-df/src/
WAMCAPATH:/home/rodolfo/git/wamca2016/
Using already created file:  wamca2016lib.so
Size: 783 - file name: 07_rat784.tsp
ns:  [<function <lambda> at 0x7fe0d12470c8>, <function <lambda> at 0x7fe0d1247140>, <function <lambda> at 0x7fe0d12471b8>, <function <lambda> at 0x7fe0d1247230>, <function <lambda> at 0x7fe0d12472a8>]
ns:  [<function <lambda> at 0x7fe0d1247140>, <function <lambda> at 0x7fe0d12470c8>, <function <lambda> at 0x7fe0d1247230>, <function <lambda> at 0x7fe0d12471b8>, <function <lambda> at 0x7fe0d12472a8>]
67331706-[530 102 762 536 486 330 510 568 538 676  42 327 386 217 460  60 541 251
 771 266 591 554 353 527 777 437  44 517  38 192 270 349 319 152 290 640
 127 383 406 576 379 245 232 143 306 276 539  16 209 581 417 720 767 609
  28 461 483  27 682 491  51 774 304 100 370 537 222 175 670 375 394 265
 518 196  62 377 707 153 128  82  59 142 457 620 623 316 230 391 648 323
 629 299 782 258 332 125 313 252 760 709 422 477 496 702 603 675 766 641
 105  56 237 329 759 447  13   6 315  14 667 442 694 107 572 497  83 642
 408  78 101 183 321 261  84 228 674 350 494 610 495  48 178 575 333 561
 706 622 384 426 416 664 318 474 478 185 421 118 371 171 182  50 502 753
  45 430 402 441 341 133 292 498 423 352 145 134 294 635 559   0  55 436
 208 221 741 773 503 582 657 414 429 159 296 625 103 238 356 390 735  47
  22 135 748 697 696 121 506 597 534 197 778 545 612 194 779 476 169 529
 397 652 293 181  18 113 647 424 366 505 211 242 691 435 146 396 493 463
 646 705 419 389 220 106 399  11 680 737  72 596 338 357 336 227 291 254
  93 451 202  73  15 314 244 454 525 608 295 387 177 708 126  35  57 207
 547 155 325  66 267 398 380 600   3 535  58 683 425  80 740 164 455 163
 160 569 334 369 263 669 679 487 322 289 448 742 216 520 320 331 280 286
 440 468 562 584  41 434 665 738 730 687 616 201  12 594 109 511 732 287
 719 473 456 459 469 432 768 382 452  40 154 700 388 231  64 140  81 656
 115 324 141 305 236 367 563  97 593 274 725 717 678 418 409 769 710 715
 556 695 233 607 619 248 745 199 571 136 309   7 247 302 558 758 567 204
 734  77 215 618  32 522 671 626 549 151 780 243 512  89 723 542 250 257
 450 638 412 186 123 355 660 464 532 573 580 351 149 446 161 592 485 301
 755 407 166 162 693 260 524 519 501 439 681 523  71 659 404 360 156 219
 188 376 521 187 658 392 601 249 548 395  67 345 636 713 130 585 129 205
 104 433 195 311 686 373 489 172 781 458 551 180  85 189 639 673 484 744
 462 393 672   9  74 342   1 344 449 746 200 298 662 701 158 688 339 729
   4 727 277 403 714  37 206 147  24 173 283 213 632 300 112 246 650 555
 445 212 167 191  23 372 570 631 776 479  46 138 176 588  87 728  10 751
  30 273 444 630  99 255 718 602 649  20 374  34 586 467  54 565 385 513
 137 637 110 577 724 690 704 775 310  63 750  52 281 583 516 698  90 540
 157 587 241 761   8 340 179 465 203 614 504 528 756  26 770  65  92 174
 223 757 564 655 633 754 120 492  21 472 604 381 297 772 509 337 359  39
 262 733 317 259 285 663 644 606 595 240 578 490 218 443 590 743 335 117
 617 453 475 661 226 427 307 415  79 431 190 271 363 515 282 279  95 508
 722  96 234 346 543 348 111 364 420 119 507  19 198  70 411 736 677 410
  49 611 598 150 264 312 654 566  31 326 739 752 114 481 122 544 288 368
 651 711 526 239 471 124  69 362 605 470 401 499 716 361 284 214 550 546
 668 184 347  94 378 466 488 268  36 689 168 726 557 749 343 148 643 500
  88  33 579 482 514 400 224 413 763 480 684 552 131 627 589 354   5 703
 210  75 328  68 229 533 165 653 108 428 308 628  61 699 303 721  86 560
 712 574 193 764 275 615 405  91 256 613 621 765 666 365  43 645  29 144
 235 685  17 531 731 599 438 747  76 553 269 692  25 624  98 634  53 170
 139 132   2 278 358 225 272 116 253]
GPU0
set random seed!
finished RVND in 11.9244930744s
data-line;initial_solution;67331706;final_solution;3433066;time;11.9244930744;counts;941;fv;[];cv;[542, 243, 131, 17, 8];imp;19.6127036299
