pydf_home: /home/rodolfo/git/Sucuri
simple_pycuda_home: /home/rodolfo/git/simple-pycuda
wamca2016path: /home/rodolfo/git/wamca2016/
localpath: /home/rodolfo/git/dvnd-df/code/dvnd-df/src/
WAMCAPATH:/home/rodolfo/git/wamca2016/
Using already created file:  wamca2016lib.so
Size: 783 - file name: 07_rat784.tsp
ns:  [<function <lambda> at 0x7f2dfaf180c8>, <function <lambda> at 0x7f2dfaf18140>, <function <lambda> at 0x7f2dfaf181b8>, <function <lambda> at 0x7f2dfaf18230>, <function <lambda> at 0x7f2dfaf182a8>]
ns:  [<function <lambda> at 0x7f2dfaf182a8>, <function <lambda> at 0x7f2dfaf181b8>, <function <lambda> at 0x7f2dfaf18140>, <function <lambda> at 0x7f2dfaf18230>, <function <lambda> at 0x7f2dfaf180c8>]
72434014-[498 561 372 757 675 485  51 427 636 468 519 195 175 511 438 102 734  66
 431 214 648  12 628 755 264 731 727 594 309 749   9 382 304 379  64 127
 543 542 565 752  48 701 284 302 617 631 599 310 536 674 401 647 137  72
 551 672 650 172 159 368 330 611 147 555 256 312 774 714 319 458 766 700
 339 446 570 733  39 435 564 168 408 347 605 230  37 737 369 739 165 186
 682 641 773 204 476 412 753 139 685 351 501 253 391  90 663 683 465 360
 538 633 239 392 374 353 109 470  87  93  30 193 669 180  57 562 222 394
 661 765   0 307 496  84 282 691 604 464  82  95 738 340 366 227 577 667
 356 246 504 199  78  11 721 265 217 705 629  69 413 684 277 554 740 276
 104 751 162 250 656 689  77 266 655 225 305  21  98 383 777 334   2 399
 345 332 697 416 385  70 736 677 522 151 596 618 108 140 407   6 771 231
  18  74 167 530 110 743  13 386  75 269 698 566  68 367 557 125 197 155
 153 741 248 645  44 769 297 223 613 781  34 593 270 712 434 419 183 138
 380 782 292 433 627 242 673 632 131 208 134 143 150 763  16 149  33 426
 106  19 163 260 174 578 768 212 196 607 436 422 477 537 711 681 466 558
 581 112 580  52 626 775 136 541 583 456 267  94 410  81 638 461 588 573
 375 658 772 234 154 182 405 463 694 113 442 590 141 232 103 730  42 114
 713 507 630 306 443 742 406 173 520  24 756  46 695 377 119 121 210 702
 346 474 662 327 584 486 625 274 289 598 559 707 692 344 515 539 653 281
 342 563 747 200 336 610 188 313 568 535 169 680 595 384 403 724 148 376
  29 296 303 177 192 228 649 600 619 571 428 545 759  56  53 355 654 602
 719 291 614 445  55 441  14 219 290 480 473 220 586  27 301 644 156 129
 229 608 726 646 115 693 320 651  35 716 298 510 532 389 671 362 429 679
  54 622 218 240 616 587 493 502 612 687 348 187 237  36 371 665 258 528
 201 556  76 589 178 181 521 331 249 287 710 518 191 454 553 198 567 221
 779 430 268 354 326 241 275  28 437 603 316 546  96 238  99 457 621 224
 364 101 213 770 261 315 479 444 704  17 288 142 591 462 484 732 455 176
  85 111 585   3 120 251 322  50 417 475 381 572 397 699 499 146 432 245
 524 635 676  38 750 497 311 660 144 512 451 318 488 358 472 509 171 271
  22 471 272  41 335 185 533 758   8 634  83   1 548 728 105  23 609 283
 540 341   7 483 279  10 286  15 400 637 314 398 145  80 396 273 124 337
  62 157 350 333 202 531 295 549 723  59  67 365  65  79 642 668 387 100
 748 624 582 189 349 244 527 409 280  58 452 576 308 418   5 492 170 482
 481 503 118 623 184 378   4 696 495  45 278 569 686 643 547 123 526 776
 735  49 207 639 513 754 529  88 414  63 206 659 440 160 164 652 262 620
 725 718 706 107 388 505 460 395 534 425 233 439 393 357 328 373 709 690
 235  97 263 293 190 516  31 133 490  26 359  60 579 203 708 117 211 300
 761 411 390  43 525 423 459 453 338 285 657 421 226 209  47 243 678  92
 259 215 478 194 780  20 247 317  91 489 161 606 216 116 575 321  61  71
 467 424 352 370 122 447 688  86 722 601 415 597 361 329 236 132 469 323
 363 179 343 720 744 552 523 760 550 544 404 299 500 126 640 254  73 666
 152 664 257 450 745 670 762 166 508 574 560 764 420 491 449  40 402 325
 135 514 205 729 592 294 517  32 715 255 494 778  89 128 448 506 324 717
 746 252 130 767 487 703 615  25 158]
GPU0
set random seed!
finished RVND in 14.0408859253s
data-line;initial_solution;72434014;final_solution;3363585;time;14.0408859253;counts;1119;fv;[];cv;[642, 303, 154, 17, 3];imp;21.5347654363
