pydf_home: /home/rodolfo/git/Sucuri
simple_pycuda_home: /home/rodolfo/git/simple-pycuda
wamca2016path: /home/rodolfo/git/wamca2016/
localpath: /home/rodolfo/git/dvnd-df/code/dvnd-df/src/
WAMCAPATH:/home/rodolfo/git/wamca2016/
Using already created file:  wamca2016lib.so
Size: 318 - file name: 04_lin318.tsp
ns:  [<function <lambda> at 0x7f86837fa0c8>, <function <lambda> at 0x7f86837fa140>, <function <lambda> at 0x7f86837fa1b8>, <function <lambda> at 0x7f86837fa230>, <function <lambda> at 0x7f86837fa2a8>]
ns:  [<function <lambda> at 0x7f86837fa0c8>, <function <lambda> at 0x7f86837fa1b8>, <function <lambda> at 0x7f86837fa2a8>, <function <lambda> at 0x7f86837fa140>, <function <lambda> at 0x7f86837fa230>]
92045778-[284  72   8  73 277 236  74  41 293  65 238 187  46  42 295 106 175  93
  58  48 142 157 108 130  78 145  11  10 228 110 303 121 181 114   1 267
  56 161  60 203 313 246 113 132  30 317 251  84  55 266 116  76  83 248
 152 163 209 195 122   2 253 268 242 180 258  77 179  92  85 219 156 269
 129 146 283 287 101 272 270 278  61 263 184  49 306 212 217   9 140  15
  63 112 254 312 154  75 286 155 222 300  62 232  91  47 241  31 186  36
 310  79 276 260 215 288  99 103 169  69  14 294 247 289 107 292  57 231
  24 275  80 281 123 315 274 185 304 290 168 192 282 210 208   0 309 245
 109 191 198   6 136  13 105  87 196  43 128 214 115 148 111  82  98 165
 265 298 311 233 234  25  21 213 167 177 100 256 227 153  16  68 193 259
 172 120 151  90 218 194 170 178 240  39  53 127 257 144  94 138  34  81
  89 207  52  44 134  28 135 139 302 199   3 204 299 160 264 137  18 190
 305 150 166 174 226   7 164 117 162  67  64  32 118 250  29  88  33  59
 133 314 255  37 124 243 230 211  35 237  27 221 279  51 224 149 316  97
 202 216 220 189 225 235 261 244  19 249  17 252 307 131  40  50 297  22
 176 171 143 188  38  23 197  70 239 271 183 223  86 296 285  66  96 200
 291 126 201 280 301 262 104  45 182 205  12 273 158 119   5 159 147  26
  54  95 206  20 229   4 125 173 308 102 141  71]
GPU0
set random seed!
finished RVND in 2.99562382698s
data-line;initial_solution;92045778;final_solution;6005863;time;2.99562382698;counts;486;fv;[];cv;[280, 128, 59, 14, 5];imp;15.3259869564
