pydf_home: /home/rodolfo/git/Sucuri
simple_pycuda_home: /home/rodolfo/git/simple-pycuda
wamca2016path: /home/rodolfo/git/wamca2016/
localpath: /home/rodolfo/git/dvnd-df/code/dvnd-df/src/
WAMCAPATH:/home/rodolfo/git/wamca2016/
Using already created file:  wamca2016lib.so
Size: 501 - file name: 05_TRP-S500-R1.tsp
ns:  [<function <lambda> at 0x7fde1ed750c8>, <function <lambda> at 0x7fde1ed75140>, <function <lambda> at 0x7fde1ed751b8>, <function <lambda> at 0x7fde1ed75230>, <function <lambda> at 0x7fde1ed752a8>]
ns:  [<function <lambda> at 0x7fde1ed750c8>, <function <lambda> at 0x7fde1ed751b8>, <function <lambda> at 0x7fde1ed75140>, <function <lambda> at 0x7fde1ed752a8>, <function <lambda> at 0x7fde1ed75230>]
33070334-[175   2 239  75 365 377 276 398 264 284 466 253 206   0 208 490 402 172
   3 481 303 118 201 263 211 317  31 282 453 252 458 431 260 180  20 214
  67 417 366 329  70 473 143 257 199  61  94 464  87 368 336 418  72 457
  41 348 443 456 171 297 107 213 321  73  46 407 157 178 128 120 198 156
 126 302 386 145  26 191 100 381  95  93 498 467  18   6  65 195 357  71
 275 392 411 428 495 331 219 136 441 141  42 228 323 489 307   5 385 383
 164 182  68  79 480 283 311 170  39  58 360 158 231   7 268   4  37 177
 258  78 114 461  60  59 130 426 318 137  32 469 204 424 104 196 142  28
 445  84 236 287 110 273 240 203  83 267 343 189 132 412  19 378 168 296
  76 423 152  85 221 499 207 290 124 271 262 200 333 278 352  10 316 376
 404  29  82 362 146 427 293 261  77   9 448 174  25 129  36 459  86 367
  66 266 313 241 232  35 155 222 496 465 285 455  43 166 361  74 190 420
 209 216 468 179 454 434 270 117 234  55 230 479 401 356 116 210 310  33
  62  30  27  21  47 218 339 223 382 243  88 187 380  90 347 471   8 101
  80 227  49 390 229  96 446 309  48 113 437 395  15 212 363  63 300 435
 217  24 244 272 493 328 353  53 194  81  92 475  11 332 115 277 325  16
 487 387 326 153 162 369 235 279  14 452 429 391 249  91 379 371 173 463
 372 342 238 165 298 472 421 399 355 500 149  57 425 349 384 185  97 447
 482 405 338 186 315 389 322 350  13  38 111 161 131 286 346 324 108  56
 486 160  50 265 415 215 497 233 220 341 188 358 359 374 388 148 193 330
 460 432 163 280 396 147 237 419  52 335 400 485 291 294  44 123 245 436
  12 433 259 150 414 440 256 106 144  54 301  22 133 344 305 119 184 281
 470 403 105 408 494 255 269  23 103 299 483 250 488 167 477 226 251 295
 492 422  17 334 292 406  98 246 491 410 320 140 370 393 462 308   1  34
 474  64 345 122  45 139 351 438 314 288 484 476 413 337 202 242 109 176
  99 125 247 138 373 442 439  89 134 416 102 340 205 327 306  69 319  51
 159 183 354 444 451 135 127 449 304  40 375 121 409 450 274 430 224 478
 248 192 154 254 112 364 151 397 394 181 289 169 225 197 312]
GPU0
set random seed!
finished RVND in 4.7906498909s
data-line;initial_solution;33070334;final_solution;1950888;time;4.7906498909;counts;602;fv;[];cv;[368, 152, 72, 6, 4];imp;16.9514262223
