pydf_home: /home/rodolfo/git/Sucuri
simple_pycuda_home: /home/rodolfo/git/simple-pycuda
wamca2016path: /home/rodolfo/git/wamca2016/
localpath: /home/rodolfo/git/dvnd-df/code/dvnd-df/src/
WAMCAPATH:/home/rodolfo/git/wamca2016/
Using already created file:  wamca2016lib.so
Size: 318 - file name: 04_lin318.tsp
ns:  [<function <lambda> at 0x7f384aa350c8>, <function <lambda> at 0x7f384aa35140>, <function <lambda> at 0x7f384aa351b8>, <function <lambda> at 0x7f384aa35230>, <function <lambda> at 0x7f384aa352a8>]
ns:  [<function <lambda> at 0x7f384aa35140>, <function <lambda> at 0x7f384aa352a8>, <function <lambda> at 0x7f384aa35230>, <function <lambda> at 0x7f384aa350c8>, <function <lambda> at 0x7f384aa351b8>]
94570665-[267 104 133  88 166 137  25  37 159 232 196  45 304  81 131 290  66 274
 126  34 176  33 190 317 191  68 218 127 253 121 148  65 172 210 285 161
 209 183 262 278  47 182 194 221 117 246 238  89  39  76 295  48 195  86
  26 118 259  12 216   3  84  11 215 287 123 174   1 204 160 151 186 113
 114 202 207 170 301 120 220 265 103  94 250 229 119  40 219  61  29 180
 289 284  96   5  50 257  36 256 192 239 312 173 143  32 315  42  44  60
  38 247 296 181  57 108  97   2  74 268  17 242 158 146 308 237 226  13
  31 282 147 224 139  62 270 198 231 163  35 193  56 175 149 169 171 298
  20 303  28 222 102 205 116  51 201  98 302   6  91  83 152 269 156 211
 212 214  21 233 140 291  90 264  41 234 261 311 122 164  30  85  75 252
 255 276 112 305 272 153 235  82 244  63  80 199   9 271 124 299  78  15
  87 243 297 132 280  14 217  22 184 258 197 142 306 313 223 150 106 283
 316  64 129  16 138 107 100   0  95  72  10  49 288 236 115  46 109 307
 213  92 178 225 136  93 292 154 248 188 110 241 167  67 101   7  52 263
 314 230  27  59 279 251 260  24 277  70 179  18  77  19 228 254 227 125
 168 189 240  99 206 266  79  23 105 310  54 157 134  43 208  69 281 145
  55 203 245 111 200 187 141 293  71 286 309 165  53 144 177 249 294   4
   8 162 128 185 273 130  58 135 300 155  73 275]
GPU0
set random seed!
finished RVND in 3.4167098999s
data-line;initial_solution;94570665;final_solution;6024408;time;3.4167098999;counts;570;fv;[];cv;[340, 145, 69, 13, 3];imp;15.6979183681
