pydf_home: /home/rodolfo/git/Sucuri
simple_pycuda_home: /home/rodolfo/git/simple-pycuda
wamca2016path: /home/rodolfo/git/wamca2016/
localpath: /home/rodolfo/git/dvnd-df/code/dvnd-df/src/
WAMCAPATH:/home/rodolfo/git/wamca2016/
Using already created file:  wamca2016lib.so
Size: 657 - file name: 06_d657.tsp
ns:  [<function <lambda> at 0x7f4be2c610c8>, <function <lambda> at 0x7f4be2c61140>, <function <lambda> at 0x7f4be2c611b8>, <function <lambda> at 0x7f4be2c61230>, <function <lambda> at 0x7f4be2c612a8>]
ns:  [<function <lambda> at 0x7f4be2c61140>, <function <lambda> at 0x7f4be2c611b8>, <function <lambda> at 0x7f4be2c610c8>, <function <lambda> at 0x7f4be2c612a8>, <function <lambda> at 0x7f4be2c61230>]
279548739-[569  73 406 136  15 403 430 131 101  81 484 281 144 611 108  48 436 580
 577 335 487 543 148 251 141 395 511 510 509 169  51 590 253 621 383 402
 405 234 476 624 225  52 535 435  17 119 635 374 608 451 252 549 298 488
  95 142 612 595 428 224 517 482   6 562 388 450  30 420 389 601 306 497
 163 118 256   8 301 585 373 589 486 121  58 147 235 578 290 303  35 508
 181  90 356 593 231 481 364 411 456 429 338 465 279 505 587  66  78 314
 584 357 145 208 453 305 291 331 478 438 446 260 404 491 463 194 350 210
 414 334  19 246 617 556 641 653  62  72 462 501 412  11 540 656 206 134
 614 363 393 581 427 434 365 396 439 172 573  42 442 471 654 531 432 609
 261 602 295 650 267 133 459 413 190  31 217  57 176 257 211 618 137  70
 345 202 243 567  75  23   1 392 323 342  83 307 219 159 332 271 370  46
 193 247 347 186 348 354 263 125 215 522 151 122 651 479  32 391 489 124
 632 269 178 313 114 566 105 461 457 494 586 504 167 250 104 294 394 643
 468  55 280  79 384 229 171  97 627 201 625 195  29  38 513 138 597 385
 299 369 162 644 437 443 415 272 353 419 603  71 248 622 558 616 571  64
 400 242 382 343   3 431 381  54 187 645 496 417 164 646 626 542 166 555
 112 526 423 276  84  89 515 490 310 311 240 539 325 127 209 110  14 579
  44  80  10 223 444 245 109 297 158  86 454 521 230 113 103 380 441 366
 155  74  99 533 541 153 326  60  88 237 188 344 316 399 527  36 320 362
 115  20 422 572  22 156 445 278 160 379 525 458  45 174 372 639 275 568
 341 284  92 409 466   2 232 289  18 140 596 407 126 495 333 575 387  25
 180 475 368 528 447 507 559  33 254   0 198 116 544  28 177 358 467 637
 282 570 523  43 268 173  26 228 628 546 460 213 512 640   4  34 185 265
 200 150 375 538 398 529 480 545 530 607 418  67 339 249  82  53 532 492
 102 135 221 266 317 448  61 319 239  49  85 410 452 244 371 199 500 642
 143 216 520 648 355  16 416   7 483 440 293 258 620 560 205 170 469 296
 204 351 183 449 604 547 477 100 165 615 588 408 120 565 238  56 337  24
 557 377 340 610  50 433 652 550 318 107 594 574  12 352 536 647 561 360
 493 630 128 302  39 236 191 376 192 583 638  76 203 455 312 220  63 591
 359 175 378  65 390 146 179 346 285 218 349 315  87  47 139 629 631 277
 222 227 425  59 212  21 321 499 516 649 132   5 474   9 554 548 503 605
 274 197 184 592 606 304 327 514 537 424 524 655 329 288 636 464 129 619
 226 283  77 300 130 473 361 633 564 264 472 207  98 470 401  93 426 117
 324 397 196 330 154 255 287 498  27 623 322 552 123  69 273 563 599 182
  94 598 262 168 553 309 189 286 259  37 518  40 214 241 576 506 502  13
 519  91 613 485 534 233 292  41 270 149  96  68 367 600 111 328 152 421
 161 551 634 582 386 106 157 336 308]
GPU0
set random seed!
finished RVND in 11.3548707962s
data-line;initial_solution;279548739;final_solution;14139707;time;11.3548707962;counts;1064;fv;[];cv;[587, 292, 162, 20, 3];imp;19.7704760785
