pydf_home: /home/rodolfo/git/Sucuri
simple_pycuda_home: /home/rodolfo/git/simple-pycuda
wamca2016path: /home/rodolfo/git/wamca2016/
localpath: /home/rodolfo/git/dvnd-df/code/dvnd-df/src/
WAMCAPATH:/home/rodolfo/git/wamca2016/
Using already created file:  wamca2016lib.so
Size: 226 - file name: 03_pr226.tsp
ns:  [<function <lambda> at 0x7f1dc25230c8>, <function <lambda> at 0x7f1dc2523140>, <function <lambda> at 0x7f1dc25231b8>, <function <lambda> at 0x7f1dc2523230>, <function <lambda> at 0x7f1dc25232a8>]
ns:  [<function <lambda> at 0x7f1dc25231b8>, <function <lambda> at 0x7f1dc2523140>, <function <lambda> at 0x7f1dc25230c8>, <function <lambda> at 0x7f1dc2523230>, <function <lambda> at 0x7f1dc25232a8>]
191059097-[ 17 199  95 154  89 159  93  91   9 215 218  48  87  98 101  74 162 129
  12 135 143 208  47 138 104 161 114  27 164 223 148 139 121  60  41  67
   4  65 209 147  42 106  56 127 163 166  21  61 136  78 205  58  99 157
 193 133 130 182 177 191   8  19 149  72 120 100 201  33 184 225 202  70
  18 137  94 119  15  29 204  53  39  79 152  38  83 173 186  76 103 221
 175 195 172 169  77   5 165 158 224  43  35 188  68  71 146 200  64 203
   2 189  75 125 112 111  36 170 109 194  26 144  97 167  80  96 206  16
  55 131 140 187  88  69  92   7 118 185 110  85 192   3   6 190 108 116
 117 178  30  46  14   0 198 142 155 134 105  52  49  10  62  32 196 113
  22  82 197 176  24 181  54 160  37 222 168  34  23 219 150 207  66  45
  84  13 213 216 179 212  28 107 132  51 151 210  50 183 145  59 156   1
 211 128  11 171 123 126 180 122  31 115 214 141  25  57 174  63 124 102
  73  20  81  44 217  40 153 220  86  90]
GPU0
set random seed!
finished RVND in 3.58784794807s
data-line;initial_solution;191059097;final_solution;7251124;time;3.58784794807;counts;746;fv;[];cv;[620, 96, 26, 2, 2];imp;26.3488939094
