pydf_home: /home/rodolfo/git/Sucuri
simple_pycuda_home: /home/rodolfo/git/simple-pycuda
wamca2016path: /home/rodolfo/git/wamca2016/
localpath: /home/rodolfo/git/dvnd-df/code/dvnd-df/src/
WAMCAPATH:/home/rodolfo/git/wamca2016/
Using already created file:  wamca2016lib.so
Size: 226 - file name: 03_pr226.tsp
ns:  [<function <lambda> at 0x7efff562b0c8>, <function <lambda> at 0x7efff562b140>, <function <lambda> at 0x7efff562b1b8>, <function <lambda> at 0x7efff562b230>, <function <lambda> at 0x7efff562b2a8>]
ns:  [<function <lambda> at 0x7efff562b2a8>, <function <lambda> at 0x7efff562b230>, <function <lambda> at 0x7efff562b1b8>, <function <lambda> at 0x7efff562b140>, <function <lambda> at 0x7efff562b0c8>]
179428744-[ 50 166  10  74  79  78 157   7  83 215 134 191  75  53  25  62  88 183
 120 178 196  19  65 155 156 113  18  20 147 143 214 207 105 219  21  45
 104 123 161  11 146 208 114  77 151  42  46 213 212 172 132  63  80  61
 118  28  35 211 176  93 138 108  16   0 204 162  73  49 200  57 206 125
   4 169 222 117 101 136  95  52 210 203  66   5 119 106  37  43 189 115
   8  33 140  67 190  69 107  55 165  86  72 145 188  26 163 197   3 152
 187  71 133  84 124  54 126 153 198 135  70  92 144  58  15 179  99  64
   2 182 218 201  13  23  38  30 209 202 174  32  89 141 102 173 216 223
 112 168 158  40  12 116 128  17 127  48 137 171  85 225  60 199 192  68
  91  31 221 180 195 129  94 184 142 121  87  39 103  44  90 130 110 194
  82  14  96 167  34  41  98  27 170 193  76  56  29  81  59 224 217 220
 154 164  51 186  22 122 109 185 205 175  36   1 181 160   6 111 148  97
 177   9 150 139 100  47 131 159  24 149]
GPU0
set random seed!
finished RVND in 2.76301789284s
data-line;initial_solution;179428744;final_solution;7205777;time;2.76301789284;counts;517;fv;[];cv;[406, 77, 30, 2, 2];imp;24.900679552
