pydf_home: /home/rodolfo/git/Sucuri
simple_pycuda_home: /home/rodolfo/git/simple-pycuda
wamca2016path: /home/rodolfo/git/wamca2016/
localpath: /home/rodolfo/git/dvnd-df/code/dvnd-df/src/
WAMCAPATH:/home/rodolfo/git/wamca2016/
Using already created file:  wamca2016lib.so
Size: 657 - file name: 06_d657.tsp
ns:  [<function <lambda> at 0x7faab770b0c8>, <function <lambda> at 0x7faab770b140>, <function <lambda> at 0x7faab770b1b8>, <function <lambda> at 0x7faab770b230>, <function <lambda> at 0x7faab770b2a8>]
ns:  [<function <lambda> at 0x7faab770b0c8>, <function <lambda> at 0x7faab770b230>, <function <lambda> at 0x7faab770b140>, <function <lambda> at 0x7faab770b2a8>, <function <lambda> at 0x7faab770b1b8>]
274041094-[646 134 305 316 419 526   7 387 543 338 333 432 127 383 139 457 145 444
 482  54 565  97 448 578 588 648 143 555 427 152 190  53 212  63   8 601
  87 384  68 311 307 656 534  50 251 434 301 327 556 585 213 329 260   6
 376 158 317 418 647 192 363 632 102 138 187   0  80 518  26  51 243 561
 244 253 453 519  19  10 217 359 416 210   2 655  33 511 167 107 435 150
 592 542  92 476 473  12 323 502 641 465 310 558 501 382 279 230 649  86
 200  99 464 523  78 347 573 563 403 300  95   5 205 173 577 214 513 227
 318 147  48 128 498 409  24 292 252 515  31 362 510 532 536 207 336 113
 413 441 238 232 488 576 280 183 112 354 125  43  40 298 271 341 266 289
 163 319 179 313 344 581 357 324 330 335   1  81 146 309 616 124 547  29
 414 334 157  30 626 645 624  82 350  25 312 379  14 250 405  57  72 220
  84 574 406 643 569 118  83 485 522 621  61 121 166 559  91 633 598 295
 342 169  35 255 116 428 275 247 360 637 290 267 417 429 283 188 367 135
 322 268 595 277 431  46 606 614 455 346 552 597 481 636 506 245 439 544
 539 263 490 170 226 548 315 284 395  49  15 401 407 529 371 593  38  16
 105 509 533 575 381 373 368 374 415 507 391 353   9 618  20 484 155 508
 489 261 149 378 483  36 176  90 582 572 475 115 337 286 520 141 193 195
 537 571 297  58 248 181 494 438 609  28 564 486 631  88 599 642 393 182
 443 462 530 278 446 365 197 568 591 620 505  56 282 233 308 325   4 527
 172  65 495 240 165 638  21 249 364 590 535 627 540 377 375 119 355 132
 634 504 625 123 164 120  69  71 423  79 229 402 320 356 168 117 223 628
 612 130  94 538 411 503 114 594 326 390 101 654 349 463 109 198 554 492
 596  17 204 160  62 274 447 287 142 512 293  47 262 189 106 545 420 126
  39 133 270 398 454 651  66 557 452 306 201  22 265 584 607 603 580 241
 184 493 399  44 259 487 215 566 257 178  55 622 296 144 370  96 153  76
 579 467  67 546  34 218 351 185 396 108 459 131 110 180 617 186 478 650
 129 103 451 433 570 445 199  98 339 386 623 151 136 589 191 404 242  52
 361  60 332 583 422 148 231 477 196 208 560 256  70 216 340 209 397 604
 410 394  45 222 269 175 652 303 469 321 137 239 531 236 122 331 161 154
  89 408 500 458 343 219 369 421  18 442 254 162 436 272 450 653 466 470
 206 480   3 328 211 202 613 517 345 389 224 159 177 551 610 258  32 276
 541  11 366 474 424  74 528 619  41 516 521 174  73 281  27 472 264 140
 600 400 372 456 228 358 440 499 611 425 304  85 479 635 221  77 352 514
 203 246 640 392 525 644 608 412 553 468 302  93 100 630 285  75 234 104
 586 497 291  23  37 549 156 288 380 449 460 550  59 587 562 111 491  42
  13 629 430 235 194 615 437 496 237 388 225 171 461 471 524 567  64 426
 294 273 639 299 605 314 602 348 385]
GPU0
set random seed!
finished RVND in 7.85064697266s
data-line;initial_solution;274041094;final_solution;14294880;time;7.85064697266;counts;783;fv;[];cv;[466, 201, 102, 12, 2];imp;19.170576738
