pydf_home: /home/rodolfo/git/Sucuri
simple_pycuda_home: /home/rodolfo/git/simple-pycuda
wamca2016path: /home/rodolfo/git/wamca2016/
localpath: /home/rodolfo/git/dvnd-df/code/dvnd-df/src/
WAMCAPATH:/home/rodolfo/git/wamca2016/
Using already created file:  wamca2016lib.so
Size: 657 - file name: 06_d657.tsp
ns:  [<function <lambda> at 0x7fd07b9790c8>, <function <lambda> at 0x7fd07b979140>, <function <lambda> at 0x7fd07b9791b8>, <function <lambda> at 0x7fd07b979230>, <function <lambda> at 0x7fd07b9792a8>]
ns:  [<function <lambda> at 0x7fd07b9791b8>, <function <lambda> at 0x7fd07b9792a8>, <function <lambda> at 0x7fd07b979230>, <function <lambda> at 0x7fd07b9790c8>, <function <lambda> at 0x7fd07b979140>]
284768303-[570 113 394 626 557 579 177 315 271 418 589 610 444 186 328  83  23 633
 578 130 226 194  85 506 218 542 357  58 102 597 580 282 222 631 469 365
 572 173 109  48 406 337 340 643 454  28 369 266 248 302 146  24  11 450
 314  87 125  19 200 409 655 574 280 560 347 590 477 511 586  55 122 216
 116 531 111 505  62 492 573 343 507 488 187 636 363 227 515 141 644 496
 184 289 245  41  88   2 587  93 650 408 460 404 372  10 465 389 476 255
 336 371  74 370 532 235 201 592 198  49 427 243 565 471 552 558 548 413
   9  45 446  96 193 520 154 159 447 356  13 249 539 637  39 501 377 503
 524 281 605 473 279  37  89 246 442 400 297 335  35  69 534 160 161 428
  12 452 414 247 140 164   7 374 228  52 459 236 202 128 421 416 474 385
 493  31 145 411 426  18 101 231 656 567 443 571  97 405 112  50 384 547
 591 468 445 167 438 530 323  29 533 178 441 203  98 584 358 487 393 593
 257  53 333 195 311 110 240 551 149 304 623 234 191 170 272 260 491 518
 396 366   5 238 115 502 559  59 392 375 464 575 448 344 621 267 137 420
 150  22 490 306 395 269 436 251 106 630 497  95 598 352 183 653 640 588
 312 568   6 424 381 296 127 313 555  75 541 250 383  21 293 263 107 595
 276 513 364 169 514 119 124 288 388 100 221 274  54 204 286 561 133 339
  79 182  68  17 325 391  78 265  56  34 168 430 330  86 523 351 462 156
 463 309 180 253 188 540 207  30 581  72 624  92   1  61 537 295 291 554
 327 431 617 449 615  71 208 521 252 652  25 181 378  44 639 423 528 329
  76 237 583 284 147 199 348 606 224 214 484 549  80 359 294  81 619 142
 603 254 332 192 635 645 398 256  36  33 105 486 498 298 562 211 456 641
 508 258 131 455 397  47 354 103  91 625  99 517 307 417 326 614 576 232
 425 135 275 144 401 632 361  73 220 270 104 278 382 205 543  38 121 512
 308 499 322 273 334 171 585 390 292 651  57 219 151   4 287 608  26 516
 525 629  43  40 419 407 577 489 153 478 157  14  77 262 509 172 538 206
 189 457 163 536  27 616  46 566 453 148 175 349 634 435 162 320 553 646
 285 627 355 412 114 618 264 143 362 526 367 504 117 620 118 612 500 479
 342 563  67 410 600 439 422 132 607  20  63 230 485 353 155  90  94 440
 350 244 197 461 152 480 239 433 613 138   0 495  51 467 482 134 475 217
 324 136 546 229 346 386 345 402 268 556 429 190 415 432 545 317 399 300
 379 321 647 166 472 403  65 648 210 310 604 470 213 126 466 654  32 123
 318 437 338 544 582 483 242 290 209 196 316 341  70  82 642 120 174 550
 564 212 594 303 158 283 494 602 305  60 622 261 360 331  15 223 649 434
 139 259 569 241 108   8 510 373 225 301 165 638 299 387 368 451  42 458
  66  64 376  16 529 319 535 215 527 129 519 599 596 522 233 277 601  84
 481 176 611 609   3 628 185 179 380]
GPU0
set random seed!
finished RVND in 7.98865914345s
data-line;initial_solution;284768303;final_solution;14562928;time;7.98865914345;counts;795;fv;[];cv;[495, 190, 97, 11, 2];imp;19.5543302144
