pydf_home: /home/rodolfo/git/Sucuri
simple_pycuda_home: /home/rodolfo/git/simple-pycuda
wamca2016path: /home/rodolfo/git/wamca2016/
localpath: /home/rodolfo/git/dvnd-df/code/dvnd-df/src/
WAMCAPATH:/home/rodolfo/git/wamca2016/
Using already created file:  wamca2016lib.so
Size: 783 - file name: 07_rat784.tsp
ns:  [<function <lambda> at 0x7fcb602620c8>, <function <lambda> at 0x7fcb60262140>, <function <lambda> at 0x7fcb602621b8>, <function <lambda> at 0x7fcb60262230>, <function <lambda> at 0x7fcb602622a8>]
ns:  [<function <lambda> at 0x7fcb602622a8>, <function <lambda> at 0x7fcb602621b8>, <function <lambda> at 0x7fcb60262230>, <function <lambda> at 0x7fcb60262140>, <function <lambda> at 0x7fcb602620c8>]
70071529-[478 240 443 653 467 287 208 582  89 312 531 528 493 729 781 417 482 289
 461 764  22  99 632 579  10 396 196  84 336 711 701  17 782 379 465 243
   7 369 477 187 468 529 700 224 753 494 437 552 585  98 630 366 537 392
  23 723 305 472 618 699 248 676 386 256  16 404 489 694 597 148 519 639
 266  68 659 778 271 587 705 771 335 275 216 492  31 426 524 770  63 401
  39 480  78 473 268 317 241 515  18 430 410 217  56 152 522 577 758 128
 320 291 567 125 624 626  48 435 259 455 460 112  65 233 339 400  24 535
 118  54  34 347 580 476 303 364 262 495 658 169 776 657 357  85 747 672
 656   1 621 508 622 590  88 310 106 670 204 692 720 556 446 652   2 719
  46  74 779  94 170 348 200 182 302 111 225 237 219 356  76 742 382 732
 377 678 239 171 602  45 232 246 407 299 453 367 546 333 391 612 331 159
 641 402 563 330  19 419 686 615 636 740 285 544 281   9 375 425 682 680
 643 304 184 337  69 755 178 475 509 584 662 180 642 161 559 569 326  26
 144 395 498 775 133 143 207 314 693 236 470 718 769 315 617  82 503 343
 413 698 777 181 202   6 516 393 640 762 210 373 215 727 349 638 433 562
 123 708 398 311 558 644 574 370 329 571 474 511 578  30 565 185 107 761
 514 733 459  96 265  61 505 245 368 664 355 488 408 153 190 135 744 607
 384 197 599 646 735 715 277 429 760 173 717 421 209  97 536  66 221 757
 463 772 175 564 634 416 663 340 520 513 203 411 431  57 604 101 324 523
  11 117 538 734 773 286 724  90 318 507  62 710  72 124 588 428 309 145
  13 570 199  33  77 525 677 354  86 381 351 547 763 541 518 721 420 738
 201  87 610 105 332 193 451 500 668 127 295 188 235 260 146 179 611 278
 608 449 334 151 282 120 297 322 165 344 685 141 438 406 561 647 399 292
 447 172   4  83 279 645 690 628 539 138 444 192 594 130 122 160   0 501
   8 506 464 270 614 226  20   3 491  44 249 548 376 102 412 422 150 258
  40 679 212 684 276 469 667  21 272 389  25 542 583 605 768 651  70 374
 300 765 283 238 689 325 247 619 186 731 423 222 342 129 206 442 598 756
 596 323 308 269 750 530 707 709 290 131 702 388 191  67 189 534 521 665
 154 752 378 681 471 307 436 462 532 637 109 166 267  32  64 593 695 231
 195 313 549  38 543 458 527 252 168 338 479 360 327 390 345 623  51  81
 227 739 649 228 448 139 255 736 257 183 754 328 445 261  75 194 280   5
 616 650 746 481  92 456 560 346 350 363 704 157 629 234 104 725 136 409
 319 383  47 666  27 683 540 533 341 654 714 352 466 581 405 496 728 439
 716 253 365 103 316 712  37  42 526 284  49 371  35 730 134 553 177 440
  79 113 223  14 452  29 294 703 748 263 741 116 296 576 502 675 592 359
 441 126 385 220 497 550 242 568  28 321 301 589 142 198 163 230 205 620
 372 490  91 218  52  73 713 288 110  95 108  36 403 669 737 691 512  59
 697 613 140 158 661 510 162 434 631 674 380 454 293 766 432 214 688 427
 176 600 499  80 517 751 264 627 167 164 687 273 156 250 572 457 485 557
 137 298 213 149 244  53 774  93 361 132 274 601 671 486 566 633 211 254
 673 606  15 306 767 554  41 696 362 358 487 397 706 660 726 759 780 155
 722 603  55 586 635  12  71 450 174 573 551 424 121 545  58 745 114 353
 387 504 655 625 100 749 648 555 483  50 418 743 147 575 119  60 414 394
 484 229  43 415 115 609 251 595 591]
GPU0
set random seed!
finished RVND in 12.4462180138s
data-line;initial_solution;70071529;final_solution;3469641;time;12.4462180138;counts;996;fv;[];cv;[586, 269, 129, 10, 2];imp;20.1956136096
