pydf_home: /home/rodolfo/git/Sucuri
simple_pycuda_home: /home/rodolfo/git/simple-pycuda
wamca2016path: /home/rodolfo/git/wamca2016/
localpath: /home/rodolfo/git/dvnd-df/code/dvnd-df/src/
WAMCAPATH:/home/rodolfo/git/wamca2016/
Using already created file:  wamca2016lib.so
Size: 226 - file name: 03_pr226.tsp
ns:  [<function <lambda> at 0x7f9aa858b0c8>, <function <lambda> at 0x7f9aa858b140>, <function <lambda> at 0x7f9aa858b1b8>, <function <lambda> at 0x7f9aa858b230>, <function <lambda> at 0x7f9aa858b2a8>]
ns:  [<function <lambda> at 0x7f9aa858b2a8>, <function <lambda> at 0x7f9aa858b0c8>, <function <lambda> at 0x7f9aa858b140>, <function <lambda> at 0x7f9aa858b230>, <function <lambda> at 0x7f9aa858b1b8>]
196682907-[201  87 223  33 147 161 113 210 126 146  63  38 153 180  20  21 202   5
 131 144 111  12  32  89 206  22 196 179   4 185  90  19  48 154 101  65
  14 194  15 103  52 181 143 193  50  41  95  98  28 164  36  56  66 225
   9 109  80 184  61   6 125  54 204 212 127 217 209  73 149 218 121  39
 182  81 200  57  40  62 198  64  13 173   0  35  43 129 197 189 211 122
 175  70 106 159 108  59  85 158 123  60 172  55  72  99  91 165 119 155
 166 168  37  58 178 216  31 221 205 160 105 224  27  45  96  16  94  67
 208 171  69   7 222  10 145 135 176  24 190 203 128 148  78 115 142 124
 136 213 169 177  86 156 116 134 215  97   2 110 199 138  88  79 163 117
 183  26 118 120  83 188 139  68  75 187 104  47 192 174 220  23 170 112
   1  30 191 133  44 137  76 150 107 152  49 114  17 157  84 130  29 167
  42 207  92 132   3  77 195 219 151 100  82  18  53 140  71  74 141   8
 162 214  11 186  25  46 102  93  51  34]
GPU0
set random seed!
finished RVND in 3.57569789886s
data-line;initial_solution;196682907;final_solution;7096246;time;3.57569789886;counts;687;fv;[];cv;[614, 51, 18, 3, 1];imp;27.7164724842
