pydf_home: /home/rodolfo/git/Sucuri
simple_pycuda_home: /home/rodolfo/git/simple-pycuda
wamca2016path: /home/rodolfo/git/wamca2016/
localpath: /home/rodolfo/git/dvnd-df/code/dvnd-df/src/
WAMCAPATH:/home/rodolfo/git/wamca2016/
Using already created file:  wamca2016lib.so
Size: 226 - file name: 03_pr226.tsp
ns:  [<function <lambda> at 0x7fcb811640c8>, <function <lambda> at 0x7fcb81164140>, <function <lambda> at 0x7fcb811641b8>, <function <lambda> at 0x7fcb81164230>, <function <lambda> at 0x7fcb811642a8>]
ns:  [<function <lambda> at 0x7fcb811640c8>, <function <lambda> at 0x7fcb81164140>, <function <lambda> at 0x7fcb811641b8>, <function <lambda> at 0x7fcb811642a8>, <function <lambda> at 0x7fcb81164230>]
174568565-[ 47  83 113 211 202  78  15 169 220 193  63 204 135  25  17 108 194   3
  37 153  42 208  68 164 223 144 192 196 224 143  28  89 195  65 165 189
  62 114  61  64 172 158 191 106 117 178  60 182  22   8  43 101 197 203
  85 110  10  99  45  20  23 183 150  50  56  93  49 148  32  21  67 125
 104 116   2  97 215 207 133  87 124 141 123  57 221 111 171 199 177 160
 166 176  31 139 175 210  92  14  40  82  84  36 137 120 185  96  27  98
  91 222  59  94 136  29  34  30 214  74 157 126 190  26 100  16  66  80
 146 216 119 209 198  12 122 142  53  51  86  41  48  39 219 170 200  35
 167  69  52 217 162 112 152 121  54   0 140 105  73   7  13 205  44 118
 109  70  71 201 132  76 181 179 102 129 180  81 138 161   4 212 115 188
 147 159  90 225 173  79   9 127  77 184   5 103  75  38 145 156  72 107
 187 154 213  55 218 186   6  95  46 151 131 155 206 130 128 174 168  18
   1  11 134  24 163  88  58  19  33 149]
GPU0
set random seed!
finished RVND in 2.99458885193s
data-line;initial_solution;174568565;final_solution;7269929;time;2.99458885193;counts;523;fv;[];cv;[468, 46, 7, 1, 1];imp;24.012416765
