pydf_home: /home/rodolfo/git/Sucuri
simple_pycuda_home: /home/rodolfo/git/simple-pycuda
wamca2016path: /home/rodolfo/git/wamca2016/
localpath: /home/rodolfo/git/dvnd-df/code/dvnd-df/src/
WAMCAPATH:/home/rodolfo/git/wamca2016/
Using already created file:  wamca2016lib.so
Size: 226 - file name: 03_pr226.tsp
ns:  [<function <lambda> at 0x7f07d97b70c8>, <function <lambda> at 0x7f07d97b7140>, <function <lambda> at 0x7f07d97b71b8>, <function <lambda> at 0x7f07d97b7230>, <function <lambda> at 0x7f07d97b72a8>]
ns:  [<function <lambda> at 0x7f07d97b71b8>, <function <lambda> at 0x7f07d97b7140>, <function <lambda> at 0x7f07d97b70c8>, <function <lambda> at 0x7f07d97b7230>, <function <lambda> at 0x7f07d97b72a8>]
194119267-[ 93   0 170  25 206  81  49  42 213 203  73 107  87  40  85 126 136 145
  26 164 127 166 183  45 211 180 196  22 216 223  60 195 102 118  31  46
  82 159  20 174  34 222 101 116  99  76 131  58  97 176  54 169 152 154
 224  86  24  67 129 104 146 142 123  10 109 115  32 182  28  66  90  38
  37  56 210  23 133 161  95  70  63  64  47 191 117 114   2 110 201 143
 120   5 125 205  68 198 139 218 220 194 148 134  89  96 209 212 141  57
  16 165   8  61 167 197 147 160   1 186 214  94  39 137  92 149 100  75
  48 181 122 157 128  77  33 190  41  29 225 188 135 112  17  78 162 121
   6 113 103 171 108  74   7  55 156  80 111 140 204  11 193  72 185  69
 175 130 202 168 138 179 207 172  14 199 221 105  65  98 219 189 150 155
  13 151   4  21  52  44 217  53 144  79  83 187 132  51 200 119 208  35
 192  88 215  59 124 177  27 173  50  43  91 153 178  19  71 184  36 106
   3  18   9  15 158  62  12  84  30 163]
GPU0
set random seed!
finished RVND in 3.66427183151s
data-line;initial_solution;194119267;final_solution;6475992;time;3.66427183151;counts;643;fv;[];cv;[511, 89, 39, 2, 2];imp;29.9752172331
