pydf_home: /home/rodolfo/git/Sucuri
simple_pycuda_home: /home/rodolfo/git/simple-pycuda
wamca2016path: /home/rodolfo/git/wamca2016/
localpath: /home/rodolfo/git/dvnd-df/code/dvnd-df/src/
WAMCAPATH:/home/rodolfo/git/wamca2016/
Using already created file:  wamca2016lib.so
Size: 226 - file name: 03_pr226.tsp
ns:  [<function <lambda> at 0x7f875e4520c8>, <function <lambda> at 0x7f875e452140>, <function <lambda> at 0x7f875e4521b8>, <function <lambda> at 0x7f875e452230>, <function <lambda> at 0x7f875e4522a8>]
ns:  [<function <lambda> at 0x7f875e4520c8>, <function <lambda> at 0x7f875e452230>, <function <lambda> at 0x7f875e4522a8>, <function <lambda> at 0x7f875e4521b8>, <function <lambda> at 0x7f875e452140>]
188035041-[146  58  77 178 109  45  20 160  97  34 121  14  90  68 206  36  86  91
  26  76  28  42  66  81  39 131 208 225 120 163 171 150  65 182 151 193
 218  83 128  12 222 199 205 101  84 189 190 212  49 110  44 180 211  98
 134  67 114  96 202 168  32 105   7  99   4 119  10 115 220 142 106 127
 183  59  82 210  93   2  70 124  64  55 177  29 181 102 223  89  56 132
 191 213  54  13  19 155 185 204 179 209 104 215 152 113 172 203 156 139
  78 162 187 125 100  75 136 130 107  30  24  17 145  40 108 103 165 161
 112  88  41 214 174  43 135  22  15 111  25   9  60  57 118 221  74  92
 117  31  94 144 217 159 195  16 196  63 192  37   1 141   0  18 173 170
 133  50  52  11 197  62   8  95 138 198 148  69  71  87 176  23 153 164
 188  21 154 129 219 149 137 147 201  61  33 167   6  53  48 126  80  47
  79 122 157 143 224 169   3 166  72 116  73 186 175 200 184 158 123  51
 140 216 207  85   5  35  27  46 194  38]
GPU0
set random seed!
finished RVND in 2.51134705544s
data-line;initial_solution;188035041;final_solution;6744876;time;2.51134705544;counts;491;fv;[];cv;[379, 76, 34, 1, 1];imp;27.8782057669
