pydf_home: /home/rodolfo/git/Sucuri
simple_pycuda_home: /home/rodolfo/git/simple-pycuda
wamca2016path: /home/rodolfo/git/wamca2016/
localpath: /home/rodolfo/git/dvnd-df/code/dvnd-df/src/
WAMCAPATH:/home/rodolfo/git/wamca2016/
Using already created file:  wamca2016lib.so
Size: 501 - file name: 05_TRP-S500-R1.tsp
ns:  [<function <lambda> at 0x7fbce0b920c8>, <function <lambda> at 0x7fbce0b92140>, <function <lambda> at 0x7fbce0b921b8>, <function <lambda> at 0x7fbce0b92230>, <function <lambda> at 0x7fbce0b922a8>]
ns:  [<function <lambda> at 0x7fbce0b920c8>, <function <lambda> at 0x7fbce0b921b8>, <function <lambda> at 0x7fbce0b92230>, <function <lambda> at 0x7fbce0b92140>, <function <lambda> at 0x7fbce0b922a8>]
34482433-[297 325 387  11 151 403 187 183 259 180 243 459 370 158 399  92 124 497
  32  99 451 101 280  85 430 210  88 165 232 279  18 285 291 362 423 141
 255 219 211 114 156 123 205 197 445 366  30 105 150  65   9 250   6 295
 217 117 111 358 244 331 206  19 352 344 494  90 196  45 440 136 382 119
 231 107 282 368  59  87 224 321 256  56 457 220 268 365 481 474 236 126
 212 397 218 381  95 452 492 407 142  10 168 147 333 343 306 182 388 431
 304 389  91 145 146 360 176 251 486 337 281 258 489 208 468 203 490  23
 200  53 479 455 458  46 184  47 283 488  12 480 104 323 393  69  14 395
 454  97   5  83 171 498 288 175 266  75 302 347 129  41 189 260 386 287
 437 263 225 247 330 473 241  94 322  13 191 460  22 213  89  76 138 144
 427 298 450 374 385 482 152 496 412 100 453 379 178 449 194 299 221 262
 408 320 131 274 380 246 174  81 201 466 446 418 429   2 421 275 272  50
 483 157  86 500 467 470   8  21 346 376 392 363 416 477 222 433   7 465
 122 349 353 300   0 108 162 233 405 277 394  44 417  43 186 415 106 419
 118 215 373  25 139 400 120 140 317 345 316  71 303 270 390  70 269 234
 278 356 305 202 257 230 471 181  29 193  40 404 336 164  17 237  98 309
 314 371 472 249  72  28 485  54 160  66 276 377 326 354 313 324 113 426
 456 130 229 332 153 223 238 406 414 378  31  35 284  61 301 185 273 127
 425  15 112  20 214 398 132 422 308  63 307 491 286  96 409 290 121 248
 179  68 499  67 364 410 487 355 172 167 350 159 264 428 163 328  73 439
 367 109 267 239  55 334 469 462 424 265  42 475 149 242 198   4 137  33
 312 335 228 361 463 209 204 464  78  38 391  36 134  74 396  37  57 161
 235 155 444 447  27 169  48 294  64  84  52  58 369 143 340  93 188 315
 292 341 227 261 476 339 348  39 102 478  62 438 135 351 252  26 327 195
 401  49 319 441 128  34 375 384  16 253 192 359 495 190 484 207 342 402
 357   3 442 296 318 216 115 133 448 116 254 154   1  79 493 432 289 103
 461 436 173  51  24  80 166 310  82 338 170 240 110  77 383 311 245 372
  60 420 125 199 411 271 329 226 293 443 434 177 148 435 413]
GPU0
set random seed!
finished RVND in 5.56467485428s
data-line;initial_solution;34482433;final_solution;2032572;time;5.56467485428;counts;734;fv;[];cv;[423, 200, 94, 13, 4];imp;16.9649257197
