pydf_home: /home/rodolfo/git/Sucuri
simple_pycuda_home: /home/rodolfo/git/simple-pycuda
wamca2016path: /home/rodolfo/git/wamca2016/
localpath: /home/rodolfo/git/dvnd-df/code/dvnd-df/src/
WAMCAPATH:/home/rodolfo/git/wamca2016/
Using already created file:  wamca2016lib.so
Size: 501 - file name: 05_TRP-S500-R1.tsp
ns:  [<function <lambda> at 0x7f322fc890c8>, <function <lambda> at 0x7f322fc89140>, <function <lambda> at 0x7f322fc891b8>, <function <lambda> at 0x7f322fc89230>, <function <lambda> at 0x7f322fc892a8>]
ns:  [<function <lambda> at 0x7f322fc89140>, <function <lambda> at 0x7f322fc891b8>, <function <lambda> at 0x7f322fc890c8>, <function <lambda> at 0x7f322fc892a8>, <function <lambda> at 0x7f322fc89230>]
31595296-[280  69  67 234 490 183 231 224  46 133 469 455 112 251  64 169 339 222
  77 484 325 144 419  13 127 411 412 406 436 319  41  97 179 159 175 327
 408 200 470 311   7 448 382  43 288 396 389 254 121 322  20 336  94  56
 298  16 252 195  38 196 458 284 264 232 174 446 351 302 247 184 101 164
 357 140 283 443 343 209 420  84 376  72 489   4  22 130 215  24 233 239
 204 361  52 328 368 316 310  48 468 153 113 486 373 272 137 134 110 216
 393 107 202  26 199 237  71 445 377 338 114 362 147 492 214 241  29 276
  88 132 230  63 438 358 244 273 347 423 286 418 312  99 143 366 473 178
 392 435 369 301 465 313  31 293 190 163 106 205   2 258 111 193 219 145
 424 380 437 213 210 431 359 356 290 217 402  21 235 287 477 493 166 229
 223 197 365 207  36 267 450 478  74 170 331 236 262 422 289 485 131 403
 432 371 475 447  35 242 372 342 459 375 285 498 466 314 321  79  12 344
 124 103  81 341 149 212 187  42 225  80 271 142  89 441 304 125 481 270
 249 248 292 480 467 463 426 221  75 363 161  62 256 307 483 401 415 367
  11 141 186 364  40 433 192 151 417 404 456 173  70 395 126 250  92 260
 370 116   0 158 120 491 128 407 274 487 240  49  28 324  45 414 421 245
 334 129 348 323 352  33 388 218  37 104 496 268 425 253 188 329  18 266
 281 318 206 227 157  93 117 400 317  25 460 378 413   8 275 303 189 335
 451 383 499 349  76 150 374  58  44 226 123 136 155 198  59  50 108 326
  10 397 464 211 177   5 488 427 294 350  98 444 305 146 332 453 102 265
 148 452  27   9 439  14 172 354 345  54 176 479 333 398  91 180 379 495
 440 340 228 246  23 203  15 353  17 300  34 309 434   1 474 105 243  65
  57 138 208 449 399 320 118 278 282 162 391  60 165  85 296 100 291 472
 387 279 257 381 429 168 171   6  19 259 181 109 154 497 122 428 471 238
  39 185  86 156  30 167  96 115 201 295 297 337 220 194 386 119 135 191
 261  47 182  73 416  68 315 410 430 269 457 500 476  55 263 409 160  53
 360 306  83 355 442  61 385 394 405 277 462 461  87  66 454 299   3  32
 482 346 390 494 139  82  90  51 330 384  78 152  95 308 255]
GPU0
set random seed!
finished RVND in 5.34599399567s
data-line;initial_solution;31595296;final_solution;2014194;time;5.34599399567;counts;594;fv;[];cv;[346, 162, 76, 8, 2];imp;15.6863221715
