pydf_home: /home/rodolfo/git/Sucuri
simple_pycuda_home: /home/rodolfo/git/simple-pycuda
wamca2016path: /home/rodolfo/git/wamca2016/
localpath: /home/rodolfo/git/dvnd-df/code/dvnd-df/src/
WAMCAPATH:/home/rodolfo/git/wamca2016/
Using already created file:  wamca2016lib.so
Size: 657 - file name: 06_d657.tsp
ns:  [<function <lambda> at 0x7fd892f770c8>, <function <lambda> at 0x7fd892f77140>, <function <lambda> at 0x7fd892f771b8>, <function <lambda> at 0x7fd892f77230>, <function <lambda> at 0x7fd892f772a8>]
ns:  [<function <lambda> at 0x7fd892f77140>, <function <lambda> at 0x7fd892f772a8>, <function <lambda> at 0x7fd892f771b8>, <function <lambda> at 0x7fd892f77230>, <function <lambda> at 0x7fd892f770c8>]
283955962-[  3 302 312  39 375 182 477 605 235 256 234 225 156 206 290  19 642 181
 488  87 436  60 428  57 280 377  21 408 626 458   4 434 363 166  41  59
 550 475 588 502 513 487  68 606 640 217 269 578 183 126 420 355 485 522
  86 405  15 489 127 112 365 153 618 211 300 262 324 579 530 116 442 462
 273 103 649  85 313 139 629 123 553 533 379 122 565 346 641 374  81 241
 212  26  56  14 593 438 610 616 291 451  90 353 148 539 574  33 407 274
 192 459 495  45 128 200 147  17 385 190 315 318 387  97 333 144  80  43
 534 199 467 443 204 391 191 422 142 180 149 146 568 172 552  98 505 348
   0 372 381 400 307 196 414  49 439 655 140 402 653 501 218   1 512 566
 558 360 424 395  69 373 257 388 186 328 131 141 222  38 252 413 455 340
 497 282 230 403 466 603 359 303 638 390 559 561 529 214 526 611 177  27
 599  75 279  52 251 298 520 159 331 412 499 175 294 572  35 389  91 479
 305  79 185 541 283 216 584 134 254  29 474 583 207  24 210 176   6 226
 100 260 457 285 368  34  95 250 480 514  99 264 158 600  61 545 380  76
  25 258 615 503 184 265 174 229 433 508 464 270 560 178 354 150 509 361
 334 109 244  74 421 286 301 590 406 115 117 652 370 129 564 418 308 613
  55 452 596 163 155  83 118 523  92 295 580 327 591 253 358   5  46 463
 608 506  11 496 267 194 411 409 335 630 266 576 525  70 404 198 119 111
 453 447 569  31 598 130 233 426 554 345  72 165 575 161 468 125 532 284
 586 445 314 277 622 221 472 249 521 444 369 654 633 364 651 309  62 171
 478 342 571 542 108 394 548 493 416 304 419 151 535 486  36 289 597 551
 614 188 240 573 338 170 646  96 644 637  50 349 173 609 350 471 347 461
 510 157  32 415 581 429 362 160 582 132 205 106 524 143   2  40 531 595
 430 636 320 492 107 332 259 628 317 215 242 114 446 440 121  78 425 570
 306 228 473  18 237 507 201 619 113 398 299 635 517 145 491 555 511 371
 247 329 297 281 397 621 343  64 378 500 449 105 272 101 152 219 321 164
 483 634 239 577 120  84 104 540 450 245  71 401 319 268 557 261 498 133
 465   7 594 168 366  94 382 384 202 527 138 410 189 193  13  30 556 232
 223 124 536 310  16 515 469 435 399 456 287 470 494 643 516 316 246  53
 137 154 602  12 255 167 169  58 650 437 197 187  20 432 454 336 392 544
 623 135  54 482 427 393 587 647  88 592 243 208 639  22 367 441 543 625
 383 585 220 537 504 601 357 519  65 563 624 546   9 607 238 288 136  23
 263 604  89 562 538 356  47 476   8 248 236  67 460 632 431 278 311 484
 620  44 528 110 102 376 275 296 325 344 292 224 339 567 481  82 341 396
  73 231 549  48  28 645  37 330 322 276 351 352 423 179 195 627 209  77
 203  93 656  10 337 589 293 518 547 448  63 386 612 490 323 162 271  51
 648 213 326  66 631 417 617 227  42]
GPU0
set random seed!
finished RVND in 8.92862701416s
data-line;initial_solution;283955962;final_solution;14371092;time;8.92862701416;counts;896;fv;[];cv;[551, 229, 108, 7, 1];imp;19.7588298788
