pydf_home: /home/rodolfo/git/Sucuri
simple_pycuda_home: /home/rodolfo/git/simple-pycuda
wamca2016path: /home/rodolfo/git/wamca2016/
localpath: /home/rodolfo/git/dvnd-df/code/dvnd-df/src/
WAMCAPATH:/home/rodolfo/git/wamca2016/
Using already created file:  wamca2016lib.so
Size: 226 - file name: 03_pr226.tsp
ns:  [<function <lambda> at 0x7f47a83c90c8>, <function <lambda> at 0x7f47a83c9140>, <function <lambda> at 0x7f47a83c91b8>, <function <lambda> at 0x7f47a83c9230>, <function <lambda> at 0x7f47a83c92a8>]
ns:  [<function <lambda> at 0x7f47a83c92a8>, <function <lambda> at 0x7f47a83c91b8>, <function <lambda> at 0x7f47a83c9140>, <function <lambda> at 0x7f47a83c90c8>, <function <lambda> at 0x7f47a83c9230>]
179932376-[149 154  92  14   0  45 181 130 109 132 201 142  28 194  42 146 115 186
  59 150  11  74 168 114 126 209 208 107  96  38 224 187 112  78   7 160
 120 129  27   1 144 127 102  68 179 212  49  31  99 138  53 178  51  97
  82  10   2 145 197  22  13 203  25 206  86  26  29 214 204 119  55 165
 207 134 216 205 163 218  41 106  93  64  71 161 169  47  15 193 202  44
  81  18 172  69  63  56 143  46  67 137 221 210  19  12 215  65 116 157
 164  94  73   8  83  20  52   4 117  91 220 140 166 189  50 103 192 151
 101  66  72  79 104 174  58  24 211  98 147  89 198   3 128  80  75  48
  43   9  84  62 148  39  95 195  88  33 188  16  36 219 183 222  87  35
   6 108 135 225  23   5 123  61 185 131 122  60 180 136 182 152 217 223
 184 125 113  32  54 110  40 177 133 171 213 173 153  21 176 191 200 100
  57 118 196 158 175 155  85  77 190  37  76  70 167 199 156  17 121 159
 141 170  30 162 111 105  34 139  90 124]
GPU0
set random seed!
finished RVND in 2.91056895256s
data-line;initial_solution;179932376;final_solution;6864801;time;2.91056895256;counts;611;fv;[];cv;[540, 57, 12, 1, 1];imp;26.2108655444
