pydf_home: /home/rodolfo/git/Sucuri
simple_pycuda_home: /home/rodolfo/git/simple-pycuda
wamca2016path: /home/rodolfo/git/wamca2016/
localpath: /home/rodolfo/git/dvnd-df/code/dvnd-df/src/
WAMCAPATH:/home/rodolfo/git/wamca2016/
Using already created file:  wamca2016lib.so
Size: 501 - file name: 05_TRP-S500-R1.tsp
ns:  [<function <lambda> at 0x7f5bf7ef70c8>, <function <lambda> at 0x7f5bf7ef7140>, <function <lambda> at 0x7f5bf7ef71b8>, <function <lambda> at 0x7f5bf7ef7230>, <function <lambda> at 0x7f5bf7ef72a8>]
ns:  [<function <lambda> at 0x7f5bf7ef71b8>, <function <lambda> at 0x7f5bf7ef72a8>, <function <lambda> at 0x7f5bf7ef7230>, <function <lambda> at 0x7f5bf7ef70c8>, <function <lambda> at 0x7f5bf7ef7140>]
33669421-[285 150 294 246 128  93 367 231 211 293 337 316 110 270 265  86 126 240
 404 414 428 191 500  54 349  47 403  77  81 342 454 301 457 306 186 200
 453 472 237 229 135 386  68 276  58  38 130 473 176 319 136 151 167  17
 395 147 407 193 288   5 370 481  80 204 344 326  62 183 296 287 338 223
 144 108 437  36  85 134 375  57 188 201 339 347 427 106 388 202 406 486
 412 420 282 115 357 390 425 461 484 446 156 371 378 311 254 182   8 310
  74  34  51   7  53 152 109 180 466  61 160 455  40 103 141 290 315  28
  52 143  18 408 251  88  99  50 325 471  84 354 470 469 411  30 154 291
 131  75 435 497 327 329 363 421 369 213 433 161 313 133  42  45 159 372
 198 431 253 236 318 266 220   3 298 299 476 458 221 129  89 169 155 257
 418 127 238 243 233 137  79 348 279 343 364 365  91 377 170 181 271 101
  60  22 330 309 281  16 192  94 464 353 452 394 216 219  96 234 491 179
 173 189  12  43 199 345 114  59 120  73 416 462 322  31  26  92 203 245
 361 376 163 286 449 117  67 261 493 305  90 410 479 217 400 232 206 241
 450  21 300 214   1 463 317 295 498 492 256 445 382 456 413 259 277 448
 494 148 100 422 226 272  49 264 168 283 397  82  41 302 358 208 308  70
 438 171 331 262 124 439 380 307 417 278 132  97 340 228 274 350 263 332
 384 432 178  44 334 174 244 184 488  39 429  35 247 396  66 443 273  37
 166 360 321 190 212 442 227 225 483 224   4  87 260  23 113   6  33 138
 172 482 175 398 249 383  65 478 351 268 385 387 356 289 252 303 401 333
 185 239 468 393 267 187 359 328 336 269 402 140 341  13 434  63 423 366
 218 230  71 284 392 460 451  76 215 485 320 157 314 424  64 489 164 368
 250 335  20 415 292 275 355  78 248 440 122  14  95 477 323 391 235 145
 142 312  48 459 177 149 436 194  56 381  32 209   2 116  69 409 475 121
 139  55 125 447 405 123 222 441 324 153 210 105 490  10 346 487   9  27
 107 426 195 162 399  19 297 104 495  25 197 480  24 207 379 258  83  46
 444 119 389  11  72  98 374  15 499 280 352 373 474 242 419 255 496 112
  29 118 196 362 465 430 158 165 304 205 102   0 467 146 111]
GPU0
set random seed!
finished RVND in 4.96466207504s
data-line;initial_solution;33669421;final_solution;2004101;time;4.96466207504;counts;649;fv;[];cv;[415, 161, 65, 6, 2];imp;16.8002615637
