pydf_home: /home/rodolfo/git/Sucuri
simple_pycuda_home: /home/rodolfo/git/simple-pycuda
wamca2016path: /home/rodolfo/git/wamca2016/
localpath: /home/rodolfo/git/dvnd-df/code/dvnd-df/src/
WAMCAPATH:/home/rodolfo/git/wamca2016/
Using already created file:  wamca2016lib.so
Size: 657 - file name: 06_d657.tsp
ns:  [<function <lambda> at 0x7ff7ad0680c8>, <function <lambda> at 0x7ff7ad068140>, <function <lambda> at 0x7ff7ad0681b8>, <function <lambda> at 0x7ff7ad068230>, <function <lambda> at 0x7ff7ad0682a8>]
ns:  [<function <lambda> at 0x7ff7ad0681b8>, <function <lambda> at 0x7ff7ad068140>, <function <lambda> at 0x7ff7ad068230>, <function <lambda> at 0x7ff7ad0680c8>, <function <lambda> at 0x7ff7ad0682a8>]
277104438-[ 87 252 486 557 551 653 464 654 149 490  94 398 357 330  47 545   4 346
 430 181 167 650  24 386 166 474  60 214 208 598 184 253 373  85 623 204
 501  53 271 407 250 618 600 591 461 262  90 275 263 104 277 448 503 590
  71 257  13 423 266 647 426 334 485 542 203 297 305 400 446 637 427 156
  97 339 420  99 376  44 127 200 178 237 613 401 546 351 247  89 139 651
 544 566 201 475 422 449  35 341 115 652 558 511 114 269 129 337 236 375
 130  63  22 478 355 576 183 438 372 594 303 179 160 520  30 633 248 175
 601 211 293 560 480  61 122 258 592 406 572   3 325 603 227 409 259  31
 366 583 353  70 286  11 306 349 223 617 153 624 360 437 447 313 103 300
 569 625 321 381 517 333  65 521 555 379 188 443  41 369 380 221 212   2
 241 388 265 118  88 394 582 141 174 133 294  32  80  95 222 404 595  33
 361 589 276  79 627 348 285 192 556 168 602 531 307   8  45 332  20 268
 281  74  73 218 432   7 431 148 358  62 242 491  46 264 471 135 316 205
 587 126 131 147 384 243 492  42 170 143 320  82 516 190  16 226 635 370
 581 287 364  10 368  54 444 199 216 225 596 577 467 125 314 315 367 638
 509 230 609 171 389 224 513 112  48 193 512 605 548 163 106  28 238 502
  15  83 291 526  86 537 232 507 187 234 111 642 134 136 484  29 312 442
 641 304 606 387 460 408 140 468 580 142  93 317 472 499 504 102 298  78
  14  72 588 424 378 479 463 209 172 402 631 283 527 343 500 374 648  49
 347 280 352 344 495 220  26 429 288 634 466 182 215 110 561 124 233 161
 459 645 194 416 217 655   1 403 385 456 105 177 540 584 383  23 235  12
 585  68 121 377  51 198 488 260 413 245  77 575 639 457 371 310 318 159
 329 392  92 322 350 146 436 621 493 629 539 441 564 239 498  34  59 119
 451 326 528 412 154 505 656 323  57 563 614 296  66 144 425 519 151 541
 328  27 244 454  75 518   5  36 254 646 231 157 476 473 532 538 158 336
  58 607 213 450  40 553 100  81  43 138 626 290 270 536 497 261 514 101
 340  19 162 644 515 267 462 210  21 522 282  84 573 565 615 324 186 440
  67 562 568 616 506 165 116 120 530 622 604  37 169 494 202 529 180 123
 434 620 535 643  18 619  38  69 578 228 390 487 410 274 273 550 418 393
 395 415 155 391 455 338  56 574 433 593 397 295  39 508 108 255 417 128
 567 137 342 533 382 628 559 189 396 145 256 489 549  25 579 289   0  17
 109 608 632 363 356 132 610 272 117 552 571  55 196 525 279  98 482 470
 649 586  50 496 469 308 419 278 195  91 439 207 465 399 543 284 311 301
 246  52 107 477  96 452 150 365 611 152 240 428 251 483 345 292 534   9
 164 630 327 421 510 362 414 547 458 335 219 636 599 405 597  64 191 481
 612 640 445 331 197 173 302 554 524 249 359 523 185  76 453 206 113 570
 309 411 354   6 176 229 435 319 299]
GPU0
set random seed!
finished RVND in 7.80650496483s
data-line;initial_solution;277104438;final_solution;14562964;time;7.80650496483;counts;779;fv;[];cv;[483, 189, 95, 8, 4];imp;19.0280246521
