pydf_home: /home/rodolfo/git/Sucuri
simple_pycuda_home: /home/rodolfo/git/simple-pycuda
wamca2016path: /home/rodolfo/git/wamca2016/
localpath: /home/rodolfo/git/dvnd-df/code/dvnd-df/src/
WAMCAPATH:/home/rodolfo/git/wamca2016/
Using already created file:  wamca2016lib.so
Size: 501 - file name: 05_TRP-S500-R1.tsp
ns:  [<function <lambda> at 0x7fb06eb630c8>, <function <lambda> at 0x7fb06eb63140>, <function <lambda> at 0x7fb06eb631b8>, <function <lambda> at 0x7fb06eb63230>, <function <lambda> at 0x7fb06eb632a8>]
ns:  [<function <lambda> at 0x7fb06eb632a8>, <function <lambda> at 0x7fb06eb63230>, <function <lambda> at 0x7fb06eb630c8>, <function <lambda> at 0x7fb06eb631b8>, <function <lambda> at 0x7fb06eb63140>]
32848463-[321 132 149 319 216 203 112  69 352 106 430 323 249  75 460 440 168 222
 410  53 230 269 158 148  68  59 454 426 433 138 145 468 121 173 170 425
 335 115 274 258 358 489 411  60  74 252 101  66 183 277 296 185  58 255
 180 125 479 288 322 441 281 244 192 389   6 186 312  52  89 262  31 311
  32 204 159 184 459  82   8  78 103 387 332 360 306 341 135 223 372 273
  73 191  64 350 197 379 397 211 496 310 363 419 251 217 178 376 175 472
 227 210  23 383   5  30 160 242 285  17 266 108  40 280 414 424  35 480
 466 326 219  61 110 198 229  97 297 364 500 142  99  57 409 136 374 314
 493 367 263 395 247 436 396 336 439 456 152 117 348 482  21 218 370  19
 392 220 233  76  83 206 104  12 401 162 188  41 403 257 256 359 239 357
 317 147 328  65 450 458 463 200 253 272 294 119  26 163 391 128 452 301
 385   4 196  14 221  95 447 201 199 488 495 226 494 381 415  90 205 283
 474  72 238 413 373 267   0  50 457 303  84  87  63  18 276 144 248  33
 100 448 487 327 114 295 356 291 366  15 122 471 161 444 127 340 215 126
 282 236 225 154 232  38 490 129 270 408 428 418 346 377 347 421 329 486
 139 362  51 434 165 464 427 241  93 237 174 465 202 151 298 287  77 435
  56 422 355 407  88  98 438  13 264 141 384 368 194 134 481 497 245  25
 207 278 429  80  43 307 265 275 212 467 260  85 259  70 167 483 349 177
 386 209 300 120 131 279 243 292 470 432 478 179 107 405 169 166 214 150
  22 143 382   1  27 208 176 461 155 446  16 118 289 351 116 315 330 443
  36 423 334 400 140 302 412 284 320 123 344 498 339 453 417 213 130 393
 399 309  55 380 250 157 271 171 299 353 133 484 398 406 455  10 224   2
 254 240 331 324 345 431 113 342 235 137 195 316 404  62 308 293 477 304
  28 369 475  44  79  34 442  71 164 333 473 111 313  11 491 156  42 246
 172 371 492  29 181  91 445  20 476 105   9 416 290 485 449 228  47  48
 365 231 390  39 375 182   3   7 102 338 354 318 437 153 234 499  54  46
 451 325 361 343  45  49 378  86  96 420 462  37 190 109 268  24 187 469
 337 394  67  81 388 261  94 189 193 286 124 305 146 402  92]
GPU0
set random seed!
finished RVND in 4.84469199181s
data-line;initial_solution;32848463;final_solution;2050378;time;4.84469199181;counts;607;fv;[];cv;[360, 157, 77, 8, 5];imp;16.0206864295
