pydf_home: /home/rodolfo/git/Sucuri
simple_pycuda_home: /home/rodolfo/git/simple-pycuda
wamca2016path: /home/rodolfo/git/wamca2016/
localpath: /home/rodolfo/git/dvnd-df/code/dvnd-df/src/
WAMCAPATH:/home/rodolfo/git/wamca2016/
Using already created file:  wamca2016lib.so
Size: 501 - file name: 05_TRP-S500-R1.tsp
ns:  [<function <lambda> at 0x7f2ff03250c8>, <function <lambda> at 0x7f2ff0325140>, <function <lambda> at 0x7f2ff03251b8>, <function <lambda> at 0x7f2ff0325230>, <function <lambda> at 0x7f2ff03252a8>]
ns:  [<function <lambda> at 0x7f2ff03252a8>, <function <lambda> at 0x7f2ff03251b8>, <function <lambda> at 0x7f2ff03250c8>, <function <lambda> at 0x7f2ff0325230>, <function <lambda> at 0x7f2ff0325140>]
32794386-[ 47  13 481 325 497 302 338 305 152 288 350  50 146 482 457 346  56   1
 358  97 103 473 232 170 229 284 340 316 165 424 307 485 240 392 263 128
 470  81 154 286 386 463  82 271  87 202 188 243 125 449 344 123 308 491
 387 343  40 365 396 361 471 285  33 363 199 318 104 266 181 499  39 416
 451  90 492 479 407   4 132 136 272 178   5 277 381 269  66 144 251 450
 129 315 474 493 324 163 398 248 283 389  69 408 186 500 230 233 404  16
 231  29 429 155 430  22 116  52 327 192 486  93  54 348 217 441 133 295
 195 213 260 214  19 379 244  53 342 414  88 475 377 390 462 138 168 453
 400 211 352 399 320   2 101 276  85 418 467 372 190 298  55 403 167 442
 200 341  60 160 207 187 107 126 460 353 464 150 137  42 328 419 294 402
 258 281 280 204 179 304 108 141 118 326 406 448 435  30 413 171 310 293
 300 151 117 109 349 370 127 238 452 434 431  83 149 105 193 278  20 433
 347 355 330   3 100 480 383 297 241  68 395 412 122 197 153 218 292 378
 373 224  92 210 314 252 374 157 397  76 393  62 255 177  95  84 262 465
 257  34 362 131 394 458  23  48  59 496 206 415 351 357  15 274 417 333
 335 322  11 354 487 459 245 158 369 375 250 253 317  41 185  17 267 119
 174 423  32 216  10 444  51 201 289 468 376 247 205 235  14 279 120  31
 256  86 472 334 191 488 494 254 219 498  49 114 309 339 319 388 410 148
 483 259 198 440  98 426 321 461 311 161 337 183   8 182 134 421  94 143
 484 495 194  72  28 112 296 111   9  35 427 391  27  45  18  75 385 282
 275 477 184 466 490  24 209 411 401  38 409 189  89 147 220 264 345 384
 290 228 331  58 420  63  64 436  25 323 273 443  80 306   6  77 115 270
 237 221 106 368 437  71  46 432 176 162 175  57 135 208 156 246 489 303
 140 469  65 268 455  96 356 439 121  37 130 236  79 223 422  26 478 456
 428 203 371 172   0 364 380 287 226  43  91 405 366 336 312 234 359   7
 265 102 142  67  73  44 313  70 227 445  61 332 476  21 382 222 225 180
 166  12  74 113 164 261 124 215  99 173 110 438 145 367 329 249 425 242
 291 454 299 301 169  78 447  36 159 239 212 446 196 360 139]
GPU0
set random seed!
finished RVND in 5.13796186447s
data-line;initial_solution;32794386;final_solution;1977519;time;5.13796186447;counts;647;fv;[];cv;[387, 178, 71, 8, 3];imp;16.5836009667
