pydf_home: /home/rodolfo/git/Sucuri
simple_pycuda_home: /home/rodolfo/git/simple-pycuda
wamca2016path: /home/rodolfo/git/wamca2016/
localpath: /home/rodolfo/git/dvnd-df/code/dvnd-df/src/
WAMCAPATH:/home/rodolfo/git/wamca2016/
Using already created file:  wamca2016lib.so
Size: 783 - file name: 07_rat784.tsp
ns:  [<function <lambda> at 0x7fc0e3dd30c8>, <function <lambda> at 0x7fc0e3dd3140>, <function <lambda> at 0x7fc0e3dd31b8>, <function <lambda> at 0x7fc0e3dd3230>, <function <lambda> at 0x7fc0e3dd32a8>]
ns:  [<function <lambda> at 0x7fc0e3dd31b8>, <function <lambda> at 0x7fc0e3dd32a8>, <function <lambda> at 0x7fc0e3dd3140>, <function <lambda> at 0x7fc0e3dd30c8>, <function <lambda> at 0x7fc0e3dd3230>]
70679203-[ 38  23 620 322 525 522   7  52 200 141 546 424 111 699  41   2 148 771
 688 442 476  95 651 138 317  46 521  79 353 229 339 100 766 686 264 684
 256 348 433 182 316 464 405 242 758  26 473 698 462 151 204 227 235  37
 444 518  36 480 198 778 276 261 725 351 203 359 396 106 119 381 412 310
 554 314 219  19 391 645 493 114 615 243 734 248 511 709 430  56 499 337
 361 201 576  15 220 741 716 409 624 658 216  16  59   4 606  83 469 595
 682 254 259 516 221 465 377 577  82 719 222 308 643 625 274 211 655  73
  70  89 667 583   3 726  81 365 108  93 752 385 762 197 669 710 604 366
 263 599 190 708 271 694 432 289 486 403 767 176 236  91  57  31 569 704
 731 129 608 159 691 288 636 722 574 450  97 492  75 459 467 451 327 311
 373 537 692 174 559 594 189 202 579 110 628  30 759 416 132 427 718 779
 578 184 429 103 299 247 713 297 535 217  27 435 269 526 258 113 475  71
 233 588  63 331 330 343 426 120   5 501 422 195 160  34 452 241 265 549
 389 135 158 342 139 621 295 717 634 471 743 528  25 185 272 335  44  66
 144 210 769 490 357 307 166  88  14 347 226 632 428 572 171 564 556 498
 212  48  35 355 534 748 494 711 145 345 164  47  99  42 126 344 117 571
 386 382 245 650 454 228 761 641  10  54 279 172 371 491 395 642 257 130
 750 163 293 116 659 672 305 443 673 701 192 273 768 639 656 218 737 262
 500 292 231 364 735 372 193 647 302  13  69 286  43   1 225 751 582 275
 112 179 362 173 146 568 180  61 611 378  87  58 408 593 746 523 514 714
 207 570 437 191 753 161 315 683 461 715 687 728 757 555 417 738 627 512
 380 290 742 519 101 312 134 456 532 326 309 745 483  78 140 706 213 196
 187 707 765 617 136   0 413 457 618 115 538 458 400 553 782 246 496 240
 763 633 509  20 155 665 162 760 104 477 505 249   9  11 678 587 332 668
 747 370 178 388  12 607 175  21 772 369  80 109 304 635 318 251 445 545
 700 543  33 287  68 705 775 598 468 237 508 105 764 591 661 585 383 410
 596 730 640 338 284 252  85 232 776 702 244 630 613 375 170 346 283 510
 358  77 517 181 720 781 122 334 320 671 291 680 601 352 188 590 439 503
 285 527 142 438 255 156  22  65 448 657 401 662 280  84 562 208 637 495
 729 446 566 124 230 423 376 253 328 282 300 266 296 394 488 561 363  45
 504  49 487 470 414 324 780 205 736 177 131 238 560 441 567 223 520 239
 770 629 294 502 478 544  24 447 507 597 368 723  98 749 356 167 675  50
 303 390 340  55 653 147 557 349 649 605 281 169  76 724 648  86 406 267
 449 460  51  96 118 194 644   8 695 660 431 652 481 472 127  53 298 690
 466 313 541 515 497 301 589 727 411 712 777 552 542 638 354 677 666 209
 609 336 350 646 586 744 539 740 756 379 592 455 550 425  60 524   6 739
 610 584 479 150 214 697 125 278  32 565 580 626 721 616 157 154 260 224
 325 270 612 506 128 754 774 563  94 755 619 323 530 436 696 434 540 440
 206 773 489 419 384 685 387 374 186 623 199 482 393 415 143  74 733 319
 693 121 402 153 360  67 533 321 547 133 333 703 681 474 420 664 107  18
  17 575  40 250 463  92 102 341 152 165 654 399 581 404 663 622 531 732
 453 670 513 529 631 614 168 674  72 485 306  90 573 392 421 329 602 397
 551 149 398 484 234 600 367 277 689 123 268  39 603 676  64 679 215  62
 536 137 418 558 407 183  28  29 548]
GPU0
set random seed!
finished RVND in 11.7818350792s
data-line;initial_solution;70679203;final_solution;3410490;time;11.7818350792;counts;930;fv;[];cv;[549, 242, 119, 14, 6];imp;20.7240610587
