pydf_home: /home/rodolfo/git/Sucuri
simple_pycuda_home: /home/rodolfo/git/simple-pycuda
wamca2016path: /home/rodolfo/git/wamca2016/
localpath: /home/rodolfo/git/dvnd-df/code/dvnd-df/src/
WAMCAPATH:/home/rodolfo/git/wamca2016/
Using already created file:  wamca2016lib.so
Size: 318 - file name: 04_lin318.tsp
ns:  [<function <lambda> at 0x7f83214790c8>, <function <lambda> at 0x7f8321479140>, <function <lambda> at 0x7f83214791b8>, <function <lambda> at 0x7f8321479230>, <function <lambda> at 0x7f83214792a8>]
ns:  [<function <lambda> at 0x7f8321479140>, <function <lambda> at 0x7f83214792a8>, <function <lambda> at 0x7f8321479230>, <function <lambda> at 0x7f83214791b8>, <function <lambda> at 0x7f83214790c8>]
93682688-[153   4 282  38 142  49  20  89 109  21  76 261  36  17 156 290  91 139
 111 169 122  70 248  74  27  11 130 171 276  81  95  39  86 215 158 175
 163  73 292 258   1  92 207   9 233 260 205 203 313 157 228 102 232  85
 274 181 280 174 173 115 177  84 200  54 101 277 183 155 192  80 263 271
 294  68 256 198  88 209 311 196  25 182 224  13 257  53  23  96 245 125
 213 110  44  43  98 299  35 253  71 297 212 148  40  26 249 119 136 298
 304 116 234  18  32 279 301 305 266  60 117 211  16  79 132 108 265 310
   6 118 154 283 150 214 143 289 120  59  34  62 259 312 113 243 220  77
 293 128 140  64  75 296 231  12  72 185 208 244 275 204 287 141 217 255
 160 307  90  47 230 309 106 167 278  41 159  69 166 194 221 121 219 302
 145 225  58  66  42  33 104 180  50   0 187 190  29 202 135 284  10 262
  56 295  61 285 178 195 240  52 300 191 236  99 129 186 149 216 242  19
 144 179  30 241 223 227  28 147 168  93 188 133  48   2 264   3  83 146
 268 286 235 316 126 247 272  14 176 306  15 291 134  57 270 114 239  45
  22 197 251  51 100 229 164 105   5 315 165 210 308 193 152 127 238  31
 252 131 250 206 267 199 288  94 151  87 123 314 226   8 237 317 218 201
 184 172  82 124 107 303 189   7 103 281  55  97 222 161 269 137 273 112
  46 162  63  67  24  78 246 138  65 254 170  37]
GPU0
set random seed!
finished RVND in 2.58145689964s
data-line;initial_solution;93682688;final_solution;6356018;time;2.58145689964;counts;374;fv;[];cv;[233, 89, 42, 8, 2];imp;14.739210619
