pydf_home: /home/rodolfo/git/Sucuri
simple_pycuda_home: /home/rodolfo/git/simple-pycuda
wamca2016path: /home/rodolfo/git/wamca2016/
localpath: /home/rodolfo/git/dvnd-df/code/dvnd-df/src/
WAMCAPATH:/home/rodolfo/git/wamca2016/
Using already created file:  wamca2016lib.so
Size: 657 - file name: 06_d657.tsp
ns:  [<function <lambda> at 0x7f4194de20c8>, <function <lambda> at 0x7f4194de2140>, <function <lambda> at 0x7f4194de21b8>, <function <lambda> at 0x7f4194de2230>, <function <lambda> at 0x7f4194de22a8>]
ns:  [<function <lambda> at 0x7f4194de2140>, <function <lambda> at 0x7f4194de20c8>, <function <lambda> at 0x7f4194de22a8>, <function <lambda> at 0x7f4194de21b8>, <function <lambda> at 0x7f4194de2230>]
275054195-[636 334 558 400 255 489 237 358 453 176 226 440 341 120 467 254 301 646
 603 637 228 192 643 431 651 326 239 257 189 611  74 464 555 342 114 210
 134 158 367 273 287 331 173 216 330 147 109 312 418 640 219 148 442  17
  43   6 602 438 193 479  27 645 638 574 454 393 231 277 205  31 133 495
 159 336 184 530 560 204 427 268 544 363 175 528  93 398 157 253 382 321
 349  66 307 296 243 137 275 311 169 569 581 151  61 281 322  90   3 445
 517 306 384 180 584 506 499 654 309 156 121  92 218 515 472 325 372 626
  46 217 533 526 473  14 399 297 103 519 579 607 477 286 494 543 224 496
  44 507 345 527 457 503 412  19 531 425 461 566 244  99   0 355 245 482
  95 316 606 195 353 635 179 105 186 374 141 401 648 264 279 365 469 483
 302 337 360 498 552 650 500 417 101 524 373 568 627  56 201 572   1 343
 484 344 492 551 153 198 348 421 449 323 222 369 508 423 339 476 509 100
 130  71 338 514  11 441  18  24 589 241 430 178 310 428 143 433 267 288
 131 450 432 487 448 261 413 456 263 576 545  91  86 443 298 529 232 240
 565 497  54  69 135  26 388  97 534 329   4 523 542 123  55 357 604  35
  98 221 407 435 437 235 623 420 366 444 145 490 634 510  41 460 641  29
 548 319 493 447 188 478 629 199  45 167 491 225 501 616  94 213 119 206
 223 455 313 426 168  88  57 112 518 597  25 567  51 409 248  64 631 439
 361 256 595 564 320 128  75 628 618 436 211  38 470 351 652 177 377  36
  81 463  10 125 182 653  12 620 163  68 422 505 395 386 113 556 272 127
 132 536 295   8 591  58 289 194 541 282 378 592 266  59 630 410 424  32
 511 294 458 465 227 538 535 520 655 318 402 164   2 220 411 155 346 387
 608 110 578 324 260 238 404 208 174 107  47 129  48  49 633 550 278 605
 459 276 380 284   9 553 271 308  67 522 280  96  28 516 332 647 144 593
  77 139 262 415 385  22  30 171 594  73 575 362 160 610 140 111  15 124
 583  62 639  70 354 546 104  89 585 390 561 246 644 187 170 613 196 512
 149 291 152 317 587 656 118 165 559 619 252 229 466 580 625 596 649 347
  72 236 381 414 474 102 207  80 642 601 612 549 183 368 475 202   7 504
  42 364 502 230 632 292  20 396 391 403  50 622 290 117 166 370 247 136
 327 146 429 269 471 172 416  37 126 214 300 586 304 590 513  79 212  76
  52 539  23 451 376 162  39 209 215 333 488 577 197 335  34 485 285 582
  78 547 191 392 233 283  83 405 200 249 250  40 446  53 573 525 383 614
   5 570 161 270 389  60 599 203  65 588 356 408  33 571  13  21 190 181
 242 328 609  84  82 562  63 265 600 554 540 486 142 154 537 303 371 563
 617 624 481 106 340 557 116 452 115 350 419 462 621 359  87 258 480 397
 108 379  16 532 122 138  85 150 434 305 251 394 406 293 615 185 521 375
 299 315 314 468 234 352 274 259 598]
GPU0
set random seed!
finished RVND in 7.85606002808s
data-line;initial_solution;275054195;final_solution;14380268;time;7.85606002808;counts;781;fv;[];cv;[462, 200, 106, 10, 3];imp;19.1271953346
