pydf_home: /home/rodolfo/git/Sucuri
simple_pycuda_home: /home/rodolfo/git/simple-pycuda
wamca2016path: /home/rodolfo/git/wamca2016/
localpath: /home/rodolfo/git/dvnd-df/code/dvnd-df/src/
WAMCAPATH:/home/rodolfo/git/wamca2016/
Using already created file:  wamca2016lib.so
Size: 501 - file name: 05_TRP-S500-R1.tsp
ns:  [<function <lambda> at 0x7fc7b288b0c8>, <function <lambda> at 0x7fc7b288b140>, <function <lambda> at 0x7fc7b288b1b8>, <function <lambda> at 0x7fc7b288b230>, <function <lambda> at 0x7fc7b288b2a8>]
ns:  [<function <lambda> at 0x7fc7b288b1b8>, <function <lambda> at 0x7fc7b288b230>, <function <lambda> at 0x7fc7b288b2a8>, <function <lambda> at 0x7fc7b288b0c8>, <function <lambda> at 0x7fc7b288b140>]
31910452-[447 364  50 126 376  14 400 331 475 227   4  28 430 275 228 234 414 288
  55 297 241 151  47 188 102 424 203 474 359 236 438 176 333 217  35 209
 435 356 248 190 449 199 335 148  23  21 377 347  77 357 186 480 322 192
 131  11 390 198  18 500  10 132 332 397 346 493  41  32 259 446 464 398
 226 106 456 194 224 427  22 216 277 144 264  87  93 280 266 290 129 249
 206 358 238 309 165 233 421  53 436 327 345 283 153 317 135 310  84 443
 284 408 258 231 499 215 159  63 487  36 208 212 242 300  27  15 304  48
 105 125  42 154 367 328 428 311 334 150 184 411 320  95 308  67  52 252
 235 325 139  72 343 163 462 385  26  79 349 134 490 478 375 189  51 107
 440  56 246  66  83 459 407 402 109 133  92 444 461 394 219 173 353 285
  90 412  74 303 371 323 113 420  61 197 169 269 329 476  60 488   6  38
 302 122 486 379 442 416  57 477   7 254 429 316 201 401 244  37 369 267
 362   2 118  20 157 465 363 399 223 108 187  94 485  65 463 441   3 123
 211  34 452  39 342 344 103 318 472  68  85 454 348 174 195  40 296 470
 378 410 314 256 360  86   1 221 497 222 380 384 166 391 257  12 445 202
 374  59 432 260 423  19 127   9  91 330 305 278 425 205  97 413 372 255
 326 146  54 494 406 292 439 178  46 245 460 287 265 250  81 457 450 453
 279 307 338 218 142 214 116 396 156  33 101 128 366   8 268  30 210 185
  96 403 419 339 251 104 337 386 489   0 225 119 291  69 137 448 220 149
 247 124  29 281  17 253 164  76 289 161  62 368  82 138 352 355 120 315
  75 395 409 204 491 263 261 273 167 115 158 373 471 388 140 130 389 170
  99  98 182 207 468 143 110 483  45 293 415 230 306 262 121 392 354  43
 298 276  89 467 319 213  70 455 383 286 179 168 299 434 426 498 351 393
   5  78 469 294 492 313 370 239 482 321 200 160 295  25  24 422 496 270
  31 336 418 365 232  71 361  13  49 341 301 243  16 473 466 312 324 229
 193 162 111 479 172 458 282  80 237  58 136 382 433 147 272 274 196 112
 141 451  88 180 117  44 152 340 191 181  64 175 495 271 155 484 171 387
 431 404 183 114 177  73 350 405 437 145 381 417 481 100 240]
GPU0
set random seed!
finished RVND in 4.74349784851s
data-line;initial_solution;31910452;final_solution;1969041;time;4.74349784851;counts;598;fv;[];cv;[377, 150, 58, 9, 4];imp;16.2060881414
