pydf_home: /home/rodolfo/git/Sucuri
simple_pycuda_home: /home/rodolfo/git/simple-pycuda
wamca2016path: /home/rodolfo/git/wamca2016/
localpath: /home/rodolfo/git/dvnd-df/code/dvnd-df/src/
WAMCAPATH:/home/rodolfo/git/wamca2016/
Using already created file:  wamca2016lib.so
Size: 657 - file name: 06_d657.tsp
ns:  [<function <lambda> at 0x7fb20f8820c8>, <function <lambda> at 0x7fb20f882140>, <function <lambda> at 0x7fb20f8821b8>, <function <lambda> at 0x7fb20f882230>, <function <lambda> at 0x7fb20f8822a8>]
ns:  [<function <lambda> at 0x7fb20f8821b8>, <function <lambda> at 0x7fb20f8822a8>, <function <lambda> at 0x7fb20f8820c8>, <function <lambda> at 0x7fb20f882230>, <function <lambda> at 0x7fb20f882140>]
286105974-[210  23 487 421 527 199 150 178 608 520 643 476 335 430 383 506 361 446
  37  95 270  40 491 465 152 415 616 496  73 187  92 182  41 416 110 271
 102  59 481 568 223 342 479  70 633 634 339 112 470 233 600 358 171 533
 409 331  31 188 505 227 276 583 258 170 458 561  26 172  24 220 385 532
 333 459  44 355  54 191 612 388 103 422 176 577 630 328 239  85 375 467
 368 370 144 248 524 274 284 363  88 543 306 123 189 652 263 528 295 286
 573 411 237 456 564 654 351 293 541 234 200 147 372 402 585 551 433 417
 154 131 419 218 599  81 379 508 504  98 297 498 138 396 399 117  52 449
 519 376 546 629 304  75 381  91 603 555 157 565 337 567 548 108 474 514
 202 307 273 563 180 303 267 296 451 281 100 478 119  35 354 214 463 121
 635 315 310 179   2 312 645 443 186 581 453 320 500 624  32 640 589 264
 554  62 314 350 266 194 461 122 134  39 360 181 619 225 639 308 656   4
 136  11 466  53 477 523 626 590 229 540  67 137 251 492  12 494 535 195
 249 435 517   9 560 292 313 262 414 596  72 305 362  99 569 457  13  38
 649 207  34 149   8 576  74 153 346 384 211 397 226 245 352 192 593 642
 165 205 471 605 265 455 562 324 252  79 254 544 321 495 319 511 423 222
  45 539  49 468 198 126 107 552 460  76 591  19 391 244 586 224 475 617
 440 246 162 285  29 611 502 217 537 400 287 462 507 280  27 638 114 299
 128 238 473 151 558 164 166 277  48 386   1 485 429 445 572 425 408 427
 190 398 413 269 431  90 521 359  16 578 235 115 620 348 290 597 322  50
 174 311 622  25 236 412 406 183 401  96 347 434 168 130 464 325 488  42
 641 594 438 390 161  10 329  66 340  84 344 610  78 644   3   7 377 420
 253 613  77 426 512  83  56 534 454 326 405 428  86 327 482 584 111 625
 395 215  18 132 279 196 378 632 167 101 213 627 472 148 557  22 515 424
 349 155 403 283  20 621 140 230 582 410 209 601 545  51 609 127 300 341
 380 371 387  28 169 206  94 393 366 357  47 330 242 509 135 289 302 272
  46 646   0  93 542 592 559 208   5 316 522 531 501 129 317  69 483  55
 588  30 173 439 382 566 647 516 177 529  15 250 336  97 323 374 404 628
 338  33 486 497 203 526 291 587 219 146 247 436 394 604 547 525 278 301
 407 510 364  68  57 260  60 606 607  71 490 221 216 185 550 637 197  63
 373 241 106 275 636 530 133 651 655 448 518 575 282 145 432 125 623 120
 288 392 365  21 124 243 615 268 255 141 345 139 447 602 441 353 653   6
 650 256 175 113 648 499 598 318 193 163 232  89 570 484 343 549 204 452
 261 104 334  80 212 538 118 116  82 618 571 444 109  36 257  14 259 614
 367 105  87 159  64 513 503 228 553 356 231 579 142  17 480  61 574 493
 201 369 489 294 309 437  43 160  65 184 418 450 536 143 332 469 240 389
  58 631 442 156 556 580 298 595 158]
GPU0
set random seed!
finished RVND in 7.62776994705s
data-line;initial_solution;286105974;final_solution;14631771;time;7.62776994705;counts;734;fv;[];cv;[466, 174, 78, 11, 5];imp;19.5537487567
