pydf_home: /home/rodolfo/git/Sucuri
simple_pycuda_home: /home/rodolfo/git/simple-pycuda
wamca2016path: /home/rodolfo/git/wamca2016/
localpath: /home/rodolfo/git/dvnd-df/code/dvnd-df/src/
WAMCAPATH:/home/rodolfo/git/wamca2016/
Using already created file:  wamca2016lib.so
Size: 318 - file name: 04_lin318.tsp
ns:  [<function <lambda> at 0x7f5cff2c50c8>, <function <lambda> at 0x7f5cff2c5140>, <function <lambda> at 0x7f5cff2c51b8>, <function <lambda> at 0x7f5cff2c5230>, <function <lambda> at 0x7f5cff2c52a8>]
ns:  [<function <lambda> at 0x7f5cff2c50c8>, <function <lambda> at 0x7f5cff2c52a8>, <function <lambda> at 0x7f5cff2c5230>, <function <lambda> at 0x7f5cff2c51b8>, <function <lambda> at 0x7f5cff2c5140>]
94107340-[  7 177   1 187  28 181  24 204 231 311 287 263 251  46 107 239 227  80
  82 269 235 294 109 244 313 134  81 196 113  97  44 102 146 307 145 207
   4 103  18 254  68 116  67 289 122 167 182 185 275 120 309 138 118 173
 255  50 135 280  22 246 104 242  63 271 161  71  66 142 179 180  70  17
 221  55 262  35  13 189 112 279 306  21 245 293 303 223 260  48  10   2
 203  23 163  74 217  33  65 202 155  31 192 298  75  14 188 273 225 286
 270  60 194 253 316  79 216 232  20  11 257 149 110 133 144  64 226  73
 296 208 297 236 164 132 281  77 171 172 229 108  15 136 305  56 261 304
 314  95 174 148 277  45 210  76 169 131 184 160 139  88 129  85 258  16
 219  54 268 237 295  91  83 201 256 212 111   3 162 312 317 214 195 315
  89  34 220  42 106 191  41 126  47 285  98 288  43 130 121 213 266 228
 156  61 168  32  69  87 209  27 193  12 170 190 233 278 176 117 197 240
  51  26 178 101 140  72 211 291  36 137 143  37  30  92  93 147 154 124
 292  40 165  25  39 250 230  57  78 301 151 218 100 310 272  86  96  58
  52 248 249  38 243 302 123 125 141 186  84  49 105 127  53 241 265 274
 222 224 183 282 119 199 198 276  19 300   5 166 264 299 252 128 175 308
 234 114   9  59 157 150 153 283 158 200  94 267  62   0   6 206   8  90
 284 247  99 205 152  29 238 259 215 115 290 159]
GPU0
set random seed!
finished RVND in 3.29434299469s
data-line;initial_solution;94107340;final_solution;6313944;time;3.29434299469;counts;494;fv;[];cv;[290, 131, 57, 13, 3];imp;14.904683982
