pydf_home: /home/rodolfo/git/Sucuri
simple_pycuda_home: /home/rodolfo/git/simple-pycuda
wamca2016path: /home/rodolfo/git/wamca2016/
localpath: /home/rodolfo/git/dvnd-df/code/dvnd-df/src/
WAMCAPATH:/home/rodolfo/git/wamca2016/
Using already created file:  wamca2016lib.so
Size: 226 - file name: 03_pr226.tsp
ns:  [<function <lambda> at 0x7f824dc1e0c8>, <function <lambda> at 0x7f824dc1e140>, <function <lambda> at 0x7f824dc1e1b8>, <function <lambda> at 0x7f824dc1e230>, <function <lambda> at 0x7f824dc1e2a8>]
ns:  [<function <lambda> at 0x7f824dc1e230>, <function <lambda> at 0x7f824dc1e1b8>, <function <lambda> at 0x7f824dc1e140>, <function <lambda> at 0x7f824dc1e2a8>, <function <lambda> at 0x7f824dc1e0c8>]
202012840-[ 99  63  82  95   6 187 141 204  10  16  27 116  19  14 111  22 161  69
 213  50  34 199  45  85  26 162  58  65 152 154  23  64 117 214 181  94
  75 174 113  30  44 165 206 159 129 143  72 115 166 177 192  68 147 189
 148  49  59 211 196  36 217   5  61 179 200  97 210 202 151  84  57 149
 123  43 125  91 197 188 191 146   9  18 142  17 170  60 105 100  66 221
 183 140 156 216  80 190   7 198 193  55 219 131  89 150 203  83 212 108
  56 167 207 224   2 195 103  28 184 118 119  86 209 109  67  81 107 182
 120  29 144  74 106   1 114  90  88 102  77 176  33  79 178   4  39 175
  70  41 205 134  31  24 158 137  11  20 128  46 169 122 222  47 101 186
 112  42 127  76  37 220  35 139  21  15  96  38 223 155  62 110   3 145
 180  52 163 135  40 157  73 164  51  25 124  78 225 138 153  13 126  71
  54  32  53 208  87  48  92 132 185 201 136 133 173   8 172 130 215  12
 104 121  98 194 168 218  93 171   0 160]
GPU0
set random seed!
finished RVND in 2.57757997513s
data-line;initial_solution;202012840;final_solution;6501359;time;2.57757997513;counts;477;fv;[];cv;[392, 58, 24, 2, 1];imp;31.0724019393
