pydf_home: /home/rodolfo/git/Sucuri
simple_pycuda_home: /home/rodolfo/git/simple-pycuda
wamca2016path: /home/rodolfo/git/wamca2016/
localpath: /home/rodolfo/git/dvnd-df/code/dvnd-df/src/
WAMCAPATH:/home/rodolfo/git/wamca2016/
Using already created file:  wamca2016lib.so
Size: 657 - file name: 06_d657.tsp
ns:  [<function <lambda> at 0x7f70233050c8>, <function <lambda> at 0x7f7023305140>, <function <lambda> at 0x7f70233051b8>, <function <lambda> at 0x7f7023305230>, <function <lambda> at 0x7f70233052a8>]
ns:  [<function <lambda> at 0x7f70233052a8>, <function <lambda> at 0x7f7023305230>, <function <lambda> at 0x7f70233051b8>, <function <lambda> at 0x7f7023305140>, <function <lambda> at 0x7f70233050c8>]
282170376-[544 234  37 479 257  96 545 533 443 220 587  56 576  42 496 197 280 255
 281 127 418 461 338  15  53 227  73 242 651 262 438 510 609 482 487 404
 623 582 514 245 622 176 602 118 138 489 283 124  86 506 209 377 450  90
  72  62 230 624 640 276 396 337 188 336 299 416   6 559 267 290 432 293
 589 121 586 119 539 414 637 398 616 359 546 575 642  97  66 105 425  45
 312 550 531 373 588 656 348  50 214 353 167 161 302 344 332 597 122  89
 192 535 641 231  98 360 200 563 552 634 583 300  69 190 505 151 391 617
 215 156 154 522 601 485 395 639 406 567 557 455 129 246 401 420 295 198
 534 627 218 116 542 581 194 135 382 102 375  68 427 644 431 515 402 632
 393 358  64  36 342  80 409  75  20 219 628 225 503 426 296  24  59 237
 390 351 228 288 456 599 291 163 223 101 166 110 561 584  70 207 519 386
 478 653  65 517 315 248 415 493 571 436 196  30 155 272 240 181 388 419
 630 491  35 180 541 369 249 253 125 520 417 521 394 570 285 317 440 381
  93  92 504  61 208 572 335 212 205 204 613  40 146 590 213 380 422 113
 350 357 527 526 168 111 524 410 327  13 392  91 463 500 319 475 366  27
  21 448 468 109 573 444 241  58 309 374 492 549 412 269 164 383 356  47
 551 470 239 389 171 305  71 631 469 221  46 345   7 605 626 532 437  32
 193 340 562 441 580 384 403 149 224 529 184 501 321 498 261 232 512 447
 474 372 449  26 435 484  14 467 511  18 591 247  52 464 143 236 421 525
 311 148 142 537  10 424 322  88 264 379 362 564  78 174 619  39 229 596
   2 560 477 189 481 259   0  54 331 655 278 370  67 130 289 159 405 547
   9 433  49 368 179 365 178 117  34 318 347 452 103 323 320 621 548  23
 352 177 371 364 108 465 528 172 354 629 523 600 649  79 566  84 423 341
 120 258 216 195 114 292 579 306 604   8 598 112 625  43 256 131 313 558
 173 603  77 509 595 497 399 134 191 199 355 307 133 254 430 578 339 400
 361 260 472 494 507  74 538  55 460 577 226 593 297  28 518 439 516 585
 428  81 612 274 150 160  16 446 536  76 275 136 206 316 646 454 543 137
 265 540  83 123  17 286  41 643 303   5 157 304 282 175 203 387 185  51
  11 466 326 397 620 618 170 343 106 459 429 328 162 238 310 488 147  25
 251 250 165 594 169 346 158 324 132  31 266 636 407  60 434 333 556 298
 139  57 128 314 201 376 294 413 211 284 615 568 222 334 183 325 145 378
 569 152 252 495 182 202 408 268  38 271  87 614 287 499 451 349 462 263
 476 363 308 273 490 633  12 486   1  94 502 606 126 555 329 553  33 233
 270 483 330 592  44  19 458 611 480 554 610 565 279 635 638 457 652  95
 217   4 650 473 210 508 608 141 411 471 530 243 442  63 104 647 385 645
 607 574 277   3 107 453 367 186 153  85 140 648 244 187 445  99  22 115
 513  48  29 654 235 301 144 100  82]
GPU0
set random seed!
finished RVND in 8.46762299538s
data-line;initial_solution;282170376;final_solution;14690100;time;8.46762299538;counts;820;fv;[];cv;[463, 234, 112, 9, 2];imp;19.208199808
