pydf_home: /home/rodolfo/git/Sucuri
simple_pycuda_home: /home/rodolfo/git/simple-pycuda
wamca2016path: /home/rodolfo/git/wamca2016/
localpath: /home/rodolfo/git/dvnd-df/code/dvnd-df/src/
WAMCAPATH:/home/rodolfo/git/wamca2016/
Using already created file:  wamca2016lib.so
Size: 783 - file name: 07_rat784.tsp
ns:  [<function <lambda> at 0x7f4f91cd60c8>, <function <lambda> at 0x7f4f91cd6140>, <function <lambda> at 0x7f4f91cd61b8>, <function <lambda> at 0x7f4f91cd6230>, <function <lambda> at 0x7f4f91cd62a8>]
ns:  [<function <lambda> at 0x7f4f91cd6230>, <function <lambda> at 0x7f4f91cd60c8>, <function <lambda> at 0x7f4f91cd61b8>, <function <lambda> at 0x7f4f91cd62a8>, <function <lambda> at 0x7f4f91cd6140>]
70909372-[756 191 398 334 606 767 350 155 749 705 279  43 309 713 666 353 758  58
 710 158 711 737 182 434 356 626 427 391 596 442 360  23 564 466 410 381
 213 178  75 190  37 754  32 205 770 751 547 640 743 447 450 566  12 237
 108  64  80 680 335  84  48 252 568  71 475 163 499 729 496  66 258 552
 299 430 483 682 481 443 261 216 470  17 656 769 166 339 597 744 327 716
 667 271 138 777 533 247 460  31 223 507 319 165 709 370 582 536 121 650
  87 750  68 273 747 111 288 189 642  26 445 198 599 518 502 550 695 130
 366 738 122 241 634 740 296  79  52  78 167 170 119 742 260 244  63 219
  27 432 492 107 646 174 135 707 672 774  65 220 248 225 345 380 454 764
 422 200 301 194 311 417 652  76 115 291 426 202 277 125 328 395 361 253
 421 332  19 570 188 390  86 104 114 367 425 140  16 655 267  57 242 300
   2 264  56 688  82 340 439  11 746 433 124 654 374 701 725 527 620 693
 529 185 665 617  67 435 718 488 312 629 722 763 521 586 393 134 103 673
 278 245 495  90 149 478 741 633 316 571 349  40 577 530 567 411 162 714
 388 601 638 578 590 181 263 224  42 187 146 338 497 511 715 679 132 523
 589 412 468 618 337 240 517  54 321 588 297 509 484 593 230 159 129 565
 504 591 186 735 101 330  72 685 413 526 700 139 116 657 479 351 420 708
 320 364 687 141  62  24 494 487  93  59 400 275 510 733 228 179 377 259
 118 537 210 352  92 151 512 730 686 405 706 594  98 293 180 376  25 727
  49 359 382 464 342 585 771 250 548 423 728 539 318 142 531 235 325  38
 204  30 283  47 661 485 644 268 773 637 605 648   5 195 472 286 416 456
 717 305 368 546 154 757   7 600 333 453 753 295 734  91 624 346 645 560
 525 206 660 406 323 635 619 136 676 440 169  18 561   4 615 137 402 532
 290 580  29 444 217 581 719 145 559 131 348 528 126 623 622 480 587 363
 556 314 658 269 371 636 689 144 418 516 628 592 612 203 196 437   3 782
 238 678 362 768 699 704  34 147 150 424  61 524 127 156 651 294 760 168
 781 551 579 697 285 780 598 549 515 544 755 212 369 647 113 467 355 407
 732 403 691 152 508  28 694  73 173 229  33 292 324 431 669 462  94 373
 208 419 662 514  53 731 572 243 177 171  55 775 428 690 343 501 372 341
  74  89  35 308 603 317 736 610 404 723 668 614 429 438 674 192  70 281
  41 184 639 554 476 331 721 378 153 653 117 265 448  20 465 199  44 306
 631 112 766 396 643  50  81 649  14 232 473 218  45 569  21 563 234 282
 692 347 477 106 573 266 148 604 399 110 720   1 270 506 336 505  95 542
 493 670 540 489 310 609 457  13   9 558 513 712 762 256 621 534 519 397
 575 289   8 322 616 522 683  85 677 663 201  22 176 215 659 555 761   0
 120 574 562 313 498 175 133 538 394 625 379 227 233 671 745 684 553 384
 236 698 748  77 280 535 776 664 696 408 183  60 193 409 257 251 584 703
  97 461 287 608  96 702 284 105 392 765 221  36  51   6  88 726 255 543
 249 632 414 160  69 576 214 354 262 471  10 491 772 627 441 452 681 486
 463 778 595  39 436 385 172 329 100 302 164 143 357 630 469 344 157 557
 449 752 446 102 389 222 503 209 520 254 383 365 602 739 128 326 607 276
 545 161 458 272 387 246  46  83 490 123 415 197 613 759  99 358 724 401
 231 779 303 611 298  15 304 109 641 451 500 459 386 226 583 541 207 474
 375 455 675 274 307 239 315 482 211]
GPU0
set random seed!
finished RVND in 14.6256370544s
data-line;initial_solution;70909372;final_solution;3420324;time;14.6256370544;counts;1167;fv;[];cv;[631, 322, 180, 28, 6];imp;20.7317704405
