pydf_home: /home/rodolfo/git/Sucuri
simple_pycuda_home: /home/rodolfo/git/simple-pycuda
wamca2016path: /home/rodolfo/git/wamca2016/
localpath: /home/rodolfo/git/dvnd-df/code/dvnd-df/src/
WAMCAPATH:/home/rodolfo/git/wamca2016/
Using already created file:  wamca2016lib.so
Size: 226 - file name: 03_pr226.tsp
ns:  [<function <lambda> at 0x7fa16b0840c8>, <function <lambda> at 0x7fa16b084140>, <function <lambda> at 0x7fa16b0841b8>, <function <lambda> at 0x7fa16b084230>, <function <lambda> at 0x7fa16b0842a8>]
ns:  [<function <lambda> at 0x7fa16b084140>, <function <lambda> at 0x7fa16b0840c8>, <function <lambda> at 0x7fa16b084230>, <function <lambda> at 0x7fa16b0842a8>, <function <lambda> at 0x7fa16b0841b8>]
188748664-[123  83  47  76 182  29 212 155 217 214 173  58   5 126 156  98  65 184
  88  37 162 203 106  21 216 131  63 110 189 211 109 116 171  45 172  96
  26  40  50 101  70  43  34  81 219 197 170 114  35  62  48  82 141  73
 112  17 144 147   9  57 118 198 113 166   8  90  69 165 139 199 201 186
  18  68 115  16   3 120  64 145 209  25 107  14  39  20 205  54 104  28
  94 135  84 163  87  44   2 128 223 168 160 178  13  85 150 202   1 167
 130   0  36  19 157   4 129  92  67  52  91  86 102 192 140 137 185 195
 121 187 213 124  56 224 148  89 175 146 154  93 103 132 218 200 220  11
 158 152  38  24 180 176 208  53   6 191 225 196 153  99 142 169  41 159
  77 100 125 136 210  79 194 215  22 174 207  80 221  95  33  31 108 164
 149 222 188  10 134 117  75  72  23 143  30 161  66  12 181  27 151 206
 122 177  97 204 138  59 193  46 179   7  61 127  78  15  51  71  49 190
  42 105 133 183  74  32  60  55 119 111]
GPU0
set random seed!
finished RVND in 2.81843185425s
data-line;initial_solution;188748664;final_solution;7110660;time;2.81843185425;counts;524;fv;[];cv;[406, 78, 38, 1, 1];imp;26.5444647895
