pydf_home: /home/rodolfo/git/Sucuri
simple_pycuda_home: /home/rodolfo/git/simple-pycuda
wamca2016path: /home/rodolfo/git/wamca2016/
localpath: /home/rodolfo/git/dvnd-df/code/dvnd-df/src/
WAMCAPATH:/home/rodolfo/git/wamca2016/
Using already created file:  wamca2016lib.so
Size: 783 - file name: 07_rat784.tsp
ns:  [<function <lambda> at 0x7f00cea4b0c8>, <function <lambda> at 0x7f00cea4b140>, <function <lambda> at 0x7f00cea4b1b8>, <function <lambda> at 0x7f00cea4b230>, <function <lambda> at 0x7f00cea4b2a8>]
ns:  [<function <lambda> at 0x7f00cea4b1b8>, <function <lambda> at 0x7f00cea4b230>, <function <lambda> at 0x7f00cea4b140>, <function <lambda> at 0x7f00cea4b2a8>, <function <lambda> at 0x7f00cea4b0c8>]
69794046-[437 336 706 446 299 296 263   1 434 305  15 645 409 743 414 573 393 625
 577 420 593 476 433   4 718 691 249 775 220 576 469 556 750 392 770 444
 369  44 439 565 653 378 156  89 145 585 114 321 507 365 732 300   8 661
 206 109  42 497 671 340 318 468 180 479 118  79 536 259 179 243  54 734
 381 390  94 715 664 606  47 632  29  43 465 571 408 504 267 642 218 325
 215 312  58 185 630 448 431 255 204 538 542 379 183 780  67 395 622 101
 717 151  39  28 758   0 164 665 762 372 558 426 394 725 139 248 291 246
  80 698 561 276 484 478 591 751  70  50 142 247 449 173 532 212 578  75
  49 640 171 412 311 194 323 516 217 287 560 612 229 548 361 115 124 534
 666 587 541 234  68 161 711 728 347 239 130 233 138 303 324 240 579 553
 777 210 491  57 602 388 178 575 644 357 338 337 417 116 113 199 595 643
 177 760 513 132 518  27 200 669 782 415 480 699 344 455 545 184  18 544
 569 250 512 563 307 746 729  19 261 391 268 736  56  90  83 245 482 356
 510 423 568 763 189 456 165 304 227 192 657 687 506 160 719 674 370 755
 693 182 537   2 533 452 633 450 134  36 503 580 119 681 188 341  96 418
 266 528 294 238 152  74 359  21 615 290 389 163 172 772 275 384 354 459
 707 672  63 413 781 301 611 555 614 726 441  60 309 371 366 692 112 646
 256 489 302 331 360 515 333 592 205   9 508 651 216 586 190 688 709 348
 262 636 702 289 779 778  35 451 463 620 483 761 278 425 654 155 213 492
 355 335 131  62 635   3 334 610 624 222 367 527 475  46 613 447 123 650
 377  40 690 458 486 572 488 498 293 435 373  55 445 453 697 314 570 454
 411 358 749 121 467 773 737 280 343 397 757 208 223 637 436 186 235  16
 471  73 274   6 599 349 385 551 103 543  66 648 673 174 514 298 623 668
 271 616 474 500 428  37 747 676 628 675 279 667 100 108 740 105   5 421
 738 127 315 327 310  78 619 207 316 554 106 477 659 744 694 496 158 326
  85 407 461 375  52 440 169 470 383 721 320 288 523 621 735 522 237 353
 402 652 769 509 745 224 317  41 107 501 641 634 683 487 752  32  30 724
 767 457 438 473  97 308 422  59 695  84 723 196 339 176 499  76 629 663
  61 209 765 374 566 128 168 432  12 547 559 531 219 490 252 540 264 627
 647 400 195 137 626 251 766 771 662 529 708 197 535 203 524 607 596 429
 201 742 260 232 258 148 376  77 281 214 714 557 292 140 631 319 705 254
 526 598 720 609 588 162  26  86 170 342 521 187 191 430 700 567 682 362
 443 603 368 104 295  81 332 759 546 282 618  31 272 684 462 225 590 269
 530 286 701 270 680 485 322 149 236 406 350  95 306  65 768 382 265 600
 125  92 231 424 696 670  48 386 410 442 505 464 181 133 273 562  72  11
 364 110 511 764  51 241 494 753  69 396 754 126 617 605 639 253  91 776
 649 583 144 608 552 733 730 159 244  33 519 495 387 574 638 352 257 147
 678 594 167 604 211 731 660 226 193 345 283 502 416 277   7 677 329 727
  23 330 403  20 363 166  13 102 539 658 346  87 146  98 739  25 122  22
  93 710 460 111 153 549 716  64 584 756 656 597 401 419 472 135 774 230
 154 284 564 679 722 703 713  99  45 689 466  10 398 589 741 405  53  24
 175 481 380 748 297  88  38 136  34 520 525 404 704 686 550 685 221 351
 517 313 141 399 150 427 129 198 601 202 581 493 582 120 712  14 117 157
  71  17 655 228 328  82 242 143 285]
GPU0
set random seed!
finished RVND in 12.1127018929s
data-line;initial_solution;69794046;final_solution;3381039;time;12.1127018929;counts;969;fv;[];cv;[572, 247, 126, 19, 5];imp;20.6427805181
