pydf_home: /home/rodolfo/git/Sucuri
simple_pycuda_home: /home/rodolfo/git/simple-pycuda
wamca2016path: /home/rodolfo/git/wamca2016/
localpath: /home/rodolfo/git/dvnd-df/code/dvnd-df/src/
WAMCAPATH:/home/rodolfo/git/wamca2016/
Using already created file:  wamca2016lib.so
Size: 783 - file name: 07_rat784.tsp
ns:  [<function <lambda> at 0x7fc2679a50c8>, <function <lambda> at 0x7fc2679a5140>, <function <lambda> at 0x7fc2679a51b8>, <function <lambda> at 0x7fc2679a5230>, <function <lambda> at 0x7fc2679a52a8>]
ns:  [<function <lambda> at 0x7fc2679a52a8>, <function <lambda> at 0x7fc2679a50c8>, <function <lambda> at 0x7fc2679a51b8>, <function <lambda> at 0x7fc2679a5230>, <function <lambda> at 0x7fc2679a5140>]
70990972-[262 368 254 616  77 504  42 701 747 650 253 773 449 755 207 574 711  20
 459 657 649 487 180 605 223  24   4  58 363 175 716 581 694 464 410 173
 606 428  69 771 425 466 305 118 355 522 129 337  94 553 700 163 454  59
 665  79 335 279 555 640 269 549 723 677 761  27 420 230 323 636 569 572
 599 140 691 461 202 779 392 661 266  16  14 510  50 772 442 237 159 170
 611 290 261 679 204 548 718 537 123 462  18 629  11 338 217 229 382  56
  31 443 586  73 143 365 652 687 463  12 213 546 130  51  61 568 314 506
 340 469 234 634 444 435 219 738 210 452 101 516 240 612  37 523 320 291
 660 705 780 356  98  70 112  48  90 354 415 448 379  63 394  89 492 186
 724 345 626 515 220 225 624 769 300   8 137 294 313 519 737 176 483 406
 259 165 157 295 267 655 664 577 762 625 128 438 189 714 385 542  32 131
 346 455 127 125  46 621 342 765 317  68 387 351 147 188 673  57 384   1
 113 400 632 245  62 199 604 409  54 594 451 580 774 360 513 477 540 423
 247  87 457 436  64  53 417 256 271  21 280 589 489 745 688 579 642 349
 381  96 331 344 550 692 760 179 174 576 717  36 517 645 587 298 566 567
 743 712 460 668 122 181 105 545 666  17 635 316 311 198 182 191 475 196
 583 322 431  82 348 739 696  65 484 727  44  35  55 231 622 252 501 190
 721 678  72 352 601 551 656 763 633 733 172 456 676 283 178 407 427 328
  92  99 319 646 615 183 168 682 735 367  78 749 241 693 206 672 108 654
 485 498 708 600  88 106  26 725  86 389 690 135 715 613  95  66 479 274
 258 702 543 503 751 571  30 730 347 255 398 638 547 597 332 740 138 680
 203 232 221 293 324 366 116 575 426 339 364 509 292 533 336 251 260 675
 301 525 246  19 602  25 184 651 529 430 524 421 422 265  33 754 228 481
 639 561 153 500 670 327 124 391 209 100 637 187 562  93  45 145 706 446
 476 282 318 465 353  91 734 450 388 530 511 315 641  52 782 154 663 102
 526 308 482 321 377 233 591   5 768 648 520 608 502 393 376 224 584 104
 151 412 667 473 375 671 453 471  49 554 507 756 521 619   7 659   6 386
 607 117 478 416 494 395 411 432  23 310 592 759 162 201 437 603 538 109
 150 684 136 518 208 565 195 681 244 373 434 777 570 729 731 264 499 563
 778 698 306 418 276 378 350 110 618 171 704 120  38 114 312 736 235 194
 144 277 158 595 767 582 126 544 424 674 472 164 781 559 744 401 753 610
 709 330 361 752 750 155 215 257 211 617 710 374 205 404 193  28 766 248
 148 598 720  97 419 467 496 296 142 236 197 497 742 149 226 243 536 758
 631 470 588 585  34   3 620 242 227 272 746 134 133 695 429  15 728 647
 218  40 369 535 152 160 372 726 514 541 512 167 458 445 609 107 433 362
 390 488 552  81 192 358 593 573   2 249 278 397 302  67 658 263  22 527
 539 468 185 534 628 329 757 413 508 399 480 643 630 146 505 440 250 357
 286  76 304 775 402 764 560 270 103 161  85   9 408 139  60 287 268 441
 770 447 644 288  74  75 623 212  29 166 115 474 325 414 341 132 697  41
 495 333   0  84 486 281 719 707  13 491 216 490 699  43 531 689 273 214
 238 627 558  71 614 493 596 564 403 343 556 284 653 200 703 380  39 685
 383 686  83 299  10 303 371 370 169 722 141  47 111 713 557 119 683 669
 741 289 177 590 396 532 359 334 732 748 776 239 578 275 662 439 307 297
 285 405 156 121 309 326  80 222 528]
GPU0
set random seed!
finished RVND in 12.0561769009s
data-line;initial_solution;70990972;final_solution;3492698;time;12.0561769009;counts;967;fv;[];cv;[566, 247, 126, 22, 6];imp;20.3255397403
