pydf_home: /home/rodolfo/git/Sucuri
simple_pycuda_home: /home/rodolfo/git/simple-pycuda
wamca2016path: /home/rodolfo/git/wamca2016/
localpath: /home/rodolfo/git/dvnd-df/code/dvnd-df/src/
WAMCAPATH:/home/rodolfo/git/wamca2016/
Using already created file:  wamca2016lib.so
Size: 501 - file name: 05_TRP-S500-R1.tsp
ns:  [<function <lambda> at 0x7fb68d12d0c8>, <function <lambda> at 0x7fb68d12d140>, <function <lambda> at 0x7fb68d12d1b8>, <function <lambda> at 0x7fb68d12d230>, <function <lambda> at 0x7fb68d12d2a8>]
ns:  [<function <lambda> at 0x7fb68d12d230>, <function <lambda> at 0x7fb68d12d1b8>, <function <lambda> at 0x7fb68d12d140>, <function <lambda> at 0x7fb68d12d0c8>, <function <lambda> at 0x7fb68d12d2a8>]
33115327-[329   0 128  46 133 479 244 224 180 107 474 305 237 445 499 461 104 138
 336 369 352 150 450 151 438 161 411 160 331  90 379 213 300  55 267  28
  42 488 370 415  32 263 105 410 152 293 226 381 261 139 426 256 227 132
 278  29  23 130 421  47 408 175 399 330 266 362  80 472 233 492 136  64
 236   1 212 482 163 223 340 262 228 342 250 179 156 285  95 326 287 396
 394 440 476  88 235 221 184 392 439 176  14 291 192 324 171 292 191 241
 273 307 373  38 348 274 363 230 280 365 367 335 117 406  77  45 194 453
 375  85 368 475  41  26 424 170 102 322 106 218 498 319 451 118 225 404
 431  17  74 344 204 364 159 350 234 123 195 124 198 417 188 304  67  98
 189 485 246   8 168 433   5  68 167 155  15  49 201 298  25 436 327 245
  81 295 255 383  40 358 418 114 205 385 169 135 490 193 444 270 199 232
  94 145 317  60 112 216 127 186  61 313 109 311 446 441  22 173  35 126
 239 247 164  69 338  96 113  10  97 314 301  63   4 429 422 442 254 395
 360 265 380 158 343  71  13 384 249 455 377  54 306 432 371 372 283 284
 466 131 427 202  27 299  53  33 134  58 465  79 347 435  86 174 333 349
 229 288 103 121 269 142 419 497 272 407 316 354 386  37   9 351 183 243
  83  89 268 409 222 203 459 366 220 318 456 154  93   6 219  19 334 393
  11 240 259 303 460 252 356 361  78 398 210 177 208 414 214 264 425  24
 337  12 125 413  70  82 332 478 209 276 286 182 493 353 153 308 144 140
 302 346 148 122 185 197  56 448 253 390 434 271 400  50 405 463  18 172
  99  73 357 454  36 481 464  84 447  66  43 382 376 495 449 215 355 323
  52  62 178   3 101 403 181  31   2 116  75 416 345 359  21 282  34 281
 477 374  72  59 207 325 119  57 289 147 391  65 328 257 258 339  92 297
 387 423 277 341 100 108 310 397  51 496 388  87 378  76 231 452 457 217
 111  91 309 149 238 494 468 260 242 437 486 401 146   7 206  30 484 467
 296 412 190 143 115 480 141 251 279 491  48 430 500 129 187 290 470 462
 428 315 165 137 312  44 166 110  20 469 489 402 294 200 211 157 389 275
 458 248 120 471  39 162 483 473 320  16 420 487 196 321 443]
GPU0
set random seed!
finished RVND in 5.07121896744s
data-line;initial_solution;33115327;final_solution;2006215;time;5.07121896744;counts;673;fv;[];cv;[389, 180, 87, 13, 4];imp;16.5063699554
