pydf_home: /home/rodolfo/git/Sucuri
simple_pycuda_home: /home/rodolfo/git/simple-pycuda
wamca2016path: /home/rodolfo/git/wamca2016/
localpath: /home/rodolfo/git/dvnd-df/code/dvnd-df/src/
WAMCAPATH:/home/rodolfo/git/wamca2016/
Using already created file:  wamca2016lib.so
Size: 318 - file name: 04_lin318.tsp
ns:  [<function <lambda> at 0x7f58e640e0c8>, <function <lambda> at 0x7f58e640e140>, <function <lambda> at 0x7f58e640e1b8>, <function <lambda> at 0x7f58e640e230>, <function <lambda> at 0x7f58e640e2a8>]
ns:  [<function <lambda> at 0x7f58e640e2a8>, <function <lambda> at 0x7f58e640e230>, <function <lambda> at 0x7f58e640e0c8>, <function <lambda> at 0x7f58e640e140>, <function <lambda> at 0x7f58e640e1b8>]
88328698-[ 88 311  60  86 136 115 275  53 222  47  35 219 139 294 300  42  16  25
  90 182 245 178 125  27  39 127  44 133 257 109 152  62 120 111 114 209
 184 233 151   0  65 117   9 239 309 292  93  70  73  96  89 242 317 268
   7 189 254 263 102 104  68 271 140 235  19 160 190  81 211  30 221 172
  72  84  64 156 240 243 201  99 301 246 266   8  43 204 110 226 216 192
  37 258 247  46 310 296  15   3 116  23 148 305  11 295 164  18 262 185
 150  92 154 274 167 237 206  29  58 153  87 176 141 161 126  34 100 260
  71 181  54 278 236 198 159 157 103 284 199 187 144 252 193 286 207  59
 224 177  48  31  56 107 304 298 232 155 297 208 128  82  85  20  12  95
  14 147 142  61  67 129   5 229 146  80  91 303  69 212   4  22 137 118
 169 256 162 250  26  49 135 108 173 124 291 166 312 255 202  17 281 105
  79 138 307 121  77 210 106 163 227 269 168 273 289 197 288 170 122 293
  51 220   6 145 272  38  55 113 228  33  24 205 261 265 234 175 188  32
 215 194   2 282 217 119 214 270 249 279 179  13 280 171  28 251 180 302
  66 230  45 218 132  76 306  97   1 267 290  63 165 101  10  36  75 314
 248 241 285  74 123 213 174 276 308 315 231 200 149  21 143  52 112 313
 253  94 223  83  50 158  57 186 244 259  41  40 283 287 130 131 277  78
 203 134 183 238 316 195 191 225 264 196 299  98]
GPU0
set random seed!
finished RVND in 2.77191591263s
data-line;initial_solution;88328698;final_solution;6141476;time;2.77191591263;counts;436;fv;[];cv;[287, 101, 39, 6, 3];imp;14.3823240537
