pydf_home: /home/rodolfo/git/Sucuri
simple_pycuda_home: /home/rodolfo/git/simple-pycuda
wamca2016path: /home/rodolfo/git/wamca2016/
localpath: /home/rodolfo/git/dvnd-df/code/dvnd-df/src/
WAMCAPATH:/home/rodolfo/git/wamca2016/
Using already created file:  wamca2016lib.so
Size: 783 - file name: 07_rat784.tsp
ns:  [<function <lambda> at 0x7f91126500c8>, <function <lambda> at 0x7f9112650140>, <function <lambda> at 0x7f91126501b8>, <function <lambda> at 0x7f9112650230>, <function <lambda> at 0x7f91126502a8>]
ns:  [<function <lambda> at 0x7f91126500c8>, <function <lambda> at 0x7f91126502a8>, <function <lambda> at 0x7f9112650230>, <function <lambda> at 0x7f9112650140>, <function <lambda> at 0x7f91126501b8>]
70962656-[ 77 702 283 392  92 633 279 679 459 653 201 707 448 625  67 491  27 724
 401 688 739 567 127 550 669 590 293 122 158   9 244 656 507 142 287 431
 318 463 202 373 113 536 624 310 709 206  10 334 728 760 194 475  56  54
 152 179 363 655 596 101 521  44 692 432 237 501 231 758 280 243 541 176
 406 490 103 397 204 452 115   4 744 192 267 155 164 196 104 586 597 303
 301 229 365 235 549 144 382 519 578 253 132 161 681 764 331 411 343  72
 703 325 727 426 677 598 505 569 574 238  81 368 286 429 172 100 646 606
 483 470 281 153 570 309 711 183 482 615 353 425  94  25 517 247 407 658
 221 779 323 510  53  61 768 131 720 307 336 348 737 381 252 317 717 117
 404 146  99 193 512 198 355 205 542 502  17 437  91 704  75 565 240 682
 666  69 347 319 102 461 457 532 417 651 572 236 261 776 383 134  90 718
 139 503  97  45 329 605 385 781 530 453 450 492 276 582 210 592 409 465
 716 544 245 667 333 256 622 402 413 613 525 292 607 188 105  43  68  38
 589 714 441 712 398 167 488 741 673 260 399 128 190 697 609 145 239  35
 216 753 439 731 242 778 388 575  51  88 556 668 387 376 528 126 157 563
 360 232 444 663 539 614 650 690 691 250 540  41 350 636 295 629 156  71
 698 108  36 566 464 403 715 538 643 500 664 394 305 449 473 223 735 255
 375 630  57 264 713  48 694 659 745 200 199 396 140  79  74 246 282   7
 266 756 748 765  42 621 474 143 696 514 272 149 263 486 121 227 342 436
  73 600 573  15 362 374 640 675  78 438 564 481  76 484 577 683 523 328
 217 654 761  70 148  95 524 166 123 671 428 170 553 678 543 734 228 257
 297 738  59 642 442 440 222 332 241  52 723  40 674 670 518 780 306 230
  87 676 772 762 371 749 479  82 660  19 628 661 634 601 446 623 314 588
 165 107 771 583 354 160 379 378 361 415 557  21 345 141 326 591 686 321
 443 754 364 177 647 218  83 327 224 587 312 359 705 533 478 219 767 181
 552 456 775 422 755 547 110 719 133 212 710  31 125   1  84   3 687 584
 657 545 537 520 750 414  18 189 766 529 130 111 434 693 554 562  63 740
 759 652 346 499 511  58 721 391 339 725 400 377 308 602 662 278 746 300
 389 265 269  55 191 476 637 620 477 498  98  96 635  11   0 419 357 770
 487 150 380 576 393 722 568 335 207 604 558 451 648 311 418 763 729 493
 644 701 496 416 706 270 599 390 726 447 372 184 513 285 581 296   6 641
 603 316 366 124 777  50 534  26 571 114  24 639 136 546 515 743 751  62
 304 454 234 689 138 369 468 494  47 467 174 249 203 118 175 424 616 632
 593 220 341 106 526 268 585 752 225  37 672 561  85 645 273 708 315  89
 408  49 186 736 169 535 480 531 551  29 560 213   5 151 405   8 516 627
 611 258 182 290  60 356 472  13 324  28 455 254  34 732 288 747 338 508
 320 649  33 162 555 233 214 275 769 421 294  39 251 137 733  80 322 617
 435 612 173 154 610 370 208 462 427 782  12 358 497 685 147 299 559 460
 129 289 187 757 352 168 458 197 699 412 522 626 119 112  16 471 120 209
  86 773 351 248 469 226 580 527 330 433 595 619  66 665 211 178 340 423
  65 579 215 631 618 262 384 684 116 109 700 548 485 638 367 504 445  46
 291 298   2 730 163 195 680 284 349  23 774 159 302  20 185 495 695  30
 271 171 489 259 466 742 313 337 135 395 608 420 277 430 410 386 594 180
 274 344 506  93  14  32  64 509  22]
GPU0
set random seed!
finished RVND in 11.5618979931s
data-line;initial_solution;70962656;final_solution;3418366;time;11.5618979931;counts;902;fv;[];cv;[541, 230, 114, 14, 3];imp;20.7592329201
