pydf_home: /home/rodolfo/git/Sucuri
simple_pycuda_home: /home/rodolfo/git/simple-pycuda
wamca2016path: /home/rodolfo/git/wamca2016/
localpath: /home/rodolfo/git/dvnd-df/code/dvnd-df/src/
WAMCAPATH:/home/rodolfo/git/wamca2016/
Using already created file:  wamca2016lib.so
Size: 318 - file name: 04_lin318.tsp
ns:  [<function <lambda> at 0x7f3d4b3b10c8>, <function <lambda> at 0x7f3d4b3b1140>, <function <lambda> at 0x7f3d4b3b11b8>, <function <lambda> at 0x7f3d4b3b1230>, <function <lambda> at 0x7f3d4b3b12a8>]
ns:  [<function <lambda> at 0x7f3d4b3b12a8>, <function <lambda> at 0x7f3d4b3b11b8>, <function <lambda> at 0x7f3d4b3b1230>, <function <lambda> at 0x7f3d4b3b1140>, <function <lambda> at 0x7f3d4b3b10c8>]
93573838-[299 124  25  23 152 186 170 182   5 190 219 293  42 172 148 215  62  50
 153 104 183 227   1 278  31 138  57 226 283  37 108 235 101 168 260 273
 116 209 280 233 196 119  76 239 231 121  91 114 127  63  93  80 221  92
 315  61  19 154  97 140 198  10 250 176 225 248 184 295 113 122 268 143
 207 169 200  12   7 255 150  11 228 238  14 205  41  95  85 284  55 244
 216 131  15 167 241 311 214 134 135  36  65 165 274  68 157  32 158 102
  83 179 151 203  67 310 312 185 252  70 109 271  64 313  98  18 171  89
 194 314  51 181 270  33  45  72 275 206 276 287  79 308 112 237 217 262
 161 267 300 289 236 285 307 309  13  38 105 213 137 263  28  27 223 245
 197  48 126  16 269  26 199 259 246 258  71  53  84 220  17  49  59 189
 211 303 282  88 230 229  75 128 243 279 160 316 296 302  20 247 301  66
 201 317 162 218 100  99 142  40 208 111 288  81 224 180   8  56  29 265
 125 155 292 129  58 173  73 195 178 174  22 234 144 192 177 212 123   2
  52 117  46  21 251 306 264 156  47 222 242  35 277 281 132 232 193 210
 164 107 166  96 141 254 187 136  94 305 266 115   4 261  43 304 175  60
  54  30  34 256   3 103 297 290 298  87  82 286 149 272 291   9 257 253
 202 133  24   6 110   0 188 159 294 163 146 145  39 249  86  74  69  78
 147 120  77 240  44 139 204 118 130  90 106 191]
GPU0
set random seed!
finished RVND in 3.94863510132s
data-line;initial_solution;93573838;final_solution;6019544;time;3.94863510132;counts;483;fv;[];cv;[286, 127, 57, 10, 3];imp;15.5450044056
