pydf_home: /home/rodolfo/git/Sucuri
simple_pycuda_home: /home/rodolfo/git/simple-pycuda
wamca2016path: /home/rodolfo/git/wamca2016/
localpath: /home/rodolfo/git/dvnd-df/code/dvnd-df/src/
WAMCAPATH:/home/rodolfo/git/wamca2016/
Using already created file:  wamca2016lib.so
Size: 318 - file name: 04_lin318.tsp
ns:  [<function <lambda> at 0x7f18fde000c8>, <function <lambda> at 0x7f18fde00140>, <function <lambda> at 0x7f18fde001b8>, <function <lambda> at 0x7f18fde00230>, <function <lambda> at 0x7f18fde002a8>]
ns:  [<function <lambda> at 0x7f18fde000c8>, <function <lambda> at 0x7f18fde002a8>, <function <lambda> at 0x7f18fde001b8>, <function <lambda> at 0x7f18fde00230>, <function <lambda> at 0x7f18fde00140>]
89416398-[218 104  46 165 312 256 301  32  30 149   8 134 213 177 265 216 139  83
 276 286 108 171 287 260 115 120  71 101  80 144 224 124  89 300 146 116
 206 106 136  81 114 129 241 178  86  19  31  47 113  20 142  35 289 190
  12 240 254 109  24 195  64 153  36  51  27 214  29 273  78 168 275  39
  50 162  18  94  22   3 201 250  62 121 145 160 176 277 110 179 127 180
 308 270  55  92 133 299  84   2 203  34 140 229 143  56 156 161 182 157
 316 274  59 210   5  65 264  16 128 228 269 204 164  53  15 317 159 243
 217  49 231  33 135 292 235  66 130 227 226  69 172 148 297 188 246 294
 138 257 272 251 288  67 131 261  79 141  68 111 150 263  63  23  25 309
  70  88  82  40  43  26 186   0  98 175 107  57 255 282 223 253  28 291
 281 267 102 205  73 105  96  21 244 137  58 279 315  87 199 103  52 174
   9 298 193 158 152 192  17 112 170 154 268  44  91 307  61 284 280 200
  41 230  85 303 262  10 184 202 311  45 283 147  38 239 169 166 233 313
 238 212   4 123 189 293 259 167 221 252 245  42 211 247 118 122 248 100
  11 234 290  97 285 314 219 209 151  74  48 191 296  90   7 266 185 271
  37  72 196 278  95 249 258 208 302  75  14  13 207  93  99 225 173  76
 236 237 242 232 187 306  60 132 163 183   6 181 117 155   1  54 126 222
 198 194 220 304 125 295 310 197 215 119  77 305]
GPU0
set random seed!
finished RVND in 2.09079480171s
data-line;initial_solution;89416398;final_solution;6022872;time;2.09079480171;counts;340;fv;[];cv;[226, 72, 35, 6, 1];imp;14.8461395162
