pydf_home: /home/rodolfo/git/Sucuri
simple_pycuda_home: /home/rodolfo/git/simple-pycuda
wamca2016path: /home/rodolfo/git/wamca2016/
localpath: /home/rodolfo/git/dvnd-df/code/dvnd-df/src/
WAMCAPATH:/home/rodolfo/git/wamca2016/
Using already created file:  wamca2016lib.so
Size: 783 - file name: 07_rat784.tsp
ns:  [<function <lambda> at 0x7fd004f920c8>, <function <lambda> at 0x7fd004f92140>, <function <lambda> at 0x7fd004f921b8>, <function <lambda> at 0x7fd004f92230>, <function <lambda> at 0x7fd004f922a8>]
ns:  [<function <lambda> at 0x7fd004f92140>, <function <lambda> at 0x7fd004f92230>, <function <lambda> at 0x7fd004f921b8>, <function <lambda> at 0x7fd004f920c8>, <function <lambda> at 0x7fd004f922a8>]
69146116-[  8 319 115  81 165  86  80 310 716 422 233  78 714 303 773 555 385 529
 189 125 423 744  22 214 346 154 297 407 676 318 369 198 179 775 254 766
 284 412 130 778 497 491 365 148 320 753 675 661 119 236 779 344 308 323
  48  70 581 430  55 745 413 473 222 429 267 752 672 289 532 742 614  45
 212 665 443 687 403  49 741 442 386 738 549 586 174  19 109 513 479 671
 679 750 707 410 271 324  65  29 432 455 210 305 575 751 175 264 471 697
 649  18 188 354 731 402 389 769 729 425 419 200  77 681  61 548 578 608
 565  41 312 194 761 266   6 299   7  35  88 416 215 501 313 408 294 502
 375 535  99 334  14 566  26 553 558  11 335 162 603 467 203 647 282 241
 340 667 757 604 561 445 567 112 349 147 388 173 692 583 483 458 166 347
 718 767 345 500  46  93 503 411 541 759 199  82 602 257 625 293 595 632
 279 370 708  94 381 639  71 228 713 117 242 306 394 474 524  39 684 735
  52 439  40 634 217 462 652 719  21 428 643 206 205 664 105  42 431 120
 121 304 525 770  73 357 351  90 232 696 336 490 668 508 476 678 382 104
 454 611 686  83 178 331 472 756 596 627 560 240 494 396 249 577 172 635
 588 622 245 493 102 694 733 156 255 516 521 158 559 103 477 195 699 327
 275 329  24 568 135 420  15  32 128 743 190 709 362 221 628 631 213 361
  28 131   2 648 715 348 397 435 772 506 739 642 343 265 226 143 546   3
 722 359 342 480 571 258 367 247 712 656 373 465 721 168 225 317   1  60
 292 395 393 626 597 616 452 132 253 612 251 100  25 341 111 457  30 771
 498 461 570 531 463  84 202 617 747  87 124 281 404 238 209 591 401 593
 325 623 355 533 453 207 309 777 450 609 161 598 140 339 726  44 220 496
 512 405 538   0 720 301 505 504 171 703 539 263 489 374 107 640 723 509
 653 262   4 644 530 655 507 638  76 645 706 636 660 580 180 298 278 414
 475 607 685 399 446 657 662 287 620 755 499 149 176 146 181 621 360 592
 582 436 371 390 392 239 702  16 689 760 409 427 564 377 152 150 237 482
 332 307 734 610 534 326 693  67  31 230 486 288 615 122 683 127 126 316
  95 276 234 139  13 157 259 594 776  74 740 488 601 366 421 746 106 737
 680 618 605 250 484 208 630 587 585 677  75  23  97 523 434 133 690 184
 510 417 762  63 406 426 576  20 781 333 376 314 451 291 182 192 550 569
 670  96 231 543 193 295 554  66 169 589  37 437 110   5  54 536 511 654
   9 153 277  79 763  62 358 619 136 438 296 460 364 633 218 659 186 495
 579 398 270 177 599  59 261 724 170 517 183 113 383 545 669 448 748  91
 774 563 134 260 321 353 338 244 356  17  64 732 780 449 352  33 273 710
 522  12 765 216 464 701 444  68  47 129 290 527  27 229 481 286 514 350
 311 606 187 114 185 698  89  57 268 328 666  34 144 145 151 283 167 749
 108 727 551 492 302 196 372 520 138 363 330  10 487 641 118 243 433 322
 424  85 540 700  50 768 515 646  53 400 447 572 248 518 155 519 705 269
 285 201  72  92 224 728 252 137 695 673 584 300 159 556 682 227  51 537
  58  56 441 280 384 141 116 256 764 663 160 274 142 223 526 378 418 730
 542 754  38 528 637 101 613 456  36 725 387 415 782 440 658 211 164 691
 235 478 736 711 391 459 590 368 469  69 758 674 651 197 704  98 163 123
 470 688 650 337 204 468 629 272 191 552 379  43 246 219 624 573 380 315
 544 557 485 574 600 466 717 547 562]
GPU0
set random seed!
finished RVND in 12.620860815s
data-line;initial_solution;69146116;final_solution;3440738;time;12.620860815;counts;988;fv;[];cv;[583, 256, 131, 14, 4];imp;20.0963037581
