pydf_home: /home/rodolfo/git/Sucuri
simple_pycuda_home: /home/rodolfo/git/simple-pycuda
wamca2016path: /home/rodolfo/git/wamca2016/
localpath: /home/rodolfo/git/dvnd-df/code/dvnd-df/src/
WAMCAPATH:/home/rodolfo/git/wamca2016/
Using already created file:  wamca2016lib.so
Size: 783 - file name: 07_rat784.tsp
ns:  [<function <lambda> at 0x7ff1546460c8>, <function <lambda> at 0x7ff154646140>, <function <lambda> at 0x7ff1546461b8>, <function <lambda> at 0x7ff154646230>, <function <lambda> at 0x7ff1546462a8>]
ns:  [<function <lambda> at 0x7ff1546460c8>, <function <lambda> at 0x7ff154646140>, <function <lambda> at 0x7ff1546461b8>, <function <lambda> at 0x7ff1546462a8>, <function <lambda> at 0x7ff154646230>]
70741750-[273 753 186 565 345 604 101 772 590 256 597 206   0 664 738 750 550  84
 162 556  94 706 419 639 601 208 166 655 692 112 618  65 623 195  82 487
 681 670 286 381 302 600  63 214 656 435 641 684 591 447 629 431  35 560
  67 445 736 172 346  53 288 301 328 562 586 726 237 729  40 459 677 428
 578 751 338 395 716 354 453 415 191  18 542 391 531 747 362 249 630  51
 235 262 497 771 703 306 637  30 111 522 755  92 690 567 103 743 183 521
 691 480 570 468 322 184 543 408 478 505 536 318  47 230  34 311 493 289
 210 158 446 763 429 241 658 642 733 198 182 745 657  32 555 343 380 572
 436 168  89 193  90 128 640 320 398 626 470  72 159 758 260  85 245 774
 491 123  71   4 513 326 688 334 279 622 511 574  46 566 581 721 430  62
 352  14 464 121 526 223 455 309 400 632 518 330 224  58 698 136 142 594
 180 396 432 100 634 602  36 715 382 573 215 460  33 232 502 238 744  42
 615 402 333  80 613 479 704 682 323 483 552 533  52 163 671  15 712 450
  54 663 293 365 243 506 633 347  60 317 388 384 269 443 727 222 515 240
 194 520 296 416 372 390 348 724 608 324 353 152 385 167 701 261 499 173
 537 196 638 264  39 619 378 199 356 545 699 734 525 144 538 227 423 775
 764 375 705 731 299 207 580 625 481 752 605 603 386 130 577 695 280 120
 534 418 234  48 544 268 122 265 517 298 143 644 350 554 226  50 315 267
 477 687 451 185 217 441 482 484 174 250  25 693 722 216 203 647 669 571
 394 444 723 489 361 456 614 357 389  13  68 272  29 714 371 367 340 282
 463 494 107 434  16  99  69 161 676 276 616 457 140 118 598 349 475 575
 221 337 192  87 595 589 412 427 297 410  77 177 169 327 409 530 587 287
 202 342  26 294 474  61 379 129 411 157  12 697  93 770 405 314 558 133
 551 672 516 440 407 469 700 660 749 368 376 135 762 678  11  23 303 467
  19 229 181 332 403 244 155 549   6 363 115 665 176 141 102 702 275 504
 304 607  59 546  97 488   8 782 756 767 242 527 401 387 225 138 719 329
 413 523 748 779 359 422  22 606 109 746  57  37 498 248 355 205  73  21
 509 271 127 231 563 201 392 325 439 258  49 739 524 370 377 495 417  98
 720 438 519 564 339 448 263 251  70 754 510 652  81 492 252 529 466 696
 781 548 108 212  75 257 139 239 399 557 680 454 662 404  88 200 189 501
 433 621  43 151 735  17 569 124   2 535 228 528  45 667 145 117 654 165
 666 335 253 559 105 612 679 486 627  55 532 312 547 254 713 393 148 673
   1 599 119   7 171 233 219 636  44 645 730 728 465 576 424 507 307 582
 759 266 104 649 425 561 255 383 397 149 620 300 220 473  79 766 449 777
 553 310 126 776 461 360 773 187 341 471 110  74 305 290 592 780  66 316
 765 406 106 648 292  91 284 659 462 364 146 204 369 685 247 740 490 154
 485 674 611 541 147 358   9 683 291 624 508 442 150   3  83 631 160 426
 164 711 321 588 209 500 277 420 643 270 717 472 675 596 295 593  76 374
 331 710 585 175 610 114 668 351 741 156  95 366 137 584 661 190 283 707
 246 761  31  64 694 218 116 179  96 709 778  28 583  24 281   5 197 113
  20 496 131 708 213 336 414 617 178 628 259 452 308 540 732 188 742 650
 737 579 132 686 503 568 236 458 769 421 718 278 609  56 760 725  78 153
 211 512 313 539 437 319 125 635 274 757  10 653 134 476  41 285  27 170
  38  86 646 344 689 651 768 514 373]
GPU0
set random seed!
finished RVND in 11.6571450233s
data-line;initial_solution;70741750;final_solution;3435059;time;11.6571450233;counts;933;fv;[];cv;[549, 237, 127, 15, 5];imp;20.5940421984
