pydf_home: /home/rodolfo/git/Sucuri
simple_pycuda_home: /home/rodolfo/git/simple-pycuda
wamca2016path: /home/rodolfo/git/wamca2016/
localpath: /home/rodolfo/git/dvnd-df/code/dvnd-df/src/
WAMCAPATH:/home/rodolfo/git/wamca2016/
Using already created file:  wamca2016lib.so
Size: 783 - file name: 07_rat784.tsp
ns:  [<function <lambda> at 0x7f7d2d8e60c8>, <function <lambda> at 0x7f7d2d8e6140>, <function <lambda> at 0x7f7d2d8e61b8>, <function <lambda> at 0x7f7d2d8e6230>, <function <lambda> at 0x7f7d2d8e62a8>]
ns:  [<function <lambda> at 0x7f7d2d8e62a8>, <function <lambda> at 0x7f7d2d8e61b8>, <function <lambda> at 0x7f7d2d8e6230>, <function <lambda> at 0x7f7d2d8e6140>, <function <lambda> at 0x7f7d2d8e60c8>]
69163215-[298  72 530 288 271 774 148 776 745 378 305 201 733 756  58 534 491 758
 566 735 480 620 294 663 732 644 569 322 115 581 575 177 208 681 773 761
 583 228 190 321 366 487 223 408  28 101 677 653 578 394 444 512 410 680
 304 364 617 439 307 462  35 165  41 243 706 459 667 370 140  46 429 679
 415 315  24 779  96 563 388  15   6 275 693  71 300 346 386 604 479 632
 109 443 227 588 638 174 757 313 485 626 596 303 151 102 488 466 746  93
 215 380 194 345 353 273 147 335 511 235  68 325 306 514 492  12 343 216
 334 719 771 279 435 196 440 523 571 156 438 233 289 654 619   5 282 482
 267 391 603 352 316 265 696 456 764 245 146 124 522 219 670 664  74 200
 675 765 349 753 107  34  80 624 610 734 714 517 536 727 311  85 375  21
 589 395 552 602 669 582 277 529 244 299 701 197 401  20 574 504 557 153
 218 213 281 767 498  39 419 326 766 195 205 210 749  70 633 477 747 472
 185 712 521 572 229 178 161 225   1 397  57 540 155 546 551 295  14 262
 269 515  16 318 549 406 166 684 286 413 541 285 726 725 468 615 647 399
 230 562 116 599 656 260 400 206 555 708 212 108 720  61  52 752 226 623
 755 531 127 270 709 252 601 493 606 655 348 750 447 742 607 377 671 254
 367 591 421 457 123 450 762 374 662 533 126 460 543 453 393 266 634 520
 618 179 703 232 500 376 363   0 741 724 537 495 640 470 621 507 392  59
 150 310 550 721 737 442 293  47 268 710 369  55 769 689 152 365 635 253
 564 502  83 739   3 467 661  65 609 519 120 340 403 142 259 362 672  88
 104 478 416 556 130 171 538 731 568  90 103 100 256  22 434 692 688  31
 129 501 167 676 137 778 461 173 775 527 630 705 237 296 106 465 464 760
  49 169 577 341   2 398 646 168 666  48 184 698 338 111 777 570  94  86
 417 188  99 240  92 451 231 414 437 426  76  81 423 407 751 629 351 559
 690  56 356 729 422 526 191 614  38 121 236 330 573 312 782 691 694 699
  78 132 283 598 412 516  43 539 506 131  77 652 317 418  42 301 217  89
   4 379 625 494 707 483 255 558 685 290 658 728 650 186 291 382 280 328
 331 355 319 463  30 611 329 768 138 292 474 189 274 257 682 258 241  66
 446 387  51 702  98 665 554 449 157 448 718 616 333 723 308 584 424 135
 389 433 649   9 264 730 337 222  25 496 309 542   8 697 553 187 595 119
  84 659 383 673 580  10 476 637 597  73 641 651 715  13 390  18 320 528
 336 674 503 396 234  53 170 754 657 404 202 628 736 452 717 203 249  17
 373 347 159 409 163 357 445 509 350 193 458 740 192 612 513 471 524 532
 748 648 261  33 489 711   7 214 587 593 314 497 722 207 172  11 518 209
 585 221  50 242 592 548 565 469 743 182  32 160 505 683  63 639 544  45
 643 481 141 704 780  27 579 560 354 263 139 636 297 436  69  23 402 510
  95 248  62 361 247 158 744  75 278 484 224 431 176  44 475 180 590 284
 272 441 344 605 162 508 211 276 425 368 411 384  54 608 136 545 535 427
 772 164 454 113  37 122  19 561 359 455 486 105 332 668 324 687 246  60
  36 385 695 627  97 181 175  64 716  82 738 631 371 128 576 199 372 204
  79 133 405 125 770 110 251 117 686 525 360 763 678 114 323 759 250 134
 586  91 428 613 645 149 567  40 700 358 600 342 112 144 547 239 781 287
 430 145 622 327 420 642 302 238 118 198 594  26 432 143 660  87 381 154
 713 490 183 339  29 220 499  67 473]
GPU0
set random seed!
finished RVND in 12.9343619347s
data-line;initial_solution;69163215;final_solution;3449721;time;12.9343619347;counts;1038;fv;[];cv;[595, 285, 143, 12, 3];imp;20.0489300439
