pydf_home: /home/rodolfo/git/Sucuri
simple_pycuda_home: /home/rodolfo/git/simple-pycuda
wamca2016path: /home/rodolfo/git/wamca2016/
localpath: /home/rodolfo/git/dvnd-df/code/dvnd-df/src/
WAMCAPATH:/home/rodolfo/git/wamca2016/
Using already created file:  wamca2016lib.so
Size: 657 - file name: 06_d657.tsp
ns:  [<function <lambda> at 0x7f11a1c7e0c8>, <function <lambda> at 0x7f11a1c7e140>, <function <lambda> at 0x7f11a1c7e1b8>, <function <lambda> at 0x7f11a1c7e230>, <function <lambda> at 0x7f11a1c7e2a8>]
ns:  [<function <lambda> at 0x7f11a1c7e230>, <function <lambda> at 0x7f11a1c7e140>, <function <lambda> at 0x7f11a1c7e0c8>, <function <lambda> at 0x7f11a1c7e1b8>, <function <lambda> at 0x7f11a1c7e2a8>]
269782574-[175 446 111 294   4 449 225 344 437 231 415  79 116 246 643 266  42 221
 187 645 189 283 261 641 603  50 462  76 204 209 509 251 466 488 161  37
 527  13 126 359  61 361 254 238 528 163 638 108 523 255  11 459 304 287
 177 309  81 505 364 190 642 640 226 392 592 545 457 182 445 357 153 239
 143 214 256 418 567 160 612 127 558  98 403 185 547 541 409 656 340   2
 253 398 380 211  19 560   7 299 352 270 374 504 104 345 390 210 363 242
 485 230 444 400 349 279 151 273 338 206 543 303 244 563  72 125 410 556
 192 166 615 259  31 480 292 158 477 333 630 327 227  24  17 193 167 532
 105 267  62 300 330 145 401 135 343 370  27 535 627  18 328  65 491 179
 516 383 520 248 565 428 367 260 371 468 310  40 358 346 117 542 348 264
  59   5 205 201  25 351 510 582 281 184 317 589 265 313 634 154 198 517
 534 362 412 120  88 271 110 386 336 257  54  45 165 600 574 329  29 495
 232 150 295 616 506 497   9 551 411 601 522 576 298 241 176 648 530  95
 470 389 617 562 372 385 245 375 280  52 377 186 555 452 559 585 481 384
  23 647  99 188  21 435 566 502 174 202 492 129 538 183 252 540 347 322
  70 442 132  20 305 228 407  75 168   8 525  96 212 420 426 454 611  83
 148 619  51 519  60 315  47 130 473 575 301 571 320 427 610 441 548 513
 278  89 366 152 387 584 236 393 512 594 296 597  73 382 208 321 605 623
 180 461 618 258 331 425 113 490 632  44 217  22   3 194 233 508 524 434
 569 394 432  16  30 581 237 399 613 636 286 474 577 171 631 339 628 365
  55 102 404 235 395 536 552 646 203 450 318  68  94 223 156 533   6  66
 324 549 219 207  39 606 499 500 269  82 155 429 397 493 537 539 406 635
 596 484 496 422 247  97 199 580  15 234 222 139 431 134 483 624 654 342
 637 147 122 414 229 629 614 507 655 482 200 213 460 550 282 599  32 433
 128 306 368 588 131 391 564  43 568  48 323  28 314 285 595 335 573 451
 334 557 607 123 159 325  92 360 216 101 326 472  36 515 224 417  77 162
 408 570 608 337 590 476 308 463 430 133 350 388 319 373 119 498  87  69
  64 274 651 149 501  86  71 544 402 475 355  35 118 467  33  91 277 218
  85 405 169 465  93  74 633 307 138  57 561  80 243  12 170 288 195  14
  63 197 529 598  90 486 396 423 413 312 275  10 311  84 302  67 178 453
 421 593 622 268 416 369 455 639 220 144  38 106 124 284 164 587  34 115
 609 354 424 263 644 341 291 114 489 447 471 464 443 142 272 649 356 109
 240 438 378 196 511 572 173 586 583 479 458 353 381 494 503 531 626  56
 625 650 518 215 514 290 121 107 439 554 448  26 478 621 316 579 652 604
 553 456 191 141 653 137 332 262 100 146 136  58  46 379  53 289 591  49
 297 440 250 521 436 181 376 546 602 157  78 526 112 419   0 620 249 140
 172  41 293 103 487 469 276   1 578]
GPU0
set random seed!
finished RVND in 7.32959198952s
data-line;initial_solution;269782574;final_solution;14440776;time;7.32959198952;counts;730;fv;[];cv;[454, 179, 87, 7, 3];imp;18.6819997762
