pydf_home: /home/rodolfo/git/Sucuri
simple_pycuda_home: /home/rodolfo/git/simple-pycuda
wamca2016path: /home/rodolfo/git/wamca2016/
localpath: /home/rodolfo/git/dvnd-df/code/dvnd-df/src/
WAMCAPATH:/home/rodolfo/git/wamca2016/
Using already created file:  wamca2016lib.so
Size: 318 - file name: 04_lin318.tsp
ns:  [<function <lambda> at 0x7f2f87db00c8>, <function <lambda> at 0x7f2f87db0140>, <function <lambda> at 0x7f2f87db01b8>, <function <lambda> at 0x7f2f87db0230>, <function <lambda> at 0x7f2f87db02a8>]
ns:  [<function <lambda> at 0x7f2f87db0140>, <function <lambda> at 0x7f2f87db02a8>, <function <lambda> at 0x7f2f87db0230>, <function <lambda> at 0x7f2f87db00c8>, <function <lambda> at 0x7f2f87db01b8>]
92276284-[164 216 247  88  80  26 127  36  46  92 312 105  58  11 154  15 193 139
  27 190 286  17 303 192 180 170 136  99  98 248 268  25 118 258  73 137
 177 199 317 150 106  63 314  28 134 173 233 209  29 241 141 113 147 271
  12 252  70 231 294  31  42 256  78 270 104  34 276 222 109  97 202 272
 132 223 261 195 292 260 103  22 295 187 214 263   1 291  48 171 310 172
 311  41 125 242 146  21   9 117 257   7 210  77 236  54 152 226  66 217
 302 288 166  13  51 126 253 289 215 114 120 135  35 267 197 169 228 116
 121  24 156 273 167 221 230 153 181 255 279 250 158 162 259 313 316 220
  18 107 151 300 208 205  10  39 182 234 284 204 174 203  33  69 131 232
 176 196  23  56 186 155 160 281  74  59 299 178   8  67 227 112  43 305
 296   3  53   6  40 198 142 148 191  20 224 315 159  14  57  60  91  94
  89 218 179  86  45  47 161  61 188  30  32 122 194   0 304  44 184 143
  87 246  82 123 128 238 239 297 290  95 124 298  19  68 306  50 206 229
  71 211 168 244  84  90 262 287  55 245 115 219 108 225  16 277   4 111
 163 275  83 130 293  76  72  65 235 269  75 189 266  38 175 140  49 254
 157 278 301  93 274  37   5  85 249  96 138 183  62 240 144 100  81 185
 264 237   2 110 129 149 212 282 119  64 165 265 101 243 309  79 201 251
 133 207 213 285 283 308  52 280 102 145 200 307]
GPU0
set random seed!
finished RVND in 2.21542215347s
data-line;initial_solution;92276284;final_solution;6291704;time;2.21542215347;counts;385;fv;[];cv;[235, 100, 43, 6, 1];imp;14.6663422183
