pydf_home: /home/rodolfo/git/Sucuri
simple_pycuda_home: /home/rodolfo/git/simple-pycuda
wamca2016path: /home/rodolfo/git/wamca2016/
localpath: /home/rodolfo/git/dvnd-df/code/dvnd-df/src/
WAMCAPATH:/home/rodolfo/git/wamca2016/
Using already created file:  wamca2016lib.so
Size: 783 - file name: 07_rat784.tsp
ns:  [<function <lambda> at 0x7f13e616b0c8>, <function <lambda> at 0x7f13e616b140>, <function <lambda> at 0x7f13e616b1b8>, <function <lambda> at 0x7f13e616b230>, <function <lambda> at 0x7f13e616b2a8>]
ns:  [<function <lambda> at 0x7f13e616b140>, <function <lambda> at 0x7f13e616b0c8>, <function <lambda> at 0x7f13e616b230>, <function <lambda> at 0x7f13e616b2a8>, <function <lambda> at 0x7f13e616b1b8>]
70357798-[150 698 261 282 425 140  85 361 468 430 656 416 281 225 294 718 300 460
  41 691 393 741 346  34 246 153 389  60 343 167 556 702 513 444 157  80
 616  67 751 243 648 250 586 491 394 706 408 763  70 595 453 222 413  38
 543 360 259  12 204 563 227 483 633 759 502 484 577 207 269 106 181 211
  16 613 511 532  65 415 299 344 512 340 396 553 496 146 359 244 303 436
  43 212 662 183 320 441 739 352 629 311 746 687 411 467  88 141 485 472
 366 395 589 506 558  87 279 151  21 328 443 660 681 727 646 454 709 534
  52 733 584 321 533 419 426 726 107 708  68 673 635 137 121 587 180 561
 112 447 115 696 510 162 208 171 117 598 186  79 374 285 364 487 632 145
 224 456 412 178 190 113 191  42 254 562 769  27 354  51 528 403 617 655
 213 765  39 347 325  77 604 322   7 498  37 326 659 518 363 689 780 688
 235 777  71 172  89 768 234 182  19 226 200 740 438 585  30 387 301 705
  59 414 508 470 348 125 575 489 114 256 654 327 318 175 676 615  50 725
 142 583   9 495 434 579 257 477 334 627 428 289 686 221 494 488 130  90
 399 131 305 666 592 451 143 594 369 683  28 572 168 271 452  25 382 651
 381 409 724  36  14 138  18 526 690 581  46 375  86 310 286 195  78 388
 122 755 750 236 600 457  31  11  47 778 692 298 148 539 461 398 110 474
 479  61 622 100 499 684 237 197   6 380 448 638 316 466  10 241 336 217
 170 653 626 185 770 567  17 542 546 203 101 308 173 522 525 707 566 199
 391 668 357   8 103 442 761 544 161 450 745 306 417 216  53 287 255 642
 134 576 429 291 520 407 694 722 628 220  92 350 736 449  76 619  96 593
 365 136  26 188 152 729 630 174 541  48 715 779 422 194 667 230  95 248
 514   1  20 703 476 215 701 697 643  22  72 776 245 527 108 358 735 423
 164 147 229 670 135 481 123 439 424 493 695 267 552 663 482 731 766 288
 773 742 127 209 657 519 309 720 440 564  44 640 295 132 223 680 679  64
 497 623 273  75 332 247 335 599  32 372 603 330 406  58 645 319 650 678
 721 757  69 582 744 531 296 620 464 268 349 446 239 565 590  99 302 548
 509 625  35 189 637 774 313  49 198 283 263 176 251 710 105 458 752 557
 390 126 685 156 386  82 139  33 597 754 611 371 315 507 568  45 206 569
 353 362 714 218 596 435 671 490  98 356 124 373  55 266 410 471 716 621
 555 192  57 649 337 463 280 184 504 149  74 536 551 747  13 401  81 693
 202 160 523 537 535 377 610 163 400 665  73 672 730 376 540 292 675 588
 331   4 201 772 342 370  83 734 385 758 455 432 228 459 402 545 397 119
 290 329 420 601 538 712 405 262 276 554 767 578 503 351 781 258 608 272
 700 591 233 242 275 465 232 404 277 284  56 521 109 144 205 265 214 333
 753 445 118 368 699 392 274 324   5  54 717 738 249 580 219 260 480 743
 664 661 116 732 486 559 177 658 253 270 469 312 682 102 378 104 293  97
 473 573 317 517 421 771 647 159 304 639 338 437 341  29 560 762   0 764
 384 210 677 571 674 367 749  84  93 462 748 155 636 669  91 478 165 166
 612 323 278 111 775 231 624 297 240 713 193 723 339 711 644 433 505 602
 516 355 431 570  94 238  23 605 129 501 634 607 179  66 252 196 383  15
 133 609 606  40 652 704 120 264 187   3 631 345 307 314 379 719 475   2
  62 737 756  24 760  63 515 618 549 782 128 530 154 158 500 550 492 524
 728 169 574 529 641 614 418 547 427]
GPU0
set random seed!
finished RVND in 12.5040638447s
data-line;initial_solution;70357798;final_solution;3412526;time;12.5040638447;counts;975;fv;[];cv;[568, 261, 128, 13, 5];imp;20.6175126578
