pydf_home: /home/rodolfo/git/Sucuri
simple_pycuda_home: /home/rodolfo/git/simple-pycuda
wamca2016path: /home/rodolfo/git/wamca2016/
localpath: /home/rodolfo/git/dvnd-df/code/dvnd-df/src/
WAMCAPATH:/home/rodolfo/git/wamca2016/
Using already created file:  wamca2016lib.so
Size: 226 - file name: 03_pr226.tsp
ns:  [<function <lambda> at 0x7f1ea3b420c8>, <function <lambda> at 0x7f1ea3b42140>, <function <lambda> at 0x7f1ea3b421b8>, <function <lambda> at 0x7f1ea3b42230>, <function <lambda> at 0x7f1ea3b422a8>]
ns:  [<function <lambda> at 0x7f1ea3b420c8>, <function <lambda> at 0x7f1ea3b42140>, <function <lambda> at 0x7f1ea3b422a8>, <function <lambda> at 0x7f1ea3b42230>, <function <lambda> at 0x7f1ea3b421b8>]
171164197-[ 21 174 153  13 117  85 193 216 190 222  24  18   4  37  54  55  22  60
 199 200 177 196  38 113  26  78 138  14 163  71 141  32  28 127  89 203
 170 136 139  91   7 213 167 160 184 185  99 201 157  44  88 108  96 179
 165  98   2  68 176 150  30 142  49  52 152 182  31 145 154 119 104  16
   3  57 169 156 121 208 215  63  33 126 111 214 159 109 103  15 125 206
  53  51 212  10 120 218 130 181 132   1   9  23  62 195  83 102 107  17
 143  41 173  29 210  48 116   6  66 204  20  45  74  11 194  25 186  81
  43 225 151 178 134 106 114 129 124  47 146  35  36  90  64  72  59 175
 133 180  77  19 123   5   8  94  50  46 202 191 217  87 162  65  42 149
   0  79  67  82 101 147 166  70  27  92 168 207 205  56  39  80 155 172
 171  75 158 100 112 110 221  34 128  84  97  93 118 164 131 161  73 219
 198 187 137 144 224 148 115  61  76 209 192  58 223 220 105 122  86 189
  40 188  95 140 197 135  69 211 183  12]
GPU0
set random seed!
finished RVND in 2.13733506203s
data-line;initial_solution;171164197;final_solution;7480815;time;2.13733506203;counts;461;fv;[];cv;[359, 69, 31, 1, 1];imp;22.8804210504
