pydf_home: /home/rodolfo/git/Sucuri
simple_pycuda_home: /home/rodolfo/git/simple-pycuda
wamca2016path: /home/rodolfo/git/wamca2016/
localpath: /home/rodolfo/git/dvnd-df/code/dvnd-df/src/
WAMCAPATH:/home/rodolfo/git/wamca2016/
Using already created file:  wamca2016lib.so
Size: 318 - file name: 04_lin318.tsp
ns:  [<function <lambda> at 0x7fb740ddd0c8>, <function <lambda> at 0x7fb740ddd140>, <function <lambda> at 0x7fb740ddd1b8>, <function <lambda> at 0x7fb740ddd230>, <function <lambda> at 0x7fb740ddd2a8>]
ns:  [<function <lambda> at 0x7fb740ddd1b8>, <function <lambda> at 0x7fb740ddd140>, <function <lambda> at 0x7fb740ddd0c8>, <function <lambda> at 0x7fb740ddd2a8>, <function <lambda> at 0x7fb740ddd230>]
95816074-[ 77 218  32  73 263 259  34 276   7 297 141  71 289 196  28 156 230 164
 135  30 120 186 285 223  52  67  33   5 174 260 308  84 258   4 292 229
 180 157  61 197  41  56 314 133 152  51  12  91  64  62 163 146   8 247
 220 281 140 311  13 115 268 123  17 241 298 137 214  97  18 269 167 111
 109 142 182 209 150 148 143 256 183 124 275 169  15 108  42 271 232 203
 151 128 227 250 177  10 296 206 200 189 212 316  21  74 225  96  69 287
 190 103 211 301 239 102 175 110  48   1  44 261  92 233 144  45 145 243
  29 295 244  38 315   6 166 242  99  80 129  59 273  22 270 282 202 310
 136 184 154 118 252 147 205  68 267  50 126  49 278 284 158 122 171 219
  88 165 249 125 134  70 107  11 283 277  65 221  89 303  85 300 139 153
 114  79 215 248  35 309 304 210 155   3  82 162 253 195 265 254  55   0
  87 226 185 291  27  25   9 302 131 138   2 112 274 240 159 280 255 293
 238 119  23 264 121 201 279 199 113  76  39 266 132 236 213 234 305 193
  20  81 231 288  98 224 181 161  78 178 257  75  63 237 187 262  37 208
  14 313  94  16 100 173 317 160 198  86 245 105  83 176 117 216  66 312
  47 192  58 101 172  36 116  26 149 272  19  53 104  54 179 106 204 299
  31  40  60  43  57 286 188  90 228 168 217 251  93 290  24 130 207 194
 246 127 307  72 306  95 222 294 170 235 191  46]
GPU0
set random seed!
finished RVND in 2.57167696953s
data-line;initial_solution;95816074;final_solution;6221991;time;2.57167696953;counts;432;fv;[];cv;[259, 112, 51, 7, 3];imp;15.3995841524
