pydf_home: /home/rodolfo/git/Sucuri
simple_pycuda_home: /home/rodolfo/git/simple-pycuda
wamca2016path: /home/rodolfo/git/wamca2016/
localpath: /home/rodolfo/git/dvnd-df/code/dvnd-df/src/
WAMCAPATH:/home/rodolfo/git/wamca2016/
Using already created file:  wamca2016lib.so
Size: 501 - file name: 05_TRP-S500-R1.tsp
ns:  [<function <lambda> at 0x7f871e8330c8>, <function <lambda> at 0x7f871e833140>, <function <lambda> at 0x7f871e8331b8>, <function <lambda> at 0x7f871e833230>, <function <lambda> at 0x7f871e8332a8>]
ns:  [<function <lambda> at 0x7f871e8331b8>, <function <lambda> at 0x7f871e833230>, <function <lambda> at 0x7f871e833140>, <function <lambda> at 0x7f871e8332a8>, <function <lambda> at 0x7f871e8330c8>]
32558301-[ 43 467   0 482 174 225 364 274 343 137 292 162 104  92 439 212 270  87
 462 369   7 264 163 322 191 345  78 204 436   2 416 387  38 195 448 186
 386 396 222 310 139 229 397 173 268 238 247 277  72  44 393 381 281  91
 459 119 490 429 285  37 415  96 148 160 192 402 434 199 463 220 249 454
 404 317 251 129 489 240  93 403 379 389 110  51 254 478  17 121 144 185
  42 227  81 154 452 466 361 175 138 172 356 242 217  52  15 485 214 197
 339 117 432  47  48 440 419 158 351 355 198 410 118 189  32 250 359 437
 314 176  97 445 405 455 425 392 232 470  10 398  11 291 280  18 308 348
 391 237 112  64 142 169 303 400 300 318 150  95  61 330  98 221 420 294
 377   3 374 143 168 433 363 226 228 344 127 469 151 384 483 289 146  29
  69 476 335 353 378  21 153 145 149  41  73 170  45  70  71 100 408 430
 367 444 473  86 161 155 498 243 350 328 438 219 486 426 115 301 394 135
 450 202 484 326  89 259 304 481 312 385 422 313 288 315 465 231  23 211
 376 457 256  34  33 362 201 388 401 302  85 295 493 208 159 203 309 125
 443 324 107 210 491 494 103 334  94  31 128 360 461 218 207  25  55  19
 241 311 346 453 122 477 180 342 123 390 320  12 141 327 332 124 262 269
  13 105  65 406   9 253  84 488 276 306 140 177 244  50 368 167 354  82
 267 187 372 224 265 206  27 492  62 413 417 287 427 196  63 260 349 181
 338 399 106 421 130 424 209 248  58  40  54 299   8 252 366 382 246 370
 375 278  22 261  36  80 456  20  99 352 245 495 418 272 126 102 458 275
 412 423 166 234   5 487 215 296 193  90 357 183 305 371 190 200 113  66
 133 475 446  49 132 323  53 297 235 468 414  28 182 164  14 479 230 136
 449  83 428 365  16  88 411 383 496 472 471 257 263 407 284 290 341 111
 266 184  30 109 179 474 337 325 283 333 156  26 442 134 178  46 293 409
 460  60 239  39 307   4 435   1  57 451 101  76 464 194  75 282 213 236
 108 120 298  77 147 395 152 279 331  74 131 319 316 499 373 273 321 114
 157  59  56 223 271  24 358 447 336 165  79 347 431  68 216  67 286 340
 258 480 497 380 329 116  35 188 233 171   6 441 500 255 205]
GPU0
set random seed!
finished RVND in 5.4064848423s
data-line;initial_solution;32558301;final_solution;2004278;time;5.4064848423;counts;721;fv;[];cv;[444, 177, 88, 10, 2];imp;16.2444037204
