pydf_home: /home/rodolfo/git/Sucuri
simple_pycuda_home: /home/rodolfo/git/simple-pycuda
wamca2016path: /home/rodolfo/git/wamca2016/
localpath: /home/rodolfo/git/dvnd-df/code/dvnd-df/src/
WAMCAPATH:/home/rodolfo/git/wamca2016/
Using already created file:  wamca2016lib.so
Size: 501 - file name: 05_TRP-S500-R1.tsp
ns:  [<function <lambda> at 0x7f94a95ba0c8>, <function <lambda> at 0x7f94a95ba140>, <function <lambda> at 0x7f94a95ba1b8>, <function <lambda> at 0x7f94a95ba230>, <function <lambda> at 0x7f94a95ba2a8>]
ns:  [<function <lambda> at 0x7f94a95ba230>, <function <lambda> at 0x7f94a95ba0c8>, <function <lambda> at 0x7f94a95ba2a8>, <function <lambda> at 0x7f94a95ba1b8>, <function <lambda> at 0x7f94a95ba140>]
33586635-[460  90  93  21 344  97 247 254 208 377 337  71  52 417 477 194 116 442
 413 172 428 353 410 192  51 289  79 139  76 236 383 444 404  36 188 107
  22 157 166 432 153 322 257 261  49 279 183 475 253 185  57 427 479 470
 195 138 361 301 210 449 376  62  63 371  82 334 223 440 111  54 106 436
 113  10 401 439 288  23 205 234 118 305 299 264 298 339 465 231 351 374
 128 315 143 278 409 207 206 211  40 297 423   1 438 269 402 135 295 498
 330  74  69 414 346 411 319  47 283 497 392 362 191 242 488 275 198 486
 368  86 152 496  14 164 431 137 441 124 287 136 415  83  29 292 308 115
  18 448 476 466 229 457 102  53 294 304 446 161 180 122 493  84 303  60
  24 196  43 276 458 311 435 471 235  13 389 232 388  37 225  11 328 426
  94 422 281 258 168 357 213 177  48 169 318 329 309  72 280   0 270 491
 220 237 443 499  35 381 156  34 267   4 125  88 323 273 406  58 408 481
 385 393 162 121 131 282  73   6  17   2  20  75 117 240 176 291   3 193
 290 425 155 285 260 200 396 316 386 284  38 333 151 433 472 474  68 320
 146 349 184 492 375 454  66 150 293 154 400 244 424 356 127  50 167 419
 500 494 336 112 209  26  32 265 484 459  16  80 233  81 243 451 430 119
  61 266 173 108 217  70 391 495 325 390 348 364 170 478 416 359  78 250
 340  85 228 126 445  77 345 277 418 300 178 147 384 412 141  56 163 224
   8 186 212 332 355 181 246  15  99 134 343 341 109 395 382 463 327 314
 369 456 104 215 144 179 373 452 399 238 312 251 197 421 158 142 335 363
 338  65 372 370 296 489 360 132 182 256 271 248 239  87 420 255 190  91
 259 100 461  46 313 203   9 429 331 324 366 262 321  19  12 387 120 379
 252 149  64 227 397 114  41 133 171 105 380 245 272 201 263 468 226 241
 202 358 219 110 148 204 159 129  98 480 483 218  45 123 453 342 450  59
 140 394 455 286  44 306  30  89 310 487   7  92  96 352 221   5 103 398
 145 365 490 350 214 434 467 216 230 367  39 307 130 464 317 174 485  55
 302 274 160 268  27 447  42 407 347 187 199 437  25 249 405 165 482 175
 326 469  28 189 222  33  31 101  67 473 403  95 462 378 354]
GPU0
set random seed!
finished RVND in 5.10613012314s
data-line;initial_solution;33586635;final_solution;1985245;time;5.10613012314;counts;651;fv;[];cv;[395, 168, 76, 9, 3];imp;16.9181310115
