pydf_home: /home/rodolfo/git/Sucuri
simple_pycuda_home: /home/rodolfo/git/simple-pycuda
wamca2016path: /home/rodolfo/git/wamca2016/
localpath: /home/rodolfo/git/dvnd-df/code/dvnd-df/src/
WAMCAPATH:/home/rodolfo/git/wamca2016/
Using already created file:  wamca2016lib.so
Size: 318 - file name: 04_lin318.tsp
ns:  [<function <lambda> at 0x7fb1e02470c8>, <function <lambda> at 0x7fb1e0247140>, <function <lambda> at 0x7fb1e02471b8>, <function <lambda> at 0x7fb1e0247230>, <function <lambda> at 0x7fb1e02472a8>]
ns:  [<function <lambda> at 0x7fb1e0247140>, <function <lambda> at 0x7fb1e02472a8>, <function <lambda> at 0x7fb1e02470c8>, <function <lambda> at 0x7fb1e02471b8>, <function <lambda> at 0x7fb1e0247230>]
90192683-[ 37 106   5  16 191   3 274 281  18  28 310  57  83 101 304 174  30 247
 100 267  79 309  24 204  42 158 198 155  80 270 202 290 276 222  46 160
 168  17 292 261 125 232  96  61 279 286  58  32 128 259 170 250  31 240
 124 126 178 220  95   7  49 171 129 130  56  60 134 146 308 244  90  22
  89 209 142 265 217 233 139 200 223  25 159 241  52  68  40 169 283 192
  99 165 167 135 173 176 239 256  51 189 119 141 254  20 110  91  45  55
 156 143  85   1  33  67 296  98 194 149  26  47  81 243 118 288  88 235
  41   0 108 207 150  50  34 197 253 268 218 181 162 269 137 237 113 186
 212  44 264  38  53  15  35  13 289 252  64 203  97 211  86 206 180 148
 294 298 307 115 136 153 117 175 299 214 266 277  43 227 313 249  84 112
 301 275 185 306  94 295   2 154 122 246 317  62 111 248 164 145 231 140
 291 161 166  63 131  65 285 103 273 245 260 229 123 163  66 255  23  48
 138 190  73 314 284  93 316 205 109 226 228 300 280 199 225  92  10 147
 152 224 179  74  36 114  78 221 251 262 151 312 177 210 132 208 302  72
 102  54 182 201  11 278 287  39  75 105 157 133   9   8  82 104 144  70
 127 213  12  21  19 293 215 230 271  59 196  87  27  29   6 238 183  71
 188   4 172 187 257 107 263 297 195  76 305 120 236 219 242 193  14 184
 272 303 121 258 315 234 282  77 311  69 116 216]
GPU0
set random seed!
finished RVND in 2.50993585587s
data-line;initial_solution;90192683;final_solution;6332845;time;2.50993585587;counts;409;fv;[];cv;[248, 104, 46, 9, 2];imp;14.2420480842
