pydf_home: /home/rodolfo/git/Sucuri
simple_pycuda_home: /home/rodolfo/git/simple-pycuda
wamca2016path: /home/rodolfo/git/wamca2016/
localpath: /home/rodolfo/git/dvnd-df/code/dvnd-df/src/
WAMCAPATH:/home/rodolfo/git/wamca2016/
Using already created file:  wamca2016lib.so
Size: 657 - file name: 06_d657.tsp
ns:  [<function <lambda> at 0x7fe10e4360c8>, <function <lambda> at 0x7fe10e436140>, <function <lambda> at 0x7fe10e4361b8>, <function <lambda> at 0x7fe10e436230>, <function <lambda> at 0x7fe10e4362a8>]
ns:  [<function <lambda> at 0x7fe10e436230>, <function <lambda> at 0x7fe10e4361b8>, <function <lambda> at 0x7fe10e4362a8>, <function <lambda> at 0x7fe10e436140>, <function <lambda> at 0x7fe10e4360c8>]
273803497-[260 250 620 361 175 495  12 636 567 580 508 552 183 422 589 579 125 336
 408 463  13 137 644 460 184 190 215 622 286 416 339 146 174 240 527  52
 185 481 294 356 368 487 383 338 267 606 188 303 400 324  71 458 206 470
 256 412 625 413 468  48 560 424 355 253 415 122 648 330 410 139 535 120
 105 309  31 578 221 182 434 107 121 166 344 170 236 518  49 472 519  22
 488 403   3 457 558 641 582 194 199 108  55 561  50  51 135  47 651 613
 473 395 204 358 474 405  68 484 343 448 427 113 321  11 333 479 514 451
 112 587 420 610 442 432 566 136 630 586  73 127 573   4  82 357 632 524
 373 556 193 109  17  70  77 352 374  16 257 534 645 259 249  81 307 647
 378 529 609 284 313 274 605  35 101 171 134 604 653 449 115 168 229 533
 325  39 547  93 280 140 362 354 231 334 327 404  41  66  60 116 510 205
 607 471 423 504 377 557 597 570 254 281 528 242 459 493 562 494  98 269
 559 209 187 119   5 392 584 258  94 290 224 618 129  65 507 646 200 411
 502 614 435 196 490 401 563 592 311 554  25 485 318 247 608 500 220 277
 575 445 372 208 598 469 522 475 634 553 351 237  69 396 616 477 629 370
 315 478 639  90 505 156 532 210 150 430 225 612 262 152  30 106 201 159
 393 308 346  44 548 293 637 360 654 569 568 312 165 391  18 163 407 572
  80 447 337 650 314 144 390 501 425 328 452 461  29 216 621  40 369 241
 138 486  91  20 444 329 633 266 389 593 195 176 409 652 104 398  79 517
 323 531 298 348  64 538 643 543 626 226 322 191 440 212 155 203 189 261
 574  34 160 600 103 624 161 181 384 550 132 306 363 611 214 638 128 443
 417 180 316  57 271  37 273 301 222 341 619 426 375 364 342 483 143  97
 118   8 295 506 246 438  43 192 387 218 319  10  76 617 173 489 541 388
 158 232 282  62 539 153  46 419 583 512 198 288 219 172 349 421 151 379
 279 366  14 386  61  75 656 142 429 446 480 482 179  59 521 382 124 565
 503 526 244 178 157 197 217 627  53 276 436 509 450 278 123 456 302 345
 177 462 239 439  27  87 291 576 227  15 238 453 148 545 230 466 100  84
 520 394 581  21 264 243 296 655 359 145 248 300 186   6 265 542 595  85
 599 335 331 555 289 154   9 603 283 571 133 623 431  63 530  92 213  67
  24  58 546 585 367 418 147 594 591 399 255 371 499  33 299 332 111 523
 615   1 537 320 102   2 631 365 551 326 465 497 235 211 223 381 202 287
 642 310 437 414 245 292 272 496 141 228 285 263 275  72  56  38 268 498
   0  36 376 350 649 596 340  42 540 628 162 167 492 515 428 511  54 164
  99 590 149 207 353  88 234  83 464 406 454 536 564 270 467 397 347  45
 304 297  19 117  78 516 588 544 441 602 513  23 402 385  96   7 455 233
  89  95 110 640 305 577  86 380 169 601 251 476  28  26 491 525 114 635
 131 252 549 433  32  74 317 130 126]
GPU0
set random seed!
finished RVND in 8.90898489952s
data-line;initial_solution;273803497;final_solution;14265669;time;8.90898489952;counts;863;fv;[];cv;[534, 222, 92, 11, 4];imp;19.1931760789
