pydf_home: /home/rodolfo/git/Sucuri
simple_pycuda_home: /home/rodolfo/git/simple-pycuda
wamca2016path: /home/rodolfo/git/wamca2016/
localpath: /home/rodolfo/git/dvnd-df/code/dvnd-df/src/
WAMCAPATH:/home/rodolfo/git/wamca2016/
Using already created file:  wamca2016lib.so
Size: 783 - file name: 07_rat784.tsp
ns:  [<function <lambda> at 0x7f85661370c8>, <function <lambda> at 0x7f8566137140>, <function <lambda> at 0x7f85661371b8>, <function <lambda> at 0x7f8566137230>, <function <lambda> at 0x7f85661372a8>]
ns:  [<function <lambda> at 0x7f85661372a8>, <function <lambda> at 0x7f85661370c8>, <function <lambda> at 0x7f8566137230>, <function <lambda> at 0x7f85661371b8>, <function <lambda> at 0x7f8566137140>]
71877619-[725 476 692 555 606  54 322 170 621 409 227 181  42 296 734 457 180 377
  68 748 106 413 408 668 308 687  71 722 215 359 203  16 138 752 244 607
 462 154 141  28 706 383  19 101 508 475 627 482 327 261 596 103 448   6
 416  83 667 214 554 608 698 527 736 564 533  74 684 739 660 283 391  76
 550 737 234   3 231 766 266 666 311 709 387 561  99 711 529 777 333 446
 187 443  22 373 189 768  15 100 396 726 451 575 743 384 609 547 430 362
 701   5 338 601 249 208 128 289 699 178 691 404 634 115 130 540 569  11
 454 173 677 340 626  63 441 486 237 372 653 336 452 589 742 466 623 652
 565 245 633 690 314 412 571 124 410 646 392 498 105 484 255 397 298 304
 236 464 603 587  86  38 393 354 522 175 320 331 543 438 201 399 164 738
 761 277 292 146 345 470 641 400 341  70 423 538 165 647 375 640 411   8
 489 114  24 779 238 548 346 224 276 769 310 131 240 780 618 136  50 716
 494 370 160 230 637 211 631 405 583 153 776 251 517 467 688 117 139  55
 501  66  95 273 357 152 150  64  44 588 656 696 741 184 294 492  49 579
 135 221 724 495 111 673 490 324 463 321 425 597 590 264 566 516 335 728
  31 361 782 622 689 771 772 127 108 643 675 502 700 562 275 523 199 369
 613 216 439 262 493 434 479 159 379 193 730 402 525 256  58 204 168 545
 284 140 378  93   9 297 263 192  51 714  97 619  59 552 717 602 123 337
 511 223 591 428 325 295 556 293 531 151 595 239 659 593 478 444 148 740
 371   7 586  92 403 319 753 290 422 363 570  56 121 563  79 645 388 735
 612 147 232 510 351 188 271 584 598 186 520  47 222 435 429 638 485 500
 628 358 541 751   1 686 778 442 530 720 299 513 380 553 663 288 352 676
 518 503 247  53 546 616 729 472 395 455 118 269  94  41 551 534 417 143
 185 427 385 635 125 458 166 559 306 355 440 750 398 620  85 171 710 723
 681 132 389 624 228 229 133 206 644  73 270 353  96 536 268 120  81 450
 712 394 630 605 182 765 197 664 642 528 773 774 210 611 708 350 497 705
 535 163 212  40 414 356 243 746 195 431 465 190 648  39 421 279 248  25
 483 291 504 161 172 744 727   0 109 368  67  82 456 749  89  21 267 329
   4 532 695 625 610 578 697  52  84 557 158 415 477 191 474  35 639 487
 303 549 524 179 671 702 713 241 129 568 764 719 110 177 678 433 542 682
  34 707 758 226 242 280 281 582 176 617  46 760 594  88 469 107 343 496
 254 539 654 213 491 599 419 376 287  14 514 580 426 471  12 318 655 246
 366 762 144 174 305  18 567 347  91 265 683 382 257  29 731 670 126 512
 207 149  26 219  90 505 342 560 312  45  80 406 447 155 658 260  32 577
  57 615 669 650 544 537 309 202 420 445 104 374 278 401 258 672  87 573
 481 122 685 665  78 119 217 437 365 332 102 576 200  98 767 614   2 480
 145 344 194 424 755 367 515 307 360 220 558 272 253 574 198 330  20 169
  37 453  10 747 326 116  69 715 252  30 432 581 137 757 436 196 142 316
 632 519 770 703  23 693 449 754 680  75 300 473 775 704 585 592 315 526
 317 407 381 781 521 286  60 721 509 629 156 386  61 390 745 733  27 662
 157 113 339 167 756 218 499 134 649 285 636 507  62 225 506 679 183 488
 600 274 259 732 235 718 348 604 302  33 112 349 205 334 694 461 657 468
  77  36 572  48 301  13 661  43 651 328  65 459 460  72 250 162 674 364
 759 233 209  17 763 313 323 418 282]
GPU0
set random seed!
finished RVND in 13.2335369587s
data-line;initial_solution;71877619;final_solution;3398935;time;13.2335369587;counts;1033;fv;[];cv;[597, 276, 142, 15, 3];imp;21.1471001946
