pydf_home: /home/rodolfo/git/Sucuri
simple_pycuda_home: /home/rodolfo/git/simple-pycuda
wamca2016path: /home/rodolfo/git/wamca2016/
localpath: /home/rodolfo/git/dvnd-df/code/dvnd-df/src/
WAMCAPATH:/home/rodolfo/git/wamca2016/
Using already created file:  wamca2016lib.so
Size: 501 - file name: 05_TRP-S500-R1.tsp
ns:  [<function <lambda> at 0x7ff10a84c0c8>, <function <lambda> at 0x7ff10a84c140>, <function <lambda> at 0x7ff10a84c1b8>, <function <lambda> at 0x7ff10a84c230>, <function <lambda> at 0x7ff10a84c2a8>]
ns:  [<function <lambda> at 0x7ff10a84c140>, <function <lambda> at 0x7ff10a84c0c8>, <function <lambda> at 0x7ff10a84c230>, <function <lambda> at 0x7ff10a84c2a8>, <function <lambda> at 0x7ff10a84c1b8>]
32315826-[ 56 461 370 271 192 300 310 398 295 375  59 104 327  10 330 208  62  97
 237 159  64 278 201  98  43  60  58 215 469 252 488 204 165 320 109 221
 283 249  85 289 114 146 241 262 120 294 194  95   4 282 386 447 452 319
   2 449 235 118 210 121 163 363 126  53 213 247 410   5 454 455 385 108
  92 141 411 103 497 478 427 307  66 111  26 473 225 489 239 369 245 462
 429 275 323 243 308 356 487 228 477 173 416 407 496  21 216 335 186 132
 334  89 251 359 292  86 360 248 107  90 423 381  35  94 142 441 476 140
 196  13 176  18 263  54 341 303 440  77 401 481 443  51  84 391 428 164
 366  46 226  28 368 346 149 155 434 412 218  30 468 136  44 338 433   3
 231 205 474 169 299 298 463  31  83 285 397 305  57 348 175 376  96 349
  20 408 471 358  65 324 143 224 439 417 442 418 156  12 253 409   0 166
 236 273 181 472 302  75 333 256 301 229  33 438  34 100 259  50 133 127
 431 404 340 197  78 352  11 388 422 345 200  22 459 350 286 144 116  36
 380 321 113 421 276 185 198  88  81 493 405 125 465 129 207  55 337 399
 426 130 183 195 161  40 490 174 498 311 393 296 151  16 466 304 265 139
 316 123 392 219  79  37 450 134 203 437 365 264  74 403 106 486  27 413
 315 280 297  48 152 244 284 266  39 402 167 414 322  29 456 362 339 112
 105 212  25  49 206 230 344 372 377 250   7 343 199 261 451 189 135 484
   9 246 395 318  71 406 179 187 101 355 389 384 162 211  91 115 351 329
 202 254 470 475 317 379  82 464 396 467 287 272 290 424 367 373 491 160
 214  63 291 415 347 494 242 378 436  72 445 448 147 460   6 217 268 383
  93 332 220 492 170 158 260  67 270  14 258 457  23 153 309 190  24 480
 177 238 227 122  19 269 267 274   8 255 171 180 184  61 331 178 188 240
 137 446 499  73 390  70 420 483 458 325 374  32 293 387  80  17 357 425
 435 277 281 313 312  68 128 222 223  15 495 209 371  87 233 234 148 172
 157  47  45 306 336 326 364 444 394 145 102 257 193 430 154 150 314 419
  76 353 479 182 119  42  52 382 485  41 288 279 168 117   1 232 432 110
 500 131 361  99 400 342 328  69 354 453  38 124 138 482 191]
GPU0
set random seed!
finished RVND in 4.84080386162s
data-line;initial_solution;32315826;final_solution;2017587;time;4.84080386162;counts;608;fv;[];cv;[378, 150, 70, 7, 3];imp;16.017066922
