pydf_home: /home/rodolfo/git/Sucuri
simple_pycuda_home: /home/rodolfo/git/simple-pycuda
wamca2016path: /home/rodolfo/git/wamca2016/
localpath: /home/rodolfo/git/dvnd-df/code/dvnd-df/src/
WAMCAPATH:/home/rodolfo/git/wamca2016/
Using already created file:  wamca2016lib.so
Size: 783 - file name: 07_rat784.tsp
ns:  [<function <lambda> at 0x7f6177dbc0c8>, <function <lambda> at 0x7f6177dbc140>, <function <lambda> at 0x7f6177dbc1b8>, <function <lambda> at 0x7f6177dbc230>, <function <lambda> at 0x7f6177dbc2a8>]
ns:  [<function <lambda> at 0x7f6177dbc1b8>, <function <lambda> at 0x7f6177dbc230>, <function <lambda> at 0x7f6177dbc0c8>, <function <lambda> at 0x7f6177dbc140>, <function <lambda> at 0x7f6177dbc2a8>]
68706453-[380 401 598 560  47 635 224 187 602  71 241 296 706 580 708 226 141 146
  89 673 382 519 233 566 576 422 197 695 505 242 629 139 145 299  77 164
 652 264  28  94   4 448 232 404 675 523  81 318 194 144 376  62 456 542
  68 302 511 210 190  86 646 236 304 561 455  29 392 716 266   5 330 507
  43 396 274 135 670 781   0 355 577 435 743 246 110 185  57 593 595 701
 588 762 769 427 554 414 370 134  78  97 101 344 643 247 678 391 319 705
 192 309 403 718 104 451 138  54 125 612 740  90 680 297 538  93 293 162
 339 747  39 107 692 313 357 372 307 249 333 619 255 648 660 431  76 157
 310 312 121 727  72  31 374 259 257 323  70 430 316 334 428 386 167 256
 320 733 759 337 615 617 342 200 709 303 457 625 469 525 129 737 497 772
 209  84 416 348  45 103 463 410 400 493 545 535 591 395  53 419 388 779
 587 447  32 161  30 268 215 594 278 243 699 292  63 407 526 417 221 666
 659 227 412 663 394 408 441 599 758  10  98 596 118 239 275 757 425 439
 729   9 597  64 178 368  99 261 301 277 158 163 362 171 237 578 151 384
 345 188 496 684 607 668 766 290 693 550 470 485 387 679  91 571 711 732
 189 685  41 506 543 641 703 471 349 325 446  34 782 381 331 775  65 385
 289 482 262 311 123 373 690 216 540 773  37 667 581 590 434  95 621 714
 172 761 411 284 549 402 687 294 218 655 160   8 524 495 529 583 235 541
 609 736  26  35 359 228 720 214 254 398   1 698  17 424 633 572 150 314
 426  12 694 115 173 159 767 662 532 341  92 534 739  42 628 489 503 170
 315 533 741 102 136 267 436 623 354 180 734 516 601 481 168 780 383 360
 517 746 120 536 443 231  14 109 686 651 423 350 377 186 225 240 634 378
  15 338 632 452 728 548 604  58 520 664 494 406 269 491  69 567  61 522
 460 700 584  67 562 229 295 509  19 191 285 329 704 184 770 346 702 116
 444 175  16 433 298 462 557 207 361 616 222 774 725 639  25 195 429 682
 306 500 480 176 196  55 183 719 564 367  85 390 288 488   3 340  44 154
 324 418 409 276 476 696 399 763 477 586 405 223  20  22 137 321 683 569
 202 627 608 611 263 771 558 379 515 244 677 286 656  79  36  50 563 258
 253 474 552  23  83  24 326 291 760 363 573 642  48 220 282 688 238 512
 152 166 305 165  60 347 336 328 112 217 219 605 618 206 499 437 510 179
 126 122 271 252 366 724 280 751 559 473 518 483  33 644 234 504 676  82
 748 765  87 369 647 614 182 645 317 650 756 582 723 169 750 653 631 657
 754 490 778 327 731 461 544 547  40 513 450 671 472 478 193 352 205 528
 248 738  46 768 466 365 589 393 270 742 300 521  75 445 603 203 147 722
 397  73 710 100 502 343 475 438 453 712  21 465 539 776 272 133 730  52
 487 212  51 527 364 531 721 119 689 131 744 492 640 755 717 459 467 442
 681 764  66  80 420 530 613 432 142 735 464 622 610 449  38 250 624 421
 177 579 198 153 230  96 630 498 260   6 287 649 636 691 715 570 281 620
 413  88 130 479 697   7 556 351 106 335 356 661 127 574 149  13 575  56
 600 753 204 371 148 308  74 665 606 454 279  27 156 440 265 283 124 111
 322 638 553 585 415 592 514  59 273 565 458 713 353 508 114 546 484 211
 486 213 745  11 672 501 201 105 658 358 752 181 468 375 551 389 568 251
 707 155   2 654 108 128 117 749 143 726 637 332 208 113 140 777  49 132
 174 245 199 674 555  18 537 626 669]
GPU0
set random seed!
finished RVND in 13.9362719059s
data-line;initial_solution;68706453;final_solution;3433351;time;13.9362719059;counts;1094;fv;[];cv;[664, 273, 136, 17, 4];imp;20.0114852807
