pydf_home: /home/rodolfo/git/Sucuri
simple_pycuda_home: /home/rodolfo/git/simple-pycuda
wamca2016path: /home/rodolfo/git/wamca2016/
localpath: /home/rodolfo/git/dvnd-df/code/dvnd-df/src/
WAMCAPATH:/home/rodolfo/git/wamca2016/
Using already created file:  wamca2016lib.so
Size: 657 - file name: 06_d657.tsp
ns:  [<function <lambda> at 0x7f57e3a210c8>, <function <lambda> at 0x7f57e3a21140>, <function <lambda> at 0x7f57e3a211b8>, <function <lambda> at 0x7f57e3a21230>, <function <lambda> at 0x7f57e3a212a8>]
ns:  [<function <lambda> at 0x7f57e3a21230>, <function <lambda> at 0x7f57e3a212a8>, <function <lambda> at 0x7f57e3a21140>, <function <lambda> at 0x7f57e3a210c8>, <function <lambda> at 0x7f57e3a211b8>]
280136363-[623 364 449  39 206 642 347 438 150 636 401   0 573 505 174  19  48 646
 356 175 170 516 383 403 550  40 596 637 404 207 545 485 386 130  16 562
 295 431 249 447 317 247 180 330 305  28  35  25 204 576 615 499 539  69
 586 468 171 137 226 514 244 520 134 384 125 585 629 409 219  87 496  99
 565   5 314 223 649 473 591 201 592  75 112 243 526 157 267 230 199 541
 306  90 405 240 632 370 185 120 399 353 169 334 107 193  84 122 584 280
 408 589 338 416 618 166 529  13 609 322 140 544 509 309 389  32 377 195
  63  27  70 482 350 396 395  22 167 237 147 643 172 212 610 392 654 446
   3  91  96 269 554  10 490 418 325 581 464 445 500  79  82  57 507 360
 425  41 626 523 432 104 263 391  11  98 428  53 580 517 279 259 369 245
 387   2 192 388 153 262 176 202  45 567  92 257 536 413 210 152 227 331
 429  56  60 213  83 235 616 595 448  72  55 297 373 444 549 503 160 601
 611 376 598 602 436 414 518 422 600 546 256 452 572 587 349 421 335 173
 367 515 315 271  77 250 327 578 332 607 519  52 528  24 491 225 158 203
 619   4 535 382 299 329 365 631  93 358 290 149 344 469 525 374 236 588
 564 303 521 285  21  85 574 460 486 313 252 328 310 282 123 575 132 451
   7 502 142 639   9 215 606 394 560 531 634 357  17 627 457 476 320 138
  36  23 136 188 291 260 224 385  44 647 423 321 559 577 494 274  15 183
 346 131 266 208 129 184 410 318 298 454 265 296 378 179 390   8 456 475
 115   1 582 488  71 198 624 200 558 277 380 470 557  80 339 379 287 393
 308  37 278 146 311 231 341 407 351  14 254 530 316 218  61 319  94  74
 645 605 427 117 552 466 594 292 551 102 568 191 113  43 644 440 340 625
 561 579 510 612  20 143 638 111  12 251 233 197 216 651 273  47 433 375
 597 412 284 177 234  58 182 283  38  59   6  50 543 343 652 628 264 622
 133 653 144 336 242 241 324 533 492  73 463 430 139 504 108 555 481 248
 165  33 220  88 655 181 593 307  95 569 154 641 211 100 155 420 603 337
  26 121 178 406 556 286 281  67 366 617 566  78 495 441 348 524  64 455
 570 411 493 471 478 164 472 477 221  86 228 127 156 537 222 289 381 590
  42 312 613 415 168 293 417 372 479 345 453 194 462 196 239 355 483 501
  34  31 534  51 402 368 294 275 109 270 114 553 354  65 119 261 608 474
 397 640 229 323 434 599 527 424 542 103 563 633 359 268 342 304 547 106
 487 162 400  54 301  68 480  62  46 101 361 255 300 246 548 217 209 484
 621 151 511 583 435 437  81 371 532  29 163 288 426 489 145 630 419 620
 398  49  30 614 650 465  89 443  66 238 148 124 253 522 128 459 362 276
 604 232 105 189 186 333 258 214 126 497 110 363 187 450 118 141 352 205
 190 512 513 458 116 571 648  76 656 538  97 506 467 439 326  18 635 159
 442 272 508 302 135 540 161 498 461]
GPU0
set random seed!
finished RVND in 8.09768104553s
data-line;initial_solution;280136363;final_solution;14670231;time;8.09768104553;counts;806;fv;[];cv;[466, 216, 110, 10, 4];imp;19.0955659117
