pydf_home: /home/rodolfo/git/Sucuri
simple_pycuda_home: /home/rodolfo/git/simple-pycuda
wamca2016path: /home/rodolfo/git/wamca2016/
localpath: /home/rodolfo/git/dvnd-df/code/dvnd-df/src/
WAMCAPATH:/home/rodolfo/git/wamca2016/
Using already created file:  wamca2016lib.so
Size: 226 - file name: 03_pr226.tsp
ns:  [<function <lambda> at 0x7ff30456e0c8>, <function <lambda> at 0x7ff30456e140>, <function <lambda> at 0x7ff30456e1b8>, <function <lambda> at 0x7ff30456e230>, <function <lambda> at 0x7ff30456e2a8>]
ns:  [<function <lambda> at 0x7ff30456e0c8>, <function <lambda> at 0x7ff30456e2a8>, <function <lambda> at 0x7ff30456e1b8>, <function <lambda> at 0x7ff30456e230>, <function <lambda> at 0x7ff30456e140>]
196779712-[195 218  62 167 158 199   3  45 171   6  49  84 170 222  29 174 125 202
 118  68 104 169 143  98 211  55  16 201 109 197 184 105 198  14 194  18
 214  67  96  69  27 207 110  20 156 114 142 154 206 203  61 164 200  93
 186 130  22  31  79 134 187 155  70 141  64 178   2  51 119 168 219  13
  43  26 221  71 175  17  23   5 153 136  48 193 161 124 103  25 163  82
 182 146 147 131 165  74 102  52 159  19 215 100  77 213 112 122 115  50
  66 132  59 148  90  35 126 180 152 179 204  58 209  11  38  30  88 188
  73   4  40  37 216 192  44  99  94  60  53  41  21  56 190 137 181 185
 173 196 108  24  78  33  89  12  54 225 191  91 139   9  95  10   1  85
 133  57 140 183  47 150  87 162 121 223  80 220 128   7 157  97 145 101
 212 210  34  75 149  15  86 177 129 106 208  81 116 224  46 172 151 123
  92  72 166  76 111  36 113 135 160  65 120 127 176   0  83 144 217  32
 189  39 107 138 205 117   8  42  28  63]
GPU0
set random seed!
finished RVND in 2.57864284515s
data-line;initial_solution;196779712;final_solution;6956626;time;2.57864284515;counts;412;fv;[];cv;[340, 50, 20, 1, 1];imp;28.2866596537
