pydf_home: /home/rodolfo/git/Sucuri
simple_pycuda_home: /home/rodolfo/git/simple-pycuda
wamca2016path: /home/rodolfo/git/wamca2016/
localpath: /home/rodolfo/git/dvnd-df/code/dvnd-df/src/
WAMCAPATH:/home/rodolfo/git/wamca2016/
Using already created file:  wamca2016lib.so
Size: 783 - file name: 07_rat784.tsp
ns:  [<function <lambda> at 0x7fddd5a3e0c8>, <function <lambda> at 0x7fddd5a3e140>, <function <lambda> at 0x7fddd5a3e1b8>, <function <lambda> at 0x7fddd5a3e230>, <function <lambda> at 0x7fddd5a3e2a8>]
ns:  [<function <lambda> at 0x7fddd5a3e140>, <function <lambda> at 0x7fddd5a3e230>, <function <lambda> at 0x7fddd5a3e2a8>, <function <lambda> at 0x7fddd5a3e1b8>, <function <lambda> at 0x7fddd5a3e0c8>]
69195027-[760 314 364  58 486 150 205 643 183 251 161 501 560 704 209 255 145 421
 340 553  21 386 344 191  78  37 744  62 688 569 221 746 498 316 345 640
 651 128 276 667 761 378 765 112 162 168  26 296 130 121 740 303 334 452
 619 513 235 173 351 362 722 434 517 341 586 462 330 358 523  41 273  60
 473 639 531 107 725 519 204 528 143 179 463 450 657  61 171   0 752 245
 329 710 138  22 647 758 385 374 430 701 439 609 749 551 215 389 239 359
 243 720 144 417  99 679 210 397 267 387 354   7 292 507 759  92 723 137
 115  36 736 182 174 441 290 529 610  24 495 420 489 367 410 715 129 614
 626 623 220 169 599 160 672 277 542 140  34 400 477  88 268 300 247 591
  77 653 504 238 454 339 377 111 319 563 155 158 510   4 278 437 152 571
 448 750 125 110 608 159 338 192 566 352 356  52 431 500 353  97 249  31
  20  46 506 456 147 638 383 734 627 414 350 625 775 391 403 198 581 483
 346 195 408 237 714 754  70 732  87 726 136 211 600 313 287 497 399 773
 207 664 641 444 120 708 214 525 698  17 203  71  76 449 476 124 392 515
 223 442 246 603 413 512 151 772 384 153 217 228 369 100 612 324 541 154
 738 202  43 272  82 616 684 432 621 556 520 757 585 539 336 503 484 332
 576 584 769 208 509 663 113 135 139 109 149 737 395 105 388 487 419 729
 132 127 241 230 349  14  57  45 458 733 634 602 426 522 224 114 514 567
 689 305 713 404 131 382  55  63 317 227 301 697 665 259  16 190 166 745
 645 615 555 660 281 436 271 613 122 257 260 328 644 308 741 213 779 589
 605 527 343 263 652 337  79 194 177 390 302 545 534 481 659 780 488 381
 655  47 234 176 479 661 167   5 696 598 494 782 371 594 685 537 593  19
 440 285 706 717 451 163 577 739 607   9 284 286 596 622 549 658 771 297
 327 557 535  40 649 197 418 711 333 624  48 587 550 709 678 682 547 357
 315 690 532 492  75 552 582 226 133 675  74 694  91 558 186 490 380 322
 554 662 318 102 304 718  15  80 508 546 116 433  59 637 108 236 680 184
 393 743 467  51 628 470 543 156 261 511 735 762 461  23 588 119 422 642
 700 342 518 611 425 310 402 423 180   2 629 464 252 633 394 777 219 104
 185 416 123 631 673  28 756 485 677 415 597 482 289  32 117  27  33  86
  54 480 648 370 363 474 778 320 299 446 755 283 231 670 604 141 781 478
 763 269 561  89 447 686 193 516 199 716 134 632  64  73  72 274 242 530
 578 521 212  30 106 702  81 699 666 768 544 681 747   3  29  65  94 692
 453 406 559 248  18 465 373 774 142 705 766 103 360 244 620 721 767  84
 574 206 293 466 275 424 331 348 118  38 618  83 325 229 459 398 365 295
 693  12 691 564 579  90 282 218 562 536 728 294 368 468 372 435 170  98
 258 695 526 533 262 253 311 703 427 590  66 265 724 312 575 323   8  44
 565 650 764 164 288 687 366  25  53 548 601 379 493 630 126  49 748 256
 172  42 731 196 707 636 232 730 326 683 606 572 475   6 240  13 266 676
   1  85  93 751 499 592 674 264 101 654 457 438 742 656 250 233  67 635
 573 671 309 712 375 570 355  11 216  56 200 405 472 376 188 580 583 776
 719 443 222 201  96 540 502 165 524 617 321 491 646 146  95 753 347  68
 298 469 568 307 409 595 157 187 445 407 189 455 396 411 505 770 306 538
 178 496  50 727 471 225 254 291 175 270 181 401 412 429 668 279 460 428
  10 148  69 335  35 669 361 280  39]
GPU0
set random seed!
finished RVND in 13.3615691662s
data-line;initial_solution;69195027;final_solution;3418934;time;13.3615691662;counts;1067;fv;[];cv;[633, 273, 135, 23, 3];imp;20.2387723776
