pydf_home: /home/rodolfo/git/Sucuri
simple_pycuda_home: /home/rodolfo/git/simple-pycuda
wamca2016path: /home/rodolfo/git/wamca2016/
localpath: /home/rodolfo/git/dvnd-df/code/dvnd-df/src/
WAMCAPATH:/home/rodolfo/git/wamca2016/
Using already created file:  wamca2016lib.so
Size: 783 - file name: 07_rat784.tsp
ns:  [<function <lambda> at 0x7f4f9d30a0c8>, <function <lambda> at 0x7f4f9d30a140>, <function <lambda> at 0x7f4f9d30a1b8>, <function <lambda> at 0x7f4f9d30a230>, <function <lambda> at 0x7f4f9d30a2a8>]
ns:  [<function <lambda> at 0x7f4f9d30a140>, <function <lambda> at 0x7f4f9d30a2a8>, <function <lambda> at 0x7f4f9d30a1b8>, <function <lambda> at 0x7f4f9d30a230>, <function <lambda> at 0x7f4f9d30a0c8>]
68392117-[ 36 480 684 501 486 706 453 585 137 375 296 654 369 689 716 648 287 457
 631  29 748 508 337 130 743 701 763 704 527 244 677  98  85 117 135 193
 635 340 535 205 742 437 722 230 420 209 120 258 625 618 367 149 455 153
  14 579 115   7 327 338 224 186 138 516 752 530 605 700 352 694 215 736
 283 270  18 382 268 450 776 188 321 252 328 221 582 368 424 622  70 481
 108 757 386 300  21   3  19 240  11 540 400 751 249 476 513  59  10 723
 750 768 669  61 417 514 356   5   4 322 667 642 388 150 658  54  71 637
 765 517  24 726 433 241 312 418 123 644 257  46 584 116 288  58 255 459
 114 217 155 303 680 128 402 281 698 615 246 775 562  32 732 378 609 619
 141 202 661 506  26 632 532 463  89 676 276 645 295 536 660 311 436 628
 167 236 302 719 614 498 563 534 510 407 710  55   0  28 696  37 505 381
 569 713 462 280 735  56 331 780 390 213 313 178  25 539 472 560 239  97
 674 769 310 320 139 657 650 595 435 293 639 620 546 127 725 348 544 397
 359 470 136 782 220 200 767 737 361  30 173 613 103 731 275 416 727 603
 449 301 729 740 721 333 594  95 754 593 330  22 132 229 422 599 607  34
 673 477 499 211 152 234 267 451  43  12 691 174  92 541 522 670 773 440
 439 291 442 518 608 528 204 342 201 232 298 549 610 195 170 124 396 779
 629  65 460 187  94  15 339 641 349 344 675 504 227  47 364 697 194 410
 235 261  73 583 264 406 332 681 196 272  52 414 566 671 766 551 355 557
 746 495 325 591 290 256 520 529  67 105 112 537 490 362   6 387 761 245
  42 266 707 589 184 646 598 391 306 377 756 434 672 586 741 134 525 500
 695 588 413 688 578 542 762 781 446 574 665 547 251 286 474 210 601 590
 222 102 655 519 464 509 110 703  48 469  60 473 147 169 336 180 760 319
 511 663 483 254 380 478 626 308 104  68 242 647   8  96 651  53  51 106
 233 163 317  63 415 764  99 543 324 526 285 559 523 666 189 429  75  31
 468 247 744 398 568 447 385 643 558  13 475 653 554 228 445 315 262 493
  93 226 260 231 545 438 431 616 465 383 580  77 212 491 778 265  64 353
 107 494 146 507 444 596 426 592 774 738 602 394 432 555 181 376 718 573
 214 617 335 259 119 548 162 131 371 144 243  84 292  91 253 745 690 503
 198 179 430  20 360 358  33 341 357 709 678 347  69  62 564 263 755 192
 207 452  82 126 182 318 151 443 679 411  83 373 140 269 274  35 638 427
 156 512 305 289 374 612  49 366 237 166 129 307  44 379 122 524 553 747
  81 749  40  38 634 428  79 142  23   1 441 571 125 550 206 758 711 393
 753 533 692 702 454 759 708 611 636 278 165 143 409 687 770 351 408 664
 652 392 487 118 329  72 458 587  17 630 772 421  86 334 581 177 158 467
 492 145 686  45 538 372 771 294 343 238 739 561 488  90 624 171 111 403
 389 190 730 405 175 699 346 183  66 728 471 345 659 600 168 223  76 668
 279 419  41 577 384 133 248 350 482 448  16 370 461 148 314 565  74  80
 395 354 154 316 197 297 185 693 250 176  87 164 113 497 404 326 484 570
 633 425 423 623 199 685 304 219 515 271 363 733   2 717 191 521   9 216
  88 299 479 412 101 203 496 218 225  57 365 572 485 160 556 715 597 401
 456 714  27 100 705 309 662 712 466 604 109 724 621  78 606 208 161 720
 172 627 284 683 489 576  50 656 277 734 552 777 649 640 157 502 682 121
 567  39 531 399 282 323 273 159 575]
GPU0
set random seed!
finished RVND in 12.9488720894s
data-line;initial_solution;68392117;final_solution;3441576;time;12.9488720894;counts;1017;fv;[];cv;[587, 265, 139, 19, 7];imp;19.8723250627
