pydf_home: /home/rodolfo/git/Sucuri
simple_pycuda_home: /home/rodolfo/git/simple-pycuda
wamca2016path: /home/rodolfo/git/wamca2016/
localpath: /home/rodolfo/git/dvnd-df/code/dvnd-df/src/
WAMCAPATH:/home/rodolfo/git/wamca2016/
Using already created file:  wamca2016lib.so
Size: 783 - file name: 07_rat784.tsp
ns:  [<function <lambda> at 0x7f2af66620c8>, <function <lambda> at 0x7f2af6662140>, <function <lambda> at 0x7f2af66621b8>, <function <lambda> at 0x7f2af6662230>, <function <lambda> at 0x7f2af66622a8>]
ns:  [<function <lambda> at 0x7f2af66620c8>, <function <lambda> at 0x7f2af66622a8>, <function <lambda> at 0x7f2af66621b8>, <function <lambda> at 0x7f2af6662140>, <function <lambda> at 0x7f2af6662230>]
69483486-[310 392 533 250 362 258 262 611  94 600 669  27 206 633 586 475 430 635
 554  31 601 292 436 714 637 171 551 318 782 471 693 539 107 555 563 696
 764 453 771 718 253 769 176 677 368 652 201 369 727  72  13 692 360 521
 702 373 348 582 528 106 609 414 431 202 185 240 279 548 445 425 155 626
 272 277 699 479 646 722 717 643 341 274  69 781 289   5  32 260 269  85
 571 632 755 438 492 715 382 608 433 389 662 321 115 535 432 139 173 553
 335 705 278 322   8 733 530 779 290  21  68  45 657 660 124 585 602 720
 629 233 147 207 313 297 546 654 447 384  56 470 298 428 497  58 587 423
 688 651  98 343 320 698 721 506 754 499 186 121  23 606  90 291 529 164
 302 268 378 713 154 191 597 118 472 566 416  99 160 486 172 283 346  33
 708  60  29  82 594 576  63 559 593 759 686 193 494  73 667 400 157 221
 746 491 333 156  18 437 730 306 778 538 195 500 105 665 337 462 710 410
 604 564 752 695 532 162 417   7 577 235 381 575   1  17  79 642 676 397
 666 522  93  76 231 751 239 527  78 682 607  77 267 226 732 645 380 766
  37 223 706 120 617 687 296  75 761  52  49 234 236 353 199  53 749 661
 276 325 442 129 180   3 163 513 166 209 493 182 111 649 460   0  87 211
 203 561 367 137 565 689 439 690 568 691 596 723 591 377  54 294  40 603
 550 363 741 536 578 101  47 148  36 103 773 232 434 255 664 374 709 449
  86  81  61 110 526 249 361 584 627 478 631 356 641 756 544  83 309 454
 136 398 345 248 219 613 370 489  84 386 358 336  11 224 158 680 125 477
 644 312 753 605 210 543 481 395 217 663 102 703 557 288 418 658   9 519
 100 610 338 383  38 284 464 104 583 396 694 150 286 620 393  39 237 558
 455 737 542 501 324 509 628 407 280 518 242 592 419  34 281 372 188 729
 112  62 656 763 351  67  20 747 113 748 760 700 735 728  22 243 315 244
 422 230 159 415 572 327 634 229 655 716 540 758 524 175 190 344 738 580
 117 498 742 339 332 261 227 684 399 774 638 257 520 719 364 531 273 189
 750 757 181 623 145 146 342 271 167 246 624 184 653 116 772 515 767 238
 488 133 347 440 426 712  96 109 134 725 323 424 625 187  16 461 282 319
  70 451 614 549  50 777 245  43 178 450 459 266 560 502 523 569  89 474
 745 443 215 463 256 247 275 552 570  19 765 573 567  65 141 220 744 612
 650 589 196 390 556 444 142 636 340 484 135  26 670 122  10 648  41 736
 467 352 153 514 545 254 299 574 446 208 301 303 329 355 458 429 599 165
 114 225 152 581  80 427 194 537 241 265 673 143 214 183 674 365 726  35
  48 251 213 647   6 404 385 512 482 305 330 140 503 222 408 264 151 375
 452 179 131  42 421 659 331 387 590 314 683 465 334 420 295 144 701  95
 259 711 205 639 316 780  14  88 672  30 640 412 469  64 679  92 480 311
 619 622 510 354 287 388 409  44 170 357   4 204 197 350 621 326 468 405
 366  97 516 169 630 485 263 218  28 541 403 192 616 776 402 161 724 216
  15 507 200 441  25 685 371 127   2 595 132 401 379 547 328  12  91 300
 704 487 149 476 130 618 615 308 579  74  66 456 466 734 359 473 762  59
 252 697 508 168 668 678 376  51 534 293 511 495 448 406 126 504 483 770
  46 304 681 177 307 740 739 391 270  24 490 411  57 457 108 731 588 138
 435 671 174 119 743 394 317 496 675  71 198 525 349  55 707 128 598 505
 768 212 123 517 228 775 413 562 285]
GPU0
set random seed!
finished RVND in 12.328015089s
data-line;initial_solution;69483486;final_solution;3384325;time;12.328015089;counts;985;fv;[];cv;[569, 262, 129, 19, 6];imp;20.5309732369
