pydf_home: /home/rodolfo/git/Sucuri
simple_pycuda_home: /home/rodolfo/git/simple-pycuda
wamca2016path: /home/rodolfo/git/wamca2016/
localpath: /home/rodolfo/git/dvnd-df/code/dvnd-df/src/
WAMCAPATH:/home/rodolfo/git/wamca2016/
Using already created file:  wamca2016lib.so
Size: 226 - file name: 03_pr226.tsp
ns:  [<function <lambda> at 0x7f0a945190c8>, <function <lambda> at 0x7f0a94519140>, <function <lambda> at 0x7f0a945191b8>, <function <lambda> at 0x7f0a94519230>, <function <lambda> at 0x7f0a945192a8>]
ns:  [<function <lambda> at 0x7f0a94519140>, <function <lambda> at 0x7f0a945190c8>, <function <lambda> at 0x7f0a945191b8>, <function <lambda> at 0x7f0a945192a8>, <function <lambda> at 0x7f0a94519230>]
185845975-[113  49  91 188 156 167 212  53  22  74  83   1 161 119  42 137  65  14
  44 168 129 198 217 202 196 172  25  60 183   3 134  90  28 195  86 104
 223  34 155 176 123  82 178 141  48  39 148 210 180  92 215  70 206 130
 135 219  26 169  43 103 100  55 165 201 147 127  30 112 162  81 133  88
 181 160 184 186  19 170  51 193 146 150  17 110  76 126  46 216 143   2
 114  95  57 222  75 220 211  52 152  10 101  68  58 203 121  93 171  23
  12  11  37  54 115  40  61 166  87  80  36 151  29  96 154 158  89 185
 159 131 117   9  45  79  78  21  97 175 197  84 109 208  33 187 106  15
 144  32  31  98 120 179 157  72   5  67 218 132  13 118 108 189 174  66
 207   7 213 177 192  62  56 205  63 221  69 164 128   6   0 225 140 124
 199 111  77 142 102  94  71 145  18 116 163  27  38 209  20 224  59  64
 200  16  41 182   8 153  47 107 191   4  50 190 136 173 105 125 204 194
 138  35 122  85 139 214  99  24  73 149]
GPU0
set random seed!
finished RVND in 3.35060501099s
data-line;initial_solution;185845975;final_solution;7150686;time;3.35060501099;counts;587;fv;[];cv;[421, 104, 59, 2, 1];imp;25.9899504747
