pydf_home: /home/rodolfo/git/Sucuri
simple_pycuda_home: /home/rodolfo/git/simple-pycuda
wamca2016path: /home/rodolfo/git/wamca2016/
localpath: /home/rodolfo/git/dvnd-df/code/dvnd-df/src/
WAMCAPATH:/home/rodolfo/git/wamca2016/
Using already created file:  wamca2016lib.so
Size: 657 - file name: 06_d657.tsp
ns:  [<function <lambda> at 0x7fa6848ff0c8>, <function <lambda> at 0x7fa6848ff140>, <function <lambda> at 0x7fa6848ff1b8>, <function <lambda> at 0x7fa6848ff230>, <function <lambda> at 0x7fa6848ff2a8>]
ns:  [<function <lambda> at 0x7fa6848ff140>, <function <lambda> at 0x7fa6848ff0c8>, <function <lambda> at 0x7fa6848ff1b8>, <function <lambda> at 0x7fa6848ff2a8>, <function <lambda> at 0x7fa6848ff230>]
287291035-[431  33 570 250 542  72 253 556  84 206   9 113 573 329 260 576 177 214
 479 236 325 522 218 413 140 532 378 563 551 449 139 263 107 530 622 580
 166 575 227 627 165 501 543 237 643 618 142 161 315 624 498 503 283 138
  21 185  67 219 569 549 193 314 305 347 323 264 194 395 468 362 299  24
 372 411 408 572 430 355  40 393  15 333  44 343 339  36 388 534  19 147
  49  32  95 548  59 101 242 269 334 598 221 259 651 224 559 276 374 141
  48 406 656 635 417 344 435 119  90 117  11 144 370 628 514 108 483 638
 445 295 459 581 487 229 389 516 499 633 265 455 655  69 462 632 287 168
 284 171 401 129 359 235 495 642 392 124 366 409 383 644 535 159 288   5
 500 356 611 460 444 109 426 490  23 416 247 369 594  93  46  82 232  38
 599 127 340 480 552 190 620  75 646 391 349 274  64 476 527 604 215  63
 273  77  96 270 271  83 196  22  89 282 631  68 337 183 485  25 597 358
  86 397 586 184 375  35 332 513 256 346 384 650 245 531 306  70 167 205
   4 301 319 158 497 254 145 255 292 272 354 454 562 402 461 365 174 625
  78 257 381 150 470  61 494 640 544 469  12 582 424 436 649  52 529 240
 241 506 121 307 293 197 612   6 387  13  85 313  98 357 615 268 212 207
 199   1 608  31 360 407 345 602 281 152 596  30  27 335 160 290 452 626
 115 425 421 228 614 484 291 439 568  51 457 277 155  26 120 351 637 249
 217   0 504  97 348 201 220 446  80 364 210 246 234 385 258 296 519 605
 122 471 403  28 112  47 589 521 350 536   8 248 515 433 110 303 496  29
  45 148 467 192  50 648 429 442 510 458 187 103 438 225 239 105 419 178
  94  58 294  88 512 574 156 405 222  16 465  57 164  54 102 186 585 583
 223 130  10 376 571 204 451 630 216 545 123 231 526 584 629 137 310 126
 363  74 114 647 361 525 149 278 379  60 523 641 420 600 517 394 654  18
 565  81 422 162 226 317 587 423 566  99 453 368 609 621 143 577 472 316
  56 106 308 135 616 463  71 607 546 400 528 230 418 311 146 593 578 104
 558 352 595   2 321 610 373 390 153 157 592 474 601 252 491 440 213 554
 173 588 198 539 443 550 191 404 619 169 412 353 508 410  42  62 179 251
 189 617   7 208 330 203 300 396 473 134 398 243 437 326 579 511 434 524
 172 432  53 493 447 341 533  92 427 116  17  55 244 238 118 298  76  65
 279 125 537 195 538  79 482 547 261 176 297 557 560 518 131 151 652 603
 180 481 613 331 415 367 304 163  91 591 541 382 590 380 520 328  14 342
 540 464  34 507 478 377 128 322 309 555 488  39 553 286 561 477 327 371
  37 606  43 275 267 324 133 202 623 266 428 634 182 456 645  20 564 181
 639 505 399 653 111 154 567 492 466 132 414 448 336 302 386 489  87   3
  66 320 486 100 509 136 285 636 450 475 233 188  41 209 170 312 441  73
 175 280 200 338 318 262 211 502 289]
GPU0
set random seed!
finished RVND in 8.79592204094s
data-line;initial_solution;287291035;final_solution;14113434;time;8.79592204094;counts;876;fv;[];cv;[498, 249, 110, 17, 2];imp;20.3558563423
