pydf_home: /home/rodolfo/git/Sucuri
simple_pycuda_home: /home/rodolfo/git/simple-pycuda
wamca2016path: /home/rodolfo/git/wamca2016/
localpath: /home/rodolfo/git/dvnd-df/code/dvnd-df/src/
WAMCAPATH:/home/rodolfo/git/wamca2016/
Using already created file:  wamca2016lib.so
Size: 226 - file name: 03_pr226.tsp
ns:  [<function <lambda> at 0x7f160f88d0c8>, <function <lambda> at 0x7f160f88d140>, <function <lambda> at 0x7f160f88d1b8>, <function <lambda> at 0x7f160f88d230>, <function <lambda> at 0x7f160f88d2a8>]
ns:  [<function <lambda> at 0x7f160f88d230>, <function <lambda> at 0x7f160f88d1b8>, <function <lambda> at 0x7f160f88d2a8>, <function <lambda> at 0x7f160f88d0c8>, <function <lambda> at 0x7f160f88d140>]
197010514-[ 99  89  79  19 168   6 140 101 134  85  32 217 161  91  44 149 182 113
 204 153  54 111  41  72 109  96  46  83 173 166 151  47 174  59 114 123
 213   0 220 145 167 117 216 177 169 215  33 148 107 209 165  73  43 171
  28  51 179 224 202  10  25 128 160 193 158  16 154  92 206   7 221  27
   5 192 164 170 135  60 132  23 118 183  30 190 200 210  65 102  94  87
 122  17 155 181  68  80  66   8 103 197 131  78  35  42 138 133  37 110
 147  71  84  48 120 198 180  38  90  67 144 150   9 176 125  70 127 162
  24 223  64  95  12  50  75 106 201  14  18 172  82  55 219  56 205 222
  63  58 112   2 208 146 194  98 115 214  88 129 157 126  93  26 184  11
 139   4  15  20  39 143 105  69 152 212  61 116  62 218 191 175  34 104
 225 137  52  40  22 124  86  97 199 159  21 141 121 130  36 203  57  49
 178 187 186  76  31 207  53 163 100 211  45  77 108   3 185 189 196  13
  81 119 156 136  74 188  29   1 142 195]
GPU0
set random seed!
finished RVND in 2.68483519554s
data-line;initial_solution;197010514;final_solution;6472317;time;2.68483519554;counts;474;fv;[];cv;[344, 87, 38, 3, 2];imp;30.4389469799
