pydf_home: /home/rodolfo/git/Sucuri
simple_pycuda_home: /home/rodolfo/git/simple-pycuda
wamca2016path: /home/rodolfo/git/wamca2016/
localpath: /home/rodolfo/git/dvnd-df/code/dvnd-df/src/
WAMCAPATH:/home/rodolfo/git/wamca2016/
Using already created file:  wamca2016lib.so
Size: 657 - file name: 06_d657.tsp
ns:  [<function <lambda> at 0x7f9c8be280c8>, <function <lambda> at 0x7f9c8be28140>, <function <lambda> at 0x7f9c8be281b8>, <function <lambda> at 0x7f9c8be28230>, <function <lambda> at 0x7f9c8be282a8>]
ns:  [<function <lambda> at 0x7f9c8be281b8>, <function <lambda> at 0x7f9c8be280c8>, <function <lambda> at 0x7f9c8be28140>, <function <lambda> at 0x7f9c8be282a8>, <function <lambda> at 0x7f9c8be28230>]
271265095-[250 308 498 410 474   5 473  10 236 429 462 524 183 507 436   7 275 617
 332 554 508  65 290 448 533 566 464 544  52 466 547 537 587 621  88 334
 333 143 219 397  19 120 109 322 115 435 427  29 122 414 131  56 583 154
 148  22  39  23 357 597 238  21 178 284 548 642 103 549  15 242 628 292
 272 570 502 506 556 518  14 611 483 652 638 216  77 368 441 304 336 224
 117 600 119 324 563  33 408 211  48 497 344   4  49 193 135  13 378 399
 239 434 437 360 614 596 136 227 161 342  41  43 185 100  83 616 637  54
 391  64 260 487 582 608 585 472 277  53 374 346 186 228 294 268 139 384
  75 191 445 632 326 468 635 128 438  67 411 291 546 310 588 352 141 197
 190 256 140 504  79  68  60 552 442 650 309 493 245 166 630 541 496 330
  32 273 153  84 325 283 181 258 369 194 300  69 270 415  17  16 482  96
 412 225  98 127 629 204 116 595 167  82 626 354 402 655 535 274 287   2
 241 380 248 526 615 539 358  47 262 512 230  61 203 293 477 318  27 489
 481  86 517 244 337 558 160 356  92 604 564 321 341 251  26 365 405 519
 379 624 431 370 575 579 114 212 257 576 651 613  40 446 515 247 500 454
 150 421 175 561 403 484 559 373 451 138 210  46 302 213 553  31 644 480
 184 252  70 317 598 232 372 187 398 118 249 192 104   6 521 586 264 393
  35 459  12 179 390 439 111 296 157 361 476 351 538 463  93 423 206 125
 195 488 386 443  24 623 235 338 406 417 377 132 323 413 173  89 229 455
 328 233 113 288   9 281 510  91 297 591 353 320 265 218 102 400 490 639
  34 314 149 182   3 155 151 426 366  51 631 485 649 162 383 163 345 640
 202 571 513 289 465 207  42  62 432 479 612  95 376 545 189 505 311 371
 578 620  18 319 226  85 499 603 418 110 215 424 312 306 531 574 199  80
  73 453 475 656  55 263 278 112 130 607 522 619 494 551 450  37 340 299
 565 528 350 428 560 176 147  97 126  74 460 584  25 237  66 589 433 573
 470 534 643 188 581 124 266 254 569  94 577 170  71 567   0 261 388 409
 641 267  76 478  58 231 172 363 146 223  45   1 315 276 105 602 171 129
 355 550 407 449 220  72 572 422 303 540 501 471 382  50 605 165 568 645
 456 592 282 331 327 594 295 133 123 557 347 532 234 425 467 217 527 279
 158 313 452 196 156 509 404 280 208 486 159 606 420 580 394 396  30  81
 243 392 440 514 636 523 457  36 200 259 610 301 627 253 444 349 401 107
 164 536 201 520 447 590 298  59 416 364 205 430 121  20 469 214 209  78
 106 367 634 335 362 174 530 389  57 529 177 601 654 491 145 653 359 381
 503 647 142  99 419 343 168  11 511  28 137 646 316 348 492  44 255 144
 240 222 618 525 593 329 625 648 198  87 307 134 180 152 375 169 516 622
 387 555  90 562 221 542 633 101 395 271 609 458 246 285 461  63 108 269
 305 495 339   8 385  38 543 286 599]
GPU0
set random seed!
finished RVND in 8.64636683464s
data-line;initial_solution;271265095;final_solution;14847065;time;8.64636683464;counts;829;fv;[];cv;[481, 218, 116, 12, 2];imp;18.2706208264
