pydf_home: /home/rodolfo/git/Sucuri
simple_pycuda_home: /home/rodolfo/git/simple-pycuda
wamca2016path: /home/rodolfo/git/wamca2016/
localpath: /home/rodolfo/git/dvnd-df/code/dvnd-df/src/
WAMCAPATH:/home/rodolfo/git/wamca2016/
Using already created file:  wamca2016lib.so
Size: 226 - file name: 03_pr226.tsp
ns:  [<function <lambda> at 0x7fb703e0b0c8>, <function <lambda> at 0x7fb703e0b140>, <function <lambda> at 0x7fb703e0b1b8>, <function <lambda> at 0x7fb703e0b230>, <function <lambda> at 0x7fb703e0b2a8>]
ns:  [<function <lambda> at 0x7fb703e0b1b8>, <function <lambda> at 0x7fb703e0b2a8>, <function <lambda> at 0x7fb703e0b230>, <function <lambda> at 0x7fb703e0b140>, <function <lambda> at 0x7fb703e0b0c8>]
192949724-[206   5  31 109   6  82 152 210 112 181  43 221 167  69  22 196  90  87
  99  79 193 203 146 156  26   1 164 147 218 150 118  81 194   4 182 162
 213  32 105 187 120 180 199 124 116 115 138 106 121 133 110 168  63  12
  58 160  62 143 204  20 201 170 198  78 129 135 158  36 142 127 157 224
 209 216 161 173 189 208  55  67 220  96 166 125 219  51  28  88 139  47
 200  95  93  91 108  73 185  68 202 163  53  17 174 140  44 191  23 215
 197  56 159  11 137 122 101 184 190  59  65 176 223  35 134 130   3 155
  34 107 211 178 149  60  45 141  74 222 207  48   7  86 175  92 119 148
  38  66 165 169 100 111  84   9  30 117  71  33  21 114 104  18  15  70
   2 217  16 186  50 131 205 103  13 177  29 172 128 132 225  19 145  14
 153  39  42  24 136  80  40  57 183 144  27 102  10  89  85  72  37 123
 192 151  64  46   0  98  94 212 113 195 171  77 214 179  75  83 188  41
  54 154  49 126   8  25  76  61  52  97]
GPU0
set random seed!
finished RVND in 2.63187479973s
data-line;initial_solution;192949724;final_solution;7177509;time;2.63187479973;counts;475;fv;[];cv;[415, 43, 13, 2, 2];imp;26.8825471344
