pydf_home: /home/rodolfo/git/Sucuri
simple_pycuda_home: /home/rodolfo/git/simple-pycuda
wamca2016path: /home/rodolfo/git/wamca2016/
localpath: /home/rodolfo/git/dvnd-df/code/dvnd-df/src/
WAMCAPATH:/home/rodolfo/git/wamca2016/
Using already created file:  wamca2016lib.so
Size: 783 - file name: 07_rat784.tsp
ns:  [<function <lambda> at 0x7ff81d1ae0c8>, <function <lambda> at 0x7ff81d1ae140>, <function <lambda> at 0x7ff81d1ae1b8>, <function <lambda> at 0x7ff81d1ae230>, <function <lambda> at 0x7ff81d1ae2a8>]
ns:  [<function <lambda> at 0x7ff81d1ae140>, <function <lambda> at 0x7ff81d1ae2a8>, <function <lambda> at 0x7ff81d1ae1b8>, <function <lambda> at 0x7ff81d1ae0c8>, <function <lambda> at 0x7ff81d1ae230>]
69789769-[435 517 718 208 437 469 465 526 202 564 755 255 732 538 172 511 719 145
 102 631  39 401 586 338 597 523 621 760 567 603  57 640 736 617 486  96
 433  25 218 499 766 256 182 616 663 365 214  38 277 195 480 742 372 345
 730   3 230 224 629 150 456 164 464 528  28 363  12 594 285 243 455 370
 390 558   8   4 319 481 412 274  49 618 515 205 295 525 104 279 648 374
 434 549 366 697 705  18 260 141 138 727 739 514 155 329 482 219 415 711
 258 683 642 461 476 709 105 602  75  94  23 495 330 652 479 702 194 454
 699 436 254 162 772 131 241 373 667 703 174 774 259 160 693 566 662 192
 518 779 694 191 211 477 547 429 228 647 325   9 142 744 125 497 749 666
 340 379 424 467 534 575 428   5 249 234  16 573 189 713 725 516   7 213
 310 106 582 161  86 307 176 227  13 444 708 253 584 368 118 674 653 734
 610 664 438 624 576 452 146 350 406  74 121 268 280 670 327 116 691 178
 593  54  27 113 589  55 384 768 292  29  73 493 562 115  41 426 669 595
  24 114 149 296 212 383  65 356 159 321  11 615 187 120 271  76 673  85
 470 678 507 200 215 399 333 536  70 729 659 561 688 283 109 620 139 316
  17 660 380 302  63  81  10 137 217 498 421 524 738 262 764  89 689  91
 132 731 765 746  66 165 299 351 186 542 377 203  82 550 608 347 632 238
 626 527 157 592 324 487 240 143 257 237 248 134  90  78 563 153 442 266
 378 364 634 313 298 696  58   2  32 359 680 512 757 490 473 539 782 225
  42 587  35  95 501 706 342 446 698 158 551 639 413 397  43 432 395 601
 769 273 136 625  80  60 124 614 188 583 339 232 568 522 715 643 716 596
 246 369 687 140 695  45 216 684 127 416 644  22  99 585  98 762 443  14
 129 419 196 637 489 753 334 408 646 484  84 393 483 337 619 177 557 181
 108 346 606  97 247  92 712  21 250 152  30 223 650 737 503 675 649 314
  37 423 508 107 231 358 572 485 169 661 707 278 460 462 552 571 367 344
 354 720 658 655  15 303 293 668 496 440 371 387 281 222 272 588 190 570
  52 407 633 409 221 468  48 580 449 754  77 439 530 335 537 466 519 590
 100 251 417 599 717 425  59 128 311  50 261 724  64 288 309 463 690 710
 154 352   0 361  53 331 360 198 328 355 635 170 604  83 209 206 521 430
 323 167  72 472 123 276 750 494 144 180 392 336 458 533  93 478 245 135
 728 645 101 781  56 529 418 447 343 348 398 502  46  34 305 207 376 598
  19 686 264 535 778 560 183 453 185 308 723  40  33 388 147 304 622 411
 282 389 748  68 117 317 173 448 770 613 745  47 341 420 290 509 607 628
 353 122 410 510 229 236 638 733 193 450 156  71 445 767 199 226 544  69
 627 554 681 758 612 459  67 773 103 504 505 289 110 488   6 776 574 747
  79 400 375 112 210  36 540 545 726 600 163 701 312 500  88 685 743  31
 386 111 692 441 636 531 133 672 269 332 671 287 263 577 294 565 763 427
 752 581 735 275 751 291 700 676 381 391   1 349 130 722 641 555 651 677
 721 665 402 654 175 775 239 151 300 184 553 682 235 492 301 403 322 286
 265 605  51 611 740 506 326 474 679 171 168 270 591 284 362 780 404 220
 267 704 556 546  61 244 543 513 475 396 233 457 623 306 166 471  26 657
 777 741 315 431 204 382 771 357 569 242  44 148 197 761  62  20 532 119
 714 414 579 548 491 609 297 385 405 201 126 320 422 656 559 759 179 578
  87 451 756 318 394 541 520 630 252]
GPU0
set random seed!
finished RVND in 11.802683115s
data-line;initial_solution;69789769;final_solution;3457405;time;11.802683115;counts;941;fv;[];cv;[556, 245, 125, 12, 3];imp;20.1855926627
