pydf_home: /home/rodolfo/git/Sucuri
simple_pycuda_home: /home/rodolfo/git/simple-pycuda
wamca2016path: /home/rodolfo/git/wamca2016/
localpath: /home/rodolfo/git/dvnd-df/code/dvnd-df/src/
WAMCAPATH:/home/rodolfo/git/wamca2016/
Using already created file:  wamca2016lib.so
Size: 657 - file name: 06_d657.tsp
ns:  [<function <lambda> at 0x7fece9d310c8>, <function <lambda> at 0x7fece9d31140>, <function <lambda> at 0x7fece9d311b8>, <function <lambda> at 0x7fece9d31230>, <function <lambda> at 0x7fece9d312a8>]
ns:  [<function <lambda> at 0x7fece9d31230>, <function <lambda> at 0x7fece9d310c8>, <function <lambda> at 0x7fece9d312a8>, <function <lambda> at 0x7fece9d311b8>, <function <lambda> at 0x7fece9d31140>]
290498220-[169 131 213 432 573 139 570  53 475 645 504 190 427 375  45 593 388 506
 328  33 163 656 648 497 514 112 116 186 620 525 192 538   6 319 349 564
 105 194 129  26  51  47 225 451 565 124 314 533 417 106 166 167 518 615
 171 536  66 407  73 597 338 457  64 256 259 200  90 156 307  43 435 161
 640 486 217  16 332 366 189 440  19 422 488 574 206 266 191 583 196 458
  15 449 236 409 468 136   4 562 303 325 572 624 646 337   8  42 271 601
 242 629 313 554 295 639 253 305 179 618 478 323  23 434 159 410 563 584
 423 316 304 240 280 347 373 531 132 101 491 333 145 309 188 513  76 419
 635 197 372 494 630 348 215 641  55 528 231 477 228 292 403 272  87 247
 187  63 287 107   5 571 324  29  11 364 331  49 390 374 376 500 404 588
   7  17 474 586 343 168 279 429 543 151 480 402  72 649 241  36 258 178
 446 175 104 185 342 632  61 577 270  28  57 281 153 619  54 381 278 433
 385  92 311 111 655 569 622 223 363 320 447 122 548 595 541 445 239 413
 172 199 177 359   9 425 498 534  30 268 579 612 296 283 183 598 469 318
 118 545 351 492 526 387 181 308  32  84 144 566 642 137 250 214 483 221
  89 149  65 516  58 431 532 438 482 173 540 520 340 397 301 408 487 502
  75  13 599 522 605 623 637 378  35 631 652 470 260 626 539  71 120 302
 341 633 212  79 353 369 339 582 193  44 552 317 115 496 298 420  46 443
 616   3 418 128 450 134 517 621 653 589 350 576 362  78 524 119 269 467
 273 142 581 261 393  50 234 383 140 158 321 312  97 546 282 614 466  39
 406 275 401 557 603 537 135 201 439 202 148  62 371 542 398 274 232 198
 184 556 448 211 222 288  34 527 606 123 394  24 602 481 490  93 277 471
 485 461 503 628 243 103 354 357 611 634 329 456 367 654   2 613 264 182
 150 334 146 426 326 430 442 377 578 561 255 251 224 121 384 493 291 262
 345 414 246  27 152 547 544 344 462 617 290 396 286 505 110 560 444 358
 263 575 389 155 650 227 436 265  83  52 210 495 102 519 530  95 165 257
 596 100 306 294 460 109  18 499 594 476 237 245 590 607 133   1 479  70
 651 452  81 284  21 638 355  94 147  86 580 126 600 219 521 203 335 382
 473  99 391 310 226 365  60 216 610 529   0 392 627  25 336 315 395  88
  12  40 591 267 636 249  56 647 143 441 141 293 254 180 289 204 164 512
 553  96 218 230 160 220 585 421  37 608 368 555 233 472 238 415 114 508
  48 154 248 568 428 108 511 205 244 346 138 604 412 379 489 130  59 208
 523  82 127  38 276 405 437 327  68 567 454 559 501 285 252 356 535 464
  41 465 455  98 207 174 411 360 587 370 416 352 459 297  85 380 170 400
 592  31 195 299 643  80 550  14 117 625 361  10 162 609 424 157 125  77
 176 322 113  67 453 399 515 300 507  91  20 644 229 549 235 484 386 509
 209  22 510 551  74  69 463 330 558]
GPU0
set random seed!
finished RVND in 8.22969198227s
data-line;initial_solution;290498220;final_solution;14376202;time;8.22969198227;counts;802;fv;[];cv;[491, 195, 102, 11, 3];imp;20.2068821793
