pydf_home: /home/rodolfo/git/Sucuri
simple_pycuda_home: /home/rodolfo/git/simple-pycuda
wamca2016path: /home/rodolfo/git/wamca2016/
localpath: /home/rodolfo/git/dvnd-df/code/dvnd-df/src/
WAMCAPATH:/home/rodolfo/git/wamca2016/
Using already created file:  wamca2016lib.so
Size: 501 - file name: 05_TRP-S500-R1.tsp
ns:  [<function <lambda> at 0x7f9308d3f0c8>, <function <lambda> at 0x7f9308d3f140>, <function <lambda> at 0x7f9308d3f1b8>, <function <lambda> at 0x7f9308d3f230>, <function <lambda> at 0x7f9308d3f2a8>]
ns:  [<function <lambda> at 0x7f9308d3f1b8>, <function <lambda> at 0x7f9308d3f0c8>, <function <lambda> at 0x7f9308d3f2a8>, <function <lambda> at 0x7f9308d3f140>, <function <lambda> at 0x7f9308d3f230>]
32567702-[161  72 363 252 268 151 431 244 212 139 133 215  88 240 147 269  56 387
 342 373 485 320 119 367 500 384  53 327 491 264 306 230 329   8 353 316
  28 298  33 275 187 104  17 402 449 155 186   2 358  76  15 260 407 128
 444 153 279  13  62 372 238 368 296 166  85 421 120 207 125 385 347 454
 460 430 399 281 294 349 395 293 152 434  12 234 149  71 289 235  96 103
  46 197  95 203  86 433 210 376 173 380  80  21 292 278 313  92 106  38
 398  89 181 375 110  19 424 259 239 341 184 282 468 392 415 324 255  73
 154   6  75 199 346 440 445 170  44 498  23 257 393 177 325 214   7  41
 412 339 216  39  34 217 336 494 323 364 394   9 465 348 405 121 474 343
 179 168 265 496  52 317 134  37  31  58 337 243  10 469 246 483 288 274
 311 107 471 420 108 458  40 142 443 429 427 302 280 482 456 291 467  90
  68 251 261 237 195 228  26 158 208 220 352 254 356 112 163 295 453 126
 391 271 414 172  32 183 209 389  66 417 423  98 315 256 416  93 118  35
 383 466 191 178 355 450 277  70 340 122 305 270 167   0 283 131 116 419
 314 192 418 360  24 473  29 157 333  11 328 190  48   3 111 204 310 472
 196 266 113 404 171 495 297  67 486 205 403 377 156  82 248  81 148 225
 146 127 242 386  74 169 123  61 160 451 447  64 426 408 141 448 411 369
 304 241 115 487 437 475 231 140  18  91 413 452 287 479 267 284  57 226
  84 378 439 258  27  69 365 462 222 480 211  65 227 101 200 189 308 130
 357 218 253 332 137  77 388 335 309 330  60 129 492 182 138 435 410 198
 213 457 124 476 144  59 488 350  54 233 150  63  22  83 432 286 374 401
 459 301  43 318 221 422 331   4 406 461 362   5 117 159 312 109 174 188
 100 321 245 463 145 370 229 143 102 162 175  97 484 400  99 438 354  55
  87  20 262 441 490 223 272 464 180 489 132 397 201  51 285 359  79 379
  16  30 344 135 345 176 224 276 303 249 361 326 185 250  45 366 290 319
 322 477 396 307 371  36 497 382   1  94 263 165 334 136 273 206  47  14
 247 202 351 493 409 232 338 164  78 428  49 470 436 236 299 381  50 300
 194 193 499 105  42 425 455  25 114 481 219 478 442 390 446]
GPU0
set random seed!
finished RVND in 4.86817002296s
data-line;initial_solution;32567702;final_solution;1992785;time;4.86817002296;counts;634;fv;[];cv;[374, 170, 80, 8, 2];imp;16.3428076787
