pydf_home: /home/rodolfo/git/Sucuri
simple_pycuda_home: /home/rodolfo/git/simple-pycuda
wamca2016path: /home/rodolfo/git/wamca2016/
localpath: /home/rodolfo/git/dvnd-df/code/dvnd-df/src/
WAMCAPATH:/home/rodolfo/git/wamca2016/
Using already created file:  wamca2016lib.so
Size: 226 - file name: 03_pr226.tsp
ns:  [<function <lambda> at 0x7fcc300340c8>, <function <lambda> at 0x7fcc30034140>, <function <lambda> at 0x7fcc300341b8>, <function <lambda> at 0x7fcc30034230>, <function <lambda> at 0x7fcc300342a8>]
ns:  [<function <lambda> at 0x7fcc300342a8>, <function <lambda> at 0x7fcc30034140>, <function <lambda> at 0x7fcc300341b8>, <function <lambda> at 0x7fcc30034230>, <function <lambda> at 0x7fcc300340c8>]
189262024-[ 72  61 161 119   6  29  77 138 136  89  39  79  47 225 222  56 159 105
 173  28 194  85 139   0 104 177 125  23 190  97  37  92  27  31  52 215
 179  58 192 185  42 124 126  94  54 114 166 153 113 175  67 127 198 186
 223 111 217  10  76 121  88 150 208 184 131 221 216 218 211 181  73 115
  34 220 116 169 164  35  14 209 196   2 203   9 147 155 178 160 151  19
 193  64  84  62 144 165 197  82  20 107  51  12  60   8 205  38 128  96
 112 206 201 170 171  17 200 182  65 101 158 143  99  41  49 162  87   1
 146  95  43 213 195  24 189 168  21 130  90  25 157 187 118  59 122  66
 214 102 183 148 204 145  53  70   4  86  22  13  50  32 100 174 110  80
 188 103  18  91 123  63  30  83 120 207 142  45   5  78 199 108 224  93
  81 180  16  44  55 106 191  48  36 152  75 176 202   7 109  40 133  98
 149   3 141 154  26 212 167 129 210  68 140  71 134 156 117 135 172  74
 137 132  57  69  33 163  46  15  11 219]
GPU0
set random seed!
finished RVND in 3.50375008583s
data-line;initial_solution;189262024;final_solution;7548886;time;3.50375008583;counts;550;fv;[];cv;[501, 38, 9, 1, 1];imp;25.0715170424
