pydf_home: /home/rodolfo/git/Sucuri
simple_pycuda_home: /home/rodolfo/git/simple-pycuda
wamca2016path: /home/rodolfo/git/wamca2016/
localpath: /home/rodolfo/git/dvnd-df/code/dvnd-df/src/
WAMCAPATH:/home/rodolfo/git/wamca2016/
Using already created file:  wamca2016lib.so
Size: 318 - file name: 04_lin318.tsp
ns:  [<function <lambda> at 0x7fc3c0e180c8>, <function <lambda> at 0x7fc3c0e18140>, <function <lambda> at 0x7fc3c0e181b8>, <function <lambda> at 0x7fc3c0e18230>, <function <lambda> at 0x7fc3c0e182a8>]
ns:  [<function <lambda> at 0x7fc3c0e181b8>, <function <lambda> at 0x7fc3c0e18230>, <function <lambda> at 0x7fc3c0e180c8>, <function <lambda> at 0x7fc3c0e18140>, <function <lambda> at 0x7fc3c0e182a8>]
91879086-[202 203 189 297  10  16 153 267  24 143  29 190 300 127 228  77 248  94
  79  65 204 244  75  33 182  44  84  32 304  76  85  56  36  50  87 290
 288  12 154  57 166 243  61 219 261   7 105 276  72  97 191 294 282  38
 170 258 211 238 126 215 103 131 162 100 129 285 159  41  74 223 167  28
 115  55  54 201  86  23  88 280 246 188  73  51 313 226 108 286 305 169
 295 293  40 237 241 274 315 122 187 209  37 216 180  22 145  83 253  81
 251 111  70 252  99 114 239  27 109 227  21 205   2 220 142 224 206 200
 217  92 234 260 158   9 308 175 236 255 198 278  82  13  31 197  63 316
 174  66 176  59 207 289 128 148  47 155 139 299 149 147  60 270 249 262
  15 163 101  18 312 183 119 210 157 225 309 120 135 181 272 292 136   0
  35  67 185 229 178 130 124 193 146 137  30 314  17 273 306 107 235 303
  91 279 196 231  11 242 173  48  20 164  71 179 144 265 192 117 186  39
  95 195 212  90 133 259 287 168 232  49 213 151  14 264 106 116 138 271
  68 269 240 156 118  93 134  43  19 247 140   4 256 177 141 199 150 307
 171 132  62   8  53 160 233  34 266 161 172 221  52 112  96 250 165 230
  78  89  45 152 302 268  64  42   3 184  25 291 218 311 281  69   5  26
 104 194 254 110 284 296 102 121 123   1 125 257 245  58 277 263   6  80
 317 214  46 208 310 298 222 283  98 301 275 113]
GPU0
set random seed!
finished RVND in 2.67057394981s
data-line;initial_solution;91879086;final_solution;6120672;time;2.67057394981;counts;433;fv;[];cv;[265, 111, 44, 9, 4];imp;15.0112742522
