pydf_home: /home/rodolfo/git/Sucuri
simple_pycuda_home: /home/rodolfo/git/simple-pycuda
wamca2016path: /home/rodolfo/git/wamca2016/
localpath: /home/rodolfo/git/dvnd-df/code/dvnd-df/src/
WAMCAPATH:/home/rodolfo/git/wamca2016/
Using already created file:  wamca2016lib.so
Size: 783 - file name: 07_rat784.tsp
ns:  [<function <lambda> at 0x7f459208c0c8>, <function <lambda> at 0x7f459208c140>, <function <lambda> at 0x7f459208c1b8>, <function <lambda> at 0x7f459208c230>, <function <lambda> at 0x7f459208c2a8>]
ns:  [<function <lambda> at 0x7f459208c0c8>, <function <lambda> at 0x7f459208c2a8>, <function <lambda> at 0x7f459208c140>, <function <lambda> at 0x7f459208c1b8>, <function <lambda> at 0x7f459208c230>]
69083227-[428 245 669 293 513 234 674 629 110 705 751 278  62  58 239 133 770 717
 749  56 645 444 357 131 639 544 149  44 336 557 405 244 387 426 505 360
 132 385 592 711 435 189 406 376 328 474 298 322 536 580 229 642 109 501
 617 650 200 606 249 155 350 466  64 221 370 740 356 715  66  80 665 651
 449 662 664 525 258 253 194 768 572  82  74 730 384 755 213 671 702 236
  75 188 593  51 691 687 763 782 285 277 250  71 377 118 372 726 338 366
  15 209 381 416 321 398 539  73 138  20  26 529 254 660 224 712 597 379
 383  55 752 175 251 157 116 587 413 759 443 610 679 141 555 414 663 700
 452 316 504 422 680  72 450 746 180  43 558 502  61 653 724 272 565 347
 348 697 427 571 487 540 335 690 526 318 365 537 616 631 546 431 743 475
 237 432 667 742 142  32 436 353 490 522 589 548 647 493 471 644 346 120
 488 343 202 745 243 165 523 683 310 273  36 585 260 469 292 174 195 512
 721 192 257 473 538 265 457 121  29 169 626 527 554 543 407  84 567 262
 163 190 100 556 720 723 344 628 503  42 123 393   0 225 773 186  69  52
  59  68 753 598 533 534 652 520  39   5 152 542 215 317 361 756 472 516
   6 410 256 710 624 758 364 454 765 599 160  17 424 498 460 489 231 707
  23 389 352 465 445 112 402 682 154 595 769 708 303  57 552 183 434 358
 329 771 532  19 566 181  78 492 591 703 312  18 607  47 482 139 166 299
 191 140 311 327 547 582  46 345 608  81 778 578 296 230 227 447 282 418
 373  49 747  54 337 107 734 535 314  10 560 425 737 392 569 678 284 762
 611 704 553  22 136 382 252 672 375 675  41 269 531 408 568  35 694 604
 306 137 499 486 641 177 619  48  11 326 545 323 485 313 549 415 451  86
 103 171 222 453 319  87 685 433 266 198 378 420  92 581 289 693 777 464
 716 354 274 480 521  50 124 718 658 655 656 764 417  60  31 201 128 497
 757 461 409 129 179 287 528 173 760 775 657   8 211 550 738 127 102 390
 706 176 403  79 255  94 744 301 673 514  88 172 440 369 635 399 709 754
 509 291 739  93 126 147 380 530 634  95 162 632 437 496 212 729  98 114
 780 781 150 510 573 206 748  77 430  45 439 219 767 618 481 462 750 583
 153 476 731 579 106 586 621 309 625 308 105 101 643 144 341 117 446 349
 666  34 238 441 588 659 119 615  16   4 640 577 168 104 268  85 600 412
 438 218 735 217  14 367   2 232 695 241 355 633 766  63 620 374 125 636
   1 563  24 363 692 223 648 397 701 307 649 596 614 280 646 290 562  40
 159  96 714 590 564 612 411 676 130 470 158 226 342 315 722 761 506 681
 146 698  28 696 151 630 240 776 204 584 368 184 122 371 576 351 199  37
 725 603 670 182 627 391 574 235 508 156 395  76 423 145 736 362 661 575
 185 524 247 459 494 442 699 594 638 458 248 281 605 205 148 286 779  89
 419 551 467 197 276 333 519 515 332  38 728 135 719 518 455 733 216 359
 208 613 233 388  97  65 325 283 267 668 463 478 609 541 654 263 559 261
 203 143 561  13 302 448 134 517 468 477 741 193  91 288  25 479 305 220
 386 396 300 404 684 732  53 246 242 167 500 334 688 429 622 727 491 340
 484  12 259  70 637 304  27 295   3 271 689 601 394 331 339 187  30 279
 623 196 207 228  83 113 677 686 570 164 772 170 294 210 713 111  33 400
 108 115   9 178 324 214 495  99 456 275 161 270  90 602 421  67 507 330
 297 264   7 401 483  21 774 320 511]
GPU0
set random seed!
finished RVND in 12.9383249283s
data-line;initial_solution;69083227;final_solution;3411288;time;12.9383249283;counts;1031;fv;[];cv;[625, 270, 125, 9, 2];imp;20.2513616558
