pydf_home: /home/rodolfo/git/Sucuri
simple_pycuda_home: /home/rodolfo/git/simple-pycuda
wamca2016path: /home/rodolfo/git/wamca2016/
localpath: /home/rodolfo/git/dvnd-df/code/dvnd-df/src/
WAMCAPATH:/home/rodolfo/git/wamca2016/
Using already created file:  wamca2016lib.so
Size: 501 - file name: 05_TRP-S500-R1.tsp
ns:  [<function <lambda> at 0x7feffc6760c8>, <function <lambda> at 0x7feffc676140>, <function <lambda> at 0x7feffc6761b8>, <function <lambda> at 0x7feffc676230>, <function <lambda> at 0x7feffc6762a8>]
ns:  [<function <lambda> at 0x7feffc6762a8>, <function <lambda> at 0x7feffc676140>, <function <lambda> at 0x7feffc6760c8>, <function <lambda> at 0x7feffc6761b8>, <function <lambda> at 0x7feffc676230>]
32084410-[ 34 334 191 396 231 259 155  93 106 384  90 379 278 132  85 337 117  44
 312 447 246 185 387  61 359  99 313 107 303 307 349 459 145 227 247 275
 251 273 241 477 495 368 487 236 162 182 309  20 324 254 165 225 252 228
 348 393 122 174 369 468 136 184 490  59 129  13 480 469 121 130 470  29
 325 320 435 311 318  81  80 177 295 220 370 497 277 187 151 125 103 282
 267 264 441 169 358  42 448  78 492 491 479 153 386 373 488  56 420 391
 364 407 499 352 342 143 474 323 361  86 452 449 327 439 362  75 398 500
 380  74  69 249  10 341 209 460 363 163 463 399 240 425 498 170 397  54
 105 212 248 219 128 183 100 330 226 168 229 218 292  94 481 189 326 115
 290 261  84 114  58  53 197 433   5  32 405 239  96  68 111 308  88 340
  39 450  87 199 454  21 215 296 281 194  38 457 353 140 149 306 357 329
 332 118 300 234 298 466 289   8 464 294   9  66 211  45 319 430 245 109
 446  70 453 473 485  64 345 301  82 419 478 101 494  26 134  25 427 402
 346 465 395 388 271  51  36 413  46   0 262 201  16 476  48 462  89 210
 394 385  52  71  76   4   3  18  97  12 123   7  23 408  95 113 377 437
 415  33 444  17 156 133 351 355 336 213 135 167 456  35 224 417 343 269
 242  41 207 161 137 255 493 333 232 472 214  77  14 203 258 112 178 250
 158 160 195 110 366 126 482 119 164  27 304 157 102  91 484 257  72 127
 483  98 302 265 216 287 181 171 116 344 443  22 339 451 428 284 455  50
 222 315 367 192 411 350 331 382 286 400 317  15  37 206  62 461 268   1
 159 188 445 471 256 104 291 404 238 243 280 108 190  47 434 233 175 354
 383 230 196  73 401 496 152  57 424 321 375 179 392 360 141 310 418 276
 421  92 378 328 279 131  24 458 148 244 202 144 335 172 283 429 475  28
 438 414 305 176 374 406 376 409 316 288 356 293 389 365 426  43  63 139
 467 217 440 263 173 120 314 147 489 200 235  30 237 253  67 266 390 442
 285 422  79 347 150 371 381 436  60  55 410   6  83 208 403 431 221 142
 297   2  40 432 412 166 274 372 154 299 186 180 198 205 338 223 146  49
  11 260 272 423 486  31 416 322 204 138  65 193 270  19 124]
GPU0
set random seed!
finished RVND in 4.98654794693s
data-line;initial_solution;32084410;final_solution;1961710;time;4.98654794693;counts;670;fv;[];cv;[391, 180, 85, 11, 3];imp;16.3553277498
