pydf_home: /home/rodolfo/git/Sucuri
simple_pycuda_home: /home/rodolfo/git/simple-pycuda
wamca2016path: /home/rodolfo/git/wamca2016/
localpath: /home/rodolfo/git/dvnd-df/code/dvnd-df/src/
WAMCAPATH:/home/rodolfo/git/wamca2016/
Using already created file:  wamca2016lib.so
Size: 318 - file name: 04_lin318.tsp
ns:  [<function <lambda> at 0x7fb088d2b0c8>, <function <lambda> at 0x7fb088d2b140>, <function <lambda> at 0x7fb088d2b1b8>, <function <lambda> at 0x7fb088d2b230>, <function <lambda> at 0x7fb088d2b2a8>]
ns:  [<function <lambda> at 0x7fb088d2b230>, <function <lambda> at 0x7fb088d2b0c8>, <function <lambda> at 0x7fb088d2b2a8>, <function <lambda> at 0x7fb088d2b140>, <function <lambda> at 0x7fb088d2b1b8>]
95733221-[ 88 107  71 237 295   4 293  36 171 113  47  89 181 212  42 242  29 152
 251 197 280  20 167 218  78 144 233 206  63  12 289  50  11  53 196 258
 267 120 128 202 130 161  90 230  43 175  19 301 140 276 292 259  35  15
  18 226 131 111 232  73 101  41 121 264 189 115 203 272 229 255 170 100
 177 268 304 180  79 117  52 122 150 208 305  57 149  13 290 204 138  30
  59 279 129 262 257  54   5 216 244 270 253 241  98  16 252 165 119  77
 260 306  80 236 205 302 269 316 201 248 109  56 298 193 123  17  46  82
  99 160 223 239   9 146 210  26  48 141  49   0 174 312  25 297 273  91
 311 246 243  65 215 116  37 188 222 263  67 172  14 142  66 110 124 224
  83 135  68 307 127  40  27 219  22  21 211 153 294  62  34 157 317  74
 151 300  72 286 254  86 162 271 277  69 282 186 200 288 314 275 103 284
 169  44 287 106 179 158  51 225 134  85  87 309 125  84 234 191 274 291
 313 185  95 214 195 256 176 192 154  55 283 261  58 228 221 217 132 182
 250 102 194   7  45 190 310 168 265 278  60 143 178 281 266 147  33 235
 207  24 299 159 187 238  61  64   6 209 227 155 245 136   2 303  70 296
   3  81 137 118  76 108 139  28 198  93  39   1 240 145 173 199 213  92
  23 315 105 231 308  94 133  31 166 249   8 184 247  32 114  97 164  38
  96 126  10 156 104 163 112 148  75 285 220 183]
GPU0
set random seed!
finished RVND in 3.27023005486s
data-line;initial_solution;95733221;final_solution;6053009;time;3.27023005486;counts;430;fv;[];cv;[277, 96, 49, 7, 1];imp;15.8158068161
