pydf_home: /home/rodolfo/git/Sucuri
simple_pycuda_home: /home/rodolfo/git/simple-pycuda
wamca2016path: /home/rodolfo/git/wamca2016/
localpath: /home/rodolfo/git/dvnd-df/code/dvnd-df/src/
WAMCAPATH:/home/rodolfo/git/wamca2016/
Using already created file:  wamca2016lib.so
Size: 783 - file name: 07_rat784.tsp
ns:  [<function <lambda> at 0x7fe31c0b00c8>, <function <lambda> at 0x7fe31c0b0140>, <function <lambda> at 0x7fe31c0b01b8>, <function <lambda> at 0x7fe31c0b0230>, <function <lambda> at 0x7fe31c0b02a8>]
ns:  [<function <lambda> at 0x7fe31c0b01b8>, <function <lambda> at 0x7fe31c0b0230>, <function <lambda> at 0x7fe31c0b00c8>, <function <lambda> at 0x7fe31c0b02a8>, <function <lambda> at 0x7fe31c0b0140>]
70539455-[248 582 605 442 123 448  30 558 206 391 141 687 671 254 242 537 322 293
 713 585 324 241 612  16 440 117 353 518 741 588 122 374 589 526 127 133
 376 696 224 264 567 528 182 745 615 174  78 150 676 474 128 523 155  70
 652 330 434 472 290 210 320  33 314 268 323 708 580  46 535 131 197 759
 527 560 240 451 436 733 463 471 372 284  20  84 120 291 298 143   1 631
 216 156 555 772  76 454 334 521 597 251 332 344 530 109 288 432 275 118
 165 116  75 677 756 172 702 554 125 722 179 192 590 483  61 101 532 414
 441 610 763 295  83  49 577 466 658 508 725 569 738 573 489  50 193 596
 393 105 450 681 467 218 636 138 694 766 250 594 664 365 232 359 685 519
 699 402  31 485 282  55 281 525 476 130 724 318 276  64   6 331 646 369
   4 191 366 183  18 497 470 258 742 377 386 171 770 219 492 350 505 410
 363 563 617  77 292  19 425 112 611 221 673 551 633 257 335 407 168 233
 721 689 185 732 246 164 629 356 220 665 729 480 152 601 395 304  72  53
 199 659 390 639 556 650 640 499 747 147  10 349 672 267  39 715 773 411
 256  97 457 227 743 536 277 177 541 504  80 329 302 663 159 212 187  90
 205 637  47 507  68 452  43 739  22 315 236 607   0 149 424 300 760 311
 188  63 308 700 360 540 419 765 107 297 529 705 169 367  92 579 352 108
 496  37  29 495 247 262 649  42 180 433 730 144 514 538 379 285 403 420
 654 237 166 697 222  48  60 301   3 234 310 533 562 735  54 245 666  14
 781 522 354  93 539  13 400 777 413 317 396  26 531 103 648  36 404 657
 712 769 598 510 309  24 776 678 306 746 761 719 642 208 691 618 576 124
 695 753 445 599 550 326 500 542 651 572 628  98 516 602 606 198 478  59
 679 163 207 405 423 102 429 328 110 460 437 243 493 534 751 397 552 229
 565 621 340  12 421 357 670 203 634 418 303 716 196 226 564 479 235 351
 106 438 238 494 740 175 737 487 176 584   2 704 263 252 153 561 575 509
 462 378  66  69  58 371 190   8 136 632  32  95 428 213 200 655  91 774
 446 752 543 667 557  81 385 316 343 286 215 614 283 749 260 731 644 674
 604 706 707 750 355 755 132 662 613 383 280 443 626 225 114 511 616 211
 345 757 744 717 313 682 273 336 748  71  23 287 167 603  82  65 239 375
  51 498 173 675 228   5 381 157 544 728 647 408  38 517 387 307 181 338
 653  27 348 720 771 449 412 321 553 619 426  34 688 299 574 388 154 415
 736  86 259 319 524 513 265 502 339 578 459 139 571  79 684  35  62 546
 698 271 274 272 337 624 347 710 638 137  88 465 453 161 545 458 549 121
 119 401 195  44 223 481 461 186  15 142   7 680 782 475 668  40 416 435
 622 158 444 548  56 754 464 512 189 780 718 398  85  17 358 289 625 593
 734 431 645 683 296  41 568 111 113   9  89 346 520 430  11 701 368 643
 145 427  52 656 583 217 162 641 100 178 620 491 399 669 469 214 581 586
 566 134 394 778  45 115 140 361 709 209 630 482  57 382 727 266 723 364
 477 762 362 764 406 488 775  99 151 660 484 547 779 305 623 447 370 501
 767 148 609  74 726 104 714 253 170 204 341 703  96 327 758 711  25 768
  21 627 146 422 635 384 194 559 661 269 455 486 473 380 417 503 608 592
 231 270 135 591 325 249 261 333 244 126 456 184 129 595 160 468 373  94
 392  28 515 490 686 312 202 506 409  87 600 587 230 692  73 690 279 278
 389 255 342 201 570 439  67 693 294]
GPU0
set random seed!
finished RVND in 10.5821838379s
data-line;initial_solution;70539455;final_solution;3477773;time;10.5821838379;counts;853;fv;[];cv;[511, 225, 97, 16, 4];imp;20.2829382481
