pydf_home: /home/rodolfo/git/Sucuri
simple_pycuda_home: /home/rodolfo/git/simple-pycuda
wamca2016path: /home/rodolfo/git/wamca2016/
localpath: /home/rodolfo/git/dvnd-df/code/dvnd-df/src/
WAMCAPATH:/home/rodolfo/git/wamca2016/
Using already created file:  wamca2016lib.so
Size: 226 - file name: 03_pr226.tsp
ns:  [<function <lambda> at 0x7f743a7bb0c8>, <function <lambda> at 0x7f743a7bb140>, <function <lambda> at 0x7f743a7bb1b8>, <function <lambda> at 0x7f743a7bb230>, <function <lambda> at 0x7f743a7bb2a8>]
ns:  [<function <lambda> at 0x7f743a7bb2a8>, <function <lambda> at 0x7f743a7bb1b8>, <function <lambda> at 0x7f743a7bb0c8>, <function <lambda> at 0x7f743a7bb140>, <function <lambda> at 0x7f743a7bb230>]
192037384-[197  87 130 149 198  21  27 115 102  45  94 175   0  38 148 146 113 110
 117 164 199 106 147  53 166 182  58  22  12 162 212 177 140 124 178  96
 179 225 111  77 180  23 169 191 109 214  42  82 114 165  60 163 170  92
 156  20  84 208  51 176 157 195  55 159 194 118  41  64  83 154 221 222
 104  16  43  90 173  59 123 127  66  73  79 223  48 128 135  70 188  28
  95 219  86  25  72   4 181  98 220  91  35  49  29 207   6  11   7 206
  85  52  68 151 143 122   8 152  13 125 137  75 168 201  47 145 101  18
 158  14  65 132 205 150 136 126  67 224 184  50 138  80 155  37 210   3
  40 200  36 105  71  99 185  63 196  10 144  61  78 189  39 142  76 100
 183 218  81  88  89 131 116  62 202 204 203 153  54 119 161 121 129   9
 112 133 139 187 120 160 108  26   5 209 186  57 213 172 216  32  19  15
  93  31  56 141 215  69  97 103  44 107   1 192  17 171 217  46 211 193
  33  74   2  30 190 134 174  24  34 167]
GPU0
set random seed!
finished RVND in 3.8913230896s
data-line;initial_solution;192037384;final_solution;7122522;time;3.8913230896;counts;640;fv;[];cv;[590, 38, 10, 1, 1];imp;26.9619923954
