pydf_home: /home/rodolfo/git/Sucuri
simple_pycuda_home: /home/rodolfo/git/simple-pycuda
wamca2016path: /home/rodolfo/git/wamca2016/
localpath: /home/rodolfo/git/dvnd-df/code/dvnd-df/src/
WAMCAPATH:/home/rodolfo/git/wamca2016/
Using already created file:  wamca2016lib.so
Size: 657 - file name: 06_d657.tsp
ns:  [<function <lambda> at 0x7f19fc8fe0c8>, <function <lambda> at 0x7f19fc8fe140>, <function <lambda> at 0x7f19fc8fe1b8>, <function <lambda> at 0x7f19fc8fe230>, <function <lambda> at 0x7f19fc8fe2a8>]
ns:  [<function <lambda> at 0x7f19fc8fe230>, <function <lambda> at 0x7f19fc8fe2a8>, <function <lambda> at 0x7f19fc8fe1b8>, <function <lambda> at 0x7f19fc8fe140>, <function <lambda> at 0x7f19fc8fe0c8>]
280659334-[ 32  68 273  72 189 380 436 619 190 549 308 336 463 596 474 123 590 162
 526 359 598 437 120 414 478 329 311 533 139 568 565 393 576 654 328 599
 505  33 564 555 444 375 593 557 459 400   6 528 369 223 361  69 293 520
  49 287 571 263 473 418 540  17 562 281 243 135 382 322 616 553 204 611
 637 563 445 455 283 302 503 108 417 212 367 583 577 574 572 431  47 514
 602 472 171 649 567  22 220 419 519 378 246 309 372 641 589 175 101 586
   9 208  42 315  24 450 118 261 267  57  39 225  21 609 634  38  46 325
 492  56 523 488 114 381 300 439 365 172 363 632  63 346  35   7 143  10
  31 476  95 443 200  55  76 630 232 608 280 211 513 340  81  90 166 601
 270  80 307 407 244 580  58 258 355  48 154  18 249 581 128 628 612 264
 157 134 320 537  99 288 644 163 304 115   1 238 448 274  15 429 197 151
 341 617  64 390 403 570 643 360 228 277  93 142 386  13  30  94 222 629
 475  16  28 468 470 387 411 305 233 256 651 460 314 158  52 133 435 260
 410 506  70 373 215  85 442 357 440 642 227 152 230 591 136 457 366 498
 516 536 286 446 605   8 395 399 349 159  36 122 481 427 332 257   2 485
 289 344 236 109 633  84 532 635 185  41 394  14 313 191 546  71 578 265
 364 111 272 239 284 199 614 655  20 424 350 404 575 531 318 121  82 508
  50 102 656 541 385  59 100 193 397 247 205  98 653 218  79 368 117 131
 493 582 323 235 196 301  73 321 182 426 164 203 453 276 501  40 155 430
 170 126 458 279 105  87 177 269 253 409 490 210 441 303 219  44 290 489
 294  96 620 524 551 530 388 425 509 169 119 627 544 615 216 141 639 585
 316  61 613 224 548 144 240 324 518 234  66 140 467 127  89 607 384 515
 107  45 330 326 412  91  23 588 110 554 621 181 149 106  88 297 116 408
 561 345 354 285  92 192 161 552 389 255 545 573 587 291 229 186 405 466
 469 464 310 282  67 527 275 292 416 522 146 487 398 112  75 434 103 569
 201  27 319 535 339 500 195 176 415 511 165 584 645  34 402 592 180 618
 174 646 480 491 438 353 198 413 150 521 559 391 374 603 595 295  86 432
 370 494 245 401 433 482  43 188 124 534 217 650  19  97 356 137 248  78
 396 406 422 465 271 254 579 538   4 298  11 638 347 160 456 648   0 497
 647 625 529 479 462 550 379 187 130  54 147 250 461 252 214 317 327 606
 348 259 560 543 296 449 251 125 335 168 338 156  53 358 539  29 566 194
 512 331 333 278  62 376 343 173 631 626 334 202 167 600 604 623 129 640
 477 383 206 556 428 504 622 148 231 312 525 471 392 207 594 138 266 558
 652 362 420 179 377 507 452 337 451 351  51  26 113 352 610 178 268 483
 306 423 342 502 209 624 145  37 132 597 153 447 486 547   3  12 495 241
 484 221  60 499  77  83  65 496  25 299 237 226 542 213 183 517 371   5
 454 184 262 636 510  74 242 421 104]
GPU0
set random seed!
finished RVND in 8.35542988777s
data-line;initial_solution;280659334;final_solution;14485876;time;8.35542988777;counts;808;fv;[];cv;[471, 212, 109, 11, 5];imp;19.3746884206
