pydf_home: /home/rodolfo/git/Sucuri
simple_pycuda_home: /home/rodolfo/git/simple-pycuda
wamca2016path: /home/rodolfo/git/wamca2016/
localpath: /home/rodolfo/git/dvnd-df/code/dvnd-df/src/
WAMCAPATH:/home/rodolfo/git/wamca2016/
Using already created file:  wamca2016lib.so
Size: 783 - file name: 07_rat784.tsp
ns:  [<function <lambda> at 0x7f589192e0c8>, <function <lambda> at 0x7f589192e140>, <function <lambda> at 0x7f589192e1b8>, <function <lambda> at 0x7f589192e230>, <function <lambda> at 0x7f589192e2a8>]
ns:  [<function <lambda> at 0x7f589192e2a8>, <function <lambda> at 0x7f589192e230>, <function <lambda> at 0x7f589192e0c8>, <function <lambda> at 0x7f589192e1b8>, <function <lambda> at 0x7f589192e140>]
71999050-[631  85 110 718 575 417 573 547 178 778 383 430 109 600 453 133  48 728
 443 398 606 755 318 578 576 113 334 341  31 409 670 535  51 507 162 142
 493 704  53  83 758 487 197 628 185 735 761 371 482 290  64 710 491 556
 296 677  80 760 320 117 363 256 734  28 180 394 498 657 360  82 567 564
 105 277 485 449  29 152 452 515 252 301 135 343 345 193 532 233 302  26
 697 114 418 468 365 211  23 472 518 580 669 433 724 304 748 563 508 736
 129 214 592 391 690 268  32 367 358 753  74 279 138 189  55 589 340 406
 630  65 471 672 219 609 222 671 623 249 640 315  56 444 622 585 227 299
 159 699 215 607 239 168 619 378 116 537 236 173  67 454 107 103  77 524
 743 127 595  91 441 119  95 467 521 698  49 635 276 362 414 206 422  36
  76 313 560 199 124 530 655 536 465 693 691 574 203 368  14 747 408 274
  13 725 633 627 364 763 685 432 480 683 531 522 717 241 240  15  62 212
 366 502 744 328  52 412 708 166 579 255 675  35 756 335 486 727 706 533
 674 667 598 752 125 265 750 551 321  75 684 439 154 179 237 181 590  27
 232 209  78 147 294  71 663 475 339  25  61 651 463  38 682 235 512 395
 393 591 603 372 757 407 349 420 330 528 709 220 387 601 679 306 403 291
 354 223 638 588 316 230 337  90 157 490  46 134 696 146  93 712 500 281
 216 570 701 198 621 492 562 270 526  57 250 634 687 167 511  94 483 565
 170 307 120 293 187 130 558 118 520 234 275 461 191 303 267 153 584 705
 151 202 308  89 253 561 136 446 164 661 459 353 263 310 653 477 618 415
 722 260 676  88 695 457 286 332 550 182 517 455 325  68  63 462   0 375
 122 476 413 163 572 314 513 355 470 123 534 397  19  17 426 431 568 503
 625 172 539 402 645 150 386 632 519 516 612 410 205 732 112 137  92 140
 327 587 665  39 155 469 282 226 196 569 738  34 711 496 729  33 629 347
 161 715 435 754 660 131 262 238  22 479   5 643 207 427  66 505 759 765
 271 184  97 357 201 719 604 139 264   9 546 228 149 251 737  98 342 616
 494 506 599 617 658 723 751 478 707 284 204 620 593 401 779 540 298 165
  16 195  45 356 100 509 700 126 297 714 466 596 288 647 128 770 428 636
 559 183 438  58   6 442 278 379 488 542 177 374 194 259 474  84 416 594
 639 552 731 171 176 377 425 782 392 544 242 504 602 664 319 160 246 384
 326 450 739 324 350 169 781  18 221 269 359 673 248 460 336 586 473 156
 702 648 254 659 224 742 266  47 525 225 245 662 762 389 766 774 213 451
 376 210   1 768 553 174 692 740 311 678 143 764  44 273 545 396  96 484
 411 186 767 527 287 510  70 404 192   3 261 445 400 720 158 495 529   8
 642 188 218  20 577 624 514 686 749 541 141  69  30 424 208 352 323 745
 597  86 775 746  10 582 329 548 501 652 543 776 780  50  72 436 380  11
 382 132 399 650  59 421 283 333 610 680 419  21 456 101 243 115  12 351
 247 108 423 777 244 300 608 694 772 295 555 721 481 175 405 649 611 489
  40 605 289 145 390 331 499 464 106 440 646 614 369 581 104 448 121 217
 688 312 348   7 733  73 615 272  37 322 373 554 309  24 538 429 626   2
 523 344 741  87 716 346 338  43 769 229 668  54 305 437   4 285 613  99
 771 713 385 637  42 231 144 703 111 689 497 200 666 656 641 654 292 571
 549 190 280 102 258 381 566 458 148 388 370 644 773  41 447  79 317 257
  81 361  60 434 557 583 730 726 681]
GPU0
set random seed!
finished RVND in 14.4520838261s
data-line;initial_solution;71999050;final_solution;3400026;time;14.4520838261;counts;1159;fv;[];cv;[685, 289, 159, 22, 4];imp;21.1760292421
