pydf_home: /home/rodolfo/git/Sucuri
simple_pycuda_home: /home/rodolfo/git/simple-pycuda
wamca2016path: /home/rodolfo/git/wamca2016/
localpath: /home/rodolfo/git/dvnd-df/code/dvnd-df/src/
WAMCAPATH:/home/rodolfo/git/wamca2016/
Using already created file:  wamca2016lib.so
Size: 783 - file name: 07_rat784.tsp
ns:  [<function <lambda> at 0x7fbe2760f0c8>, <function <lambda> at 0x7fbe2760f140>, <function <lambda> at 0x7fbe2760f1b8>, <function <lambda> at 0x7fbe2760f230>, <function <lambda> at 0x7fbe2760f2a8>]
ns:  [<function <lambda> at 0x7fbe2760f0c8>, <function <lambda> at 0x7fbe2760f230>, <function <lambda> at 0x7fbe2760f140>, <function <lambda> at 0x7fbe2760f1b8>, <function <lambda> at 0x7fbe2760f2a8>]
73433130-[  4 532  40  62 482 498 659  33 281 518 228  93 197 204  45  21  29 763
 718   9 172 184 631 363 648 634  57  71 681 110 775 339 406 494 314 187
 113 351 687 129 308 248  42 461 730 440 393 306 545 161 700  31 493 300
  51 222 585 467 354 568 514 397 697 336 576 446 511 724 505 675 560  43
 360 220 342 412 617   1 582 727 735  88 685 738 119 714  36  23 737 295
 753 402 655 259 573  76 260 669 396 670 233 592 243 616 404 528 391 427
 423 293 361 754 755 610  10  96 326 557 569 529 688 144  32 584  25  60
 133 226 748 128 456 622  15 530 597 499 713 652 767 381 696 282 367 477
 328 644 269 678 764 399 716  74 489 636 372 682 100 647 101 667 496 206
 491 462 544 553 242 355 143 591 151 246 660 425 136 699 208 221 445 378
 562 153  81 470 141 448 642 486 750 148 693 213 229 630 407 185 702 599
 155 705 771 722 219 386 117 322 266 469   7 739 605 390 183 312 237 689
 624 524 318 691 485 589  12 720 618 332 707 252 552  30  47 487 734 398
 433 745 203 441 212 247 409 171  83 384 450 472 723 424  41 443 743 331
  90 623 112 769 751 594 781 662 517  27 224 731 534 452 321 277 118 205
 238  64  24 194 267 413  79  94 728 262 484 330 442 169 526  67  82 353
 315 473 188 572 436 165 626 488 454  98 430 135 288 683 225 302 522  86
  73 417 157   8 290 782 324 124 138 595  61 170 760 541 369 389 613  13
 571 316 721 479 120 327  20 375 257 401 108 215 684 374 236 600 744 127
   0 235 686 320 387 554 598 211 515 439 174 715 275 263 606 762 516 297
 765 580 453 666   6 587 621  65 658 195 268 523   2 201 131 449 679 478
 609 502 125 164 590 241  48 646 752 480  99 279 627 638 575 588 190 217
 280 323 481  92 218 303 547 625 192 640 304 160  78 468 175 555 104 628
 162 676 189 578 770 239 392 711 134 465 298 507 383 274 420 619 346 296
  18 632 111 231  17 432  63 527 232 533 740 665  35 455 661 140 490  55
 199 152 692  44 341 772 546 191 733 773 690 464 596 196 548  58 677  54
 403 431 500  70 620 163 758 207 537 394 122 270 535 329 317 261 258 747
 657 173 132 717 415 444 577 182 284 150 639 422 708  50 710 209 149 650
 509 663 506 601 583 214 701 521 250 126 756 694 167 319 475 370 356 245
  80 778 299 566 416 614 435 271 202 593 418  66 357 283 611 459 256 612
 779 563 216 301 695 761 525 340   3 774 310 289 653 158 178 405 147 434
  72 115 471 603  26 251 651 451 556 510 559 349 664 674 766 503 410 641
 395 350 543 166  49 668  69 586 726 193 116 492 579  56 749 672 373 671
 130  85 347 725 495 285 273 272 570 414  14 198  87 121 366 137 501 538
  37 706  89 223 474 602 629  68 732  22 159 712 635 504 680 264 615 294
 338 371 536 645 200 227 105 574 335 388 531  95  84 607 337 168 177 463
 176 633 154 729 567 311 249 123 181 512 411 362 114 265 551  53 244 210
 376 637 278 358 313 460  97 542 345 426 458  75 608 519 145 325 508 307
 334 742 380  16 309 520  59 305 364 139 180 483 102 497 421 757 186 438
  11 746 377 276 103 254 419 447 643 408 513  46 240 179 673 736 109 719
 429 457 343 564 709 466 146 156 352 344 777  39 581 368 561 382   5 385
 291  28 549 365  19 106 776 704 379 107 359 649 400  77 780 253 759 604
 741  34 234 565 348 540 476 428 698 558 437 654 287  52  38 656 703 539
 550 142 768 286 292 333 255 230  91]
GPU0
set random seed!
finished RVND in 12.3840811253s
data-line;initial_solution;73433130;final_solution;3425323;time;12.3840811253;counts;999;fv;[];cv;[575, 267, 134, 19, 4];imp;21.4383081537
