pydf_home: /home/rodolfo/git/Sucuri
simple_pycuda_home: /home/rodolfo/git/simple-pycuda
wamca2016path: /home/rodolfo/git/wamca2016/
localpath: /home/rodolfo/git/dvnd-df/code/dvnd-df/src/
WAMCAPATH:/home/rodolfo/git/wamca2016/
Using already created file:  wamca2016lib.so
Size: 501 - file name: 05_TRP-S500-R1.tsp
ns:  [<function <lambda> at 0x7f61f68b60c8>, <function <lambda> at 0x7f61f68b6140>, <function <lambda> at 0x7f61f68b61b8>, <function <lambda> at 0x7f61f68b6230>, <function <lambda> at 0x7f61f68b62a8>]
ns:  [<function <lambda> at 0x7f61f68b60c8>, <function <lambda> at 0x7f61f68b6230>, <function <lambda> at 0x7f61f68b62a8>, <function <lambda> at 0x7f61f68b6140>, <function <lambda> at 0x7f61f68b61b8>]
32796370-[163 461 363  14 131 258 135 431 391 355  48 497 360  99 488 232  24 438
 445  31 189 288 150  23 191 174 264 124 285 378 159 295 385 479 106 439
 119 338 296 303 212 107 358   2 215 322 498  60  98  86  11 260  79 463
 327  57 266 320 161 149  47 292 345 259  66 424 123 211 413 392 230 383
  67 335  46 489 317 386 173 460 328  93 352 422 287 133 495 145 283 487
 307 458 469  68 318 143 152  92  28 210 275 251 348 200 197 390 416 499
 305 101 294 362 446 237 403  53 492 265  41  16  74 277 467 486 490 319
 444   0 188 222 410 491  21 223 231 500 453 456 321 476 118 474 471 219
  71 167 272 151 452 404 402 389  96 290 274   5 329  85 332 434 297  33
  35 300 425 394  61 245 384 113  17   8  87 442 185 316 141  76 494 412
 221 341 354  63 351 298 250 457 216 252 164 257 282 324  13 182 134 202
 361 234  77 493 184 262  58 470 398 426 443 293 137 325  59 157 103  42
 344 414 263 110 304 478 121 347 226 333  22 241 364 244  73 198 201 289
 129 313 139 125  34 100  15  32 246 418 242  37 472 108 337  90 306 279
 421 365 388 336 153  91 312 299 323   6 176 441 208 172  80  38 132  26
  94 382 334 122 326 435   9 368 349 340 255 261 146 104 342 270 301  19
 376 213 187 228 112 109 308 356 448 239 280  72 454 253 449 105 268 158
 415 374 249  39 436  51 126 408 240 430 373 247 315  18 357 190 432 192
 209 127 136 278 311 399 395 302  49 359 235 227 477 256  27 484  43  97
 166 423 353 271 381 339 142 459 229 148 465 193 281 483 343 407  52 286
 375 269 102 428 177  29 401   4 194  54 314  36 254 165   7 466 175 417
 346 196 291 427 379 224  64 468 162  69 455 496 420 168 171 396 178 169
  75 405  82  30  10  83 406 273 284 199 128 267 397 183 147 437 387  65
 203 218 400 238 450 475 220  56 369 310  20 114  62 206  84 233 217 419
 377 433 130  45 380  78 248 350 116  40 331  95 120  50 276 462 464  25
  70 451 155 138 481  89 440  12 330 181 160 195 447 393  88 180  44 225
 117 473 366   1  55 309 205 156 485 154   3 480 140 204 236 371 372 186
 207 179 429  81 214 243 170 370 411 482 111 144 409 367 115]
GPU0
set random seed!
finished RVND in 5.11253094673s
data-line;initial_solution;32796370;final_solution;2002321;time;5.11253094673;counts;691;fv;[];cv;[390, 192, 97, 8, 4];imp;16.3791769651
