pydf_home: /home/rodolfo/git/Sucuri
simple_pycuda_home: /home/rodolfo/git/simple-pycuda
wamca2016path: /home/rodolfo/git/wamca2016/
localpath: /home/rodolfo/git/dvnd-df/code/dvnd-df/src/
WAMCAPATH:/home/rodolfo/git/wamca2016/
Using already created file:  wamca2016lib.so
Size: 657 - file name: 06_d657.tsp
ns:  [<function <lambda> at 0x7fe6f0e260c8>, <function <lambda> at 0x7fe6f0e26140>, <function <lambda> at 0x7fe6f0e261b8>, <function <lambda> at 0x7fe6f0e26230>, <function <lambda> at 0x7fe6f0e262a8>]
ns:  [<function <lambda> at 0x7fe6f0e26230>, <function <lambda> at 0x7fe6f0e261b8>, <function <lambda> at 0x7fe6f0e26140>, <function <lambda> at 0x7fe6f0e262a8>, <function <lambda> at 0x7fe6f0e260c8>]
284328162-[654 620 548  76 447  31 227 202  58 152 351 200 526 398 516 212 164 462
 369 649 348 211 572 372 375  82 585 626 631 457 630 574 482 123 105 520
 606 404 552 160 643 522  44   1 645 519 465 232 315 148 163 501 237 234
 180 280  48 406 370 414 517 209 121 512 492 233  43 270 380 191 582 125
 226 468 267 253 559  42 603 545 199 286 275  66 429 625 518 580 169  98
 312  95 532 329 477 373 271 247 524 284 474 499 339  69 248 399   2 186
 130 551 266 384 497 239 441 637 165 346 261 435 377 554 635 527 109 333
 153 616 396 204  87 313 466  37  22 529 117 651 363 443  94 342  62 397
 402  79 539 246 371 570 104 331 590 111 196 175 425 318 437 279 495 471
  24 220 622  15 256  40 334  88 577 291 405 412 166 409   5 623 378  16
  89  74 452 395 327 300 381 135 120 192 608 127 156 446 528 555 523 591
 116 374   0 282 305 195 488 427 613  70 544 419 566 498  50 430 159  55
 634 354 442 142 420 352 217 448 438 439 602  77 561  21 236 193 432  49
 589  20 245  56 496 593 296 509 255 206 424 450 290 173 386 611 228 644
 568 579 588 358 269 612 335 648  47 410 187  57  59   7 542 151 231 263
 262 633 564 652   8 476 587 288 428 283 461 102 112 184 569 133 385 341
 607  34  14 444  68 216 621  11 540 576 137 459  67 619 129 203 416  85
 230 126 221 201 557 222 225 641  61 359 628 124 379 319 481 293 597 337
 511 382 514 155  93 426 361 393  36 525  25 473 244 353 565 311  73 401
 617 139 583 534 423 543 294 595 167 650   9 571 103  86 297 478 278 171
  52 458 618 258 389 415  17 500  12 491 510 161 586 449 190  83 609 307
 219  97 229 573 100  54 489 400 250 546  46 502 434 299  99  90  65 413
   4 604 260 321 208 467 533 309 454 567 421 627 101   3 469 614 642 304
 251 390 238 578 218 154 505 436 581 475  13  78 508  63  35 259 560 535
 181 224  71  91 418 277   6 553 530 403 178 445 302 594 146 584  19 394
 600 480 257 172 324 141 145 365  26 322 144 268 131 183 143  38 483 345
 328 460 243 115 368 599 507 629  30 558 188  33 176 207 596 136 632  64
 306 223 417 601 235 303 470 249 336 110 364 113 537 158 592 656 531  32
  10 343  84  72 114  51 325 273 360 392  92 287 504 118 162 338 513 210
 575 326 332 598 388 289 197 128 215 503 356 464 265 521 431  23 556 170
 198 562 655 347 138 150 316 550 647 281 132  75 640 185 638 241 463 506
 455 367 456 615 653 387 330 317 487 541 451 149 272 205 340 323 168 254
 194 140 486 310 563  29  96 182 485 252 134 285 549 484 320  60 344 308
  80  81 490 298 292  28 122 276  41 355 472 350 376 314 174 624 295 408
 391 366 264 407 242 605 214 479  45  53 274 547 411 538 157 433 177 383
 440 147 107 301 494 240 610  27 639 189 453 515 357 362 493 213 106  39
 646 179 108  18 636 536 422 349 119]
GPU0
set random seed!
finished RVND in 10.4724140167s
data-line;initial_solution;284328162;final_solution;14555155;time;10.4724140167;counts;1014;fv;[];cv;[574, 283, 141, 12, 4];imp;19.5345334351
