pydf_home: /home/rodolfo/git/Sucuri
simple_pycuda_home: /home/rodolfo/git/simple-pycuda
wamca2016path: /home/rodolfo/git/wamca2016/
localpath: /home/rodolfo/git/dvnd-df/code/dvnd-df/src/
WAMCAPATH:/home/rodolfo/git/wamca2016/
Using already created file:  wamca2016lib.so
Size: 501 - file name: 05_TRP-S500-R1.tsp
ns:  [<function <lambda> at 0x7f04542340c8>, <function <lambda> at 0x7f0454234140>, <function <lambda> at 0x7f04542341b8>, <function <lambda> at 0x7f0454234230>, <function <lambda> at 0x7f04542342a8>]
ns:  [<function <lambda> at 0x7f0454234140>, <function <lambda> at 0x7f04542340c8>, <function <lambda> at 0x7f0454234230>, <function <lambda> at 0x7f04542342a8>, <function <lambda> at 0x7f04542341b8>]
33719923-[342 190 273 336   2 226  10 441   3  65 298  12 393 116 133  64 258 389
  54 175 151 110 489 266 210 380 455 261 419 374 348  56 113 496 146 493
  81 437 363  55 323 352 367 230 426 135 294 396 290 275 486 414 293  95
  91 379 158 114 179 400 378 166 433 157 303 483 119 465  36 224 471 408
 416 371 322 355  28 376 284 438 415  39  11  43 106 177 361 256  45 432
 272 206 103 368 334 234  52 315 341 128 428 167 270  72  41 277 403 142
  98 178 263 199 460 357  88 215 204 328 223 308 105 492 474 137 149  85
  38 107 117 302  71 306 109 187 420  89 326 141  50 236   4 220 478 130
  22 440 373 407 217 269 450  92 498 222 296 164 401 364 409  15 257 350
 171  37 125 200 343 442  77 353 189  24  49  25 351 447   7 139 214 148
 461 473 227 425 181 249 430 232 481 276 165 398 143 480 124 288  62 235
 221 370 248 231 208 229 246 399 405 180  84 286  16 435 191 283 443 325
 108 172   5 463 280 131 161  27  78 469 134  46 331 411 417 395  97 225
 451 388  40  63  26 152 100 285 475 156 329 211 136 318 406 207  80  19
 251 423 250  87 252 268 203 392 274 456 129 305 185 121 309 239 297  79
  58  23 255 112 356 394  20 228 333 360 484 421 184 452 462 243 202 254
 424 147 237   0 150 472 115 431 477  76  33  68 497 233 458 176 160 344
 349 170  99 384 219 174 445 216 127 241 259 238  53 123 145 304 413 390
 118 169 381  32  86 500  29 168 402  67 195 365 366 412  66 316 253 429
 470  35  44 291 162 265 448 397 404 339 327  48 299 310 292 279 173 464
 278  13 319  90 102 340 410 104 260  47  59 194 482 126 159   6 212 295
 434 205 153  75 120 192 138  60  57  96 468 347 338 282 454 444 281 193
 453  82 144 422 317 247 386 362 122 307 245  18  14  42 101 345 201 387
 330 262  74 487 499 312  94 240  73   1 196 182 163 369 301 213 209 320
 354 140 218 467 488 457 382 335 377 476 244  31 495 324 436 359 155  51
 242 132 491 332  93 154 439 466 494   9  61 321 198 311 383   8 485  21
 264 271 479  17 111 385 459 314  34 372 449 197 186  69 188  30 287 391
 183 490 313  70 446 289 300 346 337 427 267 418  83 358 375]
GPU0
set random seed!
finished RVND in 5.95218014717s
data-line;initial_solution;33719923;final_solution;2002743;time;5.95218014717;counts;758;fv;[];cv;[450, 203, 93, 9, 3];imp;16.8368697332
