pydf_home: /home/rodolfo/git/Sucuri
simple_pycuda_home: /home/rodolfo/git/simple-pycuda
wamca2016path: /home/rodolfo/git/wamca2016/
localpath: /home/rodolfo/git/dvnd-df/code/dvnd-df/src/
WAMCAPATH:/home/rodolfo/git/wamca2016/
Using already created file:  wamca2016lib.so
Size: 783 - file name: 07_rat784.tsp
ns:  [<function <lambda> at 0x7f22363220c8>, <function <lambda> at 0x7f2236322140>, <function <lambda> at 0x7f22363221b8>, <function <lambda> at 0x7f2236322230>, <function <lambda> at 0x7f22363222a8>]
ns:  [<function <lambda> at 0x7f2236322230>, <function <lambda> at 0x7f2236322140>, <function <lambda> at 0x7f22363222a8>, <function <lambda> at 0x7f22363220c8>, <function <lambda> at 0x7f22363221b8>]
68975688-[438 466 518 492 591 337 663 756 104  41 134 600 737 509 699 538 546 145
 405 215 712   1 192 592 638 359 571 498 180 282 674 411 634 364 721 467
 408  54 506 340  62 257 597 264 430 375 562 673  92 487 531 588 431 150
 505 224 153 289 350 688 259 725 710 603 550 472 416 328 601 216 296 494
 749 210 523 456 760 581 687 690  52 381 298 197 782 157  86 612 457 100
 146 666 439 122 300 175 503  26 433 496  42 476 780 768  77 363 154 635
 249 776 316 373 254 751 126 474 360 567  80 697 479  10   5 526 371 420
 484 344 752 108 444 391 220 630  98 208  63 369 306 446 253 695 621 618
 767 694 214  67  51   7 757 522 231 685 402   6  58 187 183  83 205 490
 406 280 268 275 353 650 110 273 348 741 708 399 351 400 598 240 164 596
 607 665 314 281 689  91 513 593 696 230 681 301 313 132  76  37 759 266
 321  48 470 155 738 758 295 762 745 233 102 228  95 368 315  24 423  61
  35 657 560 764 676  31 239 244 117 398 617 606  56 403 459 377 389 171
 297 103 374 564 177 362 404 754 121 736  15 502 311 142 305 357 112 165
 182 633 641 394 234 425 648 530 610 686 128 719 683 559 552 107 453 207
 646 541 557 278 213 147 111 733 566 172 500 418 226 761 569 442 166 483
 325 138 577 609 740 772 486  19 723 302 246  27  12 237 732 309 594  21
  71  64  50 185 445 529 448 232 489  88 429 731 329 510 620 354 349 728
 711 649 341 152 415 622 283 410 602  79 625 671 748 746 672 333 632 631
  14 461 202 627 248 270 517 434 339 543 642 409 378 193 189 643 450 717
  81 651 148 284 532 323 355 644 286 701 221 379 119 334 440 317 436  93
 504 547 653 462 652 366 385 682 540  44 715 765 137 380  94 173 285 595
 271 516 478 661 331 692 691 579 336 720 179 250 319 551 304 199  20 279
 549 386 554 222 227 730 330 452 781  17 660 265 414 393 188 443 162 556
 294 178  18 508 742  28 274 485 770 573 168 747 139 413 376 125  74 307
 778 481 397  40   4 204 454 580 709 539 190 198 744 619 223  73 127  32
 613 320  38   9 455 211 684 251 449 195 324 131 608 703 277 384 372 585
 345 114 655 356 392 584  84 473  25 727 515  47 123 680 771  85 558 217
 212 769 151 288 565 525  36 365 287 578  60 276 726  46 714 469 493 109
 514 218 675  55 140 435 750 659 542  22 468 583 113 160 706 656   2 707
 245  45 587  72  87 258 548 401  82 144 303  39 163 611 141 441 576 645
 422 700 261 419 702 235 704 424 533 332  43 654 534 383 243 501 570  11
 367 209 169  16 693 299 396 527 524 668 626 545 194 269 343 482 120 236
 667  70 561 499 252 159 677 291 669 412  49 662 156 773 520 158 292 766
 256 167  33 229 101 640 174 130 263 718 590  99 447 507 465 563 488 417
 421 437 335 161 143  65 267 637 575 312  97  96 480 426 106 382 238 615
  68 184 491 647 572  66 774 599 519 614 358 352 568  53 395 722  30 346
  57 624 241 262 605 698   0 679 713 553 658 116 342 390 536  75 535 387
 753 203 604 586 495 458 370 326  89 521 149 755 555 432 724 574 135   3
 242  34 255 664 779 427  13 512 136 308 582 407  78 716  29 206 105 260
  23 678 451 734 777 544 763 170 537 616 293 338 775 129 475 219 460 327
 347 388 361 310 636   8 118 196 225 115 735 247 511 629  90 477 272 528
 133 628 201 670 743 318 191 705  59 464  69 589 290 200 739 181 124 428
 623 322 471 497 186 176 729 639 463]
GPU0
set random seed!
finished RVND in 14.0616710186s
data-line;initial_solution;68975688;final_solution;3398263;time;14.0616710186;counts;1106;fv;[];cv;[611, 297, 164, 25, 9];imp;20.2973366099
