pydf_home: /home/rodolfo/git/Sucuri
simple_pycuda_home: /home/rodolfo/git/simple-pycuda
wamca2016path: /home/rodolfo/git/wamca2016/
localpath: /home/rodolfo/git/dvnd-df/code/dvnd-df/src/
WAMCAPATH:/home/rodolfo/git/wamca2016/
Using already created file:  wamca2016lib.so
Size: 783 - file name: 07_rat784.tsp
ns:  [<function <lambda> at 0x7f1ccb8c50c8>, <function <lambda> at 0x7f1ccb8c5140>, <function <lambda> at 0x7f1ccb8c51b8>, <function <lambda> at 0x7f1ccb8c5230>, <function <lambda> at 0x7f1ccb8c52a8>]
ns:  [<function <lambda> at 0x7f1ccb8c5230>, <function <lambda> at 0x7f1ccb8c50c8>, <function <lambda> at 0x7f1ccb8c51b8>, <function <lambda> at 0x7f1ccb8c5140>, <function <lambda> at 0x7f1ccb8c52a8>]
72262490-[387 763 483 167 738  95 146 648 258 513 315 715 446 267 302 623 538 528
 331 275 486 550 360 305 478 236 451 206 540  40 251 633 108 601 771 479
 376 508 573  64 114 326 469 391 266 392 699 307 328 210 270 246 303 612
 153 273 760 282 545 762 165 645 665 773  65 380  33 310 533 396 255 113
 752  34  77 101 173 393 347 401 517  68 654 180 295 628 780 554 361  31
 311 761 466  58 405 703 191 691 734 175 213  84 454 542 619 443 240  37
 292 567 599  76 185 150 242 587  94 555 141 634 354 189 335 484 124  20
 434 727 416   6 635 556 322  27  98 733 390 605 215 751 369 218 289 685
  92  22 575 337 375 507 207 747 412   0  39 128 777 136 194 314  47  51
 345 674 613 132 408 744  28 172 579 459 197  85 782 125 500 570 529 188
  35 509 632 495 279 250 169 433 574 244 291 249 176 145  63 499 382 119
 323  87 299 229 183 489  36 227 526 663 724 721  62 488  91 779 179 549
  83 704 205 617  13 700  55 514 260 222 161 709 558 606  93 768 445 627
 403 431 781 503 535  66 283 407 562 651 591  69 737  56 470 135 319 689
 616 149 423 203 774  53 611 357 493 661 506  38 667 670 190 602 692 770
 325 231  88  89 105 290 312 564 660  24   1 334 437 622 147   2 629 284
 467 532 356 211 702 300 389 127 621 154 476 364 143 563 272 202 626 438
 673  79 452 541 237 604 544 718 269 138 208 710  86 614 624 460  45 523
 589  44 233 219  99 597 263 400 671 239 339 442 746 717 372  75 690 582
  42 430 422 720   8 652 679 498  72 618  54 753  59 682 477 223 268 265
 577 340 739 444  16 115 672  57 610 397 505 410 406 333  43 559 723 552
  96 472 447 455 615 729 336 413 352 399 308 368 630 116 640 365 684 174
 585 417 196 321  71  48 524 569 590 157 636 502 641 681 521 510 363 358
 278 262 639   9   4 285 731 448 732 394 553 158 214  52 666 184 166 221
 603 766  49 743 722 586 643 754  41 516 490 379 465  29 496 772  61 342
 373 695 238 151 212 318 421 110 539 120 527  82 362 186 712 287 204 398
 182 217 330  46 133 344 378 683 750 698  21 705 647 583  15  74 424 519
 655 588 118 767 164 122 713 142 329 348 383 306 714 201 332 134  90 181
 600 117 107 697 662 457 736 576 675  70 468 565  17 668  67  73 764 512
 216 297 126 351 366 341  10 104 155 463 474 224 355 515 625 109 232 235
 656 530 441 111 170 259 598 440 693 482 264 106 749 637 548 198 381 676
 245 425 271  50 276 536 346 288 419 350 429 492 462  25 130 518 706 139
 461 436 659 140 758 497 192 471  19 395 557 464 745 102 304 594 338 537
 485 756 225 543 593 580 385 481 568 402 371 137 193 435 688 657 701 261
 728 566 458 581  26 778 420 178 664 480 426 494 234 195 716 301 646 677
  81 160 100   7 199   3 353 230 226 730 253 228 248 298 649  12 531 316
 520 560 144 708 254 349 386 168 359  18 418 769   5  78  32 638 546 286
 725 388 775 131 327 491 428 561 511 487 343 313 163 257 696 741 547 475
 578 159 501 209 317 757 256 748  14 123 220 247 735 680 711 522 103 171
 324 653 148 409 608 650 162 404 456 432 274 707 411  80 644 449 243 607
  97 525 293 377 121 320 631  11 595 534 453 776 374 370 740 678 584 765
 592 572 473 200 571 686 596 414 669 309  30 367 658 112 129 281 277 504
 694 687 759  60 415 551 726 152 384 642 294 177 439 280  23 742 755 252
 187 609 296 719 620 241 427 450 156]
GPU0
set random seed!
finished RVND in 11.443969965s
data-line;initial_solution;72262490;final_solution;3420152;time;11.443969965;counts;903;fv;[];cv;[550, 233, 106, 11, 3];imp;21.128443999
