pydf_home: /home/rodolfo/git/Sucuri
simple_pycuda_home: /home/rodolfo/git/simple-pycuda
wamca2016path: /home/rodolfo/git/wamca2016/
localpath: /home/rodolfo/git/dvnd-df/code/dvnd-df/src/
WAMCAPATH:/home/rodolfo/git/wamca2016/
Using already created file:  wamca2016lib.so
Size: 226 - file name: 03_pr226.tsp
ns:  [<function <lambda> at 0x7f323257b0c8>, <function <lambda> at 0x7f323257b140>, <function <lambda> at 0x7f323257b1b8>, <function <lambda> at 0x7f323257b230>, <function <lambda> at 0x7f323257b2a8>]
ns:  [<function <lambda> at 0x7f323257b0c8>, <function <lambda> at 0x7f323257b230>, <function <lambda> at 0x7f323257b1b8>, <function <lambda> at 0x7f323257b140>, <function <lambda> at 0x7f323257b2a8>]
193950796-[ 42   5 179  71  50  44 188  85 210  56  16  57 225 141 126  82  67  49
 195 182 106 150 197 146   8  89 137   0 155 213 120  60 165 190  35  28
  29 158 114 113 160 223   3 138  69   7 102 115 217 103 173  80   6  19
 178  23  72 110 136 139  64 221 157 161  39  15 216 208  32  40 134 206
 101   9  41  43 168 205 219 184 189 132  48   4 199 215 118  99 207  36
 212 175  86 183  18 187 209  21 171 166  61 196 186 202  68 108 122  77
 194  52 224 116  30  34  87 127 198 119 124 172 220  14 170  63 167  24
 144 147  53  88 163  26  90 143  76  55 218  25 129 128  95 145  81 148
 154  38 149 200  51  83 142 130 125  10  54 109 164 111 135  66  74 156
  22  94  46 162 192  62  12 105  91  27 176 211  73  20  84  37 181 112
  17 193  70  78 169  11 151   1   2  31 152 104  59  79 180 131 159  92
  96 185 214 140  98 203 123  58 121  93 177 174 153  97 100  47 107 222
  75 201  65 133 191 117  33  13  45 204]
GPU0
set random seed!
finished RVND in 3.6984629631s
data-line;initial_solution;193950796;final_solution;7439427;time;3.6984629631;counts;581;fv;[];cv;[492, 68, 19, 1, 1];imp;26.0706632379
