pydf_home: /home/rodolfo/git/Sucuri
simple_pycuda_home: /home/rodolfo/git/simple-pycuda
wamca2016path: /home/rodolfo/git/wamca2016/
localpath: /home/rodolfo/git/dvnd-df/code/dvnd-df/src/
WAMCAPATH:/home/rodolfo/git/wamca2016/
Using already created file:  wamca2016lib.so
Size: 318 - file name: 04_lin318.tsp
ns:  [<function <lambda> at 0x7fe37b0980c8>, <function <lambda> at 0x7fe37b098140>, <function <lambda> at 0x7fe37b0981b8>, <function <lambda> at 0x7fe37b098230>, <function <lambda> at 0x7fe37b0982a8>]
ns:  [<function <lambda> at 0x7fe37b0982a8>, <function <lambda> at 0x7fe37b0980c8>, <function <lambda> at 0x7fe37b0981b8>, <function <lambda> at 0x7fe37b098230>, <function <lambda> at 0x7fe37b098140>]
89096455-[ 62 213  94  42   6 250 304 308  60 138 266 163 120 257 280 205 289 293
  85 313 271 306 197 287  15 253 242 214 122 162 276 187  43  59 230  96
 295  69 106  77   4 170  75 312  25  14 189 154 223 226 288 314 273 285
 146  40 207 310 174  51 199  45  55 110 248 277 262 284 292 159  98  16
  86 259  24  23  79  48  38 130 136 149 179 178 240  64   9 215 168 175
 140 115 144 251 142  70 298 147 291  36 123  19 191  67  52 157 297 129
 301 316 177 107 302  76 275 143 290   2  44 309 260  10 202 127 114  53
 194 217 166 164 152  49 201  89  80 101 133 224 132 186  93 283 236 181
 231  88 265 153 228 209 233  68  17 229 258  97 200 135  18 263  31 204
  90 268 269 254 151 145  39  50 165 278 102   7 249  41 227 155 307   0
 220  30 296 198 156  56 137 113  87 192 184  61  54 125 244 300 160  66
  33 128  74 185 119  83 172  29 294  72 239 141 196  47 169 103 108 286
 210 247 272 243 173 190 212 109  63  84 100 232 238 237  32 176  27  28
 211 303  26 299 235 246  13 245 317  20 225 282 117 139 121  21 222  58
 112  78 255 270 311 150 315  46 274 281  65 279  22  34  57 216 256 111
 195 158 126  12 203 182 234 219  82 188 161 183  81 131 241 116 221  99
   1 124 171  92 148 134   8 264 167 305 208 105 252  37 118 206   3  95
 180  73  35   5  11 218 267  91 104 193 261  71]
GPU0
set random seed!
finished RVND in 2.65493607521s
data-line;initial_solution;89096455;final_solution;6230166;time;2.65493607521;counts;419;fv;[];cv;[243, 104, 59, 9, 4];imp;14.3008155802
