pydf_home: /home/rodolfo/git/Sucuri
simple_pycuda_home: /home/rodolfo/git/simple-pycuda
wamca2016path: /home/rodolfo/git/wamca2016/
localpath: /home/rodolfo/git/dvnd-df/code/dvnd-df/src/
WAMCAPATH:/home/rodolfo/git/wamca2016/
Using already created file:  wamca2016lib.so
Size: 226 - file name: 03_pr226.tsp
ns:  [<function <lambda> at 0x7f517154d0c8>, <function <lambda> at 0x7f517154d140>, <function <lambda> at 0x7f517154d1b8>, <function <lambda> at 0x7f517154d230>, <function <lambda> at 0x7f517154d2a8>]
ns:  [<function <lambda> at 0x7f517154d2a8>, <function <lambda> at 0x7f517154d0c8>, <function <lambda> at 0x7f517154d230>, <function <lambda> at 0x7f517154d140>, <function <lambda> at 0x7f517154d1b8>]
202187101-[208 118  85  45  54 160 129 110 159 190 117 166  92 111  10 221  94 105
 207 134 141 202 124 224 157  19 171  84  52  88  36  82  26 147  80 137
  41 143 212 121 225 142   3  39  73 216  46  77 152 213  91 185 162 122
 104  44 220 219  31 154 150 113 177  96 211  83  95 184 139 128 133   5
 178  25 109 140  65  64  98 170 106 214 179 200  76 194 182 196  51 183
  50 206 120  20 191 130  81 102  97  78  86 195 144 114 126  42  79  57
  40 189  14  67  63 155  16 172  72 197   4  69  33  48  43  61  23 138
 199 158  99 174 115   9 164  13  11  56  55   1 101  28  70 173   8 187
  66  68  37 169  87 210  58 188  12  74  24 127  90 151 161   6 175 192
 112 201 100  30 167 107 103 149 180 168  27 205 186 116 153 136   0  32
 223  29 193 176 165   2 123  15 217  17  47 222  89 218 203 209  75 119
  18  35  53 156 108   7 204  60  38 198 132 215  21 148  34  22 125 131
 146 163 135  49  71 181  93  59 145  62]
GPU0
set random seed!
finished RVND in 3.00440096855s
data-line;initial_solution;202187101;final_solution;7680072;time;3.00440096855;counts;488;fv;[];cv;[411, 54, 19, 3, 1];imp;26.3261986346
