pydf_home: /home/rodolfo/git/Sucuri
simple_pycuda_home: /home/rodolfo/git/simple-pycuda
wamca2016path: /home/rodolfo/git/wamca2016/
localpath: /home/rodolfo/git/dvnd-df/code/dvnd-df/src/
WAMCAPATH:/home/rodolfo/git/wamca2016/
Using already created file:  wamca2016lib.so
Size: 783 - file name: 07_rat784.tsp
ns:  [<function <lambda> at 0x7fd7f7a140c8>, <function <lambda> at 0x7fd7f7a14140>, <function <lambda> at 0x7fd7f7a141b8>, <function <lambda> at 0x7fd7f7a14230>, <function <lambda> at 0x7fd7f7a142a8>]
ns:  [<function <lambda> at 0x7fd7f7a14140>, <function <lambda> at 0x7fd7f7a140c8>, <function <lambda> at 0x7fd7f7a14230>, <function <lambda> at 0x7fd7f7a142a8>, <function <lambda> at 0x7fd7f7a141b8>]
69731371-[323 345 107 243 659 279 655 196 122 398 261 237 320 714 588 303 340 111
  21 417 163 633 644 763 409 164 632  65 484 456 442 213 181 725 185 314
 620 291  37  32  96 468 110 564 547 717 394 565 405 647 740 347 720 738
 317 526 572 475 206  58 358 262 140 367 396 445 489 195 131  19 651  45
 315 186 687 161 734 648 563 662 751 733 532  73 630   6 742 156 274 530
 552 613 735 469 675 577  84 711 505 528 676 241 167 299  57  95 722 441
 321 537 666 540 432 718 259 300 520 507 694 622 389 707 674 678  36 444
 595 293 192 434  85   0 616  24  80 304 591 298 744 194 606 686 778 579
 578 136 283 573 160 187 281 777 312  27 335  55 471 508  97 123 555 132
 219 377 252 710 669 221 150  71 487 189 698 506 663 165 305  77 679 770
  59 199 220 353 518 359 371 254 342  12 609 286 133  63 253 566 246 713
 499 245  35 209 385 768 362  16  98 166 773 478 677 645 138 748 654  25
 545 188 639 412 333 120  31 760 504 759 453 727 581  52 435  47 217 780
 282 741 212  86 658 486 449 198 483 226 533 232 637 159 403 527 750 514
 225  20 772 193 561  13 202 452 646 118 137 461 205   2 560 491 551 576
 746 568 376 258 211 413 255 450 583 704 234 455 288 264 130 652   3 719
 745 124 501 148 638  78 440 249 168 626 257 383 706 144 721 233 485 391
 661 425 629 306 554 624 753 364  91 266 548 556 493 429 590 497 479 183
 634 267 278 339 531 509 702  14 597 709 329 631 474 492 737 203 308 375
 436 472 251  56 263 665 696 602  22 689  76 269 437 294 147  93 730 553
   9 324 337 490 708 604  46 419 650 438 673 393 482  38 114 682 454 106
 758 776 587 310 344 224 326  61 171  39 762 667 541 688 153   8 598 363
 427 766 430 625 544 480  99 649 388 117 610 352 103 712  66 384 316 190
 174 378 179 635 761 510 498  88 619 129 406 330 611 276 280 176 408 585
 519  49 152 476  30 580 414 615 200 681  62 201 700 446 135 757 302 210
  44 248  42 297  18 594 621 410 360 728  60 695 781 521 172 235 512 460
 102 271 426 126 397 525 357 112 350 607 529 108 404  90 421 500  54 332
 402 399 569 705 175 593 170 723 612 325 603 285 256   4 522 277 755 361
 127  23 765 716 142 459 715 628 272  94 684 589 284 671 539  87 268 656
 691 582 341 660 535  69  67 331 309 338 296 343 699 627 197 503  15 104
 550 295 242 431 250 247 732 670 754 752 743 623 348 289 240 428 336   1
 369 458 182 416  29 116 173 208 692 523 334 424 524 319 642 739 764 636
 570  50 567 366 599 215 301 370 381 608 236 231 328   5 275 418 387  26
 680 465 549 439 311 401 239  64 756 779 223 290 169 473 407 373 180 769
 151 145 128 562 158 600 115 157 618 767  43 105  33 382 749 575 516 697
 229 227 119 356 542 726 574  81 653 218 464  83 207 641 571 265  53 244
 586 411  70 614 443 143 775 495 729  82 139  79 355  68 511 685  10 477
 400 349  17 368 155 230 351 395 346 774 488 125 447 372 100 467 703 515
 643  40  48 466  51  74 390 141 605 496 543 558 177 502 327 672 640 470
 433 584 149 270 557 238 422 420 113 690 513 392  72 365 731 451 162 322
 771 494 146 228 462 423 318 101 546 592 463 664 273 216  92 415 354   7
 693  75 538  34 457 782 204  89 668 379 260 559 134 724 184 178 683 657
  11 747 481  28 601 287 313 736 448 121 536 307 191 380 617 214 517 292
 154 386 596 109 701 222 374 534  41]
GPU0
set random seed!
finished RVND in 12.5242159367s
data-line;initial_solution;69731371;final_solution;3464456;time;12.5242159367;counts;975;fv;[];cv;[589, 247, 121, 13, 5];imp;20.1276538077
