pydf_home: /home/rodolfo/git/Sucuri
simple_pycuda_home: /home/rodolfo/git/simple-pycuda
wamca2016path: /home/rodolfo/git/wamca2016/
localpath: /home/rodolfo/git/dvnd-df/code/dvnd-df/src/
WAMCAPATH:/home/rodolfo/git/wamca2016/
Using already created file:  wamca2016lib.so
Size: 783 - file name: 07_rat784.tsp
ns:  [<function <lambda> at 0x7f9d09c6b0c8>, <function <lambda> at 0x7f9d09c6b140>, <function <lambda> at 0x7f9d09c6b1b8>, <function <lambda> at 0x7f9d09c6b230>, <function <lambda> at 0x7f9d09c6b2a8>]
ns:  [<function <lambda> at 0x7f9d09c6b230>, <function <lambda> at 0x7f9d09c6b140>, <function <lambda> at 0x7f9d09c6b0c8>, <function <lambda> at 0x7f9d09c6b1b8>, <function <lambda> at 0x7f9d09c6b2a8>]
68501485-[524 164 411 113 109 502  95 731 450 730  78  74 314 103 572 414 403 320
 744 273 584 303 733 357 352 189 225 708 670 457 359 591 608 573 186 545
 293 358 253 122  66 689 378 693 657 681 211 333  76 707 121 739 717 467
 199 248 305 577 149  14 546 377 202 136   9 602  13 641 756 486 513 459
 431 448 297 102  28 312 567 220 393  27 315  75 660 421   4 594 148 540
 182 329 123 351 505 226  33 129 451 318 663 552 509  87 285 432 606 196
 461 597 366 363 465  20 510 694 354 559 592 652 153   7 214 472 722 239
 535  64 311 473 269 635 207 208  18 276  69  60 570  21 147 247 579  65
 538 768 491 384 307 484 416 516 381 714 674 389 658 281 404  68 605 224
 418 551 530  86 743  24 301 360 446 287 355  55 542  88 134 712 362 759
  49 241 135  29   2 499 437 383 291 183  15 252 100  92 434 137 690 494
 765 688 711 397 596 447  99 582 348 423 278  72 496 107 519 194 395 612
 749 713 761 206 593 296 548 238 218 568 419 394 453 617 231 222 631 428
 427 636 703 525 623 557 566 464 112 561 610 365 374 250 737 619 308  96
 682  56 191 141 732 773 463 710 254 745  94 483 155  62 661 686 599 128
 410 260 633 396 264  77  52 452 228 289 197 485 471 646 140 259 539 595
 114 750 734 327 168 531 376 754 332 727 474 624 108  84  11 439 230  81
  85 391 279 190 262 399 346 175 119 110 341 772 316 126 777 298 621 188
 586 526  54 603 339 628 576 424 131  67 779 678 165 321 677 675   1 719
 701 665 180 310 125 116 440 528 625  16 392 724 171 382 697 687  47 490
 487 533 669 170 767 650 609 243 752 763 255 555 426 412 295 667 138 527
  53 430 613 655 751 118 601  10 569 367 521 571 436 481 244 246 615 387
 529 104 132 720 671 587  25  45 460 517 662 256 407 495  42 294 543 370
 177 203 210  79 644 336 219  91 736 504 695  17 371 300 215 198 679 762
  22 778 458 666 643 271 192 781 159   5 741 549 503 181 449  34 488 277
 550 286 614 306  93 380 335 554 520 356 167 627 267 200  89  57 288 195
 709 299 213 648 435 629 266 445 401 124 187 117 420 385 479 343 209 338
 158 130 302 413 139 337 581 342 684 429 173  26 323 156 562 400  90 249
 637 728 402 683 475 589 386 673 344 237 639 642 659 283  50 523  46 120
 172 268 563 157 150 770 349 604 726 541 560 379 600 512 498 258 152 580
 438  82 270 388 227 331 340 174 757 696 466 511 234 417   6 480 274 470
 101 292 242 229  37 620 161 408 482 585 146  32 514  38 676 771  61 398
 162 738 184 691 649 232 212 672 764 145 742 692 368  59 766 590 142 507
 151 558 489  12 607 508 166 704  97 284 454 221 476  41 640 534  71 574
 698 179 324 415 532 245 735 653 263  23 143 193 780 334 718 443 706 127
 330  70 178  40 422  31 774  58 257 723 699 564 163 556 515 350 319 651
 721  43  80 261 425 755 588 729 309 313 304  35 638 705 144 441  30 185
 361 216 477 105 553 235 455 373 497 390 647 702 536 492  73 280 369  51
 747 444 272 626 501 630 282 405 375 611 518 442 656 753 769 251 317 748
 776  39 500 664 632 265 782   0 236 160  44   3 115 133 233 680 469 176
 760 326 468 616 462 217 275 347  83 364 240 169 506 325 740 715  19 290
 758 634 598 578 322 746 668 433 154 223 406 547 716 565 654 409 537 775
 111 622  48 575 522 106 645 478 583 345  98 205 201   8 685 725 328 456
 618 493 544 353  63 700 204 372  36]
GPU0
set random seed!
finished RVND in 12.8090240955s
data-line;initial_solution;68501485;final_solution;3471926;time;12.8090240955;counts;1024;fv;[];cv;[560, 286, 158, 16, 4];imp;19.7301108952
