pydf_home: /home/rodolfo/git/Sucuri
simple_pycuda_home: /home/rodolfo/git/simple-pycuda
wamca2016path: /home/rodolfo/git/wamca2016/
localpath: /home/rodolfo/git/dvnd-df/code/dvnd-df/src/
WAMCAPATH:/home/rodolfo/git/wamca2016/
Using already created file:  wamca2016lib.so
Size: 657 - file name: 06_d657.tsp
ns:  [<function <lambda> at 0x7f0ef962d0c8>, <function <lambda> at 0x7f0ef962d140>, <function <lambda> at 0x7f0ef962d1b8>, <function <lambda> at 0x7f0ef962d230>, <function <lambda> at 0x7f0ef962d2a8>]
ns:  [<function <lambda> at 0x7f0ef962d0c8>, <function <lambda> at 0x7f0ef962d230>, <function <lambda> at 0x7f0ef962d140>, <function <lambda> at 0x7f0ef962d1b8>, <function <lambda> at 0x7f0ef962d2a8>]
280541896-[ 26 145 304  18 483 424 613  25 395 417 237 457 485 376 386 428 331 281
 514 284  35 607 215 251 592 454 520 262 274 169 578 522 392 236 467 243
 570 313  77 337 230 515 231 184 253 650  31 246 608 114 240 133 451 273
 549 398 597 354 579 288 542 178 101  30 371 547  53  95 378 141 208 412
 571 305 415  37 633 639 209 508 222 406  76 203  46 614 272 629 630 402
 609 393 580  63  22 233 342   6 225 210 372 591  51 268 557 360 132  93
 303 163   7 536 115 298 486 322 637 606 270  39 157 438   3 156 118 207
 455 526 644 463 287 531   4 257 656 543 442 434 211 289 646 413 473 195
 553  17 174 356  61 104 221 339 264 180 443 279  86 142 460 113 493 238
 562 379 642 479 430 551 554 620 450 487 311 588 599 602 513  49 152 269
 574 524 635 244 359 252 285 125 589 539 100  44 383  98 188 224 103 330
 137 480  32  24 540 271 302 582 404 283 636 441  38 401 318 192 565 250
  43 506 126 161 306 421 294 418 593 278 389  88  23  20 651 512 150 585
 459 628  84  59 575 147 596 521 124 315 186 149 183 200 390 217   5 123
  99 129 484 249 109  81 353  54 276 584 653 362  87 600 170 139 631 173
   1 242 107 297 429 179 191 106 632 561 370   8  13 625 382 363 466  71
 329 583 387 167 136 545 605 229 323 448 228 282 645 120 235 122 138 624
 277 433  21 105 291 494 140 348 333  66  42  91 317 491 108 595 537 143
 409 332  67  19 310 219 131 308 472 461 171 218 158 344 258 325 470 405
  58  64 414  69 617  41 622  47 641 351 504 634 182 505  79 175 368 346
 256 327 533  83 408 206  28 496 437 349 199 618 563 407 621 110 255 214
 525 560  11 497 499 292 328 572  57 391 615 462 134 319 492 498 397 567
 495 299 286 324 176  92 427 135 102 544 153 336 234 119  73  96 503 301
 511 187 232  74 612 403 474 440 194 654 446 193 577 385  12 280   0 619
 300  65 172 216 241 361 556 590 558   2  56 212 381 445 326 340 419 245
 373 530 464 261 189 478 652 627 431 388 425 226 205  62 164 320 447 293
 165 410 400 439 144 640 260 568 648 416 265 465  75 263  89 576 616 185
 296 647 316 555 111 162 435  55 471 375  40 532 247 509 307 432 112 248
 534  15  60 350 601 507 581 611 377 468 586 168 552 436 266 501 358 347
 516 548 610 475 227 357 154 538  80 528 396 529 352 420 335 489 598 365
 623 309 151  50 481 259 369 128 197 130 559 517 510  48 239  33 338 502
 181 380 518 384 469 541 334  34 267 275 649 343  16 127 345 367 146 422
 546 121 177 519 482 117 594 290  90 254 587 204 535 603 638 341 449  72
 566 148 564 452 573 223 458 196 159 490  52 220 500 550  36  94  85 488
 198 456 160  29 374 364 155 626 476 166  78 523  70  97 116 312 477 604
 295  68 527 569 314  10 655  82 201 355 399 423 444 426  45   9 411 643
  14 453 213  27 394 202 366 321 190]
GPU0
set random seed!
finished RVND in 7.70939016342s
data-line;initial_solution;280541896;final_solution;14441704;time;7.70939016342;counts;762;fv;[];cv;[450, 197, 101, 11, 3];imp;19.4258167873
