pydf_home: /home/rodolfo/git/Sucuri
simple_pycuda_home: /home/rodolfo/git/simple-pycuda
wamca2016path: /home/rodolfo/git/wamca2016/
localpath: /home/rodolfo/git/dvnd-df/code/dvnd-df/src/
WAMCAPATH:/home/rodolfo/git/wamca2016/
Using already created file:  wamca2016lib.so
Size: 657 - file name: 06_d657.tsp
ns:  [<function <lambda> at 0x7fb636f2c0c8>, <function <lambda> at 0x7fb636f2c140>, <function <lambda> at 0x7fb636f2c1b8>, <function <lambda> at 0x7fb636f2c230>, <function <lambda> at 0x7fb636f2c2a8>]
ns:  [<function <lambda> at 0x7fb636f2c140>, <function <lambda> at 0x7fb636f2c0c8>, <function <lambda> at 0x7fb636f2c230>, <function <lambda> at 0x7fb636f2c2a8>, <function <lambda> at 0x7fb636f2c1b8>]
276471571-[  2 503 481  94 548 473 460  54 173 125 493 399 382 306 434 381 403 527
 551 653 110 441  50 101 564 283 538 515 427 552 347 170   8   6 122 562
 265 156  70 151 428 469 257 466 411  41 294 446 512  96 582 160  93 299
 308 333 625 111 524 634  75 440 332 183 483 247 300 525 571 642 372 647
 194 326 636 447 430 516  30  25 348  91 482 491 375 301 252 420 545 570
 124 385 388 646 456 374 105 474 572 450  99 392 114 599  85 475 185 643
  88 284 132 329 302 488 275 377  89 492 102 133 116 130 463 144 607 310
 355 189 253 357 468 346 624 517 617 407 433 451 465 431 232 502  13  72
 553 533 212 609 268  47 597 418  38 139 240 208 518 279 358 244 404  90
  74 457 191  78 195 654 305 603 459  17 394 286 303  48 611 184 364 612
 426 594 108 236 281 264 645  37 408 188 369 209 280 395 557 342 648 547
  40 298 282   5 501  68 309 154 307 107 477 237 135 495 479   1 143 391
 187 507 510 235 585 256   7 410  53 221 190 376 419 650 181 536 324 522
 368 169 106 269 207 421 437 246 405 530 296 287 182 230  36 656 508 356
 423 117 164 210 613 277 147 386 315 293 589 600 587  23 554 504  24 445
 145  18 635 409 449 331 442 452 128  31 361 360 123 627 198 334 248  39
 540 127 131 581 616 276 267 592  64 578 242 159 412 414 596 152 535 161
 579 261 171 601 577 213 574 539 505 559 619 614 174 379 555 104  97  42
 109 176 341 354 640 436  45 192  21 432 422  69 584 521 568  20  57 328
 532 389 602  52  16 629 415 573 343  87 606 318 223 398 172 455 544 638
 439 165 595 226  80 523 464  61 155 576 202 180 380 583  82 153 500 383
 406 400 353 367 260 199 396  84 519 425 336  43 149 141 556 197  26 461
 362 366 605 148 549 608 254  76 528 245 470 370 393 565   4 292 497 150
 339 444 632 598  19 278 178 239 413 569 241 429 291  33 224 542 520 322
  67 211 179 390 621 633 249 126 323 472 489 201 644 312 313 203 550  62
 175 630  55 652 365 498 637 485  81 103 563 119 311 649 641 561 448 206
 120 580 496 651 215 290 531 484 610 167  73 344 458 121 618  79 586 205
 285 566 526 387  92 234 340 157 228 480 200 588 371  10 438 546 541 487
 486 263 146 560 271 591 359 338   3 321 327 558 238  32 351 416 222  66
  22 168 537 255   0 335 325 494 289 453 100 593 186 227 604 317  77 129
 193 262 615 529  56 270 229 490 140 259  35 397 509 214  11 639 112 273
 225 476 288 113 319 575 402 219 655  58 217 272 233  65 626 467 384 274
 462 401  95 304 158  49 243 363 136  34   9 622 534 196  27 499 443 514
 373  46 118 218  98  51 424 543  44 250 350 623 435 216 231 330 345  59
 320 506  63 513 478 316  15 204 511 177 378 314  14 352 134 142 349 295
 220 417 163  83 251 258 567  29 628  60 138 162 266 137  86 297  71 590
  28 631 471 166  12 620 337 115 454]
GPU0
set random seed!
finished RVND in 7.94936394691s
data-line;initial_solution;276471571;final_solution;14506912;time;7.94936394691;counts;782;fv;[];cv;[479, 197, 91, 10, 5];imp;19.0579201832
