pydf_home: /home/rodolfo/git/Sucuri
simple_pycuda_home: /home/rodolfo/git/simple-pycuda
wamca2016path: /home/rodolfo/git/wamca2016/
localpath: /home/rodolfo/git/dvnd-df/code/dvnd-df/src/
WAMCAPATH:/home/rodolfo/git/wamca2016/
Using already created file:  wamca2016lib.so
Size: 226 - file name: 03_pr226.tsp
ns:  [<function <lambda> at 0x7fd27cae10c8>, <function <lambda> at 0x7fd27cae1140>, <function <lambda> at 0x7fd27cae11b8>, <function <lambda> at 0x7fd27cae1230>, <function <lambda> at 0x7fd27cae12a8>]
ns:  [<function <lambda> at 0x7fd27cae1140>, <function <lambda> at 0x7fd27cae10c8>, <function <lambda> at 0x7fd27cae12a8>, <function <lambda> at 0x7fd27cae1230>, <function <lambda> at 0x7fd27cae11b8>]
186703843-[ 48 187  55   3  24 135 221 218  28  10 103 161 129 223 146  14  23 109
   5 144 145 173  20 164  82  52 133  62  38  98  72  80 128 171 213 217
 110  84 159 106 114  61  29  49  81 183 197 206 186 165  79  77 184 121
 220  34  45  89 119 224   6  59 219  68 152  86 116  22 132 160 154  50
 147  70 215  78  87  56  95 120 188 175 107 210   0 181 149 185  65 127
 199  71  94 207 134 139 190 115 194 125 167 112 104  53 158  99   7  96
 192 169 108  66  47 122  97 209  18 189 179 191 138  75  19  32  13  25
 142 151  54  76  39  93 126 136 172 182 176 174   1 123  64 202 137  74
 155   9  41  31   8 200 153 102  73   2 177 111  43  91 131  88 178 124
 195  51 211 170 203  27  58 208 205 214 162  57   4 222  44  92 148  17
  85 198 117 212 216  16  60 100  37 204  30 180  12 156 225  40 193 201
 168  46 141  21 105 166 143 163 118  33  83  15  69  63  35  36  90 150
  42  26 140 196  67 157 113  11 101 130]
GPU0
set random seed!
finished RVND in 2.91295695305s
data-line;initial_solution;186703843;final_solution;7264036;time;2.91295695305;counts;397;fv;[];cv;[321, 54, 20, 1, 1];imp;25.7024941782
