pydf_home: /home/rodolfo/git/Sucuri
simple_pycuda_home: /home/rodolfo/git/simple-pycuda
wamca2016path: /home/rodolfo/git/wamca2016/
localpath: /home/rodolfo/git/dvnd-df/code/dvnd-df/src/
WAMCAPATH:/home/rodolfo/git/wamca2016/
Using already created file:  wamca2016lib.so
Size: 318 - file name: 04_lin318.tsp
ns:  [<function <lambda> at 0x7fa11a1f20c8>, <function <lambda> at 0x7fa11a1f2140>, <function <lambda> at 0x7fa11a1f21b8>, <function <lambda> at 0x7fa11a1f2230>, <function <lambda> at 0x7fa11a1f22a8>]
ns:  [<function <lambda> at 0x7fa11a1f22a8>, <function <lambda> at 0x7fa11a1f2140>, <function <lambda> at 0x7fa11a1f21b8>, <function <lambda> at 0x7fa11a1f2230>, <function <lambda> at 0x7fa11a1f20c8>]
92947660-[ 33 193  10 274 244  42 136  73 101 220 123 163 196 298  95 138 213 212
   4 161 164 118 264  80  58  78 172  60  76 200   0 279  98 197 148   8
 131 180 254 168 273  72  61 115  47 311 289  18 300 309  55  77  17 290
 151 159 308 265 288 245   7 241 203 155 262  27 166 243 162 314 122  39
 226 103 160 214  51 229 232 302  68 255  49 246 294 221 259 141  54 156
  99 275 304  21 312  84  11  45  89 236 295 223 189 249 107 170  26  22
 176 263 102  65  66  74  38 157  59   6  34 116 147  86 139 150 285  25
 167 121 119 190 186 125 217   2 114  32  50 127 126 278  94  82 132 204
   1 154 113 194 218 158 270 306 149 222 145 252 129 251 144  53  64  90
 257  14  85  48 188 230 181 104  93 112 183 175 248 182 199 184 231 135
 110 240 187  67 209 228 269 277 317 286 268 293  91 100 301 237  83 211
 198  37 137 206  57  12 276 253  87 227 281 202 316 174  75 234 201  63
 280  40   5 207  30 256  71 191 267 315 140 224  81 134 225 313 130  92
 219  19 233 305  79 173  29 185 208 111  97  43  69  46 292 169  88 165
 250 171 303 152 153 192  28  56 177  13 105 178 128 247  20 261 216 291
 195 271 266 179 205 106  96  36  44 124  31 284 117  23   9 310 258 210
  41 133 109 215 287 143  16 238 260 235 272 299  52  70  24 120 297 283
 242 307 108 142   3  62 282  35 239 146  15 296]
GPU0
set random seed!
finished RVND in 2.89480614662s
data-line;initial_solution;92947660;final_solution;5964704;time;2.89480614662;counts;480;fv;[];cv;[284, 130, 56, 8, 2];imp;15.5829459433
