pydf_home: /home/rodolfo/git/Sucuri
simple_pycuda_home: /home/rodolfo/git/simple-pycuda
wamca2016path: /home/rodolfo/git/wamca2016/
localpath: /home/rodolfo/git/dvnd-df/code/dvnd-df/src/
WAMCAPATH:/home/rodolfo/git/wamca2016/
Using already created file:  wamca2016lib.so
Size: 226 - file name: 03_pr226.tsp
ns:  [<function <lambda> at 0x7f45054df0c8>, <function <lambda> at 0x7f45054df140>, <function <lambda> at 0x7f45054df1b8>, <function <lambda> at 0x7f45054df230>, <function <lambda> at 0x7f45054df2a8>]
ns:  [<function <lambda> at 0x7f45054df1b8>, <function <lambda> at 0x7f45054df140>, <function <lambda> at 0x7f45054df230>, <function <lambda> at 0x7f45054df2a8>, <function <lambda> at 0x7f45054df0c8>]
205675420-[189  66  79 156  55 180 101 186 112 161   5  40  16  97 174 192 193 141
  67 177  15  49 132  98  35 160  34 151  57  38  71  31  70  92 110 219
 222  85 212  74  45  63 225  62 159   1 224  29 124 209  10 138 206 128
 166 136   3 195 104 182 106 144  11 170 188 179 105   9  76 150  75  95
 183 176 120 178  53 113 137 121 211  58 145  72 175 119  47  93 198  90
 130 114 125  42  80 196 216   8 190  46  64 142 202 157 118 103 201 127
 199  96 210  36  18 149 116  87  91  61  17  56 167 213 168 139  28  44
 169  50 165 171 207   4   6  51  22 108 218   2 115 154 158  13 109 200
 204 133 117 172 215 134  20 205  23 152 102 187  12 153  77  52  41 223
 173  69  33 122 126  48 194  83 181  25 140 191 135 184  73 147  14 185
  78  26  37  89 220  59  19  84 146  88 163  86 111   0  81  94 221 208
 131 197  65 107  27  82  32 148  68 155   7  43 214 143  39  54  30  60
 100  99 203 162 129 123  21 217  24 164]
GPU0
set random seed!
finished RVND in 1.66408085823s
data-line;initial_solution;205675420;final_solution;7225642;time;1.66408085823;counts;325;fv;[];cv;[241, 56, 25, 2, 1];imp;28.4646568429
