pydf_home: /home/rodolfo/git/Sucuri
simple_pycuda_home: /home/rodolfo/git/simple-pycuda
wamca2016path: /home/rodolfo/git/wamca2016/
localpath: /home/rodolfo/git/dvnd-df/code/dvnd-df/src/
WAMCAPATH:/home/rodolfo/git/wamca2016/
Using already created file:  wamca2016lib.so
Size: 318 - file name: 04_lin318.tsp
ns:  [<function <lambda> at 0x7f002a25e0c8>, <function <lambda> at 0x7f002a25e140>, <function <lambda> at 0x7f002a25e1b8>, <function <lambda> at 0x7f002a25e230>, <function <lambda> at 0x7f002a25e2a8>]
ns:  [<function <lambda> at 0x7f002a25e2a8>, <function <lambda> at 0x7f002a25e140>, <function <lambda> at 0x7f002a25e0c8>, <function <lambda> at 0x7f002a25e1b8>, <function <lambda> at 0x7f002a25e230>]
91161595-[ 56 268 244  65 107  79 269  73 308 118  19 106 164 125  77 120  59 192
  35 147 123  71 113 257 175 215 114 307 202 252   8 198 306 295 128  53
 201 216 166 278 129  18 251  81 196 155 310 199 142 160 149  57  80 261
 245 313 207 188 255 131 174 157  25  45 290 109 312  41 220  76 315  55
  52 266 270 249 228 238 116 146 287  13  17 288 225 304 283 162  46  96
  26 167  39   2 185  58 165 191 241 180 264 205 127  95  11 176  87 194
  72 298 221 258 132  66  44 294   3 212 209 156 309 280  92 254  43 152
   7 195 190  29  99 218  30 262 232  51 161 303 275 239 231 297 110 108
 246  42  90 115  68 317  23 316 137 111 299  88  94  33   0 159 265 236
 158  32  82 213 242 154 267  91 253 248 263 311 143 193  22 301 140 139
  50 234  47 163 168 151 183 271  27  86   9 217 289 219 122 136  97 102
 260  38 138 181 119 292 187 171 272 172  34  62  93 273 211 117 226 182
  16   1 233 130  74  83  89 240 134  21  24 250 178  69 135  67  28  36
 230 227 177 281  10 126  37  40 284  14 256 173 203 210   6   4 206 208
  61 112 186 305 300 229  54 124 243 274 314  60 197 302  64 214  48  15
  84  75 153 285 296 184 282  78 204 170 148   5 179 286 145  31 276 141
 133 237  49  70 223 100  12 247 279 169 189  98 224 104 121 144 291 150
  20  63 277 200 101 103  85 105 235 259 222 293]
GPU0
set random seed!
finished RVND in 2.9085919857s
data-line;initial_solution;91161595;final_solution;6139716;time;2.9085919857;counts;451;fv;[];cv;[256, 128, 59, 5, 3];imp;14.8478520831
