pydf_home: /home/rodolfo/git/Sucuri
simple_pycuda_home: /home/rodolfo/git/simple-pycuda
wamca2016path: /home/rodolfo/git/wamca2016/
localpath: /home/rodolfo/git/dvnd-df/code/dvnd-df/src/
WAMCAPATH:/home/rodolfo/git/wamca2016/
Using already created file:  wamca2016lib.so
Size: 318 - file name: 04_lin318.tsp
ns:  [<function <lambda> at 0x7f4de4c790c8>, <function <lambda> at 0x7f4de4c79140>, <function <lambda> at 0x7f4de4c791b8>, <function <lambda> at 0x7f4de4c79230>, <function <lambda> at 0x7f4de4c792a8>]
ns:  [<function <lambda> at 0x7f4de4c790c8>, <function <lambda> at 0x7f4de4c79230>, <function <lambda> at 0x7f4de4c79140>, <function <lambda> at 0x7f4de4c792a8>, <function <lambda> at 0x7f4de4c791b8>]
94032814-[ 60   5 245 288 161 227 294 113 147 251 299 287  48 162 215  11  51  46
  93  70 164  32 118 169 235 296 272 281  57  85 259  67  54 262 153 195
 214 128  68 122  82 124 200 224 264 146  73 278 317  12  10 303 166 216
  13 188  44 252 221 289 111 201   4 301  20 240  34  58  33 277  79 107
 279   9  38 267 157 184 130 219 108  22  71 213 231 158 228 134 261  23
 143 100 300 125   7 211 286   3 154 175 285  37 156 295 123  78 266 110
 193  15  75 243  30 242 305 204 137 212 263 117  43 129 196  92  76  91
 103 223  36  52  19  95 135 189 198  17 237  35 159  90 133 199 155 269
  59 172  72  77 127 138  62 131  53 187 209  45 173  40  39 241 206 192
 297 312 257 167 250  74  97 179  16 314 207 150 306 170 229  56  47  63
 315 276  26  24 308  18 191 270 163 260 248 226 168 186 160 120 190 194
  31 141 142  87 132 258 202  98 185 165 136 307 222  55 171  89 177 275
 283 239 176 112 174  14 151 104 145 220   8 148 249 178  64  50 119 309
  83 255  27 101  81 115 256 140 208   0 106 149 313 302  80 210 230 284
 254 290 247 126  99 271 280 232 304 274  66  29 236 114  28  94  69  61
 105 273 246 181  65  25   2 292 218  49 203 109 116 144 253 183 311 293
  86 238 310 182 298 316 139  88 244 291 265 268   6 282 233 152 121 102
   1 180  42 225  96 217  21  41 205 197 234  84]
GPU0
set random seed!
finished RVND in 2.22555589676s
data-line;initial_solution;94032814;final_solution;6224075;time;2.22555589676;counts;436;fv;[];cv;[257, 120, 49, 9, 1];imp;15.1079178834
