pydf_home: /home/rodolfo/git/Sucuri
simple_pycuda_home: /home/rodolfo/git/simple-pycuda
wamca2016path: /home/rodolfo/git/wamca2016/
localpath: /home/rodolfo/git/dvnd-df/code/dvnd-df/src/
WAMCAPATH:/home/rodolfo/git/wamca2016/
Using already created file:  wamca2016lib.so
Size: 783 - file name: 07_rat784.tsp
ns:  [<function <lambda> at 0x7f5e0272d0c8>, <function <lambda> at 0x7f5e0272d140>, <function <lambda> at 0x7f5e0272d1b8>, <function <lambda> at 0x7f5e0272d230>, <function <lambda> at 0x7f5e0272d2a8>]
ns:  [<function <lambda> at 0x7f5e0272d230>, <function <lambda> at 0x7f5e0272d0c8>, <function <lambda> at 0x7f5e0272d2a8>, <function <lambda> at 0x7f5e0272d140>, <function <lambda> at 0x7f5e0272d1b8>]
69417719-[298 478 749 591 614 618  71 229 133 261 304 350 446 459 660 421 253  53
  50 764 753 721 645 112 445 552 637 451  52 587 160 776   0 659 643 254
 195  43 582 264  88 487 440 724 230 124 352 454 575 554 534  18 148 730
 706 414 177 187  91 664 324 584 182 475  80 371   1  96 420 115 364 626
  21 401 772 668 695 633 780 728 180 563 248 765 328 540 685 629 689   9
 307  10 312 435 778 439 344 543 636 569 231 121 242 276 774 467 250 286
 779 368  60 272 623 191 518 577 390  70 213  30 384 729  92 147 542 508
 313 331 327 275  48 510  23 397 155 139 222 255 387  85  24 409 465 211
 688  86 538  59 642  79 227 657 343 434 631 757  15 763 701 560 212 340
 285 398  94 628 138 741 113 553 431 126 492  44 594 611 675 102 210 120
 502 188 175 717  90 632 125 267 225 616 709  40 581  35 209 386 490 315
 167 201 678 713 374 444 288 466 697  16 461 462 355 292  47 734 480  29
 740 337 281 641 781  42 547 720 366 321 513 410 171 712 708 754 469 282
 744 425 684 680  11 108  49 122 590 279 200  64 106 725 432  93 265 132
 433 283  61 743 758 198 154 495  65 252 727 537 290 665 346 287 608 135
 650 673  17 597  46  69 316 742 667 172 136 703  27 349 338 319   6 617
 655 158 325 127 396 394 568 464 627 662 345 566 500 561 161 128   8  82
 289 747  41 634 426 488 536 476 137 456 528 541 100 696 221 204 228 671
 224 416 385 503 436 194 583  38 103 672 382   5  75 219  83  98 215 453
 438 181 173 376 302 399  56 134 624 318  36 131 604 716 658 348 129 463
 257 157 507 278 517 471 539  55 232 293 635 515 607  37  57 762 143  89
  45 588  20 599 578  78 443 557 519 690 767 342 572 520 226 775 203 190
 380 505 576 270 258 189 381 123 521 452 427 300 514 218 356 761 736 738
 274 457 216 564 759 164 532 268 361 358 499 362 509 473   3 329 484 208
 196  97 166 377 174 546  58 284 422 423 404 156 130   7 326 726 545 646
 442 238 455 437 417 360 354 357 777 580 146 170 317  34  32   4 592 359
 233 573 620 529 109 485 707 674  51 700 217 458 141  68 648 339 498 411
 550  63  73 375 405 193 687  77 116 306  84 548 369 234 565 347 424 585
 351 114 516 718  72  54 562 320 494 654 183 117 206 770 602 151 714 735
 367 621 262 403  25 365 413 297 259 556 530 595 429 752 240 334 666 202
 402 603 295 363 468 748 149 370 142 571 698 596 373 104 598 269 694 184
 470 702 558 501 389 755 768 441 271 249 732 522 273 448  76 247 766 511
 101 647 408 169 330 393 168 235 388 496 574 450 418 477 481  62 383 483
 610 512 311 705 223 651 533 504 722 605 245 649 430 391 110 144 119 379
 482 314 395 479 559 449 692 622 237 407 751 153 570 600 400  81 691 197
 301 192 239 676 392 308  66 332 323 186 677 303  99 309 296 613 207 638
 159 615 711 406 699 593  12 489 769 266 205  14 260 782 150 486 733 199
 760 526 606 341 737 246 447 220 619 567 549 335  74 750 162 291 336 333
 305 656 474   2 179 739 523 185 679 710  26 723  39 497  31 601 771 544
 715 579 639 531 280 551 625 682  28 586 256 683 663 630 704  95 107 653
 746 681  22 152 378 661 140 163 241 419 299 165 652 145 178 428 176 535
 372 263 214  87 415 745  13 756 524 244 612 525 773 589 669  19 118 686
 527 322 493 472 460 491 111 693 310 412 719 105 236 294 353 506 640 251
 731 243 644  33 670 277 609  67 555]
GPU0
set random seed!
finished RVND in 12.0221071243s
data-line;initial_solution;69417719;final_solution;3444749;time;12.0221071243;counts;962;fv;[];cv;[565, 235, 135, 20, 7];imp;20.1517495179
