pydf_home: /home/rodolfo/git/Sucuri
simple_pycuda_home: /home/rodolfo/git/simple-pycuda
wamca2016path: /home/rodolfo/git/wamca2016/
localpath: /home/rodolfo/git/dvnd-df/code/dvnd-df/src/
WAMCAPATH:/home/rodolfo/git/wamca2016/
Using already created file:  wamca2016lib.so
Size: 226 - file name: 03_pr226.tsp
ns:  [<function <lambda> at 0x7fb0ef60b0c8>, <function <lambda> at 0x7fb0ef60b140>, <function <lambda> at 0x7fb0ef60b1b8>, <function <lambda> at 0x7fb0ef60b230>, <function <lambda> at 0x7fb0ef60b2a8>]
ns:  [<function <lambda> at 0x7fb0ef60b230>, <function <lambda> at 0x7fb0ef60b2a8>, <function <lambda> at 0x7fb0ef60b140>, <function <lambda> at 0x7fb0ef60b1b8>, <function <lambda> at 0x7fb0ef60b0c8>]
191235757-[189 192  95 116  38  97 175  40 126  78 214  67 191 108   8  63 113  50
  88  69 203  24 173  96 170  68 136 207  43 168 163  46  75  44 100  98
 145 121   2  28  92  53 180 218 219 196  73 142  37  90  18  59 114 118
  22  16  34 182  20 151 125 134 193 178  12  36  23 169  72 181 159 197
 130  60 139 194  94 131 111 199  83 183 150 190 209   1 101  11 107  89
 112  15  58 148  71 223 187 172 143 146 160  10 162  25  17 124 154  30
 104 147  48 115  35  85   6 204 132  14 188 210 106  29 138 198  51  99
 208  76  65  66 122   7   9 110  31  54 176 221   4 120 164  19 200 185
  42 224 171 129 205 137   5 119  79  32 184  47 123 165 153  61  64  93
 140 149  81  84 156 141 222 212  26 217 195  49 109 220  21   3 161  77
 206 167 127 201   0 117 186 216 135 174 128 202 166 102 177 133 144  52
 213  33 211 225  87 103  74  55 157  57 215  45  27  56 152  86 179  62
 105  13  41  82  80  91  70 158  39 155]
GPU0
set random seed!
finished RVND in 2.18488407135s
data-line;initial_solution;191235757;final_solution;7012922;time;2.18488407135;counts;418;fv;[];cv;[335, 62, 17, 2, 2];imp;27.2690551813
