pydf_home: /home/rodolfo/git/Sucuri
simple_pycuda_home: /home/rodolfo/git/simple-pycuda
wamca2016path: /home/rodolfo/git/wamca2016/
localpath: /home/rodolfo/git/dvnd-df/code/dvnd-df/src/
WAMCAPATH:/home/rodolfo/git/wamca2016/
Using already created file:  wamca2016lib.so
Size: 226 - file name: 03_pr226.tsp
ns:  [<function <lambda> at 0x7f50755af0c8>, <function <lambda> at 0x7f50755af140>, <function <lambda> at 0x7f50755af1b8>, <function <lambda> at 0x7f50755af230>, <function <lambda> at 0x7f50755af2a8>]
ns:  [<function <lambda> at 0x7f50755af0c8>, <function <lambda> at 0x7f50755af1b8>, <function <lambda> at 0x7f50755af230>, <function <lambda> at 0x7f50755af2a8>, <function <lambda> at 0x7f50755af140>]
200535683-[143 144  11  87  36 180   2 210 169 146 215 174  43 136 207 224 192 117
 182 216  14 167 151 225  80 156 204 139 120 134 114 106  93  58  52 118
  24  16  97  48   6 101  84  40 140  66  98 129 185  65 107 220 197 103
 176  82  49 164  55 195  29  85 172 196  70 221 113 187  83  56  59 199
 130 149  99 179 122  92 206  44 162 115 163 153  95 150  22  67  18 133
 177 191  21 160  50 194  73   1 166 158 202   4  47  79 159 131  41  39
 173  75  19 154  10 223  32 188 127 208 142 108  51 125 104 217  17  94
 203 126  26 138 219 102 135  13 200  15 222 157 189  81  74  86 121 212
 186  68  53  77  76 168  45  28  69  12 209 105  96 137 211  42 145 218
   5 183  89 112 155  23 147 141 148 110 184  72 170 178   9  71  27  62
 205 100   7  63 111 116  37  34  20 119  64  33 175   0 193 123  38 132
  25 213 201 198  91 128  54  78 165 161 124 181 190  57  30  35  60   3
 152   8  31 109  90  61  88 171 214  46]
GPU0
set random seed!
finished RVND in 3.68721604347s
data-line;initial_solution;200535683;final_solution;7066966;time;3.68721604347;counts;647;fv;[];cv;[542, 74, 29, 1, 1];imp;28.3764890053
