pydf_home: /home/rodolfo/git/Sucuri
simple_pycuda_home: /home/rodolfo/git/simple-pycuda
wamca2016path: /home/rodolfo/git/wamca2016/
localpath: /home/rodolfo/git/dvnd-df/code/dvnd-df/src/
WAMCAPATH:/home/rodolfo/git/wamca2016/
Using already created file:  wamca2016lib.so
Size: 318 - file name: 04_lin318.tsp
ns:  [<function <lambda> at 0x7f004afe40c8>, <function <lambda> at 0x7f004afe4140>, <function <lambda> at 0x7f004afe41b8>, <function <lambda> at 0x7f004afe4230>, <function <lambda> at 0x7f004afe42a8>]
ns:  [<function <lambda> at 0x7f004afe40c8>, <function <lambda> at 0x7f004afe41b8>, <function <lambda> at 0x7f004afe4230>, <function <lambda> at 0x7f004afe42a8>, <function <lambda> at 0x7f004afe4140>]
96678554-[152  97 105 292 294 136  21 258 213   4 106 201 196   8  79 101  45 132
 266   0 303 291 209 100  71 222 154 143  43 247 204 317 107  80  68  73
 203 128 197 250   3 147 114 299 178 135 205  24 225  49 259  95 227  41
  53 189 306 112 118 290 103  20 155  99 176   9 249 146 314  96 175 237
  76  30 138   7 235 133  69 256  51 110 182 119  33 271 264  61 242  34
  35 137 179 125 243 236 313 174 171 104 108  27 184 251 310 186 232 148
 158 198 231 142 151 169 117 199  91 230 124 159  60 139  86  13 141  70
 161  65 190 220 282 297 273 193  57 181 211  92 248 210  83   1 283  88
 145 166 183 208 254 191  17 265 223 113 217 153 279 149 156 241  28  64
 200  25 281 269 130  74 134 262  77 284  94  47 188 131 305 298  90  67
 308 309  19 168 207 304  16 173 276  42 296  15 312  37 278   5  87 216
 122 263  82 123 120  98 115  89 261  10 300   2 301 127  38 180  50 170
 219 140 121 267  52 307 214 165  63  44  36  56  84 272 172 277 302 257
 195 163  93 295 240 177 194  32  31  78 111 102 226 150 187  11  14  40
 280 144  55  12 255 229 202  66 164  18 218 185  29 288  81 212  23 157
 116 316 167 224  26 221   6 293 129 228 192  75 234  46 126  58 252  48
 238  39 253 268 260  54 206 311 246 160  72  85 270 233 245  22 215 287
 289  59  62 275 162 244 239 109 274 315 286 285]
GPU0
set random seed!
finished RVND in 2.01788401604s
data-line;initial_solution;96678554;final_solution;6096884;time;2.01788401604;counts;427;fv;[];cv;[284, 100, 37, 4, 2];imp;15.8570433684
