pydf_home: /home/rodolfo/git/Sucuri
simple_pycuda_home: /home/rodolfo/git/simple-pycuda
wamca2016path: /home/rodolfo/git/wamca2016/
localpath: /home/rodolfo/git/dvnd-df/code/dvnd-df/src/
WAMCAPATH:/home/rodolfo/git/wamca2016/
Using already created file:  wamca2016lib.so
Size: 657 - file name: 06_d657.tsp
ns:  [<function <lambda> at 0x7f782eed30c8>, <function <lambda> at 0x7f782eed3140>, <function <lambda> at 0x7f782eed31b8>, <function <lambda> at 0x7f782eed3230>, <function <lambda> at 0x7f782eed32a8>]
ns:  [<function <lambda> at 0x7f782eed32a8>, <function <lambda> at 0x7f782eed3140>, <function <lambda> at 0x7f782eed3230>, <function <lambda> at 0x7f782eed30c8>, <function <lambda> at 0x7f782eed31b8>]
278588691-[618  78 359 433 513 503 549 547 129 353 573 294 289 582  94  35 520 474
 413 354 234  85 470 454 127 272   1 151 157 442  79 651  60 412 190 224
 212 434 191 411 406 480 445 116 421 115  53 561 459 425 296 565 483 170
 186 568 461 177 387  58  14 476 124 392   4  38 227 515 325   7 604 179
 268  63 276 526 283 196 516 229 654  57 577 505 114  46 550 145 395 490
  76  70 608 614 495 220 183 344 125 111 380 481 159 641 640 645 647  18
 378 489 611 330 455 213 428 528  43 140 546 399 291 588 355 133 637 485
 251 188  56 487 370 653 432 369 648 376 494 245 558  90 288 110  88  25
  28 584 260 193 512 332 450 605 625 286 607 613  13 634 304 242 585 137
 456 559 581 211 231 553 591 594 636 630 609 273  55 621  54 138  93 248
 540 363 612 536 502 308 301 386 258 261 599  99 108 628 504  66 128 448
 109 465 650 146 322 544 362 603  95 443 524  40  34 373  42 596 580 563
  44   0 589  65 160  83 197 168 226 491 649 368 321 545 460 542 189 374
 244 329 598 389 572 345 537 120 312 509 313  59 597  15 342 247 246 435
 629 379 469 415 579 207 217   5 123 243  77 336 282 192 236 407 402 467
 208 538 106  68 377 525  86 381 571 391 337  61 214 427 235 479 655 601
 530 420 166 182 130  10 167 517 173 567 290 277 638 132 384 209 187 471
  41 417 341  30 555 287 360 171 205  16 444 265 297 210 302 307 620 274
 222 346 221 627 404 472 449 117 473 357 113 632 533 493 566  32 416  89
 492 280  73 112 576  24 523 230 335 562 506 293 223 626 358 501 586 602
 477  98 606 172 361 320 348  29 225 644 419 144 158 203 510 216 541 316
 583  69 147 270 305 241 652 458 141  84 390 317 281 400  26 364  33 446
 414  20 279 324 365 610 119 331 165 295 164 232  82 162 343 556 263 271
 622 356 394 264 323 339 519 219 238 635 633  11 152 256  52 218 309 557
 436 643 199 142 447 153 178 101 595 319 185 508 349 257  81 426 240 250
 464 371 303 462 592  27 484 333 431 334 298 134 518 228 539  17 350  80
 306 237 340 249 200 615 300 507 311  37 194  47  45  87 499 366 438 453
 498 531  67 486 409 136 143 403  19 284 543 375 285 149 102 388 631 252
 451 527 259 155 105 500 215   2   6 574 397 104 457 578 180 204 398 552
 328 587 424 126 511  51 522 175 176 201 100 385 418 437  91 560 169 310
 135 254  48 181 131 646 262 619 488 161 233 401 327 269  39 532 429 564
 593 466 478   3 535 150 351 570 393 314 195  96 624 423 405 122   8  22
 267  31 154 441 439 139 103 184 255 326 422 202 148 338 292 430 352 198
 239 318 616 382 496  64 372 482 156  72 642 551 548 534 569  21  49 497
 514 475 408 468 463 575 253 347  12  92 440 107 315 554 275 121   9 174
  23  97  74 452 367 600 206 590 266 118 656 299 529  50 639  71  36  62
 521 278 163 383 623 410 396 617  75]
GPU0
set random seed!
finished RVND in 8.68825602531s
data-line;initial_solution;278588691;final_solution;14436649;time;8.68825602531;counts;865;fv;[];cv;[504, 224, 121, 10, 6];imp;19.2973238457
