pydf_home: /home/rodolfo/git/Sucuri
simple_pycuda_home: /home/rodolfo/git/simple-pycuda
wamca2016path: /home/rodolfo/git/wamca2016/
localpath: /home/rodolfo/git/dvnd-df/code/dvnd-df/src/
WAMCAPATH:/home/rodolfo/git/wamca2016/
Using already created file:  wamca2016lib.so
Size: 501 - file name: 05_TRP-S500-R1.tsp
ns:  [<function <lambda> at 0x7f27463ec0c8>, <function <lambda> at 0x7f27463ec140>, <function <lambda> at 0x7f27463ec1b8>, <function <lambda> at 0x7f27463ec230>, <function <lambda> at 0x7f27463ec2a8>]
ns:  [<function <lambda> at 0x7f27463ec2a8>, <function <lambda> at 0x7f27463ec230>, <function <lambda> at 0x7f27463ec0c8>, <function <lambda> at 0x7f27463ec140>, <function <lambda> at 0x7f27463ec1b8>]
32703609-[403 121 144  12 447 249 308 139 272  75 476 458  79 298 320 455 117 499
 456  20 366 301  89  92 391 161 291 240  81 422 472 171 390 218 413 364
 363 471 368 135 188 373 377 106 420 231 399 134 148 166  62 226 496 497
  25 154 178   1  15 227  19 282  98 328 446 362 336 444 255 392  24 198
 196 243  30  43   6 303 252 500 258 216 445 202 192 306 124 367 493 449
  71 393 439 474 163 208 338  68 267   5 382 104 400  49 264 433 410 206
 219 304  23 478 475 490  57 140   2 438 182 235 467 270 397 452  51 276
   7 190  59  56 145  31  53 159 229 383 170 309 381 387 225  50 102 361
 350 253 180  26 489 123 285 369 429 359 485 442 434 296 189 421 172 151
 407 398 137 293 105 204 488 112 483 464 278 477 355 237 321 385 205  63
 142  61 246 238 406 232 193  29 283 480 222 201 388 327   3 184 109 101
 348   0 386 261 462 284  65 401 131 294 371 451 266 424  32 120 375 312
 158 132 122 265 239 469 316 435 136  88 141 297 254 479 324 491  70 436
 337 437 457 175 481 153 268 418 164  39 280 302 160 443 186 494 251 177
  93 221 450 423 245  55 412 162 185 376 344 111  85 220 374 214  60 394
 215 313 342 183 263 495  14 203 414 426  33 492 408 197 299  38 353 370
  73 194 318 459 187 332 176 114 217 138 461 487 168 287 384 482 402 448
 405 319  80 247 152 242 271 107 156 250 356 440 241 199  18 395 404 279
 466 351  66  36 486  10 343  48 331 334 333 210   9 110 207 463 233 259
 311 228 281 484 292   8 115 473 325  99  11  46 100  16 310 234 352 169
 260 295 416 431 179 415 329  90 236  91 181 349 274  84 248 345  96  27
 223 354  58 323 305 118 453 213  86 314 244  37 277  94 143 357  87 441
 347 165 128 289 150 380 419 330 125  69 147 307 300 432 288 460  28  34
 468 341 378 425  47 224  41  64 209 379 315 262  54 269 428 346  44 430
 127 212 409 149 372 317 230 340 396   4 256 290  83 286  13 133 108  21
  76 157  42 103 275  72 130 339 326 411  97 498 365 200 417  95 129  22
  40  45 465 470 360  35 167  17  67  74 126 146 335 273 173 174 119 211
 427  52 257 454 113 322  82 389 155  77  78 195 358 191 116]
GPU0
set random seed!
finished RVND in 5.45694589615s
data-line;initial_solution;32703609;final_solution;2013722;time;5.45694589615;counts;709;fv;[];cv;[432, 179, 87, 9, 2];imp;16.2403792579
