pydf_home: /home/rodolfo/git/Sucuri
simple_pycuda_home: /home/rodolfo/git/simple-pycuda
wamca2016path: /home/rodolfo/git/wamca2016/
localpath: /home/rodolfo/git/dvnd-df/code/dvnd-df/src/
WAMCAPATH:/home/rodolfo/git/wamca2016/
Using already created file:  wamca2016lib.so
Size: 657 - file name: 06_d657.tsp
ns:  [<function <lambda> at 0x7fdd2d3220c8>, <function <lambda> at 0x7fdd2d322140>, <function <lambda> at 0x7fdd2d3221b8>, <function <lambda> at 0x7fdd2d322230>, <function <lambda> at 0x7fdd2d3222a8>]
ns:  [<function <lambda> at 0x7fdd2d3222a8>, <function <lambda> at 0x7fdd2d3221b8>, <function <lambda> at 0x7fdd2d322140>, <function <lambda> at 0x7fdd2d322230>, <function <lambda> at 0x7fdd2d3220c8>]
287982321-[468 334 612 412 644 554 190 594 453 186 573 320 574 146  79 439 284 478
 440 522 234 258 285 578 590 521   8 459 336   7  63 407 627 111 130 534
 597 582 375 304 118 160 106 263 655 127  90 611 449 317 540 306 315 370
  20 454 162 354 487 650  32 406 580 188 632 267   9   0 467 579 251 419
 114 532 524 464 212 368 121 566 472 488  45 222 455 351 490 587 572 117
 255 620   6 392 321 520 584 271 545 343 599 104  82 608 342   4 428 323
 314 629 514  67  74  21 377 128  33 227 226 562  40 205 209 483 147 551
 225 365 550  95 543 150 615 283 348  30 516 575 523 187 308 571  58 596
 372 639 129 276 556 182 223 246 333   1 109 352 646 142  57 319 417  75
  87 413 382 567 297  56  54 257 570 140 430 616 175 531 357 165 538 345
 614 512 593 606  97 166 630 176 158 607 434 282 429  65 437 266 291 296
  86  73 132 393 398 376 379 547 208 502  23 335 219  96 617  61 397 563
 581 344 484 135  44 564 311 618 137 645 374 180 280 386 569 346  50 586
 404 530  66 426 623  70 649 552 110 224 500 178 279 362  16 159 436 324
 256 270  34 448 288 157 171 112 113 211 184 102 452  39 193 183 605 496
 474 299 199 425 533 504 619 318 603 479 391 476 378 369 492 475 275 101
 332 381 253 293 206 163 237 281  72 506 173 307 108 527 100 576 278  51
 125  42 238 325 461 359 235 451 469 421 269 189 528 122 447 373 240 215
 489 191 565  26 395 331 174 410 145 170 361 264  36 602  62 120 414 525
 541   2 387 312 427  46 203 396  59 510 347 330 625  38 303 568 156 486
   5  15 591 124  31 244 207 134 511 549 561 519 197 298 245 548 544 498
 154 457 139 300 408 505 360 465 152 621 295 149 210 301 462 495 601  19
 371 470 399 185  76 536 383 450 233 202 294 446 204 286 497 366 583 115
 553 442 640 262 302 167  37  52 420  98 508 254  77 415 513 555 247 482
 242 153 517 631 626 443 155 326 355 485  60 243 400 196   3 131 526 577
 559 585  14 604 403 409 609 192 249 401 103 310 473 416 236 418 422  80
 231 213 161 252 194 138 633 337 107 287 229 557 518 648 503 367 350 248
 316 136 277 177 260 201 444 179 116 356  92 168 654 232 216 384 432 435
 305 327 424 445 491 218 241 466 588  12 230 610 529 340 433  93 328 643
 338 105  88 390 309 558 535 592 214 313 641 217 501 259  48 638 636 181
  89 353 339 126  13 123 239 405  53 148  99 481  10  43 221  28 537 141
 195 480 144 290 494 441 431 652 622 268 200 628 172 143 651  94  85 274
 341 385 598 477 463 624  69 423 349 289 637 560  22 456 613  68 358  18
 546  11 411  83  47 493  49 292  35 272 647 402  29 169 151 509  55 380
 515 389 539 250 634 438 228  78 542  24 261 595 388 363 133  71  41 273
 329 656 322  27 471 364 198 642  81 589  17  25 164  91 499 600 394 265
 119 460 653 507  84  64 635 458 220]
GPU0
set random seed!
finished RVND in 8.28058695793s
data-line;initial_solution;287982321;final_solution;14443589;time;8.28058695793;counts;820;fv;[];cv;[489, 210, 103, 15, 3];imp;19.9384184222
