pydf_home: /home/rodolfo/git/Sucuri
simple_pycuda_home: /home/rodolfo/git/simple-pycuda
wamca2016path: /home/rodolfo/git/wamca2016/
localpath: /home/rodolfo/git/dvnd-df/code/dvnd-df/src/
WAMCAPATH:/home/rodolfo/git/wamca2016/
Using already created file:  wamca2016lib.so
Size: 501 - file name: 05_TRP-S500-R1.tsp
ns:  [<function <lambda> at 0x7fbbe7f5b0c8>, <function <lambda> at 0x7fbbe7f5b140>, <function <lambda> at 0x7fbbe7f5b1b8>, <function <lambda> at 0x7fbbe7f5b230>, <function <lambda> at 0x7fbbe7f5b2a8>]
ns:  [<function <lambda> at 0x7fbbe7f5b140>, <function <lambda> at 0x7fbbe7f5b230>, <function <lambda> at 0x7fbbe7f5b2a8>, <function <lambda> at 0x7fbbe7f5b1b8>, <function <lambda> at 0x7fbbe7f5b0c8>]
31888343-[205 250 494 363 327  41   9 398 432 423  29 261  61 341 122 128 108 381
  75  81 429 305  42 106 214  64 198 272  94 294 467 244  38 455  33 452
  72 371 433 117 255 281 435  26 400 439 235 376 441 267 265  96 142 338
 477  63 247  18 177 394 145 312 393  62 382 286 387  32 229  88 461 291
  57 144 241 315 443  82 436 456 445 313 497 414  40 295 297 273 483  95
 259 336  43 147 386 191 258  11 482 409 309 330 344 137 493 426 152  24
 248 431 353  17 148 101  23 199 201 479 495 290 190  44  69 318  22  34
 332 440 262 498 150  54  27 111  30 215  76 231 342 105   1  97 485 238
 405 451 463   6 481  98 227 239 354 155  39 487   4 374 328 249 220  36
 361 186 200  74 169 189 125  70 335 446 287 126 447 276 210 139 357 285
  28 165 457  48 110  60 378 410 333   7 453 173   0 204 160 347 299 129
 222 164 339  53 383 203 188  37 320 380  45 138  89 460 301 167 228 428
 421 131  78 283 172 292 187 411 243 306 162 242 343  85 274 124 300  91
 303 462 121 362 375 377 326 373 476 277 424 127 207 260 356 163  80 176
 311 329 218 397 323 389 444 325 166 402 197 399 116 401  68 206 448 223
 268 388 102 454 184 171 196 480   3 420  14 316 442 233 192 438  58  46
 113 114 271 153 391 304 230  84 130 367  56 221 194 308 289  31 193   2
  25 158 175 296 298 468  13 263 437 216 209 133 275 331 232  90 392 182
  19 475 370 288 471 416  71 252 346 149   5  77 466  92 337 310 345 237
 458 486 492 465 136 254 403 408 119  86 366 282 224 246 219 358  65  79
  52 240 390 132 422  93 278 334 434 195  83   8 496 226 317 185 449 319
 146  99  20 369 491 208 459  10  59 157 212 103  66 348  15 170 324 406
  51 418 234 488  35 140 473 253 430 379 368 413 417  16 395 156 141 181
 179 314 364 360 161 500 270 115 202 478 427 355 118  55  73 450  21 180
 412 359 100 154 245 213 178 484 183 490 372 464 217 350 159 489 236 340
 134 470  50 174 351 293 251 284 264 365  87 472 151 112 123 168 474 425
 266 107 407 211 321  67 143 256 384 322 120 279 396 499 352 419 307 349
 415  12 469  49 385 404 257  47 104 109 302 269 280 225 135]
GPU0
set random seed!
finished RVND in 4.8090159893s
data-line;initial_solution;31888343;final_solution;2037221;time;4.8090159893;counts;629;fv;[];cv;[378, 168, 72, 10, 1];imp;15.6528638768
