pydf_home: /home/rodolfo/git/Sucuri
simple_pycuda_home: /home/rodolfo/git/simple-pycuda
wamca2016path: /home/rodolfo/git/wamca2016/
localpath: /home/rodolfo/git/dvnd-df/code/dvnd-df/src/
WAMCAPATH:/home/rodolfo/git/wamca2016/
Using already created file:  wamca2016lib.so
Size: 783 - file name: 07_rat784.tsp
ns:  [<function <lambda> at 0x7f1e411080c8>, <function <lambda> at 0x7f1e41108140>, <function <lambda> at 0x7f1e411081b8>, <function <lambda> at 0x7f1e41108230>, <function <lambda> at 0x7f1e411082a8>]
ns:  [<function <lambda> at 0x7f1e411080c8>, <function <lambda> at 0x7f1e41108230>, <function <lambda> at 0x7f1e411082a8>, <function <lambda> at 0x7f1e411081b8>, <function <lambda> at 0x7f1e41108140>]
70911438-[ 82 602 327 587   6 332 701 244 398 594 248  84 271 652 390 434 325 423
 528  11  38 143 751 331 161 634  62 622 507 769 747 543 734 316  47 727
 226  46 139 112 377 268  36 132 286 127 760 335  88 356 645  22 329 180
 469 229 697 764 258 406 412  19 174 181  71 706 333 380 512 302 650 643
 193 199 516  14 441 279 635 372 172 227 577  15 360 500 529 462 666 743
 314 488 593 557 767  58 640 266 583 211 624 483 439 618 527 548 378 763
 252 263 649 195 312 280 400  80 496 468 714 129 273 321 659 455 517 574
 235 200 313 420 465  54 722   4 352 459  53 110 729 419 375 242 136   8
 731 206 647 717 411 216  61 501 391 142 476 678 639  70 563 299 709 540
 361 464 301 336 674 586 159 766 330 128 730 745 219 401  13 532 191 628
 358  69 343 198 508  55 582 289 428 208 581 692 561 657 445  60 431 782
 334   1 141 387 340 694 514  20 148  43 710 285 491 523 658 467 257 571
 415 276 168 728 765 733 493 753 237 621 663 236  18 438  52 590 553 605
  85 484 368 683  30 228 704 421 665 306  16 520 550 570 364 381 374 584
  51 154 690 194 601 201 480 448 205 207 322 676 472 282  79 473 568 114
 531 162 679 533 526 424 202 175  66 315 131 771  45 641 292 684 656 440
 444 432  41 287 269  25 707  31 547 108 699 617 685 756 111 739 629 297
 616  56 538 355 661 564 724 758 573 589 596 213 479 713 498 177 458 103
 371 394 102 247 600 554 384 549 627  49 672 215 163 777 274 741 396 204
 165 433 326 654 437 660 630 572  40 185   9 344 397  83 426 510 740  28
 585 625 746 225 427 552  12 442 757 145 318 732 166 146 620  10 254 230
 446 779 173 490 365 413 504 518 592 156 349 425 525 430 308 250 511  95
 546  65   7 522  87 637 144 341 759 346 307 452 118 167 691   2 489 770
  68 320 291 609 443 169 778  64 133 633 402  26 265  44 606 261 311 429
 388 576 580 450 569 370 121 342 100 217 653 754 607 737 275 347 278 259
 357 338 232  92 187 579 599 212 186 310 190 120 559  93  96 125 700  27
 300 309 689 264 188 556 721 119 117 614 723  24  48 379 283 604 776 104
 463 453 323 238 164 178 667 670 122 578 457 150 486 515 636 147  37 772
 288   3 135 470 403 383 534 705 373 101  97 781 494 160 197 245 408 405
 521 669 768 502 184 294 339  73 223 389 385 140 610 673 675  74  33 153
 595 509 134 151 409 749 149 632 267 696 239 597 542 417 588 711 155 449
  35 566 317 369 115  81 648 234 196 671 192 393 422 113 477 350 539  50
 720 495 475 662 170 744 638 447 224 686 348 487 619 736 324 519 474 567
 752 506  77 646 545 221 761 189 359 461 183 680 742 703 179 725 296 116
 305 755 651 524 249 222 575 503 537 612   5 482 492 702 416  32 107 435
  89 157 775 182 362 399  75 106 535 253 171 719  99 560 158 451 386 138
 351 382 681 471 773 255  78 303   0 410  57 124 272 137 774 270 293 130
 712 436  23  17 530 687 126 298 209 304 664 456 558 598 644 762 328 499
 203 562 218 123 290 345 404 246 677 243 418 698 655 513 603 565 231  67
 233  94 395  59 251 478 414 284 750 555 241 613 615 366 541 376 497 718
 407 544 176 319  76 367 688 240 109 485 152 715  29  34 738 735  63 277
 642 631 780 611 460  42  98 682 551 354 726 256 281  86 337  39 295 591
  90 363 626 454 353 608 668 260  21 220 623 536  72 214 466  91 481 708
 392 716 695 210 505 262 693 105 748]
GPU0
set random seed!
finished RVND in 12.5358629227s
data-line;initial_solution;70911438;final_solution;3439185;time;12.5358629227;counts;984;fv;[];cv;[558, 254, 146, 20, 6];imp;20.618675064
