pydf_home: /home/rodolfo/git/Sucuri
simple_pycuda_home: /home/rodolfo/git/simple-pycuda
wamca2016path: /home/rodolfo/git/wamca2016/
localpath: /home/rodolfo/git/dvnd-df/code/dvnd-df/src/
WAMCAPATH:/home/rodolfo/git/wamca2016/
Using already created file:  wamca2016lib.so
Size: 501 - file name: 05_TRP-S500-R1.tsp
ns:  [<function <lambda> at 0x7f9bc05b50c8>, <function <lambda> at 0x7f9bc05b5140>, <function <lambda> at 0x7f9bc05b51b8>, <function <lambda> at 0x7f9bc05b5230>, <function <lambda> at 0x7f9bc05b52a8>]
ns:  [<function <lambda> at 0x7f9bc05b51b8>, <function <lambda> at 0x7f9bc05b5230>, <function <lambda> at 0x7f9bc05b52a8>, <function <lambda> at 0x7f9bc05b50c8>, <function <lambda> at 0x7f9bc05b5140>]
32880901-[244 496 464 403 291 374  63 234 154  67 410 159 301 322 391 103  90 390
 170 137 372 239 288 457 312 277 225 354 306  43 439  26 245 445 255 215
 459 438 387 275 173 414 168 356  85 315 262 131 423 475 272 376  10 344
 240 217 223 318 399 258 119 273 171 284 394 474 228 470 422 476 230 418
  58 345 132 213 229 454 319 442 358   3 491 493 110 180 207 280 333  29
 396  55 153 463 274 106 260 246 214  57   6 420 286  48 302  20 237 203
 199 337 299 317  79 326 486 292 181 495 178  46 313 100  71 447 485  19
  76 216 188 382 134 210 303 127  95 117 293 466 149   4 189 389 298 192
 417 198 411 413 231 186 346 453 211 452 182  64 252 294 443 247 183  62
 139 124 350 191 433 150  42 330 174 473 112 440 129 419 161 194 316 268
 378  87 336 405 172 494  15 436  47 415 256 352 184 249 267  22  83 309
 102  61 370  96 328 163 427 371 478 479 243 335   5 202  28 143 144 145
 339 296 373  86 355 222 142 397 323  56 162  38 342 236 122  18 177 377
  77 366 135 498 480 257 304 361 483 151 471  11  81 253 200 327 381 264
 297 407  33 123  93 500 193 282 218 458 133 369 461 285 290 314 185 429
 329  45  36 340 130  70 499 220 321 338 111 343 148 108  16  91 477  31
 401 363 353 360  51 136 166 465  24  89  66 450 490 115 276 488  97 379
 386 300  69  32 235  35   0 109 425 484  94 271  37 432 140 270  99 393
 406 437 380  75 175 357 107 141  84  50  12 392  88 367 179 248 125 269
 155 385 116  39  30 334 209  82 451 233 146  80 497 435 434 266 138 349
  98 205 104  13 310 128   8 259 120 384  92 469  40 487 279 375 265 308
 468 446 449 331 158  44 289 492 348  49 416 421 400 287 206 101  65 481
 251 295 176 197 362 489  25 426 187 190 456 227   1  78 156 126 201 147
  59  27 351 261   7 152 324  52  60 431 408 455 472 208  73 347 114 281
 368 250 165 238 221  54 232  14  74 167 332 395 196 219  34 404 311  68
 224 462 460 212 441 325 412  72 305 254 402 242  17  21 409 467 320 341
 307   9 283 113  23 195 482 241 448 428 444 169 364 263  53 424 398 383
 365   2 278 359 121 164 204  41 118 388 105 226 157 430 160]
GPU0
set random seed!
finished RVND in 4.54517197609s
data-line;initial_solution;32880901;final_solution;2004349;time;4.54517197609;counts;601;fv;[];cv;[375, 157, 61, 7, 1];imp;16.4047783096
