pydf_home: /home/rodolfo/git/Sucuri
simple_pycuda_home: /home/rodolfo/git/simple-pycuda
wamca2016path: /home/rodolfo/git/wamca2016/
localpath: /home/rodolfo/git/dvnd-df/code/dvnd-df/src/
WAMCAPATH:/home/rodolfo/git/wamca2016/
Using already created file:  wamca2016lib.so
Size: 783 - file name: 07_rat784.tsp
ns:  [<function <lambda> at 0x7f6806f580c8>, <function <lambda> at 0x7f6806f58140>, <function <lambda> at 0x7f6806f581b8>, <function <lambda> at 0x7f6806f58230>, <function <lambda> at 0x7f6806f582a8>]
ns:  [<function <lambda> at 0x7f6806f582a8>, <function <lambda> at 0x7f6806f581b8>, <function <lambda> at 0x7f6806f58230>, <function <lambda> at 0x7f6806f58140>, <function <lambda> at 0x7f6806f580c8>]
68684163-[536 192 431 191 336 684  42 255 238 144 632 104 489 780 634 743 209  52
 122 586 468 315 625 432 117 583 706  13 776 182 160 649 429 574 757 474
 473 764 107 606 750 482 663  95 237 585 273 736  14 183 252 703 704 164
 508 687 211 662 257 475 488 614 457  77 451 300   6 185 127 669 423 555
 550 126 604 263 650 480 275 514 681 707 177 613 236 207 156 154 245 241
   3 242 259 740 270 504  47 544 699 549 469 163  28 212 729 222 593 246
 612 540 170 128 322 178 291 169 121 161 507 201 360 187 307 714 213 119
 131 276 227 737 588 286  54 412  91 702 542 705 442 619  60 624 166 271
 782 622  94 403 268 180 283 756 766 267 716 537 335 577 500 461 760 779
 253 320 456 402 380 647 781 748 299 505 523 111 408  12 235  59 158  61
 330 310 354 709 151  86 410 421 364 110 318 653 685 434 358 139 628 711
 463 198 162 140 710 676 576  36  17 682  82  31 165 426 103 221 333 524
 719 292 552 244 202 546 427 256 637 447 499  72 234 136  70 405  26  96
 755 464 749 611 602 492 616 487  71 569 741 200 249 478 698 355 620 379
 343 394 340  50  74 193 372 280 553 640 385 636  19 317 278 601  90 230
 260 298 174 648  83 203 674 422 730 677  63  51 633 441 597 448  55 530
 370 627   5  30 363 470  25 484 436 638 651 694 563 378 173 262 600 428
 656 531 184 239 565 399 400  56 114  85 327 486 726 765 721  37 778 159
 390  29 718 558 224 744 631 377 541 773 210 243 288  34 190  41  35 123
 331 369 501 590 248 383 420   8 525 518 659  43 548 413 660 397  20 762
 774 449 368 617  49 667 124 547 769 543 433 717 181 556 141 560 738 708
 742 264  53 342 739 272 118 592 635 204 297 282 294 621 347 520 512 453
 233 149 452 529 197 219  99 138 376 753 409 581 295 352 700 454 373  11
 754  98 332  67 763 559 641 326  57 189 761 443 296 538 712 610 414 134
 639 115 425 382 439  69 206 728 568 240 303 186 722 287 438 344 771  44
 424 155 371  24 496 690 265 386 767 152 745 411 367 316 258 112  23 605
 582 311 747 445 302 646 293 727 629 498 351 517   9 572 208 148 643  78
 223  39 135 570 176 388 226 319 566 415 696 100 510  33  81 323 695 404
  38 603 365 481 325 630 466 108 665  93 521 341 175 349 495 168 735 374
 312  32 120 195  21 471 768 608 733 362 573 731 688 775 232 132 575 417
 693 598 446 678 671 642 313 277 171 375 554 683 459   4 179 668 654 289
 284  15 655  84 440 398  16 673  45 535 321 356 102 533 571 337 406 261
 752  89 125 545 401 715 777 465  87 306 304   7 657 167 113 675 281  62
 580  97 229 301 387 247 458 680 106 329 109 407  79 732 670 130 334   0
 396 309 217 416  76 225 579 462 609 228 561 734 567 218 216 661 450 725
  68 599 339 366 350 266 483 381 502 455 142  75  22 490 157 305 618 697
 522 557  73 346 494 145 623 594 724 539 430 591 143  88 214 692 359 658
  58  64 133 751 551  92 527 644 384 562 314 720 345 679 146  27 348 578
 199 516 528 689 626 666   1 129  48 691 324 686 328 515 497 479  10 532
 534 251 172 664 290 472 477 595 460 231 116 596 564 589 607 361  18 285
 393 513 584 587 467 308 194 437 672  46 418 503 101 485 645 357 511 444
 279 338  65 150 772 105 746  80 269 435 250 491 395 392  40 215 391 147
 353 205 652 153  66 493 519 419 254   2 220 526 506 759 723 196 137 713
 188 274 758 770 509 615 701 389 476]
GPU0
set random seed!
finished RVND in 14.3848350048s
data-line;initial_solution;68684163;final_solution;3407629;time;14.3848350048;counts;1129;fv;[];cv;[671, 296, 143, 16, 3];imp;20.1559979094
