pydf_home: /home/rodolfo/git/Sucuri
simple_pycuda_home: /home/rodolfo/git/simple-pycuda
wamca2016path: /home/rodolfo/git/wamca2016/
localpath: /home/rodolfo/git/dvnd-df/code/dvnd-df/src/
WAMCAPATH:/home/rodolfo/git/wamca2016/
Using already created file:  wamca2016lib.so
Size: 318 - file name: 04_lin318.tsp
ns:  [<function <lambda> at 0x7f96c05240c8>, <function <lambda> at 0x7f96c0524140>, <function <lambda> at 0x7f96c05241b8>, <function <lambda> at 0x7f96c0524230>, <function <lambda> at 0x7f96c05242a8>]
ns:  [<function <lambda> at 0x7f96c0524140>, <function <lambda> at 0x7f96c05241b8>, <function <lambda> at 0x7f96c0524230>, <function <lambda> at 0x7f96c05240c8>, <function <lambda> at 0x7f96c05242a8>]
94143706-[221 267 175 216 211 107 205  44  25 296  93  45 166 194  33 140  95 254
 100 206 311  83  79 106 294 217 262  85 310  61 182   9 315  89 235  48
 187 134 273 222 174  76 284 286  92 238  21  50 283 156 101 145 102 203
 241 275 276 314 317 279  15 165  74 309 184 191  59  38 131  22 153 160
 159  52 240  14  68  97 161 292   0  20 246 173  82  64 118  30 129 297
  34  53 272   5 252  65 269 213  69 154 305 146 116 295  54  32  29 307
 169 232 226 133 150 108   1 204 115  37 239 120  43 268 220 110 189 280
 183 242 224  78 198 300  40 112 231 244 126 170 270 168  66 137 155 151
   4  62 122  46  58 265  94 208  60 143 123 274 306 291  63 301 188  19
  84 313  91 196  47  75 282   8 230 105 130 210 177 149 253 255  26 176
 261 193 271  10 293  13 158  73 263 195 207 264 260  88 142 186 258  80
 114  49  86 127 147 128  98  39  56  17 121  51 289 172 266  28  18  35
 109 281   3 288 199  24 119 247 148 225   7 233 197 223 249 152 190 215
 178 285 227 104 136 287 251  55 209  36 202 111 304 278  99   2 303 103
 256 164 257 290 219 185  77 302 117  87 308 192 201  16 141 236 245  90
 163 214 277 243  11  70 113 234 218 124 312 250 125   6 228 179 248  27
 180 138  57 144 139 132  41  31 229  71 157 298 299 259 162 167 135  96
  67  42 316  23  81 200 181 171 237  72 212  12]
GPU0
set random seed!
finished RVND in 3.12940979004s
data-line;initial_solution;94143706;final_solution;6373059;time;3.12940979004;counts;358;fv;[];cv;[220, 96, 33, 7, 2];imp;14.7721378384
