pydf_home: /home/rodolfo/git/Sucuri
simple_pycuda_home: /home/rodolfo/git/simple-pycuda
wamca2016path: /home/rodolfo/git/wamca2016/
localpath: /home/rodolfo/git/dvnd-df/code/dvnd-df/src/
WAMCAPATH:/home/rodolfo/git/wamca2016/
Using already created file:  wamca2016lib.so
Size: 657 - file name: 06_d657.tsp
ns:  [<function <lambda> at 0x7f1e0d2720c8>, <function <lambda> at 0x7f1e0d272140>, <function <lambda> at 0x7f1e0d2721b8>, <function <lambda> at 0x7f1e0d272230>, <function <lambda> at 0x7f1e0d2722a8>]
ns:  [<function <lambda> at 0x7f1e0d2721b8>, <function <lambda> at 0x7f1e0d272230>, <function <lambda> at 0x7f1e0d2722a8>, <function <lambda> at 0x7f1e0d2720c8>, <function <lambda> at 0x7f1e0d272140>]
277753103-[562 631 645 329 489 416 444 483 264   2 262 473 497 359 459 205 557  38
 341 395 289 336  73 521 627 554  32 617  40 396 250 599 572 653  65 578
  91 456 461 591 409  99 357 318 508 579 364 513  62 127 412  22 386 323
 247 345 180 406 462 214 229 270 624 190 300 546 277 389 248 415 290 220
 566 535 620 574 313 353 374 432 445 195 265 458 410 274 532  82 142 530
 343 493 596  26 465  13 638 372 640 115 149 100 592 646 206 383 281 219
 160  94 304 639 655  68  60  93 224  56  43 249  88 610 593 475 246 288
 613 496 232 587 275 255 611 507  86  92 138 403 559 238 635  29  74 511
 604 492 308 267 649 305 595  18 569 555 430 564 324 319 113 198 244 519
 346 121 472 398 517 525 506  81 577 429 370 384 339 144 424 382 547 540
 152 194 284 435 107 272 542 615 261 524 437 119 330 228 362 355 174 369
 385 629 371 169 216 413 514 452 241 120 449 388 112  15 500 201 118 139
 337 598   6  39 602 585  50 503 367  17 102  36 590 549   5 210 586 108
 411 448 480 570  27 360 327  58 454 588 622 326 616  45 425 625 140  83
 420 529 258 173 351 460 533 307 334 342 550 148 301 129 538 558 527 495
 271 242 528 165  30 252 150 124 618  59  20  67 179   3 419 378 576 230
 109 245  90 567 302 539 607 373 481 426  87 217 380 251 170 189 512 196
 185 400 594 200 484 110 644 526 537  28 450 221 417 293 601 156 151 565
 580 654  47 647 338 650 187   7 560 223  41  80 499  31 349 468 145 642
  98  72  71 235 575  21  34 381 634 257 571 132 488 464 510  70 197 211
 453 269 504 589 240 418 311 133 233 186 227 643 477 609 344 309 254 199
 283 632 423 193  16 621 534 350 544 356 340 176 291 581 600 253 239 131
  57 422 361 482 487 134 298 203 114  79 523 491  52 204 428 626 363 391
   9 282 619 234 184 573 433  78 390  97 260 442 158  61 157 321   0 126
 509 470 392 478 213 471 286 178  23 101 188 541  14 479 494 285  63 597
 501 207  89 561 171 287 259 505  49 368 366 116 623 191 292 183 166  85
  69 439  66  64 322 414 154 332 466 467 377 434 545 605 402 222 303 314
 354 273 276 182  35 125 455 637 212 553 556 299 652   1 394 316  96  76
 656   4 333  10 463 379 208 331 279 582 633  48 117 192 328  55  84 648
 312 603 202  12 310 123 440 164 431 266 447 443  24  11  42  51 485 568
 584 502 104 162 280 486 551 376 155 612  44 469 237 628 135  75 141 641
 263 405 606 215 317 168 122 163 476 408 137 387 128 103 209 651 543 146
 457 358 451 563  46 548 105 630 218 438  19 421  54 436 375 427 365 583
 393 518 348 531 636 325 614 608 231 226 516  77 297 520 161  25 153 243
  33 315 352 441 296 320 397 278 404 167 136 177  37 474 522 498  95 294
 147 111 130 236  53 268 347 106 306 256 401 552 159 407 181 490 295 515
 399 335   8 172 175 446 143 225 536]
GPU0
set random seed!
finished RVND in 8.94304919243s
data-line;initial_solution;277753103;final_solution;14434101;time;8.94304919243;counts;869;fv;[];cv;[524, 225, 106, 11, 3];imp;19.2428404789
