pydf_home: /home/rodolfo/git/Sucuri
simple_pycuda_home: /home/rodolfo/git/simple-pycuda
wamca2016path: /home/rodolfo/git/wamca2016/
localpath: /home/rodolfo/git/dvnd-df/code/dvnd-df/src/
WAMCAPATH:/home/rodolfo/git/wamca2016/
Using already created file:  wamca2016lib.so
Size: 783 - file name: 07_rat784.tsp
ns:  [<function <lambda> at 0x7fc5634060c8>, <function <lambda> at 0x7fc563406140>, <function <lambda> at 0x7fc5634061b8>, <function <lambda> at 0x7fc563406230>, <function <lambda> at 0x7fc5634062a8>]
ns:  [<function <lambda> at 0x7fc5634060c8>, <function <lambda> at 0x7fc5634062a8>, <function <lambda> at 0x7fc563406230>, <function <lambda> at 0x7fc563406140>, <function <lambda> at 0x7fc5634061b8>]
67439625-[450 659 157 550 141 653 201 266 218 558 572 707 248  23  24  21 225 206
 284 534 398 731 278 235 664 593 581 672 481 446 662  69 464 715 371  18
 772 600 608 533 595 230 616 714  72 553  57  15   4 328 401 417 603 647
 365 749 492 388 705 451 442 695 347 138 113 391 423 612 419 319 552 410
 758 635 276 614 514 770 751 585 263 541 287 310  67 738 372 762 196 431
  76 299 531 454 342 147 617 408 619 403 231  46 249 488 559 763 735 759
 422 574 281 548 748 140 457 352 641 368 135 465 546  77 628 123 469 103
 506  35 482 413 703 679 169 429 567 458 489 711  30 566 527 258 304 137
 424 613 200  66  82 651 477 535 590 386 609 536 505 656 363  26 781 171
 356 124 301  84 136 343 556 634  10 295 768 476 199 452 345 226 405 669
 139 598  65 384 366 699 542 509 190 615 621 380 766 474 173 102 337 569
 511 734 540 115 730 133 576 727 510 692 321  59 539 575  29 746 216 704
 774 267 153 497 568 655 622 407 292 503 434 460 255 582 415 260 447 202
 448 547 623 597 629 777 630 412 125 357 745 667 238 283 129 562  50 657
 599 771 516  71 500 107 439  81  54  89 485 430 517 236 315 508 243 461
 740 210 518 680 340 392 314  51 254 265 326 116 478  42 204 108 325 174
 686 279 725 367 480 674 341 473  33 195  58 333 565 490 253 691 747 610
 587 470 438 324 532 560 234 602 166 350 769 554 193   8 127 400  28 435
 778 369 449  37 208 687 144 654 555  40   7 229 197  12 373 498 578 305
 162 187 353 586  56 175 109 528  95 432 191 331 181 596 761  53 642 515
 302 677 303 309 537 443 693 164 241 143 105 387 427 495 399 270 117  45
 570 538 767 626 217 519 491 232 605 522  34 313 244 119 499 402 348 428
 146 732 346 420  61  19 374 755 441 233  49 306  38 170 487 131 114 192
  11 739 338 291 185 122 750 118 395 773 649 178 182  99 782  62 294 633
  52 311 604 416 521 312 502 706 631 645 584  44 643 765  80 277 493  43
 684 150 688 334 172 752 223 336 262 362 247  94 563 723 128 389 188 611
 219 712 592 411 433 154 694  88 222 396 335 318 212 760 344 323  20 160
 681 189 158  86 145  47 678 293 722 776 661 224  22 377 220 697 320 437
 652 713 382 290 349 494   3 591 198 179 221  74 271  27  92  63 486 709
 618 544 327 462 379 545 700 272  87 156 100 289 589 507 512 743 644 573
 440 779  68 744 445 120 756 370 444 685 639 453 286 376 285 524 269 213
 571 549 104 274  13 167 673 646 696 467 378  36 280 543 390 557 579 724
 710 237  75 288 530 676 148 414 580  64 282 501  55 666 479 675 409 112
 180 351 406 523 721 211 736  90 268 339 757 168 436 471 110 671 149 737
 360  96 257 259 322 264 242  73 186 690 355 719 717 250   1 132 183 300
 564 426 636 764 650 726 130 466  70 577 142 648 733 484 496 298 176 126
 475 472 663 308  32 698 111 561 459  48 121 163 607 421 332 245 716 658
 358 361 689 364   2 251   5 455  85 526  93 159 588  97 256 261  39 161
 718 214 632 397  16 468 701 106 240 456 381 227  83 728 228  60   6 525
  17 720 246  78 520   9 273 203 215 239  14 307 317 660 551 152  41 601
 393 404 297 134 329 624 583  31 504  91 682 177 155 741 205 753 640 625
 708 683 463 209 184 702 418 375 754 330 606 670 775 394 151 354 296 194
 594 742 780 637   0 252 513 665 483  79  98 627 316 668 275 383 207  25
 529 101 385 638 729 425 359 165 620]
GPU0
set random seed!
finished RVND in 13.156979084s
data-line;initial_solution;67439625;final_solution;3446174;time;13.156979084;counts;1053;fv;[];cv;[568, 291, 168, 21, 5];imp;19.569419594
