pydf_home: /home/rodolfo/git/Sucuri
simple_pycuda_home: /home/rodolfo/git/simple-pycuda
wamca2016path: /home/rodolfo/git/wamca2016/
localpath: /home/rodolfo/git/dvnd-df/code/dvnd-df/src/
WAMCAPATH:/home/rodolfo/git/wamca2016/
Using already created file:  wamca2016lib.so
Size: 226 - file name: 03_pr226.tsp
ns:  [<function <lambda> at 0x7f18deb880c8>, <function <lambda> at 0x7f18deb88140>, <function <lambda> at 0x7f18deb881b8>, <function <lambda> at 0x7f18deb88230>, <function <lambda> at 0x7f18deb882a8>]
ns:  [<function <lambda> at 0x7f18deb881b8>, <function <lambda> at 0x7f18deb88230>, <function <lambda> at 0x7f18deb880c8>, <function <lambda> at 0x7f18deb882a8>, <function <lambda> at 0x7f18deb88140>]
181810558-[ 67  83 158 167  53  65  85  47 171 174 119  26 137  61 165  76 190  80
 208 197 102  13  79 200  48 213  39 161 189  71 138  36  21 146  95 177
 127 104 124 130 215 114 116 117  34 194 202 186 145  77  66 185 128 105
   0  14 217 112  18  99  25  44 193  87 106 115  98  49  56  46 181 101
  38  33 118 184 220  89  93 203 122  42   1 136  28  75   9  22 201 169
 144 110 188 218  97 212 139 148  52 199  19  70 153 120  30 147  74 183
 143 134 211  15  58 111 168  32 150  12  35  90  43 103  54 175  72 163
 126  91  10   7   8 152 140  78  45 108 109   5   2 191 205 170 219 204
 223 123 173  37  16   6  60 224 192  57 209 141 155 121  11 196   4 216
 133  68  96  40 207  63  81 157 100  73  20  94 179 162  69 206  17  88
  59  84  24 125 142  23 221 176 214 195  41 222  62 132 151  82  51  31
 149  27 135  29 154 178  92 156  86 210 164  64 131 198 187 107 166 225
 159 180 182 172  55   3 129  50 160 113]
GPU0
set random seed!
finished RVND in 3.12827420235s
data-line;initial_solution;181810558;final_solution;7493976;time;3.12827420235;counts;581;fv;[];cv;[465, 81, 32, 2, 1];imp;24.2608940835
