pydf_home: /home/rodolfo/git/Sucuri
simple_pycuda_home: /home/rodolfo/git/simple-pycuda
wamca2016path: /home/rodolfo/git/wamca2016/
localpath: /home/rodolfo/git/dvnd-df/code/dvnd-df/src/
WAMCAPATH:/home/rodolfo/git/wamca2016/
Using already created file:  wamca2016lib.so
Size: 501 - file name: 05_TRP-S500-R1.tsp
ns:  [<function <lambda> at 0x7fae40e550c8>, <function <lambda> at 0x7fae40e55140>, <function <lambda> at 0x7fae40e551b8>, <function <lambda> at 0x7fae40e55230>, <function <lambda> at 0x7fae40e552a8>]
ns:  [<function <lambda> at 0x7fae40e552a8>, <function <lambda> at 0x7fae40e55230>, <function <lambda> at 0x7fae40e551b8>, <function <lambda> at 0x7fae40e550c8>, <function <lambda> at 0x7fae40e55140>]
32892053-[453 474 294 168  24 100 382 120  49 341 414 314 239 185 197 331 252 147
 116  10  41  88 283 388 340 451 241 305  83  61 161  23 428 444 125 259
 312 434 191 377  17 391 240 179 107  60 273 355 186  26 379  72 146 348
 452 447  89 277  48 437 407  39 235 148 268 138 470 242  76 483 301  86
 358 177 484  99  50 442  64 395 324 291 373 494 156  63 461  14 192  62
 202 344 475 492 113  75 327 275 454 267 203 480 303 351 229 311 255 209
  93 227  56 117  59 462 152 247 102 367 250 495 309 310  81 115   5 499
 233 214 385 200 353 126  94  53  95  96  36 339 319  19 218 173 174  57
 464 419 496 272 121 175 472 288 133 236 476 153 205  67 211 315 383 261
 196 469 216 194 468 321 400 402 124  47 171  98 307 463  54 178 342  16
 322 380 393 122 160 450 237 193  73 292 137 195 431  35 368  46 435 140
 244  84 223 182  52 426 416 346 479 246  58 159 221 295 441 381 427 207
 429 300 234 127 323   7 157 458  68 376 439 425  82 403 188 347 212  27
 265 330 436 420 473 230 478 456  87 490 286 408 198  40 497  55  70 135
  77 448 384 119 151 493 304 285 245 457 279  20 251 280 306 392 455  66
 334  71  78 170 369 421 443 486 433 190  85 155  12 359 328 172  13 424
 219   3 298 374 287 101 166 149 136 114 180 412  30 356 410 130 269   1
 118 164 210 215  92 446 488  69 141 112 217 163 365 364 278 422 139 317
 150  18 145 440 390 308  90 389  80 254 417 284 129 226 299  28 336 357
 258 302 489 266 204 405 208 206 106 329 481 281 401 263 338 134 243 449
   6 108  22 465 183 361 500  42 378 167 104 313   4   2 415 262 332 176
 225  97 201   0 413 271  21 276 189 316 270  74 143  31 411 438 418 397
  33 485 337 105 249 131 432  34  38 354 248 466  44 123 220 360 467 274
 325 144 165   8 154  79 296  25 349 491 335 343  91  37 372 396 222 350
 386  32  11 128 370 297   9 289 471  29 366 320 460 290 352 257 232 110
 238 228 498 169 345 260  51 487 109 326 333 318 362 213 111 256 371 231
 142 394 430 482  45 103 132 375  65 398 363 406 459  43 477 404 282 224
 199 184 162 187 158  15 399 293 409 181 387 264 253 423 445]
GPU0
set random seed!
finished RVND in 5.75887584686s
data-line;initial_solution;32892053;final_solution;2038641;time;5.75887584686;counts;613;fv;[];cv;[379, 156, 70, 7, 1];imp;16.1343036856
