pydf_home: /home/rodolfo/git/Sucuri
simple_pycuda_home: /home/rodolfo/git/simple-pycuda
wamca2016path: /home/rodolfo/git/wamca2016/
localpath: /home/rodolfo/git/dvnd-df/code/dvnd-df/src/
WAMCAPATH:/home/rodolfo/git/wamca2016/
Using already created file:  wamca2016lib.so
Size: 501 - file name: 05_TRP-S500-R1.tsp
ns:  [<function <lambda> at 0x7f4662f6f0c8>, <function <lambda> at 0x7f4662f6f140>, <function <lambda> at 0x7f4662f6f1b8>, <function <lambda> at 0x7f4662f6f230>, <function <lambda> at 0x7f4662f6f2a8>]
ns:  [<function <lambda> at 0x7f4662f6f1b8>, <function <lambda> at 0x7f4662f6f140>, <function <lambda> at 0x7f4662f6f2a8>, <function <lambda> at 0x7f4662f6f230>, <function <lambda> at 0x7f4662f6f0c8>]
33791857-[418 500 420 161 126 105 298 244 110 495 396 441 281 404 469 224 293 171
 122 170 479 180  65 498 427 209 386 288  45 174  73  21 419 318 321 372
 367 115 356 246 415  94 363 262  64 358 197 436  79 111  13 276  27 177
 452 272 178 279 412 344 166 216 252  97 442 145 186 117 286 229 324 297
 136 198  33 163 133 270 187 116 250  91  43 206 383   8  95 346 311 408
 463 489 313 218 303 237  67 182 307 347 167 179 148 473  74 124 189 158
 466 389 409 323 100 319 394  55 454 425 112  42  47 242 131 101 239 203
 151 103 445  14   5 141 312 144 392 326 317  54 207 153 215 188 470 162
  57  88 251 370  99 255 443  71 434 422 481 332 369 472 102 140  75  46
 416 306  69  80   7 108 491 435 175  18 310 238 406 261 329 202 137 366
 266 320 113 214 423 226 398 256 185 378  62  10 172 132 183 278 424 340
 465  41 227 437 458 379 371 373  34 222 488 221  87 263 345 273 118 282
 405 157 413 387 295 440 376 393 325 231 269 456 410  49 194 447  72 220
 146 247 368 478 450  23 147 493 417 457  51  84 462 355  22 485  37 490
 160 277 121 304 205 219 487  39 380  58  96  90  98 337  53 234 401 459
 335 211 496 249 374 142 283  61 492  30 168 499  63 149 432 294 192 338
 173 164 377 403 292 474 484 135  40 154 359  85   9  11 268 120 327 342
 217 290 357 388  89 259 328 390 486 341 265 129 253   2 438 382 480 210
 267 400 349 460 336 448 301 260  56 302 444 364 494 300  35 208 139 200
 274 461 353 204 201 433 375 431 104 134  36 352 477 331 449 361  38  16
   1  20 397 150 240  78 225 243 411 287 190 395 258 339 343 428 191 334
 181  52 254 196 271 212 476 213 125   0  92 348 453  50 446 230  29 193
  93 429 426 351 155  31 308 475 257 228 482 159  59 107 128 399 296 322
 275 130 365 330 123 464 152 467 199  82 195  68  70 362  12   3 138 106
  60 497 315 381 165 455  26  15 309 284 245 143 414 305 127 316 184 451
 354 169 291  77 402 471 384  86 176 385  28  19 233 407 264   4 289  48
 350 232 468  76 333  25 314 248 241  83  24 391  17 299   6 119 236 235
  44 421 430 223 360 109 280 156 483 285 439 114  81  66  32]
GPU0
set random seed!
finished RVND in 4.57209014893s
data-line;initial_solution;33791857;final_solution;2009294;time;4.57209014893;counts;615;fv;[];cv;[368, 161, 73, 10, 3];imp;16.8177762936
