pydf_home: /home/rodolfo/git/Sucuri
simple_pycuda_home: /home/rodolfo/git/simple-pycuda
wamca2016path: /home/rodolfo/git/wamca2016/
localpath: /home/rodolfo/git/dvnd-df/code/dvnd-df/src/
WAMCAPATH:/home/rodolfo/git/wamca2016/
Using already created file:  wamca2016lib.so
Size: 783 - file name: 07_rat784.tsp
ns:  [<function <lambda> at 0x7fb494d120c8>, <function <lambda> at 0x7fb494d12140>, <function <lambda> at 0x7fb494d121b8>, <function <lambda> at 0x7fb494d12230>, <function <lambda> at 0x7fb494d122a8>]
ns:  [<function <lambda> at 0x7fb494d12230>, <function <lambda> at 0x7fb494d120c8>, <function <lambda> at 0x7fb494d121b8>, <function <lambda> at 0x7fb494d12140>, <function <lambda> at 0x7fb494d122a8>]
72112384-[601 387 128 194 172 530 291 775 654  47 339 629 320 552 675  81 368  11
 160 367 503  66 634 390 685 399 627 715 497 610 138 458 191 615 422 703
  23 149 476 725 156 204 286 622 611 701 124 493 314 127 363 755  59 474
 193 621 516 737  41 325 310 353 349 369 237 215 460 323 449 226 137 227
 468 730 593  71 258 751 571 693  33 638 486 702 617 645 424 757 376 246
 206 623 332 409 457 729 365 605 544 600 340 496 766 585 188 655 279 736
 245  78 536 524 668 109 554 224 463 494 361  51 253 254  77 502 257  12
 141 658 401 411 710 198 597 692 690 181 447 209  99 357  57 720 555 294
 473  52 296 706 378 207 640 464 782 498 352 165 674 535 238 164 547 540
 100 567 780 770   4 487  72 722  18 603 764 653 584 159 211 293 583 451
 295 161 230 650 337  50 582 440 175 303 359 670 559 772 102 133 758 501
 345 467 491 355 213 672 756  67  55 290  61 718 126 707 408 616 189 356
 136 676 466 168 448 334  95 508 581 569 392 647 469 416 456 538 461 111
 505 747 588  35 698 131  85 590 432  40 163 202 740 333 441 744 619 537
 510  93 371 648 443 196  94 300 116 646 574 264 166 753 596   2 515 694
 662 525 484 512 145 142 329 539 631 383 151 612 713  80  17 326 765  36
 519 400 511   3 362 328 577 158 548 599 528 285 606 636 178 354 115 234
  76 550 249 382 570 117 433 705 499 276 129 556  64 602 779 731 305 777
 110 531 771   8 689  86 269 522 205 358 242  69  89 420 301 445  49 523
 271 480  98 628 470   9 576 108 427 335 114 239 360  91 270 637 513 396
  16  42 575  79 592 657 309 743 607 490  62  44  20 436 549 776  97 682
 687 221 430  90 609 222 667 266 247 338 652 210 471 546 454 318 144 219
 578 659  19 489 438  43 375  70 379 292 262 669 171 561 521 232 452 719
 153 391 147 594 319 393 649  65 397 342 699 760 364 228 745 683 125 763
 308 169  84 514 261 728 506 711 727 235 642 225 216 218 132 101  30 299
 240 686 714 386 738 179 518 146 446 635 316 167 534 407 425  46 322 402
 671   1 665 304  37 255 442 580   5 428 185 105 385 708 220  74 726 624
 716 302 679 403 389  15 572 298 483 717 492 277 321 388 748  73 439  25
 704 248 472  68 543 478 633 721 282 681  75 203 306 767 479 485  39 517
 620 563 195  10 214 625 437 664 691   7 244 591 566 297 267 259 656 406
 317 208 527 312 103 273 509  21  54 307 666 459 677 236  31 381 134 587
 118 754 107 135 696  45 243 281 233 688 283 507  22 370 435 541 284 533
 697 170 272 586 180 749 415 413  53 455 746  48 197 769 573  82 500 542
 595 545 130 162  83 336  88 315 759  58 678 263 419 139 212 465 331 201
 405 564 752 426 700 774 268 481 278 453  96  24 174 551 265 651 275 184
 773  38 366 709 348 412 155 251 520 173 568 288 733 431 190 148 176  60
 344 152   6 186 482 477 732 343 347 313 187  26 739 643 750 495 560 229
 346 140 613 104 618 327 680 661 119 712 762 630 723 695 553  92 252 177
 395 192 157 183 414 256  32 529 418 372 626 122 311 608 223 778 330 374
 781 289 444  27 663 614 734 735 182 287 761 488 660   0  29 112  28 324
 280 199 598 557  87 120 217 579 558  14 350 639 154 741 423 380 373 150
 462 532 684 632 394 274  63 565 429 475 768 398 673  56 231 404 724 113
 421  13 562 260 644 143 123 200 241 504 377 250 417 434 450 341  34 384
 410 351 106 742 589 121 526 641 604]
GPU0
set random seed!
finished RVND in 12.4415800571s
data-line;initial_solution;72112384;final_solution;3393045;time;12.4415800571;counts;937;fv;[];cv;[534, 253, 127, 18, 5];imp;21.2529995918
