pydf_home: /home/rodolfo/git/Sucuri
simple_pycuda_home: /home/rodolfo/git/simple-pycuda
wamca2016path: /home/rodolfo/git/wamca2016/
localpath: /home/rodolfo/git/dvnd-df/code/dvnd-df/src/
WAMCAPATH:/home/rodolfo/git/wamca2016/
Using already created file:  wamca2016lib.so
Size: 783 - file name: 07_rat784.tsp
ns:  [<function <lambda> at 0x7f48ec90a0c8>, <function <lambda> at 0x7f48ec90a140>, <function <lambda> at 0x7f48ec90a1b8>, <function <lambda> at 0x7f48ec90a230>, <function <lambda> at 0x7f48ec90a2a8>]
ns:  [<function <lambda> at 0x7f48ec90a2a8>, <function <lambda> at 0x7f48ec90a230>, <function <lambda> at 0x7f48ec90a0c8>, <function <lambda> at 0x7f48ec90a140>, <function <lambda> at 0x7f48ec90a1b8>]
69598681-[276 367 582 195  75 119 508 756  17 114 432 711 667  99 625  51  50 371
  25  98 469 289 214 537 301 372  46 759 139 103 617 724  52  33 229 738
 530   8 225  32 298 441 215 208 680 611 736 649 643 527 444 682 110 174
  48 146 665 722 481 615 307 349 699  66 506 232 288 220 775 679 731  34
 450 702 205 591 109 641 415 246 280 770 162 243 644 407 586 647 242 160
 158 155 265 428 581 689 618  93 763 635 632 609 661 278 182 696 435 750
 656 734 590 348  22 607 216 363 305 168 194 767 136  49 760 313 588 417
 636 445  24 283 350 455 259 112 359 248 485  90  10 224 472 595 275 558
 624 713 422 601 463 716 489 748 694 159 273 729 700 653 648 209 545 187
 312  97 337 362   4  83 223 540  63   7 443 758 230 576 507 630 351 688
 686 240 474 683 622 616 593 320 383 520 106 490 270 684  38 626 345 325
 287 672 364 143 102  72 512 509 623 145 584  61 681  36 610 475 151 693
  42 256 543 728 296 720 598   3  68 773 131 514  67 701 662 660 541 306
 317 698 414   5 552 719 451  82 476 457  64 629 452 651 210 727  87 569
 282  43 726 613 559 454 602 484  85 410 715 547 118 425 493 777 743  94
 154 111 378 741 599 300 438 549 326 356 180 674 327 130 498 467  57 132
 374 211   1 639 551 707 494 335 365 749 513 526 128 723  37 295 437  73
   0 431 115 149 376 483 479 712 318 231  84 725 241 107 620 412 486 101
 120 352 250 675 776 703 261 310 353 297  35 185 406 523 757 642 473 219
 772 580 691 677 574   2 368 245 779 697 529 612 560 594 357 150 285 404
 369 637 440 113 488 108 134 191 334 319 740  23  59 768 531 732 290 605
 354  79 600 754 596 419 708 126 429 448 361 387  18  95  13 147 704 446
  21 190 742 717 331 315 710 366 314 571 627 771 358 253 355 621  65 142
 156 416 221 341 524 468 714 579 329 177 135 286 532 212 133 565 670 181
 495  31 511 645 577  28  86 695 237 562 510 254  27 578 655 423  55 178
 442 554 122 780 203 427 566  78 258 505 385 458 585  44 718  41 497 340
  60 755 608  26 170 127 284 281 519 125 504 344 572  92 379 189 737 206
 148 380 439 730 460 271  74 654 744  76 377 567 426 518 272 521 339 575
 336 408 100 434 394 583 175 141 323 733 166 309 343 263 563 311 746 424
  77 308 676 382 292 169 487 217 386 207  19 399 764  53 197 436  16 430
  91 499 769  47 255 234 373 687  14 538 332 395 252 781 129 405 522 144
 535 338 658 390 391  81 669 492 196 685 193 597 433 592 459 138 121 116
   6 587 267 666 762 411 465 568 544 264 381 753 501 179 235 516  89 765
 542 633 105  56 279 721 471 478 324 370 183 614  29 124 606 502 293 470
 690 650 747  54 342 664 233  20 409 652 269 389 200 218 375  71 570  69
 491 604  40 539 449 294 173 157 161  70 536 333 360 774  58 123 461 534
 184 555  15 751 752 228 646 260  45 222 277 638 117 202 227 705 706 262
 291 778 384 346 631 557 152  80 553 257 236 480 745 199 201 561 453 761
 782 140 163 546 663 238 400 447 388 671 673 347 640 176 165 515 668 198
  39 413  12 589 402 418 244   9 172 401 188 266 466 564 735 421 573 268
 328 239 137 503 392  11 739 634 464 603 186 397 692 766 204  62 628 330
  88 659 403 171 517  96 274 302 322 500 299  30 528 462 192 396 477 657
 316 164 226 556 321 548 304 550 482 678 249 153 496 619 709 213 525 303
 167 398 456 247 393 251 104 533 420]
GPU0
set random seed!
finished RVND in 12.7228999138s
data-line;initial_solution;69598681;final_solution;3396575;time;12.7228999138;counts;1010;fv;[];cv;[588, 258, 139, 21, 4];imp;20.4908418039
