pydf_home: /home/rodolfo/git/Sucuri
simple_pycuda_home: /home/rodolfo/git/simple-pycuda
wamca2016path: /home/rodolfo/git/wamca2016/
localpath: /home/rodolfo/git/dvnd-df/code/dvnd-df/src/
WAMCAPATH:/home/rodolfo/git/wamca2016/
Using already created file:  wamca2016lib.so
Size: 226 - file name: 03_pr226.tsp
ns:  [<function <lambda> at 0x7faf482e90c8>, <function <lambda> at 0x7faf482e9140>, <function <lambda> at 0x7faf482e91b8>, <function <lambda> at 0x7faf482e9230>, <function <lambda> at 0x7faf482e92a8>]
ns:  [<function <lambda> at 0x7faf482e9140>, <function <lambda> at 0x7faf482e9230>, <function <lambda> at 0x7faf482e91b8>, <function <lambda> at 0x7faf482e90c8>, <function <lambda> at 0x7faf482e92a8>]
195849313-[ 39 180 127  56 157 118 104  97  53  47 194 186 130 148  91  80 156 126
   9  38 116 149 218  63  67 192  13 212  54 220 125  88  31 147 189  84
 174 131  60 205 167 203  75 150 151  74 113 163 143 168  70 216  43  26
 103 172 188  50  12 121 221 184 135  69 120 173 169 198   7 209 112  20
 106 101 165 219  33  45 207  36  27  55 138  42  49  32  23 132 115  44
  87  11  18 217 108  37  15 100 177 117 204 191  62  17  90  64  86  73
 134  21  35 146  85 214 161 164  76  78   0 213 162  66 175 193 140 129
  71  24  57 133 190 141 158  59 224 196 183 200  65 152  77   5  58  40
 111 139 159 197  83 102 145 208   2 195   3  16 109  14 182  72  99   1
 160   4 225 211 136  82 178 155   6 114  79 179 201  96  19 124 185 144
  22 170 119  81 215   8  29 166 154 202  25  30 181  61 223  68  89 110
  41 187 222  92  48  34 199  95 171 123  46 210 176 122  52 105 107  10
 206  28 137  51 128  98 142 153  93  94]
GPU0
set random seed!
finished RVND in 3.82177805901s
data-line;initial_solution;195849313;final_solution;7941670;time;3.82177805901;counts;601;fv;[];cv;[481, 82, 35, 2, 1];imp;24.6609734477
