pydf_home: /home/rodolfo/git/Sucuri
simple_pycuda_home: /home/rodolfo/git/simple-pycuda
wamca2016path: /home/rodolfo/git/wamca2016/
localpath: /home/rodolfo/git/dvnd-df/code/dvnd-df/src/
WAMCAPATH:/home/rodolfo/git/wamca2016/
Using already created file:  wamca2016lib.so
Size: 226 - file name: 03_pr226.tsp
ns:  [<function <lambda> at 0x7f812d9d70c8>, <function <lambda> at 0x7f812d9d7140>, <function <lambda> at 0x7f812d9d71b8>, <function <lambda> at 0x7f812d9d7230>, <function <lambda> at 0x7f812d9d72a8>]
ns:  [<function <lambda> at 0x7f812d9d7140>, <function <lambda> at 0x7f812d9d71b8>, <function <lambda> at 0x7f812d9d72a8>, <function <lambda> at 0x7f812d9d70c8>, <function <lambda> at 0x7f812d9d7230>]
194004633-[ 74 200 213 159  40 176  68 216 146 107 209  64 106 136 141 157  73 174
 211  81 117 115 193  16 169  67  23  77  71  29  12 167 164  32  47 156
 124 215 218  98  22  27 104 137 175 183 185  83   2  62 195  39 207   0
 166  85  11 221 148  20  58  48  43 206  50 110 162  31 135   9  82  65
 129 149  84 140 111 189  34  51  72 151 121 220 143 105  18 201 147  90
  92 165 138  36 217  25 208 184 139  42 219 177 204 112  57 196 182 202
 145  38  60 103  21  87  88  63  37  95 128 173 171   4 225   3 154  61
 130 109  33 160  55 120  45 170   6 113 178 100  76 191 152 150   5 172
 123  91  53 118  54 119 205 102  17 181 122 108  52  10 163  75  44 127
  96 161 133 224 210  26  15 101 187 168 153   7  35 125 197 132  97 134
 212 126 155 186  56   8 194  13 198  80  93  70 144 192 179 199  14  41
 190  46  86 114  69  79 203 214  99 158 131 188  30 222 116  78   1 223
  89  66 142 180  19  24  49  94  28  59]
GPU0
set random seed!
finished RVND in 3.16289806366s
data-line;initial_solution;194004633;final_solution;7270925;time;3.16289806366;counts;574;fv;[];cv;[471, 69, 30, 2, 2];imp;26.6822492324
