pydf_home: /home/rodolfo/git/Sucuri
simple_pycuda_home: /home/rodolfo/git/simple-pycuda
wamca2016path: /home/rodolfo/git/wamca2016/
localpath: /home/rodolfo/git/dvnd-df/code/dvnd-df/src/
WAMCAPATH:/home/rodolfo/git/wamca2016/
Using already created file:  wamca2016lib.so
Size: 318 - file name: 04_lin318.tsp
ns:  [<function <lambda> at 0x7f0aa9c560c8>, <function <lambda> at 0x7f0aa9c56140>, <function <lambda> at 0x7f0aa9c561b8>, <function <lambda> at 0x7f0aa9c56230>, <function <lambda> at 0x7f0aa9c562a8>]
ns:  [<function <lambda> at 0x7f0aa9c56140>, <function <lambda> at 0x7f0aa9c56230>, <function <lambda> at 0x7f0aa9c561b8>, <function <lambda> at 0x7f0aa9c562a8>, <function <lambda> at 0x7f0aa9c560c8>]
91740666-[144 163 240 313  34 198 304 101 139  37 193  49 237  12  24 256 310 239
 262  17  30 197   1 298 134  11 115 105 191 292 257 260 263  16  87 249
 231 277 244 217 182  31 305 234  71  66  36 299  63  29 123 268 261   0
 204 153  69 180 166 205  14 309 201 222 195 295 221 282  58 200 124 251
  15 145 135 141 290  85  95  53  92  84 306  99 281 241 219 111 246 316
 289 167   3  35 100 164  90 214  25 212 137 129 185 230 301 235 113  79
  88  10 267  91 276 208 109  72  81  67 211 287 312 203 160 210 174 255
 233 253 172  38 186 294  39 128 264 162 152 119 142  98 187 156 280  32
 176 248 275 215  54 169 283  55 147 296 151  68 236   5  89  50  64   9
   2 216 175 179  74  78 181 126  26  46 102 293 286 291  43  83  22  94
 196 228 274 120 317 269 272 149 192 213  48 226 250 224  23  65  18  27
  20 297  47  62 194 121 118 146 302  13 229 131   4 271 183 247 288 130
  60  42  57 315  93 155 206 168 108  41 184 106  44 285 243 209 202  52
 225 165 104 136 138 227 254 107 258 140 303  56  70 171 220  19  86 125
 117 127 116  28 207 273 311 223 245  77 114   7 122 189 232 278 252  76
 112  45  75 178 148 143 307 314 132 188  51 190 259 266  33 177  96 103
 218 161 308  73 110 265 300 270 158   8 284 159  82  40  97 199 242 170
 279   6 150  21 157  61 173 133 154  80 238  59]
GPU0
set random seed!
finished RVND in 3.57428121567s
data-line;initial_solution;91740666;final_solution;6181354;time;3.57428121567;counts;437;fv;[];cv;[259, 111, 58, 6, 3];imp;14.8415162762
