pydf_home: /home/rodolfo/git/Sucuri
simple_pycuda_home: /home/rodolfo/git/simple-pycuda
wamca2016path: /home/rodolfo/git/wamca2016/
localpath: /home/rodolfo/git/dvnd-df/code/dvnd-df/src/
WAMCAPATH:/home/rodolfo/git/wamca2016/
Using already created file:  wamca2016lib.so
Size: 783 - file name: 07_rat784.tsp
ns:  [<function <lambda> at 0x7fdaaa0860c8>, <function <lambda> at 0x7fdaaa086140>, <function <lambda> at 0x7fdaaa0861b8>, <function <lambda> at 0x7fdaaa086230>, <function <lambda> at 0x7fdaaa0862a8>]
ns:  [<function <lambda> at 0x7fdaaa086140>, <function <lambda> at 0x7fdaaa086230>, <function <lambda> at 0x7fdaaa0860c8>, <function <lambda> at 0x7fdaaa0861b8>, <function <lambda> at 0x7fdaaa0862a8>]
70122687-[183 160 460 396 337 602 615 681   4 711  18 431 353 623 433 459 536 502
  63 101 389 683 653 329 408 515 517 477 467 567 551 281 340 292  47 738
 639 119  34 552 597 187 424 555 766 122 181 486 406 357 563 332  59 239
 717 518 682 168 398 155 573 507 704 453 144  85 205  54 228 278  95 528
 308 393 429 667 635 109 727 327 585 282 195 587 651 465 444 425 361  43
 423  50 347  76 520 714  39 349 265 410 370 272 677  90 401 216 271 755
 196 380 147 678  75 535 538   7 211  12 232 685 377 284 580  41 700 754
 157 451 338 582 339 620 743 174  81 233 658 193 266 734 595 313 146 199
 466 765 542 253 238 103 438 735 758 440 496 509 679 637 647 553 769 488
 428   5 728 372 148 493 760 767 269 311 463 382 415 116 381  74 426 579
 105 309 442 167 447 201 575 483  15 605 609 688 111 435 328  21 358 547
 613  60   8 557 154 479 294 772 178 527  11 421 343 286 114 120 289 697
 607 247 497 400 673 392 779 524 252 126 137 296 645  70  71 600 173 489
 454 630  44 506 577 448 186 715 523 217 344 619 598 141 245 262 434 458
 351 780 112 224 107 320 300 279 165 562 254 151 331  89 345 648 439 724
  24 720 741 373 352  97 490 318 159 748  37 616 694 145 512 696 166 171
 430 436 484 241  25  14 731 194 302  28 172 638 608 665 746  78 736 222
 129 656 742 176 761  33 115 526 712 636 301 572 499 693 628  46 306 461
 699 626 341 513 355 472  55 258 260 781 276 689 169 543 671 566 180 334
 246 606  36  31 554 751 642 135  86 739 646 456 368 532 777 360  94 561
 113  69 492 427 481 374  72  57 716  67 118  80 546 290 411 662 596 541
 589  98 395 540 516 708 621 601 756 657 422 701 162 244  40 412 710 725
 470  64 446 603 441  30 177 721 569 610 359 709 366 419 718 293 505 138
 747 707  82  68 695  61 242 654 100 280 719 259 749 578 475 590 388  73
  29 571 268 574 508  17 464 586 491 124 295   2 312 104 346 257 745 510
 191 413 753  23 291 504 133 584 350 283 550 273 644 537 150 750 342 622
 305 660 303 455 214 703 457 762 627 206 445 379 362 631 521 757 713 726
 649 634 385 501 310 632 270 220 529 288 680 485 192 322 297 142  13 729
 299 405 215 175 249 690 285 625 330 581 659 185 663 576 136 641 633 629
 219 128 369 480 248 416  26 149 778  83 316 236 203 134 298  65 170 190
 163 117  96 130 235 110 102 503 189  20 594  10 495 604 230 494 500 125
  92 664 437 692  88 614  58 363  53 545 123 383 668 530 354   9 556  99
 333 640 391  93 140 740 752 770 243 771 158 251 782 417  16 473 212 592
 121 624 287 184 407 588 200 403 139 390 376 356 558 229  52 326 418 643
 560 106 314 223 387 450 274 449 364  56 321 127 730  35 476  49 487  51
 675 367 237   6 240 593 409  77 583 763 452 218 324 775 774 733  22 768
 612  19 544 375 570 132 198 264  79 202 511 474 378   1 317 275 336 402
 394 522 737 204 207 267 666 478 705 225 263 469 404 188 143 131  84 156
  32 652 611 209 348 208 670  87 655  91 420 764 335 152 514 686 559 698
 691 674 277 702 164 617 732 531 307 384 773 599 397 744 482 759 687 661
  62 255 153  48  45   0 261 256 533 213 471 672  38 722 399 684 564 210
 468 776 234 227 386  66 443 371 525 414 462 231 676 539 319 304 568  42
 221 650 669 182 161 315 250 365 548 618 179 723 565 591 549 197   3 323
 226 534 498 519 325 432  27 108 706]
GPU0
set random seed!
finished RVND in 12.7209968567s
data-line;initial_solution;70122687;final_solution;3412798;time;12.7209968567;counts;999;fv;[];cv;[544, 262, 158, 26, 9];imp;20.5469784617
