pydf_home: /home/rodolfo/git/Sucuri
simple_pycuda_home: /home/rodolfo/git/simple-pycuda
wamca2016path: /home/rodolfo/git/wamca2016/
localpath: /home/rodolfo/git/dvnd-df/code/dvnd-df/src/
WAMCAPATH:/home/rodolfo/git/wamca2016/
Using already created file:  wamca2016lib.so
Size: 501 - file name: 05_TRP-S500-R1.tsp
ns:  [<function <lambda> at 0x7f856ea100c8>, <function <lambda> at 0x7f856ea10140>, <function <lambda> at 0x7f856ea101b8>, <function <lambda> at 0x7f856ea10230>, <function <lambda> at 0x7f856ea102a8>]
ns:  [<function <lambda> at 0x7f856ea10230>, <function <lambda> at 0x7f856ea102a8>, <function <lambda> at 0x7f856ea101b8>, <function <lambda> at 0x7f856ea10140>, <function <lambda> at 0x7f856ea100c8>]
32221014-[301 190 248  45 324 262  76 267 446 274 106 191 476 473 120 188 420 408
 117 173 291 480 367 268 253 235 276   5 261  35  86 375 113 155 366 145
 140 152 204 286 402 184 210  88  75 300 211 449 215 399 489 227 275 321
 390 358  20 180 114 118 307  47 479 418  29 319 410  92 222 288 323 285
  59 306 428 142 178 238 453 226  21 379  19 451 342 129 478 352   9 252
 465 364 174 335  37 456 485 305 440  40 425 368 177 176 471 224  97 387
 243 233  60 493 430 457 455 355 413 110 149 123 496 459 257 157 447 255
  79  77 297 295 405 304 340 290 356  50 439 343  89 282 111  63 299 361
 303 242 202 359 378 264  22 395 119 228 334  11 404 181 308 372 156 171
 214  26 263 245 475  34 382 121 460 135 232 311 182  98   8 403 150  10
 201 329 141 434 388 338 127 448 470  87 136 130 122 341 461 234 254  13
 350 231 397  99 132 309 163 354 271  25 108 298 450 318 391 330 467  71
 259 462 377  67  39 466 332  90  73 175 339  68  30 162 347 345 138   0
 492 207  16  52 146 125 438 488  56  17 481 186 490 396  66 435 422 412
 280 349 497  69 409 426 313 406 139  14 484 362  43  42  32 229 167 331
 225  54  18 315 236 289 320 312 370 376 333 205 499 310  94 103  72 189
 498 199 432 269  81 246 223   3 445 380 198 203 292 381 159   6 419  24
 477  57 148 143  49 416 348 284 322 283 124 131 427 494 444 216 221 472
 441 208 112 326   1 172 105 374 230 401 256 107 147  80  33 239 193  31
 104 294 251 179 353 423  27 187 206 351 192 250 385 277 154 500 134 327
 371 128 102 137 166 468  36 213 369 469  12 194 360   2  15 442  51   4
 344 386  95 100 126 417 273  55 454 168 281 241  41 218 486 491  65 158
 115  48 278 265  46 383 424 133 209 414 153 220 463 317 389  84 429 164
 458 365 328 240 270 287  78 474  64 384 398 433 357 247  85  70  61 296
 400 197  23   7 431 363 452 195 183 436  53 483 407 161  58  91 415  38
 373 244 394 169 316 279 170 237 325 116 212 185 293 196 219 337  44 266
 151  83  62 346  93 392 258 160 109 336 314 437  74 101 443 393 260 144
 217 272 200 464 495  28 487 411 302  82 482 249 421  96 165]
GPU0
set random seed!
finished RVND in 4.58517599106s
data-line;initial_solution;32221014;final_solution;2030292;time;4.58517599106;counts;607;fv;[];cv;[383, 144, 66, 9, 5];imp;15.8701378915
