pydf_home: /home/rodolfo/git/Sucuri
simple_pycuda_home: /home/rodolfo/git/simple-pycuda
wamca2016path: /home/rodolfo/git/wamca2016/
localpath: /home/rodolfo/git/dvnd-df/code/dvnd-df/src/
WAMCAPATH:/home/rodolfo/git/wamca2016/
Using already created file:  wamca2016lib.so
Size: 783 - file name: 07_rat784.tsp
ns:  [<function <lambda> at 0x7fde69f650c8>, <function <lambda> at 0x7fde69f65140>, <function <lambda> at 0x7fde69f651b8>, <function <lambda> at 0x7fde69f65230>, <function <lambda> at 0x7fde69f652a8>]
ns:  [<function <lambda> at 0x7fde69f651b8>, <function <lambda> at 0x7fde69f65230>, <function <lambda> at 0x7fde69f650c8>, <function <lambda> at 0x7fde69f652a8>, <function <lambda> at 0x7fde69f65140>]
67671684-[607 174 513 179 439 143 371  69 503 572 765 383 261 310 417 202 522  45
 181 768 699 739 500 630 447 714 111 576 662  11 185 347 493  73 555 646
 666 670  40 406 245 776  23 414 489  25 112 475 697 171 196 624 159 106
 573  80 620 686 205 547 363 249 295 296 351 467 412  52 384 585 338 379
 247 466  21  19 169 266 350 354 325 287 448 423 165 289 362 172 730 604
 153 622 194 190 144 491 658 496 499 708  12 416 748 122 364 445 506 345
 777 464  56  49 580 605 375 381 100 781  96 213 272  51 570  57   9 214
 437 616 702   7 140 259 206 536 344 691  46 329 124 168 269 650 629 334
 149 244  53  94 137 403 649 123 747 606 459 316 535 481 759 763 778 590
 399 134  26 116 238 619 394 257 720 598 490 398 761 631 480 637 584 501
 175 549 458 758 671 546 426 782 713 227 675 352 191 743 188 242 635 248
 641 524 360 422 125   4 669  97 521  29 543 370 774 738 611 498 131 210
 772 395   3 514  82 581 693 118 544 314 539 349 695 615  86 390  42 282
 468 587 473  41  78  44 239 340 542 638 648 654 128 696 762 744 294 689
 225 435 672 559 284 279 715  43 677 684 578 440 121 220 449  65 436 533
 727  77 201 516 561 320 476 150 113  71 382 326 300 253 717 520 769 136
 151 212  33 119 656  76 376  10 766 706  54 366 139 633 319 405  93 700
 685 698 271 335 281  99 240 176 558 380 593 229  36 626 197 346 441 515
  74 469 222  85 317 721 528 444 421 404 779 592  92 336 736 420 518 733
 771 583 299 415 263 410 324 107 256 472 741 369 511 642 725 701 681 764
 365 311 154 430 101 283 735 750 291  18 663 219 628 265 235 315 327 780
 688 537 305 199  20 348 402 588 285   5 268 228 687 243 661 226 446 710
 450 479 331 241 356 595  28 413 276 192 313 330 567 737  55   2 353 767
 676 507 141 486 562 523 659 357 455 339 531 571 290 307 545 117 565 183
 601 292 551 312 756   8 129 158 483 162 170 273 751  22 428 230  88 378
 465 569 308 186 433 577 207 173  66 152 757 309 560 427 564 679 742  81
 660 673 734 602 293 553 526 224 431  64 306 236  15 651 262 512 454 657
 644 665 277 264 711 419 255  68 726 267  84  35 775  24 487 280 623 368
 530 760 636 166 579 722 550  61 367 614 397 187 237 461 442 120 575 361
 388 643 342 540  47  32  13 252 527 389 341 407 114 582 286 133  63 692
 195  17 434 770 209 495 275 411 488 258 655 102 729 333 484 301 387 716
 208 167 704 288   1 145 639 755  30 554 683   6 250  62 599 563 221 478
 517 355  89 189 773 485 232 552 132  72 180 728 627 752 723 463 608 164
 135  58 322 374 492 532 126 451 251 749 452 609 130 519 732 719 718 260
 534 753 234 178 359 392  70 596 502 645 482 574 541 589 591  91 682 318
 525  39 198 200 184 621 668 634 177 453  59 557 233 610 386 477  31 740
 497 408 274 160 328  79 156 509  27 105 438  34 566 462  14 538 298 103
 664  67  37 594 625 254 680 712 146 418 731 703 600 297 372 108 548 470
 373 443  95 667 705 303 745 612 304 709 163 211 216 155  98 203 754 456
 218 204 652  75 302 640 425  48 138 674 724 231 377 148 617 246 115 474
 505 586 127  90 385 529 457 278 429  87 510 460 678 647 161 432 109 409
   0 494 182 396 332 215 424 157 504 653 613 618 193  16  38 393 323 391
 694  83 603 400 508 707  60 217 401 690 471 223 568 597 147 321 632 270
 104  50 343 337 556 110 746 358 142]
GPU0
set random seed!
finished RVND in 11.6755700111s
data-line;initial_solution;67671684;final_solution;3451140;time;11.6755700111;counts;939;fv;[];cv;[584, 219, 111, 20, 5];imp;19.6085015386
