pydf_home: /home/rodolfo/git/Sucuri
simple_pycuda_home: /home/rodolfo/git/simple-pycuda
wamca2016path: /home/rodolfo/git/wamca2016/
localpath: /home/rodolfo/git/dvnd-df/code/dvnd-df/src/
WAMCAPATH:/home/rodolfo/git/wamca2016/
Using already created file:  wamca2016lib.so
Size: 657 - file name: 06_d657.tsp
ns:  [<function <lambda> at 0x7f4d546730c8>, <function <lambda> at 0x7f4d54673140>, <function <lambda> at 0x7f4d546731b8>, <function <lambda> at 0x7f4d54673230>, <function <lambda> at 0x7f4d546732a8>]
ns:  [<function <lambda> at 0x7f4d546730c8>, <function <lambda> at 0x7f4d546732a8>, <function <lambda> at 0x7f4d54673140>, <function <lambda> at 0x7f4d54673230>, <function <lambda> at 0x7f4d546731b8>]
271734652-[ 20 329 414  94 113 123 649 318   2 636 161 296  24  93 307 477 544 284
 325 410 568 226 146 516 443 386 377  96  47 124  17 562 611 452 486 542
  75  57  28 614 456 553 594  79  66  84 460 643 415 498 449 473  52 600
 102 580 312 370 339 462 117 332 399 342  77 595 563 313 622 457 178 610
 476 126 301 504 616 638 619 227  53  45 202 280 549 625 623 127 232 373
 112 289 429 248 560   4 277 243 200 444 631 156 191 446 241 174 387 225
 323  26 405 574 316 357 585 507 650  59 439 488 392 441 505 350 106 598
 360 639 273 628 137  35 134   1 533 180  58 275 529 445 235 252 212 651
 125 133 203 257 648 175 569 344 256 336 208 552 192 238 222  55 181 147
 538 337 184 520 171  42 550 603 642 404 144 509 278 458 508 141 495 522
 500 107 305  31  62 228 270  64 499 421 234 240 365 469 521 335 548 454
  74 389  90 129 385  39 481 557 466 617  36 406 478 555  48 253 111 309
 589 186 578 566 489 324 412  98 615  65  44 493 300  38 219 570 640 482
  81 315 153 349 295  34 540 463 189   6 539 526 369 179 447 282 298 314
 265 142 157  30  22 503 152 483 269 170 494 654 586 187  32 607 188 471
 371  82 464 304  54 306 561 584 368 363 564 199 177 484 160  99 211  68
   3 136  41 154 419 118 453 197 378 416 431  23 169 348 655 519 321 413
 492 162  80 514 583 194 567  37 292 604 527 474  73 166 590 422 536 299
 620 599 515 262 139 249 461 432 150 448 546 627 434 246 633 372  87 362
 391 328 608 551 407  21 220 420  67 343 214 532 523 311 320 274 319  61
 266 653 291  40  63 308 116   7 470 330  89 528 230  27 612 376 433 558
 646 629 381 351 626 163  71  91 442 497 581 545 496 588 537 425 621  95
 209 591 338 217 472 276 513 510  10 100 388  46 322 233 487 247 193  83
 403 327  19  11 331 382 367 525 467 424 577  43 411  18  16 602 427 506
  92 185 173 176 366 196 242 418 593  97 572 455 207 218 395 195 221 135
 121 114 398 409 582 279 637 244 641 644 356 480 128 172 297 359  88 293
 310 115  12 317 261 397 229 149 138 423 132 120 110 224 353 428 571 251
 465 283 109 554 437 294 250 190  56 656 490 579 624 345  69 119 255 302
 450 145 268 440 383  76  15 165 334 216 205 647 400  49 541 613 361 352
 143   5 618 237 630 245 303 231  25  70 130 223 451 609  86 263 333 652
 272 438 517 236 258 468 201 210 326 105 204 605  33 375 394 380 206 436
 103 285 417 355 364 254 645 354   0 264 358 155 485 168 587  72 531 475
 140 518 108 281 632  50 101 479 239  51 573 340 159 430 512 635 379 511
 596   9 393 401 402 592 606 346  29 347 426 164 459 524 374 183  14  85
 290 198 396   8 158 535 182 435 565 148 534 634 575 559 390 267 287 502
 122 259 104 530 131 288 260 408  60  13 167 213 271 215 601 151 501 547
 597  78 286 556 576 341 491 384 543]
GPU0
set random seed!
finished RVND in 9.09001302719s
data-line;initial_solution;271734652;final_solution;13836612;time;9.09001302719;counts;911;fv;[];cv;[525, 237, 128, 16, 5];imp;19.6388141837
