pydf_home: /home/rodolfo/git/Sucuri
simple_pycuda_home: /home/rodolfo/git/simple-pycuda
wamca2016path: /home/rodolfo/git/wamca2016/
localpath: /home/rodolfo/git/dvnd-df/code/dvnd-df/src/
WAMCAPATH:/home/rodolfo/git/wamca2016/
Using already created file:  wamca2016lib.so
Size: 501 - file name: 05_TRP-S500-R1.tsp
ns:  [<function <lambda> at 0x7fbd6474e0c8>, <function <lambda> at 0x7fbd6474e140>, <function <lambda> at 0x7fbd6474e1b8>, <function <lambda> at 0x7fbd6474e230>, <function <lambda> at 0x7fbd6474e2a8>]
ns:  [<function <lambda> at 0x7fbd6474e140>, <function <lambda> at 0x7fbd6474e2a8>, <function <lambda> at 0x7fbd6474e230>, <function <lambda> at 0x7fbd6474e1b8>, <function <lambda> at 0x7fbd6474e0c8>]
31914947-[194 237 317 106 199 196 366 484 315 405  17  44 450 235 342 343  59 492
 443 188  39 368 377  50 333 159 432 145  42  38 114  87 498 362 430 353
 462  94 321  16 178  51  33 365 401   9  52 215  69 425 357  73 280  46
 363 374 445 391 121 161 140  21 149 426 480 287  77 172 347 332 388 471
  82 123 493 476  84 277 308 208  36   1 437 255 474  23 101 177 240 320
 271  53 168   7  14 181 242 397 104 100 298  35 457 500 232 249  88 198
 314 398 440 247 330 393  13  60   0 288 137 118 107 382 338  79  66 133
 284 125 423 485 272 304 204 497 414  56  31 165  11 283 348 370 264  64
 250 251 460 185 265  30 334 458  67 323 239 216 328  40 384 441 442  49
 494 483 157 482 142 479 229 257  27 310  47 396 339 296 278 410 154 233
 312 306  81 326 294 195 468 134 416 490  72   4 436 211 173 465 222 275
  61 399  58 152 131 200  71 407 438 331   6 268 205 167 146 409 408 252
 228 372 369 297 475 495 395 164 470 313 103 267 225 324 218 452  24 126
 289 435  37   2 335 170 120 364  10  54 473  41  29 190 201 469 179 341
  20 221  62  78 463 223 166 427  18 111 358 269 486 453  65  80 132 356
 489 361  45 424 291 467 279   5 169 290 248 210 212 413 499 389  91  92
 301 119 411 143 491 394 245 373 433 375 431  48 238 456 274 122  28 354
 367  34  85 303  15 105 234 421 116 187 420 319 386 183 162 459 129 429
 261  93 496 345 360  83 147  26 136 359 383 447 214  19 163 351 158 270
 387 224 346 404 376 202 246 355 254 403  70 380 451 466  25  90 186 174
 381 197 434 325 309 113  89 138  22   8  75 175  96 230 461 209 256 292
 406  86 282 379 160 148 318  12 193 180 464 293 285  55 329 311  76 481
 402 206 305 191 344 227 102 135 260 350 316 258 390 241 144 428 444 412
 419 153  32 253 488 337 336 219 349 130 259 295 307  43 263 276  68 220
 244 478 156 203 448  99 184 422 322 124  97 266 171 155 299 231 454 273
 151 439 302 400 449 189 281 446 192  74 115 110 418 150 300 327 392  63
  57 472 378 262 176 371 477   3 243 182 109 139 340  95 108 415 385 128
 207 141  98 213 455 127 226 112 236 217 417 117 352 487 286]
GPU0
set random seed!
finished RVND in 7.01842808723s
data-line;initial_solution;31914947;final_solution;2007917;time;7.01842808723;counts;890;fv;[];cv;[462, 268, 137, 17, 6];imp;15.8945549044
