pydf_home: /home/rodolfo/git/Sucuri
simple_pycuda_home: /home/rodolfo/git/simple-pycuda
wamca2016path: /home/rodolfo/git/wamca2016/
localpath: /home/rodolfo/git/dvnd-df/code/dvnd-df/src/
WAMCAPATH:/home/rodolfo/git/wamca2016/
Using already created file:  wamca2016lib.so
Size: 783 - file name: 07_rat784.tsp
ns:  [<function <lambda> at 0x7f480ce8a0c8>, <function <lambda> at 0x7f480ce8a140>, <function <lambda> at 0x7f480ce8a1b8>, <function <lambda> at 0x7f480ce8a230>, <function <lambda> at 0x7f480ce8a2a8>]
ns:  [<function <lambda> at 0x7f480ce8a140>, <function <lambda> at 0x7f480ce8a1b8>, <function <lambda> at 0x7f480ce8a2a8>, <function <lambda> at 0x7f480ce8a0c8>, <function <lambda> at 0x7f480ce8a230>]
69393099-[458 639 555 690 733 550 240 261 418 309 662 266 740 257 251 307 243  67
 357 464 461 677  82 533 438 754 301  99 355 737 368 526 170 356  51 437
 408 402 692 649 173 195 147 238 478 624 431  30 423 579 634 343 124 586
 143  53 568 549 775 285 750 527   1 722 115 366 658  28 674 776 398  22
 528 267 678 721 656  35 688 514 723 186 294 407 151 567  79 470 593 444
  75 153 546 192 717 486 305 685  98 687 312 578 541 209  58 445 113 669
 340 416 706 680 412  60 142 375 299 626 450 184 284 157 668  31 591 511
 377 265 314 320   5 671  49 506 561 774 484 442 577 180 441 427 228   3
 600 327 576 683 538 135 618 244 751 595 746 472 111 234 483 211 653  38
 316 417 501 587 491 764 332 139 770 365 205 625 772 505 219 133 341 467
 279 487 321  90 522 782 233 409 621 780 406  66 326 351 492 220 404 278
 405 739 440 271 194 459 313 515 302 556  25 403 657 426 488 144 201 693
 573 605  10 328 231 512  13 574 131 237 152 660 465 136 642 433 420 765
 496  21 202 387 242 629 508 329 435 582 268  96  87 391 738 159 736 719
 537 422 480 432 446 767 670 507 410 378 282 551 281 607 569 255 396 524
 616 323 163 227 352  42 214 421 106 530 310 364 633 710 632 466  76   6
 655 425 225 665 283 759 315 107 504 588 646 667 620 206 256 334 367  14
 643 114 731 652 372 122 360 246 311 353 109 254 781 560  77 154 371 179
 502 752 564 388  59 401 259 758 287 291 768 397 615 747 385 623 612 726
  92 778 300 436 338 110 606 729 500 260 689 696 779 120 559 277 637 636
 708 654 130 128 274 757 468 293 288 276 745 203 599  65 619 713 547 644
 342 182 659  73  11 393  16 166 631 613 204 742 178 602 476 724 485 286
 707 475 290 699 333 390 777  37 102  43  57 230 557 263 229 103 664 337
 258 702 239 617 684 716 594 471 193 304 165 566 495 672 661 198 703 773
 741 241 462  88 117 434 499 700 755 543 210  45  34 601 126  29 226 264
 516 570 701 554 718 197 519 221 697 191 297 245 714 698 298 463 181  80
 394 682 176 322 413 262  55 509 691 529  97  69  85 361 544 295 249 552
 370 164 358 350 411 273 592  40 454  95  50 213 532 138 137 140 430 424
 363 443 172 161 382 196 525 187 183 609 395  39  71 694  86 108 469 695
 336 272 572 711 676 344 766 679 651 581 761 452 303 455 735 610 216 762
 306 168 208 269 169 477 200 160 339 123 289 190  83 596 725 150  17 457
 346  41 449 611 590 374  24 732  81   7 490  70 185 325 520  32 628 252
 100 650 119 497 129 347 673 760  12  63 296  64 104 558 562 389 171 638
 553 535 563  33  23 675 439 207 222 354 292 247 146 349 217 753 614 771
 188 429 608 648 359 223 728 177 513 158  20 763 199 715 148  19 386  94
 604  48 534  84  15 494 253 453 149 275 330 132 280  44 155 248 580 641
 730  56 175   4 121 517 414   9 250 101 536 584 335  91 635 681 705  61
 712 324  52 474 145 224 380 539 392 362 489  74 162 105 428 704 415 212
 319 622 383 369  36  46 531  62 769 744 493 451 134  72 542 686 174 630
 373 598  18 379 419 627 720 218 640 482  68 448 734 521  27 156  54 381
 540 235 116 270 756 189 141 503 727 447 548 589 498 400 473 118 523  89
 666 317 645 331 318 585 583 749 345 597 743 571 215 127 709 112 479 384
 376 565 518 545 481  78   2 236 748 663  26 603   0 460  47 575   8 399
 167 647 456 125 308 510 348 232  93]
GPU0
set random seed!
finished RVND in 11.159318924s
data-line;initial_solution;69393099;final_solution;3377346;time;11.159318924;counts;898;fv;[];cv;[535, 227, 116, 17, 3];imp;20.5466360272
