pydf_home: /home/rodolfo/git/Sucuri
simple_pycuda_home: /home/rodolfo/git/simple-pycuda
wamca2016path: /home/rodolfo/git/wamca2016/
localpath: /home/rodolfo/git/dvnd-df/code/dvnd-df/src/
WAMCAPATH:/home/rodolfo/git/wamca2016/
Using already created file:  wamca2016lib.so
Size: 318 - file name: 04_lin318.tsp
ns:  [<function <lambda> at 0x7f3e9d61b0c8>, <function <lambda> at 0x7f3e9d61b140>, <function <lambda> at 0x7f3e9d61b1b8>, <function <lambda> at 0x7f3e9d61b230>, <function <lambda> at 0x7f3e9d61b2a8>]
ns:  [<function <lambda> at 0x7f3e9d61b0c8>, <function <lambda> at 0x7f3e9d61b140>, <function <lambda> at 0x7f3e9d61b2a8>, <function <lambda> at 0x7f3e9d61b1b8>, <function <lambda> at 0x7f3e9d61b230>]
93211617-[  5  63 193  85 186 184 168  90 140 231 176  76  43  61 280 306 129 213
 171 125 235  97 249 299 257 163 162 148  36  28 198 248 228  35 102 314
 288 166 206  93 261  56 185  19 201 154 258 252 134 173 218 246  89 132
   0  26  18 279  78 264 247  27 244 271 304  39 215 181 269 277 253 291
  60  22  40  54 234 108 251 241  53  82 272 242 294 214  11 178 165 303
 302   2 169 224  86 131 275 220  34 311  65   7  94 276 157 141 156 298
  37  44 137  66  91 189  25  79 256 232   9 238 301 195  74 267 205  14
 317 208  59 305 146  96 112  52 158  30 109 191  42 130 106  99 119 263
 278  73 284 219 202 100 113 281   6 190 142  23  12 127  69 118 143 236
  81 259 286 216   3 104 122  77 313  21 155  47 160  75  64 312   4 222
 105 117  48 226 283  87  49  17 310 192  24 174 123  68 164 110 135 223
 187 233  80 196 167  10 197 225  45  67  31  13 204   8 227 308 240  15
 194 243 180 211  20 172   1  51 273  98 159  71 153 237 144 274 295 254
 115 120 145 230 282 316 114 217 239 170  16 103 250 111 183  33 121 177
  55  57 116  92 245  62 126 289 255  88 136  83 107 203 210 260 315 262
 101 207  46 149 151 209 182 270 285 297 296 229 179 290 287 266 200 161
 268 175 300  95  70 307 292 293 138 124 309 128  50 133  38 199 188 221
  29  41 139  32  58  84  72 265 147 152 212 150]
GPU0
set random seed!
finished RVND in 2.97558093071s
data-line;initial_solution;93211617;final_solution;6030421;time;2.97558093071;counts;420;fv;[];cv;[260, 98, 51, 10, 1];imp;15.4569004386
