pydf_home: /home/rodolfo/git/Sucuri
simple_pycuda_home: /home/rodolfo/git/simple-pycuda
wamca2016path: /home/rodolfo/git/wamca2016/
localpath: /home/rodolfo/git/dvnd-df/code/dvnd-df/src/
WAMCAPATH:/home/rodolfo/git/wamca2016/
Using already created file:  wamca2016lib.so
Size: 783 - file name: 07_rat784.tsp
ns:  [<function <lambda> at 0x7fc4161410c8>, <function <lambda> at 0x7fc416141140>, <function <lambda> at 0x7fc4161411b8>, <function <lambda> at 0x7fc416141230>, <function <lambda> at 0x7fc4161412a8>]
ns:  [<function <lambda> at 0x7fc416141140>, <function <lambda> at 0x7fc4161412a8>, <function <lambda> at 0x7fc4161410c8>, <function <lambda> at 0x7fc416141230>, <function <lambda> at 0x7fc4161411b8>]
69727323-[ 39  25 765 314 608 274 151 531 450 161 304 738 748 306 279 112 365 173
 278 138  42 155 614 600 697 292 185 343 518 615 733 526 335 124  33 527
 245 381 128  97 301 165 425 676 715 667 530 179 693 390 123 329 671 432
 150  50 153 777 555 493 352 202 318  23 105 193 293 171 764 544  91 428
 611 264 441 445 139 240 439 370 683 223  31  32 577 731 482 647 657 248
 199 673 182  17 300 680 590 147 162 424 378  38   1 326 652 668 412 640
 287 363  83   6 358 480 732 629 570 377 709 542 277 474 462 508  57 308
 637 632 513 302 163 626 217 437 382 416 140 114 400 303 537 297 609 758
 338 469 235 422 606 342 230 157  48 757 265 129 141 682  18 567  98 565
 497 575 741 619 402  10 106  15 719 395 196   5 755 463 212 213 263 204
 407 696 494 152  51 276  12 528 127 655 267 215 752 391 282 284 380 623
  36 725 689  21 149 229 638 266 664 433 132 452 249  43 525 414 359 588
 685 398  66 515 169 773 500 488 295 423 666 181 769  69 313 355 574 751
 714 776 691 154 348 427 617 408 159 188 571 642  20 661 146 254 331 336
 364 232 499 339 775 511 374 394  92 675 466 475 325 771  95 447 507 211
 743 710   7 768 234 727 643 552 756 156 259 781 707 198 679 101 737 356
 735 688 624 759 371 283 148 753 351 396 603 384 479 451 118 453 299 712
 272 321   9 160  56 409 354 195 763  37 119 273 268 116 519 627 551 430
 724 721 547 767 438 580 237  44 280 214 716 109 347 750 100 457 708 550
 579 242 705 228 501  59 260 754 536 134 512 332 350 454 589 585  13 333
  99 782 699 288 653 250 291 255 554 239 706  75 669 739 436  65  30 252
 372 460 561 131 420 379 636 774 593 686 349  16 375 541  90 687  60 357
 660  53 524 665  74 388 221 190 107 780 645  34 449 529  29 516 749 285
 747  80  67 413 174 549 534 368 604  55 130 373 522 766 502 520 659 578
 681 186  81 386  24 630  86 594 328 613 206 404 434 256 246 760 102 722
  58  82 290  40 468 559 607 564 258 678 281 216 184 392  72 654 429 583
 200 121 319  79 728 275 168 225   4  94 730 421 345 122 205 635 532 442
 761 401 740 744  70 110 222 411 253 415 126 644 563  76 166 539 341 745
 241 545 344 209 778 360  41 489 208 426 476 700 231 467 704 389  85 104
  47 220 616 194   0 581 444 262  93 496 455 399 639 189 172 448 702 618
 772 612 621 144 120 491 477 224 698 113 226 548 269 690 305 257 176 403
 125 701 177 330 251 385 145 419  64 649 243  73 207 187 236 674   3 417
 366 662 587 582 117 464 591 170 142  68  52 505 180 227 470 167 353 736
 191 592 369 108 566 720 218 324 483 261 726 634 573  78 473 742 461 535
 387 137 576 183  54 510 271 490 779 393 115 540  45 487  77 684 596 405
 628  63 672 694 337 723 244 506 658 233 197 746 717 631 210 670 598  96
 311 514 605 572 143 703 397 136 238 103 538 486 495 648  88 312  11 651
  28 601 560 298  89 485 762  14 586 175 367 158 472 562 296 620 711 646
 517 602 317 556 498 492 641 270  26 734 133 481 553 307 362 509  62 503
 568 323 443 625 533 595 410 543 558 650 289 695 770 656 322 327 729 431
 346 523 334  61 418   2 219 203 557 178 111 201 718 376 315 546 164 456
 440  19 622  87 361  46  84  71 504 320 135 446 471 309 340 478 599 484
 633 458 459  22 192 692   8 465 663 569  27 584 406 310 383 247 435 610
 316 521  49 677  35 286 294 597 713]
GPU0
set random seed!
finished RVND in 13.3051080704s
data-line;initial_solution;69727323;final_solution;3456511;time;13.3051080704;counts;1046;fv;[];cv;[611, 270, 148, 14, 3];imp;20.1727473166
