pydf_home: /home/rodolfo/git/Sucuri
simple_pycuda_home: /home/rodolfo/git/simple-pycuda
wamca2016path: /home/rodolfo/git/wamca2016/
localpath: /home/rodolfo/git/dvnd-df/code/dvnd-df/src/
WAMCAPATH:/home/rodolfo/git/wamca2016/
Using already created file:  wamca2016lib.so
Size: 657 - file name: 06_d657.tsp
ns:  [<function <lambda> at 0x7f74b7d350c8>, <function <lambda> at 0x7f74b7d35140>, <function <lambda> at 0x7f74b7d351b8>, <function <lambda> at 0x7f74b7d35230>, <function <lambda> at 0x7f74b7d352a8>]
ns:  [<function <lambda> at 0x7f74b7d350c8>, <function <lambda> at 0x7f74b7d35140>, <function <lambda> at 0x7f74b7d351b8>, <function <lambda> at 0x7f74b7d352a8>, <function <lambda> at 0x7f74b7d35230>]
269129801-[510 388 296 323 139  91 538 310 615 247 365 638 463 608 125 560 179 327
 148 240 378 212 250  39 474  73 320 523  99 630 256 504  71 147  95  54
  81 415 655 579  64 184  41  59 173 227 109 342 261 443 202 282 518  35
 195 540 249 541 270 356 371 404 364 235 345  87 267 539   0  67 203 636
  32 478 158  96 206  17  66 322  97 519 627 361 581 529 509 393 505 273
 442 450  40 650 379 600 374 255  52 590 613 155  60 467 469 468 419 432
 631 434  78 297 473  21 483  25  44 558 294 144 571 408 411 501 511 115
 123 301  33 582 651 620 649 500 537 461 527 278 163 354 409 303 425 262
 325  34 107 333 251 110 191 106 166 217 311 279   3 194  72 373 387  84
 652 603   6 198 160 424 479 104 604 260 506 165  47 595   9 514 536  43
 543 453 199 598 309 237 554 389  89 440  29  76 258 398  48  49 293 553
 535 617 416 149 143 605 355 457  80  42 460 277   4 629 642 413 556 241
 429 265 346 124  74 316 546 375 326 128 150 192 592 380 338 542 458 438
 368 129 534  94 127 337 281 329 488 145  31 588 401 183 268 447 204 575
 304 350 390 214 243  20  55 287 545 648 308 561 577 422 225 324 234  79
 211 315 570 252 544 403  85 521 454 528 167 494  15  27  10 628 330 377
   2 229 151 226 448  51 426 609 302 431 286 559 370 334 362 272 264 557
 525 565 189 336 430 188  86 172 499 224 218 185 524 121 161 435 466 532
 177 298 254 423 526 126 138 486 593 219 135 182 482 654 335 116 153 351
 271 190 367 112 132 290 233 137 496 242 372  53 284 480  69 216 344  65
 459 580 381 407  26 156  13  62 639 414  56 363 606  19 495 358 497 645
 239 562  11 589 427 385 439  58 464 245 516 472 555 197  92 266  46 223
 402 465   8 369 180  30 174 111 451 171 445 103 141 122 428 612 531 248
 236 152 481 583 647  12 352   7 232 136 614 263 100  82 421 418 228 515
  70 587 353 321 328 314 193  37 436  24 349 484 441 585  61 548  28  38
 119 533 452 646  18 332 406 433 131 584 444 564 196 508 485 360 644 275
 359 285  93 317 244 625 610 405 215 280 637 602 339 230 130 253 611 594
 221 312 512 507 623 133 105 635 632 563 490 159 498 146 586 547  68 299
 395 574 491 178 397 522 169 313 640 162 530 120 207 384 220 383  22 626
 300 142 376 470 634 292 154  83 549 209  98   5 366 568 477 399 576 210
 246 391 200 305 476 164 517 283 222 446 340 343 118 475 341 231 208 596
  50 394 114 181 621 238 420  14 550 471 616 213 417 601 347 552 456 487
 176 572 566  75 288 643 134 331 168 318 108 597 295 567 569 396 493  63
 591 186 455 102 624  57 306 573 291 400 599 357 170 619 348 410 656  36
 175  23 622 653 386 502 140 117 492  16 382 274 205  88 276 641 289 607
 520 319 449 618 503 259 157 201 633  90 257 412  45 489 187 513 551  77
 578 437 392   1 101 307 462 113 269]
GPU0
set random seed!
finished RVND in 8.5035572052s
data-line;initial_solution;269129801;final_solution;14442051;time;8.5035572052;counts;846;fv;[];cv;[498, 219, 117, 8, 4];imp;18.6351509907
