pydf_home: /home/rodolfo/git/Sucuri
simple_pycuda_home: /home/rodolfo/git/simple-pycuda
wamca2016path: /home/rodolfo/git/wamca2016/
localpath: /home/rodolfo/git/dvnd-df/code/dvnd-df/src/
WAMCAPATH:/home/rodolfo/git/wamca2016/
Using already created file:  wamca2016lib.so
Size: 318 - file name: 04_lin318.tsp
ns:  [<function <lambda> at 0x7fba020ac0c8>, <function <lambda> at 0x7fba020ac140>, <function <lambda> at 0x7fba020ac1b8>, <function <lambda> at 0x7fba020ac230>, <function <lambda> at 0x7fba020ac2a8>]
ns:  [<function <lambda> at 0x7fba020ac230>, <function <lambda> at 0x7fba020ac1b8>, <function <lambda> at 0x7fba020ac140>, <function <lambda> at 0x7fba020ac0c8>, <function <lambda> at 0x7fba020ac2a8>]
96876952-[293 117 308  51 255  66 109 287 210  79 179 108  65 252  43  57 227 269
 271 139   0 248  99 101 130  34  77 307 157  11 120  31 142 232 279 291
 162  32  48 297 221 236 167 250 165 200 311 238  70 312  72   6 187 233
 283 121 180  83 146 190 203 224  75 122 127  39 298 112 234  74 115 268
 119  22 192 266 313 264 136 218 177 253 175 273  49  82 197  84 160 284
 258  26  29  87 208 309 154 166  30 304  60 118 103 156 183 170 135  53
 247 107 145 205 131   5 217 152 140 151 198 317  68 161   8  13  23 278
 124 173 132 274 186 254  33  80 270 106 123 191 129 240  85  28 153 259
 194  54 148 214  17 185 178  73  69 220 134 275 206 242  41 257  24  12
  93 201 276 163  67 114 237  91 171  16   1 172 105 193 176  19 295 314
  38 286 277 207  61  35 263  81 310 202 265 126  63  98 128  50 188  46
 209 213 301 228 315 299 244 231  10 262 280 225 168   7  37  86  42  94
 296 305 272  40 133 229 182 241  88  45  55 215  92  64 113 246  78  58
 174 300 111 230 141 150 267  76 158 239 164 147 226 285  96 104  21 243
 316 125 216 116 282 196  90 137 181  47  97  52 219 138 245 289 143 223
 144 260  71   9 251  56  59  44   3 204  89 281 169 290 294 159  36  62
 189 212  18 303  95   4 149  20 211 110 306 292 235 199 288  27 222 100
   2 184 256  25 249 195 302  15 102  14 261 155]
GPU0
set random seed!
finished RVND in 3.48779082298s
data-line;initial_solution;96876952;final_solution;6406472;time;3.48779082298;counts;449;fv;[];cv;[284, 112, 46, 6, 1];imp;15.1217318986
