pydf_home: /home/rodolfo/git/Sucuri
simple_pycuda_home: /home/rodolfo/git/simple-pycuda
wamca2016path: /home/rodolfo/git/wamca2016/
localpath: /home/rodolfo/git/dvnd-df/code/dvnd-df/src/
WAMCAPATH:/home/rodolfo/git/wamca2016/
Using already created file:  wamca2016lib.so
Size: 318 - file name: 04_lin318.tsp
ns:  [<function <lambda> at 0x7fbff1e420c8>, <function <lambda> at 0x7fbff1e42140>, <function <lambda> at 0x7fbff1e421b8>, <function <lambda> at 0x7fbff1e42230>, <function <lambda> at 0x7fbff1e422a8>]
ns:  [<function <lambda> at 0x7fbff1e42140>, <function <lambda> at 0x7fbff1e422a8>, <function <lambda> at 0x7fbff1e420c8>, <function <lambda> at 0x7fbff1e42230>, <function <lambda> at 0x7fbff1e421b8>]
93112980-[183 225 174 251 127 226 212 192 284 236  83 232 264  78 160  60 188  49
  74 178 150 257  97 237 147 158 199 193 171 141   4 162 301 238 227 195
  94 107  69  42 266 275 148   8 176   5 221 252  70 247 210  91 161 294
  72 297 282  25  85 187 172 186 259 273 254 113  54 112  27  73 222 211
  28 213  51 181 306 197 285 287  48  26 118 276 241 152 245  32 249  57
 204 223 260  67 305 312 177  62 185  90  44 263 108  18 250   3 184 180
 145 166 298 169 191 130 190 215 267 103 274  89 121 144  63 278 268  35
 307 234 224 300 128  39 291 182 246 109 170  81 194 281  92  45 134  75
 155 295  55 115  41 119 146 253  37 129 156 293 292  24 228  17 269 296
  38 280  29 240 173  68 153 315 308 220 139 203 216 120 111  99  19 167
 104  76 133  15 283  56 125  50 131 101 230 100 132 217  82  30 102 164
 277 207 219 196  64  34 286 262   2  88   0 302  84 233  14 143 201 208
 114 317  77 310 311 265 290 209 256 159 272 175 235 189 214  12  33 202
  46 258  59 179  61 242 248 168 271 289 149 200 288 136 313  86  53  13
 255 316 110 126 243  31 205 163  87 138 299 261  71 116 154 124 309  23
 135   1  16 137 165  80 140 151  65  58  47 304   9  79  21  10  66 239
  95 157 122 229 270  43  96 198   6 105 123 244  93 303  36 279 231  40
  22 218  52 142 206 314  20  11 106  98 117   7]
GPU0
set random seed!
finished RVND in 2.85595202446s
data-line;initial_solution;93112980;final_solution;6134792;time;2.85595202446;counts;301;fv;[];cv;[202, 71, 24, 2, 2];imp;15.1778544407
