pydf_home: /home/rodolfo/git/Sucuri
simple_pycuda_home: /home/rodolfo/git/simple-pycuda
wamca2016path: /home/rodolfo/git/wamca2016/
localpath: /home/rodolfo/git/dvnd-df/code/dvnd-df/src/
WAMCAPATH:/home/rodolfo/git/wamca2016/
Using already created file:  wamca2016lib.so
Size: 226 - file name: 03_pr226.tsp
ns:  [<function <lambda> at 0x7f97fb66d0c8>, <function <lambda> at 0x7f97fb66d140>, <function <lambda> at 0x7f97fb66d1b8>, <function <lambda> at 0x7f97fb66d230>, <function <lambda> at 0x7f97fb66d2a8>]
ns:  [<function <lambda> at 0x7f97fb66d1b8>, <function <lambda> at 0x7f97fb66d230>, <function <lambda> at 0x7f97fb66d2a8>, <function <lambda> at 0x7f97fb66d0c8>, <function <lambda> at 0x7f97fb66d140>]
196484139-[  7 107  60  96 145  86 116 156 220 187  50  80 196  64  94   5 144 139
 115  52  67 133  29   1 216  89  93  45   9  17  62 222  74  12 142 158
 103  76 137 203 176 171 105  24 163 172  44 224  79  15 183  81  65 149
  57 112  46 200  38  36 111 130  30  58  92 101  83  90 114  35 195 209
  39  53 211 173  54 201 100  27 218  56  48 197  11 198 159 213  66 147
 215 212 119 191 120  75 202 162  84  68 124  98 152 225  63 125  37   6
 155  71 168  42   4  87 113  47  32 181  22  19  69  13 178 214 153  73
 167 150 138 131 185 165 110 127 148 121 134 157 169 194  61  14 210  95
   2 207 166 219   8 160 188  31 206 190  72 174  91 135  82  43  51 136
  78 175  21 177  99 109 193  20 221 132 118 217 184  70  33 117  16  55
 146  28  26  10 180 199 170 205 108   0 104 129 204 164 102  97 186 192
 179 151 123  18  41 208  40 182 126  34   3 154 223  23 106 143  88  85
  77  25  49 128  59 161 141 189 122 140]
GPU0
set random seed!
finished RVND in 2.56536602974s
data-line;initial_solution;196484139;final_solution;7219353;time;2.56536602974;counts;467;fv;[];cv;[368, 70, 27, 1, 1];imp;27.2163085806
