pydf_home: /home/rodolfo/git/Sucuri
simple_pycuda_home: /home/rodolfo/git/simple-pycuda
wamca2016path: /home/rodolfo/git/wamca2016/
localpath: /home/rodolfo/git/dvnd-df/code/dvnd-df/src/
WAMCAPATH:/home/rodolfo/git/wamca2016/
Using already created file:  wamca2016lib.so
Size: 501 - file name: 05_TRP-S500-R1.tsp
ns:  [<function <lambda> at 0x7f04ae2560c8>, <function <lambda> at 0x7f04ae256140>, <function <lambda> at 0x7f04ae2561b8>, <function <lambda> at 0x7f04ae256230>, <function <lambda> at 0x7f04ae2562a8>]
ns:  [<function <lambda> at 0x7f04ae2561b8>, <function <lambda> at 0x7f04ae2560c8>, <function <lambda> at 0x7f04ae256230>, <function <lambda> at 0x7f04ae256140>, <function <lambda> at 0x7f04ae2562a8>]
33283522-[166 451 414 473  46 145 103 128 218  88 334 300 267 350 144 369  61 284
 164 296  85 372  51  60  43  68  21 170 194 327 351 210 112 104  50 374
 411 190  22 117  12 471 467 269 289 460 217 307 455 192 360 405 123 287
 242  81 102 361 133  14 313 129 100 304 443 337 416 447  75 371  56 470
 264 200 171 163 280 233 380 343 260 198  25 387 445 491 401 420  92 247
 419 263 184 185 148  47  16  39 282  19  41 207 311 412  40 309 146 187
 492  26 295 290 370 438 367 490 183 359 179 439 168  20 400 245 181 189
 347 214 196 101 227 437  83 173 403 202 118 293 375 435  30 283 376 348
 358 276 237 113 468 149 462 340  97 346   0 134 391 364   6 449 291  87
  79 349 152 333 388 215 398  77 156 272 396 265 377 308 392 231 108  52
 484 116 121 318  65 111 463  36 213  35 234 406 418 127 324 434 228 188
 232 325 465 230 469  44 480 431  58 352 106 382 253 175 432 475  96 158
 299 453 426  18 279 277 436  93 229 384 110 395 355 137  48 323 174 336
 485 219 208  95  17  33 326 275  27 255 321 362 363 422 191  69  37 390
  53 357 381 120 458 356 204 378  72  31 140 261 236   8 252 193 344 310
 220 150 142 160 373  10  70 450  23 433 410 281  91 481  80 454  71 366
 305 130 314 251 169   3 258 259  54  67   7 119 493 368  13 124 303 423
 147 483 122 457 320  11 302  73 195 165 322 135 244 407 386 315 109  29
  42 489 331 285 353 441   4 345 248 246   5 482  62 222 288 172 365  74
 212 379  15 306   9 341  64 249 209 297 203 238 477 456 448 105 408 497
 177 499 413 495 221 466 442 444 205 339 139 421 496  94 141 389 268 317
 256 132 486  38 278 383 404 199 487 397  98  76 335  78  66 235 182 206
 474 151 298 399 143  89  84 415 385 155 424 428 312 224 402 138 254 409
 162 201 328  63 186 241 316 459 292 273 332  55 211 338 342  34 126 270
 330 354 125 157  24 440  32 394  28 329 243 223 114 262 167 274 266 226
 446 425 429 178 478 239 216 115 176 250 225  90  57 430 319 257 240 417
 294  82 154 286  86 488 301 427 161 159 498 393 479 494  59  45 136 452
  99 180 461 472 197 271   2 476 464 107   1  49 131 500 153]
GPU0
set random seed!
finished RVND in 5.28080010414s
data-line;initial_solution;33283522;final_solution;1953605;time;5.28080010414;counts;690;fv;[];cv;[402, 182, 97, 7, 2];imp;17.0369762567
