pydf_home: /home/rodolfo/git/Sucuri
simple_pycuda_home: /home/rodolfo/git/simple-pycuda
wamca2016path: /home/rodolfo/git/wamca2016/
localpath: /home/rodolfo/git/dvnd-df/code/dvnd-df/src/
WAMCAPATH:/home/rodolfo/git/wamca2016/
Using already created file:  wamca2016lib.so
Size: 501 - file name: 05_TRP-S500-R1.tsp
ns:  [<function <lambda> at 0x7fae6a93f0c8>, <function <lambda> at 0x7fae6a93f140>, <function <lambda> at 0x7fae6a93f1b8>, <function <lambda> at 0x7fae6a93f230>, <function <lambda> at 0x7fae6a93f2a8>]
ns:  [<function <lambda> at 0x7fae6a93f0c8>, <function <lambda> at 0x7fae6a93f2a8>, <function <lambda> at 0x7fae6a93f140>, <function <lambda> at 0x7fae6a93f1b8>, <function <lambda> at 0x7fae6a93f230>]
32083144-[169  28 335 308 273 399 283 365 199 156  43  97 142 253 241 108 187  64
  54  34  74  87 342 442 417 319 284  35 188  55 380 265 170 302 322 153
 303 462 418 480 151 458 495   2  11 239 470 217 181 174 175 226 166 130
 500 334  90 453 203 119 423  66 255  84  21 113  83  85 184 208  79 325
 189 139  68 445 143 116 289 422 404 413 124 210 311 441 479  12 232 300
 158 270 343 236 449 347 466 482 263 411 131 109 298   9 234 409  32 249
 485 393  38 134 361 310 351 126 194  56 183 207 316 271 163  39 352 237
 443 489  29  31  77 444 264 106 228  49 291 279 405 416 379 320 148 305
 407   3 400 346 324  41 193 295 370  96 397  22  73 349 233 215 149 446
 186 172 447  70 463  80  51 383 147 251 274 180 111 292 396  20 355 201
 247  75 433 469 468 223 402  94 312 385 231   0 173 135  72 192  44 202
 395 197  78 424 112 475  52 331 363 378 472 216 403 212   4  16 425 121
 100 240 315 144 377 498  82 314 426 428 406  24 388 375 200 387 432 137
 286 499 358 145 272 414  89 161 435 110 461 329 478 492 307 129 281 369
  25 225 439 218  17 434 354 491 456 165  76  26 419 438 288 465  47 415
  13 360 450 182 162 448  92 105 146 471  30 245  48 296 122 276 177  86
 152 250 323 133 154 398  58 318 429 345 179 128 235 327 376 252  67 141
 224 391 496 157 114 473 254 230  53 277 258 321 457 205 297 248 486 332
 301 115 372 261 278 262 484 242 476 211  37 204 206 437 368 494 337 427
  59 299  69 167  81 244  65 452 104 132  91  60 155 386 366 367 493 246
 285 198 287  36 259 160 362 304 150 127  18 497 117 214 191 374 451 190
  46  98 420 340 118 454 326  40  42 196 487 306 101  19 221 290 213 382
 185 209   6 268 140 243   5 390 280 464 389 222 455 371  71 159 460  45
 164 313 350 275 356 431 220  27  57  93   8 178 317 384   1 401  10 467
  95 328 229 357 103 488 120  23 459 348 333 359 490  99  62 440  88 269
 392 171 481 408 107 267 394 339 341 412 123 309 125 344 381 410 136 330
 227 257 168 474 364 336 353 338 176 266 477 102 293   7 436 195  14  61
 421  15 282  63 294 238 256 138 373  33 260 219  50 430 483]
GPU0
set random seed!
finished RVND in 5.4367609024s
data-line;initial_solution;32083144;final_solution;1984693;time;5.4367609024;counts;581;fv;[];cv;[350, 147, 74, 7, 3];imp;16.1652930705
