pydf_home: /home/rodolfo/git/Sucuri
simple_pycuda_home: /home/rodolfo/git/simple-pycuda
wamca2016path: /home/rodolfo/git/wamca2016/
localpath: /home/rodolfo/git/dvnd-df/code/dvnd-df/src/
WAMCAPATH:/home/rodolfo/git/wamca2016/
Using already created file:  wamca2016lib.so
Size: 657 - file name: 06_d657.tsp
ns:  [<function <lambda> at 0x7fdee45850c8>, <function <lambda> at 0x7fdee4585140>, <function <lambda> at 0x7fdee45851b8>, <function <lambda> at 0x7fdee4585230>, <function <lambda> at 0x7fdee45852a8>]
ns:  [<function <lambda> at 0x7fdee4585140>, <function <lambda> at 0x7fdee4585230>, <function <lambda> at 0x7fdee45852a8>, <function <lambda> at 0x7fdee45851b8>, <function <lambda> at 0x7fdee45850c8>]
273245608-[493 427  68 179 115  15 146 515 520 199 191 650  75 310  54 163   0 180
  31 604 356  81  37 507 322 370 235 479 148  42 474 498 268 451 321 350
 445 598 638 111  33 384 336 167  73 524 210  92 319  62 465 277 223 608
 573  96 249  44 434 372 625 169 272 517 307 233 341 550 447 189 569 156
 247 505 352 594 326 546 147  99 273 236  57 622  20 365 261  78  17  19
 240 583 510  80 254 646 544 590 399 455 140 596 634  89 216 509 188 241
 204 582 242 586  32 184 442 435 420 513  88 362 275 217 495 491 618 572
 271 514 337 610  16 209 296 390 159 328 467 636 522 367 477 410 560 349
 289  41 422 110 196 381 541 624 440 485 360 397 263  91 100 588 559 323
 137  51 315 545 138 297 128 415 368 288 528  72 595 616  97 195 123 648
 276 433  65  60 340 468 466 200 151 117 373 174 219 168 311 570 614 243
   6 640  77 446 253 309 246   9 300 494 282 231 124  87 294 279 430  52
 265 306 654 192 295 589  63 141 239 280 197 553 501 542  39 632 283 481
 105 135 563 344 471 347 418 244 395 206 615 108  85  84 107 504 472  29
 649  49   8 251 256  71 534 351 531 391 602 533 597 112 633 152 143 592
 407 327 270 600 426 378 252 173 469 177 521 131 136 374 566 230 248 647
 207 382 606 144 585 452 212 423  98  48 175 487 318 332 392 538 377 339
 324  90 438 361 488 285 417 567 120 619 286 554 511 575 639 641 626 221
 170 536  30 122 605 187 453 506 320 118 611 287 202 404 304 225 555   7
   5 145 443 190 132 424 134 224 298 301 193 543 527 601 525 369 343 121
 512 291 629 262 220 313 330 518 353 496 439 229 532 631 552 149 448 489
 581  59 459  82 492 205 388 576  22 480 478 150  58 215 194 394 109 460
  12  76  18 551 508 139 547  79 316 299  26 232 113 366 218 160 405 153
 428  64 198 155 645 526 587 655 114 182 257 403 130 284 267 312 387 402
 178 102  40  55  34 106  47 519 612 490  86  93 228 317 129 355 334 523
 565 642 133 502 208 450  14 621  36 628 568 599 259 413 302 181 380 211
 412  95 250 125 213 457 484 389 591 643 593 470  83  45 172 454 503   1
 449 419 260 540 290 637 620 607 329 571 255  69 577 409  35 185 482  21
 126 557 226  38 623 379 580  56 119 166  70 411 463 475 157 354 331 345
 398 363  53 238  13 476  61 333 154 116 617 176 539 183 497 561  43 385
 630 483 303 500 281 436 237 292 401 101 578 548  74  25 535 530 364  94
 158 308 516 142   2 644 305  10 346 203   4 375 161  23 186  27 376 383
 214 396 537 406 549  50 564 431 127 432 464 342 462 278 603 103 234 529
 653 584 358 162 227  11 171 258  28 425 499 635 293 656 429 414 456 416
 486 609  66 266 386 441 579   3 473 562 264 164 652 613 201  24 651 437
 269 335 400 222 348 325 314 556 458 371 393 558 421 165 357 245 338 104
  46 461 627 359  67 574 444 408 274]
GPU0
set random seed!
finished RVND in 7.98770689964s
data-line;initial_solution;273245608;final_solution;14829696;time;7.98770689964;counts;792;fv;[];cv;[477, 205, 98, 8, 4];imp;18.425570423
