pydf_home: /home/rodolfo/git/Sucuri
simple_pycuda_home: /home/rodolfo/git/simple-pycuda
wamca2016path: /home/rodolfo/git/wamca2016/
localpath: /home/rodolfo/git/dvnd-df/code/dvnd-df/src/
WAMCAPATH:/home/rodolfo/git/wamca2016/
Using already created file:  wamca2016lib.so
Size: 783 - file name: 07_rat784.tsp
ns:  [<function <lambda> at 0x7fa69b9300c8>, <function <lambda> at 0x7fa69b930140>, <function <lambda> at 0x7fa69b9301b8>, <function <lambda> at 0x7fa69b930230>, <function <lambda> at 0x7fa69b9302a8>]
ns:  [<function <lambda> at 0x7fa69b930230>, <function <lambda> at 0x7fa69b9300c8>, <function <lambda> at 0x7fa69b9302a8>, <function <lambda> at 0x7fa69b9301b8>, <function <lambda> at 0x7fa69b930140>]
72251736-[ 88 519 442 318 499  84 346 281 164 288 740 278 760 376 439 226  22 488
 709 411 538 483 739 280 484 157 184  81 432 284 782 737 297 687 406 340
 100 767 424 409 329  33 343 749 548 582 478 770 642 561 160  32 355 472
 255 697 448 206  90 482 505  25 555  80 345 144 777 121 383 393 617 245
 721 320 137 207 716 528 109 670 335 480 102 305 146   7 491 608 530 647
 130 543 534 324 312 592 495 667 334 152 295  42 563  91 494 341 293 550
 435 287 747 566 733 306 133 374 744 279 778  72 423 758 268 441   4 509
  79 511 559 359 176 454 736 614 719 254  28 536 430 267 769  14 657 724
 674 518 129 410 755 147 438 182 533 507  26 420 735  15 650 606 643 132
 541 688 229 108 310 537 619 104   1 609 126 742 122 476 553 349 698 302
 353 380 398 492 663 134 590 150  95 282 508 529 560  75  59 515 513 459
 600 120 269 178 463 103 679 717 294 452 610 475 771  50 372 773 599 469
  31 683  48 625 466 616 223  46 780 621  76 707 627 385 633 111 672 693
 603 394 209 525 649 502 618 364 521 131 389 638 522 564 119 115 691 118
 159 496 325 211 189 228 427 695 453 275 774 348 732 516 408 274 574 689
 725 759 283 358 384 175 699 265   3 575 458 462 125 301 362 645 696 640
  43 558 743 556 700 763 544 337 429 308 493 470 671 712 523 761 181 504
  11 370 728 365 433 461 477 240 517 291 644 479  87 626  49 468  20 605
 718 664 249  18 594 378 413 726 246 153 388  89 652  68 277 336 405 440
 722 562 271 262  64 748 148 701 351 210 711  85 572 171 142 706 273 659
 110 446 595 775 713  17 391 332 704  65 186 328 285 112 570  86 339 653
 375 661 431 772  12 154 639 776 678 139 113 569 232 386 412  66 631 127
 512  55 673 613 662  24  27 247 487 220 363 654  35 768 248 400 578 167
 658 705 710 597 587 419 101 623 455  45  10 753 762  92 138 257 338 350
 551 369 554 514 201 360 259 585 416 185 702 727 218 231 612  36 520 540
 527 331 390 233 251 124 172 151 720 510 576 208 485 601  94 114 396 425
 682 579 135 474 224 552 237 165 290 444 489 580 690 322 242 163 450 588
 418 506 190 352 591 179 746 169  99 622 215 403 501 230 681 596 260 252
 641 356 615 714 451   6 307  60   2 445 656 779 464 602 756 243 490 586
 188 227  78 244 686 666 447 195  47 549 258 567  44  29 173 434  74 593
 266 684 449 194  97 428 326 754 238 235 539 303  71  73 261 629  16 193
  82 503 677 256 253 107 648 156 234 219 471  57 457 547 422 272 598  23
 213 473 330  53 636  41 546 634 443 299  37 241 632 589 497 676 315 214
 426 604 565 680 316 289 264 745 729 321 481 577 583  69 222 204 202 694
 180 730 382  38 105 734 236 196 311 584 750 183 304 162 500 177 665 486
 660 437 752 187 414 368  83 323 155 436 467  67 197 765 387 141  39 456
 703 685 239  70 401 168  77 158 221 140 367 377 250   9 421   8 751 116
 200  21 628 225 655 404 309 361 692 313 106 166 286 402 571 203 212 542
 298 417 764 611  58  51 123 276 581 373 319 381  13  62 741 545 731 531
 344 170  34 715 637  61 395 270  30 568 708 263 149 143 347 415  96 630
  98 635 646 371 620 342 136  40 161   0 128 407 532 757  52 669 198 205
 217 723 535 199 174 675 117 399 357 607 300 145 317 781 366 216 392 296
 192 524 460 526  56  19 624 668  93 354 379 766 465 292 651  63 191 498
 327 557   5 397 738  54 573 314 333]
GPU0
set random seed!
finished RVND in 14.4433290958s
data-line;initial_solution;72251736;final_solution;3429345;time;14.4433290958;counts;1146;fv;[];cv;[657, 285, 166, 28, 10];imp;21.0686693815
