pydf_home: /home/rodolfo/git/Sucuri
simple_pycuda_home: /home/rodolfo/git/simple-pycuda
wamca2016path: /home/rodolfo/git/wamca2016/
localpath: /home/rodolfo/git/dvnd-df/code/dvnd-df/src/
WAMCAPATH:/home/rodolfo/git/wamca2016/
Using already created file:  wamca2016lib.so
Size: 657 - file name: 06_d657.tsp
ns:  [<function <lambda> at 0x7f72fbf6a0c8>, <function <lambda> at 0x7f72fbf6a140>, <function <lambda> at 0x7f72fbf6a1b8>, <function <lambda> at 0x7f72fbf6a230>, <function <lambda> at 0x7f72fbf6a2a8>]
ns:  [<function <lambda> at 0x7f72fbf6a230>, <function <lambda> at 0x7f72fbf6a2a8>, <function <lambda> at 0x7f72fbf6a1b8>, <function <lambda> at 0x7f72fbf6a140>, <function <lambda> at 0x7f72fbf6a0c8>]
275216372-[379 502 206 255 132 509  48 602 587  78 325 236 321 437 253 295 208  84
  69 259 492 448 634 495 360 371 349 220 162 467 451  68 276 157  53 374
 118 465 435 317 485 498 471 470 392  50  72 499 244 251 246 581 445 143
 111 205 282 320 198 165 624 486 589 380  55 114 168 155 219 385  46 654
 152 643 250  70 110  29 622 245 401 457 593  61  18 514 442 271   8 412
 583  22 140 247 135  42 285 142 362 414  43 610 395 139 207 216  75 307
 335 384 382 625 461  16  54 176 434  31 273 400 576   1 566 291 386 204
 428  20  19 438 398  92 590 115 217  23  93 223 489 312 184 315 479 234
 628 120 422 526 341  66  77 432 345 540 138 275  17  95 127 373 288 137
 124 235 171 292 627 544 588  15 298  74 314 639 130  71 633 357 393 473
  90 265 238 641 459 304 199 603 104 640 129  12  82 553 390 397  28  24
  14 249 126 195   6 607  81 572 227 316 604 529  64 430 270 177 113 258
  99 536  86 533  51 410 148  27 109 552 601 425 476 497 256  56 309 329
 560 279 194 308  40 598 363 647 119 522 453 595 293 239  80 128 631 242
 475 503 141 614 586  21 423 394 452 605 646 431  65 145 149 612 525 240
 585 561 454 551  60 609 294  30 520 618 210 367 567 186 573 262  33 449
 354 283 377 574  83 159 580 606 480 626 214 332 351  96 543 630 174 644
  26 348 613 269 493 513   2 340  97 311 181 375 268 302  52 478  49 343
 280  34 433 444 209 642 306 226 477  88 532 528 166 160 519  57 447 500
  73  32 564 103 100 521 175 472 420 623  79 179 484 408 456 524 599 277
 403 562 313 594 296 123 185 487   3 549 117 415 455 578 554 596 539 188
 156 254 481 225 621 319 237 460 144 146 281 327   9 108 150 517 161 366
 252 619  94 378 615 541 468 364 190 649 636 178 592 427 488 287 264 559
 305 637 372 187 151 200 350 399 230 582 537 555  58 344 189 346 232 538
   5 645 192 241 300 469 169 233 101 213 352 523  13 107 284 224 396 203
  85  39 411 512  59 494 466 563 167 632 464 440  41 231 334 191 446 491
 163  63 535 248 546 405 508 290 568  44 511 355 221   0 338 510 389 278
 365  37 303 154 170 611 490 569 333 571 218  87 501 418 257 577 368 483
 105 558 441 547 342 339 289 591  10 505 421 102 387 310 212 436 506  91
 608 406 228 361 530 482 215  36 462  38 336 383 597 337 545  11 202 196
 416 158 370 358 450 153 620 267 413 650 381 463 404 116  25 211 584 570
  89 330 347 243 409 443 136 180 518  62 531 121 353 172 106 328 550 629
 324 651 260 112 638 579 504 229 274 496 197 417 534 222 653  76 617 134
   4 652 648  98 407  67 556 266 429 297 272 369 323 299 402 655 133 331
 201 391 183 419 565 507 557 439 122 322 542 575 173 656 474 286  35 131
 388 356 263 164 326 193 516 458 616 261 527 125 426 515 301 182 548   7
  45 424 635 376 359 318  47 147 600]
GPU0
set random seed!
finished RVND in 8.82489800453s
data-line;initial_solution;275216372;final_solution;14574863;time;8.82489800453;counts;855;fv;[];cv;[508, 216, 118, 11, 2];imp;18.8829474418
