pydf_home: /home/rodolfo/git/Sucuri
simple_pycuda_home: /home/rodolfo/git/simple-pycuda
wamca2016path: /home/rodolfo/git/wamca2016/
localpath: /home/rodolfo/git/dvnd-df/code/dvnd-df/src/
WAMCAPATH:/home/rodolfo/git/wamca2016/
Using already created file:  wamca2016lib.so
Size: 226 - file name: 03_pr226.tsp
ns:  [<function <lambda> at 0x7f320eed20c8>, <function <lambda> at 0x7f320eed2140>, <function <lambda> at 0x7f320eed21b8>, <function <lambda> at 0x7f320eed2230>, <function <lambda> at 0x7f320eed22a8>]
ns:  [<function <lambda> at 0x7f320eed2140>, <function <lambda> at 0x7f320eed22a8>, <function <lambda> at 0x7f320eed21b8>, <function <lambda> at 0x7f320eed2230>, <function <lambda> at 0x7f320eed20c8>]
194402746-[ 84 113 170 193  18 201  17 207 109 103  77  52 186  26 148  89 162  42
 199 107 120 171 116 157 110  63 202 185 145   1 104 183 208   7 192 143
  68 168  35 101 155  81 160  79  99 117 102 177 100 204 190  25 205 144
 176  70   5 225   4  65 214  60  86  85  27  37 217 223  93  39 167 212
 206 105  67  94 131  95  59 220  58   6 200 139  51  46   9  96 218 114
  82  88 112  56  34  54  47 196 163 136  28 158 126 209 156 132  83 210
  19 164 151 184 119  78 187 178  98  49 189 154 153 216 141  20  91 133
  23  32 224 125   2  66 175 134 194 161 106 135  61 198 172 152 211 221
 173 188  44 191  10 147  69 197 123 129  40  11 146 179 150 128  21 108
  90 149 165 222 118 137 115  12  75  36 219  62 140 122 213  38 215  57
  92  64 121   0 130 174  13  97  14   8 159 127  76 195  22  72  80 124
 138   3 203 182  15  41  29  31  30  45 142 111 166  16  55  87  50  71
 180 169  53  48  24 181  33  74  73  43]
GPU0
set random seed!
finished RVND in 3.79737591743s
data-line;initial_solution;194402746;final_solution;7341922;time;3.79737591743;counts;687;fv;[];cv;[631, 44, 8, 2, 2];imp;26.4784542794
