pydf_home: /home/rodolfo/git/Sucuri
simple_pycuda_home: /home/rodolfo/git/simple-pycuda
wamca2016path: /home/rodolfo/git/wamca2016/
localpath: /home/rodolfo/git/dvnd-df/code/dvnd-df/src/
WAMCAPATH:/home/rodolfo/git/wamca2016/
Using already created file:  wamca2016lib.so
Size: 783 - file name: 07_rat784.tsp
ns:  [<function <lambda> at 0x7f180b09d0c8>, <function <lambda> at 0x7f180b09d140>, <function <lambda> at 0x7f180b09d1b8>, <function <lambda> at 0x7f180b09d230>, <function <lambda> at 0x7f180b09d2a8>]
ns:  [<function <lambda> at 0x7f180b09d1b8>, <function <lambda> at 0x7f180b09d0c8>, <function <lambda> at 0x7f180b09d2a8>, <function <lambda> at 0x7f180b09d230>, <function <lambda> at 0x7f180b09d140>]
71898217-[ 87 474 216 705 702 417 100 503 291 322 424 579 283 192  88 717 773 649
 672 224  23 146 102 642 759  82  69 164 551 345  67 414 331 732 234 223
  15 755 316 123 398 512 500  95 156 358 679 727 693 737 118 729 602 455
 704  58 243 357 404 544 272 282 684 489 458 494 470 421 527 134 395 669
 229 747 351 623  37 142 671 218 764 126 339 769 780 380  29 298 362 115
 304 150 569 317 722  54 744 665 264  53 196 483 409 454 581 122 733  25
 530 547 696 204  72 626 673 610  45 529 303 643 589   3 378 561 594 293
 638 323  62 131 583 628 198  49 113 179 166 135  31 701 554 407 342 677
 379 143 405 487 338 740 139 648 726 509 542 247 159 611 517 305 180 233
 176 724 127 622   9 413 292 639 782 248  59 772 178 757 749 523 231  13
 469  10   7 226 242 462  78 504 539 442 244 294 230 367 550 599 644 152
  97 601 425 666 145 730  92 253 155  42 456 568 144 189 681   6 766 526
 319 306 165 381 459 269  60 225 128 637 160 707 578 443 275 332 555 683
 311 584 392 254 521 147 250 467 630   8 197  84 449 577 636 252 734 262
 731 518 624 574 318 606 699  65 507 760 608  46 758 108 480 172  61  86
  57 482 177  66 366 112 105 652 136 580 348 437 388 468 397 748 373 484
 365 167 750 137 372 546 328 199 184 217 667 419 703  40 756 428 238 268
 715 598 240 687 513 251 714 140 370  98 451 246 343 514 195 389 255  70
 221 171 439 256 420 436 377 466 716 528 227 650 767 426 263 211 157  55
 477 706 496  56 588 153 350 103 742 329 249 640 359 101  99 418 596 296
 277 587 106 689 536 130 475 396 629  14  17 488 770 609 690  26 674 535
 463 326  94 582  22 728 560 572 181  74 310 505 762 200 508 712 401 415
 452 537 502 352 563 678 613 538 295 391 265 278 170 617  18 591 138 119
 616 239 498 434 314 354 647 187 334 741 236  36 775  51 387   0  39 694
 473 168 520  90 743 403 565 207 433 300 460 228 605 725 676 313   4 763
 423 688 524 110 163 522 125 516 682 660  77 592 169 661 695  63  81  32
 777 685  28 183 116 111 471 525 519 461 700 297  48  24  41 567 394 612
 212 320 308 440 309 778 446 382 188 510 720  83  20 368 655 356 453 347
 614  47 444  19 573 284 478  12 173 285 185 410 751 270 721 708 259  71
 662 653 540 325 235 723 299 432 709 148 590 222 385 383 341 779 576 232
 360 353 337 260 585 575 241 412 545 340 499 754 738 476 632 402 558 202
 203 615 117 781 376  96 406 438 768 154 175  21 586 472 120 333 121 344
 745 363 595 161 618 315 619 386 746 349 658 307 399 600 718 257 258 533
 485 369 435  50 495 670 532 641 464 450 607 149 557 548 627  85 692  16
 267 710 271 215 570  64 208 774 656 663 603  75 312 634 400   5  38 713
  44 186  93 190 698 393 330 133 290 491 336 457 571 657 562 416   2 375
 201  34 711 390 107  68 273 346 771  79 515 534 431 659 651 719  52 735
 209 506 114 193 552 104  89 129 430 559 151 191 213 543 287 492 765 593
 288 625 374 205 324 109 281 697 371 364 361 752 481 645 266  73 753  91
 776 493  30 220 566 646 335 427   1 556  43 680 429 289  35 664 245 501
 321 549 654 447 761 286 174 327 633 280  80 279 124 486 675 553  76 158
  27 668 621  11 384 497 411 691 541 210 620 445 261 490 182 564 422 631
 132 635 302 237 531 511 141 219 448 465 274 408  33 194 479 276 597 739
 736 441 604 686 206 355 301 214 162]
GPU0
set random seed!
finished RVND in 11.6541941166s
data-line;initial_solution;71898217;final_solution;3451032;time;11.6541941166;counts;934;fv;[];cv;[560, 232, 120, 18, 4];imp;20.8338308657
