pydf_home: /home/rodolfo/git/Sucuri
simple_pycuda_home: /home/rodolfo/git/simple-pycuda
wamca2016path: /home/rodolfo/git/wamca2016/
localpath: /home/rodolfo/git/dvnd-df/code/dvnd-df/src/
WAMCAPATH:/home/rodolfo/git/wamca2016/
Using already created file:  wamca2016lib.so
Size: 657 - file name: 06_d657.tsp
ns:  [<function <lambda> at 0x7f27241f40c8>, <function <lambda> at 0x7f27241f4140>, <function <lambda> at 0x7f27241f41b8>, <function <lambda> at 0x7f27241f4230>, <function <lambda> at 0x7f27241f42a8>]
ns:  [<function <lambda> at 0x7f27241f4140>, <function <lambda> at 0x7f27241f4230>, <function <lambda> at 0x7f27241f42a8>, <function <lambda> at 0x7f27241f41b8>, <function <lambda> at 0x7f27241f40c8>]
278282530-[375 315 305 582 482  17 446 306  94 599 195 649 104 174  68 479 301 166
 387 205 222 531 320 411 256 353 153 206 435 550 207 487  90 165 602 470
 612 327 592 253 534 504 193 279 469 474 565 394 304  78 250 201 249 395
 314 496 160 248 499 400 625 311 367  44 596  72 464 530  86 186 546 322
  98 574 340 302 390 568 334 424 202 330 289  31 183 558 336 212 258 379
 239 480 548 131 571 404 383 431 425 398  32  34 620 638 502 287 158  91
 175  55 121 224 593 215 547 345 578 138 274 192 494 291 108  80 172 441
 445 295 643  73 348  10 556 418 257 564  65 590 292 427  51 656  85 523
 631  23  27 168 254 485 350  62 297 381 572 313 184 532 357 156 439 343
  71  16 473 119 503 356 106 460  81  20 237 447 413 619 233 211 136 200
 189 630 450 579  66 552 518 610 280 409 615 497 597 134 283 654 236  46
 414 653 368 238 323 247 199  83 651 533 608  77 514  59 581 465 300 171
 397 273 501 197 453 309 617 399 268 333 510 270 203 122  52 376 529  41
 339 127 229 489 449 567 140 410 241  48 585 264  42 198 232 461 555 586
 185 402 613  92  58 213 535 269 169 462 255 154 603 378 208 406 471 430
 616 132 163 217  28  93 364 591 623  87 276 341 243 488 614 371 594  56
 629 633 549 141 235 467   8 251 429 455  38 349 329 267 491 476 573 359
   3 326 228 187 157 389 463 355 544 538 365 372 223 481 245 143 454 519
 182 644 443 266 112 155 543 362 607 632 526 388 541 181 377 621 324  22
 563 272 459 560 392 516 142  11 210 147 277 505 204 458 219  74 351 416
  97 407 391 162 528 448 319  54 601  89 194 240 299 545 428 149 328 405
  49  36 605 137 436  50 344  64 133 225 475  70 282 316 468 440  13 105
 146 495 360 524 587 437 354 366 466 125 298 126 242 352   5 611 640 641
  69  95 358 507 176  47 618 417 110 321 144 645 412 369 542 472 220 227
 164 252 118 595 511 442 484 114 403 512 179 374 628 347 575 624 124 422
 338 380  60 190 170 101 129 636 150 115  15 370  61 522  30 293   7  29
 642 490 492 317 655 188  14 214 109 180 648 419  67  21  18 284 216  99
 627 337 244 263 432  57 191 647 551  53 393 177  76 113 604 483 652 513
  45 622 145 260 346 646 536 539 246 152  33 102 477 554 332 433 570 178
   0 308 261 361 515   9 310 386 634   6 259 123 553 486 589 583  39 639
 569 520 117   2 307 500 234 275 493 559  40 576 588 580 363 451  19 517
 173 196 396 537  75  79 438 135 281 600 452 221 561 231 525 373 218 401
 325  82 598 650 103 421 288 116 296 342 423 566 584 521 285 139  24 262
 128 286 456  12 290 151 318  25 161 265 557 444  88 540 609 527 230 420
 384  35 498   1 130  37 508 303 294 120 478 382 637 562 107  84 159 457
 209 100 408  26 167 385 335 635  96 226 278 312 331 271 148 577   4 426
  63 606 434 111 506 626 415  43 509]
GPU0
set random seed!
finished RVND in 8.51772689819s
data-line;initial_solution;278282530;final_solution;14012666;time;8.51772689819;counts;809;fv;[];cv;[483, 220, 95, 9, 2];imp;19.8593565279
