pydf_home: /home/rodolfo/git/Sucuri
simple_pycuda_home: /home/rodolfo/git/simple-pycuda
wamca2016path: /home/rodolfo/git/wamca2016/
localpath: /home/rodolfo/git/dvnd-df/code/dvnd-df/src/
WAMCAPATH:/home/rodolfo/git/wamca2016/
Using already created file:  wamca2016lib.so
Size: 226 - file name: 03_pr226.tsp
ns:  [<function <lambda> at 0x7f60324830c8>, <function <lambda> at 0x7f6032483140>, <function <lambda> at 0x7f60324831b8>, <function <lambda> at 0x7f6032483230>, <function <lambda> at 0x7f60324832a8>]
ns:  [<function <lambda> at 0x7f60324832a8>, <function <lambda> at 0x7f6032483230>, <function <lambda> at 0x7f60324831b8>, <function <lambda> at 0x7f60324830c8>, <function <lambda> at 0x7f6032483140>]
188519791-[ 11 139 124  85 176  30  44  37  91  28  77  63  21 214 163 209  47 185
  65 106 117 191 107  15 159  14  45 156  60 114 115 142  70 161 208 155
  69 224 174 199 201 207 193  16  53  41 181 179  72 105 138 144 134  26
  94 196  71 145 171 192 120  88 173  55  98  31  84 100 187  93  34 202
 146 137 101  39  90 165   9 109 175  86 150 168 132  18 170 164 215  61
 184 130 200  13  56 204  32  35 205 128 119 172   3  12  82 212 121 141
   5 225  40  97  59 143 195   6  48 210 182 153 149  80 129 104  19 177
  95  67 102 147 154  78 160  36  75 131 118   2 169  74 183 133 113  51
 127  20 167  50  29 151 221 203 158 112 190 217  92  57 178 148 186 213
  42  79 110  64  22 111   8 157 198 116  73  54  62 125  33 152  49 103
 211  58 122 223 219  25 194  52  66 222  83  17 216  23 126  96  27 162
   0  10 136   7 166 189 180 206 218   4  43 140 108  99  89  81  46  38
  68 220 188  24 123  76 197  87   1 135]
GPU0
set random seed!
finished RVND in 1.73001098633s
data-line;initial_solution;188519791;final_solution;7023693;time;1.73001098633;counts;512;fv;[];cv;[329, 129, 51, 2, 1];imp;26.8405511175
