pydf_home: /home/rodolfo/git/Sucuri
simple_pycuda_home: /home/rodolfo/git/simple-pycuda
wamca2016path: /home/rodolfo/git/wamca2016/
localpath: /home/rodolfo/git/dvnd-df/code/dvnd-df/src/
WAMCAPATH:/home/rodolfo/git/wamca2016/
Using already created file:  wamca2016lib.so
Size: 783 - file name: 07_rat784.tsp
ns:  [<function <lambda> at 0x7feb4c6c80c8>, <function <lambda> at 0x7feb4c6c8140>, <function <lambda> at 0x7feb4c6c81b8>, <function <lambda> at 0x7feb4c6c8230>, <function <lambda> at 0x7feb4c6c82a8>]
ns:  [<function <lambda> at 0x7feb4c6c81b8>, <function <lambda> at 0x7feb4c6c8140>, <function <lambda> at 0x7feb4c6c80c8>, <function <lambda> at 0x7feb4c6c82a8>, <function <lambda> at 0x7feb4c6c8230>]
69519989-[493 317  75 615  40 607 239 530 207 693 632 538 130 541 611 198 762 712
  63 600 243 387 730 741 674 150 193 733 485 484 449 515 261  37  25 711
 506 501 370 400 236 599 724 707  45   8 284 744 189 390 206 145 694 495
 300 288 304 443 251 756 636 421 760 629 705 672 473 417 656 451 219 158
 326 392 413 743  50 592  41 766 205 577 161  87 536 365 552   4 471 148
 376 648   2  81 625 118 208 105 164   9 490 388  91 363 602 412 235 372
 492 298 584 134  30 434 211 586 262 763 675 432 677 650 542 303 522 690
 293  93 311 637 192 340 608 181 722 405 605 709 200  17 639 716 100 232
 550 731 514 255 634 227 270 665 327 645 403  31 295 423 776 736 461 210
 640 635 588 338 528  18  34 436 601 285 228 357 259  22 510 546 366  96
   5  66 585 171 124 204 680  11 393 732 441 565 179 335 576 702 686 214
 194 212 452 518  98 406 647 687 624  16 507 589 410 458 526 106 757 745
 777 457  78 167 578 549 252 454 260 249  43 136 547 240 329 321  49 221
 770 619 544 420 728 533 446 684  28 202 560 196 727   3 190 439 580 431
 397 428 618  62 717 246 664 523 740 381 710 356 566 667 571 579 774 509
 354 669 641 123 101 597 257 156   0 218  79 143 587 128 209 765 275 302
  65 604 658 133 704 116 230 229 175  20 556 437 141  58 151 391 593 333
 110 383 415 286 773 460 216 742 307 715 529 692 369 540 498 278 700 351
 747 483 706 746 187 404 574  27 753 738 322 112 290 455 653 474 113 310
 135 537 713 513 382 470 220 623 737 569 768 320 723 517 353 368 562 567
 620 447 352 504 341 191 683 486 359 316 521 250 160 402 147 256  52 375
 425 755 312 247  48 103 539 345 467 277 127  60 233 751 764  19 195 596
 385 463 525 617 271 358 561 159 666 534 725 494 512  42 559 661 104  39
 102 487 616 480 603 168 346 535 643 543 714 772 671 272  33 226 172 759
 129 622 217 613  72  70 472  56 238 508 548 606 502 305 719 685 527 289
 361 583 122  59 676 497 119 612 575 121  10 767 152  88  86 418 781 649
 114 355 266 545 125 315 117 662 478 162 401 188 758  44 663 668   7 721
 132 594 362 466  35 771 445 496 655 749  29 748 378  92 754 225  68 695
  61 331 572 598 422 199  89  32 398 140 682 224  95 688 319 339 299 628
 183 519 343  15 223 459 691  77  23  94 347 681  51 475 314 505  26 137
  76 254 489 283 557 291 108 165 689 453 491 126 267 468  21 120 440 469
 582  82 609 581 115 524  36 718 297  97 698 399  55 752 595 344 696 532
 477 626 373 708 673 516 169 554 313 407 276 241 558 427 234 111 555  71
 268 242 426 735 720 779  80  74 503 282 433 699 697 627 279 384 222 139
 416 782 138 678  85 287 323 294 186 109 488 292 679 281  69 244 438 301
 157 367 396 306 409   6 424 633 328 568 395 197 419 371 573 377 253 476
 184 153 414 464 273 360 570 769 703 465 563 201 178 349  12 174 131 479
  99 258 176  13 348 380 185 646 444  46 296 149 450 386 263 173 462  57
   1 499 237  83 142 775 334 389 761 630 309 520  84 177 564 654 590 660
 780 553 170 631 411 408 107 215 726 274 621 155 318 182 642 456 614 166
 482 180  64 325 394  90 163 435 332 442 324 203  24 213 531 429 448 364
 500 308 248  54 651 778 231 652 591  47 701 670 144  53 430 337 481  73
 154 342 750  67 269 551 739 336 265 511  38 245 657 734 729 659 610 638
 330  14 379 146 374 350 644 280 264]
GPU0
set random seed!
finished RVND in 11.706371069s
data-line;initial_solution;69519989;final_solution;3423500;time;11.706371069;counts;914;fv;[];cv;[572, 221, 105, 12, 4];imp;20.3067004528
