pydf_home: /home/rodolfo/git/Sucuri
simple_pycuda_home: /home/rodolfo/git/simple-pycuda
wamca2016path: /home/rodolfo/git/wamca2016/
localpath: /home/rodolfo/git/dvnd-df/code/dvnd-df/src/
WAMCAPATH:/home/rodolfo/git/wamca2016/
Using already created file:  wamca2016lib.so
Size: 318 - file name: 04_lin318.tsp
ns:  [<function <lambda> at 0x7fef875a30c8>, <function <lambda> at 0x7fef875a3140>, <function <lambda> at 0x7fef875a31b8>, <function <lambda> at 0x7fef875a3230>, <function <lambda> at 0x7fef875a32a8>]
ns:  [<function <lambda> at 0x7fef875a32a8>, <function <lambda> at 0x7fef875a30c8>, <function <lambda> at 0x7fef875a3140>, <function <lambda> at 0x7fef875a3230>, <function <lambda> at 0x7fef875a31b8>]
94754811-[239 285  67 133  36 171 299 124 164  24  69 222 214  48 152 207 277  87
  75  59 140  16  13  68 268  18 265 256 258 136  83 238 295 104  31 105
 309  39 232 156  38  64 194  60 227  45 216 297 212  15 306 196 233  12
 315   9 293  51 190 115 135  62 162  52 251 122  42 247 125 143 113 257
  76  28  74 181 175 170 189 253 177 142  63  97 282 269 203 199 229 185
 147 290  91 112 313 224 272  44  55 191 244  98 167  21 173 132  26  56
  80 127 311 183 291 131  58  37 166 307  35 145 234 200  29 205  70 117
   3 303  85 228 101 281 151 116 273 128 184 314 263 275 217  71  53 123
 146 198  22 246  27 237 144   6 209 114 220  88  43  72 270  94 279 174
 106   5 169 176 121  92 153 100 180 245 249 186 316 188  10   2 219 221
  30 138  79 110 119 141  46 155  99   4 103 271  11  32 301 111 208 165
 292   1 255 107 206 284 266  14 223  82 240 298 289 197 160 129 168 225
  90  93 178  86 280 108 231 204 286 159 192 195 241 218 283 102 259  61
 126  25 120  23 201 182 202 261  89 226 288 302 139 161 305 211 242  84
  33 210  81   7 276 118  17  73 172 163 134  41 235 267  20 236  50   8
  96 294  34  65 254 260 287 148 157   0 304 149  40 150 187 230  95 154
 274 264 158 252 137 312 278 308  19 248 193 262 243 130  66 310 213 109
 317  57  47 296  49  78 179 300  54 215  77 250]
GPU0
set random seed!
finished RVND in 2.57759404182s
data-line;initial_solution;94754811;final_solution;6230347;time;2.57759404182;counts;421;fv;[];cv;[247, 105, 50, 14, 5];imp;15.2085928761
