pydf_home: /home/rodolfo/git/Sucuri
simple_pycuda_home: /home/rodolfo/git/simple-pycuda
wamca2016path: /home/rodolfo/git/wamca2016/
localpath: /home/rodolfo/git/dvnd-df/code/dvnd-df/src/
WAMCAPATH:/home/rodolfo/git/wamca2016/
Using already created file:  wamca2016lib.so
Size: 318 - file name: 04_lin318.tsp
ns:  [<function <lambda> at 0x7f1b157e80c8>, <function <lambda> at 0x7f1b157e8140>, <function <lambda> at 0x7f1b157e81b8>, <function <lambda> at 0x7f1b157e8230>, <function <lambda> at 0x7f1b157e82a8>]
ns:  [<function <lambda> at 0x7f1b157e82a8>, <function <lambda> at 0x7f1b157e81b8>, <function <lambda> at 0x7f1b157e8140>, <function <lambda> at 0x7f1b157e80c8>, <function <lambda> at 0x7f1b157e8230>]
91267609-[179 124  67  63  71  98 156 160 121 251 240 203 120 290 155  38  41 212
 157 227  18  79  23  16 256  14   2  15  82 158 211 161 304  84 292   4
  90 243 269 216 195 246 140  26  68  51 204 199 190  65 209   5  72 258
 198 230 262  20  81 150 244  62 101 223  88 108 253 191 185   7 226 300
 187 142 109 131  61  73  77 139  33 192 123 136  22 272 164  96 239  54
   9 182 305 276  21  97 180 289  92 125 106 153 296 249  76  74   3 313
  64 200 165 193 144  99 172 210  58 306  40 228 285  24  86 316 279 264
 151 299 143  50 245 174 281  55 100  17 141  91 303 178 271 138 224 170
  83  39 196 233  60 126  28  35  13 282 250 317 257 110 213 301  70 237
 162 295  59 222 159 184  56  85 270 130  31 154 149 166 232  52 102  30
 188 291  37 241 247 238  53 298  34 107 259 171  25 286 167 278 311  29
 261 308 152 104  43 205 115 268 293 145  87 315  42  93  36 215 235 168
  12 129 177 183 294  19 218 260   1  69 105 133  47 169   6 255 280 128
 266 175  11 163 231 103 310   0 221 284 220 263  75 274 275 283 202 189
 219 254 248 111 252  94  45 114  48  66 277 314 197 242 132 236 186 312
 309 297 134  27  10 113 135 194 225  95  78 206  89 118 112 288 302 265
  44 181 119  49 201 127 207 116 214 148  57 208 234 267  80 147  46   8
 287 229 176 273 307 122  32 217 117 146 137 173]
GPU0
set random seed!
finished RVND in 2.2912170887s
data-line;initial_solution;91267609;final_solution;6160961;time;2.2912170887;counts;384;fv;[];cv;[240, 93, 41, 7, 3];imp;14.813859234
