pydf_home: /home/rodolfo/git/Sucuri
simple_pycuda_home: /home/rodolfo/git/simple-pycuda
wamca2016path: /home/rodolfo/git/wamca2016/
localpath: /home/rodolfo/git/dvnd-df/code/dvnd-df/src/
WAMCAPATH:/home/rodolfo/git/wamca2016/
Using already created file:  wamca2016lib.so
Size: 501 - file name: 05_TRP-S500-R1.tsp
ns:  [<function <lambda> at 0x7f4dab63e0c8>, <function <lambda> at 0x7f4dab63e140>, <function <lambda> at 0x7f4dab63e1b8>, <function <lambda> at 0x7f4dab63e230>, <function <lambda> at 0x7f4dab63e2a8>]
ns:  [<function <lambda> at 0x7f4dab63e230>, <function <lambda> at 0x7f4dab63e0c8>, <function <lambda> at 0x7f4dab63e140>, <function <lambda> at 0x7f4dab63e2a8>, <function <lambda> at 0x7f4dab63e1b8>]
32535446-[298 331 322 443 124 194 110 376 334  73  53 476 259 273 204 212 272 498
 174 335  94  90 146 162 321  33 235 446 491 429  42 158 449 404 434 166
  37 412 290  68 191 179 111 484 116  71 242 263 274 423 141 435 457  63
  26 112 346 190  67 482 451 183 361 425 342 325 286 459 271 378 143 193
 304  78 399 364  87 262 488 257 276 370 165 470 137 315 133  99 450 496
 284 171 155 305 312  85 253 310  55 437 493  25 355 385 439 151 297 195
 269  65 336  36 318 102  56 442  83 381 396 417 339  11 454 313 266  39
   3 455  52 406 192 125 164 161 228 478 389 418 366 180  79 398  92 280
 303 281  17  40 317 294 350 234 407 492 500 198 283 436 486 208 432 311
 247 117 268 490 216 250  32 330  76  59 282 327 101 452 201 103 348 109
  30   0 130 413 251  97 426 175 441 231 343 420 473   5 296 106  66 241
 393 408 369 471  20 178   6 184 447 444 387 433 358 135 145 392 365 372
 170 240 163 149 328 291 353 288 173 223  98 460 187 333 421  10 363 148
 252 260 469 474 367  72 499 377 289 134 230  89 237 344 172 287 338 222
  21 279 430 302 244 107 314 438 462 167  23 497 205 319 218 224  57 352
 456  27 120 104 494  70 419  18 209 199 347 362 200 236 182 138 152 386
 388 123  24 359 465 177 402 357 463 483 211 131 467 416 147 424  69 270
 453 349 373  34 203 382 207  91  74 153 379 114 320 324 411  48  28 261
 495 295 220 427 245  16 156  75 168 128 391 475  86 326 118 122  88 127
  84 238  96 140 227 332 395 405  93 144 403 254 275 466  62  15 129  29
 472 299 414  13 159  80 160   4 258 229 214 479 481 308 248 345  41 197
 232 300 119 277 380  38 113 458 139 278  14 356 431 132 217 215  81 464
 292 226 448  58 374 256 219  64 428 264   2 239   8 126   9 246 306 309
 390 383 477  45 351 360  54 186  43 169 415 202 188 233 108 489  47 307
   7 189 221 176 400 480 323  12 243 329 487  82 206 154  77  44  35 375
 196 115   1 225 136 316 394 267 293 354 397 485 121 249 461 150 210 213
 440  46 410  31  22 285  51 142 255 371  49  19 185  61 384 401  95 409
 301 341 157 422 445 368 265 181 468 100 337 340  50 105  60]
GPU0
set random seed!
finished RVND in 4.72676992416s
data-line;initial_solution;32535446;final_solution;2009913;time;4.72676992416;counts;597;fv;[];cv;[382, 144, 58, 10, 3];imp;16.1874897073
