pydf_home: /home/rodolfo/git/Sucuri
simple_pycuda_home: /home/rodolfo/git/simple-pycuda
wamca2016path: /home/rodolfo/git/wamca2016/
localpath: /home/rodolfo/git/dvnd-df/code/dvnd-df/src/
WAMCAPATH:/home/rodolfo/git/wamca2016/
Using already created file:  wamca2016lib.so
Size: 226 - file name: 03_pr226.tsp
ns:  [<function <lambda> at 0x7f890d4bc0c8>, <function <lambda> at 0x7f890d4bc140>, <function <lambda> at 0x7f890d4bc1b8>, <function <lambda> at 0x7f890d4bc230>, <function <lambda> at 0x7f890d4bc2a8>]
ns:  [<function <lambda> at 0x7f890d4bc1b8>, <function <lambda> at 0x7f890d4bc230>, <function <lambda> at 0x7f890d4bc0c8>, <function <lambda> at 0x7f890d4bc2a8>, <function <lambda> at 0x7f890d4bc140>]
191146542-[213 177 117  88  78 134 199  86 110  33 212 118  48 172  84  23 223  35
  30 107  21 221   1 222  45   8  18 187  57 198 137  64  50 184  36  76
  65  75  12  80 181 185 192  82  74 211 183 138  94 200 157  89  81 109
 136 218 165 129 170 175  49 191 194 168 203 219 114   3 162  52 103 161
  44   4 178 159 206  91  99 101 174  93  79   5 142 156 208 124  27 216
 171  58 166 125 204 102 193  53 173  72 160  17   7 121  67 214 186  59
 123 217 210  70  24  98  26  95   0  68  42 104 132 135  22 196  77  71
 112  31 207  10 182 144  56  46  85 133 126  19 197  11  69 128 108  29
  32 155  47 105 158  41  28 141  54 153 150  87 202 215 163 115  97 127
 122  90  55 176  60 106 143 179 148 195  39  15  51 167 169 188 130 131
 111 147 120 119 100 205  62   6  20  43  92 151  38  40 145 152  61  14
  37 201 224 189 113 140 220   2  25 154 139  96  16  63 180  73  13   9
  66 146 209 164  34 190  83 225 149 116]
GPU0
set random seed!
finished RVND in 2.3457968235s
data-line;initial_solution;191146542;final_solution;7040001;time;2.3457968235;counts;441;fv;[];cv;[339, 70, 29, 2, 1];imp;27.1514935864
