pydf_home: /home/rodolfo/git/Sucuri
simple_pycuda_home: /home/rodolfo/git/simple-pycuda
wamca2016path: /home/rodolfo/git/wamca2016/
localpath: /home/rodolfo/git/dvnd-df/code/dvnd-df/src/
WAMCAPATH:/home/rodolfo/git/wamca2016/
Using already created file:  wamca2016lib.so
Size: 501 - file name: 05_TRP-S500-R1.tsp
ns:  [<function <lambda> at 0x7fb38f7400c8>, <function <lambda> at 0x7fb38f740140>, <function <lambda> at 0x7fb38f7401b8>, <function <lambda> at 0x7fb38f740230>, <function <lambda> at 0x7fb38f7402a8>]
ns:  [<function <lambda> at 0x7fb38f7402a8>, <function <lambda> at 0x7fb38f740140>, <function <lambda> at 0x7fb38f7400c8>, <function <lambda> at 0x7fb38f7401b8>, <function <lambda> at 0x7fb38f740230>]
33184260-[376  58 422 170  85 300  68   5 332  81 197  10 288 488 340 497 399  16
 481 377 297  28 249 380 484 323 320  49  24  74 163  50 221  67 150 154
 360 118 187 385 182 255 330 371 394 215 333 437 315 438 426  73  20 128
 462 413 433 294 347   6 463 492 159 229  97 130 439 181 302 279 428 346
 420 275 454 257 498  27 144 301 268 405  94 354 210  29 393  89 452  93
 366 277 177  79 136 349 236 233 382 192 188 400 424 348 465 493 457  40
 190 129   8 430 165 290  34 225 158 155 367 217 164 418 309 313 283 156
 242  11 213  15 482 186 293 252  76 115 106 298   4 289 161 292 353 152
 108 308 388  41 259 443 201  62 121 109 202 479 408 125 267 206 338 231
  12 407 365 378  82 326 384 207 167 216 468  88 200 262 427 460 351 467
 112 142  23  35 168 178 269 416 228 336 355 362 451 205 445 234 494 227
 375 120 270 149 339 414   9  21 344 160 485 274 101  57 265 472 243 431
 111  33 337 412 258  55 171  46 419  86 140 447 345 185 132 148 450 179
 358  18  72 240 374 390 458 264 480 381 230 143 261 119  17  42 477 328
  60  56  22  43  63 253 359 102 137 350 204 335 406 383 175 411 110 449
 209  39 311 496 364 307 198 429 341  13 398 387 287 107 276 291 444 470
 224 334 203  96  87 134 208 453  83 141 474  70  80 373 191 127 310 316
 392 342 131 495   3 117   1 401 139 304  51 352 459 305 251 284 248 146
  44 238  99  84 105 126 489 471 391 183 314 423 402 490 245 483 491  92
 232 273  53 466 153  95 436 193 410  59 184 319 473 322  26 278  77 372
 386 331 329 194 263 455 440 223 327 281 425  14 214  65 114 303 239 379
 100 464 176 254 368 166  75 325 296 256  19 162 123 222 271  32 116 356
 403 250 133 415 295 174 370 321 396   0  37 357  36 241 266 343 145 456
  54 475 199 317 448 500  71   7  45 169  78 124 226 173  61 286 220 395
 478  98 285 104 235 486 195 421 180 196 409 280 122 135 219 138 417 157
 237 172 151  64 312 363 389  52  30 432 211 282  69 272 476 369 212 189
  48 441 361  91  31 434 324  66 260 435   2 147 306 113 247  38 446 404
 218 299  90 244 469 442 397 246 461 487  25  47 103 318 499]
GPU0
set random seed!
finished RVND in 6.44136404991s
data-line;initial_solution;33184260;final_solution;1976777;time;6.44136404991;counts;731;fv;[];cv;[461, 186, 68, 12, 4];imp;16.7870528643
