pydf_home: /home/rodolfo/git/Sucuri
simple_pycuda_home: /home/rodolfo/git/simple-pycuda
wamca2016path: /home/rodolfo/git/wamca2016/
localpath: /home/rodolfo/git/dvnd-df/code/dvnd-df/src/
WAMCAPATH:/home/rodolfo/git/wamca2016/
Using already created file:  wamca2016lib.so
Size: 318 - file name: 04_lin318.tsp
ns:  [<function <lambda> at 0x7fb35733c0c8>, <function <lambda> at 0x7fb35733c140>, <function <lambda> at 0x7fb35733c1b8>, <function <lambda> at 0x7fb35733c230>, <function <lambda> at 0x7fb35733c2a8>]
ns:  [<function <lambda> at 0x7fb35733c2a8>, <function <lambda> at 0x7fb35733c1b8>, <function <lambda> at 0x7fb35733c0c8>, <function <lambda> at 0x7fb35733c230>, <function <lambda> at 0x7fb35733c140>]
94578464-[148  93 291 248 267 223 191 156 228 126 313 222  33 105 176 286 131 162
 194  90  24 260 237 219 127 246 251 165  52  94  43   3 229  49  74  21
 104 145 187 233 139  61  66  15 242  48  40  47 257 232 188 192 140 244
  91  42 100  26 276 240 287 157 264  75 253  51 204  50  87 151   7  56
 161 306  25 308 205  16  58 317 144 166 210   8  46 193  13 277  62  77
 207  88 117 300 292  53 245  89 209 239 142  83  27 159  44 224 125 190
 299 236  92 164 225 138  71 284 174  14 198 315 130 112 172 109 290 259
  68  80 314   0 122  54 307 171  18 270 230 113 301  28 311 133   1  96
 296 269  64 123  99 108 149 254 234 199 252 309 147 179  57 231  98 128
 182 258 274 169  20 216 110  67 278  70 195 275  59 185 101 119  76  41
 255 106 203 213 235  82 168  81 289 220 167 107 297 201 212 285 279 282
 303 247 281  37 294 243  85 214 280 298  34   5 266 129 208 116 211  97
 160 288  29  63 256 186 183  95  22 263 136 215  31 177 118 305 152  55
  12 143 226  38 295 103  19  86 141 261 124 218  17 134  69 180 221 189
 115 227 238  65 181 206 132 249 272  45  84 163 312 153 175  11 310  60
   2 135   6 268  72  79 154 271 304 265 200  10 102 293 283 217 241 196
  32  78  36 114 178  35 121  23 150   4 197  73 146 202 111   9 184 137
 262 120 158 302 273  30 173 250 155 170 316  39]
GPU0
set random seed!
finished RVND in 2.2925298214s
data-line;initial_solution;94578464;final_solution;6242302;time;2.2925298214;counts;382;fv;[];cv;[239, 95, 37, 9, 2];imp;15.1512156893
