pydf_home: /home/rodolfo/git/Sucuri
simple_pycuda_home: /home/rodolfo/git/simple-pycuda
wamca2016path: /home/rodolfo/git/wamca2016/
localpath: /home/rodolfo/git/dvnd-df/code/dvnd-df/src/
WAMCAPATH:/home/rodolfo/git/wamca2016/
Using already created file:  wamca2016lib.so
Size: 226 - file name: 03_pr226.tsp
ns:  [<function <lambda> at 0x7f03a546a0c8>, <function <lambda> at 0x7f03a546a140>, <function <lambda> at 0x7f03a546a1b8>, <function <lambda> at 0x7f03a546a230>, <function <lambda> at 0x7f03a546a2a8>]
ns:  [<function <lambda> at 0x7f03a546a1b8>, <function <lambda> at 0x7f03a546a2a8>, <function <lambda> at 0x7f03a546a0c8>, <function <lambda> at 0x7f03a546a140>, <function <lambda> at 0x7f03a546a230>]
192434551-[ 12 160 134  59   4 212  64  56  53 144 147 214 154 210  89 107 152 208
   9 129 137 203 149 201  74  21  14 209 202 130  48 118  72 136  97 117
 123 184  73 135  92   6  91 119 215 100  35  28  36  95  52  58  67  85
  75 189  42  98  55  30  80 176   1  16 170  57  62 211 141 103  45 218
 104 125 138  44  61 127  33 108  23  78  31 222 213  70  37  17  15 128
  38  26   7 172  11  24 148   2  20 195  39 102 101 126  19  13 120 174
 116  32 124  41  84 161 175  93 163  76 223 185 169 225  65 196 157 206
 204 179  54 140  69  82 192  87 200 145 114  96 106 162 155 133 178 156
 166  79 158 131 177  29 150 216 153 205  86  47 194 193 217 181 146  25
 180  81 165   3  43 111 221  22   5 207 121  63  66 143  46 159 171 164
  40  90  18  10  68 187 168 109  49  50   0 173 105 110 190 224 115  34
 112  77 122  94 142 183  88  71 197 191 219 188 139  60 132 151  99 198
 220 199 113  51   8 167 186 182  27  83]
GPU0
set random seed!
finished RVND in 3.05563282967s
data-line;initial_solution;192434551;final_solution;7421235;time;3.05563282967;counts;621;fv;[];cv;[496, 83, 38, 2, 2];imp;25.9302597209
