pydf_home: /home/rodolfo/git/Sucuri
simple_pycuda_home: /home/rodolfo/git/simple-pycuda
wamca2016path: /home/rodolfo/git/wamca2016/
localpath: /home/rodolfo/git/dvnd-df/code/dvnd-df/src/
WAMCAPATH:/home/rodolfo/git/wamca2016/
Using already created file:  wamca2016lib.so
Size: 783 - file name: 07_rat784.tsp
ns:  [<function <lambda> at 0x7fb06bf5f0c8>, <function <lambda> at 0x7fb06bf5f140>, <function <lambda> at 0x7fb06bf5f1b8>, <function <lambda> at 0x7fb06bf5f230>, <function <lambda> at 0x7fb06bf5f2a8>]
ns:  [<function <lambda> at 0x7fb06bf5f1b8>, <function <lambda> at 0x7fb06bf5f2a8>, <function <lambda> at 0x7fb06bf5f140>, <function <lambda> at 0x7fb06bf5f0c8>, <function <lambda> at 0x7fb06bf5f230>]
71581912-[ 51 676 122 204 641 587  24  32 632 160 339 310 282 593 284 454 722 384
 461 257 607 606 487 401 164 552 517 591 192 101 150 712 654 723 314 470
  91 739 141 758 531 774 312 177 675 704 363 711 762 692 491 263 500 374
 117 767 458 112 138 194 295 154 429 333 545 426 247 684 724  23  27 489
 608 415 324 322  52 404 781  42  99  63 592 248 618 205  75 742 773 391
  55 581 299 403 525 707 644 740 158 633 221 431 240 509 540 428 406 237
  67 472   8 358 734 344  31 394 311  73 523 102 530 414 757  11 595 763
 385 656 770 583 616 125 370 335 438 329 187 542  77  39 190 647 555 748
 649 395 185 352 586  10 228 482 379 628 209  84 246 378 526 562 463 652
 328 549 668 111 411 535 756 180 354 584 539 725 433 563 631 212 123 502
 206 331 103 476 108 128 663 126 541  64 364 499 690 261 728 468 580 191
 694  34 360 456 262  12 558 168  53 643 145 446 746 594 302 264 277 390
 709 375  45 566 761 506  69 457 451 503 231   0 750 731 193 505 760 696
 381 662 695 334 163 513 702  30 664  62 226 361 420 688 279 516 285 515
 459 135 176 124 629 554 483 291 202 776 565 720 547 449 244 556 768 655
 674 721 172 685  90 366 116 681 286 753 439 290 453 222 679 661 610 269
 356 129 347 543 270 351 714 733 729 215  83 645 697 405   7  21 569   6
 315 441 682 367 589 309 557 259 100 634 220 114 666 338 561 657 736 464
 550  70 266 528 567 393 151 293 267 325 687 283  76 252 175 548 304 258
 350 677 143 159 289 229 272 485 511 498 754 224 256 369 777 630 636 638
  65 764 162 718 131 769 253 612 635 380 597 147 297 182 225 294  97 603
 701  46 250 372 778 460 216 134 716 421 107   4 494 238 301 243 386 604
 348 486 691 497  71 605 735 105  44 198 700 241 560 144 418  14 412 396
 337 492 480 437  43 178 665 255 409  80 585 317 353 435 287 432 510 234
 651 627 434 276 236 579  87 265 455 227 504  82 495 693  66 572  25 576
 239 213 218   5 749 211 342 524 306 775 373 327 423 197 759 155 296 169
 110 142 166 447  22 254 109 639  58 698  19 402 359 219 251 196 501 624
 156 233 490  28 782 719 640 242 771  57 292  59 388 532  79 551 582 298
 673 132 161 424 672 546 475  78 596 149 553 207 678  41   2 738 245 726
 751 617 318 658 332  92  16 392 217  85 533 320 478 620 713 564 232 744
  13 737 689 469 104 308 602 208 621 321 755 648 330 611 765  48 613 417
  37 152 195 444 538 140 619 512 465  56 430 559  61 766 496 305 625 167
 203 706 659 637  17 249 575 529 171  36   1 397 153 570 120 522 336 186
  74 173 119 537 410 544 200 473 626 574 223 400 313 201 377 779 127 130
 577 133  33 521 743 653 355 181 376 601  68 106 488 280 387 466 260 479
 303 170 210 274  98 527 708  81  54 780 136  50  15 184  18 669 174 519
 484 146 452 368 230 671 703 732 536 615 670 268 474  49 427 514 271 642
 752   3 442 745  95 520 183 650 448  35 578  40 443 341  89 741 346 357
 710 622 121  26 467 508 471 275 407 235 422 772 573 598 462 389 477 273
  60 362 118  38 137 450 179  47 705 300 115 683 139 398 425 113  20 614
 323 365 157 199  93 278  94 165 518 747 646 571 307 667 507 699 326 345
  88 534 715   9 445 609 319 371 399 588 730 680 189 316 288  29 281 349
 660 493 419 600 436 416 686 188 599 717 214 568 408 727 383 590 148  96
 623 440 413 340  72 343 382  86 481]
GPU0
set random seed!
finished RVND in 12.4149999619s
data-line;initial_solution;71581912;final_solution;3475001;time;12.4149999619;counts;976;fv;[];cv;[585, 261, 111, 17, 2];imp;20.5991054391
