pydf_home: /home/rodolfo/git/Sucuri
simple_pycuda_home: /home/rodolfo/git/simple-pycuda
wamca2016path: /home/rodolfo/git/wamca2016/
localpath: /home/rodolfo/git/dvnd-df/code/dvnd-df/src/
WAMCAPATH:/home/rodolfo/git/wamca2016/
Using already created file:  wamca2016lib.so
Size: 657 - file name: 06_d657.tsp
ns:  [<function <lambda> at 0x7f115c9e20c8>, <function <lambda> at 0x7f115c9e2140>, <function <lambda> at 0x7f115c9e21b8>, <function <lambda> at 0x7f115c9e2230>, <function <lambda> at 0x7f115c9e22a8>]
ns:  [<function <lambda> at 0x7f115c9e20c8>, <function <lambda> at 0x7f115c9e2140>, <function <lambda> at 0x7f115c9e22a8>, <function <lambda> at 0x7f115c9e2230>, <function <lambda> at 0x7f115c9e21b8>]
275290267-[367 285 344 372 172 650  70 385 313  40 112 283 543 319 502 355 620 126
 410 590 500 161 528 120 269 351 192  67 199 299  28 420  11  32 517 225
 453 480 288 457 626 323  43 449 426  41  19  81 103 281 413 105 394 396
 173 377  18 390 330 602 654 509  96 273 255 498 465 608 649 536 362 353
 133 162 501 468 539 157 564 301 169 366 191 478 117 508 558  16 130  88
  64 506 565 549 352 287 359 211  47 188 280 290 257 180 154 186  65 163
 196 284 104   3 402  83 629 279 219 535 450 461 379 531 527 249 491 554
 325 485  76 364 134 541 648  54 261 579 553 327 475 340 551 622 240 368
 634 436 409 534 296 309 250 617 332  77 264 324  60 651 111 604 432 171
  85 601 329 603 476 434 398 540 645 343 416 427 462 640  37 335 247 331
 423 244 414 158 298 365 445 338 311 326 153 546 389 315 504 294 128 123
  58 234  15 632 518 239 270  89 530 210 242 560   0 595 238   2 334  72
 559  12 108 361 236  35 121 251  94 318 222 523 469 217  36 401 350 307
 503 516 600 184 232 177 185  84 182 570 293  20 276 146 624 114 391 243
 397  56 190  99  73 408 231 383 282 286 587 110 267 493 463 441 642 477
 424 404 160 142 345 393 109 563 253 524 150 619 597  49 467 107 215  68
  30  59 471  95 387 522 431 515 237 349  55  66 566 356 653 306 271 454
 495 470 203 403 155 178 466 637 586 621 472 400 106 227 633 354 228 266
 452  22 316 483 135  23 460 174 198 592  97 507 627 521 147 628 115 101
 435   9 194 212  61 176 636 532 499 406 380 381 252 655  75 175 494 152
   5 418  26 348 218 339 613 464 547 164 585 220 392 561 437  50 610  82
 358 567 542 572 144 260 317 442 295  48 145 187 609 537   7 204 605 433
 599 514 165 407 195 422 574 520 616 292 615 207 438 417  51 656  69 490
 124 630  79 646 336 369 202 631 100 411 550 156 455 388 376 141 512  57
 166 116  46 444 623 119 291 488 167 581  21 214  25 143 525 584 606 137
  74 302 139 224  29 510 233  93 206 548 439 598 129 425 635 538 216  13
  17 459 440 582 131 297  33  62 275 593 245  71 419 375  14  44 486 583
 370 412 278 641 360 481 421 122 258 183 268 170 342 611 168 557 149 241
 511 246 374 386 612 568 473 181 429 484 505 151 229  80 513 562 102 482
 262 118 576 474 321 138 127 571 519 213 201 428 193 136 230 552 303 384
 618 596 526 132 140 594 405 337 333  52 259 399 614 308 373 569 223 265
   1 430 643 378 235 256 639 272 322 556 209  86 113 415  34 254 208 248
   6 274 578 638 647 328 573  87 305 644 591 159  24 607  10 446 312  63
 363   8   4 577 197 588 544 263 341 575 496 221 625  53  38 347 179 300
 310 205 580 346 529  45 314  39 357 289 545  98 489 395 479 555 652 200
 447 320 589 451 226  78  92  31 189  42 533 148  90  91 371 487 458 304
 277 443 497 125 456  27 492 448 382]
GPU0
set random seed!
finished RVND in 7.50325798988s
data-line;initial_solution;275290267;final_solution;14345590;time;7.50325798988;counts;748;fv;[];cv;[433, 203, 102, 7, 3];imp;19.189888112
