pydf_home: /home/rodolfo/git/Sucuri
simple_pycuda_home: /home/rodolfo/git/simple-pycuda
wamca2016path: /home/rodolfo/git/wamca2016/
localpath: /home/rodolfo/git/dvnd-df/code/dvnd-df/src/
WAMCAPATH:/home/rodolfo/git/wamca2016/
Using already created file:  wamca2016lib.so
Size: 318 - file name: 04_lin318.tsp
ns:  [<function <lambda> at 0x7f18bdaca0c8>, <function <lambda> at 0x7f18bdaca140>, <function <lambda> at 0x7f18bdaca1b8>, <function <lambda> at 0x7f18bdaca230>, <function <lambda> at 0x7f18bdaca2a8>]
ns:  [<function <lambda> at 0x7f18bdaca1b8>, <function <lambda> at 0x7f18bdaca0c8>, <function <lambda> at 0x7f18bdaca230>, <function <lambda> at 0x7f18bdaca140>, <function <lambda> at 0x7f18bdaca2a8>]
91591661-[147  24  66  57  30   0  95 218 261 172 314 156 143 317 307 175 192 212
  82 158  12 144 152 281 223  77 115  26  10 242 274 154 206 229 166 270
 220 253 103 177 275   7 289 149 190 260 283  14 128  31 286 193 271 213
  70 145 167 224 228 219   5  84 297 187  38 311 262 221 250  25 310 264
 209 235 252 100  86 305 196  90 113 236 104  33  11   2 183  50  98 165
 106  55  46  53   4 278 189  97 140 256  36 258 111 216 184 280  17 293
   6 201  94  88 114 129 269 148 272 109 108 308 116 249 291  83 162 316
 157  63 134 178 174  60 159 101 180  69 222 303 168 155 125 225  52 304
 227 204  91 160  13  51 130 124 188 302 191  64 285 146 295 268 102  61
 195 107 263 197  65 110  93 294  42 185  59 163  81 136 254 132  48 205
 131 105  37  21 202 126 182 211 276  80 176 238 255  54 245 133  45 203
 208 287  76  68 138 123 246 292 243 207  47 112  43  23 120 181 135 277
 122 265 194 233 239 232  79  16  34 199  20 247  18 273  49 301 313  75
 257  28 251 214  72 300  78 200 266  99 173  87  29  85 215   8 171 161
  58  15 237 279 248 267  35  89  96 139 150  32 153  73  19 210  39 240
  40 315  27 234 309 118 217  22 137 296 164 288 290 119 169  67 170  62
  74 298 306 282 141  44 259 151  56 244 121   3   1 179 127 312 198 241
 186  71 284 117  92 226   9 230 231  41 142 299]
GPU0
set random seed!
finished RVND in 3.03090000153s
data-line;initial_solution;91591661;final_solution;6031149;time;3.03090000153;counts;528;fv;[];cv;[309, 137, 67, 13, 2];imp;15.1864364485
