pydf_home: /home/rodolfo/git/Sucuri
simple_pycuda_home: /home/rodolfo/git/simple-pycuda
wamca2016path: /home/rodolfo/git/wamca2016/
localpath: /home/rodolfo/git/dvnd-df/code/dvnd-df/src/
WAMCAPATH:/home/rodolfo/git/wamca2016/
Using already created file:  wamca2016lib.so
Size: 783 - file name: 07_rat784.tsp
ns:  [<function <lambda> at 0x7f510737e0c8>, <function <lambda> at 0x7f510737e140>, <function <lambda> at 0x7f510737e1b8>, <function <lambda> at 0x7f510737e230>, <function <lambda> at 0x7f510737e2a8>]
ns:  [<function <lambda> at 0x7f510737e2a8>, <function <lambda> at 0x7f510737e230>, <function <lambda> at 0x7f510737e0c8>, <function <lambda> at 0x7f510737e1b8>, <function <lambda> at 0x7f510737e140>]
69756830-[767 681 416 142  97 666 522 365 345 497 563 455 153 174 578  62   8 781
 586 779 165 192 604 390 524 464 753 555 271 719 723 481 494 690 119 521
 259 143  32 336 283 479 646 595 151 281 120 716 157 326 376  65 227 212
  47 488 520 314 238 582  15 671 361 254 543 780 496 445 705 303 147 535
 245 742 423 412 602 575 527 508  20 565 596 155  53 633  36 660 405 196
 713 649 272 334 139 676 525 269 537 574 718 761 683 438 270 351 257  19
 419 469 703 758 201 462 576 236  39 441 775 146 572 756 440 224 619 584
 264 347 571 721 662 699 371 449 367 656  54 185 396  12 647   7 267 562
 701 711 682 182 612  34 426 667 218 148 295 729 453 569 316 545 432 782
 529 244 379  80 128 610 197 162 616  77  29 307  66 344 275 472 150 708
 177 468 215 156 204 171 288 369  90 219 427 548 668 657 321 114 484 285
 164 748 700 451 102 635 625 374 273   9 448 485 695 675 655  14 599 489
 679 516 253  61 255 252  30 287 362 290 746 500 425 463 442 594 364 694
 430 674  25 763 363  68 622 561 154 417 732 261 519 549 400 777 385 368
 113 110 159 117 480  35 722  51  70 608 439 567 299 422 702 329 628  44
 392 222 294 605 601 774  26 220 436  59 547 297  94  95 509 137 211   2
 689 121 456 239 470 734 167 513 546 258 685 600 626  18 607  27 133 692
 312  88 216  52 736 452 677 349 386 124  23  85 540 408 506 745 395 609
 123 318   0 591 499 750 678 136 265 515 658 388 688 168 754 199 327 184
 383 588 471 202 661 518 638 504 342 644 122 384 228 407 193 296 433 231
  81 358 512 715  17 641 473 309 665 611 149  91 410 726 353 109 731 639
 686  76   5 553 728 389  78 568 536 214 490 707 466 225 645 346  43  38
 474 714 684 237 260 375 163 247 284  84 308 200 443 116  21 654 454  98
 431 589 559 523 229 111 737 378 279 505 160 765  24 355 335 176  89 266
 357 213 651 251 760 338 180 531 129 483 486 187 747 380 104 460 558 560
 478 717 292 126 650 401  92 101 706   6 359 770 381 739 304 487 573  16
  57 669  60  37 530  45 330  93  58 246 526 501 544 632 749 444  86 735
 397 772 382 140 631 324 606 406 141 557 503 206 103 593 394 360 328 145
 769 319 411 743 393 194 550 106 630 339 398   1 302 166  46 377 217 188
 771 652 205  63 585 556 305 727 459 751 541  99 370 725 291 740 172 528
 181   4   3  31 127 773 570 613 286 421  41 712 306 615 435 130 517 495
 664  50 125 282 209 592 477 108 757 350 744 186 373 420 277 465 491 173
 348 733 458 293 268 280  40  75  64 402 189 698 248 340  56 696  83 637
 352 447 533 235 693 356 132 191 413 730 105 672 498 135 152 232 243 263
 341  67 190 759 551 429 778 234 534 552 170 198 313 323  11 203 741 564
 710 697  82 289 670 210 492 476  79 315  13 720 175 322 514 538 648 276
 161 642 687 653 461 418 301 617 241  22 673 752 221 414 144 233 337 240
 118 704 776 539 274  48 566  49 457 223 446 434 415 627 207 343 354 372
 482 115 320 579 621 249 755 404 510 450 467 298 659 640 403 399 598  96
 581 208 325 250 597 680 178 691 542 502 333 226 738 230 583 587  42 242
 636  33  87 629 590 663  28 107 620 331 634 112 310 169 511 391 138 311
 424 507  74 724 317 100 179  55 332 580 134 437 183 766 475 532 278 493
 709  69 262 366 131  71 158 762 195 623 428 764  10 300 614 643 577 768
 618 624 256  73  72 554 387 603 409]
GPU0
set random seed!
finished RVND in 12.1083080769s
data-line;initial_solution;69756830;final_solution;3444135;time;12.1083080769;counts;967;fv;[];cv;[553, 269, 127, 14, 4];imp;20.2538024787
