pydf_home: /home/rodolfo/git/Sucuri
simple_pycuda_home: /home/rodolfo/git/simple-pycuda
wamca2016path: /home/rodolfo/git/wamca2016/
localpath: /home/rodolfo/git/dvnd-df/code/dvnd-df/src/
WAMCAPATH:/home/rodolfo/git/wamca2016/
Using already created file:  wamca2016lib.so
Size: 783 - file name: 07_rat784.tsp
ns:  [<function <lambda> at 0x7f111e76e0c8>, <function <lambda> at 0x7f111e76e140>, <function <lambda> at 0x7f111e76e1b8>, <function <lambda> at 0x7f111e76e230>, <function <lambda> at 0x7f111e76e2a8>]
ns:  [<function <lambda> at 0x7f111e76e0c8>, <function <lambda> at 0x7f111e76e1b8>, <function <lambda> at 0x7f111e76e230>, <function <lambda> at 0x7f111e76e140>, <function <lambda> at 0x7f111e76e2a8>]
69151597-[144  75 343  70 676 747 162 460 440 484  42 578  83 126 606 177 708  26
 205  48 714 369 634 330 573 713 770 458 364 102  58 548 581 439 253 404
 670 119 472 482 616  68 260 130 292 663 243 718 655 678 182 721  49 431
 436 668 238 520 114 428 605 246 709 284 505 736  72 503 543  51  81 384
 658 701 403 272 239 141 518 399 727 415 657 110 619 372 595 206   3 560
 476 782 451 594 256 559 254 432  52 183 597 356 630 249 511 526 538 761
 442 236 218 215 133 293 684  21 263 487  64 204 376  53  91 124 750 207
 737 671 764 565 744 688 245 705  14 413 596 692 353 213 450 140  77 417
  12 310 489 516  38 717 735 492  87 247 741 306 549 370 635 184 153 127
 691 388 167 710 362 652 674 661   7 270 683 280 368 191 234 374 226  25
  96 553 706 493 111 723  88 418  34 467 732 323 642 446 125 414 320  84
 409 329 251 303 613 360 646 667 341 433 480 496 694 419 312  19 286 556
 696 775 719 322 437 268 113 158 180 199 278 512 379  86 774  13  24 758
 395 300 361 485 327 328 470 514 776 257 381 155 452 471 757 483 426 164
 345 321  73  92  93 107   6 318 742 209 324  39 756 157 166 698 540 117
  85  35 210 680  15 258 338 731 748 610 148 614 231 355 459 575 517 475
 762 198 445 383 349 277 781 331 546 159 168 697 402 638 494 106 121  50
  33  65  60 636 601 221 412 571 454  76 763  69 212 137 603 295 628 281
 625 490 305 393 325 123 562 712 730 103 599 644 777 112 350 633 259 491
 734 602 715 358 222 363 382 235   8 202  22 171 241 591 499 626 344 438
 271 285 570 267 609 536  46 173 666   9 618 176 629 462  10 465 317 232
 733 169 515 224 375 466 115 261 434  47 313 766 211 416 135 699 738 351
 608 579 643 425 529 134 156 354 567 589 677 132  45 660 447 195 392 557
 615 170 400 509 390 577   4 189 592 716 665 172 622 704 386 429 307 192
 188 227 371 617 600 711 435 768 408 289 780 174 288 574 612 647 583 264
  23 530 506 648 105 396 495 620 507 394  82 279 138 316 537 406 219  20
 700  61   1 217 441 276 101 469 641 266 673 773 527 220  55 690 151 481
 707 347 500 621 389  44 679 405 298 143  37 749  11 448 420 398  97 228
 229 342 779 580 510 430 525 283 501 457 542 367 296 373 498 528 186 539
 244  17 181  31 291 720 681 765 669 240  90 752   2  16 397 659 337 772
 203 637 308 463 590 299  30 461 604 551 533 769 108 334 179 478 185   0
 297 664 555 302 407 598 326 453 726 122 572 685 686 287 380  41 128 693
  40 479 421 651 139 754 513 194 262 427 193 223   5 208 502  74 150 751
 535 339 607 586 319 314 147 377  98 366 216  43 687 160 523 275 682 746
 449 531 290 214 129 743 473 534  99 703 576 740 585 552 632 346 230 654
 550 301 269 702 508 201 333 142 109  67 444 136  62 365  89 521 468 200
  18 524 352 584 587 561 759 422 545 332  54 340 653  71 745 378  80 309
 335 154 197 488 411 675  66 722 474  95  63 104 190 265 631 456 477 497
 568 771 336 547 149 282 250  29 753 146 401 593 627 569 273  27 566 187
 237 165 315 767 755 541  78 639 274 582 423  56  59 464 649 486 778  79
 739 248 558 359  36 695 564 504 242 588 391 729 519 161 178 455 672 152
 522 225 145 233 554  94 387 175 640  32 563 650 196 724 424 611 623 252
 348 725 624 100 443 116 357 163 645 255 304 120 689 656 294  57 131 385
 760 311 728 118 532 544  28 662 410]
GPU0
set random seed!
finished RVND in 11.4433760643s
data-line;initial_solution;69151597;final_solution;3410964;time;11.4433760643;counts;906;fv;[];cv;[562, 223, 100, 15, 6];imp;20.2733294752
