pydf_home: /home/rodolfo/git/Sucuri
simple_pycuda_home: /home/rodolfo/git/simple-pycuda
wamca2016path: /home/rodolfo/git/wamca2016/
localpath: /home/rodolfo/git/dvnd-df/code/dvnd-df/src/
WAMCAPATH:/home/rodolfo/git/wamca2016/
Using already created file:  wamca2016lib.so
Size: 657 - file name: 06_d657.tsp
ns:  [<function <lambda> at 0x7fa8b5fe90c8>, <function <lambda> at 0x7fa8b5fe9140>, <function <lambda> at 0x7fa8b5fe91b8>, <function <lambda> at 0x7fa8b5fe9230>, <function <lambda> at 0x7fa8b5fe92a8>]
ns:  [<function <lambda> at 0x7fa8b5fe9230>, <function <lambda> at 0x7fa8b5fe90c8>, <function <lambda> at 0x7fa8b5fe9140>, <function <lambda> at 0x7fa8b5fe92a8>, <function <lambda> at 0x7fa8b5fe91b8>]
275035943-[647  72  91  76 512  28  43 230 622 519 482 623 609 343  38  17 200 638
 366 215 504 250 255 201  86 441 353 339 585  34 199 247 321 433 531 614
 214 149 528  41 468 641 243 102 227 281  71   7 530 320 415 173 458 207
 465 402 605  45  52 583 558 160 445  67 377 206 312  89 553 334 124  12
 420 416 318 499 202 246 581 265 444 118 523 545  26 494 509 152 268 462
   6 619  33  66 628 540 218 116 326 308 464  36 529 436  11   5 639 307
 237 485 610  32 248 342 189 348 651  75 649 643 481  65 518 563 600 305
 117 291  23 568 238 515 213 223 193 220  77 283 270  57 438 437  19 627
 303 502 413 204 293 126 169  83 328 208 480 184 297   0 616  44 360 463
 164 495  27 457  88 350 280 597 351 150 443 176 381 383 501 345 655 316
 575 422 474 542 620  97 273 617 507 595 287  42 254 525 359 654  50 635
 361 401 289 294  56 400 392 526 459 259 317 185 195 395 151 522 584 446
 241 157 626 589  58 158 621 274 435  84  49 598 473 591 369  94  61  15
 421 311 396 569 411 634 652  80 264 579 533 486 576  55 406 410 388 364
 500 541 534 336 174 536 505 261 456 111 471 225 266 618 487 239 439 128
 141 104 506 368 432  82 472  53 272 186 452 242 513 588 429 601  62 630
 405 170 284 535  81 165 168 229 277 565 131 538  13 301 642 340 645 454
 306 587 384 371 100 631 357 488 451 580 403  25 492 493 113 299  22 295
  39 615 548 159 144 656 640 397 167 646 511 338 491 172 460 582 290 140
 577  99 594 373 232 407 391  95 341 300 461  46 234 108 275  10 224 414
 110 434 586 376 325  98 427  87 393 370  54  40 613 109 394 633 148  74
 372 121  18 554 604 192 231 453 137 455  21  96 352 198 253 490 356 319
 154 431 323 222 217 263 572 330 650 555 412 314 428 637 211 387 190 133
 539 143 510 570 105 335 532 298  79 547  73 203  90 129 267 347 629 332
 156 122  69 179 337 592 408 543 282 119 135 375 244 606 132   8 180   3
  51  14 552 365 355 252 380 602 260  92  64  78 346 385 425 226 145 537
 521 279 398  35 653 210 517 212 478 178 562 608 304  29 115 262 257 557
 216  59 644 197 322 166  93 524 632 636 489  47 188 409  31 477 233  20
 107 573 603 269 556 527 181 182 251 378  48 503 440 367 324 571 354 417
 624 333 219 362 177 258 516 139 418 379  60 221 426 358   1 475 560 484
  70 286 296 596 205 147 497 483 508 120 607 171 112 138 466 479 344 127
 103 476 561 196 442 390   2 467 625 374 313 578 271 146 288 564  30 514
 191 612 310 315 134 228 498 450 470 551 123 327 496 590 424 309   4 136
 209 235  16 161 331 389 249 404 423 386 567 130 175 382 142 469 187 194
 520 292 285 236 153  68 566 302 399 550 430 593 240 611 549 349 544 447
  37 256  85 163 546 559 101 125 278 648 114 245 276 162 419 106 329   9
  24 155 599 574 363 448 449  63 183]
GPU0
set random seed!
finished RVND in 8.30398917198s
data-line;initial_solution;275035943;final_solution;14694438;time;8.30398917198;counts;822;fv;[];cv;[509, 207, 95, 9, 2];imp;18.7170100007
