pydf_home: /home/rodolfo/git/Sucuri
simple_pycuda_home: /home/rodolfo/git/simple-pycuda
wamca2016path: /home/rodolfo/git/wamca2016/
localpath: /home/rodolfo/git/dvnd-df/code/dvnd-df/src/
WAMCAPATH:/home/rodolfo/git/wamca2016/
Using already created file:  wamca2016lib.so
Size: 226 - file name: 03_pr226.tsp
ns:  [<function <lambda> at 0x7f359859c0c8>, <function <lambda> at 0x7f359859c140>, <function <lambda> at 0x7f359859c1b8>, <function <lambda> at 0x7f359859c230>, <function <lambda> at 0x7f359859c2a8>]
ns:  [<function <lambda> at 0x7f359859c2a8>, <function <lambda> at 0x7f359859c1b8>, <function <lambda> at 0x7f359859c0c8>, <function <lambda> at 0x7f359859c230>, <function <lambda> at 0x7f359859c140>]
179712022-[186  13  14 225  67  21  95  36  35  79 117  56 210 139  33 152 135 130
 138 111 128  45  32  54 133  73 145   2 112 134  47 124 108   1 183 127
 150   4  80  16   0 217 181 162 141 187 165 131  41 109 132 167 189 196
   8   5  25  39 216  84  24   7  74  57 103 163  15  18 125  83 169  82
  63 214  31 211  48  87  38  94  20  42  71  62  58 199  51 151  97 222
 166 193 115 206 156 116 129  53 218 224 201 191 119 174 146 114 104  12
  44 142 168 209 170  88  46 215 137  89   6  72 223 198  40  52   3 219
 154 188 200  99 220 106 202  55 153 212  85 190  17 180  96 120 100  70
 175  60 204 123 208 213 147  23 164  28 177 179  66 172  43  59 173 185
 121 207  65 122  75 203 144  26 160 149 205 101  19  30 118 171 197 143
  86  27 102  68   9  69 107 113  92  77  29  49 105  64  61 178 126  11
 155  37  90 192 159  98  78 158  22  81 195 110 176 148  93  76  91 140
 161  50 182 221 194  10 157 136  34 184]
GPU0
set random seed!
finished RVND in 4.26830410957s
data-line;initial_solution;179712022;final_solution;6939857;time;4.26830410957;counts;892;fv;[];cv;[790, 72, 25, 3, 2];imp;25.895637619
