pydf_home: /home/rodolfo/git/Sucuri
simple_pycuda_home: /home/rodolfo/git/simple-pycuda
wamca2016path: /home/rodolfo/git/wamca2016/
localpath: /home/rodolfo/git/dvnd-df/code/dvnd-df/src/
WAMCAPATH:/home/rodolfo/git/wamca2016/
Using already created file:  wamca2016lib.so
Size: 318 - file name: 04_lin318.tsp
ns:  [<function <lambda> at 0x7f7659e3a0c8>, <function <lambda> at 0x7f7659e3a140>, <function <lambda> at 0x7f7659e3a1b8>, <function <lambda> at 0x7f7659e3a230>, <function <lambda> at 0x7f7659e3a2a8>]
ns:  [<function <lambda> at 0x7f7659e3a140>, <function <lambda> at 0x7f7659e3a230>, <function <lambda> at 0x7f7659e3a0c8>, <function <lambda> at 0x7f7659e3a1b8>, <function <lambda> at 0x7f7659e3a2a8>]
94323375-[285 251 156 124 128  52 276 238  44  58 240 140 307 100   0  43 192 273
  78  87  82 302 239 228 115  99 153 134  15  59  66 274  24  90 259  96
  40 261 116 290 272 106 133 213 135  62 271  88 209 280 250 225 235  67
 139 165  73 281 248 130 197 311  84  93 107 180 268 173  26  98 160 196
   7 243  81 303  33 198  21  85   5 256 202 255 149 145 194 208  30  16
 193  70 118   8 191 224 310 126   2 267  80 178 123 215 168 205  48   1
 246  11  79 184 279 136 282  36 157 264 179 176 206  17 293  55 263 258
 203 167 295 154 121 201 315  10 312 117 222 308 270 109 183 249 220 122
  53 216  31 316  64  86 218  94  54 186 242  56 286  69  68  57 187 226
 244 159 104 298 233 129 306 148 111 313 112  18 237 221 241 262  83  91
 146 278 132 211 127 214 169 151 277 257 175 299 101 172  71 166 292  42
  89  61 265 200  76  27  46 305   6   4 147  32 164  13  14 269  45  77
 234 182  72 317 152 227  65 138 219 181 245 171 236 199 137 254  75 103
 113  39  41 174 266  28 296 204 301  60 230 275 189 195  20 105  12  47
 284  34  50 304 297 252  37 110 102 190  25 294   3 300 143 207 283 144
  95 212  49  74 141 260 287 223 314 155 253 158 170  38 188 232 291 231
  35 217 210 125 185   9 163  51 108  22 309 120  97 161 247 177  63  23
 114 229  92 142 119 131  19 288 150 289  29 162]
GPU0
set random seed!
finished RVND in 2.61660790443s
data-line;initial_solution;94323375;final_solution;6206549;time;2.61660790443;counts;386;fv;[];cv;[247, 93, 33, 8, 5];imp;15.1973947197
