pydf_home: /home/rodolfo/git/Sucuri
simple_pycuda_home: /home/rodolfo/git/simple-pycuda
wamca2016path: /home/rodolfo/git/wamca2016/
localpath: /home/rodolfo/git/dvnd-df/code/dvnd-df/src/
WAMCAPATH:/home/rodolfo/git/wamca2016/
Using already created file:  wamca2016lib.so
Size: 783 - file name: 07_rat784.tsp
ns:  [<function <lambda> at 0x7fb2312f10c8>, <function <lambda> at 0x7fb2312f1140>, <function <lambda> at 0x7fb2312f11b8>, <function <lambda> at 0x7fb2312f1230>, <function <lambda> at 0x7fb2312f12a8>]
ns:  [<function <lambda> at 0x7fb2312f10c8>, <function <lambda> at 0x7fb2312f11b8>, <function <lambda> at 0x7fb2312f1140>, <function <lambda> at 0x7fb2312f12a8>, <function <lambda> at 0x7fb2312f1230>]
73280196-[695 585  31 206 374 160 292  50 375 411  54   2 747 395  75 451 611 539
 762 558 240 186 357 164 344 523 662 780 584 615 761 385 194  78 593 107
 588  73 687 228 536 170 766 311  40 134 702 314  26 609 195 138 315 117
 211 765 139 486 386 328 406 387 297 352 402 665 302 490 679 697 529 703
 276 625 652 174 674 452  55 748  44 495 400 141 594   7 370 193 317 565
 243 416 466 711 128 634  57 113 203 407 144 562 649 579 372 178 688 470
  61 481 100 746 278 496 716 412 633 492 363 159 246 428 405 738  70 535
 719  12 616 663  83 514 777 162 335 435 476 727 172 693 343  84 484 541
 379 635 714 504  81 654 377 309 337  18 768 355 673  49 459 112 293 399
 223 730  51 667 524 423 754 181 109 694 774 723 691 209  62 119  32 779
 543 656   6  67   1 552 450 306 534 592  19 415 617 613 348 230 582 163
 548 661 288 254 196 686 207 173 755 494 554 321 689 291 136 506 168 273
 247 493 187 127 601 721 578  16 717  47 248 404 574 383  37 142 457 728
   5 683 158 432 664 250 310 528 397 666  41 333 245 684  66 409 726  23
  22 217 369 285  45 359 658 205 518 342 272 121 340 471 705 618 426 123
 603 545 519 255 771 166 275 468 298 473 320 130 382  87 414 480  99 189
 237 303 628 378 235 488 102 296 563 301 632 347 681 758  76 253 550 522
 720 210 575  60 629 114 447 507 756 307 271 132 256 354  15 445 560 489
 198 191 214 358 576 699 368 208 424 655  21 143 752  39 724 456 440 571
 169 644 516 129 653 692 149 735 636 244 544 392 557 750 232 380 740 709
 605 420 763 505  25 231 478 570 364 401 526 610 257 706 197 485 269  30
  98 696  88 371 441 455 366 749  91 384 708 449 599 627  74 776 614 474
 620 559 458 239 165 778 646 233 312 512 469 334 258 527 184 421 732 443
 213  89 659 104 517 638 393 268  97  82 769 678 642 751 547 607 362  96
 520 304 733  56 437 351 701 322 690 182 722 513 462 498 190 660 346 365
 249 313 124 619  95 376 454 600 373 148 531  71 332 120 623  77 773 444
  93 710 698 430 741 323 564 675 300 175 568 759  20 417 608 553 525 461
 105 502 433 126 338 103 569 510 389 647 586 511 532 115 446 396 150 367
  85 324 280 596 327 185  46  65 202 177  69 718 264 477 154 345 509 325
 472 171 622 131 595 704 356 581 736 349 770  68 680  53 491 670 482 668
 259 391 262  43 757 361 219 580 427 742 267 648 167 743 331 464  92 422
 497  35 744 530 153 204 242 549 606 566 577 145 479 731 381 308 467 350
 388  58 745 152 224 403 657 192 626 672 265  33 279 453  86 538 289 475
 161 555  11 612 772 640 111 218 122 573 410 434 229 500  36   8  64 503
 567 542 781 261  13  17 737 639 767 108 227 118 266 390 533 222 179 438
 413 147 236 501 707 448   9 316 183 101 135 537 621 682 521 775 734 106
 220  27  59  34 199 602 394 419 133 597  79 241 146 729  72  10 760  94
 508 251 270 515 284 551 589 319  29 216 643 700 234 326 252 360  80 176
 180 408 561 398 286 637   3 290 274 487 295 330 546 283  48 201 157 442
 212 671 677 225 572 429 753 782  28  14 137 712 713 483 318 226 418 764
 339 116 556 631 238 715 200 590 499 341   0  90 436 650 540 336 151 188
 651 140 669 739 329 583  24  63 676  42 282 604 685  52 460 439 263 725
 281 221 155 624 645 215 110 353 305 156  38 431 463 425 641 465 587 125
 294 260 277 598 299   4 591 630 287]
GPU0
set random seed!
finished RVND in 10.6827509403s
data-line;initial_solution;73280196;final_solution;3441632;time;10.6827509403;counts;856;fv;[];cv;[500, 225, 113, 13, 5];imp;21.2922811038
