pydf_home: /home/rodolfo/git/Sucuri
simple_pycuda_home: /home/rodolfo/git/simple-pycuda
wamca2016path: /home/rodolfo/git/wamca2016/
localpath: /home/rodolfo/git/dvnd-df/code/dvnd-df/src/
WAMCAPATH:/home/rodolfo/git/wamca2016/
Using already created file:  wamca2016lib.so
Size: 318 - file name: 04_lin318.tsp
ns:  [<function <lambda> at 0x7fb6b0db50c8>, <function <lambda> at 0x7fb6b0db5140>, <function <lambda> at 0x7fb6b0db51b8>, <function <lambda> at 0x7fb6b0db5230>, <function <lambda> at 0x7fb6b0db52a8>]
ns:  [<function <lambda> at 0x7fb6b0db50c8>, <function <lambda> at 0x7fb6b0db5140>, <function <lambda> at 0x7fb6b0db51b8>, <function <lambda> at 0x7fb6b0db5230>, <function <lambda> at 0x7fb6b0db52a8>]
93975382-[175 276  46   2 138 191 223 143 113  94  24 308 228 257  78 119 225 253
 132 316 299  89 102 246  36 306 162 159 101  83 156 232  71  67 282  54
 144 231  51 311 305 281 247 317  11  18 265 315 118 275 195  81 215 298
 303 203 208  56 145  25 292 314 266 160 204  57 108 131 251 161 207 137
 252 178 277 163 188  37 182 105   0 120 309 229 310 214  82 169 237 248
 245 115 197 158  97 187  28 284 249 130 116 268 285  49  48 213 152  52
  14 181 109  23  80  70  65 227 141  22  69 250 177 283 103 210 180  91
 222 107 234 216 278 224  86  45 287 220 206 288   9  21  26 164 100 279
  77 173  39 212  58 312 121  66 193 196 142 304   4 270 243 201  43 176
 221 168 273 194  75 218 133  98 111  85 167 123  61 104 269 139  63  34
  16 272 185  42 280 117 165 230 128   3 154 263  92  76 202 110 112 147
 255 146 259 261 127 295 238  38 122 140 260 291 199 264  50 233 286 254
  84  59 256 226 290 307  79  44  99 149 126  12  88 262 124  95 192  15
 151 302 239  31  33   8  30  55 184 155 205 172 236  90   7 190 148 235
  53 301 179 297 171  72   1 135 300  29 157  96 170 209  74 271 241 174
  60  40  47 198 219 114  41 244 106  73 136 153 294  64 258  10 313   6
   5  35  20 166 296  68  93  87 134  13  32 125 186 289 200 189  17 183
 129 267 211 150 242 293 274 240 217  27  19  62]
GPU0
set random seed!
finished RVND in 3.21114397049s
data-line;initial_solution;93975382;final_solution;5902353;time;3.21114397049;counts;535;fv;[];cv;[293, 155, 74, 11, 2];imp;15.9216810652
