pydf_home: /home/rodolfo/git/Sucuri
simple_pycuda_home: /home/rodolfo/git/simple-pycuda
wamca2016path: /home/rodolfo/git/wamca2016/
localpath: /home/rodolfo/git/dvnd-df/code/dvnd-df/src/
WAMCAPATH:/home/rodolfo/git/wamca2016/
Using already created file:  wamca2016lib.so
Size: 783 - file name: 07_rat784.tsp
ns:  [<function <lambda> at 0x7f2ae45770c8>, <function <lambda> at 0x7f2ae4577140>, <function <lambda> at 0x7f2ae45771b8>, <function <lambda> at 0x7f2ae4577230>, <function <lambda> at 0x7f2ae45772a8>]
ns:  [<function <lambda> at 0x7f2ae45770c8>, <function <lambda> at 0x7f2ae4577140>, <function <lambda> at 0x7f2ae45772a8>, <function <lambda> at 0x7f2ae4577230>, <function <lambda> at 0x7f2ae45771b8>]
68757489-[  4 468 621 120  89 107 779 112 372 158 458   7 155 694 258 535 500 755
 498 291 451 295 149 281 714  39 177 212 556 410 561 445 782 344 608 296
 192 152 640 229 746 173 461 507 540 552 555 697 385  20  53 166 766 318
  31 128 517 124 501 656 307 357 471 404 355 127 515 651 521 270 600 293
 101 285 513  59 255 238 105 576 675  75 119 669 649 473 588 401 529 686
 769 724 528 534 636 328 657 605 652 351 762 259 265  90 488 574 188 391
 148 655 618 696 520 170 218 691 566 607 338 464 772 548 602   6 309 252
 730 573 341 123 437 235 489 549 684 738 685 205 416  99 405 208  77 519
 593 201   3 440  60 348 396 110 165 248  93 424  68 104  44 634 682 421
 481 731 326 495   2 491 363 741 559 139 233 353 115  88 446 456 585 325
  61 190 710 226 413 637 546 635 230 195 327 261 322  81 305 557 531 514
 431 428 522 283 603 768 538 693 272 680 200 374  18  33 771 611 273 246
 518  80 383 436 776 250 627 744 125 733  87 476 121 737  63 708 499 408
 728 587 323 225 379 113 109 303 240 663 373 648  32 187 266   8 459 106
 237 362 449 570 455 747  62 232 151  47 718 545 695 661 748 329 324 701
 645 429 662 703  12 438 506 494 592 770 630 339  41 279 319 679 280 673
 604 269  72 729 345 183 209 589 754 242 332 137 474 736 453 365  26 485
 670 719 571 742 749 211 138 712 407  98 606 478 722 418 169 114 147 505
 103 700 297 595 472  37 477 178  50 289 764 397 688  66 690 321 382 543
 633 653 758  55 197 231 181 389 681 781 617 443 160 447 567 126  91  69
 650 294 547 591  17 102 223 590 172  19 647 723 469 666 659 249 778 334
 414 412 262 583 704 400 288 361 352 487  27 435 616 677 198 213 315 378
 612 433 699 134   9 582  35  82 562 425  83 625 765 220  86 750  49 199
 221 720 298 267 560 725 202 247 264 430 462 643  79 609 523 343 392 118
 174 340  22 384  30 483 463 236 302 150 541 628 427 544 671 260  84 672
 131 452 743  54 654 217 350 475  10 457  52 668 411 536 287 761 757 689
 251 359 614 596 444 664 171 581 368 313 448 613 422 377 133 380 482 579
 282 721 203 245 713 108 442 493 333 167 624  95  34 577 386 140 393 185
 227 159  29 388 759 502 530 641  28 572  73 711 623 504 122 403 306 349
 189 707 615 678 767 394 367  76 219 100 465 497 395 204 780  43  64 739
 646  24 387 553  65 533 717 206  51 610 191 434 480 406 423 399 299 745
 168 508  94 598 130 111  70 243 417  71 142 702 292 584 381  13 709 129
 490 510 774 276 426 116 336 228 568 316 644 371 146 215 337 580 375 360
 311 153 716 275 268 632 692 777 157 320 271 698 161 439 330  25  46 193
 751 335 175 132 496 254 239 639 752 376 186 631 314 390 727 136 683 214
 141 222 224 216 180 356 484 300 715  40 135   0 658 706 586 479 145 263
 492 512  57 253 308 705 277 301  67 526  48 257 558 734 419 511 182 256
 369 154 626  96 565 244   1   5 278 241 398 420 760 162 196  78 619 569
  56 563 620  38  92 210 441 676  74 687 143 775 234 597 542 347 578  23
 466 773 732 740 415 667 629  42 194 179 665 274 735  45 358 163  16 346
 599 164 486 537 364 284 470 539 753 551  21 726  14 409 286  36 638 525
 331 642 366 312 370 432 450 524 594  58 554 575 660 144 402 622 207 763
 532 527  15  97 550 674  11 342  85 317 176 564 310 156 117 304 467 509
 460 184 454 756 601 290 516 503 354]
GPU0
set random seed!
finished RVND in 13.0027740002s
data-line;initial_solution;68757489;final_solution;3439037;time;13.0027740002;counts;1037;fv;[];cv;[575, 279, 155, 22, 6];imp;19.9932390957
