pydf_home: /home/rodolfo/git/Sucuri
simple_pycuda_home: /home/rodolfo/git/simple-pycuda
wamca2016path: /home/rodolfo/git/wamca2016/
localpath: /home/rodolfo/git/dvnd-df/code/dvnd-df/src/
WAMCAPATH:/home/rodolfo/git/wamca2016/
Using already created file:  wamca2016lib.so
Size: 657 - file name: 06_d657.tsp
ns:  [<function <lambda> at 0x7fd786b480c8>, <function <lambda> at 0x7fd786b48140>, <function <lambda> at 0x7fd786b481b8>, <function <lambda> at 0x7fd786b48230>, <function <lambda> at 0x7fd786b482a8>]
ns:  [<function <lambda> at 0x7fd786b48140>, <function <lambda> at 0x7fd786b481b8>, <function <lambda> at 0x7fd786b480c8>, <function <lambda> at 0x7fd786b48230>, <function <lambda> at 0x7fd786b482a8>]
289332929-[ 53 351 501 256 259 251 151 104 237 482 411 107 183 378 621 153 578  15
 254   7 145 124   0 333 116 318 476 388 508 146 331 118 200 291 459 148
 289 363 199 617  65 561 233 528 610 218  59 557 163 598  28 558 419 213
 301 263  36 304 273 208 170 343 393 605 374 653 137  75 236 295 293 125
 312 139 226 575 186 408 294 129 136 487 111 601 164 567 493  78 123  85
 656 428 464 128 461 645  54 214 149 566 389 317 328  69 280 207 506 643
 334 565 572 502 326 179 321 533 548 269 362 438  94 313 391 135 452 445
 219 425 277 173  21  58 201 608 505 429 420 352 242  93 407 297 458 589
 475 303 642 262 243  77 444 511  67 100 133 629 477 432 474 453 584 639
 222 418 366 462 338 607 130 560 570  25 323 524 202 324  51 390 156 349
  23 591 105 410 396 181  26 372 114   1 523 250 319 559 650 371 339 361
  72  20 581  97 593 433 527 590 234 403 102 194 545 535 168 309 655  68
 490 359 308 522 306 517 549 525 142  46 253 602 108 648 221 337 209 369
 481 377 143 615 134 633 115  61 126 246 512 355 335 187 336 193 495 174
  82  42 435 373 583 635 279 314 652 158 579 385  70  96 451  55 613 468
 623 101 358  11 211  71 649  41  79 465 436  19  88 620  60 204 231 616
 189 646 232 460 365 514 386  83 162 521 504  63  29  95 540 500 290   2
 551 496 484 647 379  44 215  48 255 573 454 311 347 626 110 530  49  17
 538 169  45 252 600 288 192  43 473 285 624 488  50 171  66  32  35 595
  13 370 155 120 596 568  73 587 622 457 466 195  33 483  64 182 230 478
 447 284 271 463  39 469 332 588 342 519 296 176 150 594  24 492 614 450
 513 569 592 556 611  38 364  89 157 228 281  92 205 507 631 152 499 122
  98 249 494 140 604 160 257 536 555 223 562 636   3  91 455 344 350 188
 497 397 434 577 329 381 415 260 471 516 227  14 544 412 138 106 586 542
 552 529 165  31 406 485 574 479 210 401 235 515 405 651  87 287 196 117
 286 509 258  52 322 224  37 216 276 265 618 270 534 503 550 245 167 320
 305  47 327  81 356 325 582 440 437 302  56 597 266  16 225 547 206 480
 190 489 180 341 400 414 283 439  12 383 526 119 654 637  40 127 261 360
 268 531 553 427 380   6 470 628 159 539  34 541  27  57 147 198 217 409
 166  74 603 387 426  80 546 316 132 609 392  22 537 239 498 375 191  86
 238 571   5 404 340 212 612  90 417 357 161 585 402 446 632  10 220 141
 282  30 177 423 298 154 456 395 241 430  62 641 422  84 625   9 307 278
 644 399 267 109 144 472 627  76 310 619 275 315 606 518   8 248 394 532
  99 640 112 346 416 424 431 240 247 491 564 131 520 178 354 441 510 353
 113 376 274 197 272 486 175 367 103 442 398 443 563 264 292 299 330 599
 368 121 543 384 184 448 630 554 203 185 172 467 244 413 576 382 634 449
 300 421 345  18 638 348 229   4 580]
GPU0
set random seed!
finished RVND in 8.51364707947s
data-line;initial_solution;289332929;final_solution;14294785;time;8.51364707947;counts;853;fv;[];cv;[486, 229, 124, 10, 4];imp;20.2404533541
