pydf_home: /home/rodolfo/git/Sucuri
simple_pycuda_home: /home/rodolfo/git/simple-pycuda
wamca2016path: /home/rodolfo/git/wamca2016/
localpath: /home/rodolfo/git/dvnd-df/code/dvnd-df/src/
WAMCAPATH:/home/rodolfo/git/wamca2016/
Using already created file:  wamca2016lib.so
Size: 226 - file name: 03_pr226.tsp
ns:  [<function <lambda> at 0x7f3735f760c8>, <function <lambda> at 0x7f3735f76140>, <function <lambda> at 0x7f3735f761b8>, <function <lambda> at 0x7f3735f76230>, <function <lambda> at 0x7f3735f762a8>]
ns:  [<function <lambda> at 0x7f3735f760c8>, <function <lambda> at 0x7f3735f762a8>, <function <lambda> at 0x7f3735f76140>, <function <lambda> at 0x7f3735f76230>, <function <lambda> at 0x7f3735f761b8>]
189661360-[155  88  54   4 103 153 172  89  64 102 191  73  55  19 224 113 119  31
 151 200  95  82 178 213  46 130  48   2  93 165  16  23  65  35 118 121
 146 214  63  21 133 210 125   6 145 159  45  80  67 154  70 222  22 185
  66  77  43 196  86  33  41 160  39  38 173 135  52 169 147 195  26 161
  13 105 192 134  68 184  62 109   8 223  92 199  56 110  90 218 140 156
 189 181 180  60  24 164 187 186 207 194  28 217 100 163  96 138  25 120
 220  87 168 205 219  85 122  84   1 202  91  44  97 128 148   7   3  20
 158  49 197 143  12 176  36 112  10   9 221 208 204 183  40 139 126 206
 131 211   0 117 174  59 136  17  29 193 215 101 190  58  14 166 129  47
  69  72 188  81 116  76  74  53  78 162 104 114 182  79 225  94  61 209
 107  11  99  75  83   5 167 144 142  15 111 212 137 177  18 171 179 123
  37  42 152  30 141 216 170 201  27 115 157  32 203  57  71  34  50 108
  98 132 127 124 149 198 106 175 150  51]
GPU0
set random seed!
finished RVND in 3.07015109062s
data-line;initial_solution;189661360;final_solution;6632055;time;3.07015109062;counts;461;fv;[];cv;[396, 50, 12, 2, 1];imp;28.5976759843
