pydf_home: /home/rodolfo/git/Sucuri
simple_pycuda_home: /home/rodolfo/git/simple-pycuda
wamca2016path: /home/rodolfo/git/wamca2016/
localpath: /home/rodolfo/git/dvnd-df/code/dvnd-df/src/
WAMCAPATH:/home/rodolfo/git/wamca2016/
Using already created file:  wamca2016lib.so
Size: 657 - file name: 06_d657.tsp
ns:  [<function <lambda> at 0x7f6ad09ee0c8>, <function <lambda> at 0x7f6ad09ee140>, <function <lambda> at 0x7f6ad09ee1b8>, <function <lambda> at 0x7f6ad09ee230>, <function <lambda> at 0x7f6ad09ee2a8>]
ns:  [<function <lambda> at 0x7f6ad09ee1b8>, <function <lambda> at 0x7f6ad09ee140>, <function <lambda> at 0x7f6ad09ee2a8>, <function <lambda> at 0x7f6ad09ee0c8>, <function <lambda> at 0x7f6ad09ee230>]
282054584-[401 433 150 656 251 112  26 565 635 252 175 628 554 265 125 459 560 104
 316 258  86 293 558 472  74 380 355 103 520 394 372 302 289 128 492 581
 636 462 115 233 450 584  39 271 603 205 138 333 579 449 479 617 143 184
 350 567 309 653  64 119 553 108 279 263 461 395 514 562 582  21 398 139
 111 218 551  55 219 591 626 171  80 266 188 353 187 556  81 381 352 319
 321 632 495 300   2 331 236 256 301 549 348 611 443 243 255 310 405 257
   1 539 259 583 511  12 272 220 464 254 649 559 298  29  68 418 343 411
 491 544 517  22 142 437 127 181 201 172 131   4 513  47 156 548 467 250
 162 650  73 180 145 572 109 624 378 269   9 409 185  48 323 494 605 362
 241 503 571 534 512 438 627 641 199 546 473 264  99 124 244 322 231 347
 387  46 425 397 214 234 278  58 364 146 299  88 189 655 613 476 136 296
 456 573  27 654 215 493 629 510  87 340 470  16 607 439 190 518 144 239
 419 249 314  52 421 363 211  10 631 349  79  53 217 375 313 130 595 563
 186 330 158 566 295 402 555 207   0 498 543 324 468 367 396 527 267 168
 623 602  33  77 284  97 117 482 344  59 376  15 286 107 424 389 516 442
 445 610 643 320  38 480 297 240 292 225 484 170 454 304 198 262 275 303
 204  31 597 599  84 429 547 455 351 569 163 616  24 507 106 113 392 522
 497  66 118 334 525 530 290 564 469 410  62 592 426 165 153 360 488  61
  83 366  57 210 329 622  14 500 585 388  49 358 287 576 341  17  50 590
 529 247  94  23 283  85 630  19 457 637 483 114  63 328  93 528 285  40
 538 191 420 222  60 102 356 229 282 122 224 393 164 374 183  76 606 383
 230 578 614 598 386 206 121 413 574  54  70 235 633 465 155  13 288 524
 634 586 550  34   6 508 294 280 519 167 471 523 116 382 594 226 208 608
 174  95 276 412 223 361 203 406 365 101  42 369 601   3 486   5 639 448
 154 209 227 521 134 436 390 308 311 533 148 621 357 536 619 625 477 129
 645 160  72 126 646 532 141 237 417  92 318 327 277 407 307 335 460 475
 291 589 176  71 147  56 338 575 496 137 169  37 306 332 600 541 487 339
 161 587  51  44 157  35 246 568 580 593  69 238 612 505 197 105 193 404
 453 228 441  78  82 178 478 545 414 194 422 552 260 440  28 384  11 463
 485 305 345 195 159 620 452 474 642 368 652 509 100 542 281 192 596  67
 213 325  43 504 428  36 232 120 444 212 588 326 274  20 216 577   8 644
 651 501 557 638 196 354 242  75 408 391 253 177 152 423 458  25 245 149
 221  90 123 447 648 537 570 173 434 540 273 526 200   7 451 317 371 337
 182 490 135 615 531 432 535  91 385 342  18 202 336 110 446 647 377 515
 561 400  32  96  98 430  45 640 609 431  41 427 268 466 140 618 481 133
 166 435 399 179 403 506 499 604 315 415 132 312  30  89  65 379 502 151
 359 489 346 248 370 373 416 261 270]
GPU0
set random seed!
finished RVND in 8.78049492836s
data-line;initial_solution;282054584;final_solution;14549514;time;8.78049492836;counts;847;fv;[];cv;[510, 219, 104, 10, 4];imp;19.3858423037
