pydf_home: /home/rodolfo/git/Sucuri
simple_pycuda_home: /home/rodolfo/git/simple-pycuda
wamca2016path: /home/rodolfo/git/wamca2016/
localpath: /home/rodolfo/git/dvnd-df/code/dvnd-df/src/
WAMCAPATH:/home/rodolfo/git/wamca2016/
Using already created file:  wamca2016lib.so
Size: 657 - file name: 06_d657.tsp
ns:  [<function <lambda> at 0x7fba926080c8>, <function <lambda> at 0x7fba92608140>, <function <lambda> at 0x7fba926081b8>, <function <lambda> at 0x7fba92608230>, <function <lambda> at 0x7fba926082a8>]
ns:  [<function <lambda> at 0x7fba92608140>, <function <lambda> at 0x7fba926080c8>, <function <lambda> at 0x7fba926081b8>, <function <lambda> at 0x7fba926082a8>, <function <lambda> at 0x7fba92608230>]
288701394-[597 462 611 375 521 384 252  85  93 358 336 590 364 512  76  90  77 318
 514 109 548 525  66  57 648 577 334 573 555  29 467 227 324 202   7  60
 248 348 487 454  43  36 391 361 211 469 554 149  86 377 196 572  52 518
 644 453 312 393 261 498 136 484 158 388  65 333 519 621 120  55   3  78
 593 649 608 622 526 306 472 637 418 489 517 138 122 219 533 383  13 357
 544 370 474 480 235 189 296  26 616 118 541  73 567 468 199 427 492 378
  24 174  54  39 362 273 460 419 188 226 137 627 640   1  18 596 338 214
 477 206 606 543  88 208 194 224 409 192 350 620 417 626 155 106  28 578
 656 536  91 171 646 239 500 123 285 485  46   4 330 647 183 304 509 181
 651 168 464 140 293 201 159 405  41 598 246 355 153 520 398 655 534 570
   9  11 269 401 523 497 276 372  34 444 645 473 103 152 243 240 274 346
 612 522 265 255 615 101 625  47 236 538 131 267 317 547 253 603 212 408
 633   6 146 161  62 286 481 258 354 126 380 470 356  20  75 287 631 184
 341 147 125 292 443  83  80 134 452 643  51 428 549 254 249 505 297  49
 527 133  25 641 139  89 539 458 386 579 650  67 143 642 449 529 537 463
 331 247 617 151  58 478 230 154 599 283   2 440  42 197 185 571 272  35
 326  68 551 415  59 607 638  10 257 459 310 562 491 589 277  19 436 586
 594 327 535 438 301 290 466 652 142 279  94 581 178 569 299 430 433 654
  27 513 280 410 488 568 220 353 170 289 508 209 221 394 234 284  40 414
  95 445 352 250  70 217 228 564 282 510 305  32 229 511  17 600 337 476
 471 114 167 624 180 295 416 502 116  82  22 281  37 329 195 262 175 210
 150 104 259 367 288 390 532 313 422 187 193   5 108 157 406 404 503 448
 403  98 112 557 609   0 582 302 244 340 328  63 504 347 385  45 619 556
 623 245 566 531 186 309 461 177 321 111 435 270 164 552 455 294 359 451
 198  23 363 587 278 148 423 119 605 499 429 374 163 553 565 345 213 447
 200 496  48  16 501  99 172 576 176 407 325 179 426 575 482 319  50 516
 376 392 604 368 121 349 397 635  81 275 558 182 479  33 465 360 130 264
 475 339 432 653 256 431 351 583 396 298  69 251  92 105 540  56 602 365
 124 332 231 591 515 218 381 260 395 614 424 425 456 574 223 528 493  64
 450 639 323  30 242 494 343  84 634 173 322 207 389  71 545 507 632 115
 628  61 371 342 160  96 300 145  79 100 191 550 402 618 233 387 127  12
 169 457  21 315 610  74 421 263 442 559 190 506 107 232 291  15 601 412
 166 165   8 205 542 563 561 135 486 411 215 162 369  72 307 335 144 268
 585 132 434 129 314 595 446 524 530 546 420 320 311 238 316 110 216 225
 373 241 237 128 222 113 495 629 490 399 413 102 382 308 439 400 344 366
 588 437 117 630  97  53  38  44 636 483 266 580  87 379 560 303  14 584
 271 141 441 203 156  31 613 592 204]
GPU0
set random seed!
finished RVND in 8.62982988358s
data-line;initial_solution;288701394;final_solution;14827093;time;8.62982988358;counts;836;fv;[];cv;[507, 212, 101, 13, 3];imp;19.4712067969
