pydf_home: /home/rodolfo/git/Sucuri
simple_pycuda_home: /home/rodolfo/git/simple-pycuda
wamca2016path: /home/rodolfo/git/wamca2016/
localpath: /home/rodolfo/git/dvnd-df/code/dvnd-df/src/
WAMCAPATH:/home/rodolfo/git/wamca2016/
Using already created file:  wamca2016lib.so
Size: 657 - file name: 06_d657.tsp
ns:  [<function <lambda> at 0x7fdaa715d0c8>, <function <lambda> at 0x7fdaa715d140>, <function <lambda> at 0x7fdaa715d1b8>, <function <lambda> at 0x7fdaa715d230>, <function <lambda> at 0x7fdaa715d2a8>]
ns:  [<function <lambda> at 0x7fdaa715d140>, <function <lambda> at 0x7fdaa715d230>, <function <lambda> at 0x7fdaa715d1b8>, <function <lambda> at 0x7fdaa715d2a8>, <function <lambda> at 0x7fdaa715d0c8>]
280083422-[443 573 370 219  45 426   2 538 204 462  11 623  86 380 394 141 226 385
 120 121 622   8  76  48 466 605 440 272 184 144 521 449 601   6 379 460
 361 372 315 319 618 215 646 267 151 591 129 378 154  33  28 336 511 172
 240 496 416  89 242 170 432 512 300 175 582 571  44 517 123 539 178 289
 524 157  53 322 534 483 382  14 396 502 185 626 552 367  98 528 590  96
 320  49 225 360 228 381  17 506 193  72  71 116 429 280   7 651 350 585
 276 485 325 265 343 358 115  16 313 642 488 570 441 463  81  31 498 235
 525 383  51  26 269  85 238  54 589 471  35 236 387 294 609 331 477 110
 481 143 614 107 401 197 597 208 375 413 560 108 543 575 562 376 424 113
  36 565 301 501 147 327 212 371 353 198   4 526  57 474 461 246 631 649
 389 549 593  80 266 231 422 295 173 654 260 563 339 149 554 507 522 211
 136 374 293 499 541 569 366 307 148 281 454 393 138 558 187  77 194 557
 124 127 556  29 244 423 304 568 639 537 596 273 431 106 105  34  10 555
 230  90 647 475 308 249 648 604 245 213 282 174 473 444 354 427 177 139
  50 447 152 183 335 489  62 189 135 363  94 495  65 317 284 258 247 616
 112 167 302 578 514 415 362 581 256 579 420 188  46  69 287 390 476 330
 169 146 202 310 251 168 408 257 397 270 323 155 102 162 484 419   9  92
 318 465 252 627 218 450 634 410 409 190 126  66 536 232 205 655 103 161
 297 629 411 644 404  43 433 553 621  47 338 546 290  87 436 263 340 268
  21 439  84 347 196 192 334  58 199 641 332 633 191  22 448 349 505  41
 564  12 364 206 576 321 548 518 438  79 636 398 342 478 572 388 391  20
 261 611  63 392 365 203 527 418 357 486 316 227 494 437 510  78 142 220
 479 624 405  60 326 255 217 277 503 540   3 207 384 359 153 224 262  15
 635 328 480  59 580 125 459 150 652 637 453  52 140 586 104 346 158 298
 210  32 180 620 492 455 516 632  70  97  19 551 233 253 504 160  88 425
 458 303 166 403 275 545 296 341 355 520 271 472 508 584 195 229 650 133
 369 610 417 344 638 513 130 430   5 559  40 201  83 400 274 598 234 468
 542 491 643 222 386  18 608 602 445 535 165  23 156  95 617  30 134  93
  91 145  61 164  67   0 241 329 451  42 603 428 299 111 114 550 333 515
 285 132 351  55 487 337 606 137 171 509 640 656 163 348 214 523 566 324
 352 221 490 237 577 531 373 288 482 421  25 625 497 457 452 588 395  37
 223 574  39 100 464  13 399 311 532 530 615 101 595 254 259 309 264 179
 470 181 119 619 442 248 613 186 402 414  75 446 583 278 216 529 645 599
 592 469 533 630 128 567 547  38 628 291 456 118 561 345   1 131 434 435
 305 407 356 159  74 607 493 122 176  82 519  64 239 209 368 312 467 500
  56 594 109 182 406  27  73 314 200 292 279 306  99 653 377  68 600 250
 243 286 612 283  24 117 412 544 587]
GPU0
set random seed!
finished RVND in 8.55541396141s
data-line;initial_solution;280083422;final_solution;14461539;time;8.55541396141;counts;834;fv;[];cv;[492, 224, 107, 8, 3];imp;19.3674699491
