pydf_home: /home/rodolfo/git/Sucuri
simple_pycuda_home: /home/rodolfo/git/simple-pycuda
wamca2016path: /home/rodolfo/git/wamca2016/
localpath: /home/rodolfo/git/dvnd-df/code/dvnd-df/src/
WAMCAPATH:/home/rodolfo/git/wamca2016/
Using already created file:  wamca2016lib.so
Size: 226 - file name: 03_pr226.tsp
ns:  [<function <lambda> at 0x7f1db45330c8>, <function <lambda> at 0x7f1db4533140>, <function <lambda> at 0x7f1db45331b8>, <function <lambda> at 0x7f1db4533230>, <function <lambda> at 0x7f1db45332a8>]
ns:  [<function <lambda> at 0x7f1db45332a8>, <function <lambda> at 0x7f1db45331b8>, <function <lambda> at 0x7f1db4533140>, <function <lambda> at 0x7f1db45330c8>, <function <lambda> at 0x7f1db4533230>]
189228992-[  5 185 223 178 198  30  11  69  58  90 104 221  36 152 184 213 182 179
   9  59 125 197  75 105  94 164 210 212  65 107  63 100  52 180 151 177
  24  80 206  56 186 171  12 211 135 141 201  81  42 176 169  45  78 174
 121 225  98  37  96 173  40  88  84   7  55 118  93   6 202  26 155 154
 129  22  72 183  57 187  64 132 117  87  77  85  29 192 193  35  82  16
 144  91 203  79 113  32 137  38 158 165   0 218 217  60 219 142  50 166
 150 112  20  23 220  43 149 123   8 148 157  53 188 191 143 170  54  28
  41 172  66 216  18  47 133  70 156  61 194   1 130  92 140 153 134 138
  19 109  83  33  49 124 181 161  21 209 199 127 108  73   2 103  27 214
 204 120 205 162 163  86 114 146  62   3 195  25 115  76  34 189 116 122
 111 160  31  17 139   4  39 106  46 136 119 175 215  74 224 147 168  51
  14  15 128 102 110 167  99 145 190 200 131 208  68  48  44  13 159  95
 101 207  97  71 126  89 196  10  67 222]
GPU0
set random seed!
finished RVND in 2.7224650383s
data-line;initial_solution;189228992;final_solution;7498291;time;2.7224650383;counts;630;fv;[];cv;[484, 100, 42, 3, 1];imp;25.2362827743
