pydf_home: /home/rodolfo/git/Sucuri
simple_pycuda_home: /home/rodolfo/git/simple-pycuda
wamca2016path: /home/rodolfo/git/wamca2016/
localpath: /home/rodolfo/git/dvnd-df/code/dvnd-df/src/
WAMCAPATH:/home/rodolfo/git/wamca2016/
Using already created file:  wamca2016lib.so
Size: 226 - file name: 03_pr226.tsp
ns:  [<function <lambda> at 0x7f2da7ea00c8>, <function <lambda> at 0x7f2da7ea0140>, <function <lambda> at 0x7f2da7ea01b8>, <function <lambda> at 0x7f2da7ea0230>, <function <lambda> at 0x7f2da7ea02a8>]
ns:  [<function <lambda> at 0x7f2da7ea0230>, <function <lambda> at 0x7f2da7ea01b8>, <function <lambda> at 0x7f2da7ea02a8>, <function <lambda> at 0x7f2da7ea00c8>, <function <lambda> at 0x7f2da7ea0140>]
195892767-[  8 108 152 196 210  39 216 104 155  34  70 156 179  79  27  57 176   4
 212 203  25  64 105  89 136 160  85  75 177 118  28 205  95 144 147  13
  35  15 115   9 129 120  60  12 141  19 100 151  40 219  82  52 201 121
 143  20 124  14  72 113  30 211 109 103 145  76  62  68  38  53 116 110
  77 182  18  11 181  45  81 204   2 221 106 200  51 161 111 208   6 222
 214  56  92 132  73 213   7 162 138   3  74 122 217 187  36  80 173 195
  61 135 197  33 102  94  54 190 126 169  26  44  16  83  65 146 101 223
 157  21 125  67  78 159  49   1 137  59  47  88 142 163 180   5  24 148
 206 175  22  91 198  43 128 189 131 134 166  48   0  29 114  71 165 133
 140 168 188 186 192 123 224  90 119  84  50 178  23  97  37 199 171 185
 164 117  69  99 215 194  58 218 225  93  41 139 193 150  98  66  17 220
 130  10 158  63  42 209 207  87 170  86  55  96  31  32 107  46 172 149
 127 112 183 154 153 174 191 184 167 202]
GPU0
set random seed!
finished RVND in 3.27058291435s
data-line;initial_solution;195892767;final_solution;7058216;time;3.27058291435;counts;596;fv;[];cv;[480, 82, 31, 2, 1];imp;27.7538640076
