pydf_home: /home/rodolfo/git/Sucuri
simple_pycuda_home: /home/rodolfo/git/simple-pycuda
wamca2016path: /home/rodolfo/git/wamca2016/
localpath: /home/rodolfo/git/dvnd-df/code/dvnd-df/src/
WAMCAPATH:/home/rodolfo/git/wamca2016/
Using already created file:  wamca2016lib.so
Size: 657 - file name: 06_d657.tsp
ns:  [<function <lambda> at 0x7fe8713e70c8>, <function <lambda> at 0x7fe8713e7140>, <function <lambda> at 0x7fe8713e71b8>, <function <lambda> at 0x7fe8713e7230>, <function <lambda> at 0x7fe8713e72a8>]
ns:  [<function <lambda> at 0x7fe8713e7140>, <function <lambda> at 0x7fe8713e70c8>, <function <lambda> at 0x7fe8713e71b8>, <function <lambda> at 0x7fe8713e7230>, <function <lambda> at 0x7fe8713e72a8>]
278915798-[274 245 146 558 475 371 162 480  81  65 259  52 466 513 257 402 283  67
   2 502 465 179  92 174  30 652 517 216  12 276 541 326 421 301 106 420
 241 426 334 343 492 629 375 206 424 306  63 246 380 178 207 369 476 291
 362 111  62 417 344 522 400  25  18 637 199  71  36 537   6 168 556 342
 495 125 381 518 509 614  40  41 391 464 648 411 333 469 506 209 187 447
 135 129  66 232  24  21 158 166 346 193 494 610  48 169 108 156 260  13
 194 244 113 605  75 435 230 638 320 319 282 630 336 167 222 591 148 338
 264  95 172  79 126 293 641  88 117 176 212 339 352  83 203 142 100 413
 224 289 114 450 549 436 382 313 310 398 403 357  17 227 399 315 192 472
 379  57 595 500 228 453  94 165 300 253 376 437  70 655 538 430 532 349
 620  76 370  50 636 324 481 186 261 383 353  77 551 566  11  97 273 277
 646  73 529 109 498 505 623 151 378 615 367 350 242 268 528 470 486 160
 358 254 337 255 385 243 628 152 328 559 215 159 325 331 138 226 645 456
 432 445 345 530 316 467 557 204 560 451  47 188 298 184 340 569  22  44
 292 527 213 416 452 217 635 515 225 438  84 444 275 394 290 533 523 642
 218 131 543 644  56 405  26 219 508 439 302 288 611 136 536 440 102 314
 521 182 195 154 478 233 341 149 621  82 477 239 597 463 354 189 309 390
 564 454 171 198 468 651 526 546 525 458 389 535 582 205 351 190 414 139
 330 455 544 297 577 223 332 418 134 429 286 520 185 497 258 547 596   0
 587  80 594  35 653 581 355 267 519  15 388 612 360 479 256  61 499 118
  20  68 573 107 604 406 461 563  55  78 133   1 471 487 619 580 372 590
 639 460  60 488 116   4 263  64 229 329 250 624 272  32 262 323 484  90
 412 240 443 271 593  54 514 457 234 574  46 392 428 103 236  19 589 531
 281 427 123 633 115 321 175 251  37 249 120 235 404 266 157 318 512 395
  42 433 284 501 654 575  39 181 647 221 164 153 121 197 384 119 600   9
 214  16   5 622 592 101 565 105 408 231  38 366 607 202 462  98 571 368
 561 303 238 503 431 473 200  49 425 489 386 485 312 124 296 252  31 373
  74 305 201  93 511 327 588 483 625 554 396 191 422 442  53 606 540  33
 196 516 141 311 613  86 237 278 304 147  72 602 493 365  89 410 449 144
 364 211  99  43 608 347 583 634 490 491 170 627   7 578 640 599 632  29
 393 603 285 474 377 137 459 145 110 397 576 161 524 127  45 482   3 295
 553 568 618 631  23  96 265 279 140 617 247 548 656 510 363 419 507 562
  51  10  87 579  14 584 294 598 552 401 567 572 299   8  28 407 650 570
  91 626 128 132 374 122 534 287 143 643 348 130  85 150 496 317 555 163
 409 308 585  58 539 504 180 269 446 210 307 441 356 361  34 183 335 415
 220 104  69 586 609  27 359 387 173 423 434 248 155 545 270 322 616 649
 208 280 550  59 177 448 112 542 601]
GPU0
set random seed!
finished RVND in 7.28321194649s
data-line;initial_solution;278915798;final_solution;14671959;time;7.28321194649;counts;701;fv;[];cv;[414, 182, 91, 9, 5];imp;19.0101265959
