pydf_home: /home/rodolfo/git/Sucuri
simple_pycuda_home: /home/rodolfo/git/simple-pycuda
wamca2016path: /home/rodolfo/git/wamca2016/
localpath: /home/rodolfo/git/dvnd-df/code/dvnd-df/src/
WAMCAPATH:/home/rodolfo/git/wamca2016/
Using already created file:  wamca2016lib.so
Size: 783 - file name: 07_rat784.tsp
ns:  [<function <lambda> at 0x7fbcfd0f00c8>, <function <lambda> at 0x7fbcfd0f0140>, <function <lambda> at 0x7fbcfd0f01b8>, <function <lambda> at 0x7fbcfd0f0230>, <function <lambda> at 0x7fbcfd0f02a8>]
ns:  [<function <lambda> at 0x7fbcfd0f0140>, <function <lambda> at 0x7fbcfd0f01b8>, <function <lambda> at 0x7fbcfd0f02a8>, <function <lambda> at 0x7fbcfd0f00c8>, <function <lambda> at 0x7fbcfd0f0230>]
70760467-[460 768 417 761  65 308 434 547 326 288  38 199 689 173 451 747 353 516
 103 553 282 431 600 680 665 251 708 682 195 382 389 567  87  41 454 735
 461 373 207 493 210 423  97 629 632 449 452 424 538  99 612 485 170 395
  34 521 507 290 263 436 180 203 647  51  77 658 153 116 260 631 202 779
 223 315  79 772  25 566 595 660 312 674 381 102  50 643 464 782 200 746
 738 667 438 518 380 429 117 584 703 705 278 762 305 325 491  62 542  10
 733 671 354 294 258 685  96 484 541 236 285 415 508 702 769 330 211 548
  26 715 717  39 286 277 105 596 339 390 614 125 633  32 333 321 221 478
 545 534 160 663 361 776  13 112 365 743 101 269 328 301 280 136 621 594
  22 129 310 681 352 246 196 391 233 514 760  80 171 445  69 378 549 242
   9 167  85 568  72 701 582 146 259 771 537 123  19 528 598 149 254 466
 176  86 356 509 283 585 444 122  20 147 558 531 184 442  53 719 775 463
 433 393 418 741 570 250 272 148 163 515 240  56 214 653 781 504 404 144
 656 748 314  40 700 306 472 546 182 672 532 664 178 599 476 219 641 697
 659 232   0 498 179 126 265 412 363  94 264 616  66 713 739 177 220 489
 475  92 261   1 398 297 729 627 347  27 511 645 617 383 191 113 505 694
 716 386 165 344 669 668 731 307 649 519 751  57 611 770 525 376 276 517
 650 394 722 284 130 634 106  43  76  29 550 623 693 561 349 459 279  17
 317 470 712 427 388 578 115 296 706 625 348 107 150 384 188 565 483 742
 119 121 371 744 298 206 428 253  73 399 749 237 368 198  16 503 574 469
 619 139  95 430 675 636 421 678 161 757 589 652 555  18  36 557 637 575
 679 229 644 295  48 420 331 592 591 322 563 490 756 227 407 426 185 624
 780 628 543 609 587  44 235 724 204 777 366 213 767  14 375 530  88 110
 586 281   2 453 573 435 244 699 580 267 183 193 723 754 304 252 231 357
  91 275 482 343 419 526 224 501 764 212 465   5 603 480 271 654 411 607
 479 166 124 766 387 403 355 642 462 392 597  31 135 506 562  21 559  64
 158 605 684 752  11 581 303  30 707 299 536 120   7  15 409 189 579 564
 410 320 337 661 187 118  52 402 695 533 379 181  68 154 572   4 222  60
 577 473 576 255 309 138 159 405 350 494 131 690  82 128 114 529 646 639
 273 692  37 638  45 186 164 324 241 759 248 583 369 174 327 172 676 256
 486  54 698 456 651  90 718 737 205 268  42 569 289 134  83 443   3  89
 364 217 175 346 111 215  84 765  59 492 132  63 732 499 554 360 620 725
 413 520 721  61 209 688 622 522 293 523 228 474 239 691 704 437 774 686
 359 292 302 141 552 145 734 544 540 216 266 773 606 481  67 535 329 127
  58 500 448  98 593 370 319 590 745 300 414 372 274 197 287 230 362 571
 155  75  24 560  46 447 539 367  33  49 753 610 400 648 439 450 778 133
   6 406 683  70 397  78 556 208  47  55 677 726 604 201 727 524 257 513
 673 218 169 601 710 510 416 467 318 488 457 551 156 657 758 696 497 157
 495 262 168 358 311 512 740 432  93 385 527 615 714 152 336 192 670 640
 342 711  23 140  35 626 270 487 763 468 142 100 709 374 341 335 334 225
 728 666 234 477 151 618 655 441 608 458 109 613 190 345 162 588 440 245
 446 422  71 396 496 377 602 687 425 137 323 247 720 630 338 249  81 313
 291 455 662 351 730 408 502 316  28 471  12 755 401  74 238 104 635 340
 750 736 226 332   8 143 194 108 243]
GPU0
set random seed!
finished RVND in 11.5411510468s
data-line;initial_solution;70760467;final_solution;3490379;time;11.5411510468;counts;925;fv;[];cv;[539, 242, 125, 16, 3];imp;20.2730038772
