pydf_home: /home/rodolfo/git/Sucuri
simple_pycuda_home: /home/rodolfo/git/simple-pycuda
wamca2016path: /home/rodolfo/git/wamca2016/
localpath: /home/rodolfo/git/dvnd-df/code/dvnd-df/src/
WAMCAPATH:/home/rodolfo/git/wamca2016/
Using already created file:  wamca2016lib.so
Size: 657 - file name: 06_d657.tsp
ns:  [<function <lambda> at 0x7fb50f36c0c8>, <function <lambda> at 0x7fb50f36c140>, <function <lambda> at 0x7fb50f36c1b8>, <function <lambda> at 0x7fb50f36c230>, <function <lambda> at 0x7fb50f36c2a8>]
ns:  [<function <lambda> at 0x7fb50f36c140>, <function <lambda> at 0x7fb50f36c230>, <function <lambda> at 0x7fb50f36c0c8>, <function <lambda> at 0x7fb50f36c2a8>, <function <lambda> at 0x7fb50f36c1b8>]
276172025-[580 416 613  34 583 640 250 648  21 271 228 630 505 565 220 581 208 316
 634 133 548 530 200 276 124 238 168  41 504 547 287 455 635 318 599 260
 467 604 118 296   8  76 641 476  12 348 324 554 119 282 585 278   2 645
 130 617 531 629 499 571 553 385 209 360 306 285 164 302 294 227 101 272
 309   4 243 234 346 177 387 269 537 326 100 393  81 626 404 369 436 240
 279 643 314 559 588 561 473 152 569 652 507 187 347 383 402 438 114  23
 513 514 319  83 434 148 350  67 471 485 365 117 445 546 656 566 218 236
 443  61 398 370 428  29 644  40  53  82 142 379 241 186 303 286 534 384
 364 451 475 156 550 611 423 273 430 321 651 280  31 336 233 437 405 211
 371 237  66  43 113 444 432  65 363 494 382 307 542 506 482 620 242  88
 127  26 128 472 173  47 557 576 606 312 427 259 232  69  93 539  58 137
 160 594 115 515 120 448 275 202 193 540 603  39 204 162 359 106  13 256
 440   6  56 410 194 372 560 400 526 500 496  96  64  51 592 212 380  18
 192 593 188 376 463 435 556 615 522 655 601 602 544 344 529 638 226 584
 325 144 349 201 333 340 622 342  52 412 310 533 198 329 468 203 408 570
 334 121 610  50 110 491 261  77 163 562 284 157   0 575 417 135 251 374
  84 178 579 352 362 612 492 225 425 401 636 524  75 460 297 320  99 466
 457 213 221  60 394  42 176 367 591 598 586 632 215  92 199 134 112 103
 195  25  86 111 525 366 564 572 341 262 153 421 551 138  97 439 631 292
 245 264  72 353 145  28 450 143   7 184 582 422 257 179 415 381 196 249
 420 392 527 618 140 322   5 170 246 639 301 175 298 151 149 609 258  91
 518 528 426  30 447 267  10 501 484 495 327 399   9 108 339 389  11 171
 574 377  62 486 653 619 481 419   1 313 623 633 568 136 535 649 480 107
 255 351 483  15 454 470 479 453 252  71 116 214 647  19 263  37  49 323
 508 167 487 274 628 219 558 190 411 600 191 338 231 552 283 596 429 464
  48  14 288 248 523 397 605 161 266 642  24 497  80 174 375  44 414 390
 449 207 567 330 355 210 343 295 469 563 624  46 235 474 378 291 357 616
 503 172 368 478 646 465 102 442 461 608 229 277 388 490 158 532 335  85
 300 413 289 146 424 493 555  79 458 331 337 181 406 104 166 403 538 247
 299 290 254 418 409 446 510 270 132 637 268  33 169 431 512 129 614 253
 139 147  68 621 589  73 433 488 545 391 358 328 131 456 244 123 517  70
 105 182 361 308  17 627  16 305 520 141 441 516 509 356  22  27 159 373
 477  38 498 217  59 521  63 549 206 502 150 654 354 315  45 205 489  57
 222 386 311 165 224 407 265  54 459 541 395 332 281 125 293  74 216 317
 197 154  95 304 536  36 607  90 126 230 109 577 587 155 122 345  87 452
 239 189 543  89 597 590   3 595 650 223 625 462  20 396 185 183 519  35
  94 180 578  55  98 511  78  32 573]
GPU0
set random seed!
finished RVND in 9.4422929287s
data-line;initial_solution;276172025;final_solution;14148483;time;9.4422929287;counts;945;fv;[];cv;[577, 233, 112, 18, 5];imp;19.5195502585
