pydf_home: /home/rodolfo/git/Sucuri
simple_pycuda_home: /home/rodolfo/git/simple-pycuda
wamca2016path: /home/rodolfo/git/wamca2016/
localpath: /home/rodolfo/git/dvnd-df/code/dvnd-df/src/
WAMCAPATH:/home/rodolfo/git/wamca2016/
Using already created file:  wamca2016lib.so
Size: 318 - file name: 04_lin318.tsp
ns:  [<function <lambda> at 0x7faf0530b0c8>, <function <lambda> at 0x7faf0530b140>, <function <lambda> at 0x7faf0530b1b8>, <function <lambda> at 0x7faf0530b230>, <function <lambda> at 0x7faf0530b2a8>]
ns:  [<function <lambda> at 0x7faf0530b2a8>, <function <lambda> at 0x7faf0530b0c8>, <function <lambda> at 0x7faf0530b140>, <function <lambda> at 0x7faf0530b230>, <function <lambda> at 0x7faf0530b1b8>]
84433767-[193 245 264 196  49 139 129 161 147  64 121 237 214  50  25 111 166 132
  99 317 267 287 151 299  91   7  95  57 290  92  84   4 153 307 271 142
 175 192  29   2  20 108  47 252  13 145  58 286 162 189 117 243 220 312
 160  98 172 183 174   6 244 232 257 177 115  40 119 279 154   3 159 126
 250 195 300 314 221 171 260 179  15  22 186  61  35  96 188 141 285 261
 194  63 135 137 225 168 134  14  69  51 152 316  43  52  56  53 309 280
  24 105  72 165 176 247  89  48 259 127 276 163 199  27  86  37  16 198
 281  17  19 224 206 182  46 315 240 113 239 301 143 262 256 190 233 116
 284 118 266  21 208 167 200  76 130 268 253 216 156  31   8 308  90  10
 187  45  75   9 106 164 242  87 263 150 155 122  36  59  44 274 128 269
 238 228  70 202  12 292  81 173 149 293 296 185 306 101  88 273  94 265
  55 158 205  30 303 251 291 197 277  11  97 302 209 236 104  83  67  33
 270  62  54  60 120 191   0  28  26 212 144 100 207 295 283 204 211 241
  39 131 305 157 255 278 230  34  18 201 288 218 125 146 123 210 229 112
 114 248 231  73 107  93 148   1 304 235 294 138 298 246 282 203  85 272
 103 213  66 136 258 297 234 169 313 181 133  32  82  65 227 289  80 226
  38  23 223   5 311 219  79 254 275  68 249 124  41  71  74 310 222 140
 170 180 215 217 109 184 102  78  77  42 110 178]
GPU0
set random seed!
finished RVND in 2.69338512421s
data-line;initial_solution;84433767;final_solution;6172981;time;2.69338512421;counts;442;fv;[];cv;[258, 119, 56, 8, 1];imp;13.6779567279
