pydf_home: /home/rodolfo/git/Sucuri
simple_pycuda_home: /home/rodolfo/git/simple-pycuda
wamca2016path: /home/rodolfo/git/wamca2016/
localpath: /home/rodolfo/git/dvnd-df/code/dvnd-df/src/
WAMCAPATH:/home/rodolfo/git/wamca2016/
Using already created file:  wamca2016lib.so
Size: 318 - file name: 04_lin318.tsp
ns:  [<function <lambda> at 0x7fbe314670c8>, <function <lambda> at 0x7fbe31467140>, <function <lambda> at 0x7fbe314671b8>, <function <lambda> at 0x7fbe31467230>, <function <lambda> at 0x7fbe314672a8>]
ns:  [<function <lambda> at 0x7fbe31467230>, <function <lambda> at 0x7fbe31467140>, <function <lambda> at 0x7fbe314671b8>, <function <lambda> at 0x7fbe314670c8>, <function <lambda> at 0x7fbe314672a8>]
94832474-[132 295  17 203 214 229 265 171  93 238 297 250  67 147 220 298 121 119
 314 312   3 313 122  42 173  63 177 272 301 161 129 260 131 279  86 163
  35  74 253 146 226 276 120  12 277  24  15 242   0 130  68 106  89 212
 100 278 251  60  38  47 258 117 287 200 158  79  88  54 240 201 241 294
  80 190  82  69 172 304 186 202 244 109 247 101  52 105  92  37 114 257
 148  73 174 218 183 204  28 269 315 231 285 219 246 227 125 316  61 290
 152  90  45  71 291 150 137 305 103 159 181  51 256   4 282 223 141   6
 296 311 124  77 111 222 104 165  64  40 162 133  97 233 236  85 230 145
  31 207 292   8 191  57  46   1 310  81  94 243  34 127 284 176 138  10
  72 255 303 213 309  84 115   9 102 208 169 134  33  70 280  44  75 154
  95 232 293  20 164  41  32 252 182  50  55 194  21 107  26  11 268 180
 221 302 170  16  96  25 274 283 193 270 143 168 149 153 289 184  14 217
 144 189 156 123 262  36 224 210 263 139  13 228  78  39 126  30 234 179
 110  43 275 211 308 118 136  76 196  83 113   5 108  66 215 209  23 140
   2 175 167  19  87  59 187 195  98  91  53 128 166 281 273 198  22 197
  99 248  56 317 299 286 192  29 259 237  58 249  65 235 151 157 155 266
 307 267 199  27 160 261 185 112 271 205 300 206 254 239 288 142 178 245
  18 264 188 306  49  48 135 216 116  62   7 225]
GPU0
set random seed!
finished RVND in 1.93100881577s
data-line;initial_solution;94832474;final_solution;6199233;time;1.93100881577;counts;331;fv;[];cv;[207, 84, 34, 4, 2];imp;15.2974527655
