pydf_home: /home/rodolfo/git/Sucuri
simple_pycuda_home: /home/rodolfo/git/simple-pycuda
wamca2016path: /home/rodolfo/git/wamca2016/
localpath: /home/rodolfo/git/dvnd-df/code/dvnd-df/src/
WAMCAPATH:/home/rodolfo/git/wamca2016/
Using already created file:  wamca2016lib.so
Size: 657 - file name: 06_d657.tsp
ns:  [<function <lambda> at 0x7f14cf1880c8>, <function <lambda> at 0x7f14cf188140>, <function <lambda> at 0x7f14cf1881b8>, <function <lambda> at 0x7f14cf188230>, <function <lambda> at 0x7f14cf1882a8>]
ns:  [<function <lambda> at 0x7f14cf1880c8>, <function <lambda> at 0x7f14cf188140>, <function <lambda> at 0x7f14cf1881b8>, <function <lambda> at 0x7f14cf1882a8>, <function <lambda> at 0x7f14cf188230>]
270393209-[563 632  34 292  59 461 158 107 400  83 170   4 651 265 454 434 348 371
 231 154 451 168  94 519 126  45 125  42 186 132 161 320 654 146 210 354
  70 159 637 144 470  61  80 453 594 551  82 245 475 253 139 554 214 190
 485  85 271 503 587 358 350 633  74 409 393 629 375 237 219 596 512  63
  32 204  95 455  38 521 308 128 193 101  75 264 603 526 431 389 336 323
 112 476 226 356 535 572  72 550 268 373 369 104 527  81 396 418 514  76
 212 440 270 405 261 639 458 493 575 353 486 232 560 520  37  88 171 108
 293 118 201 191 103 136   2  64 362 499 114 221  12 419 162 403  51   1
 123 655 573 634 187 509 545  15 280 364 435 246 616 602 638  35   0 401
 252 619  22 239  19 579 522  46 463 197 648  47 502 618 285 248 111 627
 473 446 116 106 394 166 407  98 152 289 317 537 387 120 438 490 456 262
 315 508 178 478 556 390 515   9 489   5 299 565 330 505 491 395 377 432
 467 331 206 313 223 417 188 600 472  79 278 517 570 567 529 414 298 641
 185 109  21 322 256 617 449  11 335 402 238 332 151 366 236 251 621 599
 568 140 481 135 566 466 194 398 496 304  27 297 609 625 548 533  65 272
 406  66 122 580 642 183 243 544 427 209  96 287 127 182 523 422 425 324
 380  26 325 444 460 224  93 623 266 220 604 172 376 558 413 559 384 218
 591 230 615 590 471 291 241 344  60 195 391 284 374 205 482  56 321 269
 288  53 630 301 647 597 542 339 312 306 569 439 610 510 234 307 247 441
 516 156 274 357 192 117  48  86  69 504 415 208 281 399 448  55 571 142
 345 385 488 282 606 121  40 222 341 316 249 338 310  25 592 433 553 203
 233 173 511 484 174 588 636 583 160 267 213 119 137  24 359 329 165 327
  31 605  14 147 169 586 506  62 276 217 653 645 343 628 179 635  84 578
 584 295 428 176 157 130  99 607 314 513 539 155 541 229 363 577 283 300
 631 181 487 426 445 311 228  23 225  20 184 538 337  68 495 524  36 464
 479 351 149 258  39 593 397 564 611 576  16 198 180 340 145   8 309 518
 595 501 250 450 113 555 164 143 622 547 216 543 436 480 361 612 379 319
 263 294 141 420 100 557  18 497 328 255 646 620 260 416 429 483 318 290
 474 546 574 349  10 531  87 585 613 589 536 133 469 643  54 388 649 598
 352 650  13  89 408  58 279 134 507 296 227 423 442 640 150 392 581 334
  49 468 370 498 347 235 465 601 457 199 540  73 494 582 644 259 608 240
 534 381  17 411  97 412 549  33 383 273 110 561  50  77 305 624 462 378
 207  67 148  30 656 189  71 257  57 275 459 163 342 153 215 452  44 492
 500 367 410 242   6 424 421 177 131 525  92 346  52  90   3 626 382 115
  43 532 530 386  91 333 447 105  78 528 437 244 211 102 404 372 129 365
  28 355 326 302 614 138  29 277 196 254 124 430 175 443 360   7 303 202
 286 200 552 652 167  41 368 477 562]
GPU0
set random seed!
finished RVND in 8.22334504128s
data-line;initial_solution;270393209;final_solution;14659971;time;8.22334504128;counts;813;fv;[];cv;[490, 205, 111, 5, 2];imp;18.4443208653
