pydf_home: /home/rodolfo/git/Sucuri
simple_pycuda_home: /home/rodolfo/git/simple-pycuda
wamca2016path: /home/rodolfo/git/wamca2016/
localpath: /home/rodolfo/git/dvnd-df/code/dvnd-df/src/
WAMCAPATH:/home/rodolfo/git/wamca2016/
Using already created file:  wamca2016lib.so
Size: 226 - file name: 03_pr226.tsp
ns:  [<function <lambda> at 0x7fc318ef30c8>, <function <lambda> at 0x7fc318ef3140>, <function <lambda> at 0x7fc318ef31b8>, <function <lambda> at 0x7fc318ef3230>, <function <lambda> at 0x7fc318ef32a8>]
ns:  [<function <lambda> at 0x7fc318ef3140>, <function <lambda> at 0x7fc318ef31b8>, <function <lambda> at 0x7fc318ef3230>, <function <lambda> at 0x7fc318ef30c8>, <function <lambda> at 0x7fc318ef32a8>]
190871280-[ 86  67  48  93  70  95  10  83 157 196  25 135 162  31 145 115 129 136
  92  41  78 213   8 116 218  44 111  66 125   0  69  12   9 186  76 133
  88  96 134  72 140   4 212  98  18 121  84 123 106 173  58 151 132  63
 100 188 110   1 118 143 156 224   6 205 178 209  56 197  89  91 107  49
 114 207 137 210  26 124 175 199 127  77  30 225 104 223 192  61 220  23
 130  65 208  37  55  90  32 211 155 182  15 179  51 150 200 170  21  59
 117 201 105 193 168  42  46 102  16 112  11 154   5 122 187 206 216 184
 141  20 147 174 146  13 153 164 215 219 198 169 128  64 120  75 131 113
   2  81 180 214 149  50  17  28  79 194  19  80  22  45  97  71 103  14
 204 142 165 166  53 185 159  94 144  82 163 138 148 167  47   3 109 171
  87  74 158  99  52 202  62  73 222  39  24  54  34 139  38 152 177   7
  36 126  35 181 217 195 189 161 119 190  43  60 176 203 172 183  27  68
 191  57  85 221 101 160 108  33  29  40]
GPU0
set random seed!
finished RVND in 2.8373529911s
data-line;initial_solution;190871280;final_solution;6534183;time;2.8373529911;counts;666;fv;[];cv;[551, 79, 34, 1, 1];imp;29.2111928913
