pydf_home: /home/rodolfo/git/Sucuri
simple_pycuda_home: /home/rodolfo/git/simple-pycuda
wamca2016path: /home/rodolfo/git/wamca2016/
localpath: /home/rodolfo/git/dvnd-df/code/dvnd-df/src/
WAMCAPATH:/home/rodolfo/git/wamca2016/
Using already created file:  wamca2016lib.so
Size: 501 - file name: 05_TRP-S500-R1.tsp
ns:  [<function <lambda> at 0x7f5b88ac40c8>, <function <lambda> at 0x7f5b88ac4140>, <function <lambda> at 0x7f5b88ac41b8>, <function <lambda> at 0x7f5b88ac4230>, <function <lambda> at 0x7f5b88ac42a8>]
ns:  [<function <lambda> at 0x7f5b88ac42a8>, <function <lambda> at 0x7f5b88ac40c8>, <function <lambda> at 0x7f5b88ac4140>, <function <lambda> at 0x7f5b88ac4230>, <function <lambda> at 0x7f5b88ac41b8>]
34094228-[ 72 329 497 476 388  76 477 426 163 336 443 416 391 429 422 457 396 456
  52 161  71 440 407  47 246 287   3 444 324 224 276 322 373 492 442 218
 278 304  34 488 239  92 412 155 348  13 210 253 184 100 493  18 113 320
 354 423 264 207 289  23 198 206 385 201  41 490 372 351  50   9 364 217
 346 160 294  25 389 146 479  93 369 169 419 283 293  57 140  11 342 208
  38  22  43 244  20   7 335  48  63 459 247 153 473 374 484 277 180 465
  32 368 252 401 103 279  15  27 500 449 350  83 345 115  82  30  53 174
 390 467  39 432 237  62 306  85 159 175 466 297 119 121 232 129 468 273
  24 137 313 275 300  68 190  70 366 248 298 481 281 404 341 469  86  89
 424 339 171 319 102 205  45 282 211  35  19  36 104 446 267 145 185 280
 149 165 112 337  98 394 261 214 371 439 266  46  49 272 170 209  40 114
 130 483 356 448 499 222 258  97 242 265 177 314  26 199  95 274  60 173
 445 327 421 309 307 291  16 328 225 395  91 353 143  10 181 263 262  44
  17 147 249 463 166  99 124 187 344 219 486 454 269  65 408 428 384   8
 433 122 325 231 192 189 179 285 183 358 386  96   6 393 334  73 425 238
 498 406 399 494 250 212 427 450  33 370 138 164 150 240 387 188 229 134
 403 430  59 194 462  74 311 118  56 478 254  14 308 330  79 191 398 234
 303 414 101 474 375 321 158 367  64 301 255 142 333  61 332 178 359 151
 361 480 379  51 139 109 162 176  12 392 186 491 241 120 380 365 125 461
 347 417 193 418 410 144 116 362 437 464 472 413  21 397 123 299 260  31
 295 460 349 284 292  75  78 236 117 148 331 326 215 441 245 257  58 310
 167 256 290 451 355  28 154 227 132 409 213 136 383 487  94  67 259 323
 226 420 343  37 107 152 316 378 126 360   0 168 455 271 338 352 110 270
 485 202 286 251  80 438 496 230 106 495  87 108 402  69 196   5 216 381
 302 471 172 182 220 235 195 400 363  55 312 128  81 382 288 315 435 475
 357 221 156 203 482 376 377  90 268 340 157 317 204 135 411   2  42 131
 243 452   4  84 453 141 296 228 458 223 200 405 470  66 318 305  88 434
 127 447 233 105 111   1 133 436  77 197 489 431  54  29 415]
GPU0
set random seed!
finished RVND in 6.43914794922s
data-line;initial_solution;34094228;final_solution;2025336;time;6.43914794922;counts;830;fv;[];cv;[475, 226, 111, 15, 3];imp;16.8338626282
