pydf_home: /home/rodolfo/git/Sucuri
simple_pycuda_home: /home/rodolfo/git/simple-pycuda
wamca2016path: /home/rodolfo/git/wamca2016/
localpath: /home/rodolfo/git/dvnd-df/code/dvnd-df/src/
WAMCAPATH:/home/rodolfo/git/wamca2016/
Using already created file:  wamca2016lib.so
Size: 657 - file name: 06_d657.tsp
ns:  [<function <lambda> at 0x7f6efc3b50c8>, <function <lambda> at 0x7f6efc3b5140>, <function <lambda> at 0x7f6efc3b51b8>, <function <lambda> at 0x7f6efc3b5230>, <function <lambda> at 0x7f6efc3b52a8>]
ns:  [<function <lambda> at 0x7f6efc3b52a8>, <function <lambda> at 0x7f6efc3b5140>, <function <lambda> at 0x7f6efc3b51b8>, <function <lambda> at 0x7f6efc3b50c8>, <function <lambda> at 0x7f6efc3b5230>]
279301983-[169 226   9 258 271 218 205 330  78  89  96 418 222 136 518 495 514 584
 400 296 396 554 406  20  43 459 149 195  73 530 620 257 153 485 573 621
 596 267  49 119 232 369 634 474 617 304 382 251 314 598 372 311  95 416
 363 420 341 494 562 351 629 124 526  81 187 432 186 557 359 315 371  44
 200 590  76 487 167 260 654 230 481  52 388  51 118  25 463 547 250 653
 274 393 592 157 426 504 183 478 542 640 437 482 552 130  45 575 243 635
 156  94 465 253 632  12 293 335 564 108 180 522 332 442 161 566 364 507
 342 175 588 269 489  67 546 203 231 431  93 121  65 493 344 262 320 462
 580 166 115 245 524 399 181 338   3 392 365  55 125 373  57 574 647 264
   5 594 102 398 528  66 496 367 608 379 537 649 224 283 525 444 513 110
 361 531 555 509 182 100 163 275 523 319 626 101 614 281 492 352 502 395
 138 641 252 582  26 436 233 209 358 109  38 430 558   1 570 219 173 306
 453  23  54 384 429 247 545 198 410  63 279 383 456  71 469 423 417  62
 155 206   0 321 159 116 123 535 541 235 615 466 189 310 345 188 239  19
 254 378 174  24  82 633 106  77 216 289 512 565 229 223 176 380 331 277
 631  31 265 602 356  88 655 360 613  10 581 201 263 650  69  16 196 238
 499 468 120 139 309 317 286 560 114 599 261 470 272 540 103 447 323 147
 126 618 636  42 152  33 622 313 242 553 455  60 424  99 451 563 576 457
 616 571 146 511 291 249 628 533 415 536 567  11 299 179 414  28 248 128
 170 215 579 460 408  53 284 104 259 240 340 472 282 220 604 597 171  47
 172 145 192  84 111 479 228 202 506 217 449 355 150 583 606 475 600 366
 402 612  75 645 329 549 177 401 458 343 539 607 211 151 337 316 413 386
 276 333 107 132 454 508 605 561 543 370 587 450 448 354  92  36 148   7
 385 471  17  58   6 534 498 569  64 204 409 199 210 294 221 577 623 637
 350  41 131  13 266 168 194  87 117 295 452 268  22 324 593 501 308 521
 656 141 376 236 297  18  15 278 325 129 476 143 527 638 646 154 191 572
  85 336  14 488 377 339 445  21 298 643 300 490  86   8 184 421 322 357
  72  97 225 519 405 589 237 397 510 439 158 548 500 477  37 473 160  98
 516 326 292 461 301  40 213 648 556 435  35 348 411 374   2  29 515 544
 391 517 307  46 389 446 433 327  56 302  27 651 303 270 404 611 212 591
  32 375  48  90 627 273  61 403 127 639 585 443 280 312 193 285 290 347
 529 246 197 551 137 105 559 241 214 642 484 610 394 438 422 346 503 305
 234 122 630 390 164 190 208 652  30 603 349 505 362 624 227 185  70 207
 387 520 467 144  68 532 550 578 328 140 609 178 644 428  79 625  74  80
 601 113   4 538  39 434  34 162 586 134 353 441 318 491 464 165  83 480
 483 135 334  91 112 256 255 619 419 595  59 244  50 407 142 440 486 133
 568 497 425 288 368 427 381 412 287]
GPU0
set random seed!
finished RVND in 6.95214700699s
data-line;initial_solution;279301983;final_solution;14373747;time;6.95214700699;counts;695;fv;[];cv;[416, 188, 81, 8, 2];imp;19.4313969072
