pydf_home: /home/rodolfo/git/Sucuri
simple_pycuda_home: /home/rodolfo/git/simple-pycuda
wamca2016path: /home/rodolfo/git/wamca2016/
localpath: /home/rodolfo/git/dvnd-df/code/dvnd-df/src/
WAMCAPATH:/home/rodolfo/git/wamca2016/
Using already created file:  wamca2016lib.so
Size: 657 - file name: 06_d657.tsp
ns:  [<function <lambda> at 0x7fdd56ace0c8>, <function <lambda> at 0x7fdd56ace140>, <function <lambda> at 0x7fdd56ace1b8>, <function <lambda> at 0x7fdd56ace230>, <function <lambda> at 0x7fdd56ace2a8>]
ns:  [<function <lambda> at 0x7fdd56ace1b8>, <function <lambda> at 0x7fdd56ace230>, <function <lambda> at 0x7fdd56ace140>, <function <lambda> at 0x7fdd56ace2a8>, <function <lambda> at 0x7fdd56ace0c8>]
282553870-[195 266 655 313 639 268  92 104  66 580  23 225 444 636 173 515 279 496
 539 165 131 217 537 421 322 211 618 461 485 493 478 415 273 311 606   0
 583 252  26  88 398 557 468 474 308 274  81  25 369 124 477 406 367 471
  34 622 536 591 638  79 520  32 386 116 249 263 206 114  36 590 159 402
 118 442 419 441 542 139 389  48 610 564 310  90 470 630  99 157 339  67
 581 297 282 231  45 256 530 300 128 143 587 516 494 140 392 312 238 160
 424 491 208  85 561 216 315 210 135 106 247  52 254 376   8 259 186 150
 497 592 356 167 512 127 264 136 452 358 445 226 221 299 218 480 117 278
 179 546 407 548 637 502 439 359 456 189 332 430 385  78 373 517 598 627
 391 375 201 371 544 584  76 626 122 401 567 209 343 459 370 534  49 185
 545 214  46 242 434   6 562  98 250 565 112  87 289  69 329  68 380 192
 417 511 286  75 354 108 228 309  18  12 555 473 265 319 504 437 654 629
  97  73 257 166 123 222 624 190  80 568  83 330 621 446 383 207 448 233
 258  89 585 113 156   5 644 597 416 351  39 191 457  77 486 628 378 366
  22 579 196 589 414 526 425 230 390 469 487 438 345 519 193 180 229 570
 350 372 634 577 531 596 255 331 285 107 574 604 632 323 540 219 396 648
 612 560 509 521 204 288  43 294 476 631 642 276 253 488 595 492 269 142
 600 187 277 235 482 364 161  94 182 234 551  10  44 105 475 184 615 602
 554 212 525 155  72  84 271  61  28 109 435 267 652 418 130 640 153   9
 532 656 513 146 163 365 171 518 232 400 395 298  57 328 280  16 454 353
 325  54 305 223 566 275 643 428 199 304 489  30 450 506 318 384 248  42
 505 427 463 326 317 641 178 412 301 616 145 338 352 303 453 175 495  35
 314 393 529 236 320 556 550 290 126 379 381 158 101 291 619 194  96 423
 558 251 646 341 243 355 543 609 410 647 177  14 125 349 483 346   7 337
 283 241 174 137 176 387 507  19 614 603 181  58 467 541 205  47 605 484
 586 552 651 333 413  11 120 420   1 433 336  62 220  20 472  17  29 200
  51 292  41 514 464 422 397 164  15  40 272 202 144 362 490 162 547  60
 357  38 307 635 633  50 347 363 324 342  95 327  55 498 458 151 316 573
  82 147 360 481 154 569 500 409 213 508   2 115 611 239  91 451 281 411
 449 501 296 172 224 100 237 426  70 559 121  64 571 588 168 149 572 527
 270 141 535 134 334 408 306 404 148 382 599  93  56 523 110 129 440 287
 302 575 111 432 293 431  74 260 244 344 169 246 479  13 617  37 594 524
 613 460 198 295 447  65 650  71 152 399  21  86 405 361 623 215 620 132
 374 102 522 403 262  33 394  53 499 388 377  31 645 170 578 625 429 340
 593 203 582 227 576 188   3 465 197  59 138  24  63 284 455  27 653 261
 649 528 103 466 183 538 240   4 443 601 503 436 462 563 510 321 245 608
 133 533 549 119 348 607 335 553 368]
GPU0
set random seed!
finished RVND in 8.50602984428s
data-line;initial_solution;282553870;final_solution;14506922;time;8.50602984428;counts;824;fv;[];cv;[503, 215, 96, 8, 2];imp;19.4771757924
