pydf_home: /home/rodolfo/git/Sucuri
simple_pycuda_home: /home/rodolfo/git/simple-pycuda
wamca2016path: /home/rodolfo/git/wamca2016/
localpath: /home/rodolfo/git/dvnd-df/code/dvnd-df/src/
WAMCAPATH:/home/rodolfo/git/wamca2016/
Using already created file:  wamca2016lib.so
Size: 501 - file name: 05_TRP-S500-R1.tsp
ns:  [<function <lambda> at 0x7fde9c6fe0c8>, <function <lambda> at 0x7fde9c6fe140>, <function <lambda> at 0x7fde9c6fe1b8>, <function <lambda> at 0x7fde9c6fe230>, <function <lambda> at 0x7fde9c6fe2a8>]
ns:  [<function <lambda> at 0x7fde9c6fe0c8>, <function <lambda> at 0x7fde9c6fe140>, <function <lambda> at 0x7fde9c6fe1b8>, <function <lambda> at 0x7fde9c6fe2a8>, <function <lambda> at 0x7fde9c6fe230>]
33465690-[125  56 124 324 254 145 121 215 447 224 311 486 357  37 252  73 389 220
 141 261 313 236  95 202 398  11 360 167 260 433  48 317 445 296 204 484
 278 265  13 199 157 253 410 197 164  43 359 405 191 341 149 363 482 384
  85 370 481 473 352  64 270 369 381 119  70 449  47 469   4 315 105 241
 346 374  55  24   0 107 421 443 113  77 392 387 383 423 160 222 470 187
 349 120 234 185 362  20 287 367 244 147 134 454 128 494 182 283 203  46
  72 434 198 212  25 499 294 354  62 429 379 408 334 330 438 355 194 291
 106 115 326 325 228 200 304 111 441 225  81 455   7 152 230 288 146 432
 110 490 347 348 333 376 162 137 366  22 211 427  19 116 372 385 344 163
 174  23 245 488 247  58 268 103  33 496 231 108   2 151 190 409  96 498
 404 132 285  60 487 485 466 495  49 169 403 336  50  29 401 500 431 117
 428 394 242 480 123 399 235 208 425 471 139 462 301 290  61 193  17 388
 239 102 450 328 218 395 277 118 463 201 492 332  74 295 172 414 320 297
  67 377 166  18  59 257  34 205 282 318 478 419  83 155 186 337 303 142
 196 248 259  30 299 489 255 397 122 448 451 464 210 327 264  38 426 308
  51 493  28 444 342 101 279  45   8 351 104 165  94 150 136 170 386 188
  87   5 171 452   9  76 375 179 345 267   3 400 238  90 335 189   6 411
  16 356 435 479 133 180 293 307 309 289 140 339 343  92 263 350 209 458
  31  32  63 302 364 331 184 460  57  93  75 271 223  78 280 422 176 227
 312 129 148 314 437 292 440 135 475 442  35 446 161  86 275  26 181 226
 382 250  68 415 243 213 456 436 413  99 474 340 306 418 237 396 371 310
 251 154  39 412 497  79 393 390  54 281  84  12 130 109  98 316 298 266
 322  69 402 168 380 406 219 206 416 329 156 153 195  66 229 358 420  41
  65 274 100 286 262 232 240 457  53   1 177 368  80 269 221 112 207 258
 483 175 276  15  44 138  91 321 465  88 338 361 131  71 391 284  42 439
 272 453 178  82 114 319  36 273 256 246 373 158 472 233 126 217 144 183
 477 323 378 407 192 173 424 143  89 491 127 430 461 353 305 365  27  14
 300 467 159 214 249 459  52 216 468  21  97  40  10 417 476]
GPU0
set random seed!
finished RVND in 4.72319698334s
data-line;initial_solution;33465690;final_solution;2007142;time;4.72319698334;counts;635;fv;[];cv;[402, 154, 67, 10, 2];imp;16.6733046292
