pydf_home: /home/rodolfo/git/Sucuri
simple_pycuda_home: /home/rodolfo/git/simple-pycuda
wamca2016path: /home/rodolfo/git/wamca2016/
localpath: /home/rodolfo/git/dvnd-df/code/dvnd-df/src/
WAMCAPATH:/home/rodolfo/git/wamca2016/
Using already created file:  wamca2016lib.so
Size: 501 - file name: 05_TRP-S500-R1.tsp
ns:  [<function <lambda> at 0x7f30e227f0c8>, <function <lambda> at 0x7f30e227f140>, <function <lambda> at 0x7f30e227f1b8>, <function <lambda> at 0x7f30e227f230>, <function <lambda> at 0x7f30e227f2a8>]
ns:  [<function <lambda> at 0x7f30e227f140>, <function <lambda> at 0x7f30e227f2a8>, <function <lambda> at 0x7f30e227f230>, <function <lambda> at 0x7f30e227f0c8>, <function <lambda> at 0x7f30e227f1b8>]
32944419-[276 392 168 188 148 314 337 176  36 425  72 236 104   2 368 438 255 395
  89 267 105 466  12 257 114 278 186 406 296 335 292 241 351 332 182   7
 225  32 243 165  76 213 126 170 439 458 320 342 365  96 386 463  56  52
 199 169 436 265 350 301 231  53  93  62 452 166 144 177 221 440 112 123
  38 124 478 259 153 152 420 385 471 379  45  59 398 191 381 244 489 151
 253 266  97 422  34 483 187 192 424 184 219 142 158 482  95 457 360  91
  71 415 131 380 382 287 297 411 306 115 369  99 264 261 206 430   6 160
 402 443 238 460 451 494 300  54 418 480  33 404 383  51  75 289  19 302
  44  85 376 110  30 240 285 394 390 197 277 343 329 499 234 487 141  94
 361 464  60 254 122  15 108  41 138 116 435 496 200 388 319 119 202 495
 321 310 324 349 468 132 450 189  47 423 145 486 446 498  40 275  49 140
  22 157 147 154 445 295 303 194 400 426 354  25  58 143 479  77 412 441
 251 429  27 492 217 101  65 237 180 437 268 344 274 313  10 359 109 185
 215  31 476 290 164 299 442 488 419 428 490  37 135 150 472 467 286 374
  90 239 326 449 172 269 137  84  57 355   1 258  92 455 193 453 195 107
 323 134 247 203 223 229 252  61 474 308 316  50  79 271   8  18 318 493
  24 459 485 113 230 159 410  69 397 340 232 174  82  13  48 248 312 273
 130 224 341 413  28 249 149 173  74  23 391 218 214 414 216 456 403 294
 387 327  78 408 328 348 204 447 315 346 207 211 208 334  17 362  80 128
 235  88   4 283 454 384 198  39 364 357 358 389 377 444 196 260 125 345
 311 331 233 281 256 246 250 155 146 245 163 133 347 284 473 322  66 129
 477 378  63 352  83 181 139  73 307 399 262 279 102 372 481 432 353 396
 367 209  20 421 282   9 205 462 272 226 338  68 227 280 291 127 293 366
  86 201 118 461 162 171 448 106 305  14  81   0  26  35 336 339 212  46
 175 317 370  70 375 270 120  16  21 484 325 465 469  87 121 178 330 136
 117 190 416 161 405 100  55 111 210 103 263 333 470 500 356 167 309   3
  43 427 401 497 179  64 220 222 242  67 434 304 409 491 363 393 433 156
  42 183 417 373 475 431  29 371  98   5 228  11 298 407 288]
GPU0
set random seed!
finished RVND in 4.14156484604s
data-line;initial_solution;32944419;final_solution;2061771;time;4.14156484604;counts;554;fv;[];cv;[364, 132, 50, 7, 1];imp;15.9786993803
