pydf_home: /home/rodolfo/git/Sucuri
simple_pycuda_home: /home/rodolfo/git/simple-pycuda
wamca2016path: /home/rodolfo/git/wamca2016/
localpath: /home/rodolfo/git/dvnd-df/code/dvnd-df/src/
WAMCAPATH:/home/rodolfo/git/wamca2016/
Using already created file:  wamca2016lib.so
Size: 501 - file name: 05_TRP-S500-R1.tsp
ns:  [<function <lambda> at 0x7f181cd870c8>, <function <lambda> at 0x7f181cd87140>, <function <lambda> at 0x7f181cd871b8>, <function <lambda> at 0x7f181cd87230>, <function <lambda> at 0x7f181cd872a8>]
ns:  [<function <lambda> at 0x7f181cd872a8>, <function <lambda> at 0x7f181cd870c8>, <function <lambda> at 0x7f181cd87230>, <function <lambda> at 0x7f181cd87140>, <function <lambda> at 0x7f181cd871b8>]
33105427-[446 299 159   5 188 423 271 445 345  77 368 338 130 177 251  10  58 441
 378  42 308  89 379 115 451 117 250 195 426 242 167  97  56 453 228  92
 392 461 282 226 365 291 352  35 350   4 334 182 330  14 397 348 469  96
 495 233 176 248 136 478 487 400  87  52 118 212 230 102 152 492 119 312
 311 407 185 255 470  33 473 302 500  93 155  15 372 151 421  71 406 354
 300 211  78  48 108 261 192 284  17 304 402  39 437 449 305  43 122 213
  44  85 293  86 225 477 179 275 106 320  26 189 434 415 265 183 447 125
 443 337 396 371 124 375 165 238 385 101 278 399 123  31 163 297 358 386
 217  16 456 303  95 347  51  59 391 181 274  69 149  94 465 257 404 331
 408 190 260 150 169 193  84  62 364 416  25 100 216 205 128  50 430 244
  22  82 296 204 173 142 114   3  74 454 359 264   0 172 236 325 367  61
 310 283 127 266 458  90 186 132  36 369 191  46 475 319  57 279   1 356
 187 427 103 237 419 462 168 412 222 214 452 153 137 381 301 158 318 351
 409 313  18 393 143  73 455  23 336 428 314 340 420 218 259 464 290  34
 224 104 235  45 380  75 107 227 366 370 425 234  99 471 496   8 247 289
 105 315 232 459 342 288 295 490  12 178 298 349 139  29 221 481 417   7
 483 361 333 326 468 482 474 110 198 479  11 229 180  27 287  32  79 436
 109 374 254 485 335 442 450 438 121 444 390 382 111 133  40  19 220 383
 262 316 112 113  30 321 460 223  20 273  28 466 231 497 439 309 184 389
   2  49 418 215 241  81  67 196 209 267  76 387 467 164 277  55 491  98
 332 394 377 353 175   6 413 239 339 174 246 494 269 488 129  38 388 498
 147 395 210  91  70 493 240 324  21 156 146 135 194  68 148 424 343 463
 245 116  80 141 144 263  83 398 145 258 410 360 373  63   9  72 253 162
 256 414 285 422 131 286 208 294 355 249 448 384 432 476 341 327 401 200
 166 272 161 268  65 203 206 499 197 317 160 486 170  47 219  66 140 457
  88  53 346 199  64 323 405 134  41 280 202 138 344 126 363 472 411 362
 329 328 292  37 403 252 171 357 433 489 322  60 307  24 480 431  13 276
 154 440 157 435 270 201 243 484 120 281 306 376 429 207  54]
GPU0
set random seed!
finished RVND in 4.96192502975s
data-line;initial_solution;33105427;final_solution;1997470;time;4.96192502975;counts;637;fv;[];cv;[382, 168, 80, 6, 1];imp;16.5736792042
