pydf_home: /home/rodolfo/git/Sucuri
simple_pycuda_home: /home/rodolfo/git/simple-pycuda
wamca2016path: /home/rodolfo/git/wamca2016/
localpath: /home/rodolfo/git/dvnd-df/code/dvnd-df/src/
WAMCAPATH:/home/rodolfo/git/wamca2016/
Using already created file:  wamca2016lib.so
Size: 501 - file name: 05_TRP-S500-R1.tsp
ns:  [<function <lambda> at 0x7fb92e3120c8>, <function <lambda> at 0x7fb92e312140>, <function <lambda> at 0x7fb92e3121b8>, <function <lambda> at 0x7fb92e312230>, <function <lambda> at 0x7fb92e3122a8>]
ns:  [<function <lambda> at 0x7fb92e3121b8>, <function <lambda> at 0x7fb92e312140>, <function <lambda> at 0x7fb92e3120c8>, <function <lambda> at 0x7fb92e3122a8>, <function <lambda> at 0x7fb92e312230>]
31075269-[124 339 152 376 192 462 358 139 388  66 229 316 116  34 273 366 350  83
 496  95 151 250  88  48 375 480 185  14 320 261 131  12 428 431  39 259
 283 164 241 171 211 349 276  10 479 206  30 426 149 176 459 355  65 264
 488 277   2 360  37 489  51 219 184 281 119 321  69  89 237 205 403 348
 153 270 228  25 444  49  26 312  72 333 232 196 410 498 309  73 497  81
 295 347 395 288 332 269 134  31 159 445 374 500 434 371 495 106 461 460
  50 378  85 132 322 408 421 422 326  55 125  35 469 202 329 394   7 412
 194 290 315 383 338 352 440 188 101 446 268 351  61 181 389 364 168 189
 356 104 267 236 225 251 472 289  68  46 311 183 368 108 319 248 172 317
 456 293 243 112 494 287 442 160  60 407 156 367 274 158 492 191  38 231
 390 222 220 118 296 100 425 195 123 365 401 197 432 485 128 247 331  67
  44 313 484 441 266 346 468 299 126 292  71 260  58 397 357  62   6 122
  40   5 363 154 411  74 449 418 398 334 214 109 481 138 340 224 436 193
  45 245 314 212 381 310 437 305  87 413 384 239  63  92 133 203 353 278
 163  53  11 150 402  32 382 393 213  76 262 140 166 147 405 404 256 370
 409 362 450 369 144 318 282 344 240 474 199 439 302   3 345 337 146 423
 226 179 103 102 127 233  57 499  90 475 483  15 415 336 294 110 279 178
 114 143 161 129 291 455  86 284 490  78 227  22 285 238 190 136 487 169
 145 113  98  70 210 427   4 457 342 198  97 115 249 335 443 141 174 204
 438 429  52 257  24 297 135 215  43 482 280 271  27  64 491 301 234 242
 148 399 396 253 298 200 458  41 265 451 162 307 252 272 306 286 244  54
 117 308 486 454 105 391 186 377 209  28  79 343 157  18 142 386 473  93
 182 464  17 275 221 452 235 467  99 433 416 130 323  23 258 380   9  56
 463  13  47 471  84  82  94 254   8 121  16 173 223 354 477  75 328 107
 255 246 341 385  20   1 447 175 208 155 300  36 201  77 325  59 420 263
 466 216 417   0 379 465 478 476 372 430 111 187  91 303 207 165 217 230
 392 435 120 424 218 180 137 419  29 324  80 330 327 406 170 361 448 493
 359 453  96  33  42  19 400 373  21 470 304 177 167 414 387]
GPU0
set random seed!
finished RVND in 4.38371300697s
data-line;initial_solution;31075269;final_solution;1999891;time;4.38371300697;counts;587;fv;[];cv;[353, 154, 71, 7, 2];imp;15.5384813472
