pydf_home: /home/rodolfo/git/Sucuri
simple_pycuda_home: /home/rodolfo/git/simple-pycuda
wamca2016path: /home/rodolfo/git/wamca2016/
localpath: /home/rodolfo/git/dvnd-df/code/dvnd-df/src/
WAMCAPATH:/home/rodolfo/git/wamca2016/
Using already created file:  wamca2016lib.so
Size: 501 - file name: 05_TRP-S500-R1.tsp
ns:  [<function <lambda> at 0x7f6f4823b0c8>, <function <lambda> at 0x7f6f4823b140>, <function <lambda> at 0x7f6f4823b1b8>, <function <lambda> at 0x7f6f4823b230>, <function <lambda> at 0x7f6f4823b2a8>]
ns:  [<function <lambda> at 0x7f6f4823b230>, <function <lambda> at 0x7f6f4823b1b8>, <function <lambda> at 0x7f6f4823b2a8>, <function <lambda> at 0x7f6f4823b140>, <function <lambda> at 0x7f6f4823b0c8>]
32673728-[181 243  81 382  51 218  22 187 109 221  35 346 216 484 255   4 500 215
 203 433 328 179 449 250 122 410  18 186 483 313 112 279 355 325 426 286
  96  42 477 462 191 455 290 305 263 348 399 332 338 171 364 296 265 189
 352 322 385  90 174  82  46  70  29 327 142 366 163   9 337 128 310 222
 234 260 429 155  83 466 320 278 445 422 363 256 425 130  99 489 124  71
  19  52 233 146 457  62 431 427 350 271 213 342 166 212  69 227  94  98
 398 459 257  34  64 490  66 206 308 139 102 194 254 396 469 202 259 295
 468  16  41 293 372  84 467 170 411 357 247 282 214 404 492 180 117 439
 334 379 201 408 245 413 159 339 347  37 232 220 478 423 143 268 412 154
  80 414 321 393 153 275 280 244 318 497 345  75  28 403 131 481 315 176
 298 454 161 456 395  40 175 354 229 392 440  86 461 209 115 470 434 133
 430 391 107 148 333 311 144 442 210 424 253 435 266 150 196  44 416  79
 370  25 359  32 172 312 482 123  27  73 204 281 402 397 368  36   6 152
 349 147 446 113 240 494  21 226 274 485 389   3 269 479 353 236  57 264
 198 488 151 371 451 418 156 407 390 188 252  85 108 193   2 241  61 409
 251 443 421  13   7 284 208 499 387 493  91 362   1 340 297 388 288  33
 491 104 230 299 219 383  23 324  63 272 415 378 169  49 326 400 365  54
  43 120 223 376  10 480 183 472  87  50 487 373 116  68 165 437 432 164
 287 360 184 149 134 441 277  47 141 127 207   0 381 157  53  39 291  56
 344 103 463  17 358 237 167 384 126 336 329 200  31 242 283 294 300 185
  60  45 356 464 273 125  65  88 190 331  97 420 302  48  77 136 132 110
 438 367 377  12 317 303 224 452  74 419 162 405 323  24  20 228 105 374
 304   5 267  59 168 129 498 401 182 231 474  89 406 428  26 119 138 436
 276 249 262 450 100  72 195 101 306 330 246 417 248  55  30 341 386 160
  95 460 177 178   8 475 471 158 235 135 335 111 137 369 114 465 121 486
  67  76 211 375 380 192 343 106 173 495 289 309  58 270 145 316 361 476
 239 197  92 205 238 307  14 351 217 140 258  78  11 473 261 285 458 118
 314 301 394 448 444 292 225 199  15 496 453  93  38 447 319]
GPU0
set random seed!
finished RVND in 5.6170270443s
data-line;initial_solution;32673728;final_solution;1994480;time;5.6170270443;counts;712;fv;[];cv;[400, 191, 105, 11, 5];imp;16.3820785368
