pydf_home: /home/rodolfo/git/Sucuri
simple_pycuda_home: /home/rodolfo/git/simple-pycuda
wamca2016path: /home/rodolfo/git/wamca2016/
localpath: /home/rodolfo/git/dvnd-df/code/dvnd-df/src/
WAMCAPATH:/home/rodolfo/git/wamca2016/
Using already created file:  wamca2016lib.so
Size: 318 - file name: 04_lin318.tsp
ns:  [<function <lambda> at 0x7f342fbb10c8>, <function <lambda> at 0x7f342fbb1140>, <function <lambda> at 0x7f342fbb11b8>, <function <lambda> at 0x7f342fbb1230>, <function <lambda> at 0x7f342fbb12a8>]
ns:  [<function <lambda> at 0x7f342fbb10c8>, <function <lambda> at 0x7f342fbb1230>, <function <lambda> at 0x7f342fbb11b8>, <function <lambda> at 0x7f342fbb1140>, <function <lambda> at 0x7f342fbb12a8>]
93560696-[159 178 188  49  40 106 191 286  55   1 277 112 130 291 290  77 220 254
  69 157  39 125 300 123  31  32 276  70  30 184  57 119 107 176  44   2
 270  47 128 315 301 234 134 116 299  59 224  92 187  68  19  10 296 217
 268 198 261 238  74 297 201  51 264 249  61 269 185 244  12 163  94 250
 225  63 256  53  91 138 221  56 229 137 248 273 179 210 279  33 133 140
   6 206 174 247 202 207 189 155  52  20   3 267 266 240 280  50  96 204
  85 275  98 255 193 262  89 158  38 144 310  99 103  13  15 141 109 314
 258  71 111 211 161   0  95  23  62 102 129 118 298  25 274  84  82 172
 139 169 136 259 175  17 271  16 156 306 114 285  45  37 281 153 196  90
 243 152 213  64 164 212 142  72 180   5 146  11  43  65 170 183  97  58
   7  34 194  24 308 292  75 284 239 218 199 209  54 214  22 232 252 222
 122  21 148  35 126 215  28  88 288   8  79  66 230 263 242   4 304 303
 260 312 228 216 226  86 316  60 205 101   9 143 150 166  29  26 182  87
 235  80 307 115 177  46 223 181 208 233  18 151 160  42 190 135 171 253
  41 282 195  93 124 289 283 278  27 104 131 113  83 237 110 167 317 197
 272 294  36 105  67 236 265 121  78 200 192 132 173  48 127 149 293 241
 287 117  81 165 309 145 305 219  76 295 186 154 203 251 231 313 100 120
 302 257 246 162 108 311  14  73 245 147 168 227]
GPU0
set random seed!
finished RVND in 2.43537998199s
data-line;initial_solution;93560696;final_solution;6439654;time;2.43537998199;counts;363;fv;[];cv;[225, 93, 37, 5, 3];imp;14.5288389718
