pydf_home: /home/rodolfo/git/Sucuri
simple_pycuda_home: /home/rodolfo/git/simple-pycuda
wamca2016path: /home/rodolfo/git/wamca2016/
localpath: /home/rodolfo/git/dvnd-df/code/dvnd-df/src/
WAMCAPATH:/home/rodolfo/git/wamca2016/
Using already created file:  wamca2016lib.so
Size: 318 - file name: 04_lin318.tsp
ns:  [<function <lambda> at 0x7fa1d10370c8>, <function <lambda> at 0x7fa1d1037140>, <function <lambda> at 0x7fa1d10371b8>, <function <lambda> at 0x7fa1d1037230>, <function <lambda> at 0x7fa1d10372a8>]
ns:  [<function <lambda> at 0x7fa1d10370c8>, <function <lambda> at 0x7fa1d10371b8>, <function <lambda> at 0x7fa1d10372a8>, <function <lambda> at 0x7fa1d1037140>, <function <lambda> at 0x7fa1d1037230>]
99234018-[104  47 135 147 249 300 185 115  89  24 157  74 190  28 253 298  50 271
  23 250   9 137 203 121 301  96 261 269 294 259 234 207 120  60 110 257
 284  53 212 252 187 176 103 275  56 128 209 293 303   1 304  15  58 106
 273 210  97 240 139 302   0 306 100 312 283  80  38 151  70 286  43 108
  88 198  46  67 162 279 163 228 246 166 102 289 188  11  95 238 245  93
  75   7 127  91  41 264 227  72 242  45 181 216 168 167 159  87 288 231
  71 158  29  54 311 109 171 169 268  98 204 142  73 313  68 173 235  86
 124  16  69 105 141 285 265 278 196 154 160 170 243 131  49 296  59 192
 143 149  92 218 194  27 202 272 219  18  76 280 266 247 155 305 260 211
 150 220  34 178 223  35  36 263 112  26 177 116 267  40  62  20 291  42
 195 256 248 314 230 317   5 200 232 156 236 193 299 241  33 287  78 129
  22 276 226 277  52  79  90  48 125 254  83 138  13 213 244  10 206 133
 237 205 297 292 130  25 172 145  37 262 114 295 101 221 174 222 140  14
  82 197 117 308 229 175  99   4 107  85   6 186  61   3 215 258 126 307
 217  21 146 182 316  94   2  30 251  17 123 144 224 148 225  51  44  19
 214  81 153 290 199 191 309 208  32  65 152 310  39 281 136 113 118  84
 111 122 132  66 274 233 165 255 161 134 201 315  77  57 183 282 179  31
  12 184  64 164  63 180  55 189   8 239 270 119]
GPU0
set random seed!
finished RVND in 2.82782793045s
data-line;initial_solution;99234018;final_solution;6250836;time;2.82782793045;counts;465;fv;[];cv;[276, 127, 50, 10, 2];imp;15.8753193973
