pydf_home: /home/rodolfo/git/Sucuri
simple_pycuda_home: /home/rodolfo/git/simple-pycuda
wamca2016path: /home/rodolfo/git/wamca2016/
localpath: /home/rodolfo/git/dvnd-df/code/dvnd-df/src/
WAMCAPATH:/home/rodolfo/git/wamca2016/
Using already created file:  wamca2016lib.so
Size: 501 - file name: 05_TRP-S500-R1.tsp
ns:  [<function <lambda> at 0x7f78f3ac00c8>, <function <lambda> at 0x7f78f3ac0140>, <function <lambda> at 0x7f78f3ac01b8>, <function <lambda> at 0x7f78f3ac0230>, <function <lambda> at 0x7f78f3ac02a8>]
ns:  [<function <lambda> at 0x7f78f3ac0140>, <function <lambda> at 0x7f78f3ac02a8>, <function <lambda> at 0x7f78f3ac00c8>, <function <lambda> at 0x7f78f3ac0230>, <function <lambda> at 0x7f78f3ac01b8>]
32669310-[ 45 101 231 449  77 156  84 143 448 130   3 290 442 476 264 279 144 434
 135 215   4 288  94 169 331  24 475 406 493 351 473 500 328 281 292  73
  99 251 158  11 385 423 342 478 186 304 212  81 407  93  37  75 440 428
 149 213 309  96 411  72 472 115 235  30 102  92 242 339  26 221 365 404
 189 170   7 313 152 208 153 196 269  98 230 319  90  61 336 363  31 131
 369  35  95 261 266   9 120 162 311  88 457 284 265 382 253  18 272 376
  78 355 160 278  58 254 225 415 409 146 123 119 191 218 318  23  44 303
 263 201 300 142   2  59 280 129 468 177 252  89 282 400  36 459 367 387
 233 246 150 470 370 207 353  29 327 412 167 375 185 373 320  34 187 240
  55 118 100  51  17  68 418 247 181 128 489 352 374  85 410 139 443 108
 109  60 329 413  19 209 224 157 364 452   8 419 322 296  53 182 408 226
  10 491 125 132 259 306 175 138 179  76 184 368  74 104 111  39 140  13
 416  87 248 474 347   1  79 277 258 316 390 381 237 485 106 372 405 422
 326 438  57 234 307 357 136  16 481 486 424 497 482 354 498  32  42 371
  80 276 112 113 314 127 324 168  63 228 124  50 255 285 249 291 137 399
 441 451 217 299 496 383 492 297 330  91 310 439  41 298  97 490 172 302
 345 402 210 267  12 121 134 340 344 117 360  22 176 154 465 445 141 358
 171 462 338 308  64 437 421 495 479 105 243 232 216 417 332 435 427  69
 166  70  46 484 488 206 317 455 377 325 467 315 362 350 114 148 155 396
 432 386 107  52 174 464 244 398  43 165 198 388 305 426  14 436 190 145
 349 425 450 389 384 194   0 477 211 429 366 456 379 205 238 444 433 397
 192 480 460 214 147 151 483 245 193 469  21  25 159 453  48 471 361  28
 392  56 348 260 203  83 321   5 273 333 220 173 487 223  47 341 394 403
 274 458 195 499  67 430 180 420 200 414  33 250 293  49  54 275 391 161
  40 199 343 334 301 447 256  15 395 401 183 204 219 103 126 335 454 494
 295  66 337 461 294 283 446  82 164 271 286 178 270 197  62 346  38 239
 262 227 378  71 466 222 116 356  65 202 122 463 133 268 312 257 323 163
 229 359  27 287  20  86 393 236 110 380 431 188 241 289   6]
GPU0
set random seed!
finished RVND in 4.91052389145s
data-line;initial_solution;32669310;final_solution;1989291;time;4.91052389145;counts;620;fv;[];cv;[372, 164, 71, 10, 3];imp;16.4225897569
