pydf_home: /home/rodolfo/git/Sucuri
simple_pycuda_home: /home/rodolfo/git/simple-pycuda
wamca2016path: /home/rodolfo/git/wamca2016/
localpath: /home/rodolfo/git/dvnd-df/code/dvnd-df/src/
WAMCAPATH:/home/rodolfo/git/wamca2016/
Using already created file:  wamca2016lib.so
Size: 226 - file name: 03_pr226.tsp
ns:  [<function <lambda> at 0x7f5b4853e0c8>, <function <lambda> at 0x7f5b4853e140>, <function <lambda> at 0x7f5b4853e1b8>, <function <lambda> at 0x7f5b4853e230>, <function <lambda> at 0x7f5b4853e2a8>]
ns:  [<function <lambda> at 0x7f5b4853e230>, <function <lambda> at 0x7f5b4853e0c8>, <function <lambda> at 0x7f5b4853e2a8>, <function <lambda> at 0x7f5b4853e1b8>, <function <lambda> at 0x7f5b4853e140>]
194803681-[  7 196 120 131  94  55  95 208   2 190  86 154  19  12 111 142  27  98
  58 129 192 153  66   3 144 173  13  69 130 185  64  85 105 149 175 117
  42 188 217  24   9 172  77  88  57  96 202  11 201 134 168  73 169  32
 186  61  18  10   4 211 189 194 222  79 220 151  90  80 178 193 223  36
 206  17   1  50  39 205  67  84 210  59 114 191   0 103 124  74 132 187
 122 218 137 183 145  30  82 116 104 180  89  34  15 119  92  37 167  21
  93 163 216  60 184  31 112 159  70 106 200  99 108 207 152  20 115 179
  87 214  29  65 166  51 150 140 221  44  68 199 204 146  72  56 138 147
 135 203  54  33 113 177 158 224   5 225 109 139 125 102  23  16  48 198
 136 161  53 157 155 212  35 118  26 170  91   6   8  43 181 101  14 209
 174  25  75  62 160 195 121  78 127  71 165  52 107 162  63  83 128 133
  97  41 171 110 182 141 123  28  40 213  47  38 219  81 148 215  49 164
  22  76  46 143 156  45 100 176 197 126]
GPU0
set random seed!
finished RVND in 2.60705018044s
data-line;initial_solution;194803681;final_solution;7688595;time;2.60705018044;counts;549;fv;[];cv;[489, 44, 13, 2, 1];imp;25.3367072918
