pydf_home: /home/rodolfo/git/Sucuri
simple_pycuda_home: /home/rodolfo/git/simple-pycuda
wamca2016path: /home/rodolfo/git/wamca2016/
localpath: /home/rodolfo/git/dvnd-df/code/dvnd-df/src/
WAMCAPATH:/home/rodolfo/git/wamca2016/
Using already created file:  wamca2016lib.so
Size: 783 - file name: 07_rat784.tsp
ns:  [<function <lambda> at 0x7fea7a9230c8>, <function <lambda> at 0x7fea7a923140>, <function <lambda> at 0x7fea7a9231b8>, <function <lambda> at 0x7fea7a923230>, <function <lambda> at 0x7fea7a9232a8>]
ns:  [<function <lambda> at 0x7fea7a923230>, <function <lambda> at 0x7fea7a9231b8>, <function <lambda> at 0x7fea7a9230c8>, <function <lambda> at 0x7fea7a923140>, <function <lambda> at 0x7fea7a9232a8>]
71506945-[615 599 430 252 526 743 124 678 671 243 385 286 518 694 381 624 396 424
 258 752 603 111 320 331 160  18 623 405  55 305  74 704 227  76 695 645
 497 173 759 534 625  77  19 555 382 357 407 554 361 235 692 697 335  96
 717  64 657 232 707 296   1 300 691 612 628 772 141 176 165 391 718 609
 535 373 323 547 711 499 659  14 386 541 471 337 736 276 338   8 500 297
  47 767 336  80 661  17 470   2 231 771 132 194 222 374 153 443 748 755
   0 508 764 740 618 203  95 198 486 263 242 510 641  88 515 505 271 241
 240 766 525 583 716 350 106 527 768 479 208 536 763 538 571 369 551 524
 363 677 214 360 658 588 637 613 340 601 719 591 284 209 563 769 193 314
 358 622 123 710 304 592 483 190  29 488 155  75 317 204  79 460  97  16
 226 390 516 366 502 136  57 683 324 440 732 481  36 579  91 133 109  31
 696 576 283 706 149 482 782 306 569 651 581 734 302 197 163 493 533 289
 103 480 451 656 295 562 513 660 532 343 264 746 171 668 540 253 648 744
 150 294 779 122 426 167 213 134 662  38 565 585 434 758 751 326 616 355
 780 636 556  46 349 170 702 272 552 267 312 315 720  27 549 498 248 216
 724 672 712 125 685 726 770 723 539 339 700 404 128 728  54 621 101 116
 311   7 754 310 403 406 584 575 586 309 433  63 522 275 196 378 110  66
 517 670 416 127 574 118 447 630 273  35 172 367  58 431 617 234 750 504
 183 282 217 690 701 142 394 157 448 330 370 730  61 100 342 546 647 345
 402 206 610 725 741 632 698 108 177 344 530 620 634 558 418 523 564  45
 143 553 452 638 496 776  10 492 682 489 675 290 669  71  89 400   4 445
 364 550 721 484  84 412 713 223 519 450 473 420 531 566 410 291  56 542
  70 288 380 239 205 491 161 643 299 319 506 354 611  60 478 250 397 293
 112 545 393 201 384  99 189 449   5 303 229 600  73 221 727  12  93 156
 151 117 708 423 244 529 664   9 737 466 476 387   3 256 432 773  28 188
 278 596 635 731 301 158 147 666 325 765 580 383  72 146 114 528 207  37
 230 777  94  53 376 709 224 458 121 186 742 676 257  26 137 254 503 368
 329 446  40 362 280 778 211 422 501 322 372 639  39 462 442 468 421 605
 735 487 162 757 237 395 185 521  78 544  98 175  82 184  87 145 266 178
 594 537  20 408 703 705  43 593 739 191 646  68 401 435 595 762 328  50
 419  24  83 166 456 200 332 577  34 693 485 607 154 438 760 738 220 681
 509 747 353 729  69 348  22  92 139 511 409 192 236 557 352 627 436 341
  65 265 619 715  62 180 463 351 604 399 318 168 642 507 210 626  49 245
 665 654 140 169 597 745 233 334 653 107  42 714 733 120  86 455 663 246
 722  52 427 631 219 281 249 495 650 475 439 633 674 187  81 164 113 260
 212 428 774 202 464 640 629 102 195 687 270 105  25 215  85 371 477 425
 559 269 228 572  11 689 578 375 308 688 159 756 598 298 115 255  44 104
 673 287 494 587  32 680  21 415 454 261 174 333 686 225  33 285 459 346
 181 307 126 218 148 179 461 262  51 182 749  15 238 199 292 667 543 274
 457 614 567 512 247 465 417 608 781 589 590 753 520 392 413 679 259 761
   6  67  30 279 138 365 602 152 388 467 655 514 129 398 644 313 377 356
 379 347 570  23  48 684 316 441 606 472  13 453 548 490 469 321 130 429
 561  41 135  59 411 444 573 414 699 649 144 652 775 437 389 251 359 474
 560 277 582 568 131  90 119 327 268]
GPU0
set random seed!
finished RVND in 13.2775888443s
data-line;initial_solution;71506945;final_solution;3415234;time;13.2775888443;counts;1062;fv;[];cv;[598, 301, 148, 11, 4];imp;20.9376414618
