pydf_home: /home/rodolfo/git/Sucuri
simple_pycuda_home: /home/rodolfo/git/simple-pycuda
wamca2016path: /home/rodolfo/git/wamca2016/
localpath: /home/rodolfo/git/dvnd-df/code/dvnd-df/src/
WAMCAPATH:/home/rodolfo/git/wamca2016/
Using already created file:  wamca2016lib.so
Size: 318 - file name: 04_lin318.tsp
ns:  [<function <lambda> at 0x7fe7c76b70c8>, <function <lambda> at 0x7fe7c76b7140>, <function <lambda> at 0x7fe7c76b71b8>, <function <lambda> at 0x7fe7c76b7230>, <function <lambda> at 0x7fe7c76b72a8>]
ns:  [<function <lambda> at 0x7fe7c76b71b8>, <function <lambda> at 0x7fe7c76b72a8>, <function <lambda> at 0x7fe7c76b7230>, <function <lambda> at 0x7fe7c76b70c8>, <function <lambda> at 0x7fe7c76b7140>]
92531657-[293 297 131 305  46 197  86 223 236 120 192 232 259  33  38 172 258 206
 250 159 198 151 307  69  13 210 147 316 184  26 299  71 271 118 207 287
  83  89  72 139 195 245 230   4 238  50  22 181 114 132  37 137 153  41
 158  84 179  12 112 140  87  55 242  63 156 211 292 227 193 257 213 261
 219 285 304   3  59 295 185 255 301 214 116 266  98 148  16 234 228 186
 171 133 176  96  23 262  54 306 138  28 161  30  20 302 200 217 150 253
 143 166  64 241   6 134  43 203  99 162 310 311 122 201 106 194  52 248
 124 105  40  11 103 154 264 215 265  80 239 157 183 235 233 272  90 126
 312   8  67 104 303  57 135 289  35 291 107 102  18 212  62 254 189 224
 298 243  21 128 188  68 113  44 136  10 267  14 199 202  66  25 282 144
 280 263  82 288 169 177  51 163  42  81 244 187  56 182  24  17 196  45
 309  88 152 221  15  78 283 155 205 278 178  70 256  97 142 168 218 145
  36  65   1 240  53 119 275 123 260  49 180 231 125 296 191 284  19 109
 294 290 110  58  34 127  60 208 315 165 317 160 173 101 121  75 220 190
 167  31 146 100 129  95 115 216  79 175 225 277  85 274 229 273  39  32
  91 111   9 130 246 313 281   7  48 141 174 209 149 268  92 249 279 286
 269  47 108  94  74 251 252   2 164  77   0  61  93 314 276  76 300 226
 270 204   5 117 247 222 170  73  27  29 308 237]
GPU0
set random seed!
finished RVND in 3.12105584145s
data-line;initial_solution;92531657;final_solution;6176636;time;3.12105584145;counts;348;fv;[];cv;[219, 84, 37, 6, 2];imp;14.9809146921
