pydf_home: /home/rodolfo/git/Sucuri
simple_pycuda_home: /home/rodolfo/git/simple-pycuda
wamca2016path: /home/rodolfo/git/wamca2016/
localpath: /home/rodolfo/git/dvnd-df/code/dvnd-df/src/
WAMCAPATH:/home/rodolfo/git/wamca2016/
Using already created file:  wamca2016lib.so
Size: 501 - file name: 05_TRP-S500-R1.tsp
ns:  [<function <lambda> at 0x7f011accc0c8>, <function <lambda> at 0x7f011accc140>, <function <lambda> at 0x7f011accc1b8>, <function <lambda> at 0x7f011accc230>, <function <lambda> at 0x7f011accc2a8>]
ns:  [<function <lambda> at 0x7f011accc1b8>, <function <lambda> at 0x7f011accc230>, <function <lambda> at 0x7f011accc0c8>, <function <lambda> at 0x7f011accc140>, <function <lambda> at 0x7f011accc2a8>]
34462738-[224 340  68 146 427  83 294  15 196 142  61 259 388  29  28 382  27 339
 288 476 227 163 141  10 474 383 267 128 243 113 411 175 311 268   3  63
 403 273  47 177  80 298 480 430  79  88 453 129  70 106 496 465 425  75
 185 199 344 352 410  35 361 316 279 220 119 285 362 130 497  13 301 246
 377 228 432 415 405 103 262  62 466 132  21  30  41 168 395   1  76  19
 192 266 401 222 211 299 458 263  26  54 358 160 322 110 179  87 134 239
 327 204 329 478 363 463 472 391 218 488 291 157 256 419 208 156 121  34
 206 360 392 436 178 180 280 446  32 445 135 108 251 400 369  90 489 389
 290  59 269 183 354 212 498 443 172 152  93 182 379 229 281 147  95 151
 127 289  46 219 368 380 169 271   4 374 490 461 154 467 173 441 148 158
  94  51  99 406 126 328 373 304  31 370 264 191 194 487 258 293  82 342
 393 302 276  67  11  56 426 424 174 297 333 231 124 307 120 187  66 421
 237 357 186 235 161  49  97 319  69  85 495 346 137 244  53 429  23  98
 310 420 418 385 345 438 335 462 351 364 238 326   5 469   6 402  40 257
  37 331 125  78 215 300 149 475 308 318 491 365 482 330 320  14  52 343
 390 234 145 414 115 230 376  17 236 193 164 381 114 131 347   2 408 387
 210 447 201 407 214 325 350 105 349 321 171  48 367 221 442 323 313 184
 233 296  71 336 261 159 479  45  60 416 155 240 165 456 440 312  55 295
  96 140  57 122 439 412 413 100 437 460   9 435 188 338  73 213 454  20
  64  44 123 303 242 468 398 422 275 334 455 287 433 473 249 470  77 409
 225 477 162   0  38 353 457 481 109 223 366 499  33 444 116 102 117 485
  25 324 111 372 337 356 386 434 286 394 139 170 282 176 101 452 150 205
 404 270 486  18 195 136 423  65 216 309 250 317 153 451 209 217 397 450
 448 492 449 253 272 314 207 459  92 348 306 118 399 247  39  42 274  24
 248 384 341 202 197  74 494 226   8 284  58 203 471 138 166  16  91  36
  86 305 484 133 104 359 198 431 112 181  81 107  43 493 378  89  50 167
 428 483 241 265 232 371 277  72 255 283 189 260 252 375 332 144 396 500
 355  84 315 200 292 254  22 464 245  12 278 190 143 417   7]
GPU0
set random seed!
finished RVND in 4.58047199249s
data-line;initial_solution;34462738;final_solution;2006600;time;4.58047199249;counts;585;fv;[];cv;[352, 156, 70, 6, 1];imp;17.1746925147
