pydf_home: /home/rodolfo/git/Sucuri
simple_pycuda_home: /home/rodolfo/git/simple-pycuda
wamca2016path: /home/rodolfo/git/wamca2016/
localpath: /home/rodolfo/git/dvnd-df/code/dvnd-df/src/
WAMCAPATH:/home/rodolfo/git/wamca2016/
Using already created file:  wamca2016lib.so
Size: 318 - file name: 04_lin318.tsp
ns:  [<function <lambda> at 0x7fe1961c90c8>, <function <lambda> at 0x7fe1961c9140>, <function <lambda> at 0x7fe1961c91b8>, <function <lambda> at 0x7fe1961c9230>, <function <lambda> at 0x7fe1961c92a8>]
ns:  [<function <lambda> at 0x7fe1961c92a8>, <function <lambda> at 0x7fe1961c9140>, <function <lambda> at 0x7fe1961c91b8>, <function <lambda> at 0x7fe1961c90c8>, <function <lambda> at 0x7fe1961c9230>]
91000250-[198 199 255 207 107 191 293  62 217 169 268 197 280  59 286 240 170 172
 220 112 133 118 302  15 294  78   3 277 168 261  42  16  51 235 111 275
 251 200  43 157 230 132 135  45 175 248 307 227  26 311 144 250 193 165
  95 195 206 271 256 102  25  39   4 305 181  88 213  69 231 160 136  47
 166   1 216 162 241 214 179 252  61 113  71 129  90 226 150 127 171   9
 184 212 238  22 163 147 134 114 233 245 312 297 210  64  20 265 190 237
   7 188 222 236 239  28 158 121 189  40  68 100 262 274 306 186  49 104
 299 145 115 151 146 178 308 283 187 183 123  41  33 224  77 137  83 148
 119 139 219   6  48 309 247  29 313 232 244 215 101 152  82 108 287  81
 316  31 279  66 205 202 242 196 138  94  35  54  14 128 204  11  23  75
 116 272   5  56 180 120 303 194  58 304 164 110 300  57 259 223 315 229
 203 177  17 106  44 156  63  55  32 276  24  27 208 257  74  87  60 296
  65  34 174 317 124 221 288  84 211 301 159  13  53 142   0  38  99  96
 267 264 154 122 269  85  50  46 263 298 282 253 182 131 167  76  70  12
  86  19 290 249 270  30  80 234 185 292 260  52 126  93 295  89 176 228
  79  18 281  91 209 125 284 161 225 289 278  72  98 143  37 130  67 201
  97 258  36 254 103 266 149  92   2 218 141 314 243 153 173 246 291 109
 310 117 105   8 140  10 273 285  73  21 155 192]
GPU0
set random seed!
finished RVND in 3.53791999817s
data-line;initial_solution;91000250;final_solution;5932137;time;3.53791999817;counts;448;fv;[];cv;[259, 121, 60, 7, 1];imp;15.3402138218
