pydf_home: /home/rodolfo/git/Sucuri
simple_pycuda_home: /home/rodolfo/git/simple-pycuda
wamca2016path: /home/rodolfo/git/wamca2016/
localpath: /home/rodolfo/git/dvnd-df/code/dvnd-df/src/
WAMCAPATH:/home/rodolfo/git/wamca2016/
Using already created file:  wamca2016lib.so
Size: 318 - file name: 04_lin318.tsp
ns:  [<function <lambda> at 0x7f6a478a90c8>, <function <lambda> at 0x7f6a478a9140>, <function <lambda> at 0x7f6a478a91b8>, <function <lambda> at 0x7f6a478a9230>, <function <lambda> at 0x7f6a478a92a8>]
ns:  [<function <lambda> at 0x7f6a478a91b8>, <function <lambda> at 0x7f6a478a9230>, <function <lambda> at 0x7f6a478a9140>, <function <lambda> at 0x7f6a478a92a8>, <function <lambda> at 0x7f6a478a90c8>]
92175088-[243 214 132 204  24 198 275 296  80 112  20 288  14 168 248  67 128  63
 170  78 255 249 111 220 120 213  64 270 233 298 314 115 181  16 105  13
  36  88 123 136 143 151  68 101 251 305 191  72 307  41 193  10  35  30
 109  54 104 228 159 221 291 116 130 240 150  90 177  39 208 250   9  32
  62  84 166 304 118 185 156  46 227  37 239 236 186  61 259 160  21 192
 157 317 129 139   6  87 174 175 195  45 308 152 114 199 238 219 190  15
  50 309 122  89 241  75  25 261 202 267 245 183 272 182 312 269  53 119
 310 203 113 290  27 263 273  79  56 165 178  59 205 127  60 229 162  17
  38  11 316 212 125 149 301 207 277 282  44 146 197 287 133 252 226 225
 217 155 209  55  66  81 210  12 293 108  26 279 295 266   8 258 315 131
 126 311  85 283 215 107  42  91   4  22 256 200  65  83 286  52 289 173
   3  99 154 223   7  48 180  57 142 137 176 257 237 232 171  77 253 265
 254   5 110  58 102  94 281 280  31 262 234 140 167 169 300   1   0  40
  70  97 235 278 172 260 148 138 145  71 303  93 147 158  92 188  76 134
 292  23  29  28 179 246 100 103  82  43 164  33  95  19  74 187   2 201
 285  51 218  47 274 161  49 135 230 244  69  73 106 242  18 313 224 264
 194 222 189  98 124 276 302 284 153  86 211 247 184 297 141 216 271 206
  34 231 121 117 144  96 299 268 163 294 196 306]
GPU0
set random seed!
finished RVND in 2.0252161026s
data-line;initial_solution;92175088;final_solution;6176250;time;2.0252161026;counts;437;fv;[];cv;[272, 108, 47, 8, 2];imp;14.9241186804
