pydf_home: /home/rodolfo/git/Sucuri
simple_pycuda_home: /home/rodolfo/git/simple-pycuda
wamca2016path: /home/rodolfo/git/wamca2016/
localpath: /home/rodolfo/git/dvnd-df/code/dvnd-df/src/
WAMCAPATH:/home/rodolfo/git/wamca2016/
Using already created file:  wamca2016lib.so
Size: 783 - file name: 07_rat784.tsp
ns:  [<function <lambda> at 0x7f86aecb10c8>, <function <lambda> at 0x7f86aecb1140>, <function <lambda> at 0x7f86aecb11b8>, <function <lambda> at 0x7f86aecb1230>, <function <lambda> at 0x7f86aecb12a8>]
ns:  [<function <lambda> at 0x7f86aecb11b8>, <function <lambda> at 0x7f86aecb10c8>, <function <lambda> at 0x7f86aecb1230>, <function <lambda> at 0x7f86aecb12a8>, <function <lambda> at 0x7f86aecb1140>]
70587928-[439 447 336 579 188 287 698 643 362  89 297 688  96 529 192 559 706 326
 291 387 206 462 754 415 368 372 113 150  47 441  80 517 647 346 123 158
 466 705 539 235 561 107 514 506  17 702 259  45 225 573 557 713 289  79
 581 481 548 445 604 327 686 682  86 329 715 765 523 252 299 474 284 276
 293  59 357 381 115 482  23 143 236 625 186 760 364 126  85 213 558 176
  83 678 241 203 153 740 449 665   2  12 701  66 386 731  70 133   4 214
 426 759 600 599 285 583 438 298 339 250 628 490 344  81 493 170  73  68
  41 337 256 554 651 266 341 766 248 330 165 168 669  95 494 279 748 178
 530 303 280 725 774 555 414 230 631 591 475 146 273 673 201 307 683 391
 440   5 502 629 519 778 419 593 657 500 742 404 520 290 204 244 442 690
 728 112 756 191 538 535  48 421 300 594 525 360 160 522 281 221 695 389
 749 320 301   7 653 127 121 164 650 282 711 234 171 155  78 193 321 461
 247 182 315 448 636 295  94 427 734 217 499  34 258 521 139 189 605 757
   3 338 487 314 417 648 267 169 458 495 349 782  10 428 710 577 129 125
 564  65 198 104  91 596 590 659 167 598 355 379 733 271 261  37 369  75
 117 722 543 232 239 222 194 433 254 607 358 609  60 741 700 507 363 227
 769 305 274 306 660 699 242 245 621 443  31 736 181   1 136 501  92 624
 173 587  42 215 378 430 729 537 399 752  27 144 689  82 513 255 623  25
 727 473 395 763 205 340 484 509 491 572 578 130 672 703 472 611 240 730
 388 630 335 551  63 692 478 468 576 762 249 311 751  99 617  61  64 568
 496 147 200  38 131 641 383  93 571 216 773 397 738  49 588 179 580 435
  56 451 632 382 322 533 735 489 219 667 755 375 464 401  53 141 676 207
  57 208 422 436 304 770 226 476 459 450 272 246 319 694 510 175 366 238
 457 286 680 465 534 373 526 508 177  29 726 202 328 334 159 111 108 771
 296 477 324 470 635 137  15 486 549 658 243 410 639   6 135 747 209 560
 746  11 444 425 668 589 393 498  20 152 288 704 385 211 180  32 103 644
 429 614 396 626 352 516 394 356 547 567 370 418 325 197 654 707 721 148
 237 656  50 469 776 716 719 277 350 157 753 220 515 134 109 406 708 145
  36 106 156 485 781 674 212 269 627 210   8 642 257 119   9 532 662 218
  77 224 608 541 351  13 163 758 619 696 620 317 402 601 780 278  14 116
 151 670 652 294 312 616 570  26 270 511 767 154 142 348 739 361 693 744
 124 503 128 392  21 333 412 546 779 556 737 185 149 566 302 138 275 697
 265  67 199 101 536 562 100 342 460 268 645 187 122  52 540 110 195 467
 483 140 313 612 437  39 743 380  46 331 505 563  55 602 531 745 512 775
 638 684 528 233 761 480 343  51 637 671 497  87  62 584 411 132 183 455
 102 371 184  54  72  33  74 569 552 263 231 687 575 253  28 613 420 354
 544 679 400 717 649 190  98 120 545 384 592 260 390 606 595 365 585 463
 251  24 553 229 681 174 332 431 413  35 376 640 359 310 453  97 777 416
 398 504 663 161 377 318 407  44 374 666 367 405  90 492 691  40 345 582
 610 424  22 732   0  76 162 264 228 488 118 454 675  88 309 409 434 723
 316 574 550 646  58  71 196 622 403 597 308  43  19 603 471 720 408 262
 518 615 724 618 283 432 634 685 565 714 655 633  69 664 677 750  84 452
 661 542 768 353  18 527 323 172 292 347 712 114 586 764 456 223 709 479
 166 105 718 524 446 423  30  16 772]
GPU0
set random seed!
finished RVND in 11.5856268406s
data-line;initial_solution;70587928;final_solution;3437415;time;11.5856268406;counts;929;fv;[];cv;[557, 239, 117, 12, 4];imp;20.5351777426
