pydf_home: /home/rodolfo/git/Sucuri
simple_pycuda_home: /home/rodolfo/git/simple-pycuda
wamca2016path: /home/rodolfo/git/wamca2016/
localpath: /home/rodolfo/git/dvnd-df/code/dvnd-df/src/
WAMCAPATH:/home/rodolfo/git/wamca2016/
Using already created file:  wamca2016lib.so
Size: 783 - file name: 07_rat784.tsp
ns:  [<function <lambda> at 0x7fa8501d70c8>, <function <lambda> at 0x7fa8501d7140>, <function <lambda> at 0x7fa8501d71b8>, <function <lambda> at 0x7fa8501d7230>, <function <lambda> at 0x7fa8501d72a8>]
ns:  [<function <lambda> at 0x7fa8501d71b8>, <function <lambda> at 0x7fa8501d70c8>, <function <lambda> at 0x7fa8501d7230>, <function <lambda> at 0x7fa8501d7140>, <function <lambda> at 0x7fa8501d72a8>]
68965750-[600 656 494 676 300 288 496 434 337 752 596 557 663  64 439 378 416  12
 128 121 353 746 230 714 431 320 667 315 171 222 443 411 106 107 140 306
 457 426 770 299 763   6 674  99 354 162 754 533 771 506 531 567  67 274
 338 256 399 448  50 298 603  76 664 745  21 115 713 517 329 649 461 696
 246 547 417 254 490 657 324 348  31 476 340 529 643 445 309 226 343 550
 406  36 424 358 725 458 761 588 167 365 563 203 373 190 751 384 462 774
  49 765 370 470 773 698 636 332 264 243 216 111 523 351   1 196 541 455
 229 699 511 758 712 660 552  19 428 737 559 168 395 263 627  68  37 144
 153 186  44 466 212 277 685 671 364 592 176 479 555 744 700 301 520 620
 611 405 474 666 570 192 219 360 207 534 158 240 742 509 436 334 572 290
 295 273 668 228  89 708 634 493 449 379 706 670 330 711 174 467 408 513
 205 224 262 669 386 556 429 654 640  34 560 390 678  66 497  72 507 604
 655 159 487  83 282 242 388 180 775 526 554 385 160 716 710 414 100 200
 724 221 215  97 702 571 352 181 381 743 120 642  15 652 665 142 630 372
 123  60 553 170 459 731 768 147 764 687 258 410 276 362  96 551   4 361
 577 345  52 582 369 684 522 602   5 356 695 489 578  20 781 546  42 587
 760 635 197 141 108 279 484 179 438 396 535 165 244 269 257 755 502 265
 175 118 133 477 629 151  63  92 331 122 472 500 583 260 314 569 590 456
 400 251 595 524 392 398 780 350 688 213 347  41   2 645 227 383 316 131
  70 519 234 650  28 580 585  88 335 715 437 349 294 673 296 707 510  29
 303 248 446 430 740 266 543 747 544 422 516 686  39 778 403 677 182 435
 126 307  86 105 741 641  22 675 253 465  61 275  80 607  94 143 201 322
 505 231 152 109  79 150 178 280 220  87 415 327 499 250  58 377 610 104
 638 512  27 739  14 184 346 441 624 525 117 305 114 371 662 368  57 286
 312 727 566 291 155 704 359  98 278 425 169 736 418 401 304   7 473 232
  69 573  75 637 310 568 223 530 594 450 527  73 112 691 769 549 293 375
 722 766 259 119 413 137 333 591 239  35 187 633 191  54 342 597  30 419
 311 404 189 103 726 245 495 626 163 576 540 238 195 779 538 628 233 341
  78  84 618   0 210  53  62 730 483  55 382 528 204 605 451  11 423 694
 584 653 614 237 536 101 581 539 134 145 482 738 287  40 289 393 734 561
 622 199 609 124 508 444 680 292 148 394 703 723 478 272 464 194 402  93
 166 323 661  24  77 156 453 225 608 732 452 325 236 757  59 281 625 651
 648 644 432  74 480 102  13 521 503 589 646 683 130 612 421 157 623 235
 442 564 759 463 518 247 756 339 647 485 501 689  25 409  91 407 681 599
 177 621 440 209 488 271 598 241 211 548 252 692  32 149 697 469 514 776
 639 515 433 767  43 579 336 532 720 376 389 110 574 249 129 491 615 593
 504 562 701 317 185 164 363 146 750 733  82 693 297 116 613  47  45 672
 268 328 154 617 631 397  33 735  65 139 481 486 427 173  90 319 718 255
 270 313 206 357 749 475 492 261 753 420 161  51 498 748 125 728 284 606
 267 135 679 387 717 302 285  48  85   3  71 214 658 113 127 729 188 183
 380 374 545 616 705 762 460 308   9 218 575 537 217 632 132 202 468 709
 619  23 366   8 193 782  16 565 777 391 318  17 447  81 601  46  18 659
  26 542 321 344  10 721 326 172 558 682 138 367 471 719 586 198 454 355
 690 283  38 772  95  56 208 136 412]
GPU0
set random seed!
finished RVND in 12.7301659584s
data-line;initial_solution;68965750;final_solution;3403039;time;12.7301659584;counts;1016;fv;[];cv;[553, 281, 154, 21, 7];imp;20.2659299526
