pydf_home: /home/rodolfo/git/Sucuri
simple_pycuda_home: /home/rodolfo/git/simple-pycuda
wamca2016path: /home/rodolfo/git/wamca2016/
localpath: /home/rodolfo/git/dvnd-df/code/dvnd-df/src/
WAMCAPATH:/home/rodolfo/git/wamca2016/
param: {solution_index:5, solution_instance_index:33, multi_gpu:True, goal:False, problem_name:ml, number_of_moves:10, device_count:2, solver:rvnd, mpi_enabled:True, workers:1}
Using already created file:  wamca2016lib.so
Size: 657 - file name: 06_d657.tsp

Value - initial: 267690038-[  1  75 294 457  28  33 441  64 406 220 334 276 351 621  21 528 510 372
 191  66  89 617 280  91 171 589 114 229 610 385 340 346 299 362 174 514
 471 653  77  26 638 631 641 384 320 259 525 426 190 116 237 352 507 353
 143 358 170 511 163 186 119  29 376 380 575 556 423 319 619 630 231 177
 524 291 155 108 201 554 106 361 210 489 652 647 420 558 333 226 162 434
 222 591 526 187  34 247  10 634 233 120 131  69 304 309 444 200 112 537
 399 542  42 544 248 612 491  49 467 439 287  30 178 482  88 110 296 578
 429 244 345 460 475 424  19 254 270 315 236  97 129 326 185 160  68 560
 133 614 595  98 371 604  76 175 622 194 584 493 628 149 445  57  61 257
 650 121 432 206  32 564 189 328 117  27 488 547 250 275 421 251 452 516
 449 208 483 466 314 289 125 472 608 267 202 378 238 436 180 624 583 440
 513 137 598 605 242  35 419 596 279 169 495 620 490 211 195 368 543 284
  94  11 239  31 632 359  59 269 221 311  95 594 138 379 337 497 103 655
 569 553 260 587 602  65 590 354 336 451 531 139 300 485 261 381 478 435
 147  54 410 496 369   4  53 642 635 329 646 470 636 400 573 563 283  80
  20 105 100 228 324 165 101 302 476  99  84 494 184 469 503 572  40 402
 474 477 198 456 550 197  62 517 204  52 288 167 130 417  23 473 533 386
 292 179 305 574 245 623  56 571 232 290 577 613 249 450 278 654 487 484
 252 142 158 538 224 599 557 504 273  45 281 199 213 541 389 549 447  86
  24 341 540 431 520 422 293 182 627 506 322 567 551  43 644 168 176 135
 111   7 570 548 134 347 633 518 562  83   8  44 521 492 455 355 136  85
 480 312 512 203 409 375 552 246 172 600 370 193 348 308  60 539 365 458
 295 140 377 626  38 183 437 448  96  50 601 649  51 104 401 343 241 274
 310 323 625 464 585 593 113  17  90 416 588 192 442 282 342 527 618 545
 391 164 316 468 263  72 219 481  93 430 127 438 357 256 397 277 350 509
 479 126   2 388 586 196 395 156 255 453 523 122 157 592 306 209  48 159
 212  70 321  82 486 390 393 559 508   5 413 566  41 536 645 272  39 144
   0 115 640 383 373 153 227 581  16 582 407 230   3 150 576 408  14 217
 265  81 500  15  36 427 318 398 266 327 307 109 367  25 522 425 616 403
  22 532  67 366 253 360 414 498 154 325 234 454 530 535 132 615 411  13
 317 382 611 107 387 152 561 428 240 502 264 128 415 225 216 579 546 344
 465 181 102   6 124 214 459 356 331 643 339 235 218 607 461  71  18 396
  74 146  78 332 161 499 405  73 446 298 223 215  92 580 258 141 330 166
 515 392  12 151 271 565 609 188 648 173 505 404  46 568 335 637 262 349
 639 148 338  37 303  55 651 301 374 463 629 286  47 394 418 519 243  87
 268 123   9 462 145 597 433 285 118 363 555 313 603 606 364 443  79  58
 207 656 529  63 205 534 412 501 297] - 267690038
Solver: RVND, number of workers: 1
Setting feeder affinity
I am the master. There are 1 mpi processes. (hostname = gpu01)
Roots [<pyDF.nodes.Feeder object at 0x7fa658530ad0>]
Starting 0
Main loop
I am worker 0
GPU0
set random seed!
Initial: 267690038-[  1  75 294 457  28  33 441  64 406 220 334 276 351 621  21 528 510 372
 191  66  89 617 280  91 171 589 114 229 610 385 340 346 299 362 174 514
 471 653  77  26 638 631 641 384 320 259 525 426 190 116 237 352 507 353
 143 358 170 511 163 186 119  29 376 380 575 556 423 319 619 630 231 177
 524 291 155 108 201 554 106 361 210 489 652 647 420 558 333 226 162 434
 222 591 526 187  34 247  10 634 233 120 131  69 304 309 444 200 112 537
 399 542  42 544 248 612 491  49 467 439 287  30 178 482  88 110 296 578
 429 244 345 460 475 424  19 254 270 315 236  97 129 326 185 160  68 560
 133 614 595  98 371 604  76 175 622 194 584 493 628 149 445  57  61 257
 650 121 432 206  32 564 189 328 117  27 488 547 250 275 421 251 452 516
 449 208 483 466 314 289 125 472 608 267 202 378 238 436 180 624 583 440
 513 137 598 605 242  35 419 596 279 169 495 620 490 211 195 368 543 284
  94  11 239  31 632 359  59 269 221 311  95 594 138 379 337 497 103 655
 569 553 260 587 602  65 590 354 336 451 531 139 300 485 261 381 478 435
 147  54 410 496 369   4  53 642 635 329 646 470 636 400 573 563 283  80
  20 105 100 228 324 165 101 302 476  99  84 494 184 469 503 572  40 402
 474 477 198 456 550 197  62 517 204  52 288 167 130 417  23 473 533 386
 292 179 305 574 245 623  56 571 232 290 577 613 249 450 278 654 487 484
 252 142 158 538 224 599 557 504 273  45 281 199 213 541 389 549 447  86
  24 341 540 431 520 422 293 182 627 506 322 567 551  43 644 168 176 135
 111   7 570 548 134 347 633 518 562  83   8  44 521 492 455 355 136  85
 480 312 512 203 409 375 552 246 172 600 370 193 348 308  60 539 365 458
 295 140 377 626  38 183 437 448  96  50 601 649  51 104 401 343 241 274
 310 323 625 464 585 593 113  17  90 416 588 192 442 282 342 527 618 545
 391 164 316 468 263  72 219 481  93 430 127 438 357 256 397 277 350 509
 479 126   2 388 586 196 395 156 255 453 523 122 157 592 306 209  48 159
 212  70 321  82 486 390 393 559 508   5 413 566  41 536 645 272  39 144
   0 115 640 383 373 153 227 581  16 582 407 230   3 150 576 408  14 217
 265  81 500  15  36 427 318 398 266 327 307 109 367  25 522 425 616 403
  22 532  67 366 253 360 414 498 154 325 234 454 530 535 132 615 411  13
 317 382 611 107 387 152 561 428 240 502 264 128 415 225 216 579 546 344
 465 181 102   6 124 214 459 356 331 643 339 235 218 607 461  71  18 396
  74 146  78 332 161 499 405  73 446 298 223 215  92 580 258 141 330 166
 515 392  12 151 271 565 609 188 648 173 505 404  46 568 335 637 262 349
 639 148 338  37 303  55 651 301 374 463 629 286  47 394 418 519 243  87
 268 123   9 462 145 597 433 285 118 363 555 313 603 606 364 443  79  58
 207 656 529  63 205 534 412 501 297]
Final time: 9.72516584396s - Best: 14124532-[  1   2  10   8   9   7  41  39  36  35  33  32  24  21  14  15  20  16
  17  13  18  19 444 445 447 446 443 441 440  23  22  29  30  27  26  25
  31  37  46  42  38  34 469 463 462 466 468 464 458 453 449 448 450 452
 451 454 455 473 456 457 459 460 461 465 467 470  51  47  61  66  71  80
  81  75  62  56  67  76  83  89  94  82  96 100 107 111 106 122 112 121
 105 104  90  70  58  55  59  48  52  57  65  50  54  49  44  45  63  68
  53  60  64  79  73  77  74  84 101 116 128 129 130 137 142 162 164 190
 196 206 220 230 238 239 253 261 271 263 264 240 234 218 217 209 199 198
 197 195 191 185 178 172 155 168 186 180 181 187 165 140 132 115  93  98
  97  91 102 114 118 103 119 113  99  92  86 120 139 148 169 171 170 161
 147 149 154 177 179 184 208 214 219 226 224 228 243 255 259 284 291 277
 272 274 283 286 315 314 313 328 339 333 318 312 305 304 311 310 320 326
 350 369 377 365 358 351 357 378 396 385 395 402 406 413 412 407 403 394
 384 379 376 374 368 366 359 363 352 332 329 338 344 353 336 319 330 343
 354 360 355 356 337 607 610 606 605 601 600 598 592 279 257 246 229 266
 258 273 280 297 296 302 295 301 281 278 265 245 222 216 212 205 203 189
 182 159 510 508 509 559 556 551 543 549 550 557 555 554 558 553 548 547
 544 545 546 552 628 629 630 631 632 633 634 636 637 641 640 638 639 635
 541 540 539 538 537 536 534 535 532 531 529 523 533 530 524 522 525 526
 527 521 519 520 474 476 477 478 479 472 482 483 491 494 497 498 496 490
 486 485 480 481 487 488 493 492 489 484 514 515 518 517 516 513 512 495
 500 501 503 502 499 504 506 505 109  95  87  88 108 110 123 146 134 144
 145 127 124 125 135 126 507 133 136 160 174 193 211 244 233 249 223 242
 250 270 276 252 268 260 251 247 241 232 215 225 236 248 254 275 287 292
 294 309 308 288 293 299 303 324 334 346 340 323 317 307 322 335 345 341
 347 361 372 391 409 416 420 437 439 421 415 404 400 389 397 388 370 364
 348 342 321 325 349 387 386 401 405 414 423 431 424 410 419 425 433 434
 429 392 362 367 382 411 417 428 418 380 375 383 381 393 426 427 408 622
 620 618 617 616 615 613 619 624 625 623 621 614 609 604 603 599 593 590
 587 588 585 579 575 656 655 654 626 572 568 569 571 573 577 576 584 583
 594 597 602 611 612 608 595 596 591 582 586 581 578 574 564 561 562 627
 653 652 648 647 649 650 651 560 563 565 566 567 570 202 201 200 194 183
 173 152 175 188 192 176 151 167 153 143 150 158 166 207 227 221 204 157
  85  72  69  40  28  12  11   3   4   5   6  78 117 141 131 138 156 163
 210 235 231 237 269 289 262 290 298 371 390 399 438 398 422 436 430 435
 432 373 327 300 256 267 282 285 316 331 306 589 580 213 511 528 542 642
 643 644 645 646 475 471  43 442   0]
Value - initial: 267690038, final: 14124532, improveup: 18.9521350513

data-line;i;267690038;f;14124532;t;9.72516584396;c;-2;fv;[14124532L];cv;-1;imp;18.9521350513;type;rvnd;inum;5;w;1

time;9.72516584396;man_time;0;neigh_time;0
man_time;0;man_merge_sol;0;man_best_sol;0;man_combine_sol;0

Waiting [0]
Terminating workers True 0 0
MPI TERMINATING
