pydf_home: /home/rodolfo/git/Sucuri
simple_pycuda_home: /home/rodolfo/git/simple-pycuda
wamca2016path: /home/rodolfo/git/wamca2016/
localpath: /home/rodolfo/git/dvnd-df/code/dvnd-df/src/
WAMCAPATH:/home/rodolfo/git/wamca2016/
param: {solution_index:6, solution_instance_index:65, multi_gpu:True, goal:False, problem_name:ml, number_of_moves:10, device_count:2, solver:rvnd, mpi_enabled:True, workers:1}
Using already created file:  wamca2016lib.so
Size: 783 - file name: 07_rat784.tsp

Value - initial: 68835506-[711 596 565 221 700 131 573  54 614 550 733 435 751 716 774 635 649 590
 205 603 781 661 466 148 139  26 201  82 227 186 452 152 474 764 659 241
 320 140 311 748 438 175   5 680 533 456 293 637 223  93  25 540 589 189
 547 650 778 779 305 543 717 770 559 153 157 418 693 467 244 265 455 537
 142 570 256 628 170 460 701 737 160 119 104 209 174 719  78 251 125  48
 729 375 303 498 617 687 494 458 519  51 389 703 643 479 105 769 127 434
 263 593 473   7 308 361 345  64  15 476  83 193 272 243 440  95 357 395
 776 423 780 167 267 115 497 508  68 673  76  20 378 433 382 229 187 191
 376 775 429 347 161 338 325 696 448 708 421  92 369 567 208  59 329 314
 632 291 190 686 352 360 443  34 511 667  45 682 158 166 408  31 454 424
 481  22 581 747 143 255 425 600 335 611 709 516 312 585 411 469 151 137
 368  40 138 662 302 521 260 122 253 409 178 648 534 488 763 274 735 758
 689  66  14 504 666 431 103 406   1 491 394 237 377  72 634 621 759 428
 683 264 278 218  46  75 620 457 605 318 390 224 380 247 525 173 619 334
 507 671 328 341 298 384  39  11 739   2 432 427 391 586 354 136 548 214
 313 171 177  52  61 118  84 569 527 725 676 220 346  19 439 128 522  62
  90 641 203  10 248  17 269 176 513 556 210 154 463 545 112 541 259 639
 271 321 630 572 746 654 363 477 493   3 670 225 426 370 317 339 422 196
  35 503  73 753 371 741 146 344 732 281 566 315 364 699 356 386 109 608
 120 500 333 721 362 557 403 279 616 402 722 277 657 546 446 647 765 197
 598 766 472 147 610 554 392 102 219 461 660 359 451 669 351 750 561 365
  27 194 678 419 745 355 597 606  13  67  50 692 307 204 668 200 601   6
 518 563 523 495 777 348  23 602 306   9 437 674 222 358 594 626  36 625
 350  16 195 636  24 724 100 510  44 212 231  53 695 755 629  65 726 714
 322 485 492  96 207 327 742 652  33 310 453 381  57 230 165 740 297 132
 658 388 286 236 415 447 464  41 705 762 242  91 665 754 675 734 337 114
 653 731 526 681 239 702 211 400  98 124 577 442 198 622 445 727 238 106
 404 246 509 582 757  55 560 234 483 761 728 130 715 752 520 261 159 226
 129 294 718 233 331  74 232 744 441 287 134 309 743 707 374 720 217 571
 342 401 592 768 679 292 449 640 262 101 575 588 155 591 713 530 532 117
 133 578 280 773 471  81 257 576 555 372  29 216 529 250 164 168 698 162
 301  85   4 544 123  80 512  32  60 336 228 393 536 199 185 285  42 332
 385 316 564 284 612 410 484  97 760 694 266 664 723 490 420 405 623 399
 156 295 407 430 107 283 736 319 252 258 444 249 697 599 179 624 501 417
 383 656 192 517 487 144 326 583  21 738 595 528 202 767 631 552 499 206
 462 116 450 240 235 373  56 353 296   8  49  63 169 558 502 574 549  89
 145 580  71 475 539 289 126 413 172 349 163 655 135 379 387 672 710 607
 299  43 553 110 646 290 150 254 627  30 275  28 276 149 324 618 638 188
 304 663 182 183 562 245 343 181 113 514  70 184 690 579 496 465 771 651
 111 282 486  99 482 489  77 330 642 506 270 535 141  12 772 749 478  38
 366 524  47 515 215 712 609 644 691 531 538 398 121 615 782  37 613 677
  69 288 412 704 416 568 436 633 480 323 108 685 470 414 300 273  79 604
 730  86 213  87 268  88 551 706 542 459 180 645  18 587 367 396  94 505
 684 397 340 584 756  58 688   0 468] - 68835506
Solver: RVND, number of workers: 1
Setting feeder affinity
I am the master. There are 1 mpi processes. (hostname = gpu01)
Roots [<pyDF.nodes.Feeder object at 0x7f8603231ad0>]
Starting 0
Main loop
I am worker 0
GPU0
set random seed!
Initial: 68835506-[711 596 565 221 700 131 573  54 614 550 733 435 751 716 774 635 649 590
 205 603 781 661 466 148 139  26 201  82 227 186 452 152 474 764 659 241
 320 140 311 748 438 175   5 680 533 456 293 637 223  93  25 540 589 189
 547 650 778 779 305 543 717 770 559 153 157 418 693 467 244 265 455 537
 142 570 256 628 170 460 701 737 160 119 104 209 174 719  78 251 125  48
 729 375 303 498 617 687 494 458 519  51 389 703 643 479 105 769 127 434
 263 593 473   7 308 361 345  64  15 476  83 193 272 243 440  95 357 395
 776 423 780 167 267 115 497 508  68 673  76  20 378 433 382 229 187 191
 376 775 429 347 161 338 325 696 448 708 421  92 369 567 208  59 329 314
 632 291 190 686 352 360 443  34 511 667  45 682 158 166 408  31 454 424
 481  22 581 747 143 255 425 600 335 611 709 516 312 585 411 469 151 137
 368  40 138 662 302 521 260 122 253 409 178 648 534 488 763 274 735 758
 689  66  14 504 666 431 103 406   1 491 394 237 377  72 634 621 759 428
 683 264 278 218  46  75 620 457 605 318 390 224 380 247 525 173 619 334
 507 671 328 341 298 384  39  11 739   2 432 427 391 586 354 136 548 214
 313 171 177  52  61 118  84 569 527 725 676 220 346  19 439 128 522  62
  90 641 203  10 248  17 269 176 513 556 210 154 463 545 112 541 259 639
 271 321 630 572 746 654 363 477 493   3 670 225 426 370 317 339 422 196
  35 503  73 753 371 741 146 344 732 281 566 315 364 699 356 386 109 608
 120 500 333 721 362 557 403 279 616 402 722 277 657 546 446 647 765 197
 598 766 472 147 610 554 392 102 219 461 660 359 451 669 351 750 561 365
  27 194 678 419 745 355 597 606  13  67  50 692 307 204 668 200 601   6
 518 563 523 495 777 348  23 602 306   9 437 674 222 358 594 626  36 625
 350  16 195 636  24 724 100 510  44 212 231  53 695 755 629  65 726 714
 322 485 492  96 207 327 742 652  33 310 453 381  57 230 165 740 297 132
 658 388 286 236 415 447 464  41 705 762 242  91 665 754 675 734 337 114
 653 731 526 681 239 702 211 400  98 124 577 442 198 622 445 727 238 106
 404 246 509 582 757  55 560 234 483 761 728 130 715 752 520 261 159 226
 129 294 718 233 331  74 232 744 441 287 134 309 743 707 374 720 217 571
 342 401 592 768 679 292 449 640 262 101 575 588 155 591 713 530 532 117
 133 578 280 773 471  81 257 576 555 372  29 216 529 250 164 168 698 162
 301  85   4 544 123  80 512  32  60 336 228 393 536 199 185 285  42 332
 385 316 564 284 612 410 484  97 760 694 266 664 723 490 420 405 623 399
 156 295 407 430 107 283 736 319 252 258 444 249 697 599 179 624 501 417
 383 656 192 517 487 144 326 583  21 738 595 528 202 767 631 552 499 206
 462 116 450 240 235 373  56 353 296   8  49  63 169 558 502 574 549  89
 145 580  71 475 539 289 126 413 172 349 163 655 135 379 387 672 710 607
 299  43 553 110 646 290 150 254 627  30 275  28 276 149 324 618 638 188
 304 663 182 183 562 245 343 181 113 514  70 184 690 579 496 465 771 651
 111 282 486  99 482 489  77 330 642 506 270 535 141  12 772 749 478  38
 366 524  47 515 215 712 609 644 691 531 538 398 121 615 782  37 613 677
  69 288 412 704 416 568 436 633 480 323 108 685 470 414 300 273  79 604
 730  86 213  87 268  88 551 706 542 459 180 645  18 587 367 396  94 505
 684 397 340 584 756  58 688   0 468]
Final time: 13.8854839802s - Best: 3378896-[711 710 713 716 714 702 695 686 681 676 657 655 662 669 675 673 667 666
 663 672 661 653 652 645 650 665 668 660 656 648 627 620 621 635 629 632
 613 599 600 604 609 617 641 631 628 614 603 580 572 571 570 574 557 564
 569 576 583 590 586 602 608 606 616 618 612 598 589 597 596 568 560 538
 539 546 530 517 518 512 514 528 551 556 577 565 562 563 555 534 535 540
 541 526 521 523 519 536 543 527 524 508 501 497 477 467 453 446 426 411
 402 387 384 367 372 382 363 337 339 347 350 353 335 329 325 317 311 300
 309 307 287 282 262 259 243 225 220 212 200 182 187 196 190 188 166 153
 140 129 128 143 123 120 125 117 107 104 101  88  73  76  63  70  84  67
  85  81  61  49  60  58  35  19   7  29  18   4   2   9   8  11  17   6
   1  22  16   0  14  24  55  48  51  56  44  40  45  46  52  57  64  82
  93  97  94 111 115 132 136 142 151 161 155 150 135 126 152 159 154 171
 179 185 215 214 234 241 235 238 245 254 272 277 275 276 288 301 312 304
 342 355 358 351 362 383 394 422 428 435 444 451 452 457 465 484 483 481
 471 498 510 525 532 547 559 567 575 595 623 637 639 664 671 682 696 703
 724 733 737 746 760 771 764 759 744 735 731 738 742 757 758 756 767 778
 776 772 773 765 761 762 769 779 780 755 751 763 781 782 774 770 766 752
 743 727 723 701 707 715 722 740 745 730 729 726 749 748 747 739 725 720
 709 699 700 688 685 694 698 719 718 706 712 697 691 690 680 674 689 705
 704 708 687 677 670 678 684 679 659 643 640 633 626 644 647 651 658 625
 610 593 585 579 578 561 553 550 533 529 505 516 511 507 491 485 462 454
 437 442 424 406 400 389 386 381 396 388 391 404 421 432 425 429 423 448
 459 472 455 456 476 482 490 499 500 506 520 504 468 469 463 475 493 495
 496 486 458 436 433 447 440 434 438 430 418 409 408 407 392 376 369 371
 374 379 380 385 390 410 416 417 415 401 399 413 414 431 445 449 464 474
 473 479 488 492 513 552 558 592 605 615 591 581 566 573 594 607 624 622
 619 601 584 582 554 549 537 545 548 544 531 509 502 522 515 503 489 480
 478 460 461 443 441 427 420 412 403 405 393 398 395 373 368 354 340 328
 330 341 361 360 348 333 323 319 308 297 271 270 251 240 244 260 278 283
 295 303 296 263 264 279 284 253 233 217 198 192 170 148 133 134 113 108
 105 100  78  83  86  74  65  42  37  39   5  12  10   3  33  27  23  26
  25  20  15  31  13  21  34  41  53  71  91 102  92  68  77  89  90 103
 112 118 121 141 147 144 130 131 157 165 173 177 191 202 219 227 228 281
 286 274 261 256 236 250 252 268 249 232 231 216 224 218 208 210 211 205
 199 197 178 175 162 168 189 181 172 164 163 156 137 127 139 160 186 183
 174 194 195 203 201 207 223 239 257 258 280 291 294 310 302 299 289 306
 315 331 324 338 352 345 349 346 332 320 321 344 375 364 370 365 357 343
 327 293 316 334 326 318 322 298 290 305 292 267 242 255 266 285 273 247
 248 226 221 230 229 204 184 145 124 138 146 122 116 109 114  96  99  79
  69  66  80 106 110 119  75  62  32  28  38  47  30  50  43  54  59  72
  95 167 169 176 180 193 213 206 222 246 237 313 314 356 366 378 377 397
 439 450 470 487 542 588 630 638 649 636 634 642 646 693 728 750 741 692
 683 721 732 736 754 753 775 777 768 734 717 654 611 587 494 466 419 359
 336 209 158 149  98  36  87 265 269]
Value - initial: 68835506, final: 3378896, improveup: 20.3721884308

data-line;i;68835506;f;3378896;t;13.8854839802;c;-2;fv;[3378896L];cv;-1;imp;20.3721884308;type;rvnd;inum;6;w;1

time;13.8854839802;man_time;0;neigh_time;0
man_time;0;man_merge_sol;0;man_best_sol;0;man_combine_sol;0

Waiting [0]
Terminating workers True 0 0
MPI TERMINATING
