pydf_home: /home/rodolfo/git/Sucuri
simple_pycuda_home: /home/rodolfo/git/simple-pycuda
wamca2016path: /home/rodolfo/git/wamca2016/
localpath: /home/rodolfo/git/dvnd-df/code/dvnd-df/src/
WAMCAPATH:/home/rodolfo/git/wamca2016/
param: {solution_index:2, solution_instance_index:48, multi_gpu:True, goal:False, problem_name:ml, number_of_moves:10, device_count:2, solver:rvnd, mpi_enabled:True, workers:1}
Using already created file:  wamca2016lib.so
Size: 226 - file name: 03_pr226.tsp

Value - initial: 176914234-[171  20 134 100 128  86  90  49  51  12   7 152  52 198 153 132  28  41
  58 175 118 222  85 223  93  69  53 124 225  63 188 169 116  84 130  75
 142 214  78 184 193 209  72 127 140  46   9   6   1  97 187 182  36  24
  99  89 123  26 185 166  98 157  62 141 114 221 203  95 208  64 192 156
  92 167 183 109 110  66  34 210  23  87   2  83 178 165 137 172 224  74
   0 159  57  61 133  45  35 160 200  65 194  43 164 201 104 177 162 117
 220 180 181  44  37 176 161 125 204 138 150  38 179 105 131 129   5  47
  19 197  42 119 107 213 135 207  59 170  22   3  73 216  13 199 126 202
 108  76 151 113 168  88 139  60 186  16 205 102   4 143  68 215  10  77
  48 217  81 219  80 190 155 144  70  96  33  17 196  11  40  56 111  29
  30  55 211 163  82   8  15  31 173  27 115 106  32 148  79 189 112  21
 206  94  91 146 147  18 136  25 149  67 218 174 212 195 101  39  14 103
 154 191 145  71 158  50 121 120  54 122] - 176914234
Solver: RVND, number of workers: 1
Setting feeder affinity
I am the master. There are 1 mpi processes. (hostname = gpu01)
Roots [<pyDF.nodes.Feeder object at 0x7f5866333ad0>]
Starting 0
Main loop
I am worker 0
GPU0
set random seed!
Initial: 176914234-[171  20 134 100 128  86  90  49  51  12   7 152  52 198 153 132  28  41
  58 175 118 222  85 223  93  69  53 124 225  63 188 169 116  84 130  75
 142 214  78 184 193 209  72 127 140  46   9   6   1  97 187 182  36  24
  99  89 123  26 185 166  98 157  62 141 114 221 203  95 208  64 192 156
  92 167 183 109 110  66  34 210  23  87   2  83 178 165 137 172 224  74
   0 159  57  61 133  45  35 160 200  65 194  43 164 201 104 177 162 117
 220 180 181  44  37 176 161 125 204 138 150  38 179 105 131 129   5  47
  19 197  42 119 107 213 135 207  59 170  22   3  73 216  13 199 126 202
 108  76 151 113 168  88 139  60 186  16 205 102   4 143  68 215  10  77
  48 217  81 219  80 190 155 144  70  96  33  17 196  11  40  56 111  29
  30  55 211 163  82   8  15  31 173  27 115 106  32 148  79 189 112  21
 206  94  91 146 147  18 136  25 149  67 218 174 212 195 101  39  14 103
 154 191 145  71 158  50 121 120  54 122]
Final time: 2.96241903305s - Best: 7686144-[171 172 173 174 175 176 177 178 179 180 181 182 183 184 185 186 187 188
 189 170 169 168 167 166 165 164 163 162 161 160 159 158 157 156 155 154
 153 152 151 150 148 147 149 142 141 140 139 146 144 138 137 145 143 136
 101  93  92 100  99  91  90  98  97  89  87  96  95  88  86  94 135 134
 133 132 190 191 192 193 194 195 196 197 198 199 200 201 202 203 204 205
 206 207 208 209 210 211 212 213 214 215 216 217 218 219 220 221 222 223
 224 225 124 131 129 123 122 130 128 121 120 126 127 119 118 125 117 109
 108 116 115 107 106 114 113 105 103 112 111 104 102 110  69  68  67  70
  12  11  10   7   1   2   3   4   5   6   8   9  13  14  15  16  66  64
  63  62  61  60  59  58  57  56  55  54  53  52  51  50  49  21  22  23
  24  25  26  28  29  33  34  35  36  43  45  44  47  32  31  30  27  20
  19  18  17  71  72  73  74  75  76  77  78  79  80  81  82  83  84  85
   0  65  48  46  42  41  38  37  39  40]
Value - initial: 176914234, final: 7686144, improveup: 23.0172937171

data-line;i;176914234;f;7686144;t;2.96241903305;c;-2;fv;[7686144L];cv;-1;imp;23.0172937171;type;rvnd;inum;2;w;1

time;2.96241903305;man_time;0;neigh_time;0
man_time;0;man_merge_sol;0;man_best_sol;0;man_combine_sol;0

Waiting [0]
Terminating workers True 0 0
MPI TERMINATING
