pydf_home: /home/rodolfo/git/Sucuri
simple_pycuda_home: /home/rodolfo/git/simple-pycuda
wamca2016path: /home/rodolfo/git/wamca2016/
localpath: /home/rodolfo/git/dvnd-df/code/dvnd-df/src/
WAMCAPATH:/home/rodolfo/git/wamca2016/
param: {solution_index:1, solution_instance_index:93, multi_gpu:True, goal:False, problem_name:ml, number_of_moves:10, device_count:2, solver:rvnd, mpi_enabled:True, workers:1}
Using already created file:  wamca2016lib.so
Size: 100 - file name: 02_kroD100.tsp

Value - initial: 7948490-[82 59 33 88 76 68 99 49 25 77 10  3 32 95 24 28 21  9 86 34 53 45 87 89 30
 42 70 79 16 31 43 81 51 84 83 56 36 50 98  1 46 94  4 35  6 69 75 17 23 92
 85 58 96 63 27 93 20  8 12 57  5 18 97 90  7 13  0 67 54 91 40 11 38 60 61
 14 65 44 55 15 26 48 29 78 37 74 52 39 19 80 47 22 72 73 41 64 71 66  2 62] - 7948490
Solver: RVND, number of workers: 1
Setting feeder affinity
I am the master. There are 1 mpi processes. (hostname = gpu01)
Roots [<pyDF.nodes.Feeder object at 0x7f3043777ad0>]
Starting 0
Main loop
I am worker 0
GPU0
set random seed!
Initial: 7948490-[82 59 33 88 76 68 99 49 25 77 10  3 32 95 24 28 21  9 86 34 53 45 87 89 30
 42 70 79 16 31 43 81 51 84 83 56 36 50 98  1 46 94  4 35  6 69 75 17 23 92
 85 58 96 63 27 93 20  8 12 57  5 18 97 90  7 13  0 67 54 91 40 11 38 60 61
 14 65 44 55 15 26 48 29 78 37 74 52 39 19 80 47 22 72 73 41 64 71 66  2 62]
Final time: 0.802757978439s - Best: 1081416-[82  5 39  2  4 52 59 43  3 42 76 53 90 62 14 83 40 26 23 87 78 12 49  0 31
 93 89 16 88 10 80 33 37 65  7 51 45 68 15 95 85 64 77 98 30 44 32 13 67 81
 19 24 46 11 27 20 55 94  9  8 54 86 25 91 47  1 99 18 36 50 29 34 61 92 70
 38 72 79 75 60  6 73 74 66 35 28 57 21 69 48 96 97 41 22 71 56 63 17 84 58]
Value - initial: 7948490, final: 1081416, improveup: 7.35007619639

data-line;i;7948490;f;1081416;t;0.802757978439;c;-2;fv;[1081416L];cv;-1;imp;7.35007619639;type;rvnd;inum;1;w;1

time;0.802757978439;man_time;0;neigh_time;0
man_time;0;man_merge_sol;0;man_best_sol;0;man_combine_sol;0

Waiting [0]
Terminating workers True 0 0
MPI TERMINATING
