pydf_home: /home/rodolfo/git/Sucuri
simple_pycuda_home: /home/rodolfo/git/simple-pycuda
wamca2016path: /home/rodolfo/git/wamca2016/
localpath: /home/rodolfo/git/dvnd-df/code/dvnd-df/src/
WAMCAPATH:/home/rodolfo/git/wamca2016/
param: {solution_index:3, solution_instance_index:59, multi_gpu:True, goal:False, problem_name:ml, number_of_moves:10, device_count:2, solver:rvnd, mpi_enabled:True, workers:1}
Using already created file:  wamca2016lib.so
Size: 318 - file name: 04_lin318.tsp

Value - initial: 95832691-[159 239 223  37 274 266 252 301  49 112 289 199 263  29 251 143 200 271
 315 170   0 120 261 210  90 270 225   6 220 286 242  65  73  60 212 177
 253  54 161 156 279 254  42 162 234 248 127  56 247  31 217 176 299 228
 287 104 256 108 167  13 211  50 209 191 110 189 132 149 102 238 182 292
 105 206 255   3 125   9  81 308  24  57 121  70 232 139  26  78 133  98
 290 203  97  79 313 230  94 136  10 117  15 171 282 284  92 260  99  16
  63 124 293 298 311 221 249 168 173  80  19 280 179 126 241  85  45 317
 186  18  71  28  17 244 288  69 140   5  68  30 118 235 160 316 278 146
 208 174 269 312 243 190  76 194 303 275 265 169  77  20 258 138 264  53
 237 123  33 202 273   2 196 201 229  86  41  23 296 165 272 142  36 109
  66 152  48 135 246 233 216 145 257 277  40 107 192  64 114  21 163 291
 150 281  87 310 106 231 111 181 276 122 309 178  91  72 224 267 103  83
  95   1 268  93 213 214  84 100 300   8 144 101 295 128 245  89 306 141
 304  22  32 307  12 180 283 227 148 215  55 197  88 198 129 207  59 314
 297 240  39 116 219 166 236 250 130 115 188  52 184  43  74 147  11 259
 204 172 151 154  25 302  67 187 262  51 175  34  44 164 153 195 185 226
 193  62 157 183  61 131  96 134  27 305  75 294 218  46 205 113 155  38
  82  35 158 119 285   4  47 137  58 222   7  14] - 95832691
Solver: RVND, number of workers: 1
Setting feeder affinity
I am the master. There are 1 mpi processes. (hostname = gpu01)
Roots [<pyDF.nodes.Feeder object at 0x7f5c5f2f4ad0>]
Starting 0
Main loop
I am worker 0
GPU0
set random seed!
Initial: 95832691-[159 239 223  37 274 266 252 301  49 112 289 199 263  29 251 143 200 271
 315 170   0 120 261 210  90 270 225   6 220 286 242  65  73  60 212 177
 253  54 161 156 279 254  42 162 234 248 127  56 247  31 217 176 299 228
 287 104 256 108 167  13 211  50 209 191 110 189 132 149 102 238 182 292
 105 206 255   3 125   9  81 308  24  57 121  70 232 139  26  78 133  98
 290 203  97  79 313 230  94 136  10 117  15 171 282 284  92 260  99  16
  63 124 293 298 311 221 249 168 173  80  19 280 179 126 241  85  45 317
 186  18  71  28  17 244 288  69 140   5  68  30 118 235 160 316 278 146
 208 174 269 312 243 190  76 194 303 275 265 169  77  20 258 138 264  53
 237 123  33 202 273   2 196 201 229  86  41  23 296 165 272 142  36 109
  66 152  48 135 246 233 216 145 257 277  40 107 192  64 114  21 163 291
 150 281  87 310 106 231 111 181 276 122 309 178  91  72 224 267 103  83
  95   1 268  93 213 214  84 100 300   8 144 101 295 128 245  89 306 141
 304  22  32 307  12 180 283 227 148 215  55 197  88 198 129 207  59 314
 297 240  39 116 219 166 236 250 130 115 188  52 184  43  74 147  11 259
 204 172 151 154  25 302  67 187 262  51 175  34  44 164 153 195 185 226
 193  62 157 183  61 131  96 134  27 305  75 294 218  46 205 113 155  38
  82  35 158 119 285   4  47 137  58 222   7  14]
Final time: 3.89125585556s - Best: 6122178-[159 160 154 152 149 148 151 155 158 161 162 157 156 150 147 146 145 208
 137 131 128 123 132 127 124 207 119 125 126 133 134 135 136  33  34  16
  15  17  24  25  26  23  18  11   2   0   1   5   6   9  10  14 102  20
  21  28  31  30  29  19  22  27  32 103  39  48  44  47  49  54  55  58
 104  63  66  67  70  77  81  82  83  78  76  71  72  75  79  80  74  73
  68  69  65  64 171 172 175 182 186 187 189 188 183 181 176 184 180 177
 173 174 178 179 185 193 194 192 191 294 292 291 287 293 288 286 281 276
 277 280 169 170 165 164 268 265 264 259 257 254 253 256 260 263 266 267
 262 261 255 252 250 251 246 245 235 234 227 226 225 236 233 228 221 212
 210 211 108 109 215 216 219 220 224 312 230 231 238 241 240 239 229 232
 237 242 313 249 258 143 142 138 139 141 140 130 129 122 120 121 113 112
 107 105 106   3   4 110 111 114 115  12  13  36  35  41  40  42  45  51
  43  46  50  53  56  52  57  62  61  85  84  90  91  95  96 100 101  92
  97  98  88  89  87  86 195 196  93  94  99 206 205 201 200 197 202 203
 199 198 300 301 305 306 204 311 310 302 295 289 285 282 273 314 271 272
 279 278 283 284 290 298 299 307 308 309 304 303 297 296 275 274 270 269
 317 248 247 244 243 223 222 213 214 218 217 117 118 116  37  38 144 153
 163 209 166 167 168 190  59  60 316 315   7   8]
Value - initial: 95832691, final: 6122178, improveup: 15.6533656813

data-line;i;95832691;f;6122178;t;3.89125585556;c;-2;fv;[6122178L];cv;-1;imp;15.6533656813;type;rvnd;inum;3;w;1

time;3.89125585556;man_time;0;neigh_time;0
man_time;0;man_merge_sol;0;man_best_sol;0;man_combine_sol;0

Waiting [0]
Terminating workers True 0 0
MPI TERMINATING
