pydf_home: /home/rodolfo/git/Sucuri
simple_pycuda_home: /home/rodolfo/git/simple-pycuda
wamca2016path: /home/rodolfo/git/wamca2016/
localpath: /home/rodolfo/git/dvnd-df/code/dvnd-df/src/
WAMCAPATH:/home/rodolfo/git/wamca2016/
param: {solution_index:2, solution_instance_index:76, multi_gpu:True, goal:False, problem_name:ml, number_of_moves:10, device_count:2, solver:rvnd, mpi_enabled:True, workers:1}
Using already created file:  wamca2016lib.so
Size: 226 - file name: 03_pr226.tsp

Value - initial: 198186858-[110 216  21 184 164  80  18  99 175 127 178 134  25 166  96  49 196  75
 209  11  94  87  98 105  63 187  47  66  23 119  52 112 202  56 129 221
 159 156  26  13 137 211 104 167 139 181 118 174 121  30 169  39  38  88
 186  95   8 126  35 173  61 218 212 155  58  24 135 195 201  65  43  60
 215  28 143 146  82  41 149 222 151 102 193  53   1   4 101 185 122 152
 189  91 220  40 158 213   9  78 208   2 168  55  16  84  12  29 224 136
 225 214 141  68 120 172  27   5 199   7 140  48 191  85 188  74  17 170
 133  33   0 161 124  42  15 180  86 197  32  57  69 163  46 190  90 111
 142 106 203 109  51  31 194 113   6 128 177  45  89  59  81 198  54 200
  22 153 207 114 223  44   3 210 182 130 100 162 125 205  83 171 217 204
 179 148 115  20  37 107 160  93  34 147 183 145  97 219  71  72  64 144
 165  19 117 206 157  67  73 103 116 132  50  92  14 154 131 150 192 108
  70  76  10  79 176  36 123  77  62 138] - 198186858
Solver: RVND, number of workers: 1
Setting feeder affinity
I am the master. There are 1 mpi processes. (hostname = gpu01)
Roots [<pyDF.nodes.Feeder object at 0x7fa681886ad0>]
Starting 0
Main loop
I am worker 0
GPU0
set random seed!
Initial: 198186858-[110 216  21 184 164  80  18  99 175 127 178 134  25 166  96  49 196  75
 209  11  94  87  98 105  63 187  47  66  23 119  52 112 202  56 129 221
 159 156  26  13 137 211 104 167 139 181 118 174 121  30 169  39  38  88
 186  95   8 126  35 173  61 218 212 155  58  24 135 195 201  65  43  60
 215  28 143 146  82  41 149 222 151 102 193  53   1   4 101 185 122 152
 189  91 220  40 158 213   9  78 208   2 168  55  16  84  12  29 224 136
 225 214 141  68 120 172  27   5 199   7 140  48 191  85 188  74  17 170
 133  33   0 161 124  42  15 180  86 197  32  57  69 163  46 190  90 111
 142 106 203 109  51  31 194 113   6 128 177  45  89  59  81 198  54 200
  22 153 207 114 223  44   3 210 182 130 100 162 125 205  83 171 217 204
 179 148 115  20  37 107 160  93  34 147 183 145  97 219  71  72  64 144
 165  19 117 206 157  67  73 103 116 132  50  92  14 154 131 150 192 108
  70  76  10  79 176  36 123  77  62 138]
Final time: 4.63046789169s - Best: 6420413-[110 102 104 111 112 103 105 113 114 106 107 115 116 108 109 117 125 118
 119 127 126 120 121 128 130 122 123 129 131 124 225 224 223 222 221 220
 219 218 217 216 215 214 213 212 211 210 209 208 207 206 205 204 203 202
 201 200 199 198 197 196 195 194 193 192 191 190 189 188 187 186 185 184
 183 182 181 180 179 178 177 176 175 174 173 172 171 170 169 168 167 166
 165 164 163 162 161 160 159 158 157 156 155 154 153 152 151 150 147 149
 142 141 140 148 146 139 138 144 145 137 136 143  93 101 100  92  91  99
  98  90  89  97  96  87  88  95  94  86  46  45  44  47  32  31  30  35
  34  33  29  28  27  26  25  24  23  22  21  49  50  51  52  53  54  55
  56  57  58  59  60  61  62  63  64  18  17  16  15  12  11  10  14  13
   9   8   7   6   5   4   3   2   1   0  72  73  74  75  76  77  78  79
  80  81  82  83  84  85  71  70  67  66  68  69  65 132 133 134 135  19
  20  48  43  36  37  38  41  42  39  40]
Value - initial: 198186858, final: 6420413, improveup: 30.8682413421

data-line;i;198186858;f;6420413;t;4.63046789169;c;-2;fv;[6420413L];cv;-1;imp;30.8682413421;type;rvnd;inum;2;w;1

time;4.63046789169;man_time;0;neigh_time;0
man_time;0;man_merge_sol;0;man_best_sol;0;man_combine_sol;0

Waiting [0]
Terminating workers True 0 0
MPI TERMINATING
