pydf_home: /home/rodolfo/git/Sucuri
simple_pycuda_home: /home/rodolfo/git/simple-pycuda
wamca2016path: /home/rodolfo/git/wamca2016/
localpath: /home/rodolfo/git/dvnd-df/code/dvnd-df/src/
WAMCAPATH:/home/rodolfo/git/wamca2016/
param: {solution_index:3, solution_instance_index:71, multi_gpu:True, goal:False, problem_name:ml, number_of_moves:10, device_count:2, solver:rvnd, mpi_enabled:True, workers:1}
Using already created file:  wamca2016lib.so
Size: 318 - file name: 04_lin318.tsp

Value - initial: 91281001-[257 128 125  22 267 209 194  41 115 280 264 289 187 166 297  53  79  89
 283 160 154 303  21 101 302 206  49  29 175 212  27  71 275 229 235 251
 122 136 186 247 243 204 152 162 215 295 130   6  20 290 144 185 143 262
  19 100  45 163 176 254 132 159  40 296  61 102 314   7  55 202 294   8
 149 134 252 164 231 138 182 172 191 107 258  88  44 199  93 291 269 236
 168  78 241  94 293 312  85 273 308 239  37  76 116 271 173 121 277  96
 211 140 270  17  54   2  30 146 129 286 278 259 207 228 113 205 317 117
 142  38 178 244  90 109  33  70 246 155 192 240 309 315  60 214  50 141
   4 145  39  82 245  64 103  16  98 255 272  18  72  58 201 180 174  34
  25 127 165  11 242 268  69  52 306 184  15 285  87  12 139  46  66 147
   1 193  26 281 200  10  73 276  23 238 217 284 151 304 108  84 137 220
 190 250  68 124  47 230  91 282 198 106 131 104 301 311 171 237 156  95
 253 177 148  35  51 157 298 105 189 188 305 135 310 181  81 221 287  42
  28 123 114 227  92 288  75 307  59 216 256 274 118 233 225 248 313 249
 167  31 213 111  57   9  67 126 203 161 169 232 210 112  62   0  63  86
 279 179 222 120 226  99  13  32 119  77 208  14 218  74 110 196 316 195
 197 299 170 234 150 260 219 292  80  48 223 266   5 300   3  97 153 158
 133  65  36  56 183 224 265  43 263  83  24 261] - 91281001
Solver: RVND, number of workers: 1
Setting feeder affinity
I am the master. There are 1 mpi processes. (hostname = gpu01)
Roots [<pyDF.nodes.Feeder object at 0x7f89aacedad0>]
Starting 0
Main loop
I am worker 0
GPU0
set random seed!
Initial: 91281001-[257 128 125  22 267 209 194  41 115 280 264 289 187 166 297  53  79  89
 283 160 154 303  21 101 302 206  49  29 175 212  27  71 275 229 235 251
 122 136 186 247 243 204 152 162 215 295 130   6  20 290 144 185 143 262
  19 100  45 163 176 254 132 159  40 296  61 102 314   7  55 202 294   8
 149 134 252 164 231 138 182 172 191 107 258  88  44 199  93 291 269 236
 168  78 241  94 293 312  85 273 308 239  37  76 116 271 173 121 277  96
 211 140 270  17  54   2  30 146 129 286 278 259 207 228 113 205 317 117
 142  38 178 244  90 109  33  70 246 155 192 240 309 315  60 214  50 141
   4 145  39  82 245  64 103  16  98 255 272  18  72  58 201 180 174  34
  25 127 165  11 242 268  69  52 306 184  15 285  87  12 139  46  66 147
   1 193  26 281 200  10  73 276  23 238 217 284 151 304 108  84 137 220
 190 250  68 124  47 230  91 282 198 106 131 104 301 311 171 237 156  95
 253 177 148  35  51 157 298 105 189 188 305 135 310 181  81 221 287  42
  28 123 114 227  92 288  75 307  59 216 256 274 118 233 225 248 313 249
 167  31 213 111  57   9  67 126 203 161 169 232 210 112  62   0  63  86
 279 179 222 120 226  99  13  32 119  77 208  14 218  74 110 196 316 195
 197 299 170 234 150 260 219 292  80  48 223 266   5 300   3  97 153 158
 133  65  36  56 183 224 265  43 263  83  24 261]
Final time: 2.97729897499s - Best: 6172505-[257 259 264 265 314 273 276 277 280 287 291 292 293 288 286 281 289 285
 282 278 279 283 284 290 299 298 302 310 311 204 306 305 301 300 198 199
 194 193 185 179 178 174 173 177 180 184 176 181 183 188 189 187 186 182
 175 172 171 168 209 160 159 154 152 149 148 151 155 158 161 162 157 156
 150 147 145 146 143 142 139 138 241 240 239 237 232 229 312 238 231 230
 224 221 228 233 236 235 234 227 225 226 218 217 212 210 211 108 109 215
 216 219 220 117 118 121 120 122 129 130 131 128 123 124 127 132 134 135
 136 133 126 125 207 119 115 114 111 110 106 105   3   4   8   7   2   0
   1   5   6   9  10  14 102  20  21  28  31  30  29  27  22  19  26  23
  18  15  16  17  24  25  35  36  40  43  46  50  47  44  39  48  49  54
  55  53  56  57  52  51  45  42  41  59  60  64  65  62  61  63  66  67
  70  77  81  82  83  78  76  71  72  68  69  73  74  80  75  79  85  84
  90  91  95  96 100 101  92  97  98  88  89  87  86  93  94  99 206 205
 201 200 196 195 197 202 203 192 191 170 169 165 164 268 258 254 249 313
 253 256 260 263 266 271 272 267 262 261 255 252 250 251 245 246 244 243
 247 248 317 269 270 274 275 296 297 303 304 309 308 307 295 294 167 166
 163 153 144 208 141 140 137  33  34  37  38 104  58 316 315 103  32  11
  13  12 116 107 112 113 242 223 222 213 214 190]
Value - initial: 91281001, final: 6172505, improveup: 14.7883235413

data-line;i;91281001;f;6172505;t;2.97729897499;c;-2;fv;[6172505L];cv;-1;imp;14.7883235413;type;rvnd;inum;3;w;1

time;2.97729897499;man_time;0;neigh_time;0
man_time;0;man_merge_sol;0;man_best_sol;0;man_combine_sol;0

Waiting [0]
Terminating workers True 0 0
MPI TERMINATING
