pydf_home: /home/rodolfo/git/Sucuri
simple_pycuda_home: /home/rodolfo/git/simple-pycuda
wamca2016path: /home/rodolfo/git/wamca2016/
localpath: /home/rodolfo/git/dvnd-df/code/dvnd-df/src/
WAMCAPATH:/home/rodolfo/git/wamca2016/
param: {solution_index:5, solution_instance_index:30, multi_gpu:True, goal:False, problem_name:ml, number_of_moves:10, device_count:2, solver:rvnd, mpi_enabled:True, workers:1}
Using already created file:  wamca2016lib.so
Size: 657 - file name: 06_d657.tsp

Value - initial: 284768303-[570 113 394 626 557 579 177 315 271 418 589 610 444 186 328  83  23 633
 578 130 226 194  85 506 218 542 357  58 102 597 580 282 222 631 469 365
 572 173 109  48 406 337 340 643 454  28 369 266 248 302 146  24  11 450
 314  87 125  19 200 409 655 574 280 560 347 590 477 511 586  55 122 216
 116 531 111 505  62 492 573 343 507 488 187 636 363 227 515 141 644 496
 184 289 245  41  88   2 587  93 650 408 460 404 372  10 465 389 476 255
 336 371  74 370 532 235 201 592 198  49 427 243 565 471 552 558 548 413
   9  45 446  96 193 520 154 159 447 356  13 249 539 637  39 501 377 503
 524 281 605 473 279  37  89 246 442 400 297 335  35  69 534 160 161 428
  12 452 414 247 140 164   7 374 228  52 459 236 202 128 421 416 474 385
 493  31 145 411 426  18 101 231 656 567 443 571  97 405 112  50 384 547
 591 468 445 167 438 530 323  29 533 178 441 203  98 584 358 487 393 593
 257  53 333 195 311 110 240 551 149 304 623 234 191 170 272 260 491 518
 396 366   5 238 115 502 559  59 392 375 464 575 448 344 621 267 137 420
 150  22 490 306 395 269 436 251 106 630 497  95 598 352 183 653 640 588
 312 568   6 424 381 296 127 313 555  75 541 250 383  21 293 263 107 595
 276 513 364 169 514 119 124 288 388 100 221 274  54 204 286 561 133 339
  79 182  68  17 325 391  78 265  56  34 168 430 330  86 523 351 462 156
 463 309 180 253 188 540 207  30 581  72 624  92   1  61 537 295 291 554
 327 431 617 449 615  71 208 521 252 652  25 181 378  44 639 423 528 329
  76 237 583 284 147 199 348 606 224 214 484 549  80 359 294  81 619 142
 603 254 332 192 635 645 398 256  36  33 105 486 498 298 562 211 456 641
 508 258 131 455 397  47 354 103  91 625  99 517 307 417 326 614 576 232
 425 135 275 144 401 632 361  73 220 270 104 278 382 205 543  38 121 512
 308 499 322 273 334 171 585 390 292 651  57 219 151   4 287 608  26 516
 525 629  43  40 419 407 577 489 153 478 157  14  77 262 509 172 538 206
 189 457 163 536  27 616  46 566 453 148 175 349 634 435 162 320 553 646
 285 627 355 412 114 618 264 143 362 526 367 504 117 620 118 612 500 479
 342 563  67 410 600 439 422 132 607  20  63 230 485 353 155  90  94 440
 350 244 197 461 152 480 239 433 613 138   0 495  51 467 482 134 475 217
 324 136 546 229 346 386 345 402 268 556 429 190 415 432 545 317 399 300
 379 321 647 166 472 403  65 648 210 310 604 470 213 126 466 654  32 123
 318 437 338 544 582 483 242 290 209 196 316 341  70  82 642 120 174 550
 564 212 594 303 158 283 494 602 305  60 622 261 360 331  15 223 649 434
 139 259 569 241 108   8 510 373 225 301 165 638 299 387 368 451  42 458
  66  64 376  16 529 319 535 215 527 129 519 599 596 522 233 277 601  84
 481 176 611 609   3 628 185 179 380] - 284768303
Solver: RVND, number of workers: 1
Setting feeder affinity
I am the master. There are 1 mpi processes. (hostname = gpu01)
Roots [<pyDF.nodes.Feeder object at 0x7fc26dea8ad0>]
Starting 0
Main loop
I am worker 0
GPU0
set random seed!
Initial: 284768303-[570 113 394 626 557 579 177 315 271 418 589 610 444 186 328  83  23 633
 578 130 226 194  85 506 218 542 357  58 102 597 580 282 222 631 469 365
 572 173 109  48 406 337 340 643 454  28 369 266 248 302 146  24  11 450
 314  87 125  19 200 409 655 574 280 560 347 590 477 511 586  55 122 216
 116 531 111 505  62 492 573 343 507 488 187 636 363 227 515 141 644 496
 184 289 245  41  88   2 587  93 650 408 460 404 372  10 465 389 476 255
 336 371  74 370 532 235 201 592 198  49 427 243 565 471 552 558 548 413
   9  45 446  96 193 520 154 159 447 356  13 249 539 637  39 501 377 503
 524 281 605 473 279  37  89 246 442 400 297 335  35  69 534 160 161 428
  12 452 414 247 140 164   7 374 228  52 459 236 202 128 421 416 474 385
 493  31 145 411 426  18 101 231 656 567 443 571  97 405 112  50 384 547
 591 468 445 167 438 530 323  29 533 178 441 203  98 584 358 487 393 593
 257  53 333 195 311 110 240 551 149 304 623 234 191 170 272 260 491 518
 396 366   5 238 115 502 559  59 392 375 464 575 448 344 621 267 137 420
 150  22 490 306 395 269 436 251 106 630 497  95 598 352 183 653 640 588
 312 568   6 424 381 296 127 313 555  75 541 250 383  21 293 263 107 595
 276 513 364 169 514 119 124 288 388 100 221 274  54 204 286 561 133 339
  79 182  68  17 325 391  78 265  56  34 168 430 330  86 523 351 462 156
 463 309 180 253 188 540 207  30 581  72 624  92   1  61 537 295 291 554
 327 431 617 449 615  71 208 521 252 652  25 181 378  44 639 423 528 329
  76 237 583 284 147 199 348 606 224 214 484 549  80 359 294  81 619 142
 603 254 332 192 635 645 398 256  36  33 105 486 498 298 562 211 456 641
 508 258 131 455 397  47 354 103  91 625  99 517 307 417 326 614 576 232
 425 135 275 144 401 632 361  73 220 270 104 278 382 205 543  38 121 512
 308 499 322 273 334 171 585 390 292 651  57 219 151   4 287 608  26 516
 525 629  43  40 419 407 577 489 153 478 157  14  77 262 509 172 538 206
 189 457 163 536  27 616  46 566 453 148 175 349 634 435 162 320 553 646
 285 627 355 412 114 618 264 143 362 526 367 504 117 620 118 612 500 479
 342 563  67 410 600 439 422 132 607  20  63 230 485 353 155  90  94 440
 350 244 197 461 152 480 239 433 613 138   0 495  51 467 482 134 475 217
 324 136 546 229 346 386 345 402 268 556 429 190 415 432 545 317 399 300
 379 321 647 166 472 403  65 648 210 310 604 470 213 126 466 654  32 123
 318 437 338 544 582 483 242 290 209 196 316 341  70  82 642 120 174 550
 564 212 594 303 158 283 494 602 305  60 622 261 360 331  15 223 649 434
 139 259 569 241 108   8 510 373 225 301 165 638 299 387 368 451  42 458
  66  64 376  16 529 319 535 215 527 129 519 599 596 522 233 277 601  84
 481 176 611 609   3 628 185 179 380]
Final time: 8.15074706078s - Best: 14121374-[570 202 201 200 194 183 173 182 189 174 160 152 135 125 506 504 126 136
 133 507 500 501 503 502 499 495 492 489 484 487 488 493 496 498 505 124
 127 145 144 109  95  87  88  89  94  83  76  82  96 100 107 111 106  81
  75  80  71  66  61  43  38  42  46  37  34 469 463 462 466 468 464 458
 461 465 467 460 459 457 456 473 455 454 451 452 450 453 448 449 442 441
 443 446 447 445 444  19  18  13  17  16  20  15  14  21  24  12  11  10
   8   9   7  33  32  35  36  39  41  45  44  49  54  50  40  29  22  23
 440  25  26  27  30  48  52  57  59  69  86  92  99 113 119 103 118 114
 102  97  91  74  73  77  84  93  98 115 132 140 137 130 116 128 129 142
 164 162 155 168 181 180 186 191 198 199 197 195 185 178 172 190 196 206
 220 230 239 253 261 271 263 264 303 299 293 288 275 287 292 294 300 310
 320 326 350 369 365 377 386 401 405 414 423 431 424 419 410 396 378 385
 395 402 406 413 394 403 407 412 433 434 429 417 411 382 367 362 353 344
 338 332 329 315 314 313 328 339 359 352 363 366 384 379 376 374 368 357
 351 333 318 327 311 312 305 304 284 259 255 243 228 250 242 226 224 207
 208 214 219 227 252 270 276 268 260 251 247 221 232 241 254 248 236 225
 204 187 165 157 169 171 170 161 148 139 147 149 154 177 184 179 166 158
 150 153 143 122 112 121 105 104  90  70  58  47  51  62  56  67 483 482
 472 479 478 476 477 519 520 521 527 526 525 524 522 518 517 516 513 512
 514 515 481 480 485 490 486 491 494 497 108 110 123 134 146 151 167 176
 188 192 223 249 277 291 272 283 286 274 233 244 256 267 282 285 278 281
 301 295 302 296 297 280 273 258 266 257 246 229 580 213 212 216 222 205
 203 193 159 510 508 509 528 559 556 551 557 555 554 550 549 543 542 541
 540 539 538 537 536 641 640 639 638 637 636 634 635 633 632 631 630 629
 628 552 546 545 544 547 548 553 558 563 565 560 564 561 562 568 569 571
 573 574 578 582 581 586 589 595 601 605 606 610 607 600 598 279 592 306
 331 330 319 336 343 354 360 355 393 381 383 380 375 418 428 392 425 432
 435 430 436 422 397 388 370 364 348 342 325 321 309 308 334 324 323 340
 346 372 391 398 389 400 404 415 421 439 437 438 420 409 416 399 371 390
 361 347 341 345 335 322 317 307 298 290 234 240 217 209 218 238 262 289
 269 237 231 235 210 163 156 138 131 117 141   5   6  78  79  64  60  53
  68  63  85  72  65  55  31 470 471 475 474 530 533 523 529 531 532 535
 534 642 643 644 646 645 647 648 652 649 650 651 627 653 654 655 626 572
 656 575 579 576 577 583 584 585 588 587 590 593 599 603 604 609 614 621
 623 625 624 427 426 408 622 620 618 617 616 615 613 619 612 611 602 594
 597 591 596 608 337 356 265 245 316 358 373 387 349 215 101   4   3   2
   1  28 120 175 211 511 567 566   0]
Value - initial: 284768303, final: 14121374, improveup: 20.1657645354

data-line;i;284768303;f;14121374;t;8.15074706078;c;-2;fv;[14121374L];cv;-1;imp;20.1657645354;type;rvnd;inum;5;w;1

time;8.15074706078;man_time;0;neigh_time;0
man_time;0;man_merge_sol;0;man_best_sol;0;man_combine_sol;0

Waiting [0]
Terminating workers True 0 0
MPI TERMINATING
