pydf_home: /home/rodolfo/git/Sucuri
simple_pycuda_home: /home/rodolfo/git/simple-pycuda
wamca2016path: /home/rodolfo/git/wamca2016/
localpath: /home/rodolfo/git/dvnd-df/code/dvnd-df/src/
WAMCAPATH:/home/rodolfo/git/wamca2016/
param: {solution_index:5, solution_instance_index:92, multi_gpu:True, goal:False, problem_name:ml, number_of_moves:10, device_count:2, solver:rvnd, mpi_enabled:True, workers:1}
Using already created file:  wamca2016lib.so
Size: 657 - file name: 06_d657.tsp

Value - initial: 271265095-[250 308 498 410 474   5 473  10 236 429 462 524 183 507 436   7 275 617
 332 554 508  65 290 448 533 566 464 544  52 466 547 537 587 621  88 334
 333 143 219 397  19 120 109 322 115 435 427  29 122 414 131  56 583 154
 148  22  39  23 357 597 238  21 178 284 548 642 103 549  15 242 628 292
 272 570 502 506 556 518  14 611 483 652 638 216  77 368 441 304 336 224
 117 600 119 324 563  33 408 211  48 497 344   4  49 193 135  13 378 399
 239 434 437 360 614 596 136 227 161 342  41  43 185 100  83 616 637  54
 391  64 260 487 582 608 585 472 277  53 374 346 186 228 294 268 139 384
  75 191 445 632 326 468 635 128 438  67 411 291 546 310 588 352 141 197
 190 256 140 504  79  68  60 552 442 650 309 493 245 166 630 541 496 330
  32 273 153  84 325 283 181 258 369 194 300  69 270 415  17  16 482  96
 412 225  98 127 629 204 116 595 167  82 626 354 402 655 535 274 287   2
 241 380 248 526 615 539 358  47 262 512 230  61 203 293 477 318  27 489
 481  86 517 244 337 558 160 356  92 604 564 321 341 251  26 365 405 519
 379 624 431 370 575 579 114 212 257 576 651 613  40 446 515 247 500 454
 150 421 175 561 403 484 559 373 451 138 210  46 302 213 553  31 644 480
 184 252  70 317 598 232 372 187 398 118 249 192 104   6 521 586 264 393
  35 459  12 179 390 439 111 296 157 361 476 351 538 463  93 423 206 125
 195 488 386 443  24 623 235 338 406 417 377 132 323 413 173  89 229 455
 328 233 113 288   9 281 510  91 297 591 353 320 265 218 102 400 490 639
  34 314 149 182   3 155 151 426 366  51 631 485 649 162 383 163 345 640
 202 571 513 289 465 207  42  62 432 479 612  95 376 545 189 505 311 371
 578 620  18 319 226  85 499 603 418 110 215 424 312 306 531 574 199  80
  73 453 475 656  55 263 278 112 130 607 522 619 494 551 450  37 340 299
 565 528 350 428 560 176 147  97 126  74 460 584  25 237  66 589 433 573
 470 534 643 188 581 124 266 254 569  94 577 170  71 567   0 261 388 409
 641 267  76 478  58 231 172 363 146 223  45   1 315 276 105 602 171 129
 355 550 407 449 220  72 572 422 303 540 501 471 382  50 605 165 568 645
 456 592 282 331 327 594 295 133 123 557 347 532 234 425 467 217 527 279
 158 313 452 196 156 509 404 280 208 486 159 606 420 580 394 396  30  81
 243 392 440 514 636 523 457  36 200 259 610 301 627 253 444 349 401 107
 164 536 201 520 447 590 298  59 416 364 205 430 121  20 469 214 209  78
 106 367 634 335 362 174 530 389  57 529 177 601 654 491 145 653 359 381
 503 647 142  99 419 343 168  11 511  28 137 646 316 348 492  44 255 144
 240 222 618 525 593 329 625 648 198  87 307 134 180 152 375 169 516 622
 387 555  90 562 221 542 633 101 395 271 609 458 246 285 461  63 108 269
 305 495 339   8 385  38 543 286 599] - 271265095
Solver: RVND, number of workers: 1
Setting feeder affinity
I am the master. There are 1 mpi processes. (hostname = gpu01)
Roots [<pyDF.nodes.Feeder object at 0x7f09245d1ad0>]
Starting 0
Main loop
I am worker 0
GPU0
set random seed!
Initial: 271265095-[250 308 498 410 474   5 473  10 236 429 462 524 183 507 436   7 275 617
 332 554 508  65 290 448 533 566 464 544  52 466 547 537 587 621  88 334
 333 143 219 397  19 120 109 322 115 435 427  29 122 414 131  56 583 154
 148  22  39  23 357 597 238  21 178 284 548 642 103 549  15 242 628 292
 272 570 502 506 556 518  14 611 483 652 638 216  77 368 441 304 336 224
 117 600 119 324 563  33 408 211  48 497 344   4  49 193 135  13 378 399
 239 434 437 360 614 596 136 227 161 342  41  43 185 100  83 616 637  54
 391  64 260 487 582 608 585 472 277  53 374 346 186 228 294 268 139 384
  75 191 445 632 326 468 635 128 438  67 411 291 546 310 588 352 141 197
 190 256 140 504  79  68  60 552 442 650 309 493 245 166 630 541 496 330
  32 273 153  84 325 283 181 258 369 194 300  69 270 415  17  16 482  96
 412 225  98 127 629 204 116 595 167  82 626 354 402 655 535 274 287   2
 241 380 248 526 615 539 358  47 262 512 230  61 203 293 477 318  27 489
 481  86 517 244 337 558 160 356  92 604 564 321 341 251  26 365 405 519
 379 624 431 370 575 579 114 212 257 576 651 613  40 446 515 247 500 454
 150 421 175 561 403 484 559 373 451 138 210  46 302 213 553  31 644 480
 184 252  70 317 598 232 372 187 398 118 249 192 104   6 521 586 264 393
  35 459  12 179 390 439 111 296 157 361 476 351 538 463  93 423 206 125
 195 488 386 443  24 623 235 338 406 417 377 132 323 413 173  89 229 455
 328 233 113 288   9 281 510  91 297 591 353 320 265 218 102 400 490 639
  34 314 149 182   3 155 151 426 366  51 631 485 649 162 383 163 345 640
 202 571 513 289 465 207  42  62 432 479 612  95 376 545 189 505 311 371
 578 620  18 319 226  85 499 603 418 110 215 424 312 306 531 574 199  80
  73 453 475 656  55 263 278 112 130 607 522 619 494 551 450  37 340 299
 565 528 350 428 560 176 147  97 126  74 460 584  25 237  66 589 433 573
 470 534 643 188 581 124 266 254 569  94 577 170  71 567   0 261 388 409
 641 267  76 478  58 231 172 363 146 223  45   1 315 276 105 602 171 129
 355 550 407 449 220  72 572 422 303 540 501 471 382  50 605 165 568 645
 456 592 282 331 327 594 295 133 123 557 347 532 234 425 467 217 527 279
 158 313 452 196 156 509 404 280 208 486 159 606 420 580 394 396  30  81
 243 392 440 514 636 523 457  36 200 259 610 301 627 253 444 349 401 107
 164 536 201 520 447 590 298  59 416 364 205 430 121  20 469 214 209  78
 106 367 634 335 362 174 530 389  57 529 177 601 654 491 145 653 359 381
 503 647 142  99 419 343 168  11 511  28 137 646 316 348 492  44 255 144
 240 222 618 525 593 329 625 648 198  87 307 134 180 152 375 169 516 622
 387 555  90 562 221 542 633 101 395 271 609 458 246 285 461  63 108 269
 305 495 339   8 385  38 543 286 599]
Final time: 11.5135672092s - Best: 13987326-[250 242 226 224 228 243 255 259 284 304 311 327 318 312 305 291 277 272
 274 283 286 314 315 329 338 344 353 362 352 363 359 366 368 374 376 379
 384 412 407 403 394 385 378 396 395 402 406 413 425 419 410 424 431 423
 414 405 401 386 377 369 350 326 320 310 300 276 270 268 252 227 247 251
 260 294 325 321 309 308 303 299 293 288 264 263 271 261 253 239 230 220
 206 199 198 197 195 191 186 181 180 185 178 172 168 155 142 129 128 116
 130 137 140 132 115 102  91  97  98  93  84  74  77  73  68  63  45  44
  41  39  36  35  33  32  24  21  14  15  16  17  13  18  19  22  29  30
  27  26  23 440  25  31 469  34  37  38  42  46  58  43  47  61  66  71
  75  81  80  70  90 104 105 121 112 122 106 111 107 100  96  82  76  83
  89  94  88  87  95 497 494 491 486 485 480 481 484 488 487 490 496 498
 493 489 492 495 499 502 503 501 500 507 133 508 509 510 159 189 182 173
 183 194 200 201 202 570 566 557 555 551 543 549 550 554 558 553 548 547
 546 545 544 629 630 631 632 633 634 636 637 641 640 638 639 635 541 540
 539 538 537 536 534 535 532 531 529 523 533 530 524 522 525 526 527 521
 519 520 474 475 457 456 473 455 459 460 467 465 461 454 451 452 450 448
 449 453 458 464 468 466 462 463 442 441 443 446 447 445 444  20  28  12
  11  10   8   9   7  53  60  64  79  78   6   5 117 131 138 163 156 164
 162 190 196 210 231 235 238 218 217 209 187 165 157 114 118 119 113 103
  85  72  65  54  49  50  40  48  52  57  59  55  69  86  92  99 120 139
 148 169 171 170 161 147 149 154 177 184 179 166 158 150 143 153 167 151
 110 123 134 109 144 145 127 124 505 506 125 135 504 126 136 160 174 193
 203 205 212 216 222 245 265 278 281 301 295 302 296 297 306 592 280 273
 258 266 279 598 600 601 595 591 596 597 594 602 611 612 619 625 624 427
 426 408 622 620 618 617 616 615 613 608 605 606 610 607 337 356 331 330
 319 336 343 354 360 355 393 381 383 380 375 367 382 411 417 392 332 313
 328 339 333 357 351 358 373 365 387 349 342 348 364 370 388 397 422 421
 415 404 400 389 398 391 372 346 334 324 323 340 335 345 361 347 341 322
 317 307 298 290 289 262 234 240 292 287 275 254 248 236 225 215 232 241
 221 208 214 219 207 192 188 176 146 108  67  56  62  51 470 471 483 482
 472 479 476 477 478 515 514 518 517 516 513 512 528 559 511 213 580 229
 246 257 589 586 581 582 578 574 573 577 576 583 584 585 588 599 603 604
 609 593 590 587 579 575 656 655 654 626 572 571 569 568 562 561 564 565
 563 560 552 628 651 650 649 627 653 652 648 647 645 646 644 643 642 542
 556 567 152 175 211 233 244 256 267 282 285 316 418 428 429 434 433 432
 435 430 436 439 437 438 420 409 416 390 399 371 269 237 141   4   3   2
   1 101 204 223 249 614 621 623   0]
Value - initial: 271265095, final: 13987326, improveup: 19.393634995

data-line;i;271265095;f;13987326;t;11.5135672092;c;-2;fv;[13987326L];cv;-1;imp;19.393634995;type;rvnd;inum;5;w;1

time;11.5135672092;man_time;0;neigh_time;0
man_time;0;man_merge_sol;0;man_best_sol;0;man_combine_sol;0

Waiting [0]
Terminating workers True 0 0
MPI TERMINATING
