pydf_home: /home/rodolfo/git/Sucuri
simple_pycuda_home: /home/rodolfo/git/simple-pycuda
wamca2016path: /home/rodolfo/git/wamca2016/
localpath: /home/rodolfo/git/dvnd-df/code/dvnd-df/src/
WAMCAPATH:/home/rodolfo/git/wamca2016/
param: {solution_index:4, solution_instance_index:83, multi_gpu:True, goal:False, problem_name:ml, number_of_moves:10, device_count:2, solver:rvnd, mpi_enabled:True, workers:1}
Using already created file:  wamca2016lib.so
Size: 501 - file name: 05_TRP-S500-R1.tsp

Value - initial: 32686606-[201 305  82 324 301  88 288 247 249 360 405 456 168 130 174 478  68 146
   5 448 393 196 308 203 496 377 342 110 264 274 398 350 295 310 396   1
 152 422 451 298 373 128 206 359 299 286 471 266 355 325 231 484 403 285
 268 192 233 340 209  15 190 173  51 409 311 374 494 166  66  94 442  50
 376 199 323  72 170 424 312 200 459 218 455  43 480  79 385 211 477 156
 137 408 254 175  42 358 243  95  62 391 145 427 213 114 234 165 210 386
 444 127 450  93 473 265 172 474 400 372  44 150 481  89  80 219  86 182
 188 276 420 280 149  97 304 439 294  39 251  21 148 407 224 143 331 430
  48 144 242 297 475 392 171  35 257 491 465 262 380  65 248 180 167  67
  37  64  73 229 205 436 476 487 445 328  45 102  17 179  81  71  38 141
 250 151 365 435 135 270 186 120 348 291 204 332 245 275 215 426 283 370
 321 281 290 485 278 378 287 497 169 353 184   3 183 252 240  11 303 447
  60 185 461 118 277 316 425 441 155 241  84 401 429 125  76 314 282 387
 122 366 415 158 106 261 346 154 495  58 368  31  10 379 193 101 123 222
 198 371   8 263 272 490 460  36 216 111 333 315  46 421 117 339 363 341
 220 389 133  52 119 225 423 412 349 159 107 115 500 271 395  34 458  69
  56   2 142 394 449 284 482 147 139 357 414 417 383 313  74 239 105 413
  53 259 438 327 217  16 177  83 432 100 109 131 255 258 443  28 404 364
 326 238  26 140 488  20 469  27 187 253 138   9   7 419 440 337  30 178
 197 362 492 467 336  24 235 194 267  40 292 273 493 345 163 244 335 479
 399 320 221 329 453 402  55 289 483 112  19 428 367 306 164 434 344 410
 103 411 161 347 457 269  29  12 279 319 207 433  18 202 390 230 375 354
 486 228  61 406  87 237 318  23 462  70 176 499 191 157 343  63 124 418
 351 307   0 381 162 195 116  75 338 388 214 431  25 356 126 302 464  91
 397 463  33 232 470 108  92 223 317 382 208 452 300 498  49 330  41  47
 212 322 236  32 132 369  14 466 489 384  90 189 416 153 361  22 104 296
 334 226 468 227 446  13 260  78 437  77  54  98 352  85  57 113   4 309
 134 160 293  99 181 246 136 129  59 472 256 121 454  96   6] - 32686606
Solver: RVND, number of workers: 1
Setting feeder affinity
I am the master. There are 1 mpi processes. (hostname = gpu01)
Roots [<pyDF.nodes.Feeder object at 0x7f36b7036ad0>]
Starting 0
Main loop
I am worker 0
GPU0
set random seed!
Initial: 32686606-[201 305  82 324 301  88 288 247 249 360 405 456 168 130 174 478  68 146
   5 448 393 196 308 203 496 377 342 110 264 274 398 350 295 310 396   1
 152 422 451 298 373 128 206 359 299 286 471 266 355 325 231 484 403 285
 268 192 233 340 209  15 190 173  51 409 311 374 494 166  66  94 442  50
 376 199 323  72 170 424 312 200 459 218 455  43 480  79 385 211 477 156
 137 408 254 175  42 358 243  95  62 391 145 427 213 114 234 165 210 386
 444 127 450  93 473 265 172 474 400 372  44 150 481  89  80 219  86 182
 188 276 420 280 149  97 304 439 294  39 251  21 148 407 224 143 331 430
  48 144 242 297 475 392 171  35 257 491 465 262 380  65 248 180 167  67
  37  64  73 229 205 436 476 487 445 328  45 102  17 179  81  71  38 141
 250 151 365 435 135 270 186 120 348 291 204 332 245 275 215 426 283 370
 321 281 290 485 278 378 287 497 169 353 184   3 183 252 240  11 303 447
  60 185 461 118 277 316 425 441 155 241  84 401 429 125  76 314 282 387
 122 366 415 158 106 261 346 154 495  58 368  31  10 379 193 101 123 222
 198 371   8 263 272 490 460  36 216 111 333 315  46 421 117 339 363 341
 220 389 133  52 119 225 423 412 349 159 107 115 500 271 395  34 458  69
  56   2 142 394 449 284 482 147 139 357 414 417 383 313  74 239 105 413
  53 259 438 327 217  16 177  83 432 100 109 131 255 258 443  28 404 364
 326 238  26 140 488  20 469  27 187 253 138   9   7 419 440 337  30 178
 197 362 492 467 336  24 235 194 267  40 292 273 493 345 163 244 335 479
 399 320 221 329 453 402  55 289 483 112  19 428 367 306 164 434 344 410
 103 411 161 347 457 269  29  12 279 319 207 433  18 202 390 230 375 354
 486 228  61 406  87 237 318  23 462  70 176 499 191 157 343  63 124 418
 351 307   0 381 162 195 116  75 338 388 214 431  25 356 126 302 464  91
 397 463  33 232 470 108  92 223 317 382 208 452 300 498  49 330  41  47
 212 322 236  32 132 369  14 466 489 384  90 189 416 153 361  22 104 296
 334 226 468 227 446  13 260  78 437  77  54  98 352  85  57 113   4 309
 134 160 293  99 181 246 136 129  59 472 256 121 454  96   6]
Final time: 6.46853899956s - Best: 2014542-[201 157 467 430 288 255 190  95 448 485 141 354 207 365 487  25 475  90
 187 473 412  79 484 391 161  75 333 274 370 388  68 308 293 306  52 248
   6 302 212  72 268 336 386 395 262  73 417  78 348  19 301 330  44 373
 179 116 344 279 349 387 275  12  89 109 208 380 216 451 233 211  94 332
 479 460 102 152 215 447 411  16 403 160 439 129 239 226 457 381 238 265
  69 281 203  99  93 155 307  70 251 140 453  42 163 309 285  43 185  55
 196 372 328 297 263 137 478 235 452  18   0 150  53 107  23 153 400 424
 315 173 498 429 493 241 495 461 397 374 323 327 320 489 229 296 280 313
 104 292 299 202 278 376 139 272 192  61 390 224 149   8 310 360 164 135
 106 258 321 353 287 198 158 364  71 464  59  83   7 111 445 339 356   5
 236 142 112 193  88 232 174 146  38 436 382 419 431 181  82 358 416 345
 221 421 362  62 420 266  76 346 468 422 437 326 210 352 277 124  35 379
  13 194 500 242  34 476 267 188 289 371 456 465  24 462 283  11 314 401
 130 446 474 482 127 256 375 231 454   9 472 199 122 340 443 260 428 355
 145 334 151 108 405 147 392 455 435 191 269 407 156 329 223   4 459 119
 434  36  92 170 168   2 488 450 311 162 324 347  60 499 209 389  29  47
  64 418 143 259 125 398 214 483 331 240 103 359 132 378  10 497 176 409
 318  74 427 408 183 180 357 252  40 206  58 406 343 433 396  77 100 219
 118 261 319 383  45 182  28 351 305 481 117 377 369  50  26 189 425 115
 471 316 247 131 295 338 415 350 449 458 284  54 128  20 294 402 253 404
  57 254 367 165 291 432 134  51 159 228 197 490 264 220 101 491  27 225
 441 244  37 234 442 399 423 361  56 184 154 121 169 113  48  32 469  41
 217  84  80 463 276 282 171 444  91 123 413  21  86 317 270  63 271 222
 166  98 342 249  46 257 186 363 492 133 298 245 227 250 126 205 426 312
  14 304 237  97 494 218 120 322 477 148  49 366  65 440  15  96 177 138
 385 175 410  30 178   3 273 393 167  33 136 470  22 200 335 172 213 286
 337 341 414 144   1  17 114 384 300 480  67 325 496  81 394 195 246  39
 486 230  87 368 105  31  85 110  66 303 243 438 204 466 290]
Value - initial: 32686606, final: 2014542, improveup: 16.2253286355

data-line;i;32686606;f;2014542;t;6.46853899956;c;-2;fv;[2014542L];cv;-1;imp;16.2253286355;type;rvnd;inum;4;w;1

time;6.46853899956;man_time;0;neigh_time;0
man_time;0;man_merge_sol;0;man_best_sol;0;man_combine_sol;0

Waiting [0]
Terminating workers True 0 0
MPI TERMINATING
