pydf_home: /home/rodolfo/git/Sucuri
simple_pycuda_home: /home/rodolfo/git/simple-pycuda
wamca2016path: /home/rodolfo/git/wamca2016/
localpath: /home/rodolfo/git/dvnd-df/code/dvnd-df/src/
WAMCAPATH:/home/rodolfo/git/wamca2016/
param: {solution_index:1, solution_instance_index:47, multi_gpu:True, goal:False, problem_name:ml, number_of_moves:10, device_count:2, solver:rvnd, mpi_enabled:True, workers:1}
Using already created file:  wamca2016lib.so
Size: 100 - file name: 02_kroD100.tsp

Value - initial: 7912526-[ 4 55 87 69 98 67 23 90 73 92 54 41 66  2 63 15 38 43 25 58 47 74 52 71 89
 82 35 37 32 20 24 91 78 30 36 12 11 17  7 42 14  6 64 16 86 27  5 44 33 53
  3 59 79 18 13 81 60 26 56  0 95 45  1 68 21 97 28 99 84  9 61 76 77 48 10
 19 57 29 49 96 80  8 85 62 31 75 40 83 34 65 93 94 72 50 88 22 39 70 51 46] - 7912526
Solver: RVND, number of workers: 1
Setting feeder affinity
I am the master. There are 1 mpi processes. (hostname = gpu01)
Roots [<pyDF.nodes.Feeder object at 0x7f3b9e923ad0>]
Starting 0
Main loop
I am worker 0
GPU0
set random seed!
Initial: 7912526-[ 4 55 87 69 98 67 23 90 73 92 54 41 66  2 63 15 38 43 25 58 47 74 52 71 89
 82 35 37 32 20 24 91 78 30 36 12 11 17  7 42 14  6 64 16 86 27  5 44 33 53
  3 59 79 18 13 81 60 26 56  0 95 45  1 68 21 97 28 99 84  9 61 76 77 48 10
 19 57 29 49 96 80  8 85 62 31 75 40 83 34 65 93 94 72 50 88 22 39 70 51 46]
Final time: 1.14130687714s - Best: 1037695-[ 4 54 86 25  9  8 19 24 17  5 82 39 58 63 15 62 53 90 76 42  3 43 92 70 38
 72 14 83 40 78 12 87 23 26 51  7 65 37 33 80  0 49 93 31 96 97 48 69 88 89
 16 10 22 41 21 57 28 35 66 74  6 73 60 75 79 71 56 30 77 98 44 32 67 13 64
 85 95 84  2 52 59 61 36 18 50 34 29 99  1 47 91 94 55 20 46 27 11 81 68 45]
Value - initial: 7912526, final: 1037695, improveup: 7.6250979334

data-line;i;7912526;f;1037695;t;1.14130687714;c;-2;fv;[1037695L];cv;-1;imp;7.6250979334;type;rvnd;inum;1;w;1

time;1.14130687714;man_time;0;neigh_time;0
man_time;0;man_merge_sol;0;man_best_sol;0;man_combine_sol;0

Waiting [0]
Terminating workers True 0 0
MPI TERMINATING
