pydf_home: /home/rodolfo/git/Sucuri
simple_pycuda_home: /home/rodolfo/git/simple-pycuda
wamca2016path: /home/rodolfo/git/wamca2016/
localpath: /home/rodolfo/git/dvnd-df/code/dvnd-df/src/
WAMCAPATH:/home/rodolfo/git/wamca2016/
param: {solution_index:7, solution_instance_index:95, multi_gpu:True, goal:False, problem_name:ml, number_of_moves:10, device_count:2, solver:rvnd, mpi_enabled:True, workers:1}
Using already created file:  wamca2016lib.so
Size: 1001 - file name: 08_TRP-S1000-R1.tsp

Value - initial: 134214614-[970 572 520 ..., 643 350 441] - 134214614
Solver: RVND, number of workers: 1
Setting feeder affinity
I am the master. There are 1 mpi processes. (hostname = gpu01)
Roots [<pyDF.nodes.Feeder object at 0x7f88d5c5aad0>]
Starting 0
Main loop
I am worker 0
GPU0
set random seed!
Initial: 134214614-[970 572 520 ..., 643 350 441]
Final time: 19.8618760109s - Best: 5394949-[970 760 252 ...,  66 674 188]
Value - initial: 134214614, final: 5394949, improveup: 24.8778281315

data-line;i;134214614;f;5394949;t;19.8618760109;c;-2;fv;[5394949L];cv;-1;imp;24.8778281315;type;rvnd;inum;7;w;1

time;19.8618760109;man_time;0;neigh_time;0
man_time;0;man_merge_sol;0;man_best_sol;0;man_combine_sol;0

Waiting [0]
Terminating workers True 0 0
MPI TERMINATING
