pydf_home: /home/rodolfo/git/Sucuri
simple_pycuda_home: /home/rodolfo/git/simple-pycuda
wamca2016path: /home/rodolfo/git/wamca2016/
localpath: /home/rodolfo/git/dvnd-df/code/dvnd-df/src/
WAMCAPATH:/home/rodolfo/git/wamca2016/
param: {solution_index:1, solution_instance_index:86, multi_gpu:True, goal:False, problem_name:ml, number_of_moves:10, device_count:2, solver:rvnd, mpi_enabled:True, workers:1}
Using already created file:  wamca2016lib.so
Size: 100 - file name: 02_kroD100.tsp

Value - initial: 8222995-[75 12  2 37 84 21  6 65 18 99 93 22 94 59 31 49 66 91 51  9  7 52 87 53 39
 24 26 62 68 81 67 15 38 74 96 47 14 82 83 88 98  3 23 80 17  4  5 48 46 63
 89 61 92 44 76 40 27 85 71 16 35 41 97 79 60  8 42 36 13 28 58 11  0 69 90
 29 10 45 64 95 56 54 33 50 32 30 72 34 70 20 86 57 77 73  1 55 19 25 78 43] - 8222995
Solver: RVND, number of workers: 1
Setting feeder affinity
I am the master. There are 1 mpi processes. (hostname = gpu01)
Roots [<pyDF.nodes.Feeder object at 0x7fe56e184ad0>]
Starting 0
Main loop
I am worker 0
GPU0
set random seed!
Initial: 8222995-[75 12  2 37 84 21  6 65 18 99 93 22 94 59 31 49 66 91 51  9  7 52 87 53 39
 24 26 62 68 81 67 15 38 74 96 47 14 82 83 88 98  3 23 80 17  4  5 48 46 63
 89 61 92 44 76 40 27 85 71 16 35 41 97 79 60  8 42 36 13 28 58 11  0 69 90
 29 10 45 64 95 56 54 33 50 32 30 72 34 70 20 86 57 77 73  1 55 19 25 78 43]
Final time: 0.827790021896s - Best: 1035796-[75 79 77 30 98 44 32 67 13 81 24 19 17 84 58 39  5 82  2  4 52 59 43 92  3
 70 38 72 40 83 23 26 87 78 12 49  0 80 33 37 65 51  7 22 10 16 89 93 31 96
 97 48 69 88 41 21 57 28 35 66 74  6 73 60 45 68 14 15 62 90 53 76 42 63 61
 34 36 50 18 99 29  1 47 91 86 25 54  8  9 20 94 55 27 46 11 85 64 56 95 71]
Value - initial: 8222995, final: 1035796, improveup: 7.93881710298

data-line;i;8222995;f;1035796;t;0.827790021896;c;-2;fv;[1035796L];cv;-1;imp;7.93881710298;type;rvnd;inum;1;w;1

time;0.827790021896;man_time;0;neigh_time;0
man_time;0;man_merge_sol;0;man_best_sol;0;man_combine_sol;0

Waiting [0]
Terminating workers True 0 0
MPI TERMINATING
