pydf_home: /home/rodolfo/git/Sucuri
simple_pycuda_home: /home/rodolfo/git/simple-pycuda
wamca2016path: /home/rodolfo/git/wamca2016/
localpath: /home/rodolfo/git/dvnd-df/code/dvnd-df/src/
WAMCAPATH:/home/rodolfo/git/wamca2016/
param: {solution_index:5, solution_instance_index:81, multi_gpu:True, goal:False, problem_name:ml, number_of_moves:10, device_count:2, solver:rvnd, mpi_enabled:True, workers:1}
Using already created file:  wamca2016lib.so
Size: 657 - file name: 06_d657.tsp

Value - initial: 283721834-[224 123 544  43 512 274 407 609 153 572 272  20 167 160 392 491 316 313
 358  71 560 571  55 277 260 213 504 394 296 529 162 503 350 443 107 171
 591 326 439 461  62 219 547 487 238  72 424 156 631 551 605 249 506 342
 548 556 168  82 456 353 164 317 315 134 163  35 488 370 334 185 114 534
 391 562 183 199 467 425 128 259 561 448   8 417 146 231  36 339 243 582
 174 228 546 438 302 118 511 423 446 119 617  32 421 447 369 364 636 188
 374 485  31 177  54 212  49 649 307 141 634 595 242 133 169 348 509 413
 170 328  53 481 615 337 422 475 647 300  65 498 362  90 175 441  69   1
 518 378 541 471 536 131 436 290 226 380 469 606 115  34 179 482 510 563
 232 322 428 592 325  76 288  63 165  89 329  80 528  28 255 430 451 633
 626 643 442  29 655 195 112 622 477 600  68 645 227 278 355 565 155 176
  24 125 419 559 196 603 102 453 250 387 248 202 217 361 612 433  50 410
 327  59 490 343 241 338 229 340 379 121 117  18  44 654 303 222 311 268
  21  15 209  61 402   4 211 335 258 625 533 586 454 253   6 583 432 220
 440 639  33  26 573 180 623  75 395 152   3 526 470 319 261 656 321 154
 132  45  14 157  27 635 237  93 538 650 575 474 252 489 596 497 148 393
 594 389 445 397 103 263 190 431 578 308 527 207 332 427 444 614  83 401
 366 100 627 584 159 549 122   0 330 653 267 593 166 135 221 218 301 607
 365 610 557 356  13  70 435 161  99 289 200 476 352  51 306 637 516 186
  92 408 360 638 172 110 191 473 501 388 383 611 570  81  98 295 109 385
   7 515 137 426  12  30 406 144 298  96 240 400 116 336 236 120  38 182
  60 522 234 532 310  67 411 568  41 496 251 341 588 129 239  94 225 404
 318 642  87 273  48 630 276 279  47 403 381 284 508 124 589 492 629 312
 208 480 455 187 265 376 193 580 299 507 184 646  74 254 269 499  79  91
 297 345 437 223 462 203 514 354 147  25 368 651 535 149 331 105 483 139
 652 581 620 632 537 314 412 333 628  88 396 478 377 486 554  42 106  86
  58 158 197 530 230 449 539 531 194 293 281 517 363 399 136 493 375 569
 644 604 576 579 460 585 574 367 320 214 520 648   9  77 126  46 405 198
 349 543 101 558 292 414 372 138 130  56 143 566 552 550 450  19 459 468
 416 127 145 545  95 178 458 466 247  97 613 577 464 621  22 386 567 266
 151  64 150 359 415 192 484 465 108 457  52 287 111 206 598 286 262 494
 246 291 587 452 205 525 505 523 502  23 420 304 564 264 495 201 472 233
   5 601 346 599 256  73 590 597 215 390 347 373 280 282 357  39 519 463
 616 553 618 418 324  17 351  84  11  37 602 189  66 113 382 524  85 323
 521 513 244 283 371 305 104 479 210 640 294 619  40 285 257 245 173  78
 142 271 429 555 204 641 181 275 216 309 409 384 542 500   2 434  10 235
  57 270 344  16 140 398 624 608 540] - 283721834
Solver: RVND, number of workers: 1
Setting feeder affinity
I am the master. There are 1 mpi processes. (hostname = gpu01)
Roots [<pyDF.nodes.Feeder object at 0x7fa567815ad0>]
Starting 0
Main loop
I am worker 0
GPU0
set random seed!
Initial: 283721834-[224 123 544  43 512 274 407 609 153 572 272  20 167 160 392 491 316 313
 358  71 560 571  55 277 260 213 504 394 296 529 162 503 350 443 107 171
 591 326 439 461  62 219 547 487 238  72 424 156 631 551 605 249 506 342
 548 556 168  82 456 353 164 317 315 134 163  35 488 370 334 185 114 534
 391 562 183 199 467 425 128 259 561 448   8 417 146 231  36 339 243 582
 174 228 546 438 302 118 511 423 446 119 617  32 421 447 369 364 636 188
 374 485  31 177  54 212  49 649 307 141 634 595 242 133 169 348 509 413
 170 328  53 481 615 337 422 475 647 300  65 498 362  90 175 441  69   1
 518 378 541 471 536 131 436 290 226 380 469 606 115  34 179 482 510 563
 232 322 428 592 325  76 288  63 165  89 329  80 528  28 255 430 451 633
 626 643 442  29 655 195 112 622 477 600  68 645 227 278 355 565 155 176
  24 125 419 559 196 603 102 453 250 387 248 202 217 361 612 433  50 410
 327  59 490 343 241 338 229 340 379 121 117  18  44 654 303 222 311 268
  21  15 209  61 402   4 211 335 258 625 533 586 454 253   6 583 432 220
 440 639  33  26 573 180 623  75 395 152   3 526 470 319 261 656 321 154
 132  45  14 157  27 635 237  93 538 650 575 474 252 489 596 497 148 393
 594 389 445 397 103 263 190 431 578 308 527 207 332 427 444 614  83 401
 366 100 627 584 159 549 122   0 330 653 267 593 166 135 221 218 301 607
 365 610 557 356  13  70 435 161  99 289 200 476 352  51 306 637 516 186
  92 408 360 638 172 110 191 473 501 388 383 611 570  81  98 295 109 385
   7 515 137 426  12  30 406 144 298  96 240 400 116 336 236 120  38 182
  60 522 234 532 310  67 411 568  41 496 251 341 588 129 239  94 225 404
 318 642  87 273  48 630 276 279  47 403 381 284 508 124 589 492 629 312
 208 480 455 187 265 376 193 580 299 507 184 646  74 254 269 499  79  91
 297 345 437 223 462 203 514 354 147  25 368 651 535 149 331 105 483 139
 652 581 620 632 537 314 412 333 628  88 396 478 377 486 554  42 106  86
  58 158 197 530 230 449 539 531 194 293 281 517 363 399 136 493 375 569
 644 604 576 579 460 585 574 367 320 214 520 648   9  77 126  46 405 198
 349 543 101 558 292 414 372 138 130  56 143 566 552 550 450  19 459 468
 416 127 145 545  95 178 458 466 247  97 613 577 464 621  22 386 567 266
 151  64 150 359 415 192 484 465 108 457  52 287 111 206 598 286 262 494
 246 291 587 452 205 525 505 523 502  23 420 304 564 264 495 201 472 233
   5 601 346 599 256  73 590 597 215 390 347 373 280 282 357  39 519 463
 616 553 618 418 324  17 351  84  11  37 602 189  66 113 382 524  85 323
 521 513 244 283 371 305 104 479 210 640 294 619  40 285 257 245 173  78
 142 271 429 555 204 641 181 275 216 309 409 384 542 500   2 434  10 235
  57 270 344  16 140 398 624 608 540]
Final time: 12.0574469566s - Best: 14611265-[224 226 207 219 214 208 184 177 179 166 158 150 121 105 104  90  70  80
  71  66  61  47  43  38  42  46  37  34 469  31  30  27  26  25  23  22
  29  48  52  57  59  69  86  92  99 113 119 103 118 114 102  91  97  98
  93 115 132 140 181 180 186 191 198 199 209 217 218 206 197 195 185 178
 172 168 155 162 164 142 137 130 129 128 116 101  84  74  77  73  68  63
  45  44  41  39  36  35  33  32   7   9   8  10  11  12  24  21  14  15
  20  16  17  13  18  19 444 445 440 441 443 447 446 442 463 462 466 468
 464 458 453 449 448 450 452 451 454 455 473 456 457 459 460 461 465 467
 470  51  62  75  81 106 112 122 143 153 167 151 176 192 188 175 152 135
 125 506 505 498 496 497 494 491  87  88  95 108 109 127 124 145 144 134
 146 123 110 111 107 100  96  82  94  89  83  76  67  56 471 483 472 482
 486 490 485 480 479 478 476 477 519 520 521 527 526 525 522 524 530 533
 529 523 516 517 518 515 514 484 481 487 488 489 492 495 499 502 503 501
 500 507 136 133 508 509 559 556 551 550 549 543 544 545 546 547 548 553
 558 554 555 557 566 570 202 201 200 194 183 173 182 189 174 193 211 244
 233 249 277 291 328 313 314 315 329 344 338 332 352 363 359 366 368 374
 376 379 384 394 403 407 412 413 406 402 395 385 396 410 419 424 425 433
 434 429 417 411 382 367 375 380 383 381 360 355 354 343 336 319 330 331
 306 592 279 598 600 607 610 606 605 601 595 591 596 597 602 611 609 604
 603 599 590 587 588 585 584 583 576 577 573 574 578 582 581 586 246 257
 266 258 273 280 297 296 302 295 301 281 278 285 282 267 256 286 283 274
 272 284 259 255 243 228 250 242 252 227 221 232 241 247 251 260 268 270
 276 300 320 326 310 311 327 304 305 312 318 333 357 351 358 373 386 377
 365 350 369 387 349 325 321 342 348 364 370 388 397 389 400 404 415 398
 391 372 361 345 335 322 317 307 298 290 262 238 239 230 220 234 253 261
 271 263 264 288 293 299 303 324 323 340 346 334 308 309 292 287 275 254
 248 236 225 215 204 187 165 157 169 171 170 161 148 139 147 154 149 120
  85  72  65  40  50  54  49  53  60  64  79  78   6   5 117 131 138 156
 163 190 196 210 235 231 237 269 289 341 347 371 399 390 416 409 420 438
 437 439 421 422 436 430 435 432 423 431 414 405 401 378 392 362 353 316
 265 245 222 216 212 205 203 160 159 510 528 512 513 542 541 540 539 538
 531 532 535 534 537 536 635 634 633 632 631 552 560 563 565 564 561 562
 628 629 630 636 637 638 639 640 641 642 643 644 646 645 647 648 649 650
 651 652 653 627 568 569 571 572 626 654 655 656 575 579 593 594 608 612
 614 621 623 619 613 615 616 617 618 620 622 408 624 625 427 426 418 428
 393 356 337 589 229 580 213 567 511 126 504 493 474 475  58  55  28   1
   2   3   4 141 240 294 339 223   0]
Value - initial: 283721834, final: 14611265, improveup: 19.4180198634

data-line;i;283721834;f;14611265;t;12.0574469566;c;-2;fv;[14611265L];cv;-1;imp;19.4180198634;type;rvnd;inum;5;w;1

time;12.0574469566;man_time;0;neigh_time;0
man_time;0;man_merge_sol;0;man_best_sol;0;man_combine_sol;0

Waiting [0]
Terminating workers True 0 0
MPI TERMINATING
