pydf_home: /home/rodolfo/git/Sucuri
simple_pycuda_home: /home/rodolfo/git/simple-pycuda
wamca2016path: /home/rodolfo/git/wamca2016/
localpath: /home/rodolfo/git/dvnd-df/code/dvnd-df/src/
WAMCAPATH:/home/rodolfo/git/wamca2016/
param: {solution_index:4, solution_instance_index:2, multi_gpu:True, goal:False, problem_name:ml, number_of_moves:10, device_count:2, solver:rvnd, mpi_enabled:True, workers:1}
Using already created file:  wamca2016lib.so
Size: 501 - file name: 05_TRP-S500-R1.tsp

Value - initial: 33086314-[483 115 132 414 429 171 209 314   1   5  38  49 478  61 152 128 328  12
 347 210  70 215   2 217 295 324 354 393  31 349 241 102 265 127  36 302
 467 156 270 315 243 293 118 456 187  78 494 256  68 257 336 125 135 150
 232 202 279 260 304 475 130  28 301 359  42 139 173 500 285  80 438 309
 440 195 426 223  19 182   8 499 339 119 134  23  83 357 166 281 149 300
 193 170 108 318 284 491 184 319 259  11 345 474 122 419  10 216 269 493
 244  52 153  30 239 442  62 352 245 431 453  73 329 365 290 404 138 274
  58 116 273  95 131 337 190  90 432 399 420 101   9 236  15  65 480 344
 380 412 124 169 405 158 473 306 422 214 356 278 487 326 370   4  98 185
 272 375 437 313 388 271 496 434  39 242 383 251 151 112  14 176 311  67
 104  33  55  60 394  72 390 133 167 334 484  69 248 100 421 450 363 107
 346 406 226 443 305 147 117 164 231 186  18 372 317 294 234 201 247  37
 441 465  99 444   3  74 401 458 366 141  27  29 143 208 455 368 206 159
 408 348 288 113 103 377 142 469 386 481 417 425 486 221 316 439 140 277
  51   7  22 160 435 261 230 264 382 384 120 129 110 289 145 482 463 492
 180 188  81 341 155 233 340  46 402  20 205  85 325  21 448 199 267  71
 385 445 466 350 189   6  91 454 360 373  25 252 498 211 371 355 495 488
 415 204 369 464 250 307 398 196 136 403 436 200 449 476 123  24 181  86
  89 485 161 358 312  16 283 471 411 172  79 338  92 237  88 479  17  48
 212 203 308 391 165  97 163 183 470  76 327 342 220 168 343 178 378  40
 418  47 389  66 175 121 197 198 213 410 447 280 409 446  41  54 275 379
 225 451 266 249 477 376 207  75 219 109 407 114 286 229  32 490 331 218
 227 489 472 111 462 299 179 320 291  43 105  53 428 461 263  64 137 162
 262 400 457 254 240  44 452  82  59  45 361 246 497 148  63 287 459 333
  96 330 323 255 332 177 292  26 253  94 433   0 194 296 310 335 144 297
 106 374 157 353 367 276 392  13 424 460 351 222  50 364 228 235 146 282
  57  93 192 126 413 154  56  84  87 238 423 395 430 258 224 191 321 322
  35  77  34 298 174 268 303 416 396 387 362 427 468 381 397] - 33086314
Solver: RVND, number of workers: 1
Setting feeder affinity
I am the master. There are 1 mpi processes. (hostname = gpu01)
Roots [<pyDF.nodes.Feeder object at 0x7f6f7e331ad0>]
Starting 0
Main loop
I am worker 0
GPU0
set random seed!
Initial: 33086314-[483 115 132 414 429 171 209 314   1   5  38  49 478  61 152 128 328  12
 347 210  70 215   2 217 295 324 354 393  31 349 241 102 265 127  36 302
 467 156 270 315 243 293 118 456 187  78 494 256  68 257 336 125 135 150
 232 202 279 260 304 475 130  28 301 359  42 139 173 500 285  80 438 309
 440 195 426 223  19 182   8 499 339 119 134  23  83 357 166 281 149 300
 193 170 108 318 284 491 184 319 259  11 345 474 122 419  10 216 269 493
 244  52 153  30 239 442  62 352 245 431 453  73 329 365 290 404 138 274
  58 116 273  95 131 337 190  90 432 399 420 101   9 236  15  65 480 344
 380 412 124 169 405 158 473 306 422 214 356 278 487 326 370   4  98 185
 272 375 437 313 388 271 496 434  39 242 383 251 151 112  14 176 311  67
 104  33  55  60 394  72 390 133 167 334 484  69 248 100 421 450 363 107
 346 406 226 443 305 147 117 164 231 186  18 372 317 294 234 201 247  37
 441 465  99 444   3  74 401 458 366 141  27  29 143 208 455 368 206 159
 408 348 288 113 103 377 142 469 386 481 417 425 486 221 316 439 140 277
  51   7  22 160 435 261 230 264 382 384 120 129 110 289 145 482 463 492
 180 188  81 341 155 233 340  46 402  20 205  85 325  21 448 199 267  71
 385 445 466 350 189   6  91 454 360 373  25 252 498 211 371 355 495 488
 415 204 369 464 250 307 398 196 136 403 436 200 449 476 123  24 181  86
  89 485 161 358 312  16 283 471 411 172  79 338  92 237  88 479  17  48
 212 203 308 391 165  97 163 183 470  76 327 342 220 168 343 178 378  40
 418  47 389  66 175 121 197 198 213 410 447 280 409 446  41  54 275 379
 225 451 266 249 477 376 207  75 219 109 407 114 286 229  32 490 331 218
 227 489 472 111 462 299 179 320 291  43 105  53 428 461 263  64 137 162
 262 400 457 254 240  44 452  82  59  45 361 246 497 148  63 287 459 333
  96 330 323 255 332 177 292  26 253  94 433   0 194 296 310 335 144 297
 106 374 157 353 367 276 392  13 424 460 351 222  50 364 228 235 146 282
  57  93 192 126 413 154  56  84  87 238 423 395 430 258 224 191 321 322
  35  77  34 298 174 268 303 416 396 387 362 427 468 381 397]
Final time: 6.04073500633s - Best: 1951718-[483 214 398 110  85 220 264 490 101  27 491 476 267 188 289  34 371 456
 465  24 401 314  11 283 462 442 399 173 315 424 400 153  23 107  53 150
   0  18 452 235 303 344 116 179 373  44 330 301 380 208 216 451 233 211
 386 336 332  94 479 460 102 152 215 447 411  16 403 160 439 129 239 226
 204 109  89  12 275  70 387 279 349 251 140 453  42 163 309  55 185 285
  43 202 299 278 376 139 272 104 313 292 196 372 328 297 263 137 478 270
 229 489 296  61 390   8 149 224 192  86  21 413 123  91 444 171 282 276
 463  80  84 217  32 469  41 486  83  59 339 445   7 111  39 246   5 356
 236 142 112 193  88 419 382 436  38 146 174 364  71 464 169  48 113 121
 198 287 353 321 258 106 135 164 360 397 498 429 493 461 241 495  56 361
 437 326 210 277 352  13 379  35 368 497 318 409 176 480 300 384 114  17
   1  74 427 408 359 132 103 240 331 125 259 143  64 418 189  26 425 115
 471 316 228 159 225 441 244  37 130 446 474 482 127 256 375 231 454   9
 472 199 122 340 443 291 165 435 367  57 404 157 201 467 365 487  25 475
 312 391 484 161  75 333 227 250 126 205 426 392 455 147 405 108 260 428
 355 145 334 151 133 492 298 245 274 370 388  68 308  72 212 302 293 306
 304  14  79 412 473 187  90 207 354 141 485 448  95 190 255 288 430 494
 218 120 322 477 148  49 366  65 440  15  96 138 385 175 410 128  54  20
 294 402 253 191 269 407 156 329 284 223   4 178 459 119 273 434  36 295
 131 338 415 350 247  92 170  50 168   2 488 377 369 450 311 324 162  66
  60 347  45 117 481 305 351 182  28 383 319  33 136 470 200 335 172 213
 286 337 414 341  22 261 118 219 343 433 406  58 206  40 252 357 396 100
  77 209 389  29  47 180 183 378  10 105  31 500 194 124  87  62 266 420
 362  81  67 325 496 421 221 345 416 358 431 181  82 394  76 346 468 230
 154 184 374 323 327  63 271 222 342 249  46 257 363 186  98 166  78 417
  73 348  19 243 262 395 268   6 248  52 438 457 381 238 265  69 281 203
 290  99  93 466 155 307 317 280 320 310 158 232 195 422 423 234 242 197
  51 134 449 458 432 254  97 237 177  30   3 393 167 499 144]
Value - initial: 33086314, final: 1951718, improveup: 16.9524050093

data-line;i;33086314;f;1951718;t;6.04073500633;c;-2;fv;[1951718L];cv;-1;imp;16.9524050093;type;rvnd;inum;4;w;1

time;6.04073500633;man_time;0;neigh_time;0
man_time;0;man_merge_sol;0;man_best_sol;0;man_combine_sol;0

Waiting [0]
Terminating workers True 0 0
MPI TERMINATING
