pydf_home: /home/rodolfo/git/Sucuri
simple_pycuda_home: /home/rodolfo/git/simple-pycuda
wamca2016path: /home/rodolfo/git/wamca2016/
localpath: /home/rodolfo/git/dvnd-df/code/dvnd-df/src/
WAMCAPATH:/home/rodolfo/git/wamca2016/
param: {solution_index:0, solution_instance_index:82, multi_gpu:True, goal:False, problem_name:ml, number_of_moves:10, device_count:2, solver:rvnd, mpi_enabled:True, workers:1}
Using already created file:  wamca2016lib.so
Size: 52 - file name: 01_berlin52.tsp

Value - initial: 713408-[49 31 36 45 40 28 22 39 29 32 26 46  9 16 14 34 10  0  7 33 15 30 47 43 12
 27  6  1 17 21  5 23 50 19  3 11 18 37  8 42 51 44  2 24 25 35 13 48  4 20
 38 41] - 713408
Solver: RVND, number of workers: 1
Setting feeder affinity
I am the master. There are 1 mpi processes. (hostname = gpu01)
Roots [<pyDF.nodes.Feeder object at 0x7fdc3be34ad0>]
Starting 0
Main loop
I am worker 0
GPU0
set random seed!
Initial: 713408-[49 31 36 45 40 28 22 39 29 32 26 46  9 16 14 34 10  0  7 33 15 30 47 43 12
 27  6  1 17 21  5 23 50 19  3 11 18 37  8 42 51 44  2 24 25 35 13 48  4 20
 38 41]
Final time: 0.426863908768s - Best: 152307-[49 19 22 30 17 21  0 31 48 35 34 33 38 39 37 36 43 15 45 47 23  4 14  5  3
 24 11 27 25 26 12 13 51 10 50 32 42  9  8  7 40 18 44  2 16 20  6  1 29 28
 46 41]
Value - initial: 713408, final: 152307, improveup: 4.68401321016

data-line;i;713408;f;152307;t;0.426863908768;c;-2;fv;[152307L];cv;-1;imp;4.68401321016;type;rvnd;inum;0;w;1

time;0.426863908768;man_time;0;neigh_time;0
man_time;0;man_merge_sol;0;man_best_sol;0;man_combine_sol;0

Waiting [0]
Terminating workers True 0 0
MPI TERMINATING
