pydf_home: /home/rodolfo/git/Sucuri
simple_pycuda_home: /home/rodolfo/git/simple-pycuda
wamca2016path: /home/rodolfo/git/wamca2016/
localpath: /home/rodolfo/git/dvnd-df/code/dvnd-df/src/
WAMCAPATH:/home/rodolfo/git/wamca2016/
param: {solution_index:6, solution_instance_index:22, multi_gpu:True, goal:False, problem_name:ml, number_of_moves:10, device_count:2, solver:rvnd, mpi_enabled:True, workers:1}
Using already created file:  wamca2016lib.so
Size: 783 - file name: 07_rat784.tsp

Value - initial: 73984154-[484 674 586 175 156 313 286 704 329 722 100 374 641 691 219 675 394 164
 617 757  48 619 470 331 668 236 550 612 636 180 309 610  95 587  73 415
 143 382 500 451 771 224 523 163 572 729 456 713 230 666 108 184 570 777
 123  28 738 119 424  14 393 711 113 653   5 202 260 728 111  40  29 518
 485 101 455 753 427  89 318 499 743 369 631 527  97 431 302 628  72 647
  47 310 696 495 465 488 665 444 623 516 433 398 406 457 642 672 256 267
 730 644 536 664 124  76 320 670 611 418 592 717 344 381 412 404 122 737
 626 239 714  86 744 748 289 248 761  51 349 521 624 121  58 300 323 258
 511 625 496 779 138 585  91 478 556 658 578 652 562 467 703 471  17 694
  87 723  79 161 692 251  39 187 473 441 709 269 591 520 208  65 225  22
 151 740  93 532 308 305  98 555  71  45 299  11 755 541 469 396   9 676
 519 445 439 352   3 328 682 568 152 198 766 204 350 724 580  90 609 160
 558 620 435 290 615 695 293 697 416 643 663  54 307 222 772 535 774 390
 749 115 442 561 725 472 700 136 576 167 494 622 197 345   7 134 387 166
 780 223 593  10 176 649 706 120 245  63 627 372   4  55 130 276 603 213
 273  12 454 169 314 513 693 220 148 679 112 334 463 214 680 599 385  61
 773 364 150 368 718 677 685 376 278 639 745 604 281 383 584 671 235 391
 145 178 758 196 528  53 573 168 312 595 228 476 116 386 257 739 395 272
 146 589  23 210  36 128  33 420 687 481 321 483 339  34 547  13 575 421
 125 378 732 716 234 452 751 557 201 514 292 632 707 686  81 405 243 142
  66 735 487  25 782 681 618 464 614 776 764 768 530 440  75 533 462  70
 564 162 185 359 341 301 262 340 137 294 274 669 303 275 183 186 147 594
 545 498 429 172 515 205 188 637 114 742 155 336 218 361 287 443 590 295
 419 332 173 629  49 133 317 736 190 380 437 621  44 430 132 375 698 181
 407  60 667 355 569 447 645 324 189 701 351 769 255 673 149 423 159 731
 105 746 770 715 497 428 413  68 480 659 283 254 712  99 342 158 596 231
  30  94 563  62 297 765 270  31 244 291 284 117  18 238 397  59 337 459
 705  64 316 727 335 217 126 616  21 118 554 531 646  77 426 250 517 539
 322 781 583 489 277 492 241 216 598 266 579 237 602 460  19 264 199 601
 360 767 211 402 153 640 384 356 581 549 510 265 710 182 657 227 379 165
 315 367 370 504  83 127 756 373 678  88  78 600 778 408  74 232  67 538
 436 389 633 106 750 327 775  32 279 206  52 684 690 571 157 503 215  50
  26 662 608 392 468 548 261 597 763 708 192 177 399  42 747 702 529 353
 762  15 574 171 282 577 607 229 193 371 247 507 754  92 346  41 319 144
 741 285 170 409 348 377 203 475 726 656 343 449  84 362 446 635 524  37
 103 752 688  35 139 566 326 477 174 212  96 154 311 207 461 422 296 458
 280 135 660 733 689 226 453  16 179  80 501 417 304 354 491   2 560 630
 288 651 365 358 242 450 606 613 414 482 233 490 699 534 388 588 526 298
 551 259 553 325 721 330 209 221 650 544 252 540 648 109 434   0 195 543
 506 567 271 438 366 357 512 466 546 425 104  85 683 102 194  20 508  56
 565 505  69 333  38 253 410 542 268  27 191 401  43  57 634 141   8 559
 654 263 131   1 107 306 240 759 363 200 502 338 432 525 403  46 582 448
  82 661 249 734 400 537 479 493 246 474  24 411 720 605 347 509 719 140
 110 522 655 638   6 552 760 129 486] - 73984154
Solver: RVND, number of workers: 1
Setting feeder affinity
I am the master. There are 1 mpi processes. (hostname = gpu01)
Roots [<pyDF.nodes.Feeder object at 0x7fac66acaad0>]
Starting 0
Main loop
I am worker 0
GPU0
set random seed!
Initial: 73984154-[484 674 586 175 156 313 286 704 329 722 100 374 641 691 219 675 394 164
 617 757  48 619 470 331 668 236 550 612 636 180 309 610  95 587  73 415
 143 382 500 451 771 224 523 163 572 729 456 713 230 666 108 184 570 777
 123  28 738 119 424  14 393 711 113 653   5 202 260 728 111  40  29 518
 485 101 455 753 427  89 318 499 743 369 631 527  97 431 302 628  72 647
  47 310 696 495 465 488 665 444 623 516 433 398 406 457 642 672 256 267
 730 644 536 664 124  76 320 670 611 418 592 717 344 381 412 404 122 737
 626 239 714  86 744 748 289 248 761  51 349 521 624 121  58 300 323 258
 511 625 496 779 138 585  91 478 556 658 578 652 562 467 703 471  17 694
  87 723  79 161 692 251  39 187 473 441 709 269 591 520 208  65 225  22
 151 740  93 532 308 305  98 555  71  45 299  11 755 541 469 396   9 676
 519 445 439 352   3 328 682 568 152 198 766 204 350 724 580  90 609 160
 558 620 435 290 615 695 293 697 416 643 663  54 307 222 772 535 774 390
 749 115 442 561 725 472 700 136 576 167 494 622 197 345   7 134 387 166
 780 223 593  10 176 649 706 120 245  63 627 372   4  55 130 276 603 213
 273  12 454 169 314 513 693 220 148 679 112 334 463 214 680 599 385  61
 773 364 150 368 718 677 685 376 278 639 745 604 281 383 584 671 235 391
 145 178 758 196 528  53 573 168 312 595 228 476 116 386 257 739 395 272
 146 589  23 210  36 128  33 420 687 481 321 483 339  34 547  13 575 421
 125 378 732 716 234 452 751 557 201 514 292 632 707 686  81 405 243 142
  66 735 487  25 782 681 618 464 614 776 764 768 530 440  75 533 462  70
 564 162 185 359 341 301 262 340 137 294 274 669 303 275 183 186 147 594
 545 498 429 172 515 205 188 637 114 742 155 336 218 361 287 443 590 295
 419 332 173 629  49 133 317 736 190 380 437 621  44 430 132 375 698 181
 407  60 667 355 569 447 645 324 189 701 351 769 255 673 149 423 159 731
 105 746 770 715 497 428 413  68 480 659 283 254 712  99 342 158 596 231
  30  94 563  62 297 765 270  31 244 291 284 117  18 238 397  59 337 459
 705  64 316 727 335 217 126 616  21 118 554 531 646  77 426 250 517 539
 322 781 583 489 277 492 241 216 598 266 579 237 602 460  19 264 199 601
 360 767 211 402 153 640 384 356 581 549 510 265 710 182 657 227 379 165
 315 367 370 504  83 127 756 373 678  88  78 600 778 408  74 232  67 538
 436 389 633 106 750 327 775  32 279 206  52 684 690 571 157 503 215  50
  26 662 608 392 468 548 261 597 763 708 192 177 399  42 747 702 529 353
 762  15 574 171 282 577 607 229 193 371 247 507 754  92 346  41 319 144
 741 285 170 409 348 377 203 475 726 656 343 449  84 362 446 635 524  37
 103 752 688  35 139 566 326 477 174 212  96 154 311 207 461 422 296 458
 280 135 660 733 689 226 453  16 179  80 501 417 304 354 491   2 560 630
 288 651 365 358 242 450 606 613 414 482 233 490 699 534 388 588 526 298
 551 259 553 325 721 330 209 221 650 544 252 540 648 109 434   0 195 543
 506 567 271 438 366 357 512 466 546 425 104  85 683 102 194  20 508  56
 565 505  69 333  38 253 410 542 268  27 191 401  43  57 634 141   8 559
 654 263 131   1 107 306 240 759 363 200 502 338 432 525 403  46 582 448
  82 661 249 734 400 537 479 493 246 474  24 411 720 605 347 509 719 140
 110 522 655 638   6 552 760 129 486]
Final time: 13.5616600513s - Best: 3457045-[484 485 491 507 511 516 533 529 550 553 561 578 579 585 593 610 625 647
 651 644 654 659 674 680 656 648 627 620 608 602 586 563 562 565 577 556
 551 528 514 512 518 517 494 472 459 448 455 423 429 425 432 421 406 400
 389 386 381 383 362 351 342 358 355 343 334 326 318 322 324 331 349 346
 369 376 392 407 408 409 418 434 430 438 456 476 482 490 499 500 506 504
 520 534 535 540 541 557 564 569 576 583 590 599 600 613 632 630 638 641
 649 663 666 667 673 675 669 646 636 615 605 603 580 572 571 558 536 543
 527 524 508 501 497 477 467 453 446 439 402 387 384 367 372 363 339 347
 350 353 359 374 379 385 380 382 399 401 413 414 431 445 449 464 474 487
 473 479 488 492 513 519 523 521 496 495 493 475 463 469 468 440 447 436
 433 417 416 410 390 371 344 332 320 321 329 335 325 317 311 294 310 302
 291 252 250 261 274 286 300 309 307 287 282 262 259 243 228 227 219 202
 190 188 196 187 182 200 212 220 225 209 218 211 210 208 181 172 164 163
 156 168 162 175 178 160 161 155 150 151 142 136 132 115 111 107 104 101
  88  73  76  70  84  67  85  81  71  91 102  92  68  77  89 103 112 118
 144 147 141 148 134 133 121 113 108 105 100  83  78  39   5  12  10   3
  23  27  33  37  42  65  74  86  95  90  72  59  54  43  26  25  20  15
  31  50  41  53  61  49  60  58  63  47  38  28  32  57  52  46  45  40
  44  56  36  16   0  14  24  51  48  55  87  96 109 114 122 116 124 145
 138 146 154 159 171 179 185 204 215 214 234 241 235 238 245 254 229 230
 226 221 194 195 183 186 203 201 207 223 242 255 266 267 257 258 239 231
 216 205 224 232 249 268 280 289 299 306 315 292 305 290 285 298 338 345
 352 364 370 391 388 396 424 442 452 451 457 465 483 505 530 546 539 538
 560 568 596 597 589 598 612 618 616 606 621 635 629 645 650 665 668 683
 691 690 697 712 706 698 694 709 699 700 692 707 701 715 722 729 730 726
 725 739 747 754 753 778 776 772 773 765 761 748 749 762 769 745 740 741
 751 755 763 750 727 714 702 693 695 716 713 711 710 686 681 676 657 655
 662 642 634 624 622 619 601 584 582 554 549 545 537 522 515 503 489 461
 460 443 441 427 420 395 398 412 403 405 393 366 356 354 340 328 313 314
 284 279 264 263 246 237 217 198 192 170 176 180 193 213 206 222 244 251
 240 271 270 260 278 283 295 296 303 308 297 319 323 333 330 341 348 360
 361 368 373 378 377 397 411 426 450 470 480 478 502 509 531 544 548 573
 566 581 591 592 614 628 631 617 609 588 570 574 604 652 653 661 688 685
 720 719 718 736 732 756 758 767 775 757 742 738 721 731 735 717 734 744
 759 764 771 760 777 768 746 733 737 724 703 696 682 671 664 677 687 708
 704 705 689 679 684 678 670 658 637 639 623 595 575 567 559 547 532 525
 510 498 481 471 444 435 428 422 437 462 454 404 365 357 327 316 293 301
 312 304 288 265 269 276 275 277 272 273 247 248 197 199 189 139 127  94
  62  75  97  93  82  64  80 106 110  99  79  69  66  22   1   6  17  11
   8   9   2   4  18  29   7  19  35  30  21  13  34  98 117 137 125 120
 123 149 143 128 129 140 131 130 157 165 167 169 173 191 177 166 153 158
 236 256 281 336 337 415 458 486 526 542 552 594 607 728 743 752 766 770
 774 782 781 780 779 723 672 660 643 640 633 626 611 587 555 466 419 375
 184 174 152 126 135 119 233 253 394]
Value - initial: 73984154, final: 3457045, improveup: 21.4009808955

data-line;i;73984154;f;3457045;t;13.5616600513;c;-2;fv;[3457045L];cv;-1;imp;21.4009808955;type;rvnd;inum;6;w;1

time;13.5616600513;man_time;0;neigh_time;0
man_time;0;man_merge_sol;0;man_best_sol;0;man_combine_sol;0

Waiting [0]
Terminating workers True 0 0
MPI TERMINATING
