pydf_home: /home/rodolfo/git/Sucuri
simple_pycuda_home: /home/rodolfo/git/simple-pycuda
wamca2016path: /home/rodolfo/git/wamca2016/
localpath: /home/rodolfo/git/dvnd-df/code/dvnd-df/src/
WAMCAPATH:/home/rodolfo/git/wamca2016/
param: {solution_index:6, solution_instance_index:33, multi_gpu:True, goal:False, problem_name:ml, number_of_moves:10, device_count:2, solver:rvnd, mpi_enabled:True, workers:1}
Using already created file:  wamca2016lib.so
Size: 783 - file name: 07_rat784.tsp

Value - initial: 68923648-[349 614 546 291  50  43 473 475 505 326 626 310 744 133 124 275 337 768
 715 498 545 418 178 617 416 623 459 519 656 553 436 303 467  71  82 168
 448 408 653 782 573  78 481 729 748 596 704 195 438 682 399  65  19 529
 456 256 101 731 476 663 703 717 776 372 441 440 655  97 404  44 757 165
 677 471 173   6 588 616 734 225 369 383 127 674  68 342 145 309 259 478
 232 714 277  70 387 200 668 639 224 366 274 678 267 489 524  72 631 192
 637 251 722 597  10 777 694  29 245 351 130 686 367 244 279 477 359 394
 574 402 720 166 462 204 501 380 143 421 610 531 705 253 743 672 358 586
 122 611 713 336 386 357 685 318 598  63 281 151 710 433 761 176 527 266
 688 709 606   2 602 662 218 403 429 693 517 397  22 405 700 572 474 155
 298  94 287 495 595 444  42 766 670 732 533 422 112 425 676 571  75  51
 400 453 482 511 240 636 300 621 413 363 197 730 499 414 243 110  55 167
 718 728 401 430 781 771 591 113 635 754 354 739 175 180 194 570 460 147
 707 506 208 537 223 454  73 150 297 491 654 613  98 590 116 600 708 446
 382 464 773 311 578 650 139  17 393 599 286   1 339 580  45 347 738  18
 114  88 646 658 749 423 371 261 320 103 735 727  32 278 497 272  92 551
 625 345 313 681  67 159 188 458 254 352  90 632 778 522 323 447 362 561
 426 648  96 308 322 228 538 539 172 340  27 201 666 589 360 550 276 530
 157 217  54 185 622 712 683 540 496 514 198 314 526 242 660 609 350 289
  81 755 325 213  83  93 121 576 520 751 376 138 333 181 316 216 177 391
 109 260 508 141 120  48 470 725 528 301  56 494   4 630 558  34 395  39
 407 119  25 214 633 246 249 612 652 541 643 667 191 435 304  28 628 641
 592 568 480 772 384 105 479 396 317 221 769 239 174 410  35 182 741 392
 236 747 146 411 642 129 619 569 443 534 664 338  41 457 696 227 451 184
 669  21 128 627 455 562 563 488 315 296 745 500 164 111 428 581 158  12
 247 645 644  36 665 226 409  15 252 437 691 332  37 389 307 555 509 210
 733 492 186 149 620 706 719  31 469 378  58  64 585 271 123 689 516 375
 698 575 657 365 601 215 262 549 565 556 684 290 742 583 134 746 412 607
 193 265 503 257  80 640 699 775 344 484 364 424 263 203 241 142 284 542
 160 510  69 381 449 780 282 564   0  84  61 434 587 463 361 156 183 285
 237 651 319 624 629 548 268 306 179 140  40 750 187 605  86 346 353  77
 756   9 557  24 205 199 190 231 209 566 716 125 377 711  66 774 321 196
 235 154 222 737 432 211 690 465  16 189 752 544 327 230 634 485 493 675
 299 294 673 202 567 439 461 487 117 759 723 472  79 486 483 136 753 370
 295 233 406 762 536 100 161  59 721 293 264 283 356  20 552 504  76  99
 132 238  95 328 659 697 102 442 726  60  52 577 108 680 163 702 373 452
 763 229 152 269  49 779 647 535 169 608 701 280 398 131  30 288 106  11
 107 341  74   8 419 767 468 302 427 137 724 415 374 758 431 220 118 270
 388  89 512 615 649 162 348 212 385 513  57 171 250 740  33 115 335 518
  26 466 532 144 736 420 765  46  23 248 255 450 305 207 329 770 343   3
 379 543 515 560  87  85 445 490  13 559 638 579 760 594 258   5 525 695
 126 661 219 687   7 593 206 334 170 764 135 234 671 355 603 521 502 331
 554 330 523 507 312 148  53  38  62 292 417 153 582  47 324  14 547 692
 368 584  91 679 618 604 390 104 273] - 68923648
Solver: RVND, number of workers: 1
Setting feeder affinity
I am the master. There are 1 mpi processes. (hostname = gpu01)
Roots [<pyDF.nodes.Feeder object at 0x7feff8ec4ad0>]
Starting 0
Main loop
I am worker 0
GPU0
set random seed!
Initial: 68923648-[349 614 546 291  50  43 473 475 505 326 626 310 744 133 124 275 337 768
 715 498 545 418 178 617 416 623 459 519 656 553 436 303 467  71  82 168
 448 408 653 782 573  78 481 729 748 596 704 195 438 682 399  65  19 529
 456 256 101 731 476 663 703 717 776 372 441 440 655  97 404  44 757 165
 677 471 173   6 588 616 734 225 369 383 127 674  68 342 145 309 259 478
 232 714 277  70 387 200 668 639 224 366 274 678 267 489 524  72 631 192
 637 251 722 597  10 777 694  29 245 351 130 686 367 244 279 477 359 394
 574 402 720 166 462 204 501 380 143 421 610 531 705 253 743 672 358 586
 122 611 713 336 386 357 685 318 598  63 281 151 710 433 761 176 527 266
 688 709 606   2 602 662 218 403 429 693 517 397  22 405 700 572 474 155
 298  94 287 495 595 444  42 766 670 732 533 422 112 425 676 571  75  51
 400 453 482 511 240 636 300 621 413 363 197 730 499 414 243 110  55 167
 718 728 401 430 781 771 591 113 635 754 354 739 175 180 194 570 460 147
 707 506 208 537 223 454  73 150 297 491 654 613  98 590 116 600 708 446
 382 464 773 311 578 650 139  17 393 599 286   1 339 580  45 347 738  18
 114  88 646 658 749 423 371 261 320 103 735 727  32 278 497 272  92 551
 625 345 313 681  67 159 188 458 254 352  90 632 778 522 323 447 362 561
 426 648  96 308 322 228 538 539 172 340  27 201 666 589 360 550 276 530
 157 217  54 185 622 712 683 540 496 514 198 314 526 242 660 609 350 289
  81 755 325 213  83  93 121 576 520 751 376 138 333 181 316 216 177 391
 109 260 508 141 120  48 470 725 528 301  56 494   4 630 558  34 395  39
 407 119  25 214 633 246 249 612 652 541 643 667 191 435 304  28 628 641
 592 568 480 772 384 105 479 396 317 221 769 239 174 410  35 182 741 392
 236 747 146 411 642 129 619 569 443 534 664 338  41 457 696 227 451 184
 669  21 128 627 455 562 563 488 315 296 745 500 164 111 428 581 158  12
 247 645 644  36 665 226 409  15 252 437 691 332  37 389 307 555 509 210
 733 492 186 149 620 706 719  31 469 378  58  64 585 271 123 689 516 375
 698 575 657 365 601 215 262 549 565 556 684 290 742 583 134 746 412 607
 193 265 503 257  80 640 699 775 344 484 364 424 263 203 241 142 284 542
 160 510  69 381 449 780 282 564   0  84  61 434 587 463 361 156 183 285
 237 651 319 624 629 548 268 306 179 140  40 750 187 605  86 346 353  77
 756   9 557  24 205 199 190 231 209 566 716 125 377 711  66 774 321 196
 235 154 222 737 432 211 690 465  16 189 752 544 327 230 634 485 493 675
 299 294 673 202 567 439 461 487 117 759 723 472  79 486 483 136 753 370
 295 233 406 762 536 100 161  59 721 293 264 283 356  20 552 504  76  99
 132 238  95 328 659 697 102 442 726  60  52 577 108 680 163 702 373 452
 763 229 152 269  49 779 647 535 169 608 701 280 398 131  30 288 106  11
 107 341  74   8 419 767 468 302 427 137 724 415 374 758 431 220 118 270
 388  89 512 615 649 162 348 212 385 513  57 171 250 740  33 115 335 518
  26 466 532 144 736 420 765  46  23 248 255 450 305 207 329 770 343   3
 379 543 515 560  87  85 445 490  13 559 638 579 760 594 258   5 525 695
 126 661 219 687   7 593 206 334 170 764 135 234 671 355 603 521 502 331
 554 330 523 507 312 148  53  38  62 292 417 153 582  47 324  14 547 692
 368 584  91 679 618 604 390 104 273]
Final time: 32.2354440689s - Best: 3429864-[349 346 369 376 392 407 408 409 419 423 429 448 459 472 494 512 518 517
 530 546 539 538 560 568 589 598 612 618 616 627 620 608 602 586 565 562
 563 555 540 535 534 520 504 506 500 499 490 482 466 468 469 463 447 433
 436 458 445 449 464 474 487 501 508 524 527 536 543 531 544 548 573 566
 581 591 592 605 615 636 646 669 675 667 666 673 701 707 715 722 729 730
 745 740 741 723 714 702 695 716 713 711 710 686 681 676 657 655 662 642
 634 624 622 619 601 584 582 554 549 545 537 522 515 503 489 478 480 470
 450 441 427 420 412 403 405 393 398 395 373 368 354 340 328 313 314 284
 279 264 263 253 233 217 198 193 180 176 148 133 134 105 100  78  83  86
  74  65  72  90  95 108 113 121 141 147 144 118 112 103  89  77  68  43
  54  59  42  37  12  10   3  33  27  23  26  25  20  15  31  50  41  53
  71  91 102 130 131 140 129 128 153 166 157 165 173 177 191 188 190 202
 219 227 228 243 225 220 212 200 209 218 211 210 208 181 163 164 149 143
 123 120 125 117  98  84  70  63  58  60  67  85  81  61  49  34  21  30
  19  35  29  18   4   2   9   8  11  32  28  38  62  57  52  46  64  80
  99  79  69  66  40  45  17   6   1  22  16   0  14  24  36  44  56  51
  48  55  87  96 109 116 122 138 146 154 159 152 126 110 106  93  82  75
  97  94  88  73  76 101 104 107 111 115 132 136 142 175 178 197 199 216
 231 232 249 268 280 289 299 306 315 331 324 338 345 352 364 370 388 391
 404 425 432 454 462 485 491 507 511 516 505 529 533 550 553 561 578 579
 585 593 610 625 623 637 639 664 671 682 687 677 658 651 647 644 654 679
 684 689 705 731 735 744 759 764 757 742 738 721 697 690 691 706 712 732
 736 718 719 720 725 739 747 765 761 748 749 726 699 700 692 672 649 641
 631 628 614 603 580 572 571 558 552 523 521 526 542 574 570 588 609 617
 638 630 632 613 600 599 590 583 576 569 564 557 541 493 495 496 486 473
 479 488 492 513 519 497 477 467 453 446 426 439 431 415 401 399 413 414
 402 411 397 377 378 361 341 330 303 296 295 283 278 260 246 244 251 240
 271 270 262 259 287 282 281 286 274 261 250 252 224 205 189 168 162 160
 151 119 135 150 155 161 183 195 194 204 230 229 238 235 241 245 254 275
 276 288 304 312 301 293 277 272 273 247 248 266 255 242 226 221 203 201
 207 223 239 258 257 267 292 305 290 285 298 322 318 326 334 316 327 342
 351 362 358 355 343 357 365 381 386 389 400 422 428 435 444 451 457 452
 442 437 421 375 344 332 320 321 329 335 325 317 311 300 309 307 319 297
 308 323 333 348 360 387 384 367 372 382 363 336 337 339 347 350 353 380
 385 379 374 371 390 410 417 416 418 434 430 438 456 455 476 514 528 551
 556 577 587 597 596 611 626 633 640 643 659 674 680 656 648 606 621 635
 629 645 650 665 668 660 683 698 694 685 709 688 652 653 661 663 693 727
 750 743 728 752 766 770 774 782 781 763 751 755 780 779 762 769 773 772
 754 753 776 778 767 756 758 775 771 760 777 768 737 703 696 724 733 746
 734 717 708 704 678 670 595 575 567 559 547 532 525 510 498 471 481 483
 484 465 424 406 396 394 383 269 265 234 214 215 184 171 179 185 174 186
 139 127 137 156 172 158 182 187 196 236 256 294 291 302 310 359 440 475
 604 607 594 509 502 461 460 443 366 356 237 213 222 206 167 169 192 170
  39   5  92  13   7  47 114 124 145]
Value - initial: 68923648, final: 3429864, improveup: 20.0951547933

data-line;i;68923648;f;3429864;t;32.2354440689;c;-2;fv;[3429864L];cv;-1;imp;20.0951547933;type;rvnd;inum;6;w;1

time;32.2354440689;man_time;0;neigh_time;0
man_time;0;man_merge_sol;0;man_best_sol;0;man_combine_sol;0

Waiting [0]
Terminating workers True 0 0
MPI TERMINATING
