pydf_home: /home/rodolfo/git/Sucuri
simple_pycuda_home: /home/rodolfo/git/simple-pycuda
wamca2016path: /home/rodolfo/git/wamca2016/
localpath: /home/rodolfo/git/dvnd-df/code/dvnd-df/src/
WAMCAPATH:/home/rodolfo/git/wamca2016/
param: {solution_index:6, solution_instance_index:29, multi_gpu:True, goal:False, problem_name:ml, number_of_moves:10, device_count:2, solver:rvnd, mpi_enabled:True, workers:1}
Using already created file:  wamca2016lib.so
Size: 783 - file name: 07_rat784.tsp

Value - initial: 68965750-[600 656 494 676 300 288 496 434 337 752 596 557 663  64 439 378 416  12
 128 121 353 746 230 714 431 320 667 315 171 222 443 411 106 107 140 306
 457 426 770 299 763   6 674  99 354 162 754 533 771 506 531 567  67 274
 338 256 399 448  50 298 603  76 664 745  21 115 713 517 329 649 461 696
 246 547 417 254 490 657 324 348  31 476 340 529 643 445 309 226 343 550
 406  36 424 358 725 458 761 588 167 365 563 203 373 190 751 384 462 774
  49 765 370 470 773 698 636 332 264 243 216 111 523 351   1 196 541 455
 229 699 511 758 712 660 552  19 428 737 559 168 395 263 627  68  37 144
 153 186  44 466 212 277 685 671 364 592 176 479 555 744 700 301 520 620
 611 405 474 666 570 192 219 360 207 534 158 240 742 509 436 334 572 290
 295 273 668 228  89 708 634 493 449 379 706 670 330 711 174 467 408 513
 205 224 262 669 386 556 429 654 640  34 560 390 678  66 497  72 507 604
 655 159 487  83 282 242 388 180 775 526 554 385 160 716 710 414 100 200
 724 221 215  97 702 571 352 181 381 743 120 642  15 652 665 142 630 372
 123  60 553 170 459 731 768 147 764 687 258 410 276 362  96 551   4 361
 577 345  52 582 369 684 522 602   5 356 695 489 578  20 781 546  42 587
 760 635 197 141 108 279 484 179 438 396 535 165 244 269 257 755 502 265
 175 118 133 477 629 151  63  92 331 122 472 500 583 260 314 569 590 456
 400 251 595 524 392 398 780 350 688 213 347  41   2 645 227 383 316 131
  70 519 234 650  28 580 585  88 335 715 437 349 294 673 296 707 510  29
 303 248 446 430 740 266 543 747 544 422 516 686  39 778 403 677 182 435
 126 307  86 105 741 641  22 675 253 465  61 275  80 607  94 143 201 322
 505 231 152 109  79 150 178 280 220  87 415 327 499 250  58 377 610 104
 638 512  27 739  14 184 346 441 624 525 117 305 114 371 662 368  57 286
 312 727 566 291 155 704 359  98 278 425 169 736 418 401 304   7 473 232
  69 573  75 637 310 568 223 530 594 450 527  73 112 691 769 549 293 375
 722 766 259 119 413 137 333 591 239  35 187 633 191  54 342 597  30 419
 311 404 189 103 726 245 495 626 163 576 540 238 195 779 538 628 233 341
  78  84 618   0 210  53  62 730 483  55 382 528 204 605 451  11 423 694
 584 653 614 237 536 101 581 539 134 145 482 738 287  40 289 393 734 561
 622 199 609 124 508 444 680 292 148 394 703 723 478 272 464 194 402  93
 166 323 661  24  77 156 453 225 608 732 452 325 236 757  59 281 625 651
 648 644 432  74 480 102  13 521 503 589 646 683 130 612 421 157 623 235
 442 564 759 463 518 247 756 339 647 485 501 689  25 409  91 407 681 599
 177 621 440 209 488 271 598 241 211 548 252 692  32 149 697 469 514 776
 639 515 433 767  43 579 336 532 720 376 389 110 574 249 129 491 615 593
 504 562 701 317 185 164 363 146 750 733  82 693 297 116 613  47  45 672
 268 328 154 617 631 397  33 735  65 139 481 486 427 173  90 319 718 255
 270 313 206 357 749 475 492 261 753 420 161  51 498 748 125 728 284 606
 267 135 679 387 717 302 285  48  85   3  71 214 658 113 127 729 188 183
 380 374 545 616 705 762 460 308   9 218 575 537 217 632 132 202 468 709
 619  23 366   8 193 782  16 565 777 391 318  17 447  81 601  46  18 659
  26 542 321 344  10 721 326 172 558 682 138 367 471 719 586 198 454 355
 690 283  38 772  95  56 208 136 412] - 68965750
Solver: RVND, number of workers: 1
Setting feeder affinity
I am the master. There are 1 mpi processes. (hostname = gpu01)
Roots [<pyDF.nodes.Feeder object at 0x7f16ba4e4ad0>]
Starting 0
Main loop
I am worker 0
GPU0
set random seed!
Initial: 68965750-[600 656 494 676 300 288 496 434 337 752 596 557 663  64 439 378 416  12
 128 121 353 746 230 714 431 320 667 315 171 222 443 411 106 107 140 306
 457 426 770 299 763   6 674  99 354 162 754 533 771 506 531 567  67 274
 338 256 399 448  50 298 603  76 664 745  21 115 713 517 329 649 461 696
 246 547 417 254 490 657 324 348  31 476 340 529 643 445 309 226 343 550
 406  36 424 358 725 458 761 588 167 365 563 203 373 190 751 384 462 774
  49 765 370 470 773 698 636 332 264 243 216 111 523 351   1 196 541 455
 229 699 511 758 712 660 552  19 428 737 559 168 395 263 627  68  37 144
 153 186  44 466 212 277 685 671 364 592 176 479 555 744 700 301 520 620
 611 405 474 666 570 192 219 360 207 534 158 240 742 509 436 334 572 290
 295 273 668 228  89 708 634 493 449 379 706 670 330 711 174 467 408 513
 205 224 262 669 386 556 429 654 640  34 560 390 678  66 497  72 507 604
 655 159 487  83 282 242 388 180 775 526 554 385 160 716 710 414 100 200
 724 221 215  97 702 571 352 181 381 743 120 642  15 652 665 142 630 372
 123  60 553 170 459 731 768 147 764 687 258 410 276 362  96 551   4 361
 577 345  52 582 369 684 522 602   5 356 695 489 578  20 781 546  42 587
 760 635 197 141 108 279 484 179 438 396 535 165 244 269 257 755 502 265
 175 118 133 477 629 151  63  92 331 122 472 500 583 260 314 569 590 456
 400 251 595 524 392 398 780 350 688 213 347  41   2 645 227 383 316 131
  70 519 234 650  28 580 585  88 335 715 437 349 294 673 296 707 510  29
 303 248 446 430 740 266 543 747 544 422 516 686  39 778 403 677 182 435
 126 307  86 105 741 641  22 675 253 465  61 275  80 607  94 143 201 322
 505 231 152 109  79 150 178 280 220  87 415 327 499 250  58 377 610 104
 638 512  27 739  14 184 346 441 624 525 117 305 114 371 662 368  57 286
 312 727 566 291 155 704 359  98 278 425 169 736 418 401 304   7 473 232
  69 573  75 637 310 568 223 530 594 450 527  73 112 691 769 549 293 375
 722 766 259 119 413 137 333 591 239  35 187 633 191  54 342 597  30 419
 311 404 189 103 726 245 495 626 163 576 540 238 195 779 538 628 233 341
  78  84 618   0 210  53  62 730 483  55 382 528 204 605 451  11 423 694
 584 653 614 237 536 101 581 539 134 145 482 738 287  40 289 393 734 561
 622 199 609 124 508 444 680 292 148 394 703 723 478 272 464 194 402  93
 166 323 661  24  77 156 453 225 608 732 452 325 236 757  59 281 625 651
 648 644 432  74 480 102  13 521 503 589 646 683 130 612 421 157 623 235
 442 564 759 463 518 247 756 339 647 485 501 689  25 409  91 407 681 599
 177 621 440 209 488 271 598 241 211 548 252 692  32 149 697 469 514 776
 639 515 433 767  43 579 336 532 720 376 389 110 574 249 129 491 615 593
 504 562 701 317 185 164 363 146 750 733  82 693 297 116 613  47  45 672
 268 328 154 617 631 397  33 735  65 139 481 486 427 173  90 319 718 255
 270 313 206 357 749 475 492 261 753 420 161  51 498 748 125 728 284 606
 267 135 679 387 717 302 285  48  85   3  71 214 658 113 127 729 188 183
 380 374 545 616 705 762 460 308   9 218 575 537 217 632 132 202 468 709
 619  23 366   8 193 782  16 565 777 391 318  17 447  81 601  46  18 659
  26 542 321 344  10 721 326 172 558 682 138 367 471 719 586 198 454 355
 690 283  38 772  95  56 208 136 412]
Final time: 25.5855798721s - Best: 3468920-[600 599 590 583 576 569 564 557 574 570 588 609 617 638 630 653 661 672
 707 715 722 729 730 726 749 748 761 769 762 745 740 741 723 701 675 673
 667 666 663 649 641 631 628 614 603 580 572 571 558 552 523 513 519 527
 524 536 543 531 544 566 581 591 592 605 615 636 646 669 662 686 710 713
 716 695 702 693 714 727 750 751 755 763 781 782 774 770 766 752 743 728
 711 681 676 657 655 642 634 624 622 619 601 584 582 573 548 545 549 537
 522 515 503 489 461 460 441 427 412 405 403 393 398 420 450 453 446 439
 426 411 397 377 384 387 402 414 413 399 401 382 380 385 379 374 359 353
 335 329 325 317 311 300 286 274 256 261 252 250 236 225 220 212 200 182
 187 196 190 188 202 191 177 173 165 144 147 141 121 113 108 105 100  78
  83  86  74  95  90 103 112 130 131 140 129 128 143 123 120 125 117  85
  67  60  58  63  70  84  98 107 104 101  76  73  88  94 111 115 132 136
 142 151 150 155 161 183 195 194 221 226 230 229 238 245 254 276 275 272
 277 293 301 327 342 358 355 381 386 389 400 422 444 451 452 457 465 483
 484 485 462 472 476 482 490 499 500 506 504 469 468 466 456 455 448 459
 454 437 442 424 406 396 388 365 357 343 334 326 318 322 338 345 352 364
 370 391 404 421 432 425 429 423 419 407 408 409 418 416 410 417 433 436
 445 449 464 474 467 477 497 508 501 487 492 488 479 473 458 447 463 475
 495 496 521 542 526 541 540 535 534 555 563 562 565 586 602 608 621 635
 629 645 650 665 668 683 706 712 697 691 690 680 656 648 643 640 618 612
 598 589 568 560 538 539 546 530 517 518 512 494 491 507 511 516 505 529
 533 550 553 561 578 596 597 611 626 633 654 644 647 651 658 677 687 670
 678 684 679 659 674 689 705 704 717 734 744 735 731 721 738 742 757 759
 764 771 760 746 733 737 724 703 696 682 671 664 639 637 623 625 610 593
 585 579 567 575 559 547 532 525 510 498 481 471 435 428 394 383 362 351
 312 304 288 269 265 241 235 234 214 215 204 185 179 171 145 124 116 109
  96  87  55  48  51  56  44  40  45  66  69  79  99 114 122 138 146 154
 159 152 126 135 110 106  93  82  64  46  52  57  62  38  28  32  11   8
   9   2   4  18  29   7  19  35  30  21  34  49  61  53  41  50  71  91
 102  92  89  77  68  54  43  26  25  20  15  23  27  33  59  72  65 134
 133 148 170 176 180 193 192 198 217 233 253 279 264 263 296 303 295 308
 297 319 323 333 330 341 361 360 348 367 372 363 347 339 337 336 309 307
 287 270 271 283 278 260 246 244 251 240 219 227 228 243 259 262 282 281
 294 310 302 291 280 268 249 232 224 218 211 210 208 181 172 164 163 156
 168 162 175 178 197 199 189 205 216 231 239 223 207 201 186 203 247 248
 242 255 266 267 257 258 289 299 306 315 292 305 290 285 298 324 331 349
 346 369 376 375 392 438 430 434 440 390 371 344 332 320 321 350 415 431
 486 493 520 514 528 551 556 577 587 606 616 627 620 660 685 694 698 719
 718 736 732 756 758 767 778 776 753 754 772 773 765 747 739 725 720 709
 699 700 692 688 652 632 613 604 594 607 554 509 502 478 480 470 443 395
 378 368 373 366 356 354 340 328 313 314 284 237 213 222 206 169 167 157
 166 153 158 149 137 127 139 119  97  75  80  36  24  14   0  16  22   1
   6  17  47  81  13  31   3  10  12   5  39  37  42 118 209 160 174 184
 273 316 595 708 768 777 775 779 780]
Value - initial: 68965750, final: 3468920, improveup: 19.8810436678

data-line;i;68965750;f;3468920;t;25.5855798721;c;-2;fv;[3468920L];cv;-1;imp;19.8810436678;type;rvnd;inum;6;w;1

time;25.5855798721;man_time;0;neigh_time;0
man_time;0;man_merge_sol;0;man_best_sol;0;man_combine_sol;0

Waiting [0]
Terminating workers True 0 0
MPI TERMINATING
