pydf_home: /home/rodolfo/git/Sucuri
simple_pycuda_home: /home/rodolfo/git/simple-pycuda
wamca2016path: /home/rodolfo/git/wamca2016/
localpath: /home/rodolfo/git/dvnd-df/code/dvnd-df/src/
WAMCAPATH:/home/rodolfo/git/wamca2016/
param: {solution_index:6, solution_instance_index:75, multi_gpu:True, goal:False, problem_name:ml, number_of_moves:10, device_count:2, solver:rvnd, mpi_enabled:True, workers:1}
Using already created file:  wamca2016lib.so
Size: 783 - file name: 07_rat784.tsp

Value - initial: 69727323-[ 39  25 765 314 608 274 151 531 450 161 304 738 748 306 279 112 365 173
 278 138  42 155 614 600 697 292 185 343 518 615 733 526 335 124  33 527
 245 381 128  97 301 165 425 676 715 667 530 179 693 390 123 329 671 432
 150  50 153 777 555 493 352 202 318  23 105 193 293 171 764 544  91 428
 611 264 441 445 139 240 439 370 683 223  31  32 577 731 482 647 657 248
 199 673 182  17 300 680 590 147 162 424 378  38   1 326 652 668 412 640
 287 363  83   6 358 480 732 629 570 377 709 542 277 474 462 508  57 308
 637 632 513 302 163 626 217 437 382 416 140 114 400 303 537 297 609 758
 338 469 235 422 606 342 230 157  48 757 265 129 141 682  18 567  98 565
 497 575 741 619 402  10 106  15 719 395 196   5 755 463 212 213 263 204
 407 696 494 152  51 276  12 528 127 655 267 215 752 391 282 284 380 623
  36 725 689  21 149 229 638 266 664 433 132 452 249  43 525 414 359 588
 685 398  66 515 169 773 500 488 295 423 666 181 769  69 313 355 574 751
 714 776 691 154 348 427 617 408 159 188 571 642  20 661 146 254 331 336
 364 232 499 339 775 511 374 394  92 675 466 475 325 771  95 447 507 211
 743 710   7 768 234 727 643 552 756 156 259 781 707 198 679 101 737 356
 735 688 624 759 371 283 148 753 351 396 603 384 479 451 118 453 299 712
 272 321   9 160  56 409 354 195 763  37 119 273 268 116 519 627 551 430
 724 721 547 767 438 580 237  44 280 214 716 109 347 750 100 457 708 550
 579 242 705 228 501  59 260 754 536 134 512 332 350 454 589 585  13 333
  99 782 699 288 653 250 291 255 554 239 706  75 669 739 436  65  30 252
 372 460 561 131 420 379 636 774 593 686 349  16 375 541  90 687  60 357
 660  53 524 665  74 388 221 190 107 780 645  34 449 529  29 516 749 285
 747  80  67 413 174 549 534 368 604  55 130 373 522 766 502 520 659 578
 681 186  81 386  24 630  86 594 328 613 206 404 434 256 246 760 102 722
  58  82 290  40 468 559 607 564 258 678 281 216 184 392  72 654 429 583
 200 121 319  79 728 275 168 225   4  94 730 421 345 122 205 635 532 442
 761 401 740 744  70 110 222 411 253 415 126 644 563  76 166 539 341 745
 241 545 344 209 778 360  41 489 208 426 476 700 231 467 704 389  85 104
  47 220 616 194   0 581 444 262  93 496 455 399 639 189 172 448 702 618
 772 612 621 144 120 491 477 224 698 113 226 548 269 690 305 257 176 403
 125 701 177 330 251 385 145 419  64 649 243  73 207 187 236 674   3 417
 366 662 587 582 117 464 591 170 142  68  52 505 180 227 470 167 353 736
 191 592 369 108 566 720 218 324 483 261 726 634 573  78 473 742 461 535
 387 137 576 183  54 510 271 490 779 393 115 540  45 487  77 684 596 405
 628  63 672 694 337 723 244 506 658 233 197 746 717 631 210 670 598  96
 311 514 605 572 143 703 397 136 238 103 538 486 495 648  88 312  11 651
  28 601 560 298  89 485 762  14 586 175 367 158 472 562 296 620 711 646
 517 602 317 556 498 492 641 270  26 734 133 481 553 307 362 509  62 503
 568 323 443 625 533 595 410 543 558 650 289 695 770 656 322 327 729 431
 346 523 334  61 418   2 219 203 557 178 111 201 718 376 315 546 164 456
 440  19 622  87 361  46  84  71 504 320 135 446 471 309 340 478 599 484
 633 458 459  22 192 692   8 465 663 569  27 584 406 310 383 247 435 610
 316 521  49 677  35 286 294 597 713] - 69727323
Solver: RVND, number of workers: 1
Setting feeder affinity
I am the master. There are 1 mpi processes. (hostname = gpu01)
Roots [<pyDF.nodes.Feeder object at 0x7f68c23d1ad0>]
Starting 0
Main loop
I am worker 0
GPU0
set random seed!
Initial: 69727323-[ 39  25 765 314 608 274 151 531 450 161 304 738 748 306 279 112 365 173
 278 138  42 155 614 600 697 292 185 343 518 615 733 526 335 124  33 527
 245 381 128  97 301 165 425 676 715 667 530 179 693 390 123 329 671 432
 150  50 153 777 555 493 352 202 318  23 105 193 293 171 764 544  91 428
 611 264 441 445 139 240 439 370 683 223  31  32 577 731 482 647 657 248
 199 673 182  17 300 680 590 147 162 424 378  38   1 326 652 668 412 640
 287 363  83   6 358 480 732 629 570 377 709 542 277 474 462 508  57 308
 637 632 513 302 163 626 217 437 382 416 140 114 400 303 537 297 609 758
 338 469 235 422 606 342 230 157  48 757 265 129 141 682  18 567  98 565
 497 575 741 619 402  10 106  15 719 395 196   5 755 463 212 213 263 204
 407 696 494 152  51 276  12 528 127 655 267 215 752 391 282 284 380 623
  36 725 689  21 149 229 638 266 664 433 132 452 249  43 525 414 359 588
 685 398  66 515 169 773 500 488 295 423 666 181 769  69 313 355 574 751
 714 776 691 154 348 427 617 408 159 188 571 642  20 661 146 254 331 336
 364 232 499 339 775 511 374 394  92 675 466 475 325 771  95 447 507 211
 743 710   7 768 234 727 643 552 756 156 259 781 707 198 679 101 737 356
 735 688 624 759 371 283 148 753 351 396 603 384 479 451 118 453 299 712
 272 321   9 160  56 409 354 195 763  37 119 273 268 116 519 627 551 430
 724 721 547 767 438 580 237  44 280 214 716 109 347 750 100 457 708 550
 579 242 705 228 501  59 260 754 536 134 512 332 350 454 589 585  13 333
  99 782 699 288 653 250 291 255 554 239 706  75 669 739 436  65  30 252
 372 460 561 131 420 379 636 774 593 686 349  16 375 541  90 687  60 357
 660  53 524 665  74 388 221 190 107 780 645  34 449 529  29 516 749 285
 747  80  67 413 174 549 534 368 604  55 130 373 522 766 502 520 659 578
 681 186  81 386  24 630  86 594 328 613 206 404 434 256 246 760 102 722
  58  82 290  40 468 559 607 564 258 678 281 216 184 392  72 654 429 583
 200 121 319  79 728 275 168 225   4  94 730 421 345 122 205 635 532 442
 761 401 740 744  70 110 222 411 253 415 126 644 563  76 166 539 341 745
 241 545 344 209 778 360  41 489 208 426 476 700 231 467 704 389  85 104
  47 220 616 194   0 581 444 262  93 496 455 399 639 189 172 448 702 618
 772 612 621 144 120 491 477 224 698 113 226 548 269 690 305 257 176 403
 125 701 177 330 251 385 145 419  64 649 243  73 207 187 236 674   3 417
 366 662 587 582 117 464 591 170 142  68  52 505 180 227 470 167 353 736
 191 592 369 108 566 720 218 324 483 261 726 634 573  78 473 742 461 535
 387 137 576 183  54 510 271 490 779 393 115 540  45 487  77 684 596 405
 628  63 672 694 337 723 244 506 658 233 197 746 717 631 210 670 598  96
 311 514 605 572 143 703 397 136 238 103 538 486 495 648  88 312  11 651
  28 601 560 298  89 485 762  14 586 175 367 158 472 562 296 620 711 646
 517 602 317 556 498 492 641 270  26 734 133 481 553 307 362 509  62 503
 568 323 443 625 533 595 410 543 558 650 289 695 770 656 322 327 729 431
 346 523 334  61 418   2 219 203 557 178 111 201 718 376 315 546 164 456
 440  19 622  87 361  46  84  71 504 320 135 446 471 309 340 478 599 484
 633 458 459  22 192 692   8 465 663 569  27 584 406 310 383 247 435 610
 316 521  49 677  35 286 294 597 713]
Final time: 13.7459080219s - Best: 3402006-[ 39  78  83  86  74  65  72  59  54  43  27  23  26  25  20  15  31  50
  41  53  61  49  34  21  30  19  35  58  60  67  81  85  84  98 101 104
 107 111  94  88  76  73  62  57  52  46  17   6   1  22  16   0  14  24
  36  44  56  51  48  55  87  96 109 116 122 138 146 154 159 152 135 150
 155 161 183 195 194 204 185 179 171 184 214 234 241 235 238 245 254 275
 276 288 304 312 327 343 357 365 381 386 389 400 422 428 435 444 451 457
 452 442 437 421 432 425 429 423 419 407 408 409 430 438 456 455 448 459
 454 462 472 476 482 490 499 514 512 518 517 530 538 539 546 556 551 577
 565 562 563 586 590 583 599 600 613 632 629 635 621 608 602 606 620 627
 616 618 612 640 643 633 626 611 598 589 597 596 568 560 553 561 578 585
 593 579 567 559 575 595 623 639 637 625 647 651 658 664 671 682 696 703
 724 733 737 746 760 771 764 759 744 734 717 735 731 738 742 757 758 756
 767 778 776 772 773 765 761 762 769 779 780 781 782 774 770 766 752 743
 728 711 713 710 686 681 676 657 655 662 642 634 624 622 619 601 584 582
 554 549 537 545 548 544 531 543 536 527 524 519 513 523 521 526 542 574
 570 571 558 572 580 592 605 603 614 628 631 641 649 663 666 667 673 675
 693 702 695 714 727 750 763 755 751 741 740 722 729 730 726 700 699 709
 725 739 747 754 753 736 732 712 697 689 705 704 708 687 677 670 678 684
 679 659 674 680 690 691 706 718 719 698 694 683 668 665 650 645 652 653
 630 638 617 609 604 576 569 564 557 541 540 535 534 520 504 506 500 468
 469 463 447 436 433 440 434 418 416 417 410 390 374 371 369 376 392 375
 364 352 345 349 346 344 332 320 321 329 335 325 317 311 310 294 274 256
 261 252 250 236 218 211 210 208 181 163 164 172 182 187 200 209 212 220
 225 243 228 227 196 190 188 202 219 240 251 244 260 278 283 308 297 271
 270 262 259 287 282 281 286 300 309 307 319 323 333 330 341 361 348 360
 387 384 367 336 337 339 347 350 363 372 382 380 379 385 415 401 399 413
 414 402 411 426 450 453 446 439 449 431 445 458 475 493 495 496 486 473
 479 488 492 464 474 487 501 508 497 509 502 503 489 461 460 443 441 427
 420 412 405 403 393 398 395 373 368 354 340 328 313 303 296 295 263 264
 253 233 217 198 192 170 148 133 134 100 105 108 113 121 118 112 103  90
  89  77  68  92  71  91 102 128 129 140 131 130 144 147 167 173 191 177
 165 157 166 153 158 149 143 123 120 125 117 137 156 168 162 189 205 216
 224 232 231 239 258 257 267 290 305 292 289 280 268 291 302 299 306 315
 331 324 322 318 316 326 334 338 370 391 404 388 396 406 424 465 484 485
 491 507 511 516 533 529 550 547 532 525 510 505 483 481 471 394 383 362
 351 358 355 342 301 293 277 272 247 229 230 226 221 248 273 298 285 266
 255 242 223 207 201 203 186 197 199 175 178 160 151 142 136 132 119 110
 106 126 114  99  79  69  80  66  40  45  64  82  93  75  97 115 139 127
  70  63  47  38  28  32  11   8   9   2   4  18  29   7  13  33   3  10
  12   5  37  42  95 141 169 176 180 193 213 206 222 246 237 279 284 314
 356 366 378 377 397 467 477 470 480 478 515 522 573 566 581 591 594 607
 615 636 646 669 716 723 701 707 715 745 749 748 720 656 648 660 685 688
 692 672 661 588 552 555 528 494 466 359 353 249 174 124 145 215 265 269
 498 587 644 654 721 775 777 768 610]
Value - initial: 69727323, final: 3402006, improveup: 20.4959435698

data-line;i;69727323;f;3402006;t;13.7459080219;c;-2;fv;[3402006L];cv;-1;imp;20.4959435698;type;rvnd;inum;6;w;1

time;13.7459080219;man_time;0;neigh_time;0
man_time;0;man_merge_sol;0;man_best_sol;0;man_combine_sol;0

Waiting [0]
Terminating workers True 0 0
MPI TERMINATING
