pydf_home: /home/rodolfo/git/Sucuri
simple_pycuda_home: /home/rodolfo/git/simple-pycuda
wamca2016path: /home/rodolfo/git/wamca2016/
localpath: /home/rodolfo/git/dvnd-df/code/dvnd-df/src/
WAMCAPATH:/home/rodolfo/git/wamca2016/
param: {solution_index:0, solution_instance_index:29, multi_gpu:True, goal:False, problem_name:ml, number_of_moves:10, device_count:2, solver:rvnd, mpi_enabled:True, workers:1}
Using already created file:  wamca2016lib.so
Size: 52 - file name: 01_berlin52.tsp

Value - initial: 818368-[35  2 29 32 48  7  3  0 22 37 17  1 14 30 51 15 44 24 13  5 11 41 47 43 42
 16 46 26 39 20 36 12 21 49 23  8 31 40 33  9 28 34 45 10 19 38 50  4 18 25
 27  6] - 818368
Solver: RVND, number of workers: 1
Setting feeder affinity
I am the master. There are 1 mpi processes. (hostname = gpu01)
Roots [<pyDF.nodes.Feeder object at 0x7febaad1dad0>]
Starting 0
Main loop
I am worker 0
GPU0
set random seed!
Initial: 818368-[35  2 29 32 48  7  3  0 22 37 17  1 14 30 51 15 44 24 13  5 11 41 47 43 42
 16 46 26 39 20 36 12 21 49 23  8 31 40 33  9 28 34 45 10 19 38 50  4 18 25
 27  6]
Final time: 1.4864718914s - Best: 141712-[35 34 33 36 47 23  4  5 14 37 39 38 48 31  0 21 17 30 22 19 49 15 43 45 24
  3 42  9  8  7 40 18 44  2 16 20 41  1 29 28 46 25 27 26 12 13 51 10 50 11
 32  6]
Value - initial: 818368, final: 141712, improveup: 5.77486733657

data-line;i;818368;f;141712;t;1.4864718914;c;-2;fv;[141712L];cv;-1;imp;5.77486733657;type;rvnd;inum;0;w;1

time;1.4864718914;man_time;0;neigh_time;0
man_time;0;man_merge_sol;0;man_best_sol;0;man_combine_sol;0

Waiting [0]
Terminating workers True 0 0
MPI TERMINATING
