pydf_home: /home/rodolfo/git/Sucuri
simple_pycuda_home: /home/rodolfo/git/simple-pycuda
wamca2016path: /home/rodolfo/git/wamca2016/
localpath: /home/rodolfo/git/dvnd-df/code/dvnd-df/src/
WAMCAPATH:/home/rodolfo/git/wamca2016/
param: {solution_index:5, solution_instance_index:50, multi_gpu:True, goal:False, problem_name:ml, number_of_moves:10, device_count:2, solver:rvnd, mpi_enabled:True, workers:1}
Using already created file:  wamca2016lib.so
Size: 657 - file name: 06_d657.tsp

Value - initial: 275035943-[647  72  91  76 512  28  43 230 622 519 482 623 609 343  38  17 200 638
 366 215 504 250 255 201  86 441 353 339 585  34 199 247 321 433 531 614
 214 149 528  41 468 641 243 102 227 281  71   7 530 320 415 173 458 207
 465 402 605  45  52 583 558 160 445  67 377 206 312  89 553 334 124  12
 420 416 318 499 202 246 581 265 444 118 523 545  26 494 509 152 268 462
   6 619  33  66 628 540 218 116 326 308 464  36 529 436  11   5 639 307
 237 485 610  32 248 342 189 348 651  75 649 643 481  65 518 563 600 305
 117 291  23 568 238 515 213 223 193 220  77 283 270  57 438 437  19 627
 303 502 413 204 293 126 169  83 328 208 480 184 297   0 616  44 360 463
 164 495  27 457  88 350 280 597 351 150 443 176 381 383 501 345 655 316
 575 422 474 542 620  97 273 617 507 595 287  42 254 525 359 654  50 635
 361 401 289 294  56 400 392 526 459 259 317 185 195 395 151 522 584 446
 241 157 626 589  58 158 621 274 435  84  49 598 473 591 369  94  61  15
 421 311 396 569 411 634 652  80 264 579 533 486 576  55 406 410 388 364
 500 541 534 336 174 536 505 261 456 111 471 225 266 618 487 239 439 128
 141 104 506 368 432  82 472  53 272 186 452 242 513 588 429 601  62 630
 405 170 284 535  81 165 168 229 277 565 131 538  13 301 642 340 645 454
 306 587 384 371 100 631 357 488 451 580 403  25 492 493 113 299  22 295
  39 615 548 159 144 656 640 397 167 646 511 338 491 172 460 582 290 140
 577  99 594 373 232 407 391  95 341 300 461  46 234 108 275  10 224 414
 110 434 586 376 325  98 427  87 393 370  54  40 613 109 394 633 148  74
 372 121  18 554 604 192 231 453 137 455  21  96 352 198 253 490 356 319
 154 431 323 222 217 263 572 330 650 555 412 314 428 637 211 387 190 133
 539 143 510 570 105 335 532 298  79 547  73 203  90 129 267 347 629 332
 156 122  69 179 337 592 408 543 282 119 135 375 244 606 132   8 180   3
  51  14 552 365 355 252 380 602 260  92  64  78 346 385 425 226 145 537
 521 279 398  35 653 210 517 212 478 178 562 608 304  29 115 262 257 557
 216  59 644 197 322 166  93 524 632 636 489  47 188 409  31 477 233  20
 107 573 603 269 556 527 181 182 251 378  48 503 440 367 324 571 354 417
 624 333 219 362 177 258 516 139 418 379  60 221 426 358   1 475 560 484
  70 286 296 596 205 147 497 483 508 120 607 171 112 138 466 479 344 127
 103 476 561 196 442 390   2 467 625 374 313 578 271 146 288 564  30 514
 191 612 310 315 134 228 498 450 470 551 123 327 496 590 424 309   4 136
 209 235  16 161 331 389 249 404 423 386 567 130 175 382 142 469 187 194
 520 292 285 236 153  68 566 302 399 550 430 593 240 611 549 349 544 447
  37 256  85 163 546 559 101 125 278 648 114 245 276 162 419 106 329   9
  24 155 599 574 363 448 449  63 183] - 275035943
Solver: RVND, number of workers: 1
Setting feeder affinity
I am the master. There are 1 mpi processes. (hostname = gpu01)
Roots [<pyDF.nodes.Feeder object at 0x7fe65bcb5ad0>]
Starting 0
Main loop
I am worker 0
GPU0
set random seed!
Initial: 275035943-[647  72  91  76 512  28  43 230 622 519 482 623 609 343  38  17 200 638
 366 215 504 250 255 201  86 441 353 339 585  34 199 247 321 433 531 614
 214 149 528  41 468 641 243 102 227 281  71   7 530 320 415 173 458 207
 465 402 605  45  52 583 558 160 445  67 377 206 312  89 553 334 124  12
 420 416 318 499 202 246 581 265 444 118 523 545  26 494 509 152 268 462
   6 619  33  66 628 540 218 116 326 308 464  36 529 436  11   5 639 307
 237 485 610  32 248 342 189 348 651  75 649 643 481  65 518 563 600 305
 117 291  23 568 238 515 213 223 193 220  77 283 270  57 438 437  19 627
 303 502 413 204 293 126 169  83 328 208 480 184 297   0 616  44 360 463
 164 495  27 457  88 350 280 597 351 150 443 176 381 383 501 345 655 316
 575 422 474 542 620  97 273 617 507 595 287  42 254 525 359 654  50 635
 361 401 289 294  56 400 392 526 459 259 317 185 195 395 151 522 584 446
 241 157 626 589  58 158 621 274 435  84  49 598 473 591 369  94  61  15
 421 311 396 569 411 634 652  80 264 579 533 486 576  55 406 410 388 364
 500 541 534 336 174 536 505 261 456 111 471 225 266 618 487 239 439 128
 141 104 506 368 432  82 472  53 272 186 452 242 513 588 429 601  62 630
 405 170 284 535  81 165 168 229 277 565 131 538  13 301 642 340 645 454
 306 587 384 371 100 631 357 488 451 580 403  25 492 493 113 299  22 295
  39 615 548 159 144 656 640 397 167 646 511 338 491 172 460 582 290 140
 577  99 594 373 232 407 391  95 341 300 461  46 234 108 275  10 224 414
 110 434 586 376 325  98 427  87 393 370  54  40 613 109 394 633 148  74
 372 121  18 554 604 192 231 453 137 455  21  96 352 198 253 490 356 319
 154 431 323 222 217 263 572 330 650 555 412 314 428 637 211 387 190 133
 539 143 510 570 105 335 532 298  79 547  73 203  90 129 267 347 629 332
 156 122  69 179 337 592 408 543 282 119 135 375 244 606 132   8 180   3
  51  14 552 365 355 252 380 602 260  92  64  78 346 385 425 226 145 537
 521 279 398  35 653 210 517 212 478 178 562 608 304  29 115 262 257 557
 216  59 644 197 322 166  93 524 632 636 489  47 188 409  31 477 233  20
 107 573 603 269 556 527 181 182 251 378  48 503 440 367 324 571 354 417
 624 333 219 362 177 258 516 139 418 379  60 221 426 358   1 475 560 484
  70 286 296 596 205 147 497 483 508 120 607 171 112 138 466 479 344 127
 103 476 561 196 442 390   2 467 625 374 313 578 271 146 288 564  30 514
 191 612 310 315 134 228 498 450 470 551 123 327 496 590 424 309   4 136
 209 235  16 161 331 389 249 404 423 386 567 130 175 382 142 469 187 194
 520 292 285 236 153  68 566 302 399 550 430 593 240 611 549 349 544 447
  37 256  85 163 546 559 101 125 278 648 114 245 276 162 419 106 329   9
  24 155 599 574 363 448 449  63 183]
Final time: 9.79953193665s - Best: 14165007-[647 636 637 641 640 639 638 634 635 633 632 631 544 545 546 552 628 562
 561 564 560 565 563 558 553 554 555 557 550 549 543 542 541 540 539 538
 537 536 534 535 532 531 529 523 533 530 524 522 525 526 527 521 520 519
 477 476 475 457 456 473 455 459 460 467 465 461 454 451 452 450 453 448
 449 442 463 462 458 464 466 468 469  34  37  46  42  38  43  47  51  62
  56  67 483 472 482 491 494 497 496 498 493 490 486 485 480 481 487 488
 484 489 492 495 499 502 504 126 135 125 506 505 124 127 145 144 134 123
 110 111 143 153 166 158 150 122 112 106 107 100  96  94  89  88  95  87
  83  76  82  81  75  71  70  90  86  92  99 113 119 103  85  72  65  69
  59  57  52  48  55  30  27  26  25  23 440 441 443 446 447 445 444  19
  18  13  17  16  14  15  20  28  40  50  54  49  44  45  41  39  36  35
  33  32  24  12  11  10   8   9   7  53  60  64  79  78   6 117 131 138
 163 156 164 162 142 137 130 129 128 116 101  84  77  73  68  63  74  93
  91  97  98 115 102 114 118 157 165 187 181 180 186 191 198 199 197 195
 185 178 172 168 155 190 196 206 209 217 218 220 230 238 239 253 261 271
 263 264 240 225 236 248 254 275 287 288 293 299 303 324 334 346 340 323
 317 307 322 335 345 341 347 361 372 391 398 389 400 404 415 421 422 397
 388 370 364 349 348 342 325 321 309 308 292 294 300 310 320 326 350 369
 365 377 386 401 405 414 423 431 424 419 410 396 378 385 395 402 406 413
 425 412 407 403 394 384 379 376 374 368 357 351 333 318 327 311 312 305
 304 284 259 255 243 228 224 226 242 250 270 276 268 252 247 251 260 241
 232 221 227 219 207 214 208 184 179 177 154 149 147 161 170 171 169 148
 139 120 104 121 105  80  66  61 470 471 479 478 515 514 518 517 516 513
 512 500 501 503 507 136 133 508 509 510 159 189 182 173 183 194 200 213
 212 216 222 245 265 273 280 258 266 279 592 306 297 296 302 295 301 281
 278 285 282 267 256 244 233 274 283 286 314 315 332 338 329 316 336 319
 330 343 354 360 355 331 356 337 607 610 606 605 600 598 601 595 608 613
 615 616 617 618 620 622 408 426 393 381 383 380 375 353 344 362 367 382
 411 417 392 363 352 359 366 339 328 313 291 277 272 249 223 192 188 176
 167 151 146 108 109 152 160 174 193 203 205 580 229 246 257 589 586 581
 578 582 591 596 597 602 594 588 585 584 583 576 577 573 574 202 201 570
 567 511 559 556 551 548 547 629 630 642 643 644 646 645 648 652 649 650
 651 627 568 569 571 572 626 655 654 653 656 575 579 587 590 593 599 603
 604 609 611 612 614 621 623 619 625 624 427 418 428 429 434 433 432 373
 358 387 430 435 436 439 437 438 420 409 416 390 399 371 298 290 289 269
 237 210 231 235 262 234 215 204 140 132 141   5   4   3   2   1  21  22
  29  31  58 175 211 566 528 474   0]
Value - initial: 275035943, final: 14165007, improveup: 19.4165765679

data-line;i;275035943;f;14165007;t;9.79953193665;c;-2;fv;[14165007L];cv;-1;imp;19.4165765679;type;rvnd;inum;5;w;1

time;9.79953193665;man_time;0;neigh_time;0
man_time;0;man_merge_sol;0;man_best_sol;0;man_combine_sol;0

Waiting [0]
Terminating workers True 0 0
MPI TERMINATING
