pydf_home: /home/rodolfo/git/Sucuri
simple_pycuda_home: /home/rodolfo/git/simple-pycuda
wamca2016path: /home/rodolfo/git/wamca2016/
localpath: /home/rodolfo/git/dvnd-df/code/dvnd-df/src/
WAMCAPATH:/home/rodolfo/git/wamca2016/
param: {solution_index:2, solution_instance_index:77, multi_gpu:True, goal:False, problem_name:ml, number_of_moves:10, device_count:2, solver:rvnd, mpi_enabled:True, workers:1}
Using already created file:  wamca2016lib.so
Size: 226 - file name: 03_pr226.tsp

Value - initial: 199056244-[115  84  92 157  95 108 139 104 170  82  59 216  33 132  51  24  52 119
  28 147 198   9 214 205 189 130  79 219 167 201  31  83 178 100   2  25
 158  36  18  87 145 223 151  23 125 168 107 181 159 126  44 143  29 138
 137  85 190  70 221  96 160 128 141  68  63  60 150 193 163  80  47  17
  42 166 195 164  19  62  32  75 155 175  40   4  49   5 106 207 114 146
  73 186  57 210 120 112 188  13  20  56 152 183 149  66 176  89  30 156
 187 225 217   6 208 222 161  54  67  10  34 213 109 121  71  12 185 124
  43 103   3 162  46 177 110 134 173  41  26  97  65 129 102  77 136 131
   7  86 218  45  93  53  38  98 148 206  11 113  35 105 111  27  69  16
 212  61  76 224   8 154  88 116 127 118  94 215 174 165 101 211 184 203
  78 179   1  21 191 192 169 204 172 171  14 122  81 182 202   0 123  91
 135  48 220  22 194 197 142  37 153  99 200  55  74  58  64 140 133 180
 117 199  72 144  39  90 196  50 209  15] - 199056244
Solver: RVND, number of workers: 1
Setting feeder affinity
I am the master. There are 1 mpi processes. (hostname = gpu01)
Roots [<pyDF.nodes.Feeder object at 0x7f4bb6b87ad0>]
Starting 0
Main loop
I am worker 0
GPU0
set random seed!
Initial: 199056244-[115  84  92 157  95 108 139 104 170  82  59 216  33 132  51  24  52 119
  28 147 198   9 214 205 189 130  79 219 167 201  31  83 178 100   2  25
 158  36  18  87 145 223 151  23 125 168 107 181 159 126  44 143  29 138
 137  85 190  70 221  96 160 128 141  68  63  60 150 193 163  80  47  17
  42 166 195 164  19  62  32  75 155 175  40   4  49   5 106 207 114 146
  73 186  57 210 120 112 188  13  20  56 152 183 149  66 176  89  30 156
 187 225 217   6 208 222 161  54  67  10  34 213 109 121  71  12 185 124
  43 103   3 162  46 177 110 134 173  41  26  97  65 129 102  77 136 131
   7  86 218  45  93  53  38  98 148 206  11 113  35 105 111  27  69  16
 212  61  76 224   8 154  88 116 127 118  94 215 174 165 101 211 184 203
  78 179   1  21 191 192 169 204 172 171  14 122  81 182 202   0 123  91
 135  48 220  22 194 197 142  37 153  99 200  55  74  58  64 140 133 180
 117 199  72 144  39  90 196  50 209  15]
Final time: 5.78014206886s - Best: 7671102-[115 114 113 112 111 110 102 104 103 105 106 107 108 116 117 109 125 118
 119 127 126 120 121 128 130 122 123 129 131 124 225 224 223 222 221 220
 219 218 217 216 215 214 213 212 211 210 209 208 207 206 205 204 203 202
 201 200 199 198 197 196 195 194 193 192 191 190 132 133 134 135  62  61
  60  59  58  57  56  55  54  53  52  51  50  94  86  88  95  96  87  89
  97  98  90  91  99 100  92  93 101 136 143 145 137 138 144 146 139 140
 148 147 141 149 142 189 188 187 186 185 184 183 182 181 180 179 178 177
 176 175 174 173 172 171 170 169 168 167 166 165 164 163 162 161 160 159
 158 157 156 155 154 153 152 151 150  42  46  45  44  43  36  35  47  32
  31  30  34  33  29  28  27  26  25  24  23  22  21  20  19  18  17  14
  13   9   8   7   6   5   4   3   2   1   0  72  73  74  75  76  77  78
  79  80  81  82  83  84  85  71  70  12  11  10  15  16  66  67  68  69
  65  64  63  49  48  37  38  41  39  40]
Value - initial: 199056244, final: 7671102, improveup: 25.9488459416

data-line;i;199056244;f;7671102;t;5.78014206886;c;-2;fv;[7671102L];cv;-1;imp;25.9488459416;type;rvnd;inum;2;w;1

time;5.78014206886;man_time;0;neigh_time;0
man_time;0;man_merge_sol;0;man_best_sol;0;man_combine_sol;0

Waiting [0]
Terminating workers True 0 0
MPI TERMINATING
