pydf_home: /home/rodolfo/git/Sucuri
simple_pycuda_home: /home/rodolfo/git/simple-pycuda
wamca2016path: /home/rodolfo/git/wamca2016/
localpath: /home/rodolfo/git/dvnd-df/code/dvnd-df/src/
WAMCAPATH:/home/rodolfo/git/wamca2016/
param: {solution_index:7, solution_instance_index:15, multi_gpu:True, goal:False, problem_name:ml, number_of_moves:10, device_count:2, solver:rvnd, mpi_enabled:True, workers:1}
Using already created file:  wamca2016lib.so
Size: 1001 - file name: 08_TRP-S1000-R1.tsp

Value - initial: 127536694-[162 729 911 ..., 988 968  64] - 127536694
Solver: RVND, number of workers: 1
Setting feeder affinity
I am the master. There are 1 mpi processes. (hostname = gpu01)
Roots [<pyDF.nodes.Feeder object at 0x7f2ead9efad0>]
Starting 0
Main loop
I am worker 0
GPU0
set random seed!
Initial: 127536694-[162 729 911 ..., 988 968  64]
Final time: 28.3342719078s - Best: 5509635-[162 191 200 ..., 398 766 210]
Value - initial: 127536694, final: 5509635, improveup: 23.1479388381

data-line;i;127536694;f;5509635;t;28.3342719078;c;-2;fv;[5509635L];cv;-1;imp;23.1479388381;type;rvnd;inum;7;w;1

time;28.3342719078;man_time;0;neigh_time;0
man_time;0;man_merge_sol;0;man_best_sol;0;man_combine_sol;0

Waiting [0]
Terminating workers True 0 0
MPI TERMINATING
