pydf_home: /home/rodolfo/git/Sucuri
simple_pycuda_home: /home/rodolfo/git/simple-pycuda
wamca2016path: /home/rodolfo/git/wamca2016/
localpath: /home/rodolfo/git/dvnd-df/code/dvnd-df/src/
WAMCAPATH:/home/rodolfo/git/wamca2016/
param: {solution_index:3, solution_instance_index:74, multi_gpu:True, goal:False, problem_name:ml, number_of_moves:10, device_count:2, solver:rvnd, mpi_enabled:True, workers:1}
Using already created file:  wamca2016lib.so
Size: 318 - file name: 04_lin318.tsp

Value - initial: 96678554-[152  97 105 292 294 136  21 258 213   4 106 201 196   8  79 101  45 132
 266   0 303 291 209 100  71 222 154 143  43 247 204 317 107  80  68  73
 203 128 197 250   3 147 114 299 178 135 205  24 225  49 259  95 227  41
  53 189 306 112 118 290 103  20 155  99 176   9 249 146 314  96 175 237
  76  30 138   7 235 133  69 256  51 110 182 119  33 271 264  61 242  34
  35 137 179 125 243 236 313 174 171 104 108  27 184 251 310 186 232 148
 158 198 231 142 151 169 117 199  91 230 124 159  60 139  86  13 141  70
 161  65 190 220 282 297 273 193  57 181 211  92 248 210  83   1 283  88
 145 166 183 208 254 191  17 265 223 113 217 153 279 149 156 241  28  64
 200  25 281 269 130  74 134 262  77 284  94  47 188 131 305 298  90  67
 308 309  19 168 207 304  16 173 276  42 296  15 312  37 278   5  87 216
 122 263  82 123 120  98 115  89 261  10 300   2 301 127  38 180  50 170
 219 140 121 267  52 307 214 165  63  44  36  56  84 272 172 277 302 257
 195 163  93 295 240 177 194  32  31  78 111 102 226 150 187  11  14  40
 280 144  55  12 255 229 202  66 164  18 218 185  29 288  81 212  23 157
 116 316 167 224  26 221   6 293 129 228 192  75 234  46 126  58 252  48
 238  39 253 268 260  54 206 311 246 160  72  85 270 233 245  22 215 287
 289  59  62 275 162 244 239 109 274 315 286 285] - 96678554
Solver: RVND, number of workers: 1
Setting feeder affinity
I am the master. There are 1 mpi processes. (hostname = gpu01)
Roots [<pyDF.nodes.Feeder object at 0x7f548b1e2ad0>]
Starting 0
Main loop
I am worker 0
GPU0
set random seed!
Initial: 96678554-[152  97 105 292 294 136  21 258 213   4 106 201 196   8  79 101  45 132
 266   0 303 291 209 100  71 222 154 143  43 247 204 317 107  80  68  73
 203 128 197 250   3 147 114 299 178 135 205  24 225  49 259  95 227  41
  53 189 306 112 118 290 103  20 155  99 176   9 249 146 314  96 175 237
  76  30 138   7 235 133  69 256  51 110 182 119  33 271 264  61 242  34
  35 137 179 125 243 236 313 174 171 104 108  27 184 251 310 186 232 148
 158 198 231 142 151 169 117 199  91 230 124 159  60 139  86  13 141  70
 161  65 190 220 282 297 273 193  57 181 211  92 248 210  83   1 283  88
 145 166 183 208 254 191  17 265 223 113 217 153 279 149 156 241  28  64
 200  25 281 269 130  74 134 262  77 284  94  47 188 131 305 298  90  67
 308 309  19 168 207 304  16 173 276  42 296  15 312  37 278   5  87 216
 122 263  82 123 120  98 115  89 261  10 300   2 301 127  38 180  50 170
 219 140 121 267  52 307 214 165  63  44  36  56  84 272 172 277 302 257
 195 163  93 295 240 177 194  32  31  78 111 102 226 150 187  11  14  40
 280 144  55  12 255 229 202  66 164  18 218 185  29 288  81 212  23 157
 116 316 167 224  26 221   6 293 129 228 192  75 234  46 126  58 252  48
 238  39 253 268 260  54 206 311 246 160  72  85 270 233 245  22 215 287
 289  59  62 275 162 244 239 109 274 315 286 285]
Final time: 3.70647501945s - Best: 6045880-[152 154 159 160 158 155 151 148 145 146 147 150 156 157 162 161 209 168
 173 174 178 179 185 184 180 177 183 181 176 171 172 175 182 186 187 188
 189  86  87 195 196 200 201 205 206  99  93  94  98  97  92 101 100  96
  95  91  90  84  83  82  81  77  70  67  66  71  76  78  72  75  79  80
  74  73  68  69  62  61 104  55  54  49  46  50  53  56  57  52  51  45
  42  41  40  43  44  47  48  39 103  31  30  29  28  21  20 102  19  22
  27  18  23  26  25  24  17  15  16  13  12 114 115 119 207 125 126 133
 136 135 134 132 127 124 131 128 123 120 121 122 129 130 140 141 143 142
 249 254 257 259 264 265 268 314 273 276 277 280 287 291 292 294 293 288
 286 281 282 285 289 290 284 283 278 279 272 271 267 262 261 266 263 260
 256 253 255 252 250 251 246 245 235 234 227 225 226 223 222 213 214 218
 217 221 228 233 236 242 237 232 229 312 224 230 231 238 239 240 241 138
 139 118 117 220 219 216 215 211 210 108 109 113 112 107 105 106 110 111
   3   4   8   7   2   0   1   5   6   9  10  14  11  32  35  36  38  37
  34  33 137 208 144 149 153 163  59  60  65  64 190 193 194 192 191 300
 301 198 199 204 311 310 306 305 302 295 298 299 307 308 309 304 303 297
 296 275 274 270 269 317 248 247 243 244 313 258 164 165 169 170 167 166
 203 202 197  89  88  85  63  58 316 315 116 212]
Value - initial: 96678554, final: 6045880, improveup: 15.9908158945

data-line;i;96678554;f;6045880;t;3.70647501945;c;-2;fv;[6045880L];cv;-1;imp;15.9908158945;type;rvnd;inum;3;w;1

time;3.70647501945;man_time;0;neigh_time;0
man_time;0;man_merge_sol;0;man_best_sol;0;man_combine_sol;0

Waiting [0]
Terminating workers True 0 0
MPI TERMINATING
