pydf_home: /home/rodolfo/git/Sucuri
simple_pycuda_home: /home/rodolfo/git/simple-pycuda
wamca2016path: /home/rodolfo/git/wamca2016/
localpath: /home/rodolfo/git/dvnd-df/code/dvnd-df/src/
WAMCAPATH:/home/rodolfo/git/wamca2016/
param: {solution_index:6, solution_instance_index:74, multi_gpu:True, goal:False, problem_name:ml, number_of_moves:10, device_count:2, solver:rvnd, mpi_enabled:True, workers:1}
Using already created file:  wamca2016lib.so
Size: 783 - file name: 07_rat784.tsp

Value - initial: 70357798-[150 698 261 282 425 140  85 361 468 430 656 416 281 225 294 718 300 460
  41 691 393 741 346  34 246 153 389  60 343 167 556 702 513 444 157  80
 616  67 751 243 648 250 586 491 394 706 408 763  70 595 453 222 413  38
 543 360 259  12 204 563 227 483 633 759 502 484 577 207 269 106 181 211
  16 613 511 532  65 415 299 344 512 340 396 553 496 146 359 244 303 436
  43 212 662 183 320 441 739 352 629 311 746 687 411 467  88 141 485 472
 366 395 589 506 558  87 279 151  21 328 443 660 681 727 646 454 709 534
  52 733 584 321 533 419 426 726 107 708  68 673 635 137 121 587 180 561
 112 447 115 696 510 162 208 171 117 598 186  79 374 285 364 487 632 145
 224 456 412 178 190 113 191  42 254 562 769  27 354  51 528 403 617 655
 213 765  39 347 325  77 604 322   7 498  37 326 659 518 363 689 780 688
 235 777  71 172  89 768 234 182  19 226 200 740 438 585  30 387 301 705
  59 414 508 470 348 125 575 489 114 256 654 327 318 175 676 615  50 725
 142 583   9 495 434 579 257 477 334 627 428 289 686 221 494 488 130  90
 399 131 305 666 592 451 143 594 369 683  28 572 168 271 452  25 382 651
 381 409 724  36  14 138  18 526 690 581  46 375  86 310 286 195  78 388
 122 755 750 236 600 457  31  11  47 778 692 298 148 539 461 398 110 474
 479  61 622 100 499 684 237 197   6 380 448 638 316 466  10 241 336 217
 170 653 626 185 770 567  17 542 546 203 101 308 173 522 525 707 566 199
 391 668 357   8 103 442 761 544 161 450 745 306 417 216  53 287 255 642
 134 576 429 291 520 407 694 722 628 220  92 350 736 449  76 619  96 593
 365 136  26 188 152 729 630 174 541  48 715 779 422 194 667 230  95 248
 514   1  20 703 476 215 701 697 643  22  72 776 245 527 108 358 735 423
 164 147 229 670 135 481 123 439 424 493 695 267 552 663 482 731 766 288
 773 742 127 209 657 519 309 720 440 564  44 640 295 132 223 680 679  64
 497 623 273  75 332 247 335 599  32 372 603 330 406  58 645 319 650 678
 721 757  69 582 744 531 296 620 464 268 349 446 239 565 590  99 302 548
 509 625  35 189 637 774 313  49 198 283 263 176 251 710 105 458 752 557
 390 126 685 156 386  82 139  33 597 754 611 371 315 507 568  45 206 569
 353 362 714 218 596 435 671 490  98 356 124 373  55 266 410 471 716 621
 555 192  57 649 337 463 280 184 504 149  74 536 551 747  13 401  81 693
 202 160 523 537 535 377 610 163 400 665  73 672 730 376 540 292 675 588
 331   4 201 772 342 370  83 734 385 758 455 432 228 459 402 545 397 119
 290 329 420 601 538 712 405 262 276 554 767 578 503 351 781 258 608 272
 700 591 233 242 275 465 232 404 277 284  56 521 109 144 205 265 214 333
 753 445 118 368 699 392 274 324   5  54 717 738 249 580 219 260 480 743
 664 661 116 732 486 559 177 658 253 270 469 312 682 102 378 104 293  97
 473 573 317 517 421 771 647 159 304 639 338 437 341  29 560 762   0 764
 384 210 677 571 674 367 749  84  93 462 748 155 636 669  91 478 165 166
 612 323 278 111 775 231 624 297 240 713 193 723 339 711 644 433 505 602
 516 355 431 570  94 238  23 605 129 501 634 607 179  66 252 196 383  15
 133 609 606  40 652 704 120 264 187   3 631 345 307 314 379 719 475   2
  62 737 756  24 760  63 515 618 549 782 128 530 154 158 500 550 492 524
 728 169 574 529 641 614 418 547 427] - 70357798
Solver: RVND, number of workers: 1
Setting feeder affinity
I am the master. There are 1 mpi processes. (hostname = gpu01)
Roots [<pyDF.nodes.Feeder object at 0x7f7110066ad0>]
Starting 0
Main loop
I am worker 0
GPU0
set random seed!
Initial: 70357798-[150 698 261 282 425 140  85 361 468 430 656 416 281 225 294 718 300 460
  41 691 393 741 346  34 246 153 389  60 343 167 556 702 513 444 157  80
 616  67 751 243 648 250 586 491 394 706 408 763  70 595 453 222 413  38
 543 360 259  12 204 563 227 483 633 759 502 484 577 207 269 106 181 211
  16 613 511 532  65 415 299 344 512 340 396 553 496 146 359 244 303 436
  43 212 662 183 320 441 739 352 629 311 746 687 411 467  88 141 485 472
 366 395 589 506 558  87 279 151  21 328 443 660 681 727 646 454 709 534
  52 733 584 321 533 419 426 726 107 708  68 673 635 137 121 587 180 561
 112 447 115 696 510 162 208 171 117 598 186  79 374 285 364 487 632 145
 224 456 412 178 190 113 191  42 254 562 769  27 354  51 528 403 617 655
 213 765  39 347 325  77 604 322   7 498  37 326 659 518 363 689 780 688
 235 777  71 172  89 768 234 182  19 226 200 740 438 585  30 387 301 705
  59 414 508 470 348 125 575 489 114 256 654 327 318 175 676 615  50 725
 142 583   9 495 434 579 257 477 334 627 428 289 686 221 494 488 130  90
 399 131 305 666 592 451 143 594 369 683  28 572 168 271 452  25 382 651
 381 409 724  36  14 138  18 526 690 581  46 375  86 310 286 195  78 388
 122 755 750 236 600 457  31  11  47 778 692 298 148 539 461 398 110 474
 479  61 622 100 499 684 237 197   6 380 448 638 316 466  10 241 336 217
 170 653 626 185 770 567  17 542 546 203 101 308 173 522 525 707 566 199
 391 668 357   8 103 442 761 544 161 450 745 306 417 216  53 287 255 642
 134 576 429 291 520 407 694 722 628 220  92 350 736 449  76 619  96 593
 365 136  26 188 152 729 630 174 541  48 715 779 422 194 667 230  95 248
 514   1  20 703 476 215 701 697 643  22  72 776 245 527 108 358 735 423
 164 147 229 670 135 481 123 439 424 493 695 267 552 663 482 731 766 288
 773 742 127 209 657 519 309 720 440 564  44 640 295 132 223 680 679  64
 497 623 273  75 332 247 335 599  32 372 603 330 406  58 645 319 650 678
 721 757  69 582 744 531 296 620 464 268 349 446 239 565 590  99 302 548
 509 625  35 189 637 774 313  49 198 283 263 176 251 710 105 458 752 557
 390 126 685 156 386  82 139  33 597 754 611 371 315 507 568  45 206 569
 353 362 714 218 596 435 671 490  98 356 124 373  55 266 410 471 716 621
 555 192  57 649 337 463 280 184 504 149  74 536 551 747  13 401  81 693
 202 160 523 537 535 377 610 163 400 665  73 672 730 376 540 292 675 588
 331   4 201 772 342 370  83 734 385 758 455 432 228 459 402 545 397 119
 290 329 420 601 538 712 405 262 276 554 767 578 503 351 781 258 608 272
 700 591 233 242 275 465 232 404 277 284  56 521 109 144 205 265 214 333
 753 445 118 368 699 392 274 324   5  54 717 738 249 580 219 260 480 743
 664 661 116 732 486 559 177 658 253 270 469 312 682 102 378 104 293  97
 473 573 317 517 421 771 647 159 304 639 338 437 341  29 560 762   0 764
 384 210 677 571 674 367 749  84  93 462 748 155 636 669  91 478 165 166
 612 323 278 111 775 231 624 297 240 713 193 723 339 711 644 433 505 602
 516 355 431 570  94 238  23 605 129 501 634 607 179  66 252 196 383  15
 133 609 606  40 652 704 120 264 187   3 631 345 307 314 379 719 475   2
  62 737 756  24 760  63 515 618 549 782 128 530 154 158 500 550 492 524
 728 169 574 529 641 614 418 547 427]
Final time: 28.8692891598s - Best: 3459041-[150 155 161 160 151 142 136 132 115 139 127 137 125 120 123 143 153 166
 188 190 202 219 227 228 243 259 262 270 271 287 282 281 286 300 311 317
 325 329 335 353 359 374 379 385 380 382 399 401 413 414 402 411 426 439
 446 453 467 477 497 501 508 524 527 543 536 558 572 580 592 605 603 614
 609 617 638 630 632 652 653 661 649 641 631 628 636 646 667 666 673 675
 669 662 657 655 642 634 624 622 619 601 584 582 607 594 591 581 566 573
 549 537 545 548 544 531 509 502 503 489 478 480 470 450 441 427 420 398
 412 403 405 393 366 356 354 340 328 313 303 296 295 308 297 283 278 260
 251 240 244 246 222 213 206 191 177 173 165 167 147 141 121 113 108 105
 100  78  83  86  74  65  72  59  54  43  27  23  26  25  20  15  31  13
  21  34  30  19   7  18   4   2   9   8  11  32  28  29  35  58  60  70
  63  47  38  62  88  73  76 101 104 107 111  94  97  75  57  52  46  64
  82  93 106 110 126 152 159 154 146 138 122 116 124 145 171 179 185 215
 214 234 235 241 265 269 288 301 312 304 342 351 362 358 355 343 327 316
 318 326 334 357 365 381 386 389 400 422 428 435 444 451 457 452 442 424
 406 396 388 391 370 364 352 345 338 322 324 305 290 298 285 266 255 242
 248 247 273 272 277 275 276 254 245 238 229 230 226 221 223 207 201 203
 186 178 175 197 199 205 216 231 239 257 258 289 299 306 292 315 331 349
 346 369 376 392 407 408 409 419 423 429 425 432 421 437 454 462 485 491
 507 511 516 505 529 533 550 553 561 578 579 585 593 610 625 647 651 658
 670 678 684 705 689 679 659 643 640 612 618 616 627 620 621 635 629 613
 600 599 583 590 586 602 608 606 577 565 562 563 555 540 535 534 500 506
 504 520 541 576 569 564 557 574 570 571 552 542 526 521 523 519 513 492
 487 474 464 473 479 488 486 496 495 493 475 463 469 468 466 438 430 418
 416 417 410 390 371 344 332 320 321 302 291 280 268 249 232 224 218 211
 210 208 181 172 164 163 149 117  98  84  67  85  81  61  53  41  50  71
  91 102  92  68  77  89  90  95 103 112 118 144 130 131 140 129 128 158
 182 187 196 200 212 220 225 236 250 261 256 274 309 307 319 323 333 330
 341 361 360 348 367 372 384 387 431 445 458 436 433 447 440 434 456 455
 448 459 472 476 482 490 499 514 528 551 556 587 598 589 611 633 654 674
 690 691 697 721 731 738 742 757 764 759 744 735 734 717 704 708 687 677
 644 626 597 596 568 560 538 539 546 530 517 518 512 494 484 483 465 481
 471 498 510 525 532 547 559 567 575 595 623 637 639 664 671 682 696 703
 724 733 737 746 768 777 760 771 775 758 756 767 778 776 772 773 765 747
 754 753 736 732 712 706 680 656 648 660 683 694 698 718 719 720 725 739
 748 761 769 762 749 726 729 730 745 740 741 751 755 763 781 782 774 770
 766 752 743 750 727 723 701 707 715 722 692 700 699 688 709 685 668 665
 650 645 672 663 693 702 695 714 716 713 711 710 686 681 676 554 522 515
 461 460 443 395 373 368 378 397 377 336 337 339 347 363 350 310 294 252
 189 168 156 162 183 195 194 174 114 109  96  87  55  48  51  56  44  36
  24  14   0  16  22   1   6  17  45  40  66  80  69  79  99 135 119  49
  33   3  10  12   5  39  37  42 133 134 148 170 192 198 217 237 263 264
 279 284 314 253 233 193 180 176 169 157 209 267 204 184 293 383 394 404
 375 415 449 588 604 615 728 780 779]
Value - initial: 70357798, final: 3459041, improveup: 20.3402613615

data-line;i;70357798;f;3459041;t;28.8692891598;c;-2;fv;[3459041L];cv;-1;imp;20.3402613615;type;rvnd;inum;6;w;1

time;28.8692891598;man_time;0;neigh_time;0
man_time;0;man_merge_sol;0;man_best_sol;0;man_combine_sol;0

Waiting [0]
Terminating workers True 0 0
MPI TERMINATING
