pydf_home: /home/rodolfo/git/Sucuri
simple_pycuda_home: /home/rodolfo/git/simple-pycuda
wamca2016path: /home/rodolfo/git/wamca2016/
localpath: /home/rodolfo/git/dvnd-df/code/dvnd-df/src/
WAMCAPATH:/home/rodolfo/git/wamca2016/
param: {solution_index:2, solution_instance_index:9, multi_gpu:True, goal:False, problem_name:ml, number_of_moves:10, device_count:2, solver:rvnd, mpi_enabled:True, workers:1}
Using already created file:  wamca2016lib.so
Size: 226 - file name: 03_pr226.tsp

Value - initial: 185866893-[176 159 185  20  45  51 196 166 109  49 179 132  94  57  80  70  17   4
 131 187  73 161  16 148 101  91 110 225 119 134 180 140  90 147   9 114
  64  40 214  28 104 199 223  79  19 219   5  87 126  44 224  23 172 116
 124  61  30  24 190  46  26 213  25  38 167 178 198  62  53 220   1  33
  48  59 204 108  54 211 152 201 130  69 118  67 117   8  86 137 205 177
 157 192 173  36  84 189  81   0 154 107 106  98 174 100 139   6 151 103
  35 171 164  18  15 150 212 111  74 143   3 193 169  95  82 156 142  97
 206  41  13 125  43  22 181 129  11  42  21 122 145  56 165  31   7 195
 149 182  60 127  63  99 221  85  96  93 123 194  10 112 183 153 133 120
 136 121  75  47  14 207 217 216  78  71  37  29  39 202  55 144 218  34
 170 197 138 160  52 200 163 115  88 135  66 113 102 210  83  92 186  77
 141  68 188  65 155 168  58 184  27  72 158  50 146 128 222  89   2 175
  12 203  76 105 162 208 209 215 191  32] - 185866893
Solver: RVND, number of workers: 1
Setting feeder affinity
I am the master. There are 1 mpi processes. (hostname = gpu01)
Roots [<pyDF.nodes.Feeder object at 0x7fe1d33f1ad0>]
Starting 0
Main loop
I am worker 0
GPU0
set random seed!
Initial: 185866893-[176 159 185  20  45  51 196 166 109  49 179 132  94  57  80  70  17   4
 131 187  73 161  16 148 101  91 110 225 119 134 180 140  90 147   9 114
  64  40 214  28 104 199 223  79  19 219   5  87 126  44 224  23 172 116
 124  61  30  24 190  46  26 213  25  38 167 178 198  62  53 220   1  33
  48  59 204 108  54 211 152 201 130  69 118  67 117   8  86 137 205 177
 157 192 173  36  84 189  81   0 154 107 106  98 174 100 139   6 151 103
  35 171 164  18  15 150 212 111  74 143   3 193 169  95  82 156 142  97
 206  41  13 125  43  22 181 129  11  42  21 122 145  56 165  31   7 195
 149 182  60 127  63  99 221  85  96  93 123 194  10 112 183 153 133 120
 136 121  75  47  14 207 217 216  78  71  37  29  39 202  55 144 218  34
 170 197 138 160  52 200 163 115  88 135  66 113 102 210  83  92 186  77
 141  68 188  65 155 168  58 184  27  72 158  50 146 128 222  89   2 175
  12 203  76 105 162 208 209 215 191  32]
Final time: 5.27576589584s - Best: 7531389-[176 177 178 179 180 181 182 183 184 185 186 187 188 189 175 174 173 172
 171 170 169 168 167 166 165 164 163 162 161 160 159 158 157 156 155 154
 149 142 141 147 148 140 139 146 144 138 137 145 143 136  93  92  91  90
  89  87  88  86  94  95  96  97  98  99 100 101 135 134 133 132 190 191
 192 193 194 195 196 197 198 199 200 201 202 203 204 205 206 207 208 209
 210 211 212 213 214 215 216 217 218 219 220 221 222 223 224 225 124 131
 129 123 122 130 128 121 120 126 127 119 118 125 117 109 108 116 115 107
 106 114 113 105 103 112 111 104 110 102  63  62  61  60  59  58  57  56
  55  54  53  52  51  50  19  18  17  16  15  14  13   9   8  10  11  12
  70  71   7   6   5   4   3   2   1   0  72  73  74  75  76  77  78  79
  80  81  82  83  84  85  69  68  67  66  64  49  20  21  22  23  24  25
  26  27  48  47  32  31  30  28  29  33  34  35  36  43  44  45  46  42
  41  37  38  39  40 153 152 151 150  65]
Value - initial: 185866893, final: 7531389, improveup: 24.6789659915

data-line;i;185866893;f;7531389;t;5.27576589584;c;-2;fv;[7531389L];cv;-1;imp;24.6789659915;type;rvnd;inum;2;w;1

time;5.27576589584;man_time;0;neigh_time;0
man_time;0;man_merge_sol;0;man_best_sol;0;man_combine_sol;0

Waiting [0]
Terminating workers True 0 0
MPI TERMINATING
