pydf_home: /home/rodolfo/git/Sucuri
simple_pycuda_home: /home/rodolfo/git/simple-pycuda
wamca2016path: /home/rodolfo/git/wamca2016/
localpath: /home/rodolfo/git/dvnd-df/code/dvnd-df/src/
WAMCAPATH:/home/rodolfo/git/wamca2016/
param: {solution_index:3, solution_instance_index:89, multi_gpu:True, goal:False, problem_name:ml, number_of_moves:10, device_count:2, solver:rvnd, mpi_enabled:True, workers:1}
Using already created file:  wamca2016lib.so
Size: 318 - file name: 04_lin318.tsp

Value - initial: 93662437-[135  17  98  24 276  76 240 107 138 146 197 308  36  31  66 242 147 257
  73  34  11 199 268 156 249  62 126 211 235 132 148 137 225 145 267 142
  84  94 165  37  45 215 115 196 195 185 203 220  28 153 217   6 113 188
  87 245  13  79 283  48 231  51 226 131 181 311  21 169 303 213 105  50
  41 160 189 294  27  25 290  75 306  38 109 239 307 102 238 133 274  89
  10 216 162 247 118   1 277 218 284 212  93 159  77 111  95 178 304 208
  44 291 154  86 309   0 136  67  96 117 103 179 254 163 183 168 259   9
  43  80 192  63 279 223 175  32  30 224 232 314 119 204 174 182 139 155
 129 244  22 237 130 264 122  16  74  68  57 248 288  54 151 227 305 114
 201 172 141  83  69 286   3 300 193 272 296 206 262   7 302 209  56  29
 241 297  85 299 295 106 166 180 256  61  42 278 229 184 205 222 150  78
 161 121  18 236  65  64 243 123 143 266  71  60 281 260 176  39 280  82
 191 164  12   8  91 298 116 134 269  92 125 200  90  55  59 251  88 250
 275 270 228 234 312 271 202  33   5  52 317 214 194 261  70 100 140 112
 310 221 149 315  49 292 177 313 157  19 108 289  20 124 167  35  99  14
   2 301 110 128 219 316  53 285 252 198 273 246 127 282 152 186   4 287
 104  72 171  47 210  97 230 173 265 263  46  58 101 255 187 258  15 293
  26  40 158 207 233  23 170 190 120  81 253 144] - 93662437
Solver: RVND, number of workers: 1
Setting feeder affinity
I am the master. There are 1 mpi processes. (hostname = gpu01)
Roots [<pyDF.nodes.Feeder object at 0x7f689903dad0>]
Starting 0
Main loop
I am worker 0
GPU0
set random seed!
Initial: 93662437-[135  17  98  24 276  76 240 107 138 146 197 308  36  31  66 242 147 257
  73  34  11 199 268 156 249  62 126 211 235 132 148 137 225 145 267 142
  84  94 165  37  45 215 115 196 195 185 203 220  28 153 217   6 113 188
  87 245  13  79 283  48 231  51 226 131 181 311  21 169 303 213 105  50
  41 160 189 294  27  25 290  75 306  38 109 239 307 102 238 133 274  89
  10 216 162 247 118   1 277 218 284 212  93 159  77 111  95 178 304 208
  44 291 154  86 309   0 136  67  96 117 103 179 254 163 183 168 259   9
  43  80 192  63 279 223 175  32  30 224 232 314 119 204 174 182 139 155
 129 244  22 237 130 264 122  16  74  68  57 248 288  54 151 227 305 114
 201 172 141  83  69 286   3 300 193 272 296 206 262   7 302 209  56  29
 241 297  85 299 295 106 166 180 256  61  42 278 229 184 205 222 150  78
 161 121  18 236  65  64 243 123 143 266  71  60 281 260 176  39 280  82
 191 164  12   8  91 298 116 134 269  92 125 200  90  55  59 251  88 250
 275 270 228 234 312 271 202  33   5  52 317 214 194 261  70 100 140 112
 310 221 149 315  49 292 177 313 157  19 108 289  20 124 167  35  99  14
   2 301 110 128 219 316  53 285 252 198 273 246 127 282 152 186   4 287
 104  72 171  47 210  97 230 173 265 263  46  58 101 255 187 258  15 293
  26  40 158 207 233  23 170 190 120  81 253 144]
Final time: 3.51501202583s - Best: 6001381-[135 136 134 132 127 124 207 133 126 125 119 115 114  12  13  16  15  17
  24  25  26  23  18  27  22  19 102  20  21  28  29  30  31  39  44  47
  49  54  55  53  50  46  43  40  41  42  45  51  52  57  56 104  63  66
  67  70  77  81  82  83  78  76  71  72  75  79  80  74  73  68  69  65
  64 171 172 175 182 186 187 189 188 183 181 176 177 180 184 185 179 178
 173 174 170 169 276 277 280 287 291 292 293 294 191 192 198 199 204 311
 310 306 305 301 300 302 307 308 299 298 290 284 283 279 278 282 285 289
 288 286 281 273 314 268 265 264 259 257 258 249 254 253 256 260 263 266
 267 262 261 255 252 250 251 246 245 242 241 240 239 237 232 229 228 233
 236 235 234 227 226 225 221 220 219 216 215 211 210 108 109 118 117 224
 312 230 231 238 138 139 142 143 146 145 147 150 156 157 162 161 158 155
 151 148 208 141 140 137 131 128 123 130 129 122 120 121 113 112 107 105
 106 110 111   3   4  33  34  38  37 144 153 149 152 154 159 160 209 163
  59  60  86  87 195 196 200 201 205 206  99  93  94  98  97  89  88  92
 101 100  96  95  91  90  84  85  62  61  58 316 315  48 103  36  35  32
  11  14  10   9   6   5   1   0   2   7   8 116 212 217 218 214 213 222
 223 243 244 247 248 317 269 270 274 275 296 297 303 304 309 295 194 193
 203 202 197 190 168 166 167 165 164 313 272 271]
Value - initial: 93662437, final: 6001381, improveup: 15.6068139983

data-line;i;93662437;f;6001381;t;3.51501202583;c;-2;fv;[6001381L];cv;-1;imp;15.6068139983;type;rvnd;inum;3;w;1

time;3.51501202583;man_time;0;neigh_time;0
man_time;0;man_merge_sol;0;man_best_sol;0;man_combine_sol;0

Waiting [0]
Terminating workers True 0 0
MPI TERMINATING
