pydf_home: /home/rodolfo/git/Sucuri
simple_pycuda_home: /home/rodolfo/git/simple-pycuda
wamca2016path: /home/rodolfo/git/wamca2016/
localpath: /home/rodolfo/git/dvnd-df/code/dvnd-df/src/
WAMCAPATH:/home/rodolfo/git/wamca2016/
param: {solution_index:0, solution_instance_index:90, multi_gpu:True, goal:False, problem_name:ml, number_of_moves:10, device_count:2, solver:rvnd, mpi_enabled:True, workers:1}
Using already created file:  wamca2016lib.so
Size: 52 - file name: 01_berlin52.tsp

Value - initial: 704187-[10 30  9  8 18 14 38  1 29 37 51 19 11 25 15 36 23  3  2 41 27 44  7 21 40
 47 31 39 26 13 24 20  6 33 22 42 45 46 48 34 17 12 28  5 32 43  0  4 16 50
 35 49] - 704187
Solver: RVND, number of workers: 1
Setting feeder affinity
I am the master. There are 1 mpi processes. (hostname = gpu01)
Roots [<pyDF.nodes.Feeder object at 0x7fa18b395ad0>]
Starting 0
Main loop
I am worker 0
GPU0
set random seed!
Initial: 704187-[10 30  9  8 18 14 38  1 29 37 51 19 11 25 15 36 23  3  2 41 27 44  7 21 40
 47 31 39 26 13 24 20  6 33 22 42 45 46 48 34 17 12 28  5 32 43  0  4 16 50
 35 49]
Final time: 1.59409499168s - Best: 159519-[10 50 11  3  5 14  4 23 47 36 37 39 38 33 34 35 48  0 21 31 44 18  7  9  8
 40  2 17 30 20 41  1  6 29 22 49 19 28 15 43 45 27 26 25 46 13 12 51 24 42
 32 16]
Value - initial: 704187, final: 159519, improveup: 4.41443965923

data-line;i;704187;f;159519;t;1.59409499168;c;-2;fv;[159519L];cv;-1;imp;4.41443965923;type;rvnd;inum;0;w;1

time;1.59409499168;man_time;0;neigh_time;0
man_time;0;man_merge_sol;0;man_best_sol;0;man_combine_sol;0

Waiting [0]
Terminating workers True 0 0
MPI TERMINATING
