pydf_home: /home/rodolfo/git/Sucuri
simple_pycuda_home: /home/rodolfo/git/simple-pycuda
wamca2016path: /home/rodolfo/git/wamca2016/
localpath: /home/rodolfo/git/dvnd-df/code/dvnd-df/src/
WAMCAPATH:/home/rodolfo/git/wamca2016/
param: {solution_index:2, solution_instance_index:69, multi_gpu:True, goal:False, problem_name:ml, number_of_moves:10, device_count:2, solver:rvnd, mpi_enabled:True, workers:1}
Using already created file:  wamca2016lib.so
Size: 226 - file name: 03_pr226.tsp

Value - initial: 194402746-[ 84 113 170 193  18 201  17 207 109 103  77  52 186  26 148  89 162  42
 199 107 120 171 116 157 110  63 202 185 145   1 104 183 208   7 192 143
  68 168  35 101 155  81 160  79  99 117 102 177 100 204 190  25 205 144
 176  70   5 225   4  65 214  60  86  85  27  37 217 223  93  39 167 212
 206 105  67  94 131  95  59 220  58   6 200 139  51  46   9  96 218 114
  82  88 112  56  34  54  47 196 163 136  28 158 126 209 156 132  83 210
  19 164 151 184 119  78 187 178  98  49 189 154 153 216 141  20  91 133
  23  32 224 125   2  66 175 134 194 161 106 135  61 198 172 152 211 221
 173 188  44 191  10 147  69 197 123 129  40  11 146 179 150 128  21 108
  90 149 165 222 118 137 115  12  75  36 219  62 140 122 213  38 215  57
  92  64 121   0 130 174  13  97  14   8 159 127  76 195  22  72  80 124
 138   3 203 182  15  41  29  31  30  45 142 111 166  16  55  87  50  71
 180 169  53  48  24 181  33  74  73  43] - 194402746
Solver: RVND, number of workers: 1
Setting feeder affinity
I am the master. There are 1 mpi processes. (hostname = gpu01)
Roots [<pyDF.nodes.Feeder object at 0x7f44f16bdad0>]
Starting 0
Main loop
I am worker 0
GPU0
set random seed!
Initial: 194402746-[ 84 113 170 193  18 201  17 207 109 103  77  52 186  26 148  89 162  42
 199 107 120 171 116 157 110  63 202 185 145   1 104 183 208   7 192 143
  68 168  35 101 155  81 160  79  99 117 102 177 100 204 190  25 205 144
 176  70   5 225   4  65 214  60  86  85  27  37 217 223  93  39 167 212
 206 105  67  94 131  95  59 220  58   6 200 139  51  46   9  96 218 114
  82  88 112  56  34  54  47 196 163 136  28 158 126 209 156 132  83 210
  19 164 151 184 119  78 187 178  98  49 189 154 153 216 141  20  91 133
  23  32 224 125   2  66 175 134 194 161 106 135  61 198 172 152 211 221
 173 188  44 191  10 147  69 197 123 129  40  11 146 179 150 128  21 108
  90 149 165 222 118 137 115  12  75  36 219  62 140 122 213  38 215  57
  92  64 121   0 130 174  13  97  14   8 159 127  76 195  22  72  80 124
 138   3 203 182  15  41  29  31  30  45 142 111 166  16  55  87  50  71
 180 169  53  48  24 181  33  74  73  43]
Final time: 3.12434005737s - Best: 7162248-[ 84  85  83  82  81  80  79  78  77  76  75  74  73 110 102 104 111 112
 103 105 113 114 106 107 115 116 108 109 117 118 125 127 119 120 126 128
 121 122 130 129 123 131 124 225 224 223 222 221 220 219 218 217 216 215
 214 213 212 211 210 209 208 207 206 205 204 203 202 201 200 199 198 197
 196 195 194 193 192 191 190 189 188 187 186 185 184 183 182 181 180 179
 178 177 176 175 174 173 172 171 170 169 168 167 166 165 164 163 162 161
 160 159 158 157 156 155 154 149 142 141 147 148 140 139 146 144 138 137
 145 143 136  93 101 100  92  91  99  98  90  89  97  96  87  88  95  94
  86  46  45  44  43  36  35  34  33  29  28  30  31  32  47  48  27  26
  25  24  23  22  21  20  49  50  51  52  53  54  55  56  57  58  59  60
  61  62  63  65  69  68  67  70  12  11  10  14  13   9   8   7   6   5
   4   3   2   1   0  72  71  15  66  16  17  18  64  19 132 133 134 135
 150 151 152 153  40  39  38  37  41  42]
Value - initial: 194402746, final: 7162248, improveup: 27.1426996105

data-line;i;194402746;f;7162248;t;3.12434005737;c;-2;fv;[7162248L];cv;-1;imp;27.1426996105;type;rvnd;inum;2;w;1

time;3.12434005737;man_time;0;neigh_time;0
man_time;0;man_merge_sol;0;man_best_sol;0;man_combine_sol;0

Waiting [0]
Terminating workers True 0 0
MPI TERMINATING
