pydf_home: /home/rodolfo/git/Sucuri
simple_pycuda_home: /home/rodolfo/git/simple-pycuda
wamca2016path: /home/rodolfo/git/wamca2016/
localpath: /home/rodolfo/git/dvnd-df/code/dvnd-df/src/
WAMCAPATH:/home/rodolfo/git/wamca2016/
param: {solution_index:4, solution_instance_index:79, multi_gpu:True, goal:False, problem_name:ml, number_of_moves:10, device_count:2, solver:rvnd, mpi_enabled:True, workers:1}
Using already created file:  wamca2016lib.so
Size: 501 - file name: 05_TRP-S500-R1.tsp

Value - initial: 33942012-[121 140 346 227 324 289 312 224  78 488 154  63 491   6  88 416  14  81
 248  92 418 298 217  95 246 120 374 483  23 489 356 463 326  47 172 223
 384 409 334 397 270 471 306 111 355 262 364 268 395 452 339 156 277 461
 465 170 478 390   5 350 311 451  66 265 335 443 253  61 102  69 117  45
 160 383 283 196 467  60 422 213 338 128   7 173 323 240 135 208 490 275
 209 391 333  85 162 340 327 497 331 245 178 276 500 427 282 344 376  40
 464  44  38 171 199 462  31 212  72 473 259  48 404 174 411 313 279 206
 191 151 434 430  79 300 183 394 165  43   3 442 447 388 485 237 123 319
 155 249 484 351 280 369 366 106 278  24 407  34 255  56 161  68 499 337
 321 125 149 284 222 398 234 329 228 100 437 482  37 136 354 307 188 153
 360 302 130 405 431  49 139  70 192 169 274  71 203 261 137 194 381 176
 433 193 263 250 238 342 439  74 229 129 195 367 426 392 251 423 287 256
 299 361 402 184 292 493 142 408 413  84  89  50 448 477 272 207 417 308
 232 190  67 187 393 382 168 163 166  19 438 226  57 291 124 320 304 214
 328 108 221 362 301 242 487 385 466 257  94 288  17 472 336 379 141 252
 216 243  87 231 455 132 180  53 495  65  82 269 410 273 113 352 332 401
  18  73 348  90 150  35 371 446  91 159 200  51 258 370 480 230  83 293
  54 372 247 197 377 119 286 281  76 201 310  52   1 429   0 325   8  39
 157 353 115  16 436 373 359 421 211 396 460  22 470 458  77 456 419 440
 469  62 441 177  46 202  55  42 264 175 186 114 104  21 143  13 357 428
  28 314  32 267 322 400  33 474 110 131  29 454 305 345 486 294 254  75
  12 420 126 445 347   4 318 285 220 387  64 145 444 341 205 144  25 185
 476 127 133 389 236 266 138 468 118  27 432   2  36  59 198 164 415 189
 330 105 219 112  30 148 449  10 116 101 406 103 496 235 380 363 134  93
  97 475  15 109 412   9  58 297  20 158 494 271 386 167  86 365 317 315
 122  99 399 107 457 218 375 368 296 210 303  80 241 424 358 239 459 146
 244 147 309 498 215 492  11 343 295 260 181 349 435 453  41  98 403 425
 225 290 479 179 414 204 481  26 450 378  96 152 182 316 233] - 33942012
Solver: RVND, number of workers: 1
Setting feeder affinity
I am the master. There are 1 mpi processes. (hostname = gpu01)
Roots [<pyDF.nodes.Feeder object at 0x7fbee182cad0>]
Starting 0
Main loop
I am worker 0
GPU0
set random seed!
Initial: 33942012-[121 140 346 227 324 289 312 224  78 488 154  63 491   6  88 416  14  81
 248  92 418 298 217  95 246 120 374 483  23 489 356 463 326  47 172 223
 384 409 334 397 270 471 306 111 355 262 364 268 395 452 339 156 277 461
 465 170 478 390   5 350 311 451  66 265 335 443 253  61 102  69 117  45
 160 383 283 196 467  60 422 213 338 128   7 173 323 240 135 208 490 275
 209 391 333  85 162 340 327 497 331 245 178 276 500 427 282 344 376  40
 464  44  38 171 199 462  31 212  72 473 259  48 404 174 411 313 279 206
 191 151 434 430  79 300 183 394 165  43   3 442 447 388 485 237 123 319
 155 249 484 351 280 369 366 106 278  24 407  34 255  56 161  68 499 337
 321 125 149 284 222 398 234 329 228 100 437 482  37 136 354 307 188 153
 360 302 130 405 431  49 139  70 192 169 274  71 203 261 137 194 381 176
 433 193 263 250 238 342 439  74 229 129 195 367 426 392 251 423 287 256
 299 361 402 184 292 493 142 408 413  84  89  50 448 477 272 207 417 308
 232 190  67 187 393 382 168 163 166  19 438 226  57 291 124 320 304 214
 328 108 221 362 301 242 487 385 466 257  94 288  17 472 336 379 141 252
 216 243  87 231 455 132 180  53 495  65  82 269 410 273 113 352 332 401
  18  73 348  90 150  35 371 446  91 159 200  51 258 370 480 230  83 293
  54 372 247 197 377 119 286 281  76 201 310  52   1 429   0 325   8  39
 157 353 115  16 436 373 359 421 211 396 460  22 470 458  77 456 419 440
 469  62 441 177  46 202  55  42 264 175 186 114 104  21 143  13 357 428
  28 314  32 267 322 400  33 474 110 131  29 454 305 345 486 294 254  75
  12 420 126 445 347   4 318 285 220 387  64 145 444 341 205 144  25 185
 476 127 133 389 236 266 138 468 118  27 432   2  36  59 198 164 415 189
 330 105 219 112  30 148 449  10 116 101 406 103 496 235 380 363 134  93
  97 475  15 109 412   9  58 297  20 158 494 271 386 167  86 365 317 315
 122  99 399 107 457 218 375 368 296 210 303  80 241 424 358 239 459 146
 244 147 309 498 215 492  11 343 295 260 181 349 435 453  41  98 403 425
 225 290 479 179 414 204 481  26 450 378  96 152 182 316 233]
Final time: 5.78863215446s - Best: 2058348-[121 169 113  48  32  41 469  80  84 217 444  91 123 413  21 278 202 299
 292 185  55 309 285 163  42 453 140 251 372 196 328 297 263 313 104 272
 139 376  86 192 224 149   8 390 310 360 164 135 106 258 321 353 287 154
 184  56 495 241 461 493 429 397 498 173 315 424 374 323 327 320 489 229
 270   0  18 452 235 303 344 116 179 373  44 330 301 380 208 216 451 233
 211  94 332 479 460 102   6 248  52 293 212 302  72 308 268 336 386 395
 262  73 417  78  98 166 222 342  11 283 462 465 456 371  34 476 267 188
 289  37 130 446 474 244 441 491  27 101 490 264 220  85 110 398 125 259
 143  64 418  47  29 389 180 183  74 427 408 359 132 103 240 378  10 497
 318 409 176  81 362  62 420 221 345 416 358  82 181 431 382 419  88 193
 112 142   5 356 236 232 146  38 436 174 364  71 158 230 468 422 437 423
 500 242 234  24 401 314 127 256 375 231 482   9 454 145 355 428 260 108
 405 147 205 126 250 227 333  75 161 391 484  79 412 473 187  90 475  25
 487 365 207 354 141 485 448  95 190 255 288 430 494 218 120 322 477 148
  49 366  65 440  15  96 177 201 467 157 404  57 254 367 191 269 407 156
 253 402 294  20 128  54 329 284 223   4 459 119  36 434 273 393 167 377
 369 488 168   2 450 311 347  45 182 305 481 351  28 319 383  60 324 162
  66 189  26  50 170  92 425 115 471 316 228 159  51 199 122 340 443 291
 165 435 455 392 426 312  14 388  68 370 274 245 298 133 151 334 363 186
 257  46 249  23 400 153 107  53 150 271  63 296 280  61 282 171 276 463
 198 464  59  83   7 111  39 246 445 339 195 394  76 346 266 421 496 325
  67 480 300 384 114  17   1 144  40 252 357 206  58 406 433 343 219 414
 341 337 286 213 172 335 200  22 261 118 100 396  77 209 214 483 331 105
  31 368  35 379  13 194 352 277 124  87 210 326 361 399 442 225 197 247
 350 415 338 131 295 458 449 134 472 492 243  19 109 204 215 447 411  16
 403 160 439 129 239 457 381 238 265  69 290  99  93 203 281 466 155 307
  70 349 279 387 275  12  89 226 152 438 306 304 237  97 138 385 175 410
  30 178   3 117 136 470  33 499 432 348 478 317 137  43 486]
Value - initial: 33942012, final: 2058348, improveup: 16.4899288167

data-line;i;33942012;f;2058348;t;5.78863215446;c;-2;fv;[2058348L];cv;-1;imp;16.4899288167;type;rvnd;inum;4;w;1

time;5.78863215446;man_time;0;neigh_time;0
man_time;0;man_merge_sol;0;man_best_sol;0;man_combine_sol;0

Waiting [0]
Terminating workers True 0 0
MPI TERMINATING
