pydf_home: /home/rodolfo/git/Sucuri
simple_pycuda_home: /home/rodolfo/git/simple-pycuda
wamca2016path: /home/rodolfo/git/wamca2016/
localpath: /home/rodolfo/git/dvnd-df/code/dvnd-df/src/
WAMCAPATH:/home/rodolfo/git/wamca2016/
param: {solution_index:6, solution_instance_index:94, multi_gpu:True, goal:False, problem_name:ml, number_of_moves:10, device_count:2, solver:rvnd, mpi_enabled:True, workers:1}
Using already created file:  wamca2016lib.so
Size: 783 - file name: 07_rat784.tsp

Value - initial: 69146116-[  8 319 115  81 165  86  80 310 716 422 233  78 714 303 773 555 385 529
 189 125 423 744  22 214 346 154 297 407 676 318 369 198 179 775 254 766
 284 412 130 778 497 491 365 148 320 753 675 661 119 236 779 344 308 323
  48  70 581 430  55 745 413 473 222 429 267 752 672 289 532 742 614  45
 212 665 443 687 403  49 741 442 386 738 549 586 174  19 109 513 479 671
 679 750 707 410 271 324  65  29 432 455 210 305 575 751 175 264 471 697
 649  18 188 354 731 402 389 769 729 425 419 200  77 681  61 548 578 608
 565  41 312 194 761 266   6 299   7  35  88 416 215 501 313 408 294 502
 375 535  99 334  14 566  26 553 558  11 335 162 603 467 203 647 282 241
 340 667 757 604 561 445 567 112 349 147 388 173 692 583 483 458 166 347
 718 767 345 500  46  93 503 411 541 759 199  82 602 257 625 293 595 632
 279 370 708  94 381 639  71 228 713 117 242 306 394 474 524  39 684 735
  52 439  40 634 217 462 652 719  21 428 643 206 205 664 105  42 431 120
 121 304 525 770  73 357 351  90 232 696 336 490 668 508 476 678 382 104
 454 611 686  83 178 331 472 756 596 627 560 240 494 396 249 577 172 635
 588 622 245 493 102 694 733 156 255 516 521 158 559 103 477 195 699 327
 275 329  24 568 135 420  15  32 128 743 190 709 362 221 628 631 213 361
  28 131   2 648 715 348 397 435 772 506 739 642 343 265 226 143 546   3
 722 359 342 480 571 258 367 247 712 656 373 465 721 168 225 317   1  60
 292 395 393 626 597 616 452 132 253 612 251 100  25 341 111 457  30 771
 498 461 570 531 463  84 202 617 747  87 124 281 404 238 209 591 401 593
 325 623 355 533 453 207 309 777 450 609 161 598 140 339 726  44 220 496
 512 405 538   0 720 301 505 504 171 703 539 263 489 374 107 640 723 509
 653 262   4 644 530 655 507 638  76 645 706 636 660 580 180 298 278 414
 475 607 685 399 446 657 662 287 620 755 499 149 176 146 181 621 360 592
 582 436 371 390 392 239 702  16 689 760 409 427 564 377 152 150 237 482
 332 307 734 610 534 326 693  67  31 230 486 288 615 122 683 127 126 316
  95 276 234 139  13 157 259 594 776  74 740 488 601 366 421 746 106 737
 680 618 605 250 484 208 630 587 585 677  75  23  97 523 434 133 690 184
 510 417 762  63 406 426 576  20 781 333 376 314 451 291 182 192 550 569
 670  96 231 543 193 295 554  66 169 589  37 437 110   5  54 536 511 654
   9 153 277  79 763  62 358 619 136 438 296 460 364 633 218 659 186 495
 579 398 270 177 599  59 261 724 170 517 183 113 383 545 669 448 748  91
 774 563 134 260 321 353 338 244 356  17  64 732 780 449 352  33 273 710
 522  12 765 216 464 701 444  68  47 129 290 527  27 229 481 286 514 350
 311 606 187 114 185 698  89  57 268 328 666  34 144 145 151 283 167 749
 108 727 551 492 302 196 372 520 138 363 330  10 487 641 118 243 433 322
 424  85 540 700  50 768 515 646  53 400 447 572 248 518 155 519 705 269
 285 201  72  92 224 728 252 137 695 673 584 300 159 556 682 227  51 537
  58  56 441 280 384 141 116 256 764 663 160 274 142 223 526 378 418 730
 542 754  38 528 637 101 613 456  36 725 387 415 782 440 658 211 164 691
 235 478 736 711 391 459 590 368 469  69 758 674 651 197 704  98 163 123
 470 688 650 337 204 468 629 272 191 552 379  43 246 219 624 573 380 315
 544 557 485 574 600 466 717 547 562] - 69146116
Solver: RVND, number of workers: 1
Setting feeder affinity
I am the master. There are 1 mpi processes. (hostname = gpu01)
Roots [<pyDF.nodes.Feeder object at 0x7f6151858ad0>]
Starting 0
Main loop
I am worker 0
GPU0
set random seed!
Initial: 69146116-[  8 319 115  81 165  86  80 310 716 422 233  78 714 303 773 555 385 529
 189 125 423 744  22 214 346 154 297 407 676 318 369 198 179 775 254 766
 284 412 130 778 497 491 365 148 320 753 675 661 119 236 779 344 308 323
  48  70 581 430  55 745 413 473 222 429 267 752 672 289 532 742 614  45
 212 665 443 687 403  49 741 442 386 738 549 586 174  19 109 513 479 671
 679 750 707 410 271 324  65  29 432 455 210 305 575 751 175 264 471 697
 649  18 188 354 731 402 389 769 729 425 419 200  77 681  61 548 578 608
 565  41 312 194 761 266   6 299   7  35  88 416 215 501 313 408 294 502
 375 535  99 334  14 566  26 553 558  11 335 162 603 467 203 647 282 241
 340 667 757 604 561 445 567 112 349 147 388 173 692 583 483 458 166 347
 718 767 345 500  46  93 503 411 541 759 199  82 602 257 625 293 595 632
 279 370 708  94 381 639  71 228 713 117 242 306 394 474 524  39 684 735
  52 439  40 634 217 462 652 719  21 428 643 206 205 664 105  42 431 120
 121 304 525 770  73 357 351  90 232 696 336 490 668 508 476 678 382 104
 454 611 686  83 178 331 472 756 596 627 560 240 494 396 249 577 172 635
 588 622 245 493 102 694 733 156 255 516 521 158 559 103 477 195 699 327
 275 329  24 568 135 420  15  32 128 743 190 709 362 221 628 631 213 361
  28 131   2 648 715 348 397 435 772 506 739 642 343 265 226 143 546   3
 722 359 342 480 571 258 367 247 712 656 373 465 721 168 225 317   1  60
 292 395 393 626 597 616 452 132 253 612 251 100  25 341 111 457  30 771
 498 461 570 531 463  84 202 617 747  87 124 281 404 238 209 591 401 593
 325 623 355 533 453 207 309 777 450 609 161 598 140 339 726  44 220 496
 512 405 538   0 720 301 505 504 171 703 539 263 489 374 107 640 723 509
 653 262   4 644 530 655 507 638  76 645 706 636 660 580 180 298 278 414
 475 607 685 399 446 657 662 287 620 755 499 149 176 146 181 621 360 592
 582 436 371 390 392 239 702  16 689 760 409 427 564 377 152 150 237 482
 332 307 734 610 534 326 693  67  31 230 486 288 615 122 683 127 126 316
  95 276 234 139  13 157 259 594 776  74 740 488 601 366 421 746 106 737
 680 618 605 250 484 208 630 587 585 677  75  23  97 523 434 133 690 184
 510 417 762  63 406 426 576  20 781 333 376 314 451 291 182 192 550 569
 670  96 231 543 193 295 554  66 169 589  37 437 110   5  54 536 511 654
   9 153 277  79 763  62 358 619 136 438 296 460 364 633 218 659 186 495
 579 398 270 177 599  59 261 724 170 517 183 113 383 545 669 448 748  91
 774 563 134 260 321 353 338 244 356  17  64 732 780 449 352  33 273 710
 522  12 765 216 464 701 444  68  47 129 290 527  27 229 481 286 514 350
 311 606 187 114 185 698  89  57 268 328 666  34 144 145 151 283 167 749
 108 727 551 492 302 196 372 520 138 363 330  10 487 641 118 243 433 322
 424  85 540 700  50 768 515 646  53 400 447 572 248 518 155 519 705 269
 285 201  72  92 224 728 252 137 695 673 584 300 159 556 682 227  51 537
  58  56 441 280 384 141 116 256 764 663 160 274 142 223 526 378 418 730
 542 754  38 528 637 101 613 456  36 725 387 415 782 440 658 211 164 691
 235 478 736 711 391 459 590 368 469  69 758 674 651 197 704  98 163 123
 470 688 650 337 204 468 629 272 191 552 379  43 246 219 624 573 380 315
 544 557 485 574 600 466 717 547 562]
Final time: 16.0579559803s - Best: 3445837-[  8  11  17   6   1  22  16   0  14  24  55  48  51  56  44  40  45  66
  69  79  99  96 109 116 122 138 146 154 159 152 161 155 150 135 119  97
  94  88  73  62  38  28   9   2   4  18  29   7  19  30  35  58  60  67
  85  98  84  70  63  76 101 104 107 111 115 132 136 142 151 160 175 178
 197 199 205 216 224 211 210 208 218 209 212 225 220 227 228 243 259 262
 270 271 240 251 244 260 278 283 297 308 323 333 319 336 337 339 347 350
 380 385 379 374 390 410 417 416 418 430 438 434 440 447 433 436 458 473
 479 488 492 487 474 464 449 445 431 414 413 399 401 382 372 367 384 387
 402 411 426 439 446 453 467 477 470 480 478 489 503 515 522 537 549 545
 548 573 594 591 581 592 605 603 614 631 628 636 646 662 655 657 676 681
 686 695 702 714 727 750 763 755 751 741 740 745 730 729 722 715 707 701
 675 673 667 666 663 649 641 638 630 632 652 653 661 692 700 699 709 725
 739 747 754 753 773 772 776 778 767 758 756 732 712 706 718 719 698 694
 683 660 668 665 650 645 635 629 621 620 627 648 656 680 690 691 697 721
 738 742 731 735 744 759 764 771 760 746 733 737 724 703 696 682 671 664
 677 687 708 704 705 689 679 684 678 670 658 651 647 625 637 639 623 595
 575 567 559 547 532 525 550 533 529 516 511 507 517 518 512 514 528 551
 556 546 539 530 538 560 568 561 578 597 596 585 593 610 626 633 643 640
 612 618 616 606 602 608 590 583 586 563 565 562 534 535 540 555 576 569
 564 557 574 570 571 572 558 552 536 543 527 524 508 501 519 513 523 542
 526 521 496 495 493 475 463 469 468 466 482 499 490 476 456 455 448 459
 472 462 454 437 442 452 451 457 465 483 481 471 444 435 428 422 400 406
 424 421 432 425 429 423 419 407 408 409 392 375 364 352 345 338 370 391
 388 396 381 386 389 383 362 351 358 355 342 327 343 357 334 326 318 322
 298 285 290 305 292 306 289 299 302 291 280 268 252 250 261 274 256 236
 200 182 187 196 190 188 191 177 173 165 157 140 131 130 144 147 141 148
 134 133 121 113 108 105 100  78  83  86  74  65  72  95  90 103 112  89
  77  92  68  43  54  59  33  27  23  26  25  20  15  31  13  21  34  41
  50  53  49  61  81  71  91 102 129 128 123 120 125 117 137 127 139  75
  57  52  46  64  82  93 106 110 126 174 183 195 194 204 185 179 171 184
 214 215 235 238 245 254 241 234 265 269 288 304 312 301 293 276 275 272
 277 273 248 247 229 230 226 221 242 255 266 267 257 258 249 232 231 239
 223 207 201 203 186 162 168 156 163 164 172 149 143 158 153 166 202 219
 282 287 307 309 281 286 300 311 294 310 317 325 335 329 321 320 332 344
 346 349 376 369 371 359 353 363 348 360 361 341 330 303 295 296 264 263
 246 237 222 206 213 193 180 176 170 192 198 217 233 253 279 284 314 313
 328 340 354 356 366 373 368 378 377 397 395 398 393 403 405 412 420 427
 441 443 460 461 502 509 497 531 544 566 582 584 601 607 619 622 624 634
 642 669 693 723 716 713 710 711 728 743 752 766 770 774 782 781 780 779
 769 762 749 726 748 761 765 775 777 768 734 717 757 736 720 685 688 672
 617 609 588 604 613 600 599 577 587 598 589 611 659 674 654 644 579 553
 510 498 505 484 485 491 494 500 506 520 541 504 404 365 316 324 331 315
 189 181 167 169 118  42  37  39   5  12  10   3  47  32  80  36  87 114
 124 145 394 415 486 580 615 554 450]
Value - initial: 69146116, final: 3445837, improveup: 20.0665661202

data-line;i;69146116;f;3445837;t;16.0579559803;c;-2;fv;[3445837L];cv;-1;imp;20.0665661202;type;rvnd;inum;6;w;1

time;16.0579559803;man_time;0;neigh_time;0
man_time;0;man_merge_sol;0;man_best_sol;0;man_combine_sol;0

Waiting [0]
Terminating workers True 0 0
MPI TERMINATING
