pydf_home: /home/rodolfo/git/Sucuri
simple_pycuda_home: /home/rodolfo/git/simple-pycuda
wamca2016path: /home/rodolfo/git/wamca2016/
localpath: /home/rodolfo/git/dvnd-df/code/dvnd-df/src/
WAMCAPATH:/home/rodolfo/git/wamca2016/
param: {solution_index:3, solution_instance_index:85, multi_gpu:True, goal:False, problem_name:ml, number_of_moves:10, device_count:2, solver:rvnd, mpi_enabled:True, workers:1}
Using already created file:  wamca2016lib.so
Size: 318 - file name: 04_lin318.tsp

Value - initial: 95599424-[ 50 130 221  38  23 225  91 204 292  32 290 163 226 200 182  48  33 289
 201 143 315 107 145  54 294   6 156 162 271 135 150 298 129 141  97 279
   8 139  94  84 286 131  43  42 168  10  22   7 230  92 207  30 245 106
  11   0 282 112 265 284  18 268 175 228 101 116  21   5 115  35 257  68
 249 295 263 152 154  31 281 237 301 209 285   3 269 178 144 220 306 252
  57 274 120 216 203  28 300  52 288 122 205  65  72 311 166 185 123 100
  34 206  44 229 194 310 189 299 165  13  53 134 136  14 132  62 283 243
  51  82 161 169 276  79 104 177  40  76 214 158 235 138 160 148  93 291
 125 174 137  75 297 198 126 248 296 240 253 202 313 222 117 223 121 171
 272 199  67  60 293 309 219  98 312 305 262 167 105 287 238  56  80 127
 254  81  90  88 109  26  49 192 239  47 260 128 153 149 111 191 119 103
 241 140  96 232 231 183  64 227 255 244 195 277 258  39  86 317  37   4
 236  77 151  41 303 314   1   2 250  95  63  78 197 302  69 270  24 147
  27 247 102 184 114 164  66 278 234 179  58 142 193  19 208 307  85 242
 217  36 133 159 273 157 118 210 196  20  25 113 180 110 187 188 211 308
  55  70  99 108 267 181 256  17 176 186  16 264  45 316 213  59 124 212
 266 170 261  87 246 146  15 172  83  12  73 173  61 218 190 259 304  89
   9 275 280  71 155 233 251 215  74 224  46  29] - 95599424
Solver: RVND, number of workers: 1
Setting feeder affinity
I am the master. There are 1 mpi processes. (hostname = gpu01)
Roots [<pyDF.nodes.Feeder object at 0x7fe0d355cad0>]
Starting 0
Main loop
I am worker 0
GPU0
set random seed!
Initial: 95599424-[ 50 130 221  38  23 225  91 204 292  32 290 163 226 200 182  48  33 289
 201 143 315 107 145  54 294   6 156 162 271 135 150 298 129 141  97 279
   8 139  94  84 286 131  43  42 168  10  22   7 230  92 207  30 245 106
  11   0 282 112 265 284  18 268 175 228 101 116  21   5 115  35 257  68
 249 295 263 152 154  31 281 237 301 209 285   3 269 178 144 220 306 252
  57 274 120 216 203  28 300  52 288 122 205  65  72 311 166 185 123 100
  34 206  44 229 194 310 189 299 165  13  53 134 136  14 132  62 283 243
  51  82 161 169 276  79 104 177  40  76 214 158 235 138 160 148  93 291
 125 174 137  75 297 198 126 248 296 240 253 202 313 222 117 223 121 171
 272 199  67  60 293 309 219  98 312 305 262 167 105 287 238  56  80 127
 254  81  90  88 109  26  49 192 239  47 260 128 153 149 111 191 119 103
 241 140  96 232 231 183  64 227 255 244 195 277 258  39  86 317  37   4
 236  77 151  41 303 314   1   2 250  95  63  78 197 302  69 270  24 147
  27 247 102 184 114 164  66 278 234 179  58 142 193  19 208 307  85 242
 217  36 133 159 273 157 118 210 196  20  25 113 180 110 187 188 211 308
  55  70  99 108 267 181 256  17 176 186  16 264  45 316 213  59 124 212
 266 170 261  87 246 146  15 172  83  12  73 173  61 218 190 259 304  89
   9 275 280  71 155 233 251 215  74 224  46  29]
Final time: 3.83930516243s - Best: 6055777-[ 50  46  43  53  56  55  54  49  47  44  39 103  31  30  29  28  21  20
 102  19  22  27  18  23  26  25  24  17  15  16  13  12 114 115 119 207
 125 126 133 136 135 134 132 127 124 123 128 131 130 129 122 120 121 118
 117 220 219 216 215 221 225 226 227 234 235 236 233 228 237 232 229 312
 224 230 231 238 239 240 241 138 139 143 142 249 313 250 251 252 255 261
 262 267 271 272 279 278 283 284 290 289 285 282 273 314 266 263 260 256
 253 254 257 259 264 265 268 164 165 170 169 280 277 276 281 286 288 293
 287 291 292 294 191 192 300 301 305 306 310 311 204 198 199 194 193 185
 179 178 174 173 184 180 177 168 171 172 175 176 181 183 188 182 186 187
 189  86  87 195 196 200 201 205 206  99  93  94  98  97  92 101 100  96
  95  91  90  84  83  82  81  77  70  67  66  71  76  78  72  75  79  80
  74  73  68  69  62  61  57  52  51  45  42  40  41  38  37 144 149 152
 154 159 160 161 158 155 151 148 145 146 147 150 156 157 162 167 166 209
 163 153 208 141 140 137  33  34  36  35  32  11  14  10   9   6   5   1
   0   2   7   8   4   3 111 110 106 105 107 112 113 109 108 211 210 212
 217 218 214 213 222 223 243 244 247 248 317 269 270 274 275 296 297 303
 304 309 308 307 299 298 295 302 203 202 197 190  64  59  60  65  89  88
  85  63 104  58 316 315  48 116 258 245 246 242]
Value - initial: 95599424, final: 6055777, improveup: 15.7864835512

data-line;i;95599424;f;6055777;t;3.83930516243;c;-2;fv;[6055777L];cv;-1;imp;15.7864835512;type;rvnd;inum;3;w;1

time;3.83930516243;man_time;0;neigh_time;0
man_time;0;man_merge_sol;0;man_best_sol;0;man_combine_sol;0

Waiting [0]
Terminating workers True 0 0
MPI TERMINATING
