pydf_home: /home/rodolfo/git/Sucuri
simple_pycuda_home: /home/rodolfo/git/simple-pycuda
wamca2016path: /home/rodolfo/git/wamca2016/
localpath: /home/rodolfo/git/dvnd-df/code/dvnd-df/src/
WAMCAPATH:/home/rodolfo/git/wamca2016/
param: {solution_index:2, solution_instance_index:99, multi_gpu:True, goal:False, problem_name:ml, number_of_moves:10, device_count:2, solver:rvnd, mpi_enabled:True, workers:1}
Using already created file:  wamca2016lib.so
Size: 226 - file name: 03_pr226.tsp

Value - initial: 193397603-[ 57  73  11 100 182 102 212   5  99  66  54 200  31 124  84  18 194  90
  28  95 103 138  46 116 163  76  40 193  89 213  43  79  38  94 210  30
 156  88 139 225 215 107 145 159  29  74 130 165  27 189 164 114  14 154
  21 111 216 190 224 160  34  92  51  93  33  24 119 196 129 121  58 172
  42 204 134   9 199  55 110 206  67 179  65 109  60 141  96  49  56 147
  50 177  82 117 186 187 152 175 162 214 104  81 209 112 158   7  47 143
  86 195 168  62 170  64  39  25 127   1 178 174 181  48  45  22 183 221
 140  15  36 105  91  44 122 207  20 201 125 202 131  83 126 203  72 157
 205 219 211 135 128  98  17 101 218  37 197 144 149 132  13  80 136 173
  68  70  26 166 155 137   2 113 123   8  61  10  87 146  12 169  16  53
 167 150 223  23 153 185 151 180 161   0 188   3 115 118 217  52  97 198
 106  71 133  32  35 171  63  75  19 148  41 208 191  77 176  85   6  59
  78  69 220 192 108   4 120 222 142 184] - 193397603
Solver: RVND, number of workers: 1
Setting feeder affinity
I am the master. There are 1 mpi processes. (hostname = gpu01)
Roots [<pyDF.nodes.Feeder object at 0x7f0cba4a6ad0>]
Starting 0
Main loop
I am worker 0
GPU0
set random seed!
Initial: 193397603-[ 57  73  11 100 182 102 212   5  99  66  54 200  31 124  84  18 194  90
  28  95 103 138  46 116 163  76  40 193  89 213  43  79  38  94 210  30
 156  88 139 225 215 107 145 159  29  74 130 165  27 189 164 114  14 154
  21 111 216 190 224 160  34  92  51  93  33  24 119 196 129 121  58 172
  42 204 134   9 199  55 110 206  67 179  65 109  60 141  96  49  56 147
  50 177  82 117 186 187 152 175 162 214 104  81 209 112 158   7  47 143
  86 195 168  62 170  64  39  25 127   1 178 174 181  48  45  22 183 221
 140  15  36 105  91  44 122 207  20 201 125 202 131  83 126 203  72 157
 205 219 211 135 128  98  17 101 218  37 197 144 149 132  13  80 136 173
  68  70  26 166 155 137   2 113 123   8  61  10  87 146  12 169  16  53
 167 150 223  23 153 185 151 180 161   0 188   3 115 118 217  52  97 198
 106  71 133  32  35 171  63  75  19 148  41 208 191  77 176  85   6  59
  78  69 220 192 108   4 120 222 142 184]
Final time: 5.45674800873s - Best: 7289300-[ 57  58  59  60  61  62  56  55  54  53  52  51  50  49  48  47  32  31
  30  27  21  22  23  24  25  26  28  29  33  34  35  44  45  46  94  86
  88  95  96  87  89  97  98  90  91  99 100  92  93 101 143 136 137 145
 144 138 139 146 148 140 141 142 149 147 150 151 152 153 154 155 156 157
 158 159 160 161 162 163 164 165 166 167 168 169 170 171 172 173 174 175
 176 177 178 179 180 181 182 183 184 185 186 187 188 189 190 191 192 193
 194 195 196 197 198 199 200 201 202 203 204 205 206 207 208 209 210 211
 212 213 214 215 216 217 218 219 220 221 222 223 224 225 124 131 129 123
 122 130 128 121 120 126 127 119 118 125 117 109 108 116 115 107 106 114
 113 105 103 112 111 104 102 110  85  84  83  82  81  80  79  78  77  76
  75  74  73  72   0   1   2   3   4   5   6   7   8   9  13  14  15  10
  11  12  71  70  67  68  69  66  16  17  18  64  65 132 133 134 135  63
  19  20  43  36  37  38  41  42  40  39]
Value - initial: 193397603, final: 7289300, improveup: 26.5317112754

data-line;i;193397603;f;7289300;t;5.45674800873;c;-2;fv;[7289300L];cv;-1;imp;26.5317112754;type;rvnd;inum;2;w;1

time;5.45674800873;man_time;0;neigh_time;0
man_time;0;man_merge_sol;0;man_best_sol;0;man_combine_sol;0

Waiting [0]
Terminating workers True 0 0
MPI TERMINATING
