pydf_home: /home/rodolfo/git/Sucuri
simple_pycuda_home: /home/rodolfo/git/simple-pycuda
wamca2016path: /home/rodolfo/git/wamca2016/
localpath: /home/rodolfo/git/dvnd-df/code/dvnd-df/src/
WAMCAPATH:/home/rodolfo/git/wamca2016/
param: {solution_index:2, solution_instance_index:56, multi_gpu:True, goal:False, problem_name:ml, number_of_moves:10, device_count:2, solver:rvnd, mpi_enabled:True, workers:1}
Using already created file:  wamca2016lib.so
Size: 226 - file name: 03_pr226.tsp

Value - initial: 202187101-[208 118  85  45  54 160 129 110 159 190 117 166  92 111  10 221  94 105
 207 134 141 202 124 224 157  19 171  84  52  88  36  82  26 147  80 137
  41 143 212 121 225 142   3  39  73 216  46  77 152 213  91 185 162 122
 104  44 220 219  31 154 150 113 177  96 211  83  95 184 139 128 133   5
 178  25 109 140  65  64  98 170 106 214 179 200  76 194 182 196  51 183
  50 206 120  20 191 130  81 102  97  78  86 195 144 114 126  42  79  57
  40 189  14  67  63 155  16 172  72 197   4  69  33  48  43  61  23 138
 199 158  99 174 115   9 164  13  11  56  55   1 101  28  70 173   8 187
  66  68  37 169  87 210  58 188  12  74  24 127  90 151 161   6 175 192
 112 201 100  30 167 107 103 149 180 168  27 205 186 116 153 136   0  32
 223  29 193 176 165   2 123  15 217  17  47 222  89 218 203 209  75 119
  18  35  53 156 108   7 204  60  38 198 132 215  21 148  34  22 125 131
 146 163 135  49  71 181  93  59 145  62] - 202187101
Solver: RVND, number of workers: 1
Setting feeder affinity
I am the master. There are 1 mpi processes. (hostname = gpu01)
Roots [<pyDF.nodes.Feeder object at 0x7f1121ebdad0>]
Starting 0
Main loop
I am worker 0
GPU0
set random seed!
Initial: 202187101-[208 118  85  45  54 160 129 110 159 190 117 166  92 111  10 221  94 105
 207 134 141 202 124 224 157  19 171  84  52  88  36  82  26 147  80 137
  41 143 212 121 225 142   3  39  73 216  46  77 152 213  91 185 162 122
 104  44 220 219  31 154 150 113 177  96 211  83  95 184 139 128 133   5
 178  25 109 140  65  64  98 170 106 214 179 200  76 194 182 196  51 183
  50 206 120  20 191 130  81 102  97  78  86 195 144 114 126  42  79  57
  40 189  14  67  63 155  16 172  72 197   4  69  33  48  43  61  23 138
 199 158  99 174 115   9 164  13  11  56  55   1 101  28  70 173   8 187
  66  68  37 169  87 210  58 188  12  74  24 127  90 151 161   6 175 192
 112 201 100  30 167 107 103 149 180 168  27 205 186 116 153 136   0  32
 223  29 193 176 165   2 123  15 217  17  47 222  89 218 203 209  75 119
  18  35  53 156 108   7 204  60  38 198 132 215  21 148  34  22 125 131
 146 163 135  49  71 181  93  59 145  62]
Final time: 1.83860588074s - Best: 7112371-[208 209 210 211 212 213 214 215 216 217 218 219 220 221 222 223 224 225
 207 206 205 204 203 202 201 200 199 198 197 196 195 194 193 192 191 190
 189 188 187 186 185 184 183 182 181 180 179 178 177 176 175 174 173 172
 171 170 169 168 167 166 165 164 163 162 161 160 159 158 157 156 155 154
 153 152 151 150 144 146 148 147 149 142 141 140 139 138 137 145 143 136
  93  92  91  90  89  87  88  86  94  95  96  97  98  99 100 101 135 134
 133 132 126 128 130 129 131 124 123 122 121 120 119 127 125 118 109 117
 116 108 107 115 114 106 105 113 112 103 104 111 102 110  85  84  83  82
  81  80  79  78  77  76  75  74  73  72   0   1   2   3   4   5   6   7
   8   9  13  14  15  10  11  12  70  67  68  66  64  63  62  61  60  59
  58  57  56  55  54  53  52  51  50  49  21  22  23  24  25  26  27  28
  29  33  34  35  30  31  32  47  44  43  36  37  38  41  42  46  45  48
  20  19  18  17  16  71  69  65  39  40]
Value - initial: 202187101, final: 7112371, improveup: 28.4275245203

data-line;i;202187101;f;7112371;t;1.83860588074;c;-2;fv;[7112371L];cv;-1;imp;28.4275245203;type;rvnd;inum;2;w;1

time;1.83860588074;man_time;0;neigh_time;0
man_time;0;man_merge_sol;0;man_best_sol;0;man_combine_sol;0

Waiting [0]
Terminating workers True 0 0
MPI TERMINATING
