pydf_home: /home/rodolfo/git/Sucuri
simple_pycuda_home: /home/rodolfo/git/simple-pycuda
wamca2016path: /home/rodolfo/git/wamca2016/
localpath: /home/rodolfo/git/dvnd-df/code/dvnd-df/src/
WAMCAPATH:/home/rodolfo/git/wamca2016/
param: {solution_index:5, solution_instance_index:80, multi_gpu:True, goal:False, problem_name:ml, number_of_moves:10, device_count:2, solver:rvnd, mpi_enabled:True, workers:1}
Using already created file:  wamca2016lib.so
Size: 657 - file name: 06_d657.tsp

Value - initial: 285956374-[347 306 454 371  95 110  18 267 512 132 426 228  77 285 610 269 152 360
 353 154 557 159 311  83 392 558 299 493 601 537 481 349  40 385 352 117
 130 524 374   8 123 253 618  53  39 314 485 446 535 467 406 254 115 552
 292 653 305 630 531 219 460  52 532 263  43 455 139 541 603 587 339 492
 411 509 433 559 648 572   1 262 283  62 174 327 546 144 622  91 324 550
 536 127 129 332 491 160 165 273 417 102  17 450 561 545 419 523 488 373
 573 457 641  88 655   4 266  24  36 198 171 100 562 172  59 215 234 463
 245 517 243 631  84 281 178 638 344 480 323 358  42 317 576 369 397 227
 649 501 222 410 590 120 597 169 307 149 146 104 494 526 260 515 105 643
 118  29 445 538  30 571 470 225 583 196 337 229  27 593 607 443  26 520
 294 321 612 367 211 280  81  64 391 574 161 201 166 409 529 156 103 595
 554 428 621 101  76  19 342 151 238 290 394 521 168 458   3 308 109 195
 473 542 296 637 442 155 140 418 430 642 525 652 646 244 600 624 422 381
 567  73 147 592 619 510 407 490 162 180 177 594  14 390 499 639 351 465
  79 451 578 591 436 320 620  86 416 427 108 136 183 271   7  23 437 580
  99 145 212 186 522 150 241 383  66 356 544 189 384 507 543 519 188 185
 336  89 530 134  31 495 264 498 350 333 202 611 256  20  46 651 479   2
 645 636 402  35 625 379 236 478 609 376 319 232  13  78 505 431 107 121
 114 318 112 623  90 322 316 616 403 476 477  72 516 265 249 533 635 435
 527  11 206 303 279 278  70 282 284 466 365 568 170  94 194 216 354   6
 138 606 582 239 205 604 277  87 287  67 275 270  50  69 617  34 393 378
 579  85 650  80 640  98 423 382 570 602 584 157  49 599 199 338  21 116
 375 343 459  71 598 167  97   9 539   0  75 613 647 453  38 555 315 449
 627 276 209  48 614 632 575 566 424 291 511 588 148 137 297 190 503 656
 163 164 461 258  41 487 214 246 335 569 359  58 326 398 514 218 528 272
 474 399 231 549 295 553 224 633 489 387 252 126 128  57 221 404 462 456
 355 122 255  96 644 247  61 502 125 380  45  37 250  51 534 175 192 577
 111  22 441 366 329 372 135 293 300 513 370 182 309 551  10 438 310 106
 143 471 328 153 193 173 131 434  32 506 483 377 191 439 421 452 220 363
 565 213 386 472 248 405 286 223 447 425  68 217 364  74 432 340  47 469
  12 589 420 240  63 401 389 563 179 274 288 176 429  56 486 251 301 362
 348  33 496 564  65 412 197 226 187 208 345 585 540  55 203 331 346 596
  15 475  93 414   5 289 233  25 396  44 508 357 334 200 330 547 560 500
 605  82 242 304 415 408 440 628 395 484 504 325 313 181 464 235 581 629
 400 133 361 444 626 497 210 654  54 312 615 482 302  28 124 261 634 141
  92 142 184 548 608 556 230 268 518  60 468 388 237 113  16 413 341 119
 298 586 448 158 368 257 259 204 207] - 285956374
Solver: RVND, number of workers: 1
Setting feeder affinity
I am the master. There are 1 mpi processes. (hostname = gpu01)
Roots [<pyDF.nodes.Feeder object at 0x7f588a19aad0>]
Starting 0
Main loop
I am worker 0
GPU0
set random seed!
Initial: 285956374-[347 306 454 371  95 110  18 267 512 132 426 228  77 285 610 269 152 360
 353 154 557 159 311  83 392 558 299 493 601 537 481 349  40 385 352 117
 130 524 374   8 123 253 618  53  39 314 485 446 535 467 406 254 115 552
 292 653 305 630 531 219 460  52 532 263  43 455 139 541 603 587 339 492
 411 509 433 559 648 572   1 262 283  62 174 327 546 144 622  91 324 550
 536 127 129 332 491 160 165 273 417 102  17 450 561 545 419 523 488 373
 573 457 641  88 655   4 266  24  36 198 171 100 562 172  59 215 234 463
 245 517 243 631  84 281 178 638 344 480 323 358  42 317 576 369 397 227
 649 501 222 410 590 120 597 169 307 149 146 104 494 526 260 515 105 643
 118  29 445 538  30 571 470 225 583 196 337 229  27 593 607 443  26 520
 294 321 612 367 211 280  81  64 391 574 161 201 166 409 529 156 103 595
 554 428 621 101  76  19 342 151 238 290 394 521 168 458   3 308 109 195
 473 542 296 637 442 155 140 418 430 642 525 652 646 244 600 624 422 381
 567  73 147 592 619 510 407 490 162 180 177 594  14 390 499 639 351 465
  79 451 578 591 436 320 620  86 416 427 108 136 183 271   7  23 437 580
  99 145 212 186 522 150 241 383  66 356 544 189 384 507 543 519 188 185
 336  89 530 134  31 495 264 498 350 333 202 611 256  20  46 651 479   2
 645 636 402  35 625 379 236 478 609 376 319 232  13  78 505 431 107 121
 114 318 112 623  90 322 316 616 403 476 477  72 516 265 249 533 635 435
 527  11 206 303 279 278  70 282 284 466 365 568 170  94 194 216 354   6
 138 606 582 239 205 604 277  87 287  67 275 270  50  69 617  34 393 378
 579  85 650  80 640  98 423 382 570 602 584 157  49 599 199 338  21 116
 375 343 459  71 598 167  97   9 539   0  75 613 647 453  38 555 315 449
 627 276 209  48 614 632 575 566 424 291 511 588 148 137 297 190 503 656
 163 164 461 258  41 487 214 246 335 569 359  58 326 398 514 218 528 272
 474 399 231 549 295 553 224 633 489 387 252 126 128  57 221 404 462 456
 355 122 255  96 644 247  61 502 125 380  45  37 250  51 534 175 192 577
 111  22 441 366 329 372 135 293 300 513 370 182 309 551  10 438 310 106
 143 471 328 153 193 173 131 434  32 506 483 377 191 439 421 452 220 363
 565 213 386 472 248 405 286 223 447 425  68 217 364  74 432 340  47 469
  12 589 420 240  63 401 389 563 179 274 288 176 429  56 486 251 301 362
 348  33 496 564  65 412 197 226 187 208 345 585 540  55 203 331 346 596
  15 475  93 414   5 289 233  25 396  44 508 357 334 200 330 547 560 500
 605  82 242 304 415 408 440 628 395 484 504 325 313 181 464 235 581 629
 400 133 361 444 626 497 210 654  54 312 615 482 302  28 124 261 634 141
  92 142 184 548 608 556 230 268 518  60 468 388 237 113  16 413 341 119
 298 586 448 158 368 257 259 204 207]
Final time: 9.53171014786s - Best: 14394186-[347 341 345 335 322 317 307 298 290 289 269 237 231 235 238 239 230 220
 218 234 253 261 271 263 264 240 217 209 199 198 197 195 191 186 180 181
 187 165 157 119 103  85  72  69  59  57  52  48  55  31 469  34  37  38
  42  46  58  66  61  47  43 468 466 464 458 462 463  25  26  27  30  29
  40  50  54  49  44  45  63  68  73  77  84  74  93  91  97  98 115 132
 140 155 168 172 178 185 196 190 164 162 142 137 130 116 128 129 138 131
 117   6  78  64  60  53  41  39  36  35  33  32  24  21  14  15  20  16
  17  13  18  19 444 445  22  23 440 441 443 447 446 442 449 448 453 450
 452 451 454 461 465 470  51  62  56  67  82  76  83  89  94 108  88  87
  95 109 127 124 505 498 496 490 486 485 480 481 484 487 488 493 489 492
 495 499 502 503 501 500 507 133 136 159 189 182 173 183 194 200 201 202
 229 246 257 266 258 273 280 296 297 306 356 337 607 610 606 605 608 613
 615 616 617 618 620 622 408 426 393 381 383 380 375 411 417 429 434 433
 412 407 403 394 413 406 402 395 385 396 410 419 424 431 423 414 405 401
 386 377 365 369 387 349 348 364 370 388 397 422 421 415 404 400 389 398
 391 372 346 340 323 324 334 303 299 293 288 292 287 275 254 241 232 221
 247 251 260 268 276 270 252 227 208 214 219 242 250 226 224 207 184 177
 179 166 158 150 153 143 122 112 106 111 107 100  96 110 123 134 146 151
 167 176 188 192 223 228 243 255 259 284 304 305 312 318 333 351 357 368
 374 376 379 384 392 382 367 362 353 344 338 332 329 315 314 313 291 277
 272 249 233 244 256 267 282 316 336 343 354 360 355 331 330 319 302 295
 301 285 278 281 265 245 222 216 212 205 203 193 174 160 152 135 125 506
 497 494 491 482 472 483 471 467 460 459 455 473 456 457 475 476 479 478
 477 474 520 519 521 527 526 525 522 524 530 533 529 523 518 517 516 513
 512 528 559 556 551 543 549 550 554 555 557 566 565 564 560 563 558 553
 548 547 546 545 544 542 541 540 539 538 531 532 535 534 537 536 639 638
 640 641 637 636 634 635 633 632 631 630 629 628 552 561 562 651 650 649
 652 653 654 655 626 572 568 569 571 573 577 576 583 584 585 588 587 590
 599 603 604 609 611 602 594 597 596 591 595 601 600 598 592 279 589 586
 581 580 213 511 510 509 508 126 504 145 144 175 211 274 283 286 328 339
 359 352 363 366 378 373 358 327 311 300 310 320 326 350 325 342 321 309
 308 294 248 236 225 215 204 171 169 170 161 148 139 147 154 149 121 105
  80  81  75  71  70  90 104  86  92  99 120 113 118 114 102 101  79   7
   8   9  11  12  10   1   2   3   4   5 141 156 163 210 206 262 361 390
 371 399 416 409 420 438 437 439 436 430 435 432 425 428 418 427 624 625
 619 612 623 621 614 593 579 575 656 627 648 647 645 646 644 643 642 574
 578 582 570 567 514 515  65  28   0]
Value - initial: 285956374, final: 14394186, improveup: 19.8661024666

data-line;i;285956374;f;14394186;t;9.53171014786;c;-2;fv;[14394186L];cv;-1;imp;19.8661024666;type;rvnd;inum;5;w;1

time;9.53171014786;man_time;0;neigh_time;0
man_time;0;man_merge_sol;0;man_best_sol;0;man_combine_sol;0

Waiting [0]
Terminating workers True 0 0
MPI TERMINATING
