pydf_home: /home/rodolfo/git/Sucuri
simple_pycuda_home: /home/rodolfo/git/simple-pycuda
wamca2016path: /home/rodolfo/git/wamca2016/
localpath: /home/rodolfo/git/dvnd-df/code/dvnd-df/src/
WAMCAPATH:/home/rodolfo/git/wamca2016/
param: {solution_index:4, solution_instance_index:61, multi_gpu:True, goal:False, problem_name:ml, number_of_moves:10, device_count:2, solver:rvnd, mpi_enabled:True, workers:1}
Using already created file:  wamca2016lib.so
Size: 501 - file name: 05_TRP-S500-R1.tsp

Value - initial: 33719923-[342 190 273 336   2 226  10 441   3  65 298  12 393 116 133  64 258 389
  54 175 151 110 489 266 210 380 455 261 419 374 348  56 113 496 146 493
  81 437 363  55 323 352 367 230 426 135 294 396 290 275 486 414 293  95
  91 379 158 114 179 400 378 166 433 157 303 483 119 465  36 224 471 408
 416 371 322 355  28 376 284 438 415  39  11  43 106 177 361 256  45 432
 272 206 103 368 334 234  52 315 341 128 428 167 270  72  41 277 403 142
  98 178 263 199 460 357  88 215 204 328 223 308 105 492 474 137 149  85
  38 107 117 302  71 306 109 187 420  89 326 141  50 236   4 220 478 130
  22 440 373 407 217 269 450  92 498 222 296 164 401 364 409  15 257 350
 171  37 125 200 343 442  77 353 189  24  49  25 351 447   7 139 214 148
 461 473 227 425 181 249 430 232 481 276 165 398 143 480 124 288  62 235
 221 370 248 231 208 229 246 399 405 180  84 286  16 435 191 283 443 325
 108 172   5 463 280 131 161  27  78 469 134  46 331 411 417 395  97 225
 451 388  40  63  26 152 100 285 475 156 329 211 136 318 406 207  80  19
 251 423 250  87 252 268 203 392 274 456 129 305 185 121 309 239 297  79
  58  23 255 112 356 394  20 228 333 360 484 421 184 452 462 243 202 254
 424 147 237   0 150 472 115 431 477  76  33  68 497 233 458 176 160 344
 349 170  99 384 219 174 445 216 127 241 259 238  53 123 145 304 413 390
 118 169 381  32  86 500  29 168 402  67 195 365 366 412  66 316 253 429
 470  35  44 291 162 265 448 397 404 339 327  48 299 310 292 279 173 464
 278  13 319  90 102 340 410 104 260  47  59 194 482 126 159   6 212 295
 434 205 153  75 120 192 138  60  57  96 468 347 338 282 454 444 281 193
 453  82 144 422 317 247 386 362 122 307 245  18  14  42 101 345 201 387
 330 262  74 487 499 312  94 240  73   1 196 182 163 369 301 213 209 320
 354 140 218 467 488 457 382 335 377 476 244  31 495 324 436 359 155  51
 242 132 491 332  93 154 439 466 494   9  61 321 198 311 383   8 485  21
 264 271 479  17 111 385 459 314  34 372 449 197 186  69 188  30 287 391
 183 490 313  70 446 289 300 346 337 427 267 418  83 358 375] - 33719923
Solver: RVND, number of workers: 1
Setting feeder affinity
I am the master. There are 1 mpi processes. (hostname = gpu01)
Roots [<pyDF.nodes.Feeder object at 0x7fc132db9ad0>]
Starting 0
Main loop
I am worker 0
GPU0
set random seed!
Initial: 33719923-[342 190 273 336   2 226  10 441   3  65 298  12 393 116 133  64 258 389
  54 175 151 110 489 266 210 380 455 261 419 374 348  56 113 496 146 493
  81 437 363  55 323 352 367 230 426 135 294 396 290 275 486 414 293  95
  91 379 158 114 179 400 378 166 433 157 303 483 119 465  36 224 471 408
 416 371 322 355  28 376 284 438 415  39  11  43 106 177 361 256  45 432
 272 206 103 368 334 234  52 315 341 128 428 167 270  72  41 277 403 142
  98 178 263 199 460 357  88 215 204 328 223 308 105 492 474 137 149  85
  38 107 117 302  71 306 109 187 420  89 326 141  50 236   4 220 478 130
  22 440 373 407 217 269 450  92 498 222 296 164 401 364 409  15 257 350
 171  37 125 200 343 442  77 353 189  24  49  25 351 447   7 139 214 148
 461 473 227 425 181 249 430 232 481 276 165 398 143 480 124 288  62 235
 221 370 248 231 208 229 246 399 405 180  84 286  16 435 191 283 443 325
 108 172   5 463 280 131 161  27  78 469 134  46 331 411 417 395  97 225
 451 388  40  63  26 152 100 285 475 156 329 211 136 318 406 207  80  19
 251 423 250  87 252 268 203 392 274 456 129 305 185 121 309 239 297  79
  58  23 255 112 356 394  20 228 333 360 484 421 184 452 462 243 202 254
 424 147 237   0 150 472 115 431 477  76  33  68 497 233 458 176 160 344
 349 170  99 384 219 174 445 216 127 241 259 238  53 123 145 304 413 390
 118 169 381  32  86 500  29 168 402  67 195 365 366 412  66 316 253 429
 470  35  44 291 162 265 448 397 404 339 327  48 299 310 292 279 173 464
 278  13 319  90 102 340 410 104 260  47  59 194 482 126 159   6 212 295
 434 205 153  75 120 192 138  60  57  96 468 347 338 282 454 444 281 193
 453  82 144 422 317 247 386 362 122 307 245  18  14  42 101 345 201 387
 330 262  74 487 499 312  94 240  73   1 196 182 163 369 301 213 209 320
 354 140 218 467 488 457 382 335 377 476 244  31 495 324 436 359 155  51
 242 132 491 332  93 154 439 466 494   9  61 321 198 311 383   8 485  21
 264 271 479  17 111 385 459 314  34 372 449 197 186  69 188  30 287 391
 183 490 313  70 446 289 300 346 337 427 267 418  83 358 375]
Final time: 5.24507904053s - Best: 2035202-[342 256 375 231 249  46 257 186 363 492 133 298 245 274 370  68 308  72
 212 302   6 248  52 438  16 411 403 160 439 129 239 457 381 238 265  69
 281 203  99  93 155 307 275  70 387 279 349 251 140 453  42 163 309 285
  43 185  55 292 299 202 278  21 413  86 376 139 272 104 313 263 297 328
 196 372 344 116 179 373  44 330 301 380 216 208 109 204 215 447 152 102
 460 479 451 233 211  94 332 386 336 268 395 262  73 417  78  98 166 222
  23 107  53 153 400 283  11 462 465  24 314 401 456 371  34 476 267 188
 289  37 130 446 474 244 441 491  27 490 264 220 110 398 483 214 125 259
 143  64 418  47  29 389 209  77 396 100 433 343 406  58 206 357 252  40
 144 384 300 114  17   1  74 427 408 359 132 103 240 378  10 497 318 409
 176 480  67 325 496 421 221 345 416 358  82 181 431 419 382 436  38 146
 174 232  88 193 112 142 236 356   5 246  39 111 445   7  83  59 169  48
 113 121 198 287 353 106 135 258 321 463  84  80  32 469  41 217 444 171
 276 282 224 149   8 390 310 320 327 323 374 498 397 429 493 461 241 495
  56 184 154 230 158 464  71 364 195 394  76 266 420  62 362  81  87 210
 326 277 124  35 379  13 194  31  85 101 197 471 115 316 228 159 225 472
 199 122 340 443 260 108 405 147 205 126 250 227 312 161  75 333  14 484
 391 412  79  97 255 190  95 448 485 141 354 207 365 487  90 187 473 475
  25 254 367  57 191 269 407 156  20  54 128 294 402 253 404 157 201 467
 430 288 494 218 120 322 477 148  49 366  65 440  15  96 177 138 385 175
 410  30 223   4 284 329 458 449 415 350 247 131 338 295  36 434 119 459
 178   3 273 393 167 377 369 488   2 168  92 170  50  26 425 189  66 162
 324 311 450 347  60  45 117 481 305 351 182  28 383 319  33 136 470  22
 200 335 172 213 286 337 341 414 219 118 261 499 180 183 331 105 368 352
 437 361 173 315 424 489 229  63 271 150   0  18 235 452 127 482   9 454
 145 355 428 334 151 426 392 455 435 165 291 432 134  51 500 242 234 442
 399 423 422 346 468 360 164  61 296 280 317 270 478 137 303 348  19 243
 388 304 237 306 293 226  89  12 466 290 192 123  91 486 339]
Value - initial: 33719923, final: 2035202, improveup: 16.5683421105

data-line;i;33719923;f;2035202;t;5.24507904053;c;-2;fv;[2035202L];cv;-1;imp;16.5683421105;type;rvnd;inum;4;w;1

time;5.24507904053;man_time;0;neigh_time;0
man_time;0;man_merge_sol;0;man_best_sol;0;man_combine_sol;0

Waiting [0]
Terminating workers True 0 0
MPI TERMINATING
