pydf_home: /home/rodolfo/git/Sucuri
simple_pycuda_home: /home/rodolfo/git/simple-pycuda
wamca2016path: /home/rodolfo/git/wamca2016/
localpath: /home/rodolfo/git/dvnd-df/code/dvnd-df/src/
WAMCAPATH:/home/rodolfo/git/wamca2016/
param: {solution_index:3, solution_instance_index:90, multi_gpu:True, goal:False, problem_name:ml, number_of_moves:10, device_count:2, solver:rvnd, mpi_enabled:True, workers:1}
Using already created file:  wamca2016lib.so
Size: 318 - file name: 04_lin318.tsp

Value - initial: 93383683-[207 264  34 261  44 153 223 104 217  82 233 197 150 156 102 204 100 284
 186 295 287 302 175  33 161 187 202  19 285  12  45 317  66 231   1  91
 278 266 281 255 286  89 130 313 251  48 297 246 254  31 183 166 200 180
 237 273 172  49 315  65 263 214 129  94  97 119 240  88 121 301  57 123
 132 245  74  42 105  60 220 209 155  11 124 250 146  85 198  84 164  79
 176 236 235 165 210 114  40 296 232  39  80 230  58 145   6  18 125 206
  70 152 106 316   9  25 148  63  61 170 218 163 307 141  71 162  52  56
 262 211 116 288  47  95 140  37  17 199  30 241  90 221 201   5  35 192
 174 253 238 248 190 224 228 291  54  86 173 181 135 259 179  83 128   2
 205  81 159 310 101 194 305   3  20 196 171   4 256 144 169 126 292 304
 279 227 127 276  69  29 110  67  53 178 229 270  43 271 185 112  22  78
 113 265 107 282 133  75 182  92  38  24  73 298 111  10 151 289  16 290
 212  64 103  14   0 309 280 215 136 300 139 216 244 117  87 312 234 137
 184  77 189 115   8 118 267 188  28 154 142 226 158 213 277 314 293 252
 294  50 147 157  76 275 168  13 239  32 149 249  68 308 303  26  27  55
  21 138  72 143 177  36 268 257 219  93 131 299 283 258 247   7 160 208
 306  99 134  59  51  15 191 167  96 274  46  98 122 272 193 225 120 243
 242 109 203 195  62 260 269 222  41  23 108 311] - 93383683
Solver: RVND, number of workers: 1
Setting feeder affinity
I am the master. There are 1 mpi processes. (hostname = gpu01)
Roots [<pyDF.nodes.Feeder object at 0x7f7680d80ad0>]
Starting 0
Main loop
I am worker 0
GPU0
set random seed!
Initial: 93383683-[207 264  34 261  44 153 223 104 217  82 233 197 150 156 102 204 100 284
 186 295 287 302 175  33 161 187 202  19 285  12  45 317  66 231   1  91
 278 266 281 255 286  89 130 313 251  48 297 246 254  31 183 166 200 180
 237 273 172  49 315  65 263 214 129  94  97 119 240  88 121 301  57 123
 132 245  74  42 105  60 220 209 155  11 124 250 146  85 198  84 164  79
 176 236 235 165 210 114  40 296 232  39  80 230  58 145   6  18 125 206
  70 152 106 316   9  25 148  63  61 170 218 163 307 141  71 162  52  56
 262 211 116 288  47  95 140  37  17 199  30 241  90 221 201   5  35 192
 174 253 238 248 190 224 228 291  54  86 173 181 135 259 179  83 128   2
 205  81 159 310 101 194 305   3  20 196 171   4 256 144 169 126 292 304
 279 227 127 276  69  29 110  67  53 178 229 270  43 271 185 112  22  78
 113 265 107 282 133  75 182  92  38  24  73 298 111  10 151 289  16 290
 212  64 103  14   0 309 280 215 136 300 139 216 244 117  87 312 234 137
 184  77 189 115   8 118 267 188  28 154 142 226 158 213 277 314 293 252
 294  50 147 157  76 275 168  13 239  32 149 249  68 308 303  26  27  55
  21 138  72 143 177  36 268 257 219  93 131 299 283 258 247   7 160 208
 306  99 134  59  51  15 191 167  96 274  46  98 122 272 193 225 120 243
 242 109 203 195  62 260 269 222  41  23 108 311]
Final time: 3.2336730957s - Best: 6048194-[207 125 126 133 136 135 134 132 127 124 123 128 131 130 129 122 120 121
 118 117 109 108 210 211 215 216 219 220 224 312 229 232 237 236 233 228
 225 226 227 234 235 242 241 240 239 238 231 230 138 139 143 142 249 258
 254 257 259 264 265 266 263 260 256 253 250 251 252 255 261 262 267 271
 272 279 278 283 284 290 289 285 282 288 286 281 273 314 268 164 165 170
 169 276 277 280 287 291 292 293 294 191 192 300 301 305 306 310 311 204
 198 199 194 193 184 180 177 185 179 178 173 174 167 166 162 157 156 150
 147 146 145 148 151 155 158 161 152 149 144 153 154 159 160 163 209 168
 176 181 183 171 172 175 182 186 187 188 189  86  87 195 196 200 201 205
 206  99  93  94  98  97  92 101 100  96  95  91  90  84  85  79  75  80
  74  73  69  68  72  71  76  78  83  82  81  77  70  67  66  63 104  58
  55  54  49  47  44  48  39 103  32  31  30  29  28  21  20 102  19  22
  27  26  23  18  11  14  10   9   6   5   1   0   2   7   8  16  15  17
  24  25  35  36  41  42  40  43  46  50  53  56  45  51  52  57  61  62
  65  64  60  59  38  37  34  33 137 116 119 115 114  12  13   4   3 111
 110 106 105 107 112 113 212 217 218 214 213 222 223 243 244 247 248 317
 269 270 274 275 296 297 303 304 309 308 307 299 298 295 302 203 202 197
 190  89  88 316 315 208 140 141 313 245 246 221]
Value - initial: 93383683, final: 6048194, improveup: 15.4399285142

data-line;i;93383683;f;6048194;t;3.2336730957;c;-2;fv;[6048194L];cv;-1;imp;15.4399285142;type;rvnd;inum;3;w;1

time;3.2336730957;man_time;0;neigh_time;0
man_time;0;man_merge_sol;0;man_best_sol;0;man_combine_sol;0

Waiting [0]
Terminating workers True 0 0
MPI TERMINATING
