pydf_home: /home/rodolfo/git/Sucuri
simple_pycuda_home: /home/rodolfo/git/simple-pycuda
wamca2016path: /home/rodolfo/git/wamca2016/
localpath: /home/rodolfo/git/dvnd-df/code/dvnd-df/src/
WAMCAPATH:/home/rodolfo/git/wamca2016/
param: {solution_index:6, solution_instance_index:9, multi_gpu:True, goal:False, problem_name:ml, number_of_moves:10, device_count:2, solver:rvnd, mpi_enabled:True, workers:1}
Using already created file:  wamca2016lib.so
Size: 783 - file name: 07_rat784.tsp

Value - initial: 69763364-[388 479 177  80 654 645   1 285 176 531 646 251 364 406 127  74 262  44
 154 280 638 396 273  54 549 607 401 728 587 137 120  96 678  59 136 702
 425 489 161  99 326 141 693 515 640 331 724  84 180 415 689 346 207 635
 512 203 235 110 493 664 485 363 233 705  97 731 558 414 362 314 341  63
  28 392 185 575 283 358 470 343  50 265 142   6 657 340 145 408 475 316
 584 703 484 134 663 502 165 173 219  81 740 357 395 438 648 561 412 373
 627 194 571 382  38 432 275 171 430 727 291 376 345 498 319 651 138 284
 407 140 239  73   5 748 491 104 593 281 380 616  55 454 596 509 116 778
 256 481 767  85 261 124 653 564 521 713  25 241 268 359 450 344 715 775
 339 151 322 582 338  64 248  32 253 541 538 697 539  71 220 679 480  14
 257 188 517 688 474 457 106 754 739 403 660 692 782 125  58 389 290 468
 121 247  22 409  49 103 445 254 245  35 431 222 160 723 144 400  98 149
 455  15 229 404 277 622  68 379 592 355 360 143 626 440 117 223 681 652
 666 167 169 747 318 672 242 286 211 174 766 588 694 181 384 243 105  21
 742 633 155 461 602 119 637 527 478 195 101 668 779  19 215  69 759  31
 295  40 266 733  82 179 586 471 405 303  75 736 682 510 563 317  12 606
 313 709 263 726 650 296 690 218 687 391 187 644 603 514 562 720 337 224
 617 204 540 436 631 615  83 506 698 348 499 611 548 555 292 166 530 385
 609  45 113 214   9 190 704 230 518 422 353  62 410 299 669 157  94 696
 598 762  24 656 542 416  56 271 443 466 730 267 398 305 351 441 289 255
 745   3 394 777 534 469 769 329 508 178 370  52 199 665 565 579 591  53
 741 108  92 424 764 349 743 636 647 372 232 701 716 429 604 269 426 658
 130  72 201 496 334 494 576 288 464 544 547  11 771 321 375 123 465 399
 189  20 153 472 365  51 386 755 435 131 528 159 152 212 307 712 114 342
 570 529 191 150 252  89 585 583 170  39 578   2 581 238 490 722 417 202
 452 738  18 482 236 330 112 390  33 641 282 216 421 566 310 483 427  60
 634  57 677 763  36 147  46 749 628 618 164 761 590   8 670 300 369 264
 197 546 476  17 221 621 556 753 543 336 718  76  37 589 437 449 198 495
 442 674 402 632  66  30 605  67 750 545 671 620 659 501 175   7  91 258
 184 311 327 315 519 522  78 378 304  42 768 139 459 168 323 312 573 347
 717 505 439 135  16 557 467 350 129 525 193 600  65 630 259  13 354 625
 608 367 520 624 413 451 537 446 599 757 497 249 629 122  23 272 719 487
 126 183 577 710 752 423  90 675 594 458 488  70 524 500 708 676 532 667
 206  88 107 507 572 746 420 270 294 111 554 433 278 246 276 456 580 721
 662  41 661 320 332 774 614 133 781 325 751 649 225 158 744 732  27 691
 397  87 228 333  34 244 513 109 146 100 208 356 597 492  48 240 619 148
 302 780 335 685 533 772 560 118 613 707 352   0 213 536 132 643 684 776
   4 535 765 192 156 297 453 601 328 773 260 729 448 642 381 760 411 714
 503 655 550 725 569 639 200 683 511 526 612 447 217 128 673 428 434  26
 205 293 368 102 516 686 308 298 366 568 567  93 162 552  29 182 473 374
  95 231 460 699 486 711 196 234 287 387  61 595 210 250 770  86 163 309
 186 680 700  43 227 383 504 758 462 371 734 418 237 301  77 377 172 523
  79 306  10 574 226 324 393 361 756 209 419 737 559 279  47 115 695 444
 706 553 735 623 274 477 463 610 551] - 69763364
Solver: RVND, number of workers: 1
Setting feeder affinity
I am the master. There are 1 mpi processes. (hostname = gpu01)
Roots [<pyDF.nodes.Feeder object at 0x7f7c65481ad0>]
Starting 0
Main loop
I am worker 0
GPU0
set random seed!
Initial: 69763364-[388 479 177  80 654 645   1 285 176 531 646 251 364 406 127  74 262  44
 154 280 638 396 273  54 549 607 401 728 587 137 120  96 678  59 136 702
 425 489 161  99 326 141 693 515 640 331 724  84 180 415 689 346 207 635
 512 203 235 110 493 664 485 363 233 705  97 731 558 414 362 314 341  63
  28 392 185 575 283 358 470 343  50 265 142   6 657 340 145 408 475 316
 584 703 484 134 663 502 165 173 219  81 740 357 395 438 648 561 412 373
 627 194 571 382  38 432 275 171 430 727 291 376 345 498 319 651 138 284
 407 140 239  73   5 748 491 104 593 281 380 616  55 454 596 509 116 778
 256 481 767  85 261 124 653 564 521 713  25 241 268 359 450 344 715 775
 339 151 322 582 338  64 248  32 253 541 538 697 539  71 220 679 480  14
 257 188 517 688 474 457 106 754 739 403 660 692 782 125  58 389 290 468
 121 247  22 409  49 103 445 254 245  35 431 222 160 723 144 400  98 149
 455  15 229 404 277 622  68 379 592 355 360 143 626 440 117 223 681 652
 666 167 169 747 318 672 242 286 211 174 766 588 694 181 384 243 105  21
 742 633 155 461 602 119 637 527 478 195 101 668 779  19 215  69 759  31
 295  40 266 733  82 179 586 471 405 303  75 736 682 510 563 317  12 606
 313 709 263 726 650 296 690 218 687 391 187 644 603 514 562 720 337 224
 617 204 540 436 631 615  83 506 698 348 499 611 548 555 292 166 530 385
 609  45 113 214   9 190 704 230 518 422 353  62 410 299 669 157  94 696
 598 762  24 656 542 416  56 271 443 466 730 267 398 305 351 441 289 255
 745   3 394 777 534 469 769 329 508 178 370  52 199 665 565 579 591  53
 741 108  92 424 764 349 743 636 647 372 232 701 716 429 604 269 426 658
 130  72 201 496 334 494 576 288 464 544 547  11 771 321 375 123 465 399
 189  20 153 472 365  51 386 755 435 131 528 159 152 212 307 712 114 342
 570 529 191 150 252  89 585 583 170  39 578   2 581 238 490 722 417 202
 452 738  18 482 236 330 112 390  33 641 282 216 421 566 310 483 427  60
 634  57 677 763  36 147  46 749 628 618 164 761 590   8 670 300 369 264
 197 546 476  17 221 621 556 753 543 336 718  76  37 589 437 449 198 495
 442 674 402 632  66  30 605  67 750 545 671 620 659 501 175   7  91 258
 184 311 327 315 519 522  78 378 304  42 768 139 459 168 323 312 573 347
 717 505 439 135  16 557 467 350 129 525 193 600  65 630 259  13 354 625
 608 367 520 624 413 451 537 446 599 757 497 249 629 122  23 272 719 487
 126 183 577 710 752 423  90 675 594 458 488  70 524 500 708 676 532 667
 206  88 107 507 572 746 420 270 294 111 554 433 278 246 276 456 580 721
 662  41 661 320 332 774 614 133 781 325 751 649 225 158 744 732  27 691
 397  87 228 333  34 244 513 109 146 100 208 356 597 492  48 240 619 148
 302 780 335 685 533 772 560 118 613 707 352   0 213 536 132 643 684 776
   4 535 765 192 156 297 453 601 328 773 260 729 448 642 381 760 411 714
 503 655 550 725 569 639 200 683 511 526 612 447 217 128 673 428 434  26
 205 293 368 102 516 686 308 298 366 568 567  93 162 552  29 182 473 374
  95 231 460 699 486 711 196 234 287 387  61 595 210 250 770  86 163 309
 186 680 700  43 227 383 504 758 462 371 734 418 237 301  77 377 172 523
  79 306  10 574 226 324 393 361 756 209 419 737 559 279  47 115 695 444
 706 553 735 623 274 477 463 610 551]
Final time: 14.1733458042s - Best: 3419555-[388 391 404 425 429 423 419 407 408 409 418 430 434 440 447 436 433 415
 380 385 379 374 359 353 335 329 325 317 310 302 291 280 268 249 232 231
 239 223 207 201 203 186 183 161 155 150 135 110 106  80  66  45  40  22
   1   6  17  46  52  57  64  82  93  97  94  88  73  76 101 104 107 117
 125 120 123 143 158 153 166 188 190 202 219 240 251 244 260 278 283 295
 296 303 297 308 323 333 330 341 361 360 348 336 337 339 347 350 363 372
 382 399 401 413 414 431 445 458 473 479 488 492 464 474 487 501 508 524
 527 536 543 531 544 548 545 537 549 573 566 581 591 594 607 582 584 601
 619 622 624 634 642 662 655 657 676 681 686 710 713 711 728 752 743 727
 714 702 695 693 701 707 715 723 741 751 755 740 722 729 730 726 700 699
 709 694 698 719 718 736 753 754 747 739 748 749 762 769 761 765 773 772
 776 778 767 758 756 757 764 759 744 735 731 742 738 721 697 712 706 683
 668 665 650 645 652 653 661 672 663 666 667 673 675 669 646 636 615 605
 592 603 614 628 631 641 638 630 632 613 604 574 570 571 572 558 552 542
 526 521 496 495 493 475 463 469 468 466 476 482 490 499 500 506 504 520
 534 535 540 541 557 564 569 576 600 599 583 590 586 602 608 621 629 635
 660 648 656 680 691 690 674 689 679 684 678 670 647 651 658 677 687 708
 704 717 734 746 733 737 724 703 696 682 671 664 639 637 623 595 575 567
 559 547 532 525 510 498 481 471 435 428 422 444 451 452 457 465 483 484
 485 491 507 511 516 505 529 533 550 553 561 578 579 585 593 596 597 611
 626 633 643 640 618 612 598 589 568 560 538 539 546 530 517 518 512 494
 472 455 448 459 462 454 432 421 396 406 400 389 386 381 365 357 343 334
 326 318 316 293 277 272 273 247 248 226 221 230 229 204 194 195 174 159
 154 146 138 122 116 109  96  87  55  48  51  24  14   0  16  36  44  56
  69  79  99 119 132 136 142 139 127  98  84  70  63  58  60  67  85  81
  71  91 102  92  89  77  68  43  54  59  65  74  86  83  78 100 105 108
 113 121 133 134 148 141 147 144 157 165 167 169 173 177 191 206 222 213
 193 180 176 170 192 198 217 233 253 237 246 263 264 279 284 314 313 328
 340 354 356 366 393 403 405 412 443 460 461 489 503 515 522 502 478 480
 470 477 467 453 446 450 441 427 420 398 395 373 368 378 377 397 411 402
 387 384 367 319 307 309 287 270 271 262 259 282 281 286 300 311 294 321
 320 306 299 289 292 315 331 349 346 369 376 392 375 364 352 345 324 305
 290 267 257 258 224 211 210 208 218 236 250 252 261 274 256 243 228 227
 196 187 182 200 212 220 225 209 172 164 163 137 149 128 129 140 131 130
 118 112 103  90  95  72  42  37  39   5  12  10   3  33  27  23  26  25
  20  15  31  50  41  53  61  49  34  13  21  30  19  35  29   7  18   4
   2   9   8  11  32  28  38  47  62  75 111 115 151 160 152 126 114 124
 145 171 179 185 184 214 215 234 241 235 238 245 254 275 276 269 265 288
 304 312 301 327 342 355 358 351 362 383 394 424 442 437 370 338 322 298
 285 266 255 242 197 178 175 162 168 156 181 189 199 205 216 332 344 371
 390 410 417 416 438 456 514 528 551 556 562 563 555 565 577 587 606 616
 627 620 685 688 692 649 617 609 588 580 523 519 513 486 449 439 426 497
 509 554 716 750 766 770 774 782 781 763 780 779 745 725 720 732 775 771
 777 768 760 705 659 654 644 625 610]
Value - initial: 69763364, final: 3419555, improveup: 20.4012989994

data-line;i;69763364;f;3419555;t;14.1733458042;c;-2;fv;[3419555L];cv;-1;imp;20.4012989994;type;rvnd;inum;6;w;1

time;14.1733458042;man_time;0;neigh_time;0
man_time;0;man_merge_sol;0;man_best_sol;0;man_combine_sol;0

Waiting [0]
Terminating workers True 0 0
MPI TERMINATING
