pydf_home: /home/rodolfo/git/Sucuri
simple_pycuda_home: /home/rodolfo/git/simple-pycuda
wamca2016path: /home/rodolfo/git/wamca2016/
localpath: /home/rodolfo/git/dvnd-df/code/dvnd-df/src/
WAMCAPATH:/home/rodolfo/git/wamca2016/
param: {solution_index:5, solution_instance_index:61, multi_gpu:True, goal:False, problem_name:ml, number_of_moves:10, device_count:2, solver:rvnd, mpi_enabled:True, workers:1}
Using already created file:  wamca2016lib.so
Size: 657 - file name: 06_d657.tsp

Value - initial: 277753103-[562 631 645 329 489 416 444 483 264   2 262 473 497 359 459 205 557  38
 341 395 289 336  73 521 627 554  32 617  40 396 250 599 572 653  65 578
  91 456 461 591 409  99 357 318 508 579 364 513  62 127 412  22 386 323
 247 345 180 406 462 214 229 270 624 190 300 546 277 389 248 415 290 220
 566 535 620 574 313 353 374 432 445 195 265 458 410 274 532  82 142 530
 343 493 596  26 465  13 638 372 640 115 149 100 592 646 206 383 281 219
 160  94 304 639 655  68  60  93 224  56  43 249  88 610 593 475 246 288
 613 496 232 587 275 255 611 507  86  92 138 403 559 238 635  29  74 511
 604 492 308 267 649 305 595  18 569 555 430 564 324 319 113 198 244 519
 346 121 472 398 517 525 506  81 577 429 370 384 339 144 424 382 547 540
 152 194 284 435 107 272 542 615 261 524 437 119 330 228 362 355 174 369
 385 629 371 169 216 413 514 452 241 120 449 388 112  15 500 201 118 139
 337 598   6  39 602 585  50 503 367  17 102  36 590 549   5 210 586 108
 411 448 480 570  27 360 327  58 454 588 622 326 616  45 425 625 140  83
 420 529 258 173 351 460 533 307 334 342 550 148 301 129 538 558 527 495
 271 242 528 165  30 252 150 124 618  59  20  67 179   3 419 378 576 230
 109 245  90 567 302 539 607 373 481 426  87 217 380 251 170 189 512 196
 185 400 594 200 484 110 644 526 537  28 450 221 417 293 601 156 151 565
 580 654  47 647 338 650 187   7 560 223  41  80 499  31 349 468 145 642
  98  72  71 235 575  21  34 381 634 257 571 132 488 464 510  70 197 211
 453 269 504 589 240 418 311 133 233 186 227 643 477 609 344 309 254 199
 283 632 423 193  16 621 534 350 544 356 340 176 291 581 600 253 239 131
  57 422 361 482 487 134 298 203 114  79 523 491  52 204 428 626 363 391
   9 282 619 234 184 573 433  78 390  97 260 442 158  61 157 321   0 126
 509 470 392 478 213 471 286 178  23 101 188 541  14 479 494 285  63 597
 501 207  89 561 171 287 259 505  49 368 366 116 623 191 292 183 166  85
  69 439  66  64 322 414 154 332 466 467 377 434 545 605 402 222 303 314
 354 273 276 182  35 125 455 637 212 553 556 299 652   1 394 316  96  76
 656   4 333  10 463 379 208 331 279 582 633  48 117 192 328  55  84 648
 312 603 202  12 310 123 440 164 431 266 447 443  24  11  42  51 485 568
 584 502 104 162 280 486 551 376 155 612  44 469 237 628 135  75 141 641
 263 405 606 215 317 168 122 163 476 408 137 387 128 103 209 651 543 146
 457 358 451 563  46 548 105 630 218 438  19 421  54 436 375 427 365 583
 393 518 348 531 636 325 614 608 231 226 516  77 297 520 161  25 153 243
  33 315 352 441 296 320 397 278 404 167 136 177  37 474 522 498  95 294
 147 111 130 236  53 268 347 106 306 256 401 552 159 407 181 490 295 515
 399 335   8 172 175 446 143 225 536] - 277753103
Solver: RVND, number of workers: 1
Setting feeder affinity
I am the master. There are 1 mpi processes. (hostname = gpu01)
Roots [<pyDF.nodes.Feeder object at 0x7fa71974aad0>]
Starting 0
Main loop
I am worker 0
GPU0
set random seed!
Initial: 277753103-[562 631 645 329 489 416 444 483 264   2 262 473 497 359 459 205 557  38
 341 395 289 336  73 521 627 554  32 617  40 396 250 599 572 653  65 578
  91 456 461 591 409  99 357 318 508 579 364 513  62 127 412  22 386 323
 247 345 180 406 462 214 229 270 624 190 300 546 277 389 248 415 290 220
 566 535 620 574 313 353 374 432 445 195 265 458 410 274 532  82 142 530
 343 493 596  26 465  13 638 372 640 115 149 100 592 646 206 383 281 219
 160  94 304 639 655  68  60  93 224  56  43 249  88 610 593 475 246 288
 613 496 232 587 275 255 611 507  86  92 138 403 559 238 635  29  74 511
 604 492 308 267 649 305 595  18 569 555 430 564 324 319 113 198 244 519
 346 121 472 398 517 525 506  81 577 429 370 384 339 144 424 382 547 540
 152 194 284 435 107 272 542 615 261 524 437 119 330 228 362 355 174 369
 385 629 371 169 216 413 514 452 241 120 449 388 112  15 500 201 118 139
 337 598   6  39 602 585  50 503 367  17 102  36 590 549   5 210 586 108
 411 448 480 570  27 360 327  58 454 588 622 326 616  45 425 625 140  83
 420 529 258 173 351 460 533 307 334 342 550 148 301 129 538 558 527 495
 271 242 528 165  30 252 150 124 618  59  20  67 179   3 419 378 576 230
 109 245  90 567 302 539 607 373 481 426  87 217 380 251 170 189 512 196
 185 400 594 200 484 110 644 526 537  28 450 221 417 293 601 156 151 565
 580 654  47 647 338 650 187   7 560 223  41  80 499  31 349 468 145 642
  98  72  71 235 575  21  34 381 634 257 571 132 488 464 510  70 197 211
 453 269 504 589 240 418 311 133 233 186 227 643 477 609 344 309 254 199
 283 632 423 193  16 621 534 350 544 356 340 176 291 581 600 253 239 131
  57 422 361 482 487 134 298 203 114  79 523 491  52 204 428 626 363 391
   9 282 619 234 184 573 433  78 390  97 260 442 158  61 157 321   0 126
 509 470 392 478 213 471 286 178  23 101 188 541  14 479 494 285  63 597
 501 207  89 561 171 287 259 505  49 368 366 116 623 191 292 183 166  85
  69 439  66  64 322 414 154 332 466 467 377 434 545 605 402 222 303 314
 354 273 276 182  35 125 455 637 212 553 556 299 652   1 394 316  96  76
 656   4 333  10 463 379 208 331 279 582 633  48 117 192 328  55  84 648
 312 603 202  12 310 123 440 164 431 266 447 443  24  11  42  51 485 568
 584 502 104 162 280 486 551 376 155 612  44 469 237 628 135  75 141 641
 263 405 606 215 317 168 122 163 476 408 137 387 128 103 209 651 543 146
 457 358 451 563  46 548 105 630 218 438  19 421  54 436 375 427 365 583
 393 518 348 531 636 325 614 608 231 226 516  77 297 520 161  25 153 243
  33 315 352 441 296 320 397 278 404 167 136 177  37 474 522 498  95 294
 147 111 130 236  53 268 347 106 306 256 401 552 159 407 181 490 295 515
 399 335   8 172 175 446 143 225 536]
Final time: 11.6952290535s - Best: 14460003-[562 561 628 552 545 546 547 548 553 554 555 550 549 543 544 631 632 633
 634 636 637 641 640 638 639 635 541 540 539 538 537 536 534 535 532 531
 529 523 533 530 524 522 525 526 527 521 519 520 474 475 457 456 473 459
 460 455 454 451 452 450 453 448 449 442 441 443 446 447 445 444  19  18
  13  17  16  20  22  29  30  27  26  23 440  25  31  37  34 469 463 462
 466 468 464 458 461 465 467 471 483 472 482 486 485 480 481 484 488 487
 490 491 494 497  95  87  88  89  94  83  76  67  56  62  51  47  61  66
  43  38  42  46  58  70  90 104  86  92  99 113 119 103  85  72  69  59
  55  48  52  57  65  50  54  49  44  45  35  32  33  36  39  41  63  68
  73  77  74  84 101 116 128 130 137 155 168 172 178 185 195 197 199 198
 191 186 180 181 187 165 140 132 115  93  98  97  91 102 114 118 157 169
 171 170 161 148 139 147 154 149 121 105  80  71  75  81  82  96 100 107
 106 112 122 111 110 123 108 109 144 145 127 124 505 506 125 135 126 504
 499 502 503 501 500 507 133 136 159 173 183 194 200 201 202 229 246 257
 586 581 582 583 584 585 587 588 594 597 596 591 595 601 605 606 610 607
 600 598 279 592 280 273 258 266 580 213 182 189 174 193 203 205 212 216
 222 245 265 278 281 301 295 302 319 330 343 336 316 329 315 314 313 328
 339 366 368 374 376 379 384 363 359 352 332 338 344 353 362 367 382 392
 412 407 403 394 413 406 402 395 385 357 351 358 373 378 396 410 414 405
 401 386 377 365 369 350 326 320 310 311 327 333 318 312 305 304 284 259
 255 243 228 250 242 226 224 207 219 214 208 221 247 251 227 252 270 276
 268 260 241 232 215 225 236 248 254 275 287 292 294 325 321 309 308 303
 299 293 288 240 234 253 239 238 230 220 218 217 209 206 196 190 164 162
 142 129  79  64  60  53   7  24  21  15  14  12  11   9   8  10   1   2
   3   4   5   6  78 117 131 138 156 163 210 235 231 237 269 289 298 290
 271 261 263 264 307 317 322 341 347 371 390 416 409 420 437 439 421 415
 404 400 398 391 372 361 345 335 340 323 324 334 346 389 397 388 370 364
 348 342 349 387 430 435 432 423 431 424 419 425 433 434 429 417 411 428
 418 393 381 383 380 375 354 360 355 331 356 337 306 297 296 285 282 267
 256 244 233 274 286 283 272 291 277 249 223 192 188 176 167 153 158 166
 179 184 177 150 143 151 146 134 496 498 493 495 492 489 479 476 477 478
 515 514 518 517 516 513 512 528 509 508 510 511 559 556 551 557 558 563
 560 564 565 566 570 574 578 589 608 602 611 612 613 615 616 617 618 620
 622 408 426 427 624 625 619 623 621 614 609 604 603 599 593 590 579 575
 656 655 654 653 652 648 647 645 646 644 643 642 630 629 649 650 651 627
 626 572 568 569 571 576 577 573 567 160 152 175 211 300 436 422 438 399
 262 141 204 120  40  28 470 542   0]
Value - initial: 277753103, final: 14460003, improveup: 19.2083710494

data-line;i;277753103;f;14460003;t;11.6952290535;c;-2;fv;[14460003L];cv;-1;imp;19.2083710494;type;rvnd;inum;5;w;1

time;11.6952290535;man_time;0;neigh_time;0
man_time;0;man_merge_sol;0;man_best_sol;0;man_combine_sol;0

Waiting [0]
Terminating workers True 0 0
MPI TERMINATING
