pydf_home: /home/rodolfo/git/Sucuri
simple_pycuda_home: /home/rodolfo/git/simple-pycuda
wamca2016path: /home/rodolfo/git/wamca2016/
localpath: /home/rodolfo/git/dvnd-df/code/dvnd-df/src/
WAMCAPATH:/home/rodolfo/git/wamca2016/
param: {solution_index:2, solution_instance_index:14, multi_gpu:True, goal:False, problem_name:ml, number_of_moves:10, device_count:2, solver:rvnd, mpi_enabled:True, workers:1}
Using already created file:  wamca2016lib.so
Size: 226 - file name: 03_pr226.tsp

Value - initial: 191208914-[  4 121 195 117  21 114 180  30  25  78  66 101  17  53 159 201 139 102
 146 106 206 191 210  27  31   7 128 217  45 123  74 177  36  41 188  39
  70 172 190 173 163 152 205  56  20 174 224 156 194 196 138 167 170  48
   0  65 209  61   1  82 147  23   6  43 197  14 100  84  42  92 144 131
 116 148  55 143 136  19  54  38 135 141 145  63 150 104  80 216 154 193
  33 199  68 105  24 115 207 160  85 130 133  67  87  86  88  16 220  94
 162 211  99  76 185  93  13 124 225 198 126  28 158  97 178 221  34 182
 112 165  72 157 107  96  62  91  71  69 213  35 164 119  98 171 204 200
  77 122   3  22 120  18  44 186  95  12 151 127  90 203  83  75 179 113
 137 103 140  57 181 134 218  46 192 223  37   8 215 111  32 108 214  11
 153  89  59 219 149  58  51 110 175  79 168 212 109  50 187  40 183 161
 208 118 176 184 189  60 125  29   5  81 169  10 129 202  49  26 166   9
  52 142  15  73 155 132  47 222  64   2] - 191208914
Solver: RVND, number of workers: 1
Setting feeder affinity
I am the master. There are 1 mpi processes. (hostname = gpu01)
Roots [<pyDF.nodes.Feeder object at 0x7f764e376ad0>]
Starting 0
Main loop
I am worker 0
GPU0
set random seed!
Initial: 191208914-[  4 121 195 117  21 114 180  30  25  78  66 101  17  53 159 201 139 102
 146 106 206 191 210  27  31   7 128 217  45 123  74 177  36  41 188  39
  70 172 190 173 163 152 205  56  20 174 224 156 194 196 138 167 170  48
   0  65 209  61   1  82 147  23   6  43 197  14 100  84  42  92 144 131
 116 148  55 143 136  19  54  38 135 141 145  63 150 104  80 216 154 193
  33 199  68 105  24 115 207 160  85 130 133  67  87  86  88  16 220  94
 162 211  99  76 185  93  13 124 225 198 126  28 158  97 178 221  34 182
 112 165  72 157 107  96  62  91  71  69 213  35 164 119  98 171 204 200
  77 122   3  22 120  18  44 186  95  12 151 127  90 203  83  75 179 113
 137 103 140  57 181 134 218  46 192 223  37   8 215 111  32 108 214  11
 153  89  59 219 149  58  51 110 175  79 168 212 109  50 187  40 183 161
 208 118 176 184 189  60 125  29   5  81 169  10 129 202  49  26 166   9
  52 142  15  73 155 132  47 222  64   2]
Final time: 8.87727284431s - Best: 7132810-[  4   5   6   8   9  13  14  10  11  12  70  67  68  69 102 110 111 104
 103 112 113 105 106 114 115 107 108 116 117 109 118 125 127 119 120 126
 128 121 122 130 129 123 131 124 225 224 223 222 221 220 219 218 217 216
 215 214 213 212 211 210 209 208 207 206 205 204 203 202 201 200 199 198
 197 196 195 194 193 192 191 190 189 188 187 186 185 184 183 182 181 180
 179 178 177 176 175 174 173 172 171 170 169 168 167 166 165 164 163 162
 161 160 159 158 157 156 155 154 153 152 151 150 144 146 148 147 149 142
 141 140 139 138 137 145 143 136 101  93  92 100  99  91  90  98  97  89
  87  96  95  88  86  94  62  61  60  59  58  57  56  55  54  53  52  51
  50  49  21  22  23  24  25  26  28  29  33  34  30  31  32  35  36  43
  45  44  47  48  27  20  19  18  17  16  15   7   3   2   1   0  72  73
  74  75  76  77  78  79  80  81  82  83  84  85  71  66  64  65  63 132
 133 134 135  46  42  41  38  37  39  40]
Value - initial: 191208914, final: 7132810, improveup: 26.8069546224

data-line;i;191208914;f;7132810;t;8.87727284431;c;-2;fv;[7132810L];cv;-1;imp;26.8069546224;type;rvnd;inum;2;w;1

time;8.87727284431;man_time;0;neigh_time;0
man_time;0;man_merge_sol;0;man_best_sol;0;man_combine_sol;0

Waiting [0]
Terminating workers True 0 0
MPI TERMINATING
