pydf_home: /home/rodolfo/git/Sucuri
simple_pycuda_home: /home/rodolfo/git/simple-pycuda
wamca2016path: /home/rodolfo/git/wamca2016/
localpath: /home/rodolfo/git/dvnd-df/code/dvnd-df/src/
WAMCAPATH:/home/rodolfo/git/wamca2016/
param: {solution_index:4, solution_instance_index:9, multi_gpu:True, goal:False, problem_name:ml, number_of_moves:10, device_count:2, solver:rvnd, mpi_enabled:True, workers:1}
Using already created file:  wamca2016lib.so
Size: 501 - file name: 05_TRP-S500-R1.tsp

Value - initial: 32084410-[ 34 334 191 396 231 259 155  93 106 384  90 379 278 132  85 337 117  44
 312 447 246 185 387  61 359  99 313 107 303 307 349 459 145 227 247 275
 251 273 241 477 495 368 487 236 162 182 309  20 324 254 165 225 252 228
 348 393 122 174 369 468 136 184 490  59 129  13 480 469 121 130 470  29
 325 320 435 311 318  81  80 177 295 220 370 497 277 187 151 125 103 282
 267 264 441 169 358  42 448  78 492 491 479 153 386 373 488  56 420 391
 364 407 499 352 342 143 474 323 361  86 452 449 327 439 362  75 398 500
 380  74  69 249  10 341 209 460 363 163 463 399 240 425 498 170 397  54
 105 212 248 219 128 183 100 330 226 168 229 218 292  94 481 189 326 115
 290 261  84 114  58  53 197 433   5  32 405 239  96  68 111 308  88 340
  39 450  87 199 454  21 215 296 281 194  38 457 353 140 149 306 357 329
 332 118 300 234 298 466 289   8 464 294   9  66 211  45 319 430 245 109
 446  70 453 473 485  64 345 301  82 419 478 101 494  26 134  25 427 402
 346 465 395 388 271  51  36 413  46   0 262 201  16 476  48 462  89 210
 394 385  52  71  76   4   3  18  97  12 123   7  23 408  95 113 377 437
 415  33 444  17 156 133 351 355 336 213 135 167 456  35 224 417 343 269
 242  41 207 161 137 255 493 333 232 472 214  77  14 203 258 112 178 250
 158 160 195 110 366 126 482 119 164  27 304 157 102  91 484 257  72 127
 483  98 302 265 216 287 181 171 116 344 443  22 339 451 428 284 455  50
 222 315 367 192 411 350 331 382 286 400 317  15  37 206  62 461 268   1
 159 188 445 471 256 104 291 404 238 243 280 108 190  47 434 233 175 354
 383 230 196  73 401 496 152  57 424 321 375 179 392 360 141 310 418 276
 421  92 378 328 279 131  24 458 148 244 202 144 335 172 283 429 475  28
 438 414 305 176 374 406 376 409 316 288 356 293 389 365 426  43  63 139
 467 217 440 263 173 120 314 147 489 200 235  30 237 253  67 266 390 442
 285 422  79 347 150 371 381 436  60  55 410   6  83 208 403 431 221 142
 297   2  40 432 412 166 274 372 154 299 186 180 198 205 338 223 146  49
  11 260 272 423 486  31 416 322 204 138  65 193 270  19 124] - 32084410
Solver: RVND, number of workers: 1
Setting feeder affinity
I am the master. There are 1 mpi processes. (hostname = gpu01)
Roots [<pyDF.nodes.Feeder object at 0x7f09ad391ad0>]
Starting 0
Main loop
I am worker 0
GPU0
set random seed!
Initial: 32084410-[ 34 334 191 396 231 259 155  93 106 384  90 379 278 132  85 337 117  44
 312 447 246 185 387  61 359  99 313 107 303 307 349 459 145 227 247 275
 251 273 241 477 495 368 487 236 162 182 309  20 324 254 165 225 252 228
 348 393 122 174 369 468 136 184 490  59 129  13 480 469 121 130 470  29
 325 320 435 311 318  81  80 177 295 220 370 497 277 187 151 125 103 282
 267 264 441 169 358  42 448  78 492 491 479 153 386 373 488  56 420 391
 364 407 499 352 342 143 474 323 361  86 452 449 327 439 362  75 398 500
 380  74  69 249  10 341 209 460 363 163 463 399 240 425 498 170 397  54
 105 212 248 219 128 183 100 330 226 168 229 218 292  94 481 189 326 115
 290 261  84 114  58  53 197 433   5  32 405 239  96  68 111 308  88 340
  39 450  87 199 454  21 215 296 281 194  38 457 353 140 149 306 357 329
 332 118 300 234 298 466 289   8 464 294   9  66 211  45 319 430 245 109
 446  70 453 473 485  64 345 301  82 419 478 101 494  26 134  25 427 402
 346 465 395 388 271  51  36 413  46   0 262 201  16 476  48 462  89 210
 394 385  52  71  76   4   3  18  97  12 123   7  23 408  95 113 377 437
 415  33 444  17 156 133 351 355 336 213 135 167 456  35 224 417 343 269
 242  41 207 161 137 255 493 333 232 472 214  77  14 203 258 112 178 250
 158 160 195 110 366 126 482 119 164  27 304 157 102  91 484 257  72 127
 483  98 302 265 216 287 181 171 116 344 443  22 339 451 428 284 455  50
 222 315 367 192 411 350 331 382 286 400 317  15  37 206  62 461 268   1
 159 188 445 471 256 104 291 404 238 243 280 108 190  47 434 233 175 354
 383 230 196  73 401 496 152  57 424 321 375 179 392 360 141 310 418 276
 421  92 378 328 279 131  24 458 148 244 202 144 335 172 283 429 475  28
 438 414 305 176 374 406 376 409 316 288 356 293 389 365 426  43  63 139
 467 217 440 263 173 120 314 147 489 200 235  30 237 253  67 266 390 442
 285 422  79 347 150 371 381 436  60  55 410   6  83 208 403 431 221 142
 297   2  40 432 412 166 274 372 154 299 186 180 198 205 338 223 146  49
  11 260 272 423 486  31 416 322 204 138  65 193 270  19 124]
Final time: 3.61353206635s - Best: 2023306-[ 34 371 456 465  24 462 283  11 314 401 127 482 474 446 130  37 244 441
  27 491 289 188 267 476  85 110 220 264 101 490 197 159 228 471 316 115
 425 143 259 125 398 105  31  35 379  13 194 500 242 234 442 399 423 361
  56 495 241 461 493 429 397 498 374 323 173 315 424 400 153 107  53 271
  63 229 489 296 280 317 478 137 263 313 104 272 139 376  86 413  21 278
 202 299 292 297 328 372 196  55 185  43 285 309 163  42 453 140 251 349
 279 387  70 275 307 155 466 281 203  93  99 290  69 265 238 381 457 226
 239 129 439 160 403  16 411 447 215 204 109 208 380 216 451 233 211  94
 332 479 460 102 152 438  52 248   6 302 212 293 306 304  14 484 161  75
 333 227 250 126 205 426 312 391  79 412 473 187  90 475  25 487 365 207
 485 141 354  95 255 190 448 288 494 430 467 201 157 404  57 367 435 455
 392 147 405 108 151 334 428 355 145 363 492 133 298 245 274 370 388  68
 308  72 268 336 386 395 262 243  19 301 330  44 373 179 116 344 303 235
  18   0 452  78  73 417 186 257  46 231 375 256 342 249  98 166 222  23
 327 320 310 390   8 149 224 282 171 276 164 135 106 258 321 121 113  48
 463  80  84 217  32 469  41 486  83   7 445 111  39 246 193  88 112 142
 236   5 356 339  59 169 198 287 154 230 468 346  76 394 195 158 464  71
 364 232 174 146  38 436 382 419 431 181  82 358 416 345 496 421 221 420
 266  62 362  81 325  67 480 300 384 114  17   1 144  40 252 357 206  58
 406 433 343 337 286 213 172 335 341 414 219 261 118 100  77 396 180 183
 240 103 132 359 408 427  74 318 409 176 497  10 378 331 483 214  64 418
  47  29 389 209  66 189  26  50 170  92 168   2 488 377 369 450 311 162
 324  60 347  45 383  28 182 351 305 481 117 167 393   3 273 434  36 119
 459 178   4 223  30  54 128 294  20 329 284 295 338 131 247 350 415 458
 449 432 269 191 407 156 253 402 410 175 385 138  96  15 440  65 366  49
 148 477 322 120 218 177 254 165 291 134 122  51 199 472 340 443 260 454
   9 225 499 319  33 136 470 200  22 368 124 277 352 210  87 326 437 422
 184 353 360 444  91 123 192  61 270 150 348  12  89 237  97]
Value - initial: 32084410, final: 2023306, improveup: 15.8574185022

data-line;i;32084410;f;2023306;t;3.61353206635;c;-2;fv;[2023306L];cv;-1;imp;15.8574185022;type;rvnd;inum;4;w;1

time;3.61353206635;man_time;0;neigh_time;0
man_time;0;man_merge_sol;0;man_best_sol;0;man_combine_sol;0

Waiting [0]
Terminating workers True 0 0
MPI TERMINATING
