pydf_home: /home/rodolfo/git/Sucuri
simple_pycuda_home: /home/rodolfo/git/simple-pycuda
wamca2016path: /home/rodolfo/git/wamca2016/
localpath: /home/rodolfo/git/dvnd-df/code/dvnd-df/src/
WAMCAPATH:/home/rodolfo/git/wamca2016/
param: {solution_index:4, solution_instance_index:89, multi_gpu:True, goal:False, problem_name:ml, number_of_moves:10, device_count:2, solver:rvnd, mpi_enabled:True, workers:1}
Using already created file:  wamca2016lib.so
Size: 501 - file name: 05_TRP-S500-R1.tsp

Value - initial: 32209306-[143 175 187 117 471 250 463 107 259 497 137 359 360 298  14 245 344 425
 207 345 481 409 223 300 170 276 151 164 180 294 267 484 177 422  99 340
 264 287 374  50 338 138  98  59 275 325 237  25 282 202  78 210 455 240
 450  87 306 235 278 364 144  66 464 342  46 191   6 280 266  74 324 102
 150 362 339 132 411 179 449  71 440 460  51 112 331 254 467 405 465  88
 208 149 109 323 407 319  85  39 438 283 274  82 354 201 141 341 333 178
 316  30 263 435 215 253 428 188 136 483 309 336  94 429  62 285 162 122
 468 199 313  58 444 480 399  42 476 482 116 427 209  79 224  15 100   0
 412 432 189 348 139 424  48  41 326  77  70  37  72 371  18  38  97 498
 218 247 243 238  16 381 252 367 446 295 408  44 318 227 361  17 418 135
 246 111  47  29 108 372 496 370 329 268 157 472  93  95   9  96 195 257
 322 363 351 353 369 332 397 491 241 168 352 279 249 437 415   5 492 126
 439 166 213 366 457 445 182 466 402 499 197  43 358 121  11 128 124  84
 456 194   4 419 125 436 103  34  23 417 290 225  40 473 183 242 251  24
 386 337 171  57 256 459 296 115 413 447 284 159 392 229 271 423  75   3
 172 462 105 307 335 261 119 176 461 161 388 395 304  32 281 396 382 230
 378  81 217 258 347 234 375 486 394  53 311   2 248 487 426 262 155 236
  13   7  60 140 410 233 214 277 184 114 458 185 146 265 389 205 232 488
 286 131 475 120 380  19 293 400 288 127 430 212 434 152 289 320 441 301
 451 123 270  52 365  12 113 147 305 478 272 312 469  33 490 203 350 101
 376  20 452 154 343 420 433 134 204  54 142 299 334 454 493  49  86 442
 190 211 156  68 160 500  73  28 292 356 489 129  91 198 431 302 310 470
 133 421 401  56  67 219 169   8  45 106  21 163 403 130 165 255  65 104
 404 315 221 416 196 239 110 291 244  69 222 368 206 479 398 314 453 200
 153 167 216 321 406 477 260 443 387  27 346  61 383   1 118 186 220 226
 303 377 448  90 269  31  22 485  36 231 297 158 192  55 495 349 393 379
 308  92  63  89 328  80 181 384 145  76  10  64 391 474 273  35 317 327
 330 173 174  83 357  26 494 228 390 385 193 414 373 148 355] - 32209306
Solver: RVND, number of workers: 1
Setting feeder affinity
I am the master. There are 1 mpi processes. (hostname = gpu01)
Roots [<pyDF.nodes.Feeder object at 0x7fbbe9081ad0>]
Starting 0
Main loop
I am worker 0
GPU0
set random seed!
Initial: 32209306-[143 175 187 117 471 250 463 107 259 497 137 359 360 298  14 245 344 425
 207 345 481 409 223 300 170 276 151 164 180 294 267 484 177 422  99 340
 264 287 374  50 338 138  98  59 275 325 237  25 282 202  78 210 455 240
 450  87 306 235 278 364 144  66 464 342  46 191   6 280 266  74 324 102
 150 362 339 132 411 179 449  71 440 460  51 112 331 254 467 405 465  88
 208 149 109 323 407 319  85  39 438 283 274  82 354 201 141 341 333 178
 316  30 263 435 215 253 428 188 136 483 309 336  94 429  62 285 162 122
 468 199 313  58 444 480 399  42 476 482 116 427 209  79 224  15 100   0
 412 432 189 348 139 424  48  41 326  77  70  37  72 371  18  38  97 498
 218 247 243 238  16 381 252 367 446 295 408  44 318 227 361  17 418 135
 246 111  47  29 108 372 496 370 329 268 157 472  93  95   9  96 195 257
 322 363 351 353 369 332 397 491 241 168 352 279 249 437 415   5 492 126
 439 166 213 366 457 445 182 466 402 499 197  43 358 121  11 128 124  84
 456 194   4 419 125 436 103  34  23 417 290 225  40 473 183 242 251  24
 386 337 171  57 256 459 296 115 413 447 284 159 392 229 271 423  75   3
 172 462 105 307 335 261 119 176 461 161 388 395 304  32 281 396 382 230
 378  81 217 258 347 234 375 486 394  53 311   2 248 487 426 262 155 236
  13   7  60 140 410 233 214 277 184 114 458 185 146 265 389 205 232 488
 286 131 475 120 380  19 293 400 288 127 430 212 434 152 289 320 441 301
 451 123 270  52 365  12 113 147 305 478 272 312 469  33 490 203 350 101
 376  20 452 154 343 420 433 134 204  54 142 299 334 454 493  49  86 442
 190 211 156  68 160 500  73  28 292 356 489 129  91 198 431 302 310 470
 133 421 401  56  67 219 169   8  45 106  21 163 403 130 165 255  65 104
 404 315 221 416 196 239 110 291 244  69 222 368 206 479 398 314 453 200
 153 167 216 321 406 477 260 443 387  27 346  61 383   1 118 186 220 226
 303 377 448  90 269  31  22 485  36 231 297 158 192  55 495 349 393 379
 308  92  63  89 328  80 181 384 145  76  10  64 391 474 273  35 317 327
 330 173 174  83 357  26 494 228 390 385 193 414 373 148 355]
Final time: 10.508854866s - Best: 1987340-[143 189  26  50 170 168   2 488 377 369 450 311 324 162  66 418  64 259
 125 398 214 483 331 240 103 132 359 408 427  74 318 409 176  87 210 326
 437 361  56 495 241 461 493 429 397 498 374 323 173 315 424 400 153  23
 107  53 271  63 229 489 296  61 390   8 149 224 192  86 376 139 272 104
 313 292 299 202 278  43 285 309 185  55 196 372 328 297 263 137 478 317
 270   0  18 452 235 303 348  19 243 233 211 479 460 102  94 332 386 336
 268  72 308  68 370 274 333  75 161 391 484  79 412 473 187  90 475  25
 487 365 207 354 141 485 448  95 190 255  97 237 304 306 293 212 302   6
 248  52 438  16 215 447 411 403 160 439 129 239 457 226 204 109 208 380
 216 451 395 262 298 245 133 492 363 186  98 166 222 342 314 401  11 283
 462  24 465 456 371 289 188 267 476  34 234 242 500 194  13 379  35 352
 277 124 368  10 105  31 110  85 220 264 490 101  27 491 441 244  37 130
 446 474 482 127 256 375 231 249  46 257 145 355 428 260 443 340 122 199
  51 159 228 471 115 316 247 131 295 338 415 350 458 449 432 291 165 435
 367 254  57 404 157 201 467 430 494 218 120 322 477 148  49 366  65 440
  15  96 138 385 175 410 128  54  20 294 402 253 191 269 407 156 329 284
 223   4 459 119  36 434 273 393 167 117 481 305 351 182  28 319 383  45
 347  60 499 209 389  29  47 180 396  77 100 118 261  22 200 335 172 213
 286 337 341 414 219 343 433 406  58 206 357 252  40 144   1  17 114 384
 300 480  67 325 496 421 221 345 416 358  82 181 431 419 382 436  38 146
 174 195 158 198 121 113  48 169 464  71 364 232  88 193 112 142 236 356
   5 246  39 111   7 445 339  59  83 486  41 469  32 217  84  80 463 276
 282 171 444  91 123 413  21 163  42 453 140 251  70 275 307 155  93  99
 290 203 281  69 265 381 238 466  89  12 387 349 279 344 116 179 373  44
 330 301 152 388  14 312 227 250 126 205 426 392 455 147 405 108 151 334
 454   9 442 399 423 327 320 310 360 164 135 106 258 321 353 287 184 154
 230 468 422 346 394  76 266 420  62 362  81 497 378 183 425 197 225 472
 134  92  33 470 136   3 178  30 177 288 417  73  78 280 150]
Value - initial: 32209306, final: 1987340, improveup: 16.20724486

data-line;i;32209306;f;1987340;t;10.508854866;c;-2;fv;[1987340L];cv;-1;imp;16.20724486;type;rvnd;inum;4;w;1

time;10.508854866;man_time;0;neigh_time;0
man_time;0;man_merge_sol;0;man_best_sol;0;man_combine_sol;0

Waiting [0]
Terminating workers True 0 0
MPI TERMINATING
