pydf_home: /home/rodolfo/git/Sucuri
simple_pycuda_home: /home/rodolfo/git/simple-pycuda
wamca2016path: /home/rodolfo/git/wamca2016/
localpath: /home/rodolfo/git/dvnd-df/code/dvnd-df/src/
WAMCAPATH:/home/rodolfo/git/wamca2016/
param: {solution_index:7, solution_instance_index:37, multi_gpu:True, goal:False, problem_name:ml, number_of_moves:10, device_count:2, solver:rvnd, mpi_enabled:True, workers:1}
Using already created file:  wamca2016lib.so
Size: 1001 - file name: 08_TRP-S1000-R1.tsp

Value - initial: 130249289-[755 344 308 ..., 756 978 811] - 130249289
Solver: RVND, number of workers: 1
Setting feeder affinity
I am the master. There are 1 mpi processes. (hostname = gpu01)
Roots [<pyDF.nodes.Feeder object at 0x7fca5609dad0>]
Starting 0
Main loop
I am worker 0
GPU0
set random seed!
Initial: 130249289-[755 344 308 ..., 756 978 811]
Final time: 24.1740970612s - Best: 5682344-[755 857 745 ..., 355 988 188]
Value - initial: 130249289, final: 5682344, improveup: 22.9217535932

data-line;i;130249289;f;5682344;t;24.1740970612;c;-2;fv;[5682344L];cv;-1;imp;22.9217535932;type;rvnd;inum;7;w;1

time;24.1740970612;man_time;0;neigh_time;0
man_time;0;man_merge_sol;0;man_best_sol;0;man_combine_sol;0

Waiting [0]
Terminating workers True 0 0
MPI TERMINATING
