pydf_home: /home/rodolfo/git/Sucuri
simple_pycuda_home: /home/rodolfo/git/simple-pycuda
wamca2016path: /home/rodolfo/git/wamca2016/
localpath: /home/rodolfo/git/dvnd-df/code/dvnd-df/src/
WAMCAPATH:/home/rodolfo/git/wamca2016/
param: {solution_index:2, solution_instance_index:0, multi_gpu:True, goal:False, problem_name:ml, number_of_moves:10, device_count:2, solver:rvnd, mpi_enabled:True, workers:1}
Using already created file:  wamca2016lib.so
Size: 226 - file name: 03_pr226.tsp

Value - initial: 194988889-[183 108  90  95   3 144  57 120 143  72 146 193  63 214  37 122  33 125
  92  17  76 197 181  62 124 112  20 175  45 136 154 207  19 222  88  94
 220 206 203  93 155 212  39  51  42 100  46 179 173 151 118 224 115 104
  14 138  47 117  74  99 113  69 185 218  16 145  65 202  54 196 123 126
  23 184 107  12  81   7  44 223 152 157   5  58 219 110  53 187 167 190
  77 200  78 137  55  89 128  15  11 105 114 156 142 147 213 205 103 186
  36  31 189 102  84 101  27 215  61 159  25   8 171  64  86 129 176  10
 174  75  67 168 163  38  60 210 121  59 201  48   6 127   0  68 178  21
 119 221   1 225 164 148  22   4  91 141 192  85 209 166  80 216  50  26
 211 180  87 149  70  98  35 204 111 134  52  97 188 198  66 195 177 158
 170 131 161  34  49  83 172 150 208 199  96  73  43  71 139 182  29 162
 160  79 169  56 132  30   2 109 130  32  82 153   9 140 133 135  28 194
  40  13 165  18 116  41  24 191 217 106] - 194988889
Solver: RVND, number of workers: 1
Setting feeder affinity
I am the master. There are 1 mpi processes. (hostname = gpu01)
Roots [<pyDF.nodes.Feeder object at 0x7f5ba2730ad0>]
Starting 0
Main loop
I am worker 0
GPU0
set random seed!
Initial: 194988889-[183 108  90  95   3 144  57 120 143  72 146 193  63 214  37 122  33 125
  92  17  76 197 181  62 124 112  20 175  45 136 154 207  19 222  88  94
 220 206 203  93 155 212  39  51  42 100  46 179 173 151 118 224 115 104
  14 138  47 117  74  99 113  69 185 218  16 145  65 202  54 196 123 126
  23 184 107  12  81   7  44 223 152 157   5  58 219 110  53 187 167 190
  77 200  78 137  55  89 128  15  11 105 114 156 142 147 213 205 103 186
  36  31 189 102  84 101  27 215  61 159  25   8 171  64  86 129 176  10
 174  75  67 168 163  38  60 210 121  59 201  48   6 127   0  68 178  21
 119 221   1 225 164 148  22   4  91 141 192  85 209 166  80 216  50  26
 211 180  87 149  70  98  35 204 111 134  52  97 188 198  66 195 177 158
 170 131 161  34  49  83 172 150 208 199  96  73  43  71 139 182  29 162
 160  79 169  56 132  30   2 109 130  32  82 153   9 140 133 135  28 194
  40  13 165  18 116  41  24 191 217 106]
Final time: 2.93527984619s - Best: 7116849-[183 184 185 186 187 188 189 182 181 180 179 178 177 176 175 174 173 172
 171 170 169 168 167 166 165 164 163 162 161 160 159 158 157 156 155 154
 149 142 141 147 148 140 139 146 144 138 137 145 143 136  93  92  91  90
  89  87  88  86  94  95  96  97  98  99 100 101 135 134 133 132 190 191
 192 193 194 195 196 197 198 199 200 201 202 203 204 205 206 207 208 209
 210 211 212 213 214 215 216 217 218 219 220 221 222 223 224 225 124 131
 129 123 122 130 128 121 120 126 127 119 118 125 117 109 108 116 115 107
 106 114 113 105 103 112 111 104 102 110  85  84  83  82  81  80  79  78
  77  76  75  74  73  72   0   1   2   3   4   5   6   7   8   9  13  14
  15  10  11  12  70  67  68  66  16  17  18  64  63  62  61  60  59  58
  57  56  55  54  53  52  51  50  49  20  21  22  23  24  25  26  27  28
  29  33  34  30  31  32  48  47  35  36  43  44  45  46  42  41  37  38
  39  40 153 152 151 150  19  65  69  71]
Value - initial: 194988889, final: 7116849, improveup: 27.3982051607

data-line;i;194988889;f;7116849;t;2.93527984619;c;-2;fv;[7116849L];cv;-1;imp;27.3982051607;type;rvnd;inum;2;w;1

time;2.93527984619;man_time;0;neigh_time;0
man_time;0;man_merge_sol;0;man_best_sol;0;man_combine_sol;0

Waiting [0]
Terminating workers True 0 0
MPI TERMINATING
