pydf_home: /home/rodolfo/git/Sucuri
simple_pycuda_home: /home/rodolfo/git/simple-pycuda
wamca2016path: /home/rodolfo/git/wamca2016/
localpath: /home/rodolfo/git/dvnd-df/code/dvnd-df/src/
WAMCAPATH:/home/rodolfo/git/wamca2016/
param: {solution_index:6, solution_instance_index:95, multi_gpu:True, goal:False, problem_name:ml, number_of_moves:10, device_count:2, solver:rvnd, mpi_enabled:True, workers:1}
Using already created file:  wamca2016lib.so
Size: 783 - file name: 07_rat784.tsp

Value - initial: 70118873-[688 609 340 745 520   2 580 630  47  29 534 114 142 521  48 208 198  70
 739 152 135 769 232 694 708 168 321 272 457 423 510 485 276 633 558 557
 697 298 568 678 264 551 353 760 448  35 603 429 505 439 447 762 574 177
 566 456 656  89  57 420 643 233 777  54  91  73 253 278 362 383 693 201
 371 737 159  97 188 263 131 556 650  41 350  87 126 221 502   4 156 581
 252 283 524 226 327 378 339 561 518 134 766  25 215 675 137  46 164 130
 646 162 523  71 300 666 111 589 512 746 207 165  17 417 109 702 560 332
 724 437 436 424 294 773 249 402 730 291 541 464 443 454 440 171  83 751
 699 161 243 125 205 780 492 259 336 361 532 390 767   7 725 328  60 506
 450 121 248 468 106 498 185 369 517 632 419  28  53 401 297 277 577 282
 726 639 155 668 554 426 235 525 559 614  52  32 204 754  72  38 616 460
 262 251 370 604 673 528 189 467 563 216 476 410 469  11 398 584 508 569
 685 112 380 341 310 765 565 178 179  30 480 490 344 757  19 596  42 228
 753  75 622 575 738 287 538 659 305  81 494  99 692 662 279  23 197 493
 273 293 545 627  12 713 477   3 129  39 478 606 624  98 240 680 634 748
 335 314 619 758 689 536 562 319 590 343 184 192 586 466 182 572 533 637
 271 458 167 190 770 625 431 105 320 104 346 585  77 230 421  26  90 392
 239 348 324 103 176  15 166 509 602 416 254  64 698 553 231 206 150 368
 245 144 597  13 703 635  33 727 611 409 570 247 322 720  74 610 427 470
 733 547 217 355  40 764 583 744  61 140 411  63 653 358 741 256 658 670
 127   5 100 141 306 266 430 428 202 101 651 386 234 719 170 721 535 696
  21   0  78 461 578 540 743 214 354 220 363 195 309 605 236 193 723 133
 274 600 582 299 210 717 356 303 750 465 684 288 290 472 667 224 412  50
 761 735 108 376 716 148 491 593 768 391 374 529 453 539 687 132 120 474
 499 649  96 244 158 701 381 576  34 704 124 459 714 712 462 706 588 579
 657 223 143 513 372 452 479 225 567 686 691 705 345   1 552 296 695  85
 740 640  67 489 451  16 629 495 203 592 679 631 292 729 364 709 147  20
 413 241 123 295  59 665 280 674 394 775 175 548 683 642 117 564 275 116
 645  45 676 681 598 422 742 102 542 388 507 316 449 334 393 628 227  79
 301 594 515 351 404 406 710 115 530 573 749 690 621 304 482 481 151  44
 677 648 349 486 425 672 774  66 173 435 366 664 307 145  65  22  31 395
 323 331 160  69  58 237 755 326 682 511 352 550 654 571 325 399  62 113
 261 110 313  92 752 187 285  95  27 312 779 329 107 608 441   8 483 728
 722 671 174  56 497 661 118 138 229 781 338 711 122 415 333 500 731 211
   9 357 255 718 537 260 736 181 268 771 475 180 375 463 315 700 543  18
 446 308  10 242  84 669 527 636 139  55  68  49 281 136 379 442 396 531
 522 514 387 382 219 519 238 546 405 618 434 488 186 246  43 347 504 612
 526 157 194 444 407 715 549 212 617 626 146 154 503 438 265 759 269 360
  36 209 169  88 782 257  51 623 587 516 403 638 455 389 359 414 734 218
  24 397 471 595 317 433  94 487 663 555 756  93 337 484 660 473 599 607
 270  76 776 311 772 153 747 432 418 302 732 373 385 222 544 342 330   6
 778 318  14 199 163 591 149 655 400 183 707 652 445 119 250  37 615 267
 128 286 601 258 377 365 172 384 289 284 496 367 613 501 196  86  82  80
 408 620 191 641 200 647 213 763 644] - 70118873
Solver: RVND, number of workers: 1
Setting feeder affinity
I am the master. There are 1 mpi processes. (hostname = gpu01)
Roots [<pyDF.nodes.Feeder object at 0x7f80be7faad0>]
Starting 0
Main loop
I am worker 0
GPU0
set random seed!
Initial: 70118873-[688 609 340 745 520   2 580 630  47  29 534 114 142 521  48 208 198  70
 739 152 135 769 232 694 708 168 321 272 457 423 510 485 276 633 558 557
 697 298 568 678 264 551 353 760 448  35 603 429 505 439 447 762 574 177
 566 456 656  89  57 420 643 233 777  54  91  73 253 278 362 383 693 201
 371 737 159  97 188 263 131 556 650  41 350  87 126 221 502   4 156 581
 252 283 524 226 327 378 339 561 518 134 766  25 215 675 137  46 164 130
 646 162 523  71 300 666 111 589 512 746 207 165  17 417 109 702 560 332
 724 437 436 424 294 773 249 402 730 291 541 464 443 454 440 171  83 751
 699 161 243 125 205 780 492 259 336 361 532 390 767   7 725 328  60 506
 450 121 248 468 106 498 185 369 517 632 419  28  53 401 297 277 577 282
 726 639 155 668 554 426 235 525 559 614  52  32 204 754  72  38 616 460
 262 251 370 604 673 528 189 467 563 216 476 410 469  11 398 584 508 569
 685 112 380 341 310 765 565 178 179  30 480 490 344 757  19 596  42 228
 753  75 622 575 738 287 538 659 305  81 494  99 692 662 279  23 197 493
 273 293 545 627  12 713 477   3 129  39 478 606 624  98 240 680 634 748
 335 314 619 758 689 536 562 319 590 343 184 192 586 466 182 572 533 637
 271 458 167 190 770 625 431 105 320 104 346 585  77 230 421  26  90 392
 239 348 324 103 176  15 166 509 602 416 254  64 698 553 231 206 150 368
 245 144 597  13 703 635  33 727 611 409 570 247 322 720  74 610 427 470
 733 547 217 355  40 764 583 744  61 140 411  63 653 358 741 256 658 670
 127   5 100 141 306 266 430 428 202 101 651 386 234 719 170 721 535 696
  21   0  78 461 578 540 743 214 354 220 363 195 309 605 236 193 723 133
 274 600 582 299 210 717 356 303 750 465 684 288 290 472 667 224 412  50
 761 735 108 376 716 148 491 593 768 391 374 529 453 539 687 132 120 474
 499 649  96 244 158 701 381 576  34 704 124 459 714 712 462 706 588 579
 657 223 143 513 372 452 479 225 567 686 691 705 345   1 552 296 695  85
 740 640  67 489 451  16 629 495 203 592 679 631 292 729 364 709 147  20
 413 241 123 295  59 665 280 674 394 775 175 548 683 642 117 564 275 116
 645  45 676 681 598 422 742 102 542 388 507 316 449 334 393 628 227  79
 301 594 515 351 404 406 710 115 530 573 749 690 621 304 482 481 151  44
 677 648 349 486 425 672 774  66 173 435 366 664 307 145  65  22  31 395
 323 331 160  69  58 237 755 326 682 511 352 550 654 571 325 399  62 113
 261 110 313  92 752 187 285  95  27 312 779 329 107 608 441   8 483 728
 722 671 174  56 497 661 118 138 229 781 338 711 122 415 333 500 731 211
   9 357 255 718 537 260 736 181 268 771 475 180 375 463 315 700 543  18
 446 308  10 242  84 669 527 636 139  55  68  49 281 136 379 442 396 531
 522 514 387 382 219 519 238 546 405 618 434 488 186 246  43 347 504 612
 526 157 194 444 407 715 549 212 617 626 146 154 503 438 265 759 269 360
  36 209 169  88 782 257  51 623 587 516 403 638 455 389 359 414 734 218
  24 397 471 595 317 433  94 487 663 555 756  93 337 484 660 473 599 607
 270  76 776 311 772 153 747 432 418 302 732 373 385 222 544 342 330   6
 778 318  14 199 163 591 149 655 400 183 707 652 445 119 250  37 615 267
 128 286 601 258 377 365 172 384 289 284 496 367 613 501 196  86  82  80
 408 620 191 641 200 647 213 763 644]
Final time: 13.2448980808s - Best: 3518325-[688 652 653 661 672 692 700 699 726 730 729 722 715 707 701 723 714 702
 695 693 675 673 667 666 663 649 638 630 632 613 600 599 590 583 576 569
 564 557 541 540 535 534 520 504 468 469 463 475 493 495 496 521 523 552
 571 570 588 609 617 641 631 628 614 603 605 592 580 572 558 536 543 527
 524 508 501 497 477 467 453 446 439 426 411 397 377 378 368 373 354 340
 328 313 303 296 295 283 278 260 244 251 240 219 202 190 188 196 187 182
 172 181 208 210 211 218 252 250 261 274 294 310 311 317 325 335 359 374
 379 385 380 382 399 401 415 433 436 447 440 434 430 409 408 407 392 375
 364 370 388 391 404 419 423 429 425 432 421 437 454 462 485 491 507 511
 516 505 484 483 465 457 452 451 444 435 428 422 400 406 396 381 386 389
 383 362 351 358 355 342 304 312 301 288 276 275 272 277 273 285 298 318
 326 322 338 352 345 331 315 306 292 305 290 266 255 242 223 207 201 186
 161 155 150 151 142 136 132 119 110 106  99  79  69  96  87  55  48  51
  56  44  36  24  14   0  16  22   1   6  17  11   8  32  28   9   2   4
  18  29   7  19  35  30  49  61  53  41  50  68  77  89 103 112 118 121
 141 147 144 167 169 173 191 177 165 157 130 131 140 129 102  91  71  81
  85  98  84  70  63  47  38  62  73  76  88  94 111 115 139 127 107 104
 101 117 125 120 123 143 149 164 163 156 168 162 175 178 197 199 189 205
 216 232 249 268 280 291 302 320 332 344 371 390 410 416 418 438 456 466
 482 476 455 448 459 472 494 512 518 517 530 546 539 538 560 568 561 578
 579 585 593 610 625 623 637 639 664 671 682 677 687 708 704 717 735 744
 734 724 733 737 746 760 771 764 759 757 742 738 731 721 697 690 691 712
 706 718 719 720 725 739 747 765 761 769 762 749 748 709 685 694 698 683
 668 665 650 645 635 629 621 608 602 586 563 562 565 577 606 616 620 627
 648 656 680 674 689 679 684 678 670 658 651 647 644 654 659 643 640 633
 626 611 612 618 598 587 556 551 528 514 490 499 500 506 526 542 519 513
 492 488 479 473 474 464 449 445 431 413 414 402 387 384 367 372 363 337
 336 348 360 361 341 330 333 323 319 308 297 271 270 287 307 309 339 347
 350 353 329 321 299 289 258 257 267 248 247 230 226 221 195 194 174 159
 154 146 138 122 116 109 114 126 152 183 203 239 231 224 236 256 286 300
 281 282 262 259 243 228 227 220 225 212 209 200 158 166 153 128  67  60
  58  34  21  13  31  15  20  25  26  43  54  59  23  27  33   3  10  12
   5  39  37  42  65  72  90  95  74  86  83  78 100 105 108 113 133 134
 148 170 176 180 193 192 198 217 213 206 222 246 237 263 264 279 284 314
 356 366 393 403 405 412 398 395 420 427 441 443 461 460 478 480 470 509
 502 503 515 522 537 545 549 554 582 584 601 619 622 624 634 642 655 657
 676 681 711 728 743 752 766 770 774 782 781 780 779 773 772 776 778 767
 758 756 732 736 753 754 745 740 741 751 755 763 750 727 716 713 710 686
 662 669 646 636 615 607 594 591 581 566 573 548 544 531 487 486 458 417
 376 369 346 349 324 334 316 293 269 265 241 238 235 234 214 215 184 185
 179 171 145 124  80  66  40  45  46  52  57  64  82  93  75  97 135 160
 204 229 245 254 327 343 357 365 394 424 442 481 471 498 510 525 532 547
 559 575 567 550 529 533 553 589 597 596 595 696 703 768 777 775 705 660
 604 574 555 489 450 253 233  92 137]
Value - initial: 70118873, final: 3518325, improveup: 19.929617929

data-line;i;70118873;f;3518325;t;13.2448980808;c;-2;fv;[3518325L];cv;-1;imp;19.929617929;type;rvnd;inum;6;w;1

time;13.2448980808;man_time;0;neigh_time;0
man_time;0;man_merge_sol;0;man_best_sol;0;man_combine_sol;0

Waiting [0]
Terminating workers True 0 0
MPI TERMINATING
