pydf_home: /home/rodolfo/git/Sucuri
simple_pycuda_home: /home/rodolfo/git/simple-pycuda
wamca2016path: /home/rodolfo/git/wamca2016/
localpath: /home/rodolfo/git/dvnd-df/code/dvnd-df/src/
WAMCAPATH:/home/rodolfo/git/wamca2016/
param: {solution_index:0, solution_instance_index:45, multi_gpu:True, goal:False, problem_name:ml, number_of_moves:10, device_count:2, solver:rvnd, mpi_enabled:True, workers:1}
Using already created file:  wamca2016lib.so
Size: 52 - file name: 01_berlin52.tsp

Value - initial: 732537-[19 43 26 15  9 18  3 14 32 28 50 44 39 46  4 48 25 37 40 34 16 21 42  8  2
 35 22 29 38  7 41 23  5  6 47 49 10 45 24 30 13  0 20 51 31 27 11 33 36 12
  1 17] - 732537
Solver: RVND, number of workers: 1
Setting feeder affinity
I am the master. There are 1 mpi processes. (hostname = gpu01)
Roots [<pyDF.nodes.Feeder object at 0x7f9471cdead0>]
Starting 0
Main loop
I am worker 0
GPU0
set random seed!
Initial: 732537-[19 43 26 15  9 18  3 14 32 28 50 44 39 46  4 48 25 37 40 34 16 21 42  8  2
 35 22 29 38  7 41 23  5  6 47 49 10 45 24 30 13  0 20 51 31 27 11 33 36 12
  1 17]
Final time: 1.39169692993s - Best: 161078-[19 43 33 34 35 36 39 37 14  5  3  4 47 23 38 48 31  0 21 30 17 22 29  1  6
 41 20 16  2 44 18 40  7  8  9 42 45 24 15 49 28 46 25 26 27 11 50 10 32 51
 12 13]
Value - initial: 732537, final: 161078, improveup: 4.54771601336

data-line;i;732537;f;161078;t;1.39169692993;c;-2;fv;[161078L];cv;-1;imp;4.54771601336;type;rvnd;inum;0;w;1

time;1.39169692993;man_time;0;neigh_time;0
man_time;0;man_merge_sol;0;man_best_sol;0;man_combine_sol;0

Waiting [0]
Terminating workers True 0 0
MPI TERMINATING
