pydf_home: /home/rodolfo/git/Sucuri
simple_pycuda_home: /home/rodolfo/git/simple-pycuda
wamca2016path: /home/rodolfo/git/wamca2016/
localpath: /home/rodolfo/git/dvnd-df/code/dvnd-df/src/
WAMCAPATH:/home/rodolfo/git/wamca2016/
param: {solution_index:7, solution_instance_index:2, multi_gpu:True, goal:False, problem_name:ml, number_of_moves:10, device_count:2, solver:rvnd, mpi_enabled:True, workers:1}
Using already created file:  wamca2016lib.so
Size: 1001 - file name: 08_TRP-S1000-R1.tsp

Value - initial: 133383997-[992 309 776 ..., 253 850 382] - 133383997
Solver: RVND, number of workers: 1
Setting feeder affinity
I am the master. There are 1 mpi processes. (hostname = gpu01)
Roots [<pyDF.nodes.Feeder object at 0x7f0ccde51ad0>]
Starting 0
Main loop
I am worker 0
GPU0
set random seed!
Initial: 133383997-[992 309 776 ..., 253 850 382]
Final time: 26.3053128719s - Best: 5477583-[992 463 791 ..., 518 607 188]
Value - initial: 133383997, final: 5477583, improveup: 24.3508856005

data-line;i;133383997;f;5477583;t;26.3053128719;c;-2;fv;[5477583L];cv;-1;imp;24.3508856005;type;rvnd;inum;7;w;1

time;26.3053128719;man_time;0;neigh_time;0
man_time;0;man_merge_sol;0;man_best_sol;0;man_combine_sol;0

Waiting [0]
Terminating workers True 0 0
MPI TERMINATING
