pydf_home: /home/rodolfo/git/Sucuri
simple_pycuda_home: /home/rodolfo/git/simple-pycuda
wamca2016path: /home/rodolfo/git/wamca2016/
localpath: /home/rodolfo/git/dvnd-df/code/dvnd-df/src/
WAMCAPATH:/home/rodolfo/git/wamca2016/
param: {solution_index:7, solution_instance_index:79, multi_gpu:True, goal:False, problem_name:ml, number_of_moves:10, device_count:2, solver:rvnd, mpi_enabled:True, workers:1}
Using already created file:  wamca2016lib.so
Size: 1001 - file name: 08_TRP-S1000-R1.tsp

Value - initial: 128313836-[274 483  49 ..., 446 931 200] - 128313836
Solver: RVND, number of workers: 1
Setting feeder affinity
I am the master. There are 1 mpi processes. (hostname = gpu01)
Roots [<pyDF.nodes.Feeder object at 0x7f5b97b46ad0>]
Starting 0
Main loop
I am worker 0
GPU0
set random seed!
Initial: 128313836-[274 483  49 ..., 446 931 200]
Final time: 29.0363588333s - Best: 5543818-[274 192 571 ..., 602 914 518]
Value - initial: 128313836, final: 5543818, improveup: 23.1453911366

data-line;i;128313836;f;5543818;t;29.0363588333;c;-2;fv;[5543818L];cv;-1;imp;23.1453911366;type;rvnd;inum;7;w;1

time;29.0363588333;man_time;0;neigh_time;0
man_time;0;man_merge_sol;0;man_best_sol;0;man_combine_sol;0

Waiting [0]
Terminating workers True 0 0
MPI TERMINATING
