pydf_home: /home/rodolfo/git/Sucuri
simple_pycuda_home: /home/rodolfo/git/simple-pycuda
wamca2016path: /home/rodolfo/git/wamca2016/
localpath: /home/rodolfo/git/dvnd-df/code/dvnd-df/src/
WAMCAPATH:/home/rodolfo/git/wamca2016/
param: {solution_index:6, solution_instance_index:40, multi_gpu:True, goal:False, problem_name:ml, number_of_moves:10, device_count:2, solver:rvnd, mpi_enabled:True, workers:1}
Using already created file:  wamca2016lib.so
Size: 783 - file name: 07_rat784.tsp

Value - initial: 71898217-[ 87 474 216 705 702 417 100 503 291 322 424 579 283 192  88 717 773 649
 672 224  23 146 102 642 759  82  69 164 551 345  67 414 331 732 234 223
  15 755 316 123 398 512 500  95 156 358 679 727 693 737 118 729 602 455
 704  58 243 357 404 544 272 282 684 489 458 494 470 421 527 134 395 669
 229 747 351 623  37 142 671 218 764 126 339 769 780 380  29 298 362 115
 304 150 569 317 722  54 744 665 264  53 196 483 409 454 581 122 733  25
 530 547 696 204  72 626 673 610  45 529 303 643 589   3 378 561 594 293
 638 323  62 131 583 628 198  49 113 179 166 135  31 701 554 407 342 677
 379 143 405 487 338 740 139 648 726 509 542 247 159 611 517 305 180 233
 176 724 127 622   9 413 292 639 782 248  59 772 178 757 749 523 231  13
 469  10   7 226 242 462  78 504 539 442 244 294 230 367 550 599 644 152
  97 601 425 666 145 730  92 253 155  42 456 568 144 189 681   6 766 526
 319 306 165 381 459 269  60 225 128 637 160 707 578 443 275 332 555 683
 311 584 392 254 521 147 250 467 630   8 197  84 449 577 636 252 734 262
 731 518 624 574 318 606 699  65 507 760 608  46 758 108 480 172  61  86
  57 482 177  66 366 112 105 652 136 580 348 437 388 468 397 748 373 484
 365 167 750 137 372 546 328 199 184 217 667 419 703  40 756 428 238 268
 715 598 240 687 513 251 714 140 370  98 451 246 343 514 195 389 255  70
 221 171 439 256 420 436 377 466 716 528 227 650 767 426 263 211 157  55
 477 706 496  56 588 153 350 103 742 329 249 640 359 101  99 418 596 296
 277 587 106 689 536 130 475 396 629  14  17 488 770 609 690  26 674 535
 463 326  94 582  22 728 560 572 181  74 310 505 762 200 508 712 401 415
 452 537 502 352 563 678 613 538 295 391 265 278 170 617  18 591 138 119
 616 239 498 434 314 354 647 187 334 741 236  36 775  51 387   0  39 694
 473 168 520  90 743 403 565 207 433 300 460 228 605 725 676 313   4 763
 423 688 524 110 163 522 125 516 682 660  77 592 169 661 695  63  81  32
 777 685  28 183 116 111 471 525 519 461 700 297  48  24  41 567 394 612
 212 320 308 440 309 778 446 382 188 510 720  83  20 368 655 356 453 347
 614  47 444  19 573 284 478  12 173 285 185 410 751 270 721 708 259  71
 662 653 540 325 235 723 299 432 709 148 590 222 385 383 341 779 576 232
 360 353 337 260 585 575 241 412 545 340 499 754 738 476 632 402 558 202
 203 615 117 781 376  96 406 438 768 154 175  21 586 472 120 333 121 344
 745 363 595 161 618 315 619 386 746 349 658 307 399 600 718 257 258 533
 485 369 435  50 495 670 532 641 464 450 607 149 557 548 627  85 692  16
 267 710 271 215 570  64 208 774 656 663 603  75 312 634 400   5  38 713
  44 186  93 190 698 393 330 133 290 491 336 457 571 657 562 416   2 375
 201  34 711 390 107  68 273 346 771  79 515 534 431 659 651 719  52 735
 209 506 114 193 552 104  89 129 430 559 151 191 213 543 287 492 765 593
 288 625 374 205 324 109 281 697 371 364 361 752 481 645 266  73 753  91
 776 493  30 220 566 646 335 427   1 556  43 680 429 289  35 664 245 501
 321 549 654 447 761 286 174 327 633 280  80 279 124 486 675 553  76 158
  27 668 621  11 384 497 411 691 541 210 620 445 261 490 182 564 422 631
 132 635 302 237 531 511 141 219 448 465 274 408  33 194 479 276 597 739
 736 441 604 686 206 355 301 214 162] - 71898217
Solver: RVND, number of workers: 1
Setting feeder affinity
I am the master. There are 1 mpi processes. (hostname = gpu01)
Roots [<pyDF.nodes.Feeder object at 0x7f3ede433ad0>]
Starting 0
Main loop
I am worker 0
GPU0
set random seed!
Initial: 71898217-[ 87 474 216 705 702 417 100 503 291 322 424 579 283 192  88 717 773 649
 672 224  23 146 102 642 759  82  69 164 551 345  67 414 331 732 234 223
  15 755 316 123 398 512 500  95 156 358 679 727 693 737 118 729 602 455
 704  58 243 357 404 544 272 282 684 489 458 494 470 421 527 134 395 669
 229 747 351 623  37 142 671 218 764 126 339 769 780 380  29 298 362 115
 304 150 569 317 722  54 744 665 264  53 196 483 409 454 581 122 733  25
 530 547 696 204  72 626 673 610  45 529 303 643 589   3 378 561 594 293
 638 323  62 131 583 628 198  49 113 179 166 135  31 701 554 407 342 677
 379 143 405 487 338 740 139 648 726 509 542 247 159 611 517 305 180 233
 176 724 127 622   9 413 292 639 782 248  59 772 178 757 749 523 231  13
 469  10   7 226 242 462  78 504 539 442 244 294 230 367 550 599 644 152
  97 601 425 666 145 730  92 253 155  42 456 568 144 189 681   6 766 526
 319 306 165 381 459 269  60 225 128 637 160 707 578 443 275 332 555 683
 311 584 392 254 521 147 250 467 630   8 197  84 449 577 636 252 734 262
 731 518 624 574 318 606 699  65 507 760 608  46 758 108 480 172  61  86
  57 482 177  66 366 112 105 652 136 580 348 437 388 468 397 748 373 484
 365 167 750 137 372 546 328 199 184 217 667 419 703  40 756 428 238 268
 715 598 240 687 513 251 714 140 370  98 451 246 343 514 195 389 255  70
 221 171 439 256 420 436 377 466 716 528 227 650 767 426 263 211 157  55
 477 706 496  56 588 153 350 103 742 329 249 640 359 101  99 418 596 296
 277 587 106 689 536 130 475 396 629  14  17 488 770 609 690  26 674 535
 463 326  94 582  22 728 560 572 181  74 310 505 762 200 508 712 401 415
 452 537 502 352 563 678 613 538 295 391 265 278 170 617  18 591 138 119
 616 239 498 434 314 354 647 187 334 741 236  36 775  51 387   0  39 694
 473 168 520  90 743 403 565 207 433 300 460 228 605 725 676 313   4 763
 423 688 524 110 163 522 125 516 682 660  77 592 169 661 695  63  81  32
 777 685  28 183 116 111 471 525 519 461 700 297  48  24  41 567 394 612
 212 320 308 440 309 778 446 382 188 510 720  83  20 368 655 356 453 347
 614  47 444  19 573 284 478  12 173 285 185 410 751 270 721 708 259  71
 662 653 540 325 235 723 299 432 709 148 590 222 385 383 341 779 576 232
 360 353 337 260 585 575 241 412 545 340 499 754 738 476 632 402 558 202
 203 615 117 781 376  96 406 438 768 154 175  21 586 472 120 333 121 344
 745 363 595 161 618 315 619 386 746 349 658 307 399 600 718 257 258 533
 485 369 435  50 495 670 532 641 464 450 607 149 557 548 627  85 692  16
 267 710 271 215 570  64 208 774 656 663 603  75 312 634 400   5  38 713
  44 186  93 190 698 393 330 133 290 491 336 457 571 657 562 416   2 375
 201  34 711 390 107  68 273 346 771  79 515 534 431 659 651 719  52 735
 209 506 114 193 552 104  89 129 430 559 151 191 213 543 287 492 765 593
 288 625 374 205 324 109 281 697 371 364 361 752 481 645 266  73 753  91
 776 493  30 220 566 646 335 427   1 556  43 680 429 289  35 664 245 501
 321 549 654 447 761 286 174 327 633 280  80 279 124 486 675 553  76 158
  27 668 621  11 384 497 411 691 541 210 620 445 261 490 182 564 422 631
 132 635 302 237 531 511 141 219 448 465 274 408  33 194 479 276 597 739
 736 441 604 686 206 355 301 214 162]
Final time: 15.9193098545s - Best: 3477607-[ 87  96 109 116 122 138 146 154 159 152 161 155 150 135 126 114  99  79
  69  66  44  56  51  48  55  24  14   0  16  22  40  45  46  52  57  64
  82  93 106 110 119 132 136 142 115 111  94  88  73  76  63  70  84  98
 101 104 107 127 139 156 168 162 175 178 197 199 205 216 224 232 231 249
 268 280 291 302 310 294 274 256 261 250 252 218 211 210 208 181 172 164
 163 149 125 120 123 143 128 129 102  91  71  81  85  67  60  58  49  61
  53  41  50  31  15  20  25  26  23  27  43  54  68  77  89  90  72  65
  74  86  83  78 100 105 108 113 121 141 148 133 134 170 192 198 217 237
 246 260 278 283 297 308 319 323 333 330 341 361 360 348 336 337 339 347
 350 353 335 329 321 320 332 344 346 349 376 369 371 390 409 408 407 430
 438 456 466 468 469 463 447 436 433 440 434 418 416 417 410 379 385 380
 382 399 401 413 414 431 449 464 474 467 477 470 480 478 489 503 515 522
 537 549 545 548 573 566 581 591 594 607 619 622 624 634 642 655 657 676
 681 686 695 702 693 701 707 715 722 729 730 745 749 748 761 765 773 772
 776 778 767 758 756 757 742 738 731 735 744 734 717 704 708 687 677 682
 671 664 658 651 647 625 637 639 623 595 575 567 559 547 532 525 510 498
 471 481 457 451 444 435 428 422 400 389 386 381 365 357 343 334 326 318
 316 293 276 275 277 272 273 247 248 226 221 230 229 254 245 238 235 241
 234 214 215 204 194 195 183 186 203 201 207 223 242 255 266 285 298 290
 305 292 289 299 306 315 331 324 322 338 345 352 364 370 388 391 404 421
 432 425 429 423 448 455 459 472 494 512 514 499 490 476 482 500 506 504
 520 541 557 564 569 576 600 599 583 590 586 602 608 621 620 606 616 627
 648 656 680 674 659 643 640 618 612 598 587 577 565 562 563 555 540 535
 534 528 551 556 568 560 538 539 546 530 517 518 491 485 462 454 437 442
 452 465 483 484 505 511 507 516 533 529 550 553 561 578 579 585 593 596
 597 589 611 626 633 644 654 670 678 684 679 689 697 690 691 712 706 718
 719 698 694 709 699 700 692 672 649 641 631 628 614 617 609 588 574 570
 571 572 558 552 519 513 523 521 496 495 486 488 492 479 473 458 445 415
 374 359 325 317 311 300 286 281 282 287 307 309 363 372 367 384 387 402
 411 426 446 439 487 501 508 524 527 536 543 531 544 509 497 453 450 441
 427 420 398 395 397 377 378 368 373 354 340 328 313 303 295 296 264 263
 244 251 240 271 270 262 259 243 225 212 220 228 227 219 202 190 188 196
 200 187 182 158 166 153 140 131 130 112 103  59  33   3  10  12   5  39
  37  42  95 118 147 144 157 165 177 191 173 167 169 176 180 193 206 222
 213 233 253 279 284 314 356 366 393 403 405 412 443 460 461 502 554 582
 584 601 662 669 675 673 667 666 663 661 653 652 688 726 740 741 723 714
 727 716 713 710 711 728 743 752 766 770 774 782 781 750 751 755 763 780
 779 769 762 725 739 747 754 753 775 771 777 768 737 696 703 724 733 746
 760 764 759 721 732 736 720 685 665 668 683 660 650 645 635 629 632 613
 604 630 638 646 636 615 605 592 603 580 542 526 493 475 419 392 375 396
 406 394 383 362 351 358 355 342 327 301 312 304 288 269 265 184 185 179
 171 145 124  80  97  75  62  38  28  32  17   6   1  11   8   9   2   4
  18  29   7  19  30  21  13  34  35  47 117 137 209 236 189 160 151 174
 239 258 257 267 424 610 705  92  36]
Value - initial: 71898217, final: 3477607, improveup: 20.6746239584

data-line;i;71898217;f;3477607;t;15.9193098545;c;-2;fv;[3477607L];cv;-1;imp;20.6746239584;type;rvnd;inum;6;w;1

time;15.9193098545;man_time;0;neigh_time;0
man_time;0;man_merge_sol;0;man_best_sol;0;man_combine_sol;0

Waiting [0]
Terminating workers True 0 0
MPI TERMINATING
