pydf_home: /home/rodolfo/git/Sucuri
simple_pycuda_home: /home/rodolfo/git/simple-pycuda
wamca2016path: /home/rodolfo/git/wamca2016/
localpath: /home/rodolfo/git/dvnd-df/code/dvnd-df/src/
WAMCAPATH:/home/rodolfo/git/wamca2016/
param: {solution_index:1, solution_instance_index:26, multi_gpu:True, goal:False, problem_name:ml, number_of_moves:10, device_count:2, solver:rvnd, mpi_enabled:True, workers:1}
Using already created file:  wamca2016lib.so
Size: 100 - file name: 02_kroD100.tsp

Value - initial: 8545859-[38 64 96 86 69 74  2 52 58 54 24 22 10 42 83 48 51 91 85 99 12 81 37  4 27
 92 11 18 97 28 65 35 94 25 84 55 36 89  3 16 17 41  5 15 73  1  0 40 39 26
 76 63  9 49 57 45 77 93 33 87 72 70 31 46 78 13 21  8 53 67 68 23 29 56 71
 90 80 62 50 19 82 66 75 34 98 47 79 60 44 88 30 20  6 43 59 14 61 95 32  7] - 8545859
Solver: RVND, number of workers: 1
Setting feeder affinity
I am the master. There are 1 mpi processes. (hostname = gpu01)
Roots [<pyDF.nodes.Feeder object at 0x7fbbdb6b7ad0>]
Starting 0
Main loop
I am worker 0
GPU0
set random seed!
Initial: 8545859-[38 64 96 86 69 74  2 52 58 54 24 22 10 42 83 48 51 91 85 99 12 81 37  4 27
 92 11 18 97 28 65 35 94 25 84 55 36 89  3 16 17 41  5 15 73  1  0 40 39 26
 76 63  9 49 57 45 77 93 33 87 72 70 31 46 78 13 21  8 53 67 68 23 29 56 71
 90 80 62 50 19 82 66 75 34 98 47 79 60 44 88 30 20  6 43 59 14 61 95 32  7]
Final time: 0.645119905472s - Best: 1029725-[38 90 53 62 14 83 40 78 12 87 23 26  0 49 33 80 51  7 65 37 10 89 16 93 31
 96 97 48 69 88 22 41 21 57 28 35 66 74  6 71 56 30 77 98 44 32 67 13 64 85
 95 84 58  5 39 82  2  4 36 50 18 47  1 99 29 34 61 52 59 43 92  3 70 42 76
 63 17 24 19  9  8 54 86 25 94 55 20 46 27 11 81 15 68 79 75 60 73 45 72 91]
Value - initial: 8545859, final: 1029725, improveup: 8.29916628226

data-line;i;8545859;f;1029725;t;0.645119905472;c;-2;fv;[1029725L];cv;-1;imp;8.29916628226;type;rvnd;inum;1;w;1

time;0.645119905472;man_time;0;neigh_time;0
man_time;0;man_merge_sol;0;man_best_sol;0;man_combine_sol;0

Waiting [0]
Terminating workers True 0 0
MPI TERMINATING
