pydf_home: /home/rodolfo/git/Sucuri
simple_pycuda_home: /home/rodolfo/git/simple-pycuda
wamca2016path: /home/rodolfo/git/wamca2016/
localpath: /home/rodolfo/git/dvnd-df/code/dvnd-df/src/
WAMCAPATH:/home/rodolfo/git/wamca2016/
param: {solution_index:3, solution_instance_index:63, multi_gpu:True, goal:False, problem_name:ml, number_of_moves:10, device_count:2, solver:rvnd, mpi_enabled:True, workers:1}
Using already created file:  wamca2016lib.so
Size: 318 - file name: 04_lin318.tsp

Value - initial: 89961213-[214 228 219 274 266 154 207   5 238   8 217 215 135 279 236 285 293 108
 298 237   7 263 132 240  30 167 220 146 208 265 289 175 280 209  51  56
 225 141 123 222 205  92 186 200 185 272 165 129 235 276 197 168 295 169
 184 162  78 114 102 116  47 286  25 283 137 256  21  58 163 177  40 125
 224  67  65 194 244  29 136 258 210 183 134  46  15  17 245 155 309 159
 104 247 315 243  11  95 262 310 305 257  90  99 110 292 297 316   4  85
 176 150 143  96  54  31 121  26 271 304 158 218  83 188 130 267 139  73
 117 124  20 204  94  72  79 145 232   0 196  74  82 269 255 239 211  57
 275  27 142 202  64   3  75  10 313 161 206 241  70 144 191 306 112   6
 201 290  35  89  66 307  14 164 311  42 259  84 270 254 268 148 199  23
 172  91  22  55 147 231  12 160 252 303 302  87 111 133  86  62 301 212
 149 181 249  49 180 192 294  80  38 291 253  61 213 248 120 230 100  69
 300 131 173 193 251  16 166 284  97  68 140 190  34 287   1  77  71 314
  18 109  44 278 156 223 107  88  33  32 152 317  81  48 179 170 234 308
 113 229  63  43 198 122 128 296  93 105 242 138 115 187 216 261 189 273
 282 127  19 221  36 174 233 101  39  41 182 126  45  59 119 178 288  50
  60 157  24 151 118 260 153 277 195 250 299   2 264 203 106 171  37  76
   9 312  13 227  52 103 246  53  98 281  28 226] - 89961213
Solver: RVND, number of workers: 1
Setting feeder affinity
I am the master. There are 1 mpi processes. (hostname = gpu01)
Roots [<pyDF.nodes.Feeder object at 0x7f3213a8fad0>]
Starting 0
Main loop
I am worker 0
GPU0
set random seed!
Initial: 89961213-[214 228 219 274 266 154 207   5 238   8 217 215 135 279 236 285 293 108
 298 237   7 263 132 240  30 167 220 146 208 265 289 175 280 209  51  56
 225 141 123 222 205  92 186 200 185 272 165 129 235 276 197 168 295 169
 184 162  78 114 102 116  47 286  25 283 137 256  21  58 163 177  40 125
 224  67  65 194 244  29 136 258 210 183 134  46  15  17 245 155 309 159
 104 247 315 243  11  95 262 310 305 257  90  99 110 292 297 316   4  85
 176 150 143  96  54  31 121  26 271 304 158 218  83 188 130 267 139  73
 117 124  20 204  94  72  79 145 232   0 196  74  82 269 255 239 211  57
 275  27 142 202  64   3  75  10 313 161 206 241  70 144 191 306 112   6
 201 290  35  89  66 307  14 164 311  42 259  84 270 254 268 148 199  23
 172  91  22  55 147 231  12 160 252 303 302  87 111 133  86  62 301 212
 149 181 249  49 180 192 294  80  38 291 253  61 213 248 120 230 100  69
 300 131 173 193 251  16 166 284  97  68 140 190  34 287   1  77  71 314
  18 109  44 278 156 223 107  88  33  32 152 317  81  48 179 170 234 308
 113 229  63  43 198 122 128 296  93 105 242 138 115 187 216 261 189 273
 282 127  19 221  36 174 233 101  39  41 182 126  45  59 119 178 288  50
  60 157  24 151 118 260 153 277 195 250 299   2 264 203 106 171  37  76
   9 312  13 227  52 103 246  53  98 281  28 226]
Final time: 4.11669993401s - Best: 6184877-[214 213 222 223 226 225 227 234 235 236 233 228 237 232 229 312 224 230
 231 238 239 240 241 138 139 143 142 249 254 257 259 264 265 266 263 260
 256 253 250 251 252 255 261 262 267 271 272 279 278 283 284 290 289 285
 282 281 286 288 293 294 292 291 287 280 277 276 273 314 268 164 165 162
 157 156 150 147 146 145 148 151 155 158 161 160 159 154 152 149 144 208
 137 136 135 134 132 127 124 123 128 131 130 129 122 120 121 118 117 220
 219 216 215 211 210 108 109 113 112 116 207 133 126 125 119 115 114 111
 110 106 105   3   4   8   7   2   0   1   5   6   9  10  14 102  20  21
  28  29  30  31  32  27  22  19  18  23  26  25  24  17  15  16  34  33
  37  38 153 163 209 166 167 174 173 178 179 185 184 180 177 176 181 183
 188 189 187 186 182 175 172 171  64  65  59  60  62  61  57  52  51  45
  42  41  40  43  46  50  53  56  49  47  44  39  48  54  55  58 104  63
  66  67  70  77  81  82  84  83  78  76  71  79  75  72  68  69  73  74
  80  88  89  97  98  94  93 195 196 200 201  99 206 205 197 202 203 199
 198 204 311 310 306 305 301 300 302 295 298 299 307 308 309 304 303 297
 296 275 274 270 269 317 248 247 243 244 246 245 242 313 258 169 170 191
 192 194 193 190  86  87  92 101 100  96  95  91  90  85 316 315 103  35
  36  13  12 107 212 217 218 221 141 140 168  11]
Value - initial: 89961213, final: 6184877, improveup: 14.5453519933

data-line;i;89961213;f;6184877;t;4.11669993401;c;-2;fv;[6184877L];cv;-1;imp;14.5453519933;type;rvnd;inum;3;w;1

time;4.11669993401;man_time;0;neigh_time;0
man_time;0;man_merge_sol;0;man_best_sol;0;man_combine_sol;0

Waiting [0]
Terminating workers True 0 0
MPI TERMINATING
