pydf_home: /home/rodolfo/git/Sucuri
simple_pycuda_home: /home/rodolfo/git/simple-pycuda
wamca2016path: /home/rodolfo/git/wamca2016/
localpath: /home/rodolfo/git/dvnd-df/code/dvnd-df/src/
WAMCAPATH:/home/rodolfo/git/wamca2016/
param: {solution_index:5, solution_instance_index:36, multi_gpu:True, goal:False, problem_name:ml, number_of_moves:10, device_count:2, solver:rvnd, mpi_enabled:True, workers:1}
Using already created file:  wamca2016lib.so
Size: 657 - file name: 06_d657.tsp

Value - initial: 280541896-[ 26 145 304  18 483 424 613  25 395 417 237 457 485 376 386 428 331 281
 514 284  35 607 215 251 592 454 520 262 274 169 578 522 392 236 467 243
 570 313  77 337 230 515 231 184 253 650  31 246 608 114 240 133 451 273
 549 398 597 354 579 288 542 178 101  30 371 547  53  95 378 141 208 412
 571 305 415  37 633 639 209 508 222 406  76 203  46 614 272 629 630 402
 609 393 580  63  22 233 342   6 225 210 372 591  51 268 557 360 132  93
 303 163   7 536 115 298 486 322 637 606 270  39 157 438   3 156 118 207
 455 526 644 463 287 531   4 257 656 543 442 434 211 289 646 413 473 195
 553  17 174 356  61 104 221 339 264 180 443 279  86 142 460 113 493 238
 562 379 642 479 430 551 554 620 450 487 311 588 599 602 513  49 152 269
 574 524 635 244 359 252 285 125 589 539 100  44 383  98 188 224 103 330
 137 480  32  24 540 271 302 582 404 283 636 441  38 401 318 192 565 250
  43 506 126 161 306 421 294 418 593 278 389  88  23  20 651 512 150 585
 459 628  84  59 575 147 596 521 124 315 186 149 183 200 390 217   5 123
  99 129 484 249 109  81 353  54 276 584 653 362  87 600 170 139 631 173
   1 242 107 297 429 179 191 106 632 561 370   8  13 625 382 363 466  71
 329 583 387 167 136 545 605 229 323 448 228 282 645 120 235 122 138 624
 277 433  21 105 291 494 140 348 333  66  42  91 317 491 108 595 537 143
 409 332  67  19 310 219 131 308 472 461 171 218 158 344 258 325 470 405
  58  64 414  69 617  41 622  47 641 351 504 634 182 505  79 175 368 346
 256 327 533  83 408 206  28 496 437 349 199 618 563 407 621 110 255 214
 525 560  11 497 499 292 328 572  57 391 615 462 134 319 492 498 397 567
 495 299 286 324 176  92 427 135 102 544 153 336 234 119  73  96 503 301
 511 187 232  74 612 403 474 440 194 654 446 193 577 385  12 280   0 619
 300  65 172 216 241 361 556 590 558   2  56 212 381 445 326 340 419 245
 373 530 464 261 189 478 652 627 431 388 425 226 205  62 164 320 447 293
 165 410 400 439 144 640 260 568 648 416 265 465  75 263  89 576 616 185
 296 647 316 555 111 162 435  55 471 375  40 532 247 509 307 432 112 248
 534  15  60 350 601 507 581 611 377 468 586 168 552 436 266 501 358 347
 516 548 610 475 227 357 154 538  80 528 396 529 352 420 335 489 598 365
 623 309 151  50 481 259 369 128 197 130 559 517 510  48 239  33 338 502
 181 380 518 384 469 541 334  34 267 275 649 343  16 127 345 367 146 422
 546 121 177 519 482 117 594 290  90 254 587 204 535 603 638 341 449  72
 566 148 564 452 573 223 458 196 159 490  52 220 500 550  36  94  85 488
 198 456 160  29 374 364 155 626 476 166  78 523  70  97 116 312 477 604
 295  68 527 569 314  10 655  82 201 355 399 423 444 426  45   9 411 643
  14 453 213  27 394 202 366 321 190] - 280541896
Solver: RVND, number of workers: 1
Setting feeder affinity
I am the master. There are 1 mpi processes. (hostname = gpu01)
Roots [<pyDF.nodes.Feeder object at 0x7f8a8166dad0>]
Starting 0
Main loop
I am worker 0
GPU0
set random seed!
Initial: 280541896-[ 26 145 304  18 483 424 613  25 395 417 237 457 485 376 386 428 331 281
 514 284  35 607 215 251 592 454 520 262 274 169 578 522 392 236 467 243
 570 313  77 337 230 515 231 184 253 650  31 246 608 114 240 133 451 273
 549 398 597 354 579 288 542 178 101  30 371 547  53  95 378 141 208 412
 571 305 415  37 633 639 209 508 222 406  76 203  46 614 272 629 630 402
 609 393 580  63  22 233 342   6 225 210 372 591  51 268 557 360 132  93
 303 163   7 536 115 298 486 322 637 606 270  39 157 438   3 156 118 207
 455 526 644 463 287 531   4 257 656 543 442 434 211 289 646 413 473 195
 553  17 174 356  61 104 221 339 264 180 443 279  86 142 460 113 493 238
 562 379 642 479 430 551 554 620 450 487 311 588 599 602 513  49 152 269
 574 524 635 244 359 252 285 125 589 539 100  44 383  98 188 224 103 330
 137 480  32  24 540 271 302 582 404 283 636 441  38 401 318 192 565 250
  43 506 126 161 306 421 294 418 593 278 389  88  23  20 651 512 150 585
 459 628  84  59 575 147 596 521 124 315 186 149 183 200 390 217   5 123
  99 129 484 249 109  81 353  54 276 584 653 362  87 600 170 139 631 173
   1 242 107 297 429 179 191 106 632 561 370   8  13 625 382 363 466  71
 329 583 387 167 136 545 605 229 323 448 228 282 645 120 235 122 138 624
 277 433  21 105 291 494 140 348 333  66  42  91 317 491 108 595 537 143
 409 332  67  19 310 219 131 308 472 461 171 218 158 344 258 325 470 405
  58  64 414  69 617  41 622  47 641 351 504 634 182 505  79 175 368 346
 256 327 533  83 408 206  28 496 437 349 199 618 563 407 621 110 255 214
 525 560  11 497 499 292 328 572  57 391 615 462 134 319 492 498 397 567
 495 299 286 324 176  92 427 135 102 544 153 336 234 119  73  96 503 301
 511 187 232  74 612 403 474 440 194 654 446 193 577 385  12 280   0 619
 300  65 172 216 241 361 556 590 558   2  56 212 381 445 326 340 419 245
 373 530 464 261 189 478 652 627 431 388 425 226 205  62 164 320 447 293
 165 410 400 439 144 640 260 568 648 416 265 465  75 263  89 576 616 185
 296 647 316 555 111 162 435  55 471 375  40 532 247 509 307 432 112 248
 534  15  60 350 601 507 581 611 377 468 586 168 552 436 266 501 358 347
 516 548 610 475 227 357 154 538  80 528 396 529 352 420 335 489 598 365
 623 309 151  50 481 259 369 128 197 130 559 517 510  48 239  33 338 502
 181 380 518 384 469 541 334  34 267 275 649 343  16 127 345 367 146 422
 546 121 177 519 482 117 594 290  90 254 587 204 535 603 638 341 449  72
 566 148 564 452 573 223 458 196 159 490  52 220 500 550  36  94  85 488
 198 456 160  29 374 364 155 626 476 166  78 523  70  97 116 312 477 604
 295  68 527 569 314  10 655  82 201 355 399 423 444 426  45   9 411 643
  14 453 213  27 394 202 366 321 190]
Final time: 11.02439785s - Best: 14486823-[ 26  27  30  29  22  20  16  17  13  18  19 444 445  23  25 440 441 443
 447 446 442 449 448 453 450 452 451 454 458 464 468 466 462 463 469  34
  37  46  42  38  43  47  51  62  56  67  76  83  89  94  82  96 100 107
 111 106 122 112 121 105 104  86  92  99 113 119 103 118 114 102  91  97
  98  93 101 116 128 129 130 137 142 162 164 190 196 206 220 230 238 239
 253 261 271 290 298 307 317 322 341 345 335 340 323 324 334 308 309 321
 342 348 364 370 397 388 387 369 365 377 386 401 405 414 423 431 424 410
 419 425 413 412 407 403 379 376 374 368 366 359 363 352 362 353 344 338
 332 314 315 329 316 336 343 354 360 355 356 337 607 610 606 605 601 608
 613 615 616 617 618 620 622 408 427 426 393 381 383 380 375 367 382 392
 384 394 406 402 395 385 396 378 373 358 351 357 333 318 327 311 312 305
 304 284 259 255 243 228 224 226 207 219 214 208 184 177 179 166 158 150
 153 143 110 123 108  95  88  87 497 494 491 482 472 480 481 485 486 490
 487 488 484 489 492 495 500 501 503 502 499 504 126 507 133 136 160 174
 193 203 205 189 182 173 183 194 200 213 212 216 222 245 278 281 265 273
 280 266 258 580 229 246 257 586 581 582 578 574 573 571 569 568 562 561
 564 560 565 563 558 553 554 555 557 551 543 549 550 548 547 546 545 544
 631 632 633 635 634 636 637 638 639 640 641 642 536 537 541 540 539 538
 534 535 532 531 529 523 533 530 524 522 525 526 527 521 519 520 474 477
 478 479 476 475 457 456 473 455 459 460 461 465 467 470  75  81  80  71
  66  61  58  70  90 120 139 148 147 149 154 161 170 171 169 157 165 187
 181 180 186 191 178 172 168 155 140 132 115  84  74  77  73  68  63  54
  50  49  44  45  35  32  33  36  39  41  53  60  64  79  78   6   5 117
 131 138 156 163 185 195 197 198 199 209 217 218 234 240 263 264 288 293
 299 303 346 372 361 347 371 390 416 438 437 420 409 391 398 389 400 404
 415 421 422 436 435 430 349 325 294 292 287 275 254 248 236 225 215 221
 232 241 260 326 320 310 300 276 270 268 251 247 227 252 242 250 291 277
 272 274 283 286 244 233 249 223 192 188 176 167 151 146 134 109 127 124
 505 498 496 493 514 515 518 517 516 513 512 528 509 508 510 159 152 135
 125 506 145 144 175 211 256 267 282 285 313 328 339 433 434 429 417 411
 428 418 331 330 319 301 295 302 296 297 306 592 279 589 598 600 595 591
 596 597 594 602 611 612 619 624 625 623 621 614 609 604 603 599 593 590
 587 588 585 584 583 577 576 579 575 656 572 626 655 654 653 627 651 650
 649 652 648 647 645 646 644 643 630 629 628 552 566 570 202 201 567 556
 559 511 483 471  31  55  48  52  57  59  69  85  72  65  40  28  15  14
  21  24  12  11   7   9   8  10   1   2   3   4 141 210 235 231 237 269
 262 289 399 439 432 350 204 542   0]
Value - initial: 280541896, final: 14486823, improveup: 19.3653153628

data-line;i;280541896;f;14486823;t;11.02439785;c;-2;fv;[14486823L];cv;-1;imp;19.3653153628;type;rvnd;inum;5;w;1

time;11.02439785;man_time;0;neigh_time;0
man_time;0;man_merge_sol;0;man_best_sol;0;man_combine_sol;0

Waiting [0]
Terminating workers True 0 0
MPI TERMINATING
