pydf_home: /home/rodolfo/git/Sucuri
simple_pycuda_home: /home/rodolfo/git/simple-pycuda
wamca2016path: /home/rodolfo/git/wamca2016/
localpath: /home/rodolfo/git/dvnd-df/code/dvnd-df/src/
WAMCAPATH:/home/rodolfo/git/wamca2016/
param: {solution_index:5, solution_instance_index:23, multi_gpu:True, goal:False, problem_name:ml, number_of_moves:10, device_count:2, solver:rvnd, mpi_enabled:True, workers:1}
Using already created file:  wamca2016lib.so
Size: 657 - file name: 06_d657.tsp

Value - initial: 275402795-[500 447 451  61 133 319 523 155 561 229 519 121 557 164 240  33 149  58
 292 624 587 107 153 299 301 104 429 529 297 253 235 463 605 634 575 103
 588 513 613 224 427 135  71 577 167 136  39 162 478 312 261 379  50 383
 273 631 389 590  77 487 653 481 593 556 534 166 608 619  87  70 518 365
 247 418 303 542 623 200 266 282 331 310  17 412 357 356 207   4 606 413
 639 420 394 643 269 123 109 476 490 369 448 391 181 227 424 361 393 364
 332 343  62 576 411 146 656 614 386 397 359 244 407  30 417 471 484 102
 293 460  18 171 221 288 111 150 137 158 547 387 545 294 237   8 350 349
 376 308 464  31 618 337 586  79 569  97 193 546 382   7 595 585  96 620
 354 325 479 532 452 259 339 439  80 283 494 129 255 323 521 530  88 584
 251 473 616 358 203 278 423 607 366 629 570 169 524 408 445  72 328 210
 510 468 346 492   3 462 533   2 441 651 638  54 342  57 249 367 554 316
 246 433 157   5 120  55 225  11 600 566  13 199 307 314   6 594 635 124
  94 206 453 531  75 404 390 320 212  23 368  53 459 434 551 421  10 250
 296 565 373 184  28 182 517 172 430 160 483 291 214 571  16 648  93  21
 275  26 126  32  43 232 406 454 564 295 467  82 304 374 396 641  12 563
 243 385 392 499 230 436 611 176 241 205 138 222  51 263 432 127 271 438
  95 414 560 489 440 543  89 152 601 213 151 444 388 143 495 488 154 372
 353 175 344 415 219 352 298 233   9 485 159 217 113 633 506 583  83 509
 559  44 486 306 258 419 475 573 204 567 290 305 265 236 122  41 321 402
 280 482 525 375 315 281 264 437  34  74 370 589 431 185 548 572 186 549
 574 617 515 267 526  19 550 380 508 541 493 322 558 502 170 644 442 262
 326 208 209 553 625 652 655 223  45 218 117 592 398  15 622 465 195 401
 520 552 522 161 345 528 630 197 284 242 654 371  24 351 597 650 198 425
  85 612 362  67 191 472 128 604 179 457 384 238 512 646  73 458 511  47
  64 106 504 578 395 514 636 115 177 147 274 501 201 449 183 470  20 226
 318 118 285 474 598  49 289  29 329 363 333 461 327 134 621 173 455 114
 216 645 277 568 360 443 649 270 377 491 311 347 456 381 211  42 234 610
 334 125  92 105 272 180 498  65 544 400 632 477 168 469 422  91 378 615
 516 189  98  14 466 165 252  22  35  81 139 132 119 591 257  90 116 640
  86 287  46 215  84 145 156 537 188  38  66 348 580 302 505 131 245 140
 256 178 599  52 579 192 286 416 101 637 317 194 410 602 148  63 239 627
 300 496 535 231 130 341 190   1 596 628 555 260  56 503 435 446 539 497
 480  60 426 276 540 108 609  68 409 507  25 313  59 581 309  76 338   0
 220 403  99 248 538 174 603 279 450  37 142  36 141  40 254 163 536 562
 196 642 428  48 112 582 144 202 335 340 355 336  78 626 527  69 647  27
 324 405 110 187 399 100 268 330 228] - 275402795
Solver: RVND, number of workers: 1
Setting feeder affinity
I am the master. There are 1 mpi processes. (hostname = gpu01)
Roots [<pyDF.nodes.Feeder object at 0x7f7bd62a9ad0>]
Starting 0
Main loop
I am worker 0
GPU0
set random seed!
Initial: 275402795-[500 447 451  61 133 319 523 155 561 229 519 121 557 164 240  33 149  58
 292 624 587 107 153 299 301 104 429 529 297 253 235 463 605 634 575 103
 588 513 613 224 427 135  71 577 167 136  39 162 478 312 261 379  50 383
 273 631 389 590  77 487 653 481 593 556 534 166 608 619  87  70 518 365
 247 418 303 542 623 200 266 282 331 310  17 412 357 356 207   4 606 413
 639 420 394 643 269 123 109 476 490 369 448 391 181 227 424 361 393 364
 332 343  62 576 411 146 656 614 386 397 359 244 407  30 417 471 484 102
 293 460  18 171 221 288 111 150 137 158 547 387 545 294 237   8 350 349
 376 308 464  31 618 337 586  79 569  97 193 546 382   7 595 585  96 620
 354 325 479 532 452 259 339 439  80 283 494 129 255 323 521 530  88 584
 251 473 616 358 203 278 423 607 366 629 570 169 524 408 445  72 328 210
 510 468 346 492   3 462 533   2 441 651 638  54 342  57 249 367 554 316
 246 433 157   5 120  55 225  11 600 566  13 199 307 314   6 594 635 124
  94 206 453 531  75 404 390 320 212  23 368  53 459 434 551 421  10 250
 296 565 373 184  28 182 517 172 430 160 483 291 214 571  16 648  93  21
 275  26 126  32  43 232 406 454 564 295 467  82 304 374 396 641  12 563
 243 385 392 499 230 436 611 176 241 205 138 222  51 263 432 127 271 438
  95 414 560 489 440 543  89 152 601 213 151 444 388 143 495 488 154 372
 353 175 344 415 219 352 298 233   9 485 159 217 113 633 506 583  83 509
 559  44 486 306 258 419 475 573 204 567 290 305 265 236 122  41 321 402
 280 482 525 375 315 281 264 437  34  74 370 589 431 185 548 572 186 549
 574 617 515 267 526  19 550 380 508 541 493 322 558 502 170 644 442 262
 326 208 209 553 625 652 655 223  45 218 117 592 398  15 622 465 195 401
 520 552 522 161 345 528 630 197 284 242 654 371  24 351 597 650 198 425
  85 612 362  67 191 472 128 604 179 457 384 238 512 646  73 458 511  47
  64 106 504 578 395 514 636 115 177 147 274 501 201 449 183 470  20 226
 318 118 285 474 598  49 289  29 329 363 333 461 327 134 621 173 455 114
 216 645 277 568 360 443 649 270 377 491 311 347 456 381 211  42 234 610
 334 125  92 105 272 180 498  65 544 400 632 477 168 469 422  91 378 615
 516 189  98  14 466 165 252  22  35  81 139 132 119 591 257  90 116 640
  86 287  46 215  84 145 156 537 188  38  66 348 580 302 505 131 245 140
 256 178 599  52 579 192 286 416 101 637 317 194 410 602 148  63 239 627
 300 496 535 231 130 341 190   1 596 628 555 260  56 503 435 446 539 497
 480  60 426 276 540 108 609  68 409 507  25 313  59 581 309  76 338   0
 220 403  99 248 538 174 603 279 450  37 142  36 141  40 254 163 536 562
 196 642 428  48 112 582 144 202 335 340 355 336  78 626 527  69 647  27
 324 405 110 187 399 100 268 330 228]
Final time: 10.4261450768s - Best: 14439810-[500 495 492 489 484 488 487 481 480 485 486 482 472 471 483 491 494 497
 496 498 493 499 502 501 503 507 133 136 159 182 173 183 194 200 213 212
 216 222 245 265 281 278 285 282 267 256 244 233 188 192 176 151 167 153
 166 158 150 143 111 107 100  96  82  94  89  83  76  67  56  62  51  47
  43  38  34 469 463 462 466 468 464 458 461 465 467 460 459 457 456 473
 455 454 451 452 450 453 448 449 442 446 447 443 441 440  23  25  26  27
  30  31  37  42  46  58  61  66  71  80  75  81 106 112 121 104 120  99
  92  69  59  48  52  57  50  54  49  44  45  63  68  73  77  74  84 101
 116 130 128 129 142 137 140 132 115  93  98  97  91 102 114 118 103 119
 113 139 148 169 171 170 161 147 149 154 177 184 179 207 208 214 219 227
 252 247 251 260 268 276 270 250 242 226 224 228 243 255 259 284 304 305
 312 318 291 277 272 274 283 286 314 315 329 353 344 338 332 352 359 363
 362 367 382 411 417 429 434 433 412 407 403 394 384 379 374 368 376 385
 395 396 402 406 413 425 419 410 424 431 423 414 405 401 432 435 430 436
 422 421 415 404 400 389 398 391 372 346 334 324 323 340 361 347 341 345
 335 322 317 307 298 290 271 261 253 239 238 230 220 206 209 217 218 234
 263 264 288 293 299 303 308 309 321 342 348 370 364 349 325 294 292 287
 275 254 248 236 225 204 187 181 180 186 191 198 199 197 195 185 178 172
 168 155 162 164 156 163 138 131 117   6  78  79  64  60  53  41  39  36
  35  33  32  24  21  14  15  16  13  17  20  28  40  65  72  85  86  90
 105 122 110 123 134 108  88  87  95 109 144 145 127 124 505 490 479 476
 477 478 515 514 512 513 516 517 518 519 520 521 527 526 525 522 524 530
 533 523 529 531 532 535 534 536 537 538 539 540 541 542 544 545 546 547
 548 553 558 554 555 557 550 549 543 551 556 559 528 509 508 126 504 506
 125 135 152 160 174 189 203 205 580 229 246 257 266 258 273 280 297 296
 302 295 301 319 330 343 354 375 380 383 381 360 355 356 337 607 610 606
 605 601 595 591 596 597 594 602 611 609 604 603 599 593 590 587 588 585
 584 583 577 576 579 575 656 655 654 653 652 651 650 649 648 647 645 646
 644 643 642 641 640 639 638 637 636 634 635 633 632 631 630 629 628 552
 560 563 565 564 561 562 627 626 572 568 569 571 573 574 578 582 581 586
 589 279 592 306 331 336 316 313 328 339 333 357 351 358 327 311 300 310
 320 326 350 369 365 377 386 373 378 366 392 428 418 393 426 427 408 622
 620 618 617 616 615 624 625 623 621 614 612 619 613 608 600 598 202 201
 570 567 511 510 193 175 146  70  55  29  22 445 444  19  18  12  11   7
   9   8  10   1   2   3   4   5 141 190 196 165 157 215 221 232 241 240
 262 235 231 210 237 269 289 371 399 390 409 416 438 420 437 439 397 388
 387 223 249 211 566 474 475 470   0]
Value - initial: 275402795, final: 14439810, improveup: 19.0724666737

data-line;i;275402795;f;14439810;t;10.4261450768;c;-2;fv;[14439810L];cv;-1;imp;19.0724666737;type;rvnd;inum;5;w;1

time;10.4261450768;man_time;0;neigh_time;0
man_time;0;man_merge_sol;0;man_best_sol;0;man_combine_sol;0

Waiting [0]
Terminating workers True 0 0
MPI TERMINATING
