pydf_home: /home/rodolfo/git/Sucuri
simple_pycuda_home: /home/rodolfo/git/simple-pycuda
wamca2016path: /home/rodolfo/git/wamca2016/
localpath: /home/rodolfo/git/dvnd-df/code/dvnd-df/src/
WAMCAPATH:/home/rodolfo/git/wamca2016/
param: {solution_index:0, solution_instance_index:8, multi_gpu:True, goal:False, problem_name:ml, number_of_moves:10, device_count:2, solver:rvnd, mpi_enabled:True, workers:1}
Using already created file:  wamca2016lib.so
Size: 52 - file name: 01_berlin52.tsp

Value - initial: 860380-[ 2 36 16 51 33 19 26 11 24 32 37 25 46 38 29 40 27 12  0 39 15 13 18  8 45
  1  3  6 10 49  4 41 42 31 35 47 48 50  5  9 23 30 17 14 20 28 22 21 44  7
 43 34] - 860380
Solver: RVND, number of workers: 1
Setting feeder affinity
I am the master. There are 1 mpi processes. (hostname = gpu01)
Roots [<pyDF.nodes.Feeder object at 0x7f62d6a5dad0>]
Starting 0
Main loop
I am worker 0
GPU0
set random seed!
Initial: 860380-[ 2 36 16 51 33 19 26 11 24 32 37 25 46 38 29 40 27 12  0 39 15 13 18  8 45
  1  3  6 10 49  4 41 42 31 35 47 48 50  5  9 23 30 17 14 20 28 22 21 44  7
 43 34]
Final time: 1.36067080498s - Best: 153505-[ 2 17 30 21  0 48 31 34 33 35 38 39 37 14  5  4 23 47 36 43 49 19 15 45 24
  3 42  9  8  7 40 18 44 16  6  1 41 29 20 22 28 25 46 13 12 51 10 50 11 32
 27 26]
Value - initial: 860380, final: 153505, improveup: 5.60489886323

data-line;i;860380;f;153505;t;1.36067080498;c;-2;fv;[153505L];cv;-1;imp;5.60489886323;type;rvnd;inum;0;w;1

time;1.36067080498;man_time;0;neigh_time;0
man_time;0;man_merge_sol;0;man_best_sol;0;man_combine_sol;0

Waiting [0]
Terminating workers True 0 0
MPI TERMINATING
