pydf_home: /home/rodolfo/git/Sucuri
simple_pycuda_home: /home/rodolfo/git/simple-pycuda
wamca2016path: /home/rodolfo/git/wamca2016/
localpath: /home/rodolfo/git/dvnd-df/code/dvnd-df/src/
WAMCAPATH:/home/rodolfo/git/wamca2016/
param: {solution_index:0, solution_instance_index:9, multi_gpu:True, goal:False, problem_name:ml, number_of_moves:10, device_count:2, solver:rvnd, mpi_enabled:True, workers:1}
Using already created file:  wamca2016lib.so
Size: 52 - file name: 01_berlin52.tsp

Value - initial: 836539-[17 26 33 48 20 51 14 41 39  1 37 22 42  7 25 43  3 11 50 49  8 45  5 38 24
  9 29  0  4 30  2 34 35 32 44 13 21 28 10 27 47 46 16 12  6 40 36 23 15 18
 31 19] - 836539
Solver: RVND, number of workers: 1
Setting feeder affinity
I am the master. There are 1 mpi processes. (hostname = gpu01)
Roots [<pyDF.nodes.Feeder object at 0x7fbea37dead0>]
Starting 0
Main loop
I am worker 0
GPU0
set random seed!
Initial: 836539-[17 26 33 48 20 51 14 41 39  1 37 22 42  7 25 43  3 11 50 49  8 45  5 38 24
  9 29  0  4 30  2 34 35 32 44 13 21 28 10 27 47 46 16 12  6 40 36 23 15 18
 31 19]
Final time: 1.235902071s - Best: 153894-[17 30 21  0 43 33 36 47 23  4  5 14 37 39 38 35 34 48 31 44 18 40  7  8  9
 42  3 24 11 27 26 25 46 45 15 28 49 22 29  1  6 41 20 16  2 32 50 10 51 13
 12 19]
Value - initial: 836539, final: 153894, improveup: 5.43581296217

data-line;i;836539;f;153894;t;1.235902071;c;-2;fv;[153894L];cv;-1;imp;5.43581296217;type;rvnd;inum;0;w;1

time;1.235902071;man_time;0;neigh_time;0
man_time;0;man_merge_sol;0;man_best_sol;0;man_combine_sol;0

Waiting [0]
Terminating workers True 0 0
MPI TERMINATING
