pydf_home: /home/rodolfo/git/Sucuri
simple_pycuda_home: /home/rodolfo/git/simple-pycuda
wamca2016path: /home/rodolfo/git/wamca2016/
localpath: /home/rodolfo/git/dvnd-df/code/dvnd-df/src/
WAMCAPATH:/home/rodolfo/git/wamca2016/
param: {solution_index:4, solution_instance_index:57, multi_gpu:True, goal:False, problem_name:ml, number_of_moves:10, device_count:2, solver:rvnd, mpi_enabled:True, workers:1}
Using already created file:  wamca2016lib.so
Size: 501 - file name: 05_TRP-S500-R1.tsp

Value - initial: 33355014-[328 322  99 360 159 469 368 203 270 161 326  52 364  33 148 347 414 332
 363  89 462 128 254 351 408 200  74 135 257   3 437  44 494 290 131  15
 182  31  97 300 253 267 127 464 491 242 241 138 429 209 259 372 304 478
  94  11 316 498 211 385 466 336 477  46  98 232  40 189 119 380 302 111
 463 177 476 295 277 219 333 215  41 165 149 350 303  58 137 301 282 428
  77  86  17 144 361 389 122 155 317  60 500  85 293 411 374 440 314 123
 207 258  96 120 356  30  27 420 192 283 110 395 490   8  18 142 436 396
 214  10 341   1 247 244 487 205 384  82 373 129 154 387 223 230 461 262
 147 228 348  76 406 174 438 281 246 213 424 275 407 289  67  73 430  81
 398 484  62  55 216 170  59   6 156 329 217 250 334 370 279 409 457 224
 343 394 444 362 243 212  23 146 355  14 453 291 313 266 473 367 337 391
 308 323 164  87 237 354 199 400 470 458 134 452 190  29 335 173 421  49
 427   7 320 240 175 221 405 272  36 459 448  53 392 238  66  75 358  32
 352 485 377 404 157  43 454 410 121 439  61 107 441 145 172  26  51 143
 176 425 198 349 307 229  47 235 492 327 116 393 388 101 450 381 318 345
 193 141  71  64 383 379 365 319 222 132 312 369 133 472 390 455 108 294
 227 412 339  65  79 130 117 104 423  70  28 288 399 468 166 378 261  95
 456 480 431 296 497 451 418 273 255  50 311 158   9  21   0 432 197 239
 152  45 118 325 181 109 248  88 178 486 310  35  91 353 324 280 271 287
 100  42 188 126 184 191 252 218 114 346  80 447 236 115 245 413 442  90
   4  72 340 330 264 162 386  24 284 208 202 201 233  39 467 299 435 185
 112 140 103 167 331 231  13 315  68  63 321 136 297 359 168 183 206 434
  84 106  25  48 483 179 187 196 160 251 124 366 210 180 426 493  12 125
 194 171  19 415 298 306 417 446 260 285 499 376 220 482 357 286 416  57
  16  38 443 263 338 105 163 403 292  54 102   5 342 402 371 488 169 225
  83 265 474 489 151 471 382 495 344 186 278  22  34 397  20 401   2 249
 276  92 274 479 256 234 449 113 460 475 496  93 305 445 465 419  56  69
 195 481 268 269 139 433 226  37 309 150  78 204 422 375 153] - 33355014
Solver: RVND, number of workers: 1
Setting feeder affinity
I am the master. There are 1 mpi processes. (hostname = gpu01)
Roots [<pyDF.nodes.Feeder object at 0x7f58d2d60ad0>]
Starting 0
Main loop
I am worker 0
GPU0
set random seed!
Initial: 33355014-[328 322  99 360 159 469 368 203 270 161 326  52 364  33 148 347 414 332
 363  89 462 128 254 351 408 200  74 135 257   3 437  44 494 290 131  15
 182  31  97 300 253 267 127 464 491 242 241 138 429 209 259 372 304 478
  94  11 316 498 211 385 466 336 477  46  98 232  40 189 119 380 302 111
 463 177 476 295 277 219 333 215  41 165 149 350 303  58 137 301 282 428
  77  86  17 144 361 389 122 155 317  60 500  85 293 411 374 440 314 123
 207 258  96 120 356  30  27 420 192 283 110 395 490   8  18 142 436 396
 214  10 341   1 247 244 487 205 384  82 373 129 154 387 223 230 461 262
 147 228 348  76 406 174 438 281 246 213 424 275 407 289  67  73 430  81
 398 484  62  55 216 170  59   6 156 329 217 250 334 370 279 409 457 224
 343 394 444 362 243 212  23 146 355  14 453 291 313 266 473 367 337 391
 308 323 164  87 237 354 199 400 470 458 134 452 190  29 335 173 421  49
 427   7 320 240 175 221 405 272  36 459 448  53 392 238  66  75 358  32
 352 485 377 404 157  43 454 410 121 439  61 107 441 145 172  26  51 143
 176 425 198 349 307 229  47 235 492 327 116 393 388 101 450 381 318 345
 193 141  71  64 383 379 365 319 222 132 312 369 133 472 390 455 108 294
 227 412 339  65  79 130 117 104 423  70  28 288 399 468 166 378 261  95
 456 480 431 296 497 451 418 273 255  50 311 158   9  21   0 432 197 239
 152  45 118 325 181 109 248  88 178 486 310  35  91 353 324 280 271 287
 100  42 188 126 184 191 252 218 114 346  80 447 236 115 245 413 442  90
   4  72 340 330 264 162 386  24 284 208 202 201 233  39 467 299 435 185
 112 140 103 167 331 231  13 315  68  63 321 136 297 359 168 183 206 434
  84 106  25  48 483 179 187 196 160 251 124 366 210 180 426 493  12 125
 194 171  19 415 298 306 417 446 260 285 499 376 220 482 357 286 416  57
  16  38 443 263 338 105 163 403 292  54 102   5 342 402 371 488 169 225
  83 265 474 489 151 471 382 495 344 186 278  22  34 397  20 401   2 249
 276  92 274 479 256 234 449 113 460 475 496  93 305 445 465 419  56  69
 195 481 268 269 139 433 226  37 309 150  78 204 422 375 153]
Final time: 5.85403704643s - Best: 1990302-[328 372 196 297 263 313 104 272 139 376 278 202 299 292  55 185  43 285
 309 163  42 453 140 251 344 116 179  44 301 330 373 279 349 387  70 275
 307 155  93  99 203 281  69 265 238 381 457 239 129 439 160 403  16 411
 447 215 204 109 208 380 216 451 233 211 479 460 102  94 332 386 336 268
 308  72 212 302 293 306  14 484 391  79 412 473 187  90 354  95 255 190
 448 141 485 207 365 487  25 475 312 161  75 333 274 370 245 298 227 250
 126 205 108 405 147 392 455 435 165 291 443 340 122 199  51 316 115 471
 228 159 197 490 264 220 101  27 491 441 244  37 446 474 482   9 454 145
 355 428 334 151 363 186 257  46 249 231 375 256 127 314 401 130 289 188
 267 476  34 371 456 465  24 462  11 283 424 315 173 323 374 498 397 429
 493 461 241 495  56 184 154 287 353 106 135 258 321 463  80  84 217  32
 469  41 486  48 113 169 121 198 158 464  71 364 174 195 436  38 146 232
 142 112 236   5 356 339  59  83   7 445 111  39 246 193  88 419 382 431
 181 358 416 345  82 394  76 266 420  62 362 221 421 496 325  67  81  87
 210 326 277 352 423 399 442 234 242 500 194  13 379  35 124 368 497 176
 480 300  17 114 384 144   1 409 318 378  10 105 331 240 103 132 359 408
 427  74 183 180 357 252  40 206  58 406 433 343 219 414 341 337 286 213
 172 335 200  22 261 118 100 396  77 209 389  29  47 483 214 398 125 259
 143  64 418 189  26  50 170  92 168   2 488 377 369 450 311 162 324  60
 347  45 383 319  28 182 351 305 481 117 167 393 273 434  36 119 459 178
   4 223  30  54 128  20 294 156 329 284 295 131 338 415 350 458 449 432
 269 407 191  57 367 254 467 201 157 404 253 402 410 175 385 138 177  96
  15 440  65 366  49 148 477 322 120 218 494 430 288  97 237 304 388  68
 395 262  73 417  78 452  18   0 150 271  63  53 107  23 400 153 327 320
 310 360 164 276 282 171 444  91 123 413  21  86 192 224 149   8 390  61
 489 229 296 280 317 137 478 270 235 303 348  19 243  89  12 466 226 152
 438  52 248   6 133 492  98 166 222 342 361 230 468 346 422 437  31  85
 110 425  66 499  33 470 136   3 247 134 225 472 260 426 290]
Value - initial: 33355014, final: 1990302, improveup: 16.7587702771

data-line;i;33355014;f;1990302;t;5.85403704643;c;-2;fv;[1990302L];cv;-1;imp;16.7587702771;type;rvnd;inum;4;w;1

time;5.85403704643;man_time;0;neigh_time;0
man_time;0;man_merge_sol;0;man_best_sol;0;man_combine_sol;0

Waiting [0]
Terminating workers True 0 0
MPI TERMINATING
