pydf_home: /home/rodolfo/git/Sucuri
simple_pycuda_home: /home/rodolfo/git/simple-pycuda
wamca2016path: /home/rodolfo/git/wamca2016/
localpath: /home/rodolfo/git/dvnd-df/code/dvnd-df/src/
WAMCAPATH:/home/rodolfo/git/wamca2016/
param: {solution_index:1, solution_instance_index:48, multi_gpu:True, goal:False, problem_name:ml, number_of_moves:10, device_count:2, solver:rvnd, mpi_enabled:True, workers:1}
Using already created file:  wamca2016lib.so
Size: 100 - file name: 02_kroD100.tsp

Value - initial: 6744592-[20 86 25 26 11  3 32 75 98 12 36 38 52 19 85  9 87 57 49 60 95 63 51 68 81
 58  5 35 41 76 42 72 67 73 16 10 90  8 44 92 70 91  2 61 50  7 27  0 96 69
 48 89 64 23  4 45 53 14 31 43 84 54 33 47 88 46 21 71 37 62 39 34 29 83 74
 40 59 79 93 77 22 30 94 65  1 66 80 82 24 13 56 78 18 99 17 97  6 28 15 55] - 6744592
Solver: RVND, number of workers: 1
Setting feeder affinity
I am the master. There are 1 mpi processes. (hostname = gpu01)
Roots [<pyDF.nodes.Feeder object at 0x7fb1cfac4ad0>]
Starting 0
Main loop
I am worker 0
GPU0
set random seed!
Initial: 6744592-[20 86 25 26 11  3 32 75 98 12 36 38 52 19 85  9 87 57 49 60 95 63 51 68 81
 58  5 35 41 76 42 72 67 73 16 10 90  8 44 92 70 91  2 61 50  7 27  0 96 69
 48 89 64 23  4 45 53 14 31 43 84 54 33 47 88 46 21 71 37 62 39 34 29 83 74
 40 59 79 93 77 22 30 94 65  1 66 80 82 24 13 56 78 18 99 17 97  6 28 15 55]
Final time: 1.1611931324s - Best: 1018619-[20 55 94 25 86 54  8 19 24  5 39 82  2 58 84 17 81 13 67 32 44 98 30 56 71
 75 79 77 64 85 95 15 62 53 90 76 42  3 43 52  4 18  1 99 29 50 36 61 59 92
 70 38 72 83 40 23 26 87 78 12  0 49 33 80 51  7 65 37 10 89 16 93 31 96 97
 48 69 88 22 41 21 57 28 35 66 74  6 73 60 45 68 14 63 46 11 27  9 91 47 34]
Value - initial: 6744592, final: 1018619, improveup: 6.62130983223

data-line;i;6744592;f;1018619;t;1.1611931324;c;-2;fv;[1018619L];cv;-1;imp;6.62130983223;type;rvnd;inum;1;w;1

time;1.1611931324;man_time;0;neigh_time;0
man_time;0;man_merge_sol;0;man_best_sol;0;man_combine_sol;0

Waiting [0]
Terminating workers True 0 0
MPI TERMINATING
