pydf_home: /home/rodolfo/git/Sucuri
simple_pycuda_home: /home/rodolfo/git/simple-pycuda
wamca2016path: /home/rodolfo/git/wamca2016/
localpath: /home/rodolfo/git/dvnd-df/code/dvnd-df/src/
WAMCAPATH:/home/rodolfo/git/wamca2016/
param: {solution_index:0, solution_instance_index:13, multi_gpu:True, goal:False, problem_name:ml, number_of_moves:10, device_count:2, solver:rvnd, mpi_enabled:True, workers:1}
Using already created file:  wamca2016lib.so
Size: 52 - file name: 01_berlin52.tsp

Value - initial: 828984-[39  9 29  8  2 19 13 14 12  7 22 24 47 10 25 42 51  0  5 49 27 34 21 17  4
 46 20 44 16 45 48 33 38  6 35 15 50 37 23 43 41 28  1  3 32 36 40 30 18 31
 11 26] - 828984
Solver: RVND, number of workers: 1
Setting feeder affinity
I am the master. There are 1 mpi processes. (hostname = gpu01)
Roots [<pyDF.nodes.Feeder object at 0x7f9f6b648ad0>]
Starting 0
Main loop
I am worker 0
GPU0
set random seed!
Initial: 828984-[39  9 29  8  2 19 13 14 12  7 22 24 47 10 25 42 51  0  5 49 27 34 21 17  4
 46 20 44 16 45 48 33 38  6 35 15 50 37 23 43 41 28  1  3 32 36 40 30 18 31
 11 26]
Final time: 1.59939694405s - Best: 144046-[39 38 36 37 47 23  4 14  5  3 24 45 43 33 34 35 48 31  0 21 30 17 44 18  7
  9  8 40  2 16 20 41  6  1 29 22 19 49 28 15 11 27 26 25 46 13 12 10 50 32
 42 51]
Value - initial: 828984, final: 144046, improveup: 5.75499493217

data-line;i;828984;f;144046;t;1.59939694405;c;-2;fv;[144046L];cv;-1;imp;5.75499493217;type;rvnd;inum;0;w;1

time;1.59939694405;man_time;0;neigh_time;0
man_time;0;man_merge_sol;0;man_best_sol;0;man_combine_sol;0

Waiting [0]
Terminating workers True 0 0
MPI TERMINATING
