pydf_home: /home/rodolfo/git/Sucuri
simple_pycuda_home: /home/rodolfo/git/simple-pycuda
wamca2016path: /home/rodolfo/git/wamca2016/
localpath: /home/rodolfo/git/dvnd-df/code/dvnd-df/src/
WAMCAPATH:/home/rodolfo/git/wamca2016/
param: {solution_index:4, solution_instance_index:40, multi_gpu:True, goal:False, problem_name:ml, number_of_moves:10, device_count:2, solver:rvnd, mpi_enabled:True, workers:1}
Using already created file:  wamca2016lib.so
Size: 501 - file name: 05_TRP-S500-R1.tsp

Value - initial: 33115327-[329   0 128  46 133 479 244 224 180 107 474 305 237 445 499 461 104 138
 336 369 352 150 450 151 438 161 411 160 331  90 379 213 300  55 267  28
  42 488 370 415  32 263 105 410 152 293 226 381 261 139 426 256 227 132
 278  29  23 130 421  47 408 175 399 330 266 362  80 472 233 492 136  64
 236   1 212 482 163 223 340 262 228 342 250 179 156 285  95 326 287 396
 394 440 476  88 235 221 184 392 439 176  14 291 192 324 171 292 191 241
 273 307 373  38 348 274 363 230 280 365 367 335 117 406  77  45 194 453
 375  85 368 475  41  26 424 170 102 322 106 218 498 319 451 118 225 404
 431  17  74 344 204 364 159 350 234 123 195 124 198 417 188 304  67  98
 189 485 246   8 168 433   5  68 167 155  15  49 201 298  25 436 327 245
  81 295 255 383  40 358 418 114 205 385 169 135 490 193 444 270 199 232
  94 145 317  60 112 216 127 186  61 313 109 311 446 441  22 173  35 126
 239 247 164  69 338  96 113  10  97 314 301  63   4 429 422 442 254 395
 360 265 380 158 343  71  13 384 249 455 377  54 306 432 371 372 283 284
 466 131 427 202  27 299  53  33 134  58 465  79 347 435  86 174 333 349
 229 288 103 121 269 142 419 497 272 407 316 354 386  37   9 351 183 243
  83  89 268 409 222 203 459 366 220 318 456 154  93   6 219  19 334 393
  11 240 259 303 460 252 356 361  78 398 210 177 208 414 214 264 425  24
 337  12 125 413  70  82 332 478 209 276 286 182 493 353 153 308 144 140
 302 346 148 122 185 197  56 448 253 390 434 271 400  50 405 463  18 172
  99  73 357 454  36 481 464  84 447  66  43 382 376 495 449 215 355 323
  52  62 178   3 101 403 181  31   2 116  75 416 345 359  21 282  34 281
 477 374  72  59 207 325 119  57 289 147 391  65 328 257 258 339  92 297
 387 423 277 341 100 108 310 397  51 496 388  87 378  76 231 452 457 217
 111  91 309 149 238 494 468 260 242 437 486 401 146   7 206  30 484 467
 296 412 190 143 115 480 141 251 279 491  48 430 500 129 187 290 470 462
 428 315 165 137 312  44 166 110  20 469 489 402 294 200 211 157 389 275
 458 248 120 471  39 162 483 473 320  16 420 487 196 321 443] - 33115327
Solver: RVND, number of workers: 1
Setting feeder affinity
I am the master. There are 1 mpi processes. (hostname = gpu01)
Roots [<pyDF.nodes.Feeder object at 0x7fb56860cad0>]
Starting 0
Main loop
I am worker 0
GPU0
set random seed!
Initial: 33115327-[329   0 128  46 133 479 244 224 180 107 474 305 237 445 499 461 104 138
 336 369 352 150 450 151 438 161 411 160 331  90 379 213 300  55 267  28
  42 488 370 415  32 263 105 410 152 293 226 381 261 139 426 256 227 132
 278  29  23 130 421  47 408 175 399 330 266 362  80 472 233 492 136  64
 236   1 212 482 163 223 340 262 228 342 250 179 156 285  95 326 287 396
 394 440 476  88 235 221 184 392 439 176  14 291 192 324 171 292 191 241
 273 307 373  38 348 274 363 230 280 365 367 335 117 406  77  45 194 453
 375  85 368 475  41  26 424 170 102 322 106 218 498 319 451 118 225 404
 431  17  74 344 204 364 159 350 234 123 195 124 198 417 188 304  67  98
 189 485 246   8 168 433   5  68 167 155  15  49 201 298  25 436 327 245
  81 295 255 383  40 358 418 114 205 385 169 135 490 193 444 270 199 232
  94 145 317  60 112 216 127 186  61 313 109 311 446 441  22 173  35 126
 239 247 164  69 338  96 113  10  97 314 301  63   4 429 422 442 254 395
 360 265 380 158 343  71  13 384 249 455 377  54 306 432 371 372 283 284
 466 131 427 202  27 299  53  33 134  58 465  79 347 435  86 174 333 349
 229 288 103 121 269 142 419 497 272 407 316 354 386  37   9 351 183 243
  83  89 268 409 222 203 459 366 220 318 456 154  93   6 219  19 334 393
  11 240 259 303 460 252 356 361  78 398 210 177 208 414 214 264 425  24
 337  12 125 413  70  82 332 478 209 276 286 182 493 353 153 308 144 140
 302 346 148 122 185 197  56 448 253 390 434 271 400  50 405 463  18 172
  99  73 357 454  36 481 464  84 447  66  43 382 376 495 449 215 355 323
  52  62 178   3 101 403 181  31   2 116  75 416 345 359  21 282  34 281
 477 374  72  59 207 325 119  57 289 147 391  65 328 257 258 339  92 297
 387 423 277 341 100 108 310 397  51 496 388  87 378  76 231 452 457 217
 111  91 309 149 238 494 468 260 242 437 486 401 146   7 206  30 484 467
 296 412 190 143 115 480 141 251 279 491  48 430 500 129 187 290 470 462
 428 315 165 137 312  44 166 110  20 469 489 402 294 200 211 157 389 275
 458 248 120 471  39 162 483 473 320  16 420 487 196 321 443]
Final time: 6.71018600464s - Best: 1993211-[329  20 294 128  54 223   4 459 119  36 434 273 393 167 377 369 488   2
 168 311 450  45 182  28 383  60 347 324 162  66 418  64 143 259 125 398
 214 483 331 105  31 110  85 220 264 490 101  27 491  37 289 188 267 476
  34 371 456 130 446 474 244 441 225 159 228 471 115 316  51 122 199 472
   9 482 127 314 401  24 465 462 283  11 342 222 150   0  18 452 235 303
 344 116 179 373  44 330 301 380 216 208 109 204 215 447 411  16 403 160
 439 129 239 457 381 238 265  69 290  99  93 203 281 466 155 307 275  70
 387 279 349 251 140 453  42 163 285  43 309  55 185 292 299 202 278 376
 139 272 104 313 280 296 489 229  63 271  53 107  23 153 400 424 315 173
 323 374 498 397 429 493 461 241 495  56 361 437 326 210 124 277 352  13
 379  35 368 497 176 409 318  10 378 240 103 132 359 408 427  74 183  47
  29 389 209  77 396 100 118 261  22 200 335 172 213 286 337 341 414 219
 343 433 406  58 206 357 252  40 144   1  17 114 384 300 480  67 325 496
 421 362  62 266 420 221 345 416 358  82 181 431 382 419  88 193 112 142
 236   5 356 339 445 111   7  83  59 464  71 364 174 146  38 436 195 394
  76 346 468 230 154 287 353 106 135 258 321 121 169 113  48  32 469  41
 217  84  80 463 276 171 282 224 149   8 390  61 317 478 348  19 243 451
 233 211 479 460 102  94 332 386 336 268  72 212 302 293 306 388  68 308
 395 262  73 417  78 166  98 186 363 257  46 249 256 375 231 454 145 355
 428 334 151 133 492 298 245 370 274 227 250 126 205 108 405 147 165 291
 432 269 407 191 435 455 392 426 312 161  75 333  14 484 391 412  79 354
 141 485 448  95 190 255 288 430 494 218 120 322 477 148  49 366  65 440
  15  96 177 201 157 467 487 365 207  90 187 473 475  25 254 367  57 404
 253 156 402 138 385 175 410  30 284 295 131 338 415 458 449 350 247  92
 170  50  26 189 425 197 194 500 242 234 442 399 423 327 320 310 360 164
 444  91 123 413  21  86 192 137 263 297 328 196 372  12  89 226 152 438
   6 248  52 304 237  97 260 340 443 134 178   3 117 481 305 351 136 470
  33 319 499 180  87  81 422 184 198 158 232 246  39 486 270]
Value - initial: 33115327, final: 1993211, improveup: 16.6140599264

data-line;i;33115327;f;1993211;t;6.71018600464;c;-2;fv;[1993211L];cv;-1;imp;16.6140599264;type;rvnd;inum;4;w;1

time;6.71018600464;man_time;0;neigh_time;0
man_time;0;man_merge_sol;0;man_best_sol;0;man_combine_sol;0

Waiting [0]
Terminating workers True 0 0
MPI TERMINATING
