pydf_home: /home/rodolfo/git/Sucuri
simple_pycuda_home: /home/rodolfo/git/simple-pycuda
wamca2016path: /home/rodolfo/git/wamca2016/
localpath: /home/rodolfo/git/dvnd-df/code/dvnd-df/src/
WAMCAPATH:/home/rodolfo/git/wamca2016/
param: {solution_index:6, solution_instance_index:53, multi_gpu:True, goal:False, problem_name:ml, number_of_moves:10, device_count:2, solver:rvnd, mpi_enabled:True, workers:1}
Using already created file:  wamca2016lib.so
Size: 783 - file name: 07_rat784.tsp

Value - initial: 67671684-[607 174 513 179 439 143 371  69 503 572 765 383 261 310 417 202 522  45
 181 768 699 739 500 630 447 714 111 576 662  11 185 347 493  73 555 646
 666 670  40 406 245 776  23 414 489  25 112 475 697 171 196 624 159 106
 573  80 620 686 205 547 363 249 295 296 351 467 412  52 384 585 338 379
 247 466  21  19 169 266 350 354 325 287 448 423 165 289 362 172 730 604
 153 622 194 190 144 491 658 496 499 708  12 416 748 122 364 445 506 345
 777 464  56  49 580 605 375 381 100 781  96 213 272  51 570  57   9 214
 437 616 702   7 140 259 206 536 344 691  46 329 124 168 269 650 629 334
 149 244  53  94 137 403 649 123 747 606 459 316 535 481 759 763 778 590
 399 134  26 116 238 619 394 257 720 598 490 398 761 631 480 637 584 501
 175 549 458 758 671 546 426 782 713 227 675 352 191 743 188 242 635 248
 641 524 360 422 125   4 669  97 521  29 543 370 774 738 611 498 131 210
 772 395   3 514  82 581 693 118 544 314 539 349 695 615  86 390  42 282
 468 587 473  41  78  44 239 340 542 638 648 654 128 696 762 744 294 689
 225 435 672 559 284 279 715  43 677 684 578 440 121 220 449  65 436 533
 727  77 201 516 561 320 476 150 113  71 382 326 300 253 717 520 769 136
 151 212  33 119 656  76 376  10 766 706  54 366 139 633 319 405  93 700
 685 698 271 335 281  99 240 176 558 380 593 229  36 626 197 346 441 515
  74 469 222  85 317 721 528 444 421 404 779 592  92 336 736 420 518 733
 771 583 299 415 263 410 324 107 256 472 741 369 511 642 725 701 681 764
 365 311 154 430 101 283 735 750 291  18 663 219 628 265 235 315 327 780
 688 537 305 199  20 348 402 588 285   5 268 228 687 243 661 226 446 710
 450 479 331 241 356 595  28 413 276 192 313 330 567 737  55   2 353 767
 676 507 141 486 562 523 659 357 455 339 531 571 290 307 545 117 565 183
 601 292 551 312 756   8 129 158 483 162 170 273 751  22 428 230  88 378
 465 569 308 186 433 577 207 173  66 152 757 309 560 427 564 679 742  81
 660 673 734 602 293 553 526 224 431  64 306 236  15 651 262 512 454 657
 644 665 277 264 711 419 255  68 726 267  84  35 775  24 487 280 623 368
 530 760 636 166 579 722 550  61 367 614 397 187 237 461 442 120 575 361
 388 643 342 540  47  32  13 252 527 389 341 407 114 582 286 133  63 692
 195  17 434 770 209 495 275 411 488 258 655 102 729 333 484 301 387 716
 208 167 704 288   1 145 639 755  30 554 683   6 250  62 599 563 221 478
 517 355  89 189 773 485 232 552 132  72 180 728 627 752 723 463 608 164
 135  58 322 374 492 532 126 451 251 749 452 609 130 519 732 719 718 260
 534 753 234 178 359 392  70 596 502 645 482 574 541 589 591  91 682 318
 525  39 198 200 184 621 668 634 177 453  59 557 233 610 386 477  31 740
 497 408 274 160 328  79 156 509  27 105 438  34 566 462  14 538 298 103
 664  67  37 594 625 254 680 712 146 418 731 703 600 297 372 108 548 470
 373 443  95 667 705 303 745 612 304 709 163 211 216 155  98 203 754 456
 218 204 652  75 302 640 425  48 138 674 724 231 377 148 617 246 115 474
 505 586 127  90 385 529 457 278 429  87 510 460 678 647 161 432 109 409
   0 494 182 396 332 215 424 157 504 653 613 618 193  16  38 393 323 391
 694  83 603 400 508 707  60 217 401 690 471 223 568 597 147 321 632 270
 104  50 343 337 556 110 746 358 142] - 67671684
Solver: RVND, number of workers: 1
Setting feeder affinity
I am the master. There are 1 mpi processes. (hostname = gpu01)
Roots [<pyDF.nodes.Feeder object at 0x7f66ae4b9ad0>]
Starting 0
Main loop
I am worker 0
GPU0
set random seed!
Initial: 67671684-[607 174 513 179 439 143 371  69 503 572 765 383 261 310 417 202 522  45
 181 768 699 739 500 630 447 714 111 576 662  11 185 347 493  73 555 646
 666 670  40 406 245 776  23 414 489  25 112 475 697 171 196 624 159 106
 573  80 620 686 205 547 363 249 295 296 351 467 412  52 384 585 338 379
 247 466  21  19 169 266 350 354 325 287 448 423 165 289 362 172 730 604
 153 622 194 190 144 491 658 496 499 708  12 416 748 122 364 445 506 345
 777 464  56  49 580 605 375 381 100 781  96 213 272  51 570  57   9 214
 437 616 702   7 140 259 206 536 344 691  46 329 124 168 269 650 629 334
 149 244  53  94 137 403 649 123 747 606 459 316 535 481 759 763 778 590
 399 134  26 116 238 619 394 257 720 598 490 398 761 631 480 637 584 501
 175 549 458 758 671 546 426 782 713 227 675 352 191 743 188 242 635 248
 641 524 360 422 125   4 669  97 521  29 543 370 774 738 611 498 131 210
 772 395   3 514  82 581 693 118 544 314 539 349 695 615  86 390  42 282
 468 587 473  41  78  44 239 340 542 638 648 654 128 696 762 744 294 689
 225 435 672 559 284 279 715  43 677 684 578 440 121 220 449  65 436 533
 727  77 201 516 561 320 476 150 113  71 382 326 300 253 717 520 769 136
 151 212  33 119 656  76 376  10 766 706  54 366 139 633 319 405  93 700
 685 698 271 335 281  99 240 176 558 380 593 229  36 626 197 346 441 515
  74 469 222  85 317 721 528 444 421 404 779 592  92 336 736 420 518 733
 771 583 299 415 263 410 324 107 256 472 741 369 511 642 725 701 681 764
 365 311 154 430 101 283 735 750 291  18 663 219 628 265 235 315 327 780
 688 537 305 199  20 348 402 588 285   5 268 228 687 243 661 226 446 710
 450 479 331 241 356 595  28 413 276 192 313 330 567 737  55   2 353 767
 676 507 141 486 562 523 659 357 455 339 531 571 290 307 545 117 565 183
 601 292 551 312 756   8 129 158 483 162 170 273 751  22 428 230  88 378
 465 569 308 186 433 577 207 173  66 152 757 309 560 427 564 679 742  81
 660 673 734 602 293 553 526 224 431  64 306 236  15 651 262 512 454 657
 644 665 277 264 711 419 255  68 726 267  84  35 775  24 487 280 623 368
 530 760 636 166 579 722 550  61 367 614 397 187 237 461 442 120 575 361
 388 643 342 540  47  32  13 252 527 389 341 407 114 582 286 133  63 692
 195  17 434 770 209 495 275 411 488 258 655 102 729 333 484 301 387 716
 208 167 704 288   1 145 639 755  30 554 683   6 250  62 599 563 221 478
 517 355  89 189 773 485 232 552 132  72 180 728 627 752 723 463 608 164
 135  58 322 374 492 532 126 451 251 749 452 609 130 519 732 719 718 260
 534 753 234 178 359 392  70 596 502 645 482 574 541 589 591  91 682 318
 525  39 198 200 184 621 668 634 177 453  59 557 233 610 386 477  31 740
 497 408 274 160 328  79 156 509  27 105 438  34 566 462  14 538 298 103
 664  67  37 594 625 254 680 712 146 418 731 703 600 297 372 108 548 470
 373 443  95 667 705 303 745 612 304 709 163 211 216 155  98 203 754 456
 218 204 652  75 302 640 425  48 138 674 724 231 377 148 617 246 115 474
 505 586 127  90 385 529 457 278 429  87 510 460 678 647 161 432 109 409
   0 494 182 396 332 215 424 157 504 653 613 618 193  16  38 393 323 391
 694  83 603 400 508 707  60 217 401 690 471 223 568 597 147 321 632 270
 104  50 343 337 556 110 746 358 142]
Final time: 11.860491991s - Best: 3409300-[607 594 591 581 592 605 603 580 572 571 570 588 609 617 638 630 632 613
 600 599 590 583 576 569 564 557 541 540 535 534 520 504 506 500 499 490
 482 476 466 468 469 463 447 436 433 440 434 430 438 456 455 448 459 454
 432 425 429 423 419 407 408 409 392 376 369 371 374 379 385 380 382 372
 363 350 347 339 337 336 309 307 287 282 281 286 274 261 250 252 218 208
 210 211 224 232 231 249 268 280 291 302 310 294 311 317 325 335 329 321
 320 306 299 289 258 257 239 223 207 201 203 186 178 175 197 199 216 205
 189 181 209 200 212 225 220 228 227 219 240 251 244 260 278 283 295 296
 303 308 297 319 323 333 330 341 361 360 348 367 384 387 402 411 397 420
 427 441 412 403 405 393 398 395 378 368 373 354 340 328 313 314 284 279
 264 263 246 222 213 193 198 192 170 176 180 169 167 165 173 177 191 202
 190 188 196 187 182 172 164 163 156 137 117 125 120 123 143 128 129 140
 131 130 144 147 141 121 113 108 105 100  78  83  86  74  65  72  90  89
  77  68  54  43  27  23  26  25  20  15  31  50  41  53  49  61  81  85
  67  60  58  70  84  98 101 104 107 127 139 132 136 142 151 160 161 155
 150 135 110 106  93  82  75  97  94  88  76  73  62  57  52  46  45  66
  69  79  99  96 109 114 122 116 124 145 138 146 154 159 171 179 185 204
 229 254 245 238 235 241 265 269 288 304 312 301 327 343 355 358 342 351
 362 381 386 396 388 391 404 421 424 406 400 389 383 394 422 428 435 444
 451 457 452 442 437 462 485 491 494 517 518 512 514 528 551 556 577 565
 562 563 586 602 608 606 616 627 620 621 629 635 650 645 652 653 661 649
 663 666 667 673 675 669 662 642 634 624 619 622 655 657 676 681 686 716
 713 710 711 728 743 752 766 770 774 782 781 763 755 751 741 723 727 714
 702 695 693 701 707 715 722 729 730 740 745 762 769 761 765 773 772 754
 753 736 732 756 758 757 742 738 731 735 717 734 744 759 764 771 760 746
 733 737 724 703 696 682 671 664 658 651 647 644 654 633 626 611 597 596
 593 585 579 567 575 559 547 550 533 529 505 516 511 507 530 546 539 538
 553 561 578 560 568 589 598 612 618 640 643 659 674 679 684 678 670 677
 687 708 704 705 689 697 712 706 691 690 680 656 648 660 683 668 665 685
 694 698 718 719 720 725 739 747 748 749 726 700 699 709 688 692 672 646
 636 628 631 614 558 552 542 526 521 523 513 519 501 508 524 527 536 543
 531 544 548 566 573 582 601 584 554 549 537 545 509 502 522 515 503 489
 461 443 460 478 480 470 477 467 453 450 446 426 439 449 464 474 487 492
 488 479 473 486 496 495 493 475 458 445 431 414 413 399 401 415 417 416
 418 410 390 353 359 344 332 346 349 375 364 352 345 331 315 292 305 290
 285 298 322 318 326 334 316 293 276 275 277 272 273 247 248 266 255 242
 226 221 195 194 174 152 126 119 115 111  63  47  38  28  32  64  80  40
  36  44  56  51  48  55  24  14   0  16  22   1   6  17  11   8   9   2
   4  18  29   7  19  35  30  34  21  13  33   3  10  12   5  39  37  42
  59  95 133 134 148 118 112 103  92  71  91 102 149 158 153 166 157 206
 217 233 253 237 271 270 262 259 243 256 236 168 162 183 184 214 234 215
 230 267 324 338 357 365 370 472 484 483 465 481 471 498 510 525 532 595
 623 639 637 625 610 587 555 574 604 641 615 750 780 779 776 778 767 775
 777 768 721 497 366 356 377 300  87]
Value - initial: 67671684, final: 3409300, improveup: 19.8491432259

data-line;i;67671684;f;3409300;t;11.860491991;c;-2;fv;[3409300L];cv;-1;imp;19.8491432259;type;rvnd;inum;6;w;1

time;11.860491991;man_time;0;neigh_time;0
man_time;0;man_merge_sol;0;man_best_sol;0;man_combine_sol;0

Waiting [0]
Terminating workers True 0 0
MPI TERMINATING
