pydf_home: /home/rodolfo/git/Sucuri
simple_pycuda_home: /home/rodolfo/git/simple-pycuda
wamca2016path: /home/rodolfo/git/wamca2016/
localpath: /home/rodolfo/git/dvnd-df/code/dvnd-df/src/
WAMCAPATH:/home/rodolfo/git/wamca2016/
param: {solution_index:7, solution_instance_index:62, multi_gpu:True, goal:False, problem_name:ml, number_of_moves:10, device_count:2, solver:rvnd, mpi_enabled:True, workers:1}
Using already created file:  wamca2016lib.so
Size: 1001 - file name: 08_TRP-S1000-R1.tsp

Value - initial: 130289095-[751 373 496 ...,  93 911 432] - 130289095
Solver: RVND, number of workers: 1
Setting feeder affinity
I am the master. There are 1 mpi processes. (hostname = gpu01)
Roots [<pyDF.nodes.Feeder object at 0x7fee690e1ad0>]
Starting 0
Main loop
I am worker 0
GPU0
set random seed!
Initial: 130289095-[751 373 496 ...,  93 911 432]
Final time: 20.2059071064s - Best: 5677074-[751 868 310 ..., 347 607 518]
Value - initial: 130289095, final: 5677074, improveup: 22.9500434555

data-line;i;130289095;f;5677074;t;20.2059071064;c;-2;fv;[5677074L];cv;-1;imp;22.9500434555;type;rvnd;inum;7;w;1

time;20.2059071064;man_time;0;neigh_time;0
man_time;0;man_merge_sol;0;man_best_sol;0;man_combine_sol;0

Waiting [0]
Terminating workers True 0 0
MPI TERMINATING
