pydf_home: /home/rodolfo/git/Sucuri
simple_pycuda_home: /home/rodolfo/git/simple-pycuda
wamca2016path: /home/rodolfo/git/wamca2016/
localpath: /home/rodolfo/git/dvnd-df/code/dvnd-df/src/
WAMCAPATH:/home/rodolfo/git/wamca2016/
param: {solution_index:6, solution_instance_index:42, multi_gpu:True, goal:False, problem_name:ml, number_of_moves:10, device_count:2, solver:rvnd, mpi_enabled:True, workers:1}
Using already created file:  wamca2016lib.so
Size: 783 - file name: 07_rat784.tsp

Value - initial: 70556938-[588 396 231 604 499 249 140 194   2  77 114 601 754 260 703 582 236  17
 253 534 710 131 697 600 525 739 509 346 430 215 564  73 762 755 313 688
 159 408 617  92 625 507 274 719 782 273 356 133 267 603 278 281  12 508
 120 559 713 706 513 347 150 638 742 481 543 330 204 729 634 447 696 497
 363 261 427 173 673  49 306 247 135 599 757  88 698 337 426 463 355 642
 652 219 709 676 188 312 608 544 372 571 473 585 645 563 184 374 516 695
 733 321 763 404 491 464 675 332 529 614 301 635 147  75 296 387 681  70
 148   8 560  27 498 752 297 578 189 547 658 423 761 558 452 594 425 344
 506 749 366 180 310 460 290 181 240 248 203 501 768 164 192 342  28 518
 741  47  37  23  61 116 450 495 449 550 740 127  21 528  33 579  54 325
 743   1 551 157 659 156 414 179 392 202  13 671 293 170 137 175 378 102
 339 391 407 552 420 153 756 171 468 328 678 775 554 462 172 214 144 574
 590  14 751 489 545 774 566 515  72 106 593 362 432 292 687 335 376 217
 360 727 226 776 409 539 609 163 190 527 121 403 319 390 105 284 134   9
 255 580  34 567 228 174 136 266 781  86 436  80 141 663 612 185 660 352
 514 315 300 586 126 667 405 537 317 712 439 269  53 199 289 627 725 238
 334 674 505 648 716 476 577 670  93 483 700 138 596 359 517   7 610 639
 160 542 129  35 682 333 522 182 421 629 242 699 318 104 472 177 103  67
 398 196 186 641 225 118   5 643 257  42 282 375 265 745 613  74 721 271
  94 469  98 397 680 702 110  59 351 767 720 232  69  38 677 233 429 308
 388 780 704 689 119 368 636 536 130 672 630 640 307 690 245 494 254 379
 441 302 628 193 724 216 484  31 621 693 650 146 553 411 535 669  19 295
 145 162 294 316 259   0 504 546 252 623 384 444 443 155 389 662  11 358
 161 108 167  62 221 758 503  64 437 280 251 367 655  30 338 440 694 311
 415  84 626 766 210 446 631 467 433 122 187 620 166  99 270  85 458 493
 331  60 664 730 324 178  50 283 475 291 451 320 327  66 152 735 276 115
 401 354 336 665 229  26 256 400 424 314 561 649 305 357 722 520 139 241
 371 417  10 206 530 298 286 486 113  83 691  45 413 773 416 275 322 568
 480  36 329 548 611 465 466 211 208 377 197 714  15 492 705 111 380 205
 345 262 455 112 707 616 128 555 779 340 644  29 502  40 230 341   3  68
  90 750 760 395 309 381 485 487 323 632 456 557  18 734 117 299 771 500
 769 428 569 304 457 692 264 201 653 532 402 748 268  96 419 142 597 496
 222 718 477 285 107 223  24 353 657 488 418 618 448 277 471 369  41 510
  76 348 595 209   4 738 606 581  79 633 770  55 753 364 711 303 132 556
  25 744 454 383 272  58 207 521 406 361 373 123  44 169 258 726 158 350
 764 605 385  32 470 235 101 524  46 393 482 598 549 165 684  57 572 759
 531 562 540 176 526 478 349  63 656 772 431 637 237 512 386 746 461 154
  91 435 288 243 412 399 651 100  82 715 747  20  65 533 143  51 434  52
 615 511 244 287  78 668 250 570 218 168 234  43 619 220  48 686 365 125
 263 109  81 200 565 523 445 246 410  95 370 479 453 183 666 679 708 736
 607 701 587  56  97 224 646 198 575 195 584 591  39 777 151 573 732 490
 685 538 124 326 213 683 731 343 459  89 602 149 624 592 422 654 576 239
 227 474 647 541 589 191 728   6  71 622 438 279 661 442 382 583 212 778
  16 737 765  22 723 519  87 394 717] - 70556938
Solver: RVND, number of workers: 1
Setting feeder affinity
I am the master. There are 1 mpi processes. (hostname = gpu01)
Roots [<pyDF.nodes.Feeder object at 0x7f4ab71d4ad0>]
Starting 0
Main loop
I am worker 0
GPU0
set random seed!
Initial: 70556938-[588 396 231 604 499 249 140 194   2  77 114 601 754 260 703 582 236  17
 253 534 710 131 697 600 525 739 509 346 430 215 564  73 762 755 313 688
 159 408 617  92 625 507 274 719 782 273 356 133 267 603 278 281  12 508
 120 559 713 706 513 347 150 638 742 481 543 330 204 729 634 447 696 497
 363 261 427 173 673  49 306 247 135 599 757  88 698 337 426 463 355 642
 652 219 709 676 188 312 608 544 372 571 473 585 645 563 184 374 516 695
 733 321 763 404 491 464 675 332 529 614 301 635 147  75 296 387 681  70
 148   8 560  27 498 752 297 578 189 547 658 423 761 558 452 594 425 344
 506 749 366 180 310 460 290 181 240 248 203 501 768 164 192 342  28 518
 741  47  37  23  61 116 450 495 449 550 740 127  21 528  33 579  54 325
 743   1 551 157 659 156 414 179 392 202  13 671 293 170 137 175 378 102
 339 391 407 552 420 153 756 171 468 328 678 775 554 462 172 214 144 574
 590  14 751 489 545 774 566 515  72 106 593 362 432 292 687 335 376 217
 360 727 226 776 409 539 609 163 190 527 121 403 319 390 105 284 134   9
 255 580  34 567 228 174 136 266 781  86 436  80 141 663 612 185 660 352
 514 315 300 586 126 667 405 537 317 712 439 269  53 199 289 627 725 238
 334 674 505 648 716 476 577 670  93 483 700 138 596 359 517   7 610 639
 160 542 129  35 682 333 522 182 421 629 242 699 318 104 472 177 103  67
 398 196 186 641 225 118   5 643 257  42 282 375 265 745 613  74 721 271
  94 469  98 397 680 702 110  59 351 767 720 232  69  38 677 233 429 308
 388 780 704 689 119 368 636 536 130 672 630 640 307 690 245 494 254 379
 441 302 628 193 724 216 484  31 621 693 650 146 553 411 535 669  19 295
 145 162 294 316 259   0 504 546 252 623 384 444 443 155 389 662  11 358
 161 108 167  62 221 758 503  64 437 280 251 367 655  30 338 440 694 311
 415  84 626 766 210 446 631 467 433 122 187 620 166  99 270  85 458 493
 331  60 664 730 324 178  50 283 475 291 451 320 327  66 152 735 276 115
 401 354 336 665 229  26 256 400 424 314 561 649 305 357 722 520 139 241
 371 417  10 206 530 298 286 486 113  83 691  45 413 773 416 275 322 568
 480  36 329 548 611 465 466 211 208 377 197 714  15 492 705 111 380 205
 345 262 455 112 707 616 128 555 779 340 644  29 502  40 230 341   3  68
  90 750 760 395 309 381 485 487 323 632 456 557  18 734 117 299 771 500
 769 428 569 304 457 692 264 201 653 532 402 748 268  96 419 142 597 496
 222 718 477 285 107 223  24 353 657 488 418 618 448 277 471 369  41 510
  76 348 595 209   4 738 606 581  79 633 770  55 753 364 711 303 132 556
  25 744 454 383 272  58 207 521 406 361 373 123  44 169 258 726 158 350
 764 605 385  32 470 235 101 524  46 393 482 598 549 165 684  57 572 759
 531 562 540 176 526 478 349  63 656 772 431 637 237 512 386 746 461 154
  91 435 288 243 412 399 651 100  82 715 747  20  65 533 143  51 434  52
 615 511 244 287  78 668 250 570 218 168 234  43 619 220  48 686 365 125
 263 109  81 200 565 523 445 246 410  95 370 479 453 183 666 679 708 736
 607 701 587  56  97 224 646 198 575 195 584 591  39 777 151 573 732 490
 685 538 124 326 213 683 731 343 459  89 602 149 624 592 422 654 576 239
 227 474 647 541 589 191 728   6  71 622 438 279 661 442 382 583 212 778
  16 737 765  22 723 519  87 394 717]
Final time: 16.0326550007s - Best: 3405703-[588 604 613 600 599 583 590 586 602 608 621 620 627 616 606 577 565 562
 563 555 576 569 564 557 574 570 571 572 580 603 605 592 581 591 594 607
 624 622 619 601 584 582 554 549 537 545 548 544 531 543 527 524 536 558
 552 542 526 521 523 513 492 488 479 473 464 474 487 501 508 497 477 467
 453 446 426 420 427 412 403 405 393 398 395 378 368 373 354 340 328 313
 303 296 295 283 278 263 264 237 217 198 193 180 176 169 167 173 165 144
 147 141 148 133 134 105 100  78  83  74  86 108 113 121 118 112 103  90
  72  59  54  43  68  77  89  92 102  91  71  53  41  50  25  26  20  15
  31  13  21  34  30  19   7  18  29  35  58  60  49  61  81  85  67  84
  70  63  47  38  28   4   2   9   8  11  17   6   1  22  16   0  14  24
  55  48  51  56  44  40  45  46  52  57  64  80  66  69  79  99 106 110
  93  82  75  97  94  88  73  76 101 104 107 111 115 127 139 162 168 156
 163 164 149 137 117 125 120 123 143 158 153 128 129 140 166 188 190 202
 219 227 228 243 225 220 212 200 196 187 182 172 181 189 175 178 160 151
 142 136 132 119 135 150 155 161 152 154 159 174 194 195 183 186 203 201
 207 197 199 205 216 224 211 210 208 218 236 250 252 261 256 274 286 281
 282 287 309 307 319 323 333 330 341 361 377 397 411 402 414 413 399 401
 431 445 458 486 496 495 493 475 463 469 468 466 456 438 430 418 409 408
 407 392 376 369 346 349 331 315 306 299 289 280 268 249 232 231 239 223
 242 255 266 248 247 272 277 273 285 298 322 318 326 334 343 355 358 342
 351 362 383 389 386 381 396 421 432 425 429 448 459 472 476 482 490 499
 500 506 504 520 541 540 535 534 528 514 512 518 517 530 546 539 538 560
 568 561 578 596 597 589 598 612 618 640 643 648 656 660 668 665 650 645
 635 629 632 630 638 617 609 614 628 631 641 649 663 666 667 673 675 669
 662 655 657 676 681 686 710 711 713 716 695 702 714 727 750 743 752 766
 770 774 782 781 763 751 755 780 779 769 762 749 748 761 765 773 772 776
 778 767 753 754 736 732 718 719 720 694 698 706 712 691 690 697 721 731
 742 738 756 758 757 759 764 771 760 746 733 737 724 734 744 735 717 708
 703 696 682 671 664 677 687 704 705 689 679 684 678 670 658 651 647 637
 639 623 625 610 593 585 579 567 575 559 547 532 525 550 553 533 529 505
 484 483 465 457 451 452 442 424 406 388 391 404 423 419 434 440 447 436
 433 417 416 410 390 374 359 353 350 347 339 337 336 363 382 372 367 384
 387 360 348 308 297 260 246 244 251 240 271 270 262 259 300 311 317 325
 335 329 321 310 294 302 291 258 257 267 290 316 293 275 276 254 245 238
 229 230 226 221 204 185 179 171 184 214 215 235 241 234 265 269 288 304
 312 301 327 357 365 370 364 352 345 338 324 305 292 320 332 344 371 379
 385 380 415 449 439 450 470 480 478 489 503 515 522 573 566 615 636 634
 642 646 693 701 707 715 723 741 740 745 722 729 730 726 739 747 725 709
 699 700 688 692 672 661 653 652 685 683 680 674 659 654 644 633 626 611
 587 556 551 494 491 485 507 511 516 510 498 481 471 444 435 428 422 394
 400 437 454 462 455 519 509 502 461 460 443 441 366 356 314 284 279 253
 233 192 170 213 222 206 191 177 157 131 130  95  65  42  37  39   5  12
  10   3  33  27  23  98  62  32  36  87  96 109 116 124 145 138 146 122
 114 126 209 375 595 768 777 775 728]
Value - initial: 70556938, final: 3405703, improveup: 20.7172903803

data-line;i;70556938;f;3405703;t;16.0326550007;c;-2;fv;[3405703L];cv;-1;imp;20.7172903803;type;rvnd;inum;6;w;1

time;16.0326550007;man_time;0;neigh_time;0
man_time;0;man_merge_sol;0;man_best_sol;0;man_combine_sol;0

Waiting [0]
Terminating workers True 0 0
MPI TERMINATING
