pydf_home: /home/rodolfo/git/Sucuri
simple_pycuda_home: /home/rodolfo/git/simple-pycuda
wamca2016path: /home/rodolfo/git/wamca2016/
localpath: /home/rodolfo/git/dvnd-df/code/dvnd-df/src/
WAMCAPATH:/home/rodolfo/git/wamca2016/
param: {solution_index:0, solution_instance_index:60, multi_gpu:True, goal:False, problem_name:ml, number_of_moves:10, device_count:2, solver:rvnd, mpi_enabled:True, workers:1}
Using already created file:  wamca2016lib.so
Size: 52 - file name: 01_berlin52.tsp

Value - initial: 756816-[29 38 26 14 30 12 51 19 45 23 28 40  5 27  8 15 49 37 21 11 50 17 41 10 25
 46 43 39  6 36 35 48 32  0 20  4 42  1 44 18  3 16 24 22 33 34  7  9 13 47
 31  2] - 756816
Solver: RVND, number of workers: 1
Setting feeder affinity
I am the master. There are 1 mpi processes. (hostname = gpu01)
Roots [<pyDF.nodes.Feeder object at 0x7f0b9804ead0>]
Starting 0
Main loop
I am worker 0
GPU0
set random seed!
Initial: 756816-[29 38 26 14 30 12 51 19 45 23 28 40  5 27  8 15 49 37 21 11 50 17 41 10 25
 46 43 39  6 36 35 48 32  0 20  4 42  1 44 18  3 16 24 22 33 34  7  9 13 47
 31  2]
Final time: 1.57256412506s - Best: 146302-[29 49 19 22 30 17 21  0 31 48 34 35 38 39 37 14  5  4 23 47 36 33 43 15 45
 24  3 42  9  8  7 40 18 44  2 16 20 41  6  1 28 46 25 27 26 12 13 51 10 50
 11 32]
Value - initial: 756816, final: 146302, improveup: 5.17297097784

data-line;i;756816;f;146302;t;1.57256412506;c;-2;fv;[146302L];cv;-1;imp;5.17297097784;type;rvnd;inum;0;w;1

time;1.57256412506;man_time;0;neigh_time;0
man_time;0;man_merge_sol;0;man_best_sol;0;man_combine_sol;0

Waiting [0]
Terminating workers True 0 0
MPI TERMINATING
