pydf_home: /home/rodolfo/git/Sucuri
simple_pycuda_home: /home/rodolfo/git/simple-pycuda
wamca2016path: /home/rodolfo/git/wamca2016/
localpath: /home/rodolfo/git/dvnd-df/code/dvnd-df/src/
WAMCAPATH:/home/rodolfo/git/wamca2016/
param: {solution_index:6, solution_instance_index:34, multi_gpu:True, goal:False, problem_name:ml, number_of_moves:10, device_count:2, solver:rvnd, mpi_enabled:True, workers:1}
Using already created file:  wamca2016lib.so
Size: 783 - file name: 07_rat784.tsp

Value - initial: 68906546-[493  10 244 770 730 197  22 162 539 306 413 696 597 333 487 347  91 754
 131 649 527 187 513  15 633 140 500  84 362 532 237 762 659 781 192 664
 646 752 314 543 601 660 686 654  70 608 110 353  29  72 250 572 224 376
 573 135 108 290 676 566 508 510 771 471   5 741 594 160 386 354 176 298
 303 348 389 666 648 238 691 204 711 443   7  41 519 524 756 288 470  97
 503 580 478 481  59  25 502 703 680 144 280 382 391 687 521 585 492 625
 464 294  86 175 501 738 662 106 230  43 324 729 622 485 564 378 477 430
 263 592 451  94 318 717  58  63 184 765 525 465 156 726 538 351 778 394
 405 547 560 154 236 180 315 436 490 650 569 398 702 447 546 530 551  28
 476 336 629 363  68 724 748 107 440 172 168  39 159 181 411 349 402 283
 142 112 668 617 119 310 138  33 358 137 335 380 296  89 330 245 117 563
 271 604 416  87 723 100 332 586 670 395 337 435 613 673 212 266 432 599
 401 270 165 571 667 740 123 612  34 307 775  26 396 652 258 434 669 377
 433 718 565 542 166 534 150  57 442  81  76 684 120 555  51 429 387 304
 579 766 227  65 248 418 595 535 695 537 480 252 467 341 369 758 727 242
 340  66 173 636 515 343 602 759   3 262 366 130 473 638 399 267 561 588
 749 374 214 274 708 256 251 553 693 145 384  49 334 751 215 375 211 552
 243 158 222 383 254  12 367 614 482   9  77  92 689 450 356  67 455 720
 292 678 309 681  98 618 282 311 685 261 750 769 504 342 526 368 421 410
 598 178 291  17 403 453 425 496 475  47 136 753 488  88 364 544 153 103
 359 655 452 239 615 658 557 760 545 129 346  83  16 567 220 663 234 338
 616 317 541 499 312 600 456 148 198 466 406  52 196 313 444  32 161 755
 372 285 439 514 619 208 736 474 133  35 240 210 325 426 125 713  75 462
 113 279 643 209 772 284 486 603 201 671 213 174  19 424 773 126 583 438
 761 141 489 221 373 574 507 591 540 692 101 195 498 193 441  93  69 186
  74 437 605 577 409 548 779  56 350 627 216 606 610 644 287 719   1 259
 246 635 554 255 645 459 281 449 163 549 721 722 743 745 188 593 170 327
 674 277 522 469 404 512  90 134 111 414  30  85 194 641 183 276 182 468
  48 596  20 419 714 272 709 331 412 105 707 679 698 509 568 200   8  46
 712 393 491 694 700 682 454 764 690 203 609  61 581 124 385 219 297 355
 151 179 705 732 472 494   2 122  54 114  40 422 408 228 269 725  36  21
 523 339 152 233 352 206 232 611 446 155  99 715 777 169 562 109 677 742
 589 171  24 558 420 390 229 286 226 642 484 511 264 630 275 397 257  60
   6 392 207 407 735 249 253  13 260 556   0 205  96 675 460 185 570 461
 370 757  79 379 278 265   4 495 731 217 776 620 223 575 688 415 268 734
 701 637 699 357 231 576 143 177 273  14  53 578  18 747 517 665 628 365
 587  78 529 744 768  44 167 634 139 189 320 457 104 157 631  71 381 706
 657 445 428  27  55 300 683  42 733 559 360 739 584 656 132 344 621 147
 697 316 626 458 550 302 737  23 295 533  50 241 301 400  80 746 293 191
 520  95 767 640 672 716 326  11  82 247 780 329 361 146 299 632 235 653
 728 128 328 308 651 218  73 516 704  38 127 463 305 607 536 782 121 497
 345 505 483 225  45 423 321 322 590 763 661 582 116 388 371 639  37 506
 417 102 624 190 518 647 710 118 289 149 623 479 115 774  62 528 323 427
  31 199 202  64 431 531 448 164 319] - 68906546
Solver: RVND, number of workers: 1
Setting feeder affinity
I am the master. There are 1 mpi processes. (hostname = gpu01)
Roots [<pyDF.nodes.Feeder object at 0x7f1565e86ad0>]
Starting 0
Main loop
I am worker 0
GPU0
set random seed!
Initial: 68906546-[493  10 244 770 730 197  22 162 539 306 413 696 597 333 487 347  91 754
 131 649 527 187 513  15 633 140 500  84 362 532 237 762 659 781 192 664
 646 752 314 543 601 660 686 654  70 608 110 353  29  72 250 572 224 376
 573 135 108 290 676 566 508 510 771 471   5 741 594 160 386 354 176 298
 303 348 389 666 648 238 691 204 711 443   7  41 519 524 756 288 470  97
 503 580 478 481  59  25 502 703 680 144 280 382 391 687 521 585 492 625
 464 294  86 175 501 738 662 106 230  43 324 729 622 485 564 378 477 430
 263 592 451  94 318 717  58  63 184 765 525 465 156 726 538 351 778 394
 405 547 560 154 236 180 315 436 490 650 569 398 702 447 546 530 551  28
 476 336 629 363  68 724 748 107 440 172 168  39 159 181 411 349 402 283
 142 112 668 617 119 310 138  33 358 137 335 380 296  89 330 245 117 563
 271 604 416  87 723 100 332 586 670 395 337 435 613 673 212 266 432 599
 401 270 165 571 667 740 123 612  34 307 775  26 396 652 258 434 669 377
 433 718 565 542 166 534 150  57 442  81  76 684 120 555  51 429 387 304
 579 766 227  65 248 418 595 535 695 537 480 252 467 341 369 758 727 242
 340  66 173 636 515 343 602 759   3 262 366 130 473 638 399 267 561 588
 749 374 214 274 708 256 251 553 693 145 384  49 334 751 215 375 211 552
 243 158 222 383 254  12 367 614 482   9  77  92 689 450 356  67 455 720
 292 678 309 681  98 618 282 311 685 261 750 769 504 342 526 368 421 410
 598 178 291  17 403 453 425 496 475  47 136 753 488  88 364 544 153 103
 359 655 452 239 615 658 557 760 545 129 346  83  16 567 220 663 234 338
 616 317 541 499 312 600 456 148 198 466 406  52 196 313 444  32 161 755
 372 285 439 514 619 208 736 474 133  35 240 210 325 426 125 713  75 462
 113 279 643 209 772 284 486 603 201 671 213 174  19 424 773 126 583 438
 761 141 489 221 373 574 507 591 540 692 101 195 498 193 441  93  69 186
  74 437 605 577 409 548 779  56 350 627 216 606 610 644 287 719   1 259
 246 635 554 255 645 459 281 449 163 549 721 722 743 745 188 593 170 327
 674 277 522 469 404 512  90 134 111 414  30  85 194 641 183 276 182 468
  48 596  20 419 714 272 709 331 412 105 707 679 698 509 568 200   8  46
 712 393 491 694 700 682 454 764 690 203 609  61 581 124 385 219 297 355
 151 179 705 732 472 494   2 122  54 114  40 422 408 228 269 725  36  21
 523 339 152 233 352 206 232 611 446 155  99 715 777 169 562 109 677 742
 589 171  24 558 420 390 229 286 226 642 484 511 264 630 275 397 257  60
   6 392 207 407 735 249 253  13 260 556   0 205  96 675 460 185 570 461
 370 757  79 379 278 265   4 495 731 217 776 620 223 575 688 415 268 734
 701 637 699 357 231 576 143 177 273  14  53 578  18 747 517 665 628 365
 587  78 529 744 768  44 167 634 139 189 320 457 104 157 631  71 381 706
 657 445 428  27  55 300 683  42 733 559 360 739 584 656 132 344 621 147
 697 316 626 458 550 302 737  23 295 533  50 241 301 400  80 746 293 191
 520  95 767 640 672 716 326  11  82 247 780 329 361 146 299 632 235 653
 728 128 328 308 651 218  73 516 704  38 127 463 305 607 536 782 121 497
 345 505 483 225  45 423 321 322 590 763 661 582 116 388 371 639  37 506
 417 102 624 190 518 647 710 118 289 149 623 479 115 774  62 528 323 427
  31 199 202  64 431 531 448 164 319]
Final time: 15.9722588062s - Best: 3384444-[493 495 496 486 473 479 488 492 487 474 464 449 439 446 453 467 477 470
 480 478 502 509 531 544 548 545 537 549 573 566 581 591 594 582 584 601
 619 622 624 634 642 662 655 657 676 681 686 710 713 711 728 743 752 766
 770 774 782 781 763 755 751 741 723 701 707 715 722 740 745 730 729 726
 749 762 769 761 748 739 725 709 699 700 692 661 653 652 645 650 635 621
 608 602 586 590 583 599 600 613 604 609 617 641 631 628 614 603 605 592
 580 572 558 536 543 527 524 508 501 519 513 523 521 526 542 557 564 569
 576 555 540 535 534 520 504 506 500 499 514 512 518 546 539 538 530 517
 494 490 482 476 455 448 423 429 425 432 421 404 391 388 370 364 352 345
 338 322 324 331 315 306 299 289 292 305 290 298 285 266 255 267 257 258
 239 223 207 201 203 186 183 161 155 150 151 142 136 132 115 111 107 104
 101  88  73  76  63  70  84  98  85  67  60  58  49  61  53  41  50  43
  54  59  72  95  90  77  89 103 112 118 144 147 141 121 113 108 105 100
  78  83  86  74  65  42  33  27  23  26  25  20  15  31  13  21  34  30
  35  19   7  29  18   4   2   9   8  11  32  28  38  62  75  93  82  64
  57  52  46  17   6   1  22  16   0  14  24  55  48  51  56  44  36  40
  45  66  69  79  99 114 109 116 122 138 146 154 159 174 194 195 221 226
 230 229 254 245 238 235 241 265 269 276 275 272 277 293 316 318 326 334
 357 343 355 358 342 351 362 383 389 386 381 396 406 424 437 442 452 457
 451 444 422 428 435 471 481 498 510 525 532 547 559 575 567 579 585 593
 610 625 623 639 637 647 651 658 664 671 682 696 703 724 733 737 746 734
 717 735 744 759 764 757 758 756 767 778 776 772 773 765 747 754 753 720
 719 718 736 732 712 706 698 694 683 668 665 660 648 656 659 654 644 633
 626 611 589 597 596 578 568 560 561 553 550 533 529 505 516 511 507 491
 485 462 454 459 472 456 466 468 469 463 447 440 434 438 430 418 416 410
 417 433 436 415 401 399 413 414 402 387 384 377 361 341 330 333 323 319
 297 308 303 296 295 283 278 260 244 251 240 271 270 262 259 243 228 227
 220 225 212 196 187 182 200 209 208 210 211 218 236 250 252 261 256 274
 286 281 282 287 307 309 300 311 294 310 317 325 339 337 336 348 360 367
 372 382 363 347 350 353 359 335 329 321 320 302 291 280 268 249 232 224
 216 205 199 197 178 175 162 168 156 163 164 172 149 137 117 125 120 123
 143 158 153 128 129 140 131 130 157 165 177 188 190 202 191 173 167 169
 180 176 170 192 198 193 206 222 213 217 233 253 237 246 263 264 279 284
 314 313 328 340 354 356 366 373 368 378 395 398 393 403 405 412 427 420
 397 411 426 450 441 443 460 461 489 503 515 522 554 607 615 636 646 669
 695 716 727 714 702 693 675 673 667 666 663 672 649 638 630 632 629 620
 606 616 627 680 690 691 697 721 738 742 731 705 704 708 687 677 670 678
 684 679 689 674 643 640 618 612 598 587 577 556 551 528 562 565 563 541
 574 570 588 571 552 475 458 445 431 380 385 379 374 371 344 332 346 349
 369 376 390 409 408 407 419 392 375 365 327 301 312 304 288 234 214 215
 184 171 179 185 204 247 273 248 242 231 189 181 127 139 160 119 110 106
 126 135 152 145 124  87  96  80  97  94  47  81  71  91 102  92  68   3
  10  12   5  37  39 134 133 148 166 219 400 394 465 483 484 595 768 777
 760 771 775 685 688 779 780 750 497]
Value - initial: 68906546, final: 3384444, improveup: 20.3597831727

data-line;i;68906546;f;3384444;t;15.9722588062;c;-2;fv;[3384444L];cv;-1;imp;20.3597831727;type;rvnd;inum;6;w;1

time;15.9722588062;man_time;0;neigh_time;0
man_time;0;man_merge_sol;0;man_best_sol;0;man_combine_sol;0

Waiting [0]
Terminating workers True 0 0
MPI TERMINATING
