pydf_home: /home/rodolfo/git/Sucuri
simple_pycuda_home: /home/rodolfo/git/simple-pycuda
wamca2016path: /home/rodolfo/git/wamca2016/
localpath: /home/rodolfo/git/dvnd-df/code/dvnd-df/src/
WAMCAPATH:/home/rodolfo/git/wamca2016/
param: {solution_index:6, solution_instance_index:63, multi_gpu:True, goal:False, problem_name:ml, number_of_moves:10, device_count:2, solver:rvnd, mpi_enabled:True, workers:1}
Using already created file:  wamca2016lib.so
Size: 783 - file name: 07_rat784.tsp

Value - initial: 68349112-[522 277 666 591 139 707 114 544 570 610 410  96 576 389 661 437 624 579
  44 539 738 394 686 412 158 113  74  72 554 551 451 744 435 650 376 263
 590 381 288 521 416 508 230 401 761  73 396 678 312 501 542 221 192 245
  35 333 362 420 587 448 721 627 533 299 375 726  54 268 540  65 646 704
 185 458 325 697 318 441 614 628 694  37   3 100 352 324 371 747 432 358
 278  58  20 315 160 493 431 110 262  27 419  79  23 752  83 117 562 372
 126 413 136 730 474 481 547 369 287 737 725 572 164 567 422 353  50 405
 546 133 639 201 558 211  38 213 499 339 490 675  36 340 378 334 174 552
 343 566 466 173 491 303  17  57 599 301 588 384  63 286 254 379 156 212
 280 290 723 717 670 689 607 227 593 637  24 516   6 121 105 565 462 332
 243 232 503 393   9 253 668  67 781 756 543 400 349 248 198 586 482 426
 386 391 560 592 310 186 390 135 102 238   0 398 242 734 115 172 682 204
 200  40 727 319 367 279  82 218 231 776 108 765 561 128 276 476 283 275
 252 489 514 622 436 143 138 585 454  78 297 106 671 261 314 265 577 222
 162 167 187 255 282 713 620 667 442 778 452 728 537 512 753 690  59 617
  61 773  53 699 635 359 465 444  84 641 207 581  87 449 289 714  13 460
 433 111 445 673 220 602 683 692 199 770 739 342 500 463 615 680 619 193
 293 328 634  77 662 630 249 223 251 418 604 571 557 664 357 509 696 417
 354  68 569 150 529 345 337 335 154 764 336 626 735   7 176  76 632 304
 473 168 239 759 182 274 709 313 423 507 439 147 306 260 720 638 214 411
 772 291 478 511 564 536 120 302  42 326 206 269 681 356 527 472 256 131
  21 746 495 780 421  10 550  19 191 169 760 647  98  26  56 657 574 656
 330 229 296 285  47  71 424 157 403 122 471 519 596 446 170 137 663 151
  39 648 594 672 623 141 241 605 488 475 259 317  86 611 534 457  29 361
 385   1 184 246 271 404 479 777 545 171 732 415 775 703 363 414 702 425
 526 517 563 392 642 498 742 708 716 688 652 705 219 582 430 469 502 144
 763 341 225 693 101 771 505 629 284 659 669 307  99 609   8 124 118 487
 589 264 377 295 731 145  28 532 373 163 745 618  43 583 438 273  51 178
 338 497 743 541 762 388  80 407 322 712  34  22 188 309 768 175 123 250
 470 687 331 153 754 130 578 464 722 774 651 758 453 190 655 397 711 440
 601  92 698 236 215 266 665 695 166  30 679 518  75 408 769 767 691 483
 161 119  70 210   4 320   5 146 235 327 159 224 701 729  88 603 107 104
 350 538 658 308 217 202 724  11 189  55 323  81 684 395 226  41 595 748
  69 216 715 365 757 257  31 484 270 258 240 575 203 344  14 125 311 660
 267 468 129 194 597 455 434 179 530 149 205 134 148 456 402  32 645  15
 140 633  18 321 606 706 559 406  46 132 399 480 152 548 549  25  12 380
  94 573 443 741 368 685 676 374 387 447 183 109 383 494 180  45 520 197
 710 766  48 755 234 608 112 346 208  66  85  16 427 181 492 382 535 674
 348 461 782 740 718 485 631 459   2 613 142 298 525 568 165 621 370 616
 733 177 600 292 736 450 429 366 300 294  33 477 654 749 513  93  52 409
 598 244 556  62 496 428  91 228 347 305  90 779  49 247 644 553 116 155
 625 700 751 281 127 504 209  60 486 316 584 750 640 677  89 523 506 643
 636  97 528 653 351 612 580 719 510 364 467 355 329  95 103 649  64 531
 195 237 196 555 272 360 515 233 524] - 68349112
Solver: RVND, number of workers: 1
Setting feeder affinity
I am the master. There are 1 mpi processes. (hostname = gpu01)
Roots [<pyDF.nodes.Feeder object at 0x7f1cf7fddad0>]
Starting 0
Main loop
I am worker 0
GPU0
set random seed!
Initial: 68349112-[522 277 666 591 139 707 114 544 570 610 410  96 576 389 661 437 624 579
  44 539 738 394 686 412 158 113  74  72 554 551 451 744 435 650 376 263
 590 381 288 521 416 508 230 401 761  73 396 678 312 501 542 221 192 245
  35 333 362 420 587 448 721 627 533 299 375 726  54 268 540  65 646 704
 185 458 325 697 318 441 614 628 694  37   3 100 352 324 371 747 432 358
 278  58  20 315 160 493 431 110 262  27 419  79  23 752  83 117 562 372
 126 413 136 730 474 481 547 369 287 737 725 572 164 567 422 353  50 405
 546 133 639 201 558 211  38 213 499 339 490 675  36 340 378 334 174 552
 343 566 466 173 491 303  17  57 599 301 588 384  63 286 254 379 156 212
 280 290 723 717 670 689 607 227 593 637  24 516   6 121 105 565 462 332
 243 232 503 393   9 253 668  67 781 756 543 400 349 248 198 586 482 426
 386 391 560 592 310 186 390 135 102 238   0 398 242 734 115 172 682 204
 200  40 727 319 367 279  82 218 231 776 108 765 561 128 276 476 283 275
 252 489 514 622 436 143 138 585 454  78 297 106 671 261 314 265 577 222
 162 167 187 255 282 713 620 667 442 778 452 728 537 512 753 690  59 617
  61 773  53 699 635 359 465 444  84 641 207 581  87 449 289 714  13 460
 433 111 445 673 220 602 683 692 199 770 739 342 500 463 615 680 619 193
 293 328 634  77 662 630 249 223 251 418 604 571 557 664 357 509 696 417
 354  68 569 150 529 345 337 335 154 764 336 626 735   7 176  76 632 304
 473 168 239 759 182 274 709 313 423 507 439 147 306 260 720 638 214 411
 772 291 478 511 564 536 120 302  42 326 206 269 681 356 527 472 256 131
  21 746 495 780 421  10 550  19 191 169 760 647  98  26  56 657 574 656
 330 229 296 285  47  71 424 157 403 122 471 519 596 446 170 137 663 151
  39 648 594 672 623 141 241 605 488 475 259 317  86 611 534 457  29 361
 385   1 184 246 271 404 479 777 545 171 732 415 775 703 363 414 702 425
 526 517 563 392 642 498 742 708 716 688 652 705 219 582 430 469 502 144
 763 341 225 693 101 771 505 629 284 659 669 307  99 609   8 124 118 487
 589 264 377 295 731 145  28 532 373 163 745 618  43 583 438 273  51 178
 338 497 743 541 762 388  80 407 322 712  34  22 188 309 768 175 123 250
 470 687 331 153 754 130 578 464 722 774 651 758 453 190 655 397 711 440
 601  92 698 236 215 266 665 695 166  30 679 518  75 408 769 767 691 483
 161 119  70 210   4 320   5 146 235 327 159 224 701 729  88 603 107 104
 350 538 658 308 217 202 724  11 189  55 323  81 684 395 226  41 595 748
  69 216 715 365 757 257  31 484 270 258 240 575 203 344  14 125 311 660
 267 468 129 194 597 455 434 179 530 149 205 134 148 456 402  32 645  15
 140 633  18 321 606 706 559 406  46 132 399 480 152 548 549  25  12 380
  94 573 443 741 368 685 676 374 387 447 183 109 383 494 180  45 520 197
 710 766  48 755 234 608 112 346 208  66  85  16 427 181 492 382 535 674
 348 461 782 740 718 485 631 459   2 613 142 298 525 568 165 621 370 616
 733 177 600 292 736 450 429 366 300 294  33 477 654 749 513  93  52 409
 598 244 556  62 496 428  91 228 347 305  90 779  49 247 644 553 116 155
 625 700 751 281 127 504 209  60 486 316 584 750 640 677  89 523 506 643
 636  97 528 653 351 612 580 719 510 364 467 355 329  95 103 649  64 531
 195 237 196 555 272 360 515 233 524]
Final time: 17.864716053s - Best: 3423926-[522 515 503 502 509 545 537 549 573 582 584 601 619 622 624 634 615 605
 603 614 631 628 636 646 669 675 673 667 666 663 672 692 700 699 709 694
 698 683 668 665 660 656 648 643 640 618 616 606 608 602 586 590 583 599
 600 576 569 564 574 570 571 558 572 580 592 591 581 566 548 544 531 543
 536 527 524 508 501 497 477 470 480 478 460 441 427 420 412 405 403 393
 398 395 378 368 373 354 340 328 313 314 284 279 264 263 246 237 217 198
 193 180 176 169 167 165 173 177 191 188 190 202 219 227 228 220 225 236
 250 252 261 256 274 286 311 317 325 329 335 353 350 347 339 337 336 348
 360 367 384 387 402 414 413 399 401 431 445 449 439 446 453 467 464 474
 487 492 488 479 473 486 496 495 521 523 542 526 541 540 535 534 555 563
 562 565 577 556 546 539 530 538 560 568 561 578 596 597 589 611 626 633
 644 654 659 674 689 679 684 678 670 677 687 682 671 664 658 651 647 637
 639 623 625 610 593 585 579 567 575 559 547 532 525 550 553 533 529 516
 511 507 491 485 484 483 465 457 451 452 442 437 421 432 425 429 423 419
 438 430 434 418 409 408 407 392 376 369 346 349 331 345 352 338 322 318
 326 316 293 277 272 275 276 254 245 238 229 230 226 221 203 201 207 197
 178 175 160 151 142 136 132 119 135 150 155 161 183 195 194 174 159 154
 146 138 145 124 116 122 114 109  96  99  79  69  66  80 106 110  93  82
  64  57  52  46  45  40  44  56  51  48  55  24  14   0  16  22   1   6
  17  11   8   9   2   4  18   7  19  30  35  29  47  38  62  75  97  94
  88  73  76  63  70  58  60  67  85  84  98 101 104 107 117 125 120 123
 143 128 129 140 131 130 118 112 103  89  77  68  92 102  91  71  81  61
  49  53  41  34  21  13  31  15  20  25  26  43  54  59  23  27  33   3
  10  12  37  42  65  72  90  95  74  86  83  78 100 105 108 113 121 133
 134 148 141 147 144 157 166 153 158 182 187 196 200 212 243 259 262 282
 287 270 271 240 251 244 260 278 283 297 308 295 296 303 330 341 333 323
 319 307 309 300 294 310 291 302 321 320 332 344 371 390 410 416 417 433
 436 447 463 469 468 466 476 482 490 499 500 506 504 520 557 588 609 617
 638 630 632 652 653 661 707 701 693 702 695 686 662 655 657 676 681 711
 710 713 716 714 727 750 743 752 766 770 774 782 781 763 755 751 741 723
 715 722 729 730 740 745 762 769 761 748 749 726 725 739 747 765 773 772
 776 778 753 754 720 719 718 736 732 756 758 767 775 757 759 764 771 760
 777 768 746 733 737 724 703 696 708 704 717 734 744 735 731 742 738 721
 697 690 680 691 712 706 685 650 645 635 629 621 620 627 612 598 587 551
 528 514 512 518 517 494 472 459 454 424 406 396 388 391 404 375 364 370
 365 381 386 389 394 383 362 351 342 358 355 343 327 301 312 304 288 269
 265 241 235 234 214 215 184 171 179 185 204 247 248 273 285 290 305 292
 315 306 299 289 280 268 249 258 257 239 231 232 224 218 208 210 211 205
 216 199 189 181 172 164 163 149 137 156 168 162 139 127 111 115 186 223
 242 255 267 266 298 324 334 357 400 422 428 435 444 471 481 498 510 505
 462 448 455 456 440 374 359 379 385 380 363 372 382 415 458 475 493 513
 519 552 604 613 641 649 642 607 594 554 489 461 443 450 426 411 397 377
 361 366 356 253 233 213 222 206 192 170  39   5  50  28  32  36  87 126
 152 209 281 728 780 779 688 705 595]
Value - initial: 68349112, final: 3423926, improveup: 19.9622047906

data-line;i;68349112;f;3423926;t;17.864716053;c;-2;fv;[3423926L];cv;-1;imp;19.9622047906;type;rvnd;inum;6;w;1

time;17.864716053;man_time;0;neigh_time;0
man_time;0;man_merge_sol;0;man_best_sol;0;man_combine_sol;0

Waiting [0]
Terminating workers True 0 0
MPI TERMINATING
