pydf_home: /home/rodolfo/git/Sucuri
simple_pycuda_home: /home/rodolfo/git/simple-pycuda
wamca2016path: /home/rodolfo/git/wamca2016/
localpath: /home/rodolfo/git/dvnd-df/code/dvnd-df/src/
WAMCAPATH:/home/rodolfo/git/wamca2016/
param: {solution_index:4, solution_instance_index:19, multi_gpu:True, goal:False, problem_name:ml, number_of_moves:10, device_count:2, solver:rvnd, mpi_enabled:True, workers:1}
Using already created file:  wamca2016lib.so
Size: 501 - file name: 05_TRP-S500-R1.tsp

Value - initial: 31888343-[205 250 494 363 327  41   9 398 432 423  29 261  61 341 122 128 108 381
  75  81 429 305  42 106 214  64 198 272  94 294 467 244  38 455  33 452
  72 371 433 117 255 281 435  26 400 439 235 376 441 267 265  96 142 338
 477  63 247  18 177 394 145 312 393  62 382 286 387  32 229  88 461 291
  57 144 241 315 443  82 436 456 445 313 497 414  40 295 297 273 483  95
 259 336  43 147 386 191 258  11 482 409 309 330 344 137 493 426 152  24
 248 431 353  17 148 101  23 199 201 479 495 290 190  44  69 318  22  34
 332 440 262 498 150  54  27 111  30 215  76 231 342 105   1  97 485 238
 405 451 463   6 481  98 227 239 354 155  39 487   4 374 328 249 220  36
 361 186 200  74 169 189 125  70 335 446 287 126 447 276 210 139 357 285
  28 165 457  48 110  60 378 410 333   7 453 173   0 204 160 347 299 129
 222 164 339  53 383 203 188  37 320 380  45 138  89 460 301 167 228 428
 421 131  78 283 172 292 187 411 243 306 162 242 343  85 274 124 300  91
 303 462 121 362 375 377 326 373 476 277 424 127 207 260 356 163  80 176
 311 329 218 397 323 389 444 325 166 402 197 399 116 401  68 206 448 223
 268 388 102 454 184 171 196 480   3 420  14 316 442 233 192 438  58  46
 113 114 271 153 391 304 230  84 130 367  56 221 194 308 289  31 193   2
  25 158 175 296 298 468  13 263 437 216 209 133 275 331 232  90 392 182
  19 475 370 288 471 416  71 252 346 149   5  77 466  92 337 310 345 237
 458 486 492 465 136 254 403 408 119  86 366 282 224 246 219 358  65  79
  52 240 390 132 422  93 278 334 434 195  83   8 496 226 317 185 449 319
 146  99  20 369 491 208 459  10  59 157 212 103  66 348  15 170 324 406
  51 418 234 488  35 140 473 253 430 379 368 413 417  16 395 156 141 181
 179 314 364 360 161 500 270 115 202 478 427 355 118  55  73 450  21 180
 412 359 100 154 245 213 178 484 183 490 372 464 217 350 159 489 236 340
 134 470  50 174 351 293 251 284 264 365  87 472 151 112 123 168 474 425
 266 107 407 211 321  67 143 256 384 322 120 279 396 499 352 419 307 349
 415  12 469  49 385 404 257  47 104 109 302 269 280 225 135] - 31888343
Solver: RVND, number of workers: 1
Setting feeder affinity
I am the master. There are 1 mpi processes. (hostname = gpu01)
Roots [<pyDF.nodes.Feeder object at 0x7f443c006ad0>]
Starting 0
Main loop
I am worker 0
GPU0
set random seed!
Initial: 31888343-[205 250 494 363 327  41   9 398 432 423  29 261  61 341 122 128 108 381
  75  81 429 305  42 106 214  64 198 272  94 294 467 244  38 455  33 452
  72 371 433 117 255 281 435  26 400 439 235 376 441 267 265  96 142 338
 477  63 247  18 177 394 145 312 393  62 382 286 387  32 229  88 461 291
  57 144 241 315 443  82 436 456 445 313 497 414  40 295 297 273 483  95
 259 336  43 147 386 191 258  11 482 409 309 330 344 137 493 426 152  24
 248 431 353  17 148 101  23 199 201 479 495 290 190  44  69 318  22  34
 332 440 262 498 150  54  27 111  30 215  76 231 342 105   1  97 485 238
 405 451 463   6 481  98 227 239 354 155  39 487   4 374 328 249 220  36
 361 186 200  74 169 189 125  70 335 446 287 126 447 276 210 139 357 285
  28 165 457  48 110  60 378 410 333   7 453 173   0 204 160 347 299 129
 222 164 339  53 383 203 188  37 320 380  45 138  89 460 301 167 228 428
 421 131  78 283 172 292 187 411 243 306 162 242 343  85 274 124 300  91
 303 462 121 362 375 377 326 373 476 277 424 127 207 260 356 163  80 176
 311 329 218 397 323 389 444 325 166 402 197 399 116 401  68 206 448 223
 268 388 102 454 184 171 196 480   3 420  14 316 442 233 192 438  58  46
 113 114 271 153 391 304 230  84 130 367  56 221 194 308 289  31 193   2
  25 158 175 296 298 468  13 263 437 216 209 133 275 331 232  90 392 182
  19 475 370 288 471 416  71 252 346 149   5  77 466  92 337 310 345 237
 458 486 492 465 136 254 403 408 119  86 366 282 224 246 219 358  65  79
  52 240 390 132 422  93 278 334 434 195  83   8 496 226 317 185 449 319
 146  99  20 369 491 208 459  10  59 157 212 103  66 348  15 170 324 406
  51 418 234 488  35 140 473 253 430 379 368 413 417  16 395 156 141 181
 179 314 364 360 161 500 270 115 202 478 427 355 118  55  73 450  21 180
 412 359 100 154 245 213 178 484 183 490 372 464 217 350 159 489 236 340
 134 470  50 174 351 293 251 284 264 365  87 472 151 112 123 168 474 425
 266 107 407 211 321  67 143 256 384 322 120 279 396 499 352 419 307 349
 415  12 469  49 385 404 257  47 104 109 302 269 280 225 135]
Final time: 5.87668204308s - Best: 1942502-[205 126 108 405 147 455 435 367  57 404 157 201 467 485 141 354 207 365
 487  25 475  90 187 473 412 391 161 484  14 304 306 293 212 302  72 308
 268 336 386 332  94 102 460 479 211 233 451 216 380 208 109 204 215 447
 411  16 403 160 439 129 239 457 381 238 265  69 281 203  99  93 155 307
 275  70 387 349 279 373 330 301  44 179 116 344 303 348  78 166  98 186
 257  46 249 231 375 256 127 482 474 446 130 289 188 267 476  37 244 441
 225 159 228 471 115 425 189  26  50 170 168   2 488 377 369 450 311 324
 162  66 418  64 143 259 125 398 214 483  47  29 389 180 183  74 427 408
 359 132 103 240 378  10 368  35 379  13 194 500 242 234  34 371 456 465
  24 401 314  11 283 462 442 399 424 315 173 323 374 498 397 429 493 461
 241 495  56 361 437 352 277 124 210 326  87  81 362  62 420 266  76 394
 195 174 364  71 464 158 198 287 353 321 258 106 135 164 360 310   8 149
 224 390  61 296 489 229  63 271 153 400  23 107  53 150   0  18 452 235
 478 137 263 297 328 196 372 251 140 453  42 163 309  55 185 285  43 278
 202 299 292 313 104 272 139 376  21 413  86 123  91 444 171 282 276 463
 113 121 169  48  32  80  84 217 469  41 486  83  59 339 445   7 111  39
 246   5 356 236 142 112 193  88 232 146  38 436 382 419 431 181  82 358
 416 345 221 421 496 325  67 176 497 318 409 480 300 384 114  17   1 144
  40 252 357 206  58 406 343 433 396  77 100 219 118 261  22 341 414 337
 286 213 172 335 200 470 136  33 319 499  60 347  45 383  28 182 351 305
 481 117 167 393 273   3 178 223   4 459 119 434  36 295 338 131 247 316
  51 199 122 134 449 350 415 458 284 329 156 253 402 294  20  54 128 410
 175 385 138  96  15 440  65 366  49 148 477 322 120 218 494 430 288 448
  95 190 255  97  79 312  75 333 388  68 370 274 245 298 227 250 426 392
 165 191 407 269 432 291 443 340 260 151 334 428 355 145 454   9 472 197
  27 491 101 490 264 220  85 110 331 105  31 423 422 346 468 230 154 184
 327 320 192 280 317 270 222 342 363 133 492 417  73  19 243 262 395   6
 248  52 438 152 226  89  12 466 290 237 254 177  30  92 209]
Value - initial: 31888343, final: 1942502, improveup: 16.4161184905

data-line;i;31888343;f;1942502;t;5.87668204308;c;-2;fv;[1942502L];cv;-1;imp;16.4161184905;type;rvnd;inum;4;w;1

time;5.87668204308;man_time;0;neigh_time;0
man_time;0;man_merge_sol;0;man_best_sol;0;man_combine_sol;0

Waiting [0]
Terminating workers True 0 0
MPI TERMINATING
