pydf_home: /home/rodolfo/git/Sucuri
simple_pycuda_home: /home/rodolfo/git/simple-pycuda
wamca2016path: /home/rodolfo/git/wamca2016/
localpath: /home/rodolfo/git/dvnd-df/code/dvnd-df/src/
WAMCAPATH:/home/rodolfo/git/wamca2016/
param: {solution_index:6, solution_instance_index:86, multi_gpu:True, goal:False, problem_name:ml, number_of_moves:10, device_count:2, solver:rvnd, mpi_enabled:True, workers:1}
Using already created file:  wamca2016lib.so
Size: 783 - file name: 07_rat784.tsp

Value - initial: 71125071-[764  28 547 232 206 680 111 202 282 281 598 473 564 398 134 265 201 458
 480 176 322 742 565 207 602 225 197 608 283 694 638 686 142 399 163 369
 245 179   8 125  57 582 615 210 626 542 471 205 574 323  67 629 365 186
 239 567 716 663 588 326 579 331  60 618 497 524 360 611 127 155 548 188
 191 250 451 730 474 410 230 661  59 297 639 288 624 342 625 512 553 157
 463 750 681 379  10 223 395   2  32 487 355 462  38 431 584  54 636 300
  95 640 530  33 213 702 774 356 647 467 561 280 641 401 758 478 371 121
 112 436 266 171 433   6 775 180 635 260 477 569 593 612 713  81 753 198
 380 660 455 446 733 141 437 704 219 411 194 159  16  88   1 389 222 725
 133 363 346 655 296 301 720 106 350 249  45 706 563 212 491 310 581 311
 428 576 536  11 695 284 662 776 429 430 712 382 336  72 438 541 452 341
 229 778 251 306 248 149  47 276 254 279 214 779  14  36 622 769 220 302
 208 277 184 646 631 673 667 656 486 240 183 627 147 402 344 604 387  61
 392 773 432 710 151 539  43 241 532 226 366 168 675 262 138 461  78 447
 689 782 633 464  21 457 236 520  53 737 289 652 448 528  44 722 540 268
 414 397 531 354  99 420 178  68  79 500 418 692 373  13  26 610 632 714
 771 376 485 166 556 146 292 137 623   9  66 697 466 772 298 361 481 393
   4 749 634 400 259 754 243  25  94 449 591  58 453 174  91 526 123  83
 723  98 765 348 472 586 412 215 145 757 665 688 502 559 256  46 118  20
 571 736 423  73 242 580 718 650  69 630 143 709 705 154 529  12 533 199
  41 224 104 333 269 498  85 573 328 554 335 575 570 651 367   7 658 748
 456 747 267 751 552 185 693 594 653 637 139 590 732 231 659  97 459 521
 253 422 427 421 321 444 140 535 233 161  15 546 439 684 374 468   3 409
 729 329 359 263 550  90 314 416  87  71 160 107 316 489 511 162 752  34
 353 308 304 617 672 169 442 100 740 488 544 130  50 271 388 384 558  30
 538 170 551 195  86 600  62 616  84 313 150 114 404 234 312 327  89 621
 175 345 116 378 307 494 426 644 117 585 330 503 167 668 671 274 518 364
 597 216  18 352 132 351 144 522 424 577 691  19 499 434 383 609 645 396
 484  27 677 405 642 568 476 711 440 204 287 549 305  96 744 257 643 370
 589 501 620 122 496 264 583 685 441 741 390 648 135 218 761 291 768 338
  74 258 294 708 419 293 557 508 182 755 372 454 762 676 493 516 479 128
 674   0 119 715 196 700 235 228 523  29 415 406 460 719 334 368 108 381
 181 136 244 690 780 375 506  70 514 270 339 362  55 403 317 490 699 156
 678  37 562 110 698 407 515 237 483 391 120 595 152 510   5 192 555 109
 606 303 425 153 534 115 770 669 295  52  48 513 187 543 203 763 469 738
 495 731 278 759 470 261 619 443 766  92 173 545 385 193 703 252 670 607
 102 340 126 347 657  63 285 739 417 246 745 592 105 273 746 726  22 337
 666 435 275 578 525  42 189 247  35 113 596 743 679 413 103 492 682 527
 190  31 386 717 507  80  49  39 566 519 209 172 325 164 129 272 504 628
 687 613 238 450 777 158 377 165 727  17 587  93 357 767  56 324 475 696
 683 572 221 505 319 343  23 721 735 654 299  82 217 614 227 445 517 781
 286 756 255 200  40 148 601 649 101 734 309 177 724 599  65 537 707  77
 124 318  64 394 603 131 290  51 211 664 332 728 560 509 482 701 760 358
  76 465 605 349 408 320 315  24  75] - 71125071
Solver: RVND, number of workers: 1
Setting feeder affinity
I am the master. There are 1 mpi processes. (hostname = gpu01)
Roots [<pyDF.nodes.Feeder object at 0x7f342ae76ad0>]
Starting 0
Main loop
I am worker 0
GPU0
set random seed!
Initial: 71125071-[764  28 547 232 206 680 111 202 282 281 598 473 564 398 134 265 201 458
 480 176 322 742 565 207 602 225 197 608 283 694 638 686 142 399 163 369
 245 179   8 125  57 582 615 210 626 542 471 205 574 323  67 629 365 186
 239 567 716 663 588 326 579 331  60 618 497 524 360 611 127 155 548 188
 191 250 451 730 474 410 230 661  59 297 639 288 624 342 625 512 553 157
 463 750 681 379  10 223 395   2  32 487 355 462  38 431 584  54 636 300
  95 640 530  33 213 702 774 356 647 467 561 280 641 401 758 478 371 121
 112 436 266 171 433   6 775 180 635 260 477 569 593 612 713  81 753 198
 380 660 455 446 733 141 437 704 219 411 194 159  16  88   1 389 222 725
 133 363 346 655 296 301 720 106 350 249  45 706 563 212 491 310 581 311
 428 576 536  11 695 284 662 776 429 430 712 382 336  72 438 541 452 341
 229 778 251 306 248 149  47 276 254 279 214 779  14  36 622 769 220 302
 208 277 184 646 631 673 667 656 486 240 183 627 147 402 344 604 387  61
 392 773 432 710 151 539  43 241 532 226 366 168 675 262 138 461  78 447
 689 782 633 464  21 457 236 520  53 737 289 652 448 528  44 722 540 268
 414 397 531 354  99 420 178  68  79 500 418 692 373  13  26 610 632 714
 771 376 485 166 556 146 292 137 623   9  66 697 466 772 298 361 481 393
   4 749 634 400 259 754 243  25  94 449 591  58 453 174  91 526 123  83
 723  98 765 348 472 586 412 215 145 757 665 688 502 559 256  46 118  20
 571 736 423  73 242 580 718 650  69 630 143 709 705 154 529  12 533 199
  41 224 104 333 269 498  85 573 328 554 335 575 570 651 367   7 658 748
 456 747 267 751 552 185 693 594 653 637 139 590 732 231 659  97 459 521
 253 422 427 421 321 444 140 535 233 161  15 546 439 684 374 468   3 409
 729 329 359 263 550  90 314 416  87  71 160 107 316 489 511 162 752  34
 353 308 304 617 672 169 442 100 740 488 544 130  50 271 388 384 558  30
 538 170 551 195  86 600  62 616  84 313 150 114 404 234 312 327  89 621
 175 345 116 378 307 494 426 644 117 585 330 503 167 668 671 274 518 364
 597 216  18 352 132 351 144 522 424 577 691  19 499 434 383 609 645 396
 484  27 677 405 642 568 476 711 440 204 287 549 305  96 744 257 643 370
 589 501 620 122 496 264 583 685 441 741 390 648 135 218 761 291 768 338
  74 258 294 708 419 293 557 508 182 755 372 454 762 676 493 516 479 128
 674   0 119 715 196 700 235 228 523  29 415 406 460 719 334 368 108 381
 181 136 244 690 780 375 506  70 514 270 339 362  55 403 317 490 699 156
 678  37 562 110 698 407 515 237 483 391 120 595 152 510   5 192 555 109
 606 303 425 153 534 115 770 669 295  52  48 513 187 543 203 763 469 738
 495 731 278 759 470 261 619 443 766  92 173 545 385 193 703 252 670 607
 102 340 126 347 657  63 285 739 417 246 745 592 105 273 746 726  22 337
 666 435 275 578 525  42 189 247  35 113 596 743 679 413 103 492 682 527
 190  31 386 717 507  80  49  39 566 519 209 172 325 164 129 272 504 628
 687 613 238 450 777 158 377 165 727  17 587  93 357 767  56 324 475 696
 683 572 221 505 319 343  23 721 735 654 299  82 217 614 227 445 517 781
 286 756 255 200  40 148 601 649 101 734 309 177 724 599  65 537 707  77
 124 318  64 394 603 131 290  51 211 664 332 728 560 509 482 701 760 358
  76 465 605 349 408 320 315  24  75]
Final time: 13.8609910011s - Best: 3379756-[764 759 744 735 731 738 742 757 758 756 767 778 776 772 773 765 761 769
 762 745 730 729 722 740 741 751 755 763 781 782 774 770 766 752 743 728
 711 710 713 716 714 702 695 693 675 673 666 667 669 662 657 655 642 634
 624 622 619 601 584 582 573 549 537 545 548 544 531 543 536 527 524 508
 501 497 477 467 453 446 439 449 464 474 487 492 488 479 473 458 445 431
 401 399 413 414 402 387 384 367 372 382 380 385 379 374 390 410 416 417
 433 436 447 440 434 430 438 456 476 482 490 499 514 528 551 556 546 539
 538 530 517 518 512 494 491 485 462 454 459 472 455 448 423 429 425 432
 421 437 442 424 406 400 389 386 381 355 358 342 351 362 383 394 422 428
 435 444 451 452 457 465 483 484 507 511 516 505 510 525 532 547 559 575
 567 550 529 533 553 561 578 560 568 597 596 585 593 610 625 623 639 637
 647 651 658 664 671 682 696 703 724 733 737 746 734 717 704 708 687 677
 670 678 654 644 633 626 611 589 598 587 577 565 562 563 555 534 535 540
 541 520 504 506 500 466 468 469 463 475 493 495 496 486 513 519 523 521
 526 542 557 576 569 564 574 570 571 558 572 580 603 614 617 609 588 604
 613 600 599 583 590 586 602 608 621 620 627 616 618 612 640 643 659 679
 684 689 674 690 691 680 656 648 660 683 706 712 732 736 718 719 698 694
 720 725 739 747 748 749 726 700 699 709 685 668 665 650 645 635 629 632
 652 653 661 649 641 631 628 636 615 605 592 591 594 581 566 509 502 522
 515 503 489 480 478 460 461 443 441 427 420 426 411 397 377 378 368 373
 395 398 412 405 403 393 366 356 354 340 328 313 303 296 295 278 283 297
 308 323 333 319 307 309 336 337 339 347 350 353 359 371 344 332 320 321
 329 335 325 317 310 294 311 300 286 281 282 287 270 271 262 259 243 228
 227 220 225 236 256 274 261 250 252 268 249 231 232 224 211 210 208 218
 209 212 200 182 187 196 190 188 177 191 202 219 240 251 244 260 246 222
 206 213 193 180 176 169 167 173 165 144 147 141 148 133 134 105 108 113
 121 118 112 103  95  86  74  65  42  33  27  23  43  54  59  72  90  89
  77  68  92 102  91  71  53  41  50  25  26  20  15  31  13  21  34  49
  61  81  85  67  60  58  35  19   7  29  18   4   2   9  28  38  62  73
  76  63  70  84  98 117 137 125 120 123 128 129 140 131 130 157 166 153
 158 143 149 164 163 172 181 189 205 216 199 197 178 175 162 168 156 139
 127 107 104 101  88  94  97  75  93  82  64  46  52  57  32   8  11  17
   6   1  22  40  45  66  80  79  69  56  44  36  51  48  55  87  96 109
 116 122 114 126 152 135 150 155 161 151 132 136 142 160 186 203 201 207
 223 239 257 258 280 291 302 299 289 306 292 290 305 315 331 324 322 318
 326 334 316 293 277 272 273 247 248 266 255 242 221 226 230 229 204 185
 179 171 184 214 215 234 241 235 238 245 254 275 276 269 265 288 304 312
 301 327 343 357 365 388 391 404 370 364 352 345 349 346 369 376 375 392
 419 407 408 409 418 415 363 348 360 361 341 330 314 284 279 264 263 237
 253 233 217 198 192 170 100  83  78  39  37   5  12  10   3  30  47 111
 115 119 110 106  99  16   0  14  24 124 145 138 146 154 159 174 194 195
 183 267 285 298 338 396 471 481 498 579 595 705 697 721 760 768 777 771
 775 753 754 779 780 750 727 723 715 707 701 686 681 676 646 663 672 692
 688 638 630 606 552 607 554 450 470]
Value - initial: 71125071, final: 3379756, improveup: 21.0444395986

data-line;i;71125071;f;3379756;t;13.8609910011;c;-2;fv;[3379756L];cv;-1;imp;21.0444395986;type;rvnd;inum;6;w;1

time;13.8609910011;man_time;0;neigh_time;0
man_time;0;man_merge_sol;0;man_best_sol;0;man_combine_sol;0

Waiting [0]
Terminating workers True 0 0
MPI TERMINATING
