pydf_home: /home/rodolfo/git/Sucuri
simple_pycuda_home: /home/rodolfo/git/simple-pycuda
wamca2016path: /home/rodolfo/git/wamca2016/
localpath: /home/rodolfo/git/dvnd-df/code/dvnd-df/src/
WAMCAPATH:/home/rodolfo/git/wamca2016/
param: {solution_index:0, solution_instance_index:71, multi_gpu:True, goal:False, problem_name:ml, number_of_moves:10, device_count:2, solver:rvnd, mpi_enabled:True, workers:1}
Using already created file:  wamca2016lib.so
Size: 52 - file name: 01_berlin52.tsp

Value - initial: 741540-[27 28 51 39  8 35 50 14  5  4 45 40  9 38 30  0 16 23 29 36 21  6 33  2 49
  7 11 17 26 46 18 13 10 41  1 24 34 44 19 31 32 22 20 47 15 12 42 37 25 48
  3 43] - 741540
Solver: RVND, number of workers: 1
Setting feeder affinity
I am the master. There are 1 mpi processes. (hostname = gpu01)
Roots [<pyDF.nodes.Feeder object at 0x7fbd3b95fad0>]
Starting 0
Main loop
I am worker 0
GPU0
set random seed!
Initial: 741540-[27 28 51 39  8 35 50 14  5  4 45 40  9 38 30  0 16 23 29 36 21  6 33  2 49
  7 11 17 26 46 18 13 10 41  1 24 34 44 19 31 32 22 20 47 15 12 42 37 25 48
  3 43]
Final time: 1.40832400322s - Best: 157628-[27 11 24  3  5  4 23 47 36 33 35 34 38 39 37 14 42  9  8  7 40 18 44 31 48
  0 21 30 17 20 22 19 49 15 43 45 25 26 12 51 13 46 28 29 41  1  6 16  2 32
 10 50]
Value - initial: 741540, final: 157628, improveup: 4.7043672444

data-line;i;741540;f;157628;t;1.40832400322;c;-2;fv;[157628L];cv;-1;imp;4.7043672444;type;rvnd;inum;0;w;1

time;1.40832400322;man_time;0;neigh_time;0
man_time;0;man_merge_sol;0;man_best_sol;0;man_combine_sol;0

Waiting [0]
Terminating workers True 0 0
MPI TERMINATING
