pydf_home: /home/rodolfo/git/Sucuri
simple_pycuda_home: /home/rodolfo/git/simple-pycuda
wamca2016path: /home/rodolfo/git/wamca2016/
localpath: /home/rodolfo/git/dvnd-df/code/dvnd-df/src/
WAMCAPATH:/home/rodolfo/git/wamca2016/
param: {solution_index:0, solution_instance_index:78, multi_gpu:True, goal:False, problem_name:ml, number_of_moves:10, device_count:2, solver:rvnd, mpi_enabled:True, workers:1}
Using already created file:  wamca2016lib.so
Size: 52 - file name: 01_berlin52.tsp

Value - initial: 863772-[23 20 32 35 19 50  8  1 29  7 18 37 30 10  0 43 40 34 13 17 11 48 38  9 27
 42  4 28 26 22 47 36 31  5  2 12 41 25 39 49 46 45 24 16 14 51 33 15 21  3
  6 44] - 863772
Solver: RVND, number of workers: 1
Setting feeder affinity
I am the master. There are 1 mpi processes. (hostname = gpu01)
Roots [<pyDF.nodes.Feeder object at 0x7fda8c03aad0>]
Starting 0
Main loop
I am worker 0
GPU0
set random seed!
Initial: 863772-[23 20 32 35 19 50  8  1 29  7 18 37 30 10  0 43 40 34 13 17 11 48 38  9 27
 42  4 28 26 22 47 36 31  5  2 12 41 25 39 49 46 45 24 16 14 51 33 15 21  3
  6 44]
Final time: 1.39851307869s - Best: 163115-[23  4  5 14 38 39 37 47 36 33 34 35 48 31 21  0 43 15 49 19 29 22 30 20  6
  1 41  2 17 44 18 40  7  8  9 42 32 50 11 27 26 12 51 13 25 46 28 45 16 24
  3 10]
Value - initial: 863772, final: 163115, improveup: 5.29547865003

data-line;i;863772;f;163115;t;1.39851307869;c;-2;fv;[163115L];cv;-1;imp;5.29547865003;type;rvnd;inum;0;w;1

time;1.39851307869;man_time;0;neigh_time;0
man_time;0;man_merge_sol;0;man_best_sol;0;man_combine_sol;0

Waiting [0]
Terminating workers True 0 0
MPI TERMINATING
