pydf_home: /home/rodolfo/git/Sucuri
simple_pycuda_home: /home/rodolfo/git/simple-pycuda
wamca2016path: /home/rodolfo/git/wamca2016/
localpath: /home/rodolfo/git/dvnd-df/code/dvnd-df/src/
WAMCAPATH:/home/rodolfo/git/wamca2016/
param: {solution_index:5, solution_instance_index:91, multi_gpu:True, goal:False, problem_name:ml, number_of_moves:10, device_count:2, solver:rvnd, mpi_enabled:True, workers:1}
Using already created file:  wamca2016lib.so
Size: 657 - file name: 06_d657.tsp

Value - initial: 278282530-[375 315 305 582 482  17 446 306  94 599 195 649 104 174  68 479 301 166
 387 205 222 531 320 411 256 353 153 206 435 550 207 487  90 165 602 470
 612 327 592 253 534 504 193 279 469 474 565 394 304  78 250 201 249 395
 314 496 160 248 499 400 625 311 367  44 596  72 464 530  86 186 546 322
  98 574 340 302 390 568 334 424 202 330 289  31 183 558 336 212 258 379
 239 480 548 131 571 404 383 431 425 398  32  34 620 638 502 287 158  91
 175  55 121 224 593 215 547 345 578 138 274 192 494 291 108  80 172 441
 445 295 643  73 348  10 556 418 257 564  65 590 292 427  51 656  85 523
 631  23  27 168 254 485 350  62 297 381 572 313 184 532 357 156 439 343
  71  16 473 119 503 356 106 460  81  20 237 447 413 619 233 211 136 200
 189 630 450 579  66 552 518 610 280 409 615 497 597 134 283 654 236  46
 414 653 368 238 323 247 199  83 651 533 608  77 514  59 581 465 300 171
 397 273 501 197 453 309 617 399 268 333 510 270 203 122  52 376 529  41
 339 127 229 489 449 567 140 410 241  48 585 264  42 198 232 461 555 586
 185 402 613  92  58 213 535 269 169 462 255 154 603 378 208 406 471 430
 616 132 163 217  28  93 364 591 623  87 276 341 243 488 614 371 594  56
 629 633 549 141 235 467   8 251 429 455  38 349 329 267 491 476 573 359
   3 326 228 187 157 389 463 355 544 538 365 372 223 481 245 143 454 519
 182 644 443 266 112 155 543 362 607 632 526 388 541 181 377 621 324  22
 563 272 459 560 392 516 142  11 210 147 277 505 204 458 219  74 351 416
  97 407 391 162 528 448 319  54 601  89 194 240 299 545 428 149 328 405
  49  36 605 137 436  50 344  64 133 225 475  70 282 316 468 440  13 105
 146 495 360 524 587 437 354 366 466 125 298 126 242 352   5 611 640 641
  69  95 358 507 176  47 618 417 110 321 144 645 412 369 542 472 220 227
 164 252 118 595 511 442 484 114 403 512 179 374 628 347 575 624 124 422
 338 380  60 190 170 101 129 636 150 115  15 370  61 522  30 293   7  29
 642 490 492 317 655 188  14 214 109 180 648 419  67  21  18 284 216  99
 627 337 244 263 432  57 191 647 551  53 393 177  76 113 604 483 652 513
  45 622 145 260 346 646 536 539 246 152  33 102 477 554 332 433 570 178
   0 308 261 361 515   9 310 386 634   6 259 123 553 486 589 583  39 639
 569 520 117   2 307 500 234 275 493 559  40 576 588 580 363 451  19 517
 173 196 396 537  75  79 438 135 281 600 452 221 561 231 525 373 218 401
 325  82 598 650 103 421 288 116 296 342 423 566 584 521 285 139  24 262
 128 286 456  12 290 151 318  25 161 265 557 444  88 540 609 527 230 420
 384  35 498   1 130  37 508 303 294 120 478 382 637 562 107  84 159 457
 209 100 408  26 167 385 335 635  96 226 278 312 331 271 148 577   4 426
  63 606 434 111 506 626 415  43 509] - 278282530
Solver: RVND, number of workers: 1
Setting feeder affinity
I am the master. There are 1 mpi processes. (hostname = gpu01)
Roots [<pyDF.nodes.Feeder object at 0x7f5fc13b1ad0>]
Starting 0
Main loop
I am worker 0
GPU0
set random seed!
Initial: 278282530-[375 315 305 582 482  17 446 306  94 599 195 649 104 174  68 479 301 166
 387 205 222 531 320 411 256 353 153 206 435 550 207 487  90 165 602 470
 612 327 592 253 534 504 193 279 469 474 565 394 304  78 250 201 249 395
 314 496 160 248 499 400 625 311 367  44 596  72 464 530  86 186 546 322
  98 574 340 302 390 568 334 424 202 330 289  31 183 558 336 212 258 379
 239 480 548 131 571 404 383 431 425 398  32  34 620 638 502 287 158  91
 175  55 121 224 593 215 547 345 578 138 274 192 494 291 108  80 172 441
 445 295 643  73 348  10 556 418 257 564  65 590 292 427  51 656  85 523
 631  23  27 168 254 485 350  62 297 381 572 313 184 532 357 156 439 343
  71  16 473 119 503 356 106 460  81  20 237 447 413 619 233 211 136 200
 189 630 450 579  66 552 518 610 280 409 615 497 597 134 283 654 236  46
 414 653 368 238 323 247 199  83 651 533 608  77 514  59 581 465 300 171
 397 273 501 197 453 309 617 399 268 333 510 270 203 122  52 376 529  41
 339 127 229 489 449 567 140 410 241  48 585 264  42 198 232 461 555 586
 185 402 613  92  58 213 535 269 169 462 255 154 603 378 208 406 471 430
 616 132 163 217  28  93 364 591 623  87 276 341 243 488 614 371 594  56
 629 633 549 141 235 467   8 251 429 455  38 349 329 267 491 476 573 359
   3 326 228 187 157 389 463 355 544 538 365 372 223 481 245 143 454 519
 182 644 443 266 112 155 543 362 607 632 526 388 541 181 377 621 324  22
 563 272 459 560 392 516 142  11 210 147 277 505 204 458 219  74 351 416
  97 407 391 162 528 448 319  54 601  89 194 240 299 545 428 149 328 405
  49  36 605 137 436  50 344  64 133 225 475  70 282 316 468 440  13 105
 146 495 360 524 587 437 354 366 466 125 298 126 242 352   5 611 640 641
  69  95 358 507 176  47 618 417 110 321 144 645 412 369 542 472 220 227
 164 252 118 595 511 442 484 114 403 512 179 374 628 347 575 624 124 422
 338 380  60 190 170 101 129 636 150 115  15 370  61 522  30 293   7  29
 642 490 492 317 655 188  14 214 109 180 648 419  67  21  18 284 216  99
 627 337 244 263 432  57 191 647 551  53 393 177  76 113 604 483 652 513
  45 622 145 260 346 646 536 539 246 152  33 102 477 554 332 433 570 178
   0 308 261 361 515   9 310 386 634   6 259 123 553 486 589 583  39 639
 569 520 117   2 307 500 234 275 493 559  40 576 588 580 363 451  19 517
 173 196 396 537  75  79 438 135 281 600 452 221 561 231 525 373 218 401
 325  82 598 650 103 421 288 116 296 342 423 566 584 521 285 139  24 262
 128 286 456  12 290 151 318  25 161 265 557 444  88 540 609 527 230 420
 384  35 498   1 130  37 508 303 294 120 478 382 637 562 107  84 159 457
 209 100 408  26 167 385 335 635  96 226 278 312 331 271 148 577   4 426
  63 606 434 111 506 626 415  43 509]
Final time: 6.91624093056s - Best: 14558170-[375 380 383 381 360 354 343 336 353 344 338 332 329 315 314 313 328 339
 333 351 357 378 396 385 395 402 394 384 379 376 374 368 366 359 363 352
 362 367 382 411 417 429 434 433 412 407 403 406 413 425 419 424 431 423
 414 405 401 386 377 369 365 373 358 327 318 312 305 304 311 310 300 276
 270 284 259 255 250 242 226 224 228 243 223 192 188 176 146 134 108  94
  89  83  76  82  96 100 107 111 106 112 121 105 104  90  70  58  46  42
  38  37  34 469  31  30  27  26  25 440  23  22  20  16  17  13  18  19
 444 445 447 446 443 441 442 463 462 466 468 464 458 453 449 448 450 452
 451 454 461 465 467 460 459 455 473 456 457 475 476 479 472 482 491 494
 497 496 490 486 485 480 481 478 477 474 520 519 521 527 526 525 522 524
 530 533 523 529 531 532 535 534 536 537 538 539 540 541 542 512 513 516
 517 518 515 514 484 487 488 489 492 495 500 501 503 507 133 136 126 504
 502 499 493 498 505 124 127 109  95  88  87  67  56  62  51  47  61  66
  71  80 122 143 151 167 153 150 158 166 179 184 177 154 149 147 161 170
 171 169 148 139 120  99  92  86  55  48  52  57  59  69  65  72  85 103
 113 119 118 114 102  91  97  98  93 101 116 128 130 137 142 129 131 138
 163 156 164 162 155 168 172 178 185 186 180 181 187 191 195 197 198 199
 209 217 240 264 263 271 261 253 234 218 206 220 230 239 238 235 231 237
 269 289 290 298 307 317 322 335 341 345 361 347 390 416 409 420 437 439
 421 415 404 400 389 397 388 370 364 348 342 325 321 309 308 303 299 293
 288 275 287 292 294 260 268 252 219 207 208 214 227 251 247 241 232 254
 248 236 225 204 157 165 140 132 115  84  74  77  73  68  63  64  60  53
   7   9   8  10  11  12  14  15  21  24  32  33  35  36  39  41  45  44
  49  54  50  40  29  43  75  81 110 123 144 145 506 125 135 152 160 174
 193 203 205 212 216 222 245 213 580 229 246 257 279 592 280 266 258 273
 265 278 281 301 295 302 296 297 306 356 337 607 610 606 605 608 602 611
 612 619 613 615 616 617 618 620 622 408 426 427 624 625 623 621 614 609
 604 603 599 593 590 587 588 594 597 596 591 595 601 600 598 589 586 581
 582 578 574 202 201 200 194 183 173 511 567 570 566 557 555 554 553 548
 547 544 545 546 552 628 629 630 631 632 633 634 635 639 638 637 636 640
 641 642 643 644 646 645 647 648 649 650 651 652 653 654 655 626 572 575
 579 585 584 583 576 577 573 571 569 568 562 561 564 560 565 563 558 550
 549 543 551 556 559 528 509 508 510 159 182 189 211 244 233 249 277 291
 272 274 283 286 256 267 282 285 316 319 330 331 355 393 418 428 392 410
 432 435 430 436 422 398 391 438 399 371 372 346 340 323 324 334 349 387
 350 326 320 221 215 262 210 196 190 141 117  79  78   6   5   4   3   2
   1  28 470 471 483 175 656 627   0]
Value - initial: 278282530, final: 14558170, improveup: 19.1152136567

data-line;i;278282530;f;14558170;t;6.91624093056;c;-2;fv;[14558170L];cv;-1;imp;19.1152136567;type;rvnd;inum;5;w;1

time;6.91624093056;man_time;0;neigh_time;0
man_time;0;man_merge_sol;0;man_best_sol;0;man_combine_sol;0

Waiting [0]
Terminating workers True 0 0
MPI TERMINATING
