pydf_home: /home/rodolfo/git/Sucuri
simple_pycuda_home: /home/rodolfo/git/simple-pycuda
wamca2016path: /home/rodolfo/git/wamca2016/
localpath: /home/rodolfo/git/dvnd-df/code/dvnd-df/src/
WAMCAPATH:/home/rodolfo/git/wamca2016/
param: {solution_index:4, solution_instance_index:67, multi_gpu:True, goal:False, problem_name:ml, number_of_moves:10, device_count:2, solver:rvnd, mpi_enabled:True, workers:1}
Using already created file:  wamca2016lib.so
Size: 501 - file name: 05_TRP-S500-R1.tsp

Value - initial: 31914947-[194 237 317 106 199 196 366 484 315 405  17  44 450 235 342 343  59 492
 443 188  39 368 377  50 333 159 432 145  42  38 114  87 498 362 430 353
 462  94 321  16 178  51  33 365 401   9  52 215  69 425 357  73 280  46
 363 374 445 391 121 161 140  21 149 426 480 287  77 172 347 332 388 471
  82 123 493 476  84 277 308 208  36   1 437 255 474  23 101 177 240 320
 271  53 168   7  14 181 242 397 104 100 298  35 457 500 232 249  88 198
 314 398 440 247 330 393  13  60   0 288 137 118 107 382 338  79  66 133
 284 125 423 485 272 304 204 497 414  56  31 165  11 283 348 370 264  64
 250 251 460 185 265  30 334 458  67 323 239 216 328  40 384 441 442  49
 494 483 157 482 142 479 229 257  27 310  47 396 339 296 278 410 154 233
 312 306  81 326 294 195 468 134 416 490  72   4 436 211 173 465 222 275
  61 399  58 152 131 200  71 407 438 331   6 268 205 167 146 409 408 252
 228 372 369 297 475 495 395 164 470 313 103 267 225 324 218 452  24 126
 289 435  37   2 335 170 120 364  10  54 473  41  29 190 201 469 179 341
  20 221  62  78 463 223 166 427  18 111 358 269 486 453  65  80 132 356
 489 361  45 424 291 467 279   5 169 290 248 210 212 413 499 389  91  92
 301 119 411 143 491 394 245 373 433 375 431  48 238 456 274 122  28 354
 367  34  85 303  15 105 234 421 116 187 420 319 386 183 162 459 129 429
 261  93 496 345 360  83 147  26 136 359 383 447 214  19 163 351 158 270
 387 224 346 404 376 202 246 355 254 403  70 380 451 466  25  90 186 174
 381 197 434 325 309 113  89 138  22   8  75 175  96 230 461 209 256 292
 406  86 282 379 160 148 318  12 193 180 464 293 285  55 329 311  76 481
 402 206 305 191 344 227 102 135 260 350 316 258 390 241 144 428 444 412
 419 153  32 253 488 337 336 219 349 130 259 295 307  43 263 276  68 220
 244 478 156 203 448  99 184 422 322 124  97 266 171 155 299 231 454 273
 151 439 302 400 449 189 281 446 192  74 115 110 418 150 300 327 392  63
  57 472 378 262 176 371 477   3 243 182 109 139 340  95 108 415 385 128
 207 141  98 213 455 127 226 112 236 217 417 117 352 487 286] - 31914947
Solver: RVND, number of workers: 1
Setting feeder affinity
I am the master. There are 1 mpi processes. (hostname = gpu01)
Roots [<pyDF.nodes.Feeder object at 0x7f626e8a3ad0>]
Starting 0
Main loop
I am worker 0
GPU0
set random seed!
Initial: 31914947-[194 237 317 106 199 196 366 484 315 405  17  44 450 235 342 343  59 492
 443 188  39 368 377  50 333 159 432 145  42  38 114  87 498 362 430 353
 462  94 321  16 178  51  33 365 401   9  52 215  69 425 357  73 280  46
 363 374 445 391 121 161 140  21 149 426 480 287  77 172 347 332 388 471
  82 123 493 476  84 277 308 208  36   1 437 255 474  23 101 177 240 320
 271  53 168   7  14 181 242 397 104 100 298  35 457 500 232 249  88 198
 314 398 440 247 330 393  13  60   0 288 137 118 107 382 338  79  66 133
 284 125 423 485 272 304 204 497 414  56  31 165  11 283 348 370 264  64
 250 251 460 185 265  30 334 458  67 323 239 216 328  40 384 441 442  49
 494 483 157 482 142 479 229 257  27 310  47 396 339 296 278 410 154 233
 312 306  81 326 294 195 468 134 416 490  72   4 436 211 173 465 222 275
  61 399  58 152 131 200  71 407 438 331   6 268 205 167 146 409 408 252
 228 372 369 297 475 495 395 164 470 313 103 267 225 324 218 452  24 126
 289 435  37   2 335 170 120 364  10  54 473  41  29 190 201 469 179 341
  20 221  62  78 463 223 166 427  18 111 358 269 486 453  65  80 132 356
 489 361  45 424 291 467 279   5 169 290 248 210 212 413 499 389  91  92
 301 119 411 143 491 394 245 373 433 375 431  48 238 456 274 122  28 354
 367  34  85 303  15 105 234 421 116 187 420 319 386 183 162 459 129 429
 261  93 496 345 360  83 147  26 136 359 383 447 214  19 163 351 158 270
 387 224 346 404 376 202 246 355 254 403  70 380 451 466  25  90 186 174
 381 197 434 325 309 113  89 138  22   8  75 175  96 230 461 209 256 292
 406  86 282 379 160 148 318  12 193 180 464 293 285  55 329 311  76 481
 402 206 305 191 344 227 102 135 260 350 316 258 390 241 144 428 444 412
 419 153  32 253 488 337 336 219 349 130 259 295 307  43 263 276  68 220
 244 478 156 203 448  99 184 422 322 124  97 266 171 155 299 231 454 273
 151 439 302 400 449 189 281 446 192  74 115 110 418 150 300 327 392  63
  57 472 378 262 176 371 477   3 243 182 109 139 340  95 108 415 385 128
 207 141  98 213 455 127 226 112 236 217 417 117 352 487 286]
Final time: 8.33980798721s - Best: 1991235-[194  13 379  35 368  10 378 240 103 132 359 408 427  74   1  17 114 300
 384 144  40 252 357 206  58 406 343 433 100  77 396 180  47  29 389 209
 499  60 347 450 369 377 488   2 168 311 324 162  66 418  64 143 259 125
 398 214 483 331 105  31 110  85 220 264 490 101  27 491 441 244  37 289
 188 267 476  34 371 456 465  24 401 314  11 283 462 442 399 424 315 173
 323 374 498 397 429 493 461 241 495 360 310   8 149 224 390  61 296 280
 317 478 137 263 297 328 313 104 272 139 376 278 202 299 292 185  55 196
 372 140 453 251 349 387 279 344 116 179 373  44 330 301 380 216 208 109
 204 226 239 129 439 160 403 411 447 215 152 102 460 479 451 233 211  94
 332 386 336 268 395 262 298 245 274 370 388  68 308  72 212 302 293 306
 304  14 484 161  75 333 227 250 126 205 426 312 391  79 412 473 187  90
 207 365 487  25 475 254 367  57 191 407 269 432 291 165 435 455 392 147
 405 108 151 334 428 355 145 363 186 417  73 243  19 348 303 235 452  18
   0 150  53 107 153 400  23 342 249 231 375 256 127 482 474 446 130 234
 242 500 352 326 210 277 124 497 318 409 176  67 325 496 421 221 345 416
 358  82 181 431 419 382 436  38 146 232  71 364 174 195 394  76 346 468
 230 154 287 353 106 135 258 321 121 113  48 169  59 339 356   5 236 142
 112  88 193 246  39 111 445   7  83 486  41 469  32 217  84  80 463 276
 282 171 444  91 123  86 413  21  43 285 309 163  42  70 275  12  89 466
 155 307  93  99 290 203 281  69 265 238 381 457  16 438   6 248  52 237
  97 354 141 485 448  95 190 255 288 467 157 201 430 494 218 120 322 477
 148  49 366  65 440  15  96 138 385 175 410 128  54  20 294 402 253 156
 329 284 223   4 459 119  36 434 273 393 167 117 481 305 351  33 319 383
  28 182  45  92 170  50  26 189 425 197 159 228 471 115 316 247 131 295
 338 415 350 458 449 134 443 340 122  51 199 472 225   9 454  46 257  98
 166 222 271  63 229 489 320 327 184  56 361 437 422 266 420  62 362  81
  87 480 183 219 118 261  22 341 414 337 286 213 172 335 200 470 136   3
 178  30 177 404 260 133 492  78 270 192 164 198 464 158 423]
Value - initial: 31914947, final: 1991235, improveup: 16.0277149608

data-line;i;31914947;f;1991235;t;8.33980798721;c;-2;fv;[1991235L];cv;-1;imp;16.0277149608;type;rvnd;inum;4;w;1

time;8.33980798721;man_time;0;neigh_time;0
man_time;0;man_merge_sol;0;man_best_sol;0;man_combine_sol;0

Waiting [0]
Terminating workers True 0 0
MPI TERMINATING
