pydf_home: /home/rodolfo/git/Sucuri
simple_pycuda_home: /home/rodolfo/git/simple-pycuda
wamca2016path: /home/rodolfo/git/wamca2016/
localpath: /home/rodolfo/git/dvnd-df/code/dvnd-df/src/
WAMCAPATH:/home/rodolfo/git/wamca2016/
param: {solution_index:4, solution_instance_index:0, multi_gpu:True, goal:False, problem_name:ml, number_of_moves:10, device_count:2, solver:rvnd, mpi_enabled:True, workers:1}
Using already created file:  wamca2016lib.so
Size: 501 - file name: 05_TRP-S500-R1.tsp

Value - initial: 30994238-[120  78 478 227 462 233 249 481 159  30 295  38 145 185 345 437 364 488
   1 176 467 338  33  58  36 155 455 393 112  50 284  60 500 207  70 436
 446 389 411 292 377 439  62 322  63  39 293 288 140 457 177 378 350 300
 460 414 376  34  27 276 169 261  76 476  28 308 454 438  52 485 343 287
 247 386 351  79 241  85 289 183 297 495 257  20 205  88  71 146 111   4
  54 117 298 318 444  44 337 421 382 246  84  64 143 477 410  53 332 491
 442 394 328 226 400 498 429 104  86  69 200 449 219 209 119 432 236 102
 218 440 314 360 277  97 156 158 296 166 333 463 409  96 179 129  16 182
 268 434  56 321  32  93  73 195 451 121 235 230 258 320 348 254 216 305
 270 228 479  67 448 204 452 471 319 412 366  68 147 426 137 167  75 132
 234 456 196 301 334  26 398 116 214 459 291 165 206 181 425  57 306 480
  55 248 153 443 466 272 229 469  83 424 310  98 336 275  81 468 197  45
 404   3 344 325  92 133 131 427 375 420 368 172 123  74  82 372 403  29
 473 346  25  99 144 494 203 445 339 194 265  94 253 212 264 154 149 349
 142 267 435  21 307 370 423 317 114 126 312 278 367 125 369   0 354 152
  95 430 388 113 245  47  37   9 294 387 162 191 124 428 240 374 458 109
  80 231 482 105 483  43 330  24  17 380 418 303 331 302 486 157 244 110
  42  12 279 489 329 407  23 487 431 381 151 422 359 136   2 453 358 173
  18  13 180 313 315  89 413 461  19 492 222 184  66 401 347 192 342 396
 134 127 263 362 211  91 208 309  48 128 399 397 283 225 416 353 224 170
 402  35 493 285 237 101 496 464 198 419 148 232 383 171   6 255 371  59
 324 188 335 100  61 178 286  14   8 141 365 311   7 356 202 193 384   5
 363 465 406 220 373 210 470 475 273 256 199 260 161 130 217 107 251 304
 355 290 326 174  10 163 238 299 138 187 391 474 357 150  22 405 415 472
 242 327 223 395  31 215  46 441 239 164 221 323 484  15 103 280 408  77
  72  40 361 175 341 417 115 490 108  51  65  87 190 189 186 499 250 139
  90 392 135 433 269 262 266  49 340 497 106  41 316 282 243 390  11 160
 168 379 274 213 122 281 271 252 259 118 352 201 385 450 447] - 30994238
Solver: RVND, number of workers: 1
Setting feeder affinity
I am the master. There are 1 mpi processes. (hostname = gpu01)
Roots [<pyDF.nodes.Feeder object at 0x7ffa15fdaad0>]
Starting 0
Main loop
I am worker 0
GPU0
set random seed!
Initial: 30994238-[120  78 478 227 462 233 249 481 159  30 295  38 145 185 345 437 364 488
   1 176 467 338  33  58  36 155 455 393 112  50 284  60 500 207  70 436
 446 389 411 292 377 439  62 322  63  39 293 288 140 457 177 378 350 300
 460 414 376  34  27 276 169 261  76 476  28 308 454 438  52 485 343 287
 247 386 351  79 241  85 289 183 297 495 257  20 205  88  71 146 111   4
  54 117 298 318 444  44 337 421 382 246  84  64 143 477 410  53 332 491
 442 394 328 226 400 498 429 104  86  69 200 449 219 209 119 432 236 102
 218 440 314 360 277  97 156 158 296 166 333 463 409  96 179 129  16 182
 268 434  56 321  32  93  73 195 451 121 235 230 258 320 348 254 216 305
 270 228 479  67 448 204 452 471 319 412 366  68 147 426 137 167  75 132
 234 456 196 301 334  26 398 116 214 459 291 165 206 181 425  57 306 480
  55 248 153 443 466 272 229 469  83 424 310  98 336 275  81 468 197  45
 404   3 344 325  92 133 131 427 375 420 368 172 123  74  82 372 403  29
 473 346  25  99 144 494 203 445 339 194 265  94 253 212 264 154 149 349
 142 267 435  21 307 370 423 317 114 126 312 278 367 125 369   0 354 152
  95 430 388 113 245  47  37   9 294 387 162 191 124 428 240 374 458 109
  80 231 482 105 483  43 330  24  17 380 418 303 331 302 486 157 244 110
  42  12 279 489 329 407  23 487 431 381 151 422 359 136   2 453 358 173
  18  13 180 313 315  89 413 461  19 492 222 184  66 401 347 192 342 396
 134 127 263 362 211  91 208 309  48 128 399 397 283 225 416 353 224 170
 402  35 493 285 237 101 496 464 198 419 148 232 383 171   6 255 371  59
 324 188 335 100  61 178 286  14   8 141 365 311   7 356 202 193 384   5
 363 465 406 220 373 210 470 475 273 256 199 260 161 130 217 107 251 304
 355 290 326 174  10 163 238 299 138 187 391 474 357 150  22 405 415 472
 242 327 223 395  31 215  46 441 239 164 221 323 484  15 103 280 408  77
  72  40 361 175 341 417 115 490 108  51  65  87 190 189 186 499 250 139
  90 392 135 433 269 262 266  49 340 497 106  41 316 282 243 390  11 160
 168 379 274 213 122 281 271 252 259 118 352 201 385 450 447]
Final time: 4.9284760952s - Best: 1988980-[120 218 494 430 288 255 190  95 448 485 141 354 207 365 487  25 475  90
 187 473 412 391 484 161  75 333 274 370  68 308  72 268 336 386 332  94
 102 460 479 211 233 243  19 348 303 235 452  18   0 270 317 280 296 489
 229  63 271  53 107 153 400  23 342 249 231 375 256 127 482 474 446 244
 441 225 159 228 471 316 115 425 189  26  50 170 168   2 488 377 369 450
 311 347  60 324 162  66 418  64 143 259 125 214 483 398 110  85 220 264
 490 101  27 491  37 130 289 188 267 476  34 371 456 234 242 500 194  13
 379  35 368  10 378 240 103 132 359 408 427  74 183  47  29 389 209  77
 396 100 433 343 406  58 206 357 252  40 144   1  17 114 384 300 480 176
 409 318 497 124 277 352 326 210  87  81 362  62 420 221 345 416 358  82
 181 431 382 419  88 193 112 142 236 356   5 246  39 111   7 445 339  59
  83 486  41 469  32 217  84  80 463  48 113 169 121 198 158 464  71 364
 232 174 146  38 436 195 394  76 346 468 422 437 423 399 173 315 424 442
 465  24 462 283  11 314 401   9 454 145 355 428 334 151 363 186 257  46
  98 166  78 417  73 301 330  44 373 179 116 344 137 263 297 328 372 196
 292 299 202 278 376 139 104 313 272 192  61 390 224 149   8 310 360 106
 258 321 135 164 276 282 171 444  91 123  86 413  21  43 285 185  55 309
 163  42 453 140 251 349 279 387  70 275 307 155  93  99 290 203 281  69
 265 381 238 466  12  89 226 457 239 129 439 160 403  16 411 447 215 204
 109 208 380 216 451 395 262 298 245 388 212 302   6 248  52 293 306 304
  14 312 227 250 126 205 426 392 455 147 405 108 260 443 340 472 199 122
 134 449 458 350 415 338 131 295 284 329  54 128  20 294 402 253 156 407
 191 269 432 291 165 435 367 254  57 404 157 467 201 177  49 322 477 148
 366  65 440  15  96 138 385 175 410  30 223   4 178 459 119  36 434 273
   3 393 167 117 481 305 351  28 182  45 383 319  33 136 470  22 200 335
 172 213 286 337 341 414 219 118 261 499 180  67 325 496 421 266 230 154
 287 353 184 361  56 495 241 461 493 429 397 498 374 323 327 320 478 150
 222 492 133  51 197  31 105 331  92 247  79  97 237 152 438]
Value - initial: 30994238, final: 1988980, improveup: 15.5829812266

data-line;i;30994238;f;1988980;t;4.9284760952;c;-2;fv;[1988980L];cv;-1;imp;15.5829812266;type;rvnd;inum;4;w;1

time;4.9284760952;man_time;0;neigh_time;0
man_time;0;man_merge_sol;0;man_best_sol;0;man_combine_sol;0

Waiting [0]
Terminating workers True 0 0
MPI TERMINATING
