pydf_home: /home/rodolfo/git/Sucuri
simple_pycuda_home: /home/rodolfo/git/simple-pycuda
wamca2016path: /home/rodolfo/git/wamca2016/
localpath: /home/rodolfo/git/dvnd-df/code/dvnd-df/src/
WAMCAPATH:/home/rodolfo/git/wamca2016/
param: {solution_index:6, solution_instance_index:66, multi_gpu:True, goal:False, problem_name:ml, number_of_moves:10, device_count:2, solver:rvnd, mpi_enabled:True, workers:1}
Using already created file:  wamca2016lib.so
Size: 783 - file name: 07_rat784.tsp

Value - initial: 69461929-[689  53 654 556 448 745 620 126 403 764 540 526 111 118  90 531  45 652
 780 449 719  29 684 743 693  85 535 128 586 677 315 483  81 237 136 328
 604  74 180  41 674 398 548 390 458 423 276 578 574 305 189 599 566 397
 431 466 469  97 514 343 255 712 741 326  13 627 178 210 515  48 580 606
 524 495 534 344 179 201 726  33 529 754 593 480 460 227 686  83 123 183
 112 485 319 212 335 614 664 777 536 471 575 478 716 388  55 301 109  51
 579 721 650 214 158 625 205 644  57 594 646  67 353 527 152 117 154  63
 734 413 484 672 692 641 395   4 576 479 506 208 563 552  34 702 280 503
 272 316 226 415 490 252 592  44 735 773  24 699 186 122 302 141 705 727
 611 314 439 481  42 572 300 317 704   9 624 105 493 532 351 751 190 545
 629 384 396 769 653 435 675  26  11 121 453   3 174 557 632 595 376 312
 101 759 737 499 565 216  56 551 225 292 690 687 193 502 553  65 730 119
 505 615 659 261 406 320 394 648 533 519 195 332 763 736 636 596 337 385
 247 144 742 323 602 558  79 618 417 145 487 676 108 199 207 446  82 559
   1  71  66 635 231 155 584 303 510  21 427 347 713 753 443 120 221 192
 472 670  50 234 140 198 496 263 623 184 254 245 760 601 695 202 433 290
 707 715 718 640 133 306 549 241 486 749 642 441 444 243 432 457 562 244
 170 389   8 488 346 391  99 776 555 182 474 662 748 166  70 372 408 386
 761 752 309 232  31 583 497 437 438 412 475 430  75 456 296 683 187 115
 418 399  89 463 543 717 289  39 649 569 656 185 528 277 732  28 464 336
 591 229 451 598 465  27 511 405 167  61 139 251 293  88 587  69 660 647
  46 371 589 203 359 567 525 668  73 462 129 220 311 409 573 286 401  77
 492 609 778 176 134 631 714 230 322 494  49 781 342 334 366 159 172  72
  10 188 110 361 222 171 297 327 402 281 288 299 709 113 422 517 434 723
 269 238 452 617 104 273 520 197 750  43 352 425 148 196 696  94 459 436
 240 581 340 260 568  20 666 217 142 146 523 416 173 744 127  30 357 143
 107  23 400 537 380 621 454 477 191 612 242 147 307 421 258 779 381   6
 701 700 538 106 758 318 271 153 223 215 770   0 250  12 264 116 249 349
 607 688 364 348 661 590 355  18 560 350  25 194 175 426   2 370 367 100
 424  22 379 756 724 233 164 703 597 722 321 330 157 333 610 103 600 571
 762 489 630   7 329 639 130 374  80 150 278 651 304 663 680 362 541 414
 445 507 775 512 392 476 467 585 259 169 284  92 637 678 513  17 691 645
 747 369 248 161 378 725  78 738 708 667 209 720 275 455 200 102 765 746
 504 706  87 283 268  95 211 358 681 468  15 774 135 218 628 363 757  96
 498 710 429 539 711 739 204 622 771 407 440 339  14 338 740 165 728 768
 387  58 125 521  32 577 500 163 772 729 766  38 411 156 461 298 114 516
 236 382  84 285 450  59  16 239  36 295 673 265 657 206 375 291 420 685
 404  37 447 522 262 354 733 331 679 410 570 671 368 428 530 491 235 393
  62 137 697 213 151 162 177 267 219  76 694 365 669 544 634 638  60  19
 482 294 613 470 246 373  52 256  54 383 782 731 419 132 253 341 266 755
 131 564 324 508 605 582 698 546 588 633 345  47 665  35  93 767 287 325
 655 542 509 270 473  64 626 274 308 149 224 518  98 181 608 547  86 168
 138 160 279  40 124  91 257 619 356 643 658 377 310 561  68 682 501 442
 282 550 313 360 603 228   5 616 554] - 69461929
Solver: RVND, number of workers: 1
Setting feeder affinity
I am the master. There are 1 mpi processes. (hostname = gpu01)
Roots [<pyDF.nodes.Feeder object at 0x7f09cd1eead0>]
Starting 0
Main loop
I am worker 0
GPU0
set random seed!
Initial: 69461929-[689  53 654 556 448 745 620 126 403 764 540 526 111 118  90 531  45 652
 780 449 719  29 684 743 693  85 535 128 586 677 315 483  81 237 136 328
 604  74 180  41 674 398 548 390 458 423 276 578 574 305 189 599 566 397
 431 466 469  97 514 343 255 712 741 326  13 627 178 210 515  48 580 606
 524 495 534 344 179 201 726  33 529 754 593 480 460 227 686  83 123 183
 112 485 319 212 335 614 664 777 536 471 575 478 716 388  55 301 109  51
 579 721 650 214 158 625 205 644  57 594 646  67 353 527 152 117 154  63
 734 413 484 672 692 641 395   4 576 479 506 208 563 552  34 702 280 503
 272 316 226 415 490 252 592  44 735 773  24 699 186 122 302 141 705 727
 611 314 439 481  42 572 300 317 704   9 624 105 493 532 351 751 190 545
 629 384 396 769 653 435 675  26  11 121 453   3 174 557 632 595 376 312
 101 759 737 499 565 216  56 551 225 292 690 687 193 502 553  65 730 119
 505 615 659 261 406 320 394 648 533 519 195 332 763 736 636 596 337 385
 247 144 742 323 602 558  79 618 417 145 487 676 108 199 207 446  82 559
   1  71  66 635 231 155 584 303 510  21 427 347 713 753 443 120 221 192
 472 670  50 234 140 198 496 263 623 184 254 245 760 601 695 202 433 290
 707 715 718 640 133 306 549 241 486 749 642 441 444 243 432 457 562 244
 170 389   8 488 346 391  99 776 555 182 474 662 748 166  70 372 408 386
 761 752 309 232  31 583 497 437 438 412 475 430  75 456 296 683 187 115
 418 399  89 463 543 717 289  39 649 569 656 185 528 277 732  28 464 336
 591 229 451 598 465  27 511 405 167  61 139 251 293  88 587  69 660 647
  46 371 589 203 359 567 525 668  73 462 129 220 311 409 573 286 401  77
 492 609 778 176 134 631 714 230 322 494  49 781 342 334 366 159 172  72
  10 188 110 361 222 171 297 327 402 281 288 299 709 113 422 517 434 723
 269 238 452 617 104 273 520 197 750  43 352 425 148 196 696  94 459 436
 240 581 340 260 568  20 666 217 142 146 523 416 173 744 127  30 357 143
 107  23 400 537 380 621 454 477 191 612 242 147 307 421 258 779 381   6
 701 700 538 106 758 318 271 153 223 215 770   0 250  12 264 116 249 349
 607 688 364 348 661 590 355  18 560 350  25 194 175 426   2 370 367 100
 424  22 379 756 724 233 164 703 597 722 321 330 157 333 610 103 600 571
 762 489 630   7 329 639 130 374  80 150 278 651 304 663 680 362 541 414
 445 507 775 512 392 476 467 585 259 169 284  92 637 678 513  17 691 645
 747 369 248 161 378 725  78 738 708 667 209 720 275 455 200 102 765 746
 504 706  87 283 268  95 211 358 681 468  15 774 135 218 628 363 757  96
 498 710 429 539 711 739 204 622 771 407 440 339  14 338 740 165 728 768
 387  58 125 521  32 577 500 163 772 729 766  38 411 156 461 298 114 516
 236 382  84 285 450  59  16 239  36 295 673 265 657 206 375 291 420 685
 404  37 447 522 262 354 733 331 679 410 570 671 368 428 530 491 235 393
  62 137 697 213 151 162 177 267 219  76 694 365 669 544 634 638  60  19
 482 294 613 470 246 373  52 256  54 383 782 731 419 132 253 341 266 755
 131 564 324 508 605 582 698 546 588 633 345  47 665  35  93 767 287 325
 655 542 509 270 473  64 626 274 308 149 224 518  98 181 608 547  86 168
 138 160 279  40 124  91 257 619 356 643 658 377 310 561  68 682 501 442
 282 550 313 360 603 228   5 616 554]
Final time: 17.497977972s - Best: 3378828-[689 684 679 674 659 643 640 618 612 598 587 577 565 562 563 555 540 535
 534 520 504 506 500 499 490 482 476 472 459 448 455 456 466 468 469 463
 475 493 495 496 486 473 479 488 492 513 523 521 526 542 557 564 569 576
 600 599 583 590 586 602 608 621 635 629 645 652 653 661 672 663 666 667
 673 675 693 702 695 714 716 713 711 710 686 681 676 657 655 662 646 636
 628 631 641 617 609 588 570 571 558 536 527 524 543 531 544 548 545 549
 537 522 515 503 489 478 480 470 450 441 427 420 398 412 405 403 393 366
 356 354 340 328 313 284 279 264 263 246 237 217 198 192 170 176 180 193
 169 167 173 165 144 147 141 121 118 112 103  90  72  59  54  43  68  77
  89  92 102  91  71  53  41  50  25  26  20  15  31  13  21  34  30  19
  35  29  18   4   2   9  28  38  47  63  70  58  60  49  61  81  85  67
  84  98 107 104 101  76  73  88  94  97  75  82  93 110 106  99  79  69
  66  40  45  64  46  52  57  32   8  11  17   6   1  22  16   0  14  24
  36  44  56  51  48  55  87  96 109 116 122 138 146 154 159 171 179 185
 215 214 234 241 235 238 245 254 276 275 272 277 293 301 288 304 312 342
 355 358 351 362 383 394 422 428 435 444 451 452 457 465 483 481 471 498
 510 525 532 547 559 575 567 550 529 533 553 561 578 585 593 579 595 623
 637 639 664 671 682 696 703 724 733 737 746 760 771 764 759 744 735 734
 717 704 708 687 677 658 651 647 625 610 596 597 589 568 560 538 539 546
 530 507 511 516 505 484 485 491 462 454 437 442 424 406 400 389 386 381
 396 388 391 404 421 432 425 429 423 419 407 408 409 418 416 417 410 390
 374 379 385 380 382 372 363 339 347 350 353 359 371 369 376 349 346 344
 332 320 306 299 289 280 268 252 250 261 274 256 236 225 220 212 200 209
 208 210 211 218 224 232 231 216 205 189 199 197 178 175 160 151 142 136
 132 115 111 127 139 162 168 156 181 172 164 163 137 117 125 120 123 149
 143 128 129 140 131 130 157 177 188 190 202 191 206 213 222 244 251 260
 278 283 297 308 295 296 303 330 341 333 323 319 348 360 361 377 378 368
 373 395 397 411 426 446 453 467 477 497 501 508 519 552 572 580 603 592
 605 615 591 581 594 607 582 584 601 619 622 624 634 642 669 701 707 715
 722 729 730 745 740 741 723 727 743 752 766 770 774 782 781 750 751 755
 763 780 779 769 762 761 748 749 726 700 699 709 720 725 739 747 765 773
 772 754 753 776 778 767 758 756 757 742 738 731 721 732 736 718 719 698
 694 685 665 668 683 706 712 697 691 690 680 656 648 627 620 616 606 556
 551 528 514 512 518 517 494 438 430 434 440 447 433 436 458 445 431 415
 401 399 413 414 402 387 384 367 336 337 309 307 287 282 281 286 300 311
 294 310 317 325 335 329 321 302 291 292 290 305 315 331 324 338 345 352
 364 370 365 357 343 327 316 334 326 318 322 298 285 273 266 255 242 248
 247 226 221 230 229 204 194 195 183 174 152 126 135 150 155 161 186 203
 201 207 223 239 257 267 258 249 243 259 262 270 271 240 219 227 228 196
 187 182 158 153 166  95  86  74  65  33  27  23   3  10  12   5  39  37
  42  83  78 100 105 108 113 133 134 148 233 253 314 443 461 460 439 449
 464 474 487 509 502 554 573 566 614 649 638 630 613 632 650 660 633 611
 626 644 654 670 678 705 768 777 775 688 692 604 574 541 392 375 269 265
 184 145 124 114  80 119  62   7 728]
Value - initial: 69461929, final: 3378828, improveup: 20.5579949616

data-line;i;69461929;f;3378828;t;17.497977972;c;-2;fv;[3378828L];cv;-1;imp;20.5579949616;type;rvnd;inum;6;w;1

time;17.497977972;man_time;0;neigh_time;0
man_time;0;man_merge_sol;0;man_best_sol;0;man_combine_sol;0

Waiting [0]
Terminating workers True 0 0
MPI TERMINATING
