pydf_home: /home/rodolfo/git/Sucuri
simple_pycuda_home: /home/rodolfo/git/simple-pycuda
wamca2016path: /home/rodolfo/git/wamca2016/
localpath: /home/rodolfo/git/dvnd-df/code/dvnd-df/src/
WAMCAPATH:/home/rodolfo/git/wamca2016/
param: {solution_index:2, solution_instance_index:80, multi_gpu:True, goal:False, problem_name:ml, number_of_moves:10, device_count:2, solver:rvnd, mpi_enabled:True, workers:1}
Using already created file:  wamca2016lib.so
Size: 226 - file name: 03_pr226.tsp

Value - initial: 185652615-[222  90  12  51 134 125 181 163   2  26 118  27  87  64 220   5  44 193
 194 203  76 173 123 112  60   4 178  36 187 211  53  96 135 105 225 208
  45  19 101   8  69  65 164  32 195 182 110 199 210 180 106  15 162 149
 141  99 147  54  11  75  48 175 188  84 108 192 184  95 221  68 116 177
 158 126  58 176  10 139 119  17 102 143  21 207 186  39 137  56  22  72
 215 189  89  70 152  94 146 107 206  78  35 115  33  91  18 117 198 104
 109  23 120  62 142 145 150 168 159   7 183 154 179  42  38  40  92 124
  59 100 114 156   9 209   3 190  52 113 166 157  57 174  20 213 132  73
  30 197  24  34  43 138 217  46 169 148 165 191 111  71  28 129  49  98
  16 224  55 171 127  29 172  81 196 155 223 151 153 218 121 201  67 128
  80  66 219  61 160  25  77  86 161   0 212 204  74 200 214 144 133  13
 103 131  85 185  93 202 167 136  88 216  63  79  41  14  31  97 140   6
 130 122 205   1  83 170  82  47  37  50] - 185652615
Solver: RVND, number of workers: 1
Setting feeder affinity
I am the master. There are 1 mpi processes. (hostname = gpu01)
Roots [<pyDF.nodes.Feeder object at 0x7fed1784cad0>]
Starting 0
Main loop
I am worker 0
GPU0
set random seed!
Initial: 185652615-[222  90  12  51 134 125 181 163   2  26 118  27  87  64 220   5  44 193
 194 203  76 173 123 112  60   4 178  36 187 211  53  96 135 105 225 208
  45  19 101   8  69  65 164  32 195 182 110 199 210 180 106  15 162 149
 141  99 147  54  11  75  48 175 188  84 108 192 184  95 221  68 116 177
 158 126  58 176  10 139 119  17 102 143  21 207 186  39 137  56  22  72
 215 189  89  70 152  94 146 107 206  78  35 115  33  91  18 117 198 104
 109  23 120  62 142 145 150 168 159   7 183 154 179  42  38  40  92 124
  59 100 114 156   9 209   3 190  52 113 166 157  57 174  20 213 132  73
  30 197  24  34  43 138 217  46 169 148 165 191 111  71  28 129  49  98
  16 224  55 171 127  29 172  81 196 155 223 151 153 218 121 201  67 128
  80  66 219  61 160  25  77  86 161   0 212 204  74 200 214 144 133  13
 103 131  85 185  93 202 167 136  88 216  63  79  41  14  31  97 140   6
 130 122 205   1  83 170  82  47  37  50]
Final time: 2.51284909248s - Best: 6751277-[222 223 224 225 221 220 219 218 217 216 215 214 213 212 211 210 209 208
 207 206 205 204 203 202 201 200 199 198 197 196 195 194 193 192 191 190
 189 188 187 186 185 184 183 182 181 180 179 178 177 176 175 174 173 172
 171 170 169 168 167 166 165 164 163 162 161 160 159 158 157 156 155 154
 153 152 151 150 145 144 146 148 147 149 142 141 140 139 138 137 136 143
  93  92  91  90  89  87  88  86  94  95  96  97  98  99 100 101 135 134
 133 132 127 126 128 130 129 131 124 123 122 121 120 119 118 125 117 109
 108 116 115 107 106 114 113 105 103 112 111 104 102 110  85  84  83  82
  81  80  79  78  77  76  75  74  73  72   0   1   2   3   4   5   6   7
   8   9  13  14  15  10  11  12  70  67  68  66  16  17  18  64  63  62
  61  60  59  58  57  56  55  54  53  52  51  50  49  21  22  23  24  25
  26  28  29  33  34  30  31  32  47  35  44  43  36  37  38  41  42  46
  45  48  27  20  19  65  69  71  40  39]
Value - initial: 185652615, final: 6751277, improveup: 27.4988887288

data-line;i;185652615;f;6751277;t;2.51284909248;c;-2;fv;[6751277L];cv;-1;imp;27.4988887288;type;rvnd;inum;2;w;1

time;2.51284909248;man_time;0;neigh_time;0
man_time;0;man_merge_sol;0;man_best_sol;0;man_combine_sol;0

Waiting [0]
Terminating workers True 0 0
MPI TERMINATING
