pydf_home: /home/rodolfo/git/Sucuri
simple_pycuda_home: /home/rodolfo/git/simple-pycuda
wamca2016path: /home/rodolfo/git/wamca2016/
localpath: /home/rodolfo/git/dvnd-df/code/dvnd-df/src/
WAMCAPATH:/home/rodolfo/git/wamca2016/
param: {solution_index:4, solution_instance_index:18, multi_gpu:True, goal:False, problem_name:ml, number_of_moves:10, device_count:2, solver:rvnd, mpi_enabled:True, workers:1}
Using already created file:  wamca2016lib.so
Size: 501 - file name: 05_TRP-S500-R1.tsp

Value - initial: 32600223-[280 298 265 496 275 477 241 412  57 262 326 481 446 271 312  34  18 389
 178 229 147 227  45 176 235  64 301 195 253 279 123 422 315 471 370 331
  85  10 430 404 463 249 120 219 434 157 150 448 214 202 367 234 144  32
  11 116  72 291 382 149 473 408 461 278 125  36 450  55 332 138 416  65
 310 469 102 108  90 231 300  74 454 236 270  46 128 193 397   2 189 158
 119 320 115 250 472  21  59 462 247 470 342 215 438  26   7 424 104 309
 386  13 405 175 429  44  19  56 140 233 145 276  95 223 340 398 480 266
 369 166 163 460 361 394 327  92 182 360 348 224 307   5  75  20   6  60
  37 313 323 475 314  33 490 242 206 296 287 243  94 431 188  81   1 107
  83 205 347 151 479 468 156 160 239 294 245 354 376  66 375 373 186 423
  54 264  42 132 380 167  58 232 282 154  93 415  97 209 185 371 452   4
 334 417 114  77 442 433  98 198 277 474 220 377 181 407 453 457 196 228
  35 384 353 141 492  31 322  29 495 244 306 388 133 391 336 216 155 346
 274  52 148  27 402  61 252 374 258 357 344  38 290  28  78 464 293 420
 385 451  71 381 498 130 134 285   3 184 366 333 359 177 449 387 109 321
  30 190  53 257 484  62 419 203 110 101 482 335 403 364 410  68 350 467
 146 329  79 230 441 318 201 368 289 171 499 444 338  91 162 439  47 426
 302  49 379 191 129 263 213 378 135 406 305 118 425 355 485 183 212  88
 465  48 284 459 199 283 261 297 143 466 316 142 251 174 136 396 432 330
  50 173  12 319 117 413 443 168 308 292 200  76 238 343 337 341  73 363
 221  39 286 165 179 288 500  16  40 311 476 113 352 399 172 103  22 351
 317 478  25 299  69 187 152 106 240 365  99 295 169 393 225 217 489 105
  67 427  15 131 281 456 124 349 111 260 436   0 488 161 254  86 207  43
 122 421  41 153 395 218 237 435 303 269 411 328 208 211 197  82 226 324
 137 362 164 112 170  84  63 126 127  87 440 494  89 445   9  51 267 414
  96 455 304 222 487 248 210 246 486  14 372 100 180 159 409 194 401 339
  24 437 493 390 325 483  70 272 139 392 497 256 400 121 447 418  23 345
 356 383 268 255 259 428 491 358 458 273 204 192  17  80   8] - 32600223
Solver: RVND, number of workers: 1
Setting feeder affinity
I am the master. There are 1 mpi processes. (hostname = gpu01)
Roots [<pyDF.nodes.Feeder object at 0x7fadf25b4ad0>]
Starting 0
Main loop
I am worker 0
GPU0
set random seed!
Initial: 32600223-[280 298 265 496 275 477 241 412  57 262 326 481 446 271 312  34  18 389
 178 229 147 227  45 176 235  64 301 195 253 279 123 422 315 471 370 331
  85  10 430 404 463 249 120 219 434 157 150 448 214 202 367 234 144  32
  11 116  72 291 382 149 473 408 461 278 125  36 450  55 332 138 416  65
 310 469 102 108  90 231 300  74 454 236 270  46 128 193 397   2 189 158
 119 320 115 250 472  21  59 462 247 470 342 215 438  26   7 424 104 309
 386  13 405 175 429  44  19  56 140 233 145 276  95 223 340 398 480 266
 369 166 163 460 361 394 327  92 182 360 348 224 307   5  75  20   6  60
  37 313 323 475 314  33 490 242 206 296 287 243  94 431 188  81   1 107
  83 205 347 151 479 468 156 160 239 294 245 354 376  66 375 373 186 423
  54 264  42 132 380 167  58 232 282 154  93 415  97 209 185 371 452   4
 334 417 114  77 442 433  98 198 277 474 220 377 181 407 453 457 196 228
  35 384 353 141 492  31 322  29 495 244 306 388 133 391 336 216 155 346
 274  52 148  27 402  61 252 374 258 357 344  38 290  28  78 464 293 420
 385 451  71 381 498 130 134 285   3 184 366 333 359 177 449 387 109 321
  30 190  53 257 484  62 419 203 110 101 482 335 403 364 410  68 350 467
 146 329  79 230 441 318 201 368 289 171 499 444 338  91 162 439  47 426
 302  49 379 191 129 263 213 378 135 406 305 118 425 355 485 183 212  88
 465  48 284 459 199 283 261 297 143 466 316 142 251 174 136 396 432 330
  50 173  12 319 117 413 443 168 308 292 200  76 238 343 337 341  73 363
 221  39 286 165 179 288 500  16  40 311 476 113 352 399 172 103  22 351
 317 478  25 299  69 187 152 106 240 365  99 295 169 393 225 217 489 105
  67 427  15 131 281 456 124 349 111 260 436   0 488 161 254  86 207  43
 122 421  41 153 395 218 237 435 303 269 411 328 208 211 197  82 226 324
 137 362 164 112 170  84  63 126 127  87 440 494  89 445   9  51 267 414
  96 455 304 222 487 248 210 246 486  14 372 100 180 159 409 194 401 339
  24 437 493 390 325 483  70 272 139 392 497 256 400 121 447 418  23 345
 356 383 268 255 259 428 491 358 458 273 204 192  17  80   8]
Final time: 6.56939601898s - Best: 1981034-[280 296 489 229  63 271 327 323 374 498 397 429 493 461 241 495  56 361
 437 352  35 379  13 194 500 242 234  34 476 267 188 289 371 456 465  24
 401 314  11 283 462 442 399 173 315 424 400 153  23 107  53 150   0  18
 452 235 303 344 116 179  44 301 330 373 279 387 349 251 453 140 372 196
 309 185  55 292 299 202 278 376 139 104 313 272 192  61 390 224 149   8
 310 360 164 135 106 258 321 353 287 198 158 464  71 364 174 146  38 436
 382 419 431 181  82 358 416 345 221 421 496 325  67  81  87 210 326 277
 124 368  10 378 240 103 132 359 408 427  74 183  47  29 389 209 499  60
 347  45 182  28 351 305 481 117 167 393 273 434  36 295 338 415 350 247
 316 115 471 228 159 197 425 189  26  50 168   2 488 377 369 450 311 324
 162  66 418  64 143 259 125 398 214 483 331 105  31 110  85 220 264 490
 101  27 491 441 244  37 130 446 474 482 127 256 375 231 454   9 472 199
 122 340 443 260 428 355 145 334 151 108 405 147 455 392 426 205 126 250
 227 245 298 262 395 268 336 386 332  94 102 460 479 211 233 451 216 380
 208 109 204 226 457 239 129 439 160 403 411 447 215  16 438   6 248  52
 306 293 212 302  72 308  68 388 370 274 333  75 161 312 391 484  14  79
 412 473 187  90 207 365 487  25 475 254 367 435 165 291 432 269 407 191
  57 404 157 201 467 485 141 354  95 255 190 448 288 430 494 218 120 322
 477 148  49 366  65 440  15  96 138 385 175 410 128  54  20 294 402 253
 156 329 284 223   4 178 119 459 131  92 170 383 319  33 136 470 200 335
 172 213 286 337 414 341  22 261 118 219 343 433 100  77 396 180 252 357
 406  58 206  40 144 384 114   1  17 300 480 176 409 318 497 362  62 420
 266  76 394 195 232  88 193 112 142 236 356   5 246  39 111   7 445 339
  59  83 486  41 469 217  84  80  32  48 113 169 121 463 276 282 171 444
  91 123  86 413  21  43 285 163  42  70 275 307 155  93  99 290 203 281
  69 265 381 238 466  12  89  19 243  73 417  78 348 478 137 328 297 263
 317 270 320 184 154 230 468 346 422 423 342 249 222 166  98  46 257 186
 363 492 133 225  51 134 449 458   3  30 177  97 237 304 152]
Value - initial: 32600223, final: 1981034, improveup: 16.4561653157

data-line;i;32600223;f;1981034;t;6.56939601898;c;-2;fv;[1981034L];cv;-1;imp;16.4561653157;type;rvnd;inum;4;w;1

time;6.56939601898;man_time;0;neigh_time;0
man_time;0;man_merge_sol;0;man_best_sol;0;man_combine_sol;0

Waiting [0]
Terminating workers True 0 0
MPI TERMINATING
