pydf_home: /home/rodolfo/git/Sucuri
simple_pycuda_home: /home/rodolfo/git/simple-pycuda
wamca2016path: /home/rodolfo/git/wamca2016/
localpath: /home/rodolfo/git/dvnd-df/code/dvnd-df/src/
WAMCAPATH:/home/rodolfo/git/wamca2016/
param: {solution_index:0, solution_instance_index:22, multi_gpu:True, goal:False, problem_name:ml, number_of_moves:10, device_count:2, solver:rvnd, mpi_enabled:True, workers:1}
Using already created file:  wamca2016lib.so
Size: 52 - file name: 01_berlin52.tsp

Value - initial: 828040-[34  8 16 38 29 10  6 31 48 36 42 13 25 45 49 37 50 47 12 30 46 20  2 33 14
 11 28  0 22 26 35 51 21  7 15 40 23  1 27  5  4  3 41  9 19 18 44 39 17 43
 32 24] - 828040
Solver: RVND, number of workers: 1
Setting feeder affinity
I am the master. There are 1 mpi processes. (hostname = gpu01)
Roots [<pyDF.nodes.Feeder object at 0x7fcf048f1ad0>]
Starting 0
Main loop
I am worker 0
GPU0
set random seed!
Initial: 828040-[34  8 16 38 29 10  6 31 48 36 42 13 25 45 49 37 50 47 12 30 46 20  2 33 14
 11 28  0 22 26 35 51 21  7 15 40 23  1 27  5  4  3 41  9 19 18 44 39 17 43
 32 24]
Final time: 0.94579911232s - Best: 145532-[34 33 43  0 21 31 48 35 38 39 36 37 47 23  4 14  5  3 42  9  8  7 40 18 44
  2 17 30 20 41  6  1 29 22 19 49 28 15 45 11 27 26 25 46 12 13 51 10 50 32
 16 24]
Value - initial: 828040, final: 145532, improveup: 5.68974521068

data-line;i;828040;f;145532;t;0.94579911232;c;-2;fv;[145532L];cv;-1;imp;5.68974521068;type;rvnd;inum;0;w;1

time;0.94579911232;man_time;0;neigh_time;0
man_time;0;man_merge_sol;0;man_best_sol;0;man_combine_sol;0

Waiting [0]
Terminating workers True 0 0
MPI TERMINATING
