pydf_home: /home/rodolfo/git/Sucuri
simple_pycuda_home: /home/rodolfo/git/simple-pycuda
wamca2016path: /home/rodolfo/git/wamca2016/
localpath: /home/rodolfo/git/dvnd-df/code/dvnd-df/src/
WAMCAPATH:/home/rodolfo/git/wamca2016/
param: {solution_index:0, solution_instance_index:17, multi_gpu:True, goal:False, problem_name:ml, number_of_moves:10, device_count:2, solver:rvnd, mpi_enabled:True, workers:1}
Using already created file:  wamca2016lib.so
Size: 52 - file name: 01_berlin52.tsp

Value - initial: 831195-[10 24 36 25  1 26  3 50  2  0  4 47 46 34 12  6 33 35 42 29 11  7 39 41 43
 18 48 20 45 40 27 22 30  8 15 21 13  9 38 14 17  5 37 32 28 16 19 49 44 51
 23 31] - 831195
Solver: RVND, number of workers: 1
Setting feeder affinity
I am the master. There are 1 mpi processes. (hostname = gpu01)
Roots [<pyDF.nodes.Feeder object at 0x7fd959459ad0>]
Starting 0
Main loop
I am worker 0
GPU0
set random seed!
Initial: 831195-[10 24 36 25  1 26  3 50  2  0  4 47 46 34 12  6 33 35 42 29 11  7 39 41 43
 18 48 20 45 40 27 22 30  8 15 21 13  9 38 14 17  5 37 32 28 16 19 49 44 51
 23 31]
Final time: 1.4711689949s - Best: 161900-[10 50 11 24  3  5 14  4 47 23 37 39 38 35 34 33 36 45 43 48 31 21  0 22 19
 49 29  1  6 41 20 30 17 16  2 44 18 40  7  8  9 42 15 25 46 27 26 12 51 13
 28 32]
Value - initial: 831195, final: 161900, improveup: 5.13400247066

data-line;i;831195;f;161900;t;1.4711689949;c;-2;fv;[161900L];cv;-1;imp;5.13400247066;type;rvnd;inum;0;w;1

time;1.4711689949;man_time;0;neigh_time;0
man_time;0;man_merge_sol;0;man_best_sol;0;man_combine_sol;0

Waiting [0]
Terminating workers True 0 0
MPI TERMINATING
