pydf_home: /home/rodolfo/git/Sucuri
simple_pycuda_home: /home/rodolfo/git/simple-pycuda
wamca2016path: /home/rodolfo/git/wamca2016/
localpath: /home/rodolfo/git/dvnd-df/code/dvnd-df/src/
WAMCAPATH:/home/rodolfo/git/wamca2016/
param: {solution_index:3, solution_instance_index:60, multi_gpu:True, goal:False, problem_name:ml, number_of_moves:10, device_count:2, solver:rvnd, mpi_enabled:True, workers:1}
Using already created file:  wamca2016lib.so
Size: 318 - file name: 04_lin318.tsp

Value - initial: 93364637-[220 300 170 110 278 177  53 277 225 185 249 103 143 298 204  89 125 316
  96 235 203  58 186 148 216 158  98 259 304 118 208   0  71 234  43 173
 241 136 182  20 175 210 239  93 275 309 271 314  81 317 113 193  52 132
 160 286 267  33 281 315  11  83  19 302 191 237  28  87 153  23 226  88
 166  85 308 242  35 163 168  36  34 229 295 246 290 307 310  16 137 157
 201 122   9 100 313  22 133  54 213   5 211 165 154 230  59 169 119  32
 301 289 183  82 280  31 232 264 276 179  69 247   4  48 194 202 151 129
 124  63  49 293 287 214 196  39 311 207 109  77  91 199 243 248 228  38
 252 106  26 117 245 306  92  62 273  17 120 155 101 217 253  14 174 218
 303 104  61 284 161 192  55 134  37 102  10 146  24 269 296 285 209  80
 279   6  65 206  42  29 195 292 150 294 262 227 181 162 107 244 159  57
  67  72 282 212 189 200 121 274 255  27 231 215 236 224 238 190 144 141
 197 178   1 263 198 268 305 251 164 128 258  70 250 299 156  41  97 114
  64 265  73 131 260 219 266  66 112   7  68 240 283 171  84  50  99 123
  25  60 291  90 111 257  18 233  13  30 130  86 272 167 152 223  46 127
 221 176 139 172 105 142  40  12 147 180 115  15 261  51  75 149  95 256
 138 145 140 312  45 135   2 297  44   8 126  21 288 254  78 270 116 184
 188   3  94 187  56 205 222  79  47  76 108  74] - 93364637
Solver: RVND, number of workers: 1
Setting feeder affinity
I am the master. There are 1 mpi processes. (hostname = gpu01)
Roots [<pyDF.nodes.Feeder object at 0x7faf7c868ad0>]
Starting 0
Main loop
I am worker 0
GPU0
set random seed!
Initial: 93364637-[220 300 170 110 278 177  53 277 225 185 249 103 143 298 204  89 125 316
  96 235 203  58 186 148 216 158  98 259 304 118 208   0  71 234  43 173
 241 136 182  20 175 210 239  93 275 309 271 314  81 317 113 193  52 132
 160 286 267  33 281 315  11  83  19 302 191 237  28  87 153  23 226  88
 166  85 308 242  35 163 168  36  34 229 295 246 290 307 310  16 137 157
 201 122   9 100 313  22 133  54 213   5 211 165 154 230  59 169 119  32
 301 289 183  82 280  31 232 264 276 179  69 247   4  48 194 202 151 129
 124  63  49 293 287 214 196  39 311 207 109  77  91 199 243 248 228  38
 252 106  26 117 245 306  92  62 273  17 120 155 101 217 253  14 174 218
 303 104  61 284 161 192  55 134  37 102  10 146  24 269 296 285 209  80
 279   6  65 206  42  29 195 292 150 294 262 227 181 162 107 244 159  57
  67  72 282 212 189 200 121 274 255  27 231 215 236 224 238 190 144 141
 197 178   1 263 198 268 305 251 164 128 258  70 250 299 156  41  97 114
  64 265  73 131 260 219 266  66 112   7  68 240 283 171  84  50  99 123
  25  60 291  90 111 257  18 233  13  30 130  86 272 167 152 223  46 127
 221 176 139 172 105 142  40  12 147 180 115  15 261  51  75 149  95 256
 138 145 140 312  45 135   2 297  44   8 126  21 288 254  78 270 116 184
 188   3  94 187  56 205 222  79  47  76 108  74]
Final time: 5.31319999695s - Best: 5893309-[220 219 216 215 211 210 108 109 118 117 224 230 231 238 312 229 228 225
 226 227 234 235 236 233 232 237 239 240 241 242 313 249 258 265 264 259
 257 254 253 256 260 263 266 314 273 281 286 288 293 292 291 287 280 277
 276 169 170 174 173 178 179 185 184 180 177 176 181 183 188 187 186 182
 175 172 171 168 209 160 159 154 152 149 148 151 155 158 161 162 157 156
 150 147 145 146 141 140 130 129 122 121 120 123 128 131 124 127 132 134
 135 136 133 126 125 207 119 115 114 111 110 106 105   3   4   8   7  16
  15  17  24  25  26  23  18  27  22  19  11   2   0   1   5   6   9  10
  14 102  20  21  28  29  30  31  32  35  36  41  40  42  45  51  52  57
  56  53  50  46  43  44  39  48  47  49  54  55  58 104  61  62  69  68
  73  74  80  72  75  79  85  78  76  71  66  67  70  77  81  82  83  84
  90  91  95  96 100 101  92  88  89  97  98  94  93  99 206 205 201 200
 196 195 197 202 203 199 198 204 311 310 306 305 301 300 294 295 289 285
 282 290 284 283 278 279 272 271 267 262 261 255 252 250 251 248 247 317
 269 270 274 275 296 297 303 304 309 308 307 299 298 302 191 192 194 193
 190 189  86  87  65  64  60  59 163 153 144  37  38  34  33  13  12 116
 107 112 113 221 212 217 218 214 213 222 223 243 244 246 245 138 139 142
 143 268 164 165 167 166 208 137 103 315 316  63]
Value - initial: 93364637, final: 5893309, improveup: 15.8424811935

data-line;i;93364637;f;5893309;t;5.31319999695;c;-2;fv;[5893309L];cv;-1;imp;15.8424811935;type;rvnd;inum;3;w;1

time;5.31319999695;man_time;0;neigh_time;0
man_time;0;man_merge_sol;0;man_best_sol;0;man_combine_sol;0

Waiting [0]
Terminating workers True 0 0
MPI TERMINATING
