pydf_home: /home/rodolfo/git/Sucuri
simple_pycuda_home: /home/rodolfo/git/simple-pycuda
wamca2016path: /home/rodolfo/git/wamca2016/
localpath: /home/rodolfo/git/dvnd-df/code/dvnd-df/src/
WAMCAPATH:/home/rodolfo/git/wamca2016/
param: {solution_index:6, solution_instance_index:97, multi_gpu:True, goal:False, problem_name:ml, number_of_moves:10, device_count:2, solver:rvnd, mpi_enabled:True, workers:1}
Using already created file:  wamca2016lib.so
Size: 783 - file name: 07_rat784.tsp

Value - initial: 71325171-[523 294 134 594 779  13 496 622 689 469 142 245 776 209 559 552  51 748
 750 665 515 453 204 548 690 760 728 464 269 386 661 721  57 400  98 606
 679 374 714 305 427 662 385 682 160 778 181 519 621 424 416 599 104 735
 449 210 185  99 568 110 639 602  96 275 697 474  56 769 584 345  83  11
 401 359 408 696  92 192 654 601 773 127  47 498 717 624 540 413 571 295
 558 734 159  36  40 756 109  20 528 318 445 308 752 677 504 195 747 287
 655 266 700  15 423 720 536 324 404 319 174 231 461 182 482 761 610 485
 339 307 462 270 569 478 672 398 323 667 547 332 346 653  59 320 505 705
 652 131 291 678 724  18 560 691 614 315 262 481 467 365 389 597 129 277
 282  89 489 501 495 268 205 580 396 116 312 286 651 441   0 646 431 342
 314 508 685 220 578 669 476  10 297 771 377 592 362 487 157 659 421  41
 443 403 630 317 135 200 513 151 222 534  26 768   2 660 702 378 395 417
 777  82 100 148 261 676 147 532 248 719 711 486 254 125 647 348 733 203
 375 434 502 242 492 454 239 694 731 106 124 529 598 353 450 311 746 208
 744   3 347  58 451 152  71 213 603 304 230 628 736 356 107 201 634 472
 757 666 607 575 272 371 247 316 698  16 595 554 767 494 715 118 293 223
 393 725 380 253 520 382 146  62   7 537 511 334 228  37 137  91 638 726
 545 364 368 596 590 518 475 712 358 141 429 340 645 574 338 187 631  61
 664  55 274 637 648 582 516 263 341  35 111 668   1 397 267  94 328 284
 219 211 556 232 707 567 593 278 381 361 117 237 713 215 699 644 206 426
 226 663 379 414 153 775 409 422 154 627 224 542 723 687 708 394 366 128
 686 576 193 113 755 258 579 437 581  34 175 169 178 671  64 544 255 522
  73  48 243 384 283 419 367 587 479 657 484 507  90 350 550 509 463 447
 310 143 591  50  27 402 693 555 673 133  79 363 412  33 285 425 572  31
 112 343  84 517 483 675 326 611 688  72  80 586 189 197 670  97 260 503
 241 351 120 161 246 551 758 212 730 618 271  63 745 512  38  52 525 139
 373 763 217 674 759 749 704 649 428 244 280 683  75 531 623 122 620 452
 737 477 218 252 636 656  23 739 470  25 740 553 440 490 650 256  46 149
 407 782  24 466 754 692 290 288 105 227 138 352 150 276 292 695 289  78
 493 126 309 626  44 521 436 741 617 457  45  42 299 103 573 557 257   5
 165 468 563 589 164 369 527 762 119  17 643 180 435 130 765 613 701  87
 642 354 418 238 406 681 186 344 438 194  93  49 176 136 273 355 301 101
 533 780 155  54 562 171 781 399 221 183 632 140 625   8 615 179 264 207
 727  53 742 302 565 460 249 609 420 121 732  69 327 448  74 357 605 298
 510 162 456 442 265 710 392 251 738 766 616 743  81 430   4 296 635 235
 535 480 514  28 115 729 196 313 640  76 158 526 439 772 405  30 446 561
 764 538 259 236 167 306 216 488 432 102 234 471   6 500 168  22 372 600
 329  67 145 331 703 549 774 499 604 191 718 390  43 163 539 233 459 455
 360  68 570 240 619 444  19 716 465 706 303 349 321 680 300 184 177 608
  65  66 199 433 641 722 506 336 577 387 585 370 709 281  77 588 564 279
 114 491 684 546 202  29 322 753 388 410 337 583 123  21 190 541  60 383
 497  85 376  86  95 335  70 473 458  12 658 229 225 198 330 770 173 325
 132 543 411 524 170  32 156 415 108 214 391 530 629 566 633 612 144 172
   9  88  14  39 751 188 333 250 166] - 71325171
Solver: RVND, number of workers: 1
Setting feeder affinity
I am the master. There are 1 mpi processes. (hostname = gpu01)
Roots [<pyDF.nodes.Feeder object at 0x7fb5031d4ad0>]
Starting 0
Main loop
I am worker 0
GPU0
set random seed!
Initial: 71325171-[523 294 134 594 779  13 496 622 689 469 142 245 776 209 559 552  51 748
 750 665 515 453 204 548 690 760 728 464 269 386 661 721  57 400  98 606
 679 374 714 305 427 662 385 682 160 778 181 519 621 424 416 599 104 735
 449 210 185  99 568 110 639 602  96 275 697 474  56 769 584 345  83  11
 401 359 408 696  92 192 654 601 773 127  47 498 717 624 540 413 571 295
 558 734 159  36  40 756 109  20 528 318 445 308 752 677 504 195 747 287
 655 266 700  15 423 720 536 324 404 319 174 231 461 182 482 761 610 485
 339 307 462 270 569 478 672 398 323 667 547 332 346 653  59 320 505 705
 652 131 291 678 724  18 560 691 614 315 262 481 467 365 389 597 129 277
 282  89 489 501 495 268 205 580 396 116 312 286 651 441   0 646 431 342
 314 508 685 220 578 669 476  10 297 771 377 592 362 487 157 659 421  41
 443 403 630 317 135 200 513 151 222 534  26 768   2 660 702 378 395 417
 777  82 100 148 261 676 147 532 248 719 711 486 254 125 647 348 733 203
 375 434 502 242 492 454 239 694 731 106 124 529 598 353 450 311 746 208
 744   3 347  58 451 152  71 213 603 304 230 628 736 356 107 201 634 472
 757 666 607 575 272 371 247 316 698  16 595 554 767 494 715 118 293 223
 393 725 380 253 520 382 146  62   7 537 511 334 228  37 137  91 638 726
 545 364 368 596 590 518 475 712 358 141 429 340 645 574 338 187 631  61
 664  55 274 637 648 582 516 263 341  35 111 668   1 397 267  94 328 284
 219 211 556 232 707 567 593 278 381 361 117 237 713 215 699 644 206 426
 226 663 379 414 153 775 409 422 154 627 224 542 723 687 708 394 366 128
 686 576 193 113 755 258 579 437 581  34 175 169 178 671  64 544 255 522
  73  48 243 384 283 419 367 587 479 657 484 507  90 350 550 509 463 447
 310 143 591  50  27 402 693 555 673 133  79 363 412  33 285 425 572  31
 112 343  84 517 483 675 326 611 688  72  80 586 189 197 670  97 260 503
 241 351 120 161 246 551 758 212 730 618 271  63 745 512  38  52 525 139
 373 763 217 674 759 749 704 649 428 244 280 683  75 531 623 122 620 452
 737 477 218 252 636 656  23 739 470  25 740 553 440 490 650 256  46 149
 407 782  24 466 754 692 290 288 105 227 138 352 150 276 292 695 289  78
 493 126 309 626  44 521 436 741 617 457  45  42 299 103 573 557 257   5
 165 468 563 589 164 369 527 762 119  17 643 180 435 130 765 613 701  87
 642 354 418 238 406 681 186 344 438 194  93  49 176 136 273 355 301 101
 533 780 155  54 562 171 781 399 221 183 632 140 625   8 615 179 264 207
 727  53 742 302 565 460 249 609 420 121 732  69 327 448  74 357 605 298
 510 162 456 442 265 710 392 251 738 766 616 743  81 430   4 296 635 235
 535 480 514  28 115 729 196 313 640  76 158 526 439 772 405  30 446 561
 764 538 259 236 167 306 216 488 432 102 234 471   6 500 168  22 372 600
 329  67 145 331 703 549 774 499 604 191 718 390  43 163 539 233 459 455
 360  68 570 240 619 444  19 716 465 706 303 349 321 680 300 184 177 608
  65  66 199 433 641 722 506 336 577 387 585 370 709 281  77 588 564 279
 114 491 684 546 202  29 322 753 388 410 337 583 123  21 190 541  60 383
 497  85 376  86  95 335  70 473 458  12 658 229 225 198 330 770 173 325
 132 543 411 524 170  32 156 415 108 214 391 530 629 566 633 612 144 172
   9  88  14  39 751 188 333 250 166]
Final time: 11.683975935s - Best: 3465517-[523 519 513 492 488 479 473 486 496 495 521 526 542 574 570 571 558 572
 580 603 605 592 581 591 594 573 566 531 544 548 545 537 549 554 582 584
 601 619 622 624 634 642 655 657 662 669 646 636 614 628 631 641 649 661
 653 652 688 699 700 692 672 663 666 667 673 675 693 702 695 686 676 681
 711 710 713 716 714 727 743 752 766 770 774 782 781 763 755 751 741 723
 701 707 715 722 729 730 740 745 749 762 769 761 748 739 725 720 719 718
 736 732 756 758 757 764 759 744 735 734 717 704 708 687 677 682 671 664
 658 651 647 670 678 684 679 689 697 690 691 712 706 683 668 665 660 656
 648 627 620 616 606 586 602 608 621 600 599 590 583 576 569 564 557 541
 540 555 563 562 565 577 556 551 528 534 535 520 506 504 493 475 463 469
 468 466 456 455 448 423 429 425 432 421 437 442 424 406 400 389 386 381
 383 362 351 342 358 355 343 327 301 312 304 288 269 265 241 235 238 245
 254 276 275 277 272 273 248 247 230 226 221 207 201 203 183 195 194 174
 159 154 146 138 145 124 116 122 109  96  79  69  66  80  64  46  52  57
  32  11   8   9   2   4  28  38  62  88  73  76 101 104 107  98  84  70
  63  47  29  18   7  19  35  30  21  34  53  41  50  31  15  20  25  26
  23  27  33  42  65  74  86  83  78 100 105 108 113 121 118 144 147 141
 148 133 134 170 192 198 193 180 176 169 167 165 173 177 191 188 190 202
 219 240 244 251 271 270 287 282 262 259 243 228 227 220 225 236 250 261
 274 294 310 311 317 325 350 347 339 337 363 372 382 399 401 413 414 402
 387 384 367 348 360 361 377 378 397 411 426 439 446 453 450 467 477 497
 508 501 487 474 464 449 431 445 458 447 436 433 417 410 416 418 434 438
 430 409 408 407 392 375 364 352 345 349 346 376 369 371 374 379 385 380
 353 359 335 329 321 320 306 299 289 280 268 249 232 231 216 199 197 178
 175 142 136 132 151 150 155 161 152 126 114  87  55  48  51  56  44  36
  24  14   0  16  22   1   6  17  45  40  99 106 110  93  82  75  97  94
 111 127 139 162 168 156 163 164 149 143 123 120 125 137 117  85  67  60
  58  49  61  81  71  68  43  54  59  72  90  89  77  92  91 102 128 129
 140 153 158 172 181 189 205 224 211 210 208 218 209 200 182 187 196 212
 256 281 286 300 309 307 319 297 283 278 260 246 222 206 213 217 233 253
 237 263 264 279 284 314 313 303 296 295 308 323 333 341 330 328 340 354
 368 373 393 403 405 412 398 395 420 427 441 443 461 460 470 480 478 489
 503 515 522 502 509 524 527 543 536 552 588 609 617 638 630 604 613 632
 629 635 645 650 685 694 698 753 754 747 765 773 772 776 778 767 738 742
 731 721 705 654 659 674 680 643 640 633 626 611 612 618 587 598 589 597
 596 593 585 579 578 561 568 560 538 539 546 530 517 518 512 514 500 499
 490 482 476 472 459 454 462 485 491 507 511 516 505 529 533 553 550 567
 575 559 547 532 525 510 498 481 471 435 428 422 444 451 457 465 483 484
 452 396 388 391 404 370 365 357 334 326 318 322 338 324 331 315 292 305
 290 267 257 258 239 223 242 255 266 285 298 316 293 229 215 234 214 184
 171 179 185 204 186 160 135 119 115  13   3  10  12   5  39  37  95 103
 112 130 131 157 166 252 291 302 332 344 390 419 494 595 623 639 637 625
 610 644 696 703 724 733 737 746 768 777 760 771 775 709 726 779 780 750
 728 615 607 366 356 336 415 440 394]
Value - initial: 71325171, final: 3465517, improveup: 20.5813940604

data-line;i;71325171;f;3465517;t;11.683975935;c;-2;fv;[3465517L];cv;-1;imp;20.5813940604;type;rvnd;inum;6;w;1

time;11.683975935;man_time;0;neigh_time;0
man_time;0;man_merge_sol;0;man_best_sol;0;man_combine_sol;0

Waiting [0]
Terminating workers True 0 0
MPI TERMINATING
