pydf_home: /home/rodolfo/git/Sucuri
simple_pycuda_home: /home/rodolfo/git/simple-pycuda
wamca2016path: /home/rodolfo/git/wamca2016/
localpath: /home/rodolfo/git/dvnd-df/code/dvnd-df/src/
WAMCAPATH:/home/rodolfo/git/wamca2016/
param: {solution_index:4, solution_instance_index:1, multi_gpu:True, goal:False, problem_name:ml, number_of_moves:10, device_count:2, solver:rvnd, mpi_enabled:True, workers:1}
Using already created file:  wamca2016lib.so
Size: 501 - file name: 05_TRP-S500-R1.tsp

Value - initial: 32748190-[422  33 314 368 161 427 213 460 194 202 251  88 247 453 151 387 262 376
 312 425 353  75   1  50 232 266 389 181 444 168 343 483 475 154 338 139
  68 348  96 271 104 370 258 497  51 315 454 406 272 326 456 355 237  62
 378 320  95 299 282  54  81 479 385 334 394 101  74 330 200 324 117 269
 231 309 119 294 243 233 440 279 155 489 116 363 159  80 264 234 417 342
 121 478 178 278 187  40 162 137 277 360 132 183  61  48 386   9   5  55
 464 445 226  92 307 214 160 196 250 199 437 421 241   4 298 123 219  98
 185 239 496  24 433 207 297 216 254 412   8 249 396 403  47 201 459 336
 281 441 167 227 498 253 313 490 295  94 328 142 291 114 174 171 118 146
 283 286 280  73 393 310 455 430 450  11 275 305 449 351 319 443 246  93
 230 144 364  39 462 418   0 163 409  34 134 325 240 265 153  20 446 367
 273 428  87 252 411 354 217  65  42  76 468 165 103  35  25 332 170  90
 488 405 316 180 451 267 333 438 255  77 105 131 245 285 482 236 274 397
  66  14 327 110  16 182 426 242 487 221 175 257 373 407 225   3 173 212
 431 340 410 381 108  72 263 270 329 189 284  32 341 261  56 382 179  69
 379  53 288 375 166  91 486 133  46 197 311 395  57 302 276 408 301 414
 357 292   6 206  17 215 222 471 102 477  71 463 157 380 140 356 300  60
 349 374 138  31  27 223 322 211 308  23 248 113 362 235 259 391 192 193
 290 191 190 432 198 164 416  78 465 268 152 172 474   2 136 195 287 184
  83  28 126 448 208 177  70 106 130  36 229  86 204 481   7  22 220  12
 361 365 399 128  49 466  19 321 318 491 188 480 203 495 143  15 256 371
  58 224 383 135 500 293 317  45  10  30  85  97 303 347 304 484 458 358
 429  79 331 260 115 100 436 186 470 390 323 439 129 494  29 388  21 493
 398 424 400  18  52 467 404 109 127  82 472 335  59  13  67 384 473 499
 205 210 419 124 372 344  26 352 111 442 369 434 141 415 339 492 452 420
 346 107  84 238 289 345  37 306 359 447 228  43 485 296  41 169  38 469
 401 149 147  64 413 209 125 150 158 120 402 457  63 392  99 377 145  89
 337 366  44 148 122 176 350 423 112 461 435 218 244 156 476] - 32748190
Solver: RVND, number of workers: 1
Setting feeder affinity
I am the master. There are 1 mpi processes. (hostname = gpu01)
Roots [<pyDF.nodes.Feeder object at 0x7f5ff8a71ad0>]
Starting 0
Main loop
I am worker 0
GPU0
set random seed!
Initial: 32748190-[422  33 314 368 161 427 213 460 194 202 251  88 247 453 151 387 262 376
 312 425 353  75   1  50 232 266 389 181 444 168 343 483 475 154 338 139
  68 348  96 271 104 370 258 497  51 315 454 406 272 326 456 355 237  62
 378 320  95 299 282  54  81 479 385 334 394 101  74 330 200 324 117 269
 231 309 119 294 243 233 440 279 155 489 116 363 159  80 264 234 417 342
 121 478 178 278 187  40 162 137 277 360 132 183  61  48 386   9   5  55
 464 445 226  92 307 214 160 196 250 199 437 421 241   4 298 123 219  98
 185 239 496  24 433 207 297 216 254 412   8 249 396 403  47 201 459 336
 281 441 167 227 498 253 313 490 295  94 328 142 291 114 174 171 118 146
 283 286 280  73 393 310 455 430 450  11 275 305 449 351 319 443 246  93
 230 144 364  39 462 418   0 163 409  34 134 325 240 265 153  20 446 367
 273 428  87 252 411 354 217  65  42  76 468 165 103  35  25 332 170  90
 488 405 316 180 451 267 333 438 255  77 105 131 245 285 482 236 274 397
  66  14 327 110  16 182 426 242 487 221 175 257 373 407 225   3 173 212
 431 340 410 381 108  72 263 270 329 189 284  32 341 261  56 382 179  69
 379  53 288 375 166  91 486 133  46 197 311 395  57 302 276 408 301 414
 357 292   6 206  17 215 222 471 102 477  71 463 157 380 140 356 300  60
 349 374 138  31  27 223 322 211 308  23 248 113 362 235 259 391 192 193
 290 191 190 432 198 164 416  78 465 268 152 172 474   2 136 195 287 184
  83  28 126 448 208 177  70 106 130  36 229  86 204 481   7  22 220  12
 361 365 399 128  49 466  19 321 318 491 188 480 203 495 143  15 256 371
  58 224 383 135 500 293 317  45  10  30  85  97 303 347 304 484 458 358
 429  79 331 260 115 100 436 186 470 390 323 439 129 494  29 388  21 493
 398 424 400  18  52 467 404 109 127  82 472 335  59  13  67 384 473 499
 205 210 419 124 372 344  26 352 111 442 369 434 141 415 339 492 452 420
 346 107  84 238 289 345  37 306 359 447 228  43 485 296  41 169  38 469
 401 149 147  64 413 209 125 150 158 120 402 457  63 392  99 377 145  89
 337 366  44 148 122 176 350 423 112 461 435 218 244 156 476]
Final time: 5.81991815567s - Best: 1970108-[422 468 346  76 394 195 174 146  38 436 382 419  88 193 112 142 236   5
 356 445 111   7 339  59  83 486  41 469  32  80  84 217 444 171 282 224
 149   8 390 310 360 164 135 106 258 321 353 287 154 184 495 241 461 493
 429 397 498 374 323 173 315 424 399 442 465  24 462 283  11 314 401 127
 256 375 231 249  46 257 186  98 166 452  18   0 270 317 478 137 263 297
 328 196 372 309  55 185 292 313 104 272 139 376 278 202 299  43 285 163
  42 453 140 251 349 279 344 116 179 373  44 330 301 380 216 208 109 204
 226 457 239 129 439 160 403  16 411 447 215 152 102 460 479 451 233 211
  94 332 386 336 268  72 212 302 293 306 304  79 412 391 484  14 161  75
 333 274 370 245 298 492 133 151 334 145 355 428 260 443 340 122 199  51
 316 115 471 228 159 225 441 244  37 289 188 267 476 491  27 101 490 264
 220  85 110  31 105 331 483 214 398 125 259 143  64 418  29 389  47 183
  74 427 408 359 132 103 240 378  10 368 124  35 379  13 352 277 326 210
  87  81 362  62 420 266  82 181 358 416 345 221 421 496 325  67 176 497
 318 409 480 300 384 114  17   1 144  40 252 357 206  58 406 343 433 396
  77 100 118 261 219 414 341 337 286 213 172 335 200 470 136 481 305 351
 182  28 319 383  45 347  60  66 162 324 311 450 369 377 488   2 168  50
 189  26 170  92 131 295 338 415 350 458 449 432 291 165 435 367 254  57
 191 269 407 156 253 402 294  20 128  54 329 284 459  36 434 273 119 178
   4 223  30 410 175 385 138  96  15 440  65 366  49 148 477 322 120 218
 494 430 288 255 190  95 448 485 141 354 207 365 487  25 475  90 187 473
 312 426 392 455 147 405 108 205 126 250 227 388  68 308 395 262  73 348
 303 235 150  53 107  23 400 153 271  63 229 489 296 280  61 192  86  21
 413 123  91 276 463  48 113 169 121 198 464  71 364 158 230  56 361 437
 423 194 500 242 234  34 371 456 130 446 474   9 454 482 342 222  78 417
 243  19 387  70 275 307 155  93  99 290 203 281  69 265 381 238 466  12
  89 438   6 248  52 237  97 467 157 201 177 404 134 472 197 425 247   3
 393 167 117  33  22 499 209 180 431 232 246  39 320 327 363]
Value - initial: 32748190, final: 1970108, improveup: 16.6225354143

data-line;i;32748190;f;1970108;t;5.81991815567;c;-2;fv;[1970108L];cv;-1;imp;16.6225354143;type;rvnd;inum;4;w;1

time;5.81991815567;man_time;0;neigh_time;0
man_time;0;man_merge_sol;0;man_best_sol;0;man_combine_sol;0

Waiting [0]
Terminating workers True 0 0
MPI TERMINATING
