pydf_home: /home/rodolfo/git/Sucuri
simple_pycuda_home: /home/rodolfo/git/simple-pycuda
wamca2016path: /home/rodolfo/git/wamca2016/
localpath: /home/rodolfo/git/dvnd-df/code/dvnd-df/src/
WAMCAPATH:/home/rodolfo/git/wamca2016/
param: {solution_index:6, solution_instance_index:35, multi_gpu:True, goal:False, problem_name:ml, number_of_moves:10, device_count:2, solver:rvnd, mpi_enabled:True, workers:1}
Using already created file:  wamca2016lib.so
Size: 783 - file name: 07_rat784.tsp

Value - initial: 69409309-[409 193 127 440 358 338 456 545 464  73 107 139 770 356 733 696 201 292
 414 444 740 565 330 284  79 661 401 203 747 782 210 776 131 304  12 573
 286 499 126 145 295 188 205 527  59  76  13 293 728 701 323 103 722 252
 116 632 243 611 687 697 683 112 684  38 124 144 151 525 494 379 532 590
  78  74 279 421 351  56 594 534 583 585 407 588 671 143 519 152 253 196
   0 689 417 419 302 715 278 154 562 119  86 368 136 640 553 775 287 577
 133 416 250 117 619  44 567 465 183  62 612 692 353 510 336 529 495 109
  33 667 309 305  41 741 758 643  70 165 708 539 548 212 694 518 150  98
 658 372 130 540  47 396 489 752 528 314 273 163 234  55  23 492  85 142
 282 260 479 258 762 264 591 662 681  17 216  87 123 756 764 691 675 185
 403 491 517 475 644 308 543 742 294  83 121 666 657 674  24  54 159 593
  35 713 560 335 555 660 138 598 377 329 101 745 672  15 552 584 192 315
 631  88 275 426 149 639 471 538 223 721 636 104 115 557 482 547 242 262
 272 616 447 474 490 168 536 364 318  81 620 668 376 422 608 497 655 542
 763 680 276 255 355 563 386 343 453 244 153 442 630   8 266 134 774 537
 164 174 299   1 383 455 325  30 705 307 586  31  89 723 635 224 327 670
 248 484  50 246 324 676 128 332  63  65 504 232 550 238 281 187 350 551
 190 634 627 357  42 734 576 322 402  51 328 340 711 251 656 707 361 450
  66 581 607  43 779 392 506 347 449 365 384 451 349 677 178 435 592 765
  25 487 221 199 735 501 227 300 254 394 520 369 649 197 483 454 354 693
 132 647  36 601 615 772 310 645 137  16 181  60 738  61 245 391 175 773
 233  22 771 737 198 297 395 207 236 535 646 320 587 556 533 618 280  99
   7 575 751 589 729 118 488   5 748 367 521 182 352 200 167  14 202 431
 719 247 129 179 710  10 268 173 267 226 366 160 390 580 105 513 574  34
 755 359 673 317  71 766 263 342 569 378 218 498 229 606 781 326 516 522
 462 633  29 621 579 157  75 526 412 166 231 650   6 523 277 288 360 570
 312 387 754 398 637 380 274 345 433  11 760 141 341 604 171   9  90   4
 778 155  82 699 609 439 466 291 240 405 564 685 162 478 549 727 753 503
 237 720 558 468 610 269 624 709 780 259  49 744 249 400 156 566 480 732
  95 434 599 331 459 371 463 736 140 169 410  58 204 319 505 381 638 413
 663 511 716 225 761 469 651 385 596 749 217 125 508 438 404 102 718 452
 208 746 750 373 436 617  27 665 559 514 486 512 363 348 669 228 423 411
 388 374 572 257  39 430 472 481 219 571 220 473 654 759 703 659 496 509
 629 261 148  57  20 614 106 427 597 641 622 739 389 467  96 206 283 147
 457 230 769  68 500 186  40  46 313 568 546 239 730 256 184 698  48 530
 702 214 688 362 648 470 428 603 704 623 120  80 605 448 664  84 485  28
 289 541 408 265  94 213 524  37 777  97 578  21 682 424  19 406 270 100
 180 306 370 642 432 757 301 303 429 653 298 418 458 158 544 195 602 111
 211 731 311 561 554 110 344 531  45 146 768   2  52 626 445 515 726 177
 686 725 700 215 625 712 339 706 493 507 172  69 415 382 724 628 678 600
 717 333 161 191  64  32 441 235  67 477 114  72 679 316 767 582  26 194
 346  53 714 113 399  92 176 296 476 285 290  91 695 122 209 595 375 222
 189 437 613 108 393  18 461 241 334 502   3 652 460 170 743 443 420 271
 337  77 690 135 321  93 446 397 425] - 69409309
Solver: RVND, number of workers: 1
Setting feeder affinity
I am the master. There are 1 mpi processes. (hostname = gpu01)
Roots [<pyDF.nodes.Feeder object at 0x7fb787fd4ad0>]
Starting 0
Main loop
I am worker 0
GPU0
set random seed!
Initial: 69409309-[409 193 127 440 358 338 456 545 464  73 107 139 770 356 733 696 201 292
 414 444 740 565 330 284  79 661 401 203 747 782 210 776 131 304  12 573
 286 499 126 145 295 188 205 527  59  76  13 293 728 701 323 103 722 252
 116 632 243 611 687 697 683 112 684  38 124 144 151 525 494 379 532 590
  78  74 279 421 351  56 594 534 583 585 407 588 671 143 519 152 253 196
   0 689 417 419 302 715 278 154 562 119  86 368 136 640 553 775 287 577
 133 416 250 117 619  44 567 465 183  62 612 692 353 510 336 529 495 109
  33 667 309 305  41 741 758 643  70 165 708 539 548 212 694 518 150  98
 658 372 130 540  47 396 489 752 528 314 273 163 234  55  23 492  85 142
 282 260 479 258 762 264 591 662 681  17 216  87 123 756 764 691 675 185
 403 491 517 475 644 308 543 742 294  83 121 666 657 674  24  54 159 593
  35 713 560 335 555 660 138 598 377 329 101 745 672  15 552 584 192 315
 631  88 275 426 149 639 471 538 223 721 636 104 115 557 482 547 242 262
 272 616 447 474 490 168 536 364 318  81 620 668 376 422 608 497 655 542
 763 680 276 255 355 563 386 343 453 244 153 442 630   8 266 134 774 537
 164 174 299   1 383 455 325  30 705 307 586  31  89 723 635 224 327 670
 248 484  50 246 324 676 128 332  63  65 504 232 550 238 281 187 350 551
 190 634 627 357  42 734 576 322 402  51 328 340 711 251 656 707 361 450
  66 581 607  43 779 392 506 347 449 365 384 451 349 677 178 435 592 765
  25 487 221 199 735 501 227 300 254 394 520 369 649 197 483 454 354 693
 132 647  36 601 615 772 310 645 137  16 181  60 738  61 245 391 175 773
 233  22 771 737 198 297 395 207 236 535 646 320 587 556 533 618 280  99
   7 575 751 589 729 118 488   5 748 367 521 182 352 200 167  14 202 431
 719 247 129 179 710  10 268 173 267 226 366 160 390 580 105 513 574  34
 755 359 673 317  71 766 263 342 569 378 218 498 229 606 781 326 516 522
 462 633  29 621 579 157  75 526 412 166 231 650   6 523 277 288 360 570
 312 387 754 398 637 380 274 345 433  11 760 141 341 604 171   9  90   4
 778 155  82 699 609 439 466 291 240 405 564 685 162 478 549 727 753 503
 237 720 558 468 610 269 624 709 780 259  49 744 249 400 156 566 480 732
  95 434 599 331 459 371 463 736 140 169 410  58 204 319 505 381 638 413
 663 511 716 225 761 469 651 385 596 749 217 125 508 438 404 102 718 452
 208 746 750 373 436 617  27 665 559 514 486 512 363 348 669 228 423 411
 388 374 572 257  39 430 472 481 219 571 220 473 654 759 703 659 496 509
 629 261 148  57  20 614 106 427 597 641 622 739 389 467  96 206 283 147
 457 230 769  68 500 186  40  46 313 568 546 239 730 256 184 698  48 530
 702 214 688 362 648 470 428 603 704 623 120  80 605 448 664  84 485  28
 289 541 408 265  94 213 524  37 777  97 578  21 682 424  19 406 270 100
 180 306 370 642 432 757 301 303 429 653 298 418 458 158 544 195 602 111
 211 731 311 561 554 110 344 531  45 146 768   2  52 626 445 515 726 177
 686 725 700 215 625 712 339 706 493 507 172  69 415 382 724 628 678 600
 717 333 161 191  64  32 441 235  67 477 114  72 679 316 767 582  26 194
 346  53 714 113 399  92 176 296 476 285 290  91 695 122 209 595 375 222
 189 437 613 108 393  18 461 241 334 502   3 652 460 170 743 443 420 271
 337  77 690 135 321  93 446 397 425]
Final time: 14.5066649914s - Best: 3381503-[409 408 407 419 423 429 425 432 421 437 442 424 406 400 422 444 451 452
 457 465 484 483 481 471 435 428 394 383 389 386 381 355 358 362 351 342
 327 301 312 304 288 276 275 254 245 238 241 235 215 185 179 171 159 154
 146 138 122 116 109  96  87  55  48  51  56  44  40  45  66  69  79  99
 106 110  93  82  64  46  52  57  62  38  28   9   2   4  18  29   7  19
  35  30  34  21  13  31  15  20  26  25  50  41  53  61  49  60  58  67
  85  98  84  70  63  76  73  88  94 111 107 104 101 117 125 120 123 143
 128 129 140 131 130 112 103  90  89  77  68  43  54  59  72  65  74  86
  83  78 100 105 108 113 121 133 134 148 141 147 144 157 165 173 177 191
 206 213 222 244 240 251 260 278 283 297 308 319 323 333 330 341 361 360
 348 367 384 387 402 414 413 399 401 382 372 363 347 339 337 336 307 309
 300 286 281 282 287 270 271 262 259 243 228 227 219 202 190 188 196 220
 225 212 200 187 182 172 164 163 181 189 199 197 178 175 162 168 156 139
 127 115 132 136 142 151 150 155 161 183 194 195 203 201 207 223 239 257
 258 249 232 231 216 205 224 211 210 208 218 236 256 274 261 250 252 268
 280 289 299 306 320 321 302 291 294 310 311 317 325 329 335 353 350 380
 385 379 410 417 416 418 430 434 440 433 436 447 463 469 468 475 458 473
 479 488 486 496 495 493 504 520 506 500 499 490 514 512 518 517 530 546
 539 538 560 568 561 578 585 593 610 625 623 639 637 647 651 658 664 671
 682 696 703 724 733 737 746 760 771 764 759 757 758 756 738 742 731 735
 744 734 717 704 708 687 677 670 678 684 679 659 643 640 656 648 627 620
 621 635 629 632 613 600 599 583 590 586 602 608 606 616 618 612 598 587
 577 565 562 563 555 534 535 540 541 576 569 564 557 574 570 571 552 542
 526 521 523 519 513 492 487 474 464 467 477 470 480 478 489 503 515 522
 502 509 497 501 508 524 527 543 536 558 572 580 603 592 605 615 636 614
 628 631 641 617 609 630 638 649 661 653 652 645 650 665 668 683 694 698
 719 720 725 709 699 700 726 729 730 745 740 722 715 723 741 755 751 750
 727 714 716 713 710 686 695 702 693 701 707 672 663 666 667 673 675 669
 662 642 634 607 594 591 581 573 566 531 544 548 545 537 549 554 582 584
 601 619 622 624 655 657 676 681 711 728 743 752 766 770 774 782 781 763
 780 779 769 762 749 761 748 739 747 765 773 772 776 778 767 753 754 736
 732 718 706 712 691 680 690 697 689 674 654 644 633 626 611 589 597 596
 579 595 575 567 559 547 532 525 550 553 533 529 505 516 511 507 485 491
 494 472 462 454 459 448 455 476 482 466 456 438 390 369 376 392 375 364
 352 345 338 370 391 404 388 396 365 357 343 334 326 316 318 322 298 285
 273 277 272 247 230 226 221 248 242 255 266 267 290 305 292 315 324 331
 349 346 332 344 371 374 415 431 445 449 439 446 453 450 426 420 427 441
 460 461 443 412 405 403 393 398 395 397 411 377 378 368 373 366 356 354
 340 328 314 313 303 295 296 284 279 264 263 246 237 253 233 217 198 192
 170 176 180 193 169 167 118  95  42  37  39   5  12  10   3  33  27  23
  92 102  91  71  81  47  32   8  11  17   6   1  22  16   0  14  24  36
  80  75  97 119 135 152 126 114 124 145 184 214 234 265 269 293 229 204
 174 186 160 137 149 158 153 166 209 359 528 551 556 604 588 646 692 688
 685 660 705 721 775 777 768 510 498]
Value - initial: 69409309, final: 3381503, improveup: 20.5261710547

data-line;i;69409309;f;3381503;t;14.5066649914;c;-2;fv;[3381503L];cv;-1;imp;20.5261710547;type;rvnd;inum;6;w;1

time;14.5066649914;man_time;0;neigh_time;0
man_time;0;man_merge_sol;0;man_best_sol;0;man_combine_sol;0

Waiting [0]
Terminating workers True 0 0
MPI TERMINATING
