pydf_home: /home/rodolfo/git/Sucuri
simple_pycuda_home: /home/rodolfo/git/simple-pycuda
wamca2016path: /home/rodolfo/git/wamca2016/
localpath: /home/rodolfo/git/dvnd-df/code/dvnd-df/src/
WAMCAPATH:/home/rodolfo/git/wamca2016/
param: {solution_index:0, solution_instance_index:27, multi_gpu:True, goal:False, problem_name:ml, number_of_moves:10, device_count:2, solver:rvnd, mpi_enabled:True, workers:1}
Using already created file:  wamca2016lib.so
Size: 52 - file name: 01_berlin52.tsp

Value - initial: 754645-[22 51 13 37 42  8 48 15  6 24 50 47 23 40 32 39  7 41 34 38  9 30 27 29 20
 12  2 43 21 36 35  4  1  5 16 17 11 45 28 26 25 18 49  0 44 14 33  3 31 46
 10 19] - 754645
Solver: RVND, number of workers: 1
Setting feeder affinity
I am the master. There are 1 mpi processes. (hostname = gpu01)
Roots [<pyDF.nodes.Feeder object at 0x7f0d1b8a7ad0>]
Starting 0
Main loop
I am worker 0
GPU0
set random seed!
Initial: 754645-[22 51 13 37 42  8 48 15  6 24 50 47 23 40 32 39  7 41 34 38  9 30 27 29 20
 12  2 43 21 36 35  4  1  5 16 17 11 45 28 26 25 18 49  0 44 14 33  3 31 46
 10 19]
Final time: 1.53610396385s - Best: 135437-[22 19 49 43 33 34 35 38 39 36 37 47 23  4 14  5  3 42  9  8  7 40 18 44 31
 48  0 21 30 17  2 16 20 41  6  1 29 28 15 45 24 11 27 26 25 46 12 13 51 10
 50 32]
Value - initial: 754645, final: 135437, improveup: 5.57192643074

data-line;i;754645;f;135437;t;1.53610396385;c;-2;fv;[135437L];cv;-1;imp;5.57192643074;type;rvnd;inum;0;w;1

time;1.53610396385;man_time;0;neigh_time;0
man_time;0;man_merge_sol;0;man_best_sol;0;man_combine_sol;0

Waiting [0]
Terminating workers True 0 0
MPI TERMINATING
