pydf_home: /home/rodolfo/git/Sucuri
simple_pycuda_home: /home/rodolfo/git/simple-pycuda
wamca2016path: /home/rodolfo/git/wamca2016/
localpath: /home/rodolfo/git/dvnd-df/code/dvnd-df/src/
WAMCAPATH:/home/rodolfo/git/wamca2016/
param: {solution_index:2, solution_instance_index:49, multi_gpu:True, goal:False, problem_name:ml, number_of_moves:10, device_count:2, solver:rvnd, mpi_enabled:True, workers:1}
Using already created file:  wamca2016lib.so
Size: 226 - file name: 03_pr226.tsp

Value - initial: 201253770-[116  94  45 180  75 176 208  53 156  49 128  77 114  18 211 126 222  35
 204 165 100 205  33 103 142  90  80 161 102 132  32 170  36   1 181  57
  91 223  72  34  22 155 121 221  21 190  93  13 167 194   6  59   4 117
 213  27  43 212 134 215  71 210 115 182  97  68  99 133 113  30 199 179
 203 108  79 217 173 149 216  92 138 201 198 159 111  88 127 187 192  61
 169  28  65 107  39  37 105   8 162 120 131  81 200 122 193 164 109  73
 166 154  40 191  12 183 225  58 157  15  14  70  52  55 124  26 110 219
  62  83 220 177 150  85 214   2  78 144 202 196 145  63 160 171 148  60
  10  29 130 206 101 112  84 185 139  41  19 218 189  31 174  51  38 104
  67 119  86 147 197  87 172  66   7  46  64  76 137 140   0 141  25 186
  96  82 118   3 151 106  47  17  74  50  42 224 184  54 209 123  98  16
 125  69  11 146 188 163  20  95  24  56  44 168   5 178 158 136  89 153
 195 175 152 143 207  23 129   9  48 135] - 201253770
Solver: RVND, number of workers: 1
Setting feeder affinity
I am the master. There are 1 mpi processes. (hostname = gpu01)
Roots [<pyDF.nodes.Feeder object at 0x7fe9eaae9ad0>]
Starting 0
Main loop
I am worker 0
GPU0
set random seed!
Initial: 201253770-[116  94  45 180  75 176 208  53 156  49 128  77 114  18 211 126 222  35
 204 165 100 205  33 103 142  90  80 161 102 132  32 170  36   1 181  57
  91 223  72  34  22 155 121 221  21 190  93  13 167 194   6  59   4 117
 213  27  43 212 134 215  71 210 115 182  97  68  99 133 113  30 199 179
 203 108  79 217 173 149 216  92 138 201 198 159 111  88 127 187 192  61
 169  28  65 107  39  37 105   8 162 120 131  81 200 122 193 164 109  73
 166 154  40 191  12 183 225  58 157  15  14  70  52  55 124  26 110 219
  62  83 220 177 150  85 214   2  78 144 202 196 145  63 160 171 148  60
  10  29 130 206 101 112  84 185 139  41  19 218 189  31 174  51  38 104
  67 119  86 147 197  87 172  66   7  46  64  76 137 140   0 141  25 186
  96  82 118   3 151 106  47  17  74  50  42 224 184  54 209 123  98  16
 125  69  11 146 188 163  20  95  24  56  44 168   5 178 158 136  89 153
 195 175 152 143 207  23 129   9  48 135]
Final time: 5.16998410225s - Best: 6445697-[116 115 114 113 112 111 110 102 104 103 105 106 107 108 109 117 125 118
 119 127 126 120 121 128 130 122 123 129 131 124 225 224 223 222 221 220
 219 218 217 216 215 214 213 212 211 210 209 208 207 206 205 204 203 202
 201 200 199 198 197 196 195 194 193 192 191 190 189 188 187 186 185 184
 183 182 181 180 179 178 177 176 175 174 173 172 171 170 169 168 167 166
 165 164 163 162 161 160 159 158 157 156 155 154 149 142 141 147 148 140
 139 146 144 138 137 145 143 136 101  93  92 100  99  91  90  98  97  89
  87  96  95  88  86  94  46  45  44  43  36  35  47  32  31  30  34  33
  29  28  27  26  25  24  23  22  21  20  49  50  51  52  53  54  55  56
  57  58  59  60  61  62  63  64  18  17  16  15  12  11  10  14  13   9
   8   7   6   5   4   3   2   1   0  72  73  74  75  76  77  78  79  80
  81  82  83  84  85  71  70  67  66  68  69  65 132 133 134 135 150 151
 152 153  40  39  38  37  41  42  48  19]
Value - initial: 201253770, final: 6445697, improveup: 31.2229647158

data-line;i;201253770;f;6445697;t;5.16998410225;c;-2;fv;[6445697L];cv;-1;imp;31.2229647158;type;rvnd;inum;2;w;1

time;5.16998410225;man_time;0;neigh_time;0
man_time;0;man_merge_sol;0;man_best_sol;0;man_combine_sol;0

Waiting [0]
Terminating workers True 0 0
MPI TERMINATING
