pydf_home: /home/rodolfo/git/Sucuri
simple_pycuda_home: /home/rodolfo/git/simple-pycuda
wamca2016path: /home/rodolfo/git/wamca2016/
localpath: /home/rodolfo/git/dvnd-df/code/dvnd-df/src/
WAMCAPATH:/home/rodolfo/git/wamca2016/
param: {solution_index:2, solution_instance_index:89, multi_gpu:True, goal:False, problem_name:ml, number_of_moves:10, device_count:2, solver:rvnd, mpi_enabled:True, workers:1}
Using already created file:  wamca2016lib.so
Size: 226 - file name: 03_pr226.tsp

Value - initial: 203326632-[ 43   7 149 185  25  85  55 143 218 178 169 128 173   4  52 197 189   5
 100 140 136 201 204 135  86  69  76 215  24 144 182 122  74 138 127  23
 221 167  48 148 153  91 151  61 213  95 180 150  53  39 200 139  68 172
 195 225 156 126 168  10  45   8  32 171  29 211   0  87 207 120  18 112
  90  80 114 166 115 175 106 111 146   2  58 102 130  56 202  62  75 223
 219  49  96  64 129 174  97  17 176  88  28 198  40  79 190  54 155  12
  51  34 188  44 118 124  67  89  11  20 163  93  38  14 145  21 108  94
  84 186  63 162  70 210 193  47 125 161 170  57  22 217  78 121 203 159
 199  82  59   1  36  83 194  65 224 208  13 157 220 116  31 177 187  72
 117  99 205  50 165 158   3  27  77  46  42 105 192 133 134  30  26 131
 119 123 104 216 181 191  41 160 103 109 214  71 209 179  35   6  60 184
 222  37  73 137 212 142 152 196  92 206 147 113 154 107  98 183  15 132
  16 110 141   9  66  33 164 101  81  19] - 203326632
Solver: RVND, number of workers: 1
Setting feeder affinity
I am the master. There are 1 mpi processes. (hostname = gpu01)
Roots [<pyDF.nodes.Feeder object at 0x7f863f039ad0>]
Starting 0
Main loop
I am worker 0
GPU0
set random seed!
Initial: 203326632-[ 43   7 149 185  25  85  55 143 218 178 169 128 173   4  52 197 189   5
 100 140 136 201 204 135  86  69  76 215  24 144 182 122  74 138 127  23
 221 167  48 148 153  91 151  61 213  95 180 150  53  39 200 139  68 172
 195 225 156 126 168  10  45   8  32 171  29 211   0  87 207 120  18 112
  90  80 114 166 115 175 106 111 146   2  58 102 130  56 202  62  75 223
 219  49  96  64 129 174  97  17 176  88  28 198  40  79 190  54 155  12
  51  34 188  44 118 124  67  89  11  20 163  93  38  14 145  21 108  94
  84 186  63 162  70 210 193  47 125 161 170  57  22 217  78 121 203 159
 199  82  59   1  36  83 194  65 224 208  13 157 220 116  31 177 187  72
 117  99 205  50 165 158   3  27  77  46  42 105 192 133 134  30  26 131
 119 123 104 216 181 191  41 160 103 109 214  71 209 179  35   6  60 184
 222  37  73 137 212 142 152 196  92 206 147 113 154 107  98 183  15 132
  16 110 141   9  66  33 164 101  81  19]
Final time: 2.3354871273s - Best: 7824409-[ 43  44  45  46  94  86  88  95  96  87  89  97  98  90  91  99 100  92
 101  93 150 151 152 153 154 155 156 157 158 159 160 161 162 163 164 165
 166 167 168 169 170 171 172 173 174 175 176 177 178 179 180 181 182 183
 184 185 186 187 188 189 190 191 192 193 194 195 196 197 198 199 200 201
 202 203 204 205 206 207 208 209 210 211 212 213 214 215 216 217 218 219
 220 221 222 223 224 225 124 131 129 123 122 130 128 121 120 126 127 119
 118 125 109 117 116 108 107 115 114 106 105 113 112 103 104 111 102 110
  85  84  83  82  81  80  79  78  77  76  75  74  73  72   0   1   2   3
   4   5   6   7   8   9  13  14  15  10  11  12  70  67  68  66  16  17
  18  64  63  62  61  60  59  58  57  56  55  54  53  52  51  50  49  20
  21  22  23  24  25  26  28  29  33  34  30  27  48  47  32  31  35  36
  37  38  41  42 143 136 137 145 144 138 139 146 148 140 141 147 149 142
 135 134 133 132  65  69  71  19  39  40]
Value - initial: 203326632, final: 7824409, improveup: 25.986196785

data-line;i;203326632;f;7824409;t;2.3354871273;c;-2;fv;[7824409L];cv;-1;imp;25.986196785;type;rvnd;inum;2;w;1

time;2.3354871273;man_time;0;neigh_time;0
man_time;0;man_merge_sol;0;man_best_sol;0;man_combine_sol;0

Waiting [0]
Terminating workers True 0 0
MPI TERMINATING
