pydf_home: /home/rodolfo/git/Sucuri
simple_pycuda_home: /home/rodolfo/git/simple-pycuda
wamca2016path: /home/rodolfo/git/wamca2016/
localpath: /home/rodolfo/git/dvnd-df/code/dvnd-df/src/
WAMCAPATH:/home/rodolfo/git/wamca2016/
param: {solution_index:5, solution_instance_index:37, multi_gpu:True, goal:False, problem_name:ml, number_of_moves:10, device_count:2, solver:rvnd, mpi_enabled:True, workers:1}
Using already created file:  wamca2016lib.so
Size: 657 - file name: 06_d657.tsp

Value - initial: 278162545-[581 534 484 542 130 420 486 482 238 478  87 504 115  60 108 131 586 560
 551 407 648  39  99 517 459 512 654 211 164 157 172  17 610 134 263 177
 198 520 298 272 171 576 558 132  36 592  32  19 608 149 436  66 567 260
 275 181 151 120 336 209 394 307 535 319  62 438 377 327 531 387 127  14
 185 456 308 473 224 595 472  46 284 358 169 350 453 370 489 366 636 399
 474 570 204 634  31 180  16 242 435  50 444 212  86 280  52 353 598 290
 292 425 563  21 124 506 593 220  79 496 122 363 146 104 449 423  88 547
  58  22 582 411 186 518 588  89 309 189 511 318 187 441 184 269 622 545
  12 612 253 537  71  74  51 427 159 162 258 262 541 645 342 237 521 191
 347 620 126 109 638 479 466  94 183 176 477 475 158 465  91 365  84  77
 364 637 301 312  59 147 383 182 428 388 630 222 154 117 240 510 114 596
 415 579 287 548 641 324 543 649 279 501  35 393 201 396 613 642 513 573
  69 487 488  27 359 650 530 446 112 271 163 584 528 467 216 228 571 626
 125 343 553 433 500 215 139 252 398  48  95 483 161 203 188  29 631 430
  40   7 192 402 302 536 128 525 406 605 481 492 585 236 432  96 577 554
 527 255 515 372 261 282 455 145 140 375 352 362 597 110 632 230  13 599
 150 225 221 587 397 178 606 385 623 173 624 507 167  41  37  98  30 468
 559  64 614 615 202 195 333 566 196 314 232 219 607 325 640 382 268  18
 346 498 404 590 469 616 600 604 267 247 305  70 354 524 647 572 410 625
 266 523 378 233 193 499 200 345   9 217  80   2 227 331 296 259 334 304
 339 389 594 223  47 234 355 356 539 360 264 344 175 297 371 552  49 442
 611  15 603  73 653 277 413 628 447 451  53   8 152 416 374 633 254 256
 434   5 627  81 408 639 497  61  34 310 214  44 629 460   1 129 452 285
  92 445 205 208  28 557  25 349 621 412 379  83 503  20 340  43 463 578
 102 519   3 458 218 526  23 207 317 107 283 337 424  67 160 265 644  75
 105 564 380 251 248 322 437  42 245 381 400 395 241 148 168 166 431 278
 386 643 121 555 313 190 516  38  56 306 562 295 357 138 401 137  76 332
 544 384  82 294  85 457 106 135 514 635 142 199 508 403 493 575 300 326
 505 274 583 299 153 156 100 540 405 646 293 143  33 213 367 281 165 651
 341 522 464 320 303 373 206 369  93  63 119 443 580  57 550 439 136 338
 376 273 652 229 454 335 392 276 118 174 328 422 103 509 602 244 289 569
 462 502 286 170 495 123  55   4 418 133 656 197 330 480 421 461 471 144
 288  45 179 574  54 116 618  26  68 194 249  78 619 243 617 655 549 494
  65 235 155 351 257 609 315 141 491 568 323  90 546 111 490 529   6   0
 532 390  72 601 476 470 101 391  10 565 348 533 417 556  24 589 591 291
 250 329 561  97 368 440 419 414 426  11 270 210 239 485 321 316 113 409
 450 538 246 311 361 448 226 429 231] - 278162545
Solver: RVND, number of workers: 1
Setting feeder affinity
I am the master. There are 1 mpi processes. (hostname = gpu01)
Roots [<pyDF.nodes.Feeder object at 0x7f35d2e83ad0>]
Starting 0
Main loop
I am worker 0
GPU0
set random seed!
Initial: 278162545-[581 534 484 542 130 420 486 482 238 478  87 504 115  60 108 131 586 560
 551 407 648  39  99 517 459 512 654 211 164 157 172  17 610 134 263 177
 198 520 298 272 171 576 558 132  36 592  32  19 608 149 436  66 567 260
 275 181 151 120 336 209 394 307 535 319  62 438 377 327 531 387 127  14
 185 456 308 473 224 595 472  46 284 358 169 350 453 370 489 366 636 399
 474 570 204 634  31 180  16 242 435  50 444 212  86 280  52 353 598 290
 292 425 563  21 124 506 593 220  79 496 122 363 146 104 449 423  88 547
  58  22 582 411 186 518 588  89 309 189 511 318 187 441 184 269 622 545
  12 612 253 537  71  74  51 427 159 162 258 262 541 645 342 237 521 191
 347 620 126 109 638 479 466  94 183 176 477 475 158 465  91 365  84  77
 364 637 301 312  59 147 383 182 428 388 630 222 154 117 240 510 114 596
 415 579 287 548 641 324 543 649 279 501  35 393 201 396 613 642 513 573
  69 487 488  27 359 650 530 446 112 271 163 584 528 467 216 228 571 626
 125 343 553 433 500 215 139 252 398  48  95 483 161 203 188  29 631 430
  40   7 192 402 302 536 128 525 406 605 481 492 585 236 432  96 577 554
 527 255 515 372 261 282 455 145 140 375 352 362 597 110 632 230  13 599
 150 225 221 587 397 178 606 385 623 173 624 507 167  41  37  98  30 468
 559  64 614 615 202 195 333 566 196 314 232 219 607 325 640 382 268  18
 346 498 404 590 469 616 600 604 267 247 305  70 354 524 647 572 410 625
 266 523 378 233 193 499 200 345   9 217  80   2 227 331 296 259 334 304
 339 389 594 223  47 234 355 356 539 360 264 344 175 297 371 552  49 442
 611  15 603  73 653 277 413 628 447 451  53   8 152 416 374 633 254 256
 434   5 627  81 408 639 497  61  34 310 214  44 629 460   1 129 452 285
  92 445 205 208  28 557  25 349 621 412 379  83 503  20 340  43 463 578
 102 519   3 458 218 526  23 207 317 107 283 337 424  67 160 265 644  75
 105 564 380 251 248 322 437  42 245 381 400 395 241 148 168 166 431 278
 386 643 121 555 313 190 516  38  56 306 562 295 357 138 401 137  76 332
 544 384  82 294  85 457 106 135 514 635 142 199 508 403 493 575 300 326
 505 274 583 299 153 156 100 540 405 646 293 143  33 213 367 281 165 651
 341 522 464 320 303 373 206 369  93  63 119 443 580  57 550 439 136 338
 376 273 652 229 454 335 392 276 118 174 328 422 103 509 602 244 289 569
 462 502 286 170 495 123  55   4 418 133 656 197 330 480 421 461 471 144
 288  45 179 574  54 116 618  26  68 194 249  78 619 243 617 655 549 494
  65 235 155 351 257 609 315 141 491 568 323  90 546 111 490 529   6   0
 532 390  72 601 476 470 101 391  10 565 348 533 417 556  24 589 591 291
 250 329 561  97 368 440 419 414 426  11 270 210 239 485 321 316 113 409
 450 538 246 311 361 448 226 429 231]
Final time: 9.3678290844s - Best: 14226808-[581 586 582 578 573 571 569 568 562 561 564 560 565 563 558 553 554 555
 557 550 549 543 542 541 540 539 538 537 536 534 535 532 531 529 523 533
 530 524 522 525 526 527 521 520 519 518 517 516 513 512 495 500 501 503
 502 499 504 125 506 505 124 127 109 108 123 110  96 100 107 111 106 122
 112 121 105 104 149 154 147 148 139 120  86  92  99 113 119 103 114 118
 157 165 187 181 180 186 191 198 199 197 195 185 178 172 168 155 140 132
 115  98  97  91  93  84  74  77  73  68  63  45  44  49  54  50  40  48
  52  57  59  55  30  27  26  25  31 469  34  37  46  42  38  43  47  61
  66  71  80  81  75  82  76  83  89  94  88  87  95 497 494 491 483 472
 482 486 490 496 498 493 492 489 488 487 485 480 481 484 514 515 478 477
 476 475 457 456 473 455 459 460 467 465 461 454 451 452 450 448 449 453
 458 464 468 466 462 463 442 446 447 443 441 440  23  22 445 444  19  18
  13  17  16  20  15  14  21  24  12  11  10   8   9   7  33  32  35  36
  39  41  53  60  64  79  78   6   5 117 131 138 129 128 116 130 137 142
 162 164 190 196 206 209 217 218 234 240 264 263 271 261 253 239 230 220
 238 262 289 290 298 307 317 322 335 345 341 347 371 390 416 409 420 437
 439 421 415 404 400 422 436 430 435 387 369 365 377 386 401 405 414 423
 431 424 410 419 425 413 406 402 395 396 378 385 394 403 407 412 384 379
 376 374 368 366 359 363 352 332 338 344 353 362 367 382 392 434 429 417
 411 428 418 393 381 383 380 375 354 360 355 331 330 319 343 336 316 329
 315 314 286 283 274 272 291 277 249 233 244 256 267 282 285 278 281 265
 273 258 266 280 297 306 337 356 408 622 620 618 617 616 615 613 610 607
 606 605 601 600 598 279 257 246 229 580 213 200 194 183 173 159 510 509
 508 133 136 507 126 135 152 145 144 134 146 151 167 153 143 150 158 166
 179 184 177 161 170 169 171 204 215 225 236 248 254 241 232 221 247 251
 260 294 292 287 275 288 293 299 303 324 323 340 346 334 308 309 321 325
 326 320 310 300 311 327 333 318 312 305 304 284 259 255 243 223 228 224
 226 242 250 270 276 268 252 227 219 214 208 207 176 192 188 175 211 245
 222 216 212 205 203 193 160 174 189 182 511 559 556 551 548 547 546 545
 544 633 635 639 638 640 641 637 636 634 632 631 629 630 649 650 651 628
 552 566 570 567 201 202 574 577 576 583 584 585 588 587 590 593 599 603
 604 609 611 602 594 597 596 591 595 589 592 296 302 295 301 313 328 339
 357 351 358 373 350 349 342 348 364 370 388 397 389 398 391 372 361 269
 237 231 235 210 163 156 101 102  85  72  65  69  90  70  58  51 470  62
  56  67 471 479 474 642 643 644 646 645 647 648 652 653 627 654 655 626
 572 656 575 579 608 612 614 621 623 619 625 624 427 426 433 432 438 399
 141   4   3   2   1  28  29 528   0]
Value - initial: 278162545, final: 14226808, improveup: 19.5519996474

data-line;i;278162545;f;14226808;t;9.3678290844;c;-2;fv;[14226808L];cv;-1;imp;19.5519996474;type;rvnd;inum;5;w;1

time;9.3678290844;man_time;0;neigh_time;0
man_time;0;man_merge_sol;0;man_best_sol;0;man_combine_sol;0

Waiting [0]
Terminating workers True 0 0
MPI TERMINATING
