pydf_home: /home/rodolfo/git/Sucuri
simple_pycuda_home: /home/rodolfo/git/simple-pycuda
wamca2016path: /home/rodolfo/git/wamca2016/
localpath: /home/rodolfo/git/dvnd-df/code/dvnd-df/src/
WAMCAPATH:/home/rodolfo/git/wamca2016/
param: {solution_index:3, solution_instance_index:65, multi_gpu:True, goal:False, problem_name:ml, number_of_moves:10, device_count:2, solver:rvnd, mpi_enabled:True, workers:1}
Using already created file:  wamca2016lib.so
Size: 318 - file name: 04_lin318.tsp

Value - initial: 97449169-[258 135 284   4  72 229 265 287 225 125 228  54 112  44 205 182 133 195
  16 290  45  98 246 301 247  21  42 237 201  56 296  76 209 163  13 310
   5 221  96 254 191   6 298  18  89 212 312 248 144  32 262 249  49 142
 235  67   1 101 308 283  70  28 172 214 282  95 253 143 119 313  90  11
 175 162 167  64 123 137  24 109 198 270 176 295 111 132  79  53 117  29
 211 186  81 190 199 305 159  87 197 238 251 148  86 294 261  26 257 194
  91  63 240  71 185 174 288  69 160  25 161 285 300  58 141  92  88 206
 103 307 208 314 122 153 120 278  78 236 217 189  38  83  66 168 157 286
  19  94 165  35 263  61 116 146 136 224 179 299 100 264  15 130 181  73
 276  36  62  47  41 203  37 267  74 292  14 134 154 106   0 306 245 128
 156  12 131 193 260 222 317 155  20 239  75 118 241 309  40  59 178  50
 252 177 242 279 255 105 180 304 302 152 233 127 188   3 171 150  85 202
 207 227 226 151  68 158 196  84 110 268 280 183  27  48  57 223 220 170
   7 234 315 210 184 271 107 297 200  60 126  99 204 124  51 231 289  82
 115 277   8 291 121 140  52  30 215 114 149 187 192 147  17  77  65  43
  93 102 274 316 113 269 250  10  31  46 173 138 303 281  80   2  33 266
 108 219  34  39 273 243 311 216 244 104 230 145  23 232 293 259 218   9
 275  97 272 166  22 256 164 213  55 129 169 139] - 97449169
Solver: RVND, number of workers: 1
Setting feeder affinity
I am the master. There are 1 mpi processes. (hostname = gpu01)
Roots [<pyDF.nodes.Feeder object at 0x7ff000762ad0>]
Starting 0
Main loop
I am worker 0
GPU0
set random seed!
Initial: 97449169-[258 135 284   4  72 229 265 287 225 125 228  54 112  44 205 182 133 195
  16 290  45  98 246 301 247  21  42 237 201  56 296  76 209 163  13 310
   5 221  96 254 191   6 298  18  89 212 312 248 144  32 262 249  49 142
 235  67   1 101 308 283  70  28 172 214 282  95 253 143 119 313  90  11
 175 162 167  64 123 137  24 109 198 270 176 295 111 132  79  53 117  29
 211 186  81 190 199 305 159  87 197 238 251 148  86 294 261  26 257 194
  91  63 240  71 185 174 288  69 160  25 161 285 300  58 141  92  88 206
 103 307 208 314 122 153 120 278  78 236 217 189  38  83  66 168 157 286
  19  94 165  35 263  61 116 146 136 224 179 299 100 264  15 130 181  73
 276  36  62  47  41 203  37 267  74 292  14 134 154 106   0 306 245 128
 156  12 131 193 260 222 317 155  20 239  75 118 241 309  40  59 178  50
 252 177 242 279 255 105 180 304 302 152 233 127 188   3 171 150  85 202
 207 227 226 151  68 158 196  84 110 268 280 183  27  48  57 223 220 170
   7 234 315 210 184 271 107 297 200  60 126  99 204 124  51 231 289  82
 115 277   8 291 121 140  52  30 215 114 149 187 192 147  17  77  65  43
  93 102 274 316 113 269 250  10  31  46 173 138 303 281  80   2  33 266
 108 219  34  39 273 243 311 216 244 104 230 145  23 232 293 259 218   9
 275  97 272 166  22 256 164 213  55 129 169 139]
Final time: 5.51914787292s - Best: 6001559-[258 265 264 259 257 254 249 313 241 240 239 237 232 229 312 238 231 230
 224 220 219 216 215 211 210 108 109 117 118 121 120 122 129 130 131 128
 123 124 127 132 134 135 136 133 126 125 207 119 115 114 111 110 106 105
   3   4  12  13  16  15  17  24  25  26  23  18  27  22  19 102  20  21
  28  29  30  31  32 103  39  48  44  47  49  54  55  53  50  46  43  40
  41  42  45  51  52  57  56 104  63  66  67  70  77  81  82  83  78  76
  71  72  75  79  80  74  73  68  69  65  64 171 172 175 182 186 187 188
 183 181 176 177 180 184 185 179 178 173 174 192 191 198 199 204 311 310
 306 305 301 300 294 293 292 291 287 280 277 276 281 286 288 295 289 285
 282 290 284 283 278 279 272 271 267 262 261 266 263 260 256 253 255 252
 250 251 246 245 235 234 227 226 225 228 233 236 242 138 139 142 143 146
 145 147 150 156 157 162 161 158 155 151 148 208  33  34  38  37 144 153
 149 152 154 159 160 163 209 166 167 168 190 189  86  87 195 196 200 201
 205 206  99  93  94  98  97  89  88  92 101 100  96  95  91  90  84  85
  62  61  58 316 315  14  10   9   6   5   1   0   2   7   8 107 112 113
 116 137 140 141 221 212 217 218 214 213 222 223 243 244 247 248 317 269
 270 274 275 296 297 303 304 309 308 307 302 298 299 273 314 268 164 165
 169 170 194 193 203 202 197  59  60  36  35  11]
Value - initial: 97449169, final: 6001559, improveup: 16.2373091725

data-line;i;97449169;f;6001559;t;5.51914787292;c;-2;fv;[6001559L];cv;-1;imp;16.2373091725;type;rvnd;inum;3;w;1

time;5.51914787292;man_time;0;neigh_time;0
man_time;0;man_merge_sol;0;man_best_sol;0;man_combine_sol;0

Waiting [0]
Terminating workers True 0 0
MPI TERMINATING
