pydf_home: /home/rodolfo/git/Sucuri
simple_pycuda_home: /home/rodolfo/git/simple-pycuda
wamca2016path: /home/rodolfo/git/wamca2016/
localpath: /home/rodolfo/git/dvnd-df/code/dvnd-df/src/
WAMCAPATH:/home/rodolfo/git/wamca2016/
param: {solution_index:4, solution_instance_index:90, multi_gpu:True, goal:False, problem_name:ml, number_of_moves:10, device_count:2, solver:rvnd, mpi_enabled:True, workers:1}
Using already created file:  wamca2016lib.so
Size: 501 - file name: 05_TRP-S500-R1.tsp

Value - initial: 33184260-[376  58 422 170  85 300  68   5 332  81 197  10 288 488 340 497 399  16
 481 377 297  28 249 380 484 323 320  49  24  74 163  50 221  67 150 154
 360 118 187 385 182 255 330 371 394 215 333 437 315 438 426  73  20 128
 462 413 433 294 347   6 463 492 159 229  97 130 439 181 302 279 428 346
 420 275 454 257 498  27 144 301 268 405  94 354 210  29 393  89 452  93
 366 277 177  79 136 349 236 233 382 192 188 400 424 348 465 493 457  40
 190 129   8 430 165 290  34 225 158 155 367 217 164 418 309 313 283 156
 242  11 213  15 482 186 293 252  76 115 106 298   4 289 161 292 353 152
 108 308 388  41 259 443 201  62 121 109 202 479 408 125 267 206 338 231
  12 407 365 378  82 326 384 207 167 216 468  88 200 262 427 460 351 467
 112 142  23  35 168 178 269 416 228 336 355 362 451 205 445 234 494 227
 375 120 270 149 339 414   9  21 344 160 485 274 101  57 265 472 243 431
 111  33 337 412 258  55 171  46 419  86 140 447 345 185 132 148 450 179
 358  18  72 240 374 390 458 264 480 381 230 143 261 119  17  42 477 328
  60  56  22  43  63 253 359 102 137 350 204 335 406 383 175 411 110 449
 209  39 311 496 364 307 198 429 341  13 398 387 287 107 276 291 444 470
 224 334 203  96  87 134 208 453  83 141 474  70  80 373 191 127 310 316
 392 342 131 495   3 117   1 401 139 304  51 352 459 305 251 284 248 146
  44 238  99  84 105 126 489 471 391 183 314 423 402 490 245 483 491  92
 232 273  53 466 153  95 436 193 410  59 184 319 473 322  26 278  77 372
 386 331 329 194 263 455 440 223 327 281 425  14 214  65 114 303 239 379
 100 464 176 254 368 166  75 325 296 256  19 162 123 222 271  32 116 356
 403 250 133 415 295 174 370 321 396   0  37 357  36 241 266 343 145 456
  54 475 199 317 448 500  71   7  45 169  78 124 226 173  61 286 220 395
 478  98 285 104 235 486 195 421 180 196 409 280 122 135 219 138 417 157
 237 172 151  64 312 363 389  52  30 432 211 282  69 272 476 369 212 189
  48 441 361  91  31 434 324  66 260 435   2 147 306 113 247  38 446 404
 218 299  90 244 469 442 397 246 461 487  25  47 103 318 499] - 33184260
Solver: RVND, number of workers: 1
Setting feeder affinity
I am the master. There are 1 mpi processes. (hostname = gpu01)
Roots [<pyDF.nodes.Feeder object at 0x7f68f045bad0>]
Starting 0
Main loop
I am worker 0
GPU0
set random seed!
Initial: 33184260-[376  58 422 170  85 300  68   5 332  81 197  10 288 488 340 497 399  16
 481 377 297  28 249 380 484 323 320  49  24  74 163  50 221  67 150 154
 360 118 187 385 182 255 330 371 394 215 333 437 315 438 426  73  20 128
 462 413 433 294 347   6 463 492 159 229  97 130 439 181 302 279 428 346
 420 275 454 257 498  27 144 301 268 405  94 354 210  29 393  89 452  93
 366 277 177  79 136 349 236 233 382 192 188 400 424 348 465 493 457  40
 190 129   8 430 165 290  34 225 158 155 367 217 164 418 309 313 283 156
 242  11 213  15 482 186 293 252  76 115 106 298   4 289 161 292 353 152
 108 308 388  41 259 443 201  62 121 109 202 479 408 125 267 206 338 231
  12 407 365 378  82 326 384 207 167 216 468  88 200 262 427 460 351 467
 112 142  23  35 168 178 269 416 228 336 355 362 451 205 445 234 494 227
 375 120 270 149 339 414   9  21 344 160 485 274 101  57 265 472 243 431
 111  33 337 412 258  55 171  46 419  86 140 447 345 185 132 148 450 179
 358  18  72 240 374 390 458 264 480 381 230 143 261 119  17  42 477 328
  60  56  22  43  63 253 359 102 137 350 204 335 406 383 175 411 110 449
 209  39 311 496 364 307 198 429 341  13 398 387 287 107 276 291 444 470
 224 334 203  96  87 134 208 453  83 141 474  70  80 373 191 127 310 316
 392 342 131 495   3 117   1 401 139 304  51 352 459 305 251 284 248 146
  44 238  99  84 105 126 489 471 391 183 314 423 402 490 245 483 491  92
 232 273  53 466 153  95 436 193 410  59 184 319 473 322  26 278  77 372
 386 331 329 194 263 455 440 223 327 281 425  14 214  65 114 303 239 379
 100 464 176 254 368 166  75 325 296 256  19 162 123 222 271  32 116 356
 403 250 133 415 295 174 370 321 396   0  37 357  36 241 266 343 145 456
  54 475 199 317 448 500  71   7  45 169  78 124 226 173  61 286 220 395
 478  98 285 104 235 486 195 421 180 196 409 280 122 135 219 138 417 157
 237 172 151  64 312 363 389  52  30 432 211 282  69 272 476 369 212 189
  48 441 361  91  31 434 324  66 260 435   2 147 306 113 247  38 446 404
 218 299  90 244 469 442 397 246 461 487  25  47 103 318 499]
Final time: 5.81062293053s - Best: 2023012-[376 139 104 313 272 192 224 149   8 390 310 360 164 135 106 258 321 353
 287 198 464  71 364 174  38 146 232  88 193 112 142 236   5 356 339 445
 111   7  83  59 486  41 469  32  80  84 217 276 282 171 444  91 123 413
  21 278 202 299 292 297 328 372 196  55 185  43 285 309 163  42 453 140
 251 349 387 279 373  44 330 301 380 208 216 451 233 211  94 332 479 460
 102 302 212  72 308 268 336 386 395 262  73 417  78 348  19 179 116 344
 303 235 452  18   0 150 271  63 229 489 320 461 241 495 493 429 397 498
 374 323 327 400 153  53 107  23 222 166  98  46 257 186 363 492 133 298
 245 274 370  68 388  14 484 391 161  75 333 227 250 126 205 147 405 108
 151 334 145 355 428 260 443 340 122 199  51 316 115 471 228 159 197 490
 264 220 101  27 491 441 244  37 130 446 474   9 482 127 256 375 231 249
 342 314 401  24 465 462  11 283 442 424 315 173 399 423 437 422 468 346
  76 394 195 436 382 419 431 181  82 358 416 345 221 421 496 325  67  81
  87 210 326 352 277 124  35 379  13 194 500 242 234 456 371  34 289 188
 267 476  85 110 398 125 259 143 418  64 214 483 331 105  10 497 176 409
 318 378 240 103 132 359 408 427  74   1  17 114 300 384 144  40 252 357
 206  58 406 433 343 219 118 261 499  60 347  45 383  28 182 351 305 481
 117 377 369 488 168   2 450 311 324 162  66 189  26  50 170  92 131 295
 338 415 350 458 449 432 291 165 435 367  57 254  25 475 187 473  90 207
 365 487 467 201 157 404 253 402 294  20  54 128 410 175 385 138  65 440
  15  96 177 218 494 430 288 485 141 354 448  95 190 255  97 237  52 248
 438  16 447 411 403 160 439 129 239 226 457 381 238 265  69 281 203 290
  99  93 466 155 307  70 275  12  89 109 204 215 152   6 293 306 304  79
 412 312 426 392 455 191 269 407 156 329 284 223   4 178 459 119  36 434
 273   3 393 167 319  33 136 470 200 335 172 213 286 337 414 341  22 100
 396  77 209 389  29  47 180 183 480 362  62 420 266 230 184 154 158 169
 121 113  48 463  86  61 296 280 317 263 137 478 270  56 361 368  31 225
 454 472 134 247 425  30 366  49 120 148 477 322 243 246  39]
Value - initial: 33184260, final: 2023012, improveup: 16.4033925651

data-line;i;33184260;f;2023012;t;5.81062293053;c;-2;fv;[2023012L];cv;-1;imp;16.4033925651;type;rvnd;inum;4;w;1

time;5.81062293053;man_time;0;neigh_time;0
man_time;0;man_merge_sol;0;man_best_sol;0;man_combine_sol;0

Waiting [0]
Terminating workers True 0 0
MPI TERMINATING
