pydf_home: /home/rodolfo/git/Sucuri
simple_pycuda_home: /home/rodolfo/git/simple-pycuda
wamca2016path: /home/rodolfo/git/wamca2016/
localpath: /home/rodolfo/git/dvnd-df/code/dvnd-df/src/
WAMCAPATH:/home/rodolfo/git/wamca2016/
param: {solution_index:5, solution_instance_index:68, multi_gpu:True, goal:False, problem_name:ml, number_of_moves:10, device_count:2, solver:rvnd, mpi_enabled:True, workers:1}
Using already created file:  wamca2016lib.so
Size: 657 - file name: 06_d657.tsp

Value - initial: 275216372-[379 502 206 255 132 509  48 602 587  78 325 236 321 437 253 295 208  84
  69 259 492 448 634 495 360 371 349 220 162 467 451  68 276 157  53 374
 118 465 435 317 485 498 471 470 392  50  72 499 244 251 246 581 445 143
 111 205 282 320 198 165 624 486 589 380  55 114 168 155 219 385  46 654
 152 643 250  70 110  29 622 245 401 457 593  61  18 514 442 271   8 412
 583  22 140 247 135  42 285 142 362 414  43 610 395 139 207 216  75 307
 335 384 382 625 461  16  54 176 434  31 273 400 576   1 566 291 386 204
 428  20  19 438 398  92 590 115 217  23  93 223 489 312 184 315 479 234
 628 120 422 526 341  66  77 432 345 540 138 275  17  95 127 373 288 137
 124 235 171 292 627 544 588  15 298  74 314 639 130  71 633 357 393 473
  90 265 238 641 459 304 199 603 104 640 129  12  82 553 390 397  28  24
  14 249 126 195   6 607  81 572 227 316 604 529  64 430 270 177 113 258
  99 536  86 533  51 410 148  27 109 552 601 425 476 497 256  56 309 329
 560 279 194 308  40 598 363 647 119 522 453 595 293 239  80 128 631 242
 475 503 141 614 586  21 423 394 452 605 646 431  65 145 149 612 525 240
 585 561 454 551  60 609 294  30 520 618 210 367 567 186 573 262  33 449
 354 283 377 574  83 159 580 606 480 626 214 332 351  96 543 630 174 644
  26 348 613 269 493 513   2 340  97 311 181 375 268 302  52 478  49 343
 280  34 433 444 209 642 306 226 477  88 532 528 166 160 519  57 447 500
  73  32 564 103 100 521 175 472 420 623  79 179 484 408 456 524 599 277
 403 562 313 594 296 123 185 487   3 549 117 415 455 578 554 596 539 188
 156 254 481 225 621 319 237 460 144 146 281 327   9 108 150 517 161 366
 252 619  94 378 615 541 468 364 190 649 636 178 592 427 488 287 264 559
 305 637 372 187 151 200 350 399 230 582 537 555  58 344 189 346 232 538
   5 645 192 241 300 469 169 233 101 213 352 523  13 107 284 224 396 203
  85  39 411 512  59 494 466 563 167 632 464 440  41 231 334 191 446 491
 163  63 535 248 546 405 508 290 568  44 511 355 221   0 338 510 389 278
 365  37 303 154 170 611 490 569 333 571 218  87 501 418 257 577 368 483
 105 558 441 547 342 339 289 591  10 505 421 102 387 310 212 436 506  91
 608 406 228 361 530 482 215  36 462  38 336 383 597 337 545  11 202 196
 416 158 370 358 450 153 620 267 413 650 381 463 404 116  25 211 584 570
  89 330 347 243 409 443 136 180 518  62 531 121 353 172 106 328 550 629
 324 651 260 112 638 579 504 229 274 496 197 417 534 222 653  76 617 134
   4 652 648  98 407  67 556 266 429 297 272 369 323 299 402 655 133 331
 201 391 183 419 565 507 557 439 122 322 542 575 173 656 474 286  35 131
 388 356 263 164 326 193 516 458 616 261 527 125 426 515 301 182 548   7
  45 424 635 376 359 318  47 147 600] - 275216372
Solver: RVND, number of workers: 1
Setting feeder affinity
I am the master. There are 1 mpi processes. (hostname = gpu01)
Roots [<pyDF.nodes.Feeder object at 0x7f5f7f9fead0>]
Starting 0
Main loop
I am worker 0
GPU0
set random seed!
Initial: 275216372-[379 502 206 255 132 509  48 602 587  78 325 236 321 437 253 295 208  84
  69 259 492 448 634 495 360 371 349 220 162 467 451  68 276 157  53 374
 118 465 435 317 485 498 471 470 392  50  72 499 244 251 246 581 445 143
 111 205 282 320 198 165 624 486 589 380  55 114 168 155 219 385  46 654
 152 643 250  70 110  29 622 245 401 457 593  61  18 514 442 271   8 412
 583  22 140 247 135  42 285 142 362 414  43 610 395 139 207 216  75 307
 335 384 382 625 461  16  54 176 434  31 273 400 576   1 566 291 386 204
 428  20  19 438 398  92 590 115 217  23  93 223 489 312 184 315 479 234
 628 120 422 526 341  66  77 432 345 540 138 275  17  95 127 373 288 137
 124 235 171 292 627 544 588  15 298  74 314 639 130  71 633 357 393 473
  90 265 238 641 459 304 199 603 104 640 129  12  82 553 390 397  28  24
  14 249 126 195   6 607  81 572 227 316 604 529  64 430 270 177 113 258
  99 536  86 533  51 410 148  27 109 552 601 425 476 497 256  56 309 329
 560 279 194 308  40 598 363 647 119 522 453 595 293 239  80 128 631 242
 475 503 141 614 586  21 423 394 452 605 646 431  65 145 149 612 525 240
 585 561 454 551  60 609 294  30 520 618 210 367 567 186 573 262  33 449
 354 283 377 574  83 159 580 606 480 626 214 332 351  96 543 630 174 644
  26 348 613 269 493 513   2 340  97 311 181 375 268 302  52 478  49 343
 280  34 433 444 209 642 306 226 477  88 532 528 166 160 519  57 447 500
  73  32 564 103 100 521 175 472 420 623  79 179 484 408 456 524 599 277
 403 562 313 594 296 123 185 487   3 549 117 415 455 578 554 596 539 188
 156 254 481 225 621 319 237 460 144 146 281 327   9 108 150 517 161 366
 252 619  94 378 615 541 468 364 190 649 636 178 592 427 488 287 264 559
 305 637 372 187 151 200 350 399 230 582 537 555  58 344 189 346 232 538
   5 645 192 241 300 469 169 233 101 213 352 523  13 107 284 224 396 203
  85  39 411 512  59 494 466 563 167 632 464 440  41 231 334 191 446 491
 163  63 535 248 546 405 508 290 568  44 511 355 221   0 338 510 389 278
 365  37 303 154 170 611 490 569 333 571 218  87 501 418 257 577 368 483
 105 558 441 547 342 339 289 591  10 505 421 102 387 310 212 436 506  91
 608 406 228 361 530 482 215  36 462  38 336 383 597 337 545  11 202 196
 416 158 370 358 450 153 620 267 413 650 381 463 404 116  25 211 584 570
  89 330 347 243 409 443 136 180 518  62 531 121 353 172 106 328 550 629
 324 651 260 112 638 579 504 229 274 496 197 417 534 222 653  76 617 134
   4 652 648  98 407  67 556 266 429 297 272 369 323 299 402 655 133 331
 201 391 183 419 565 507 557 439 122 322 542 575 173 656 474 286  35 131
 388 356 263 164 326 193 516 458 616 261 527 125 426 515 301 182 548   7
  45 424 635 376 359 318  47 147 600]
Final time: 8.76264309883s - Best: 14586753-[379 376 374 368 357 351 333 318 312 305 304 284 259 255 243 228 224 226
 219 214 208 184 179 177 154 149 147 148 139 120  99  92  86  90  70  58
  61  66  71  80  75  81 106 111 107 100  96  94  89  76  83  88  87  95
 108 109 127 124 505 506 125 135 126 504 499 502 503 501 500 495 512 513
 516 517 518 523 529 533 530 524 522 525 526 527 521 520 519 477 478 479
 481 480 485 486 490 487 488 484 489 492 493 498 496 497 494 491 482 472
 471 483  67  56  62  51  47  43  38  42  46  55  48  52  57  59  69  72
  85  91  97  98  93  84  74  77  73  68  63  45  44  49  54  50  40  29
  22  23 440  25  26  27  30  31  37  34 469 463 462 466 468 464 458 453
 450 452 454 451 448 449 442 441 443 446 447 445 444  19  18  13  17  16
  20  15  14  21  24  12  11  10   8   9   7  33  32  35  36  39  41  53
  60  64  79 101 132 140 155 168 172 178 185 186 180 181 191 195 197 198
 199 209 217 218 220 230 238 239 253 261 263 264 271 290 298 307 317 322
 335 345 341 347 361 372 391 409 416 420 437 439 421 415 404 400 389 346
 340 323 324 334 303 299 293 288 287 275 254 232 241 260 294 325 349 369
 365 377 386 401 405 414 423 431 424 425 419 410 396 378 385 395 402 406
 413 394 403 407 412 433 434 429 417 411 382 392 363 352 359 339 328 313
 314 315 332 362 367 353 344 338 329 316 336 343 319 330 331 355 360 354
 375 380 383 381 393 426 427 408 622 620 618 617 616 615 613 610 607 606
 605 601 600 598 279 592 266 258 273 280 297 296 302 295 301 285 282 286
 283 274 272 291 277 249 188 192 176 151 167 153 166 158 150 143 122 112
 121 105 104 113 119 103 118 114 102 115 137 142 130 116 128 129 131 138
 163 156 164 162 190 196 206 234 240 225 236 248 292 308 309 321 342 348
 364 370 388 397 422 436 430 435 387 350 326 320 310 300 276 270 268 251
 247 221 215 204 187 165 157 169 171 170 161 207 227 252 242 250 223 233
 244 256 267 278 281 265 245 222 216 212 205 203 193 174 160 136 133 507
 508 509 510 511 567 570 566 557 555 554 558 553 548 547 544 545 546 552
 628 629 630 631 632 633 635 634 636 637 641 642 640 638 639 536 537 534
 535 532 531 538 539 540 541 542 543 549 550 551 556 559 528 514 515 476
 475 457 456 473 455 459 460 461 465 467 470  82 110 123 146 134 144 145
 152 159 189 182 173 183 194 200 201 202 213 580 229 246 257 589 586 581
 578 582 591 596 597 602 611 609 604 603 599 593 590 587 585 584 583 576
 577 573 574 565 563 560 564 561 562 568 569 571 572 626 655 654 627 651
 650 649 647 648 652 653 656 575 579 588 594 595 608 337 356 418 428 384
 366 327 311 358 373 432 398 438 399 390 371 289 262 269 237 231 235 210
 141 117  78   6   5   4   3   2   1  28  65 175 211 306 612 619 624 625
 623 621 614 645 646 644 643 474   0]
Value - initial: 275216372, final: 14586753, improveup: 18.8675555142

data-line;i;275216372;f;14586753;t;8.76264309883;c;-2;fv;[14586753L];cv;-1;imp;18.8675555142;type;rvnd;inum;5;w;1

time;8.76264309883;man_time;0;neigh_time;0
man_time;0;man_merge_sol;0;man_best_sol;0;man_combine_sol;0

Waiting [0]
Terminating workers True 0 0
MPI TERMINATING
