pydf_home: /home/rodolfo/git/Sucuri
simple_pycuda_home: /home/rodolfo/git/simple-pycuda
wamca2016path: /home/rodolfo/git/wamca2016/
localpath: /home/rodolfo/git/dvnd-df/code/dvnd-df/src/
WAMCAPATH:/home/rodolfo/git/wamca2016/
param: {solution_index:2, solution_instance_index:12, multi_gpu:True, goal:False, problem_name:ml, number_of_moves:10, device_count:2, solver:rvnd, mpi_enabled:True, workers:1}
Using already created file:  wamca2016lib.so
Size: 226 - file name: 03_pr226.tsp

Value - initial: 192434551-[ 12 160 134  59   4 212  64  56  53 144 147 214 154 210  89 107 152 208
   9 129 137 203 149 201  74  21  14 209 202 130  48 118  72 136  97 117
 123 184  73 135  92   6  91 119 215 100  35  28  36  95  52  58  67  85
  75 189  42  98  55  30  80 176   1  16 170  57  62 211 141 103  45 218
 104 125 138  44  61 127  33 108  23  78  31 222 213  70  37  17  15 128
  38  26   7 172  11  24 148   2  20 195  39 102 101 126  19  13 120 174
 116  32 124  41  84 161 175  93 163  76 223 185 169 225  65 196 157 206
 204 179  54 140  69  82 192  87 200 145 114  96 106 162 155 133 178 156
 166  79 158 131 177  29 150 216 153 205  86  47 194 193 217 181 146  25
 180  81 165   3  43 111 221  22   5 207 121  63  66 143  46 159 171 164
  40  90  18  10  68 187 168 109  49  50   0 173 105 110 190 224 115  34
 112  77 122  94 142 183  88  71 197 191 219 188 139  60 132 151  99 198
 220 199 113  51   8 167 186 182  27  83] - 192434551
Solver: RVND, number of workers: 1
Setting feeder affinity
I am the master. There are 1 mpi processes. (hostname = gpu01)
Roots [<pyDF.nodes.Feeder object at 0x7f42a796ead0>]
Starting 0
Main loop
I am worker 0
GPU0
set random seed!
Initial: 192434551-[ 12 160 134  59   4 212  64  56  53 144 147 214 154 210  89 107 152 208
   9 129 137 203 149 201  74  21  14 209 202 130  48 118  72 136  97 117
 123 184  73 135  92   6  91 119 215 100  35  28  36  95  52  58  67  85
  75 189  42  98  55  30  80 176   1  16 170  57  62 211 141 103  45 218
 104 125 138  44  61 127  33 108  23  78  31 222 213  70  37  17  15 128
  38  26   7 172  11  24 148   2  20 195  39 102 101 126  19  13 120 174
 116  32 124  41  84 161 175  93 163  76 223 185 169 225  65 196 157 206
 204 179  54 140  69  82 192  87 200 145 114  96 106 162 155 133 178 156
 166  79 158 131 177  29 150 216 153 205  86  47 194 193 217 181 146  25
 180  81 165   3  43 111 221  22   5 207 121  63  66 143  46 159 171 164
  40  90  18  10  68 187 168 109  49  50   0 173 105 110 190 224 115  34
 112  77 122  94 142 183  88  71 197 191 219 188 139  60 132 151  99 198
 220 199 113  51   8 167 186 182  27  83]
Final time: 2.4217247963s - Best: 7223461-[ 12  70  67  68  69 110 102 104 111 112 103 105 113 114 106 107 115 116
 108 109 117 125 118 119 127 126 120 121 128 130 122 123 129 131 124 225
 224 223 222 221 220 219 218 217 216 215 214 213 212 211 210 209 208 207
 206 205 204 203 202 201 200 199 198 197 196 195 194 193 192 191 190 189
 188 187 186 185 184 183 182 181 180 179 178 177 176 175 174 173 172 171
 170 169 168 167 166 165 164 163 162 161 160 159 158 157 156 155 154 149
 142 141 147 148 140 139 146 144 138 137 145 143 136  93 101 100  92  91
  99  98  90  89  97  96  87  88  95  94  86  46  45  44  47  32  31  30
  35  34  33  29  28  26  25  24  23  22  21  49  50  51  52  53  54  55
  56  57  58  59  60  61  62  63  64  66  16  14  13   9   8   6   5   4
   3   2   1   0  72  73  74  75  76  77  78  79  80  81  82  83  84  85
  71   7  10  11  15  17  18  19  20  27  48  43  36  37  38  41  42  39
  40 153 152 151 150 135 134 133 132  65]
Value - initial: 192434551, final: 7223461, improveup: 26.640214573

data-line;i;192434551;f;7223461;t;2.4217247963;c;-2;fv;[7223461L];cv;-1;imp;26.640214573;type;rvnd;inum;2;w;1

time;2.4217247963;man_time;0;neigh_time;0
man_time;0;man_merge_sol;0;man_best_sol;0;man_combine_sol;0

Waiting [0]
Terminating workers True 0 0
MPI TERMINATING
