pydf_home: /home/rodolfo/git/Sucuri
simple_pycuda_home: /home/rodolfo/git/simple-pycuda
wamca2016path: /home/rodolfo/git/wamca2016/
localpath: /home/rodolfo/git/dvnd-df/code/dvnd-df/src/
WAMCAPATH:/home/rodolfo/git/wamca2016/
param: {solution_index:0, solution_instance_index:43, multi_gpu:True, goal:False, problem_name:ml, number_of_moves:10, device_count:2, solver:rvnd, mpi_enabled:True, workers:1}
Using already created file:  wamca2016lib.so
Size: 52 - file name: 01_berlin52.tsp

Value - initial: 915431-[ 8 51 15 26  7 21  4 11  9 25 23 29 39  1  0 37 48 35 10 41 30 12  6 43 13
 22 44 28 47 45 38 27 18 14  2 32  3 16 36 46 50 31 49 33 17 40 20 34 24 19
 42  5] - 915431
Solver: RVND, number of workers: 1
Setting feeder affinity
I am the master. There are 1 mpi processes. (hostname = gpu01)
Roots [<pyDF.nodes.Feeder object at 0x7f0c279c7ad0>]
Starting 0
Main loop
I am worker 0
GPU0
set random seed!
Initial: 915431-[ 8 51 15 26  7 21  4 11  9 25 23 29 39  1  0 37 48 35 10 41 30 12  6 43 13
 22 44 28 47 45 38 27 18 14  2 32  3 16 36 46 50 31 49 33 17 40 20 34 24 19
 42  5]
Final time: 1.3631401062s - Best: 201872-[ 8  9  7 21 31 48 35 34 33 39 37 36 38 14 23 47 24  3  5 45 15 43 49 19 29
  1 41  6 20 30  0  4 11 25 46 13 12 26 51 10 50 42 44 17 40 18  2 16 22 28
 27 32]
Value - initial: 915431, final: 201872, improveup: 4.53471011334

data-line;i;915431;f;201872;t;1.3631401062;c;-2;fv;[201872L];cv;-1;imp;4.53471011334;type;rvnd;inum;0;w;1

time;1.3631401062;man_time;0;neigh_time;0
man_time;0;man_merge_sol;0;man_best_sol;0;man_combine_sol;0

Waiting [0]
Terminating workers True 0 0
MPI TERMINATING
