pydf_home: /home/rodolfo/git/Sucuri
simple_pycuda_home: /home/rodolfo/git/simple-pycuda
wamca2016path: /home/rodolfo/git/wamca2016/
localpath: /home/rodolfo/git/dvnd-df/code/dvnd-df/src/
WAMCAPATH:/home/rodolfo/git/wamca2016/
param: {solution_index:4, solution_instance_index:14, multi_gpu:True, goal:False, problem_name:ml, number_of_moves:10, device_count:2, solver:rvnd, mpi_enabled:True, workers:1}
Using already created file:  wamca2016lib.so
Size: 501 - file name: 05_TRP-S500-R1.tsp

Value - initial: 33438579-[376  88 108 469 289  38 202 382  37 119 195 433 236 226  81  12 186  87
  19 120 423 199 174 413 318 316 386 135 134  27 177 324 370 278  93  91
 263 147 377 165  69 252 405 421  97 203 216 365 175 148 442 125 427 430
 340 323 336 172 333  82 321 267 335 448 251 414 222 132 143  85   7 494
 268 232 215 312 300  74  16 205 272 367 307  36 473 288 338 261 276 320
  79 322 304 349   0 456  61  59 303 393 209 398 380  35 149  47 201 111
 388 411 212 311 457 302 169  86 481 387  95 271 404 497 478 221 241 299
 374 260 354 350 447 418 194 459   8 391   9 399 131 196 400 130  78 348
 156 118 240 486  31 479 301 218 347 429 480 140 385 106 274 255 153 352
 256 168 122 444 193 224 441 313 285 452 401 366  94  52  21 437 208 138
 483 460 170 191 233  44  76 223  53 449 114 292 341  42  34 207 395 176
 128 158 250   1 422 371  29 485 389 407  10 115 358 334 406  23 124  64
 155 308   4 375 249 253  45 396 446 245 100 102 475 471 470 384 179 490
 438  24  56 139 173 297 198 225  54  49 355 167 294 345  80 171 281  39
 329 180 428 183  62 403  66  28  11 317  48 279  96 344  25 379 410 117
 465 392  77 152 315 492 188  90  18 237 109 210  63 381 235 464 137 425
 351  20 110 327  68 161  57 339 314  55 451 402 331 217 306  73 409 487
  98  92 129 150 283 151 343 242 204 145 157 123 265 450 231 482 372  26
 466 498 495 426  99 472   5 287 220  13 420 185 436 293 269 461 328 164
 190 373  70  30 346 133  43 454 160 262 445 206 467 181 383 213 291 434
 342 463 325  14 364  89 290 219 468 357 254 424 488 360 390 362 305 359
 412 286 499 184 234 330 264  60 394 266 159 126 378  71 259  84 500 227
 415 477 368 229 309 246  83 462 141  58 197 277 332 144 189 182 101 270
 273 397  41   3 127 484  32 474 282 275  67  72 419 369 142 310 361 162
 280 136 432 244 228 298  15 443 187 319 295  40 105  17 431 491   6 258
 453  75 154 116 458 363 121 248 455  46 435  51 356 163 211 243 476 296
 416 489 238 107 146 104 230 417 166 284 113 408  65 439 178 239   2 103
  22 493 200 440 247 496 326 353  33  50 112 214 337 192 257] - 33438579
Solver: RVND, number of workers: 1
Setting feeder affinity
I am the master. There are 1 mpi processes. (hostname = gpu01)
Roots [<pyDF.nodes.Feeder object at 0x7f26adec3ad0>]
Starting 0
Main loop
I am worker 0
GPU0
set random seed!
Initial: 33438579-[376  88 108 469 289  38 202 382  37 119 195 433 236 226  81  12 186  87
  19 120 423 199 174 413 318 316 386 135 134  27 177 324 370 278  93  91
 263 147 377 165  69 252 405 421  97 203 216 365 175 148 442 125 427 430
 340 323 336 172 333  82 321 267 335 448 251 414 222 132 143  85   7 494
 268 232 215 312 300  74  16 205 272 367 307  36 473 288 338 261 276 320
  79 322 304 349   0 456  61  59 303 393 209 398 380  35 149  47 201 111
 388 411 212 311 457 302 169  86 481 387  95 271 404 497 478 221 241 299
 374 260 354 350 447 418 194 459   8 391   9 399 131 196 400 130  78 348
 156 118 240 486  31 479 301 218 347 429 480 140 385 106 274 255 153 352
 256 168 122 444 193 224 441 313 285 452 401 366  94  52  21 437 208 138
 483 460 170 191 233  44  76 223  53 449 114 292 341  42  34 207 395 176
 128 158 250   1 422 371  29 485 389 407  10 115 358 334 406  23 124  64
 155 308   4 375 249 253  45 396 446 245 100 102 475 471 470 384 179 490
 438  24  56 139 173 297 198 225  54  49 355 167 294 345  80 171 281  39
 329 180 428 183  62 403  66  28  11 317  48 279  96 344  25 379 410 117
 465 392  77 152 315 492 188  90  18 237 109 210  63 381 235 464 137 425
 351  20 110 327  68 161  57 339 314  55 451 402 331 217 306  73 409 487
  98  92 129 150 283 151 343 242 204 145 157 123 265 450 231 482 372  26
 466 498 495 426  99 472   5 287 220  13 420 185 436 293 269 461 328 164
 190 373  70  30 346 133  43 454 160 262 445 206 467 181 383 213 291 434
 342 463 325  14 364  89 290 219 468 357 254 424 488 360 390 362 305 359
 412 286 499 184 234 330 264  60 394 266 159 126 378  71 259  84 500 227
 415 477 368 229 309 246  83 462 141  58 197 277 332 144 189 182 101 270
 273 397  41   3 127 484  32 474 282 275  67  72 419 369 142 310 361 162
 280 136 432 244 228 298  15 443 187 319 295  40 105  17 431 491   6 258
 453  75 154 116 458 363 121 248 455  46 435  51 356 163 211 243 476 296
 416 489 238 107 146 104 230 417 166 284 113 408  65 439 178 239   2 103
  22 493 200 440 247 496 326 353  33  50 112 214 337 192 257]
Final time: 6.23004579544s - Best: 1919004-[376 139 272 104 313 292 299 202 278  43 285 185  55 309 163  42 453 140
 251 372 196 328 297 263 137 478 317 280 296  61 390   8 149 224 282 171
 444 217  84  80  32 469  41 486  83  59 339 445   7 111  39 246   5 356
 236 142 112 193  88 232 364  71 464 169  48 113 121 198 287 353 321 258
 106 135 164 360 397 498 429 493 461 241 495  56 184 154 230 468 346  76
 394 195 174 146  38 436 181 358 416 345 221 420 266  62 362  81  87 210
 326 352 277 124  35 379  13 194 500 242 234 465  24 401 314  11 283 462
 442 399 424 315 173 374 323 327 400 153  53 107  23 342 249 231 375 256
 127 482 474 446 130 456 371  34 476 267 188 289  37 244 441 491  27 101
 490 264 220  85 110 398 125 259 143 418  64 214 483  47  29 389 183  74
 427 408 359 132 103 240 378  10 497 318 409 176 480 300 384 114  17   1
 144  40 206  58 406 252 357 396  77 100 118 261 319 383  28 182  45 347
  60 324 162 311 450   2 168 488 369 377 167 393 273 434  36 119 459   4
 223 284 329  20 294 128  54 410 175 385 138  96  15 440  65 366  49 148
 477 322 120 218 494 430 288 255 190  95 448 485 141 354 207 365 487  25
 475  90 187 473 412  79 484 391 312 161  75 333  14 304 306 293 212 302
   6 248  52 438 152 102 460 479  94 332 211 233 451 216 380 208 109 204
 215 447 411  16 403 160 439 129 239 226 457 381 238 265  69 281 203 290
  99  93 307 155 466  89  12 275  70 387 349 279 373 330 301  44 179 116
 344 303 235 452  18   0 270 229 489  63 271 150 222 166  98  78 417  73
 348  19 243 262 395 386 336 268  72 308  68 388 370 274 245 298 227 250
 126 205 108 405 147 392 455 254 367  57 404 157 467 201 253 402 156 407
 269 191 435 165 291 432 134 122 340 443 260 428 355 145 334 151 363 186
 257  46 454   9 472 199  51 159 197 228 471 115 316 247 350 449 458 415
 338 295 131  92 170  50  26 425 189  66 209 499  33 351 117 481 305 136
 470  22 200 335 172 213 286 337 341 414 219 343 433 180 331 105  31 368
 423 361 437 422  67 325 496 421  82 431 419 382 158 463 276  91 123 413
  21  86 192 310 320 492 133 426 237  97 177  30 178   3 225]
Value - initial: 33438579, final: 1919004, improveup: 17.4249657635

data-line;i;33438579;f;1919004;t;6.23004579544;c;-2;fv;[1919004L];cv;-1;imp;17.4249657635;type;rvnd;inum;4;w;1

time;6.23004579544;man_time;0;neigh_time;0
man_time;0;man_merge_sol;0;man_best_sol;0;man_combine_sol;0

Waiting [0]
Terminating workers True 0 0
MPI TERMINATING
