pydf_home: /home/rodolfo/git/Sucuri
simple_pycuda_home: /home/rodolfo/git/simple-pycuda
wamca2016path: /home/rodolfo/git/wamca2016/
localpath: /home/rodolfo/git/dvnd-df/code/dvnd-df/src/
WAMCAPATH:/home/rodolfo/git/wamca2016/
param: {solution_index:6, solution_instance_index:27, multi_gpu:True, goal:False, problem_name:ml, number_of_moves:10, device_count:2, solver:rvnd, mpi_enabled:True, workers:1}
Using already created file:  wamca2016lib.so
Size: 783 - file name: 07_rat784.tsp

Value - initial: 70634424-[456 706 332 527 719 311 220 378 653  81 165 160  45 625 133 692 720 426
 434 622 297 267 733 327 509 232  67 756 505 202 324 605 447 567 655 176
 662 504  89 548 731 147 312  88 377 652 532 305 136  46 171 724 400 779
 252 253  32 130 540 580 445 163 381 777 729  82 700 679  91 715 397 778
 556 671 159 450 589 476 223 687 277 425 718 497 217 529 528 631 675 596
 323 355 213 198 584 659 380 215 590 481 619 574   9 467 299 100 749 265
 416 190 105  23 608 583 699 178  36 698 520 508 646 599 674 373 634 638
 367 325 354  15 303 290 680 767   5 758 294  13 654  59 462 345 226 365
 229 374 524 603 454 361 594 207 694 129 742 686 257 254 501 755 507 775
 228 474 127 612 371 211 484  72 683 177 186 458 591 403 166 143  10 387
 433 576 406 417   8 542 455 111 641 588 393 604 412 512 180 295 533 624
 242 408 601  43  74 479 711 243 628 413 248 308 109 716 771  20 753 549
 154 770 644 338 173 335 108 521  12 443 563 613  39 473 703 414 394 259
 219 227 475 418 191 383 688  83 363  52  86  97 409  85 695 113 502  37
 451  24 139 261 379 678 309  16  73 135 341 364 566 122  50 586 465 331
 747 399 708 531 639 161 723 292 102 230 313 486 581 197 119 411 516 587
 142  19 498 204 368 607 618 175 351 575 437 430   1 459 225  56 640 106
 101 727 614  87 518 357  30 168 151 322 595 689 453  71 444  75 249 427
 182 301 617 360 358 245 352 721 389 205 321 592 661 302 491 342 199 206
 140 270 666 164 492 649 126   6 395 432  98 366 495 696 344 726 131 705
 337 405 693 553 436 201 269 369 766 751  54 343 633 636 120 623 781   4
 112 320 712 658 739 235  77 107 488 428 772 768  51 763 630 464 483 396
 283 155 725 284  27 572 642 554 390 419 546  35 656 730 157 629 103 401
 571 258  78  66 372 422 722  84 188 138 735 746 272 386 162 672 499 222
 286 547 573 370  41 407 564 736  61 741  99 376 318 545 348 647 511 392
  90 759  28 336 602 500 316 704 346 193 281 420 469 110 597 463 391 558
 334   3 382 673 616 776 562 280 121 333 233 615 559 146 482  65 239 745
  62 643 314 645 707 170 610 203 359  49  29 544 510 244 195 764 350 306
 555 685 150 118 761 676 523 682 385 717 145 487 568 298  60  34 263 551
 701 293 172 743 477 541 402 489 569 560 241 278 183 192 246 670 174 740
 144 429 470 543 691  55 421  42 169 552  69 714 291 457 606 665 461 347
 319 282 134 300 519 752 503 439 247 684 441 431 609 289 466 538 200 260
 765 158  53  95 738 404  57 124 561 773 744 304 114 234  96 713 535 415
 271 423 585  21 149 256 539  64 637 485 782 582 273 536 750 279 446 208
 650 600 224  22 648 353  63 577 296  14  44 478 339 210  38   0 774 104
 137 657 209 635 148 356 262 310 221 153 424 240 593 285 196 264 780 760
 152  26  80 530 448 251 123 328 231 737 472 216 340 494 664  58 268   7
 651 274 728 525 375 762 266 250 632  92 598 757 184 349 330 557 185 663
 128 526 667 179 438 214 449 690 754 435 187   2 537 620  93 496 141 710
 442  79  48 288 669 218 515 697 490 189  40 125 115 748 471 117  11 626
 578  18 579 452 116 627 238 167 398 317 212 534  25  17 287 194 681 506
  33 517 660 255 468 236 709 734 410  76 668 522 384 493 326  31 513 275
 388 514 315 276  70 362 570 621 132 329 156  68 611 307 181 732 237 440
 460 565 480 769  47 702 550 677  94] - 70634424
Solver: RVND, number of workers: 1
Setting feeder affinity
I am the master. There are 1 mpi processes. (hostname = gpu01)
Roots [<pyDF.nodes.Feeder object at 0x7fe279adead0>]
Starting 0
Main loop
I am worker 0
GPU0
set random seed!
Initial: 70634424-[456 706 332 527 719 311 220 378 653  81 165 160  45 625 133 692 720 426
 434 622 297 267 733 327 509 232  67 756 505 202 324 605 447 567 655 176
 662 504  89 548 731 147 312  88 377 652 532 305 136  46 171 724 400 779
 252 253  32 130 540 580 445 163 381 777 729  82 700 679  91 715 397 778
 556 671 159 450 589 476 223 687 277 425 718 497 217 529 528 631 675 596
 323 355 213 198 584 659 380 215 590 481 619 574   9 467 299 100 749 265
 416 190 105  23 608 583 699 178  36 698 520 508 646 599 674 373 634 638
 367 325 354  15 303 290 680 767   5 758 294  13 654  59 462 345 226 365
 229 374 524 603 454 361 594 207 694 129 742 686 257 254 501 755 507 775
 228 474 127 612 371 211 484  72 683 177 186 458 591 403 166 143  10 387
 433 576 406 417   8 542 455 111 641 588 393 604 412 512 180 295 533 624
 242 408 601  43  74 479 711 243 628 413 248 308 109 716 771  20 753 549
 154 770 644 338 173 335 108 521  12 443 563 613  39 473 703 414 394 259
 219 227 475 418 191 383 688  83 363  52  86  97 409  85 695 113 502  37
 451  24 139 261 379 678 309  16  73 135 341 364 566 122  50 586 465 331
 747 399 708 531 639 161 723 292 102 230 313 486 581 197 119 411 516 587
 142  19 498 204 368 607 618 175 351 575 437 430   1 459 225  56 640 106
 101 727 614  87 518 357  30 168 151 322 595 689 453  71 444  75 249 427
 182 301 617 360 358 245 352 721 389 205 321 592 661 302 491 342 199 206
 140 270 666 164 492 649 126   6 395 432  98 366 495 696 344 726 131 705
 337 405 693 553 436 201 269 369 766 751  54 343 633 636 120 623 781   4
 112 320 712 658 739 235  77 107 488 428 772 768  51 763 630 464 483 396
 283 155 725 284  27 572 642 554 390 419 546  35 656 730 157 629 103 401
 571 258  78  66 372 422 722  84 188 138 735 746 272 386 162 672 499 222
 286 547 573 370  41 407 564 736  61 741  99 376 318 545 348 647 511 392
  90 759  28 336 602 500 316 704 346 193 281 420 469 110 597 463 391 558
 334   3 382 673 616 776 562 280 121 333 233 615 559 146 482  65 239 745
  62 643 314 645 707 170 610 203 359  49  29 544 510 244 195 764 350 306
 555 685 150 118 761 676 523 682 385 717 145 487 568 298  60  34 263 551
 701 293 172 743 477 541 402 489 569 560 241 278 183 192 246 670 174 740
 144 429 470 543 691  55 421  42 169 552  69 714 291 457 606 665 461 347
 319 282 134 300 519 752 503 439 247 684 441 431 609 289 466 538 200 260
 765 158  53  95 738 404  57 124 561 773 744 304 114 234  96 713 535 415
 271 423 585  21 149 256 539  64 637 485 782 582 273 536 750 279 446 208
 650 600 224  22 648 353  63 577 296  14  44 478 339 210  38   0 774 104
 137 657 209 635 148 356 262 310 221 153 424 240 593 285 196 264 780 760
 152  26  80 530 448 251 123 328 231 737 472 216 340 494 664  58 268   7
 651 274 728 525 375 762 266 250 632  92 598 757 184 349 330 557 185 663
 128 526 667 179 438 214 449 690 754 435 187   2 537 620  93 496 141 710
 442  79  48 288 669 218 515 697 490 189  40 125 115 748 471 117  11 626
 578  18 579 452 116 627 238 167 398 317 212 534  25  17 287 194 681 506
  33 517 660 255 468 236 709 734 410  76 668 522 384 493 326  31 513 275
 388 514 315 276  70 362 570 621 132 329 156  68 611 307 181 732 237 440
 460 565 480 769  47 702 550 677  94]
Final time: 16.6051018238s - Best: 3397794-[456 466 468 469 463 475 493 495 496 521 526 542 557 564 569 576 583 590
 599 600 613 632 629 635 645 650 665 668 660 656 648 627 616 606 620 621
 608 602 586 563 562 565 577 556 551 528 514 499 490 482 476 494 512 518
 517 530 546 539 538 560 568 578 579 585 593 610 625 647 651 658 677 687
 708 703 696 682 671 664 639 637 623 595 575 567 559 547 532 525 510 481
 483 484 465 457 452 451 444 435 428 422 400 389 386 381 357 334 326 318
 298 285 290 305 324 345 352 364 370 388 396 406 424 442 437 421 432 425
 429 423 419 438 430 434 440 447 433 436 458 473 479 488 492 513 519 523
 552 558 572 571 570 588 609 617 614 628 631 641 649 661 653 652 688 699
 700 692 672 663 666 667 673 675 669 646 636 615 605 592 591 581 566 573
 549 537 545 548 544 531 543 536 527 524 508 501 487 474 464 449 445 431
 413 414 402 387 384 367 360 348 336 337 339 347 350 353 359 374 379 385
 380 382 399 401 415 417 410 416 418 409 408 407 392 376 369 344 332 320
 321 302 291 280 268 252 250 261 274 256 236 225 220 227 228 243 259 262
 270 271 240 251 244 260 278 283 297 308 319 323 333 330 341 361 377 397
 411 426 446 453 467 477 470 480 478 460 441 427 420 412 405 403 393 398
 395 378 368 373 354 340 328 313 303 296 295 263 264 279 284 253 233 217
 198 193 180 176 148 133 134 105 108 113 121 141 147 144 157 165 173 177
 191 202 190 188 196 200 187 182 158 143 123 120 125 117  98  84  70  63
  58  60  67  85  81  71  91 102 128 129 140 131 130 118 112 103  95  86
  83  78  74  65  72  90  89  77  68  43  54  59  42  37  12  10   3  33
  27  23  26  25  20  15  31  50  41  53  61  49  34  21  30  35  19   7
  29  18   4   2   9   8  11  32  28  38  62  57  52  46  64  82  93  75
  97  94  88  73  76 101 104 107 111 115 127 139 162 168 156 163 164 172
 181 208 210 211 218 224 216 205 189 199 197 178 175 160 151 142 136 132
 119 110 106 135 150 155 161 152 126 114  99  79  69  80  66  40  45  17
   6   1  22  16   0  14  24  36  44  56  51  48  55  87  96 109 116 122
 138 146 154 159 174 171 179 185 204 215 214 234 235 241 265 269 288 304
 312 301 293 275 276 254 245 238 229 230 247 272 277 273 248 226 221 194
 195 183 186 203 201 207 223 242 255 266 267 257 239 231 232 249 258 289
 299 306 292 315 331 338 322 316 327 342 351 362 358 355 343 365 391 404
 448 455 472 459 454 462 485 491 507 511 516 505 529 533 550 553 561 596
 597 611 589 598 612 618 640 643 680 690 691 697 712 706 718 736 732 756
 758 757 742 738 731 721 705 684 679 689 674 659 633 626 644 654 678 670
 704 717 735 744 734 724 733 737 746 768 777 760 771 764 759 775 767 778
 776 772 773 765 747 754 753 719 698 694 685 709 720 725 739 748 761 769
 762 749 726 730 729 722 745 740 741 751 755 763 781 782 774 770 766 752
 743 750 727 723 715 707 701 693 702 695 714 716 713 711 710 686 681 676
 657 655 662 642 634 624 622 619 601 584 582 607 594 603 580 638 630 604
 574 541 540 555 534 535 520 506 500 504 486 390 371 375 349 346 329 335
 325 317 310 294 311 300 286 281 282 287 307 309 363 372 439 450 497 509
 502 522 554 515 503 489 461 443 366 356 314 246 237 213 222 206 219 212
 209 137 149 153 166 167 169 192 170 100  39   5  92  13  47 124 145 184
 383 394 471 498 587 683 779 780 728]
Value - initial: 70634424, final: 3397794, improveup: 20.7883185384

data-line;i;70634424;f;3397794;t;16.6051018238;c;-2;fv;[3397794L];cv;-1;imp;20.7883185384;type;rvnd;inum;6;w;1

time;16.6051018238;man_time;0;neigh_time;0
man_time;0;man_merge_sol;0;man_best_sol;0;man_combine_sol;0

Waiting [0]
Terminating workers True 0 0
MPI TERMINATING
