pydf_home: /home/rodolfo/git/Sucuri
simple_pycuda_home: /home/rodolfo/git/simple-pycuda
wamca2016path: /home/rodolfo/git/wamca2016/
localpath: /home/rodolfo/git/dvnd-df/code/dvnd-df/src/
WAMCAPATH:/home/rodolfo/git/wamca2016/
param: {solution_index:2, solution_instance_index:72, multi_gpu:True, goal:False, problem_name:ml, number_of_moves:10, device_count:2, solver:rvnd, mpi_enabled:True, workers:1}
Using already created file:  wamca2016lib.so
Size: 226 - file name: 03_pr226.tsp

Value - initial: 197096981-[ 73 139 209 112 114 210  92 161 137   6  16  94  10 157 135 208 190  53
  70 203   8 189 179  21  57  82 182 181  58 104  86  96 106 153   7  64
 191  51 222  46 193 223 131  14 121  12 165  50 145 103 178  59 105   5
  22  17  42 168 198  91 143 149 184 216 213 138 144 128 164  87  74 206
 215  47 150 225 156  44  18 194  75 214  39  68  71 136 129  81 204  13
 200  54 207 117 196  37  55 118  65 101   9  24  40 123 154 199 221 187
 115  93 201 125  99 205 202   2 176  60 219  28  80 111  43  35 152 127
  23 132  76 122  36  89 218  72 166  41 177  79 173  83 180 188 186  56
  26 113   4 155 174  48 158 107 159 124  98 185 130  34   3 109  52 133
 163 146  62 119  29  90  33 160  69  61  66 175 142  27  78   1 167  67
 120 148 169 192 195  32 162  97  19 220  95 171  49 172 102 126 141 110
 151  63 197 100  30  77  85 147  45 108 212  38 134 217 183 170  84 211
  88  25 140   0  15  11  20 116  31 224] - 197096981
Solver: RVND, number of workers: 1
Setting feeder affinity
I am the master. There are 1 mpi processes. (hostname = gpu01)
Roots [<pyDF.nodes.Feeder object at 0x7f7ac1471ad0>]
Starting 0
Main loop
I am worker 0
GPU0
set random seed!
Initial: 197096981-[ 73 139 209 112 114 210  92 161 137   6  16  94  10 157 135 208 190  53
  70 203   8 189 179  21  57  82 182 181  58 104  86  96 106 153   7  64
 191  51 222  46 193 223 131  14 121  12 165  50 145 103 178  59 105   5
  22  17  42 168 198  91 143 149 184 216 213 138 144 128 164  87  74 206
 215  47 150 225 156  44  18 194  75 214  39  68  71 136 129  81 204  13
 200  54 207 117 196  37  55 118  65 101   9  24  40 123 154 199 221 187
 115  93 201 125  99 205 202   2 176  60 219  28  80 111  43  35 152 127
  23 132  76 122  36  89 218  72 166  41 177  79 173  83 180 188 186  56
  26 113   4 155 174  48 158 107 159 124  98 185 130  34   3 109  52 133
 163 146  62 119  29  90  33 160  69  61  66 175 142  27  78   1 167  67
 120 148 169 192 195  32 162  97  19 220  95 171  49 172 102 126 141 110
 151  63 197 100  30  77  85 147  45 108 212  38 134 217 183 170  84 211
  88  25 140   0  15  11  20 116  31 224]
Final time: 2.118516922s - Best: 7135803-[ 73  74  75  76  77  78  79  80  81  82  83  84  85 110 102 104 111 112
 103 105 113 114 106 107 115 116 108 109 117 118 125 127 119 120 126 128
 121 122 130 129 131 123 124 225 224 223 222 221 220 219 218 217 216 215
 214 213 212 211 210 209 208 207 206 205 204 203 202 201 200 199 198 197
 196 195 194 193 192 191 190 189 188 187 186 185 184 183 182 181 180 179
 178 177 176 175 174 173 172 171 170 169 168 167 166 165 164 163 162 161
 160 159 158 157 156 155 154 149 142 141 147 148 140 139 146 144 138 137
 145 143 136 101  93  92 100  99  91  90  98  97  89  87  96  95  88  86
  94  62  61  60  59  58  57  56  55  54  53  52  51  50  63  65  69  68
  67  70  12  11  10   7   1   2   3   4   5   6   8   9  13  14  15  66
  16  17  18  64  19  20  21  22  23  24  25  26  27  28  29  33  34  30
  31  32  48  47  35  36  43  44  45  46  42  41  37  38  39  40 153 152
 151 150 135 134 133 132  71  72   0  49]
Value - initial: 197096981, final: 7135803, improveup: 27.6208551441

data-line;i;197096981;f;7135803;t;2.118516922;c;-2;fv;[7135803L];cv;-1;imp;27.6208551441;type;rvnd;inum;2;w;1

time;2.118516922;man_time;0;neigh_time;0
man_time;0;man_merge_sol;0;man_best_sol;0;man_combine_sol;0

Waiting [0]
Terminating workers True 0 0
MPI TERMINATING
