pydf_home: /home/rodolfo/git/Sucuri
simple_pycuda_home: /home/rodolfo/git/simple-pycuda
wamca2016path: /home/rodolfo/git/wamca2016/
localpath: /home/rodolfo/git/dvnd-df/code/dvnd-df/src/
WAMCAPATH:/home/rodolfo/git/wamca2016/
param: {solution_index:2, solution_instance_index:58, multi_gpu:True, goal:False, problem_name:ml, number_of_moves:10, device_count:2, solver:rvnd, mpi_enabled:True, workers:1}
Using already created file:  wamca2016lib.so
Size: 226 - file name: 03_pr226.tsp

Value - initial: 199485858-[159  39   5 198 156  28  81 173 129 139   7 148   1   4 171  85  16 222
 209 136  71  34 109 147   9 124 196 103  50 172 186  70 122  80 178  97
  52 100  14 167 117 111 112 180 190  33 184  48 189  38 104  57 192 145
  27 138  67 115  61 204  68  64 143  12  60 160 105  62  46 137 217 116
  86  23 212  44 203  87 206 224 123 134  11 120  32  63 223 146 177 165
 213  74  91  19  77   8  75 154 205  82 181  10  96 135 220  83 114 102
 183  55  78 218  35 170 169  42 175 106  17   6  41  59 215 163  53 128
  21  31  43 187 152 194 132 202 127 126  58 133   3  66 200 101 225 182
 158 193 125  37 216 164  30   2 188 142  47  18  72 130  92  51 118  13
 113  99  40  24  73 144 197 108  20 195  76  22  29 153  15 157 168 140
 141 221 208  45  36  65  98 121  69 191  93  94 166 131  25 161 150 219
 210 207   0 185  90 119 151 155 211 214  49  79  26 110 149 179  89 107
 162 199  84  88  95  54 176 201 174  56] - 199485858
Solver: RVND, number of workers: 1
Setting feeder affinity
I am the master. There are 1 mpi processes. (hostname = gpu01)
Roots [<pyDF.nodes.Feeder object at 0x7fabfaa19ad0>]
Starting 0
Main loop
I am worker 0
GPU0
set random seed!
Initial: 199485858-[159  39   5 198 156  28  81 173 129 139   7 148   1   4 171  85  16 222
 209 136  71  34 109 147   9 124 196 103  50 172 186  70 122  80 178  97
  52 100  14 167 117 111 112 180 190  33 184  48 189  38 104  57 192 145
  27 138  67 115  61 204  68  64 143  12  60 160 105  62  46 137 217 116
  86  23 212  44 203  87 206 224 123 134  11 120  32  63 223 146 177 165
 213  74  91  19  77   8  75 154 205  82 181  10  96 135 220  83 114 102
 183  55  78 218  35 170 169  42 175 106  17   6  41  59 215 163  53 128
  21  31  43 187 152 194 132 202 127 126  58 133   3  66 200 101 225 182
 158 193 125  37 216 164  30   2 188 142  47  18  72 130  92  51 118  13
 113  99  40  24  73 144 197 108  20 195  76  22  29 153  15 157 168 140
 141 221 208  45  36  65  98 121  69 191  93  94 166 131  25 161 150 219
 210 207   0 185  90 119 151 155 211 214  49  79  26 110 149 179  89 107
 162 199  84  88  95  54 176 201 174  56]
Final time: 2.59820103645s - Best: 7029726-[159 158 157 156 155 154 160 161 162 163 164 165 166 167 168 169 170 171
 172 173 174 175 176 177 178 179 180 181 182 183 184 185 186 187 188 189
 190 191 192 193 194 195 196 197 198 199 200 201 202 203 204 205 206 207
 208 209 210 211 212 213 214 215 216 217 218 219 220 221 222 223 224 225
 124 131 129 123 122 130 128 121 120 126 127 119 118 125 117 109 108 116
 115 107 106 114 113 105 103 112 111 104 102 110  69  68  67  70  12  11
  10   7   1   2   3   4   5   6   8   9  13  14  15  16  17  18  64  63
  62  61  60  59  58  57  56  55  54  53  52  51  50  49  21  22  23  24
  25  26  27  28  29  33  34  30  31  32  47  35  36  43  44  45  46  86
  94  95  88  87  96  97  89  90  98  99  91  92 100 101  93 136 143 145
 137 138 139 140 141 142 149 147 148 146 144 150 151 152 153 135 134 133
 132  65  66  71  72  73  74  75  76  77  78  79  80  81  82  83  84  85
   0  19  20  48  37  38  41  42  40  39]
Value - initial: 199485858, final: 7029726, improveup: 28.3774727493

data-line;i;199485858;f;7029726;t;2.59820103645;c;-2;fv;[7029726L];cv;-1;imp;28.3774727493;type;rvnd;inum;2;w;1

time;2.59820103645;man_time;0;neigh_time;0
man_time;0;man_merge_sol;0;man_best_sol;0;man_combine_sol;0

Waiting [0]
Terminating workers True 0 0
MPI TERMINATING
