pydf_home: /home/rodolfo/git/Sucuri
simple_pycuda_home: /home/rodolfo/git/simple-pycuda
wamca2016path: /home/rodolfo/git/wamca2016/
localpath: /home/rodolfo/git/dvnd-df/code/dvnd-df/src/
WAMCAPATH:/home/rodolfo/git/wamca2016/
param: {solution_index:2, solution_instance_index:59, multi_gpu:True, goal:False, problem_name:ml, number_of_moves:10, device_count:2, solver:rvnd, mpi_enabled:True, workers:1}
Using already created file:  wamca2016lib.so
Size: 226 - file name: 03_pr226.tsp

Value - initial: 187945987-[225  34  29 105  35  73 214 197 216 116 115 150 117   2  79 140 219   7
  64 109   9 205 107 203  75  98 176  81 223 160 213 170 141 187 167 211
 173 188  27 198 130  18  95 190 147  26 178  61 102   8  14  99 194 217
 119  25  78 125 136 139  41 146 149   5 202 135 110  93  54   6  82 118
  66 123 172  56 201 158  52 195  74 103 162 164 206  50 163 114  11 112
  83  85 175 161 108 222   1 171 129  86 208  96 159  69  23 128 207 180
 154  31 156  77  33 192   3 186  21  67  71  37  43 196  10 193 152  55
 185  20   4 215 184 144 132 124  22  88  76  87 142 131  65  13  80 157
  45 165 127  59  94  12   0 148 221 106  17  39 210 218 126  60  97  57
  36 181 189  84 120  40 169 104 137  44 177 209 168 166 111  92  49  62
  47 204 174 153 134  19  42 191  51 200 212  89  48 145  32 138  24 151
 101 133  30  15 100 122  16  72  63 155  58  91 113 179  28 182 121  38
  68 143  46  70  90 183  53 199 220 224] - 187945987
Solver: RVND, number of workers: 1
Setting feeder affinity
I am the master. There are 1 mpi processes. (hostname = gpu01)
Roots [<pyDF.nodes.Feeder object at 0x7f0b31889ad0>]
Starting 0
Main loop
I am worker 0
GPU0
set random seed!
Initial: 187945987-[225  34  29 105  35  73 214 197 216 116 115 150 117   2  79 140 219   7
  64 109   9 205 107 203  75  98 176  81 223 160 213 170 141 187 167 211
 173 188  27 198 130  18  95 190 147  26 178  61 102   8  14  99 194 217
 119  25  78 125 136 139  41 146 149   5 202 135 110  93  54   6  82 118
  66 123 172  56 201 158  52 195  74 103 162 164 206  50 163 114  11 112
  83  85 175 161 108 222   1 171 129  86 208  96 159  69  23 128 207 180
 154  31 156  77  33 192   3 186  21  67  71  37  43 196  10 193 152  55
 185  20   4 215 184 144 132 124  22  88  76  87 142 131  65  13  80 157
  45 165 127  59  94  12   0 148 221 106  17  39 210 218 126  60  97  57
  36 181 189  84 120  40 169 104 137  44 177 209 168 166 111  92  49  62
  47 204 174 153 134  19  42 191  51 200 212  89  48 145  32 138  24 151
 101 133  30  15 100 122  16  72  63 155  58  91 113 179  28 182 121  38
  68 143  46  70  90 183  53 199 220 224]
Final time: 4.78715491295s - Best: 6745838-[225 224 223 222 221 220 219 218 217 216 215 214 213 212 211 210 209 208
 207 206 205 204 203 202 201 200 199 198 197 196 195 194 193 192 191 190
 189 188 187 186 185 184 183 182 181 180 179 178 177 176 175 174 173 172
 171 170 169 168 167 166 165 164 163 162 161 160 159 158 157 156 155 154
 153 152 151 150 149 142 141 147 148 140 139 146 144 138 137 145 143 136
 101  93  92 100  99  91  90  98  97  89  87  96  95  88  86  94 135 134
 133 132 130 129 131 124 123 122 121 128 126 120 119 127 125 118 109 117
 116 108 107 115 114 106 105 113 112 103 104 111 102 110  85  84  83  82
  81  80  79  78  77  76  75  74  73  72   1   2   3   4   5   6   8   9
  13  14  15  12  11  10   7  71  70  67  68  66  16  17  18  64  63  62
  61  60  59  58  57  56  55  54  53  52  51  50  49  20  21  22  23  24
  25  26  28  29  33  34  35  47  32  31  30  27  48  45  44  43  36  37
  38  41  39  40  42  46  19  65  69   0]
Value - initial: 187945987, final: 6745838, improveup: 27.8610288299

data-line;i;187945987;f;6745838;t;4.78715491295;c;-2;fv;[6745838L];cv;-1;imp;27.8610288299;type;rvnd;inum;2;w;1

time;4.78715491295;man_time;0;neigh_time;0
man_time;0;man_merge_sol;0;man_best_sol;0;man_combine_sol;0

Waiting [0]
Terminating workers True 0 0
MPI TERMINATING
