pydf_home: /home/rodolfo/git/Sucuri
simple_pycuda_home: /home/rodolfo/git/simple-pycuda
wamca2016path: /home/rodolfo/git/wamca2016/
localpath: /home/rodolfo/git/dvnd-df/code/dvnd-df/src/
WAMCAPATH:/home/rodolfo/git/wamca2016/
param: {solution_index:4, solution_instance_index:51, multi_gpu:True, goal:False, problem_name:ml, number_of_moves:10, device_count:2, solver:rvnd, mpi_enabled:True, workers:1}
Using already created file:  wamca2016lib.so
Size: 501 - file name: 05_TRP-S500-R1.tsp

Value - initial: 32863345-[313 200 499 360  28 203 432 304  39 425 123 326 253 207 404 131 154 192
 373 210 181 386 213  97 311 461 423 430 444 217  61 105  10 173 268 156
 434 374 382  89 242 254 199 408  15  57 141 201 478 498 132  19 463 224
 108 401  11 270  92 331 424 263 140  33 494  78  93  96 307  73 314 335
 419 312 427 306 149 300  94 359 104 459  98 369 179 221 329 194 357 138
 410 121   2 134   8  65 403 215 169 265 388 367 252 211 288 237  35 445
 296 496 174 103 153 109 441 316  79 467  14 118 348 485 233  56 400  68
   3   9 218 231 319  42 166  24  45 470 223 240  60 208 186 196 437 161
 435 345 398 464  16 366 293 227 458 420 247 295  46  18 266 129 322 429
  77 339   4  85 220 383 180  88 328  26  13 351 126 466  71  29 278 370
  80 249 449 275 280 175 212  34 490 260 315 431 343 286 146 484 350 152
 202 341 354 439 164 417   7 447 277 189 438 376  50 327  95 257 291 347
 137 364 413 259 187 468 305 308  99 421 188 325 258   5  86 139 428 317
 248 477 411 111  83 495 144 262 264  25 436 124 113 112  70 460 195 100
 125 228  36 365 230  64  32 205  22 500 184 487  27  51 177 171 145 488
 284 274 133 143 474 342 191 225 384  62  75 229 385  41 301 114 287 472
 197  44 165  84 454  48 482   1 469 198 355 238 448 451 163 433 323 241
 120 393 452  82 244 372 358 394 151 142 234 168 226 471 379 297 456 479
  31  37 281 255 172 426 290 486 491  47 324  90 443  76  67  20 318 250
 353 136 273 182 235  81 361 320 340 440 178 193  74 279 333 446  63 397
 399 455 375 336  43 245 465 243  58 389  53 453  30 216 330  23 119 332
 246 176 475 135 160 480   0  59 272 303  38 148  49 117 298  17 497 363
 299 222 204 232 122 481 476 162  21  55 362 391 368 416 418 309 158 267
 378 285  12 256  54 261 349  87 371 387  40 422 102 406  91 415 473 450
 239 457 302 356 209 390 493 276 381 251 310 337   6 219 170 405 183 338
 157 442 407 321 155 167 185 346 101 414 292  52 147 352 462 269 483 236
 116 409 110 289 489 107  72 214 402 392 128 127 130 492 412  66 271 396
 344 282 150 159 334 115 206 106 380 395 190  69 283 294 377] - 32863345
Solver: RVND, number of workers: 1
Setting feeder affinity
I am the master. There are 1 mpi processes. (hostname = gpu01)
Roots [<pyDF.nodes.Feeder object at 0x7fe40a5d6ad0>]
Starting 0
Main loop
I am worker 0
GPU0
set random seed!
Initial: 32863345-[313 200 499 360  28 203 432 304  39 425 123 326 253 207 404 131 154 192
 373 210 181 386 213  97 311 461 423 430 444 217  61 105  10 173 268 156
 434 374 382  89 242 254 199 408  15  57 141 201 478 498 132  19 463 224
 108 401  11 270  92 331 424 263 140  33 494  78  93  96 307  73 314 335
 419 312 427 306 149 300  94 359 104 459  98 369 179 221 329 194 357 138
 410 121   2 134   8  65 403 215 169 265 388 367 252 211 288 237  35 445
 296 496 174 103 153 109 441 316  79 467  14 118 348 485 233  56 400  68
   3   9 218 231 319  42 166  24  45 470 223 240  60 208 186 196 437 161
 435 345 398 464  16 366 293 227 458 420 247 295  46  18 266 129 322 429
  77 339   4  85 220 383 180  88 328  26  13 351 126 466  71  29 278 370
  80 249 449 275 280 175 212  34 490 260 315 431 343 286 146 484 350 152
 202 341 354 439 164 417   7 447 277 189 438 376  50 327  95 257 291 347
 137 364 413 259 187 468 305 308  99 421 188 325 258   5  86 139 428 317
 248 477 411 111  83 495 144 262 264  25 436 124 113 112  70 460 195 100
 125 228  36 365 230  64  32 205  22 500 184 487  27  51 177 171 145 488
 284 274 133 143 474 342 191 225 384  62  75 229 385  41 301 114 287 472
 197  44 165  84 454  48 482   1 469 198 355 238 448 451 163 433 323 241
 120 393 452  82 244 372 358 394 151 142 234 168 226 471 379 297 456 479
  31  37 281 255 172 426 290 486 491  47 324  90 443  76  67  20 318 250
 353 136 273 182 235  81 361 320 340 440 178 193  74 279 333 446  63 397
 399 455 375 336  43 245 465 243  58 389  53 453  30 216 330  23 119 332
 246 176 475 135 160 480   0  59 272 303  38 148  49 117 298  17 497 363
 299 222 204 232 122 481 476 162  21  55 362 391 368 416 418 309 158 267
 378 285  12 256  54 261 349  87 371 387  40 422 102 406  91 415 473 450
 239 457 302 356 209 390 493 276 381 251 310 337   6 219 170 405 183 338
 157 442 407 321 155 167 185 346 101 414 292  52 147 352 462 269 483 236
 116 409 110 289 489 107  72 214 402 392 128 127 130 492 412  66 271 396
 344 282 150 159 334 115 206 106 380 395 190  69 283 294 377]
Final time: 7.72543406487s - Best: 1994282-[313 104 292 297 328 196 372 251 140 453  42 163 309  55 185 285  43 202
 299 278  21 413  86 376 139 272 192 224 149   8 390  61 296 489 229  63
 271  53 107  23 400 153 327 320 310 360 106 135 258 321 276 282 171 444
 217  84  80  32 469  41 486  83  59 339 445   7 111  39 246   5 356 236
 142 112 193  88 419 382 436  38 146 174 364  71 464 169  48 113 121 198
 287 154 184 495 241 461 493 429 397 498 374 323 173 315 424 399 442 462
 283  11  24 465 456 371  34 476 267 188 289  37 130 446 474 244 491  27
 441 225 159 228 471 115 316  51 199 122 340 443 260 108 205 126 250 227
 312 475  25 487 365 207 141 485 448 190 255  95 354  90 187 473 412 391
 484 161  75 333 388 306 293 212 302 102 460 479  94 332 211 233 451 216
 215 447 411  16 403 160 439 129 381 238 265  69 290  99  93 203 281 466
 457 239 226 204 109 208 380 301 330  44 373 179 344 116  19 243 262 395
 386 336 268  72 308  68 370 274 245 298 492 133 151 334 428 355 145 454
 231 375 256 482 127 314 401 234 242 500 194  13 379  35 352 326 210 277
 124 368 497 176 409 318  10 378 240 103 132 359 408 427  74 357 252  40
 206  58 406 343 433 396  77 100 219 118 261  22 341 414 337 286 213 172
 335 200 470 136  33 319 383  45 182  28 351 305 481 117 167 377 369 488
 168   2 450 311 347  60 324 162  50 170  92 131 338 295  36 434 273 119
 459   4 223 284 329 156 253 402 294  20  54 128 410 175 385 138  96  15
 440  65 366  49 148 477 322 120 218 494 430 467 201 157 404  57 254 367
 435 455 392 147 405 165 291 432 269 191 407 458 449 415 350 247 425  26
 189  66 499 209 389  29  47  64 418 143 259 125 220 264 490 101  85 110
  31 105 398 214 483 331 183   1 144 384 114  17 300 480  67 325 496 421
  81 362  62 266 420 221 345 416  82 358 431 181 195 394  76 346 230 468
 422 437 361  56 353 164 280 317 270   0  18 452 235 303 348  73 417  78
 166  98 186 363 257  46 249 342 222 150 478 137 263 279 349 387  70 307
 155 275  12  89 152 438   6 248  52 237 304  14 426  79  97 288 177  30
 178   3 393 134 472   9 197 423 123  91 463 158 232  87 180]
Value - initial: 32863345, final: 1994282, improveup: 16.4787853473

data-line;i;32863345;f;1994282;t;7.72543406487;c;-2;fv;[1994282L];cv;-1;imp;16.4787853473;type;rvnd;inum;4;w;1

time;7.72543406487;man_time;0;neigh_time;0
man_time;0;man_merge_sol;0;man_best_sol;0;man_combine_sol;0

Waiting [0]
Terminating workers True 0 0
MPI TERMINATING
