pydf_home: /home/rodolfo/git/Sucuri
simple_pycuda_home: /home/rodolfo/git/simple-pycuda
wamca2016path: /home/rodolfo/git/wamca2016/
localpath: /home/rodolfo/git/dvnd-df/code/dvnd-df/src/
WAMCAPATH:/home/rodolfo/git/wamca2016/
param: {solution_index:1, solution_instance_index:85, multi_gpu:True, goal:False, problem_name:ml, number_of_moves:10, device_count:2, solver:rvnd, mpi_enabled:True, workers:1}
Using already created file:  wamca2016lib.so
Size: 100 - file name: 02_kroD100.tsp

Value - initial: 8689539-[57 25 62 27 90 31 61  0 21 67 46 12 80 22 81 16 45  3  8 17 98 47 48 33 18
 23 75 82 54 99 60 92 84 26 49 20 91 56  7 58 19 36 72 63 87 89 34  6 93 53
 51 28 70 77 94 96  2 79  9 74 38 29 11 41 39 15 44 76 83 64 10 37 24 52 85
 40 30 32 68 55 13 50  5 42 88  1 97 95 65 59 14 69 78 35 86 66 43 71  4 73] - 8689539
Solver: RVND, number of workers: 1
Setting feeder affinity
I am the master. There are 1 mpi processes. (hostname = gpu01)
Roots [<pyDF.nodes.Feeder object at 0x7feb83aa1ad0>]
Starting 0
Main loop
I am worker 0
GPU0
set random seed!
Initial: 8689539-[57 25 62 27 90 31 61  0 21 67 46 12 80 22 81 16 45  3  8 17 98 47 48 33 18
 23 75 82 54 99 60 92 84 26 49 20 91 56  7 58 19 36 72 63 87 89 34  6 93 53
 51 28 70 77 94 96  2 79  9 74 38 29 11 41 39 15 44 76 83 64 10 37 24 52 85
 40 30 32 68 55 13 50  5 42 88  1 97 95 65 59 14 69 78 35 86 66 43 71  4 73]
Final time: 0.890053987503s - Best: 1033191-[57 21 69 48 97 88 10 89 16 93 49  0 12 78 87 23 26 80 33 37 65  7 51 45 75
 79 77 30 98 44 32 67 13 64 85 95 15 62 53 90 76 42 70  3 92 43 59 52 61 34
 29 99 50 36 18  1 47 91  4  2 82 39  5 58 63 84 17 24 19  9  8 54 86 25 94
 55 20 46 27 11 81 56 71 60 73  6 74 66 35 28 41 22 68 14 38 72 83 40 31 96]
Value - initial: 8689539, final: 1033191, improveup: 8.41038975369

data-line;i;8689539;f;1033191;t;0.890053987503;c;-2;fv;[1033191L];cv;-1;imp;8.41038975369;type;rvnd;inum;1;w;1

time;0.890053987503;man_time;0;neigh_time;0
man_time;0;man_merge_sol;0;man_best_sol;0;man_combine_sol;0

Waiting [0]
Terminating workers True 0 0
MPI TERMINATING
