pydf_home: /home/rodolfo/git/Sucuri
simple_pycuda_home: /home/rodolfo/git/simple-pycuda
wamca2016path: /home/rodolfo/git/wamca2016/
localpath: /home/rodolfo/git/dvnd-df/code/dvnd-df/src/
WAMCAPATH:/home/rodolfo/git/wamca2016/
param: {solution_index:5, solution_instance_index:10, multi_gpu:True, goal:False, problem_name:ml, number_of_moves:10, device_count:2, solver:rvnd, mpi_enabled:True, workers:1}
Using already created file:  wamca2016lib.so
Size: 657 - file name: 06_d657.tsp

Value - initial: 287982321-[468 334 612 412 644 554 190 594 453 186 573 320 574 146  79 439 284 478
 440 522 234 258 285 578 590 521   8 459 336   7  63 407 627 111 130 534
 597 582 375 304 118 160 106 263 655 127  90 611 449 317 540 306 315 370
  20 454 162 354 487 650  32 406 580 188 632 267   9   0 467 579 251 419
 114 532 524 464 212 368 121 566 472 488  45 222 455 351 490 587 572 117
 255 620   6 392 321 520 584 271 545 343 599 104  82 608 342   4 428 323
 314 629 514  67  74  21 377 128  33 227 226 562  40 205 209 483 147 551
 225 365 550  95 543 150 615 283 348  30 516 575 523 187 308 571  58 596
 372 639 129 276 556 182 223 246 333   1 109 352 646 142  57 319 417  75
  87 413 382 567 297  56  54 257 570 140 430 616 175 531 357 165 538 345
 614 512 593 606  97 166 630 176 158 607 434 282 429  65 437 266 291 296
  86  73 132 393 398 376 379 547 208 502  23 335 219  96 617  61 397 563
 581 344 484 135  44 564 311 618 137 645 374 180 280 386 569 346  50 586
 404 530  66 426 623  70 649 552 110 224 500 178 279 362  16 159 436 324
 256 270  34 448 288 157 171 112 113 211 184 102 452  39 193 183 605 496
 474 299 199 425 533 504 619 318 603 479 391 476 378 369 492 475 275 101
 332 381 253 293 206 163 237 281  72 506 173 307 108 527 100 576 278  51
 125  42 238 325 461 359 235 451 469 421 269 189 528 122 447 373 240 215
 489 191 565  26 395 331 174 410 145 170 361 264  36 602  62 120 414 525
 541   2 387 312 427  46 203 396  59 510 347 330 625  38 303 568 156 486
   5  15 591 124  31 244 207 134 511 549 561 519 197 298 245 548 544 498
 154 457 139 300 408 505 360 465 152 621 295 149 210 301 462 495 601  19
 371 470 399 185  76 536 383 450 233 202 294 446 204 286 497 366 583 115
 553 442 640 262 302 167  37  52 420  98 508 254  77 415 513 555 247 482
 242 153 517 631 626 443 155 326 355 485  60 243 400 196   3 131 526 577
 559 585  14 604 403 409 609 192 249 401 103 310 473 416 236 418 422  80
 231 213 161 252 194 138 633 337 107 287 229 557 518 648 503 367 350 248
 316 136 277 177 260 201 444 179 116 356  92 168 654 232 216 384 432 435
 305 327 424 445 491 218 241 466 588  12 230 610 529 340 433  93 328 643
 338 105  88 390 309 558 535 592 214 313 641 217 501 259  48 638 636 181
  89 353 339 126  13 123 239 405  53 148  99 481  10  43 221  28 537 141
 195 480 144 290 494 441 431 652 622 268 200 628 172 143 651  94  85 274
 341 385 598 477 463 624  69 423 349 289 637 560  22 456 613  68 358  18
 546  11 411  83  47 493  49 292  35 272 647 402  29 169 151 509  55 380
 515 389 539 250 634 438 228  78 542  24 261 595 388 363 133  71  41 273
 329 656 322  27 471 364 198 642  81 589  17  25 164  91 499 600 394 265
 119 460 653 507  84  64 635 458 220] - 287982321
Solver: RVND, number of workers: 1
Setting feeder affinity
I am the master. There are 1 mpi processes. (hostname = gpu01)
Roots [<pyDF.nodes.Feeder object at 0x7fac988cead0>]
Starting 0
Main loop
I am worker 0
GPU0
set random seed!
Initial: 287982321-[468 334 612 412 644 554 190 594 453 186 573 320 574 146  79 439 284 478
 440 522 234 258 285 578 590 521   8 459 336   7  63 407 627 111 130 534
 597 582 375 304 118 160 106 263 655 127  90 611 449 317 540 306 315 370
  20 454 162 354 487 650  32 406 580 188 632 267   9   0 467 579 251 419
 114 532 524 464 212 368 121 566 472 488  45 222 455 351 490 587 572 117
 255 620   6 392 321 520 584 271 545 343 599 104  82 608 342   4 428 323
 314 629 514  67  74  21 377 128  33 227 226 562  40 205 209 483 147 551
 225 365 550  95 543 150 615 283 348  30 516 575 523 187 308 571  58 596
 372 639 129 276 556 182 223 246 333   1 109 352 646 142  57 319 417  75
  87 413 382 567 297  56  54 257 570 140 430 616 175 531 357 165 538 345
 614 512 593 606  97 166 630 176 158 607 434 282 429  65 437 266 291 296
  86  73 132 393 398 376 379 547 208 502  23 335 219  96 617  61 397 563
 581 344 484 135  44 564 311 618 137 645 374 180 280 386 569 346  50 586
 404 530  66 426 623  70 649 552 110 224 500 178 279 362  16 159 436 324
 256 270  34 448 288 157 171 112 113 211 184 102 452  39 193 183 605 496
 474 299 199 425 533 504 619 318 603 479 391 476 378 369 492 475 275 101
 332 381 253 293 206 163 237 281  72 506 173 307 108 527 100 576 278  51
 125  42 238 325 461 359 235 451 469 421 269 189 528 122 447 373 240 215
 489 191 565  26 395 331 174 410 145 170 361 264  36 602  62 120 414 525
 541   2 387 312 427  46 203 396  59 510 347 330 625  38 303 568 156 486
   5  15 591 124  31 244 207 134 511 549 561 519 197 298 245 548 544 498
 154 457 139 300 408 505 360 465 152 621 295 149 210 301 462 495 601  19
 371 470 399 185  76 536 383 450 233 202 294 446 204 286 497 366 583 115
 553 442 640 262 302 167  37  52 420  98 508 254  77 415 513 555 247 482
 242 153 517 631 626 443 155 326 355 485  60 243 400 196   3 131 526 577
 559 585  14 604 403 409 609 192 249 401 103 310 473 416 236 418 422  80
 231 213 161 252 194 138 633 337 107 287 229 557 518 648 503 367 350 248
 316 136 277 177 260 201 444 179 116 356  92 168 654 232 216 384 432 435
 305 327 424 445 491 218 241 466 588  12 230 610 529 340 433  93 328 643
 338 105  88 390 309 558 535 592 214 313 641 217 501 259  48 638 636 181
  89 353 339 126  13 123 239 405  53 148  99 481  10  43 221  28 537 141
 195 480 144 290 494 441 431 652 622 268 200 628 172 143 651  94  85 274
 341 385 598 477 463 624  69 423 349 289 637 560  22 456 613  68 358  18
 546  11 411  83  47 493  49 292  35 272 647 402  29 169 151 509  55 380
 515 389 539 250 634 438 228  78 542  24 261 595 388 363 133  71  41 273
 329 656 322  27 471 364 198 642  81 589  17  25 164  91 499 600 394 265
 119 460 653 507  84  64 635 458 220]
Final time: 9.69449901581s - Best: 13954748-[468 466 464 462 463 469  34  38  43  47  61  66  71  80  75  81 100  96
  82  76  83  89  94  88  87  95 108 123 110 111 107 106 122 112 121 105
 104  90  70  58  46  42  37  31  30  27  26  25  23 440 441 443 446 447
 445 444  19  18  13  17  16  20  15  14  21  24  32  33  35  36  39  41
  63  68  73  77  84  74  93  91  85  72  69  86  92  99 113 119 103 118
 114 102  97  98 115 132 140 137 130 116 128 129 142 162 164 190 196 206
 218 217 209 199 198 197 195 191 185 178 172 168 186 180 181 187 165 157
 169 171 170 161 148 139 147 149 154 177 184 179 166 158 150 143 153 151
 167 207 208 214 219 226 224 228 243 255 259 250 242 252 227 221 232 241
 247 251 260 268 270 276 300 310 320 326 350 369 365 377 386 401 405 414
 410 419 424 425 413 406 402 395 385 396 378 373 358 351 357 327 311 304
 305 312 318 333 339 359 352 363 366 368 374 376 379 384 394 403 407 412
 433 434 429 417 411 382 367 362 353 344 338 329 315 314 286 283 274 256
 267 282 285 278 281 301 295 302 319 330 343 354 360 355 331 306 592 279
 266 258 273 265 245 222 216 212 213 200 194 183 173 182 189 174 160 136
 133 507 503 501 500 495 492 489 493 490 486 485 480 481 487 488 484 514
 515 516 517 518 519 520 521 527 526 525 522 524 530 533 523 529 531 532
 535 534 536 537 538 539 540 541 635 639 638 640 641 637 636 634 633 632
 631 630 629 628 552 562 561 564 560 565 563 558 553 548 547 546 545 544
 543 549 550 554 555 557 551 556 559 509 508 126 135 152 145 144 127 124
 505 506 125 504 502 499 498 496 497 494 491 483  67  56  62  51 470 471
 482 472 479 478 477 476 475 457 456 473 455 459 460 467 465 461 454 451
 452 458 453 450 448 449 442  22  29  48  55  59  52  57  65  50  54  49
  44  45  53  60  64  79  78   6 117 131 138 156 163 210 237 231 235 238
 262 289 298 290 271 264 263 261 253 239 230 220 234 240 225 236 248 254
 275 287 292 294 325 321 309 308 288 293 299 303 324 334 346 340 323 317
 307 322 335 341 345 361 347 371 399 390 416 438 437 420 409 372 391 398
 421 415 404 400 389 342 348 349 364 370 388 397 422 436 430 435 432 423
 431 392 428 418 380 375 383 381 393 356 337 607 610 606 605 600 598 601
 595 608 596 591 597 594 602 611 612 619 613 615 616 617 618 620 622 408
 426 427 624 625 623 621 614 609 604 603 599 593 590 587 588 585 579 575
 656 655 654 653 652 648 647 649 650 651 627 626 572 568 569 571 573 577
 576 584 583 582 589 586 581 578 574 570 567 511 510 159 193 203 205 201
 202 580 229 246 257 280 297 296 336 316 332 328 313 291 277 272 249 233
 244 211 175 188 192 176 146 134 120  40  28  12  11   7   9   8  10   1
   2   3   4   5 141 101 155 204 215 284 223 109 474 513 512 528 542 642
 643 644 646 645 566 387 439 269   0]
Value - initial: 287982321, final: 13954748, improveup: 20.636870046

data-line;i;287982321;f;13954748;t;9.69449901581;c;-2;fv;[13954748L];cv;-1;imp;20.636870046;type;rvnd;inum;5;w;1

time;9.69449901581;man_time;0;neigh_time;0
man_time;0;man_merge_sol;0;man_best_sol;0;man_combine_sol;0

Waiting [0]
Terminating workers True 0 0
MPI TERMINATING
