pydf_home: /home/rodolfo/git/Sucuri
simple_pycuda_home: /home/rodolfo/git/simple-pycuda
wamca2016path: /home/rodolfo/git/wamca2016/
localpath: /home/rodolfo/git/dvnd-df/code/dvnd-df/src/
WAMCAPATH:/home/rodolfo/git/wamca2016/
param: {solution_index:0, solution_instance_index:20, multi_gpu:True, goal:False, problem_name:ml, number_of_moves:10, device_count:2, solver:rvnd, mpi_enabled:True, workers:1}
Using already created file:  wamca2016lib.so
Size: 52 - file name: 01_berlin52.tsp

Value - initial: 833724-[45  7  6 32 25 10 27  8 51 12 46 24 35 16 23 14 41 11  1 20 30 13 17 49 44
 37 38  3 34 15 39 28 22  5  2 19 47 48  9 31 26 40 50 42 29 43 33  4 36  0
 21 18] - 833724
Solver: RVND, number of workers: 1
Setting feeder affinity
I am the master. There are 1 mpi processes. (hostname = gpu01)
Roots [<pyDF.nodes.Feeder object at 0x7fa2d8d6fad0>]
Starting 0
Main loop
I am worker 0
GPU0
set random seed!
Initial: 833724-[45  7  6 32 25 10 27  8 51 12 46 24 35 16 23 14 41 11  1 20 30 13 17 49 44
 37 38  3 34 15 39 28 22  5  2 19 47 48  9 31 26 40 50 42 29 43 33  4 36  0
 21 18]
Final time: 1.56637597084s - Best: 149742-[45 47 23  4  5 24  3 14 37 36 39 38 35 34 33 43  0 21 48 31 44  9  8  7 40
  2 17 30 20 41  6  1 29 22 19 49 15 28 46 25 27 26 12 13 51 10 50 11 32 42
 16 18]
Value - initial: 833724, final: 149742, improveup: 5.56773650679

data-line;i;833724;f;149742;t;1.56637597084;c;-2;fv;[149742L];cv;-1;imp;5.56773650679;type;rvnd;inum;0;w;1

time;1.56637597084;man_time;0;neigh_time;0
man_time;0;man_merge_sol;0;man_best_sol;0;man_combine_sol;0

Waiting [0]
Terminating workers True 0 0
MPI TERMINATING
