pydf_home: /home/rodolfo/git/Sucuri
simple_pycuda_home: /home/rodolfo/git/simple-pycuda
wamca2016path: /home/rodolfo/git/wamca2016/
localpath: /home/rodolfo/git/dvnd-df/code/dvnd-df/src/
WAMCAPATH:/home/rodolfo/git/wamca2016/
param: {solution_index:7, solution_instance_index:29, multi_gpu:True, goal:False, problem_name:ml, number_of_moves:10, device_count:2, solver:rvnd, mpi_enabled:True, workers:1}
Using already created file:  wamca2016lib.so
Size: 1001 - file name: 08_TRP-S1000-R1.tsp

Value - initial: 133267182-[746 410 748 ..., 927 863 467] - 133267182
Solver: RVND, number of workers: 1
Setting feeder affinity
I am the master. There are 1 mpi processes. (hostname = gpu01)
Roots [<pyDF.nodes.Feeder object at 0x7f8a55b4cad0>]
Starting 0
Main loop
I am worker 0
GPU0
set random seed!
Initial: 133267182-[746 410 748 ..., 927 863 467]
Final time: 26.8718259335s - Best: 5529852-[746 826 719 ...,  62 661 518]
Value - initial: 133267182, final: 5529852, improveup: 24.0995929005

data-line;i;133267182;f;5529852;t;26.8718259335;c;-2;fv;[5529852L];cv;-1;imp;24.0995929005;type;rvnd;inum;7;w;1

time;26.8718259335;man_time;0;neigh_time;0
man_time;0;man_merge_sol;0;man_best_sol;0;man_combine_sol;0

Waiting [0]
Terminating workers True 0 0
MPI TERMINATING
