pydf_home: /home/rodolfo/git/Sucuri
simple_pycuda_home: /home/rodolfo/git/simple-pycuda
wamca2016path: /home/rodolfo/git/wamca2016/
localpath: /home/rodolfo/git/dvnd-df/code/dvnd-df/src/
WAMCAPATH:/home/rodolfo/git/wamca2016/
param: {solution_index:3, solution_instance_index:86, multi_gpu:True, goal:False, problem_name:ml, number_of_moves:10, device_count:2, solver:rvnd, mpi_enabled:True, workers:1}
Using already created file:  wamca2016lib.so
Size: 318 - file name: 04_lin318.tsp

Value - initial: 91879086-[202 203 189 297  10  16 153 267  24 143  29 190 300 127 228  77 248  94
  79  65 204 244  75  33 182  44  84  32 304  76  85  56  36  50  87 290
 288  12 154  57 166 243  61 219 261   7 105 276  72  97 191 294 282  38
 170 258 211 238 126 215 103 131 162 100 129 285 159  41  74 223 167  28
 115  55  54 201  86  23  88 280 246 188  73  51 313 226 108 286 305 169
 295 293  40 237 241 274 315 122 187 209  37 216 180  22 145  83 253  81
 251 111  70 252  99 114 239  27 109 227  21 205   2 220 142 224 206 200
 217  92 234 260 158   9 308 175 236 255 198 278  82  13  31 197  63 316
 174  66 176  59 207 289 128 148  47 155 139 299 149 147  60 270 249 262
  15 163 101  18 312 183 119 210 157 225 309 120 135 181 272 292 136   0
  35  67 185 229 178 130 124 193 146 137  30 314  17 273 306 107 235 303
  91 279 196 231  11 242 173  48  20 164  71 179 144 265 192 117 186  39
  95 195 212  90 133 259 287 168 232  49 213 151  14 264 106 116 138 271
  68 269 240 156 118  93 134  43  19 247 140   4 256 177 141 199 150 307
 171 132  62   8  53 160 233  34 266 161 172 221  52 112  96 250 165 230
  78  89  45 152 302 268  64  42   3 184  25 291 218 311 281  69   5  26
 104 194 254 110 284 296 102 121 123   1 125 257 245  58 277 263   6  80
 317 214  46 208 310 298 222 283  98 301 275 113] - 91879086
Solver: RVND, number of workers: 1
Setting feeder affinity
I am the master. There are 1 mpi processes. (hostname = gpu01)
Roots [<pyDF.nodes.Feeder object at 0x7f6a0a69bad0>]
Starting 0
Main loop
I am worker 0
GPU0
set random seed!
Initial: 91879086-[202 203 189 297  10  16 153 267  24 143  29 190 300 127 228  77 248  94
  79  65 204 244  75  33 182  44  84  32 304  76  85  56  36  50  87 290
 288  12 154  57 166 243  61 219 261   7 105 276  72  97 191 294 282  38
 170 258 211 238 126 215 103 131 162 100 129 285 159  41  74 223 167  28
 115  55  54 201  86  23  88 280 246 188  73  51 313 226 108 286 305 169
 295 293  40 237 241 274 315 122 187 209  37 216 180  22 145  83 253  81
 251 111  70 252  99 114 239  27 109 227  21 205   2 220 142 224 206 200
 217  92 234 260 158   9 308 175 236 255 198 278  82  13  31 197  63 316
 174  66 176  59 207 289 128 148  47 155 139 299 149 147  60 270 249 262
  15 163 101  18 312 183 119 210 157 225 309 120 135 181 272 292 136   0
  35  67 185 229 178 130 124 193 146 137  30 314  17 273 306 107 235 303
  91 279 196 231  11 242 173  48  20 164  71 179 144 265 192 117 186  39
  95 195 212  90 133 259 287 168 232  49 213 151  14 264 106 116 138 271
  68 269 240 156 118  93 134  43  19 247 140   4 256 177 141 199 150 307
 171 132  62   8  53 160 233  34 266 161 172 221  52 112  96 250 165 230
  78  89  45 152 302 268  64  42   3 184  25 291 218 311 281  69   5  26
 104 194 254 110 284 296 102 121 123   1 125 257 245  58 277 263   6  80
 317 214  46 208 310 298 222 283  98 301 275 113]
Final time: 4.10976290703s - Best: 6013511-[202 197 206 205 201 200 196 195  93  94  87  86 189 188 187 186 182 175
 172 171 176 181 183 177 180 184 185 179 178 173 174 170 169 276 277 280
 287 291 292 191 192 198 199 204 311 310 306 305 301 300 294 293 288 286
 281 282 285 289 290 284 283 278 273 314 265 264 259 257 254 253 256 260
 263 266 267 262 261 255 252 250 251 246 245 235 234 227 226 225 228 233
 236 229 232 237 239 240 241 238 231 230 312 224 220 219 216 215 211 210
 108 109 117 118 121 120 122 129 130 123 128 131 137 132 127 124 207 119
 125 126 133 134 135 136  33  34  38  37 144 208 140 141 146 145 147 150
 156 157 162 161 158 155 151 148 149 153 152 154 159 160 163  59  60  64
  65  69  68  73  74  80  79  75  72  71  76  78  83  84  82  81  77  70
  67  66  63  61  62  57  52  51  45  56  53  50  46  43  44  47  49  54
  55 104  58 316 315  48  39 103  40  42  41  36  35  32  27  22  19  29
  30  31  28  21  20 102  14  10   9   6   5   1   0   2  11  18  23  26
  25  24  17  15  16   7   8  13  12 115 114 111 110   4   3 106 105 107
 116 112 113 138 139 143 142 258 249 313 242 221 212 217 218 214 213 222
 223 243 244 247 248 317 269 270 274 275 296 297 303 304 309 308 307 302
 298 299 279 272 271 268 164 165 167 166 209 168  89  88  85  90  91  95
  96 100 101  92  97  98  99 190 193 194 203 295]
Value - initial: 91879086, final: 6013511, improveup: 15.2787757435

data-line;i;91879086;f;6013511;t;4.10976290703;c;-2;fv;[6013511L];cv;-1;imp;15.2787757435;type;rvnd;inum;3;w;1

time;4.10976290703;man_time;0;neigh_time;0
man_time;0;man_merge_sol;0;man_best_sol;0;man_combine_sol;0

Waiting [0]
Terminating workers True 0 0
MPI TERMINATING
