pydf_home: /home/rodolfo/git/Sucuri
simple_pycuda_home: /home/rodolfo/git/simple-pycuda
wamca2016path: /home/rodolfo/git/wamca2016/
localpath: /home/rodolfo/git/dvnd-df/code/dvnd-df/src/
WAMCAPATH:/home/rodolfo/git/wamca2016/
param: {solution_index:3, solution_instance_index:15, multi_gpu:True, goal:False, problem_name:ml, number_of_moves:10, device_count:2, solver:rvnd, mpi_enabled:True, workers:1}
Using already created file:  wamca2016lib.so
Size: 318 - file name: 04_lin318.tsp

Value - initial: 97405774-[311   7 263  61 305 118 222  17 292 242 127 271  81 151 221 198 150 119
 140 285 129  74 246 247 189  34  58 223  44 308 161 300 288 113 138 139
  79  47  80 226 143 294 213 182 133 272  18  20  36 279 168 192 190 269
 298 148 128  76 112  71  42 180  30  39 303  11 109 170 241 164 281  65
 116   5 296  84  37 176  97  33 268 253 153 211 255 171 260  56  66 219
 237 177 195 257  31  29  85  52 122  53 117 172  93  24 114 125 295 251
 306 256 162 165  64 187 248 100  21 149 124  19 301   1  38 193  27   0
  88 186 163  12 232 115  92 291 196 194 262 200 202  60  22 106 258  77
 141 277  69 212 312   4 244 121 208 102 273 316 293 215 146 270  75 261
  16 304  62 147 302  89 214 234  43 179 152 160 145 104 203 282  99 217
 181  90  35 239  83 249 310  96 155  86 197  41 199  48  82 274 158 224
  59 243   9 266  49 174   6 233  28 230 259 220 175 275  45  10  25 178
   2 290 210  91  63  32 136 132 108 159 317 173 191  14 166 287  94 309
 267 207 286  73 142  23 283 144 250 201 245 205 238 107 284  68  50 313
 206 130 103 105   3 229  95  57 297 157 228  98  26  55 307 154 188  78
  40 236 183 184 280 111 315 209 227 156 231 314  72 135 169 276 123  54
 299  70  15 264 120 278 254 252 134 235  67 289 265 225 137 185 167  13
 240  51   8 101 218 110 204 126 131  87 216  46] - 97405774
Solver: RVND, number of workers: 1
Setting feeder affinity
I am the master. There are 1 mpi processes. (hostname = gpu01)
Roots [<pyDF.nodes.Feeder object at 0x7f2665099ad0>]
Starting 0
Main loop
I am worker 0
GPU0
set random seed!
Initial: 97405774-[311   7 263  61 305 118 222  17 292 242 127 271  81 151 221 198 150 119
 140 285 129  74 246 247 189  34  58 223  44 308 161 300 288 113 138 139
  79  47  80 226 143 294 213 182 133 272  18  20  36 279 168 192 190 269
 298 148 128  76 112  71  42 180  30  39 303  11 109 170 241 164 281  65
 116   5 296  84  37 176  97  33 268 253 153 211 255 171 260  56  66 219
 237 177 195 257  31  29  85  52 122  53 117 172  93  24 114 125 295 251
 306 256 162 165  64 187 248 100  21 149 124  19 301   1  38 193  27   0
  88 186 163  12 232 115  92 291 196 194 262 200 202  60  22 106 258  77
 141 277  69 212 312   4 244 121 208 102 273 316 293 215 146 270  75 261
  16 304  62 147 302  89 214 234  43 179 152 160 145 104 203 282  99 217
 181  90  35 239  83 249 310  96 155  86 197  41 199  48  82 274 158 224
  59 243   9 266  49 174   6 233  28 230 259 220 175 275  45  10  25 178
   2 290 210  91  63  32 136 132 108 159 317 173 191  14 166 287  94 309
 267 207 286  73 142  23 283 144 250 201 245 205 238 107 284  68  50 313
 206 130 103 105   3 229  95  57 297 157 228  98  26  55 307 154 188  78
  40 236 183 184 280 111 315 209 227 156 231 314  72 135 169 276 123  54
 299  70  15 264 120 278 254 252 134 235  67 289 265 225 137 185 167  13
 240  51   8 101 218 110 204 126 131  87 216  46]
Final time: 3.92968606949s - Best: 6153202-[311 310 204 199 198 306 305 301 300 294 293 292 291 287 280 277 276 281
 286 288 282 285 289 290 284 283 278 279 272 271 267 262 261 255 252 251
 250 253 256 260 263 266 265 264 259 257 254 258 268 164 165 169 170 174
 173 178 179 185 184 180 177 183 181 176 171 172 175 182 186 187 188 189
 195 196 200 201 205 206  99  94  93  86  87  80  74  73  68  69  62  61
  57  52  51  45  42  41  40  43  46  50  53  56  55  54  49  47  44  39
 103  32  31  30  29  28  21  20 102  14  10   9   6   5   1   0   2  11
  19  22  27  18  23  26  25  24  17  15  16   7   8   4   3 105 106 110
 111 114 115 119 125 126 133 207 124 127 132 134 135 136 137 131 128 123
 130 129 122 120 121 109 108 210 211 215 216 219 220 224 312 229 232 237
 228 233 236 235 234 227 225 226 223 222 213 214 218 217 221 230 231 238
 239 240 241 242 313 249 142 143 146 147 150 156 157 162 161 158 155 151
 148 145 140 141 139 138 117 118 113 112 116  12  13  33  34  38  37 144
 153 149 152 154 159 160 209 163  59  60  72  75  79  78  76  71  66  67
  70  77  81  82  83  84  90  91  95  96 100 101  92  97  98  89  88  85
  63  58 316 315  48 104  65  64 168 190 197 202 203 193 194 192 191 295
 302 298 299 307 308 309 304 303 297 296 275 274 270 269 317 248 247 243
 244 246 245 314 273 167 166 208  36  35 107 212]
Value - initial: 97405774, final: 6153202, improveup: 15.8300952902

data-line;i;97405774;f;6153202;t;3.92968606949;c;-2;fv;[6153202L];cv;-1;imp;15.8300952902;type;rvnd;inum;3;w;1

time;3.92968606949;man_time;0;neigh_time;0
man_time;0;man_merge_sol;0;man_best_sol;0;man_combine_sol;0

Waiting [0]
Terminating workers True 0 0
MPI TERMINATING
