pydf_home: /home/rodolfo/git/Sucuri
simple_pycuda_home: /home/rodolfo/git/simple-pycuda
wamca2016path: /home/rodolfo/git/wamca2016/
localpath: /home/rodolfo/git/dvnd-df/code/dvnd-df/src/
WAMCAPATH:/home/rodolfo/git/wamca2016/
param: {solution_index:2, solution_instance_index:25, multi_gpu:True, goal:False, problem_name:ml, number_of_moves:10, device_count:2, solver:rvnd, mpi_enabled:True, workers:1}
Using already created file:  wamca2016lib.so
Size: 226 - file name: 03_pr226.tsp

Value - initial: 193017673-[174 198 188  81 120 189  93  35 105 155 217 150 101  27 218  41 151  99
  76  60  63 187 147 110 172  56  45 142  61 221 208 173  32 185 179 156
  72  43 184  46 129 216 168 164 127 149  31 213  47  51   3 139 212 203
  96 191  74 222 154 118 107   2  30 143 158 152 128  21  79  62 157 169
  69 211 100 175  55 210   8 205 153 136   1  25 113  11 131  26  89 132
  66 194 144  50 140 209 162 137 223  84  54 125  37  17 197 186  71 133
   4   9  92  75  86 176 141  10 160  85   5 159 207 102 204 103   7  15
 215 117  38 163 130  65 199 206 123 116  52  98   0  87 214 122  64 106
  83 200 108  91  68  14 112 148  42  90 145  94  77  12  78 121 219 178
  23 166  57  34  58  82 202 146 177  22  97 161  36 195  59 104  33 124
 135 134 119  24  20   6 193 180  18  67 224 182 190 115 183 220  13  80
 114  16  70 138  48 165  53  39  44 171 109 181 167 111 192 126  40 201
  29 225 170  95  49  19  28  88 196  73] - 193017673
Solver: RVND, number of workers: 1
Setting feeder affinity
I am the master. There are 1 mpi processes. (hostname = gpu01)
Roots [<pyDF.nodes.Feeder object at 0x7f52d7db2ad0>]
Starting 0
Main loop
I am worker 0
GPU0
set random seed!
Initial: 193017673-[174 198 188  81 120 189  93  35 105 155 217 150 101  27 218  41 151  99
  76  60  63 187 147 110 172  56  45 142  61 221 208 173  32 185 179 156
  72  43 184  46 129 216 168 164 127 149  31 213  47  51   3 139 212 203
  96 191  74 222 154 118 107   2  30 143 158 152 128  21  79  62 157 169
  69 211 100 175  55 210   8 205 153 136   1  25 113  11 131  26  89 132
  66 194 144  50 140 209 162 137 223  84  54 125  37  17 197 186  71 133
   4   9  92  75  86 176 141  10 160  85   5 159 207 102 204 103   7  15
 215 117  38 163 130  65 199 206 123 116  52  98   0  87 214 122  64 106
  83 200 108  91  68  14 112 148  42  90 145  94  77  12  78 121 219 178
  23 166  57  34  58  82 202 146 177  22  97 161  36 195  59 104  33 124
 135 134 119  24  20   6 193 180  18  67 224 182 190 115 183 220  13  80
 114  16  70 138  48 165  53  39  44 171 109 181 167 111 192 126  40 201
  29 225 170  95  49  19  28  88 196  73]
Final time: 2.3188829422s - Best: 7712469-[174 173 172 171 170 175 176 177 178 179 180 181 182 183 184 185 186 187
 188 189 190 191 192 193 194 195 196 197 198 199 200 201 202 203 204 205
 206 207 208 209 210 211 212 213 214 215 216 217 218 219 220 221 222 223
 224 225 124 131 129 123 122 130 128 121 120 126 127 119 118 125 117 109
 108 116 115 107 106 114 113 105 103 112 111 104 110 102  63  62  61  60
  59  58  57  56  55  54  53  52  51  50  49  48  47  32  31  30  35  36
  37  38  41  42  86  94  95  88  87  96  97  89  90  98  99  91  92 100
 101  93 143 136 137 145 144 138 139 146 148 140 141 147 149 142 169 168
 167 166 165 164 163 162 161 160 159 158 157 156 155 154 153 152 151 150
  46  45  44  43  34  33  29  28  27  26  25  24  23  22  21  20  19  18
  17  16  66  67  70  12  11  10  15  14  13   9   8   7   6   5   4   3
   2   1   0  72  73  74  75  76  77  78  79  80  81  82  83  84  85  71
  68  69  65  64 132 133 134 135  40  39]
Value - initial: 193017673, final: 7712469, improveup: 25.0267032516

data-line;i;193017673;f;7712469;t;2.3188829422;c;-2;fv;[7712469L];cv;-1;imp;25.0267032516;type;rvnd;inum;2;w;1

time;2.3188829422;man_time;0;neigh_time;0
man_time;0;man_merge_sol;0;man_best_sol;0;man_combine_sol;0

Waiting [0]
Terminating workers True 0 0
MPI TERMINATING
