pydf_home: /home/rodolfo/git/Sucuri
simple_pycuda_home: /home/rodolfo/git/simple-pycuda
wamca2016path: /home/rodolfo/git/wamca2016/
localpath: /home/rodolfo/git/dvnd-df/code/dvnd-df/src/
WAMCAPATH:/home/rodolfo/git/wamca2016/
param: {solution_index:4, solution_instance_index:37, multi_gpu:True, goal:False, problem_name:ml, number_of_moves:10, device_count:2, solver:rvnd, mpi_enabled:True, workers:1}
Using already created file:  wamca2016lib.so
Size: 501 - file name: 05_TRP-S500-R1.tsp

Value - initial: 32253791-[377 252 383 153 321  74  52  19 300  47 190 193  32 249  70 105 306 187
 435   0 360  91 372 475 398 213  38 415  43 128 431 104   9 318 109 131
  42 298 472 171 113 275 125 428  85 461 261 460  22  44 137 488 337 208
 140  76 329 438 486 121 251 217 282 453 267 173 410 354 334  83 455 135
 327 487 392 183  21 320 456 458 349  14 356 336 227  48 441 467 266 418
 312 149 396 112 106 400  56 178 385 359 331 194 407 347  79  41 250 237
  54 296 198 484 253 332  23  80 388 276 307 350 136 361 180 154 102 130
 364  26 442 468 246 311 301  51 199 158  37 355 278 452 274  90 315 294
 129  20 224  36 157 211 292 226 413 436 283 242 264 103 272 440 114 402
 166 160  18 209 254 335 206   2 115 358  31 164 449 146 417 308  12 259
 175 494 273 271  84 192 268  89 314 202 191 182 422 239  87 293 345 373
 342  96 147  10 492 346 134 126 170  17 117 446  59 351 464  53 474 339
 457 148 423 481  29 189  13 433 291 470 270  63 139 386 405 401 219 169
 330 473 155 326 233 352 195 123 419 374 229 393   1 357  99 159 223 118
 167 338 151 427  40 156 439 152 236  57  16 362 420 107 284 322  46 299
 426 366  69  67  11 497 216 363 496 215 344  66 258 343 205 119 225  61
 498 100 304 289 214 285 290 387 309 430 479  97 466  95 179 228 305 279
 101  58 265 260 404 165 207 174 463 295 221 480  30 210 353 150 144  75
 403  94 476 238 172  71 500 163  86 262 124 485 204 138 483 244 424  35
 243 399  81 256 371 188 348 245  25 269  64 277 145 303 181 133 255 281
  92 143 232 378 365  50 412 340 444 443 432 411 489  49 127 108 200 247
  73 184 328 495 234 203 397 324 162   6 111 186 161 257  65 414 369 323
 425 391 142 381 390  27 368 459 437 469 389 248 465 116 333 302  28 176
 367  24 451 220  78 409  93 462 310 477 317 482 384  15  45 471 120 240
  88 222 447 382 434 263 231 197 110 319 286 416 313 235  33   7  68   3
  72 478 376 288  55 185   5 218 380 394 445 490 297   8 341 201 395 370
 177 230 168  82 379 491 122 316 454 499 196 132 408 421 429  77 450  60
 493 241 212  98 375 280 141 287   4 325 406  62 448  34  39] - 32253791
Solver: RVND, number of workers: 1
Setting feeder affinity
I am the master. There are 1 mpi processes. (hostname = gpu01)
Roots [<pyDF.nodes.Feeder object at 0x7fbc46900ad0>]
Starting 0
Main loop
I am worker 0
GPU0
set random seed!
Initial: 32253791-[377 252 383 153 321  74  52  19 300  47 190 193  32 249  70 105 306 187
 435   0 360  91 372 475 398 213  38 415  43 128 431 104   9 318 109 131
  42 298 472 171 113 275 125 428  85 461 261 460  22  44 137 488 337 208
 140  76 329 438 486 121 251 217 282 453 267 173 410 354 334  83 455 135
 327 487 392 183  21 320 456 458 349  14 356 336 227  48 441 467 266 418
 312 149 396 112 106 400  56 178 385 359 331 194 407 347  79  41 250 237
  54 296 198 484 253 332  23  80 388 276 307 350 136 361 180 154 102 130
 364  26 442 468 246 311 301  51 199 158  37 355 278 452 274  90 315 294
 129  20 224  36 157 211 292 226 413 436 283 242 264 103 272 440 114 402
 166 160  18 209 254 335 206   2 115 358  31 164 449 146 417 308  12 259
 175 494 273 271  84 192 268  89 314 202 191 182 422 239  87 293 345 373
 342  96 147  10 492 346 134 126 170  17 117 446  59 351 464  53 474 339
 457 148 423 481  29 189  13 433 291 470 270  63 139 386 405 401 219 169
 330 473 155 326 233 352 195 123 419 374 229 393   1 357  99 159 223 118
 167 338 151 427  40 156 439 152 236  57  16 362 420 107 284 322  46 299
 426 366  69  67  11 497 216 363 496 215 344  66 258 343 205 119 225  61
 498 100 304 289 214 285 290 387 309 430 479  97 466  95 179 228 305 279
 101  58 265 260 404 165 207 174 463 295 221 480  30 210 353 150 144  75
 403  94 476 238 172  71 500 163  86 262 124 485 204 138 483 244 424  35
 243 399  81 256 371 188 348 245  25 269  64 277 145 303 181 133 255 281
  92 143 232 378 365  50 412 340 444 443 432 411 489  49 127 108 200 247
  73 184 328 495 234 203 397 324 162   6 111 186 161 257  65 414 369 323
 425 391 142 381 390  27 368 459 437 469 389 248 465 116 333 302  28 176
 367  24 451 220  78 409  93 462 310 477 317 482 384  15  45 471 120 240
  88 222 447 382 434 263 231 197 110 319 286 416 313 235  33   7  68   3
  72 478 376 288  55 185   5 218 380 394 445 490 297   8 341 201 395 370
 177 230 168  82 379 491 122 316 454 499 196 132 408 421 429  77 450  60
 493 241 212  98 375 280 141 287   4 325 406  62 448  34  39]
Final time: 4.37159395218s - Best: 2026478-[377 117 481 305 351 182  28 383 319 499 209  77 100 396 180  47  29 389
  66 162 324  60 347 311 450 369 488   2 168  50 170  92 131 295 338 415
 350 247 316 471 115 425  26 189 418  64 143 259 125 398 110  85 220 264
 490 101  27 491 441 244 474 446 130  37 289 188 267 476  34 371 456 401
 314  24 465 462  11 283 424 315 173 498 429 493 241 495 461 397 374 323
 327 400 153  53 107  23 342 256 375 231 249  46 257 186 363 145 355 428
 334 151 108 405 147 455 392 205 126 250 227 333  75 161 391 484  14  79
 412 473 187  90 475  25 487 365 207 354 141 485 448  95 190 255  97 237
 304 306 293  52 248   6 438  16 403 160 439 129 411 447 215 152 460 102
 302 212  72 308  68 388 370 274 245 298 262 395 268 336 386 332  94 479
 211 233 451 216 380 208 109 204 226 239 457 381 238 265  69 290  99  93
 203 281 466 155 307 275  70 387 279 349 251 453 140 372 196 309 285  43
 185  55 292 299 202 278  21 413  86 376 139 272 104 313 297 328 263 137
 478 317 280 296  61 390   8 149 224 282 276 171 444 217  84  80 463 113
 121 169  48  32 469  41 486  59  83   7 445 111  39 246   5 356 236 142
 112 193  88 419 382 436  38 146 174 364  71 464 158 198 287 154 230 468
 346 422 437 352  13 379  35 124 277 326 210  87  81 362  62 420 266  76
 394  82 181 431 358 416 345 221 421 496 325  67 480 300 384 114  17   1
 144  40 206  58 406 357 252 183  74 427 408 359 103 240 132 318 409 176
 497 368  10 378 331 483 214 105  31 194 500 242 234 442 399 423 361  56
 184 353 321 258 106 135 164 360 310 320 489 229  63 271 150   0  18 452
 235 303 344 116 179 373  44 330 301 243  19 348  78  73 417 492 133 260
 340 443 291 432 449 458 284 329  54 128  20 294 402 253 156 407 269 191
 165 435 367 254  57 404 157 201 467 430 288 494 218 120 322 477 148  49
 366  65 440  15  96 177 138 385 175 410  30 223   4 178 459 119  36 434
 273   3 393 167  45  33 136 470  22 200 335 172 213 286 337 341 414 343
 433 219 118 261 197 228 159 225  51 134 122 199 472   9 454 482 127  98
 166 222 270 192  91 123 163  42  12  89 312 426 195 232 339]
Value - initial: 32253791, final: 2026478, improveup: 15.9161811774

data-line;i;32253791;f;2026478;t;4.37159395218;c;-2;fv;[2026478L];cv;-1;imp;15.9161811774;type;rvnd;inum;4;w;1

time;4.37159395218;man_time;0;neigh_time;0
man_time;0;man_merge_sol;0;man_best_sol;0;man_combine_sol;0

Waiting [0]
Terminating workers True 0 0
MPI TERMINATING
