pydf_home: /home/rodolfo/git/Sucuri
simple_pycuda_home: /home/rodolfo/git/simple-pycuda
wamca2016path: /home/rodolfo/git/wamca2016/
localpath: /home/rodolfo/git/dvnd-df/code/dvnd-df/src/
WAMCAPATH:/home/rodolfo/git/wamca2016/
param: {solution_index:6, solution_instance_index:99, multi_gpu:True, goal:False, problem_name:ml, number_of_moves:10, device_count:2, solver:rvnd, mpi_enabled:True, workers:1}
Using already created file:  wamca2016lib.so
Size: 783 - file name: 07_rat784.tsp

Value - initial: 71882740-[435 670 760  59 615 390 374 391 588 132 614 734 365 564 656  15 274 381
  95 683 367  54 397 143  81 551 403 773 326 387 667 716 129 743 194 561
 434 105 708 663 762 575 213 570 261 322 221 596 228 574  56 100 718 744
 251  53 364 520 710 175 560 187 679 729 696 123  12 653  94  70 342 283
 452 453 609 127 152 291 210 607 475 444 368 406 165 756 658 156 276 266
 333 312 416 602 278  38 149 104 592 768 107 752 775 638 600 541  36 182
 747 176 464 360 531 612  13 384  23 645 625 250 681 553 522 172 352 661
  50 637 616 567 234 203 497 216 178 244 629 167 262 576 219 624  40 589
 750  77 583 730 500 340 628 587  71 490 166 461 202 759 460 706 408 714
 543 155 422 118 595  18  60 181 138 585  57 110 163 515 254 530  30 566
 232 398  32 245 394 285 639 295 161 482  69 720  21 335 304 420 217 321
 193 454  52 569 331 537 485 517 572 358 392 404 430 265 754  19 619 183
  11 315 117 376 695 184 739 755 356 495 303  27 310 544 171 472 389 579
   7  83 703 781  88 336 286 419 468 200 481 598 339 225 723 513 314 673
  73 361 324 428 640 227 738 757 359 197 582 253 510 162 282 726  49 189
 174 547 337  89  58 134  76 649 456 476 692 702 372 377 287 727 334 133
 742  44 280 479 584 693 758 433 233 717 666 230 414 563 503 769 441 622
 780 474 559 427 305  99 777 746 715 130 407 509 478 316 594 749 383 318
 599 462 153 207   8 237 341 558 235 471 144 362 740 463 610 439 597 611
 642 267 590 532 698  35  34  14  43 412 332 630 450 662 542   0 290  22
 190 593 199 504 674 212 643 101 733 449 499 712 432 271  17 697  45  68
 613 275  80 249 719 146 753 236 273 505 109 635  90 206  39  31 357 516
 731 294 272 350 179 208 568 528 484 486 659 223 724  86 423 112 687 160
 269 114 782   3 772  66 125 401 465   6 255 248 483 494 721 451  67 603
 154 617 540 347 641 539 120 288 618  29 204 131 728 776 268 779 327 263
 258 601 732 209 766 436 379 296  87 608 501 231 218 405  74  62 158 299
 654 455 621 507 546 523 506 292 741 169 298 147  96 469 557 525 205 632
 521 633 396 215 247 281 648 378 577 701 686 672 300 409 498 413 270 447
 442 678 319 320 512 735 713 424 527 620 142  93 293 180 536 770 136 243
 554 137  64 438 586 725  46 763 627  41 448 636 694 366 395 573 307 626
 264 565 604 122 778 330  92 102 634 113 466 736 399 771 418 508 150 135
 704 514 496 121 338 737 344 301  25 440 103  82  79 650  37 555 173 128
 354 429 502  61 431 538 355 119   5 242 353 382 685 623 682 578 140 631
  63 385 552 311 459 351 691 277 699 259 226 124 302 524 426 371 188  20
  26 548 329 722 655  72 580 519 348 705 308 111 748 477 751 487 241 157
 240 139 688  55 195 191 443 545 470 677 709 239 229 700 317 647 126  51
 690   9 185 675  84  16 644 765 349  47 680 297 571 388 260 393  97 220
 689 767   4 345 664 415 224 201 369 488 549  28 652 774 707  78 511  48
 402 148 151 761 529 279 489 668 192  42  33 493 238 480 425 256 657 159
 145 535 421 562   2 400 526 458 164 115 309 581 306 646 108 518 323 651
 380 411 328 556 116   1 550 252 591 177 222 745 606 370 491 676 168 325
 473 467 445 211  75 671 141 186 375 170 106 373 313  10 533 246  98 363
 257 764  65 446 711 684  91 437 665 534 492 605 196  24 386 198 410 457
 284  85 343 346 289 214 660 669 417] - 71882740
Solver: RVND, number of workers: 1
Setting feeder affinity
I am the master. There are 1 mpi processes. (hostname = gpu01)
Roots [<pyDF.nodes.Feeder object at 0x7f452cd97ad0>]
Starting 0
Main loop
I am worker 0
GPU0
set random seed!
Initial: 71882740-[435 670 760  59 615 390 374 391 588 132 614 734 365 564 656  15 274 381
  95 683 367  54 397 143  81 551 403 773 326 387 667 716 129 743 194 561
 434 105 708 663 762 575 213 570 261 322 221 596 228 574  56 100 718 744
 251  53 364 520 710 175 560 187 679 729 696 123  12 653  94  70 342 283
 452 453 609 127 152 291 210 607 475 444 368 406 165 756 658 156 276 266
 333 312 416 602 278  38 149 104 592 768 107 752 775 638 600 541  36 182
 747 176 464 360 531 612  13 384  23 645 625 250 681 553 522 172 352 661
  50 637 616 567 234 203 497 216 178 244 629 167 262 576 219 624  40 589
 750  77 583 730 500 340 628 587  71 490 166 461 202 759 460 706 408 714
 543 155 422 118 595  18  60 181 138 585  57 110 163 515 254 530  30 566
 232 398  32 245 394 285 639 295 161 482  69 720  21 335 304 420 217 321
 193 454  52 569 331 537 485 517 572 358 392 404 430 265 754  19 619 183
  11 315 117 376 695 184 739 755 356 495 303  27 310 544 171 472 389 579
   7  83 703 781  88 336 286 419 468 200 481 598 339 225 723 513 314 673
  73 361 324 428 640 227 738 757 359 197 582 253 510 162 282 726  49 189
 174 547 337  89  58 134  76 649 456 476 692 702 372 377 287 727 334 133
 742  44 280 479 584 693 758 433 233 717 666 230 414 563 503 769 441 622
 780 474 559 427 305  99 777 746 715 130 407 509 478 316 594 749 383 318
 599 462 153 207   8 237 341 558 235 471 144 362 740 463 610 439 597 611
 642 267 590 532 698  35  34  14  43 412 332 630 450 662 542   0 290  22
 190 593 199 504 674 212 643 101 733 449 499 712 432 271  17 697  45  68
 613 275  80 249 719 146 753 236 273 505 109 635  90 206  39  31 357 516
 731 294 272 350 179 208 568 528 484 486 659 223 724  86 423 112 687 160
 269 114 782   3 772  66 125 401 465   6 255 248 483 494 721 451  67 603
 154 617 540 347 641 539 120 288 618  29 204 131 728 776 268 779 327 263
 258 601 732 209 766 436 379 296  87 608 501 231 218 405  74  62 158 299
 654 455 621 507 546 523 506 292 741 169 298 147  96 469 557 525 205 632
 521 633 396 215 247 281 648 378 577 701 686 672 300 409 498 413 270 447
 442 678 319 320 512 735 713 424 527 620 142  93 293 180 536 770 136 243
 554 137  64 438 586 725  46 763 627  41 448 636 694 366 395 573 307 626
 264 565 604 122 778 330  92 102 634 113 466 736 399 771 418 508 150 135
 704 514 496 121 338 737 344 301  25 440 103  82  79 650  37 555 173 128
 354 429 502  61 431 538 355 119   5 242 353 382 685 623 682 578 140 631
  63 385 552 311 459 351 691 277 699 259 226 124 302 524 426 371 188  20
  26 548 329 722 655  72 580 519 348 705 308 111 748 477 751 487 241 157
 240 139 688  55 195 191 443 545 470 677 709 239 229 700 317 647 126  51
 690   9 185 675  84  16 644 765 349  47 680 297 571 388 260 393  97 220
 689 767   4 345 664 415 224 201 369 488 549  28 652 774 707  78 511  48
 402 148 151 761 529 279 489 668 192  42  33 493 238 480 425 256 657 159
 145 535 421 562   2 400 526 458 164 115 309 581 306 646 108 518 323 651
 380 411 328 556 116   1 550 252 591 177 222 745 606 370 491 676 168 325
 473 467 445 211  75 671 141 186 375 170 106 373 313  10 533 246  98 363
 257 764  65 446 711 684  91 437 665 534 492 605 196  24 386 198 410 457
 284  85 343 346 289 214 660 669 417]
Final time: 13.9919090271s - Best: 3522601-[435 444 451 452 457 465 483 484 505 511 516 533 529 550 553 561 578 579
 585 593 610 625 647 651 658 670 678 684 679 689 705 731 738 742 735 744
 734 717 704 708 687 677 682 671 664 639 637 623 595 575 567 559 547 532
 525 510 498 481 471 428 422 400 389 386 381 365 357 343 334 326 318 322
 298 285 266 255 267 257 239 231 232 224 216 205 199 197 178 175 160 151
 142 136 132 115 111 101 104 107 127 139 162 168 156 137 117 125 120 123
 143 128 129 102  91  92  89  77  68  43  54  59  72  90  95 108 113 121
 141 147 167 169 176 180 193 213 222 246 260 278 283 295 296 303 313 328
 340 354 373 368 378 377 361 341 330 308 297 270 271 251 244 240 219 202
 190 188 191 177 173 165 157 130 131 140 153 158 182 187 196 200 212 225
 220 227 228 243 259 262 282 287 309 307 319 323 333 348 360 387 384 367
 372 382 380 385 379 374 371 390 410 417 416 418 430 434 440 433 436 447
 463 469 468 466 482 499 490 476 456 455 448 425 429 423 419 407 408 409
 392 375 345 352 364 370 391 388 396 406 424 442 437 454 462 485 491 494
 512 518 517 530 539 546 556 551 577 587 606 616 620 627 648 656 660 668
 665 650 645 632 630 638 617 609 588 570 574 557 564 569 576 583 590 599
 600 613 629 635 621 608 602 586 565 562 563 555 540 535 534 520 506 504
 493 526 542 523 521 496 495 486 488 479 473 458 445 431 401 399 413 414
 402 411 397 395 398 420 427 441 450 426 439 446 453 467 477 497 501 508
 524 527 543 536 558 572 580 603 614 628 631 641 649 661 653 652 688 700
 699 709 725 739 748 761 769 762 749 745 740 730 729 722 715 707 701 723
 714 702 695 693 675 673 667 666 646 636 615 605 592 591 581 566 573 549
 537 545 548 544 531 509 502 522 515 503 489 480 478 460 461 443 412 405
 403 393 366 356 314 284 279 264 263 253 233 217 198 192 170 148 133 134
 105 100  78  83  86  74  65  42  33  27  23  26  25  20  15  31  13  21
  34  41  53  49  61  81  85  67  60  58  70  63  47  76  73  62  38  28
  18  29  35  30  19   7   4   2   9   8  11  32  57  52  46  64  45  40
  17   6   1  22  16   0  14  24  36  44  56  51  48  55  87  96 109 116
 122 138 146 154 159 174 171 179 185 204 194 195 221 226 230 229 247 248
 273 277 272 275 276 254 245 238 235 215 214 234 241 265 269 288 304 312
 301 293 316 327 342 355 358 351 362 383 394 421 432 459 472 507 538 560
 568 596 597 589 598 612 618 640 643 633 626 644 654 659 674 680 690 691
 697 721 757 758 756 732 736 753 754 772 773 765 747 720 719 718 712 706
 683 698 694 685 692 672 663 669 662 686 716 727 743 752 728 713 710 711
 681 676 657 655 642 634 624 622 619 601 584 582 607 594 571 552 519 513
 492 487 474 464 449 415 363 336 337 339 347 350 353 359 335 329 325 317
 310 294 311 300 281 286 274 256 261 250 252 249 258 242 223 207 201 203
 186 183 161 155 150 152 126 135 119 110 106  99  79  69  66  80  93  82
  75  97  94  88  98  84  71  50   3  10  12   5  39  37 103 112 118 144
 166 149 164 163 172 181 189 208 210 211 218 209 236 268 280 289 292 290
 305 324 331 315 306 299 291 302 321 320 332 344 346 349 369 376 438 500
 514 528 611 696 703 724 733 737 746 768 777 760 771 764 759 775 767 778
 776 779 780 755 751 763 781 782 774 770 766 750 741 726 604 541 475 404
 338 184 145 124 114 206 237 470 554]
Value - initial: 71882740, final: 3522601, improveup: 20.4061544296

data-line;i;71882740;f;3522601;t;13.9919090271;c;-2;fv;[3522601L];cv;-1;imp;20.4061544296;type;rvnd;inum;6;w;1

time;13.9919090271;man_time;0;neigh_time;0
man_time;0;man_merge_sol;0;man_best_sol;0;man_combine_sol;0

Waiting [0]
Terminating workers True 0 0
MPI TERMINATING
