pydf_home: /home/rodolfo/git/Sucuri
simple_pycuda_home: /home/rodolfo/git/simple-pycuda
wamca2016path: /home/rodolfo/git/wamca2016/
localpath: /home/rodolfo/git/dvnd-df/code/dvnd-df/src/
WAMCAPATH:/home/rodolfo/git/wamca2016/
param: {solution_index:0, solution_instance_index:73, multi_gpu:True, goal:False, problem_name:ml, number_of_moves:10, device_count:2, solver:rvnd, mpi_enabled:True, workers:1}
Using already created file:  wamca2016lib.so
Size: 52 - file name: 01_berlin52.tsp

Value - initial: 731115-[39 25 48 15  5 45 12 33 28 22 35 34  8 37 10  9 36 41 38 23 44 30 26  1  2
 42 31  6 40 16  3 19 47 46 50 18 27 13 51 11 17  0 29 49 32 14  7 20 21 43
 24  4] - 731115
Solver: RVND, number of workers: 1
Setting feeder affinity
I am the master. There are 1 mpi processes. (hostname = gpu01)
Roots [<pyDF.nodes.Feeder object at 0x7f7b5c175ad0>]
Starting 0
Main loop
I am worker 0
GPU0
set random seed!
Initial: 731115-[39 25 48 15  5 45 12 33 28 22 35 34  8 37 10  9 36 41 38 23 44 30 26  1  2
 42 31  6 40 16  3 19 47 46 50 18 27 13 51 11 17  0 29 49 32 14  7 20 21 43
 24  4]
Final time: 1.28199005127s - Best: 160557-[39 37 36 38 35 34 33 43 45 47 23 14  5  3 24 11 27 26 25 46 28 15 49 19 22
 21  0 48 31 44 18  7 40  2 17 30 20 29 41  1  6 16  8  9 42 32 50 10 51 13
 12  4]
Value - initial: 731115, final: 160557, improveup: 4.55361647265

data-line;i;731115;f;160557;t;1.28199005127;c;-2;fv;[160557L];cv;-1;imp;4.55361647265;type;rvnd;inum;0;w;1

time;1.28199005127;man_time;0;neigh_time;0
man_time;0;man_merge_sol;0;man_best_sol;0;man_combine_sol;0

Waiting [0]
Terminating workers True 0 0
MPI TERMINATING
