pydf_home: /home/rodolfo/git/Sucuri
simple_pycuda_home: /home/rodolfo/git/simple-pycuda
wamca2016path: /home/rodolfo/git/wamca2016/
localpath: /home/rodolfo/git/dvnd-df/code/dvnd-df/src/
WAMCAPATH:/home/rodolfo/git/wamca2016/
param: {solution_index:4, solution_instance_index:31, multi_gpu:True, goal:False, problem_name:ml, number_of_moves:10, device_count:2, solver:rvnd, mpi_enabled:True, workers:1}
Using already created file:  wamca2016lib.so
Size: 501 - file name: 05_TRP-S500-R1.tsp

Value - initial: 33755716-[128 162  88 492 269 229  94 293 475  35 322 357 408 460 366  14  66 381
 119 379  11 304 211 378 279 297 264 433 396 495 235 307 377 215 241 414
 198 224  80 374 488   8 237 208 188  21 283 318  64 176 457  24 359 222
  47 290  48 415 161 326 130 494  95 252 404 481 444 499  29  17  30 186
 168 243 145 178 364 232 185  20 117 181 409 254 346  28 160 309   6 238
 248 423  77 144 368   9 419 425  13  49  15  71 166 120 480 330 251 183
 124 401 265 311 125 353 108  39 152  51  58 159  54 422 458 411 287 376
 312 167 221  50 349 385  59 104 334 239 292 272 413 234 226 260  92  57
 158  98  65 350 348 216 468 129 209 371  16 285 194 452  22 111  86  55
  18  61 341  84 383 191 306 116 195 219 327  82 114 406  96 393  23 154
 263 273  76 440 320 465 122  41 302 356 300 102  60 331  38 213 430  70
 412  25  12 261 247 382 259  78 296 100 375   3 372   1 445 189 464 355
 453 282  81 303 361 470 109 169 421 308 352 305 127 286 201 431 405 301
 479 199 429 203  74 172 173 343 107 347 438 210 400  75 469 258 193 324
 389 205 295 171 426  62 126 487 446 447  56  79 294 484 175 121 397 271
 384 333  31   7 138 486 225 398  40  19 245  87 316 351 394 255 416 196
 113  67 267 380 256 310 249 314 146 454 151 497 115 496 105 274 253  97
 439 190  63 336 471 418 202 392 325  44 220 329 278 163 228 450 451 386
   4 449 244 230 337 317 342 482 155 390 246 402 345 182 493 427 214 491
 335  72  37  34 291 143 344 179 112   2 132 472 289 280 443 463 354 137
 106 236 101 420 298 417 428 435 441 498 165 180 131 370 240 103  53  91
 455 223 339 478 142 332 462 270 257 477 338 367 388 456  90 275 387 360
 424 485 319 442  85 227  10 197 276 483 123 466  43 490 369 174 204 473
 170 474 399 284 136  52  32 313 268  69 207 476 217 231 459 139 156 281
 432  42 363  27  45 328  73 436 140 242  68 187 288 467 373 153 407   0
 147 358 403  36 299 365 148  46 192 500 212 150 149 141 250  99 218  89
 177  33 362 266 134 340 323 110 164 262  26   5 135 437 200  93 206 448
 277 395 461 233 133 391 410 315 489 321 434 157  83 118 184] - 33755716
Solver: RVND, number of workers: 1
Setting feeder affinity
I am the master. There are 1 mpi processes. (hostname = gpu01)
Roots [<pyDF.nodes.Feeder object at 0x7fc0098bcad0>]
Starting 0
Main loop
I am worker 0
GPU0
set random seed!
Initial: 33755716-[128 162  88 492 269 229  94 293 475  35 322 357 408 460 366  14  66 381
 119 379  11 304 211 378 279 297 264 433 396 495 235 307 377 215 241 414
 198 224  80 374 488   8 237 208 188  21 283 318  64 176 457  24 359 222
  47 290  48 415 161 326 130 494  95 252 404 481 444 499  29  17  30 186
 168 243 145 178 364 232 185  20 117 181 409 254 346  28 160 309   6 238
 248 423  77 144 368   9 419 425  13  49  15  71 166 120 480 330 251 183
 124 401 265 311 125 353 108  39 152  51  58 159  54 422 458 411 287 376
 312 167 221  50 349 385  59 104 334 239 292 272 413 234 226 260  92  57
 158  98  65 350 348 216 468 129 209 371  16 285 194 452  22 111  86  55
  18  61 341  84 383 191 306 116 195 219 327  82 114 406  96 393  23 154
 263 273  76 440 320 465 122  41 302 356 300 102  60 331  38 213 430  70
 412  25  12 261 247 382 259  78 296 100 375   3 372   1 445 189 464 355
 453 282  81 303 361 470 109 169 421 308 352 305 127 286 201 431 405 301
 479 199 429 203  74 172 173 343 107 347 438 210 400  75 469 258 193 324
 389 205 295 171 426  62 126 487 446 447  56  79 294 484 175 121 397 271
 384 333  31   7 138 486 225 398  40  19 245  87 316 351 394 255 416 196
 113  67 267 380 256 310 249 314 146 454 151 497 115 496 105 274 253  97
 439 190  63 336 471 418 202 392 325  44 220 329 278 163 228 450 451 386
   4 449 244 230 337 317 342 482 155 390 246 402 345 182 493 427 214 491
 335  72  37  34 291 143 344 179 112   2 132 472 289 280 443 463 354 137
 106 236 101 420 298 417 428 435 441 498 165 180 131 370 240 103  53  91
 455 223 339 478 142 332 462 270 257 477 338 367 388 456  90 275 387 360
 424 485 319 442  85 227  10 197 276 483 123 466  43 490 369 174 204 473
 170 474 399 284 136  52  32 313 268  69 207 476 217 231 459 139 156 281
 432  42 363  27  45 328  73 436 140 242  68 187 288 467 373 153 407   0
 147 358 403  36 299 365 148  46 192 500 212 150 149 141 250  99 218  89
 177  33 362 266 134 340 323 110 164 262  26   5 135 437 200  93 206 448
 277 395 461 233 133 391 410 315 489 321 434 157  83 118 184]
Final time: 5.97766900063s - Best: 1978307-[128  54 294  20 329 284 223   4 459 119  36 434 273 393 167 117 481 305
 351  28 182  45 383 319  33 136 470 200 335 172 213 286 337 341 414 219
 261 118 100  77 396 433 343 406  58 206  40 144 384 114  17 300 480 176
 497 318 409  74 427 408 359 132 103 240 183  47  29 389 209 499  60 347
 324 162 311 450 369 377 488   2 168  50  26 189 418  64 143 259 125 214
 483 398 110 220 264 490 101  27 491 441 244 474 446 130  37 289 188 267
 476  34 371 456 465  24 462 442 399 424 315 173 323 374 498 397 429 493
 461 241 495  56 361 423 234 242 500 194  13 379  35 124 277 352 437 422
 468 230 154 287 353 321 258 106 135 164 360 310   8 149 224 390  61 296
 489 229  63 271  53 107  23 153 400 283  11 314 401 127 256 375 231 249
 342 222 150   0  18 452 235 303 348  73 262 395 268 336 386 332  94 102
 460 479 211 233 451 301  44 179 116 344 373 330 380 216 208 109 204 215
 447 411  16 403 160 439 129 239 457 381 238 265  69 290  99  93 203 281
 466 155 307 275  70 387 279 349 251 140 453  42 163 309  55 185 285  43
 278 202 299 292 196 372 328 297 263 313 104 272 139 376  21 413  86 123
  91 444 171 282 276 463  80  84 217  32 469  41 486  48 113 169 121 198
 158 464  71 364 174  38 146 232 142 236 356 339  59  83   7 445 111  39
 246   5 112 193  88 419 382 436 195 394  76 266 420  82 181 431 358 416
 345 221 421 496 325  67  81 362  62  87 210 326 368  10 378 331 105  31
  85 197 159 228 471 115 316  51 122 199 472 340 443 260 428 355 145 334
 151 133 492 298 245 274 370 388  68 308  72 212 302   6 248  52 293 306
 304 237  97  79  14 484 161  75 333 227 250 126 205 426 312 391 412 473
 187  90 475  25 487 365 207 485 141 354  95 255 190 448 288 467 157 201
 430 494 218 120 322 477 148  49 366  65 440  15  96 177 138 385 175 410
 402 253 156 407 191 269 432 291 165 435 367  57 404 254 455 392 147 405
 108 134 449 458 350 415 338 295 131 247  92 170 425 225   9 482 454  46
 257 363 186  98 166  78 417  19 243 152 438 226  89  12 137 478 270 317
 280 192 320 327 184 346   1 252 357 180  22  66   3 178  30]
Value - initial: 33755716, final: 1978307, improveup: 17.062931082

data-line;i;33755716;f;1978307;t;5.97766900063;c;-2;fv;[1978307L];cv;-1;imp;17.062931082;type;rvnd;inum;4;w;1

time;5.97766900063;man_time;0;neigh_time;0
man_time;0;man_merge_sol;0;man_best_sol;0;man_combine_sol;0

Waiting [0]
Terminating workers True 0 0
MPI TERMINATING
