pydf_home: /home/rodolfo/git/Sucuri
simple_pycuda_home: /home/rodolfo/git/simple-pycuda
wamca2016path: /home/rodolfo/git/wamca2016/
localpath: /home/rodolfo/git/dvnd-df/code/dvnd-df/src/
WAMCAPATH:/home/rodolfo/git/wamca2016/
param: {solution_index:5, solution_instance_index:22, multi_gpu:True, goal:False, problem_name:ml, number_of_moves:10, device_count:2, solver:rvnd, mpi_enabled:True, workers:1}
Using already created file:  wamca2016lib.so
Size: 657 - file name: 06_d657.tsp

Value - initial: 283955962-[  3 302 312  39 375 182 477 605 235 256 234 225 156 206 290  19 642 181
 488  87 436  60 428  57 280 377  21 408 626 458   4 434 363 166  41  59
 550 475 588 502 513 487  68 606 640 217 269 578 183 126 420 355 485 522
  86 405  15 489 127 112 365 153 618 211 300 262 324 579 530 116 442 462
 273 103 649  85 313 139 629 123 553 533 379 122 565 346 641 374  81 241
 212  26  56  14 593 438 610 616 291 451  90 353 148 539 574  33 407 274
 192 459 495  45 128 200 147  17 385 190 315 318 387  97 333 144  80  43
 534 199 467 443 204 391 191 422 142 180 149 146 568 172 552  98 505 348
   0 372 381 400 307 196 414  49 439 655 140 402 653 501 218   1 512 566
 558 360 424 395  69 373 257 388 186 328 131 141 222  38 252 413 455 340
 497 282 230 403 466 603 359 303 638 390 559 561 529 214 526 611 177  27
 599  75 279  52 251 298 520 159 331 412 499 175 294 572  35 389  91 479
 305  79 185 541 283 216 584 134 254  29 474 583 207  24 210 176   6 226
 100 260 457 285 368  34  95 250 480 514  99 264 158 600  61 545 380  76
  25 258 615 503 184 265 174 229 433 508 464 270 560 178 354 150 509 361
 334 109 244  74 421 286 301 590 406 115 117 652 370 129 564 418 308 613
  55 452 596 163 155  83 118 523  92 295 580 327 591 253 358   5  46 463
 608 506  11 496 267 194 411 409 335 630 266 576 525  70 404 198 119 111
 453 447 569  31 598 130 233 426 554 345  72 165 575 161 468 125 532 284
 586 445 314 277 622 221 472 249 521 444 369 654 633 364 651 309  62 171
 478 342 571 542 108 394 548 493 416 304 419 151 535 486  36 289 597 551
 614 188 240 573 338 170 646  96 644 637  50 349 173 609 350 471 347 461
 510 157  32 415 581 429 362 160 582 132 205 106 524 143   2  40 531 595
 430 636 320 492 107 332 259 628 317 215 242 114 446 440 121  78 425 570
 306 228 473  18 237 507 201 619 113 398 299 635 517 145 491 555 511 371
 247 329 297 281 397 621 343  64 378 500 449 105 272 101 152 219 321 164
 483 634 239 577 120  84 104 540 450 245  71 401 319 268 557 261 498 133
 465   7 594 168 366  94 382 384 202 527 138 410 189 193  13  30 556 232
 223 124 536 310  16 515 469 435 399 456 287 470 494 643 516 316 246  53
 137 154 602  12 255 167 169  58 650 437 197 187  20 432 454 336 392 544
 623 135  54 482 427 393 587 647  88 592 243 208 639  22 367 441 543 625
 383 585 220 537 504 601 357 519  65 563 624 546   9 607 238 288 136  23
 263 604  89 562 538 356  47 476   8 248 236  67 460 632 431 278 311 484
 620  44 528 110 102 376 275 296 325 344 292 224 339 567 481  82 341 396
  73 231 549  48  28 645  37 330 322 276 351 352 423 179 195 627 209  77
 203  93 656  10 337 589 293 518 547 448  63 386 612 490 323 162 271  51
 648 213 326  66 631 417 617 227  42] - 283955962
Solver: RVND, number of workers: 1
Setting feeder affinity
I am the master. There are 1 mpi processes. (hostname = gpu01)
Roots [<pyDF.nodes.Feeder object at 0x7f7f07eb3ad0>]
Starting 0
Main loop
I am worker 0
GPU0
set random seed!
Initial: 283955962-[  3 302 312  39 375 182 477 605 235 256 234 225 156 206 290  19 642 181
 488  87 436  60 428  57 280 377  21 408 626 458   4 434 363 166  41  59
 550 475 588 502 513 487  68 606 640 217 269 578 183 126 420 355 485 522
  86 405  15 489 127 112 365 153 618 211 300 262 324 579 530 116 442 462
 273 103 649  85 313 139 629 123 553 533 379 122 565 346 641 374  81 241
 212  26  56  14 593 438 610 616 291 451  90 353 148 539 574  33 407 274
 192 459 495  45 128 200 147  17 385 190 315 318 387  97 333 144  80  43
 534 199 467 443 204 391 191 422 142 180 149 146 568 172 552  98 505 348
   0 372 381 400 307 196 414  49 439 655 140 402 653 501 218   1 512 566
 558 360 424 395  69 373 257 388 186 328 131 141 222  38 252 413 455 340
 497 282 230 403 466 603 359 303 638 390 559 561 529 214 526 611 177  27
 599  75 279  52 251 298 520 159 331 412 499 175 294 572  35 389  91 479
 305  79 185 541 283 216 584 134 254  29 474 583 207  24 210 176   6 226
 100 260 457 285 368  34  95 250 480 514  99 264 158 600  61 545 380  76
  25 258 615 503 184 265 174 229 433 508 464 270 560 178 354 150 509 361
 334 109 244  74 421 286 301 590 406 115 117 652 370 129 564 418 308 613
  55 452 596 163 155  83 118 523  92 295 580 327 591 253 358   5  46 463
 608 506  11 496 267 194 411 409 335 630 266 576 525  70 404 198 119 111
 453 447 569  31 598 130 233 426 554 345  72 165 575 161 468 125 532 284
 586 445 314 277 622 221 472 249 521 444 369 654 633 364 651 309  62 171
 478 342 571 542 108 394 548 493 416 304 419 151 535 486  36 289 597 551
 614 188 240 573 338 170 646  96 644 637  50 349 173 609 350 471 347 461
 510 157  32 415 581 429 362 160 582 132 205 106 524 143   2  40 531 595
 430 636 320 492 107 332 259 628 317 215 242 114 446 440 121  78 425 570
 306 228 473  18 237 507 201 619 113 398 299 635 517 145 491 555 511 371
 247 329 297 281 397 621 343  64 378 500 449 105 272 101 152 219 321 164
 483 634 239 577 120  84 104 540 450 245  71 401 319 268 557 261 498 133
 465   7 594 168 366  94 382 384 202 527 138 410 189 193  13  30 556 232
 223 124 536 310  16 515 469 435 399 456 287 470 494 643 516 316 246  53
 137 154 602  12 255 167 169  58 650 437 197 187  20 432 454 336 392 544
 623 135  54 482 427 393 587 647  88 592 243 208 639  22 367 441 543 625
 383 585 220 537 504 601 357 519  65 563 624 546   9 607 238 288 136  23
 263 604  89 562 538 356  47 476   8 248 236  67 460 632 431 278 311 484
 620  44 528 110 102 376 275 296 325 344 292 224 339 567 481  82 341 396
  73 231 549  48  28 645  37 330 322 276 351 352 423 179 195 627 209  77
 203  93 656  10 337 589 293 518 547 448  63 386 612 490 323 162 271  51
 648 213 326  66 631 417 617 227  42]
Final time: 11.8068449497s - Best: 14346291-[  3   8   9  11  12  14  15  20  16  17  13  18  19 444 445  22  29  30
  27  26  25  23 440 441 443 447 446 442 449 448 450 452 454 461 465 467
 471 472 482 483  67  76  83  89  94 108  95  88  87 491 494 497 496 498
 493 499 502 503 501 500 495 492 489 488 487 490 486 485 480 481 484 514
 515 518 517 516 513 512 528 559 556 551 543 549 550 557 555 554 553 558
 563 565 560 564 561 562 628 552 548 547 546 545 544 631 632 633 634 636
 637 641 640 638 639 635 541 540 539 538 537 536 534 535 532 531 529 523
 533 530 524 522 525 526 527 521 519 520 474 477 478 479 476 475 457 456
 473 459 460 455 451 453 458 464 468 466 462 463 469  34  38  42  46  37
  31  55  59  57  52  48  40  28  21  24  32  33  35  36  39  41  45  44
  49  50  54  63  68  53  60  64  79 101 116 128 130 137 142 129 131 138
 163 156 164 162 155 140 132 115  98  97  93  84  77  73  74  91 102 114
 118 157 165 187 181 180 186 191 198 199 197 195 185 178 168 172 190 196
 210 231 235 238 262 289 298 290 271 264 263 261 253 239 230 220 206 209
 217 218 234 240 225 236 248 254 241 232 221 247 251 260 268 276 270 250
 242 226 224 228 243 255 259 284 304 311 327 358 351 357 333 318 312 305
 291 277 272 274 283 286 315 314 313 328 339 359 352 363 366 368 374 376
 379 384 392 382 367 362 353 344 338 332 329 316 336 319 330 343 354 360
 355 381 383 380 375 411 417 429 434 433 412 407 403 394 402 406 413 425
 424 419 410 396 395 385 378 373 401 405 414 431 423 432 435 430 436 422
 388 397 389 400 404 415 421 439 437 420 416 409 391 372 361 347 341 345
 335 322 307 317 340 323 324 334 303 299 293 288 275 287 292 308 309 321
 325 342 348 370 364 349 387 386 377 365 369 350 326 320 310 300 252 227
 219 207 214 208 184 177 179 166 158 150 143 122 106 112 121 149 154 147
 161 170 171 169 148 139 120  99  92  86  90 104 105  80  71  66  61  75
  81  96 100 107 111 110 123 134 144 145 127 124 505 506 125 135 504 126
 507 136 133 508 509 510 159 189 182 173 183 194 200 201 202 229 266 258
 273 280 297 306 592 279 589 598 600 607 610 606 605 601 595 591 596 597
 602 611 612 619 613 615 616 617 618 620 622 408 426 427 624 625 623 621
 614 609 604 603 599 593 590 587 588 585 584 583 576 577 573 574 578 582
 581 586 257 246 580 213 212 216 222 245 265 296 302 295 301 281 278 285
 282 267 256 244 233 249 223 192 188 176 146 151 167 153 113 119 103  85
  72  65  69  70  58  43  47  51 470  56  62  82 109 175 152 160 174 193
 203 205 511 567 570 566 568 569 571 572 626 627 651 650 649 629 630 642
 643 644 646 645 647 648 652 653 654 655 656 575 579 594 608 337 356 331
 393 418 428 294 346 398 438 399 390 371 269 237 141 117  78   6   5   4
   2   1  10   7 204 215 211 542   0]
Value - initial: 283955962, final: 14346291, improveup: 19.7929877485

data-line;i;283955962;f;14346291;t;11.8068449497;c;-2;fv;[14346291L];cv;-1;imp;19.7929877485;type;rvnd;inum;5;w;1

time;11.8068449497;man_time;0;neigh_time;0
man_time;0;man_merge_sol;0;man_best_sol;0;man_combine_sol;0

Waiting [0]
Terminating workers True 0 0
MPI TERMINATING
