pydf_home: /home/rodolfo/git/Sucuri
simple_pycuda_home: /home/rodolfo/git/simple-pycuda
wamca2016path: /home/rodolfo/git/wamca2016/
localpath: /home/rodolfo/git/dvnd-df/code/dvnd-df/src/
WAMCAPATH:/home/rodolfo/git/wamca2016/
param: {solution_index:6, solution_instance_index:50, multi_gpu:True, goal:False, problem_name:ml, number_of_moves:10, device_count:2, solver:rvnd, mpi_enabled:True, workers:1}
Using already created file:  wamca2016lib.so
Size: 783 - file name: 07_rat784.tsp

Value - initial: 69554794-[597 499 767  98 766 744 717 515 472 768 371 664 529 206 208 362 337 467
 613 209  94 271 672 238 749 487 261 700 652 667 264  52 496 481 500 763
 106 193 661 250 710 175 595 647 388 714 621 654 326 462 489 220  78 137
 611 552 255 549 459 244  71 559 707  58 562  37   9  51 345 699  28 285
 474 525 521 299 729 356 110 290 272  33 129 283 446 245 587 470 675  97
 471 605  91 495 476 631 461  55 438 517 736 303 558 639   0 645 754 773
 236 601  21 728 485 215 186 447 107 387 288 195 214 415 473 232 691   7
 162 412 703 572 202 191 105 662 527 368  70  99 324 687 166 375 468 194
 751 308 640 578 320 315 157 441  69  14 419 339 229 311 247 426 226 541
 168 734  35 274 718 154 145 282  22 479 196 443 416 511 423 413 543 501
  89 404 231  72 663 566  13 291  17 182 480 704   8 542  12 593 760 336
 328 504 432 170  53 577 428 233 192 765 251 764  25  80 317 750 360 641
 642 241 163 210 610 165 553 359 625 681 505  26  68 666 698 398 217 390
 723 203 497 386 410 538  30 555 376 213 619 653 743  92 442 393 781 414
 711 634 437 409 759 694 159 318 483 520 211 534 454 350 561  39 307 252
 266 309 286 140 512 651 180  86 281 338 758 530 118 689  36 716 181 702
 715 644 435 343 422 632 622 705 688 179 367 660 554 131 557 735 347  10
 526 128  44 207 358 190 575 565 267 292 602 144 114 533 556 740 185 237
 136 509 522 300 606 316  54 726 198  65   3 502 713 649 756 585 327 457
 779 212 167 682 576  41 257 276 177 569 643 262 402  60 200 155 391 424
 448 570 720 240 341 488 536  95 633 475 540 176 277 109 275 546 234 119
 100 600 351 312 143   2 630 458 158 624 579 519 775 782 355 334 439 752
 148 636 132 745 677 778 349   6 332  46  73  66 396  48 219 377 493 445
 246  62 151  75 761 668 370 126 382 322 301  24 279 746 270 378  77 120
 532 524 321 147 204 139 637 695 589 753  16 508 333 183 656 669 314 738
 127 568 452 297 418 506 665 133 491 584  96   5 477 401  20 762  88 340
  40 537 256 676 201 429  56 596 523 739 548 184 518 408 725 178  63 449
  83 379 149 135 364 693 490 755 164 444 101 679 722 385 330 627  79 603
 492 103 609 296 227 724 482 381 420 249 384 657 567 153 395 612 411 134
  43 329 732 394 737 104 433 112 403 712 747 465 436 563  85 494  76 547
 620 607 591 280 770 400 590 560 583 733  50 357 697 431 456  15  81 464
 514 594 692 108  32 235 539 674  49 680 221 304 626 293 777 389 706 757
 582  31 769 484 671 608 344 242 650 173 319 425 708  38 278 685 771 592
 365 269 440 673 302 678 510 374 696 116 352 588 451 498 531 690 450 373
 188 152 670  45  74 284 298 268 310 205 701 380 684 392 141 294 169 573
 253  59 230 248 719 366 507 160 383 463 417 535 254 115 544 369 503 455
 172 574 199 121 742  87 174 273 295 161 774 727 197 323  90 730 598  42
 434 616 354 123 156 615 580 427 648 430 683 635 550 117 306 222   1 138
 528 335 460 113   4 265 124  34 171 239  23 731 224 629  82 225 686 102
 342 150 313  11 259 146 478 361 551 513 289  47 405 228  61 772 623 776
 287 655 780 646 122 187 748 406 709  93 586 325 111 407 331 346 658 421
 564 466  57 399 581 263 258 372 142  67 545  84 223 486 617 218 659 604
 363 741 397 599 260 721 348  18 614 516 618  19 130 638 189 469 125 628
 243  27 571  64 353  29 305 453 216] - 69554794
Solver: RVND, number of workers: 1
Setting feeder affinity
I am the master. There are 1 mpi processes. (hostname = gpu01)
Roots [<pyDF.nodes.Feeder object at 0x7f1fe6ffcad0>]
Starting 0
Main loop
I am worker 0
GPU0
set random seed!
Initial: 69554794-[597 499 767  98 766 744 717 515 472 768 371 664 529 206 208 362 337 467
 613 209  94 271 672 238 749 487 261 700 652 667 264  52 496 481 500 763
 106 193 661 250 710 175 595 647 388 714 621 654 326 462 489 220  78 137
 611 552 255 549 459 244  71 559 707  58 562  37   9  51 345 699  28 285
 474 525 521 299 729 356 110 290 272  33 129 283 446 245 587 470 675  97
 471 605  91 495 476 631 461  55 438 517 736 303 558 639   0 645 754 773
 236 601  21 728 485 215 186 447 107 387 288 195 214 415 473 232 691   7
 162 412 703 572 202 191 105 662 527 368  70  99 324 687 166 375 468 194
 751 308 640 578 320 315 157 441  69  14 419 339 229 311 247 426 226 541
 168 734  35 274 718 154 145 282  22 479 196 443 416 511 423 413 543 501
  89 404 231  72 663 566  13 291  17 182 480 704   8 542  12 593 760 336
 328 504 432 170  53 577 428 233 192 765 251 764  25  80 317 750 360 641
 642 241 163 210 610 165 553 359 625 681 505  26  68 666 698 398 217 390
 723 203 497 386 410 538  30 555 376 213 619 653 743  92 442 393 781 414
 711 634 437 409 759 694 159 318 483 520 211 534 454 350 561  39 307 252
 266 309 286 140 512 651 180  86 281 338 758 530 118 689  36 716 181 702
 715 644 435 343 422 632 622 705 688 179 367 660 554 131 557 735 347  10
 526 128  44 207 358 190 575 565 267 292 602 144 114 533 556 740 185 237
 136 509 522 300 606 316  54 726 198  65   3 502 713 649 756 585 327 457
 779 212 167 682 576  41 257 276 177 569 643 262 402  60 200 155 391 424
 448 570 720 240 341 488 536  95 633 475 540 176 277 109 275 546 234 119
 100 600 351 312 143   2 630 458 158 624 579 519 775 782 355 334 439 752
 148 636 132 745 677 778 349   6 332  46  73  66 396  48 219 377 493 445
 246  62 151  75 761 668 370 126 382 322 301  24 279 746 270 378  77 120
 532 524 321 147 204 139 637 695 589 753  16 508 333 183 656 669 314 738
 127 568 452 297 418 506 665 133 491 584  96   5 477 401  20 762  88 340
  40 537 256 676 201 429  56 596 523 739 548 184 518 408 725 178  63 449
  83 379 149 135 364 693 490 755 164 444 101 679 722 385 330 627  79 603
 492 103 609 296 227 724 482 381 420 249 384 657 567 153 395 612 411 134
  43 329 732 394 737 104 433 112 403 712 747 465 436 563  85 494  76 547
 620 607 591 280 770 400 590 560 583 733  50 357 697 431 456  15  81 464
 514 594 692 108  32 235 539 674  49 680 221 304 626 293 777 389 706 757
 582  31 769 484 671 608 344 242 650 173 319 425 708  38 278 685 771 592
 365 269 440 673 302 678 510 374 696 116 352 588 451 498 531 690 450 373
 188 152 670  45  74 284 298 268 310 205 701 380 684 392 141 294 169 573
 253  59 230 248 719 366 507 160 383 463 417 535 254 115 544 369 503 455
 172 574 199 121 742  87 174 273 295 161 774 727 197 323  90 730 598  42
 434 616 354 123 156 615 580 427 648 430 683 635 550 117 306 222   1 138
 528 335 460 113   4 265 124  34 171 239  23 731 224 629  82 225 686 102
 342 150 313  11 259 146 478 361 551 513 289  47 405 228  61 772 623 776
 287 655 780 646 122 187 748 406 709  93 586 325 111 407 331 346 658 421
 564 466  57 399 581 263 258 372 142  67 545  84 223 486 617 218 659 604
 363 741 397 599 260 721 348  18 614 516 618  19 130 638 189 469 125 628
 243  27 571  64 353  29 305 453 216]
Final time: 13.8446860313s - Best: 3503497-[597 596 593 585 579 595 623 637 639 664 671 682 696 703 724 733 737 746
 760 771 764 759 744 735 731 738 742 757 758 756 767 778 776 772 773 765
 761 762 769 779 780 763 781 782 774 770 766 752 743 750 751 755 741 740
 745 749 748 739 747 754 753 736 732 712 691 690 680 674 659 643 640 618
 612 633 626 611 589 598 587 577 565 562 551 528 514 512 518 517 530 546
 539 538 560 568 578 561 553 550 533 529 505 516 511 507 485 491 494 472
 459 455 448 429 423 419 407 408 409 392 376 369 346 349 345 352 364 370
 365 381 386 389 383 362 351 342 358 355 343 334 326 318 322 324 331 332
 320 321 329 335 325 317 311 300 286 274 261 252 250 236 225 220 227 228
 243 259 262 270 271 251 260 278 283 297 308 319 323 333 330 341 361 360
 348 367 384 387 402 414 413 399 401 431 449 439 446 453 467 477 487 474
 464 473 479 488 492 513 519 523 521 526 542 557 564 569 576 583 590 586
 602 608 621 635 629 645 652 653 661 692 700 699 726 730 729 722 715 707
 701 675 673 667 666 663 649 641 631 628 614 603 605 592 581 591 594 573
 566 531 544 548 545 549 537 522 515 503 489 461 460 443 441 427 420 398
 412 403 405 393 366 356 354 340 328 313 303 296 295 263 264 279 284 253
 233 217 198 192 170 176 180 193 169 167 173 165 144 147 141 148 134 133
 121 113 108 105 100  83  78  39  37  42  33  27  23  26  25  20  15  31
  13  21  34  30  35  19   7  29  18   4   2   9  28  32   8  11  17   6
   1  22  16   0  14  24  36  40  45  66  80  99  79  69  44  56  51  48
  55  87  96 109 114 122 116 124 145 138 146 154 159 152 161 155 150 135
 126 110 106  93  82  64  46  52  57  75  62  38  47  63  70  58  60  67
  85  84  98 120 123 143 128 129 140 153 166 188 190 202 191 206 222 213
 237 246 244 240 282 287 307 309 336 337 339 347 350 363 380 385 379 417
 433 436 447 463 469 468 504 506 500 499 490 482 476 456 438 430 434 418
 416 410 390 371 344 302 291 280 268 249 232 224 218 211 210 208 181 172
 164 163 149 125 117 107 104 101  76  73  88  94  97 119 151 160 142 136
 132 115 111 127 139 156 168 162 175 178 197 199 205 216 231 239 257 258
 289 299 306 315 305 290 298 285 273 277 272 247 230 229 204 194 195 183
 174 171 179 185 215 214 234 241 235 238 245 254 275 276 269 265 288 304
 312 301 293 316 327 357 396 388 391 404 425 432 421 437 442 424 406 400
 422 428 435 444 451 452 457 465 484 483 481 471 498 510 525 532 547 559
 575 567 610 625 658 651 647 644 654 670 678 684 679 689 697 706 718 719
 698 694 685 709 688 672 723 727 714 702 695 693 669 662 686 710 713 716
 728 711 681 676 657 655 642 634 624 622 619 601 584 582 607 615 580 572
 571 558 552 536 543 527 524 508 501 497 509 502 478 480 470 450 426 411
 397 395 373 368 378 377 372 382 415 445 458 486 496 495 493 475 440 374
 359 353 310 294 281 256 212 209 200 182 187 196 177 157 131 130 118 112
 103  95  86  74  65  59  43  54  72  90  89  77  68  92 102  91  71  50
  41  53  49  61  81 137 189 223 207 201 186 203 221 226 248 242 255 266
 267 292 338 375 466 520 541 540 535 534 555 563 606 616 627 620 599 600
 613 604 574 570 588 609 617 636 646 638 630 632 650 665 668 660 648 656
 683 725 720 721 775 777 768 734 717 705 704 708 687 677 556 462 454 394
 184 158   3  10  12   5 219 314 554]
Value - initial: 69554794, final: 3503497, improveup: 19.8529623402

data-line;i;69554794;f;3503497;t;13.8446860313;c;-2;fv;[3503497L];cv;-1;imp;19.8529623402;type;rvnd;inum;6;w;1

time;13.8446860313;man_time;0;neigh_time;0
man_time;0;man_merge_sol;0;man_best_sol;0;man_combine_sol;0

Waiting [0]
Terminating workers True 0 0
MPI TERMINATING
