pydf_home: /home/rodolfo/git/Sucuri
simple_pycuda_home: /home/rodolfo/git/simple-pycuda
wamca2016path: /home/rodolfo/git/wamca2016/
localpath: /home/rodolfo/git/dvnd-df/code/dvnd-df/src/
WAMCAPATH:/home/rodolfo/git/wamca2016/
param: {solution_index:2, solution_instance_index:82, multi_gpu:True, goal:False, problem_name:ml, number_of_moves:10, device_count:2, solver:rvnd, mpi_enabled:True, workers:1}
Using already created file:  wamca2016lib.so
Size: 226 - file name: 03_pr226.tsp

Value - initial: 194119267-[ 93   0 170  25 206  81  49  42 213 203  73 107  87  40  85 126 136 145
  26 164 127 166 183  45 211 180 196  22 216 223  60 195 102 118  31  46
  82 159  20 174  34 222 101 116  99  76 131  58  97 176  54 169 152 154
 224  86  24  67 129 104 146 142 123  10 109 115  32 182  28  66  90  38
  37  56 210  23 133 161  95  70  63  64  47 191 117 114   2 110 201 143
 120   5 125 205  68 198 139 218 220 194 148 134  89  96 209 212 141  57
  16 165   8  61 167 197 147 160   1 186 214  94  39 137  92 149 100  75
  48 181 122 157 128  77  33 190  41  29 225 188 135 112  17  78 162 121
   6 113 103 171 108  74   7  55 156  80 111 140 204  11 193  72 185  69
 175 130 202 168 138 179 207 172  14 199 221 105  65  98 219 189 150 155
  13 151   4  21  52  44 217  53 144  79  83 187 132  51 200 119 208  35
 192  88 215  59 124 177  27 173  50  43  91 153 178  19  71 184  36 106
   3  18   9  15 158  62  12  84  30 163] - 194119267
Solver: RVND, number of workers: 1
Setting feeder affinity
I am the master. There are 1 mpi processes. (hostname = gpu01)
Roots [<pyDF.nodes.Feeder object at 0x7f5dc385bad0>]
Starting 0
Main loop
I am worker 0
GPU0
set random seed!
Initial: 194119267-[ 93   0 170  25 206  81  49  42 213 203  73 107  87  40  85 126 136 145
  26 164 127 166 183  45 211 180 196  22 216 223  60 195 102 118  31  46
  82 159  20 174  34 222 101 116  99  76 131  58  97 176  54 169 152 154
 224  86  24  67 129 104 146 142 123  10 109 115  32 182  28  66  90  38
  37  56 210  23 133 161  95  70  63  64  47 191 117 114   2 110 201 143
 120   5 125 205  68 198 139 218 220 194 148 134  89  96 209 212 141  57
  16 165   8  61 167 197 147 160   1 186 214  94  39 137  92 149 100  75
  48 181 122 157 128  77  33 190  41  29 225 188 135 112  17  78 162 121
   6 113 103 171 108  74   7  55 156  80 111 140 204  11 193  72 185  69
 175 130 202 168 138 179 207 172  14 199 221 105  65  98 219 189 150 155
  13 151   4  21  52  44 217  53 144  79  83 187 132  51 200 119 208  35
 192  88 215  59 124 177  27 173  50  43  91 153 178  19  71 184  36 106
   3  18   9  15 158  62  12  84  30 163]
Final time: 2.16355705261s - Best: 7978280-[ 93  92  91  90  89  87  88  86  94  95  96  97  98  99 100 101 136 137
 138 139 140 141 147 149 142 189 188 187 186 185 184 183 182 181 180 179
 178 177 176 175 174 173 172 171 170 169 168 167 166 165 164 163 162 161
 160 159 158 157 156 155 154 148 146 144 145 143  46  45  44  47  32  31
  30  34  33  29  28  26  25  24  23  22  21  49  50  51  52  53  54  55
  56  57  58  59  60  61  62 135 134 133 132 190 191 192 193 194 195 196
 197 198 199 200 201 202 203 204 205 206 207 208 209 210 211 212 213 214
 215 216 217 218 219 220 221 222 223 224 225 124 131 129 123 122 130 128
 121 120 126 127 119 118 125 117 109 108 116 115 107 106 114 113 105 103
 112 111 104 102 110  85  84  83  82  81  80  79  78  77  76  75  74  73
  72   0   1   2   3   4   5   6   7   8   9  13  14  15  10  11  12  71
  70  67  68  69  65  66  16  17  18  64  19  20  27  48  35  43  36  37
  38  41  42  39  40 153 152 151 150  63]
Value - initial: 194119267, final: 7978280, improveup: 24.3309669503

data-line;i;194119267;f;7978280;t;2.16355705261;c;-2;fv;[7978280L];cv;-1;imp;24.3309669503;type;rvnd;inum;2;w;1

time;2.16355705261;man_time;0;neigh_time;0
man_time;0;man_merge_sol;0;man_best_sol;0;man_combine_sol;0

Waiting [0]
Terminating workers True 0 0
MPI TERMINATING
