pydf_home: /home/rodolfo/git/Sucuri
simple_pycuda_home: /home/rodolfo/git/simple-pycuda
wamca2016path: /home/rodolfo/git/wamca2016/
localpath: /home/rodolfo/git/dvnd-df/code/dvnd-df/src/
WAMCAPATH:/home/rodolfo/git/wamca2016/
param: {solution_index:2, solution_instance_index:26, multi_gpu:True, goal:False, problem_name:ml, number_of_moves:10, device_count:2, solver:rvnd, mpi_enabled:True, workers:1}
Using already created file:  wamca2016lib.so
Size: 226 - file name: 03_pr226.tsp

Value - initial: 191719991-[180  40 192  18 143  31  80  42 155 135  33 105  69   5  83 150 208  97
  91 195 213   1 191 103  82 175 132  87 164 138 204  22 173  74 177  46
  75 216 142 167 160 129  54  55 187  17 139 108  53 110 165  61   9  89
  70 119 131  95 126  56 140  45  37 211  84 205  13 116  81 144 145 183
  49  60 137 152 154   3  59 174 225  66 172 212  65 200 136 151  23  29
 170 196 193 199 156  73 101 163 166  78 214  64  16 219 120 141  11  71
  28  25 114 222 125 185 188   7 171 106  99  38  93 182 184 210 202 115
 107  34 206 118  72 194  43   2 104 209 186  88 190 189  12  30 134 133
  94 179  10  50  51  76 224  20  44 223  32  47  24 157 176 161 112   6
 197  77 198  79 221 153  62  35 215  98 121 127 159 158 130  41 111  26
  67 162 217  58 220  86 203 122  92 147   8  96   0  15 201  85 181 168
 123 109  21  14 207 113 100  68 178   4  90  27  63 169 128  57 102  36
  52  48 124  39 146 149 218  19 117 148] - 191719991
Solver: RVND, number of workers: 1
Setting feeder affinity
I am the master. There are 1 mpi processes. (hostname = gpu01)
Roots [<pyDF.nodes.Feeder object at 0x7fe818f9bad0>]
Starting 0
Main loop
I am worker 0
GPU0
set random seed!
Initial: 191719991-[180  40 192  18 143  31  80  42 155 135  33 105  69   5  83 150 208  97
  91 195 213   1 191 103  82 175 132  87 164 138 204  22 173  74 177  46
  75 216 142 167 160 129  54  55 187  17 139 108  53 110 165  61   9  89
  70 119 131  95 126  56 140  45  37 211  84 205  13 116  81 144 145 183
  49  60 137 152 154   3  59 174 225  66 172 212  65 200 136 151  23  29
 170 196 193 199 156  73 101 163 166  78 214  64  16 219 120 141  11  71
  28  25 114 222 125 185 188   7 171 106  99  38  93 182 184 210 202 115
 107  34 206 118  72 194  43   2 104 209 186  88 190 189  12  30 134 133
  94 179  10  50  51  76 224  20  44 223  32  47  24 157 176 161 112   6
 197  77 198  79 221 153  62  35 215  98 121 127 159 158 130  41 111  26
  67 162 217  58 220  86 203 122  92 147   8  96   0  15 201  85 181 168
 123 109  21  14 207 113 100  68 178   4  90  27  63 169 128  57 102  36
  52  48 124  39 146 149 218  19 117 148]
Final time: 2.55314707756s - Best: 7233239-[180 181 182 183 184 185 186 187 188 189 179 178 177 176 175 174 173 172
 171 170 169 168 167 166 165 164 163 162 161 160 159 158 157 156 155 154
 153 152 151 150 147 149 142 141 140 148 146 139 138 144 145 137 136 143
  93  92  91  90  89  87  88  86  94  95  96  97  98  99 100 101 135 134
 133 132 190 191 192 193 194 195 196 197 198 199 200 201 202 203 204 205
 206 207 208 209 210 211 212 213 214 215 216 217 218 219 220 221 222 223
 224 225 124 131 129 123 122 130 128 121 120 126 127 119 118 125 109 117
 116 108 107 115 114 106 105 113 112 103 104 111 102 110  85  84  83  82
  81  80  79  78  77  76  75  74  73  72  71  70  12  11  10   7   1   2
   3   4   5   6   8   9  13  14  15  16  66  67  68  69  65  63  62  61
  60  59  58  57  56  55  54  53  52  51  50  49  21  22  23  24  25  26
  27  28  29  33  34  35  30  31  32  47  44  43  36  37  38  41  42  46
  45  48  20  19  64  18  17   0  40  39]
Value - initial: 191719991, final: 7233239, improveup: 26.5054135499

data-line;i;191719991;f;7233239;t;2.55314707756;c;-2;fv;[7233239L];cv;-1;imp;26.5054135499;type;rvnd;inum;2;w;1

time;2.55314707756;man_time;0;neigh_time;0
man_time;0;man_merge_sol;0;man_best_sol;0;man_combine_sol;0

Waiting [0]
Terminating workers True 0 0
MPI TERMINATING
