pydf_home: /home/rodolfo/git/Sucuri
simple_pycuda_home: /home/rodolfo/git/simple-pycuda
wamca2016path: /home/rodolfo/git/wamca2016/
localpath: /home/rodolfo/git/dvnd-df/code/dvnd-df/src/
WAMCAPATH:/home/rodolfo/git/wamca2016/
param: {solution_index:3, solution_instance_index:4, multi_gpu:True, goal:False, problem_name:ml, number_of_moves:10, device_count:2, solver:rvnd, mpi_enabled:True, workers:1}
Using already created file:  wamca2016lib.so
Size: 318 - file name: 04_lin318.tsp

Value - initial: 88328698-[ 88 311  60  86 136 115 275  53 222  47  35 219 139 294 300  42  16  25
  90 182 245 178 125  27  39 127  44 133 257 109 152  62 120 111 114 209
 184 233 151   0  65 117   9 239 309 292  93  70  73  96  89 242 317 268
   7 189 254 263 102 104  68 271 140 235  19 160 190  81 211  30 221 172
  72  84  64 156 240 243 201  99 301 246 266   8  43 204 110 226 216 192
  37 258 247  46 310 296  15   3 116  23 148 305  11 295 164  18 262 185
 150  92 154 274 167 237 206  29  58 153  87 176 141 161 126  34 100 260
  71 181  54 278 236 198 159 157 103 284 199 187 144 252 193 286 207  59
 224 177  48  31  56 107 304 298 232 155 297 208 128  82  85  20  12  95
  14 147 142  61  67 129   5 229 146  80  91 303  69 212   4  22 137 118
 169 256 162 250  26  49 135 108 173 124 291 166 312 255 202  17 281 105
  79 138 307 121  77 210 106 163 227 269 168 273 289 197 288 170 122 293
  51 220   6 145 272  38  55 113 228  33  24 205 261 265 234 175 188  32
 215 194   2 282 217 119 214 270 249 279 179  13 280 171  28 251 180 302
  66 230  45 218 132  76 306  97   1 267 290  63 165 101  10  36  75 314
 248 241 285  74 123 213 174 276 308 315 231 200 149  21 143  52 112 313
 253  94 223  83  50 158  57 186 244 259  41  40 283 287 130 131 277  78
 203 134 183 238 316 195 191 225 264 196 299  98] - 88328698
Solver: RVND, number of workers: 1
Setting feeder affinity
I am the master. There are 1 mpi processes. (hostname = gpu01)
Roots [<pyDF.nodes.Feeder object at 0x7f1038d83ad0>]
Starting 0
Main loop
I am worker 0
GPU0
set random seed!
Initial: 88328698-[ 88 311  60  86 136 115 275  53 222  47  35 219 139 294 300  42  16  25
  90 182 245 178 125  27  39 127  44 133 257 109 152  62 120 111 114 209
 184 233 151   0  65 117   9 239 309 292  93  70  73  96  89 242 317 268
   7 189 254 263 102 104  68 271 140 235  19 160 190  81 211  30 221 172
  72  84  64 156 240 243 201  99 301 246 266   8  43 204 110 226 216 192
  37 258 247  46 310 296  15   3 116  23 148 305  11 295 164  18 262 185
 150  92 154 274 167 237 206  29  58 153  87 176 141 161 126  34 100 260
  71 181  54 278 236 198 159 157 103 284 199 187 144 252 193 286 207  59
 224 177  48  31  56 107 304 298 232 155 297 208 128  82  85  20  12  95
  14 147 142  61  67 129   5 229 146  80  91 303  69 212   4  22 137 118
 169 256 162 250  26  49 135 108 173 124 291 166 312 255 202  17 281 105
  79 138 307 121  77 210 106 163 227 269 168 273 289 197 288 170 122 293
  51 220   6 145 272  38  55 113 228  33  24 205 261 265 234 175 188  32
 215 194   2 282 217 119 214 270 249 279 179  13 280 171  28 251 180 302
  66 230  45 218 132  76 306  97   1 267 290  63 165 101  10  36  75 314
 248 241 285  74 123 213 174 276 308 315 231 200 149  21 143  52 112 313
 253  94 223  83  50 158  57 186 244 259  41  40 283 287 130 131 277  78
 203 134 183 238 316 195 191 225 264 196 299  98]
Final time: 3.99332904816s - Best: 5883866-[ 88  85  83  84  82  81  77  70  67  66  71  76  78  72  75  79  80  74
  73  68  69  62  61  57  52  51  45  42  41  40  43  46  50  53  56  55
  54  49  47  44  48  39 103  31  30  29  28  21  20 102  19  22  27  18
  23  26  25  24  17  15  16  13  12 114 115 119 207 125 126 133 136 135
 134 132 127 124 131 128 123 120 122 129 130 140 141 146 145 147 150 156
 157 162 161 158 155 151 148 149 152 154 159 160 209 168 171 172 175 182
 186 187 189 188 183 181 176 184 180 177 173 174 178 179 185 193 194 199
 198 204 311 310 306 305 301 300 192 191 294 293 292 291 287 280 277 276
 281 286 288 282 285 289 290 284 283 278 279 272 271 267 262 261 255 252
 251 250 253 256 260 263 266 265 264 259 257 254 258 249 142 143 139 138
 241 240 239 237 232 229 312 238 231 230 224 220 219 216 215 211 210 108
 109 113 112 107 105 106 110 111   3   4   8   7   2   0   1   5   6   9
  10  14  11  32  35  36  34  33  37  38 153 144 208 137 121 118 117 221
 228 233 236 235 234 227 225 226 217 218 214 213 222 223 243 244 247 248
 317 269 270 274 275 296 297 303 304 309 308 307 299 298 295 302 203 202
 197 190 195 196 200 201 205 206  99  93  94  98  97 101 100  96  95  91
  90  92  89  87  86  65  64  60  59 163 166 167 170 169 165 164 268 273
 314 313 245 246 242 212 116 315 316  58 104  63]
Value - initial: 88328698, final: 5883866, improveup: 15.0120172689

data-line;i;88328698;f;5883866;t;3.99332904816;c;-2;fv;[5883866L];cv;-1;imp;15.0120172689;type;rvnd;inum;3;w;1

time;3.99332904816;man_time;0;neigh_time;0
man_time;0;man_merge_sol;0;man_best_sol;0;man_combine_sol;0

Waiting [0]
Terminating workers True 0 0
MPI TERMINATING
