pydf_home: /home/rodolfo/git/Sucuri
simple_pycuda_home: /home/rodolfo/git/simple-pycuda
wamca2016path: /home/rodolfo/git/wamca2016/
localpath: /home/rodolfo/git/dvnd-df/code/dvnd-df/src/
WAMCAPATH:/home/rodolfo/git/wamca2016/
param: {solution_index:4, solution_instance_index:78, multi_gpu:True, goal:False, problem_name:ml, number_of_moves:10, device_count:2, solver:rvnd, mpi_enabled:True, workers:1}
Using already created file:  wamca2016lib.so
Size: 501 - file name: 05_TRP-S500-R1.tsp

Value - initial: 33070334-[175   2 239  75 365 377 276 398 264 284 466 253 206   0 208 490 402 172
   3 481 303 118 201 263 211 317  31 282 453 252 458 431 260 180  20 214
  67 417 366 329  70 473 143 257 199  61  94 464  87 368 336 418  72 457
  41 348 443 456 171 297 107 213 321  73  46 407 157 178 128 120 198 156
 126 302 386 145  26 191 100 381  95  93 498 467  18   6  65 195 357  71
 275 392 411 428 495 331 219 136 441 141  42 228 323 489 307   5 385 383
 164 182  68  79 480 283 311 170  39  58 360 158 231   7 268   4  37 177
 258  78 114 461  60  59 130 426 318 137  32 469 204 424 104 196 142  28
 445  84 236 287 110 273 240 203  83 267 343 189 132 412  19 378 168 296
  76 423 152  85 221 499 207 290 124 271 262 200 333 278 352  10 316 376
 404  29  82 362 146 427 293 261  77   9 448 174  25 129  36 459  86 367
  66 266 313 241 232  35 155 222 496 465 285 455  43 166 361  74 190 420
 209 216 468 179 454 434 270 117 234  55 230 479 401 356 116 210 310  33
  62  30  27  21  47 218 339 223 382 243  88 187 380  90 347 471   8 101
  80 227  49 390 229  96 446 309  48 113 437 395  15 212 363  63 300 435
 217  24 244 272 493 328 353  53 194  81  92 475  11 332 115 277 325  16
 487 387 326 153 162 369 235 279  14 452 429 391 249  91 379 371 173 463
 372 342 238 165 298 472 421 399 355 500 149  57 425 349 384 185  97 447
 482 405 338 186 315 389 322 350  13  38 111 161 131 286 346 324 108  56
 486 160  50 265 415 215 497 233 220 341 188 358 359 374 388 148 193 330
 460 432 163 280 396 147 237 419  52 335 400 485 291 294  44 123 245 436
  12 433 259 150 414 440 256 106 144  54 301  22 133 344 305 119 184 281
 470 403 105 408 494 255 269  23 103 299 483 250 488 167 477 226 251 295
 492 422  17 334 292 406  98 246 491 410 320 140 370 393 462 308   1  34
 474  64 345 122  45 139 351 438 314 288 484 476 413 337 202 242 109 176
  99 125 247 138 373 442 439  89 134 416 102 340 205 327 306  69 319  51
 159 183 354 444 451 135 127 449 304  40 375 121 409 450 274 430 224 478
 248 192 154 254 112 364 151 397 394 181 289 169 225 197 312] - 33070334
Solver: RVND, number of workers: 1
Setting feeder affinity
I am the master. There are 1 mpi processes. (hostname = gpu01)
Roots [<pyDF.nodes.Feeder object at 0x7fc5f7532ad0>]
Starting 0
Main loop
I am worker 0
GPU0
set random seed!
Initial: 33070334-[175   2 239  75 365 377 276 398 264 284 466 253 206   0 208 490 402 172
   3 481 303 118 201 263 211 317  31 282 453 252 458 431 260 180  20 214
  67 417 366 329  70 473 143 257 199  61  94 464  87 368 336 418  72 457
  41 348 443 456 171 297 107 213 321  73  46 407 157 178 128 120 198 156
 126 302 386 145  26 191 100 381  95  93 498 467  18   6  65 195 357  71
 275 392 411 428 495 331 219 136 441 141  42 228 323 489 307   5 385 383
 164 182  68  79 480 283 311 170  39  58 360 158 231   7 268   4  37 177
 258  78 114 461  60  59 130 426 318 137  32 469 204 424 104 196 142  28
 445  84 236 287 110 273 240 203  83 267 343 189 132 412  19 378 168 296
  76 423 152  85 221 499 207 290 124 271 262 200 333 278 352  10 316 376
 404  29  82 362 146 427 293 261  77   9 448 174  25 129  36 459  86 367
  66 266 313 241 232  35 155 222 496 465 285 455  43 166 361  74 190 420
 209 216 468 179 454 434 270 117 234  55 230 479 401 356 116 210 310  33
  62  30  27  21  47 218 339 223 382 243  88 187 380  90 347 471   8 101
  80 227  49 390 229  96 446 309  48 113 437 395  15 212 363  63 300 435
 217  24 244 272 493 328 353  53 194  81  92 475  11 332 115 277 325  16
 487 387 326 153 162 369 235 279  14 452 429 391 249  91 379 371 173 463
 372 342 238 165 298 472 421 399 355 500 149  57 425 349 384 185  97 447
 482 405 338 186 315 389 322 350  13  38 111 161 131 286 346 324 108  56
 486 160  50 265 415 215 497 233 220 341 188 358 359 374 388 148 193 330
 460 432 163 280 396 147 237 419  52 335 400 485 291 294  44 123 245 436
  12 433 259 150 414 440 256 106 144  54 301  22 133 344 305 119 184 281
 470 403 105 408 494 255 269  23 103 299 483 250 488 167 477 226 251 295
 492 422  17 334 292 406  98 246 491 410 320 140 370 393 462 308   1  34
 474  64 345 122  45 139 351 438 314 288 484 476 413 337 202 242 109 176
  99 125 247 138 373 442 439  89 134 416 102 340 205 327 306  69 319  51
 159 183 354 444 451 135 127 449 304  40 375 121 409 450 274 430 224 478
 248 192 154 254 112 364 151 397 394 181 289 169 225 197 312]
Final time: 9.83058714867s - Best: 2065440-[175 410  30 223   4 459 119  36 434 273 393 167 117 481 305 351 182  28
 383  45 347  60 324 162 311 450 369 377 488   2 168  50 170  92 131 295
 338 415 350 247 316 115 471 228 159 225   9 454 231 375 256 127 482 474
 446  37 244 441 491  27 490 264 220 101 476 267 188 289 130 401 314  11
 283 462  24 465 456 371  34 242 234 442 399 423 361  56 495 241 461 493
 429 498 397 360 164 135 106 258 321 463  84  80 469  41  32  48 113 121
 169  59  83   7 111 445 339 356   5 236 142 112 193  88 232 174 146  38
 436 382 419 431 181 358 416 345 221 420 266  62 362  81  87 210 326 352
 277 124  13 379  35 368 497 176 409 318 378 240 103 132 359 408 427  74
   1  17 114 300 384 144  40 252 357 206  58 406 343 433 396  77 100 118
 261 499 209 389  29  47 483 214 398 125 259 143  64 418 189  26 425  51
 199 122 134 449 458 284 329  54 128  20 294 402 385 138  65 440  15  96
 177 218 494 430 467 201 157 404 253 156 407 269 191 165 291 443 340 260
 428 355 145 363 186  98 166  78 417  73 348  19 243 451 233 211 479 460
 102  94 332 386 336 268 395 262 492 133 151 334 108 405 147 392 455 435
 367  57 254 475  25 487 365 207 485 141 448 190 255  95 354  90 187 473
 412  79 391 161 484  14 333  75 227 250 298 245 274 370 388  68 308  72
 212 302 293 306  52 248   6 438  16 447 411 403 160 439 129 239 226 457
 381 238 265  69 281 203 290  99  93 466 155 307  70 275  12  89 387 279
 349 251 140 453  42 163 309  55 185 285  43 202 299 278 376 139 272 104
 313 292 196 372 328 297 263 137 344 373  44 330 208 109 204 215 152 216
 380 301 179 116 303 235 452  18   0 270 478 317 280 296 489 229  63 271
 153 400  23 107  53 150 222 257  46 249 342 424 315 173 374 323 327 320
 310   8 149 224 390  61 192  86  21 413 123  91 444 171 282 276 217 486
 464  71 364 158 198 287 353 184 154 230 468 422 346  76 394 195  82 421
 496 325  67 480  10 105  31  85 110 331 183 180 219 414 341 337 286 213
 172 335 200  22 470 136  33 319  66 197 472 432 205 126 426 312 304 237
  97 288 120 322 477 148  49 366 178   3 194 500 437 246  39]
Value - initial: 33070334, final: 2065440, improveup: 16.0112779844

data-line;i;33070334;f;2065440;t;9.83058714867;c;-2;fv;[2065440L];cv;-1;imp;16.0112779844;type;rvnd;inum;4;w;1

time;9.83058714867;man_time;0;neigh_time;0
man_time;0;man_merge_sol;0;man_best_sol;0;man_combine_sol;0

Waiting [0]
Terminating workers True 0 0
MPI TERMINATING
