pydf_home: /home/rodolfo/git/Sucuri
simple_pycuda_home: /home/rodolfo/git/simple-pycuda
wamca2016path: /home/rodolfo/git/wamca2016/
localpath: /home/rodolfo/git/dvnd-df/code/dvnd-df/src/
WAMCAPATH:/home/rodolfo/git/wamca2016/
param: {solution_index:6, solution_instance_index:6, multi_gpu:True, goal:False, problem_name:ml, number_of_moves:10, device_count:2, solver:rvnd, mpi_enabled:True, workers:1}
Using already created file:  wamca2016lib.so
Size: 783 - file name: 07_rat784.tsp

Value - initial: 70071529-[478 240 443 653 467 287 208 582  89 312 531 528 493 729 781 417 482 289
 461 764  22  99 632 579  10 396 196  84 336 711 701  17 782 379 465 243
   7 369 477 187 468 529 700 224 753 494 437 552 585  98 630 366 537 392
  23 723 305 472 618 699 248 676 386 256  16 404 489 694 597 148 519 639
 266  68 659 778 271 587 705 771 335 275 216 492  31 426 524 770  63 401
  39 480  78 473 268 317 241 515  18 430 410 217  56 152 522 577 758 128
 320 291 567 125 624 626  48 435 259 455 460 112  65 233 339 400  24 535
 118  54  34 347 580 476 303 364 262 495 658 169 776 657 357  85 747 672
 656   1 621 508 622 590  88 310 106 670 204 692 720 556 446 652   2 719
  46  74 779  94 170 348 200 182 302 111 225 237 219 356  76 742 382 732
 377 678 239 171 602  45 232 246 407 299 453 367 546 333 391 612 331 159
 641 402 563 330  19 419 686 615 636 740 285 544 281   9 375 425 682 680
 643 304 184 337  69 755 178 475 509 584 662 180 642 161 559 569 326  26
 144 395 498 775 133 143 207 314 693 236 470 718 769 315 617  82 503 343
 413 698 777 181 202   6 516 393 640 762 210 373 215 727 349 638 433 562
 123 708 398 311 558 644 574 370 329 571 474 511 578  30 565 185 107 761
 514 733 459  96 265  61 505 245 368 664 355 488 408 153 190 135 744 607
 384 197 599 646 735 715 277 429 760 173 717 421 209  97 536  66 221 757
 463 772 175 564 634 416 663 340 520 513 203 411 431  57 604 101 324 523
  11 117 538 734 773 286 724  90 318 507  62 710  72 124 588 428 309 145
  13 570 199  33  77 525 677 354  86 381 351 547 763 541 518 721 420 738
 201  87 610 105 332 193 451 500 668 127 295 188 235 260 146 179 611 278
 608 449 334 151 282 120 297 322 165 344 685 141 438 406 561 647 399 292
 447 172   4  83 279 645 690 628 539 138 444 192 594 130 122 160   0 501
   8 506 464 270 614 226  20   3 491  44 249 548 376 102 412 422 150 258
  40 679 212 684 276 469 667  21 272 389  25 542 583 605 768 651  70 374
 300 765 283 238 689 325 247 619 186 731 423 222 342 129 206 442 598 756
 596 323 308 269 750 530 707 709 290 131 702 388 191  67 189 534 521 665
 154 752 378 681 471 307 436 462 532 637 109 166 267  32  64 593 695 231
 195 313 549  38 543 458 527 252 168 338 479 360 327 390 345 623  51  81
 227 739 649 228 448 139 255 736 257 183 754 328 445 261  75 194 280   5
 616 650 746 481  92 456 560 346 350 363 704 157 629 234 104 725 136 409
 319 383  47 666  27 683 540 533 341 654 714 352 466 581 405 496 728 439
 716 253 365 103 316 712  37  42 526 284  49 371  35 730 134 553 177 440
  79 113 223  14 452  29 294 703 748 263 741 116 296 576 502 675 592 359
 441 126 385 220 497 550 242 568  28 321 301 589 142 198 163 230 205 620
 372 490  91 218  52  73 713 288 110  95 108  36 403 669 737 691 512  59
 697 613 140 158 661 510 162 434 631 674 380 454 293 766 432 214 688 427
 176 600 499  80 517 751 264 627 167 164 687 273 156 250 572 457 485 557
 137 298 213 149 244  53 774  93 361 132 274 601 671 486 566 633 211 254
 673 606  15 306 767 554  41 696 362 358 487 397 706 660 726 759 780 155
 722 603  55 586 635  12  71 450 174 573 551 424 121 545  58 745 114 353
 387 504 655 625 100 749 648 555 483  50 418 743 147 575 119  60 414 394
 484 229  43 415 115 609 251 595 591] - 70071529
Solver: RVND, number of workers: 1
Setting feeder affinity
I am the master. There are 1 mpi processes. (hostname = gpu01)
Roots [<pyDF.nodes.Feeder object at 0x7f91dbaebad0>]
Starting 0
Main loop
I am worker 0
GPU0
set random seed!
Initial: 70071529-[478 240 443 653 467 287 208 582  89 312 531 528 493 729 781 417 482 289
 461 764  22  99 632 579  10 396 196  84 336 711 701  17 782 379 465 243
   7 369 477 187 468 529 700 224 753 494 437 552 585  98 630 366 537 392
  23 723 305 472 618 699 248 676 386 256  16 404 489 694 597 148 519 639
 266  68 659 778 271 587 705 771 335 275 216 492  31 426 524 770  63 401
  39 480  78 473 268 317 241 515  18 430 410 217  56 152 522 577 758 128
 320 291 567 125 624 626  48 435 259 455 460 112  65 233 339 400  24 535
 118  54  34 347 580 476 303 364 262 495 658 169 776 657 357  85 747 672
 656   1 621 508 622 590  88 310 106 670 204 692 720 556 446 652   2 719
  46  74 779  94 170 348 200 182 302 111 225 237 219 356  76 742 382 732
 377 678 239 171 602  45 232 246 407 299 453 367 546 333 391 612 331 159
 641 402 563 330  19 419 686 615 636 740 285 544 281   9 375 425 682 680
 643 304 184 337  69 755 178 475 509 584 662 180 642 161 559 569 326  26
 144 395 498 775 133 143 207 314 693 236 470 718 769 315 617  82 503 343
 413 698 777 181 202   6 516 393 640 762 210 373 215 727 349 638 433 562
 123 708 398 311 558 644 574 370 329 571 474 511 578  30 565 185 107 761
 514 733 459  96 265  61 505 245 368 664 355 488 408 153 190 135 744 607
 384 197 599 646 735 715 277 429 760 173 717 421 209  97 536  66 221 757
 463 772 175 564 634 416 663 340 520 513 203 411 431  57 604 101 324 523
  11 117 538 734 773 286 724  90 318 507  62 710  72 124 588 428 309 145
  13 570 199  33  77 525 677 354  86 381 351 547 763 541 518 721 420 738
 201  87 610 105 332 193 451 500 668 127 295 188 235 260 146 179 611 278
 608 449 334 151 282 120 297 322 165 344 685 141 438 406 561 647 399 292
 447 172   4  83 279 645 690 628 539 138 444 192 594 130 122 160   0 501
   8 506 464 270 614 226  20   3 491  44 249 548 376 102 412 422 150 258
  40 679 212 684 276 469 667  21 272 389  25 542 583 605 768 651  70 374
 300 765 283 238 689 325 247 619 186 731 423 222 342 129 206 442 598 756
 596 323 308 269 750 530 707 709 290 131 702 388 191  67 189 534 521 665
 154 752 378 681 471 307 436 462 532 637 109 166 267  32  64 593 695 231
 195 313 549  38 543 458 527 252 168 338 479 360 327 390 345 623  51  81
 227 739 649 228 448 139 255 736 257 183 754 328 445 261  75 194 280   5
 616 650 746 481  92 456 560 346 350 363 704 157 629 234 104 725 136 409
 319 383  47 666  27 683 540 533 341 654 714 352 466 581 405 496 728 439
 716 253 365 103 316 712  37  42 526 284  49 371  35 730 134 553 177 440
  79 113 223  14 452  29 294 703 748 263 741 116 296 576 502 675 592 359
 441 126 385 220 497 550 242 568  28 321 301 589 142 198 163 230 205 620
 372 490  91 218  52  73 713 288 110  95 108  36 403 669 737 691 512  59
 697 613 140 158 661 510 162 434 631 674 380 454 293 766 432 214 688 427
 176 600 499  80 517 751 264 627 167 164 687 273 156 250 572 457 485 557
 137 298 213 149 244  53 774  93 361 132 274 601 671 486 566 633 211 254
 673 606  15 306 767 554  41 696 362 358 487 397 706 660 726 759 780 155
 722 603  55 586 635  12  71 450 174 573 551 424 121 545  58 745 114 353
 387 504 655 625 100 749 648 555 483  50 418 743 147 575 119  60 414 394
 484 229  43 415 115 609 251 595 591]
Final time: 11.7525849342s - Best: 3448004-[478 460 441 427 420 412 405 403 393 398 395 378 368 373 354 340 328 313
 303 295 296 284 279 264 263 278 283 297 308 319 323 333 330 341 361 360
 348 336 337 339 347 350 353 335 329 321 320 332 344 346 349 369 376 392
 407 408 409 418 416 410 417 433 436 447 463 469 468 466 456 438 430 419
 423 429 425 432 448 455 476 482 490 499 500 506 520 504 493 495 496 521
 526 541 540 535 534 528 514 512 518 517 530 538 539 546 556 551 562 565
 577 606 616 627 620 602 608 621 635 629 645 650 665 668 683 680 674 659
 679 684 689 705 704 708 687 677 670 647 651 658 664 671 682 696 703 724
 733 737 746 760 771 764 759 744 735 731 742 738 721 697 690 691 712 706
 718 719 698 694 709 699 700 688 653 652 632 613 600 599 590 583 576 569
 564 557 574 570 552 523 519 513 492 487 501 508 524 527 543 536 558 572
 571 588 609 617 641 649 663 666 667 646 636 628 631 614 603 605 592 581
 591 594 607 634 642 662 669 675 673 701 707 715 722 740 745 730 729 726
 749 748 761 762 769 779 780 763 781 782 774 770 766 752 743 727 750 751
 755 741 723 714 702 693 695 716 713 710 711 681 676 657 655 624 622 619
 601 584 582 573 566 531 544 548 545 549 537 522 515 503 502 509 497 477
 467 453 446 439 449 464 474 473 479 488 486 458 445 431 413 414 402 387
 384 367 372 382 399 401 415 385 380 363 309 307 287 282 259 262 270 271
 240 251 244 260 246 222 213 206 191 177 188 190 202 219 227 228 243 220
 225 236 250 252 261 274 256 281 286 300 311 317 325 310 294 302 291 299
 306 289 280 268 249 232 231 216 199 197 178 175 160 151 132 136 142 162
 168 189 205 224 218 211 210 208 181 172 164 163 156 139 127 107 104 101
 111  94  88  73  76  47  63  70  84  98 117 125 120 123 143 158 153 140
 129 128 102  91  71  81  85  67  60  58  49  61  53  41  50  68  92  89
  77  54  43  59  72  65  74  86  95  90 103 112 118 121 141 147 144 157
 165 173 167 169 176 180 193 198 192 170 148 133 134 113 108 105 100  78
  83  37  42  33  27  23  26  25  20  15  31  13  21  34  30  19  35  29
   7  18   4   2   9   8  11  32  28  38  62  75  97  93  82  64  57  52
  46  17   6   1  22  16   0  14  24  55  48  51  56  44  36  40  45  66
  80  69  79  99  96 109 116 122 114 126 106 110 135 150 155 161 152 159
 154 146 138 124 145 171 179 185 204 194 195 183 186 203 201 207 223 239
 258 257 267 266 255 242 221 226 230 247 248 272 275 276 254 245 238 235
 241 234 265 269 288 304 312 301 293 277 273 285 298 322 318 326 334 357
 343 327 342 355 358 351 362 383 394 389 386 381 400 422 428 435 444 451
 452 457 465 483 481 471 498 510 525 532 547 559 567 575 595 623 639 637
 625 610 593 579 585 596 597 611 626 633 612 618 640 643 656 648 660 685
 720 754 753 736 732 756 758 757 775 767 778 776 772 773 765 747 739 725
 692 672 661 638 630 604 555 563 586 587 598 589 568 560 578 561 553 550
 533 529 516 511 507 505 484 485 491 494 472 459 462 454 421 437 442 424
 406 396 388 365 338 324 305 290 292 315 331 345 352 364 370 391 404 375
 371 390 374 359 379 377 397 411 426 450 470 480 489 461 443 366 356 314
 253 233 217 237 196 212 209 200 187 182 166 131 130  39   5  12  10   3
 149 137 115 119 174 184 214 215 229 316 434 440 475 542 580 615 654 644
 678 717 734 768 777 728 686 554  87]
Value - initial: 70071529, final: 3448004, improveup: 20.3223456237

data-line;i;70071529;f;3448004;t;11.7525849342;c;-2;fv;[3448004L];cv;-1;imp;20.3223456237;type;rvnd;inum;6;w;1

time;11.7525849342;man_time;0;neigh_time;0
man_time;0;man_merge_sol;0;man_best_sol;0;man_combine_sol;0

Waiting [0]
Terminating workers True 0 0
MPI TERMINATING
