pydf_home: /home/rodolfo/git/Sucuri
simple_pycuda_home: /home/rodolfo/git/simple-pycuda
wamca2016path: /home/rodolfo/git/wamca2016/
localpath: /home/rodolfo/git/dvnd-df/code/dvnd-df/src/
WAMCAPATH:/home/rodolfo/git/wamca2016/
param: {solution_index:0, solution_instance_index:39, multi_gpu:True, goal:False, problem_name:ml, number_of_moves:10, device_count:2, solver:rvnd, mpi_enabled:True, workers:1}
Using already created file:  wamca2016lib.so
Size: 52 - file name: 01_berlin52.tsp

Value - initial: 771840-[19 16 30 34 23  5 10 40 27 21 26 14 33 18  7 22 35 25  2 12  4 15 47 13 37
 36  6 45 42 50 32  1  3 48 51 46 43 17 28  9  8 24 29 38 31 39 11 41 20 49
 44  0] - 771840
Solver: RVND, number of workers: 1
Setting feeder affinity
I am the master. There are 1 mpi processes. (hostname = gpu01)
Roots [<pyDF.nodes.Feeder object at 0x7f20d6afdad0>]
Starting 0
Main loop
I am worker 0
GPU0
set random seed!
Initial: 771840-[19 16 30 34 23  5 10 40 27 21 26 14 33 18  7 22 35 25  2 12  4 15 47 13 37
 36  6 45 42 50 32  1  3 48 51 46 43 17 28  9  8 24 29 38 31 39 11 41 20 49
 44  0]
Final time: 1.50255298615s - Best: 150979-[19 49 15 45 47 36 37  4 14  5 23 39 38 33 34 35 48 31 44 18 40  7  9  8 42
  3 24 43  0 21 30 17  2 16 20 41  6  1 29 22 28 46 25 27 26 12 13 51 10 50
 32 11]
Value - initial: 771840, final: 150979, improveup: 5.11223415177

data-line;i;771840;f;150979;t;1.50255298615;c;-2;fv;[150979L];cv;-1;imp;5.11223415177;type;rvnd;inum;0;w;1

time;1.50255298615;man_time;0;neigh_time;0
man_time;0;man_merge_sol;0;man_best_sol;0;man_combine_sol;0

Waiting [0]
Terminating workers True 0 0
MPI TERMINATING
