pydf_home: /home/rodolfo/git/Sucuri
simple_pycuda_home: /home/rodolfo/git/simple-pycuda
wamca2016path: /home/rodolfo/git/wamca2016/
localpath: /home/rodolfo/git/dvnd-df/code/dvnd-df/src/
WAMCAPATH:/home/rodolfo/git/wamca2016/
param: {solution_index:4, solution_instance_index:75, multi_gpu:True, goal:False, problem_name:ml, number_of_moves:10, device_count:2, solver:rvnd, mpi_enabled:True, workers:1}
Using already created file:  wamca2016lib.so
Size: 501 - file name: 05_TRP-S500-R1.tsp

Value - initial: 32892053-[453 474 294 168  24 100 382 120  49 341 414 314 239 185 197 331 252 147
 116  10  41  88 283 388 340 451 241 305  83  61 161  23 428 444 125 259
 312 434 191 377  17 391 240 179 107  60 273 355 186  26 379  72 146 348
 452 447  89 277  48 437 407  39 235 148 268 138 470 242  76 483 301  86
 358 177 484  99  50 442  64 395 324 291 373 494 156  63 461  14 192  62
 202 344 475 492 113  75 327 275 454 267 203 480 303 351 229 311 255 209
  93 227  56 117  59 462 152 247 102 367 250 495 309 310  81 115   5 499
 233 214 385 200 353 126  94  53  95  96  36 339 319  19 218 173 174  57
 464 419 496 272 121 175 472 288 133 236 476 153 205  67 211 315 383 261
 196 469 216 194 468 321 400 402 124  47 171  98 307 463  54 178 342  16
 322 380 393 122 160 450 237 193  73 292 137 195 431  35 368  46 435 140
 244  84 223 182  52 426 416 346 479 246  58 159 221 295 441 381 427 207
 429 300 234 127 323   7 157 458  68 376 439 425  82 403 188 347 212  27
 265 330 436 420 473 230 478 456  87 490 286 408 198  40 497  55  70 135
  77 448 384 119 151 493 304 285 245 457 279  20 251 280 306 392 455  66
 334  71  78 170 369 421 443 486 433 190  85 155  12 359 328 172  13 424
 219   3 298 374 287 101 166 149 136 114 180 412  30 356 410 130 269   1
 118 164 210 215  92 446 488  69 141 112 217 163 365 364 278 422 139 317
 150  18 145 440 390 308  90 389  80 254 417 284 129 226 299  28 336 357
 258 302 489 266 204 405 208 206 106 329 481 281 401 263 338 134 243 449
   6 108  22 465 183 361 500  42 378 167 104 313   4   2 415 262 332 176
 225  97 201   0 413 271  21 276 189 316 270  74 143  31 411 438 418 397
  33 485 337 105 249 131 432  34  38 354 248 466  44 123 220 360 467 274
 325 144 165   8 154  79 296  25 349 491 335 343  91  37 372 396 222 350
 386  32  11 128 370 297   9 289 471  29 366 320 460 290 352 257 232 110
 238 228 498 169 345 260  51 487 109 326 333 318 362 213 111 256 371 231
 142 394 430 482  45 103 132 375  65 398 363 406 459  43 477 404 282 224
 199 184 162 187 158  15 399 293 409 181 387 264 253 423 445] - 32892053
Solver: RVND, number of workers: 1
Setting feeder affinity
I am the master. There are 1 mpi processes. (hostname = gpu01)
Roots [<pyDF.nodes.Feeder object at 0x7fefc4756ad0>]
Starting 0
Main loop
I am worker 0
GPU0
set random seed!
Initial: 32892053-[453 474 294 168  24 100 382 120  49 341 414 314 239 185 197 331 252 147
 116  10  41  88 283 388 340 451 241 305  83  61 161  23 428 444 125 259
 312 434 191 377  17 391 240 179 107  60 273 355 186  26 379  72 146 348
 452 447  89 277  48 437 407  39 235 148 268 138 470 242  76 483 301  86
 358 177 484  99  50 442  64 395 324 291 373 494 156  63 461  14 192  62
 202 344 475 492 113  75 327 275 454 267 203 480 303 351 229 311 255 209
  93 227  56 117  59 462 152 247 102 367 250 495 309 310  81 115   5 499
 233 214 385 200 353 126  94  53  95  96  36 339 319  19 218 173 174  57
 464 419 496 272 121 175 472 288 133 236 476 153 205  67 211 315 383 261
 196 469 216 194 468 321 400 402 124  47 171  98 307 463  54 178 342  16
 322 380 393 122 160 450 237 193  73 292 137 195 431  35 368  46 435 140
 244  84 223 182  52 426 416 346 479 246  58 159 221 295 441 381 427 207
 429 300 234 127 323   7 157 458  68 376 439 425  82 403 188 347 212  27
 265 330 436 420 473 230 478 456  87 490 286 408 198  40 497  55  70 135
  77 448 384 119 151 493 304 285 245 457 279  20 251 280 306 392 455  66
 334  71  78 170 369 421 443 486 433 190  85 155  12 359 328 172  13 424
 219   3 298 374 287 101 166 149 136 114 180 412  30 356 410 130 269   1
 118 164 210 215  92 446 488  69 141 112 217 163 365 364 278 422 139 317
 150  18 145 440 390 308  90 389  80 254 417 284 129 226 299  28 336 357
 258 302 489 266 204 405 208 206 106 329 481 281 401 263 338 134 243 449
   6 108  22 465 183 361 500  42 378 167 104 313   4   2 415 262 332 176
 225  97 201   0 413 271  21 276 189 316 270  74 143  31 411 438 418 397
  33 485 337 105 249 131 432  34  38 354 248 466  44 123 220 360 467 274
 325 144 165   8 154  79 296  25 349 491 335 343  91  37 372 396 222 350
 386  32  11 128 370 297   9 289 471  29 366 320 460 290 352 257 232 110
 238 228 498 169 345 260  51 487 109 326 333 318 362 213 111 256 371 231
 142 394 430 482  45 103 132 375  65 398 363 406 459  43 477 404 282 224
 199 184 162 187 158  15 399 293 409 181 387 264 253 423 445]
Final time: 7.75034999847s - Best: 1965691-[453 140 251 349 387 279 373 330 301  44 179 116 344 303 235 452  18   0
 150 222 342 249 231 375 256 127 482 474 446 130  37 244 441  27 491 476
 267 188 289  34 371 456 465  24 462 283  11  23 107  53 153 400 424 315
 173 323 374 498 397 429 493 461 241 495  56 361 423 399 442 234 242 500
 194  13 379  35 352 277 124 368 497 176 409 318  74 427 408 359 132 103
 240 331 483 214 398 125 259 143  64 418  66 162 324 311   2 168 488 377
 369 450 347  60  45 383  28 182 351 305 481 117 167 393 273 434  36 119
 459   4 223  54 128  20 294 402 253 404  57 367 435 455 392 475  25 487
 365 207 141 485 448 190 255  95 354  90 187 473 412  79  14 484 391 161
 333  75 312 426 205 126 250 227 298 245 274 370 388  68 308  72 212 302
 268 336 386 332  94 102 460 479 211 233 243  73 417  78 348  19 451 216
 380 208 109 204 215 447 411  16 403 160 439 129 239 457 226  89  12 275
  70  42 163 309  55 185 285  43 278 202 299 292 196 372 328 297 263 137
 478 317 270 229 489 296 280  61 390   8 149 224 192 272 313 104 139 376
  21 413  86 123  91 444 171 282 276 463  80  84 217  32 469  41 486  48
 113 169 121 198 158 364  71 464 339  59  83   7 445 111  39 246   5 356
 236 142 112 193  88 419 382 232 174 146  38 436 181 431 358  82 416 345
 221 421 496 325  67 480 300 384 114  17   1 144  40 252 357 206  58 406
 343 433 396  77 100 118 261 219 414 341 337 286 213 172 335 200 470 136
  33 319 499 209 389  29  47 180 183 378  10 105  31 110  85 220 264 101
 490 197 159 228 471 115 425 189  26  50 170  92 131 338 295 284 329 156
 407 269 191 165 291 443 340 260 151 334 428 355 145  46 257 363 186  98
 166 271  63 327 320 310 360 164 135 106 258 321 353 287 184 154 230 468
 422 346 195 394  76 266 420  62 362  81  87 210 326 437 401 314 454   9
 472 199 122 134  51 316 247 350 415 449 458 410 175 385 138 177  96  15
 440  65 366  49 148 477 322 120 218 494 430 201 157 467 288  97 237 304
 306 293  52 248   6 438 381 238 265  69 281 203 290  99  93 307 155 466
 152 395 262 492 133 108 405 147 254 432  30 178   3  22 225]
Value - initial: 32892053, final: 1965691, improveup: 16.7330740182

data-line;i;32892053;f;1965691;t;7.75034999847;c;-2;fv;[1965691L];cv;-1;imp;16.7330740182;type;rvnd;inum;4;w;1

time;7.75034999847;man_time;0;neigh_time;0
man_time;0;man_merge_sol;0;man_best_sol;0;man_combine_sol;0

Waiting [0]
Terminating workers True 0 0
MPI TERMINATING
