pydf_home: /home/rodolfo/git/Sucuri
simple_pycuda_home: /home/rodolfo/git/simple-pycuda
wamca2016path: /home/rodolfo/git/wamca2016/
localpath: /home/rodolfo/git/dvnd-df/code/dvnd-df/src/
WAMCAPATH:/home/rodolfo/git/wamca2016/
param: {solution_index:0, solution_instance_index:96, multi_gpu:True, goal:False, problem_name:ml, number_of_moves:10, device_count:2, solver:rvnd, mpi_enabled:True, workers:1}
Using already created file:  wamca2016lib.so
Size: 52 - file name: 01_berlin52.tsp

Value - initial: 735962-[26 35  0  9 34 31  6 22 42 12  1 20 16 41 10 47 40  4 19 24 48 27 50 23 25
 51 11 44 15 29  8 37 30 39 36 32  3  2 43 38 49 45 46 33 21 28  7 18 17  5
 13 14] - 735962
Solver: RVND, number of workers: 1
Setting feeder affinity
I am the master. There are 1 mpi processes. (hostname = gpu01)
Roots [<pyDF.nodes.Feeder object at 0x7f35edd49ad0>]
Starting 0
Main loop
I am worker 0
GPU0
set random seed!
Initial: 735962-[26 35  0  9 34 31  6 22 42 12  1 20 16 41 10 47 40  4 19 24 48 27 50 23 25
 51 11 44 15 29  8 37 30 39 36 32  3  2 43 38 49 45 46 33 21 28  7 18 17  5
 13 14]
Final time: 1.46472907066s - Best: 142833-[26 27 11 24  3  5 14  4 47 23 37 39 36 38 35 34 33 43 45 15 19 49 22 30 17
 21  0 48 31 44 18  7  9  8 40  2 16 20 41  6  1 29 28 46 25 12 13 51 10 50
 32 42]
Value - initial: 735962, final: 142833, improveup: 5.15260479021

data-line;i;735962;f;142833;t;1.46472907066;c;-2;fv;[142833L];cv;-1;imp;5.15260479021;type;rvnd;inum;0;w;1

time;1.46472907066;man_time;0;neigh_time;0
man_time;0;man_merge_sol;0;man_best_sol;0;man_combine_sol;0

Waiting [0]
Terminating workers True 0 0
MPI TERMINATING
