pydf_home: /home/rodolfo/git/Sucuri
simple_pycuda_home: /home/rodolfo/git/simple-pycuda
wamca2016path: /home/rodolfo/git/wamca2016/
localpath: /home/rodolfo/git/dvnd-df/code/dvnd-df/src/
WAMCAPATH:/home/rodolfo/git/wamca2016/
param: {solution_index:0, solution_instance_index:75, multi_gpu:True, goal:False, problem_name:ml, number_of_moves:10, device_count:2, solver:rvnd, mpi_enabled:True, workers:1}
Using already created file:  wamca2016lib.so
Size: 52 - file name: 01_berlin52.tsp

Value - initial: 772667-[48 29 37 15  2  8  9  4 28 32 22 34 10 14 16 50 19 49 31 27 13 20  7  5 23
 47 43 12 35 40 45 46 18 21  0 26  1 17 24 33 25 41  3 36  6 39 42 30 11 51
 44 38] - 772667
Solver: RVND, number of workers: 1
Setting feeder affinity
I am the master. There are 1 mpi processes. (hostname = gpu01)
Roots [<pyDF.nodes.Feeder object at 0x7f1cad627ad0>]
Starting 0
Main loop
I am worker 0
GPU0
set random seed!
Initial: 772667-[48 29 37 15  2  8  9  4 28 32 22 34 10 14 16 50 19 49 31 27 13 20  7  5 23
 47 43 12 35 40 45 46 18 21  0 26  1 17 24 33 25 41  3 36  6 39 42 30 11 51
 44 38]
Final time: 1.45218992233s - Best: 141053-[48 31 21  0 34 35 38 39 37 14  5  4 23 47 36 33 43 45 15 49 19 22 20 30 17
  2 44 18 40  7  8  9 42  3 24 11 27 25 26 12 13 46 28 29 41  1  6 16 32 50
 10 51]
Value - initial: 772667, final: 141053, improveup: 5.47784875189

data-line;i;772667;f;141053;t;1.45218992233;c;-2;fv;[141053L];cv;-1;imp;5.47784875189;type;rvnd;inum;0;w;1

time;1.45218992233;man_time;0;neigh_time;0
man_time;0;man_merge_sol;0;man_best_sol;0;man_combine_sol;0

Waiting [0]
Terminating workers True 0 0
MPI TERMINATING
