pydf_home: /home/rodolfo/git/Sucuri
simple_pycuda_home: /home/rodolfo/git/simple-pycuda
wamca2016path: /home/rodolfo/git/wamca2016/
localpath: /home/rodolfo/git/dvnd-df/code/dvnd-df/src/
WAMCAPATH:/home/rodolfo/git/wamca2016/
param: {solution_index:1, solution_instance_index:95, multi_gpu:True, goal:False, problem_name:ml, number_of_moves:10, device_count:2, solver:rvnd, mpi_enabled:True, workers:1}
Using already created file:  wamca2016lib.so
Size: 100 - file name: 02_kroD100.tsp

Value - initial: 8433699-[83  8 22  7 51 64 99 76 41 43 88 15 89 71 69 85 34 36 66  3 40 16 50 87 53
 78 52 63 12 19 68 73 18 38 28 10 74 70  6 62 37 84 39 48 98 35 32 72 90 29
 17 86 81 82 45 44 54 77 91 49 56 95  9 13  0 27 57 67  2 46 61 47 20 80 55
 23 24 33 25 58 30  4 75  1 14 79 11 59 42 65  5 93 94 96 60 26 31 92 97 21] - 8433699
Solver: RVND, number of workers: 1
Setting feeder affinity
I am the master. There are 1 mpi processes. (hostname = gpu01)
Roots [<pyDF.nodes.Feeder object at 0x7f05cf785ad0>]
Starting 0
Main loop
I am worker 0
GPU0
set random seed!
Initial: 8433699-[83  8 22  7 51 64 99 76 41 43 88 15 89 71 69 85 34 36 66  3 40 16 50 87 53
 78 52 63 12 19 68 73 18 38 28 10 74 70  6 62 37 84 39 48 98 35 32 72 90 29
 17 86 81 82 45 44 54 77 91 49 56 95  9 13  0 27 57 67  2 46 61 47 20 80 55
 23 24 33 25 58 30  4 75  1 14 79 11 59 42 65  5 93 94 96 60 26 31 92 97 21]
Final time: 2.2522559166s - Best: 1036585-[83 23 26 80 33 37 65 51  7 22 10 16 89 88 69 48 97 96 31 93 49  0 12 78 87
 40 72 38 90 53 76 42 70  3 92 43 59 52  4  2 82 39  5 58 84 95 85 64 13 67
 32 44 98 30 77 79 75 68 14 62 15 63 17 24 19  9  8 54 91 18 50 36 61 34 29
 99  1 47 86 25 94 55 20 46 27 11 81 56 71 60 73  6 74 66 35 28 57 21 41 45]
Value - initial: 8433699, final: 1036585, improveup: 8.13604190684

data-line;i;8433699;f;1036585;t;2.2522559166;c;-2;fv;[1036585L];cv;-1;imp;8.13604190684;type;rvnd;inum;1;w;1

time;2.2522559166;man_time;0;neigh_time;0
man_time;0;man_merge_sol;0;man_best_sol;0;man_combine_sol;0

Waiting [0]
Terminating workers True 0 0
MPI TERMINATING
