pydf_home: /home/rodolfo/git/Sucuri
simple_pycuda_home: /home/rodolfo/git/simple-pycuda
wamca2016path: /home/rodolfo/git/wamca2016/
localpath: /home/rodolfo/git/dvnd-df/code/dvnd-df/src/
WAMCAPATH:/home/rodolfo/git/wamca2016/
param: {solution_index:0, solution_instance_index:44, multi_gpu:True, goal:False, problem_name:ml, number_of_moves:10, device_count:2, solver:rvnd, mpi_enabled:True, workers:1}
Using already created file:  wamca2016lib.so
Size: 52 - file name: 01_berlin52.tsp

Value - initial: 736547-[ 7 14 51 10 25 12  6 23 42  4 39 40 32 20 29 21 22 28 11 49 31 47 16  9  2
 26 35 30 44 46  1 27 48 24 36 33  3 18  8 37 41 34 50 13 45 15 43 19  5 17
 38  0] - 736547
Solver: RVND, number of workers: 1
Setting feeder affinity
I am the master. There are 1 mpi processes. (hostname = gpu01)
Roots [<pyDF.nodes.Feeder object at 0x7f6e7d621ad0>]
Starting 0
Main loop
I am worker 0
GPU0
set random seed!
Initial: 736547-[ 7 14 51 10 25 12  6 23 42  4 39 40 32 20 29 21 22 28 11 49 31 47 16  9  2
 26 35 30 44 46  1 27 48 24 36 33  3 18  8 37 41 34 50 13 45 15 43 19  5 17
 38  0]
Final time: 1.30839109421s - Best: 154666-[ 7 40 18 44 31 48 35 34 33 38 39 37 14  3  5  4 23 47 36 43 15 45 24 11 27
 26 25 46 28 49 19 22 29  1  6 41 20 30 21 17 16  2  8  9 42 32 50 10 51 13
 12  0]
Value - initial: 736547, final: 154666, improveup: 4.76217785421

data-line;i;736547;f;154666;t;1.30839109421;c;-2;fv;[154666L];cv;-1;imp;4.76217785421;type;rvnd;inum;0;w;1

time;1.30839109421;man_time;0;neigh_time;0
man_time;0;man_merge_sol;0;man_best_sol;0;man_combine_sol;0

Waiting [0]
Terminating workers True 0 0
MPI TERMINATING
