pydf_home: /home/rodolfo/git/Sucuri
simple_pycuda_home: /home/rodolfo/git/simple-pycuda
wamca2016path: /home/rodolfo/git/wamca2016/
localpath: /home/rodolfo/git/dvnd-df/code/dvnd-df/src/
WAMCAPATH:/home/rodolfo/git/wamca2016/
param: {solution_index:7, solution_instance_index:39, multi_gpu:True, goal:False, problem_name:ml, number_of_moves:10, device_count:2, solver:rvnd, mpi_enabled:True, workers:1}
Using already created file:  wamca2016lib.so
Size: 1001 - file name: 08_TRP-S1000-R1.tsp

Value - initial: 130525065-[732 451 199 ..., 684 967 720] - 130525065
Solver: RVND, number of workers: 1
Setting feeder affinity
I am the master. There are 1 mpi processes. (hostname = gpu01)
Roots [<pyDF.nodes.Feeder object at 0x7f02480eead0>]
Starting 0
Main loop
I am worker 0
GPU0
set random seed!
Initial: 130525065-[732 451 199 ..., 684 967 720]
Final time: 18.0277371407s - Best: 5681037-[732 573  94 ..., 804 741 188]
Value - initial: 130525065, final: 5681037, improveup: 22.9755703052

data-line;i;130525065;f;5681037;t;18.0277371407;c;-2;fv;[5681037L];cv;-1;imp;22.9755703052;type;rvnd;inum;7;w;1

time;18.0277371407;man_time;0;neigh_time;0
man_time;0;man_merge_sol;0;man_best_sol;0;man_combine_sol;0

Waiting [0]
Terminating workers True 0 0
MPI TERMINATING
