pydf_home: /home/rodolfo/git/Sucuri
simple_pycuda_home: /home/rodolfo/git/simple-pycuda
wamca2016path: /home/rodolfo/git/wamca2016/
localpath: /home/rodolfo/git/dvnd-df/code/dvnd-df/src/
WAMCAPATH:/home/rodolfo/git/wamca2016/
param: {solution_index:2, solution_instance_index:96, multi_gpu:True, goal:False, problem_name:ml, number_of_moves:10, device_count:2, solver:rvnd, mpi_enabled:True, workers:1}
Using already created file:  wamca2016lib.so
Size: 226 - file name: 03_pr226.tsp

Value - initial: 185007732-[106  59  11  22 210 114  52 126  70 211  68   9  14 111 174 206 131   6
 215   1  30  29 144 149  40  13 161 100 163  36  95 185   3 123 169  64
 121 119  75  34  78 134  69  33 118 127 157 110  88  10  16 184  46  87
 224 145  19   4 159  98 155 132 122 199  50 190 113  32 167  85  61 151
 222 128  63 142 197 152 178 220 223  42 158 187 212 104  90  24   2 179
 107  38 173  65 203 202 162 189 195 221  54 192  84  71 137  72 112  83
  82  17 102  35 194 105 130 165 153  60 164 138 103 160 136 181  47 183
  27  48  43  57 108 208 182  79 117 172  80 200 124  20 214 125 205 177
  74 109  94  56 168  41 116 147   5  23 188 180  91 193 115  15  67  26
  44  99  81 198 176 216  55  62  86 148  45 129 170 171 201 186 213 140
  76   8 139 150 175 218  96  58 146 196  93  51  66 133   0   7  37  53
  25 217 101  28  77  21  73 166 207 156 225  89 191 154 209  12  97  18
 120 219 135  31  39  92 204 141  49 143] - 185007732
Solver: RVND, number of workers: 1
Setting feeder affinity
I am the master. There are 1 mpi processes. (hostname = gpu01)
Roots [<pyDF.nodes.Feeder object at 0x7f08c7bf3ad0>]
Starting 0
Main loop
I am worker 0
GPU0
set random seed!
Initial: 185007732-[106  59  11  22 210 114  52 126  70 211  68   9  14 111 174 206 131   6
 215   1  30  29 144 149  40  13 161 100 163  36  95 185   3 123 169  64
 121 119  75  34  78 134  69  33 118 127 157 110  88  10  16 184  46  87
 224 145  19   4 159  98 155 132 122 199  50 190 113  32 167  85  61 151
 222 128  63 142 197 152 178 220 223  42 158 187 212 104  90  24   2 179
 107  38 173  65 203 202 162 189 195 221  54 192  84  71 137  72 112  83
  82  17 102  35 194 105 130 165 153  60 164 138 103 160 136 181  47 183
  27  48  43  57 108 208 182  79 117 172  80 200 124  20 214 125 205 177
  74 109  94  56 168  41 116 147   5  23 188 180  91 193 115  15  67  26
  44  99  81 198 176 216  55  62  86 148  45 129 170 171 201 186 213 140
  76   8 139 150 175 218  96  58 146 196  93  51  66 133   0   7  37  53
  25 217 101  28  77  21  73 166 207 156 225  89 191 154 209  12  97  18
 120 219 135  31  39  92 204 141  49 143]
Final time: 7.54863882065s - Best: 6450918-[106 105 103 104 102 110 111 112 113 114 115 107 108 116 117 109 118 125
 127 119 120 126 128 121 122 130 129 123 131 124 225 224 223 222 221 220
 219 218 217 216 215 214 213 212 211 210 209 208 207 206 205 204 203 202
 201 200 199 198 197 196 195 194 193 192 191 190 189 188 187 186 185 184
 183 182 181 180 179 178 177 176 175 174 173 172 171 170 169 168 167 166
 165 164 163 162 161 160 159 158 157 156 155 154 153 152 151 150 145 144
 146 148 147 149 142 141 140 139 138 137 136 143 101  93  92 100  99  91
  90  98  97  89  87  96  95  88  86  94  46  45  44  43  36  35  47  32
  31  30  34  33  29  28  27  26  25  24  23  22  21  20  49  50  51  52
  53  54  55  56  57  58  59  60  61  62  63  64  66  16  15  14  13   9
   8   6   5   4   3   2   1   0  72  73  74  75  76  77  78  79  80  81
  82  83  84  85  71   7  10  11  12  70  67  68  69  65  17  18  19 132
 133 134 135  48  42  41  38  37  39  40]
Value - initial: 185007732, final: 6450918, improveup: 28.6792875061

data-line;i;185007732;f;6450918;t;7.54863882065;c;-2;fv;[6450918L];cv;-1;imp;28.6792875061;type;rvnd;inum;2;w;1

time;7.54863882065;man_time;0;neigh_time;0
man_time;0;man_merge_sol;0;man_best_sol;0;man_combine_sol;0

Waiting [0]
Terminating workers True 0 0
MPI TERMINATING
