pydf_home: /home/rodolfo/git/Sucuri
simple_pycuda_home: /home/rodolfo/git/simple-pycuda
wamca2016path: /home/rodolfo/git/wamca2016/
localpath: /home/rodolfo/git/dvnd-df/code/dvnd-df/src/
WAMCAPATH:/home/rodolfo/git/wamca2016/
param: {solution_index:3, solution_instance_index:45, multi_gpu:True, goal:False, problem_name:ml, number_of_moves:10, device_count:2, solver:rvnd, mpi_enabled:True, workers:1}
Using already created file:  wamca2016lib.so
Size: 318 - file name: 04_lin318.tsp

Value - initial: 91000250-[198 199 255 207 107 191 293  62 217 169 268 197 280  59 286 240 170 172
 220 112 133 118 302  15 294  78   3 277 168 261  42  16  51 235 111 275
 251 200  43 157 230 132 135  45 175 248 307 227  26 311 144 250 193 165
  95 195 206 271 256 102  25  39   4 305 181  88 213  69 231 160 136  47
 166   1 216 162 241 214 179 252  61 113  71 129  90 226 150 127 171   9
 184 212 238  22 163 147 134 114 233 245 312 297 210  64  20 265 190 237
   7 188 222 236 239  28 158 121 189  40  68 100 262 274 306 186  49 104
 299 145 115 151 146 178 308 283 187 183 123  41  33 224  77 137  83 148
 119 139 219   6  48 309 247  29 313 232 244 215 101 152  82 108 287  81
 316  31 279  66 205 202 242 196 138  94  35  54  14 128 204  11  23  75
 116 272   5  56 180 120 303 194  58 304 164 110 300  57 259 223 315 229
 203 177  17 106  44 156  63  55  32 276  24  27 208 257  74  87  60 296
  65  34 174 317 124 221 288  84 211 301 159  13  53 142   0  38  99  96
 267 264 154 122 269  85  50  46 263 298 282 253 182 131 167  76  70  12
  86  19 290 249 270  30  80 234 185 292 260  52 126  93 295  89 176 228
  79  18 281  91 209 125 284 161 225 289 278  72  98 143  37 130  67 201
  97 258  36 254 103 266 149  92   2 218 141 314 243 153 173 246 291 109
 310 117 105   8 140  10 273 285  73  21 155 192] - 91000250
Solver: RVND, number of workers: 1
Setting feeder affinity
I am the master. There are 1 mpi processes. (hostname = gpu01)
Roots [<pyDF.nodes.Feeder object at 0x7f7960452ad0>]
Starting 0
Main loop
I am worker 0
GPU0
set random seed!
Initial: 91000250-[198 199 255 207 107 191 293  62 217 169 268 197 280  59 286 240 170 172
 220 112 133 118 302  15 294  78   3 277 168 261  42  16  51 235 111 275
 251 200  43 157 230 132 135  45 175 248 307 227  26 311 144 250 193 165
  95 195 206 271 256 102  25  39   4 305 181  88 213  69 231 160 136  47
 166   1 216 162 241 214 179 252  61 113  71 129  90 226 150 127 171   9
 184 212 238  22 163 147 134 114 233 245 312 297 210  64  20 265 190 237
   7 188 222 236 239  28 158 121 189  40  68 100 262 274 306 186  49 104
 299 145 115 151 146 178 308 283 187 183 123  41  33 224  77 137  83 148
 119 139 219   6  48 309 247  29 313 232 244 215 101 152  82 108 287  81
 316  31 279  66 205 202 242 196 138  94  35  54  14 128 204  11  23  75
 116 272   5  56 180 120 303 194  58 304 164 110 300  57 259 223 315 229
 203 177  17 106  44 156  63  55  32 276  24  27 208 257  74  87  60 296
  65  34 174 317 124 221 288  84 211 301 159  13  53 142   0  38  99  96
 267 264 154 122 269  85  50  46 263 298 282 253 182 131 167  76  70  12
  86  19 290 249 270  30  80 234 185 292 260  52 126  93 295  89 176 228
  79  18 281  91 209 125 284 161 225 289 278  72  98 143  37 130  67 201
  97 258  36 254 103 266 149  92   2 218 141 314 243 153 173 246 291 109
 310 117 105   8 140  10 273 285  73  21 155 192]
Final time: 6.56498599052s - Best: 5931562-[198 199 204 311 310 306 305 301 300 192 191 294 293 292 291 287 280 277
 276 281 286 288 282 285 289 290 284 283 278 279 272 271 314 265 264 259
 257 254 249 313 242 236 233 228 229 232 237 239 240 241 238 231 230 312
 224 220 219 117 118 121 120 122 129 130 131 128 123 132 127 124 207 119
 125 126 133 134 135 136  33  34  38  37 144 149 152 154 159 160 161 158
 155 151 148 145 146 147 150 156 157 162 166 167 174 173 178 179 185 184
 180 177 176 181 183 188 187 189 195 196 200 201 205 206  99  94  93  87
  86 186 182 175 172 171  64  65  69  73  79  75  72  63  66  67  70  77
  81  82  83  71  76  78  85  84  90  91  95  96 100 101  92  97  98  89
  88  80  74  68  62  61  57  52  51  45  42  41  36  25  24  17  16  15
  18  23  26  35  40  43  46  50  53  56 104  58  55  54  49  47  44  48
  39 103  32  31  30  29  27  22  19 102  28  21  20  14  10   9   6   5
   1   0   2   7   8  13  12 115 114 111 110   4   3 106 105 107 112 113
 109 108 216 215 211 210 212 225 226 227 234 235 245 246 251 250 252 255
 261 262 267 266 263 260 256 253 258 142 143 139 138 221 217 218 214 213
 222 223 243 244 247 248 317 269 270 274 275 296 297 303 304 309 308 307
 299 298 302 295 273 268 164 165 169 170 194 193 203 202 197 190 168 209
 163  59  60 153 208 140 141 137 116  11 316 315]
Value - initial: 91000250, final: 5931562, improveup: 15.3417008876

data-line;i;91000250;f;5931562;t;6.56498599052;c;-2;fv;[5931562L];cv;-1;imp;15.3417008876;type;rvnd;inum;3;w;1

time;6.56498599052;man_time;0;neigh_time;0
man_time;0;man_merge_sol;0;man_best_sol;0;man_combine_sol;0

Waiting [0]
Terminating workers True 0 0
MPI TERMINATING
