pydf_home: /home/rodolfo/git/Sucuri
simple_pycuda_home: /home/rodolfo/git/simple-pycuda
wamca2016path: /home/rodolfo/git/wamca2016/
localpath: /home/rodolfo/git/dvnd-df/code/dvnd-df/src/
WAMCAPATH:/home/rodolfo/git/wamca2016/
param: {solution_index:5, solution_instance_index:40, multi_gpu:True, goal:False, problem_name:ml, number_of_moves:10, device_count:2, solver:rvnd, mpi_enabled:True, workers:1}
Using already created file:  wamca2016lib.so
Size: 657 - file name: 06_d657.tsp

Value - initial: 276551009-[335  32 608 198 218 621 616 409 496 432 352 327 454 588 578 133  41 508
 490 145 120 473 598 474 531  48 467 157 115 107 636 627 576 188  57 291
 159 555 583 438 504  10 638 609 211 530 270 197  29 176  96  78 497 537
 517 556 481 505  93 371 308 587  40  28  94  17 414 533  52 520 457 561
  59 306 538 575 228 368 171 600 483 146 434 558 119 650  36 334 617 114
 654 548 269 113 397 462  70 375 378 304 641 141  38 272 390 337 317 214
 624 559 347 492 169 637 443 435 472 470 201 314 521  54 549  80  81 428
 293 210 325  63 132 341 142 260 635 480   2 252 126 445 612 193 340  42
 651 162 403 620 547 509 153 501 191  61 408 422 527 215 184 584 451 152
 212 386  49 216 194  99 300 351 124  50 568  60 475 646 267 426 619 205
 540  53 192 495 172 518 240 182 573 411 161 519 248 526 630 574 276 265
 222  30 485  64 493 285  19 166   3 484 535 450 344  72 233 560 395  39
 419 243 448  95 316 326 332 597 402 288 603 356 625 606 196  18 550 147
 633 421 122 557  56 640 183  82 599  76   6 632  45 417 634 110  24 418
 498  14 219 393 275 552 591 398 234 489 203  68  34 639 108 425  71 330
 244 111 241 206 221 482  46  88 613 281 592  21   4 128 372 331 200 224
 586 253  31 186 297 239 447 415  27 195 263  98 273 226 227  11 477 307
 479 572 424 405 139 649 423 444 570 324 404  65 278  47 271 522 543 255
 109 102 410  13 449 129 511 231 290 130 343 602 250  55 367 383 564 256
 357 144 158 163 499 100 305 510 280 345 189  92 359 178 284  15   8 607
 594 236 154 303 494 373 207 170 125 546  51 354 513 655 525 631 312 257
 628  86 436 262  85 138 103 151 605 302 512 309 514   1 355 245 366 208
 323 427 333 478 150 353 199 121 615 137 643 358 380 377 249 437 315 392
 131 381 610 582 230 468 232 379 156 429 581 486 168 569 566 318 656 433
 136 339 164 529  62 282 590  25 458 116 534 143 140 185 223 471 175 596
 413 400 251 167 420 258 385 487 389 311  77 242 416 328 298 238 213 618
 394 571  75 384 202 106 539 488 542 469 204 229 376 544 593 294 455 105
 653 364 440 187 536 225 177  69 441 322 160 442 365 181 101 254 532  84
 209 439  73 528 319 503 363 360 346  26  44  16 104  43 456  89 123 349
 645 476 614 601 301 407 562 589 626 399 452  58 374 320 261 179 507  22
 491 296  12 623 165 387 388 460 453 287 180 264 313 516  33 382 652  67
 648  87  74 464 461 247   0 277 553 362 463 629 321 545 567  66 585 310
 622 299 500 406 565 292  23 644 350 149 279 647 190 155 431 135 117 577
  37 220 268   9 217  90  35 446 595 401 465   7 361 266  97 611 554 237
 506 246 329 396 118   5 286 459 369 466 173  79 580 283 563 112 412 295
 551 336 148 235 523  83 391 502  20 348 430 259 289 174 642 579 274 134
 338 541 515 370  91 127 524 604 342] - 276551009
Solver: RVND, number of workers: 1
Setting feeder affinity
I am the master. There are 1 mpi processes. (hostname = gpu01)
Roots [<pyDF.nodes.Feeder object at 0x7f49c1c72ad0>]
Starting 0
Main loop
I am worker 0
GPU0
set random seed!
Initial: 276551009-[335  32 608 198 218 621 616 409 496 432 352 327 454 588 578 133  41 508
 490 145 120 473 598 474 531  48 467 157 115 107 636 627 576 188  57 291
 159 555 583 438 504  10 638 609 211 530 270 197  29 176  96  78 497 537
 517 556 481 505  93 371 308 587  40  28  94  17 414 533  52 520 457 561
  59 306 538 575 228 368 171 600 483 146 434 558 119 650  36 334 617 114
 654 548 269 113 397 462  70 375 378 304 641 141  38 272 390 337 317 214
 624 559 347 492 169 637 443 435 472 470 201 314 521  54 549  80  81 428
 293 210 325  63 132 341 142 260 635 480   2 252 126 445 612 193 340  42
 651 162 403 620 547 509 153 501 191  61 408 422 527 215 184 584 451 152
 212 386  49 216 194  99 300 351 124  50 568  60 475 646 267 426 619 205
 540  53 192 495 172 518 240 182 573 411 161 519 248 526 630 574 276 265
 222  30 485  64 493 285  19 166   3 484 535 450 344  72 233 560 395  39
 419 243 448  95 316 326 332 597 402 288 603 356 625 606 196  18 550 147
 633 421 122 557  56 640 183  82 599  76   6 632  45 417 634 110  24 418
 498  14 219 393 275 552 591 398 234 489 203  68  34 639 108 425  71 330
 244 111 241 206 221 482  46  88 613 281 592  21   4 128 372 331 200 224
 586 253  31 186 297 239 447 415  27 195 263  98 273 226 227  11 477 307
 479 572 424 405 139 649 423 444 570 324 404  65 278  47 271 522 543 255
 109 102 410  13 449 129 511 231 290 130 343 602 250  55 367 383 564 256
 357 144 158 163 499 100 305 510 280 345 189  92 359 178 284  15   8 607
 594 236 154 303 494 373 207 170 125 546  51 354 513 655 525 631 312 257
 628  86 436 262  85 138 103 151 605 302 512 309 514   1 355 245 366 208
 323 427 333 478 150 353 199 121 615 137 643 358 380 377 249 437 315 392
 131 381 610 582 230 468 232 379 156 429 581 486 168 569 566 318 656 433
 136 339 164 529  62 282 590  25 458 116 534 143 140 185 223 471 175 596
 413 400 251 167 420 258 385 487 389 311  77 242 416 328 298 238 213 618
 394 571  75 384 202 106 539 488 542 469 204 229 376 544 593 294 455 105
 653 364 440 187 536 225 177  69 441 322 160 442 365 181 101 254 532  84
 209 439  73 528 319 503 363 360 346  26  44  16 104  43 456  89 123 349
 645 476 614 601 301 407 562 589 626 399 452  58 374 320 261 179 507  22
 491 296  12 623 165 387 388 460 453 287 180 264 313 516  33 382 652  67
 648  87  74 464 461 247   0 277 553 362 463 629 321 545 567  66 585 310
 622 299 500 406 565 292  23 644 350 149 279 647 190 155 431 135 117 577
  37 220 268   9 217  90  35 446 595 401 465   7 361 266  97 611 554 237
 506 246 329 396 118   5 286 459 369 466 173  79 580 283 563 112 412 295
 551 336 148 235 523  83 391 502  20 348 430 259 289 174 642 579 274 134
 338 541 515 370  91 127 524 604 342]
Final time: 12.0557150841s - Best: 14510456-[335 317 307 264 263 271 261 253 234 218 217 209 199 198 197 195 191 185
 178 172 168 186 180 181 187 165 157 169 171 170 161 154 149 147 148 139
 120  86  92  99 113 119 103 118 114  85  72  69  59  57  52  48  40  28
  20  17  13  16  15  14  21  24  32  33  35  36  39  41  45  44  49  50
  54  63  68  73  77  84  74  93  91  97  98 115 140 132 101 116 128 129
 130 137 142 162 164 190 196 206 220 230 239 238 262 289 290 298 322 341
 345 347 390 416 409 420 437 439 421 415 404 400 389 398 391 372 361 340
 323 324 334 303 299 293 288 287 275 254 248 236 225 215 232 241 221 208
 214 219 227 252 268 270 276 300 310 320 326 350 369 377 386 401 405 414
 423 431 424 410 419 425 413 406 402 395 396 385 394 403 407 412 384 379
 376 374 368 366 359 363 352 362 367 353 344 338 329 315 314 286 283 274
 272 277 291 318 312 305 304 284 259 255 243 228 224 226 207 166 158 150
 143 153 167 176 192 188 175 152 135 125 504 499 502 503 501 500 495 492
 493 488 487 490 486 485 480 481 484 489 512 513 516 517 518 514 515 478
 477 476 457 456 473 455 454 451 452 450 453 448 449 442 441 443 446 447
 445 444  19  18  22  29  30  27  26  25  23 440 463 462 458 464 466 468
 469  34  37  38  42  46  58  43  47  61  66  71  80  70  90 104 105 121
 112 122 106 107 111 110 123 134 144 145 127 124 505 498 496 491 494 497
  95  87  88  89  94  83  76  82  96 100  81  75  62  51 470 467 465 461
 460 459 475 474 520 519 521 527 526 525 522 524 530 533 523 529 531 532
 535 534 538 539 540 541 537 536 642 641 640 639 638 637 636 634 635 633
 632 631 630 629 628 562 561 564 560 565 563 558 553 548 547 546 545 544
 543 549 550 554 555 557 551 556 559 528 509 508 510 159 189 182 173 183
 194 200 201 202 213 580 229 246 257 266 258 273 280 279 592 306 297 296
 302 295 301 285 278 281 265 245 222 216 212 205 203 193 174 160 136 133
 507 126 506 109 108 146 151 179 184 177 247 251 260 294 292 308 309 321
 325 342 348 349 364 370 397 388 387 365 358 373 378 357 351 333 327 311
 250 242 223 249 233 244 256 267 282 313 328 339 332 316 336 319 330 343
 354 375 380 383 381 360 355 331 337 356 408 622 620 618 617 616 615 613
 619 623 621 614 609 604 603 599 593 590 594 602 597 596 591 595 601 605
 606 610 607 600 598 589 586 581 582 578 574 573 577 576 583 584 585 588
 587 579 575 656 655 654 626 572 571 569 568 627 653 652 648 647 649 650
 651 552 542 479 472 482 483 471  67  56  31  55  65 102  79  64  60  53
   7   8   9  11  12  10   1   2   3   4   5   6  78 117 141 131 138 156
 163 210 235 231 237 269 371 399 438 422 436 430 435 432 433 434 429 392
 382 411 417 428 418 393 426 427 624 625 612 611 608 570 567 566 643 644
 646 645 511 211 204 240 346 155   0]
Value - initial: 276551009, final: 14510456, improveup: 19.0587400561

data-line;i;276551009;f;14510456;t;12.0557150841;c;-2;fv;[14510456L];cv;-1;imp;19.0587400561;type;rvnd;inum;5;w;1

time;12.0557150841;man_time;0;neigh_time;0
man_time;0;man_merge_sol;0;man_best_sol;0;man_combine_sol;0

Waiting [0]
Terminating workers True 0 0
MPI TERMINATING
