pydf_home: /home/rodolfo/git/Sucuri
simple_pycuda_home: /home/rodolfo/git/simple-pycuda
wamca2016path: /home/rodolfo/git/wamca2016/
localpath: /home/rodolfo/git/dvnd-df/code/dvnd-df/src/
WAMCAPATH:/home/rodolfo/git/wamca2016/
param: {solution_index:6, solution_instance_index:70, multi_gpu:True, goal:False, problem_name:ml, number_of_moves:10, device_count:2, solver:rvnd, mpi_enabled:True, workers:1}
Using already created file:  wamca2016lib.so
Size: 783 - file name: 07_rat784.tsp

Value - initial: 69731371-[323 345 107 243 659 279 655 196 122 398 261 237 320 714 588 303 340 111
  21 417 163 633 644 763 409 164 632  65 484 456 442 213 181 725 185 314
 620 291  37  32  96 468 110 564 547 717 394 565 405 647 740 347 720 738
 317 526 572 475 206  58 358 262 140 367 396 445 489 195 131  19 651  45
 315 186 687 161 734 648 563 662 751 733 532  73 630   6 742 156 274 530
 552 613 735 469 675 577  84 711 505 528 676 241 167 299  57  95 722 441
 321 537 666 540 432 718 259 300 520 507 694 622 389 707 674 678  36 444
 595 293 192 434  85   0 616  24  80 304 591 298 744 194 606 686 778 579
 578 136 283 573 160 187 281 777 312  27 335  55 471 508  97 123 555 132
 219 377 252 710 669 221 150  71 487 189 698 506 663 165 305  77 679 770
  59 199 220 353 518 359 371 254 342  12 609 286 133  63 253 566 246 713
 499 245  35 209 385 768 362  16  98 166 773 478 677 645 138 748 654  25
 545 188 639 412 333 120  31 760 504 759 453 727 581  52 435  47 217 780
 282 741 212  86 658 486 449 198 483 226 533 232 637 159 403 527 750 514
 225  20 772 193 561  13 202 452 646 118 137 461 205   2 560 491 551 576
 746 568 376 258 211 413 255 450 583 704 234 455 288 264 130 652   3 719
 745 124 501 148 638  78 440 249 168 626 257 383 706 144 721 233 485 391
 661 425 629 306 554 624 753 364  91 266 548 556 493 429 590 497 479 183
 634 267 278 339 531 509 702  14 597 709 329 631 474 492 737 203 308 375
 436 472 251  56 263 665 696 602  22 689  76 269 437 294 147  93 730 553
   9 324 337 490 708 604  46 419 650 438 673 393 482  38 114 682 454 106
 758 776 587 310 344 224 326  61 171  39 762 667 541 688 153   8 598 363
 427 766 430 625 544 480  99 649 388 117 610 352 103 712  66 384 316 190
 174 378 179 635 761 510 498  88 619 129 406 330 611 276 280 176 408 585
 519  49 152 476  30 580 414 615 200 681  62 201 700 446 135 757 302 210
  44 248  42 297  18 594 621 410 360 728  60 695 781 521 172 235 512 460
 102 271 426 126 397 525 357 112 350 607 529 108 404  90 421 500  54 332
 402 399 569 705 175 593 170 723 612 325 603 285 256   4 522 277 755 361
 127  23 765 716 142 459 715 628 272  94 684 589 284 671 539  87 268 656
 691 582 341 660 535  69  67 331 309 338 296 343 699 627 197 503  15 104
 550 295 242 431 250 247 732 670 754 752 743 623 348 289 240 428 336   1
 369 458 182 416  29 116 173 208 692 523 334 424 524 319 642 739 764 636
 570  50 567 366 599 215 301 370 381 608 236 231 328   5 275 418 387  26
 680 465 549 439 311 401 239  64 756 779 223 290 169 473 407 373 180 769
 151 145 128 562 158 600 115 157 618 767  43 105  33 382 749 575 516 697
 229 227 119 356 542 726 574  81 653 218 464  83 207 641 571 265  53 244
 586 411  70 614 443 143 775 495 729  82 139  79 355  68 511 685  10 477
 400 349  17 368 155 230 351 395 346 774 488 125 447 372 100 467 703 515
 643  40  48 466  51  74 390 141 605 496 543 558 177 502 327 672 640 470
 433 584 149 270 557 238 422 420 113 690 513 392  72 365 731 451 162 322
 771 494 146 228 462 423 318 101 546 592 463 664 273 216  92 415 354   7
 693  75 538  34 457 782 204  89 668 379 260 559 134 724 184 178 683 657
  11 747 481  28 601 287 313 736 448 121 536 307 191 380 617 214 517 292
 154 386 596 109 701 222 374 534  41] - 69731371
Solver: RVND, number of workers: 1
Setting feeder affinity
I am the master. There are 1 mpi processes. (hostname = gpu01)
Roots [<pyDF.nodes.Feeder object at 0x7fdef9cb0ad0>]
Starting 0
Main loop
I am worker 0
GPU0
set random seed!
Initial: 69731371-[323 345 107 243 659 279 655 196 122 398 261 237 320 714 588 303 340 111
  21 417 163 633 644 763 409 164 632  65 484 456 442 213 181 725 185 314
 620 291  37  32  96 468 110 564 547 717 394 565 405 647 740 347 720 738
 317 526 572 475 206  58 358 262 140 367 396 445 489 195 131  19 651  45
 315 186 687 161 734 648 563 662 751 733 532  73 630   6 742 156 274 530
 552 613 735 469 675 577  84 711 505 528 676 241 167 299  57  95 722 441
 321 537 666 540 432 718 259 300 520 507 694 622 389 707 674 678  36 444
 595 293 192 434  85   0 616  24  80 304 591 298 744 194 606 686 778 579
 578 136 283 573 160 187 281 777 312  27 335  55 471 508  97 123 555 132
 219 377 252 710 669 221 150  71 487 189 698 506 663 165 305  77 679 770
  59 199 220 353 518 359 371 254 342  12 609 286 133  63 253 566 246 713
 499 245  35 209 385 768 362  16  98 166 773 478 677 645 138 748 654  25
 545 188 639 412 333 120  31 760 504 759 453 727 581  52 435  47 217 780
 282 741 212  86 658 486 449 198 483 226 533 232 637 159 403 527 750 514
 225  20 772 193 561  13 202 452 646 118 137 461 205   2 560 491 551 576
 746 568 376 258 211 413 255 450 583 704 234 455 288 264 130 652   3 719
 745 124 501 148 638  78 440 249 168 626 257 383 706 144 721 233 485 391
 661 425 629 306 554 624 753 364  91 266 548 556 493 429 590 497 479 183
 634 267 278 339 531 509 702  14 597 709 329 631 474 492 737 203 308 375
 436 472 251  56 263 665 696 602  22 689  76 269 437 294 147  93 730 553
   9 324 337 490 708 604  46 419 650 438 673 393 482  38 114 682 454 106
 758 776 587 310 344 224 326  61 171  39 762 667 541 688 153   8 598 363
 427 766 430 625 544 480  99 649 388 117 610 352 103 712  66 384 316 190
 174 378 179 635 761 510 498  88 619 129 406 330 611 276 280 176 408 585
 519  49 152 476  30 580 414 615 200 681  62 201 700 446 135 757 302 210
  44 248  42 297  18 594 621 410 360 728  60 695 781 521 172 235 512 460
 102 271 426 126 397 525 357 112 350 607 529 108 404  90 421 500  54 332
 402 399 569 705 175 593 170 723 612 325 603 285 256   4 522 277 755 361
 127  23 765 716 142 459 715 628 272  94 684 589 284 671 539  87 268 656
 691 582 341 660 535  69  67 331 309 338 296 343 699 627 197 503  15 104
 550 295 242 431 250 247 732 670 754 752 743 623 348 289 240 428 336   1
 369 458 182 416  29 116 173 208 692 523 334 424 524 319 642 739 764 636
 570  50 567 366 599 215 301 370 381 608 236 231 328   5 275 418 387  26
 680 465 549 439 311 401 239  64 756 779 223 290 169 473 407 373 180 769
 151 145 128 562 158 600 115 157 618 767  43 105  33 382 749 575 516 697
 229 227 119 356 542 726 574  81 653 218 464  83 207 641 571 265  53 244
 586 411  70 614 443 143 775 495 729  82 139  79 355  68 511 685  10 477
 400 349  17 368 155 230 351 395 346 774 488 125 447 372 100 467 703 515
 643  40  48 466  51  74 390 141 605 496 543 558 177 502 327 672 640 470
 433 584 149 270 557 238 422 420 113 690 513 392  72 365 731 451 162 322
 771 494 146 228 462 423 318 101 546 592 463 664 273 216  92 415 354   7
 693  75 538  34 457 782 204  89 668 379 260 559 134 724 184 178 683 657
  11 747 481  28 601 287 313 736 448 121 536 307 191 380 617 214 517 292
 154 386 596 109 701 222 374 534  41]
Final time: 16.1072659492s - Best: 3355264-[323 333 330 341 361 377 378 368 373 395 398 412 405 403 393 366 356 354
 340 328 313 303 296 295 283 278 263 264 279 284 253 233 217 198 193 180
 176 169 167 147 141 148 134 133 121 113 108 105 100  78  83  86  74  65
  42  37  12  10   3  33  27  23  26  25  20  15  31  13  21  34  49  61
  81  85  67  84  70  63  47  29  18   4   2   9   8  11  17   6   1  22
  16   0  14  24  55  48  51  56  44  40  45  66  69  79  80 106 110  93
  82  64  46  52  57  75  97 119 132 136 142 139 127 107 104 101  98 117
 125 120 123 143 128 129 140 153 158 182 187 200 212 225 220 227 228 243
 259 262 270 271 287 282 281 286 300 311 317 325 329 335 353 359 374 390
 410 416 418 430 438 434 440 447 436 433 417 379 385 380 350 347 339 337
 336 348 360 367 384 387 402 414 413 399 401 415 431 445 458 473 479 488
 492 487 474 464 449 439 446 453 467 477 497 501 508 524 527 536 543 531
 544 548 545 537 549 573 566 581 591 594 607 582 584 601 619 622 624 634
 642 646 636 615 605 592 603 614 628 631 641 617 609 638 630 632 629 635
 621 608 602 590 583 599 600 576 569 564 557 574 570 571 572 558 552 542
 526 521 523 519 513 486 496 495 493 475 463 469 468 466 482 490 499 514
 512 518 517 494 491 485 484 483 505 516 511 507 530 546 539 538 560 568
 589 597 596 593 585 579 578 561 553 550 533 529 525 532 547 559 567 575
 595 623 639 637 625 647 651 658 664 671 682 696 703 724 733 737 746 760
 771 764 759 744 735 734 717 704 708 687 677 670 678 684 679 689 697 690
 691 706 712 721 731 738 742 757 758 756 732 736 753 754 772 773 765 761
 762 769 779 780 781 782 774 770 766 752 743 716 713 711 710 686 681 676
 657 655 662 669 693 702 695 714 727 750 763 755 751 741 723 715 707 701
 675 673 667 666 663 672 692 700 699 726 730 729 722 740 745 749 748 747
 739 725 720 719 718 698 694 685 665 668 660 648 656 680 674 659 643 640
 612 618 616 627 620 606 586 563 562 565 577 556 551 528 534 535 555 540
 541 520 504 506 500 476 456 455 448 459 472 462 454 437 442 452 457 451
 444 435 428 422 424 421 432 425 429 423 419 407 408 409 392 375 364 352
 345 349 346 344 332 320 321 302 291 280 268 252 250 261 274 256 236 209
 208 210 211 218 224 216 205 199 189 181 172 164 163 156 168 162 175 178
 197 207 201 186 203 221 226 230 247 248 273 285 266 255 242 223 239 231
 232 249 258 257 267 290 298 322 318 326 334 343 357 365 370 391 388 396
 406 400 386 381 389 394 383 362 351 358 355 342 327 312 304 288 301 293
 277 272 275 276 269 265 241 234 214 215 235 238 245 254 229 204 185 179
 171 174 194 195 183 161 155 152 159 154 146 138 122 116 109  96  99 114
 126 135 150 151 160 115 111  94  88  76  73  62  38  32  28   7  19  30
  35  58  60  53  41  50  71  91 102  92  89  77  68  43  54  59  72  95
  90 103 112 118 144 130 131 157 165 173 177 191 188 190 196 202 219 240
 251 244 222 206 213 237 246 260 297 308 319 307 309 294 310 299 289 292
 306 315 305 324 331 376 369 371 363 382 372 397 411 426 450 420 427 441
 443 461 460 470 480 478 489 503 515 522 502 509 580 588 604 613 650 645
 652 653 649 661 688 709 683 587 598 611 626 633 644 654 705 767 776 778
 775 777 768 610 510 498 471 481 465 404 338 316 184 145 124  87  36 137
 149 166  39   5 170 192 314 728 554]
Value - initial: 69731371, final: 3355264, improveup: 20.7826779055

data-line;i;69731371;f;3355264;t;16.1072659492;c;-2;fv;[3355264L];cv;-1;imp;20.7826779055;type;rvnd;inum;6;w;1

time;16.1072659492;man_time;0;neigh_time;0
man_time;0;man_merge_sol;0;man_best_sol;0;man_combine_sol;0

Waiting [0]
Terminating workers True 0 0
MPI TERMINATING
