pydf_home: /home/rodolfo/git/Sucuri
simple_pycuda_home: /home/rodolfo/git/simple-pycuda
wamca2016path: /home/rodolfo/git/wamca2016/
localpath: /home/rodolfo/git/dvnd-df/code/dvnd-df/src/
WAMCAPATH:/home/rodolfo/git/wamca2016/
param: {solution_index:7, solution_instance_index:56, multi_gpu:True, goal:False, problem_name:ml, number_of_moves:10, device_count:2, solver:rvnd, mpi_enabled:True, workers:1}
Using already created file:  wamca2016lib.so
Size: 1001 - file name: 08_TRP-S1000-R1.tsp

Value - initial: 131388135-[543 319 192 ..., 925 392 865] - 131388135
Solver: RVND, number of workers: 1
Setting feeder affinity
I am the master. There are 1 mpi processes. (hostname = gpu01)
Roots [<pyDF.nodes.Feeder object at 0x7f1dd840dad0>]
Starting 0
Main loop
I am worker 0
GPU0
set random seed!
Initial: 131388135-[543 319 192 ..., 925 392 865]
Final time: 25.9145839214s - Best: 5590848-[543   3 733 ...,  93 188 218]
Value - initial: 131388135, final: 5590848, improveup: 23.500573616

data-line;i;131388135;f;5590848;t;25.9145839214;c;-2;fv;[5590848L];cv;-1;imp;23.500573616;type;rvnd;inum;7;w;1

time;25.9145839214;man_time;0;neigh_time;0
man_time;0;man_merge_sol;0;man_best_sol;0;man_combine_sol;0

Waiting [0]
Terminating workers True 0 0
MPI TERMINATING
