pydf_home: /home/rodolfo/git/Sucuri
simple_pycuda_home: /home/rodolfo/git/simple-pycuda
wamca2016path: /home/rodolfo/git/wamca2016/
localpath: /home/rodolfo/git/dvnd-df/code/dvnd-df/src/
WAMCAPATH:/home/rodolfo/git/wamca2016/
param: {solution_index:6, solution_instance_index:84, multi_gpu:True, goal:False, problem_name:ml, number_of_moves:10, device_count:2, solver:rvnd, mpi_enabled:True, workers:1}
Using already created file:  wamca2016lib.so
Size: 783 - file name: 07_rat784.tsp

Value - initial: 67331706-[530 102 762 536 486 330 510 568 538 676  42 327 386 217 460  60 541 251
 771 266 591 554 353 527 777 437  44 517  38 192 270 349 319 152 290 640
 127 383 406 576 379 245 232 143 306 276 539  16 209 581 417 720 767 609
  28 461 483  27 682 491  51 774 304 100 370 537 222 175 670 375 394 265
 518 196  62 377 707 153 128  82  59 142 457 620 623 316 230 391 648 323
 629 299 782 258 332 125 313 252 760 709 422 477 496 702 603 675 766 641
 105  56 237 329 759 447  13   6 315  14 667 442 694 107 572 497  83 642
 408  78 101 183 321 261  84 228 674 350 494 610 495  48 178 575 333 561
 706 622 384 426 416 664 318 474 478 185 421 118 371 171 182  50 502 753
  45 430 402 441 341 133 292 498 423 352 145 134 294 635 559   0  55 436
 208 221 741 773 503 582 657 414 429 159 296 625 103 238 356 390 735  47
  22 135 748 697 696 121 506 597 534 197 778 545 612 194 779 476 169 529
 397 652 293 181  18 113 647 424 366 505 211 242 691 435 146 396 493 463
 646 705 419 389 220 106 399  11 680 737  72 596 338 357 336 227 291 254
  93 451 202  73  15 314 244 454 525 608 295 387 177 708 126  35  57 207
 547 155 325  66 267 398 380 600   3 535  58 683 425  80 740 164 455 163
 160 569 334 369 263 669 679 487 322 289 448 742 216 520 320 331 280 286
 440 468 562 584  41 434 665 738 730 687 616 201  12 594 109 511 732 287
 719 473 456 459 469 432 768 382 452  40 154 700 388 231  64 140  81 656
 115 324 141 305 236 367 563  97 593 274 725 717 678 418 409 769 710 715
 556 695 233 607 619 248 745 199 571 136 309   7 247 302 558 758 567 204
 734  77 215 618  32 522 671 626 549 151 780 243 512  89 723 542 250 257
 450 638 412 186 123 355 660 464 532 573 580 351 149 446 161 592 485 301
 755 407 166 162 693 260 524 519 501 439 681 523  71 659 404 360 156 219
 188 376 521 187 658 392 601 249 548 395  67 345 636 713 130 585 129 205
 104 433 195 311 686 373 489 172 781 458 551 180  85 189 639 673 484 744
 462 393 672   9  74 342   1 344 449 746 200 298 662 701 158 688 339 729
   4 727 277 403 714  37 206 147  24 173 283 213 632 300 112 246 650 555
 445 212 167 191  23 372 570 631 776 479  46 138 176 588  87 728  10 751
  30 273 444 630  99 255 718 602 649  20 374  34 586 467  54 565 385 513
 137 637 110 577 724 690 704 775 310  63 750  52 281 583 516 698  90 540
 157 587 241 761   8 340 179 465 203 614 504 528 756  26 770  65  92 174
 223 757 564 655 633 754 120 492  21 472 604 381 297 772 509 337 359  39
 262 733 317 259 285 663 644 606 595 240 578 490 218 443 590 743 335 117
 617 453 475 661 226 427 307 415  79 431 190 271 363 515 282 279  95 508
 722  96 234 346 543 348 111 364 420 119 507  19 198  70 411 736 677 410
  49 611 598 150 264 312 654 566  31 326 739 752 114 481 122 544 288 368
 651 711 526 239 471 124  69 362 605 470 401 499 716 361 284 214 550 546
 668 184 347  94 378 466 488 268  36 689 168 726 557 749 343 148 643 500
  88  33 579 482 514 400 224 413 763 480 684 552 131 627 589 354   5 703
 210  75 328  68 229 533 165 653 108 428 308 628  61 699 303 721  86 560
 712 574 193 764 275 615 405  91 256 613 621 765 666 365  43 645  29 144
 235 685  17 531 731 599 438 747  76 553 269 692  25 624  98 634  53 170
 139 132   2 278 358 225 272 116 253] - 67331706
Solver: RVND, number of workers: 1
Setting feeder affinity
I am the master. There are 1 mpi processes. (hostname = gpu01)
Roots [<pyDF.nodes.Feeder object at 0x7f1b93910ad0>]
Starting 0
Main loop
I am worker 0
GPU0
set random seed!
Initial: 67331706-[530 102 762 536 486 330 510 568 538 676  42 327 386 217 460  60 541 251
 771 266 591 554 353 527 777 437  44 517  38 192 270 349 319 152 290 640
 127 383 406 576 379 245 232 143 306 276 539  16 209 581 417 720 767 609
  28 461 483  27 682 491  51 774 304 100 370 537 222 175 670 375 394 265
 518 196  62 377 707 153 128  82  59 142 457 620 623 316 230 391 648 323
 629 299 782 258 332 125 313 252 760 709 422 477 496 702 603 675 766 641
 105  56 237 329 759 447  13   6 315  14 667 442 694 107 572 497  83 642
 408  78 101 183 321 261  84 228 674 350 494 610 495  48 178 575 333 561
 706 622 384 426 416 664 318 474 478 185 421 118 371 171 182  50 502 753
  45 430 402 441 341 133 292 498 423 352 145 134 294 635 559   0  55 436
 208 221 741 773 503 582 657 414 429 159 296 625 103 238 356 390 735  47
  22 135 748 697 696 121 506 597 534 197 778 545 612 194 779 476 169 529
 397 652 293 181  18 113 647 424 366 505 211 242 691 435 146 396 493 463
 646 705 419 389 220 106 399  11 680 737  72 596 338 357 336 227 291 254
  93 451 202  73  15 314 244 454 525 608 295 387 177 708 126  35  57 207
 547 155 325  66 267 398 380 600   3 535  58 683 425  80 740 164 455 163
 160 569 334 369 263 669 679 487 322 289 448 742 216 520 320 331 280 286
 440 468 562 584  41 434 665 738 730 687 616 201  12 594 109 511 732 287
 719 473 456 459 469 432 768 382 452  40 154 700 388 231  64 140  81 656
 115 324 141 305 236 367 563  97 593 274 725 717 678 418 409 769 710 715
 556 695 233 607 619 248 745 199 571 136 309   7 247 302 558 758 567 204
 734  77 215 618  32 522 671 626 549 151 780 243 512  89 723 542 250 257
 450 638 412 186 123 355 660 464 532 573 580 351 149 446 161 592 485 301
 755 407 166 162 693 260 524 519 501 439 681 523  71 659 404 360 156 219
 188 376 521 187 658 392 601 249 548 395  67 345 636 713 130 585 129 205
 104 433 195 311 686 373 489 172 781 458 551 180  85 189 639 673 484 744
 462 393 672   9  74 342   1 344 449 746 200 298 662 701 158 688 339 729
   4 727 277 403 714  37 206 147  24 173 283 213 632 300 112 246 650 555
 445 212 167 191  23 372 570 631 776 479  46 138 176 588  87 728  10 751
  30 273 444 630  99 255 718 602 649  20 374  34 586 467  54 565 385 513
 137 637 110 577 724 690 704 775 310  63 750  52 281 583 516 698  90 540
 157 587 241 761   8 340 179 465 203 614 504 528 756  26 770  65  92 174
 223 757 564 655 633 754 120 492  21 472 604 381 297 772 509 337 359  39
 262 733 317 259 285 663 644 606 595 240 578 490 218 443 590 743 335 117
 617 453 475 661 226 427 307 415  79 431 190 271 363 515 282 279  95 508
 722  96 234 346 543 348 111 364 420 119 507  19 198  70 411 736 677 410
  49 611 598 150 264 312 654 566  31 326 739 752 114 481 122 544 288 368
 651 711 526 239 471 124  69 362 605 470 401 499 716 361 284 214 550 546
 668 184 347  94 378 466 488 268  36 689 168 726 557 749 343 148 643 500
  88  33 579 482 514 400 224 413 763 480 684 552 131 627 589 354   5 703
 210  75 328  68 229 533 165 653 108 428 308 628  61 699 303 721  86 560
 712 574 193 764 275 615 405  91 256 613 621 765 666 365  43 645  29 144
 235 685  17 531 731 599 438 747  76 553 269 692  25 624  98 634  53 170
 139 132   2 278 358 225 272 116 253]
Final time: 12.1185588837s - Best: 3424494-[530 538 539 546 517 518 512 514 499 490 482 476 472 459 448 429 425 432
 421 404 391 388 396 406 400 389 386 381 365 357 343 334 326 318 298 285
 266 255 267 257 239 231 232 224 216 205 199 189 168 156 163 164 172 181
 208 210 211 218 252 250 261 274 286 281 282 259 262 270 271 260 244 251
 240 228 227 219 202 190 188 196 200 187 182 158 153 140 129 128 143 123
 120 125 117 107 104 101 111 115 132 136 142 151 160 175 178 197 207 201
 203 221 226 248 247 273 272 277 275 276 254 245 238 235 241 234 214 184
 171 179 185 204 194 195 183 174 159 154 152 161 155 150 135 110 106  93
  82  64  57  52  46  45  40  66  80  69  79  99 114 122 146 138 145 124
 116 109  96  87  55  48  51  56  44  36  24  14   0  16  22   1   6  17
  11   8   9   2   4  28  38  62  75  97  94  88  73  76  63  70  60  58
  35  19  30  21  34  49  61  67  85  81  71  91 102  92  68  50  41  31
  15  20  25  26  23  27  33   3  10  12  37  42  65  74  86  83  78 100
 105 108 113  95  90  72  59  43  54  77  89 103 112 118 121 133 134 148
 141 147 144 157 165 173 167 169 180 176 170 192 198 193 213 222 246 264
 263 278 283 297 308 295 296 303 313 328 340 354 373 368 378 377 361 360
 348 367 384 387 402 414 413 399 401 382 372 363 380 385 379 374 371 369
 376 392 407 408 409 419 423 455 456 466 468 469 463 475 493 495 496 521
 523 542 526 541 520 504 506 500 534 535 540 555 563 562 565 577 587 598
 612 618 616 606 608 602 586 590 583 576 569 564 557 574 570 552 558 572
 571 588 604 600 599 613 629 635 621 620 627 648 656 660 683 668 665 650
 645 632 630 638 609 617 641 631 628 614 603 592 605 615 636 646 669 662
 642 634 607 594 591 581 566 544 531 509 502 503 515 522 537 549 545 548
 573 582 584 601 619 622 624 655 657 676 681 686 695 702 693 675 673 667
 666 663 649 661 653 652 688 700 699 709 685 694 698 706 712 697 691 690
 680 674 689 679 684 678 670 677 687 708 704 705 731 742 738 721 732 736
 718 719 720 725 739 748 749 726 729 730 745 740 722 715 707 701 723 714
 727 716 713 710 711 728 743 752 766 770 774 782 781 763 751 741 755 780
 779 769 762 761 765 747 754 753 773 772 776 778 767 758 756 757 735 717
 734 744 759 764 771 760 746 733 737 724 703 696 682 671 664 639 637 623
 625 658 651 647 644 654 659 643 640 633 626 611 589 597 596 578 568 560
 561 553 579 585 593 610 595 575 567 559 547 532 525 550 533 529 505 516
 511 507 491 485 484 483 465 481 471 444 451 457 452 442 437 424 422 435
 428 394 383 362 351 358 355 342 312 301 293 316 322 338 352 345 331 324
 305 290 292 315 306 289 299 320 321 329 335 359 353 350 347 339 337 336
 319 323 333 330 341 395 398 393 403 405 412 443 460 461 489 478 480 470
 450 441 427 420 426 439 446 453 467 477 497 501 508 524 527 543 536 519
 513 492 488 486 473 479 487 474 464 449 431 445 458 436 433 447 440 434
 438 430 418 416 417 410 390 344 332 346 349 375 364 370 327 304 288 269
 265 215 229 230 242 223 258 249 268 280 291 302 294 310 325 317 311 300
 309 307 287 243 256 236 225 220 212 209 162 139 127 137 149  98  84  47
  32  18  29   7  13  53 130 131 166 177 191 206 237 217 233 253 279 284
 314 356 366 397 411 415 454 462 494 528 551 556 510 498 768 777 775 692
 672 750 580 554  39   5 119 186 126]
Value - initial: 67331706, final: 3424494, improveup: 19.6617970421

data-line;i;67331706;f;3424494;t;12.1185588837;c;-2;fv;[3424494L];cv;-1;imp;19.6617970421;type;rvnd;inum;6;w;1

time;12.1185588837;man_time;0;neigh_time;0
man_time;0;man_merge_sol;0;man_best_sol;0;man_combine_sol;0

Waiting [0]
Terminating workers True 0 0
MPI TERMINATING
