pydf_home: /home/rodolfo/git/Sucuri
simple_pycuda_home: /home/rodolfo/git/simple-pycuda
wamca2016path: /home/rodolfo/git/wamca2016/
localpath: /home/rodolfo/git/dvnd-df/code/dvnd-df/src/
WAMCAPATH:/home/rodolfo/git/wamca2016/
param: {solution_index:5, solution_instance_index:2, multi_gpu:True, goal:False, problem_name:ml, number_of_moves:10, device_count:2, solver:rvnd, mpi_enabled:True, workers:1}
Using already created file:  wamca2016lib.so
Size: 657 - file name: 06_d657.tsp

Value - initial: 280646423-[ 91  68 140 180 185 589  95 285 254  46 439 348 559 645  75 381 369 503
 217 234 654 247 304 194 251 309 433 295 479 296 449 210 349 364 260 226
 468 425 153 416 138 621 572 616  38 587 566 202 258 297 299 580 286 402
 499 172 390 655 438  79 266 161 380 481 428  78 565 544 267  85 143 123
 204 424  94  29 237  58 562 466 396 491  99 633 375 305 389 440   4 377
 357 147 418 139 117 426 511 552 141 446  61 384 497 347 546 238 584 547
 550 399 336 263 648 197 429 608 448 146 520 256 333  18 128  89 509 206
 129 467 478 537 113  49 472 612 456 376 229 516 619  66 599 436 521 156
 245 100 351 120  93 335 652 134 560 233 486 328 606 186 453 326 485  26
 265 107  41  34 114 372 302 322 163  71 500 112 282 232 578 541 119 329
 568  43 564 388 640  90 278 179 412 624 626 611  62 199 192 609 401  56
 289  84 494  69 593  55   3 505 334 337 492  15 457 249 592 644 306   2
 488 188 464  16 379 443   6 130  74 162 406  50 600  65 280 253 104  21
 135 319 601 208 227 392 496 408   1 175 330 475 508 195 502 421 365 639
 387 579 224  51 403 173 196 171 211   5 307  30 635 386 643   7 189 167
 284 150 331 155  72 318 241  17 222 216 124 273 236 470 615 489 450  70
 288 148 642 367 378 542  52  67 257  92 444 480 506  32 477  87 404 223
 142 115  28 332 314 292 554  59 152 239 538 343 193 228 339 272 574 382
 213 205 116 363  82 632 178 515 533 276 451  39 220 203 513 323 131 628
 344  11 342 553 435 510 397 614  45 144 577 133 214 653 605 595 476 452
 121 465 462 430 221  83 543 125 361 427 105  64 294 320 400 518 641  88
  60 352 313 447 103 571 437 325 622 338 407 281 483 590 417 617 501 187
 151 649 620 409 111  42 514 556 594 109 585 598 157 413 603 259 431 160
 262 271 122 290  27 586 473 563 623 366 650 126  63 523 637 303 269  57
 558 252 261 625 350 463 631 371 159  12 164 310 165  13 201 394 555 190
 374 154  76 442 498 132 549 277 573 264 174  81 353 279 482 604 250  97
 591 385 101 212 527 166 410 184 638   9  36 395 274 459 169 610 287 346
 225 567 618 525 469  80 317 248 393 298 545 312 495 244 383 458 321 102
 235 110 551 170 231  48 454  25 415 168 340 183 575 441 145 602 522 275
  77 308 360 420 311 419 181 240 570 358 630 268 373 242 362 581 493 291
 354 359 529 646  98 176 246 405   0 422  73 327 230 316 519 136 301  10
 158  31 629  23 548 530 209 423 324 526 531 474 127 370 596  54  35 432
 561 455 636 528 557 524 414  47 471 215 534 569 398 191 460 356  86 634
 255 137 576 300 540 315  53 182  20 588 512 487 613  40 283 106  14 219
  96 243 490  33 368 355 507 198 627 582 341 504 532 461 434 149  37 656
 535 293 583 607 207 597 177 391 445 118 651 345 539  22  24 517 218  19
   8 270 484  44 647 108 411 536 200] - 280646423
Solver: RVND, number of workers: 1
Setting feeder affinity
I am the master. There are 1 mpi processes. (hostname = gpu01)
Roots [<pyDF.nodes.Feeder object at 0x7f00ef06cad0>]
Starting 0
Main loop
I am worker 0
GPU0
set random seed!
Initial: 280646423-[ 91  68 140 180 185 589  95 285 254  46 439 348 559 645  75 381 369 503
 217 234 654 247 304 194 251 309 433 295 479 296 449 210 349 364 260 226
 468 425 153 416 138 621 572 616  38 587 566 202 258 297 299 580 286 402
 499 172 390 655 438  79 266 161 380 481 428  78 565 544 267  85 143 123
 204 424  94  29 237  58 562 466 396 491  99 633 375 305 389 440   4 377
 357 147 418 139 117 426 511 552 141 446  61 384 497 347 546 238 584 547
 550 399 336 263 648 197 429 608 448 146 520 256 333  18 128  89 509 206
 129 467 478 537 113  49 472 612 456 376 229 516 619  66 599 436 521 156
 245 100 351 120  93 335 652 134 560 233 486 328 606 186 453 326 485  26
 265 107  41  34 114 372 302 322 163  71 500 112 282 232 578 541 119 329
 568  43 564 388 640  90 278 179 412 624 626 611  62 199 192 609 401  56
 289  84 494  69 593  55   3 505 334 337 492  15 457 249 592 644 306   2
 488 188 464  16 379 443   6 130  74 162 406  50 600  65 280 253 104  21
 135 319 601 208 227 392 496 408   1 175 330 475 508 195 502 421 365 639
 387 579 224  51 403 173 196 171 211   5 307  30 635 386 643   7 189 167
 284 150 331 155  72 318 241  17 222 216 124 273 236 470 615 489 450  70
 288 148 642 367 378 542  52  67 257  92 444 480 506  32 477  87 404 223
 142 115  28 332 314 292 554  59 152 239 538 343 193 228 339 272 574 382
 213 205 116 363  82 632 178 515 533 276 451  39 220 203 513 323 131 628
 344  11 342 553 435 510 397 614  45 144 577 133 214 653 605 595 476 452
 121 465 462 430 221  83 543 125 361 427 105  64 294 320 400 518 641  88
  60 352 313 447 103 571 437 325 622 338 407 281 483 590 417 617 501 187
 151 649 620 409 111  42 514 556 594 109 585 598 157 413 603 259 431 160
 262 271 122 290  27 586 473 563 623 366 650 126  63 523 637 303 269  57
 558 252 261 625 350 463 631 371 159  12 164 310 165  13 201 394 555 190
 374 154  76 442 498 132 549 277 573 264 174  81 353 279 482 604 250  97
 591 385 101 212 527 166 410 184 638   9  36 395 274 459 169 610 287 346
 225 567 618 525 469  80 317 248 393 298 545 312 495 244 383 458 321 102
 235 110 551 170 231  48 454  25 415 168 340 183 575 441 145 602 522 275
  77 308 360 420 311 419 181 240 570 358 630 268 373 242 362 581 493 291
 354 359 529 646  98 176 246 405   0 422  73 327 230 316 519 136 301  10
 158  31 629  23 548 530 209 423 324 526 531 474 127 370 596  54  35 432
 561 455 636 528 557 524 414  47 471 215 534 569 398 191 460 356  86 634
 255 137 576 300 540 315  53 182  20 588 512 487 613  40 283 106  14 219
  96 243 490  33 368 355 507 198 627 582 341 504 532 461 434 149  37 656
 535 293 583 607 207 597 177 391 445 118 651 345 539  22  24 517 218  19
   8 270 484  44 647 108 411 536 200]
Final time: 6.96687698364s - Best: 14100884-[ 91  97 102 114 118 157 165 187 181 180 186 191 198 199 197 195 185 178
 172 168 155 162 164 142 129 128 116 130 137 140 132 115  98  93  84  74
  77  73  68  63  41  39  36  33  32  35  45  44  49  54  50  65  72  69
  59  57  52  48  30  26  27  29  22  18  19 444 445  23  25 440 441 443
 447 446 442 462 463 469  34  37  46  42  38  43 468 466 464 458 453 449
 448 450 452 451 454 455 473 456 457 459 460 461 465 467 470  51  62  56
  67 483 471 472 482 486 485 480 481 484 489 492 495 500 501 503 502 499
 504 125 506 505 498 496 493 488 487 490 491 494 497  95  87  88  89  94
  83  76  82  81  75  61  66  71  80 105 121 112 122 106 111 107 100  96
 110 123 108 109 127 124 145 144 134 146 151 167 153 143 150 158 166 179
 177 184 208 214 219 242 250 226 224 228 243 255 259 284 305 304 311 327
 312 318 333 357 351 358 373 401 405 414 423 431 424 419 410 396 385 395
 402 406 413 425 433 412 407 403 394 384 379 376 374 368 366 359 352 363
 392 417 411 382 367 375 380 383 381 360 355 354 343 336 353 344 338 332
 329 315 314 313 291 277 272 274 283 286 256 267 282 285 278 281 301 295
 302 296 297 280 273 258 266 257 246 229 580 213 212 216 205 203 193 174
 189 182 173 183 194 200 201 202 581 586 589 598 600 601 595 591 596 597
 594 602 608 605 606 607 610 613 615 616 617 618 620 622 408 427 624 619
 612 611 609 604 603 599 590 587 588 585 579 575 572 571 569 568 562 561
 564 560 552 628 629 630 631 632 634 636 637 641 640 638 639 635 633 544
 545 546 547 548 553 558 563 565 566 557 555 554 550 549 543 542 541 540
 539 538 537 536 534 535 532 531 529 523 533 530 524 522 525 526 527 521
 519 520 474 475 476 477 479 478 515 514 518 517 516 513 512 528 509 508
 133 136 507 126 135 152 175 188 192 176 207 227 247 251 260 268 252 270
 276 300 310 320 326 350 369 365 377 386 387 430 435 436 422 397 388 370
 364 349 348 342 325 321 309 308 334 324 323 303 299 293 288 287 275 254
 248 236 225 204 171 169 170 161 148 139 119 103 113  99  92  86 120 147
 154 149 104  90  70  58  55  40  28  20  17  13  16  15  14  21  24  12
  11   9   8  10   1   2   3   4   7  53  60  64  79  78   6   5 117 131
 138 156 163 190 196 206 209 217 218 220 210 237 269 231 235 238 230 239
 253 234 240 215 221 232 241 294 292 264 263 261 271 262 289 290 298 307
 317 322 335 340 346 398 391 372 361 345 341 347 371 399 390 416 409 420
 438 437 439 421 415 404 400 389 432 378 339 328 249 233 244 211 222 245
 265 319 330 331 356 337 306 592 279 582 578 574 583 584 576 577 573 626
 655 654 627 651 650 649 642 643 644 646 645 647 648 652 653 656 593 614
 621 623 625 426 393 418 428 429 434 362 316 160 159 510 511 559 556 551
 570 567 223  47  31  85 101 141   0]
Value - initial: 280646423, final: 14100884, improveup: 19.9027538273

data-line;i;280646423;f;14100884;t;6.96687698364;c;-2;fv;[14100884L];cv;-1;imp;19.9027538273;type;rvnd;inum;5;w;1

time;6.96687698364;man_time;0;neigh_time;0
man_time;0;man_merge_sol;0;man_best_sol;0;man_combine_sol;0

Waiting [0]
Terminating workers True 0 0
MPI TERMINATING
