pydf_home: /home/rodolfo/git/Sucuri
simple_pycuda_home: /home/rodolfo/git/simple-pycuda
wamca2016path: /home/rodolfo/git/wamca2016/
localpath: /home/rodolfo/git/dvnd-df/code/dvnd-df/src/
WAMCAPATH:/home/rodolfo/git/wamca2016/
param: {solution_index:6, solution_instance_index:45, multi_gpu:True, goal:False, problem_name:ml, number_of_moves:10, device_count:2, solver:rvnd, mpi_enabled:True, workers:1}
Using already created file:  wamca2016lib.so
Size: 783 - file name: 07_rat784.tsp

Value - initial: 67665373-[142  37  25 536 507 780 406 727 473 546 768 680 253 449  87 211 668 717
 313 470 193 103 306 598 462 675 384  90 685 610 358 154 100  42 517 656
 205 700 730 304 116 115 711 716 637 682 410 562 506   1 323 608 678 463
 409 276 364 314 620 592 633 178  22 153  41 709 744 208 351 570  20 732
 673  23 775 122 133 576 347 538  97 714 164 190 180 394   6 617  64 604
 282 520 206 127 391 157 307 411 451 342 357 295  83 234 683 702 707 131
   5 667 272 500 285 174 226 516 383   8 498 505 490 290 776 152 583 269
 761 214 181 344 522 758 705 296 658 402 427 302 679 459 356 209 227 585
 703 404 441 218 514 560 368 426 773  59  53 591  77 221 271 579 659 651
 572 547 405 630 623 584 229  57 715 446 607 372 468 422 346 360 124 328
 325 230 146 423 603 318 625 556 293 165 378 162  45 330 147  13  46 254
 706 217 247 495 593 380 621 341 386 544  28 444  61 719 568 545 531 315
 757 756 503 478 458 374 334 765  54 445 248 483 335 736 311 212 533 475
 177 135 486 236 523 369 256 723 440 580 424 435 753 336 204 655 439 525
 270 416 329 425 348 676 762  79 634 553 648 443 106 137 370 222 541 155
  43 107 397 199 316 461  35 309  73 337 192   0 129 549 317 243 267  10
  65 225 136 686 430 469 437 557   4 512 429 763 168 540  32  67  92 504
 278 613 213  18 734 291 740 185 345 551 710 644 712 246 438 524 166  24
 160 367 666 464 481 615 699 109  91  72 176 729 393 128 195 119 605  17
 632 353  78 588 631 442 274  96  68 158 654 687 319 663  71 257 622 640
 647 159 418 476  95 112 466 550 395 120 240 216 577 691 266  81 493 743
 373 636 616 455 191 189 624 574 453 641 681 611 596 123 671 361 742 643
 601 420 722 431 677 600  89 769 139 539 151  27 255 564  12 321 759 555
 421 721 349 224 242 371 260 114 771 287 559 452 251 499 661 376  88  19
 569 590 766 578 187 657 497 350 412 772  76 665 262 515 392 382  16 534
 662  86 770 322 375 288 301 597 414 389 398 280 642 561 619  60 653 235
 748 252 148 219 138 279 196 281 652 450 638 467   9 210 117  74 184 694
 492 764  40 179  62 563 292 183 542  36 241 645 669 518  38 725 297 670
  80  70  49 338 565 432 693 340  39 434 552 554 149 363 567  34 223 156
 639 415 232  84 746 215 294 589 399 172 720 400 672 198 186 697 447 143
 264 704 575 167 755 355 747  69 339 479 298 175 265 275 110 513 456 487
 233 482 130 352 182  31 472 403 566 197 471 535 627 113 150 708  82 111
  52 303 428 261 599 689 488 606 767 126 737  21 602 333 377 354 105 132
 163 629 688 289 582 308 777 379 713 581 528 594  15 696 250 731 263 259
 305 548 529  98 161 612  58  75 690 258 735 774  51 532 728 511 530  30
 134 387 125 779 646 401 739 760 173 501 508 781 782 474 750  99 527 494
 207 145 510 718 413  48 419  50 299  63 778 121 543 283 390 650   3 245
 332 396 692 104 664 365 362 366 521 381 752 249 586 140  14 614 558 312
 170 388 454 200 745 228 300 526 201 477 284 496 108  93  26 519 618 701
 595  55 326  94 188 724  33 587 635 169 741 417 448  29 502  44 457 239
 237 141 220 324 238 407 754 628 277 144  47 286 194 537 738 726 203 698
 491 649 489 436  85 385 480 171   7 460 485 327 359  66 244  56 343   2
 433 320 118  11 626 751 268 749 331 695 465 660 573 101 609 408 202 273
 102 674 684 484 231 310 509 571 733] - 67665373
Solver: RVND, number of workers: 1
Setting feeder affinity
I am the master. There are 1 mpi processes. (hostname = gpu01)
Roots [<pyDF.nodes.Feeder object at 0x7fdce5e61ad0>]
Starting 0
Main loop
I am worker 0
GPU0
set random seed!
Initial: 67665373-[142  37  25 536 507 780 406 727 473 546 768 680 253 449  87 211 668 717
 313 470 193 103 306 598 462 675 384  90 685 610 358 154 100  42 517 656
 205 700 730 304 116 115 711 716 637 682 410 562 506   1 323 608 678 463
 409 276 364 314 620 592 633 178  22 153  41 709 744 208 351 570  20 732
 673  23 775 122 133 576 347 538  97 714 164 190 180 394   6 617  64 604
 282 520 206 127 391 157 307 411 451 342 357 295  83 234 683 702 707 131
   5 667 272 500 285 174 226 516 383   8 498 505 490 290 776 152 583 269
 761 214 181 344 522 758 705 296 658 402 427 302 679 459 356 209 227 585
 703 404 441 218 514 560 368 426 773  59  53 591  77 221 271 579 659 651
 572 547 405 630 623 584 229  57 715 446 607 372 468 422 346 360 124 328
 325 230 146 423 603 318 625 556 293 165 378 162  45 330 147  13  46 254
 706 217 247 495 593 380 621 341 386 544  28 444  61 719 568 545 531 315
 757 756 503 478 458 374 334 765  54 445 248 483 335 736 311 212 533 475
 177 135 486 236 523 369 256 723 440 580 424 435 753 336 204 655 439 525
 270 416 329 425 348 676 762  79 634 553 648 443 106 137 370 222 541 155
  43 107 397 199 316 461  35 309  73 337 192   0 129 549 317 243 267  10
  65 225 136 686 430 469 437 557   4 512 429 763 168 540  32  67  92 504
 278 613 213  18 734 291 740 185 345 551 710 644 712 246 438 524 166  24
 160 367 666 464 481 615 699 109  91  72 176 729 393 128 195 119 605  17
 632 353  78 588 631 442 274  96  68 158 654 687 319 663  71 257 622 640
 647 159 418 476  95 112 466 550 395 120 240 216 577 691 266  81 493 743
 373 636 616 455 191 189 624 574 453 641 681 611 596 123 671 361 742 643
 601 420 722 431 677 600  89 769 139 539 151  27 255 564  12 321 759 555
 421 721 349 224 242 371 260 114 771 287 559 452 251 499 661 376  88  19
 569 590 766 578 187 657 497 350 412 772  76 665 262 515 392 382  16 534
 662  86 770 322 375 288 301 597 414 389 398 280 642 561 619  60 653 235
 748 252 148 219 138 279 196 281 652 450 638 467   9 210 117  74 184 694
 492 764  40 179  62 563 292 183 542  36 241 645 669 518  38 725 297 670
  80  70  49 338 565 432 693 340  39 434 552 554 149 363 567  34 223 156
 639 415 232  84 746 215 294 589 399 172 720 400 672 198 186 697 447 143
 264 704 575 167 755 355 747  69 339 479 298 175 265 275 110 513 456 487
 233 482 130 352 182  31 472 403 566 197 471 535 627 113 150 708  82 111
  52 303 428 261 599 689 488 606 767 126 737  21 602 333 377 354 105 132
 163 629 688 289 582 308 777 379 713 581 528 594  15 696 250 731 263 259
 305 548 529  98 161 612  58  75 690 258 735 774  51 532 728 511 530  30
 134 387 125 779 646 401 739 760 173 501 508 781 782 474 750  99 527 494
 207 145 510 718 413  48 419  50 299  63 778 121 543 283 390 650   3 245
 332 396 692 104 664 365 362 366 521 381 752 249 586 140  14 614 558 312
 170 388 454 200 745 228 300 526 201 477 284 496 108  93  26 519 618 701
 595  55 326  94 188 724  33 587 635 169 741 417 448  29 502  44 457 239
 237 141 220 324 238 407 754 628 277 144  47 286 194 537 738 726 203 698
 491 649 489 436  85 385 480 171   7 460 485 327 359  66 244  56 343   2
 433 320 118  11 626 751 268 749 331 695 465 660 573 101 609 408 202 273
 102 674 684 484 231 310 509 571 733]
Final time: 13.9587929249s - Best: 3346361-[142 136 132 151 160 161 155 150 135 152 159 154 146 138 122 116 109  96
  99  79  69  66  80  93  82  64  46  52  57  62  38  28   9   2   4  18
  29   7  19  30  35  58  60  67  85  81  61  49  34  21  13  31  15  20
  25  26  23  27  43  54  59  72  65  74  86  83  78 100 105 108 113 121
 141 147 144 165 173 177 191 206 213 222 246 260 244 251 240 271 270 262
 259 243 228 227 219 202 190 188 196 187 182 200 212 220 225 209 218 208
 210 211 205 216 224 232 231 239 258 257 267 255 266 285 298 290 305 292
 289 299 306 320 332 344 371 374 379 385 380 350 353 359 335 329 325 317
 311 294 310 302 291 280 268 252 250 261 274 286 281 282 287 307 309 336
 337 339 347 363 372 382 399 401 415 433 436 447 440 434 438 430 418 416
 417 410 390 409 408 407 419 423 429 448 455 456 466 468 469 463 475 493
 495 496 486 473 479 488 492 513 523 521 526 542 557 564 569 576 555 540
 541 520 504 506 500 499 490 482 476 472 494 517 518 512 514 528 534 535
 563 562 565 577 551 556 546 539 530 538 516 511 507 491 485 462 454 437
 421 432 425 404 391 388 396 406 400 422 428 435 444 451 452 457 465 483
 484 505 529 533 550 547 559 575 567 579 585 593 610 625 623 637 639 664
 671 682 696 703 724 733 737 746 760 771 764 759 744 735 734 717 704 708
 687 677 658 651 647 670 678 684 689 679 659 674 680 690 691 697 712 706
 718 719 698 694 685 665 668 660 656 648 627 620 616 606 602 608 621 635
 629 645 652 653 661 672 663 666 667 673 675 701 707 715 722 729 730 726
 700 699 709 725 739 747 754 753 736 732 721 731 738 742 757 758 756 767
 778 776 772 773 765 761 748 749 762 769 779 780 763 755 751 750 727 714
 702 693 695 716 713 710 711 681 676 657 655 662 669 646 636 615 591 594
 607 624 622 619 601 584 582 554 549 537 545 548 544 531 566 573 581 592
 605 603 614 628 631 641 617 609 588 570 571 572 558 536 543 527 524 508
 501 487 474 464 449 439 426 446 453 450 470 467 477 497 509 502 522 515
 503 489 480 478 460 461 443 441 427 420 398 412 405 403 393 373 368 378
 377 387 384 367 348 360 361 341 330 333 323 319 297 308 303 296 295 283
 278 263 264 253 233 217 198 193 180 176 169 167 157 166 158 172 164 163
 156 168 162 175 178 199 197 186 183 194 195 203 201 207 223 242 221 226
 230 229 247 248 273 272 277 293 316 327 343 357 334 326 318 322 324 338
 352 345 331 349 346 369 376 392 375 364 370 365 381 386 389 383 362 351
 358 355 342 304 312 301 288 265 269 276 275 254 245 238 235 241 234 214
 215 204 185 179 171 145 124  87  55  48  51  56  44  36  24  14   0  16
  22   1   6  17  11   8  32  47  63  76  73  88  94  97  75 106 110 119
 115 139 127 111 107 104 101  70  84  98 117 137 125 120 123 149 143 153
 140 131 130 129 128 102  91  71  53  41  50  68  92  89  77  33   3  10
  12   5  39  37  42  95  90 103 112 118 133 134 148 170 192 237 279 284
 314 313 328 340 354 356 366 395 397 411 402 414 413 431 445 458 519 552
 574 604 613 600 599 583 590 586 587 598 589 568 560 553 561 578 596 597
 611 626 633 612 618 640 643 683 650 632 630 638 649 634 642 686 728 743
 752 766 770 774 782 781 723 741 740 745 692 688 720 775 777 768 705 654
 644 595 532 525 510 498 481 471 424 442 459 315 321 300 256 236 249 181
 189 174 126 114  45  40 184 394 580]
Value - initial: 67665373, final: 3346361, improveup: 20.2205837924

data-line;i;67665373;f;3346361;t;13.9587929249;c;-2;fv;[3346361L];cv;-1;imp;20.2205837924;type;rvnd;inum;6;w;1

time;13.9587929249;man_time;0;neigh_time;0
man_time;0;man_merge_sol;0;man_best_sol;0;man_combine_sol;0

Waiting [0]
Terminating workers True 0 0
MPI TERMINATING
