pydf_home: /home/rodolfo/git/Sucuri
simple_pycuda_home: /home/rodolfo/git/simple-pycuda
wamca2016path: /home/rodolfo/git/wamca2016/
localpath: /home/rodolfo/git/dvnd-df/code/dvnd-df/src/
WAMCAPATH:/home/rodolfo/git/wamca2016/
param: {solution_index:4, solution_instance_index:27, multi_gpu:True, goal:False, problem_name:ml, number_of_moves:10, device_count:2, solver:rvnd, mpi_enabled:True, workers:1}
Using already created file:  wamca2016lib.so
Size: 501 - file name: 05_TRP-S500-R1.tsp

Value - initial: 32796370-[163 461 363  14 131 258 135 431 391 355  48 497 360  99 488 232  24 438
 445  31 189 288 150  23 191 174 264 124 285 378 159 295 385 479 106 439
 119 338 296 303 212 107 358   2 215 322 498  60  98  86  11 260  79 463
 327  57 266 320 161 149  47 292 345 259  66 424 123 211 413 392 230 383
  67 335  46 489 317 386 173 460 328  93 352 422 287 133 495 145 283 487
 307 458 469  68 318 143 152  92  28 210 275 251 348 200 197 390 416 499
 305 101 294 362 446 237 403  53 492 265  41  16  74 277 467 486 490 319
 444   0 188 222 410 491  21 223 231 500 453 456 321 476 118 474 471 219
  71 167 272 151 452 404 402 389  96 290 274   5 329  85 332 434 297  33
  35 300 425 394  61 245 384 113  17   8  87 442 185 316 141  76 494 412
 221 341 354  63 351 298 250 457 216 252 164 257 282 324  13 182 134 202
 361 234  77 493 184 262  58 470 398 426 443 293 137 325  59 157 103  42
 344 414 263 110 304 478 121 347 226 333  22 241 364 244  73 198 201 289
 129 313 139 125  34 100  15  32 246 418 242  37 472 108 337  90 306 279
 421 365 388 336 153  91 312 299 323   6 176 441 208 172  80  38 132  26
  94 382 334 122 326 435   9 368 349 340 255 261 146 104 342 270 301  19
 376 213 187 228 112 109 308 356 448 239 280  72 454 253 449 105 268 158
 415 374 249  39 436  51 126 408 240 430 373 247 315  18 357 190 432 192
 209 127 136 278 311 399 395 302  49 359 235 227 477 256  27 484  43  97
 166 423 353 271 381 339 142 459 229 148 465 193 281 483 343 407  52 286
 375 269 102 428 177  29 401   4 194  54 314  36 254 165   7 466 175 417
 346 196 291 427 379 224  64 468 162  69 455 496 420 168 171 396 178 169
  75 405  82  30  10  83 406 273 284 199 128 267 397 183 147 437 387  65
 203 218 400 238 450 475 220  56 369 310  20 114  62 206  84 233 217 419
 377 433 130  45 380  78 248 350 116  40 331  95 120  50 276 462 464  25
  70 451 155 138 481  89 440  12 330 181 160 195 447 393  88 180  44 225
 117 473 366   1  55 309 205 156 485 154   3 480 140 204 236 371 372 186
 207 179 429  81 214 243 170 370 411 482 111 144 409 367 115] - 32796370
Solver: RVND, number of workers: 1
Setting feeder affinity
I am the master. There are 1 mpi processes. (hostname = gpu01)
Roots [<pyDF.nodes.Feeder object at 0x7fa7c82bcad0>]
Starting 0
Main loop
I am worker 0
GPU0
set random seed!
Initial: 32796370-[163 461 363  14 131 258 135 431 391 355  48 497 360  99 488 232  24 438
 445  31 189 288 150  23 191 174 264 124 285 378 159 295 385 479 106 439
 119 338 296 303 212 107 358   2 215 322 498  60  98  86  11 260  79 463
 327  57 266 320 161 149  47 292 345 259  66 424 123 211 413 392 230 383
  67 335  46 489 317 386 173 460 328  93 352 422 287 133 495 145 283 487
 307 458 469  68 318 143 152  92  28 210 275 251 348 200 197 390 416 499
 305 101 294 362 446 237 403  53 492 265  41  16  74 277 467 486 490 319
 444   0 188 222 410 491  21 223 231 500 453 456 321 476 118 474 471 219
  71 167 272 151 452 404 402 389  96 290 274   5 329  85 332 434 297  33
  35 300 425 394  61 245 384 113  17   8  87 442 185 316 141  76 494 412
 221 341 354  63 351 298 250 457 216 252 164 257 282 324  13 182 134 202
 361 234  77 493 184 262  58 470 398 426 443 293 137 325  59 157 103  42
 344 414 263 110 304 478 121 347 226 333  22 241 364 244  73 198 201 289
 129 313 139 125  34 100  15  32 246 418 242  37 472 108 337  90 306 279
 421 365 388 336 153  91 312 299 323   6 176 441 208 172  80  38 132  26
  94 382 334 122 326 435   9 368 349 340 255 261 146 104 342 270 301  19
 376 213 187 228 112 109 308 356 448 239 280  72 454 253 449 105 268 158
 415 374 249  39 436  51 126 408 240 430 373 247 315  18 357 190 432 192
 209 127 136 278 311 399 395 302  49 359 235 227 477 256  27 484  43  97
 166 423 353 271 381 339 142 459 229 148 465 193 281 483 343 407  52 286
 375 269 102 428 177  29 401   4 194  54 314  36 254 165   7 466 175 417
 346 196 291 427 379 224  64 468 162  69 455 496 420 168 171 396 178 169
  75 405  82  30  10  83 406 273 284 199 128 267 397 183 147 437 387  65
 203 218 400 238 450 475 220  56 369 310  20 114  62 206  84 233 217 419
 377 433 130  45 380  78 248 350 116  40 331  95 120  50 276 462 464  25
  70 451 155 138 481  89 440  12 330 181 160 195 447 393  88 180  44 225
 117 473 366   1  55 309 205 156 485 154   3 480 140 204 236 371 372 186
 207 179 429  81 214 243 170 370 411 482 111 144 409 367 115]
Final time: 6.14998984337s - Best: 1988070-[163  42 453 140 251 372 196 328 297  55 185 309 285  43 278 202 299 292
 313 104 272 139 376  86 192  61 390   8 149 224 282 171 444 217  84  80
 469  41  32  48 113 169 121 198 287 353 321 258 135 106 495 241 461 493
 429 397 498 374 323 173 315 424 283  11 462 465  24 401 314 127 256 375
 231 454   9 482 474 446 130 456 371  34 476 267 188 289  37 244 441 491
  27 101 490 264 220  85 110 105  10 378 240 103 132 359 408 427  74 318
 409 176 497 368 124 277 326 210  87  81 362  62 420 221 345 416 358  82
 181 431 382 419  88 193 112 142 236 356   5 246  39 111 445   7  83  59
 339 464  71 364 174 146  38 436 195 394  76 346 468 422 437 352  35 379
  13 194  31 398 483 214 125 259 143  64 418  66 162 324 311 450 347  60
  45 383  28 182 351 305 481 117 167 377 369 488   2 168  92 170  50  26
 189 425 115 471 228 159 225 472 199 122 340 443 260 428 355 145 257  46
 249 342  23 107  53  63 271 150   0  18 452 235 303 348  78 417  73 243
  19 301 330  44 373 179 116 344 279 349 387  89  12 275 307 155 466 281
 203  93  99 290  69 265 238 381 457 226 239 129 439 160 403  16 411 447
 215 204 109 208 380 216 451 233 211 479 460 102  94 332 386 336 268 308
  72 212 302   6 248  52 293 306 304 237  97  79 412 473 187  90 487 365
 207 354 141 485 448  95 190 255 288 430 494 218 120 322 477 148  49 366
  65 440  15  96 177 201 467 157 404  57 367 254  25 475 312  75 333 161
 391 484  14 388  68 370 274 245 298 227 250 126 205 426 392 455 147 405
 291 165 435 191 269 407 156 253 402 138 385 175 410 128  54 294  20 329
 284 223   4 178 459 119   3 393 273 434  36 295 131 338 415 458 449 350
 247 316  51 134 108 151 334 363 186  98 166 222 153 400 442 234 242 500
 331  47  29 389 209 499 319  33 136 470 200 335 172 213 286 337 414 341
  22 261 118 219 343 406  58 206  40 252 357 433 100  77 396 180 183   1
  17 114 144 384 300 480  67 325 496 421 266 230 154 184  56 361 423 399
 327 320 310 360 164 463 276  91 123 413  21 280 296 489 229 270 317 478
 137 263  70 438 152 395 262 492 133 432  30 197 158 232 486]
Value - initial: 32796370, final: 1988070, improveup: 16.4965871423

data-line;i;32796370;f;1988070;t;6.14998984337;c;-2;fv;[1988070L];cv;-1;imp;16.4965871423;type;rvnd;inum;4;w;1

time;6.14998984337;man_time;0;neigh_time;0
man_time;0;man_merge_sol;0;man_best_sol;0;man_combine_sol;0

Waiting [0]
Terminating workers True 0 0
MPI TERMINATING
