pydf_home: /home/rodolfo/git/Sucuri
simple_pycuda_home: /home/rodolfo/git/simple-pycuda
wamca2016path: /home/rodolfo/git/wamca2016/
localpath: /home/rodolfo/git/dvnd-df/code/dvnd-df/src/
WAMCAPATH:/home/rodolfo/git/wamca2016/
param: {solution_index:6, solution_instance_index:19, multi_gpu:True, goal:False, problem_name:ml, number_of_moves:10, device_count:2, solver:rvnd, mpi_enabled:True, workers:1}
Using already created file:  wamca2016lib.so
Size: 783 - file name: 07_rat784.tsp

Value - initial: 69062420-[775  58  85 355  68 392 494 399 424 523 723 672 710 263 279 624  93 304
 570 621 604  14 667 578 459 467 110  71  16 107 675  15  95 172 487  31
 133 583 400 664 127 125 468 458 343 246 149 377 695 259 515 753 220 714
 726  20 764 299 256 503 528 444 476  37 217 445 354 236 636 556 229 268
 103 195 287 341 539 183 512 108 164 362 437 643 707 335 580 249 538 420
 280 286 715  29  27 619 155 450 215 147 200 696 725 447 721 433 357  51
 602 706   3 138 106 641 616 186 536   2 373   1 627 563 393 686  34 139
 484 718 372 704 697 576 472 440 694 274  54 352 426 687 115 322 670 140
 364 581 529  25 412 230 398 552 337 121 465 495  79 152 577 729 752 386
  56  26 640 401 781 478  98 541 406 681 114 385 417 623 761 611 758 302
  80 161 168 368 442 524  21 762 223 631 130 502 387 770 462   0 175 422
 734 181 283 331 690 178 587 655 657 719 418 129 757 254 251 456 598 772
 562  84 227 742 449 206 395 131 333 628 517 751 190 647 112 405 380 506
 252  77 272 273 276 374 682 663 419 144 429 479 716  44 656 658 320 126
 342 633 100  66 493  40 727 416 124 741 309 232 490 708  18 158 336 301
 104 403 216 210  30 530 709 509 344 402 339 350 480 303 235 262 526 388
 340 566 572  43 226 329 603  76 609 652 492 316 113 169  41 176 116  12
 713 271 466 328 591  33 537 305 391 446 683 154  32 346 453 208 123 275
 137  89 497 239 122 590 427 618 545 188 298 553 574 646  86 505 201 632
 746 297 294 397 548  69 332 617  61 265  87  88 702 470 451 196 607  36
 321 698 173 289 363 170 243 160 679 384 204  94 365  65 571 134 738 586
  60 700  97 454 486 432 575  42 625 730 676 448 482 214 535 102 737 748
 244 680 654 111 300  67 205 221  24 314 143 231 637 488 588 521 527 638
 635 378  35 281  19 507 441 255 171  53 703 780 560 167 425 359 629 717
 559 277 233 202 118 499 148 209 724  82 513 525 500 693 651 361 648 203
  10 345 689 511 375 165 224  70 579 180 557 551 192 174  99 128 241 334
 777 317   7 608 290 240 584 228 765  74  45  49 292 768 755 349  28 471
 498 435 250 661 120 561 257 132 109 485 225 671 540 248 739 119 452 606
 141 101 564 296 207 747 327 267 356 460 674 778 568 660 360 153 431 266
 457 396  13 278 684 238 731 390 766 295 662 473 491 501 379 532 673  23
 291  96 774  39 601 549 443  92 326  78 439 533 477 649 645 159 323 597
 318 371  62 653 348 430  52 383 358 547 639  83  11 669 307 692  38 475
 410   8 518 759 767 596 312 595 510 193 543 258 592 436 191  90 306 367
 351 469 284 743  75   5 732 612 260 376 722 666  50 325 415 310 282 264
 763 688 508 157 389 735   4 565 677 589 404 394 261 366 189 516 600 177
 678 428  72 353 156 211 594 423 749 776 544 285 194 242 179 414 567 308
  22  17 760  57 620 514 151  59 769 315  64 382  81 720 593 771 293 534
 413 504 319  63  73 311 782 685 585 234 531 253 554   9 712 222 744 582
 198 245 550 270 754 463 626 185  91 573  55 705 408 407 711 136 145 313
 569 745 634 338 269 740 219 166 615 736 162 150 455 496 733 644 756 520
 659 542 411 642 163 728 330 668 474 546 773 483 212 555 434 135 409 218
 146 461 701 779 105  46 237 197 489 650 522 347 199 213 558 324 665 381
 605  47 691 613 369 370 750 187   6 630 142 699 622 599 464 182 421  48
 481 184 117 247 610 288 519 614 438] - 69062420
Solver: RVND, number of workers: 1
Setting feeder affinity
I am the master. There are 1 mpi processes. (hostname = gpu01)
Roots [<pyDF.nodes.Feeder object at 0x7fb779747ad0>]
Starting 0
Main loop
I am worker 0
GPU0
set random seed!
Initial: 69062420-[775  58  85 355  68 392 494 399 424 523 723 672 710 263 279 624  93 304
 570 621 604  14 667 578 459 467 110  71  16 107 675  15  95 172 487  31
 133 583 400 664 127 125 468 458 343 246 149 377 695 259 515 753 220 714
 726  20 764 299 256 503 528 444 476  37 217 445 354 236 636 556 229 268
 103 195 287 341 539 183 512 108 164 362 437 643 707 335 580 249 538 420
 280 286 715  29  27 619 155 450 215 147 200 696 725 447 721 433 357  51
 602 706   3 138 106 641 616 186 536   2 373   1 627 563 393 686  34 139
 484 718 372 704 697 576 472 440 694 274  54 352 426 687 115 322 670 140
 364 581 529  25 412 230 398 552 337 121 465 495  79 152 577 729 752 386
  56  26 640 401 781 478  98 541 406 681 114 385 417 623 761 611 758 302
  80 161 168 368 442 524  21 762 223 631 130 502 387 770 462   0 175 422
 734 181 283 331 690 178 587 655 657 719 418 129 757 254 251 456 598 772
 562  84 227 742 449 206 395 131 333 628 517 751 190 647 112 405 380 506
 252  77 272 273 276 374 682 663 419 144 429 479 716  44 656 658 320 126
 342 633 100  66 493  40 727 416 124 741 309 232 490 708  18 158 336 301
 104 403 216 210  30 530 709 509 344 402 339 350 480 303 235 262 526 388
 340 566 572  43 226 329 603  76 609 652 492 316 113 169  41 176 116  12
 713 271 466 328 591  33 537 305 391 446 683 154  32 346 453 208 123 275
 137  89 497 239 122 590 427 618 545 188 298 553 574 646  86 505 201 632
 746 297 294 397 548  69 332 617  61 265  87  88 702 470 451 196 607  36
 321 698 173 289 363 170 243 160 679 384 204  94 365  65 571 134 738 586
  60 700  97 454 486 432 575  42 625 730 676 448 482 214 535 102 737 748
 244 680 654 111 300  67 205 221  24 314 143 231 637 488 588 521 527 638
 635 378  35 281  19 507 441 255 171  53 703 780 560 167 425 359 629 717
 559 277 233 202 118 499 148 209 724  82 513 525 500 693 651 361 648 203
  10 345 689 511 375 165 224  70 579 180 557 551 192 174  99 128 241 334
 777 317   7 608 290 240 584 228 765  74  45  49 292 768 755 349  28 471
 498 435 250 661 120 561 257 132 109 485 225 671 540 248 739 119 452 606
 141 101 564 296 207 747 327 267 356 460 674 778 568 660 360 153 431 266
 457 396  13 278 684 238 731 390 766 295 662 473 491 501 379 532 673  23
 291  96 774  39 601 549 443  92 326  78 439 533 477 649 645 159 323 597
 318 371  62 653 348 430  52 383 358 547 639  83  11 669 307 692  38 475
 410   8 518 759 767 596 312 595 510 193 543 258 592 436 191  90 306 367
 351 469 284 743  75   5 732 612 260 376 722 666  50 325 415 310 282 264
 763 688 508 157 389 735   4 565 677 589 404 394 261 366 189 516 600 177
 678 428  72 353 156 211 594 423 749 776 544 285 194 242 179 414 567 308
  22  17 760  57 620 514 151  59 769 315  64 382  81 720 593 771 293 534
 413 504 319  63  73 311 782 685 585 234 531 253 554   9 712 222 744 582
 198 245 550 270 754 463 626 185  91 573  55 705 408 407 711 136 145 313
 569 745 634 338 269 740 219 166 615 736 162 150 455 496 733 644 756 520
 659 542 411 642 163 728 330 668 474 546 773 483 212 555 434 135 409 218
 146 461 701 779 105  46 237 197 489 650 522 347 199 213 558 324 665 381
 605  47 691 613 369 370 750 187   6 630 142 699 622 599 464 182 421  48
 481 184 117 247 610 288 519 614 438]
Final time: 26.5254900455s - Best: 3447048-[775 757 764 759 744 735 731 742 738 721 697 690 691 712 706 718 719 698
 694 683 668 665 650 645 635 629 621 608 602 586 590 583 576 569 564 557
 541 540 535 534 520 504 506 500 499 490 482 476 466 468 469 463 475 493
 495 496 486 473 479 488 492 513 523 521 526 542 570 574 604 613 632 652
 653 661 672 692 700 699 709 720 725 739 747 754 753 736 732 756 758 767
 778 776 772 773 765 761 769 762 749 726 729 730 745 740 722 715 707 701
 723 741 751 755 763 781 782 774 770 766 752 743 727 714 716 713 710 711
 681 676 686 695 702 693 675 673 667 666 663 649 641 631 628 617 609 588
 571 572 558 536 543 566 581 591 594 607 615 636 646 669 662 657 655 642
 634 624 622 619 601 584 582 573 549 537 545 548 544 531 527 524 508 501
 487 474 464 449 445 458 447 436 433 417 410 416 418 409 408 407 390 374
 379 385 380 382 399 401 413 414 402 387 384 367 360 348 336 337 309 307
 287 282 270 271 262 259 243 228 227 220 225 212 200 187 182 158 153 140
 129 128 143 123 120 125 117 137 156 163 164 172 181 208 210 211 218 252
 250 261 274 286 300 339 347 350 353 335 329 325 317 310 302 291 280 268
 249 232 231 239 223 207 201 203 186 178 175 197 199 216 205 189 168 162
 139 127 107 104 101  98  84  70  58  60  67  85  81  61  53  41  50  25
  26  20  15  31  13  21  34  30  35  19   7  18  29  47  63  76  73  88
  94 111 115 132 136 142 160 151 150 135 110 106  93  82  64  46  52  57
  32  28   4   2   9   8  11  17   6   1  22  16   0  14  24  55  48  51
  56  44  36  40  45  66  80  69  79  99  96 109 114 122 116 124 145 138
 146 154 159 152 155 161 183 195 194 204 185 179 171 184 214 215 234 241
 235 238 245 254 272 277 275 276 288 301 312 304 342 355 358 351 362 383
 394 422 428 435 444 451 452 457 465 484 483 481 471 498 510 525 532 547
 559 567 575 595 610 625 623 637 639 664 671 682 696 703 724 733 737 746
 734 717 704 708 687 677 658 651 647 644 633 626 611 589 597 596 593 585
 579 550 529 533 553 561 578 568 560 538 539 546 530 516 511 507 491 485
 462 454 437 442 424 421 432 425 429 423 419 404 391 370 364 352 345 338
 322 326 334 357 365 388 396 406 400 389 386 381 343 327 316 318 298 285
 290 305 292 289 299 306 320 332 321 294 311 319 323 333 330 341 361 377
 378 368 373 395 398 393 405 403 412 443 461 460 478 489 503 515 522 502
 509 480 470 453 446 439 431 415 440 434 430 438 456 455 448 459 472 494
 517 518 512 514 528 551 556 587 598 612 618 640 643 659 654 670 678 684
 679 689 674 680 656 648 627 620 616 606 577 565 562 563 555 599 600 630
 638 614 603 605 592 580 552 519 497 477 467 450 441 427 420 397 411 372
 363 359 371 369 376 346 349 331 315 267 257 258 224 209 196 190 188 202
 219 240 251 244 260 278 283 297 308 295 296 303 313 328 340 354 366 356
 314 284 279 264 263 253 233 217 237 246 222 213 206 191 177 173 165 167
 169 176 180 193 198 192 170 148 133 134 113 108 105 100  78  83  86  74
  95  90  72  65  42  37  39   5  12  10   3  33  27  23  59  54  43  68
  92  77  89 103 112 118 121 141 147 144 130 131 157 166 149 102  91  71
  49  38  62  75  97 119 126 174 221 226 230 229 247 248 242 255 266 273
 269 265 293 324 375 392 344 236 256 281 426 554 728 750 780 779 748 688
 685 660 705 760 771 777 768 505  87]
Value - initial: 69062420, final: 3447048, improveup: 20.0352359468

data-line;i;69062420;f;3447048;t;26.5254900455;c;-2;fv;[3447048L];cv;-1;imp;20.0352359468;type;rvnd;inum;6;w;1

time;26.5254900455;man_time;0;neigh_time;0
man_time;0;man_merge_sol;0;man_best_sol;0;man_combine_sol;0

Waiting [0]
Terminating workers True 0 0
MPI TERMINATING
