pydf_home: /home/rodolfo/git/Sucuri
simple_pycuda_home: /home/rodolfo/git/simple-pycuda
wamca2016path: /home/rodolfo/git/wamca2016/
localpath: /home/rodolfo/git/dvnd-df/code/dvnd-df/src/
WAMCAPATH:/home/rodolfo/git/wamca2016/
param: {solution_index:0, solution_instance_index:11, multi_gpu:True, goal:False, problem_name:ml, number_of_moves:10, device_count:2, solver:rvnd, mpi_enabled:True, workers:1}
Using already created file:  wamca2016lib.so
Size: 52 - file name: 01_berlin52.tsp

Value - initial: 678589-[39 17 42 47  3 46 34  7 20  0  6 29 14 25 27 16 44 18 37 50 15 12 43 35 33
  5  9 30 23 26 24 28 21  1 36 13 19 48 11  8 40 51 32 41 45 31 38 49  2  4
 22 10] - 678589
Solver: RVND, number of workers: 1
Setting feeder affinity
I am the master. There are 1 mpi processes. (hostname = gpu01)
Roots [<pyDF.nodes.Feeder object at 0x7f732ebf9ad0>]
Starting 0
Main loop
I am worker 0
GPU0
set random seed!
Initial: 678589-[39 17 42 47  3 46 34  7 20  0  6 29 14 25 27 16 44 18 37 50 15 12 43 35 33
  5  9 30 23 26 24 28 21  1 36 13 19 48 11  8 40 51 32 41 45 31 38 49  2  4
 22 10]
Final time: 1.33805394173s - Best: 144603-[39 38 36 37 14  5  4 23 47 45 43 33 34 35 48  0 21 31 44 18  2 17 30 22 19
 49 15 28 29  1  6 41 20 16 40  7  8  9 42  3 24 11 27 26 25 46 12 13 51 50
 32 10]
Value - initial: 678589, final: 144603, improveup: 4.69277262574

data-line;i;678589;f;144603;t;1.33805394173;c;-2;fv;[144603L];cv;-1;imp;4.69277262574;type;rvnd;inum;0;w;1

time;1.33805394173;man_time;0;neigh_time;0
man_time;0;man_merge_sol;0;man_best_sol;0;man_combine_sol;0

Waiting [0]
Terminating workers True 0 0
MPI TERMINATING
