pydf_home: /home/rodolfo/git/Sucuri
simple_pycuda_home: /home/rodolfo/git/simple-pycuda
wamca2016path: /home/rodolfo/git/wamca2016/
localpath: /home/rodolfo/git/dvnd-df/code/dvnd-df/src/
WAMCAPATH:/home/rodolfo/git/wamca2016/
param: {solution_index:6, solution_instance_index:38, multi_gpu:True, goal:False, problem_name:ml, number_of_moves:10, device_count:2, solver:rvnd, mpi_enabled:True, workers:1}
Using already created file:  wamca2016lib.so
Size: 783 - file name: 07_rat784.tsp

Value - initial: 71359353-[161 612 349 653 770 381 246 664 704 268 477 153 671 519 232 327  22  80
 723 305 270 482 710 251  15  84 406 560 369  81 110 453 782 128 336 168
 584 380 171 713  10  44 459 180 735 582 466 571 364 621 156 480 604 569
 227  72 718 733 323 471 636 608 448 430 122 101 758  30 164 767 376 181
  87 564 223 562 559 378 284 694  13   0 190 356 739 552 661 483 191  67
 362 744 170 160 262 686 157  46 748 286 196 102 781 491 242 640  74 593
 726 112 400 229 648 463   3 291 771 328 738 500 495 277 455 586 753 390
 152 504  26  45 529 218  39 427 345 145 458  33 314 260  79 720 548 359
 108 147 643 189 172 596 512 692 645 550 457 413 703 734 764 358 715 311
 289 184  77 347 732 412 206 241 142 655 451  34 615 589  93 756 538 393
 524 557 423 691 235 351 163 299 308 709  11 576 250 618 665 405 239  56
 139 751 320 628 283 292   1 416 253 173 487 113 759 233 556 132 389 338
 635 616 680   2 470 698 472 217 224 195  70 383 742 772 151 627 555 721
 297 642 209 625 203 285 605 245 425 182 580  48  35  90 573 682 387 595
 724 226 439  54 433 355 489  78 435 611 322 469 384 366 523 743 331 307
  60 712 278 121 558 614 521 474 606 127 632 630 394 114 501  52  50  75
 572 440 167 240 374  37 419 609 657 677 752  82  55 617   6 505 125  36
 540 119 590 666 711 613 174 353 517 574  65 729 298 210  23 357  69 348
  38 120 644 592 684  32 660 570 526 481 215 705 447 274 727 583 542 288
 339 486 204 541 391  18 673 333 779 461 539 148 200  21 535 473 154 693
 545 143  40 725 410 496 199 546  31 417 424 465 321 454  17 428 295 506
 138 494 269 761 397  83 444 565 282 111 105 634 510 594 303 363 697 408
 244 442 750 129  53 695 302 537 502 633   8 432 280  63 702  51 220 662
 131 690 780 774 178 418 399 716 341 175 663 567 162 436 155 765 622 169
 527 736 275 221 375 449  14 446 547 776 317 300 443 623 638  62 126 106
  66 309 681 669 610 478 271 158 528 672 306 646 343 179 368 281 219 409
 230  58 165 337 373  99  57 293 719 741 313 597 318 554 683 675 434 342
 438 503 468 437  95 603 197 256  20 124 361 334 530 516 747 585 728 777
 445 479 722 238 601 708 273 544 104 396 637 243 398 566 135 575 509 549
 186 492 553   5 415 385  43 768 746 325 107 187 763 422 228 100  68 714
 344 651 149 377 255 272 326 404 370 386 296 194 315 649 707 696 532 531
  25 103 441 730 515 301 475 231 159 659   9 354 757 176 579 249 225 193
 367 654 212 626 607 287 290 650  59 484 213 561 346 689  85 202 134 551
  96 403 136  27  16 248 511 656 536 324 109  97  29 456  64 745 319 600
 426 754  89  28 668 578 464 310 490 332 234   7 658 350 775 762 279 294
 700 340 679 685 407 144 115 598 254 335 563 522 266 192 599  92 411 379
 365 760  12 631 207 401 467 352 276 568 263 624 678 769 420 629 312  73
 706 360 429 140 641 525  49 497 507 214 577 674 778 639 755 118 652 146
 188 731 667 185 581 402 452 201  61 588 533 392 264 499 222 699 265 261
 688 587 620 460  88 237 211 476 498 183 236 701 773 304 247 687 749 737
 518  19 208 216 141  91 205 116 382 329  71  76 117  42 123 431 133 676
 150 619 316 493   4 388 740  98 485 534 267 414 166 647 462 508 130 520
  94 330 372 543 450 670 177  24 137 395 514 257 513 602 371  41  47 258
 198 488  86 766 421 717 252 591 259] - 71359353
Solver: RVND, number of workers: 1
Setting feeder affinity
I am the master. There are 1 mpi processes. (hostname = gpu01)
Roots [<pyDF.nodes.Feeder object at 0x7f4cd6b6dad0>]
Starting 0
Main loop
I am worker 0
GPU0
set random seed!
Initial: 71359353-[161 612 349 653 770 381 246 664 704 268 477 153 671 519 232 327  22  80
 723 305 270 482 710 251  15  84 406 560 369  81 110 453 782 128 336 168
 584 380 171 713  10  44 459 180 735 582 466 571 364 621 156 480 604 569
 227  72 718 733 323 471 636 608 448 430 122 101 758  30 164 767 376 181
  87 564 223 562 559 378 284 694  13   0 190 356 739 552 661 483 191  67
 362 744 170 160 262 686 157  46 748 286 196 102 781 491 242 640  74 593
 726 112 400 229 648 463   3 291 771 328 738 500 495 277 455 586 753 390
 152 504  26  45 529 218  39 427 345 145 458  33 314 260  79 720 548 359
 108 147 643 189 172 596 512 692 645 550 457 413 703 734 764 358 715 311
 289 184  77 347 732 412 206 241 142 655 451  34 615 589  93 756 538 393
 524 557 423 691 235 351 163 299 308 709  11 576 250 618 665 405 239  56
 139 751 320 628 283 292   1 416 253 173 487 113 759 233 556 132 389 338
 635 616 680   2 470 698 472 217 224 195  70 383 742 772 151 627 555 721
 297 642 209 625 203 285 605 245 425 182 580  48  35  90 573 682 387 595
 724 226 439  54 433 355 489  78 435 611 322 469 384 366 523 743 331 307
  60 712 278 121 558 614 521 474 606 127 632 630 394 114 501  52  50  75
 572 440 167 240 374  37 419 609 657 677 752  82  55 617   6 505 125  36
 540 119 590 666 711 613 174 353 517 574  65 729 298 210  23 357  69 348
  38 120 644 592 684  32 660 570 526 481 215 705 447 274 727 583 542 288
 339 486 204 541 391  18 673 333 779 461 539 148 200  21 535 473 154 693
 545 143  40 725 410 496 199 546  31 417 424 465 321 454  17 428 295 506
 138 494 269 761 397  83 444 565 282 111 105 634 510 594 303 363 697 408
 244 442 750 129  53 695 302 537 502 633   8 432 280  63 702  51 220 662
 131 690 780 774 178 418 399 716 341 175 663 567 162 436 155 765 622 169
 527 736 275 221 375 449  14 446 547 776 317 300 443 623 638  62 126 106
  66 309 681 669 610 478 271 158 528 672 306 646 343 179 368 281 219 409
 230  58 165 337 373  99  57 293 719 741 313 597 318 554 683 675 434 342
 438 503 468 437  95 603 197 256  20 124 361 334 530 516 747 585 728 777
 445 479 722 238 601 708 273 544 104 396 637 243 398 566 135 575 509 549
 186 492 553   5 415 385  43 768 746 325 107 187 763 422 228 100  68 714
 344 651 149 377 255 272 326 404 370 386 296 194 315 649 707 696 532 531
  25 103 441 730 515 301 475 231 159 659   9 354 757 176 579 249 225 193
 367 654 212 626 607 287 290 650  59 484 213 561 346 689  85 202 134 551
  96 403 136  27  16 248 511 656 536 324 109  97  29 456  64 745 319 600
 426 754  89  28 668 578 464 310 490 332 234   7 658 350 775 762 279 294
 700 340 679 685 407 144 115 598 254 335 563 522 266 192 599  92 411 379
 365 760  12 631 207 401 467 352 276 568 263 624 678 769 420 629 312  73
 706 360 429 140 641 525  49 497 507 214 577 674 778 639 755 118 652 146
 188 731 667 185 581 402 452 201  61 588 533 392 264 499 222 699 265 261
 688 587 620 460  88 237 211 476 498 183 236 701 773 304 247 687 749 737
 518  19 208 216 141  91 205 116 382 329  71  76 117  42 123 431 133 676
 150 619 316 493   4 388 740  98 485 534 267 414 166 647 462 508 130 520
  94 330 372 543 450 670 177  24 137 395 514 257 513 602 371  41  47 258
 198 488  86 766 421 717 252 591 259]
Final time: 17.2757661343s - Best: 3376191-[161 183 186 201 207 203 221 226 230 229 245 254 272 277 275 276 288 304
 312 301 293 316 334 326 318 322 324 305 290 292 289 299 306 315 331 345
 352 364 370 365 357 343 355 358 342 351 362 383 389 386 381 396 406 424
 442 437 421 432 425 429 423 419 407 408 409 430 434 440 468 469 463 475
 493 504 506 500 499 490 482 476 472 494 517 518 512 514 528 534 535 540
 555 563 562 565 586 602 608 590 583 576 557 564 569 599 600 613 632 630
 638 617 609 614 628 631 641 649 663 666 667 673 675 669 662 657 655 642
 634 624 622 619 601 584 582 607 594 591 581 566 531 544 548 545 549 537
 522 515 503 489 478 480 470 477 497 501 508 524 527 543 536 558 572 571
 552 519 513 523 521 496 495 486 473 479 488 492 487 474 464 467 453 446
 439 426 411 397 395 398 412 403 405 393 373 368 378 377 360 348 361 341
 330 333 323 319 336 337 339 347 350 363 372 367 384 387 402 414 413 431
 445 458 447 436 433 415 401 399 382 380 385 379 374 359 353 335 329 325
 317 311 300 309 307 287 282 259 262 270 271 260 278 283 297 308 295 296
 303 284 279 264 263 246 237 217 198 193 180 176 170 134 133 148 141 121
 113 108 105 100  78  83  86  74  65  42  37  12  10   3  33  27  23  26
  25  20  15  31  13  21  34  53  41  50  43  54  59  72  95  90  89  77
  68  92 102  91  71  61  49  60  58  67  85  98  84  70  63  76  73  88
  94 111 107 104 101 117 125 120 123 143 128 129 140 153 166 190 188 177
 191 206 213 222 244 251 240 219 227 228 220 225 236 256 274 261 250 252
 218 211 210 208 209 212 200 187 182 172 164 163 156 168 162 139 127 115
 132 136 142 119 110 106  93  82  64  57  52  46  45  40  44  56  79  69
  66  80  99  96 109 116 122 114 126 135 150 155 151 160 175 178 197 199
 205 216 224 232 231 249 268 280 291 302 321 320 332 344 346 349 376 369
 371 390 410 417 416 418 438 456 455 448 459 454 462 485 491 507 511 516
 533 529 525 532 547 559 575 567 579 585 593 610 625 623 639 637 647 651
 658 664 671 682 696 703 724 733 737 746 760 771 764 759 757 758 756 767
 778 776 772 773 765 761 769 762 749 748 726 730 729 722 745 740 741 751
 755 763 781 782 774 770 766 752 743 750 727 716 713 710 711 681 676 686
 693 702 695 714 723 701 715 707 672 661 653 652 688 692 700 699 709 720
 725 739 747 754 753 736 732 712 691 680 690 697 721 738 742 731 735 744
 734 717 704 708 687 677 670 678 684 679 689 674 659 654 644 633 626 611
 596 597 589 598 612 618 640 643 648 656 660 683 706 718 719 698 694 685
 668 665 650 645 635 629 621 620 627 616 606 587 577 551 556 546 539 530
 538 560 568 578 561 553 550 505 484 483 465 481 471 435 428 422 444 451
 457 452 404 391 388 338 298 285 266 255 267 257 258 239 223 242 248 247
 238 235 241 269 265 234 214 215 184 171 179 185 204 194 195 174 152 159
 154 146 138 145 124  87  55  48  51  36  24  14   0  16  22   1   6  17
  11   8  32  75  97  62  47  38  28   9   2   4  18   7  29  35  19  30
  81 131 130 103 112 118 147 144 157 165 173 167 169 192 233 253 314 313
 328 340 354 356 366 420 427 450 441 443 460 461 502 509 554 573 592 605
 615 636 646 603 580 588 604 574 570 542 526 541 520 466 392 375 310 294
 286 281 243 202 196 158 149 137 181 189 273 327 394 400 498 510 595 705
 768 777 775 779 780 728 449  39   5]
Value - initial: 71359353, final: 3376191, improveup: 21.1360533216

data-line;i;71359353;f;3376191;t;17.2757661343;c;-2;fv;[3376191L];cv;-1;imp;21.1360533216;type;rvnd;inum;6;w;1

time;17.2757661343;man_time;0;neigh_time;0
man_time;0;man_merge_sol;0;man_best_sol;0;man_combine_sol;0

Waiting [0]
Terminating workers True 0 0
MPI TERMINATING
