pydf_home: /home/rodolfo/git/Sucuri
simple_pycuda_home: /home/rodolfo/git/simple-pycuda
wamca2016path: /home/rodolfo/git/wamca2016/
localpath: /home/rodolfo/git/dvnd-df/code/dvnd-df/src/
WAMCAPATH:/home/rodolfo/git/wamca2016/
param: {solution_index:0, solution_instance_index:4, multi_gpu:True, goal:False, problem_name:ml, number_of_moves:10, device_count:2, solver:rvnd, mpi_enabled:True, workers:1}
Using already created file:  wamca2016lib.so
Size: 52 - file name: 01_berlin52.tsp

Value - initial: 716414-[49 24 23  1  5 27 10 15 22 28 39 48 51 50 12 32 44 36 38 13  4 30  9 47 43
 33 17 16  6 46 40 42 18 21  8 37 14 25 45 29 20  7 19 34  2 41  0 26 11 31
  3 35] - 716414
Solver: RVND, number of workers: 1
Setting feeder affinity
I am the master. There are 1 mpi processes. (hostname = gpu01)
Roots [<pyDF.nodes.Feeder object at 0x7fbccf127ad0>]
Starting 0
Main loop
I am worker 0
GPU0
set random seed!
Initial: 716414-[49 24 23  1  5 27 10 15 22 28 39 48 51 50 12 32 44 36 38 13  4 30  9 47 43
 33 17 16  6 46 40 42 18 21  8 37 14 25 45 29 20  7 19 34  2 41  0 26 11 31
  3 35]
Final time: 1.46962308884s - Best: 146712-[49 19 22 30 17 21  0 31 48 35 34 33 38 39 37 36 43 15 45 47 23  4 14  5  3
 24 11 27 26 25 46 28 29  1  6 41 20 16  2 18 44 40  7  9  8 42 32 50 10 13
 51 12]
Value - initial: 716414, final: 146712, improveup: 4.88313157751

data-line;i;716414;f;146712;t;1.46962308884;c;-2;fv;[146712L];cv;-1;imp;4.88313157751;type;rvnd;inum;0;w;1

time;1.46962308884;man_time;0;neigh_time;0
man_time;0;man_merge_sol;0;man_best_sol;0;man_combine_sol;0

Waiting [0]
Terminating workers True 0 0
MPI TERMINATING
