pydf_home: /home/rodolfo/git/Sucuri
simple_pycuda_home: /home/rodolfo/git/simple-pycuda
wamca2016path: /home/rodolfo/git/wamca2016/
localpath: /home/rodolfo/git/dvnd-df/code/dvnd-df/src/
WAMCAPATH:/home/rodolfo/git/wamca2016/
param: {solution_index:6, solution_instance_index:24, multi_gpu:True, goal:False, problem_name:ml, number_of_moves:10, device_count:2, solver:rvnd, mpi_enabled:True, workers:1}
Using already created file:  wamca2016lib.so
Size: 783 - file name: 07_rat784.tsp

Value - initial: 70629145-[163  30 574 573 628 519 146 150 776 310 370 469   7 473 700 575 595 405
 572 482 505  52 178 605 684 301 135 637 658 243 585 394 641 377 773  24
 446 496 314 480 660 276 451 239 759 760  75 404 165 375 493 763 727 372
 477 203 386 636 647 114 531  16 311  95 707 201  60 704 112 463 294 456
 622 481 623 455 245 520 521 448  10 514 681  78 633 325 302 402  35 640
 559 447 526 452 645 125 729   1 607 338 430 263 610 221 604 196 253 328
  64 632 706 400 597 170 721 563 556 651 663 569 517 349 735 334  45 231
 501 368 340 682 588 431 425 539 734 336 739 213 281 198 366 695 665 679
 361  73 122 562 485 287 403 354 295 256 351 415 555 768 522 440  55 327
 502 197 308 160 530 612 593 274 504 614 161 673 280 479 470 620 715 187
 330  84 359 434 697 774 214 509 222 465 713 552 724 659   2 267 156 656
 398 121 649 742 113 468 219 104 252 583 153 497 342  94 373  36 155 775
 142  83 728 364 600  82 778 152  23 261 293 752 609 251 131 577 719 598
 189 210 224 315 406 309 179 173 722 411 227  81 746 270 362 492 422 162
 731  42 423 268 379 436 542 779 518  26 484 513 208 671 554 427 506  70
 149 644 195 596 378 107 191 561 277 247  39 544 215  89 655 167 124  92
 129  71  17 568 306 211 564 464 709  12 566 344 692  68  18 590  74 589
 278 132 745 100 580 110 732 108 329 702 166 331 407 672 397 453  61 271
 345 712 652  20  37 193  38 723 753 339 291 765 348 491 363 667 725 101
  85 638 323 387 537 683 140 615 347  53 350 625 701 670  86 228 528  62
 346 498 115 457 218 751  97 143  65 184 248 761 296 557 714 158 454 626
 392 780 444 273 545 324 429 693 476  88 432 384 241 177 202 343 766 212
  99 737 687 297 426 720 478 565 461 538 629  69 133 515 511 543 621 582
 391 617 587  67 242 157 312  19 718 662 758 458  54  34 466 183 592 420
 396 472 103 540 733 643 319 292 298  77 639 657 529 138  50 711 646 654
 305 495 235 102 699  25 488 192 419 408 171 286 282 226 117 688 127 413
 272 234 594 254 374 756  46 139  31 618 264 147 154 691  90 642 449  59
 290 199 541 781 533 603  11 558 696 717 186 360 442 668 209 181 141 134
 740 666 318 782 169 395 631 383 771 285  63 299 749 288 262 630 369 690
  79 258  21 578 353 246 120 503 738 414  32  14 371 144 767 385 730 255
 232 399 764 382 275  56  43  57 551 777 613 244 661  48  29 571 388 151
 486 332 705 321 380 678 223 441 412   8   3 106 326  44 755 525 433 579
 257 487 417 317  22  80 736  47 516 367 376  93 240 307 250 494 772 206
 450 677 524 500 180 549 703 217 109  33 435 355 182  49 401 424 624 586
 686 176 608 313  98 599 546 207 747 606 279 489 352 532 669   0 694 265
  41 475  51 708 421 136   9 172 581 710  72 123 284  76 443 393 716 680
 548  87 523 438 535 748 229 653  96 205 676 567 508  40 757 116 534 648
 570 335 148 744 164 356 467   5 750 490  58 188 741 259 428 410 341 236
 316 550 289 159 320 770 174  27 416 337 230 584 512 128 118 238 664 304
 726 409 303 105 674 216 634 381 249 689 322 204 611 233 365 601 635 459
 698 168 175 200 762 260 111 300 527  91 460 650 536 390 389 769 145 126
 591 237  15 616 357 190 185 225  66 619 602 474 119 437 439 499 269 445
 507   6 220 627   4 675 685 483 266 547 471 743 576 194 510 553  13 754
 333 560 358 462 418  28 137 130 283] - 70629145
Solver: RVND, number of workers: 1
Setting feeder affinity
I am the master. There are 1 mpi processes. (hostname = gpu01)
Roots [<pyDF.nodes.Feeder object at 0x7f57e9f10ad0>]
Starting 0
Main loop
I am worker 0
GPU0
set random seed!
Initial: 70629145-[163  30 574 573 628 519 146 150 776 310 370 469   7 473 700 575 595 405
 572 482 505  52 178 605 684 301 135 637 658 243 585 394 641 377 773  24
 446 496 314 480 660 276 451 239 759 760  75 404 165 375 493 763 727 372
 477 203 386 636 647 114 531  16 311  95 707 201  60 704 112 463 294 456
 622 481 623 455 245 520 521 448  10 514 681  78 633 325 302 402  35 640
 559 447 526 452 645 125 729   1 607 338 430 263 610 221 604 196 253 328
  64 632 706 400 597 170 721 563 556 651 663 569 517 349 735 334  45 231
 501 368 340 682 588 431 425 539 734 336 739 213 281 198 366 695 665 679
 361  73 122 562 485 287 403 354 295 256 351 415 555 768 522 440  55 327
 502 197 308 160 530 612 593 274 504 614 161 673 280 479 470 620 715 187
 330  84 359 434 697 774 214 509 222 465 713 552 724 659   2 267 156 656
 398 121 649 742 113 468 219 104 252 583 153 497 342  94 373  36 155 775
 142  83 728 364 600  82 778 152  23 261 293 752 609 251 131 577 719 598
 189 210 224 315 406 309 179 173 722 411 227  81 746 270 362 492 422 162
 731  42 423 268 379 436 542 779 518  26 484 513 208 671 554 427 506  70
 149 644 195 596 378 107 191 561 277 247  39 544 215  89 655 167 124  92
 129  71  17 568 306 211 564 464 709  12 566 344 692  68  18 590  74 589
 278 132 745 100 580 110 732 108 329 702 166 331 407 672 397 453  61 271
 345 712 652  20  37 193  38 723 753 339 291 765 348 491 363 667 725 101
  85 638 323 387 537 683 140 615 347  53 350 625 701 670  86 228 528  62
 346 498 115 457 218 751  97 143  65 184 248 761 296 557 714 158 454 626
 392 780 444 273 545 324 429 693 476  88 432 384 241 177 202 343 766 212
  99 737 687 297 426 720 478 565 461 538 629  69 133 515 511 543 621 582
 391 617 587  67 242 157 312  19 718 662 758 458  54  34 466 183 592 420
 396 472 103 540 733 643 319 292 298  77 639 657 529 138  50 711 646 654
 305 495 235 102 699  25 488 192 419 408 171 286 282 226 117 688 127 413
 272 234 594 254 374 756  46 139  31 618 264 147 154 691  90 642 449  59
 290 199 541 781 533 603  11 558 696 717 186 360 442 668 209 181 141 134
 740 666 318 782 169 395 631 383 771 285  63 299 749 288 262 630 369 690
  79 258  21 578 353 246 120 503 738 414  32  14 371 144 767 385 730 255
 232 399 764 382 275  56  43  57 551 777 613 244 661  48  29 571 388 151
 486 332 705 321 380 678 223 441 412   8   3 106 326  44 755 525 433 579
 257 487 417 317  22  80 736  47 516 367 376  93 240 307 250 494 772 206
 450 677 524 500 180 549 703 217 109  33 435 355 182  49 401 424 624 586
 686 176 608 313  98 599 546 207 747 606 279 489 352 532 669   0 694 265
  41 475  51 708 421 136   9 172 581 710  72 123 284  76 443 393 716 680
 548  87 523 438 535 748 229 653  96 205 676 567 508  40 757 116 534 648
 570 335 148 744 164 356 467   5 750 490  58 188 741 259 428 410 341 236
 316 550 289 159 320 770 174  27 416 337 230 584 512 128 118 238 664 304
 726 409 303 105 674 216 634 381 249 689 322 204 611 233 365 601 635 459
 698 168 175 200 762 260 111 300 527  91 460 650 536 390 389 769 145 126
 591 237  15 616 357 190 185 225  66 619 602 474 119 437 439 499 269 445
 507   6 220 627   4 675 685 483 266 547 471 743 576 194 510 553  13 754
 333 560 358 462 418  28 137 130 283]
Final time: 26.9380710125s - Best: 3491577-[163 164 181 208 210 211 218 209 200 212 220 225 236 250 261 274 286 300
 311 317 325 335 329 310 294 302 291 280 268 249 258 257 267 255 242 221
 226 230 229 245 238 235 241 265 269 288 304 312 342 355 358 351 362 383
 394 422 428 435 444 451 457 465 483 484 505 516 511 507 491 485 462 454
 437 421 432 425 429 448 455 456 476 482 490 499 500 506 504 520 541 557
 564 569 576 599 600 613 632 652 653 661 672 673 675 667 666 663 649 638
 630 609 617 641 631 628 614 603 580 572 571 558 552 523 521 496 495 486
 473 479 488 492 513 519 527 524 536 543 531 544 509 502 503 515 522 537
 549 545 548 573 566 581 591 592 605 615 636 646 669 693 702 695 714 727
 723 701 707 715 722 729 730 726 700 699 709 694 698 719 718 736 753 754
 747 739 748 749 762 769 761 765 773 772 776 778 767 758 756 732 712 706
 683 668 665 650 645 635 629 621 608 602 586 590 583 555 540 535 534 563
 562 565 577 587 598 612 618 640 643 659 674 680 690 691 697 689 679 684
 678 670 687 677 658 651 647 625 637 639 623 595 575 567 559 547 532 525
 510 481 452 442 424 406 396 388 391 404 423 419 438 430 434 440 447 436
 433 415 431 445 449 464 474 487 501 508 497 477 467 453 446 439 402 414
 413 399 401 382 380 385 379 374 359 353 350 347 339 337 363 372 367 384
 387 397 411 426 450 470 480 478 460 441 427 420 398 412 405 403 393 373
 368 378 377 360 348 361 341 330 333 323 319 308 297 271 270 262 259 243
 228 227 219 202 190 188 196 187 182 158 153 128 129 140 131 130 157 165
 173 177 191 206 213 222 244 240 251 260 278 283 295 296 303 313 328 340
 354 366 356 314 284 279 264 263 246 237 217 198 192 170 176 180 193 169
 167 144 147 141 148 134 133 121 113 108 105 100  83  78  39  37  42  65
  74  86  95 112 103  90  72  59  33  27  23  26  20  15  25  43  54  68
  77  89  92 102  91  71  53  41  50  31  13  21  34  30  19   7  18  29
  35  58  60  67  49  61  81  85 117 137 156 168 189 199 197 178 175 162
 139 127 107 104 101 111 115 132 136 142 151 160 186 203 201 207 223 248
 247 273 272 277 293 316 318 322 326 334 357 365 370 364 375 392 407 408
 409 418 416 417 410 390 371 369 376 346 349 352 345 331 315 306 299 289
 292 305 290 298 285 266 239 231 232 224 216 205 172 149 143 123 120 125
  98  84  70  63  47  76  73  88  94  97 119 135 150 155 161 183 195 194
 174 159 152 126 110 106  93  82  75  62  38  28   4   2   9   8  11  32
  57  52  46  64  45  17   6   1  22  16   0  14  24  55  48  51  56  44
  36  40  66  80  69  79  99  96 109 114 116 122 138 146 154 171 179 185
 184 214 215 234 254 275 276 301 327 343 381 386 389 400 471 498 529 533
 550 553 561 578 579 585 593 610 596 597 626 633 611 589 568 560 538 539
 546 530 517 518 512 514 528 551 556 606 616 620 627 648 660 656 654 644
 664 671 682 696 703 724 733 737 746 768 777 760 771 764 759 744 735 734
 717 708 704 705 721 731 738 742 757 775 779 780 745 740 741 751 755 763
 750 781 782 774 770 766 752 743 728 711 710 713 716 686 681 676 657 655
 662 642 634 624 622 619 607 594 601 584 582 554 489 461 443 395 336 309
 307 287 282 281 256 252 321 320 332 344 324 338 459 472 494 466 468 469
 463 475 493 526 542 574 570 588 604 692 688 725 720 685 458 253 233 118
   3  10  12   5 166 204 145 124  87]
Value - initial: 70629145, final: 3491577, improveup: 20.2284368926

data-line;i;70629145;f;3491577;t;26.9380710125;c;-2;fv;[3491577L];cv;-1;imp;20.2284368926;type;rvnd;inum;6;w;1

time;26.9380710125;man_time;0;neigh_time;0
man_time;0;man_merge_sol;0;man_best_sol;0;man_combine_sol;0

Waiting [0]
Terminating workers True 0 0
MPI TERMINATING
