pydf_home: /home/rodolfo/git/Sucuri
simple_pycuda_home: /home/rodolfo/git/simple-pycuda
wamca2016path: /home/rodolfo/git/wamca2016/
localpath: /home/rodolfo/git/dvnd-df/code/dvnd-df/src/
WAMCAPATH:/home/rodolfo/git/wamca2016/
param: {solution_index:1, solution_instance_index:42, multi_gpu:True, goal:False, problem_name:ml, number_of_moves:10, device_count:2, solver:rvnd, mpi_enabled:True, workers:1}
Using already created file:  wamca2016lib.so
Size: 100 - file name: 02_kroD100.tsp

Value - initial: 7563717-[30 60 56 22 75 95 94 99 87 42 19 52 61 41 55  0  9 48 84  7 38 77 18 62  3
 86 91  8  5 39 49 31 37  4 68 40 88 80 25 53 15 45 57 82 54  1 36 65 74 16
 11 67 27 13 50 20 89 47 17 71 70 97 26 32  2 96 59 81 35 21 69 85 83 23 14
 43 93 63  6 24 12 98 78 92 34 29 76 46 73 58 66 10 33 28 44 90 64 51 79 72] - 7563717
Solver: RVND, number of workers: 1
Setting feeder affinity
I am the master. There are 1 mpi processes. (hostname = gpu01)
Roots [<pyDF.nodes.Feeder object at 0x7f849b85dad0>]
Starting 0
Main loop
I am worker 0
GPU0
set random seed!
Initial: 7563717-[30 60 56 22 75 95 94 99 87 42 19 52 61 41 55  0  9 48 84  7 38 77 18 62  3
 86 91  8  5 39 49 31 37  4 68 40 88 80 25 53 15 45 57 82 54  1 36 65 74 16
 11 67 27 13 50 20 89 47 17 71 70 97 26 32  2 96 59 81 35 21 69 85 83 23 14
 43 93 63  6 24 12 98 78 92 34 29 76 46 73 58 66 10 33 28 44 90 64 51 79 72]
Final time: 1.04966592789s - Best: 986077-[30 77 98 44 32 67 13 64 85 95 15 62 53 90 38 72 83 40 23 26 87 78 12  0 49
 93 16 89 97 48 69 88 10 33 80 37 65  7 51 45 68 14 76 42 70  3 92 43 59 52
 61 36 18 50 34 29 99  1 47 91  4  2 82 39  5 58 63 84 17 24 19  9  8 54 86
 25 94 55 20 46 27 11 81 56 71 79 75 60 73  6 74 66 35 28 57 21 41 22 31 96]
Value - initial: 7563717, final: 986077, improveup: 7.6705135603

data-line;i;7563717;f;986077;t;1.04966592789;c;-2;fv;[986077L];cv;-1;imp;7.6705135603;type;rvnd;inum;1;w;1

time;1.04966592789;man_time;0;neigh_time;0
man_time;0;man_merge_sol;0;man_best_sol;0;man_combine_sol;0

Waiting [0]
Terminating workers True 0 0
MPI TERMINATING
