pydf_home: /home/rodolfo/git/Sucuri
simple_pycuda_home: /home/rodolfo/git/simple-pycuda
wamca2016path: /home/rodolfo/git/wamca2016/
localpath: /home/rodolfo/git/dvnd-df/code/dvnd-df/src/
WAMCAPATH:/home/rodolfo/git/wamca2016/
param: {solution_index:4, solution_instance_index:72, multi_gpu:True, goal:False, problem_name:ml, number_of_moves:10, device_count:2, solver:rvnd, mpi_enabled:True, workers:1}
Using already created file:  wamca2016lib.so
Size: 501 - file name: 05_TRP-S500-R1.tsp

Value - initial: 33686709-[416 308 235 230 343 461 327 265 237 100 254 363 497 313 435 453 112 411
 243 214  55  18 425 153  65 206 144 475  27 244 443 469  77  38 174 445
 260 158  74 357 219 306 183  80 389 200 303 217 259 127 376 204 336 105
 281 347 356 187 481   9  10 438 143  20 334 352 395 398 178 406 275 287
 172 282 316 428 258 379 249 113 173 436  79  81 162 368 185 339 236  70
  24 480  29 355  43 456 151 150  58 278 333 274   1 467  31 273 231 382
 102 194 161  35 366 309 295 216 329 220 139 251 441 345 170  67 490  71
  97 448 322 283  11 325 450  22 492 378 234 440  37 479  98 381 315 361
 263 485  59 323 117 359 181 140  30 146 427  32 110 238 471 131 409 268
 500 169 447 103  61 152 310 149 353 182 177 157  34 129  94  92 493 383
 430 328  57  49 164 439 466 454 319 367  75  56 108 431 486 137 142  14
 111 147  64  17 463 104 458 240 499 166 476  41 293 484 248 250   5 156
  25 360 184 227 311 192 286 400 189  88 385 188 397 422 269 292 405  51
 272 223  52 326 199 246 346 338  73 190 285  83  46 202 271 130  89 296
 225 307 384 221 446 176  19 330 390  45 266 350 349 141 348 483 114  69
 465 488 207  53 449 222 218 180 171 101 386 380 297  33 255 314  13 122
 301 135 413 433  63   2 374 302 126 442  44  23  86   0  15 451 392 191
 167 116   3 107  39 452 210 124 267 298 341 407 232 477  21 179 121 261
 138 462 233  66 375 284 404 437 496 264  54 120   6 344 211  78 312  91
  84 391 241 417 213 133 340 415 155 365 432 351 393 277  87 320 256 288
 212 253 434 195 354   4 224 148 136 410 304 125  36 229 402 412 239 408
  90 276 421 414 186 478 468  96 372 396 335 193 245 270  60 377 300 495
 370  72 242 429 387 362 401  26 494 403  82 198 145  12 444  95   7 472
 294 464 252 358 247 459 106 455  16  93  62 168 226 420 291 175 460 209
 491 228 289 165  28 115 262  48 132 423 364 482  50 321 317  68 196 197
 332 205 419 318 159 163 388 418 337 279 160 424 498 257 208 473 373 201
  40 215 394   8 399  47 342  85 134 487 371 280  42 305 331 474 203 324
 109 369 457 299 489 119 128  99  76 123 470 290 426 118 154] - 33686709
Solver: RVND, number of workers: 1
Setting feeder affinity
I am the master. There are 1 mpi processes. (hostname = gpu01)
Roots [<pyDF.nodes.Feeder object at 0x7f3b4afc5ad0>]
Starting 0
Main loop
I am worker 0
GPU0
set random seed!
Initial: 33686709-[416 308 235 230 343 461 327 265 237 100 254 363 497 313 435 453 112 411
 243 214  55  18 425 153  65 206 144 475  27 244 443 469  77  38 174 445
 260 158  74 357 219 306 183  80 389 200 303 217 259 127 376 204 336 105
 281 347 356 187 481   9  10 438 143  20 334 352 395 398 178 406 275 287
 172 282 316 428 258 379 249 113 173 436  79  81 162 368 185 339 236  70
  24 480  29 355  43 456 151 150  58 278 333 274   1 467  31 273 231 382
 102 194 161  35 366 309 295 216 329 220 139 251 441 345 170  67 490  71
  97 448 322 283  11 325 450  22 492 378 234 440  37 479  98 381 315 361
 263 485  59 323 117 359 181 140  30 146 427  32 110 238 471 131 409 268
 500 169 447 103  61 152 310 149 353 182 177 157  34 129  94  92 493 383
 430 328  57  49 164 439 466 454 319 367  75  56 108 431 486 137 142  14
 111 147  64  17 463 104 458 240 499 166 476  41 293 484 248 250   5 156
  25 360 184 227 311 192 286 400 189  88 385 188 397 422 269 292 405  51
 272 223  52 326 199 246 346 338  73 190 285  83  46 202 271 130  89 296
 225 307 384 221 446 176  19 330 390  45 266 350 349 141 348 483 114  69
 465 488 207  53 449 222 218 180 171 101 386 380 297  33 255 314  13 122
 301 135 413 433  63   2 374 302 126 442  44  23  86   0  15 451 392 191
 167 116   3 107  39 452 210 124 267 298 341 407 232 477  21 179 121 261
 138 462 233  66 375 284 404 437 496 264  54 120   6 344 211  78 312  91
  84 391 241 417 213 133 340 415 155 365 432 351 393 277  87 320 256 288
 212 253 434 195 354   4 224 148 136 410 304 125  36 229 402 412 239 408
  90 276 421 414 186 478 468  96 372 396 335 193 245 270  60 377 300 495
 370  72 242 429 387 362 401  26 494 403  82 198 145  12 444  95   7 472
 294 464 252 358 247 459 106 455  16  93  62 168 226 420 291 175 460 209
 491 228 289 165  28 115 262  48 132 423 364 482  50 321 317  68 196 197
 332 205 419 318 159 163 388 418 337 279 160 424 498 257 208 473 373 201
  40 215 394   8 399  47 342  85 134 487 371 280  42 305 331 474 203 324
 109 369 457 299 489 119 128  99  76 123 470 290 426 118 154]
Final time: 6.39933800697s - Best: 1970962-[416 345 221 421 496 325  67 480 300 384 114  17   1 176 409 318 497 368
  35 379  13 194 500 242 234 456 371  34 289 188 267 476 491  27 441 244
  37 130 446 474 482 127 314 401  24 465 462  11 283 424 315 173 323 374
 498 397 429 493 461 241 495  56 184 154 230 468 346  76 394 195 174 146
  38 436 382 419  88 193 112 142 236 356   5 111   7 445 339  59  83 486
  41 469  32  80  84 463  48 113 169 121 321 258 106 135 164 276 171 282
 224 149   8 390 310 320 327 153 400  23 107  53 222 166  98  78 348 303
 344 116 179 373  44 330 301 451 233 211  94 332 102 460 479 216 380 208
 109  89  12 275 387 349 279 372 196 328 297 263 313 104 272 139 376  86
 413  21 278 202 299 292  55 185  43 285 309 163  42 453 140 251  70 307
 155 466  93  99 290 203 281  69 265 238 381 457 226 239 129 439 160 403
 411 447 215  16 438  52 248   6 302 212  72 308 268 336 386 395 262 298
 245 370 274 333  75 161 484 391 312 426 126 205 108 405 147 392 455 435
 367 254  57 404 157 201 467 365 487  25 475 187 473  90 207 354 141 485
 448  95 190 255 288 430 494 218 120 322 477 148  49 366  65 440  15  96
 138 385 175 410  30 223   4 459 119  36 434 273 393 167 117 481 305 351
 182  28 383  45 347  60 324 162 311 450 369 377 488   2 168  92 170  50
  26 189 418  64 143 259 125 220 264 490 197 159 228 471 115 316 247 131
 295 338 415 350 449 458 284 329  54 128  20 294 402 253 156 407 269 191
 165 291 443 340 260 151 334 428 355 145 257  46 249 342 256 375 231 454
   9 472 199 122 134  51 225 101  85 110  31 105 398 214 483 331 240 103
 132 359 408 183  47  29 389 209 499 319  33 136 470 200 335 172 213 286
 337 414 341  22 261 118 219 343 433 100  77 396 180 252 357 406  58 206
  40 144  74 427 378  10 124 277 352 326 210  87  81 362  62 420 266  82
 358 181 431 232 364  71 464 158 198 353 287 422 437 361 423 399 442 489
 229  63 271 150   0  18 452 235  19 243  73 417 186 363 492 133 250 227
  14 412  79  97 237 304 306 293 388  68 152 204 137 478 270 317 280 296
  61 192 123  91 444 217  39 246 360 425  66   3 178 432 177]
Value - initial: 33686709, final: 1970962, improveup: 17.0915060767

data-line;i;33686709;f;1970962;t;6.39933800697;c;-2;fv;[1970962L];cv;-1;imp;17.0915060767;type;rvnd;inum;4;w;1

time;6.39933800697;man_time;0;neigh_time;0
man_time;0;man_merge_sol;0;man_best_sol;0;man_combine_sol;0

Waiting [0]
Terminating workers True 0 0
MPI TERMINATING
