pydf_home: /home/rodolfo/git/Sucuri
simple_pycuda_home: /home/rodolfo/git/simple-pycuda
wamca2016path: /home/rodolfo/git/wamca2016/
localpath: /home/rodolfo/git/dvnd-df/code/dvnd-df/src/
WAMCAPATH:/home/rodolfo/git/wamca2016/
param: {solution_index:5, solution_instance_index:42, multi_gpu:True, goal:False, problem_name:ml, number_of_moves:10, device_count:2, solver:rvnd, mpi_enabled:True, workers:1}
Using already created file:  wamca2016lib.so
Size: 657 - file name: 06_d657.tsp

Value - initial: 289332929-[ 53 351 501 256 259 251 151 104 237 482 411 107 183 378 621 153 578  15
 254   7 145 124   0 333 116 318 476 388 508 146 331 118 200 291 459 148
 289 363 199 617  65 561 233 528 610 218  59 557 163 598  28 558 419 213
 301 263  36 304 273 208 170 343 393 605 374 653 137  75 236 295 293 125
 312 139 226 575 186 408 294 129 136 487 111 601 164 567 493  78 123  85
 656 428 464 128 461 645  54 214 149 566 389 317 328  69 280 207 506 643
 334 565 572 502 326 179 321 533 548 269 362 438  94 313 391 135 452 445
 219 425 277 173  21  58 201 608 505 429 420 352 242  93 407 297 458 589
 475 303 642 262 243  77 444 511  67 100 133 629 477 432 474 453 584 639
 222 418 366 462 338 607 130 560 570  25 323 524 202 324  51 390 156 349
  23 591 105 410 396 181  26 372 114   1 523 250 319 559 650 371 339 361
  72  20 581  97 593 433 527 590 234 403 102 194 545 535 168 309 655  68
 490 359 308 522 306 517 549 525 142  46 253 602 108 648 221 337 209 369
 481 377 143 615 134 633 115  61 126 246 512 355 335 187 336 193 495 174
  82  42 435 373 583 635 279 314 652 158 579 385  70  96 451  55 613 468
 623 101 358  11 211  71 649  41  79 465 436  19  88 620  60 204 231 616
 189 646 232 460 365 514 386  83 162 521 504  63  29  95 540 500 290   2
 551 496 484 647 379  44 215  48 255 573 454 311 347 626 110 530  49  17
 538 169  45 252 600 288 192  43 473 285 624 488  50 171  66  32  35 595
  13 370 155 120 596 568  73 587 622 457 466 195  33 483  64 182 230 478
 447 284 271 463  39 469 332 588 342 519 296 176 150 594  24 492 614 450
 513 569 592 556 611  38 364  89 157 228 281  92 205 507 631 152 499 122
  98 249 494 140 604 160 257 536 555 223 562 636   3  91 455 344 350 188
 497 397 434 577 329 381 415 260 471 516 227  14 544 412 138 106 586 542
 552 529 165  31 406 485 574 479 210 401 235 515 405 651  87 287 196 117
 286 509 258  52 322 224  37 216 276 265 618 270 534 503 550 245 167 320
 305  47 327  81 356 325 582 440 437 302  56 597 266  16 225 547 206 480
 190 489 180 341 400 414 283 439  12 383 526 119 654 637  40 127 261 360
 268 531 553 427 380   6 470 628 159 539  34 541  27  57 147 198 217 409
 166  74 603 387 426  80 546 316 132 609 392  22 537 239 498 375 191  86
 238 571   5 404 340 212 612  90 417 357 161 585 402 446 632  10 220 141
 282  30 177 423 298 154 456 395 241 430  62 641 422  84 625   9 307 278
 644 399 267 109 144 472 627  76 310 619 275 315 606 518   8 248 394 532
  99 640 112 346 416 424 431 240 247 491 564 131 520 178 354 441 510 353
 113 376 274 197 272 486 175 367 103 442 398 443 563 264 292 299 330 599
 368 121 543 384 184 448 630 554 203 185 172 467 244 413 576 382 634 449
 300 421 345  18 638 348 229   4 580] - 289332929
Solver: RVND, number of workers: 1
Setting feeder affinity
I am the master. There are 1 mpi processes. (hostname = gpu01)
Roots [<pyDF.nodes.Feeder object at 0x7fd9c8122ad0>]
Starting 0
Main loop
I am worker 0
GPU0
set random seed!
Initial: 289332929-[ 53 351 501 256 259 251 151 104 237 482 411 107 183 378 621 153 578  15
 254   7 145 124   0 333 116 318 476 388 508 146 331 118 200 291 459 148
 289 363 199 617  65 561 233 528 610 218  59 557 163 598  28 558 419 213
 301 263  36 304 273 208 170 343 393 605 374 653 137  75 236 295 293 125
 312 139 226 575 186 408 294 129 136 487 111 601 164 567 493  78 123  85
 656 428 464 128 461 645  54 214 149 566 389 317 328  69 280 207 506 643
 334 565 572 502 326 179 321 533 548 269 362 438  94 313 391 135 452 445
 219 425 277 173  21  58 201 608 505 429 420 352 242  93 407 297 458 589
 475 303 642 262 243  77 444 511  67 100 133 629 477 432 474 453 584 639
 222 418 366 462 338 607 130 560 570  25 323 524 202 324  51 390 156 349
  23 591 105 410 396 181  26 372 114   1 523 250 319 559 650 371 339 361
  72  20 581  97 593 433 527 590 234 403 102 194 545 535 168 309 655  68
 490 359 308 522 306 517 549 525 142  46 253 602 108 648 221 337 209 369
 481 377 143 615 134 633 115  61 126 246 512 355 335 187 336 193 495 174
  82  42 435 373 583 635 279 314 652 158 579 385  70  96 451  55 613 468
 623 101 358  11 211  71 649  41  79 465 436  19  88 620  60 204 231 616
 189 646 232 460 365 514 386  83 162 521 504  63  29  95 540 500 290   2
 551 496 484 647 379  44 215  48 255 573 454 311 347 626 110 530  49  17
 538 169  45 252 600 288 192  43 473 285 624 488  50 171  66  32  35 595
  13 370 155 120 596 568  73 587 622 457 466 195  33 483  64 182 230 478
 447 284 271 463  39 469 332 588 342 519 296 176 150 594  24 492 614 450
 513 569 592 556 611  38 364  89 157 228 281  92 205 507 631 152 499 122
  98 249 494 140 604 160 257 536 555 223 562 636   3  91 455 344 350 188
 497 397 434 577 329 381 415 260 471 516 227  14 544 412 138 106 586 542
 552 529 165  31 406 485 574 479 210 401 235 515 405 651  87 287 196 117
 286 509 258  52 322 224  37 216 276 265 618 270 534 503 550 245 167 320
 305  47 327  81 356 325 582 440 437 302  56 597 266  16 225 547 206 480
 190 489 180 341 400 414 283 439  12 383 526 119 654 637  40 127 261 360
 268 531 553 427 380   6 470 628 159 539  34 541  27  57 147 198 217 409
 166  74 603 387 426  80 546 316 132 609 392  22 537 239 498 375 191  86
 238 571   5 404 340 212 612  90 417 357 161 585 402 446 632  10 220 141
 282  30 177 423 298 154 456 395 241 430  62 641 422  84 625   9 307 278
 644 399 267 109 144 472 627  76 310 619 275 315 606 518   8 248 394 532
  99 640 112 346 416 424 431 240 247 491 564 131 520 178 354 441 510 353
 113 376 274 197 272 486 175 367 103 442 398 443 563 264 292 299 330 599
 368 121 543 384 184 448 630 554 203 185 172 467 244 413 576 382 634 449
 300 421 345  18 638 348 229   4 580]
Final time: 13.391379118s - Best: 13970984-[ 53  60  64  41  39  36  35  33  32  24  21  14  15  20  16  17  13  18
  19 444 445 447 446 443 441 440  23  25  26  27  30  55  59  48  52  57
  65  50  54  49  44  45  63  68  73  77  84  74  93  98  97  91 102 114
 118 103 119 113  99  92  86  90 104 105 121 112 122 106 111 107 100  96
 110 123 108  95  88  87 497 494 491 482 472 483  67  76  83  89  94  82
  75  81  80  71  66  61  43  38  42  46  37  34 469 463 462 466 468 464
 458 453 449 448 450 452 451 454 461 465 467 460 459 473 456 457 475 476
 477 478 515 514 484 481 480 485 486 490 487 488 489 492 495 500 501 503
 502 499 493 496 498 505 124 127 145 144 109 134 146 151 167 153 150 158
 166 179 184 177 221 232 241 254 248 236 225 240 234 218 217 209 199 198
 197 195 191 186 181 180 185 178 172 168 155 140 132 115 101 116 128 130
 137 142 129 131 138 163 156 164 162 190 196 206 220 230 238 239 253 261
 263 264 271 290 298 307 317 322 335 345 341 347 361 372 391 398 389 400
 404 415 421 422 436 430 435 432 423 431 414 405 401 386 377 365 369 350
 326 320 310 300 276 270 252 268 260 251 247 227 219 214 208 207 224 226
 242 250 228 243 255 259 284 304 305 312 318 333 357 351 358 373 378 385
 395 396 410 419 424 425 413 406 402 394 403 407 412 384 379 376 374 368
 366 359 363 352 362 353 344 338 329 332 328 313 314 315 286 283 274 272
 291 277 249 233 244 256 267 282 316 336 343 354 330 319 301 285 278 281
 295 302 296 297 280 273 258 266 592 279 257 246 229 580 213 212 216 222
 205 203 174 160 152 135 125 506 504 126 507 136 133 508 509 559 556 551
 543 549 550 554 555 557 566 565 563 560 564 561 562 568 569 571 572 626
 655 654 653 652 651 650 649 647 645 646 644 643 642 641 640 639 638 637
 636 634 635 633 632 631 630 629 628 552 558 553 548 547 546 545 544 542
 541 540 539 538 537 536 534 535 532 531 529 523 533 530 524 522 525 526
 527 521 520 519 479 471  56  62  51  47  58  70  69  72  85 157 169 171
 170 161 148 139 120 147 154 149 143 176 192 188 175 193 189 182 173 183
 194 200 201 202 581 586 582 578 583 584 585 588 594 597 596 591 595 601
 598 600 605 606 610 607 337 356 331 355 360 381 383 380 375 367 382 392
 339 327 311 294 292 287 275 288 293 299 303 324 323 340 346 334 308 309
 321 325 342 348 349 364 370 397 388 387 433 434 429 417 411 428 418 393
 426 427 408 622 620 618 617 616 615 613 608 602 611 612 619 624 625 623
 621 614 609 604 603 599 593 590 587 579 575 576 577 573 574 570 567 511
 159 510 528 512 513 516 517 518 474 455 442  31  22  29  40  28   7   8
   9  11  12  10   1   2   3   4   5   6  78  79 117 141 210 235 231 237
 269 262 289 371 399 390 416 409 420 438 437 439 187 165 204 215 223 211
 245 265 306 589 656 627 648 470   0]
Value - initial: 289332929, final: 13970984, improveup: 20.7095598277

data-line;i;289332929;f;13970984;t;13.391379118;c;-2;fv;[13970984L];cv;-1;imp;20.7095598277;type;rvnd;inum;5;w;1

time;13.391379118;man_time;0;neigh_time;0
man_time;0;man_merge_sol;0;man_best_sol;0;man_combine_sol;0

Waiting [0]
Terminating workers True 0 0
MPI TERMINATING
