pydf_home: /home/rodolfo/git/Sucuri
simple_pycuda_home: /home/rodolfo/git/simple-pycuda
wamca2016path: /home/rodolfo/git/wamca2016/
localpath: /home/rodolfo/git/dvnd-df/code/dvnd-df/src/
WAMCAPATH:/home/rodolfo/git/wamca2016/
param: {solution_index:6, solution_instance_index:67, multi_gpu:True, goal:False, problem_name:ml, number_of_moves:10, device_count:2, solver:rvnd, mpi_enabled:True, workers:1}
Using already created file:  wamca2016lib.so
Size: 783 - file name: 07_rat784.tsp

Value - initial: 68684163-[536 192 431 191 336 684  42 255 238 144 632 104 489 780 634 743 209  52
 122 586 468 315 625 432 117 583 706  13 776 182 160 649 429 574 757 474
 473 764 107 606 750 482 663  95 237 585 273 736  14 183 252 703 704 164
 508 687 211 662 257 475 488 614 457  77 451 300   6 185 127 669 423 555
 550 126 604 263 650 480 275 514 681 707 177 613 236 207 156 154 245 241
   3 242 259 740 270 504  47 544 699 549 469 163  28 212 729 222 593 246
 612 540 170 128 322 178 291 169 121 161 507 201 360 187 307 714 213 119
 131 276 227 737 588 286  54 412  91 702 542 705 442 619  60 624 166 271
 782 622  94 403 268 180 283 756 766 267 716 537 335 577 500 461 760 779
 253 320 456 402 380 647 781 748 299 505 523 111 408  12 235  59 158  61
 330 310 354 709 151  86 410 421 364 110 318 653 685 434 358 139 628 711
 463 198 162 140 710 676 576  36  17 682  82  31 165 426 103 221 333 524
 719 292 552 244 202 546 427 256 637 447 499  72 234 136  70 405  26  96
 755 464 749 611 602 492 616 487  71 569 741 200 249 478 698 355 620 379
 343 394 340  50  74 193 372 280 553 640 385 636  19 317 278 601  90 230
 260 298 174 648  83 203 674 422 730 677  63  51 633 441 597 448  55 530
 370 627   5  30 363 470  25 484 436 638 651 694 563 378 173 262 600 428
 656 531 184 239 565 399 400  56 114  85 327 486 726 765 721  37 778 159
 390  29 718 558 224 744 631 377 541 773 210 243 288  34 190  41  35 123
 331 369 501 590 248 383 420   8 525 518 659  43 548 413 660 397  20 762
 774 449 368 617  49 667 124 547 769 543 433 717 181 556 141 560 738 708
 742 264  53 342 739 272 118 592 635 204 297 282 294 621 347 520 512 453
 233 149 452 529 197 219  99 138 376 753 409 581 295 352 700 454 373  11
 754  98 332  67 763 559 641 326  57 189 761 443 296 538 712 610 414 134
 639 115 425 382 439  69 206 728 568 240 303 186 722 287 438 344 771  44
 424 155 371  24 496 690 265 386 767 152 745 411 367 316 258 112  23 605
 582 311 747 445 302 646 293 727 629 498 351 517   9 572 208 148 643  78
 223  39 135 570 176 388 226 319 566 415 696 100 510  33  81 323 695 404
  38 603 365 481 325 630 466 108 665  93 521 341 175 349 495 168 735 374
 312  32 120 195  21 471 768 608 733 362 573 731 688 775 232 132 575 417
 693 598 446 678 671 642 313 277 171 375 554 683 459   4 179 668 654 289
 284  15 655  84 440 398  16 673  45 535 321 356 102 533 571 337 406 261
 752  89 125 545 401 715 777 465  87 306 304   7 657 167 113 675 281  62
 580  97 229 301 387 247 458 680 106 329 109 407  79 732 670 130 334   0
 396 309 217 416  76 225 579 462 609 228 561 734 567 218 216 661 450 725
  68 599 339 366 350 266 483 381 502 455 142  75  22 490 157 305 618 697
 522 557  73 346 494 145 623 594 724 539 430 591 143  88 214 692 359 658
  58  64 133 751 551  92 527 644 384 562 314 720 345 679 146  27 348 578
 199 516 528 689 626 666   1 129  48 691 324 686 328 515 497 479  10 532
 534 251 172 664 290 472 477 595 460 231 116 596 564 589 607 361  18 285
 393 513 584 587 467 308 194 437 672  46 418 503 101 485 645 357 511 444
 279 338  65 150 772 105 746  80 269 435 250 491 395 392  40 215 391 147
 353 205 652 153  66 493 519 419 254   2 220 526 506 759 723 196 137 713
 188 274 758 770 509 615 701 389 476] - 68684163
Solver: RVND, number of workers: 1
Setting feeder affinity
I am the master. There are 1 mpi processes. (hostname = gpu01)
Roots [<pyDF.nodes.Feeder object at 0x7fcf918a4ad0>]
Starting 0
Main loop
I am worker 0
GPU0
set random seed!
Initial: 68684163-[536 192 431 191 336 684  42 255 238 144 632 104 489 780 634 743 209  52
 122 586 468 315 625 432 117 583 706  13 776 182 160 649 429 574 757 474
 473 764 107 606 750 482 663  95 237 585 273 736  14 183 252 703 704 164
 508 687 211 662 257 475 488 614 457  77 451 300   6 185 127 669 423 555
 550 126 604 263 650 480 275 514 681 707 177 613 236 207 156 154 245 241
   3 242 259 740 270 504  47 544 699 549 469 163  28 212 729 222 593 246
 612 540 170 128 322 178 291 169 121 161 507 201 360 187 307 714 213 119
 131 276 227 737 588 286  54 412  91 702 542 705 442 619  60 624 166 271
 782 622  94 403 268 180 283 756 766 267 716 537 335 577 500 461 760 779
 253 320 456 402 380 647 781 748 299 505 523 111 408  12 235  59 158  61
 330 310 354 709 151  86 410 421 364 110 318 653 685 434 358 139 628 711
 463 198 162 140 710 676 576  36  17 682  82  31 165 426 103 221 333 524
 719 292 552 244 202 546 427 256 637 447 499  72 234 136  70 405  26  96
 755 464 749 611 602 492 616 487  71 569 741 200 249 478 698 355 620 379
 343 394 340  50  74 193 372 280 553 640 385 636  19 317 278 601  90 230
 260 298 174 648  83 203 674 422 730 677  63  51 633 441 597 448  55 530
 370 627   5  30 363 470  25 484 436 638 651 694 563 378 173 262 600 428
 656 531 184 239 565 399 400  56 114  85 327 486 726 765 721  37 778 159
 390  29 718 558 224 744 631 377 541 773 210 243 288  34 190  41  35 123
 331 369 501 590 248 383 420   8 525 518 659  43 548 413 660 397  20 762
 774 449 368 617  49 667 124 547 769 543 433 717 181 556 141 560 738 708
 742 264  53 342 739 272 118 592 635 204 297 282 294 621 347 520 512 453
 233 149 452 529 197 219  99 138 376 753 409 581 295 352 700 454 373  11
 754  98 332  67 763 559 641 326  57 189 761 443 296 538 712 610 414 134
 639 115 425 382 439  69 206 728 568 240 303 186 722 287 438 344 771  44
 424 155 371  24 496 690 265 386 767 152 745 411 367 316 258 112  23 605
 582 311 747 445 302 646 293 727 629 498 351 517   9 572 208 148 643  78
 223  39 135 570 176 388 226 319 566 415 696 100 510  33  81 323 695 404
  38 603 365 481 325 630 466 108 665  93 521 341 175 349 495 168 735 374
 312  32 120 195  21 471 768 608 733 362 573 731 688 775 232 132 575 417
 693 598 446 678 671 642 313 277 171 375 554 683 459   4 179 668 654 289
 284  15 655  84 440 398  16 673  45 535 321 356 102 533 571 337 406 261
 752  89 125 545 401 715 777 465  87 306 304   7 657 167 113 675 281  62
 580  97 229 301 387 247 458 680 106 329 109 407  79 732 670 130 334   0
 396 309 217 416  76 225 579 462 609 228 561 734 567 218 216 661 450 725
  68 599 339 366 350 266 483 381 502 455 142  75  22 490 157 305 618 697
 522 557  73 346 494 145 623 594 724 539 430 591 143  88 214 692 359 658
  58  64 133 751 551  92 527 644 384 562 314 720 345 679 146  27 348 578
 199 516 528 689 626 666   1 129  48 691 324 686 328 515 497 479  10 532
 534 251 172 664 290 472 477 595 460 231 116 596 564 589 607 361  18 285
 393 513 584 587 467 308 194 437 672  46 418 503 101 485 645 357 511 444
 279 338  65 150 772 105 746  80 269 435 250 491 395 392  40 215 391 147
 353 205 652 153  66 493 519 419 254   2 220 526 506 759 723 196 137 713
 188 274 758 770 509 615 701 389 476]
Final time: 18.8864998817s - Best: 3408345-[536 543 527 524 508 501 487 474 464 449 445 431 413 414 402 387 384 367
 360 348 336 337 309 307 287 282 281 286 300 311 317 325 329 335 353 350
 347 339 363 372 382 399 401 415 433 436 447 458 473 479 488 486 496 495
 521 523 552 558 571 572 580 603 614 628 631 641 649 663 666 667 673 675
 669 662 657 655 642 634 615 605 592 581 591 594 607 624 622 619 601 584
 582 554 549 548 545 537 522 515 503 489 478 480 470 477 467 453 446 426
 420 427 412 405 403 393 398 395 378 368 373 354 340 328 313 303 296 295
 308 297 283 278 260 246 263 264 279 284 253 233 217 213 222 244 251 240
 271 270 262 259 243 228 227 220 225 212 200 182 187 196 190 188 202 191
 177 173 165 167 169 176 180 193 198 192 170 148 133 134 105 108 113 121
 141 147 144 118 112 103  92  68  77  89  90  95  86  83  78  74  65  72
  59  54  43  27  23  26  25  20  15  31  13  21  34  41  53  49  61  81
  85  67  84  98 101 104 107 111  94  88  73  76  63  70  60  58  35  30
  19   7  29  18   4   2   9   8  11  17   6   1  22  40  45  46  52  57
  64  82  93  80  66  69  79  99 114 109 116 122 138 146 154 171 179 185
 204 215 235 241 238 245 254 229 230 247 248 273 277 272 275 276 288 301
 312 304 342 355 358 351 362 383 389 386 381 400 422 428 435 444 451 457
 465 483 484 485 491 507 511 516 530 546 539 538 560 568 561 578 585 593
 596 597 589 598 611 626 633 612 618 640 643 659 654 644 647 651 658 677
 670 678 684 679 689 674 697 691 690 680 656 648 627 620 616 606 602 608
 621 635 629 632 630 638 617 609 588 570 574 557 564 569 576 555 540 541
 520 506 500 499 490 482 476 456 438 430 409 408 407 392 376 369 346 349
 352 345 331 315 306 299 289 292 305 290 285 266 255 242 226 221 203 201
 186 183 195 194 174 159 152 161 155 150 151 142 136 132 115 127 139 162
 168 156 137 117 125 120 123 143 149 164 163 181 208 210 211 218 224 232
 231 249 268 280 291 302 321 320 332 344 371 374 379 380 385 410 417 416
 418 434 440 468 469 463 475 493 504 535 534 528 551 556 577 565 562 563
 586 590 583 599 600 613 645 650 665 668 660 683 698 694 685 652 653 661
 672 707 715 701 693 702 695 714 716 686 676 681 711 710 713 728 752 743
 727 723 741 751 755 763 780 779 769 762 761 748 749 745 740 722 729 730
 726 700 699 688 709 725 739 720 719 718 706 712 732 736 753 754 747 765
 773 772 776 778 767 758 756 757 742 738 721 731 735 717 734 744 759 764
 771 760 777 768 746 733 737 724 703 696 708 704 687 682 671 664 639 637
 623 625 610 595 579 567 575 559 547 532 525 550 553 533 529 505 510 498
 471 481 452 442 424 406 396 388 365 357 343 327 334 326 318 298 267 257
 258 239 223 207 197 199 216 205 189 175 178 160 119 135 126 110 106  97
  75  62  38  28  32  16   0  14  24  36  44  56  51  48  55  87  96 124
 145 184 214 234 265 269 293 316 322 324 338 364 375 370 391 404 421 437
 454 462 459 472 494 517 518 512 514 466 455 448 432 425 429 423 419 390
 359 310 294 274 256 261 252 250 236 209 172 158 166 153 128 129 140 131
 130 157 206 219 319 323 333 330 341 361 377 397 411 439 450 441 443 460
 461 502 509 531 544 566 573 636 646 766 770 774 782 781 750 692 604 542
 526 513 519 492 497 366 356 314 237 100  39   5  12  10   3  37  42  33
  50  71  91 102  47 394 587 775 705]
Value - initial: 68684163, final: 3408345, improveup: 20.1517636859

data-line;i;68684163;f;3408345;t;18.8864998817;c;-2;fv;[3408345L];cv;-1;imp;20.1517636859;type;rvnd;inum;6;w;1

time;18.8864998817;man_time;0;neigh_time;0
man_time;0;man_merge_sol;0;man_best_sol;0;man_combine_sol;0

Waiting [0]
Terminating workers True 0 0
MPI TERMINATING
