pydf_home: /home/rodolfo/git/Sucuri
simple_pycuda_home: /home/rodolfo/git/simple-pycuda
wamca2016path: /home/rodolfo/git/wamca2016/
localpath: /home/rodolfo/git/dvnd-df/code/dvnd-df/src/
WAMCAPATH:/home/rodolfo/git/wamca2016/
param: {solution_index:2, solution_instance_index:81, multi_gpu:True, goal:False, problem_name:ml, number_of_moves:10, device_count:2, solver:rvnd, mpi_enabled:True, workers:1}
Using already created file:  wamca2016lib.so
Size: 226 - file name: 03_pr226.tsp

Value - initial: 200535683-[143 144  11  87  36 180   2 210 169 146 215 174  43 136 207 224 192 117
 182 216  14 167 151 225  80 156 204 139 120 134 114 106  93  58  52 118
  24  16  97  48   6 101  84  40 140  66  98 129 185  65 107 220 197 103
 176  82  49 164  55 195  29  85 172 196  70 221 113 187  83  56  59 199
 130 149  99 179 122  92 206  44 162 115 163 153  95 150  22  67  18 133
 177 191  21 160  50 194  73   1 166 158 202   4  47  79 159 131  41  39
 173  75  19 154  10 223  32 188 127 208 142 108  51 125 104 217  17  94
 203 126  26 138 219 102 135  13 200  15 222 157 189  81  74  86 121 212
 186  68  53  77  76 168  45  28  69  12 209 105  96 137 211  42 145 218
   5 183  89 112 155  23 147 141 148 110 184  72 170 178   9  71  27  62
 205 100   7  63 111 116  37  34  20 119  64  33 175   0 193 123  38 132
  25 213 201 198  91 128  54  78 165 161 124 181 190  57  30  35  60   3
 152   8  31 109  90  61  88 171 214  46] - 200535683
Solver: RVND, number of workers: 1
Setting feeder affinity
I am the master. There are 1 mpi processes. (hostname = gpu01)
Roots [<pyDF.nodes.Feeder object at 0x7f3e11afead0>]
Starting 0
Main loop
I am worker 0
GPU0
set random seed!
Initial: 200535683-[143 144  11  87  36 180   2 210 169 146 215 174  43 136 207 224 192 117
 182 216  14 167 151 225  80 156 204 139 120 134 114 106  93  58  52 118
  24  16  97  48   6 101  84  40 140  66  98 129 185  65 107 220 197 103
 176  82  49 164  55 195  29  85 172 196  70 221 113 187  83  56  59 199
 130 149  99 179 122  92 206  44 162 115 163 153  95 150  22  67  18 133
 177 191  21 160  50 194  73   1 166 158 202   4  47  79 159 131  41  39
 173  75  19 154  10 223  32 188 127 208 142 108  51 125 104 217  17  94
 203 126  26 138 219 102 135  13 200  15 222 157 189  81  74  86 121 212
 186  68  53  77  76 168  45  28  69  12 209 105  96 137 211  42 145 218
   5 183  89 112 155  23 147 141 148 110 184  72 170 178   9  71  27  62
 205 100   7  63 111 116  37  34  20 119  64  33 175   0 193 123  38 132
  25 213 201 198  91 128  54  78 165 161 124 181 190  57  30  35  60   3
 152   8  31 109  90  61  88 171 214  46]
Final time: 2.41479206085s - Best: 7102315-[143 145 144 146 148 147 149 142 141 140 139 138 137 136 101 100  99  98
  97  96  95  94  86  88  87  89  90  91  92  93 150 151 152 153 154 155
 156 157 158 159 160 161 162 163 164 165 166 167 168 169 170 171 172 173
 174 175 176 177 178 179 180 181 182 183 184 185 186 187 188 189 135 134
 133 132 190 191 192 193 194 195 196 197 198 199 200 201 202 203 204 205
 206 207 208 209 210 211 212 213 214 215 216 217 218 219 220 221 222 223
 224 225 124 131 129 123 122 130 128 121 120 126 127 119 118 125 109 117
 116 108 107 115 114 106 105 113 112 103 104 111 102 110  85  84  83  82
  81  80  79  78  77  76  75  74  73  72   0   1   2   3   4   5   6   7
  71  70  12  11  10   8   9  13  14  15  67  68  66  64  63  62  61  60
  59  58  57  56  55  54  53  52  51  50  49  21  22  23  24  25  26  27
  28  29  33  34  35  30  31  32  47  44  43  36  37  38  41  42  46  45
  48  20  19  18  17  16  69  65  40  39]
Value - initial: 200535683, final: 7102315, improveup: 28.2352561102

data-line;i;200535683;f;7102315;t;2.41479206085;c;-2;fv;[7102315L];cv;-1;imp;28.2352561102;type;rvnd;inum;2;w;1

time;2.41479206085;man_time;0;neigh_time;0
man_time;0;man_merge_sol;0;man_best_sol;0;man_combine_sol;0

Waiting [0]
Terminating workers True 0 0
MPI TERMINATING
