pydf_home: /home/rodolfo/git/Sucuri
simple_pycuda_home: /home/rodolfo/git/simple-pycuda
wamca2016path: /home/rodolfo/git/wamca2016/
localpath: /home/rodolfo/git/dvnd-df/code/dvnd-df/src/
WAMCAPATH:/home/rodolfo/git/wamca2016/
param: {solution_index:4, solution_instance_index:91, multi_gpu:True, goal:False, problem_name:ml, number_of_moves:10, device_count:2, solver:rvnd, mpi_enabled:True, workers:1}
Using already created file:  wamca2016lib.so
Size: 501 - file name: 05_TRP-S500-R1.tsp

Value - initial: 34462738-[224 340  68 146 427  83 294  15 196 142  61 259 388  29  28 382  27 339
 288 476 227 163 141  10 474 383 267 128 243 113 411 175 311 268   3  63
 403 273  47 177  80 298 480 430  79  88 453 129  70 106 496 465 425  75
 185 199 344 352 410  35 361 316 279 220 119 285 362 130 497  13 301 246
 377 228 432 415 405 103 262  62 466 132  21  30  41 168 395   1  76  19
 192 266 401 222 211 299 458 263  26  54 358 160 322 110 179  87 134 239
 327 204 329 478 363 463 472 391 218 488 291 157 256 419 208 156 121  34
 206 360 392 436 178 180 280 446  32 445 135 108 251 400 369  90 489 389
 290  59 269 183 354 212 498 443 172 152  93 182 379 229 281 147  95 151
 127 289  46 219 368 380 169 271   4 374 490 461 154 467 173 441 148 158
  94  51  99 406 126 328 373 304  31 370 264 191 194 487 258 293  82 342
 393 302 276  67  11  56 426 424 174 297 333 231 124 307 120 187  66 421
 237 357 186 235 161  49  97 319  69  85 495 346 137 244  53 429  23  98
 310 420 418 385 345 438 335 462 351 364 238 326   5 469   6 402  40 257
  37 331 125  78 215 300 149 475 308 318 491 365 482 330 320  14  52 343
 390 234 145 414 115 230 376  17 236 193 164 381 114 131 347   2 408 387
 210 447 201 407 214 325 350 105 349 321 171  48 367 221 442 323 313 184
 233 296  71 336 261 159 479  45  60 416 155 240 165 456 440 312  55 295
  96 140  57 122 439 412 413 100 437 460   9 435 188 338  73 213 454  20
  64  44 123 303 242 468 398 422 275 334 455 287 433 473 249 470  77 409
 225 477 162   0  38 353 457 481 109 223 366 499  33 444 116 102 117 485
  25 324 111 372 337 356 386 434 286 394 139 170 282 176 101 452 150 205
 404 270 486  18 195 136 423  65 216 309 250 317 153 451 209 217 397 450
 448 492 449 253 272 314 207 459  92 348 306 118 399 247  39  42 274  24
 248 384 341 202 197  74 494 226   8 284  58 203 471 138 166  16  91  36
  86 305 484 133 104 359 198 431 112 181  81 107  43 493 378  89  50 167
 428 483 241 265 232 371 277  72 255 283 189 260 252 375 332 144 396 500
 355  84 315 200 292 254  22 464 245  12 278 190 143 417   7] - 34462738
Solver: RVND, number of workers: 1
Setting feeder affinity
I am the master. There are 1 mpi processes. (hostname = gpu01)
Roots [<pyDF.nodes.Feeder object at 0x7fb501884ad0>]
Starting 0
Main loop
I am worker 0
GPU0
set random seed!
Initial: 34462738-[224 340  68 146 427  83 294  15 196 142  61 259 388  29  28 382  27 339
 288 476 227 163 141  10 474 383 267 128 243 113 411 175 311 268   3  63
 403 273  47 177  80 298 480 430  79  88 453 129  70 106 496 465 425  75
 185 199 344 352 410  35 361 316 279 220 119 285 362 130 497  13 301 246
 377 228 432 415 405 103 262  62 466 132  21  30  41 168 395   1  76  19
 192 266 401 222 211 299 458 263  26  54 358 160 322 110 179  87 134 239
 327 204 329 478 363 463 472 391 218 488 291 157 256 419 208 156 121  34
 206 360 392 436 178 180 280 446  32 445 135 108 251 400 369  90 489 389
 290  59 269 183 354 212 498 443 172 152  93 182 379 229 281 147  95 151
 127 289  46 219 368 380 169 271   4 374 490 461 154 467 173 441 148 158
  94  51  99 406 126 328 373 304  31 370 264 191 194 487 258 293  82 342
 393 302 276  67  11  56 426 424 174 297 333 231 124 307 120 187  66 421
 237 357 186 235 161  49  97 319  69  85 495 346 137 244  53 429  23  98
 310 420 418 385 345 438 335 462 351 364 238 326   5 469   6 402  40 257
  37 331 125  78 215 300 149 475 308 318 491 365 482 330 320  14  52 343
 390 234 145 414 115 230 376  17 236 193 164 381 114 131 347   2 408 387
 210 447 201 407 214 325 350 105 349 321 171  48 367 221 442 323 313 184
 233 296  71 336 261 159 479  45  60 416 155 240 165 456 440 312  55 295
  96 140  57 122 439 412 413 100 437 460   9 435 188 338  73 213 454  20
  64  44 123 303 242 468 398 422 275 334 455 287 433 473 249 470  77 409
 225 477 162   0  38 353 457 481 109 223 366 499  33 444 116 102 117 485
  25 324 111 372 337 356 386 434 286 394 139 170 282 176 101 452 150 205
 404 270 486  18 195 136 423  65 216 309 250 317 153 451 209 217 397 450
 448 492 449 253 272 314 207 459  92 348 306 118 399 247  39  42 274  24
 248 384 341 202 197  74 494 226   8 284  58 203 471 138 166  16  91  36
  86 305 484 133 104 359 198 431 112 181  81 107  43 493 378  89  50 167
 428 483 241 265 232 371 277  72 255 283 189 260 252 375 332 144 396 500
 355  84 315 200 292 254  22 464 245  12 278 190 143 417   7]
Final time: 11.8859958649s - Best: 2049892-[224 149   8 390 310 360 461 241 495 493 429 397 498 374 323 173 315 424
 442 462 283  11 314 401  24 465 456 371  34 289 188 267 476 101 220 264
 490  27 491 441 244  37 130 446 474 482   9 454 145 355 428 260 443 340
 122 199  51 316 115 471 228 159 197 425 189  26  50 162 324 347  60 383
  28 182  45 450 311   2 168 488 369 377 167 393 273 434  36 295 338 415
 350 449 432 291 165 435 367  57 254  25 487 365 207 141 485 448 190 255
  95 354  90 187 473 475 392 455 147 405 108 334 151 133 492 298 245 274
 388  68 308  72 268 336 386 332  94 102 460 479 211 233 451 216 380 301
  44 373 330 208 109 204 226 239 457 466 281 203  93  99 290  69 265 238
 381 129 439 160 403  16 411 447 215 152 438  52 248   6 302 212 293 306
 304  14 484 391 161 333  75 312 426 205 126 250 227 370 395 262 243  19
 179 116 344 303 235 452  18   0 270 317 280 296 489 229  63 271  53 107
  23 153 400 399 234 242 500 194  13 379  35  31  85 110 398 125 259 143
 418  64 214 483 331 240 103 359 408 427  74 132 378  10 318 409 176 497
 368 124 277 352 326 210  87  81 362  62 266 420 345 416 358 431 419 382
  38 146 174 232  88 193 112 142 236 356   5 246  39 111   7 445 339  59
  83 486  41 469  32 217  84  80 463 276 282 171 444  91 123 413  21 278
 202 299 292 313 104 272 139 376  86 192  61 164 135 106 258 321 353 287
 198 121 113  48 169 464  71 364 158 230 154 184  56 361 437 422 468 346
  76 394 195 436 181  82 221 421 496 325  67 480 300 384 114  17   1 144
  40 252 357 206  58 406 433 343 219 261 118 100  77 396 180  47  29 389
 209 499 319  33 351 305 481 117   3 119 459 178   4 223  30 410 175 385
 138  96  15 440  65 366  49 148 477 322 120 218 494 430 467 201 157 404
 253 402 294  20 128  54 329 284 458 134 472 225 127 256 375 231  46 257
 249 342 222 150 478 137 263 297 328 372 196  55 185  43 285 309 163  42
 453 140 251 349 279 387  70 307 155 275  12  89 348  73 417  78 166  98
 186 363 269 191 407 156 131 247  92 170  66 136 470 200 335 172 213 286
 337 414 341  22 183 105 423 327 320 412  79  97 288 177 237]
Value - initial: 34462738, final: 2049892, improveup: 16.8119774115

data-line;i;34462738;f;2049892;t;11.8859958649;c;-2;fv;[2049892L];cv;-1;imp;16.8119774115;type;rvnd;inum;4;w;1

time;11.8859958649;man_time;0;neigh_time;0
man_time;0;man_merge_sol;0;man_best_sol;0;man_combine_sol;0

Waiting [0]
Terminating workers True 0 0
MPI TERMINATING
