pydf_home: /home/rodolfo/git/Sucuri
simple_pycuda_home: /home/rodolfo/git/simple-pycuda
wamca2016path: /home/rodolfo/git/wamca2016/
localpath: /home/rodolfo/git/dvnd-df/code/dvnd-df/src/
WAMCAPATH:/home/rodolfo/git/wamca2016/
param: {solution_index:3, solution_instance_index:91, multi_gpu:True, goal:False, problem_name:ml, number_of_moves:10, device_count:2, solver:rvnd, mpi_enabled:True, workers:1}
Using already created file:  wamca2016lib.so
Size: 318 - file name: 04_lin318.tsp

Value - initial: 88478732-[139 211  24 274 273 123  20 122 288 220  43 169 183 115  76 133 247 272
  18  16   2 165 173 184 300 246 263 286 196 102 156 200  40 187 208 155
 210 279 182 125 256  86 317  26 291 204 117 253 188 249 100 294  27  31
  72   8 212 194 137 242 116 167 313 238 270 285 185 307 276 223 177 261
 108 224 240 170 304  28 126 264 302 237  12 145  66  83   4 176 305  91
 197 231 309  47 175 284 218  17 203 250 301  84 255  49 315 105  69  70
 303 215  29 164 101  65  89 147 296 141 163 258  68 236 216 226 193 299
 120 118 190 152 142 112  94  81  90 311 148 209  21  15  42 189 222 217
 166 174 201 171 267 130 109 161 198  13 221 310 252 295  78 104 157  30
  33 179 281 146 168  88   7 265 154  58  52 132  75 207 181  98  64 162
 241 149 306 138 314 316  36 278 205  41 235 271 111  97  54  46  38 199
 287 107 280 191  79 225 119 275 243 282  63 128 214  56 219 103  23 266
  80 292 293  44  60  48 312 269  62   9  45  11   5 248  77 134 233  93
 259  67  34  99 283 113 129 136  37 192 245 143 251 297 239 232 230 186
  14  85 289 308  22   6  39 144   3  82 202 153  35 127   1 234  96 277
 195  55 121 160  53 180  50  32  61 254 159  51 110  25 228 140 106 151
 135 229  92 158 114  74 172  59 227 178  10 131 257  57 260 262 206   0
 124  95 298  71 290  87  19 268 213  73 244 150] - 88478732
Solver: RVND, number of workers: 1
Setting feeder affinity
I am the master. There are 1 mpi processes. (hostname = gpu01)
Roots [<pyDF.nodes.Feeder object at 0x7f2853120ad0>]
Starting 0
Main loop
I am worker 0
GPU0
set random seed!
Initial: 88478732-[139 211  24 274 273 123  20 122 288 220  43 169 183 115  76 133 247 272
  18  16   2 165 173 184 300 246 263 286 196 102 156 200  40 187 208 155
 210 279 182 125 256  86 317  26 291 204 117 253 188 249 100 294  27  31
  72   8 212 194 137 242 116 167 313 238 270 285 185 307 276 223 177 261
 108 224 240 170 304  28 126 264 302 237  12 145  66  83   4 176 305  91
 197 231 309  47 175 284 218  17 203 250 301  84 255  49 315 105  69  70
 303 215  29 164 101  65  89 147 296 141 163 258  68 236 216 226 193 299
 120 118 190 152 142 112  94  81  90 311 148 209  21  15  42 189 222 217
 166 174 201 171 267 130 109 161 198  13 221 310 252 295  78 104 157  30
  33 179 281 146 168  88   7 265 154  58  52 132  75 207 181  98  64 162
 241 149 306 138 314 316  36 278 205  41 235 271 111  97  54  46  38 199
 287 107 280 191  79 225 119 275 243 282  63 128 214  56 219 103  23 266
  80 292 293  44  60  48 312 269  62   9  45  11   5 248  77 134 233  93
 259  67  34  99 283 113 129 136  37 192 245 143 251 297 239 232 230 186
  14  85 289 308  22   6  39 144   3  82 202 153  35 127   1 234  96 277
 195  55 121 160  53 180  50  32  61 254 159  51 110  25 228 140 106 151
 135 229  92 158 114  74 172  59 227 178  10 131 257  57 260 262 206   0
 124  95 298  71 290  87  19 268 213  73 244 150]
Final time: 3.31908416748s - Best: 6134883-[139 138 241 240 239 242 235 234 227 226 225 228 233 236 237 232 229 312
 238 231 230 224 220 219 216 215 211 210 108 109 117 118 121 120 122 129
 130 131 128 123 132 127 124 207 133 126 125 119 115 114 111 110 106 105
   3   4  12  13  16  15  17  24  25  26  23  18  27  22  19 102  20  21
  28  29  30  31 103  39  48  44  47  49  54  55  58  66  67  70  77  81
  82  84  83  78  76  71  72  75  79  80  74  73  69  68  63 104  56  53
  50  46  43  40  41  42  45  51  52  57  61  62  65  64 175 172 171 176
 177 173 174 178 179 185 184 180 181 183 188 182 186 187 189  86  87 195
 196  93  94  99 206 205 201 200 197 202 203 199 198 204 311 310 306 305
 301 300 302 307 308 299 298 290 284 283 278 282 285 289 281 286 288 293
 294 292 291 287 280 277 276 169 170 164 165 167 166 162 157 156 150 147
 146 145 148 151 155 158 161 209 163 160 159 154 152 149 153 144  37  38
  36  35  32  11  14  10   9   6   5   1   0   2   7   8  34  33 136 135
 134 137 140 141 143 142 249 258 254 257 259 264 265 268 314 266 263 260
 256 253 313 245 246 251 250 252 255 261 262 267 271 272 279 304 309 303
 297 296 275 274 270 269 317 248 247 244 243 223 222 213 214 218 217 212
 221 113 112 107 116 208  59  60  85  90  91  95  96 100 101  92  97  98
  88  89 190 193 194 192 191 295 273 168 316 315]
Value - initial: 88478732, final: 6134883, improveup: 14.4222362513

data-line;i;88478732;f;6134883;t;3.31908416748;c;-2;fv;[6134883L];cv;-1;imp;14.4222362513;type;rvnd;inum;3;w;1

time;3.31908416748;man_time;0;neigh_time;0
man_time;0;man_merge_sol;0;man_best_sol;0;man_combine_sol;0

Waiting [0]
Terminating workers True 0 0
MPI TERMINATING
