pydf_home: /home/rodolfo/git/Sucuri
simple_pycuda_home: /home/rodolfo/git/simple-pycuda
wamca2016path: /home/rodolfo/git/wamca2016/
localpath: /home/rodolfo/git/dvnd-df/code/dvnd-df/src/
WAMCAPATH:/home/rodolfo/git/wamca2016/
param: {solution_index:4, solution_instance_index:95, multi_gpu:True, goal:False, problem_name:ml, number_of_moves:10, device_count:2, solver:rvnd, mpi_enabled:True, workers:1}
Using already created file:  wamca2016lib.so
Size: 501 - file name: 05_TRP-S500-R1.tsp

Value - initial: 32083144-[169  28 335 308 273 399 283 365 199 156  43  97 142 253 241 108 187  64
  54  34  74  87 342 442 417 319 284  35 188  55 380 265 170 302 322 153
 303 462 418 480 151 458 495   2  11 239 470 217 181 174 175 226 166 130
 500 334  90 453 203 119 423  66 255  84  21 113  83  85 184 208  79 325
 189 139  68 445 143 116 289 422 404 413 124 210 311 441 479  12 232 300
 158 270 343 236 449 347 466 482 263 411 131 109 298   9 234 409  32 249
 485 393  38 134 361 310 351 126 194  56 183 207 316 271 163  39 352 237
 443 489  29  31  77 444 264 106 228  49 291 279 405 416 379 320 148 305
 407   3 400 346 324  41 193 295 370  96 397  22  73 349 233 215 149 446
 186 172 447  70 463  80  51 383 147 251 274 180 111 292 396  20 355 201
 247  75 433 469 468 223 402  94 312 385 231   0 173 135  72 192  44 202
 395 197  78 424 112 475  52 331 363 378 472 216 403 212   4  16 425 121
 100 240 315 144 377 498  82 314 426 428 406  24 388 375 200 387 432 137
 286 499 358 145 272 414  89 161 435 110 461 329 478 492 307 129 281 369
  25 225 439 218  17 434 354 491 456 165  76  26 419 438 288 465  47 415
  13 360 450 182 162 448  92 105 146 471  30 245  48 296 122 276 177  86
 152 250 323 133 154 398  58 318 429 345 179 128 235 327 376 252  67 141
 224 391 496 157 114 473 254 230  53 277 258 321 457 205 297 248 486 332
 301 115 372 261 278 262 484 242 476 211  37 204 206 437 368 494 337 427
  59 299  69 167  81 244  65 452 104 132  91  60 155 386 366 367 493 246
 285 198 287  36 259 160 362 304 150 127  18 497 117 214 191 374 451 190
  46  98 420 340 118 454 326  40  42 196 487 306 101  19 221 290 213 382
 185 209   6 268 140 243   5 390 280 464 389 222 455 371  71 159 460  45
 164 313 350 275 356 431 220  27  57  93   8 178 317 384   1 401  10 467
  95 328 229 357 103 488 120  23 459 348 333 359 490  99  62 440  88 269
 392 171 481 408 107 267 394 339 341 412 123 309 125 344 381 410 136 330
 227 257 168 474 364 336 353 338 176 266 477 102 293   7 436 195  14  61
 421  15 282  63 294 238 256 138 373  33 260 219  50 430 483] - 32083144
Solver: RVND, number of workers: 1
Setting feeder affinity
I am the master. There are 1 mpi processes. (hostname = gpu01)
Roots [<pyDF.nodes.Feeder object at 0x7f98362ecad0>]
Starting 0
Main loop
I am worker 0
GPU0
set random seed!
Initial: 32083144-[169  28 335 308 273 399 283 365 199 156  43  97 142 253 241 108 187  64
  54  34  74  87 342 442 417 319 284  35 188  55 380 265 170 302 322 153
 303 462 418 480 151 458 495   2  11 239 470 217 181 174 175 226 166 130
 500 334  90 453 203 119 423  66 255  84  21 113  83  85 184 208  79 325
 189 139  68 445 143 116 289 422 404 413 124 210 311 441 479  12 232 300
 158 270 343 236 449 347 466 482 263 411 131 109 298   9 234 409  32 249
 485 393  38 134 361 310 351 126 194  56 183 207 316 271 163  39 352 237
 443 489  29  31  77 444 264 106 228  49 291 279 405 416 379 320 148 305
 407   3 400 346 324  41 193 295 370  96 397  22  73 349 233 215 149 446
 186 172 447  70 463  80  51 383 147 251 274 180 111 292 396  20 355 201
 247  75 433 469 468 223 402  94 312 385 231   0 173 135  72 192  44 202
 395 197  78 424 112 475  52 331 363 378 472 216 403 212   4  16 425 121
 100 240 315 144 377 498  82 314 426 428 406  24 388 375 200 387 432 137
 286 499 358 145 272 414  89 161 435 110 461 329 478 492 307 129 281 369
  25 225 439 218  17 434 354 491 456 165  76  26 419 438 288 465  47 415
  13 360 450 182 162 448  92 105 146 471  30 245  48 296 122 276 177  86
 152 250 323 133 154 398  58 318 429 345 179 128 235 327 376 252  67 141
 224 391 496 157 114 473 254 230  53 277 258 321 457 205 297 248 486 332
 301 115 372 261 278 262 484 242 476 211  37 204 206 437 368 494 337 427
  59 299  69 167  81 244  65 452 104 132  91  60 155 386 366 367 493 246
 285 198 287  36 259 160 362 304 150 127  18 497 117 214 191 374 451 190
  46  98 420 340 118 454 326  40  42 196 487 306 101  19 221 290 213 382
 185 209   6 268 140 243   5 390 280 464 389 222 455 371  71 159 460  45
 164 313 350 275 356 431 220  27  57  93   8 178 317 384   1 401  10 467
  95 328 229 357 103 488 120  23 459 348 333 359 490  99  62 440  88 269
 392 171 481 408 107 267 394 339 341 412 123 309 125 344 381 410 136 330
 227 257 168 474 364 336 353 338 176 266 477 102 293   7 436 195  14  61
 421  15 282  63 294 238 256 138 373  33 260 219  50 430 483]
Final time: 5.36451506615s - Best: 2013811-[169  48 113 121 321 258 135 106 495 241 461 493 429 397 498 374 323 173
 315 424 400 153  53 107  23 283  11 314 401 127 482 474 446 130  37 289
 188 267 476  34 371 456 465  24 462 442 234 242 500 194  13 379  35 368
  10 378 240 103 132 359 408 427  74   1  17 114 384 300 480 176 409 318
 497 124 277 352 210 326 437 361  56 184 154 230 468 346  76 394  82 345
 416 358 181 431 419 382 436  38 146 174 364  71 464  59 339 356 236 142
 112   5 445 111   7  83 486  41 469  32 217  84  80 463 276 282 171 444
  91 123  86 413  21 376 139 272 104 313 280 296 489 229  63 271 150   0
  18 452 235 478 137 263 297 328 372 196 292 299 202 278  43 285 185  55
 309 163  42 453 140 251  70 275 307 155 466  93  99 203 281  69 265 238
 381 457 239 226 204 215 447 411  16 152 102 460 479  94 332 386 336 268
  72 308  68 370 274 245 298 227 250 126 205 151 334 145 355 428 260 108
 405 147 455 392 426 312  75 333 161 484 391 412  79 354  95 255 190 448
 141 485 207 365 487  90 187 473 475  25 254  57 367 435 165 291 432 269
 191 407 156 253 402 294  20 128  54 329 284 458 449 350 415 338 295  36
 434 273 393 167 377 369 488 168   2 450 311 347  45 383 319  28 182 351
 305 481 136 470 200 335 172 213 286 337 341 414 219 343 433 406  58 206
  40 252 357 180  47  29 389 209  77 396 100 118 261 499  60 324 162  66
 418  64 143 259 125 214 483 398 110  85 220 264 101 490 197 228 159 225
 441  27 491 244   9 454 231 375 256 342 249  46 257  98 166  78 348 303
 344 116 179 373  44 330 301 380 109 208 216 451 233 211 243  19  73 417
 186 363 443 340 472 199 122 134  51 316 471 115 425 189  26  50 170  92
 131 459 119 178   4 223  30 410 175 385 138 177  96  15 440  65 366  49
 148 477 322 120 218 494 430 201 157 467 288  97 237 304  14 388 306 293
 212 302   6 248  52 438 403 160 439 129  89  12 387 349 279 317 270  61
 390 224 149   8 310 320 327 360 164 353 287 198 158 195 232  39 246 193
  88 221 421 496 325  67  81  87 362  62 420 266 422 423 399  31 105 331
 183 144  22  33 117   3 247 404 133 492 262 395 222 192 290]
Value - initial: 32083144, final: 2013811, improveup: 15.9315566357

data-line;i;32083144;f;2013811;t;5.36451506615;c;-2;fv;[2013811L];cv;-1;imp;15.9315566357;type;rvnd;inum;4;w;1

time;5.36451506615;man_time;0;neigh_time;0
man_time;0;man_merge_sol;0;man_best_sol;0;man_combine_sol;0

Waiting [0]
Terminating workers True 0 0
MPI TERMINATING
