pydf_home: /home/rodolfo/git/Sucuri
simple_pycuda_home: /home/rodolfo/git/simple-pycuda
wamca2016path: /home/rodolfo/git/wamca2016/
localpath: /home/rodolfo/git/dvnd-df/code/dvnd-df/src/
WAMCAPATH:/home/rodolfo/git/wamca2016/
param: {solution_index:1, solution_instance_index:59, multi_gpu:True, goal:False, problem_name:ml, number_of_moves:10, device_count:2, solver:rvnd, mpi_enabled:True, workers:1}
Using already created file:  wamca2016lib.so
Size: 100 - file name: 02_kroD100.tsp

Value - initial: 8377471-[19 67  2 90  7  1 79 10 46 13 27 59 84 29 69 24 28 17 68 99 97 15 94 61 77
 56 91 32 76 66 41  5 71 23 35 49 21 89 60 80 31 58 74 44 33 92 34 45  4 42
 54 48 18 11 63 40 51 88 39 81 36 52 78 37  0 22 25  9 47 95 75 12  6 72 87
 14 38 96 43 82 26 50 62 30 16 98  8 64 73 57 83 70 93  3 65 20 86 53 55 85] - 8377471
Solver: RVND, number of workers: 1
Setting feeder affinity
I am the master. There are 1 mpi processes. (hostname = gpu01)
Roots [<pyDF.nodes.Feeder object at 0x7fcfea989ad0>]
Starting 0
Main loop
I am worker 0
GPU0
set random seed!
Initial: 8377471-[19 67  2 90  7  1 79 10 46 13 27 59 84 29 69 24 28 17 68 99 97 15 94 61 77
 56 91 32 76 66 41  5 71 23 35 49 21 89 60 80 31 58 74 44 33 92 34 45  4 42
 54 48 18 11 63 40 51 88 39 81 36 52 78 37  0 22 25  9 47 95 75 12  6 72 87
 14 38 96 43 82 26 50 62 30 16 98  8 64 73 57 83 70 93  3 65 20 86 53 55 85]
Final time: 0.877033948898s - Best: 1035099-[19 24  5 39 82  2 58 63 42 76 90 53 62 14 72 38 70  3 92 43 59 52  4 61 36
 50 29 99  1 18 91 86 25 54  8  9 94 55 20 27 11 46 81 17 84 95 85 64 13 67
 32 44 98 30 77 79 75 45 51  7 65 37 80 33 10 89 16 93 31 96 97 48 69 88 41
 21 57 28 35 66 74  6 60 73 22 49  0 12 78 87 26 23 40 83 68 71 56 15 34 47]
Value - initial: 8377471, final: 1035099, improveup: 8.09340072785

data-line;i;8377471;f;1035099;t;0.877033948898;c;-2;fv;[1035099L];cv;-1;imp;8.09340072785;type;rvnd;inum;1;w;1

time;0.877033948898;man_time;0;neigh_time;0
man_time;0;man_merge_sol;0;man_best_sol;0;man_combine_sol;0

Waiting [0]
Terminating workers True 0 0
MPI TERMINATING
