pydf_home: /home/rodolfo/git/Sucuri
simple_pycuda_home: /home/rodolfo/git/simple-pycuda
wamca2016path: /home/rodolfo/git/wamca2016/
localpath: /home/rodolfo/git/dvnd-df/code/dvnd-df/src/
WAMCAPATH:/home/rodolfo/git/wamca2016/
param: {solution_index:1, solution_instance_index:96, multi_gpu:True, goal:False, problem_name:ml, number_of_moves:10, device_count:2, solver:rvnd, mpi_enabled:True, workers:1}
Using already created file:  wamca2016lib.so
Size: 100 - file name: 02_kroD100.tsp

Value - initial: 7958410-[ 6 42 79 35 86 76 92 83 45 16 52 15 17 82 18 20 40 68 32 81 49 87 43 71 75
  2 77 60  8 80 12  4 59 21 93 95  1 41 47 67 31 70 29 28 84 96 11 94 57 19
 23 37 90 53 99 46 33 73 72 44 98  0 61 54 97 88 63 38 14 55 13 36 24 34 30
 58 69 26 85  5 89 39 51 64  9 74 56  3 78 50 10  7 25 65 48 62 22 91 27 66] - 7958410
Solver: RVND, number of workers: 1
Setting feeder affinity
I am the master. There are 1 mpi processes. (hostname = gpu01)
Roots [<pyDF.nodes.Feeder object at 0x7fb70772bad0>]
Starting 0
Main loop
I am worker 0
GPU0
set random seed!
Initial: 7958410-[ 6 42 79 35 86 76 92 83 45 16 52 15 17 82 18 20 40 68 32 81 49 87 43 71 75
  2 77 60  8 80 12  4 59 21 93 95  1 41 47 67 31 70 29 28 84 96 11 94 57 19
 23 37 90 53 99 46 33 73 72 44 98  0 61 54 97 88 63 38 14 55 13 36 24 34 30
 58 69 26 85  5 89 39 51 64  9 74 56  3 78 50 10  7 25 65 48 62 22 91 27 66]
Final time: 0.813084840775s - Best: 1038334-[ 6 71 56 30 77 98 44 32 67 13 64 85 95 15 76 90 53 62 14 83 40 23 26 80 33
 51  7 65 37 10 16 89 88 69 48 97 96 31 93 49  0 12 78 87 72 38 42 70  3 92
 43 59 52  4 61 36 18 50 29 99  1 47 91 86 25 54  8  2 82 39  5 58 84 17 24
 19  9 94 55 20 46 27 11 81 79 75 60 73 74 66 35 28 57 21 41 22 45 68 63 34]
Value - initial: 7958410, final: 1038334, improveup: 7.66459539994

data-line;i;7958410;f;1038334;t;0.813084840775;c;-2;fv;[1038334L];cv;-1;imp;7.66459539994;type;rvnd;inum;1;w;1

time;0.813084840775;man_time;0;neigh_time;0
man_time;0;man_merge_sol;0;man_best_sol;0;man_combine_sol;0

Waiting [0]
Terminating workers True 0 0
MPI TERMINATING
