pydf_home: /home/rodolfo/git/Sucuri
simple_pycuda_home: /home/rodolfo/git/simple-pycuda
wamca2016path: /home/rodolfo/git/wamca2016/
localpath: /home/rodolfo/git/dvnd-df/code/dvnd-df/src/
WAMCAPATH:/home/rodolfo/git/wamca2016/
param: {solution_index:6, solution_instance_index:87, multi_gpu:True, goal:False, problem_name:ml, number_of_moves:10, device_count:2, solver:rvnd, mpi_enabled:True, workers:1}
Using already created file:  wamca2016lib.so
Size: 783 - file name: 07_rat784.tsp

Value - initial: 69440965-[110 457 473  10 449 147 210 763  73 643 699 432 336 315 225 177 780 488
 674  85 482 357 380 128 604 476 501  43 644 296 356 505 613 499 682 636
 372 254 744 376 101 493 344 558 684 715 557 116 692  52 281  66 397 349
 188 736 672 523 148 185 748 567 368 647 498 235 194 410 325 676 520   7
 660 169 768 460 398 495 705 347 359 149 408  46 658 572 547 164 365 524
 285 218 310 552   6 176 223 250 200 283 404 514 494  76 769  41 333 764
 427 665 187 666 465 521 622  39 302 249 756 538 753 708  57 716 117 441
 741 168 277 172 279 132 245 683 544 313 661 203 299 540 385 440   0  14
 291 323  59 135 695 782 730 589  37 417 383  89 171 651  53 452 657 747
 232 642 391 668 355 159 485 361 527 656 603 701 578  23 282 456 525 227
 573 222 620 518 294 229 556 248 564  11 445   2 150 324 749 280 269 382
 111  94 190 423 628 504 157 714 491 130 677 129  49  24 317 241 611  54
 551 450 755 362 511 139 395 373 444 407 209  32 673 153 515 530 363 745
  12  40 597 467 411 689 712 618 754 550 251 124 719  65 259 331 329 507
 779 659 308 513 639 534 734 184 306 605 414 121 546  95  67 502 704 566
 360 731 339 723 402 113 576 264   1 635 366 314  42 154 625  64 424 290
  22 438 436 542 358 270 569  27 549 257 516 645 206 637  16 375 554 519
   5 601 303 211 399 709 468  45 652  75  81 236 151 774  79  51 136 156
 202 108 697 304 320 180 143 669 105 431 649 653 570 406 387 196 761 726
 732 698 483 199 631 654 767 737 141 401 490 233 420 114 215 584 418 309
 345 192 102 771 288  82 354  90 224 388 379 384 262  93 466 307 162 293
 179  48 687 775 311 711 470 609 536 486 265 175 312  78 377 606  50 464
 421 724 671 593 484 174 337 691 260 478 394 459 207 234 623 612 326   4
 531 453  83 403 496 577 619  36   8 707  26 694 563 416 742 346 256 201
 702 532 230 145 390 182 240  68  31 247 762 475 160 458  25 738 353 442
 492 574 133 517 437 165 559 509 152 273 319 274 503  72 508 600 471 448
 278 575 298 318 370  28 718 776 183 610 392 275 327 142 213 204 170 526
 480 237 710 528  19 125  70 461  21  87 777 650 434   9 727 565 555 343
 428 419 289 746 334 430 541 214 728 295 543  74  56 681 582 413 287 258
 198 226 506 231 243 735 579 212 688 479 107 221 781 439  71 629 512 614
 560 583 562 641 679 717 217 463 386 595  29 646  20 134 369 770 120 396
 268 766 239 138  63 371 729 144  80 598 500 100 195 443 367 300 685 109
 103 481 700 561  47 112 433 720 615 330 332  18 739 342  84 219 472 539
 381 533 608 292 297 425 713  96 191 585 352  34  91 118 208 429 667 626
  88 389 173 553  97 535 772 321 497 261 655 216 193 750  99 617 119 586
 322 765 393 602 286 412 244 454   3  33 545 284 104 474 743 155 178 253
 378  30 621 267  13 301 462 663 725 405 374  58 271 587 252 616 522 680
 664 630 137 599 348 246 131 696 263 328 778 751 632 338 161 773 686 759
 670 690 220 316 675 205 409 678 568 447 592 146 276 548  86 197 634 435
 722 167 607 638 426 662 186 529 266 640 757 255 158 189 627 451 122 591
 140  55 163 733  38 633 350 760 415 594 477 469 181 341  15 340  98 580
 242 537 571 238 752 648  61  35 489  77 721 305 596  92 740 166  17 351
  69 703 127 581 422 400 758 590 446 272 706 228 487 624 693 335 455  60
 126 364 115 510 106 123  44  62 588] - 69440965
Solver: RVND, number of workers: 1
Setting feeder affinity
I am the master. There are 1 mpi processes. (hostname = gpu01)
Roots [<pyDF.nodes.Feeder object at 0x7f7130c5fad0>]
Starting 0
Main loop
I am worker 0
GPU0
set random seed!
Initial: 69440965-[110 457 473  10 449 147 210 763  73 643 699 432 336 315 225 177 780 488
 674  85 482 357 380 128 604 476 501  43 644 296 356 505 613 499 682 636
 372 254 744 376 101 493 344 558 684 715 557 116 692  52 281  66 397 349
 188 736 672 523 148 185 748 567 368 647 498 235 194 410 325 676 520   7
 660 169 768 460 398 495 705 347 359 149 408  46 658 572 547 164 365 524
 285 218 310 552   6 176 223 250 200 283 404 514 494  76 769  41 333 764
 427 665 187 666 465 521 622  39 302 249 756 538 753 708  57 716 117 441
 741 168 277 172 279 132 245 683 544 313 661 203 299 540 385 440   0  14
 291 323  59 135 695 782 730 589  37 417 383  89 171 651  53 452 657 747
 232 642 391 668 355 159 485 361 527 656 603 701 578  23 282 456 525 227
 573 222 620 518 294 229 556 248 564  11 445   2 150 324 749 280 269 382
 111  94 190 423 628 504 157 714 491 130 677 129  49  24 317 241 611  54
 551 450 755 362 511 139 395 373 444 407 209  32 673 153 515 530 363 745
  12  40 597 467 411 689 712 618 754 550 251 124 719  65 259 331 329 507
 779 659 308 513 639 534 734 184 306 605 414 121 546  95  67 502 704 566
 360 731 339 723 402 113 576 264   1 635 366 314  42 154 625  64 424 290
  22 438 436 542 358 270 569  27 549 257 516 645 206 637  16 375 554 519
   5 601 303 211 399 709 468  45 652  75  81 236 151 774  79  51 136 156
 202 108 697 304 320 180 143 669 105 431 649 653 570 406 387 196 761 726
 732 698 483 199 631 654 767 737 141 401 490 233 420 114 215 584 418 309
 345 192 102 771 288  82 354  90 224 388 379 384 262  93 466 307 162 293
 179  48 687 775 311 711 470 609 536 486 265 175 312  78 377 606  50 464
 421 724 671 593 484 174 337 691 260 478 394 459 207 234 623 612 326   4
 531 453  83 403 496 577 619  36   8 707  26 694 563 416 742 346 256 201
 702 532 230 145 390 182 240  68  31 247 762 475 160 458  25 738 353 442
 492 574 133 517 437 165 559 509 152 273 319 274 503  72 508 600 471 448
 278 575 298 318 370  28 718 776 183 610 392 275 327 142 213 204 170 526
 480 237 710 528  19 125  70 461  21  87 777 650 434   9 727 565 555 343
 428 419 289 746 334 430 541 214 728 295 543  74  56 681 582 413 287 258
 198 226 506 231 243 735 579 212 688 479 107 221 781 439  71 629 512 614
 560 583 562 641 679 717 217 463 386 595  29 646  20 134 369 770 120 396
 268 766 239 138  63 371 729 144  80 598 500 100 195 443 367 300 685 109
 103 481 700 561  47 112 433 720 615 330 332  18 739 342  84 219 472 539
 381 533 608 292 297 425 713  96 191 585 352  34  91 118 208 429 667 626
  88 389 173 553  97 535 772 321 497 261 655 216 193 750  99 617 119 586
 322 765 393 602 286 412 244 454   3  33 545 284 104 474 743 155 178 253
 378  30 621 267  13 301 462 663 725 405 374  58 271 587 252 616 522 680
 664 630 137 599 348 246 131 696 263 328 778 751 632 338 161 773 686 759
 670 690 220 316 675 205 409 678 568 447 592 146 276 548  86 197 634 435
 722 167 607 638 426 662 186 529 266 640 757 255 158 189 627 451 122 591
 140  55 163 733  38 633 350 760 415 594 477 469 181 341  15 340  98 580
 242 537 571 238 752 648  61  35 489  77 721 305 596  92 740 166  17 351
  69 703 127 581 422 400 758 590 446 272 706 228 487 624 693 335 455  60
 126 364 115 510 106 123  44  62 588]
Final time: 17.5244100094s - Best: 3377205-[110 106  93  82  75  57  52  46  64  80  79  69  66  45  40  44  56  51
  48  55  24  14   0  16  22   1   6  17  11   8   9   2   4  18  29  35
  19  30  34  21  13  31  15  20  25  26  23  27  33   3  10  12  37  42
  65  74  86  83  78 100 105 108 113 121 133 134 148 141 147 167 169 176
 180 193 198 217 213 222 246 263 264 279 284 314 313 328 340 354 356 366
 393 403 405 412 398 395 373 368 378 377 397 411 402 387 384 367 372 363
 350 347 339 337 336 348 360 361 341 330 333 323 319 297 308 303 296 295
 283 278 260 244 251 240 271 270 262 259 282 287 307 309 300 311 317 325
 329 335 353 359 374 379 385 380 382 399 401 413 414 431 445 449 464 474
 487 501 508 497 477 467 453 446 450 470 480 478 489 503 515 522 537 549
 545 548 544 531 524 527 536 543 566 581 591 592 605 603 580 572 571 558
 552 542 526 521 523 513 492 488 479 473 486 496 495 493 504 520 535 534
 562 565 563 586 602 608 590 583 599 600 613 632 629 635 645 650 665 668
 683 694 698 719 720 725 739 747 754 753 773 772 776 778 767 758 756 757
 742 738 731 721 697 691 690 680 674 689 679 684 678 670 654 659 643 640
 633 626 611 597 596 585 579 593 610 625 647 651 658 677 687 682 671 664
 639 637 623 595 575 567 559 547 532 525 529 533 550 553 561 578 568 560
 538 539 546 530 517 518 512 514 499 490 482 476 472 459 454 442 437 421
 432 425 429 423 419 404 391 388 365 357 343 355 358 362 351 342 327 334
 326 318 322 324 305 292 306 299 289 280 268 258 257 267 255 266 273 277
 272 247 230 226 221 203 201 207 197 178 175 162 168 156 127 139 142 136
 132 115 111 107 104 101  88  73  76  63  70  58  60  67  85  84  98 117
 137 163 164 172 181 208 210 211 218 224 232 249 252 250 261 274 256 236
 225 220 212 209 200 196 187 182 158 143 149 125 120 123 128 129 140 131
 130 112 103  89  77  68  92 102  91  71  81  61  49  53  41  50  43  54
  59  72  90  95 118 144 157 165 173 177 191 188 190 202 219 227 228 243
 281 286 294 310 291 302 321 320 332 344 371 390 410 417 416 418 430 434
 440 447 433 436 458 475 463 469 468 466 500 506 540 555 576 569 564 557
 574 570 588 609 617 641 631 628 636 646 667 666 673 675 669 693 702 695
 714 727 750 763 755 751 741 723 701 707 715 722 740 745 730 729 726 700
 699 709 685 660 656 648 627 616 618 612 598 589 507 511 516 505 510 498
 471 481 483 484 465 457 452 451 444 435 428 422 394 383 389 386 381 400
 406 396 370 364 352 345 338 316 293 301 312 304 288 265 269 276 275 254
 245 238 235 241 234 214 215 184 171 179 185 204 194 195 183 174 159 154
 146 138 145 124 116 122 109  96  99 114 126 152 161 155 150 135 119 151
 160 186 199 189 205 216 231 239 223 242 248 285 298 290 315 331 349 346
 369 376 375 392 407 408 409 438 456 455 448 462 485 491 494 528 551 556
 577 606 620 621 652 688 692 672 663 649 661 653 638 630 604 614 615 607
 594 573 554 582 584 601 619 622 624 634 642 662 655 657 676 681 686 716
 713 710 711 728 743 752 766 770 774 782 781 780 779 769 762 749 748 761
 765 736 718 706 712 732 775 764 759 744 735 717 734 746 760 771 777 768
 737 733 724 703 696 708 704 705 644 587 541 519 509 502 461 460 443 441
 427 420 426 439 415 237 253 233 192 170 206 166 153  47   7  28  32  38
  62  94  97  36  87 229 424  39   5]
Value - initial: 69440965, final: 3377205, improveup: 20.5616671182

data-line;i;69440965;f;3377205;t;17.5244100094;c;-2;fv;[3377205L];cv;-1;imp;20.5616671182;type;rvnd;inum;6;w;1

time;17.5244100094;man_time;0;neigh_time;0
man_time;0;man_merge_sol;0;man_best_sol;0;man_combine_sol;0

Waiting [0]
Terminating workers True 0 0
MPI TERMINATING
