pydf_home: /home/rodolfo/git/Sucuri
simple_pycuda_home: /home/rodolfo/git/simple-pycuda
wamca2016path: /home/rodolfo/git/wamca2016/
localpath: /home/rodolfo/git/dvnd-df/code/dvnd-df/src/
WAMCAPATH:/home/rodolfo/git/wamca2016/
param: {solution_index:3, solution_instance_index:95, multi_gpu:True, goal:False, problem_name:ml, number_of_moves:10, device_count:2, solver:rvnd, mpi_enabled:True, workers:1}
Using already created file:  wamca2016lib.so
Size: 318 - file name: 04_lin318.tsp

Value - initial: 92045778-[284  72   8  73 277 236  74  41 293  65 238 187  46  42 295 106 175  93
  58  48 142 157 108 130  78 145  11  10 228 110 303 121 181 114   1 267
  56 161  60 203 313 246 113 132  30 317 251  84  55 266 116  76  83 248
 152 163 209 195 122   2 253 268 242 180 258  77 179  92  85 219 156 269
 129 146 283 287 101 272 270 278  61 263 184  49 306 212 217   9 140  15
  63 112 254 312 154  75 286 155 222 300  62 232  91  47 241  31 186  36
 310  79 276 260 215 288  99 103 169  69  14 294 247 289 107 292  57 231
  24 275  80 281 123 315 274 185 304 290 168 192 282 210 208   0 309 245
 109 191 198   6 136  13 105  87 196  43 128 214 115 148 111  82  98 165
 265 298 311 233 234  25  21 213 167 177 100 256 227 153  16  68 193 259
 172 120 151  90 218 194 170 178 240  39  53 127 257 144  94 138  34  81
  89 207  52  44 134  28 135 139 302 199   3 204 299 160 264 137  18 190
 305 150 166 174 226   7 164 117 162  67  64  32 118 250  29  88  33  59
 133 314 255  37 124 243 230 211  35 237  27 221 279  51 224 149 316  97
 202 216 220 189 225 235 261 244  19 249  17 252 307 131  40  50 297  22
 176 171 143 188  38  23 197  70 239 271 183 223  86 296 285  66  96 200
 291 126 201 280 301 262 104  45 182 205  12 273 158 119   5 159 147  26
  54  95 206  20 229   4 125 173 308 102 141  71] - 92045778
Solver: RVND, number of workers: 1
Setting feeder affinity
I am the master. There are 1 mpi processes. (hostname = gpu01)
Roots [<pyDF.nodes.Feeder object at 0x7fc316dfead0>]
Starting 0
Main loop
I am worker 0
GPU0
set random seed!
Initial: 92045778-[284  72   8  73 277 236  74  41 293  65 238 187  46  42 295 106 175  93
  58  48 142 157 108 130  78 145  11  10 228 110 303 121 181 114   1 267
  56 161  60 203 313 246 113 132  30 317 251  84  55 266 116  76  83 248
 152 163 209 195 122   2 253 268 242 180 258  77 179  92  85 219 156 269
 129 146 283 287 101 272 270 278  61 263 184  49 306 212 217   9 140  15
  63 112 254 312 154  75 286 155 222 300  62 232  91  47 241  31 186  36
 310  79 276 260 215 288  99 103 169  69  14 294 247 289 107 292  57 231
  24 275  80 281 123 315 274 185 304 290 168 192 282 210 208   0 309 245
 109 191 198   6 136  13 105  87 196  43 128 214 115 148 111  82  98 165
 265 298 311 233 234  25  21 213 167 177 100 256 227 153  16  68 193 259
 172 120 151  90 218 194 170 178 240  39  53 127 257 144  94 138  34  81
  89 207  52  44 134  28 135 139 302 199   3 204 299 160 264 137  18 190
 305 150 166 174 226   7 164 117 162  67  64  32 118 250  29  88  33  59
 133 314 255  37 124 243 230 211  35 237  27 221 279  51 224 149 316  97
 202 216 220 189 225 235 261 244  19 249  17 252 307 131  40  50 297  22
 176 171 143 188  38  23 197  70 239 271 183 223  86 296 285  66  96 200
 291 126 201 280 301 262 104  45 182 205  12 273 158 119   5 159 147  26
  54  95 206  20 229   4 125 173 308 102 141  71]
Final time: 4.82615709305s - Best: 6164800-[284 290 283 279 278 282 285 289 281 286 288 293 292 291 287 280 277 276
 169 170 174 173 178 179 185 184 180 177 183 181 176 171 172 175 182 186
 187 188 189 195 196 200 201 205 206  99  94  93  86  87  69  73  74  80
  85  83  82  81  77  70  67  66  71  76  78  79  75  72  68  62  61 104
  55  54  49  47  44  43  46  50  53  56  57  52  51  45  42  40  41  36
  35  26  23  18  25  24  17  15  16  13  12   4   3 105 106 110 111 114
 115 119 125 126 133 207 124 127 132 134 135 136  33  34  38  37 144 153
 160 159 154 152 149 208 137 131 128 123 120 121 122 129 130 140 141 146
 145 147 150 156 148 151 155 158 161 157 162 166 167 165 164 268 265 264
 259 257 254 258 249 142 143 139 138 241 240 239 238 231 230 117 118 109
 108 210 211 215 216 219 220 224 312 229 232 237 242 236 233 228 225 226
 227 234 235 246 245 313 253 256 250 251 252 255 261 262 267 260 263 266
 314 271 272 270 269 274 275 296 297 303 304 309 308 307 299 298 295 294
 191 192 300 301 305 306 310 311 204 198 199 194 193 190  64  65  60  59
 103  31  30  29  28  21  20 102  14  10   9   6   5   1   0   2   7   8
  11  19  22  27  32  39  48 315 316  58  63  84  90  91  95  96 100 101
  92  97  98  88  89 197 202 203 302 273 317 248 247 244 243 223 222 213
 214 218 217 212 221 113 112 107 116 163 209 168]
Value - initial: 92045778, final: 6164800, improveup: 14.9308619907

data-line;i;92045778;f;6164800;t;4.82615709305;c;-2;fv;[6164800L];cv;-1;imp;14.9308619907;type;rvnd;inum;3;w;1

time;4.82615709305;man_time;0;neigh_time;0
man_time;0;man_merge_sol;0;man_best_sol;0;man_combine_sol;0

Waiting [0]
Terminating workers True 0 0
MPI TERMINATING
