pydf_home: /home/rodolfo/git/Sucuri
simple_pycuda_home: /home/rodolfo/git/simple-pycuda
wamca2016path: /home/rodolfo/git/wamca2016/
localpath: /home/rodolfo/git/dvnd-df/code/dvnd-df/src/
WAMCAPATH:/home/rodolfo/git/wamca2016/
param: {solution_index:4, solution_instance_index:24, multi_gpu:True, goal:False, problem_name:ml, number_of_moves:10, device_count:2, solver:rvnd, mpi_enabled:True, workers:1}
Using already created file:  wamca2016lib.so
Size: 501 - file name: 05_TRP-S500-R1.tsp

Value - initial: 33495685-[ 65 322 272 261 324 346 160 370 380 376 462 221 186 487 229 240 275 258
 484 146 429 389 205 361 115 409 144 481  61 491  77 253 353 356 401  15
   4 400 404 438 104 114 267 121 116 496 109 122 145 287  41  46  25  82
  38  20 151 140  80  92 282 129 328 246  34 291  72  71  63 236 295 448
 382 378 396 454 196 181  27 311 451 395 100 428 243 262  76 464 233 362
  16  74 446 126  44 134 447  12 407 149 156 319 366 265 457 473 305 214
  33 220 171 197  99  45 234 391 269  13 500 335 244 331 373 185   3 327
  55 420  26 314 168 459 425 455 251 227  81 286 381 343 222 238 488 224
  19 173 189  24 203 169 433 161 480 399  52 247  32 490 280 332 470 308
 277 249 120 338 321 228 364 406  11 204  37   8 278  86 442  83 460 329
 392 450 158  23 336 479 252   1 405  48  53  98  90 119 358 178 117  73
 288  36  18 188  96 432 112 309 108 398 135 136 384 489 387 284 320 125
 102  69  66 326 292  39 263 264 325 299 461   5 472 416 162 206 418 179
 449 348 342 254 273 193 423  59  30 486 426 437 439  94 138 194 355 207
 279   9 307 386 352 452 430 198 339 103 163 187 296 215 159 492 219 385
 374 182 475 436 354 397 133 303 365 294 270 139 111  56 485  84  54 170
 216  35 260 344 431 106 105 456   7 422 131  28 248 318 191 372 232 239
 483 107 137 150 130 402 393 213 223 195 199 297 256 330 394 226 212 377
 123 494 172  22 142 184 403 369 143 313 388 245  31  88 237 304 217 360
 417 390 341 147 495 201  21 301  64 363 350 231 467 424   0 276 274 300
 174 152  17 166 132 383 345 241 312 497  95 414  29  67 410 340 463 255
 210  43  14 415 493 337  70 176 371 180 293 357 367 469 113 443 183 435
  47 334 413 230  78 351   2  51  79 124 218 148  60  40 347 421 271 235
 128 298 177 175 458 285 154 498 323 266 289 499 302  97 359 257  10 441
  57 474  50 444 167  49 453 477 445  93 250 118 471 153  75 127 468 209
 478 200  91 268 165 375 208 164 476 141 465 317 281 333 412 192 408   6
  87 310 316 155 225  58  89  68 290 157 283 110 379 434 411 190 427 211
 440 101 419 315 306 482 259 349 242 466  85  42  62 368 202] - 33495685
Solver: RVND, number of workers: 1
Setting feeder affinity
I am the master. There are 1 mpi processes. (hostname = gpu01)
Roots [<pyDF.nodes.Feeder object at 0x7f08ab2a4ad0>]
Starting 0
Main loop
I am worker 0
GPU0
set random seed!
Initial: 33495685-[ 65 322 272 261 324 346 160 370 380 376 462 221 186 487 229 240 275 258
 484 146 429 389 205 361 115 409 144 481  61 491  77 253 353 356 401  15
   4 400 404 438 104 114 267 121 116 496 109 122 145 287  41  46  25  82
  38  20 151 140  80  92 282 129 328 246  34 291  72  71  63 236 295 448
 382 378 396 454 196 181  27 311 451 395 100 428 243 262  76 464 233 362
  16  74 446 126  44 134 447  12 407 149 156 319 366 265 457 473 305 214
  33 220 171 197  99  45 234 391 269  13 500 335 244 331 373 185   3 327
  55 420  26 314 168 459 425 455 251 227  81 286 381 343 222 238 488 224
  19 173 189  24 203 169 433 161 480 399  52 247  32 490 280 332 470 308
 277 249 120 338 321 228 364 406  11 204  37   8 278  86 442  83 460 329
 392 450 158  23 336 479 252   1 405  48  53  98  90 119 358 178 117  73
 288  36  18 188  96 432 112 309 108 398 135 136 384 489 387 284 320 125
 102  69  66 326 292  39 263 264 325 299 461   5 472 416 162 206 418 179
 449 348 342 254 273 193 423  59  30 486 426 437 439  94 138 194 355 207
 279   9 307 386 352 452 430 198 339 103 163 187 296 215 159 492 219 385
 374 182 475 436 354 397 133 303 365 294 270 139 111  56 485  84  54 170
 216  35 260 344 431 106 105 456   7 422 131  28 248 318 191 372 232 239
 483 107 137 150 130 402 393 213 223 195 199 297 256 330 394 226 212 377
 123 494 172  22 142 184 403 369 143 313 388 245  31  88 237 304 217 360
 417 390 341 147 495 201  21 301  64 363 350 231 467 424   0 276 274 300
 174 152  17 166 132 383 345 241 312 497  95 414  29  67 410 340 463 255
 210  43  14 415 493 337  70 176 371 180 293 357 367 469 113 443 183 435
  47 334 413 230  78 351   2  51  79 124 218 148  60  40 347 421 271 235
 128 298 177 175 458 285 154 498 323 266 289 499 302  97 359 257  10 441
  57 474  50 444 167  49 453 477 445  93 250 118 471 153  75 127 468 209
 478 200  91 268 165 375 208 164 476 141 465 317 281 333 412 192 408   6
  87 310 316 155 225  58  89  68 290 157 283 110 379 434 411 190 427 211
 440 101 419 315 306 482 259 349 242 466  85  42  62 368 202]
Final time: 3.92268395424s - Best: 1973350-[ 65 440  15  96 138 385 175 410 294  20 128  54 223   4 459 119 434  36
 295 338 131  92 170 168   2 488 377 369 450 311 347  45 182  28 383  60
 324 162  50  26 189 418  64 143 259 125 398 214 483 331 240 103 359 408
 183  47  29 389 209  77 396 100 433 343 406  58 206 357 252  40 144 384
 300 114  17   1  74 427 132 378 318 409 176 497  10 105  31 110  85 220
 264 490 101  27 491 476 267 188 289  34 371 456 130  37 244 446 474 482
 231 375 256 127 314 401  24 465 462  11 283 442 399 424 315 173 323 374
 498 397 429 493 461 241 495  56 361 423 234 242 500 194  13 379  35 124
 277 352 326 210  87  81  67 325 496 421 221 362  62 420 266  82 345 416
 358 181 436  38 146 382 419  88 193 112 142 236 356   5 246  39 111   7
 445 339  59  83 486  41 469 217  84  80  32  48 113 121 169 464  71 364
 174 195 394  76 346 468 230 154 287 353 321 258 106 135 164 276 171 282
 224 149   8 390  61 280 296 489 229  63 271  53 107 153 400  23 342 249
  46 257 186  98 166  78 417  73 243  19 301 330  44 373 179 116 344 303
 235 452  18   0 270 317 478 137 263 313 104 272 139 376  86 413  21 278
 202 299 292 297 328 372 196  55 185  43 285 309 163  42 453 140 251 349
 279 387  70 275 307 155  93  99 290 203 281  69 265 381 238 466  12  89
 109 208 380 216 451 233 211  94 332 479 460 102 152 447 215 204 226 457
 239 129 439 160 403 411  16 438   6 248  52 306 293 212 302  72 308 268
 336 386 395 262 298 245 274 370  68 388 333  75 161 312 475  25 487 365
 207  90 187 473 412  79 391 484  14 304 237  97 255 190  95 448 354 141
 485 288 430 494 218 120 322 477 148 366  49 177 201 467 157 404  57 254
 367 435 455 392 426 227 250 126 205 151 334 428 355 145 454   9 441 225
 159 197 228 471 115 316  51 199 122 340 443 260 108 405 147 165 291 432
 269 191 407 253 402 156 329 284 178   3 273 393 167 117 481 305 351 319
  33 136 470 200 335 172 213 286 337 414 341  22 219 118 261 499  66 425
 247 350 415 458 449 134 472 363 133 492 348 222 150 327 320 360 310 192
 123  91 444 463 198 184 437 422 158 232 431 480 368 180  30]
Value - initial: 33495685, final: 1973350, improveup: 16.9740213343

data-line;i;33495685;f;1973350;t;3.92268395424;c;-2;fv;[1973350L];cv;-1;imp;16.9740213343;type;rvnd;inum;4;w;1

time;3.92268395424;man_time;0;neigh_time;0
man_time;0;man_merge_sol;0;man_best_sol;0;man_combine_sol;0

Waiting [0]
Terminating workers True 0 0
MPI TERMINATING
