pydf_home: /home/rodolfo/git/Sucuri
simple_pycuda_home: /home/rodolfo/git/simple-pycuda
wamca2016path: /home/rodolfo/git/wamca2016/
localpath: /home/rodolfo/git/dvnd-df/code/dvnd-df/src/
WAMCAPATH:/home/rodolfo/git/wamca2016/
param: {solution_index:5, solution_instance_index:48, multi_gpu:True, goal:False, problem_name:ml, number_of_moves:10, device_count:2, solver:rvnd, mpi_enabled:True, workers:1}
Using already created file:  wamca2016lib.so
Size: 657 - file name: 06_d657.tsp

Value - initial: 275290267-[367 285 344 372 172 650  70 385 313  40 112 283 543 319 502 355 620 126
 410 590 500 161 528 120 269 351 192  67 199 299  28 420  11  32 517 225
 453 480 288 457 626 323  43 449 426  41  19  81 103 281 413 105 394 396
 173 377  18 390 330 602 654 509  96 273 255 498 465 608 649 536 362 353
 133 162 501 468 539 157 564 301 169 366 191 478 117 508 558  16 130  88
  64 506 565 549 352 287 359 211  47 188 280 290 257 180 154 186  65 163
 196 284 104   3 402  83 629 279 219 535 450 461 379 531 527 249 491 554
 325 485  76 364 134 541 648  54 261 579 553 327 475 340 551 622 240 368
 634 436 409 534 296 309 250 617 332  77 264 324  60 651 111 604 432 171
  85 601 329 603 476 434 398 540 645 343 416 427 462 640  37 335 247 331
 423 244 414 158 298 365 445 338 311 326 153 546 389 315 504 294 128 123
  58 234  15 632 518 239 270  89 530 210 242 560   0 595 238   2 334  72
 559  12 108 361 236  35 121 251  94 318 222 523 469 217  36 401 350 307
 503 516 600 184 232 177 185  84 182 570 293  20 276 146 624 114 391 243
 397  56 190  99  73 408 231 383 282 286 587 110 267 493 463 441 642 477
 424 404 160 142 345 393 109 563 253 524 150 619 597  49 467 107 215  68
  30  59 471  95 387 522 431 515 237 349  55  66 566 356 653 306 271 454
 495 470 203 403 155 178 466 637 586 621 472 400 106 227 633 354 228 266
 452  22 316 483 135  23 460 174 198 592  97 507 627 521 147 628 115 101
 435   9 194 212  61 176 636 532 499 406 380 381 252 655  75 175 494 152
   5 418  26 348 218 339 613 464 547 164 585 220 392 561 437  50 610  82
 358 567 542 572 144 260 317 442 295  48 145 187 609 537   7 204 605 433
 599 514 165 407 195 422 574 520 616 292 615 207 438 417  51 656  69 490
 124 630  79 646 336 369 202 631 100 411 550 156 455 388 376 141 512  57
 166 116  46 444 623 119 291 488 167 581  21 214  25 143 525 584 606 137
  74 302 139 224  29 510 233  93 206 548 439 598 129 425 635 538 216  13
  17 459 440 582 131 297  33  62 275 593 245  71 419 375  14  44 486 583
 370 412 278 641 360 481 421 122 258 183 268 170 342 611 168 557 149 241
 511 246 374 386 612 568 473 181 429 484 505 151 229  80 513 562 102 482
 262 118 576 474 321 138 127 571 519 213 201 428 193 136 230 552 303 384
 618 596 526 132 140 594 405 337 333  52 259 399 614 308 373 569 223 265
   1 430 643 378 235 256 639 272 322 556 209  86 113 415  34 254 208 248
   6 274 578 638 647 328 573  87 305 644 591 159  24 607  10 446 312  63
 363   8   4 577 197 588 544 263 341 575 496 221 625  53  38 347 179 300
 310 205 580 346 529  45 314  39 357 289 545  98 489 395 479 555 652 200
 447 320 589 451 226  78  92  31 189  42 533 148  90  91 371 487 458 304
 277 443 497 125 456  27 492 448 382] - 275290267
Solver: RVND, number of workers: 1
Setting feeder affinity
I am the master. There are 1 mpi processes. (hostname = gpu01)
Roots [<pyDF.nodes.Feeder object at 0x7f547bedbad0>]
Starting 0
Main loop
I am worker 0
GPU0
set random seed!
Initial: 275290267-[367 285 344 372 172 650  70 385 313  40 112 283 543 319 502 355 620 126
 410 590 500 161 528 120 269 351 192  67 199 299  28 420  11  32 517 225
 453 480 288 457 626 323  43 449 426  41  19  81 103 281 413 105 394 396
 173 377  18 390 330 602 654 509  96 273 255 498 465 608 649 536 362 353
 133 162 501 468 539 157 564 301 169 366 191 478 117 508 558  16 130  88
  64 506 565 549 352 287 359 211  47 188 280 290 257 180 154 186  65 163
 196 284 104   3 402  83 629 279 219 535 450 461 379 531 527 249 491 554
 325 485  76 364 134 541 648  54 261 579 553 327 475 340 551 622 240 368
 634 436 409 534 296 309 250 617 332  77 264 324  60 651 111 604 432 171
  85 601 329 603 476 434 398 540 645 343 416 427 462 640  37 335 247 331
 423 244 414 158 298 365 445 338 311 326 153 546 389 315 504 294 128 123
  58 234  15 632 518 239 270  89 530 210 242 560   0 595 238   2 334  72
 559  12 108 361 236  35 121 251  94 318 222 523 469 217  36 401 350 307
 503 516 600 184 232 177 185  84 182 570 293  20 276 146 624 114 391 243
 397  56 190  99  73 408 231 383 282 286 587 110 267 493 463 441 642 477
 424 404 160 142 345 393 109 563 253 524 150 619 597  49 467 107 215  68
  30  59 471  95 387 522 431 515 237 349  55  66 566 356 653 306 271 454
 495 470 203 403 155 178 466 637 586 621 472 400 106 227 633 354 228 266
 452  22 316 483 135  23 460 174 198 592  97 507 627 521 147 628 115 101
 435   9 194 212  61 176 636 532 499 406 380 381 252 655  75 175 494 152
   5 418  26 348 218 339 613 464 547 164 585 220 392 561 437  50 610  82
 358 567 542 572 144 260 317 442 295  48 145 187 609 537   7 204 605 433
 599 514 165 407 195 422 574 520 616 292 615 207 438 417  51 656  69 490
 124 630  79 646 336 369 202 631 100 411 550 156 455 388 376 141 512  57
 166 116  46 444 623 119 291 488 167 581  21 214  25 143 525 584 606 137
  74 302 139 224  29 510 233  93 206 548 439 598 129 425 635 538 216  13
  17 459 440 582 131 297  33  62 275 593 245  71 419 375  14  44 486 583
 370 412 278 641 360 481 421 122 258 183 268 170 342 611 168 557 149 241
 511 246 374 386 612 568 473 181 429 484 505 151 229  80 513 562 102 482
 262 118 576 474 321 138 127 571 519 213 201 428 193 136 230 552 303 384
 618 596 526 132 140 594 405 337 333  52 259 399 614 308 373 569 223 265
   1 430 643 378 235 256 639 272 322 556 209  86 113 415  34 254 208 248
   6 274 578 638 647 328 573  87 305 644 591 159  24 607  10 446 312  63
 363   8   4 577 197 588 544 263 341 575 496 221 625  53  38 347 179 300
 310 205 580 346 529  45 314  39 357 289 545  98 489 395 479 555 652 200
 447 320 589 451 226  78  92  31 189  42 533 148  90  91 371 487 458 304
 277 443 497 125 456  27 492 448 382]
Final time: 6.87819600105s - Best: 14361535-[367 362 353 344 338 329 315 314 332 352 363 359 366 384 379 376 374 368
 357 351 358 373 378 396 385 395 402 406 413 425 419 410 414 405 401 386
 377 365 369 350 326 320 310 300 276 270 252 268 260 251 247 241 232 254
 275 287 292 294 325 321 309 308 303 299 293 288 264 263 271 261 253 234
 218 217 209 199 198 197 195 191 186 181 180 185 178 172 168 155 162 164
 142 128 130 137 140 132 115  98  97  91  93  84  77  73  68  53  60  64
  79  78   6   5   4   8   9   7  41  39  36  35  33  32  24  21  14  15
  20  16  17  13  18  19 444 445 447 446 443 441 440  23  25  26  27  30
  31 469  34  37  38  42  46  58  70  80  71  66  61  47  43 468 466 463
 462 464 458 453 449 448 450 452 451 454 461 465 467 460 459 455 473 456
 457 475 476 479 478 477 474 520 519 518 517 516 515 514 484 481 480 485
 486 490 487 488 489 492 495 500 501 503 507 133 136 126 135 125 506 504
 502 499 493 498 496 497 494 491 482 472 483 471  56  67  76  83  88  87
  95 108  94  89  82  96 100 107 106 122 112 121 105  90 104 120 139 148
 147 149 154 177 184 179 166 158 150 153 167 151 143 111 110 123 134 146
 176 192 188 175 152 160 174 193 189 182 173 183 194 200 213 580 229 246
 257 266 258 273 280 297 296 302 295 301 285 278 281 265 245 222 216 212
 205 203 211 244 233 249 277 291 272 274 283 286 313 328 339 333 318 327
 311 312 305 304 284 259 255 243 228 250 242 226 224 207 208 214 219 227
 221 248 236 225 215 170 161 169 171 157 118 114 103 119 113  99  92  86
  69  59  55  48  52  57  65  50  54  49  44  45  63  74 101 116 129 131
 138 156 163 190 196 206 220 230 239 238 235 231 237 269 289 290 298 307
 317 322 335 340 323 324 334 346 372 361 345 341 347 371 390 416 409 420
 437 439 421 415 404 400 389 397 388 370 364 348 342 349 387 432 423 431
 424 394 403 407 412 433 434 429 417 411 428 418 393 381 383 380 375 336
 319 330 343 354 360 355 331 306 592 279 598 600 589 586 581 582 578 574
 573 577 576 583 584 585 588 594 602 597 596 591 595 601 605 606 610 607
 337 356 426 427 408 622 620 618 617 616 615 613 619 624 625 623 621 614
 609 604 603 599 593 590 587 579 575 572 571 569 568 626 655 654 653 652
 648 647 649 650 651 562 561 564 560 565 563 558 553 554 555 557 550 549
 548 547 544 545 546 552 628 629 630 631 632 633 635 634 636 637 638 639
 640 641 645 646 644 643 642 536 537 534 535 532 531 529 533 530 524 525
 526 527 521 522 523 538 539 540 541 542 543 551 556 559 567 570 202 201
 511 510 159 508 509 528 512 513 505 124 127 145 144 109  81  75  62  51
 470 442  22  29  40  72  85 102  28  12  11  10   1   2   3 117 141 210
 187 165 204 240 262 399 438 391 398 422 436 430 435 392 382 316 282 267
 256 608 612 611 656 627 566 223   0]
Value - initial: 275290267, final: 14361535, improveup: 19.1685823974

data-line;i;275290267;f;14361535;t;6.87819600105;c;-2;fv;[14361535L];cv;-1;imp;19.1685823974;type;rvnd;inum;5;w;1

time;6.87819600105;man_time;0;neigh_time;0
man_time;0;man_merge_sol;0;man_best_sol;0;man_combine_sol;0

Waiting [0]
Terminating workers True 0 0
MPI TERMINATING
