pydf_home: /home/rodolfo/git/Sucuri
simple_pycuda_home: /home/rodolfo/git/simple-pycuda
wamca2016path: /home/rodolfo/git/wamca2016/
localpath: /home/rodolfo/git/dvnd-df/code/dvnd-df/src/
WAMCAPATH:/home/rodolfo/git/wamca2016/
param: {solution_index:7, solution_instance_index:68, multi_gpu:True, goal:False, problem_name:ml, number_of_moves:10, device_count:2, solver:rvnd, mpi_enabled:True, workers:1}
Using already created file:  wamca2016lib.so
Size: 1001 - file name: 08_TRP-S1000-R1.tsp

Value - initial: 128256826-[168 534 369 ..., 137 763 882] - 128256826
Solver: RVND, number of workers: 1
Setting feeder affinity
I am the master. There are 1 mpi processes. (hostname = gpu01)
Roots [<pyDF.nodes.Feeder object at 0x7fbdf6be6ad0>]
Starting 0
Main loop
I am worker 0
GPU0
set random seed!
Initial: 128256826-[168 534 369 ..., 137 763 882]
Final time: 34.8575057983s - Best: 5545330-[168 637 722 ..., 850 781 276]
Value - initial: 128256826, final: 5545330, improveup: 23.1287995484

data-line;i;128256826;f;5545330;t;34.8575057983;c;-2;fv;[5545330L];cv;-1;imp;23.1287995484;type;rvnd;inum;7;w;1

time;34.8575057983;man_time;0;neigh_time;0
man_time;0;man_merge_sol;0;man_best_sol;0;man_combine_sol;0

Waiting [0]
Terminating workers True 0 0
MPI TERMINATING
