pydf_home: /home/rodolfo/git/Sucuri
simple_pycuda_home: /home/rodolfo/git/simple-pycuda
wamca2016path: /home/rodolfo/git/wamca2016/
localpath: /home/rodolfo/git/dvnd-df/code/dvnd-df/src/
WAMCAPATH:/home/rodolfo/git/wamca2016/
param: {solution_index:0, solution_instance_index:58, multi_gpu:True, goal:False, problem_name:ml, number_of_moves:10, device_count:2, solver:rvnd, mpi_enabled:True, workers:1}
Using already created file:  wamca2016lib.so
Size: 52 - file name: 01_berlin52.tsp

Value - initial: 652747-[20 31 37 21 36 48 41 43 24 18  4 10 39 27 51 38 19 45 11 14  7 15  1 16  6
  0 42  3 35 23 33  2 12 49 26 29 25 13  5 47 40 30 17 28 22 32 46  9 44 34
 50  8] - 652747
Solver: RVND, number of workers: 1
Setting feeder affinity
I am the master. There are 1 mpi processes. (hostname = gpu01)
Roots [<pyDF.nodes.Feeder object at 0x7f6b863a7ad0>]
Starting 0
Main loop
I am worker 0
GPU0
set random seed!
Initial: 652747-[20 31 37 21 36 48 41 43 24 18  4 10 39 27 51 38 19 45 11 14  7 15  1 16  6
  0 42  3 35 23 33  2 12 49 26 29 25 13  5 47 40 30 17 28 22 32 46  9 44 34
 50  8]
Final time: 0.675749063492s - Best: 146668-[20 30 17 21  0 31 48 35 34 33 38 39 37 14  5  4 23 47 36 43 15 49 19 22 29
 41  1  6 16  2 44 18 40  7  9 42  3 24 45 28 46 25 27 26 12 13 51 10 50 11
 32  8]
Value - initial: 652747, final: 146668, improveup: 4.45050726812

data-line;i;652747;f;146668;t;0.675749063492;c;-2;fv;[146668L];cv;-1;imp;4.45050726812;type;rvnd;inum;0;w;1

time;0.675749063492;man_time;0;neigh_time;0
man_time;0;man_merge_sol;0;man_best_sol;0;man_combine_sol;0

Waiting [0]
Terminating workers True 0 0
MPI TERMINATING
