pydf_home: /home/rodolfo/git/Sucuri
simple_pycuda_home: /home/rodolfo/git/simple-pycuda
wamca2016path: /home/rodolfo/git/wamca2016/
localpath: /home/rodolfo/git/dvnd-df/code/dvnd-df/src/
WAMCAPATH:/home/rodolfo/git/wamca2016/
param: {solution_index:7, solution_instance_index:18, multi_gpu:True, goal:False, problem_name:ml, number_of_moves:10, device_count:2, solver:rvnd, mpi_enabled:True, workers:1}
Using already created file:  wamca2016lib.so
Size: 1001 - file name: 08_TRP-S1000-R1.tsp

Value - initial: 132695277-[586 756 425 ..., 158 595 928] - 132695277
Solver: RVND, number of workers: 1
Setting feeder affinity
I am the master. There are 1 mpi processes. (hostname = gpu01)
Roots [<pyDF.nodes.Feeder object at 0x7fcc87808ad0>]
Starting 0
Main loop
I am worker 0
GPU0
set random seed!
Initial: 132695277-[586 756 425 ..., 158 595 928]
Final time: 22.5901639462s - Best: 5497728-[586  69 292 ..., 210 947 117]
Value - initial: 132695277, final: 5497728, improveup: 24.136384521

data-line;i;132695277;f;5497728;t;22.5901639462;c;-2;fv;[5497728L];cv;-1;imp;24.136384521;type;rvnd;inum;7;w;1

time;22.5901639462;man_time;0;neigh_time;0
man_time;0;man_merge_sol;0;man_best_sol;0;man_combine_sol;0

Waiting [0]
Terminating workers True 0 0
MPI TERMINATING
