pydf_home: /home/rodolfo/git/Sucuri
simple_pycuda_home: /home/rodolfo/git/simple-pycuda
wamca2016path: /home/rodolfo/git/wamca2016/
localpath: /home/rodolfo/git/dvnd-df/code/dvnd-df/src/
WAMCAPATH:/home/rodolfo/git/wamca2016/
param: {solution_index:1, solution_instance_index:44, multi_gpu:True, goal:False, problem_name:ml, number_of_moves:10, device_count:2, solver:rvnd, mpi_enabled:True, workers:1}
Using already created file:  wamca2016lib.so
Size: 100 - file name: 02_kroD100.tsp

Value - initial: 8225483-[ 9 49 72 83 89 45 59 54  2 25 41 48 39 91 28 22 62  3 20 17 37 46 26 76 63
 12 52 36 77 86 71 69 55 10 85 58 33 38 65 94 47 24 13 66 75  4 81 97 70 23
 18 96 61 15 73 98 57 56 68 67 29 21  8 40 93  5 19 87 80 34 43 50 88 79 42
 90 95 92 84 32 53 35 99  7 74  6 82 31 30 78 60 51 14 16 44 27 11  1  0 64] - 8225483
Solver: RVND, number of workers: 1
Setting feeder affinity
I am the master. There are 1 mpi processes. (hostname = gpu01)
Roots [<pyDF.nodes.Feeder object at 0x7efec0d3fad0>]
Starting 0
Main loop
I am worker 0
GPU0
set random seed!
Initial: 8225483-[ 9 49 72 83 89 45 59 54  2 25 41 48 39 91 28 22 62  3 20 17 37 46 26 76 63
 12 52 36 77 86 71 69 55 10 85 58 33 38 65 94 47 24 13 66 75  4 81 97 70 23
 18 96 61 15 73 98 57 56 68 67 29 21  8 40 93  5 19 87 80 34 43 50 88 79 42
 90 95 92 84 32 53 35 99  7 74  6 82 31 30 78 60 51 14 16 44 27 11  1  0 64]
Final time: 0.756758928299s - Best: 1011680-[ 9  8 19 24 17 84 58  5 39 82  2  4 52 43  3 42 76 90 53 62 14 68 45 51  7
 65 37 80 33 49  0 12 78 87 26 23 40 83 72 38 70 92 59 61 36 18 50 34 29 99
  1 47 91 54 86 25 94 55 20 27 11 46 81 13 67 32 44 98 30 77 79 75 60 73 22
 41 88 10 89 16 93 31 96 97 48 69 21 57 28 35 66 74  6 71 56 85 95 15 63 64]
Value - initial: 8225483, final: 1011680, improveup: 8.13051854341

data-line;i;8225483;f;1011680;t;0.756758928299;c;-2;fv;[1011680L];cv;-1;imp;8.13051854341;type;rvnd;inum;1;w;1

time;0.756758928299;man_time;0;neigh_time;0
man_time;0;man_merge_sol;0;man_best_sol;0;man_combine_sol;0

Waiting [0]
Terminating workers True 0 0
MPI TERMINATING
