pydf_home: /home/rodolfo/git/Sucuri
simple_pycuda_home: /home/rodolfo/git/simple-pycuda
wamca2016path: /home/rodolfo/git/wamca2016/
localpath: /home/rodolfo/git/dvnd-df/code/dvnd-df/src/
WAMCAPATH:/home/rodolfo/git/wamca2016/
param: {solution_index:2, solution_instance_index:93, multi_gpu:True, goal:False, problem_name:ml, number_of_moves:10, device_count:2, solver:rvnd, mpi_enabled:True, workers:1}
Using already created file:  wamca2016lib.so
Size: 226 - file name: 03_pr226.tsp

Value - initial: 199810958-[128 167 120 180 207  29  31  15 104 119  19 113  39 127  42 126 203  67
 213 107 177  43  11 109 153   5 194  79  37 169   0  38 142 158  23   3
   4  93  73 147  56  76  49  72   9 215   2  99 102 103  87 160  97  85
 199  16  84 112  46 152  89  41  60  33 123 134  27 202 183 204 198   7
  26 157 206 135  71 130 182 139  45  25  54 164  63 106  34  82 176 105
  88  18 143 174  69 150 209 118  65  48  53 187 122 111  70 216  52  35
 175 219  59 148 162  10 141 225 188  77 205  64  75 151 101 145 208 132
  21 163 222  17 196   8 211 146 140 159 156 115 125  40 218  12 117  61
 210  74 193 197  91 144 110 149 181  96  95  28 154  83  14 179   1 133
  32 200  55  57 223  51  86 129  44  62 121 190 172 221 214 114  20 220
 136 124  13 217 131  66 192  36 201 166 191 100 161 137 186  22 170 212
  50  90  58  98  81 184 195  47 224  78 168 189 178 165  30  68 173 171
  24  80  94 155   6 108 116 185 138  92] - 199810958
Solver: RVND, number of workers: 1
Setting feeder affinity
I am the master. There are 1 mpi processes. (hostname = gpu01)
Roots [<pyDF.nodes.Feeder object at 0x7f1430752ad0>]
Starting 0
Main loop
I am worker 0
GPU0
set random seed!
Initial: 199810958-[128 167 120 180 207  29  31  15 104 119  19 113  39 127  42 126 203  67
 213 107 177  43  11 109 153   5 194  79  37 169   0  38 142 158  23   3
   4  93  73 147  56  76  49  72   9 215   2  99 102 103  87 160  97  85
 199  16  84 112  46 152  89  41  60  33 123 134  27 202 183 204 198   7
  26 157 206 135  71 130 182 139  45  25  54 164  63 106  34  82 176 105
  88  18 143 174  69 150 209 118  65  48  53 187 122 111  70 216  52  35
 175 219  59 148 162  10 141 225 188  77 205  64  75 151 101 145 208 132
  21 163 222  17 196   8 211 146 140 159 156 115 125  40 218  12 117  61
 210  74 193 197  91 144 110 149 181  96  95  28 154  83  14 179   1 133
  32 200  55  57 223  51  86 129  44  62 121 190 172 221 214 114  20 220
 136 124  13 217 131  66 192  36 201 166 191 100 161 137 186  22 170 212
  50  90  58  98  81 184 195  47 224  78 168 189 178 165  30  68 173 171
  24  80  94 155   6 108 116 185 138  92]
Final time: 1.97798991203s - Best: 6795254-[128 130 129 131 124 123 122 121 120 126 127 119 118 125 109 108 107 106
 105 103 104 102 110 111 112 113 114 115 116 117 225 224 223 222 221 220
 219 218 217 216 215 214 213 212 211 210 209 208 207 206 205 204 203 202
 201 200 199 198 197 196 195 194 193 192 191 190 189 188 187 186 185 184
 183 182 181 180 179 178 177 176 175 174 173 172 171 170 169 168 167 166
 165 164 163 162 161 160 159 158 157 156 155 154 149 142 141 147 148 140
 139 146 144 138 137 145 143 136  93 101 100  92  91  99  98  90  89  97
  96  87  88  95  94  86  46  45  44  43  36  35  34  33  29  28  30  31
  32  47  27  26  25  24  23  22  21  49  50  51  52  53  54  55  56  57
  58  59  60  61  62  63  65  69  68  67  15  14  13   9   8  10  11  12
   7   6   5   4   3   2   1   0  72  73  74  75  76  77  78  79  80  81
  82  83  84  85  71  70  66  16  17  18  64  19  20  48  42  41  37  38
  39  40 153 152 151 150 135 134 133 132]
Value - initial: 199810958, final: 6795254, improveup: 29.404487014

data-line;i;199810958;f;6795254;t;1.97798991203;c;-2;fv;[6795254L];cv;-1;imp;29.404487014;type;rvnd;inum;2;w;1

time;1.97798991203;man_time;0;neigh_time;0
man_time;0;man_merge_sol;0;man_best_sol;0;man_combine_sol;0

Waiting [0]
Terminating workers True 0 0
MPI TERMINATING
