pydf_home: /home/rodolfo/git/Sucuri
simple_pycuda_home: /home/rodolfo/git/simple-pycuda
wamca2016path: /home/rodolfo/git/wamca2016/
localpath: /home/rodolfo/git/dvnd-df/code/dvnd-df/src/
WAMCAPATH:/home/rodolfo/git/wamca2016/
param: {solution_index:6, solution_instance_index:20, multi_gpu:True, goal:False, problem_name:ml, number_of_moves:10, device_count:2, solver:rvnd, mpi_enabled:True, workers:1}
Using already created file:  wamca2016lib.so
Size: 783 - file name: 07_rat784.tsp

Value - initial: 69483486-[310 392 533 250 362 258 262 611  94 600 669  27 206 633 586 475 430 635
 554  31 601 292 436 714 637 171 551 318 782 471 693 539 107 555 563 696
 764 453 771 718 253 769 176 677 368 652 201 369 727  72  13 692 360 521
 702 373 348 582 528 106 609 414 431 202 185 240 279 548 445 425 155 626
 272 277 699 479 646 722 717 643 341 274  69 781 289   5  32 260 269  85
 571 632 755 438 492 715 382 608 433 389 662 321 115 535 432 139 173 553
 335 705 278 322   8 733 530 779 290  21  68  45 657 660 124 585 602 720
 629 233 147 207 313 297 546 654 447 384  56 470 298 428 497  58 587 423
 688 651  98 343 320 698 721 506 754 499 186 121  23 606  90 291 529 164
 302 268 378 713 154 191 597 118 472 566 416  99 160 486 172 283 346  33
 708  60  29  82 594 576  63 559 593 759 686 193 494  73 667 400 157 221
 746 491 333 156  18 437 730 306 778 538 195 500 105 665 337 462 710 410
 604 564 752 695 532 162 417   7 577 235 381 575   1  17  79 642 676 397
 666 522  93  76 231 751 239 527  78 682 607  77 267 226 732 645 380 766
  37 223 706 120 617 687 296  75 761  52  49 234 236 353 199  53 749 661
 276 325 442 129 180   3 163 513 166 209 493 182 111 649 460   0  87 211
 203 561 367 137 565 689 439 690 568 691 596 723 591 377  54 294  40 603
 550 363 741 536 578 101  47 148  36 103 773 232 434 255 664 374 709 449
  86  81  61 110 526 249 361 584 627 478 631 356 641 756 544  83 309 454
 136 398 345 248 219 613 370 489  84 386 358 336  11 224 158 680 125 477
 644 312 753 605 210 543 481 395 217 663 102 703 557 288 418 658   9 519
 100 610 338 383  38 284 464 104 583 396 694 150 286 620 393  39 237 558
 455 737 542 501 324 509 628 407 280 518 242 592 419  34 281 372 188 729
 112  62 656 763 351  67  20 747 113 748 760 700 735 728  22 243 315 244
 422 230 159 415 572 327 634 229 655 716 540 758 524 175 190 344 738 580
 117 498 742 339 332 261 227 684 399 774 638 257 520 719 364 531 273 189
 750 757 181 623 145 146 342 271 167 246 624 184 653 116 772 515 767 238
 488 133 347 440 426 712  96 109 134 725 323 424 625 187  16 461 282 319
  70 451 614 549  50 777 245  43 178 450 459 266 560 502 523 569  89 474
 745 443 215 463 256 247 275 552 570  19 765 573 567  65 141 220 744 612
 650 589 196 390 556 444 142 636 340 484 135  26 670 122  10 648  41 736
 467 352 153 514 545 254 299 574 446 208 301 303 329 355 458 429 599 165
 114 225 152 581  80 427 194 537 241 265 673 143 214 183 674 365 726  35
  48 251 213 647   6 404 385 512 482 305 330 140 503 222 408 264 151 375
 452 179 131  42 421 659 331 387 590 314 683 465 334 420 295 144 701  95
 259 711 205 639 316 780  14  88 672  30 640 412 469  64 679  92 480 311
 619 622 510 354 287 388 409  44 170 357   4 204 197 350 621 326 468 405
 366  97 516 169 630 485 263 218  28 541 403 192 616 776 402 161 724 216
  15 507 200 441  25 685 371 127   2 595 132 401 379 547 328  12  91 300
 704 487 149 476 130 618 615 308 579  74  66 456 466 734 359 473 762  59
 252 697 508 168 668 678 376  51 534 293 511 495 448 406 126 504 483 770
  46 304 681 177 307 740 739 391 270  24 490 411  57 457 108 731 588 138
 435 671 174 119 743 394 317 496 675  71 198 525 349  55 707 128 598 505
 768 212 123 517 228 775 413 562 285] - 69483486
Solver: RVND, number of workers: 1
Setting feeder affinity
I am the master. There are 1 mpi processes. (hostname = gpu01)
Roots [<pyDF.nodes.Feeder object at 0x7fa06e823ad0>]
Starting 0
Main loop
I am worker 0
GPU0
set random seed!
Initial: 69483486-[310 392 533 250 362 258 262 611  94 600 669  27 206 633 586 475 430 635
 554  31 601 292 436 714 637 171 551 318 782 471 693 539 107 555 563 696
 764 453 771 718 253 769 176 677 368 652 201 369 727  72  13 692 360 521
 702 373 348 582 528 106 609 414 431 202 185 240 279 548 445 425 155 626
 272 277 699 479 646 722 717 643 341 274  69 781 289   5  32 260 269  85
 571 632 755 438 492 715 382 608 433 389 662 321 115 535 432 139 173 553
 335 705 278 322   8 733 530 779 290  21  68  45 657 660 124 585 602 720
 629 233 147 207 313 297 546 654 447 384  56 470 298 428 497  58 587 423
 688 651  98 343 320 698 721 506 754 499 186 121  23 606  90 291 529 164
 302 268 378 713 154 191 597 118 472 566 416  99 160 486 172 283 346  33
 708  60  29  82 594 576  63 559 593 759 686 193 494  73 667 400 157 221
 746 491 333 156  18 437 730 306 778 538 195 500 105 665 337 462 710 410
 604 564 752 695 532 162 417   7 577 235 381 575   1  17  79 642 676 397
 666 522  93  76 231 751 239 527  78 682 607  77 267 226 732 645 380 766
  37 223 706 120 617 687 296  75 761  52  49 234 236 353 199  53 749 661
 276 325 442 129 180   3 163 513 166 209 493 182 111 649 460   0  87 211
 203 561 367 137 565 689 439 690 568 691 596 723 591 377  54 294  40 603
 550 363 741 536 578 101  47 148  36 103 773 232 434 255 664 374 709 449
  86  81  61 110 526 249 361 584 627 478 631 356 641 756 544  83 309 454
 136 398 345 248 219 613 370 489  84 386 358 336  11 224 158 680 125 477
 644 312 753 605 210 543 481 395 217 663 102 703 557 288 418 658   9 519
 100 610 338 383  38 284 464 104 583 396 694 150 286 620 393  39 237 558
 455 737 542 501 324 509 628 407 280 518 242 592 419  34 281 372 188 729
 112  62 656 763 351  67  20 747 113 748 760 700 735 728  22 243 315 244
 422 230 159 415 572 327 634 229 655 716 540 758 524 175 190 344 738 580
 117 498 742 339 332 261 227 684 399 774 638 257 520 719 364 531 273 189
 750 757 181 623 145 146 342 271 167 246 624 184 653 116 772 515 767 238
 488 133 347 440 426 712  96 109 134 725 323 424 625 187  16 461 282 319
  70 451 614 549  50 777 245  43 178 450 459 266 560 502 523 569  89 474
 745 443 215 463 256 247 275 552 570  19 765 573 567  65 141 220 744 612
 650 589 196 390 556 444 142 636 340 484 135  26 670 122  10 648  41 736
 467 352 153 514 545 254 299 574 446 208 301 303 329 355 458 429 599 165
 114 225 152 581  80 427 194 537 241 265 673 143 214 183 674 365 726  35
  48 251 213 647   6 404 385 512 482 305 330 140 503 222 408 264 151 375
 452 179 131  42 421 659 331 387 590 314 683 465 334 420 295 144 701  95
 259 711 205 639 316 780  14  88 672  30 640 412 469  64 679  92 480 311
 619 622 510 354 287 388 409  44 170 357   4 204 197 350 621 326 468 405
 366  97 516 169 630 485 263 218  28 541 403 192 616 776 402 161 724 216
  15 507 200 441  25 685 371 127   2 595 132 401 379 547 328  12  91 300
 704 487 149 476 130 618 615 308 579  74  66 456 466 734 359 473 762  59
 252 697 508 168 668 678 376  51 534 293 511 495 448 406 126 504 483 770
  46 304 681 177 307 740 739 391 270  24 490 411  57 457 108 731 588 138
 435 671 174 119 743 394 317 496 675  71 198 525 349  55 707 128 598 505
 768 212 123 517 228 775 413 562 285]
Final time: 15.5871949196s - Best: 3407630-[310 317 311 300 286 274 261 250 252 218 211 210 208 181 172 164 163 156
 168 162 175 178 160 151 142 136 132 115 139 127 107 104 101 111  94  88
  73  76  63  70  84  98  85  67  60  58  35  19  30  34  21  13  31  15
  20  25  26  23  27  43  54  59  72  65  74  86  83  78 100 105 108 113
  95  90 103 112 118 121 141 147 167 169 176 180 193 198 217 233 253 284
 279 264 263 278 283 297 308 295 296 303 313 328 340 354 373 368 378 395
 398 393 403 405 412 420 427 441 460 461 489 503 515 522 502 478 480 470
 477 467 453 446 439 449 464 474 479 473 458 436 433 447 440 468 469 463
 475 493 495 496 486 488 492 487 501 508 524 527 536 543 531 544 548 545
 537 549 573 566 581 591 594 607 582 584 601 619 622 624 634 642 662 655
 657 676 681 711 710 713 716 714 702 695 693 701 707 715 722 740 745 730
 729 726 700 699 709 694 698 719 718 706 712 691 690 697 689 679 684 678
 670 687 677 658 651 647 644 626 597 596 593 585 579 578 561 553 550 529
 533 560 568 589 611 633 640 643 648 656 660 668 665 650 645 635 629 632
 630 638 617 609 614 628 631 641 649 663 666 667 673 675 669 646 636 615
 605 592 603 580 572 571 558 552 519 513 523 521 526 542 557 576 569 564
 574 570 588 604 613 600 599 583 590 586 602 608 621 620 627 616 618 612
 598 587 577 565 562 551 556 546 539 538 530 517 518 512 514 499 490 482
 476 456 438 430 434 418 416 417 410 390 371 344 332 346 349 369 376 392
 407 408 409 419 423 429 425 432 454 462 485 491 507 511 516 505 484 483
 465 457 452 451 444 435 428 422 400 389 386 381 357 334 326 318 322 324
 331 315 306 289 299 320 321 329 335 353 359 374 379 385 380 363 372 382
 399 401 413 414 402 411 397 377 387 384 367 348 360 361 341 330 333 323
 319 307 287 282 259 262 270 271 240 251 244 260 246 222 213 206 191 202
 190 188 177 173 165 157 131 130  92  89  77  68  50  41  53  49  61  81
  71  91 102 123 120 125 117 137 149 143 128 129 140 153 158 182 187 196
 200 209 212 225 220 227 228 243 236 256 281 309 336 337 339 347 350 325
 294 302 291 280 268 249 232 224 205 189 199 197 216 231 239 223 207 201
 203 186 183 161 155 150 135 152 126 114 109 116 122 138 146 154 159 174
 194 195 221 226 230 247 248 242 255 266 285 298 290 305 338 345 352 364
 370 391 404 421 437 442 424 406 396 388 365 343 327 316 293 277 272 275
 276 254 245 238 235 215 214 234 241 265 269 288 301 312 304 342 355 358
 351 362 383 394 471 481 498 510 525 532 547 559 567 575 595 623 637 639
 664 671 682 696 703 724 733 737 746 760 771 764 759 757 758 756 767 778
 776 772 773 765 761 748 749 762 769 779 780 755 741 751 763 781 782 774
 770 766 752 743 750 727 723 672 661 653 652 688 685 720 725 739 747 754
 753 736 732 721 738 742 731 735 744 734 717 708 704 705 674 659 654 606
 563 555 534 535 540 541 520 504 506 500 528 494 472 459 448 455 375 292
 258 257 267 273 229 204 185 179 171 184 145 124  87  55  48  51  56  44
  36  24  14   0  16  22   1   6  17  45  40  66  69  79  96  99  80  64
  46  52  57  82  93 106 110 119  97  75  62  47  38  28  32  11   8   9
   2   4  18  29   7  33  42  37  10   3  12   5  39 134 133 148 170 192
 144 166 219 237 314 356 366 443 450 426 431 415 445 497 509 554 686 728
 692 683 680 775 777 768 625 610 466]
Value - initial: 69483486, final: 3407630, improveup: 20.3905605949

data-line;i;69483486;f;3407630;t;15.5871949196;c;-2;fv;[3407630L];cv;-1;imp;20.3905605949;type;rvnd;inum;6;w;1

time;15.5871949196;man_time;0;neigh_time;0
man_time;0;man_merge_sol;0;man_best_sol;0;man_combine_sol;0

Waiting [0]
Terminating workers True 0 0
MPI TERMINATING
