pydf_home: /home/rodolfo/git/Sucuri
simple_pycuda_home: /home/rodolfo/git/simple-pycuda
wamca2016path: /home/rodolfo/git/wamca2016/
localpath: /home/rodolfo/git/dvnd-df/code/dvnd-df/src/
WAMCAPATH:/home/rodolfo/git/wamca2016/
param: {solution_index:6, solution_instance_index:46, multi_gpu:True, goal:False, problem_name:ml, number_of_moves:10, device_count:2, solver:rvnd, mpi_enabled:True, workers:1}
Using already created file:  wamca2016lib.so
Size: 783 - file name: 07_rat784.tsp

Value - initial: 69756830-[767 681 416 142  97 666 522 365 345 497 563 455 153 174 578  62   8 781
 586 779 165 192 604 390 524 464 753 555 271 719 723 481 494 690 119 521
 259 143  32 336 283 479 646 595 151 281 120 716 157 326 376  65 227 212
  47 488 520 314 238 582  15 671 361 254 543 780 496 445 705 303 147 535
 245 742 423 412 602 575 527 508  20 565 596 155  53 633  36 660 405 196
 713 649 272 334 139 676 525 269 537 574 718 761 683 438 270 351 257  19
 419 469 703 758 201 462 576 236  39 441 775 146 572 756 440 224 619 584
 264 347 571 721 662 699 371 449 367 656  54 185 396  12 647   7 267 562
 701 711 682 182 612  34 426 667 218 148 295 729 453 569 316 545 432 782
 529 244 379  80 128 610 197 162 616  77  29 307  66 344 275 472 150 708
 177 468 215 156 204 171 288 369  90 219 427 548 668 657 321 114 484 285
 164 748 700 451 102 635 625 374 273   9 448 485 695 675 655  14 599 489
 679 516 253  61 255 252  30 287 362 290 746 500 425 463 442 594 364 694
 430 674  25 763 363  68 622 561 154 417 732 261 519 549 400 777 385 368
 113 110 159 117 480  35 722  51  70 608 439 567 299 422 702 329 628  44
 392 222 294 605 601 774  26 220 436  59 547 297  94  95 509 137 211   2
 689 121 456 239 470 734 167 513 546 258 685 600 626  18 607  27 133 692
 312  88 216  52 736 452 677 349 386 124  23  85 540 408 506 745 395 609
 123 318   0 591 499 750 678 136 265 515 658 388 688 168 754 199 327 184
 383 588 471 202 661 518 638 504 342 644 122 384 228 407 193 296 433 231
  81 358 512 715  17 641 473 309 665 611 149  91 410 726 353 109 731 639
 686  76   5 553 728 389  78 568 536 214 490 707 466 225 645 346  43  38
 474 714 684 237 260 375 163 247 284  84 308 200 443 116  21 654 454  98
 431 589 559 523 229 111 737 378 279 505 160 765  24 355 335 176  89 266
 357 213 651 251 760 338 180 531 129 483 486 187 747 380 104 460 558 560
 478 717 292 126 650 401  92 101 706   6 359 770 381 739 304 487 573  16
  57 669  60  37 530  45 330  93  58 246 526 501 544 632 749 444  86 735
 397 772 382 140 631 324 606 406 141 557 503 206 103 593 394 360 328 145
 769 319 411 743 393 194 550 106 630 339 398   1 302 166  46 377 217 188
 771 652 205  63 585 556 305 727 459 751 541  99 370 725 291 740 172 528
 181   4   3  31 127 773 570 613 286 421  41 712 306 615 435 130 517 495
 664  50 125 282 209 592 477 108 757 350 744 186 373 420 277 465 491 173
 348 733 458 293 268 280  40  75  64 402 189 698 248 340  56 696  83 637
 352 447 533 235 693 356 132 191 413 730 105 672 498 135 152 232 243 263
 341  67 190 759 551 429 778 234 534 552 170 198 313 323  11 203 741 564
 710 697  82 289 670 210 492 476  79 315  13 720 175 322 514 538 648 276
 161 642 687 653 461 418 301 617 241  22 673 752 221 414 144 233 337 240
 118 704 776 539 274  48 566  49 457 223 446 434 415 627 207 343 354 372
 482 115 320 579 621 249 755 404 510 450 467 298 659 640 403 399 598  96
 581 208 325 250 597 680 178 691 542 502 333 226 738 230 583 587  42 242
 636  33  87 629 590 663  28 107 620 331 634 112 310 169 511 391 138 311
 424 507  74 724 317 100 179  55 332 580 134 437 183 766 475 532 278 493
 709  69 262 366 131  71 158 762 195 623 428 764  10 300 614 643 577 768
 618 624 256  73  72 554 387 603 409] - 69756830
Solver: RVND, number of workers: 1
Setting feeder affinity
I am the master. There are 1 mpi processes. (hostname = gpu01)
Roots [<pyDF.nodes.Feeder object at 0x7fadeef50ad0>]
Starting 0
Main loop
I am worker 0
GPU0
set random seed!
Initial: 69756830-[767 681 416 142  97 666 522 365 345 497 563 455 153 174 578  62   8 781
 586 779 165 192 604 390 524 464 753 555 271 719 723 481 494 690 119 521
 259 143  32 336 283 479 646 595 151 281 120 716 157 326 376  65 227 212
  47 488 520 314 238 582  15 671 361 254 543 780 496 445 705 303 147 535
 245 742 423 412 602 575 527 508  20 565 596 155  53 633  36 660 405 196
 713 649 272 334 139 676 525 269 537 574 718 761 683 438 270 351 257  19
 419 469 703 758 201 462 576 236  39 441 775 146 572 756 440 224 619 584
 264 347 571 721 662 699 371 449 367 656  54 185 396  12 647   7 267 562
 701 711 682 182 612  34 426 667 218 148 295 729 453 569 316 545 432 782
 529 244 379  80 128 610 197 162 616  77  29 307  66 344 275 472 150 708
 177 468 215 156 204 171 288 369  90 219 427 548 668 657 321 114 484 285
 164 748 700 451 102 635 625 374 273   9 448 485 695 675 655  14 599 489
 679 516 253  61 255 252  30 287 362 290 746 500 425 463 442 594 364 694
 430 674  25 763 363  68 622 561 154 417 732 261 519 549 400 777 385 368
 113 110 159 117 480  35 722  51  70 608 439 567 299 422 702 329 628  44
 392 222 294 605 601 774  26 220 436  59 547 297  94  95 509 137 211   2
 689 121 456 239 470 734 167 513 546 258 685 600 626  18 607  27 133 692
 312  88 216  52 736 452 677 349 386 124  23  85 540 408 506 745 395 609
 123 318   0 591 499 750 678 136 265 515 658 388 688 168 754 199 327 184
 383 588 471 202 661 518 638 504 342 644 122 384 228 407 193 296 433 231
  81 358 512 715  17 641 473 309 665 611 149  91 410 726 353 109 731 639
 686  76   5 553 728 389  78 568 536 214 490 707 466 225 645 346  43  38
 474 714 684 237 260 375 163 247 284  84 308 200 443 116  21 654 454  98
 431 589 559 523 229 111 737 378 279 505 160 765  24 355 335 176  89 266
 357 213 651 251 760 338 180 531 129 483 486 187 747 380 104 460 558 560
 478 717 292 126 650 401  92 101 706   6 359 770 381 739 304 487 573  16
  57 669  60  37 530  45 330  93  58 246 526 501 544 632 749 444  86 735
 397 772 382 140 631 324 606 406 141 557 503 206 103 593 394 360 328 145
 769 319 411 743 393 194 550 106 630 339 398   1 302 166  46 377 217 188
 771 652 205  63 585 556 305 727 459 751 541  99 370 725 291 740 172 528
 181   4   3  31 127 773 570 613 286 421  41 712 306 615 435 130 517 495
 664  50 125 282 209 592 477 108 757 350 744 186 373 420 277 465 491 173
 348 733 458 293 268 280  40  75  64 402 189 698 248 340  56 696  83 637
 352 447 533 235 693 356 132 191 413 730 105 672 498 135 152 232 243 263
 341  67 190 759 551 429 778 234 534 552 170 198 313 323  11 203 741 564
 710 697  82 289 670 210 492 476  79 315  13 720 175 322 514 538 648 276
 161 642 687 653 461 418 301 617 241  22 673 752 221 414 144 233 337 240
 118 704 776 539 274  48 566  49 457 223 446 434 415 627 207 343 354 372
 482 115 320 579 621 249 755 404 510 450 467 298 659 640 403 399 598  96
 581 208 325 250 597 680 178 691 542 502 333 226 738 230 583 587  42 242
 636  33  87 629 590 663  28 107 620 331 634 112 310 169 511 391 138 311
 424 507  74 724 317 100 179  55 332 580 134 437 183 766 475 532 278 493
 709  69 262 366 131  71 158 762 195 623 428 764  10 300 614 643 577 768
 618 624 256  73  72 554 387 603 409]
Final time: 13.6198990345s - Best: 3442589-[767 778 776 772 773 765 761 748 749 762 769 779 780 755 751 763 781 782
 774 770 766 752 743 727 716 713 710 711 681 676 657 655 662 669 693 702
 695 714 723 741 740 745 730 729 722 715 701 707 692 700 699 709 694 698
 719 718 706 712 691 690 697 721 731 742 738 756 758 757 764 759 744 735
 734 717 704 708 687 677 682 671 664 658 651 647 625 637 639 623 595 575
 567 559 547 532 525 529 533 553 561 578 560 568 589 598 587 577 565 562
 563 586 602 608 621 635 629 632 613 600 599 590 583 576 569 564 557 541
 540 555 534 535 520 504 506 500 499 490 482 476 455 448 459 472 494 512
 518 517 530 546 539 538 507 511 516 505 484 483 465 457 451 452 442 437
 432 425 429 421 424 406 396 388 365 357 343 334 326 318 316 293 277 272
 275 276 254 245 238 235 241 234 214 215 185 179 171 138 146 154 159 152
 161 155 150 135 110 106  99  79  69  66  80  93  82  75  97  94  88  76
  73  62  57  52  46  64  45  40  22   1   6  17  11   8   9   2   4  28
  38  47  63  70  84  98 117 125 120 123 128 129 140 131 130 157 165 173
 177 191 202 190 188 196 187 182 200 212 225 220 227 228 243 259 262 282
 287 307 309 336 337 339 347 350 353 325 317 311 300 286 274 261 250 252
 218 211 210 208 181 189 168 162 139 127 107 104 101 111 115 132 136 142
 151 160 186 201 207 197 199 205 216 224 232 231 239 257 258 249 268 280
 289 299 291 302 294 310 329 335 359 374 379 380 385 390 410 417 416 418
 409 408 407 438 430 434 440 447 433 436 458 473 479 488 492 513 519 523
 521 526 542 552 558 572 571 570 588 609 617 641 631 628 614 603 592 605
 615 607 594 591 581 566 573 548 544 531 543 536 527 524 508 501 487 474
 464 449 445 431 414 413 399 401 382 372 367 384 387 377 397 411 426 446
 453 467 477 497 509 502 503 515 522 537 545 549 554 582 584 601 619 622
 624 634 642 646 675 673 667 666 663 672 661 653 652 645 650 665 668 683
 660 656 648 627 620 606 616 618 612 633 626 611 597 596 610 593 585 579
 550 510 498 481 471 444 435 428 422 394 383 389 400 386 381 355 358 362
 351 342 327 301 312 304 288 269 265 229 230 226 221 194 195 183 178 175
 156 163 164 149 143 102  91  71  81  85  67  60  58  35  29  18   7  19
  30  21  34  49  61  53  41  50  31  15  20  25  26  43  54  59  23  27
  33   3  10  12  37  42  65  74  86  83  78 100 105 134 133 148 141 121
 113 108  95  72  90  89  77  68  92 103 112 118 147 144 166 153 158 172
 209 236 256 281 270 271 240 251 244 246 260 283 278 263 264 279 284 314
 313 303 296 295 308 297 319 323 333 348 360 361 341 330 328 340 354 356
 366 373 368 378 395 398 393 405 403 412 443 460 461 489 478 480 470 450
 441 427 420 439 486 496 495 493 475 463 469 468 466 456 423 419 392 376
 369 371 344 321 320 332 346 349 331 315 306 292 305 290 267 266 255 242
 223 203 174 126 114  96  56  44  36  16   0  14  24  51  48  55  87 109
 122 116 124 145 184 204 247 248 273 285 298 322 324 338 345 352 375 364
 370 391 404 454 462 485 491 514 528 551 556 640 643 680 674 659 654 644
 679 689 705 684 678 670 696 703 724 733 737 746 768 777 760 771 775 732
 736 753 754 747 739 726 725 720 685 688 649 638 630 604 574 415 402 363
 219 206 222 213 237 253 233 217 198 192 170 176 180 193 169 167  39   5
  13  32 119 137 580 636 686 750 728]
Value - initial: 69756830, final: 3442589, improveup: 20.2628980689

data-line;i;69756830;f;3442589;t;13.6198990345;c;-2;fv;[3442589L];cv;-1;imp;20.2628980689;type;rvnd;inum;6;w;1

time;13.6198990345;man_time;0;neigh_time;0
man_time;0;man_merge_sol;0;man_best_sol;0;man_combine_sol;0

Waiting [0]
Terminating workers True 0 0
MPI TERMINATING
