pydf_home: /home/rodolfo/git/Sucuri
simple_pycuda_home: /home/rodolfo/git/simple-pycuda
wamca2016path: /home/rodolfo/git/wamca2016/
localpath: /home/rodolfo/git/dvnd-df/code/dvnd-df/src/
WAMCAPATH:/home/rodolfo/git/wamca2016/
param: {solution_index:7, solution_instance_index:24, multi_gpu:True, goal:False, problem_name:ml, number_of_moves:10, device_count:2, solver:rvnd, mpi_enabled:True, workers:1}
Using already created file:  wamca2016lib.so
Size: 1001 - file name: 08_TRP-S1000-R1.tsp

Value - initial: 134231002-[808 900 105 ..., 182 570 474] - 134231002
Solver: RVND, number of workers: 1
Setting feeder affinity
I am the master. There are 1 mpi processes. (hostname = gpu01)
Roots [<pyDF.nodes.Feeder object at 0x7f987600cad0>]
Starting 0
Main loop
I am worker 0
GPU0
set random seed!
Initial: 134231002-[808 900 105 ..., 182 570 474]
Final time: 37.6619710922s - Best: 5679076-[808 108  78 ..., 900 210 518]
Value - initial: 134231002, final: 5679076, improveup: 23.6360636836

data-line;i;134231002;f;5679076;t;37.6619710922;c;-2;fv;[5679076L];cv;-1;imp;23.6360636836;type;rvnd;inum;7;w;1

time;37.6619710922;man_time;0;neigh_time;0
man_time;0;man_merge_sol;0;man_best_sol;0;man_combine_sol;0

Waiting [0]
Terminating workers True 0 0
MPI TERMINATING
