pydf_home: /home/rodolfo/git/Sucuri
simple_pycuda_home: /home/rodolfo/git/simple-pycuda
wamca2016path: /home/rodolfo/git/wamca2016/
localpath: /home/rodolfo/git/dvnd-df/code/dvnd-df/src/
WAMCAPATH:/home/rodolfo/git/wamca2016/
param: {solution_index:3, solution_instance_index:48, multi_gpu:True, goal:False, problem_name:ml, number_of_moves:10, device_count:2, solver:rvnd, mpi_enabled:True, workers:1}
Using already created file:  wamca2016lib.so
Size: 318 - file name: 04_lin318.tsp

Value - initial: 92276284-[164 216 247  88  80  26 127  36  46  92 312 105  58  11 154  15 193 139
  27 190 286  17 303 192 180 170 136  99  98 248 268  25 118 258  73 137
 177 199 317 150 106  63 314  28 134 173 233 209  29 241 141 113 147 271
  12 252  70 231 294  31  42 256  78 270 104  34 276 222 109  97 202 272
 132 223 261 195 292 260 103  22 295 187 214 263   1 291  48 171 310 172
 311  41 125 242 146  21   9 117 257   7 210  77 236  54 152 226  66 217
 302 288 166  13  51 126 253 289 215 114 120 135  35 267 197 169 228 116
 121  24 156 273 167 221 230 153 181 255 279 250 158 162 259 313 316 220
  18 107 151 300 208 205  10  39 182 234 284 204 174 203  33  69 131 232
 176 196  23  56 186 155 160 281  74  59 299 178   8  67 227 112  43 305
 296   3  53   6  40 198 142 148 191  20 224 315 159  14  57  60  91  94
  89 218 179  86  45  47 161  61 188  30  32 122 194   0 304  44 184 143
  87 246  82 123 128 238 239 297 290  95 124 298  19  68 306  50 206 229
  71 211 168 244  84  90 262 287  55 245 115 219 108 225  16 277   4 111
 163 275  83 130 293  76  72  65 235 269  75 189 266  38 175 140  49 254
 157 278 301  93 274  37   5  85 249  96 138 183  62 240 144 100  81 185
 264 237   2 110 129 149 212 282 119  64 165 265 101 243 309  79 201 251
 133 207 213 285 283 308  52 280 102 145 200 307] - 92276284
Solver: RVND, number of workers: 1
Setting feeder affinity
I am the master. There are 1 mpi processes. (hostname = gpu01)
Roots [<pyDF.nodes.Feeder object at 0x7f893b35aad0>]
Starting 0
Main loop
I am worker 0
GPU0
set random seed!
Initial: 92276284-[164 216 247  88  80  26 127  36  46  92 312 105  58  11 154  15 193 139
  27 190 286  17 303 192 180 170 136  99  98 248 268  25 118 258  73 137
 177 199 317 150 106  63 314  28 134 173 233 209  29 241 141 113 147 271
  12 252  70 231 294  31  42 256  78 270 104  34 276 222 109  97 202 272
 132 223 261 195 292 260 103  22 295 187 214 263   1 291  48 171 310 172
 311  41 125 242 146  21   9 117 257   7 210  77 236  54 152 226  66 217
 302 288 166  13  51 126 253 289 215 114 120 135  35 267 197 169 228 116
 121  24 156 273 167 221 230 153 181 255 279 250 158 162 259 313 316 220
  18 107 151 300 208 205  10  39 182 234 284 204 174 203  33  69 131 232
 176 196  23  56 186 155 160 281  74  59 299 178   8  67 227 112  43 305
 296   3  53   6  40 198 142 148 191  20 224 315 159  14  57  60  91  94
  89 218 179  86  45  47 161  61 188  30  32 122 194   0 304  44 184 143
  87 246  82 123 128 238 239 297 290  95 124 298  19  68 306  50 206 229
  71 211 168 244  84  90 262 287  55 245 115 219 108 225  16 277   4 111
 163 275  83 130 293  76  72  65 235 269  75 189 266  38 175 140  49 254
 157 278 301  93 274  37   5  85 249  96 138 183  62 240 144 100  81 185
 264 237   2 110 129 149 212 282 119  64 165 265 101 243 309  79 201 251
 133 207 213 285 283 308  52 280 102 145 200 307]
Final time: 3.3851211071s - Best: 5838715-[164 165 170 169 276 277 280 287 291 292 293 288 286 281 282 285 289 290
 284 283 279 278 273 314 266 267 262 261 255 252 251 250 253 256 260 263
 265 264 259 257 254 249 313 245 246 235 234 227 226 225 228 233 236 229
 232 237 239 240 241 238 231 230 312 224 220 219 216 215 211 210 108 109
 117 118 138 139 141 140 130 129 122 121 120 123 128 131 132 127 124 207
 119 125 126 133 134 135 136 137 208 144 149 152 154 159 160 161 158 155
 151 148 145 146 147 150 156 157 162 166 167 174 173 178 179 185 184 180
 177 183 181 176 171 172 175 182 186 187 188 189  86  87 195 196 200 201
 205 206  99  93  94  98  97  92 101 100  96  95  91  90  84  83  82  81
  77  70  67  66  71  76  78  85  79  75  72  80  74  73  68  69  62  61
  57  52  51  45  42  41  40  43  46  50  53  56 104  58  55  54  49  47
  44  48  39 103  32  31  30  29  28  21  20 102  14  10   9   6   5   1
   0   2  11  19  22  27  18  23  26  25  24  17  15  16   7   8   4   3
 105 106 110 111 114 115  12  13  33  34  38  37 153 209 163  59  60  65
  64 168 190 197 193 194 202 203 199 198 204 311 310 306 305 301 300 192
 191 294 295 302 298 299 307 308 309 304 303 297 296 275 274 270 269 317
 248 247 244 243 223 222 213 214 218 217 212 221 242 272 271 268 258 142
 143 113 112 107 116  36  35 315 316  88  89  63]
Value - initial: 92276284, final: 5838715, improveup: 15.8042110293

data-line;i;92276284;f;5838715;t;3.3851211071;c;-2;fv;[5838715L];cv;-1;imp;15.8042110293;type;rvnd;inum;3;w;1

time;3.3851211071;man_time;0;neigh_time;0
man_time;0;man_merge_sol;0;man_best_sol;0;man_combine_sol;0

Waiting [0]
Terminating workers True 0 0
MPI TERMINATING
