pydf_home: /home/rodolfo/git/Sucuri
simple_pycuda_home: /home/rodolfo/git/simple-pycuda
wamca2016path: /home/rodolfo/git/wamca2016/
localpath: /home/rodolfo/git/dvnd-df/code/dvnd-df/src/
WAMCAPATH:/home/rodolfo/git/wamca2016/
param: {solution_index:5, solution_instance_index:94, multi_gpu:True, goal:False, problem_name:ml, number_of_moves:10, device_count:2, solver:rvnd, mpi_enabled:True, workers:1}
Using already created file:  wamca2016lib.so
Size: 657 - file name: 06_d657.tsp

Value - initial: 281208171-[ 60 271 650 203 192 215 413 505 211 469  40 552  17 194 516 139 448 623
 519 313 466 187 287 597 298 220  98 642 536 617 261 219 569 474  24  30
  55 435 537 433 105 162 148 169 214  20 440 180 646 391 532  37 451 296
 631  75 459 365 333 414  87 208   4 542 363 136  19  58 135 460 173  68
 496 160 381 308 100 547 270 625 259 554 247 357 615 628 222 297 158 306
 330  73  46 528 446 206 184 571  72 124 304 410 359 151 177  89 633 561
 178 200  97 560 316   1 609 322 358 278 599 394 529 638 150 370 412 353
  22 439 415 191 346 627 409 463   8 390 407 120 558  44 545 438 186 591
 490 262 256  11 131 255 578 109 233 445  61 371  74 156 606 475 340 471
 655  16 351 379 644 458 103 110 559 579 538 185 525 456 209 468 479 523
 243 397 318 420 138 581 172  53 161 119 533 133 492 431  38 142 489 455
 461 539 477 590  92 454 395 212  35 450 277 290 112 620 189 652 618 401
  39 197 613   5 378  80 425 315 449 276 651 326 130  13 307  10 375 507
  43 221  54 282 137 467 132   0 497 128 587 607 196 289  96 610 193  52
 608 253 427 227 385 577   9 632 572 239 320 254 154  65 152 235  90 244
 134 360 367 303 629  29 603 210  70 242 393 487 404 429 252 531 127 653
 550 226 488 573 580 238 452 251 546 181 286  88 376 495 126 396 480 334
  56 568 482  69 144  28 202  66 424 556 640 382 141  83 634 399 428 237
 268 199 411 589 517  59  21 265 502 522  62 229 213 493 350 566  85 605
 442  95  63 168 153 368 204 232 637 636 388 520 195 111 574 102 400 354
 565 269 484   3  25 540 408 457 473  42 441 380 218 342 464 541 337 645
 121 512 159 216 639 123 447 362  84 140  18 501 422  51 183 305 624  41
 343  32 553  50 149 602 344 341 465 593 258 190 453 115 167 248 387  47
 283 444 234 231 143 592 557 272 295 601 595 106  48 164 275 324 586  27
 373 166 524 436 430 383 118 509 224 426 104 345 406  64 146 170 264 656
 384 549 228 500 176 526 405 145 335 116 564 329 293 551 649 630 323 314
 355 476 230  12 179 555 470 364 319 223  79  67 598  36  71 619 472 530
 483 499 101 513 478 267 157 246 494  49 648 647 511 266 421 485 122 310
 300 416 356 386 612 311 622  45 207 294 518 498 361 352 241 347 260 205
 527 481 514 284 117 432 292 125 301 332 288 339 374 562 584 434  14  91
 621 616  82 521 327 583 392 389 147 349 250 107  86 486  23 113 175 506
  33 249 331 641 418 604 402 614  99   6  34 515 576 280 273  26 245 372
 503 155 588 274  15 570 263 129  94 108 510 302 594 182 281 165 163 582
 236 369 544 317  76 338 423 643 348   7 325 635  77 198 543 504 299 398
 328 534 285  78 114 366 437  57 567 575 225 491 291 443  31 201 596 654
   2  81 217 257 174 188 585 240 336 309 419 508 611 600 377 417 548 279
 312 403  93 563 626 535 321 171 462] - 281208171
Solver: RVND, number of workers: 1
Setting feeder affinity
I am the master. There are 1 mpi processes. (hostname = gpu01)
Roots [<pyDF.nodes.Feeder object at 0x7fbfe7504ad0>]
Starting 0
Main loop
I am worker 0
GPU0
set random seed!
Initial: 281208171-[ 60 271 650 203 192 215 413 505 211 469  40 552  17 194 516 139 448 623
 519 313 466 187 287 597 298 220  98 642 536 617 261 219 569 474  24  30
  55 435 537 433 105 162 148 169 214  20 440 180 646 391 532  37 451 296
 631  75 459 365 333 414  87 208   4 542 363 136  19  58 135 460 173  68
 496 160 381 308 100 547 270 625 259 554 247 357 615 628 222 297 158 306
 330  73  46 528 446 206 184 571  72 124 304 410 359 151 177  89 633 561
 178 200  97 560 316   1 609 322 358 278 599 394 529 638 150 370 412 353
  22 439 415 191 346 627 409 463   8 390 407 120 558  44 545 438 186 591
 490 262 256  11 131 255 578 109 233 445  61 371  74 156 606 475 340 471
 655  16 351 379 644 458 103 110 559 579 538 185 525 456 209 468 479 523
 243 397 318 420 138 581 172  53 161 119 533 133 492 431  38 142 489 455
 461 539 477 590  92 454 395 212  35 450 277 290 112 620 189 652 618 401
  39 197 613   5 378  80 425 315 449 276 651 326 130  13 307  10 375 507
  43 221  54 282 137 467 132   0 497 128 587 607 196 289  96 610 193  52
 608 253 427 227 385 577   9 632 572 239 320 254 154  65 152 235  90 244
 134 360 367 303 629  29 603 210  70 242 393 487 404 429 252 531 127 653
 550 226 488 573 580 238 452 251 546 181 286  88 376 495 126 396 480 334
  56 568 482  69 144  28 202  66 424 556 640 382 141  83 634 399 428 237
 268 199 411 589 517  59  21 265 502 522  62 229 213 493 350 566  85 605
 442  95  63 168 153 368 204 232 637 636 388 520 195 111 574 102 400 354
 565 269 484   3  25 540 408 457 473  42 441 380 218 342 464 541 337 645
 121 512 159 216 639 123 447 362  84 140  18 501 422  51 183 305 624  41
 343  32 553  50 149 602 344 341 465 593 258 190 453 115 167 248 387  47
 283 444 234 231 143 592 557 272 295 601 595 106  48 164 275 324 586  27
 373 166 524 436 430 383 118 509 224 426 104 345 406  64 146 170 264 656
 384 549 228 500 176 526 405 145 335 116 564 329 293 551 649 630 323 314
 355 476 230  12 179 555 470 364 319 223  79  67 598  36  71 619 472 530
 483 499 101 513 478 267 157 246 494  49 648 647 511 266 421 485 122 310
 300 416 356 386 612 311 622  45 207 294 518 498 361 352 241 347 260 205
 527 481 514 284 117 432 292 125 301 332 288 339 374 562 584 434  14  91
 621 616  82 521 327 583 392 389 147 349 250 107  86 486  23 113 175 506
  33 249 331 641 418 604 402 614  99   6  34 515 576 280 273  26 245 372
 503 155 588 274  15 570 263 129  94 108 510 302 594 182 281 165 163 582
 236 369 544 317  76 338 423 643 348   7 325 635  77 198 543 504 299 398
 328 534 285  78 114 366 437  57 567 575 225 491 291 443  31 201 596 654
   2  81 217 257 174 188 585 240 336 309 419 508 611 600 377 417 548 279
 312 403  93 563 626 535 321 171 462]
Final time: 9.56769394875s - Best: 14497075-[ 60  64  53  41  39  36  35  33  32  24  21  14  15  20  16  17  13  18
  19 444 445 447 446 443 441 440  23  27  26  25 463 462 466 468 464 458
 453 449 448 450 452 451 454 461 465 467 460 459 455 473 456 457 475 476
 477 478 479 480 485 486 491 494 497 496 498 505 506 125 135 152 160 174
 193 203 205 212 216 222 245 265 296 302 295 301 281 278 285 282 267 256
 274 283 286 313 328 339 359 352 363 366 368 374 376 379 384 394 403 407
 412 413 406 402 395 385 378 396 410 419 424 431 423 414 405 401 386 377
 369 350 326 320 310 300 276 270 252 268 260 251 247 241 232 221 215 225
 236 248 240 264 263 271 261 253 234 218 217 209 199 198 197 195 191 186
 181 180 178 172 185 196 190 162 164 156 163 138 131 129 142 137 130 128
 116 101  84  74  77  73  68  63  45  44  49  54  50  65  72  85 103 119
 113 139 148 147 149 154 177 179 184 208 214 219 207 224 226 242 250 259
 255 243 228 223 249 233 244 211 175 144 145 124 127 109  95  87  88  89
  94  83  76  82  75  81  80  71  66  61  58  55  69  59  57  52  48  29
  30  31 469  34  37  46  42  38  43  47  51  62  56  67 483 471 472 482
 490 487 488 493 499 502 504 126 136 133 507 503 501 500 495 492 489 484
 514 515 519 520 521 527 526 525 522 524 530 533 523 529 531 532 535 534
 536 537 538 539 540 541 542 543 549 550 554 555 557 566 570 201 202 581
 586 589 598 600 601 605 606 610 607 337 356 355 360 354 381 383 380 375
 382 367 362 353 344 338 332 329 315 314 272 277 291 284 304 305 312 318
 311 327 333 357 351 358 373 365 387 430 435 436 422 397 388 370 364 349
 348 342 325 321 309 308 292 287 275 288 293 299 303 334 324 323 340 346
 372 361 347 341 345 335 322 317 307 298 290 289 262 238 239 230 220 206
 168 155 140 132 115  93  98  97  91 102 114 118 157 169 171 170 161 120
  99  92  86  90 104 105 121 112 122 106 107 100  96 110 111 143 150 158
 166 153 167 151 176 192 188 146 134 123 108 481 518 517 516 513 512 528
 509 508 510 511 559 556 551 558 553 548 547 546 545 544 631 632 633 635
 634 636 637 638 639 640 641 642 643 644 646 645 630 629 628 552 560 563
 565 564 561 562 651 650 649 647 648 652 653 655 654 627 568 569 571 573
 574 578 582 591 596 597 602 594 588 587 590 593 599 603 604 609 614 621
 623 625 624 427 408 622 620 618 617 616 615 613 306 297 280 273 258 266
 257 246 229 580 213 200 194 183 173 159 182 189 316 336 343 319 330 331
 592 279 577 576 572 626 656 575 579 585 584 583 595 608 611 612 619 426
 393 418 428 417 411 392 429 434 433 425 432 389 391 398 400 404 415 421
 439 437 420 438 416 409 390 399 371 269 237 231 235 210 141 117  79  78
   6   5   4   3   2   1  10   8   9   7  11  12  28  40  22 442 470  70
 165 187 204 254 294 227 567 474   0]
Value - initial: 281208171, final: 14497075, improveup: 19.3975799256

data-line;i;281208171;f;14497075;t;9.56769394875;c;-2;fv;[14497075L];cv;-1;imp;19.3975799256;type;rvnd;inum;5;w;1

time;9.56769394875;man_time;0;neigh_time;0
man_time;0;man_merge_sol;0;man_best_sol;0;man_combine_sol;0

Waiting [0]
Terminating workers True 0 0
MPI TERMINATING
