pydf_home: /home/rodolfo/git/Sucuri
simple_pycuda_home: /home/rodolfo/git/simple-pycuda
wamca2016path: /home/rodolfo/git/wamca2016/
localpath: /home/rodolfo/git/dvnd-df/code/dvnd-df/src/
WAMCAPATH:/home/rodolfo/git/wamca2016/
param: {solution_index:0, solution_instance_index:85, multi_gpu:True, goal:False, problem_name:ml, number_of_moves:10, device_count:2, solver:rvnd, mpi_enabled:True, workers:1}
Using already created file:  wamca2016lib.so
Size: 52 - file name: 01_berlin52.tsp

Value - initial: 825976-[26 28 10 40 12 27 42 19 33 46 15  2 44  4 18 41 30 25  5  6  9 48 32 43 29
 13 31 16  7 21 14 34 47 45 50 49 24  0  1 17 37  3 36 22 39 23 51 38 20 11
 35  8] - 825976
Solver: RVND, number of workers: 1
Setting feeder affinity
I am the master. There are 1 mpi processes. (hostname = gpu01)
Roots [<pyDF.nodes.Feeder object at 0x7ff3a0780ad0>]
Starting 0
Main loop
I am worker 0
GPU0
set random seed!
Initial: 825976-[26 28 10 40 12 27 42 19 33 46 15  2 44  4 18 41 30 25  5  6  9 48 32 43 29
 13 31 16  7 21 14 34 47 45 50 49 24  0  1 17 37  3 36 22 39 23 51 38 20 11
 35  8]
Final time: 1.76745605469s - Best: 144860-[26 27 24  3  5 14  4 23 47 37 39 36 38 34 35 33 43 45 15 49 19 22 30 17 21
  0 48 31 44 18  7  8  9 40  2 16 20 41  1  6 29 28 25 46 13 12 51 10 11 50
 32 42]
Value - initial: 825976, final: 144860, improveup: 5.70189148143

data-line;i;825976;f;144860;t;1.76745605469;c;-2;fv;[144860L];cv;-1;imp;5.70189148143;type;rvnd;inum;0;w;1

time;1.76745605469;man_time;0;neigh_time;0
man_time;0;man_merge_sol;0;man_best_sol;0;man_combine_sol;0

Waiting [0]
Terminating workers True 0 0
MPI TERMINATING
