pydf_home: /home/rodolfo/git/Sucuri
simple_pycuda_home: /home/rodolfo/git/simple-pycuda
wamca2016path: /home/rodolfo/git/wamca2016/
localpath: /home/rodolfo/git/dvnd-df/code/dvnd-df/src/
WAMCAPATH:/home/rodolfo/git/wamca2016/
param: {solution_index:4, solution_instance_index:60, multi_gpu:True, goal:False, problem_name:ml, number_of_moves:10, device_count:2, solver:rvnd, mpi_enabled:True, workers:1}
Using already created file:  wamca2016lib.so
Size: 501 - file name: 05_TRP-S500-R1.tsp

Value - initial: 33793542-[121 317 477 226 382 232  65 387  50 365 339 143 206 322   0  96 291 139
 390 287 154 293 220 129  97 306  32 214  58  23 155 193 190 177 135 385
 351 445 312 440 192 450 352 262 123 263 295  71 330 252  49 443 240 444
 286 194   1  30 363  85 448 140 176 329 426   8 282 221 466  73 386   7
 333  89 314 101 392 441 294 237 161  48 127 433 469 270 159 152 211 321
 407 457 313 307 412 257 208 223 271 376 209  75  83 185 267 260  40  18
 408 254 187 278  25 347 465 467 300 229 439 205 222 349 461 498 174  37
 405 175 430 147 224  43 258 325 274 402 132 494 499 486 253 301 431 388
 475 447 256 373 323 464 454 319 361 437  99   2 247 111 212 234 491 305
 480 136  52  28 216  44 110 172 299   4 207 249 170 446 166 105  80 485
  42 203 236 227 456  33  53 128 165 460 184 164  93  55 316 149 148  36
  10  26 463 180 381 113 383 213 414 357  45 290 490 417 162 200 241 230
  98 243  66 264 298 146 416 492  74 275  67 473 404  47 334  64 315  94
 470 320 471 415 261 100 133 191 244 288 199 124   5  29 384 442 131 341
 331  86 138 488 181 269 487  92 183 451 195 309  82 273 428 182 217 104
  39 171 225 410 459 449 178 283 394 342 204 156 332 423  88 114  12 284
 336 228 251 393 377  15  61 202 358 296  41  54 397 425 474 145 375 238
 280 479 327 277  90 297 380 122 389 112  51  68 255  38 343 422 186  60
 168 303 210   6 455 266 328 354 483 359  31 396  78  62  57 340 350 144
 120 259 279  59 109 115 250 308 418 265 370 219 157 153 167 413 497 189
 399  34 356   3 233 362 481 344 489  21 411 401 198 163 310 117  95 420
  79 197 435 478 292 458 453  70 103  77  76 372 242 367 106 403 462 378
  81  56 150 468 137   9 239 285 432 476 246 179 201 268 142 126 188 500
 119 472 289 130  72 281  84 493 484 421 215 395 374 406 272 102  16 400
 495 369 116 318 235 125  27  19 353 409 419 345  63 276 304 424 245 338
 158 355  11  22 348 436  17 196 169 173  13  24 108 427 107 151 438  35
 231 429  91 391 366 134 364  46 379 248 337 482 311 496 371 141  87 324
  69  20 326 218 160 434 118 335 452 368 346 302  14 360 398] - 33793542
Solver: RVND, number of workers: 1
Setting feeder affinity
I am the master. There are 1 mpi processes. (hostname = gpu01)
Roots [<pyDF.nodes.Feeder object at 0x7fb165140ad0>]
Starting 0
Main loop
I am worker 0
GPU0
set random seed!
Initial: 33793542-[121 317 477 226 382 232  65 387  50 365 339 143 206 322   0  96 291 139
 390 287 154 293 220 129  97 306  32 214  58  23 155 193 190 177 135 385
 351 445 312 440 192 450 352 262 123 263 295  71 330 252  49 443 240 444
 286 194   1  30 363  85 448 140 176 329 426   8 282 221 466  73 386   7
 333  89 314 101 392 441 294 237 161  48 127 433 469 270 159 152 211 321
 407 457 313 307 412 257 208 223 271 376 209  75  83 185 267 260  40  18
 408 254 187 278  25 347 465 467 300 229 439 205 222 349 461 498 174  37
 405 175 430 147 224  43 258 325 274 402 132 494 499 486 253 301 431 388
 475 447 256 373 323 464 454 319 361 437  99   2 247 111 212 234 491 305
 480 136  52  28 216  44 110 172 299   4 207 249 170 446 166 105  80 485
  42 203 236 227 456  33  53 128 165 460 184 164  93  55 316 149 148  36
  10  26 463 180 381 113 383 213 414 357  45 290 490 417 162 200 241 230
  98 243  66 264 298 146 416 492  74 275  67 473 404  47 334  64 315  94
 470 320 471 415 261 100 133 191 244 288 199 124   5  29 384 442 131 341
 331  86 138 488 181 269 487  92 183 451 195 309  82 273 428 182 217 104
  39 171 225 410 459 449 178 283 394 342 204 156 332 423  88 114  12 284
 336 228 251 393 377  15  61 202 358 296  41  54 397 425 474 145 375 238
 280 479 327 277  90 297 380 122 389 112  51  68 255  38 343 422 186  60
 168 303 210   6 455 266 328 354 483 359  31 396  78  62  57 340 350 144
 120 259 279  59 109 115 250 308 418 265 370 219 157 153 167 413 497 189
 399  34 356   3 233 362 481 344 489  21 411 401 198 163 310 117  95 420
  79 197 435 478 292 458 453  70 103  77  76 372 242 367 106 403 462 378
  81  56 150 468 137   9 239 285 432 476 246 179 201 268 142 126 188 500
 119 472 289 130  72 281  84 493 484 421 215 395 374 406 272 102  16 400
 495 369 116 318 235 125  27  19 353 409 419 345  63 276 304 424 245 338
 158 355  11  22 348 436  17 196 169 173  13  24 108 427 107 151 438  35
 231 429  91 391 366 134 364  46 379 248 337 482 311 496 371 141  87 324
  69  20 326 218 160 434 118 335 452 368 346 302  14 360 398]
Final time: 11.0432691574s - Best: 2062318-[121 113  48 169 464  71 364 174 146  38 436 195 394  76 266 420  62 362
  81 176 497 318 409  74 427 408 359 132 103 240 183  47  29 389 180 396
 100  77 209  66 162 324 311 450 369 377 488   2 168 170  50  26 189 425
 115 471 316 228 159 197 490 101 264 220 259 143 125 398 214 483 331 105
  31 110  85 476 267 188 289  34 371 456 465  24  11 283  23 107  53 271
  63 489 229 270   0  18 452 235 303 344 116 179 373  44 330 301 380 216
 451 233 211  94 332 479 460 102 302 212 293 306 304  14 484 161  75 333
 227 250 126 205 426 312 391  79 412 473 187  90 207 365 487  25 475 254
 367  57 404 157 467 201 177  96  15 138 385 175 410 128  54  20 294 156
 407 191 269 432 291 165 435 455 392 147 405 108 260 443 340 122 199 472
 225 441  27 491 244  37 130 446 474 482   9 454 145 355 428 334 151 133
 298 245 274 370 388  68 308  72 268 336 386 395 262 492 363 186 257  46
 249 231 375 256 127 314 401 462 442 234 242 500 194  13 379  35 124 277
 352 210 326 437 422 468 230 154 184 495 241 461 493 429 498 397  56 361
 423 399 424 315 173 374 323 327 400 153 150 478 137 263 297 328 196 372
 140 251 349 279 387  70 453  42 163 285 309 185  55 292 299 202 278 376
 139 104 313 272 192 224 149   8 390 310 360 164 135 106 258 321 353 287
 198 158 339  59  83   7 445 111  39 246   5 356 236 142 112 193  88 419
 382 431 181  82 358 416 345 221 421 496 325  67 480 300 384 114  17   1
 144  40 252 357 206  58 406 433 343 219 118 261  22 341 414 337 286 213
 172 335 200 470 136  33 319 499  60 347  45 383  28 182 351 305 481 117
 167 393 273 434  36 119 459 178   4 223 284 329 402 253 440  65 366  49
 148 477 322 120 218 494 430 288 255 190  95 448 485 141 354  97 237  52
 248   6 438 152 208 109 204 215 447 411  16 403 160 439 129 239 226 457
 381 238 265  69 281 203 290  99  93 466  89  12 275 155 307  43  21 413
 123  91  86  61 296 280 317 348  19 243  73 417  78  98 166 222 342 320
 276 282 171 444 217  84  80 463  32 469  41 486 232 346  87 368  10 378
  64 418  92 131 295 338 415 350 458 449 134  51 247   3  30]
Value - initial: 33793542, final: 2062318, improveup: 16.3861935938

data-line;i;33793542;f;2062318;t;11.0432691574;c;-2;fv;[2062318L];cv;-1;imp;16.3861935938;type;rvnd;inum;4;w;1

time;11.0432691574;man_time;0;neigh_time;0
man_time;0;man_merge_sol;0;man_best_sol;0;man_combine_sol;0

Waiting [0]
Terminating workers True 0 0
MPI TERMINATING
