pydf_home: /home/rodolfo/git/Sucuri
simple_pycuda_home: /home/rodolfo/git/simple-pycuda
wamca2016path: /home/rodolfo/git/wamca2016/
localpath: /home/rodolfo/git/dvnd-df/code/dvnd-df/src/
WAMCAPATH:/home/rodolfo/git/wamca2016/
param: {solution_index:4, solution_instance_index:34, multi_gpu:True, goal:False, problem_name:ml, number_of_moves:10, device_count:2, solver:rvnd, mpi_enabled:True, workers:1}
Using already created file:  wamca2016lib.so
Size: 501 - file name: 05_TRP-S500-R1.tsp

Value - initial: 33489449-[299  12 121 182 264 143  85 311 302 166 292 278  39  31 414 244  61 374
 283 183 269 416 352  74 346 173 491 480 376  67 284 379  90 241 447 471
  40 216 172  75 132 119 111 105 170 193 324  69 146   9 472   6  56 208
 365 384  50 156 147  32 261 187 282 153  76 108 100 397  68 160  72 343
 338 102 128 411  59 291  70 262  11 223 345 179 499 155 385 355 366  13
 486  30 286  23 110  81  42 327 419 479 190 235 441 196 175 470 285 168
 242 118 159 337 103 203 483  21  99 169  15 214  77 399 294  20 218 116
 123 290 188  35 236  91 163  46 378 139 410 165 432 281 357 306 314 144
 162 309   2 234  80 207 440 453 495 489 407 369 268 228 455  29 254 213
 200 263 229 243 382  27  93 185 469 164 418 257 109 500 450 426 210 130
 106 395 267   0   8 313 150 249 459 449 161 448 178 460 481 157 120 280
 300 129 237 239 342 186  22 253  98 391  92 232   1 141 131  86  18 222
 413 493 473 117 107 372 438 220 421  52 221 393 276 403   4 488  25  34
 341 458  17 492 247 197 233 248  45 122 364 363 476  51 381 445  83 322
 386 255 351 347 287 433 494 353 295  49  38  55 274 331 452 152 142 270
 230  64 135 330 321 465 442 124  47 252 148 463 205 335 468 293 425 151
   7 312 298 245  95 457 466  66 336 319 362 133 398 305 390 192  87 189
 350  79 136 215 461 158 259 297 198  48 424 334 275 412 217 301 174 227
 339 371  78  89 415 303 266 326 348 258 265 370 125 181 434 406  65 273
 271 320 101 405 317 315 226 456 431 360 396 224 437 389 373 180 478  84
 304 219 482 429 490 349 134  14  53  88 260 225 206  44 475 154 177 380
 310 171 443 277  57 318 497 316 359  94 184  43  26 408 114  41 358 308
 464 430 209 279 323 400 325 296 422 202  10 383 204   3  82 126  16 402
 454  73 199 176  96  19 401 307 328  33 231 485 288 246 392  28 211 423
 404 137 340 272 436  37 377 145  63 238 138 435 467 167   5 420 256 212
 388  62 446 195 329  24 487 240 444 251  71 289 451 462 333 115 477 194
 387 113 149 394 354 140 112 356 409 428 496 104 191 498 375 367 439 484
  60 427  97 368 417 361  54 344 127 201 332 474  58  36 250] - 33489449
Solver: RVND, number of workers: 1
Setting feeder affinity
I am the master. There are 1 mpi processes. (hostname = gpu01)
Roots [<pyDF.nodes.Feeder object at 0x7f303002bad0>]
Starting 0
Main loop
I am worker 0
GPU0
set random seed!
Initial: 33489449-[299  12 121 182 264 143  85 311 302 166 292 278  39  31 414 244  61 374
 283 183 269 416 352  74 346 173 491 480 376  67 284 379  90 241 447 471
  40 216 172  75 132 119 111 105 170 193 324  69 146   9 472   6  56 208
 365 384  50 156 147  32 261 187 282 153  76 108 100 397  68 160  72 343
 338 102 128 411  59 291  70 262  11 223 345 179 499 155 385 355 366  13
 486  30 286  23 110  81  42 327 419 479 190 235 441 196 175 470 285 168
 242 118 159 337 103 203 483  21  99 169  15 214  77 399 294  20 218 116
 123 290 188  35 236  91 163  46 378 139 410 165 432 281 357 306 314 144
 162 309   2 234  80 207 440 453 495 489 407 369 268 228 455  29 254 213
 200 263 229 243 382  27  93 185 469 164 418 257 109 500 450 426 210 130
 106 395 267   0   8 313 150 249 459 449 161 448 178 460 481 157 120 280
 300 129 237 239 342 186  22 253  98 391  92 232   1 141 131  86  18 222
 413 493 473 117 107 372 438 220 421  52 221 393 276 403   4 488  25  34
 341 458  17 492 247 197 233 248  45 122 364 363 476  51 381 445  83 322
 386 255 351 347 287 433 494 353 295  49  38  55 274 331 452 152 142 270
 230  64 135 330 321 465 442 124  47 252 148 463 205 335 468 293 425 151
   7 312 298 245  95 457 466  66 336 319 362 133 398 305 390 192  87 189
 350  79 136 215 461 158 259 297 198  48 424 334 275 412 217 301 174 227
 339 371  78  89 415 303 266 326 348 258 265 370 125 181 434 406  65 273
 271 320 101 405 317 315 226 456 431 360 396 224 437 389 373 180 478  84
 304 219 482 429 490 349 134  14  53  88 260 225 206  44 475 154 177 380
 310 171 443 277  57 318 497 316 359  94 184  43  26 408 114  41 358 308
 464 430 209 279 323 400 325 296 422 202  10 383 204   3  82 126  16 402
 454  73 199 176  96  19 401 307 328  33 231 485 288 246 392  28 211 423
 404 137 340 272 436  37 377 145  63 238 138 435 467 167   5 420 256 212
 388  62 446 195 329  24 487 240 444 251  71 289 451 462 333 115 477 194
 387 113 149 394 354 140 112 356 409 428 496 104 191 498 375 367 439 484
  60 427  97 368 417 361  54 344 127 201 332 474  58  36 250]
Final time: 4.65264391899s - Best: 1948453-[299 292 185  55 309 285  43 202 278 376 139 272 104 313 263 297 328 196
 372 140 453 251 349 279 387  70 275 307 155  93  99 203 281  69 265 238
 381 457 239 129 439 160 403  16 411 447 215 152 102 460 479  94 332 386
 336 268 308  72 212 302 293 306 388  68 370 274 245 298 133 151 334 363
 186 257  46 249 231 375 256 127 482 474 446 244  37 130 456 371  34 289
 188 267 476  85 110 220 264 490 101  27 491 441 225 159 228 471 316 115
 425 189  26  50 168   2 488 377 369 450 311 347  60 324 162  66 418  64
 143 259 125 398 214 483 331 105  10 378 240 103 132 359 408 427  74 183
  47  29 389 180 396  77 100 433 343 406  58 206 357 252  40 144   1  17
 114 384 300 480 176 409 318 497 368  35 379  13 352 277 124 210 326  87
  81  67 325 496 421 362  62 266 420 221 345 416 358  82 181 431 382 419
  88 193 112 142 236 356   5 246  39 111   7 445 339  59  83 486  41 469
  32 217  84  80 463  48 113 169 121 321 258 135 106 353 287 198 158 464
  71 364 232 174 146  38 436 195 394  76 346 468 230 154 184  56 495 241
 461 493 429 397 498 374 323 327 320 310 390   8 149 224 282 276 171 444
  91 123 413  21  86 192  61 296 489 229  63 271 270 317 478 137 344 116
 179 373  44 330 301 380 208 216 451 233 211 243  19 348 303 235 452  18
   0 150  53 107  23 153 400 424 315 173 399 423 194 500 242 234 442 465
  24 462 283  11 314 401   9 454 145 355 428 260 443 340 472 199 122 134
 432 291 165 435 455 392 147 405 108 205 126 426 312  75 333 161 391 484
  79 412 473 187  90 475  25 487 365 207 354  95 255 190 448 141 485 467
 201 157 404  57 254 367 191 269 407 156 253 402 294  20 128  54 329 284
 458 449 350 415 338 295 131  92 170  45 383 499 261 118 219  22 341 414
 337 286 213 172 335 200 470 136  33 319  28 182 351 305 481 117 167 393
   3 273 434  36 119 459 178   4 223  30 410 175 385 138 177  96  15 440
  65 366  49 148 477 322 120 218 494 430 288  97 237 304  14 227 250 492
 342 222 166  98  78 417  73 262 395   6 248  52 438 226 204 109  89  12
 466 290  42 163 280 164 360 361 422 437  31 209 197 247  51]
Value - initial: 33489449, final: 1948453, improveup: 17.1877119951

data-line;i;33489449;f;1948453;t;4.65264391899;c;-2;fv;[1948453L];cv;-1;imp;17.1877119951;type;rvnd;inum;4;w;1

time;4.65264391899;man_time;0;neigh_time;0
man_time;0;man_merge_sol;0;man_best_sol;0;man_combine_sol;0

Waiting [0]
Terminating workers True 0 0
MPI TERMINATING
