pydf_home: /home/rodolfo/git/Sucuri
simple_pycuda_home: /home/rodolfo/git/simple-pycuda
wamca2016path: /home/rodolfo/git/wamca2016/
localpath: /home/rodolfo/git/dvnd-df/code/dvnd-df/src/
WAMCAPATH:/home/rodolfo/git/wamca2016/
param: {solution_index:6, solution_instance_index:26, multi_gpu:True, goal:False, problem_name:ml, number_of_moves:10, device_count:2, solver:rvnd, mpi_enabled:True, workers:1}
Using already created file:  wamca2016lib.so
Size: 783 - file name: 07_rat784.tsp

Value - initial: 69598681-[276 367 582 195  75 119 508 756  17 114 432 711 667  99 625  51  50 371
  25  98 469 289 214 537 301 372  46 759 139 103 617 724  52  33 229 738
 530   8 225  32 298 441 215 208 680 611 736 649 643 527 444 682 110 174
  48 146 665 722 481 615 307 349 699  66 506 232 288 220 775 679 731  34
 450 702 205 591 109 641 415 246 280 770 162 243 644 407 586 647 242 160
 158 155 265 428 581 689 618  93 763 635 632 609 661 278 182 696 435 750
 656 734 590 348  22 607 216 363 305 168 194 767 136  49 760 313 588 417
 636 445  24 283 350 455 259 112 359 248 485  90  10 224 472 595 275 558
 624 713 422 601 463 716 489 748 694 159 273 729 700 653 648 209 545 187
 312  97 337 362   4  83 223 540  63   7 443 758 230 576 507 630 351 688
 686 240 474 683 622 616 593 320 383 520 106 490 270 684  38 626 345 325
 287 672 364 143 102  72 512 509 623 145 584  61 681  36 610 475 151 693
  42 256 543 728 296 720 598   3  68 773 131 514  67 701 662 660 541 306
 317 698 414   5 552 719 451  82 476 457  64 629 452 651 210 727  87 569
 282  43 726 613 559 454 602 484  85 410 715 547 118 425 493 777 743  94
 154 111 378 741 599 300 438 549 326 356 180 674 327 130 498 467  57 132
 374 211   1 639 551 707 494 335 365 749 513 526 128 723  37 295 437  73
   0 431 115 149 376 483 479 712 318 231  84 725 241 107 620 412 486 101
 120 352 250 675 776 703 261 310 353 297  35 185 406 523 757 642 473 219
 772 580 691 677 574   2 368 245 779 697 529 612 560 594 357 150 285 404
 369 637 440 113 488 108 134 191 334 319 740  23  59 768 531 732 290 605
 354  79 600 754 596 419 708 126 429 448 361 387  18  95  13 147 704 446
  21 190 742 717 331 315 710 366 314 571 627 771 358 253 355 621  65 142
 156 416 221 341 524 468 714 579 329 177 135 286 532 212 133 565 670 181
 495  31 511 645 577  28  86 695 237 562 510 254  27 578 655 423  55 178
 442 554 122 780 203 427 566  78 258 505 385 458 585  44 718  41 497 340
  60 755 608  26 170 127 284 281 519 125 504 344 572  92 379 189 737 206
 148 380 439 730 460 271  74 654 744  76 377 567 426 518 272 521 339 575
 336 408 100 434 394 583 175 141 323 733 166 309 343 263 563 311 746 424
  77 308 676 382 292 169 487 217 386 207  19 399 764  53 197 436  16 430
  91 499 769  47 255 234 373 687  14 538 332 395 252 781 129 405 522 144
 535 338 658 390 391  81 669 492 196 685 193 597 433 592 459 138 121 116
   6 587 267 666 762 411 465 568 544 264 381 753 501 179 235 516  89 765
 542 633 105  56 279 721 471 478 324 370 183 614  29 124 606 502 293 470
 690 650 747  54 342 664 233  20 409 652 269 389 200 218 375  71 570  69
 491 604  40 539 449 294 173 157 161  70 536 333 360 774  58 123 461 534
 184 555  15 751 752 228 646 260  45 222 277 638 117 202 227 705 706 262
 291 778 384 346 631 557 152  80 553 257 236 480 745 199 201 561 453 761
 782 140 163 546 663 238 400 447 388 671 673 347 640 176 165 515 668 198
  39 413  12 589 402 418 244   9 172 401 188 266 466 564 735 421 573 268
 328 239 137 503 392  11 739 634 464 603 186 397 692 766 204  62 628 330
  88 659 403 171 517  96 274 302 322 500 299  30 528 462 192 396 477 657
 316 164 226 556 321 548 304 550 482 678 249 153 496 619 709 213 525 303
 167 398 456 247 393 251 104 533 420] - 69598681
Solver: RVND, number of workers: 1
Setting feeder affinity
I am the master. There are 1 mpi processes. (hostname = gpu01)
Roots [<pyDF.nodes.Feeder object at 0x7f8b39264ad0>]
Starting 0
Main loop
I am worker 0
GPU0
set random seed!
Initial: 69598681-[276 367 582 195  75 119 508 756  17 114 432 711 667  99 625  51  50 371
  25  98 469 289 214 537 301 372  46 759 139 103 617 724  52  33 229 738
 530   8 225  32 298 441 215 208 680 611 736 649 643 527 444 682 110 174
  48 146 665 722 481 615 307 349 699  66 506 232 288 220 775 679 731  34
 450 702 205 591 109 641 415 246 280 770 162 243 644 407 586 647 242 160
 158 155 265 428 581 689 618  93 763 635 632 609 661 278 182 696 435 750
 656 734 590 348  22 607 216 363 305 168 194 767 136  49 760 313 588 417
 636 445  24 283 350 455 259 112 359 248 485  90  10 224 472 595 275 558
 624 713 422 601 463 716 489 748 694 159 273 729 700 653 648 209 545 187
 312  97 337 362   4  83 223 540  63   7 443 758 230 576 507 630 351 688
 686 240 474 683 622 616 593 320 383 520 106 490 270 684  38 626 345 325
 287 672 364 143 102  72 512 509 623 145 584  61 681  36 610 475 151 693
  42 256 543 728 296 720 598   3  68 773 131 514  67 701 662 660 541 306
 317 698 414   5 552 719 451  82 476 457  64 629 452 651 210 727  87 569
 282  43 726 613 559 454 602 484  85 410 715 547 118 425 493 777 743  94
 154 111 378 741 599 300 438 549 326 356 180 674 327 130 498 467  57 132
 374 211   1 639 551 707 494 335 365 749 513 526 128 723  37 295 437  73
   0 431 115 149 376 483 479 712 318 231  84 725 241 107 620 412 486 101
 120 352 250 675 776 703 261 310 353 297  35 185 406 523 757 642 473 219
 772 580 691 677 574   2 368 245 779 697 529 612 560 594 357 150 285 404
 369 637 440 113 488 108 134 191 334 319 740  23  59 768 531 732 290 605
 354  79 600 754 596 419 708 126 429 448 361 387  18  95  13 147 704 446
  21 190 742 717 331 315 710 366 314 571 627 771 358 253 355 621  65 142
 156 416 221 341 524 468 714 579 329 177 135 286 532 212 133 565 670 181
 495  31 511 645 577  28  86 695 237 562 510 254  27 578 655 423  55 178
 442 554 122 780 203 427 566  78 258 505 385 458 585  44 718  41 497 340
  60 755 608  26 170 127 284 281 519 125 504 344 572  92 379 189 737 206
 148 380 439 730 460 271  74 654 744  76 377 567 426 518 272 521 339 575
 336 408 100 434 394 583 175 141 323 733 166 309 343 263 563 311 746 424
  77 308 676 382 292 169 487 217 386 207  19 399 764  53 197 436  16 430
  91 499 769  47 255 234 373 687  14 538 332 395 252 781 129 405 522 144
 535 338 658 390 391  81 669 492 196 685 193 597 433 592 459 138 121 116
   6 587 267 666 762 411 465 568 544 264 381 753 501 179 235 516  89 765
 542 633 105  56 279 721 471 478 324 370 183 614  29 124 606 502 293 470
 690 650 747  54 342 664 233  20 409 652 269 389 200 218 375  71 570  69
 491 604  40 539 449 294 173 157 161  70 536 333 360 774  58 123 461 534
 184 555  15 751 752 228 646 260  45 222 277 638 117 202 227 705 706 262
 291 778 384 346 631 557 152  80 553 257 236 480 745 199 201 561 453 761
 782 140 163 546 663 238 400 447 388 671 673 347 640 176 165 515 668 198
  39 413  12 589 402 418 244   9 172 401 188 266 466 564 735 421 573 268
 328 239 137 503 392  11 739 634 464 603 186 397 692 766 204  62 628 330
  88 659 403 171 517  96 274 302 322 500 299  30 528 462 192 396 477 657
 316 164 226 556 321 548 304 550 482 678 249 153 496 619 709 213 525 303
 167 398 456 247 393 251 104 533 420]
Final time: 13.1087310314s - Best: 3391906-[276 275 272 277 293 316 334 326 318 322 324 305 290 298 285 273 247 248
 242 255 266 267 257 258 249 268 252 250 261 274 286 294 310 302 291 280
 289 299 306 315 331 345 352 364 375 392 407 408 409 419 423 404 391 388
 396 406 400 389 386 381 355 358 342 351 362 383 394 422 428 435 444 451
 457 452 442 437 421 432 425 429 448 455 472 459 454 462 485 491 517 518
 530 538 539 546 556 551 577 565 562 563 586 590 583 599 600 613 632 629
 635 645 650 665 668 660 648 656 680 690 691 712 706 718 719 736 753 754
 747 739 725 709 699 700 692 672 663 666 667 673 675 693 702 695 714 716
 713 710 711 681 676 657 655 662 642 634 624 622 619 601 584 582 607 594
 591 581 566 573 548 545 549 537 522 515 503 489 478 480 470 477 467 453
 446 426 411 402 414 413 399 401 382 372 367 384 387 377 378 368 373 354
 340 328 313 303 296 295 308 323 333 330 341 361 360 348 319 297 283 278
 260 251 240 244 246 222 213 206 191 177 173 165 157 130 131 140 129 128
 102  91  71  92  68  77  89  90 103 112 118 144 147 141 121 113 108 105
 100  78  83  86  74  65  72  59  54  43  26  25  20  15  31  50  41  53
  49  61  81  85  67  60  58  70  84  98 101 104 107 111  88  94  97  75
  93  82  64  57  52  46  45  40  44  56  79  69  66  80 106 110  99  96
 109 114 126 135 150 155 161 160 151 142 136 132 115 127 139 162 168 156
 181 208 210 211 218 209 225 220 212 200 196 187 182 172 164 163 137 117
 125 120 123 143 149 158 153 166 188 190 202 219 227 228 243 259 262 270
 271 282 287 307 309 300 311 317 325 353 350 347 339 337 363 380 385 379
 374 359 335 329 321 320 332 344 346 349 376 369 371 390 410 418 416 417
 433 436 447 475 463 469 468 440 434 430 438 456 466 476 482 490 499 500
 506 520 504 493 495 496 486 473 479 488 492 464 474 487 501 508 524 527
 543 536 519 513 523 521 526 542 552 558 572 580 592 605 603 614 628 631
 641 649 701 707 715 723 727 743 752 766 770 774 782 781 763 755 751 741
 740 722 729 730 745 749 748 761 765 773 772 776 778 767 758 756 757 759
 764 771 760 746 733 737 724 703 696 708 704 717 734 744 735 731 742 738
 721 697 689 684 679 659 643 640 633 626 644 647 651 658 677 687 682 671
 664 639 637 623 595 575 559 567 579 593 585 578 561 553 560 568 589 598
 612 618 616 606 627 620 621 608 602 576 569 564 557 541 540 555 535 534
 528 514 512 494 507 511 516 533 529 550 547 532 525 510 505 484 483 465
 424 365 357 343 327 301 312 304 288 269 265 241 234 214 215 235 238 245
 254 229 230 226 221 223 239 231 232 224 216 205 189 199 197 175 178 186
 201 207 203 183 195 194 204 185 179 171 174 152 159 154 146 138 122 116
 145 124  87  55  48  51  36  24  14   0  16  22   1   6  17  11   8  32
  28   9   2   4  18   7  29  47  38  62  73  76  63  35  19  30  34  21
  13  23  27  33   3  10  12   5  39  37  42  95 133 134 148 170 176 167
 169 180 193 192 198 217 237 233 253 264 263 279 284 314 356 366 393 405
 403 412 398 395 397 420 427 441 443 460 461 502 509 531 544 571 570 574
 604 588 609 617 630 638 661 653 652 688 685 694 698 683 674 654 611 597
 596 610 625 670 678 705 732 720 726 762 769 779 780 750 728 686 669 646
 636 615 554 497 450 439 449 458 445 431 415 336 281 256 236 292 338 370
 471 481 498 587 775 777 768 184 119]
Value - initial: 69598681, final: 3391906, improveup: 20.5190476977

data-line;i;69598681;f;3391906;t;13.1087310314;c;-2;fv;[3391906L];cv;-1;imp;20.5190476977;type;rvnd;inum;6;w;1

time;13.1087310314;man_time;0;neigh_time;0
man_time;0;man_merge_sol;0;man_best_sol;0;man_combine_sol;0

Waiting [0]
Terminating workers True 0 0
MPI TERMINATING
