pydf_home: /home/rodolfo/git/Sucuri
simple_pycuda_home: /home/rodolfo/git/simple-pycuda
wamca2016path: /home/rodolfo/git/wamca2016/
localpath: /home/rodolfo/git/dvnd-df/code/dvnd-df/src/
WAMCAPATH:/home/rodolfo/git/wamca2016/
param: {solution_index:6, solution_instance_index:30, multi_gpu:True, goal:False, problem_name:ml, number_of_moves:10, device_count:2, solver:rvnd, mpi_enabled:True, workers:1}
Using already created file:  wamca2016lib.so
Size: 783 - file name: 07_rat784.tsp

Value - initial: 69879806-[445 221 721 566 199  56 135  83 613 219 172 538 197 254 378 556 597 224
 696   1  59 561 512 373 165 360 386 168 392 400 585 764 419 361 233  14
 557 170 280 238  47  75 615 719 213 408 223 422 286 568  99 728 217 499
 382  43 273 622 550 277 359 311  73 250 528 722 446 651 430 494 596 285
 559  69 301 456 176 727 365 614 570 403 761  82 260 452 781 450 388 518
 343 309 640 675 490 326 438 462 447 677 481  67 775 427 253 562 192  85
 664 278 558 423 773 355 299  20 545 193  34   6  16 202 245 158 127 358
 421 594 146 153 124 503 121 625 308 351  37 434 428 109 627 106 138 348
 726 418 257 542 105 502  13 194 782  18  32  17 116 461 667 478 320 298
 103 687 633 731  70 295 674 259 201 449 211 195 352   9 297  64 470 303
 167 284 327 129 655 241 756  29 501 611 339 595 511 234  96 426 577 380
 533 381 710  87  15 744  88 715 540 307 560 406 104 738 521  31 609 681
 214 345 302 276 707 509 372 401 663  62 468 653 274 644 314 439 405 122
 271  76 753 207 749 404 666 255 371 534 743 196 623 477 694 571 780 157
 469 243 397 174 164 575 467 394  51 225 101 532 473 513 634  86  98 768
 443 374 451 583 645 264 432 293  95 166 178 370 342 522 711 337 514 350
 487 332 236 140 356 586 216 410 296 700 200 739 336 485 690 612 313 132
  57 265  71 683 220 229 530 762   7 720 638 149 593 584 754 118 240 515
  53 125 732 697 767 649 656 678 736  92 689 267 231 455 652 159 354 590
 646 444 729 212 364 465 398 163 306 554 262 435  41  50 411 748 525 328
  44 486 672  78 416  68 637 415 186 141 117 580 759 589 745  30 642 190
 369 228 266  45 579 329 632  97 316 610   3 679  24 393  52 626 183  19
 537 704 453 244 279 565 549 110  33 152 433 334 161 338  36 341 145  26
 484 112 454  66 151 760 113 661 289  60 399 476 413 654 111 688 346 247
 251 581 750 702 458 460 641 639 758 379 291 779 496 270 290 246 607 504
 144 765 414 636 555 714 508  11 368 670 742   0 693 544 740 608 208 643
 272 617 387 520  77 771 755 523 340 389 592 363 206  22 635  10 187 684
 603 602 215 717 763 605 493  48 222 624 133  93 606  49  39 376 391 344
 483 362 304 706 572 713 757 629 698 569 175  63  54 191 648 546 457 650
 505 479 665   5 128 709 573 733 173 671 659   4 746 471 261 395 134 489
 548 730 524 325 319 315 431 491 258 600 619 288  61 396 182 185 119 417
 685 552  65 770 377 269 114 517 123  12 466 488 425 353 335 424 100 735
 317 330  80 366 601 324  91 226 160 535 723 662 412 375 107  89 475  55
 541 242 766 539 676 390 429 312 527 177 383 498 464 349 252 747 576 620
 563 718 529 143 148 526 647 673 507 131 442 774  42  38 156 205 409 142
 776 703 519 275 660 402 147  90 630 318 322 495 686 448 239 440 300 587
 367 567 752 657 333 682 283 482 281  84 184 598 268 536 305 263 531 716
 139  21 287 171 691  23 772 724 108 599  25 181 310 162 235 578 480 248
 137 126 347 180 708 292 136 574 463 256 621 500 668  40 203 331 459 198
 741 472 227 230 543  81 441 604 712 150 510 169 564 492 588 437 769 385
 778 553 631  46 751 282   2 669 692 551 737 209 680 407 237  74 516 188
   8 506 628 497 734 699 189 357 705 420 249 474  35  58 618 701 102 321
 323 232 777  72  27 616 115 294 120 179 130 695  94 218  79 204 547 155
 154 384 591 725  28 210 658 582 436] - 69879806
Solver: RVND, number of workers: 1
Setting feeder affinity
I am the master. There are 1 mpi processes. (hostname = gpu01)
Roots [<pyDF.nodes.Feeder object at 0x7f68d96b3ad0>]
Starting 0
Main loop
I am worker 0
GPU0
set random seed!
Initial: 69879806-[445 221 721 566 199  56 135  83 613 219 172 538 197 254 378 556 597 224
 696   1  59 561 512 373 165 360 386 168 392 400 585 764 419 361 233  14
 557 170 280 238  47  75 615 719 213 408 223 422 286 568  99 728 217 499
 382  43 273 622 550 277 359 311  73 250 528 722 446 651 430 494 596 285
 559  69 301 456 176 727 365 614 570 403 761  82 260 452 781 450 388 518
 343 309 640 675 490 326 438 462 447 677 481  67 775 427 253 562 192  85
 664 278 558 423 773 355 299  20 545 193  34   6  16 202 245 158 127 358
 421 594 146 153 124 503 121 625 308 351  37 434 428 109 627 106 138 348
 726 418 257 542 105 502  13 194 782  18  32  17 116 461 667 478 320 298
 103 687 633 731  70 295 674 259 201 449 211 195 352   9 297  64 470 303
 167 284 327 129 655 241 756  29 501 611 339 595 511 234  96 426 577 380
 533 381 710  87  15 744  88 715 540 307 560 406 104 738 521  31 609 681
 214 345 302 276 707 509 372 401 663  62 468 653 274 644 314 439 405 122
 271  76 753 207 749 404 666 255 371 534 743 196 623 477 694 571 780 157
 469 243 397 174 164 575 467 394  51 225 101 532 473 513 634  86  98 768
 443 374 451 583 645 264 432 293  95 166 178 370 342 522 711 337 514 350
 487 332 236 140 356 586 216 410 296 700 200 739 336 485 690 612 313 132
  57 265  71 683 220 229 530 762   7 720 638 149 593 584 754 118 240 515
  53 125 732 697 767 649 656 678 736  92 689 267 231 455 652 159 354 590
 646 444 729 212 364 465 398 163 306 554 262 435  41  50 411 748 525 328
  44 486 672  78 416  68 637 415 186 141 117 580 759 589 745  30 642 190
 369 228 266  45 579 329 632  97 316 610   3 679  24 393  52 626 183  19
 537 704 453 244 279 565 549 110  33 152 433 334 161 338  36 341 145  26
 484 112 454  66 151 760 113 661 289  60 399 476 413 654 111 688 346 247
 251 581 750 702 458 460 641 639 758 379 291 779 496 270 290 246 607 504
 144 765 414 636 555 714 508  11 368 670 742   0 693 544 740 608 208 643
 272 617 387 520  77 771 755 523 340 389 592 363 206  22 635  10 187 684
 603 602 215 717 763 605 493  48 222 624 133  93 606  49  39 376 391 344
 483 362 304 706 572 713 757 629 698 569 175  63  54 191 648 546 457 650
 505 479 665   5 128 709 573 733 173 671 659   4 746 471 261 395 134 489
 548 730 524 325 319 315 431 491 258 600 619 288  61 396 182 185 119 417
 685 552  65 770 377 269 114 517 123  12 466 488 425 353 335 424 100 735
 317 330  80 366 601 324  91 226 160 535 723 662 412 375 107  89 475  55
 541 242 766 539 676 390 429 312 527 177 383 498 464 349 252 747 576 620
 563 718 529 143 148 526 647 673 507 131 442 774  42  38 156 205 409 142
 776 703 519 275 660 402 147  90 630 318 322 495 686 448 239 440 300 587
 367 567 752 657 333 682 283 482 281  84 184 598 268 536 305 263 531 716
 139  21 287 171 691  23 772 724 108 599  25 181 310 162 235 578 480 248
 137 126 347 180 708 292 136 574 463 256 621 500 668  40 203 331 459 198
 741 472 227 230 543  81 441 604 712 150 510 169 564 492 588 437 769 385
 778 553 631  46 751 282   2 669 692 551 737 209 680 407 237  74 516 188
   8 506 628 497 734 699 189 357 705 420 249 474  35  58 618 701 102 321
 323 232 777  72  27 616 115 294 120 179 130 695  94 218  79 204 547 155
 154 384 591 725  28 210 658 582 436]
Final time: 10.3692638874s - Best: 3420869-[445 449 464 474 487 501 508 524 527 536 543 531 544 566 581 591 594 607
 634 642 662 686 710 713 716 714 702 695 693 669 675 673 667 666 646 636
 615 605 592 603 614 628 631 641 617 609 638 630 632 613 600 599 590 583
 576 569 564 557 574 570 571 572 558 552 542 526 521 496 495 493 475 463
 469 468 466 456 455 448 459 462 454 437 421 432 425 429 423 419 407 408
 409 392 375 364 352 345 338 322 318 326 334 357 381 386 389 383 362 351
 358 355 342 304 312 301 288 276 275 254 245 238 235 241 234 214 184 171
 179 185 204 194 195 183 174 159 154 146 138 122 116 109 114  99  79  69
  66  45  40  44  56  51  48  55  24  14   0  16  22   1   6  17  46  52
  57  64  82  93 106 110 135 150 155 161 186 203 201 207 197 178 175 162
 168 156 127 139 142 136 132 115 111 107 104 101  88  73  76  63  70  58
  60  67  85  81  61  53  41  50  71  91 102 129 128 143 123 120 125 149
 164 163 172 182 187 196 200 212 220 225 209 208 210 211 218 224 232 231
 239 257 267 290 305 292 289 299 306 320 321 329 335 359 353 350 347 363
 372 382 380 385 379 374 371 390 410 417 416 418 430 438 434 440 447 436
 433 415 401 399 413 414 402 387 384 367 348 360 361 377 397 411 426 446
 453 450 420 427 441 443 461 460 470 480 478 489 503 515 522 537 549 545
 548 573 582 584 601 619 622 624 655 657 676 681 711 728 743 752 766 770
 774 782 781 763 780 779 769 762 745 740 741 755 751 750 727 723 701 707
 715 722 729 730 726 749 748 761 765 773 772 776 778 767 758 756 732 736
 718 706 712 691 690 697 721 738 742 731 735 744 759 764 771 760 746 733
 737 724 703 696 682 671 664 658 677 687 670 678 684 679 689 674 659 643
 640 618 612 611 626 633 654 644 647 651 625 637 639 623 595 579 585 593
 596 597 578 561 553 560 568 589 598 587 606 616 620 627 648 656 660 683
 694 698 719 753 754 747 739 725 720 709 699 700 688 685 668 665 650 645
 635 629 621 608 602 586 563 562 565 577 551 556 546 539 538 530 517 518
 512 514 528 534 535 540 520 504 506 500 499 490 482 476 494 491 485 507
 511 516 533 529 550 567 575 559 547 532 525 510 505 484 483 465 481 471
 435 428 422 444 451 457 452 442 424 406 396 388 391 370 365 343 327 316
 293 277 272 273 248 247 230 226 221 242 255 266 285 298 324 331 349 346
 344 332 302 291 310 294 286 281 300 311 317 325 339 337 336 319 323 333
 330 341 368 373 378 395 398 412 405 403 393 366 356 354 340 328 313 314
 284 279 264 263 253 233 217 237 246 260 278 283 295 296 303 308 297 307
 309 287 282 259 262 270 271 240 251 244 222 213 206 191 173 167 169 176
 180 193 198 192 170 148 133 134 100 105 108 113 121 141 147 144 130 131
 140 153 158 166 157 165 177 188 190 202 219 227 228 243 236 256 274 261
 250 252 268 249 216 205 199 189 181 137 117  98  84  49  34  31  15  20
  25  26  23  27  33  42  37  10   3  12   5  39  78  83  86  74  65  72
  90  95 118 112 103  89  92  68  77  59  54  43  13  21  30  19  35  29
   7  18   4   2   9   8  11  32  28  38  47  62  75  94  97 119 151 160
 152 126  80  96  87 124 145 215 265 269 229 223 258 280 315 369 376 404
 472 555 541 523 519 513 492 488 486 479 473 458 431 439 467 477 497 509
 502 554 580 588 604 649 663 672 692 661 653 652 680 705 704 717 734 757
 775 777 768 708 610 498 400 394  36]
Value - initial: 69879806, final: 3420869, improveup: 20.4275013162

data-line;i;69879806;f;3420869;t;10.3692638874;c;-2;fv;[3420869L];cv;-1;imp;20.4275013162;type;rvnd;inum;6;w;1

time;10.3692638874;man_time;0;neigh_time;0
man_time;0;man_merge_sol;0;man_best_sol;0;man_combine_sol;0

Waiting [0]
Terminating workers True 0 0
MPI TERMINATING
