pydf_home: /home/rodolfo/git/Sucuri
simple_pycuda_home: /home/rodolfo/git/simple-pycuda
wamca2016path: /home/rodolfo/git/wamca2016/
localpath: /home/rodolfo/git/dvnd-df/code/dvnd-df/src/
WAMCAPATH:/home/rodolfo/git/wamca2016/
param: {solution_index:4, solution_instance_index:26, multi_gpu:True, goal:False, problem_name:ml, number_of_moves:10, device_count:2, solver:rvnd, mpi_enabled:True, workers:1}
Using already created file:  wamca2016lib.so
Size: 501 - file name: 05_TRP-S500-R1.tsp

Value - initial: 33135450-[161 247 329 405 321  16  64 496 361 211 229 126 264 491 378  75  51  72
  84  85 388 459 236 253 424 400 448 167  80 170  12 377 269 179  31 183
 293 216 287 201 227 171  60 209 447 196 490 418 184  81 153 257 445 221
 268 109 355 485 422 298  99 440 140  14  35 489 416 192 495 453 261  83
  69 241 475 336  91 399 500 199 360 404  33 426 417 262 342 210 218 148
  93 369 173 147 473 354 338  54 362 181  95 438 458 177  66 160 379 237
 114 307 472 328  40 105 162 285 274 470 349 278 139 191 429 178 492 434
 433  82 142 435 186 295 111 401 396 326  22  68  43 185 493 316  62  74
 193 117 277 165 291   5 357  94 386 411 488  59 431 290 288 222 383 101
 410 406 303  56 367 324 206 234 175 190 127 350 130 344  36  89 301 136
 169  10 467 115 265  87 387 427 197 273 198 306  11  19 292 304   9 118
 112 187 163  92 194 113 281 347   1 481  70 182 176 420 421 122  29 294
 370 280 244 156 174 267 134 202 283 256 129 425 486 390 397 398 451 318
 461 376 168 456 325 249 312 120 392 446   2  25   7 364 315 151 353 215
 195 240 119   4 356 408 322  17  13  27 323 238 302 385 137 464 403 494
  86 251 363 242  21 133 414 203 413   6 339 334 100 220 395 270 381 282
 217 375 255 154  46  53  37 333 275 128 471 330  97 225 443  71 144 157
  57 152 123 260 245  23 437 228 124 345 212  30 180 219 102 343  34  55
 317 233 107 155 365 300 226  41 430 389  67  39 254 231 235 125 407  32
 346 214 320 499 441 204 337 299 243 121 289  78 474 462 497  50 296 476
   3 482 436  76 412 352 248 310 131 415  77 455  26 189   8 158  28  98
  20 332  18 313  15 272  44 428 232 305 108  52 449 341 466 239 483 394
 103 444 477 263 143 457 308 478 432 252 319  49 208 371 150  58 284 258
 266 138 331 374 271 132 259 368 384 250   0  42 393 116 442 106 402 311
 373  79 207 382  61 149 230 450 172 380 188 297 159 460 419 340 452 276
 104 279 314 146 351 409 110  45 223  88 480 335  73 423 463 358 468  47
 200 465 479 366 164 246 454 213  48  96 145 372 224 135  63 498  24  90
 484 286 309 469 391 487  38 359 141 205 327  65 166 348 439] - 33135450
Solver: RVND, number of workers: 1
Setting feeder affinity
I am the master. There are 1 mpi processes. (hostname = gpu01)
Roots [<pyDF.nodes.Feeder object at 0x7f2a5cb3cad0>]
Starting 0
Main loop
I am worker 0
GPU0
set random seed!
Initial: 33135450-[161 247 329 405 321  16  64 496 361 211 229 126 264 491 378  75  51  72
  84  85 388 459 236 253 424 400 448 167  80 170  12 377 269 179  31 183
 293 216 287 201 227 171  60 209 447 196 490 418 184  81 153 257 445 221
 268 109 355 485 422 298  99 440 140  14  35 489 416 192 495 453 261  83
  69 241 475 336  91 399 500 199 360 404  33 426 417 262 342 210 218 148
  93 369 173 147 473 354 338  54 362 181  95 438 458 177  66 160 379 237
 114 307 472 328  40 105 162 285 274 470 349 278 139 191 429 178 492 434
 433  82 142 435 186 295 111 401 396 326  22  68  43 185 493 316  62  74
 193 117 277 165 291   5 357  94 386 411 488  59 431 290 288 222 383 101
 410 406 303  56 367 324 206 234 175 190 127 350 130 344  36  89 301 136
 169  10 467 115 265  87 387 427 197 273 198 306  11  19 292 304   9 118
 112 187 163  92 194 113 281 347   1 481  70 182 176 420 421 122  29 294
 370 280 244 156 174 267 134 202 283 256 129 425 486 390 397 398 451 318
 461 376 168 456 325 249 312 120 392 446   2  25   7 364 315 151 353 215
 195 240 119   4 356 408 322  17  13  27 323 238 302 385 137 464 403 494
  86 251 363 242  21 133 414 203 413   6 339 334 100 220 395 270 381 282
 217 375 255 154  46  53  37 333 275 128 471 330  97 225 443  71 144 157
  57 152 123 260 245  23 437 228 124 345 212  30 180 219 102 343  34  55
 317 233 107 155 365 300 226  41 430 389  67  39 254 231 235 125 407  32
 346 214 320 499 441 204 337 299 243 121 289  78 474 462 497  50 296 476
   3 482 436  76 412 352 248 310 131 415  77 455  26 189   8 158  28  98
  20 332  18 313  15 272  44 428 232 305 108  52 449 341 466 239 483 394
 103 444 477 263 143 457 308 478 432 252 319  49 208 371 150  58 284 258
 266 138 331 374 271 132 259 368 384 250   0  42 393 116 442 106 402 311
 373  79 207 382  61 149 230 450 172 380 188 297 159 460 419 340 452 276
 104 279 314 146 351 409 110  45 223  88 480 335  73 423 463 358 468  47
 200 465 479 366 164 246 454 213  48  96 145 372 224 135  63 498  24  90
 484 286 309 469 391 487  38 359 141 205 327  65 166 348 439]
Final time: 5.9021730423s - Best: 2056959-[161 484 391 312 426 392 455 435 367  57 191 269 407 156  20 294 128  54
 329 284 295 338 415 350 449 432 291 165 147 405 205 126 250 227 274 370
  68 308  72 268 336 386 332  94 102 460 152  16 403 160 439 129 411 447
 215 479 211 233 451 301 330  44 373 179 116 344 303 348  78  98 166 222
 342 249 231 375 256 127 314 401  24 465 456 371  34 289 188 267 476 101
 490 264 220 259 125 398 214 483  47  29 389 180 183  74 427 408 359 132
 103 240 378  10 497 318 409 176  67 325 496 421 221 345 416 358  82 181
 431 419 382 436  38 146 174 232  88 193 112 142 236   5 356 339 445 111
   7  83  59 486  41 469  32  80  84 463  48 113 121 198 287 353 321 258
 106 135 164 360 397 498 429 493 461 241 495  56 361 437 422 468 346  76
 266 420  62 362  81  87 210 326 352 277 124  35 379  13 194 500 242 234
 442 462 283  11  23 107  53 153 400 424 315 173 374 323 327 320 489 229
  63 271 150 452 235  18   0 270 317 478 137 263 297 328 196 372 140 453
 251 349 279 387  70 275  12  89 109 208 216 380  19 243  73 417 186 257
  46 454   9 482 474 446 130  37 244 441 491  27 197 143  64 418  66 162
 324 347  60 383  28 182  45 311 450 369 377 488   2 168 170  50  26 189
 425 115 471 316 228 159  51 122 199 472 145 355 428 334 151 133 492 298
 245 333  75  14  79 412 473 187  90 475  25 487 365 207 354 141 485 448
  95 190 255  97 237 304 306 293 212 302   6 248  52 438 204 226 239 457
 381 238 265  69 281 203 290  99  93 466 155 307  42 163 309  55 185 285
  43 278 202 299 292 313 104 272 139 376  21 413 123  91  86 192 280 296
  61 390   8 149 224 282 276 171 444 217 169 464  71 364 158 195 394 230
 154 184 423 368 480 300 384 114  17   1 144  40 252 357 206  58 406 343
 433 396  77 100 118 261 219 414 341 337 286 213 172 335 200  22 470 136
  33 319 351 305 481 117 167 393   3 273 434  36 119 459 178   4 223  30
 410 175 385 138 177  96  15 440  65 366  49 148 477 322 120 218 494 288
 430 467 201 157 404 254 108 260 340 443 134 225  85 110  31 105 331 209
 499  92 131 247 458 402 253 388 395 262 363 399 310 246  39]
Value - initial: 33135450, final: 2056959, improveup: 16.1089501541

data-line;i;33135450;f;2056959;t;5.9021730423;c;-2;fv;[2056959L];cv;-1;imp;16.1089501541;type;rvnd;inum;4;w;1

time;5.9021730423;man_time;0;neigh_time;0
man_time;0;man_merge_sol;0;man_best_sol;0;man_combine_sol;0

Waiting [0]
Terminating workers True 0 0
MPI TERMINATING
