pydf_home: /home/rodolfo/git/Sucuri
simple_pycuda_home: /home/rodolfo/git/simple-pycuda
wamca2016path: /home/rodolfo/git/wamca2016/
localpath: /home/rodolfo/git/dvnd-df/code/dvnd-df/src/
WAMCAPATH:/home/rodolfo/git/wamca2016/
param: {solution_index:5, solution_instance_index:14, multi_gpu:True, goal:False, problem_name:ml, number_of_moves:10, device_count:2, solver:rvnd, mpi_enabled:True, workers:1}
Using already created file:  wamca2016lib.so
Size: 657 - file name: 06_d657.tsp

Value - initial: 279548739-[569  73 406 136  15 403 430 131 101  81 484 281 144 611 108  48 436 580
 577 335 487 543 148 251 141 395 511 510 509 169  51 590 253 621 383 402
 405 234 476 624 225  52 535 435  17 119 635 374 608 451 252 549 298 488
  95 142 612 595 428 224 517 482   6 562 388 450  30 420 389 601 306 497
 163 118 256   8 301 585 373 589 486 121  58 147 235 578 290 303  35 508
 181  90 356 593 231 481 364 411 456 429 338 465 279 505 587  66  78 314
 584 357 145 208 453 305 291 331 478 438 446 260 404 491 463 194 350 210
 414 334  19 246 617 556 641 653  62  72 462 501 412  11 540 656 206 134
 614 363 393 581 427 434 365 396 439 172 573  42 442 471 654 531 432 609
 261 602 295 650 267 133 459 413 190  31 217  57 176 257 211 618 137  70
 345 202 243 567  75  23   1 392 323 342  83 307 219 159 332 271 370  46
 193 247 347 186 348 354 263 125 215 522 151 122 651 479  32 391 489 124
 632 269 178 313 114 566 105 461 457 494 586 504 167 250 104 294 394 643
 468  55 280  79 384 229 171  97 627 201 625 195  29  38 513 138 597 385
 299 369 162 644 437 443 415 272 353 419 603  71 248 622 558 616 571  64
 400 242 382 343   3 431 381  54 187 645 496 417 164 646 626 542 166 555
 112 526 423 276  84  89 515 490 310 311 240 539 325 127 209 110  14 579
  44  80  10 223 444 245 109 297 158  86 454 521 230 113 103 380 441 366
 155  74  99 533 541 153 326  60  88 237 188 344 316 399 527  36 320 362
 115  20 422 572  22 156 445 278 160 379 525 458  45 174 372 639 275 568
 341 284  92 409 466   2 232 289  18 140 596 407 126 495 333 575 387  25
 180 475 368 528 447 507 559  33 254   0 198 116 544  28 177 358 467 637
 282 570 523  43 268 173  26 228 628 546 460 213 512 640   4  34 185 265
 200 150 375 538 398 529 480 545 530 607 418  67 339 249  82  53 532 492
 102 135 221 266 317 448  61 319 239  49  85 410 452 244 371 199 500 642
 143 216 520 648 355  16 416   7 483 440 293 258 620 560 205 170 469 296
 204 351 183 449 604 547 477 100 165 615 588 408 120 565 238  56 337  24
 557 377 340 610  50 433 652 550 318 107 594 574  12 352 536 647 561 360
 493 630 128 302  39 236 191 376 192 583 638  76 203 455 312 220  63 591
 359 175 378  65 390 146 179 346 285 218 349 315  87  47 139 629 631 277
 222 227 425  59 212  21 321 499 516 649 132   5 474   9 554 548 503 605
 274 197 184 592 606 304 327 514 537 424 524 655 329 288 636 464 129 619
 226 283  77 300 130 473 361 633 564 264 472 207  98 470 401  93 426 117
 324 397 196 330 154 255 287 498  27 623 322 552 123  69 273 563 599 182
  94 598 262 168 553 309 189 286 259  37 518  40 214 241 576 506 502  13
 519  91 613 485 534 233 292  41 270 149  96  68 367 600 111 328 152 421
 161 551 634 582 386 106 157 336 308] - 279548739
Solver: RVND, number of workers: 1
Setting feeder affinity
I am the master. There are 1 mpi processes. (hostname = gpu01)
Roots [<pyDF.nodes.Feeder object at 0x7f60b9845ad0>]
Starting 0
Main loop
I am worker 0
GPU0
set random seed!
Initial: 279548739-[569  73 406 136  15 403 430 131 101  81 484 281 144 611 108  48 436 580
 577 335 487 543 148 251 141 395 511 510 509 169  51 590 253 621 383 402
 405 234 476 624 225  52 535 435  17 119 635 374 608 451 252 549 298 488
  95 142 612 595 428 224 517 482   6 562 388 450  30 420 389 601 306 497
 163 118 256   8 301 585 373 589 486 121  58 147 235 578 290 303  35 508
 181  90 356 593 231 481 364 411 456 429 338 465 279 505 587  66  78 314
 584 357 145 208 453 305 291 331 478 438 446 260 404 491 463 194 350 210
 414 334  19 246 617 556 641 653  62  72 462 501 412  11 540 656 206 134
 614 363 393 581 427 434 365 396 439 172 573  42 442 471 654 531 432 609
 261 602 295 650 267 133 459 413 190  31 217  57 176 257 211 618 137  70
 345 202 243 567  75  23   1 392 323 342  83 307 219 159 332 271 370  46
 193 247 347 186 348 354 263 125 215 522 151 122 651 479  32 391 489 124
 632 269 178 313 114 566 105 461 457 494 586 504 167 250 104 294 394 643
 468  55 280  79 384 229 171  97 627 201 625 195  29  38 513 138 597 385
 299 369 162 644 437 443 415 272 353 419 603  71 248 622 558 616 571  64
 400 242 382 343   3 431 381  54 187 645 496 417 164 646 626 542 166 555
 112 526 423 276  84  89 515 490 310 311 240 539 325 127 209 110  14 579
  44  80  10 223 444 245 109 297 158  86 454 521 230 113 103 380 441 366
 155  74  99 533 541 153 326  60  88 237 188 344 316 399 527  36 320 362
 115  20 422 572  22 156 445 278 160 379 525 458  45 174 372 639 275 568
 341 284  92 409 466   2 232 289  18 140 596 407 126 495 333 575 387  25
 180 475 368 528 447 507 559  33 254   0 198 116 544  28 177 358 467 637
 282 570 523  43 268 173  26 228 628 546 460 213 512 640   4  34 185 265
 200 150 375 538 398 529 480 545 530 607 418  67 339 249  82  53 532 492
 102 135 221 266 317 448  61 319 239  49  85 410 452 244 371 199 500 642
 143 216 520 648 355  16 416   7 483 440 293 258 620 560 205 170 469 296
 204 351 183 449 604 547 477 100 165 615 588 408 120 565 238  56 337  24
 557 377 340 610  50 433 652 550 318 107 594 574  12 352 536 647 561 360
 493 630 128 302  39 236 191 376 192 583 638  76 203 455 312 220  63 591
 359 175 378  65 390 146 179 346 285 218 349 315  87  47 139 629 631 277
 222 227 425  59 212  21 321 499 516 649 132   5 474   9 554 548 503 605
 274 197 184 592 606 304 327 514 537 424 524 655 329 288 636 464 129 619
 226 283  77 300 130 473 361 633 564 264 472 207  98 470 401  93 426 117
 324 397 196 330 154 255 287 498  27 623 322 552 123  69 273 563 599 182
  94 598 262 168 553 309 189 286 259  37 518  40 214 241 576 506 502  13
 519  91 613 485 534 233 292  41 270 149  96  68 367 600 111 328 152 421
 161 551 634 582 386 106 157 336 308]
Final time: 7.96721100807s - Best: 15085660-[569 568 562 561 628 552 545 546 547 548 553 554 555 557 550 549 543 551
 556 559 509 508 133 136 160 152 145 144 134 123 110 111 107 100  96  94
  89  88  87  95 108 109 127 124 505 506 125 126 507 503 501 500 495 492
 489 484 488 487 481 480 485 486 490 496 498 497 494 491 483  67  76  83
  82  75  81 106 122 112 105 121 149 154 147 148 139 120 104  90  70  80
  71  66  61  47  43  38  42  46  58  55  59  57  52  48  40  28  20  17
  13  16  15  14  21  24  32  33  35  36  39  41  44  45  63  68  73  77
  84  74  54  49  50  65  72  69  86  92  99 113 119 103 118 114 102  91
  97  98  93 115 101 116 128 130 137 132 140 155 168 172 178 185 195 197
 199 198 191 186 180 181 187 165 157 171 169 161 170 215 221 232 241 260
 251 247 227 252 268 270 276 300 310 311 304 305 312 318 333 351 357 368
 374 379 384 412 407 403 394 402 406 413 425 419 424 431 423 432 435 430
 436 422 397 388 370 364 348 342 334 324 323 340 335 345 361 347 341 322
 317 307 298 290 271 261 253 239 230 220 238 235 231 210 163 156 141 117
 131 138 129 142 162 164 190 196 206 209 217 218 234 263 264 288 293 299
 303 308 309 321 325 349 350 369 365 377 386 373 378 396 395 385 376 366
 359 363 352 332 338 344 353 329 315 314 286 283 274 272 277 291 284 259
 255 243 228 224 226 250 242 219 207 214 208 184 177 179 166 158 150 143
 153 167 151 146 176 192 188 175 135 504 502 499 493 482 472 471  56  62
  51 470 467 465 461 458 464 468 466 462 463 469  34  37  31  30  27  26
  25  23 440 441 443 447 446 442 449 448 453 450 452 451 454 455 460 459
 473 456 457 475 474 527 526 525 524 530 533 529 523 522 521 520 519 477
 476 479 478 515 514 518 517 516 513 512 542 541 540 539 538 531 532 535
 534 537 536 639 638 640 641 637 636 634 635 633 632 631 630 629 544 558
 563 560 564 565 566 570 567 511 510 159 182 173 183 194 200 205 203 189
 174 193 211 233 244 256 267 282 285 278 281 301 295 302 319 330 343 354
 360 355 331 306 297 296 280 592 279 598 600 607 610 606 605 601 595 589
 586 581 246 257 266 258 273 265 245 222 216 212 213 580 229 201 202 574
 573 577 576 583 584 585 588 587 590 593 599 603 604 609 614 621 623 625
 624 619 613 615 616 617 618 620 622 408 427 426 393 381 383 380 375 418
 428 411 417 429 434 433 410 414 405 401 387 346 372 391 398 389 400 404
 415 421 439 437 438 420 409 416 390 399 371 289 262 240 225 236 248 254
 275 287 292 294 326 320 358 327 339 328 313 392 382 367 362 316 336 356
 337 608 612 611 602 594 597 596 591 582 578 579 575 656 572 571 626 655
 654 627 653 652 651 650 649 648 647 645 646 644 643 642 528  29  22 445
 444  19  18  12  11   9   8  10   1   2   3   4   5   6  78  79  64  60
  53   7  85 204 223 249 269 237   0]
Value - initial: 279548739, final: 15085660, improveup: 18.5307596088

data-line;i;279548739;f;15085660;t;7.96721100807;c;-2;fv;[15085660L];cv;-1;imp;18.5307596088;type;rvnd;inum;5;w;1

time;7.96721100807;man_time;0;neigh_time;0
man_time;0;man_merge_sol;0;man_best_sol;0;man_combine_sol;0

Waiting [0]
Terminating workers True 0 0
MPI TERMINATING
