pydf_home: /home/rodolfo/git/Sucuri
simple_pycuda_home: /home/rodolfo/git/simple-pycuda
wamca2016path: /home/rodolfo/git/wamca2016/
localpath: /home/rodolfo/git/dvnd-df/code/dvnd-df/src/
WAMCAPATH:/home/rodolfo/git/wamca2016/
param: {solution_index:0, solution_instance_index:12, multi_gpu:True, goal:False, problem_name:ml, number_of_moves:10, device_count:2, solver:rvnd, mpi_enabled:True, workers:1}
Using already created file:  wamca2016lib.so
Size: 52 - file name: 01_berlin52.tsp

Value - initial: 852143-[ 4 48 12 15 33 10 36  1 24  6 26  9 47 27 30 43 38 34 46  3 22 49 25 37 28
 50 51 39 32 20 41  5 23 42  7 29 44  2 14 21  8 35 11 19 13 17 45 18 31 40
  0 16] - 852143
Solver: RVND, number of workers: 1
Setting feeder affinity
I am the master. There are 1 mpi processes. (hostname = gpu01)
Roots [<pyDF.nodes.Feeder object at 0x7fd8b0cbdad0>]
Starting 0
Main loop
I am worker 0
GPU0
set random seed!
Initial: 852143-[ 4 48 12 15 33 10 36  1 24  6 26  9 47 27 30 43 38 34 46  3 22 49 25 37 28
 50 51 39 32 20 41  5 23 42  7 29 44  2 14 21  8 35 11 19 13 17 45 18 31 40
  0 16]
Final time: 1.34608483315s - Best: 146973-[ 4 23 47 36 38 39 37 14  5  3 24 45 43 33 34 35 48  0 21 30 17  2 20 41  6
  1 29 22 19 49 15 31 44 18 40  7  8  9 42 32 50 11 27 25 26 12 13 51 10 46
 28 16]
Value - initial: 852143, final: 146973, improveup: 5.79795608717

data-line;i;852143;f;146973;t;1.34608483315;c;-2;fv;[146973L];cv;-1;imp;5.79795608717;type;rvnd;inum;0;w;1

time;1.34608483315;man_time;0;neigh_time;0
man_time;0;man_merge_sol;0;man_best_sol;0;man_combine_sol;0

Waiting [0]
Terminating workers True 0 0
MPI TERMINATING
