pydf_home: /home/rodolfo/git/Sucuri
simple_pycuda_home: /home/rodolfo/git/simple-pycuda
wamca2016path: /home/rodolfo/git/wamca2016/
localpath: /home/rodolfo/git/dvnd-df/code/dvnd-df/src/
WAMCAPATH:/home/rodolfo/git/wamca2016/
param: {solution_index:7, solution_instance_index:23, multi_gpu:True, goal:False, problem_name:ml, number_of_moves:10, device_count:2, solver:rvnd, mpi_enabled:True, workers:1}
Using already created file:  wamca2016lib.so
Size: 1001 - file name: 08_TRP-S1000-R1.tsp

Value - initial: 130245111-[252 903 483 ...,  93 475 939] - 130245111
Solver: RVND, number of workers: 1
Setting feeder affinity
I am the master. There are 1 mpi processes. (hostname = gpu01)
Roots [<pyDF.nodes.Feeder object at 0x7fcfcff21ad0>]
Starting 0
Main loop
I am worker 0
GPU0
set random seed!
Initial: 130245111-[252 903 483 ...,  93 475 939]
Final time: 42.3487598896s - Best: 5727732-[252 760 970 ..., 661  63 518]
Value - initial: 130245111, final: 5727732, improveup: 22.7393863749

data-line;i;130245111;f;5727732;t;42.3487598896;c;-2;fv;[5727732L];cv;-1;imp;22.7393863749;type;rvnd;inum;7;w;1

time;42.3487598896;man_time;0;neigh_time;0
man_time;0;man_merge_sol;0;man_best_sol;0;man_combine_sol;0

Waiting [0]
Terminating workers True 0 0
MPI TERMINATING
