pydf_home: /home/rodolfo/git/Sucuri
simple_pycuda_home: /home/rodolfo/git/simple-pycuda
wamca2016path: /home/rodolfo/git/wamca2016/
localpath: /home/rodolfo/git/dvnd-df/code/dvnd-df/src/
WAMCAPATH:/home/rodolfo/git/wamca2016/
param: {solution_index:2, solution_instance_index:74, multi_gpu:True, goal:False, problem_name:ml, number_of_moves:10, device_count:2, solver:rvnd, mpi_enabled:True, workers:1}
Using already created file:  wamca2016lib.so
Size: 226 - file name: 03_pr226.tsp

Value - initial: 183451978-[  1 225  92 155 169 170 145  59  11 122 171  74 119  84  53   6 131 153
 200  24 164 103   3  27  90  25  76 199 210 104  60 110  40 206 123  73
  49  29  62  68 134  82  38 174  36 152 211 130 139 144 180  95 184 156
 161  19  80   4 224 127  30 149 212 147  54  32 102 217 111  55 105   5
 116  85 195  44   8 202   9 177  65 117  67  70 166 193 223 115  52  16
 187 137 162  93  17 190  22  34 179  66 148 191 109 213 108  43  46 120
   7  57 151  12 215 204  10 181 146  35  87  31 124 183 126  20  98  64
  88  26 209 214 178  81 172 167  75 140  21 159  37  45 189 198 192 143
 205  77  13 168 113  83  72 125  58 207 175 154 222 107 158  23 218 196
 132 138  41 221 194 186   0  79  28 118 176  51  56  39  18 182 106  61
 101  89  69  86 112 197 157  48 185  97 165  14 100  47  96  50   2 114
  42 219  94 150 160 216 128 163 133 142  91  15  78 201 129 136 188 203
  33 208 141 173 135 220 121  71  63  99] - 183451978
Solver: RVND, number of workers: 1
Setting feeder affinity
I am the master. There are 1 mpi processes. (hostname = gpu01)
Roots [<pyDF.nodes.Feeder object at 0x7f0739337ad0>]
Starting 0
I am worker 0
Main loop
GPU0
set random seed!
Initial: 183451978-[  1 225  92 155 169 170 145  59  11 122 171  74 119  84  53   6 131 153
 200  24 164 103   3  27  90  25  76 199 210 104  60 110  40 206 123  73
  49  29  62  68 134  82  38 174  36 152 211 130 139 144 180  95 184 156
 161  19  80   4 224 127  30 149 212 147  54  32 102 217 111  55 105   5
 116  85 195  44   8 202   9 177  65 117  67  70 166 193 223 115  52  16
 187 137 162  93  17 190  22  34 179  66 148 191 109 213 108  43  46 120
   7  57 151  12 215 204  10 181 146  35  87  31 124 183 126  20  98  64
  88  26 209 214 178  81 172 167  75 140  21 159  37  45 189 198 192 143
 205  77  13 168 113  83  72 125  58 207 175 154 222 107 158  23 218 196
 132 138  41 221 194 186   0  79  28 118 176  51  56  39  18 182 106  61
 101  89  69  86 112 197 157  48 185  97 165  14 100  47  96  50   2 114
  42 219  94 150 160 216 128 163 133 142  91  15  78 201 129 136 188 203
  33 208 141 173 135 220 121  71  63  99]
Final time: 2.55860996246s - Best: 7456452-[  1   2   3   4   5   6   8   9  13  14  10  11  12  70  67  68  69 102
 110 111 104 103 112 113 105 106 114 115 107 108 116 117 109 125 118 119
 127 126 120 121 128 130 122 123 129 131 124 225 224 223 222 221 220 219
 218 217 216 215 214 213 212 211 210 209 208 207 206 205 204 203 202 201
 200 199 198 197 196 195 194 193 192 191 190 132 133 134 135 189 188 187
 186 185 184 183 182 181 180 179 178 177 176 175 174 173 172 171 170 169
 168 167 166 165 164 163 162 161 160 159 158 157 156 155 154 153 152 151
 150 145 144 146 148 147 149 142 141 140 139 138 137 136 143  93 101 100
  92  91  99  98  90  89  97  96  87  88  95  86  94  62  61  60  59  58
  57  56  55  54  53  52  51  50  49  48  47  32  31  30  35  44  45  43
  36  34  33  29  28  27  26  25  24  23  22  21  20  19  18  17  16  15
   7   0  72  73  74  75  76  77  78  79  80  81  82  83  84  85  71  66
  64  65  63  46  42  41  38  37  40  39]
Value - initial: 183451978, final: 7456452, improveup: 24.6031192852

data-line;i;183451978;f;7456452;t;2.55860996246;c;-2;fv;[7456452L];cv;-1;imp;24.6031192852;type;rvnd;inum;2;w;1

time;2.55860996246;man_time;0;neigh_time;0
man_time;0;man_merge_sol;0;man_best_sol;0;man_combine_sol;0

Waiting [0]
Terminating workers True 0 0
MPI TERMINATING
