pydf_home: /home/rodolfo/git/Sucuri
simple_pycuda_home: /home/rodolfo/git/simple-pycuda
wamca2016path: /home/rodolfo/git/wamca2016/
localpath: /home/rodolfo/git/dvnd-df/code/dvnd-df/src/
WAMCAPATH:/home/rodolfo/git/wamca2016/
param: {solution_index:5, solution_instance_index:77, multi_gpu:True, goal:False, problem_name:ml, number_of_moves:10, device_count:2, solver:rvnd, mpi_enabled:True, workers:1}
Using already created file:  wamca2016lib.so
Size: 657 - file name: 06_d657.tsp

Value - initial: 276815090-[308  77 127 524 317 396 310 654 284 475 353 519  70 116 373 616 435  45
 141 241 484 218 133 649 128 189  47 598 376 556 608 560 604 107 227  28
 581 216  50 392 428 164 426 402 143 137 351 388 577 147 545 331 382 552
  37 287 597 309 140 568 283 557  33   0 513  42 589 639 222  72 387 617
 356 270 200 124 106 465 280 434 117 414 636  96 172 251 446 186 125 185
 462 108  20  89 377 120 404 413 606 453 640 215 272 550  84 336  56  75
 648 275  23   4  44 478 115 476 291 522 311 390 368  38 419 637 370 591
 122 595 442 257  12 389 386  76 592 339 397 633 114 576  80 588 540 273
 139 239 248 472 431 520  17 256 403 118 641 343 632 542 554 364 316 582
 238  85  11 532 514 170  65 352 504   6  48  57 418 622 546 380 391 197
 405 225 201 129 293 159 367 109 173 324 258 565 570 527 614 647  58 253
 175 400 223 365  93 459 473 494  13  46 496 541  61 236 529 548  92 511
  94 340 417  15 619 264 163 119 169 602 572 262   9  31 282 274 517 596
 328 344  10 204 288   7 180 154 358 342  74 441 394 407 492 429 285 307
 211 463 337 277 166 171 195 208 214 224 323 440 599 526 281 332 333 245
 501 341 600 609 624  98 564 507 269 483 534 401 255 254 192 104 146  81
 181 148 235 482 259 174 183 297 321 629  64 303 263 121 578 479 278  88
 233 432 359 244 486 406  16 512 177 210 130 266  62 510 187 198 601 319
 424  41 580 421 295 383  14 232   2  87 363  95 466 571 518 302 131 371
 567 338 467 334 477 220 561 234 228  24 573 603 327 349 271 631 196 574
 138 132 422 461 162  22 157 193 464 644 456 135 398 505 480 502 544 299
 547 361 587 531 167  27 217 298 443 150 252 357 178 460 506 635 199 372
 374 584 300 261 497 315 103 559 509 312  32 194  55 457 375 621 530 420
 612 523 158 304  30  67 160 515 605 516 650 318 610 182 438 347 305 249
  71 500 168 329 350 452 490  40 112  35 230 468 314 306 579 296 346 536
 188 521 229 415 335 184 627 470 395 290 322 630 348 126 575 294 360 474
 206 590 207 508 292 379  25 646 231 583 212 100 585  51 101 152 202 113
 190  21 444  39 301 638 569 330 378 267 409 123 623 110 237  66  19 615
 528 219  78 488  83 276 203 495 451 326 471 156 320 410 423 412 243 563
 566 134 656 145  82 313 354 366 153 242 651 493 593  73 436  59 345  90
 355 553 445 384   3 634 144 455 652 411   8 221  86 149 586 191 499 240
 260 551 487 538 498 645 454 425 246 209 449 205 362  54 611 607 618 430
 448  68 399 102 105 481 385 594  52 562 427 503 247 613 155 176 558 286
 437 643 369 535 458 625  26 265 628 549  36  49 626 165   5  91 491 525
 543 485 469  18 393 533  69 655 433  53 289 620 325 250   1 537  43  63
  99  97 450 642 151  60 111 555 539 439 279 161 408  29  34 447 268 381
  79 213 489 226 653 142 416 136 179] - 276815090
Solver: RVND, number of workers: 1
Setting feeder affinity
I am the master. There are 1 mpi processes. (hostname = gpu01)
Roots [<pyDF.nodes.Feeder object at 0x7f61ff462ad0>]
Starting 0
Main loop
I am worker 0
GPU0
set random seed!
Initial: 276815090-[308  77 127 524 317 396 310 654 284 475 353 519  70 116 373 616 435  45
 141 241 484 218 133 649 128 189  47 598 376 556 608 560 604 107 227  28
 581 216  50 392 428 164 426 402 143 137 351 388 577 147 545 331 382 552
  37 287 597 309 140 568 283 557  33   0 513  42 589 639 222  72 387 617
 356 270 200 124 106 465 280 434 117 414 636  96 172 251 446 186 125 185
 462 108  20  89 377 120 404 413 606 453 640 215 272 550  84 336  56  75
 648 275  23   4  44 478 115 476 291 522 311 390 368  38 419 637 370 591
 122 595 442 257  12 389 386  76 592 339 397 633 114 576  80 588 540 273
 139 239 248 472 431 520  17 256 403 118 641 343 632 542 554 364 316 582
 238  85  11 532 514 170  65 352 504   6  48  57 418 622 546 380 391 197
 405 225 201 129 293 159 367 109 173 324 258 565 570 527 614 647  58 253
 175 400 223 365  93 459 473 494  13  46 496 541  61 236 529 548  92 511
  94 340 417  15 619 264 163 119 169 602 572 262   9  31 282 274 517 596
 328 344  10 204 288   7 180 154 358 342  74 441 394 407 492 429 285 307
 211 463 337 277 166 171 195 208 214 224 323 440 599 526 281 332 333 245
 501 341 600 609 624  98 564 507 269 483 534 401 255 254 192 104 146  81
 181 148 235 482 259 174 183 297 321 629  64 303 263 121 578 479 278  88
 233 432 359 244 486 406  16 512 177 210 130 266  62 510 187 198 601 319
 424  41 580 421 295 383  14 232   2  87 363  95 466 571 518 302 131 371
 567 338 467 334 477 220 561 234 228  24 573 603 327 349 271 631 196 574
 138 132 422 461 162  22 157 193 464 644 456 135 398 505 480 502 544 299
 547 361 587 531 167  27 217 298 443 150 252 357 178 460 506 635 199 372
 374 584 300 261 497 315 103 559 509 312  32 194  55 457 375 621 530 420
 612 523 158 304  30  67 160 515 605 516 650 318 610 182 438 347 305 249
  71 500 168 329 350 452 490  40 112  35 230 468 314 306 579 296 346 536
 188 521 229 415 335 184 627 470 395 290 322 630 348 126 575 294 360 474
 206 590 207 508 292 379  25 646 231 583 212 100 585  51 101 152 202 113
 190  21 444  39 301 638 569 330 378 267 409 123 623 110 237  66  19 615
 528 219  78 488  83 276 203 495 451 326 471 156 320 410 423 412 243 563
 566 134 656 145  82 313 354 366 153 242 651 493 593  73 436  59 345  90
 355 553 445 384   3 634 144 455 652 411   8 221  86 149 586 191 499 240
 260 551 487 538 498 645 454 425 246 209 449 205 362  54 611 607 618 430
 448  68 399 102 105 481 385 594  52 562 427 503 247 613 155 176 558 286
 437 643 369 535 458 625  26 265 628 549  36  49 626 165   5  91 491 525
 543 485 469  18 393 533  69 655 433  53 289 620 325 250   1 537  43  63
  99  97 450 642 151  60 111 555 539 439 279 161 408  29  34 447 268 381
  79 213 489 226 653 142 416 136 179]
Final time: 9.56296896935s - Best: 14026656-[308 303 299 293 288 264 263 271 261 253 239 230 220 206 218 217 209 199
 198 197 195 191 186 180 185 178 172 168 155 140 132 101 116 128 130 137
 142 129 138 131 117   6  78  79  64  60  53  41  39  36  35  33  32  24
  21  14  15  20  16  17  13  18  19 444 445 447 446 443 441 442 449 448
 451 454 452 450 453 458 464 468 466 462 463 469  34  37  31  30  27  26
  25 440  23  22  29  40  50  54  49  44  45  63  68  73  77  84  74  93
  91  97  98 115 102 114 118 119 103  85  72  65  57  52  48  59  55  46
  42  38  43  47  61  66  71  80  75  81 106 112 122 143 150 158 166 153
 167 151 176 192 188 144 145 127 124 505 109  95  87  88 108 123 110 111
 107 100  96  82  94  89  83  76  67  56  62  51 470 467 465 461 460 459
 455 473 456 457 475 476 477 478 479 472 482 491 494 497 498 496 490 486
 485 480 481 487 488 489 492 495 500 501 503 502 499 504 506 125 135 152
 160 174 189 182 173 183 194 200 201 202 580 229 246 257 266 258 273 280
 297 296 302 295 301 319 330 343 354 360 381 383 380 375 367 362 353 344
 338 329 315 314 286 283 274 272 277 291 284 259 255 243 228 224 226 242
 250 270 276 300 310 311 304 305 312 318 333 357 351 358 373 378 396 395
 385 376 374 368 366 379 384 394 403 407 412 413 406 402 410 414 405 401
 386 377 365 369 350 326 320 294 292 287 275 254 248 236 225 215 221 232
 241 247 251 260 268 252 227 219 214 208 207 179 184 177 154 149 121 105
 104  90  86  92  99 113 120 139 148 147 161 170 171 169 157 165 187 181
 162 164 190 196 210 231 235 238 262 289 290 298 307 317 322 335 345 341
 347 361 340 346 323 324 334 309 321 325 342 348 364 370 388 397 422 436
 430 435 432 423 431 424 419 425 433 434 429 417 411 382 392 363 352 359
 339 328 313 332 316 285 278 281 265 245 222 216 212 205 203 193 159 510
 509 508 133 136 507 126 493 484 514 515 519 520 521 527 526 525 522 524
 530 533 523 529 531 532 535 534 536 537 538 539 540 541 518 517 516 513
 512 528 559 556 551 550 549 543 547 548 553 558 554 555 557 566 565 563
 560 564 561 562 628 552 546 545 544 631 632 633 635 634 638 639 640 641
 637 636 630 629 651 650 649 652 653 654 655 626 572 568 569 571 573 577
 576 583 584 585 588 587 590 593 599 603 604 609 611 602 594 597 596 591
 582 578 581 586 589 600 598 279 592 306 331 356 337 607 610 606 605 601
 595 608 613 615 616 617 618 620 622 408 427 426 393 355 336 282 267 256
 244 233 249 223 327 387 349 389 400 404 415 421 439 398 391 372 409 420
 437 438 416 390 399 371 269 237 163 156 141   5   4   3   2   1  10   8
   9   7  11  12  28  69  70  58 471 483 134 146 175 211 213 511 567 570
 574 612 619 624 625 623 621 614 579 575 656 627 648 647 645 646 644 643
 642 542 474 204 234 240 428 418   0]
Value - initial: 276815090, final: 14026656, improveup: 19.7349311197

data-line;i;276815090;f;14026656;t;9.56296896935;c;-2;fv;[14026656L];cv;-1;imp;19.7349311197;type;rvnd;inum;5;w;1

time;9.56296896935;man_time;0;neigh_time;0
man_time;0;man_merge_sol;0;man_best_sol;0;man_combine_sol;0

Waiting [0]
Terminating workers True 0 0
MPI TERMINATING
