pydf_home: /home/rodolfo/git/Sucuri
simple_pycuda_home: /home/rodolfo/git/simple-pycuda
wamca2016path: /home/rodolfo/git/wamca2016/
localpath: /home/rodolfo/git/dvnd-df/code/dvnd-df/src/
WAMCAPATH:/home/rodolfo/git/wamca2016/
param: {solution_index:5, solution_instance_index:62, multi_gpu:True, goal:False, problem_name:ml, number_of_moves:10, device_count:2, solver:rvnd, mpi_enabled:True, workers:1}
Using already created file:  wamca2016lib.so
Size: 657 - file name: 06_d657.tsp

Value - initial: 284532068-[224 449 527 243 588 504 405 554 239 462  20 388 506  12  33 516  73 590
 191 647 181 288 128 316  48 279  89 625 621 358 347 413 232 607  22 164
 407 114 170 344 437 622 200 254  36 300 489 207 145 357 221 573 458 295
 512 284 605 395 408 225 246  23 325  42 188 109 483  17 390 313 112   1
 485 198 559 255  47 307 367 653  79  92 570 591 490 438 592 500 298 496
  27 411 214 257 141 479  49  82 615 427 424  41 518 115 110 355 318 473
 234 560 603  68   4 143   2  84 311 517  14 280 586 185 267 348 156 580
 400 566 287 199 652 265 351 206 228  28 601 271 210 579 422 396 356 320
 465 582 542 480 585 651 583  71 261 187 372 251 376 171 374 563 107 132
 463 135 628 148 620 528  10 538 363  52 558 283 614 475 226 464 179 532
 611 175 133 236 451 286 209 448 547 240 250 533 556 350 646 336 339  51
 421 364 541 414 419 264 105 282 514  76 262 508  54 380 543 297 379 208
  56 572 460 215 436 330 412 596 149 103 443 378 423 113  40 272 332 391
  38 633 119 100 326 382   3 564 495 576 117 343 654 237 595 562 402 147
 415 139 624 557  74 650 406 242 253 636 639 488 453 553 540  29  86 477
 649 342 387 613 604 177  58 273 497 509 118 631 452 278 546 623 474 377
 431 498  34 194 574 484 446 531  90 161  39 296  21 522 511 549  77 319
  32 340 365 306  83 106 369  78 571 258 140 155 227 535 499 229  13 441
 299 157   7  19 166  59 359 471 609 627 222 616 173 108 333 277  53  65
 352 169 612 368 361 154 309 565 252 335  26 104 461 635  88  44 587 125
 618 366 158 410 360 323 442 167 331 193 630 216  16 393 392  37  69 256
 398 455 626 567 238 131 643  63  55 432 213 645 341 176 195 303 519 397
 561 275  43  61 525 551 493 629 575 610 302 159 314 196 425  62  35 310
 648 354 600 146 134 281 337 151 381 394 494 168 235 290 180 241 308 510
 555 249 505 403 503 276   0 120  91  85 450  96  95 345 608 641 589 568
  15 426 640 322 160 501 362 163 129 219 385 274 203 102 285 644 292 487
 602  50 183 619 513 268 269 428 584 220 634 577  75  18 142 266 247 205
 492 371 389  46 638 270 373 111 204 121 578 457 346 447 524 291 599   5
 466 520  25 476 544 370 327 162  93 502 315 459 338 467 186 192 482 481
 439 534 182 138 545 305 212 470 655 507 384 126   6 642 456 231 491 434
 202  80 353  11 515 223 153  66 386 189 401 259 637 190  72  97  70 174
 178 597 383 197 594 409 312 581 123 617 137 593 116 529 230 420 375   8
 444 127 293 537 165 435 152 598 329 606 429 440  60 248 136 263 433 632
 328  45 550 469 244 445 526 150 418 530 211 101  81 304  99 417 245 317
 404 334 122  57 172 321 294 324 454 130  94 523  67 124  31 472 552 201
 289 260 521 486 144 184 399 301 468  24 548  64   9  98 430  30 349 569
 233 536  87 218 656 217 478 416 539] - 284532068
Solver: RVND, number of workers: 1
Setting feeder affinity
I am the master. There are 1 mpi processes. (hostname = gpu01)
Roots [<pyDF.nodes.Feeder object at 0x7f63b9335ad0>]
Starting 0
Main loop
I am worker 0
GPU0
set random seed!
Initial: 284532068-[224 449 527 243 588 504 405 554 239 462  20 388 506  12  33 516  73 590
 191 647 181 288 128 316  48 279  89 625 621 358 347 413 232 607  22 164
 407 114 170 344 437 622 200 254  36 300 489 207 145 357 221 573 458 295
 512 284 605 395 408 225 246  23 325  42 188 109 483  17 390 313 112   1
 485 198 559 255  47 307 367 653  79  92 570 591 490 438 592 500 298 496
  27 411 214 257 141 479  49  82 615 427 424  41 518 115 110 355 318 473
 234 560 603  68   4 143   2  84 311 517  14 280 586 185 267 348 156 580
 400 566 287 199 652 265 351 206 228  28 601 271 210 579 422 396 356 320
 465 582 542 480 585 651 583  71 261 187 372 251 376 171 374 563 107 132
 463 135 628 148 620 528  10 538 363  52 558 283 614 475 226 464 179 532
 611 175 133 236 451 286 209 448 547 240 250 533 556 350 646 336 339  51
 421 364 541 414 419 264 105 282 514  76 262 508  54 380 543 297 379 208
  56 572 460 215 436 330 412 596 149 103 443 378 423 113  40 272 332 391
  38 633 119 100 326 382   3 564 495 576 117 343 654 237 595 562 402 147
 415 139 624 557  74 650 406 242 253 636 639 488 453 553 540  29  86 477
 649 342 387 613 604 177  58 273 497 509 118 631 452 278 546 623 474 377
 431 498  34 194 574 484 446 531  90 161  39 296  21 522 511 549  77 319
  32 340 365 306  83 106 369  78 571 258 140 155 227 535 499 229  13 441
 299 157   7  19 166  59 359 471 609 627 222 616 173 108 333 277  53  65
 352 169 612 368 361 154 309 565 252 335  26 104 461 635  88  44 587 125
 618 366 158 410 360 323 442 167 331 193 630 216  16 393 392  37  69 256
 398 455 626 567 238 131 643  63  55 432 213 645 341 176 195 303 519 397
 561 275  43  61 525 551 493 629 575 610 302 159 314 196 425  62  35 310
 648 354 600 146 134 281 337 151 381 394 494 168 235 290 180 241 308 510
 555 249 505 403 503 276   0 120  91  85 450  96  95 345 608 641 589 568
  15 426 640 322 160 501 362 163 129 219 385 274 203 102 285 644 292 487
 602  50 183 619 513 268 269 428 584 220 634 577  75  18 142 266 247 205
 492 371 389  46 638 270 373 111 204 121 578 457 346 447 524 291 599   5
 466 520  25 476 544 370 327 162  93 502 315 459 338 467 186 192 482 481
 439 534 182 138 545 305 212 470 655 507 384 126   6 642 456 231 491 434
 202  80 353  11 515 223 153  66 386 189 401 259 637 190  72  97  70 174
 178 597 383 197 594 409 312 581 123 617 137 593 116 529 230 420 375   8
 444 127 293 537 165 435 152 598 329 606 429 440  60 248 136 263 433 632
 328  45 550 469 244 445 526 150 418 530 211 101  81 304  99 417 245 317
 404 334 122  57 172 321 294 324 454 130  94 523  67 124  31 472 552 201
 289 260 521 486 144 184 399 301 468  24 548  64   9  98 430  30 349 569
 233 536  87 218 656 217 478 416 539]
Final time: 12.2522230148s - Best: 14396958-[224 228 243 255 259 250 242 226 219 214 208 207 166 158 153 143 150 179
 184 177 154 149 147 139 148 161 170 171 169 119 103 113  99  92  86  90
  80  71  66  61  47  43  38  42  46  37  34 469 468 466 464 462 463 442
 449 448 453 450 452 451 454 461 465 467 470  51  62  75  81 106 112 122
 111 107 100  96  82  76  83  89  94 108  88  87  95 109 127 124 505 498
 496 497 494 491 486 490 485 480 481 484 487 488 493 489 492 495 500 501
 503 502 499 504 506 125 135 152 160 174 193 203 205 212 216 222 245 265
 281 278 285 282 267 256 274 283 286 314 315 329 338 344 353 362 367 382
 392 363 352 359 366 384 379 376 374 368 357 351 333 318 312 305 304 311
 327 358 373 378 396 385 395 402 406 394 403 407 412 413 425 419 410 424
 431 423 414 405 401 386 377 365 369 387 388 397 370 364 348 342 325 321
 309 308 334 324 323 340 335 345 361 372 391 398 389 400 404 415 421 439
 437 420 409 416 390 347 341 322 317 307 298 290 289 262 238 235 231 210
 196 190 162 164 156 163 141 117 131 138 129 128 116 130 142 137 132 140
 155 168 172 178 185 186 180 181 191 195 197 198 199 209 217 218 206 220
 230 239 253 261 271 263 264 303 299 293 288 292 287 275 254 248 236 225
 232 241 247 251 260 268 276 270 252 227 221 215 204 187 165 157 118 114
 102 115  98  97  91  93  84  74  77  73  68  63  53  60  64  79  78   6
   5   4   3   2   1  10   8   9  11  12  14  15  16  13  17  20  28  21
  24  32  33  35  36  39  41  45  44  49  54  50  40  65  72  69  59  57
  52  48  55  30  27  29  22  18  19 444 445 447 446 443 441 440  23  25
  26  31 458 455 460 459 473 456 457 475 474 520 519 521 527 526 525 522
 524 530 533 523 529 531 532 535 534 536 537 538 539 540 541 542 543 549
 550 557 555 554 553 558 563 565 560 564 561 562 568 569 571 573 577 576
 583 584 585 587 590 593 599 603 604 609 611 602 597 596 595 601 605 606
 610 607 600 598 279 592 306 297 296 302 295 301 319 330 343 354 360 355
 331 337 356 615 616 617 618 620 622 408 427 426 393 381 383 380 375 336
 316 332 339 328 313 291 277 272 244 233 249 223 192 188 176 146 134 123
 110  67  56 471 483 482 472 479 476 477 478 515 514 518 517 516 513 512
 528 559 556 551 548 547 544 545 546 552 628 629 630 631 632 633 635 634
 636 637 638 639 640 641 642 643 644 646 645 647 648 649 650 651 652 653
 627 654 655 626 572 656 575 579 588 594 591 589 586 581 246 257 266 280
 273 258 229 580 213 202 201 200 194 183 173 182 189 159 510 509 508 133
 136 507 126 145 144 151 167 121 105  58  70 104 120 300 310 320 326 350
 349 422 436 430 435 432 433 434 429 417 411 428 418 613 619 624 625 623
 621 614 612 608 582 578 574 570 566 567 511 175 211 284 294 346 438 399
 371 269 237 234 240 101  85   7   0]
Value - initial: 284532068, final: 14396958, improveup: 19.7633463958

data-line;i;284532068;f;14396958;t;12.2522230148;c;-2;fv;[14396958L];cv;-1;imp;19.7633463958;type;rvnd;inum;5;w;1

time;12.2522230148;man_time;0;neigh_time;0
man_time;0;man_merge_sol;0;man_best_sol;0;man_combine_sol;0

Waiting [0]
Terminating workers True 0 0
MPI TERMINATING
