pydf_home: /home/rodolfo/git/Sucuri
simple_pycuda_home: /home/rodolfo/git/simple-pycuda
wamca2016path: /home/rodolfo/git/wamca2016/
localpath: /home/rodolfo/git/dvnd-df/code/dvnd-df/src/
WAMCAPATH:/home/rodolfo/git/wamca2016/
param: {solution_index:2, solution_instance_index:47, multi_gpu:True, goal:False, problem_name:ml, number_of_moves:10, device_count:2, solver:rvnd, mpi_enabled:True, workers:1}
Using already created file:  wamca2016lib.so
Size: 226 - file name: 03_pr226.tsp

Value - initial: 189008584-[159  97  56  14  11   0  62  80 161 197  70 148 220 187 116 221 128 121
  92   4 190 130 188 219 136  49  79 206  34 104 196 176 153  57  93 205
  55 223 166 142  81 123  53 115 177 213  72 184 211  12 186   7 204  45
  51 164  21  59   9 124 189 198  75  99  96 110   5  30  48  98  15   1
 117  64  19  33 208 129  54  41  18 199 218  88   2  46  60 203  40   8
 106  37 112 152  77 215 202  66 225 141 147  44  94  76  25 151 179 212
 157  73  84 173 167 156 113 158 155  61 169 119 111 149 132 209  39 133
 175 145  16  83  86 103  91 100 194 163  65   6  82 107  13  38 195 118
 109  29 138 154  95  42 174  71  24 178 180  20 200 191 182 140 222 168
 126 170  32 134 144 193 162 122 108 150  28  52 131 105 216 171 185 160
 217 181 120  90  35 165 101 139  87  74  27  89  58 135 114  31 137 183
 102  36 214 210 172  85  26  43 127  78  67 125  22  23  17 224   3  10
  50  69 201 207 146 143  63  68 192  47] - 189008584
Solver: RVND, number of workers: 1
Setting feeder affinity
I am the master. There are 1 mpi processes. (hostname = gpu01)
Roots [<pyDF.nodes.Feeder object at 0x7fa0aa2aaad0>]
Starting 0
Main loop
I am worker 0
GPU0
set random seed!
Initial: 189008584-[159  97  56  14  11   0  62  80 161 197  70 148 220 187 116 221 128 121
  92   4 190 130 188 219 136  49  79 206  34 104 196 176 153  57  93 205
  55 223 166 142  81 123  53 115 177 213  72 184 211  12 186   7 204  45
  51 164  21  59   9 124 189 198  75  99  96 110   5  30  48  98  15   1
 117  64  19  33 208 129  54  41  18 199 218  88   2  46  60 203  40   8
 106  37 112 152  77 215 202  66 225 141 147  44  94  76  25 151 179 212
 157  73  84 173 167 156 113 158 155  61 169 119 111 149 132 209  39 133
 175 145  16  83  86 103  91 100 194 163  65   6  82 107  13  38 195 118
 109  29 138 154  95  42 174  71  24 178 180  20 200 191 182 140 222 168
 126 170  32 134 144 193 162 122 108 150  28  52 131 105 216 171 185 160
 217 181 120  90  35 165 101 139  87  74  27  89  58 135 114  31 137 183
 102  36 214 210 172  85  26  43 127  78  67 125  22  23  17 224   3  10
  50  69 201 207 146 143  63  68 192  47]
Final time: 2.0136051178s - Best: 7096378-[159 158 157 156 155 154 160 161 162 163 164 165 166 167 168 169 170 171
 172 173 174 175 176 177 178 179 180 181 182 183 184 185 186 187 188 189
 190 191 192 193 194 195 196 197 198 199 200 201 202 203 204 205 206 207
 208 209 210 211 212 213 214 215 216 217 218 219 220 221 222 223 224 225
 124 131 129 123 122 130 128 121 120 126 127 119 118 125 117 109 108 116
 115 107 106 114 113 105 103 112 111 104 102 110  85  84  83  82  81  80
  79  78  77  76  75  74  73  72   0   1   2   3   4   5   6   7   8   9
  13  14  10  11  12  70  67  15  16  17  18  19  50  51  52  53  54  55
  56  57  58  59  60  61  62  94  86  88  95  96  87  89  97  98  90  91
  99 100  92  93 101 143 136 137 145 144 138 139 146 148 140 141 147 149
 142 135 134 133 132  48  47  32  31  30  35  44  45  43  36  34  33  29
  28  27  26  25  24  23  22  21  20  49  64  66  68  71  69  65  63  46
  42  41  38  37  39  40 153 152 151 150]
Value - initial: 189008584, final: 7096378, improveup: 26.6345146778

data-line;i;189008584;f;7096378;t;2.0136051178;c;-2;fv;[7096378L];cv;-1;imp;26.6345146778;type;rvnd;inum;2;w;1

time;2.0136051178;man_time;0;neigh_time;0
man_time;0;man_merge_sol;0;man_best_sol;0;man_combine_sol;0

Waiting [0]
Terminating workers True 0 0
MPI TERMINATING
