pydf_home: /home/rodolfo/git/Sucuri
simple_pycuda_home: /home/rodolfo/git/simple-pycuda
wamca2016path: /home/rodolfo/git/wamca2016/
localpath: /home/rodolfo/git/dvnd-df/code/dvnd-df/src/
WAMCAPATH:/home/rodolfo/git/wamca2016/
param: {solution_index:2, solution_instance_index:90, multi_gpu:True, goal:False, problem_name:ml, number_of_moves:10, device_count:2, solver:rvnd, mpi_enabled:True, workers:1}
Using already created file:  wamca2016lib.so
Size: 226 - file name: 03_pr226.tsp

Value - initial: 194004633-[ 74 200 213 159  40 176  68 216 146 107 209  64 106 136 141 157  73 174
 211  81 117 115 193  16 169  67  23  77  71  29  12 167 164  32  47 156
 124 215 218  98  22  27 104 137 175 183 185  83   2  62 195  39 207   0
 166  85  11 221 148  20  58  48  43 206  50 110 162  31 135   9  82  65
 129 149  84 140 111 189  34  51  72 151 121 220 143 105  18 201 147  90
  92 165 138  36 217  25 208 184 139  42 219 177 204 112  57 196 182 202
 145  38  60 103  21  87  88  63  37  95 128 173 171   4 225   3 154  61
 130 109  33 160  55 120  45 170   6 113 178 100  76 191 152 150   5 172
 123  91  53 118  54 119 205 102  17 181 122 108  52  10 163  75  44 127
  96 161 133 224 210  26  15 101 187 168 153   7  35 125 197 132  97 134
 212 126 155 186  56   8 194  13 198  80  93  70 144 192 179 199  14  41
 190  46  86 114  69  79 203 214  99 158 131 188  30 222 116  78   1 223
  89  66 142 180  19  24  49  94  28  59] - 194004633
Solver: RVND, number of workers: 1
Setting feeder affinity
I am the master. There are 1 mpi processes. (hostname = gpu01)
Roots [<pyDF.nodes.Feeder object at 0x7f2ef020fad0>]
Starting 0
Main loop
I am worker 0
GPU0
set random seed!
Initial: 194004633-[ 74 200 213 159  40 176  68 216 146 107 209  64 106 136 141 157  73 174
 211  81 117 115 193  16 169  67  23  77  71  29  12 167 164  32  47 156
 124 215 218  98  22  27 104 137 175 183 185  83   2  62 195  39 207   0
 166  85  11 221 148  20  58  48  43 206  50 110 162  31 135   9  82  65
 129 149  84 140 111 189  34  51  72 151 121 220 143 105  18 201 147  90
  92 165 138  36 217  25 208 184 139  42 219 177 204 112  57 196 182 202
 145  38  60 103  21  87  88  63  37  95 128 173 171   4 225   3 154  61
 130 109  33 160  55 120  45 170   6 113 178 100  76 191 152 150   5 172
 123  91  53 118  54 119 205 102  17 181 122 108  52  10 163  75  44 127
  96 161 133 224 210  26  15 101 187 168 153   7  35 125 197 132  97 134
 212 126 155 186  56   8 194  13 198  80  93  70 144 192 179 199  14  41
 190  46  86 114  69  79 203 214  99 158 131 188  30 222 116  78   1 223
  89  66 142 180  19  24  49  94  28  59]
Final time: 2.25872302055s - Best: 7109983-[ 74  73  75  76  77  78  79  80  81  82  83  84  85 110 102 104 111 112
 103 105 113 114 106 107 115 116 108 109 117 118 125 127 119 120 126 128
 121 122 130 129 123 131 124 225 224 223 222 221 220 219 218 217 216 215
 214 213 212 211 210 209 208 207 206 205 204 203 202 201 200 199 198 197
 196 195 194 193 192 191 190 189 188 187 186 185 184 183 182 181 180 179
 178 177 176 175 174 173 172 171 170 169 168 167 166 165 164 163 162 161
 160 159 158 157 156 155 154 153 152 151 150 149 142 141 147 148 140 139
 146 144 138 137 145 143 136 101  93  92 100  99  91  90  98  97  89  87
  96  95  88  86  94  62  61  60  59  58  57  56  55  54  53  52  51  50
  19  18  17  14  13   9   8   6   5   4   3   2   1   7  71  70  12  11
  10  15  16  66  67  68  69  65  63  49  20  21  22  23  24  25  26  27
  28  29  33  34  35  30  31  32  48  47  44  45  46  43  36  37  38  41
  39  40  42 135 134 133 132  72   0  64]
Value - initial: 194004633, final: 7109983, improveup: 27.2862302202

data-line;i;194004633;f;7109983;t;2.25872302055;c;-2;fv;[7109983L];cv;-1;imp;27.2862302202;type;rvnd;inum;2;w;1

time;2.25872302055;man_time;0;neigh_time;0
man_time;0;man_merge_sol;0;man_best_sol;0;man_combine_sol;0

Waiting [0]
Terminating workers True 0 0
MPI TERMINATING
