pydf_home: /home/rodolfo/git/Sucuri
simple_pycuda_home: /home/rodolfo/git/simple-pycuda
wamca2016path: /home/rodolfo/git/wamca2016/
localpath: /home/rodolfo/git/dvnd-df/code/dvnd-df/src/
WAMCAPATH:/home/rodolfo/git/wamca2016/
param: {solution_index:4, solution_instance_index:7, multi_gpu:True, goal:False, problem_name:ml, number_of_moves:10, device_count:2, solver:rvnd, mpi_enabled:True, workers:1}
Using already created file:  wamca2016lib.so
Size: 501 - file name: 05_TRP-S500-R1.tsp

Value - initial: 34066354-[ 23 403 489 491 419  93 132 193 374 221 347 490  86 382 296 315 227  12
 453 277 120 353 231 112 441 202 298 237 180 244 278 306 412 275 462 211
 212 399 187 251 398  82  69 106   3 233 429 426 401  44 238 166 460 390
 253 285  43 177 358 427 449 431 471 352 346 457  24 366   1 349  91 256
  98 224 483 264 263 148 119 377 247 321 327 149 307   2 417 318 165  33
 322 174 118 258  40 236 467 484   0 123 476  11 472 313 470   6 445 241
 477 196  42 376 170 136 161  17  22 203 200 226 397 250 482 361  29 310
  31 300 169 328 372 198 391  64 121 269 332 450 147 214 423 204 379 154
 129 311 265 110 425 195  68 122 333   7 220 335 235 362 386 499 357 186
 455 364 160 480 140 414   4 359 420  20 407 155 138 408 385  57  52 295
 246  94 360  77  75 225 184 444 339  62 326 304 367 378 302  18 128 172
 309 178 469  67 255 373  96 173 286  16 249 478 188 356 108 141  79 447
  63 157  92 365 428 143  70 497 421 498 416 287 430 493 213 317 205 171
  41 324 232 464 381 194 411 260   9  19 282 210  25  55 486 475 207  15
 435 114 495 400 139 308 348 101 440  10 153 393  80 292 404 316 396 279
  99 142 387  47 158  58 111 152 218 369 344 230 406 113 494 291  65 448
  26 334  74  66 115  39 259 280   5 228 159 461 267  49  60  83 496 239
 454 336  59  35 418 274  51  48 209 284 323 126 388 271  84 102  89 371
 283 303 181 413 189  27  50  45 167  85 340 201 176  36 293 355 424 242
 442 432 500 375 103 351 410 368 281 150 439 156 234 125 252 383 257 312
 485  13  61 215  14 100 314  38 422 107 240 191 288  88 481 272 466 254
  87 243 370 182 342 395 223 389  72 350 151 299  76  71 330 452 474 131
 109 409 402 124 363 183 130  90  32  21 488 197 116 248 337 270 436 276
 301  28 144 145 216 458 487 443 354  56 105 415 405 289 451 492 219  53
  37 190 380 463  81 117 146 137 320 343 331 163 468  54 127 208 192 438
 329 433 345 229 261 245 392 465 437 134 446 168 185 305 162 268 262 273
 384  30  73  97 341 179 135 175 294 434 199  34 394 290 459 222 473   8
 338 319  46  78 206 456  95 266 297 479 325 133 104 164 217] - 34066354
Solver: RVND, number of workers: 1
Setting feeder affinity
I am the master. There are 1 mpi processes. (hostname = gpu01)
Roots [<pyDF.nodes.Feeder object at 0x7f1b64263ad0>]
Starting 0
Main loop
I am worker 0
GPU0
set random seed!
Initial: 34066354-[ 23 403 489 491 419  93 132 193 374 221 347 490  86 382 296 315 227  12
 453 277 120 353 231 112 441 202 298 237 180 244 278 306 412 275 462 211
 212 399 187 251 398  82  69 106   3 233 429 426 401  44 238 166 460 390
 253 285  43 177 358 427 449 431 471 352 346 457  24 366   1 349  91 256
  98 224 483 264 263 148 119 377 247 321 327 149 307   2 417 318 165  33
 322 174 118 258  40 236 467 484   0 123 476  11 472 313 470   6 445 241
 477 196  42 376 170 136 161  17  22 203 200 226 397 250 482 361  29 310
  31 300 169 328 372 198 391  64 121 269 332 450 147 214 423 204 379 154
 129 311 265 110 425 195  68 122 333   7 220 335 235 362 386 499 357 186
 455 364 160 480 140 414   4 359 420  20 407 155 138 408 385  57  52 295
 246  94 360  77  75 225 184 444 339  62 326 304 367 378 302  18 128 172
 309 178 469  67 255 373  96 173 286  16 249 478 188 356 108 141  79 447
  63 157  92 365 428 143  70 497 421 498 416 287 430 493 213 317 205 171
  41 324 232 464 381 194 411 260   9  19 282 210  25  55 486 475 207  15
 435 114 495 400 139 308 348 101 440  10 153 393  80 292 404 316 396 279
  99 142 387  47 158  58 111 152 218 369 344 230 406 113 494 291  65 448
  26 334  74  66 115  39 259 280   5 228 159 461 267  49  60  83 496 239
 454 336  59  35 418 274  51  48 209 284 323 126 388 271  84 102  89 371
 283 303 181 413 189  27  50  45 167  85 340 201 176  36 293 355 424 242
 442 432 500 375 103 351 410 368 281 150 439 156 234 125 252 383 257 312
 485  13  61 215  14 100 314  38 422 107 240 191 288  88 481 272 466 254
  87 243 370 182 342 395 223 389  72 350 151 299  76  71 330 452 474 131
 109 409 402 124 363 183 130  90  32  21 488 197 116 248 337 270 436 276
 301  28 144 145 216 458 487 443 354  56 105 415 405 289 451 492 219  53
  37 190 380 463  81 117 146 137 320 343 331 163 468  54 127 208 192 438
 329 433 345 229 261 245 392 465 437 134 446 168 185 305 162 268 262 273
 384  30  73  97 341 179 135 175 294 434 199  34 394 290 459 222 473   8
 338 319  46  78 206 456  95 266 297 479 325 133 104 164 217]
Final time: 5.48036003113s - Best: 2068311-[ 23 400 153 107  53 271  63 229 489 320 327 323 374 173 315 424 399 442
 462  24 465 456 371 289 188 267 476  34 234 242 500 194  13 379  35 124
 277 352 326 210  87  62 266  76 394 195 436  38 146 174 364  71 464 169
  48 113 121 198 287 353 321 258 106 135 164 276 171 282   8 149 224 192
  86 413  21 278 202 299 292 185  55 309  43 285 163  42 453 140 251  70
 275 307 155  93  99 203 281  69 265 238 381 457 226 239 129 439 160 403
  16 411 447 215 152 102 460 479 233 211  94 332 386 336 268  72 308  68
 388 370 274 245 298 492 363 186 257  46 249 231 375 256 127 474 446 130
  37 244 491  27 490 264 220 125 259 143  64 418 189  26  50 162 324 311
 450   2 168 488 377 369  45 182  28 383 347  60 499 209  77 100 396 180
 389  29  47 183 408 427  74   1  17 114 384 300 480  67 325 496 421 221
 345 416 358 431 419  88 193 112 142   5 356 236 232 382 181  82 420 362
  81 176 409 318 497  10 378 132 359 103 240 331 483 214 398 110  85 101
 441 225   9 482 314 401  11 283 498 397 429 493 461 241 495 360 310 390
  61 296 280 272 376 139 104 313 317 478 137 263 297 328 196 372 279 349
 387  12  89 109 208 380 216 451 301 330  44 373 179 116 344 303 235 452
  18   0 150 222 166  98  78 417  73 348  19 243 262 395 212 302   6 248
  52 293 306 304  14 333  75 161 391 484  79 412 473 187  90 354  95 255
 190 448 485 141 207 365 487  25 475 312 426 205 126 250 227 133 151 334
 145 355 428 260 108 405 147 392 455 435 165 291 432 269 191 407 156 329
  54 128  20 294 402 253 404  57 367 254 157 201 467 430 494 218 120 322
 477 148  49 366  65 440  15  96 138 385 175 410  30 223   4 178 459 119
  36 434 273   3 393 167 170  92 131 338 295 458 449 415 350 247 316 115
 471 228 159 197 425  66 117 481 305 351 136 470  33 319 261 118  22 200
 335 172 213 286 337 341 414 219 343 433 406  58 206 357 252  40 144 368
 105  31 423 437 361  56 184 154 230 468 422 346 158  59 339 445 246  39
 111   7  83 486  41 469  32 463  80  84 217 444  91 123 270 342 454 472
 199  51 122 340 443 134 284 177 288  97 237 438 204 466 290]
Value - initial: 34066354, final: 2068311, improveup: 16.4706149124

data-line;i;34066354;f;2068311;t;5.48036003113;c;-2;fv;[2068311L];cv;-1;imp;16.4706149124;type;rvnd;inum;4;w;1

time;5.48036003113;man_time;0;neigh_time;0
man_time;0;man_merge_sol;0;man_best_sol;0;man_combine_sol;0

Waiting [0]
Terminating workers True 0 0
MPI TERMINATING
