pydf_home: /home/rodolfo/git/Sucuri
simple_pycuda_home: /home/rodolfo/git/simple-pycuda
wamca2016path: /home/rodolfo/git/wamca2016/
localpath: /home/rodolfo/git/dvnd-df/code/dvnd-df/src/
WAMCAPATH:/home/rodolfo/git/wamca2016/
param: {solution_index:2, solution_instance_index:5, multi_gpu:True, goal:False, problem_name:ml, number_of_moves:10, device_count:2, solver:rvnd, mpi_enabled:True, workers:1}
Using already created file:  wamca2016lib.so
Size: 226 - file name: 03_pr226.tsp

Value - initial: 190881843-[162 177   9 158 132 180  30  24  57  59 196  60 174 129 205  21 195 210
   5 194  86 143 116 110 201 151   6 137  54  17 209  25 154 145 212 223
 133 108  12  84 112  70  91  43 109  33  81  78 183  55 187 140  38 138
 136  40 186 198 184 206 165  22 208 179  63 113 176  10 150 178 139 182
 124   7  48  82 159 141 122 134 126 220  74 173  65  39 214  31 193  37
 155  20 131  69  71  27  93 135 171  34 160 222  94  13 147 121  62  67
 170 117 215 149 153  64 216  76 105 203 221 218  50  32  83   0 125  51
  87 130 106 190 189 191  56  42 197  23  46  41 123  99  90  72 148  77
  16 204 169 211 118 181  52 157 101  85 146 104  11  53  73 185  97  58
 163  35 102  79 202 166  75 217  49 213 225 107  92 168  29 114  36  98
 119 120 128  28  68 161 144  88  95  18  45 100 164  44  80 199 188   3
 111  14  89  15  96 192 142  66   1 224 175 103 167  47 207   8 127 219
   2 172  26 152  61 200 156   4 115  19] - 190881843
Solver: RVND, number of workers: 1
Setting feeder affinity
I am the master. There are 1 mpi processes. (hostname = gpu01)
Roots [<pyDF.nodes.Feeder object at 0x7f65a3911ad0>]
Starting 0
Main loop
I am worker 0
GPU0
set random seed!
Initial: 190881843-[162 177   9 158 132 180  30  24  57  59 196  60 174 129 205  21 195 210
   5 194  86 143 116 110 201 151   6 137  54  17 209  25 154 145 212 223
 133 108  12  84 112  70  91  43 109  33  81  78 183  55 187 140  38 138
 136  40 186 198 184 206 165  22 208 179  63 113 176  10 150 178 139 182
 124   7  48  82 159 141 122 134 126 220  74 173  65  39 214  31 193  37
 155  20 131  69  71  27  93 135 171  34 160 222  94  13 147 121  62  67
 170 117 215 149 153  64 216  76 105 203 221 218  50  32  83   0 125  51
  87 130 106 190 189 191  56  42 197  23  46  41 123  99  90  72 148  77
  16 204 169 211 118 181  52 157 101  85 146 104  11  53  73 185  97  58
 163  35 102  79 202 166  75 217  49 213 225 107  92 168  29 114  36  98
 119 120 128  28  68 161 144  88  95  18  45 100 164  44  80 199 188   3
 111  14  89  15  96 192 142  66   1 224 175 103 167  47 207   8 127 219
   2 172  26 152  61 200 156   4 115  19]
Final time: 2.01102399826s - Best: 6791628-[162 161 160 159 158 157 156 155 154 163 164 165 166 167 168 169 170 171
 172 173 174 175 176 177 178 179 180 181 182 183 184 185 186 187 188 189
 190 191 192 193 194 195 196 197 198 199 200 201 202 203 204 205 206 207
 208 209 210 211 212 213 214 215 216 217 218 219 220 221 222 223 224 225
 124 131 129 123 122 130 128 121 120 126 127 119 118 125 117 116 115 114
 113 112 111 110 102 104 103 105 106 107 108 109 132 133 134 135 142 149
 147 141 140 148 146 139 138 144 145 137 136 143  93 101 100  92  91  99
  98  90  89  97  96  87  88  95  94  86  46  45  44  47  32  31  30  35
  34  33  29  28  26  25  24  23  22  21  49  50  51  52  53  54  55  56
  57  58  59  60  61  62  63  65  69  68  67  70  12  11  10  14  13   9
   8   7   6   5   4   3   2   1   0  72  73  74  75  76  77  78  79  80
  81  82  83  84  85  71  15  66  16  17  18  64  19  20  27  48  43  36
  37  38  41  42 150 151 152 153  40  39]
Value - initial: 190881843, final: 6791628, improveup: 28.1054620483

data-line;i;190881843;f;6791628;t;2.01102399826;c;-2;fv;[6791628L];cv;-1;imp;28.1054620483;type;rvnd;inum;2;w;1

time;2.01102399826;man_time;0;neigh_time;0
man_time;0;man_merge_sol;0;man_best_sol;0;man_combine_sol;0

Waiting [0]
Terminating workers True 0 0
MPI TERMINATING
