pydf_home: /home/rodolfo/git/Sucuri
simple_pycuda_home: /home/rodolfo/git/simple-pycuda
wamca2016path: /home/rodolfo/git/wamca2016/
localpath: /home/rodolfo/git/dvnd-df/code/dvnd-df/src/
WAMCAPATH:/home/rodolfo/git/wamca2016/
param: {solution_index:0, solution_instance_index:2, multi_gpu:True, goal:False, problem_name:ml, number_of_moves:10, device_count:2, solver:rvnd, mpi_enabled:True, workers:1}
Using already created file:  wamca2016lib.so
Size: 52 - file name: 01_berlin52.tsp

Value - initial: 813097-[40 46 11 13 31 12  7 35 16 17 45 50 34 23  1 19 33 26 41 44  5 30 37  0 15
 51 43 24 27 39 14 28 49 20 21  9  6  2  4 36  8 38 47 32 22 18 25 29  3 10
 48 42] - 813097
Solver: RVND, number of workers: 1
Setting feeder affinity
I am the master. There are 1 mpi processes. (hostname = gpu01)
Roots [<pyDF.nodes.Feeder object at 0x7f107d60ead0>]
Starting 0
Main loop
I am worker 0
GPU0
set random seed!
Initial: 813097-[40 46 11 13 31 12  7 35 16 17 45 50 34 23  1 19 33 26 41 44  5 30 37  0 15
 51 43 24 27 39 14 28 49 20 21  9  6  2  4 36  8 38 47 32 22 18 25 29  3 10
 48 42]
Final time: 1.76984596252s - Best: 144259-[40 18 44 31 48 35 34 33 38 39 36 37 14  5  4 23 47 45 43  0 21 17 30 22 19
 49 15 28 29  1  6 41 20 16  2  7  8  9  3 24 11 27 26 25 46 12 13 51 10 50
 32 42]
Value - initial: 813097, final: 144259, improveup: 5.63636930798

data-line;i;813097;f;144259;t;1.76984596252;c;-2;fv;[144259L];cv;-1;imp;5.63636930798;type;rvnd;inum;0;w;1

time;1.76984596252;man_time;0;neigh_time;0
man_time;0;man_merge_sol;0;man_best_sol;0;man_combine_sol;0

Waiting [0]
Terminating workers True 0 0
MPI TERMINATING
