pydf_home: /home/rodolfo/git/Sucuri
simple_pycuda_home: /home/rodolfo/git/simple-pycuda
wamca2016path: /home/rodolfo/git/wamca2016/
localpath: /home/rodolfo/git/dvnd-df/code/dvnd-df/src/
WAMCAPATH:/home/rodolfo/git/wamca2016/
param: {solution_index:2, solution_instance_index:28, multi_gpu:True, goal:False, problem_name:ml, number_of_moves:10, device_count:2, solver:rvnd, mpi_enabled:True, workers:1}
Using already created file:  wamca2016lib.so
Size: 226 - file name: 03_pr226.tsp

Value - initial: 192037384-[197  87 130 149 198  21  27 115 102  45  94 175   0  38 148 146 113 110
 117 164 199 106 147  53 166 182  58  22  12 162 212 177 140 124 178  96
 179 225 111  77 180  23 169 191 109 214  42  82 114 165  60 163 170  92
 156  20  84 208  51 176 157 195  55 159 194 118  41  64  83 154 221 222
 104  16  43  90 173  59 123 127  66  73  79 223  48 128 135  70 188  28
  95 219  86  25  72   4 181  98 220  91  35  49  29 207   6  11   7 206
  85  52  68 151 143 122   8 152  13 125 137  75 168 201  47 145 101  18
 158  14  65 132 205 150 136 126  67 224 184  50 138  80 155  37 210   3
  40 200  36 105  71  99 185  63 196  10 144  61  78 189  39 142  76 100
 183 218  81  88  89 131 116  62 202 204 203 153  54 119 161 121 129   9
 112 133 139 187 120 160 108  26   5 209 186  57 213 172 216  32  19  15
  93  31  56 141 215  69  97 103  44 107   1 192  17 171 217  46 211 193
  33  74   2  30 190 134 174  24  34 167] - 192037384
Solver: RVND, number of workers: 1
Setting feeder affinity
I am the master. There are 1 mpi processes. (hostname = gpu01)
Roots [<pyDF.nodes.Feeder object at 0x7fc6db0bdad0>]
Starting 0
Main loop
I am worker 0
GPU0
set random seed!
Initial: 192037384-[197  87 130 149 198  21  27 115 102  45  94 175   0  38 148 146 113 110
 117 164 199 106 147  53 166 182  58  22  12 162 212 177 140 124 178  96
 179 225 111  77 180  23 169 191 109 214  42  82 114 165  60 163 170  92
 156  20  84 208  51 176 157 195  55 159 194 118  41  64  83 154 221 222
 104  16  43  90 173  59 123 127  66  73  79 223  48 128 135  70 188  28
  95 219  86  25  72   4 181  98 220  91  35  49  29 207   6  11   7 206
  85  52  68 151 143 122   8 152  13 125 137  75 168 201  47 145 101  18
 158  14  65 132 205 150 136 126  67 224 184  50 138  80 155  37 210   3
  40 200  36 105  71  99 185  63 196  10 144  61  78 189  39 142  76 100
 183 218  81  88  89 131 116  62 202 204 203 153  54 119 161 121 129   9
 112 133 139 187 120 160 108  26   5 209 186  57 213 172 216  32  19  15
  93  31  56 141 215  69  97 103  44 107   1 192  17 171 217  46 211 193
  33  74   2  30 190 134 174  24  34 167]
Final time: 2.21368193626s - Best: 7881364-[197 196 195 194 193 192 191 190 198 199 200 201 202 203 204 205 206 207
 208 209 210 211 212 213 214 215 216 217 218 219 220 221 222 223 224 225
 124 131 129 123 122 130 128 121 120 119 118 125 127 126 132 133 134 135
 189 188 187 186 185 184 183 182 181 180 179 178 177 176 175 174 173 172
 171 170 169 168 167 166 165 164 163 162 161 160 159 158 157 156 155 154
 149 142 141 147 148 140 139 146 144 138 137 145 143 136 101  93  92 100
  99  91  90  98  97  89  87  88  86  94  95  96 109 117 116 108 107 115
 114 106 105 113 112 103 104 111 110 102  63  62  61  60  59  58  57  56
  55  54  53  52  51  50  49  48  47  32  31  30  35  34  33  29  28  27
  26  25  24  23  22  21  20  19  18  17  16  15  14  13   9   8   6   5
   4   3   2   1   0  72  73  74  75  76  77  78  79  80  81  82  83  84
  85  71   7  10  11  12  70  67  66  68  69  65  64  46  45  44  43  36
  37  38  41  42 150 151 152 153  40  39]
Value - initial: 192037384, final: 7881364, improveup: 24.3660087264

data-line;i;192037384;f;7881364;t;2.21368193626;c;-2;fv;[7881364L];cv;-1;imp;24.3660087264;type;rvnd;inum;2;w;1

time;2.21368193626;man_time;0;neigh_time;0
man_time;0;man_merge_sol;0;man_best_sol;0;man_combine_sol;0

Waiting [0]
Terminating workers True 0 0
MPI TERMINATING
