pydf_home: /home/rodolfo/git/Sucuri
simple_pycuda_home: /home/rodolfo/git/simple-pycuda
wamca2016path: /home/rodolfo/git/wamca2016/
localpath: /home/rodolfo/git/dvnd-df/code/dvnd-df/src/
WAMCAPATH:/home/rodolfo/git/wamca2016/
param: {solution_index:6, solution_instance_index:58, multi_gpu:True, goal:False, problem_name:ml, number_of_moves:10, device_count:2, solver:rvnd, mpi_enabled:True, workers:1}
Using already created file:  wamca2016lib.so
Size: 783 - file name: 07_rat784.tsp

Value - initial: 71506945-[615 599 430 252 526 743 124 678 671 243 385 286 518 694 381 624 396 424
 258 752 603 111 320 331 160  18 623 405  55 305  74 704 227  76 695 645
 497 173 759 534 625  77  19 555 382 357 407 554 361 235 692 697 335  96
 717  64 657 232 707 296   1 300 691 612 628 772 141 176 165 391 718 609
 535 373 323 547 711 499 659  14 386 541 471 337 736 276 338   8 500 297
  47 767 336  80 661  17 470   2 231 771 132 194 222 374 153 443 748 755
   0 508 764 740 618 203  95 198 486 263 242 510 641  88 515 505 271 241
 240 766 525 583 716 350 106 527 768 479 208 536 763 538 571 369 551 524
 363 677 214 360 658 588 637 613 340 601 719 591 284 209 563 769 193 314
 358 622 123 710 304 592 483 190  29 488 155  75 317 204  79 460  97  16
 226 390 516 366 502 136  57 683 324 440 732 481  36 579  91 133 109  31
 696 576 283 706 149 482 782 306 569 651 581 734 302 197 163 493 533 289
 103 480 451 656 295 562 513 660 532 343 264 746 171 668 540 253 648 744
 150 294 779 122 426 167 213 134 662  38 565 585 434 758 751 326 616 355
 780 636 556  46 349 170 702 272 552 267 312 315 720  27 549 498 248 216
 724 672 712 125 685 726 770 723 539 339 700 404 128 728  54 621 101 116
 311   7 754 310 403 406 584 575 586 309 433  63 522 275 196 378 110  66
 517 670 416 127 574 118 447 630 273  35 172 367  58 431 617 234 750 504
 183 282 217 690 701 142 394 157 448 330 370 730  61 100 342 546 647 345
 402 206 610 725 741 632 698 108 177 344 530 620 634 558 418 523 564  45
 143 553 452 638 496 776  10 492 682 489 675 290 669  71  89 400   4 445
 364 550 721 484  84 412 713 223 519 450 473 420 531 566 410 291  56 542
  70 288 380 239 205 491 161 643 299 319 506 354 611  60 478 250 397 293
 112 545 393 201 384  99 189 449   5 303 229 600  73 221 727  12  93 156
 151 117 708 423 244 529 664   9 737 466 476 387   3 256 432 773  28 188
 278 596 635 731 301 158 147 666 325 765 580 383  72 146 114 528 207  37
 230 777  94  53 376 709 224 458 121 186 742 676 257  26 137 254 503 368
 329 446  40 362 280 778 211 422 501 322 372 639  39 462 442 468 421 605
 735 487 162 757 237 395 185 521  78 544  98 175  82 184  87 145 266 178
 594 537  20 408 703 705  43 593 739 191 646  68 401 435 595 762 328  50
 419  24  83 166 456 200 332 577  34 693 485 607 154 438 760 738 220 681
 509 747 353 729  69 348  22  92 139 511 409 192 236 557 352 627 436 341
  65 265 619 715  62 180 463 351 604 399 318 168 642 507 210 626  49 245
 665 654 140 169 597 745 233 334 653 107  42 714 733 120  86 455 663 246
 722  52 427 631 219 281 249 495 650 475 439 633 674 187  81 164 113 260
 212 428 774 202 464 640 629 102 195 687 270 105  25 215  85 371 477 425
 559 269 228 572  11 689 578 375 308 688 159 756 598 298 115 255  44 104
 673 287 494 587  32 680  21 415 454 261 174 333 686 225  33 285 459 346
 181 307 126 218 148 179 461 262  51 182 749  15 238 199 292 667 543 274
 457 614 567 512 247 465 417 608 781 589 590 753 520 392 413 679 259 761
   6  67  30 279 138 365 602 152 388 467 655 514 129 398 644 313 377 356
 379 347 570  23  48 684 316 441 606 472  13 453 548 490 469 321 130 429
 561  41 135  59 411 444 573 414 699 649 144 652 775 437 389 251 359 474
 560 277 582 568 131  90 119 327 268] - 71506945
Solver: RVND, number of workers: 1
Setting feeder affinity
I am the master. There are 1 mpi processes. (hostname = gpu01)
Roots [<pyDF.nodes.Feeder object at 0x7fa47d632ad0>]
Starting 0
Main loop
I am worker 0
GPU0
set random seed!
Initial: 71506945-[615 599 430 252 526 743 124 678 671 243 385 286 518 694 381 624 396 424
 258 752 603 111 320 331 160  18 623 405  55 305  74 704 227  76 695 645
 497 173 759 534 625  77  19 555 382 357 407 554 361 235 692 697 335  96
 717  64 657 232 707 296   1 300 691 612 628 772 141 176 165 391 718 609
 535 373 323 547 711 499 659  14 386 541 471 337 736 276 338   8 500 297
  47 767 336  80 661  17 470   2 231 771 132 194 222 374 153 443 748 755
   0 508 764 740 618 203  95 198 486 263 242 510 641  88 515 505 271 241
 240 766 525 583 716 350 106 527 768 479 208 536 763 538 571 369 551 524
 363 677 214 360 658 588 637 613 340 601 719 591 284 209 563 769 193 314
 358 622 123 710 304 592 483 190  29 488 155  75 317 204  79 460  97  16
 226 390 516 366 502 136  57 683 324 440 732 481  36 579  91 133 109  31
 696 576 283 706 149 482 782 306 569 651 581 734 302 197 163 493 533 289
 103 480 451 656 295 562 513 660 532 343 264 746 171 668 540 253 648 744
 150 294 779 122 426 167 213 134 662  38 565 585 434 758 751 326 616 355
 780 636 556  46 349 170 702 272 552 267 312 315 720  27 549 498 248 216
 724 672 712 125 685 726 770 723 539 339 700 404 128 728  54 621 101 116
 311   7 754 310 403 406 584 575 586 309 433  63 522 275 196 378 110  66
 517 670 416 127 574 118 447 630 273  35 172 367  58 431 617 234 750 504
 183 282 217 690 701 142 394 157 448 330 370 730  61 100 342 546 647 345
 402 206 610 725 741 632 698 108 177 344 530 620 634 558 418 523 564  45
 143 553 452 638 496 776  10 492 682 489 675 290 669  71  89 400   4 445
 364 550 721 484  84 412 713 223 519 450 473 420 531 566 410 291  56 542
  70 288 380 239 205 491 161 643 299 319 506 354 611  60 478 250 397 293
 112 545 393 201 384  99 189 449   5 303 229 600  73 221 727  12  93 156
 151 117 708 423 244 529 664   9 737 466 476 387   3 256 432 773  28 188
 278 596 635 731 301 158 147 666 325 765 580 383  72 146 114 528 207  37
 230 777  94  53 376 709 224 458 121 186 742 676 257  26 137 254 503 368
 329 446  40 362 280 778 211 422 501 322 372 639  39 462 442 468 421 605
 735 487 162 757 237 395 185 521  78 544  98 175  82 184  87 145 266 178
 594 537  20 408 703 705  43 593 739 191 646  68 401 435 595 762 328  50
 419  24  83 166 456 200 332 577  34 693 485 607 154 438 760 738 220 681
 509 747 353 729  69 348  22  92 139 511 409 192 236 557 352 627 436 341
  65 265 619 715  62 180 463 351 604 399 318 168 642 507 210 626  49 245
 665 654 140 169 597 745 233 334 653 107  42 714 733 120  86 455 663 246
 722  52 427 631 219 281 249 495 650 475 439 633 674 187  81 164 113 260
 212 428 774 202 464 640 629 102 195 687 270 105  25 215  85 371 477 425
 559 269 228 572  11 689 578 375 308 688 159 756 598 298 115 255  44 104
 673 287 494 587  32 680  21 415 454 261 174 333 686 225  33 285 459 346
 181 307 126 218 148 179 461 262  51 182 749  15 238 199 292 667 543 274
 457 614 567 512 247 465 417 608 781 589 590 753 520 392 413 679 259 761
   6  67  30 279 138 365 602 152 388 467 655 514 129 398 644 313 377 356
 379 347 570  23  48 684 316 441 606 472  13 453 548 490 469 321 130 429
 561  41 135  59 411 444 573 414 699 649 144 652 775 437 389 251 359 474
 560 277 582 568 131  90 119 327 268]
Final time: 16.4237880707s - Best: 3415234-[615 605 592 603 614 628 631 641 617 609 638 630 632 613 604 574 570 571
 572 558 536 543 527 524 508 501 497 477 467 464 474 487 492 488 479 473
 486 496 495 493 475 463 469 468 466 482 490 499 514 512 518 517 507 511
 516 533 529 550 553 561 578 585 593 579 567 559 575 595 623 639 637 625
 610 596 597 611 626 633 643 640 618 612 598 589 568 560 538 530 539 546
 556 577 565 562 563 555 534 535 540 541 557 564 569 576 600 599 583 590
 586 602 608 621 635 629 645 650 665 668 660 648 656 680 690 691 697 689
 679 684 678 670 647 651 658 664 671 682 677 687 708 704 717 734 735 744
 759 764 757 742 731 738 756 758 767 778 776 772 773 754 753 736 718 719
 698 694 720 747 739 725 709 699 700 688 652 653 661 649 663 672 692 726
 730 729 722 715 707 701 675 673 666 667 669 693 702 695 714 723 741 740
 745 749 748 761 762 769 779 780 763 755 751 750 727 716 713 710 711 681
 676 657 655 662 642 634 624 622 619 601 584 582 554 549 548 545 537 522
 515 503 489 478 480 470 450 453 446 426 411 402 414 413 401 399 387 384
 367 372 382 363 347 339 337 336 348 360 361 341 330 333 323 319 308 297
 283 278 260 251 244 246 222 213 206 191 177 173 167 169 147 141 121 113
 108 105 100  78  83  86  74  95 112 103  92  68  77  89  90  72  65  42
  33  27  23  26  25  20  15  31  41  53  49  61  81  85  67  60  58  63
  70  84  98 101 104 107 127 139 162 175 178 197 199 189 168 156 137 117
 125 120 123 143 128 129 140 131 130 144 165 157 166 188 190 196 187 182
 200 212 220 225 243 259 262 282 287 307 309 300 311 317 325 310 294 302
 291 280 289 299 306 315 292 267 257 258 239 223 207 201 203 186 183 195
 194 174 159 152 150 155 161 160 151 142 136 132 115 111  94  88  76  73
  62  57  52  46  64  80  66  69  79  99 106 110  93  82  75  97 119 135
 126 114 109 116 122 138 146 154 171 179 185 204 221 226 230 229 238 245
 254 276 275 272 277 273 247 248 242 255 266 285 298 290 305 324 338 322
 318 326 334 343 355 358 342 351 362 383 394 422 428 435 444 451 457 452
 442 424 406 400 389 386 381 396 388 391 404 421 432 425 429 423 419 392
 375 364 352 345 331 349 346 344 332 320 321 329 335 359 353 350 380 385
 379 374 371 369 376 407 408 409 418 416 410 417 433 436 447 440 434 430
 438 456 455 448 459 454 462 472 476 500 506 504 520 526 542 521 523 519
 513 458 445 431 449 439 397 377 378 368 373 395 398 412 405 403 393 366
 356 354 340 328 313 314 284 279 253 233 198 192 170 134 133 148 176 180
 193 217 237 264 263 296 303 295 271 270 240 219 227 228 209 208 210 211
 218 236 256 274 261 250 252 268 249 231 232 224 216 205 181 172 164 163
 149 158 153 102  91  71  50  43  54  59  37  39   5  12  10   3  13  21
  34  30  35  19   7  18  29  47  38  32  28   4   2   9   8  11  17   6
   1  22  16   0  14  24  55  48  51  56  44  36  40  45  96  87 124 145
 184 214 215 235 241 234 265 269 288 304 312 301 293 316 327 357 365 370
 437 465 483 481 471 498 532 547 525 510 505 484 485 491 494 528 551 587
 606 620 627 616 644 654 659 674 683 706 712 732 721 705 696 703 724 733
 737 746 768 777 760 771 775 765 781 782 774 770 766 752 743 728 686 646
 636 588 580 581 591 594 607 573 566 544 531 509 502 461 460 443 441 427
 420 415 390 286 281 202 118 552 685]
Value - initial: 71506945, final: 3415234, improveup: 20.9376414618

data-line;i;71506945;f;3415234;t;16.4237880707;c;-2;fv;[3415234L];cv;-1;imp;20.9376414618;type;rvnd;inum;6;w;1

time;16.4237880707;man_time;0;neigh_time;0
man_time;0;man_merge_sol;0;man_best_sol;0;man_combine_sol;0

Waiting [0]
Terminating workers True 0 0
MPI TERMINATING
