pydf_home: /home/rodolfo/git/Sucuri
simple_pycuda_home: /home/rodolfo/git/simple-pycuda
wamca2016path: /home/rodolfo/git/wamca2016/
localpath: /home/rodolfo/git/dvnd-df/code/dvnd-df/src/
WAMCAPATH:/home/rodolfo/git/wamca2016/
param: {solution_index:7, solution_instance_index:17, multi_gpu:True, goal:False, problem_name:ml, number_of_moves:10, device_count:2, solver:rvnd, mpi_enabled:True, workers:1}
Using already created file:  wamca2016lib.so
Size: 1001 - file name: 08_TRP-S1000-R1.tsp

Value - initial: 127908570-[623 918 741 ..., 869 213 500] - 127908570
Solver: RVND, number of workers: 1
Setting feeder affinity
I am the master. There are 1 mpi processes. (hostname = gpu01)
Roots [<pyDF.nodes.Feeder object at 0x7f6a4c9bcad0>]
Starting 0
Main loop
I am worker 0
GPU0
set random seed!
Initial: 127908570-[623 918 741 ..., 869 213 500]
Final time: 28.7823770046s - Best: 5588585-[623 876 307 ..., 493 210 174]
Value - initial: 127908570, final: 5588585, improveup: 22.8874697262

data-line;i;127908570;f;5588585;t;28.7823770046;c;-2;fv;[5588585L];cv;-1;imp;22.8874697262;type;rvnd;inum;7;w;1

time;28.7823770046;man_time;0;neigh_time;0
man_time;0;man_merge_sol;0;man_best_sol;0;man_combine_sol;0

Waiting [0]
Terminating workers True 0 0
MPI TERMINATING
