pydf_home: /home/rodolfo/git/Sucuri
simple_pycuda_home: /home/rodolfo/git/simple-pycuda
wamca2016path: /home/rodolfo/git/wamca2016/
localpath: /home/rodolfo/git/dvnd-df/code/dvnd-df/src/
WAMCAPATH:/home/rodolfo/git/wamca2016/
param: {solution_index:1, solution_instance_index:2, multi_gpu:True, goal:False, problem_name:ml, number_of_moves:10, device_count:2, solver:rvnd, mpi_enabled:True, workers:1}
Using already created file:  wamca2016lib.so
Size: 100 - file name: 02_kroD100.tsp

Value - initial: 8224238-[36 59 18 97 91 33 13 15 27 88 52 51 93 10 57 92 53 72 67  3 87 56 66 80  7
 28  1 55 61 14 81 26 22 30 54 46 86 60 39 38 70 21 78 11  4  0 90 19 58 65
 99 16 34 96 84 83 35 73 32 41 74 62 82 20 40  6  8 68 43 76  5 23 25 44 42
 45 31 75  2  9 49 50 95 24 98 69 77 89 64 12 79 63 71 48 37 94 85 17 47 29] - 8224238
Solver: RVND, number of workers: 1
Setting feeder affinity
I am the master. There are 1 mpi processes. (hostname = gpu01)
Roots [<pyDF.nodes.Feeder object at 0x7f5d4dbc3ad0>]
Starting 0
Main loop
I am worker 0
GPU0
set random seed!
Initial: 8224238-[36 59 18 97 91 33 13 15 27 88 52 51 93 10 57 92 53 72 67  3 87 56 66 80  7
 28  1 55 61 14 81 26 22 30 54 46 86 60 39 38 70 21 78 11  4  0 90 19 58 65
 99 16 34 96 84 83 35 73 32 41 74 62 82 20 40  6  8 68 43 76  5 23 25 44 42
 45 31 75  2  9 49 50 95 24 98 69 77 89 64 12 79 63 71 48 37 94 85 17 47 29]
Final time: 0.523643016815s - Best: 1056860-[36 50 18  1 99 29 34 61 52 59 43 92  3 70 42 76 63 58  2 82 39  5 17 84 95
 85 64 13 67 32 44 98 30 77 79 75 68 62 53 90 38 72 40 23 26 87 78 12  0 49
 10 89 16 93 31 96 97 48 69 88 41 22  7 51 65 37 33 80 83 14 15  4  8  9 20
 46 11 27 55 94 25 86 47 91 54 19 24 81 56 71 60 73  6 74 66 35 28 57 21 45]
Value - initial: 8224238, final: 1056860, improveup: 7.78176674299

data-line;i;8224238;f;1056860;t;0.523643016815;c;-2;fv;[1056860L];cv;-1;imp;7.78176674299;type;rvnd;inum;1;w;1

time;0.523643016815;man_time;0;neigh_time;0
man_time;0;man_merge_sol;0;man_best_sol;0;man_combine_sol;0

Waiting [0]
Terminating workers True 0 0
MPI TERMINATING
