pydf_home: /home/rodolfo/git/Sucuri
simple_pycuda_home: /home/rodolfo/git/simple-pycuda
wamca2016path: /home/rodolfo/git/wamca2016/
localpath: /home/rodolfo/git/dvnd-df/code/dvnd-df/src/
WAMCAPATH:/home/rodolfo/git/wamca2016/
param: {solution_index:6, solution_instance_index:11, multi_gpu:True, goal:False, problem_name:ml, number_of_moves:10, device_count:2, solver:rvnd, mpi_enabled:True, workers:1}
Using already created file:  wamca2016lib.so
Size: 783 - file name: 07_rat784.tsp

Value - initial: 68757489-[  4 468 621 120  89 107 779 112 372 158 458   7 155 694 258 535 500 755
 498 291 451 295 149 281 714  39 177 212 556 410 561 445 782 344 608 296
 192 152 640 229 746 173 461 507 540 552 555 697 385  20  53 166 766 318
  31 128 517 124 501 656 307 357 471 404 355 127 515 651 521 270 600 293
 101 285 513  59 255 238 105 576 675  75 119 669 649 473 588 401 529 686
 769 724 528 534 636 328 657 605 652 351 762 259 265  90 488 574 188 391
 148 655 618 696 520 170 218 691 566 607 338 464 772 548 602   6 309 252
 730 573 341 123 437 235 489 549 684 738 685 205 416  99 405 208  77 519
 593 201   3 440  60 348 396 110 165 248  93 424  68 104  44 634 682 421
 481 731 326 495   2 491 363 741 559 139 233 353 115  88 446 456 585 325
  61 190 710 226 413 637 546 635 230 195 327 261 322  81 305 557 531 514
 431 428 522 283 603 768 538 693 272 680 200 374  18  33 771 611 273 246
 518  80 383 436 776 250 627 744 125 733  87 476 121 737  63 708 499 408
 728 587 323 225 379 113 109 303 240 663 373 648  32 187 266   8 459 106
 237 362 449 570 455 747  62 232 151  47 718 545 695 661 748 329 324 701
 645 429 662 703  12 438 506 494 592 770 630 339  41 279 319 679 280 673
 604 269  72 729 345 183 209 589 754 242 332 137 474 736 453 365  26 485
 670 719 571 742 749 211 138 712 407  98 606 478 722 418 169 114 147 505
 103 700 297 595 472  37 477 178  50 289 764 397 688  66 690 321 382 543
 633 653 758  55 197 231 181 389 681 781 617 443 160 447 567 126  91  69
 650 294 547 591  17 102 223 590 172  19 647 723 469 666 659 249 778 334
 414 412 262 583 704 400 288 361 352 487  27 435 616 677 198 213 315 378
 612 433 699 134   9 582  35  82 562 425  83 625 765 220  86 750  49 199
 221 720 298 267 560 725 202 247 264 430 462 643  79 609 523 343 392 118
 174 340  22 384  30 483 463 236 302 150 541 628 427 544 671 260  84 672
 131 452 743  54 654 217 350 475  10 457  52 668 411 536 287 761 757 689
 251 359 614 596 444 664 171 581 368 313 448 613 422 377 133 380 482 579
 282 721 203 245 713 108 442 493 333 167 624  95  34 577 386 140 393 185
 227 159  29 388 759 502 530 641  28 572  73 711 623 504 122 403 306 349
 189 707 615 678 767 394 367  76 219 100 465 497 395 204 780  43  64 739
 646  24 387 553  65 533 717 206  51 610 191 434 480 406 423 399 299 745
 168 508  94 598 130 111  70 243 417  71 142 702 292 584 381  13 709 129
 490 510 774 276 426 116 336 228 568 316 644 371 146 215 337 580 375 360
 311 153 716 275 268 632 692 777 157 320 271 698 161 439 330  25  46 193
 751 335 175 132 496 254 239 639 752 376 186 631 314 390 727 136 683 214
 141 222 224 216 180 356 484 300 715  40 135   0 658 706 586 479 145 263
 492 512  57 253 308 705 277 301  67 526  48 257 558 734 419 511 182 256
 369 154 626  96 565 244   1   5 278 241 398 420 760 162 196  78 619 569
  56 563 620  38  92 210 441 676  74 687 143 775 234 597 542 347 578  23
 466 773 732 740 415 667 629  42 194 179 665 274 735  45 358 163  16 346
 599 164 486 537 364 284 470 539 753 551  21 726  14 409 286  36 638 525
 331 642 366 312 370 432 450 524 594  58 554 575 660 144 402 622 207 763
 532 527  15  97 550 674  11 342  85 317 176 564 310 156 117 304 467 509
 460 184 454 756 601 290 516 503 354] - 68757489
Solver: RVND, number of workers: 1
Setting feeder affinity
I am the master. There are 1 mpi processes. (hostname = gpu01)
Roots [<pyDF.nodes.Feeder object at 0x7f10dec30ad0>]
Starting 0
Main loop
I am worker 0
GPU0
set random seed!
Initial: 68757489-[  4 468 621 120  89 107 779 112 372 158 458   7 155 694 258 535 500 755
 498 291 451 295 149 281 714  39 177 212 556 410 561 445 782 344 608 296
 192 152 640 229 746 173 461 507 540 552 555 697 385  20  53 166 766 318
  31 128 517 124 501 656 307 357 471 404 355 127 515 651 521 270 600 293
 101 285 513  59 255 238 105 576 675  75 119 669 649 473 588 401 529 686
 769 724 528 534 636 328 657 605 652 351 762 259 265  90 488 574 188 391
 148 655 618 696 520 170 218 691 566 607 338 464 772 548 602   6 309 252
 730 573 341 123 437 235 489 549 684 738 685 205 416  99 405 208  77 519
 593 201   3 440  60 348 396 110 165 248  93 424  68 104  44 634 682 421
 481 731 326 495   2 491 363 741 559 139 233 353 115  88 446 456 585 325
  61 190 710 226 413 637 546 635 230 195 327 261 322  81 305 557 531 514
 431 428 522 283 603 768 538 693 272 680 200 374  18  33 771 611 273 246
 518  80 383 436 776 250 627 744 125 733  87 476 121 737  63 708 499 408
 728 587 323 225 379 113 109 303 240 663 373 648  32 187 266   8 459 106
 237 362 449 570 455 747  62 232 151  47 718 545 695 661 748 329 324 701
 645 429 662 703  12 438 506 494 592 770 630 339  41 279 319 679 280 673
 604 269  72 729 345 183 209 589 754 242 332 137 474 736 453 365  26 485
 670 719 571 742 749 211 138 712 407  98 606 478 722 418 169 114 147 505
 103 700 297 595 472  37 477 178  50 289 764 397 688  66 690 321 382 543
 633 653 758  55 197 231 181 389 681 781 617 443 160 447 567 126  91  69
 650 294 547 591  17 102 223 590 172  19 647 723 469 666 659 249 778 334
 414 412 262 583 704 400 288 361 352 487  27 435 616 677 198 213 315 378
 612 433 699 134   9 582  35  82 562 425  83 625 765 220  86 750  49 199
 221 720 298 267 560 725 202 247 264 430 462 643  79 609 523 343 392 118
 174 340  22 384  30 483 463 236 302 150 541 628 427 544 671 260  84 672
 131 452 743  54 654 217 350 475  10 457  52 668 411 536 287 761 757 689
 251 359 614 596 444 664 171 581 368 313 448 613 422 377 133 380 482 579
 282 721 203 245 713 108 442 493 333 167 624  95  34 577 386 140 393 185
 227 159  29 388 759 502 530 641  28 572  73 711 623 504 122 403 306 349
 189 707 615 678 767 394 367  76 219 100 465 497 395 204 780  43  64 739
 646  24 387 553  65 533 717 206  51 610 191 434 480 406 423 399 299 745
 168 508  94 598 130 111  70 243 417  71 142 702 292 584 381  13 709 129
 490 510 774 276 426 116 336 228 568 316 644 371 146 215 337 580 375 360
 311 153 716 275 268 632 692 777 157 320 271 698 161 439 330  25  46 193
 751 335 175 132 496 254 239 639 752 376 186 631 314 390 727 136 683 214
 141 222 224 216 180 356 484 300 715  40 135   0 658 706 586 479 145 263
 492 512  57 253 308 705 277 301  67 526  48 257 558 734 419 511 182 256
 369 154 626  96 565 244   1   5 278 241 398 420 760 162 196  78 619 569
  56 563 620  38  92 210 441 676  74 687 143 775 234 597 542 347 578  23
 466 773 732 740 415 667 629  42 194 179 665 274 735  45 358 163  16 346
 599 164 486 537 364 284 470 539 753 551  21 726  14 409 286  36 638 525
 331 642 366 312 370 432 450 524 594  58 554 575 660 144 402 622 207 763
 532 527  15  97 550 674  11 342  85 317 176 564 310 156 117 304 467 509
 460 184 454 756 601 290 516 503 354]
Final time: 12.9813890457s - Best: 3494419-[  4   2  18  29  47  38  62  75  82  64  57  52  46  45  40  66  69  79
  96 109 116 122 138 146 154 159 152 161 155 150 151 142 136 132 119 110
 106  93  97  94 111 107 104 101  88  73  76  63  70  84  67  85  81  71
  91 102  92  89  90  72  59  54  43  26  25  20  15  23  27  33   3  10
  12  37  42  65  74  86  83  78 100 105 108 113 121 141 147 167 169 176
 180 193 213 222 244 251 260 278 283 297 308 323 333 341 368 373 378 377
 361 360 348 336 337 339 347 363 372 367 384 387 402 414 413 399 401 431
 449 439 446 453 450 420 427 441 460 461 489 503 515 522 537 549 545 548
 544 531 543 536 527 524 508 501 487 492 513 523 521 526 542 557 564 569
 576 555 540 535 534 520 506 504 493 495 496 486 488 479 473 458 447 436
 433 417 416 410 390 374 379 385 380 353 359 371 369 376 346 349 345 352
 364 370 388 391 404 425 432 421 437 454 462 459 472 455 448 429 423 419
 407 408 409 418 430 438 434 440 463 469 468 466 476 482 490 499 514 528
 551 577 565 562 563 586 583 590 602 608 621 635 629 645 650 665 668 685
 694 698 709 699 700 726 749 748 739 747 765 773 772 776 778 767 758 756
 738 731 742 757 764 759 744 735 734 717 704 708 724 733 737 703 696 682
 671 664 658 651 647 677 687 670 678 684 679 689 697 691 690 680 656 648
 627 620 616 606 587 556 546 539 530 517 518 512 494 491 485 507 511 516
 538 560 568 561 578 585 593 579 567 575 559 547 532 525 510 498 471 481
 465 457 452 442 424 406 400 389 386 381 355 358 351 342 304 312 301 288
 276 275 254 245 238 229 230 226 221 248 247 272 277 273 285 266 255 242
 223 203 201 207 216 205 189 199 197 178 175 162 168 156 163 164 172 181
 208 210 211 218 224 232 231 239 257 258 249 268 252 250 261 274 256 236
 209 200 187 182 158 153 140 131 130 129 128 143 123 120 125 117  98  60
  58  49  61  53  41  50  68  77 103 112 118 144 157 165 173 177 191 202
 190 188 196 212 220 225 243 228 227 219 240 246 263 264 279 284 296 295
 303 313 328 340 330 319 307 309 287 270 271 262 259 282 281 286 300 311
 317 325 335 329 321 344 332 320 299 306 315 331 324 322 318 326 334 357
 343 327 362 383 394 422 428 435 444 451 483 484 505 529 533 550 553 595
 623 639 637 625 610 596 597 589 598 611 626 633 612 618 640 643 659 674
 660 683 706 712 732 736 718 719 720 725 688 692 715 707 701 723 741 740
 722 729 730 745 762 769 779 780 763 755 751 750 781 782 774 770 766 752
 743 727 714 702 693 695 716 713 711 710 686 681 676 657 655 622 619 624
 634 642 662 646 669 675 673 667 666 663 672 649 661 653 652 638 630 632
 613 599 600 604 588 609 617 641 631 628 614 636 615 605 592 603 580 572
 558 571 570 574 552 519 497 477 467 474 464 445 415 382 350 310 294 302
 291 280 289 292 305 290 298 316 293 269 265 241 235 234 214 215 204 194
 195 183 174 185 179 171 184 145 124  87  55  48  51  56  44  36  24  14
   0  16  22   1   6  17  11   8   9  32  28   7  19  35  30  34  21  13
  31  95 133 134 148 170 192 198 217 233 253 314 356 366 393 403 405 412
 443 478 480 502 554 582 584 601 607 594 591 581 566 573 509 470 426 411
 397 395 398 354 237 206 166 149 137 127 139 115  80  99 114 126 135 160
 186 267 338 365 396 375 392 456 500 475 541 644 654 705 721 760 746 768
 777 771 775 753 754 761 728  39   5]
Value - initial: 68757489, final: 3494419, improveup: 19.6763722381

data-line;i;68757489;f;3494419;t;12.9813890457;c;-2;fv;[3494419L];cv;-1;imp;19.6763722381;type;rvnd;inum;6;w;1

time;12.9813890457;man_time;0;neigh_time;0
man_time;0;man_merge_sol;0;man_best_sol;0;man_combine_sol;0

Waiting [0]
Terminating workers True 0 0
MPI TERMINATING
