pydf_home: /home/rodolfo/git/Sucuri
simple_pycuda_home: /home/rodolfo/git/simple-pycuda
wamca2016path: /home/rodolfo/git/wamca2016/
localpath: /home/rodolfo/git/dvnd-df/code/dvnd-df/src/
WAMCAPATH:/home/rodolfo/git/wamca2016/
param: {solution_index:3, solution_instance_index:17, multi_gpu:True, goal:False, problem_name:ml, number_of_moves:10, device_count:2, solver:rvnd, mpi_enabled:True, workers:1}
Using already created file:  wamca2016lib.so
Size: 318 - file name: 04_lin318.tsp

Value - initial: 92175088-[243 214 132 204  24 198 275 296  80 112  20 288  14 168 248  67 128  63
 170  78 255 249 111 220 120 213  64 270 233 298 314 115 181  16 105  13
  36  88 123 136 143 151  68 101 251 305 191  72 307  41 193  10  35  30
 109  54 104 228 159 221 291 116 130 240 150  90 177  39 208 250   9  32
  62  84 166 304 118 185 156  46 227  37 239 236 186  61 259 160  21 192
 157 317 129 139   6  87 174 175 195  45 308 152 114 199 238 219 190  15
  50 309 122  89 241  75  25 261 202 267 245 183 272 182 312 269  53 119
 310 203 113 290  27 263 273  79  56 165 178  59 205 127  60 229 162  17
  38  11 316 212 125 149 301 207 277 282  44 146 197 287 133 252 226 225
 217 155 209  55  66  81 210  12 293 108  26 279 295 266   8 258 315 131
 126 311  85 283 215 107  42  91   4  22 256 200  65  83 286  52 289 173
   3  99 154 223   7  48 180  57 142 137 176 257 237 232 171  77 253 265
 254   5 110  58 102  94 281 280  31 262 234 140 167 169 300   1   0  40
  70  97 235 278 172 260 148 138 145  71 303  93 147 158  92 188  76 134
 292  23  29  28 179 246 100 103  82  43 164  33  95  19  74 187   2 201
 285  51 218  47 274 161  49 135 230 244  69  73 106 242  18 313 224 264
 194 222 189  98 124 276 302 284 153  86 211 247 184 297 141 216 271 206
  34 231 121 117 144  96 299 268 163 294 196 306] - 92175088
Solver: RVND, number of workers: 1
Setting feeder affinity
I am the master. There are 1 mpi processes. (hostname = gpu01)
Roots [<pyDF.nodes.Feeder object at 0x7fc8d74e2ad0>]
Starting 0
Main loop
I am worker 0
GPU0
set random seed!
Initial: 92175088-[243 214 132 204  24 198 275 296  80 112  20 288  14 168 248  67 128  63
 170  78 255 249 111 220 120 213  64 270 233 298 314 115 181  16 105  13
  36  88 123 136 143 151  68 101 251 305 191  72 307  41 193  10  35  30
 109  54 104 228 159 221 291 116 130 240 150  90 177  39 208 250   9  32
  62  84 166 304 118 185 156  46 227  37 239 236 186  61 259 160  21 192
 157 317 129 139   6  87 174 175 195  45 308 152 114 199 238 219 190  15
  50 309 122  89 241  75  25 261 202 267 245 183 272 182 312 269  53 119
 310 203 113 290  27 263 273  79  56 165 178  59 205 127  60 229 162  17
  38  11 316 212 125 149 301 207 277 282  44 146 197 287 133 252 226 225
 217 155 209  55  66  81 210  12 293 108  26 279 295 266   8 258 315 131
 126 311  85 283 215 107  42  91   4  22 256 200  65  83 286  52 289 173
   3  99 154 223   7  48 180  57 142 137 176 257 237 232 171  77 253 265
 254   5 110  58 102  94 281 280  31 262 234 140 167 169 300   1   0  40
  70  97 235 278 172 260 148 138 145  71 303  93 147 158  92 188  76 134
 292  23  29  28 179 246 100 103  82  43 164  33  95  19  74 187   2 201
 285  51 218  47 274 161  49 135 230 244  69  73 106 242  18 313 224 264
 194 222 189  98 124 276 302 284 153  86 211 247 184 297 141 216 271 206
  34 231 121 117 144  96 299 268 163 294 196 306]
Final time: 3.41946601868s - Best: 6308789-[243 244 226 225 227 234 235 236 233 228 229 232 237 239 240 241 238 231
 230 312 224 220 219 117 118 121 120 122 129 130 131 128 123 132 127 124
 207 125 126 133 134 135 136  33  34  38  37 144 149 152 154 159 160 209
 168 173 174 178 179 185 184 180 177 176 181 183 188 187 186 182 175 172
 171  64  65  69  68  73  74  80  79  75  72  71  76  78  83  84  82  81
  77  70  67  66  63 104  58  55  54  49  47  44  48  39 103  32  31  30
  29  28  21  20 102  14  10   9   6   5   1   0   2  11  19  22  27  26
  23  18  15  16  17  24  25  35  36  41  40  42  45  51  43  46  50  53
  56  52  57  61  62  87  86 189 190 193 194 199 198 204 311 310 306 305
 301 300 302 298 299 290 284 283 279 278 282 285 289 295 288 286 281 276
 277 280 287 291 292 293 294 191 192 170 169 165 164 268 265 264 259 257
 254 253 256 260 263 266 267 262 261 255 252 250 251 248 247 317 269 270
 274 275 272 271 314 258 249 313 242 221 216 215 211 210 108 109 113 112
 107 105 106   3   4 110 111 114 115  12  13 119 116 137 140 141 139 138
 142 143 146 145 147 150 156 157 162 167 166 161 158 155 151 148 208 153
 163  59  60  89  88  85  90  91  95  96 100 101  92  97  98  94  93  99
 206 205 201 200 196 195 197 202 203 307 308 309 304 303 296 297 273 245
 246 223 222 213 214 218 217 212   8   7 315 316]
Value - initial: 92175088, final: 6308789, improveup: 14.6105834258

data-line;i;92175088;f;6308789;t;3.41946601868;c;-2;fv;[6308789L];cv;-1;imp;14.6105834258;type;rvnd;inum;3;w;1

time;3.41946601868;man_time;0;neigh_time;0
man_time;0;man_merge_sol;0;man_best_sol;0;man_combine_sol;0

Waiting [0]
Terminating workers True 0 0
MPI TERMINATING
