pydf_home: /home/rodolfo/git/Sucuri
simple_pycuda_home: /home/rodolfo/git/simple-pycuda
wamca2016path: /home/rodolfo/git/wamca2016/
localpath: /home/rodolfo/git/dvnd-df/code/dvnd-df/src/
WAMCAPATH:/home/rodolfo/git/wamca2016/
param: {solution_index:6, solution_instance_index:60, multi_gpu:True, goal:False, problem_name:ml, number_of_moves:10, device_count:2, solver:rvnd, mpi_enabled:True, workers:1}
Using already created file:  wamca2016lib.so
Size: 783 - file name: 07_rat784.tsp

Value - initial: 73433130-[  4 532  40  62 482 498 659  33 281 518 228  93 197 204  45  21  29 763
 718   9 172 184 631 363 648 634  57  71 681 110 775 339 406 494 314 187
 113 351 687 129 308 248  42 461 730 440 393 306 545 161 700  31 493 300
  51 222 585 467 354 568 514 397 697 336 576 446 511 724 505 675 560  43
 360 220 342 412 617   1 582 727 735  88 685 738 119 714  36  23 737 295
 753 402 655 259 573  76 260 669 396 670 233 592 243 616 404 528 391 427
 423 293 361 754 755 610  10  96 326 557 569 529 688 144  32 584  25  60
 133 226 748 128 456 622  15 530 597 499 713 652 767 381 696 282 367 477
 328 644 269 678 764 399 716  74 489 636 372 682 100 647 101 667 496 206
 491 462 544 553 242 355 143 591 151 246 660 425 136 699 208 221 445 378
 562 153  81 470 141 448 642 486 750 148 693 213 229 630 407 185 702 599
 155 705 771 722 219 386 117 322 266 469   7 739 605 390 183 312 237 689
 624 524 318 691 485 589  12 720 618 332 707 252 552  30  47 487 734 398
 433 745 203 441 212 247 409 171  83 384 450 472 723 424  41 443 743 331
  90 623 112 769 751 594 781 662 517  27 224 731 534 452 321 277 118 205
 238  64  24 194 267 413  79  94 728 262 484 330 442 169 526  67  82 353
 315 473 188 572 436 165 626 488 454  98 430 135 288 683 225 302 522  86
  73 417 157   8 290 782 324 124 138 595  61 170 760 541 369 389 613  13
 571 316 721 479 120 327  20 375 257 401 108 215 684 374 236 600 744 127
   0 235 686 320 387 554 598 211 515 439 174 715 275 263 606 762 516 297
 765 580 453 666   6 587 621  65 658 195 268 523   2 201 131 449 679 478
 609 502 125 164 590 241  48 646 752 480  99 279 627 638 575 588 190 217
 280 323 481  92 218 303 547 625 192 640 304 160  78 468 175 555 104 628
 162 676 189 578 770 239 392 711 134 465 298 507 383 274 420 619 346 296
  18 632 111 231  17 432  63 527 232 533 740 665  35 455 661 140 490  55
 199 152 692  44 341 772 546 191 733 773 690 464 596 196 548  58 677  54
 403 431 500  70 620 163 758 207 537 394 122 270 535 329 317 261 258 747
 657 173 132 717 415 444 577 182 284 150 639 422 708  50 710 209 149 650
 509 663 506 601 583 214 701 521 250 126 756 694 167 319 475 370 356 245
  80 778 299 566 416 614 435 271 202 593 418  66 357 283 611 459 256 612
 779 563 216 301 695 761 525 340   3 774 310 289 653 158 178 405 147 434
  72 115 471 603  26 251 651 451 556 510 559 349 664 674 766 503 410 641
 395 350 543 166  49 668  69 586 726 193 116 492 579  56 749 672 373 671
 130  85 347 725 495 285 273 272 570 414  14 198  87 121 366 137 501 538
  37 706  89 223 474 602 629  68 732  22 159 712 635 504 680 264 615 294
 338 371 536 645 200 227 105 574 335 388 531  95  84 607 337 168 177 463
 176 633 154 729 567 311 249 123 181 512 411 362 114 265 551  53 244 210
 376 637 278 358 313 460  97 542 345 426 458  75 608 519 145 325 508 307
 334 742 380  16 309 520  59 305 364 139 180 483 102 497 421 757 186 438
  11 746 377 276 103 254 419 447 643 408 513  46 240 179 673 736 109 719
 429 457 343 564 709 466 146 156 352 344 777  39 581 368 561 382   5 385
 291  28 549 365  19 106 776 704 379 107 359 649 400  77 780 253 759 604
 741  34 234 565 348 540 476 428 698 558 437 654 287  52  38 656 703 539
 550 142 768 286 292 333 255 230  91] - 73433130
Solver: RVND, number of workers: 1
Setting feeder affinity
I am the master. There are 1 mpi processes. (hostname = gpu01)
Roots [<pyDF.nodes.Feeder object at 0x7fbe6c2ecad0>]
Starting 0
Main loop
I am worker 0
GPU0
set random seed!
Initial: 73433130-[  4 532  40  62 482 498 659  33 281 518 228  93 197 204  45  21  29 763
 718   9 172 184 631 363 648 634  57  71 681 110 775 339 406 494 314 187
 113 351 687 129 308 248  42 461 730 440 393 306 545 161 700  31 493 300
  51 222 585 467 354 568 514 397 697 336 576 446 511 724 505 675 560  43
 360 220 342 412 617   1 582 727 735  88 685 738 119 714  36  23 737 295
 753 402 655 259 573  76 260 669 396 670 233 592 243 616 404 528 391 427
 423 293 361 754 755 610  10  96 326 557 569 529 688 144  32 584  25  60
 133 226 748 128 456 622  15 530 597 499 713 652 767 381 696 282 367 477
 328 644 269 678 764 399 716  74 489 636 372 682 100 647 101 667 496 206
 491 462 544 553 242 355 143 591 151 246 660 425 136 699 208 221 445 378
 562 153  81 470 141 448 642 486 750 148 693 213 229 630 407 185 702 599
 155 705 771 722 219 386 117 322 266 469   7 739 605 390 183 312 237 689
 624 524 318 691 485 589  12 720 618 332 707 252 552  30  47 487 734 398
 433 745 203 441 212 247 409 171  83 384 450 472 723 424  41 443 743 331
  90 623 112 769 751 594 781 662 517  27 224 731 534 452 321 277 118 205
 238  64  24 194 267 413  79  94 728 262 484 330 442 169 526  67  82 353
 315 473 188 572 436 165 626 488 454  98 430 135 288 683 225 302 522  86
  73 417 157   8 290 782 324 124 138 595  61 170 760 541 369 389 613  13
 571 316 721 479 120 327  20 375 257 401 108 215 684 374 236 600 744 127
   0 235 686 320 387 554 598 211 515 439 174 715 275 263 606 762 516 297
 765 580 453 666   6 587 621  65 658 195 268 523   2 201 131 449 679 478
 609 502 125 164 590 241  48 646 752 480  99 279 627 638 575 588 190 217
 280 323 481  92 218 303 547 625 192 640 304 160  78 468 175 555 104 628
 162 676 189 578 770 239 392 711 134 465 298 507 383 274 420 619 346 296
  18 632 111 231  17 432  63 527 232 533 740 665  35 455 661 140 490  55
 199 152 692  44 341 772 546 191 733 773 690 464 596 196 548  58 677  54
 403 431 500  70 620 163 758 207 537 394 122 270 535 329 317 261 258 747
 657 173 132 717 415 444 577 182 284 150 639 422 708  50 710 209 149 650
 509 663 506 601 583 214 701 521 250 126 756 694 167 319 475 370 356 245
  80 778 299 566 416 614 435 271 202 593 418  66 357 283 611 459 256 612
 779 563 216 301 695 761 525 340   3 774 310 289 653 158 178 405 147 434
  72 115 471 603  26 251 651 451 556 510 559 349 664 674 766 503 410 641
 395 350 543 166  49 668  69 586 726 193 116 492 579  56 749 672 373 671
 130  85 347 725 495 285 273 272 570 414  14 198  87 121 366 137 501 538
  37 706  89 223 474 602 629  68 732  22 159 712 635 504 680 264 615 294
 338 371 536 645 200 227 105 574 335 388 531  95  84 607 337 168 177 463
 176 633 154 729 567 311 249 123 181 512 411 362 114 265 551  53 244 210
 376 637 278 358 313 460  97 542 345 426 458  75 608 519 145 325 508 307
 334 742 380  16 309 520  59 305 364 139 180 483 102 497 421 757 186 438
  11 746 377 276 103 254 419 447 643 408 513  46 240 179 673 736 109 719
 429 457 343 564 709 466 146 156 352 344 777  39 581 368 561 382   5 385
 291  28 549 365  19 106 776 704 379 107 359 649 400  77 780 253 759 604
 741  34 234 565 348 540 476 428 698 558 437 654 287  52  38 656 703 539
 550 142 768 286 292 333 255 230  91]
Final time: 29.2163078785s - Best: 3451299-[  4   2   9   8  11  32  28  38  47  63  70  84  98 117 137 156 163 164
 181 208 210 218 211 205 189 168 162 139 127 115 111 107 104 101  76  73
  88  94  97  75  82  93 106 110 119 132 136 142 151 160 175 178 197 199
 216 224 232 249 268 252 250 236 225 220 228 227 219 206 213 222 246 244
 251 271 270 262 259 282 287 307 309 336 337 339 347 363 382 372 367 384
 387 399 401 413 414 402 411 397 377 378 361 360 348 341 330 333 323 319
 297 308 295 296 303 313 328 340 354 368 373 393 405 403 412 398 395 420
 427 441 450 470 480 478 489 503 515 522 537 549 545 548 573 582 584 601
 619 622 624 634 642 655 657 662 669 675 673 667 666 663 672 661 653 652
 632 613 600 599 590 583 576 569 564 557 542 526 521 523 513 519 552 558
 571 572 580 603 605 592 591 581 566 544 531 543 536 527 524 508 501 497
 477 467 453 446 439 449 464 474 487 492 488 479 473 486 496 495 493 475
 463 469 468 440 447 436 433 417 416 410 390 374 379 385 380 350 353 335
 329 321 302 291 280 289 299 306 315 331 324 322 338 345 352 364 370 388
 391 404 421 432 425 429 423 448 455 459 472 494 512 518 517 530 546 539
 538 560 568 561 578 597 596 585 593 610 625 623 639 637 647 651 658 664
 671 682 696 703 724 733 737 746 760 771 764 759 744 735 734 717 704 708
 687 677 670 678 684 679 689 674 659 654 644 633 626 611 589 598 612 618
 616 627 620 606 586 602 608 621 635 629 645 650 665 668 683 694 698 719
 718 736 732 712 706 691 690 697 721 731 738 742 757 758 756 767 778 776
 772 773 765 747 739 725 720 709 699 700 692 707 701 715 722 729 730 726
 749 748 761 769 762 745 740 741 751 755 763 750 727 743 752 728 711 710
 713 716 714 702 695 693 646 636 615 614 628 631 641 638 630 617 609 588
 570 574 541 540 555 563 565 562 534 535 520 504 506 500 499 490 482 476
 456 438 430 434 418 409 408 407 392 376 369 371 359 325 317 310 294 311
 300 281 286 274 261 256 243 212 200 209 172 149 143 123 120 125  85  67
  60  58  35  29  18   7  19  30  49  61  53  50  41  34  21  13  31  15
  20  25  26  23  27  33   3  10  12  37  42  59  54  43  68  92  77  89
 103 112 118 144 147 141 121 113 108  95  90  72  65  74  86  83  78 100
 105 134 133 148 167 169 193 180 176 170 192 198 217 233 253 284 279 264
 263 278 283 260 240 202 191 177 173 165 157 166 188 190 196 187 182 158
 153 140 131 130 129 128 102  91  71  81  62  57  52  46  64  45  40  66
  80  99  79  69  56  44  36  22  17   6   1  16   0  14  24  51  48  55
  87  96 109 114 122 116 124 145 138 146 154 159 171 179 185 204 229 230
 226 221 248 273 272 277 275 276 288 301 293 316 318 326 334 343 357 365
 381 386 389 400 396 406 424 437 442 452 451 457 465 483 484 505 511 516
 533 529 550 553 579 595 575 567 559 547 532 525 510 498 481 471 444 435
 428 422 394 383 362 351 358 355 342 327 312 304 269 265 241 234 214 215
 235 238 245 254 247 242 203 183 195 194 174 152 126 135 150 155 161 186
 201 207 223 239 231 258 257 267 255 266 285 298 290 305 292 320 332 344
 346 349 375 419 454 462 485 491 507 556 587 640 643 680 656 660 648 577
 551 528 514 466 458 445 415 431 426 443 460 461 502 509 554 594 607 676
 681 686 723 766 770 774 782 781 780 779 754 753 775 777 768 705 685 688
 649 604 366 356 314 237  39   5 184]
Value - initial: 73433130, final: 3451299, improveup: 21.2769539817

data-line;i;73433130;f;3451299;t;29.2163078785;c;-2;fv;[3451299L];cv;-1;imp;21.2769539817;type;rvnd;inum;6;w;1

time;29.2163078785;man_time;0;neigh_time;0
man_time;0;man_merge_sol;0;man_best_sol;0;man_combine_sol;0

Waiting [0]
Terminating workers True 0 0
MPI TERMINATING
