pydf_home: /home/rodolfo/git/Sucuri
simple_pycuda_home: /home/rodolfo/git/simple-pycuda
wamca2016path: /home/rodolfo/git/wamca2016/
localpath: /home/rodolfo/git/dvnd-df/code/dvnd-df/src/
WAMCAPATH:/home/rodolfo/git/wamca2016/
param: {solution_index:6, solution_instance_index:55, multi_gpu:True, goal:False, problem_name:ml, number_of_moves:10, device_count:2, solver:rvnd, mpi_enabled:True, workers:1}
Using already created file:  wamca2016lib.so
Size: 783 - file name: 07_rat784.tsp

Value - initial: 73280196-[695 585  31 206 374 160 292  50 375 411  54   2 747 395  75 451 611 539
 762 558 240 186 357 164 344 523 662 780 584 615 761 385 194  78 593 107
 588  73 687 228 536 170 766 311  40 134 702 314  26 609 195 138 315 117
 211 765 139 486 386 328 406 387 297 352 402 665 302 490 679 697 529 703
 276 625 652 174 674 452  55 748  44 495 400 141 594   7 370 193 317 565
 243 416 466 711 128 634  57 113 203 407 144 562 649 579 372 178 688 470
  61 481 100 746 278 496 716 412 633 492 363 159 246 428 405 738  70 535
 719  12 616 663  83 514 777 162 335 435 476 727 172 693 343  84 484 541
 379 635 714 504  81 654 377 309 337  18 768 355 673  49 459 112 293 399
 223 730  51 667 524 423 754 181 109 694 774 723 691 209  62 119  32 779
 543 656   6  67   1 552 450 306 534 592  19 415 617 613 348 230 582 163
 548 661 288 254 196 686 207 173 755 494 554 321 689 291 136 506 168 273
 247 493 187 127 601 721 578  16 717  47 248 404 574 383  37 142 457 728
   5 683 158 432 664 250 310 528 397 666  41 333 245 684  66 409 726  23
  22 217 369 285  45 359 658 205 518 342 272 121 340 471 705 618 426 123
 603 545 519 255 771 166 275 468 298 473 320 130 382  87 414 480  99 189
 237 303 628 378 235 488 102 296 563 301 632 347 681 758  76 253 550 522
 720 210 575  60 629 114 447 507 756 307 271 132 256 354  15 445 560 489
 198 191 214 358 576 699 368 208 424 655  21 143 752  39 724 456 440 571
 169 644 516 129 653 692 149 735 636 244 544 392 557 750 232 380 740 709
 605 420 763 505  25 231 478 570 364 401 526 610 257 706 197 485 269  30
  98 696  88 371 441 455 366 749  91 384 708 449 599 627  74 776 614 474
 620 559 458 239 165 778 646 233 312 512 469 334 258 527 184 421 732 443
 213  89 659 104 517 638 393 268  97  82 769 678 642 751 547 607 362  96
 520 304 733  56 437 351 701 322 690 182 722 513 462 498 190 660 346 365
 249 313 124 619  95 376 454 600 373 148 531  71 332 120 623  77 773 444
  93 710 698 430 741 323 564 675 300 175 568 759  20 417 608 553 525 461
 105 502 433 126 338 103 569 510 389 647 586 511 532 115 446 396 150 367
  85 324 280 596 327 185  46  65 202 177  69 718 264 477 154 345 509 325
 472 171 622 131 595 704 356 581 736 349 770  68 680  53 491 670 482 668
 259 391 262  43 757 361 219 580 427 742 267 648 167 743 331 464  92 422
 497  35 744 530 153 204 242 549 606 566 577 145 479 731 381 308 467 350
 388  58 745 152 224 403 657 192 626 672 265  33 279 453  86 538 289 475
 161 555  11 612 772 640 111 218 122 573 410 434 229 500  36   8  64 503
 567 542 781 261  13  17 737 639 767 108 227 118 266 390 533 222 179 438
 413 147 236 501 707 448   9 316 183 101 135 537 621 682 521 775 734 106
 220  27  59  34 199 602 394 419 133 597  79 241 146 729  72  10 760  94
 508 251 270 515 284 551 589 319  29 216 643 700 234 326 252 360  80 176
 180 408 561 398 286 637   3 290 274 487 295 330 546 283  48 201 157 442
 212 671 677 225 572 429 753 782  28  14 137 712 713 483 318 226 418 764
 339 116 556 631 238 715 200 590 499 341   0  90 436 650 540 336 151 188
 651 140 669 739 329 583  24  63 676  42 282 604 685  52 460 439 263 725
 281 221 155 624 645 215 110 353 305 156  38 431 463 425 641 465 587 125
 294 260 277 598 299   4 591 630 287] - 73280196
Solver: RVND, number of workers: 1
Setting feeder affinity
I am the master. There are 1 mpi processes. (hostname = gpu01)
Roots [<pyDF.nodes.Feeder object at 0x7f9c55f79ad0>]
Starting 0
Main loop
I am worker 0
GPU0
set random seed!
Initial: 73280196-[695 585  31 206 374 160 292  50 375 411  54   2 747 395  75 451 611 539
 762 558 240 186 357 164 344 523 662 780 584 615 761 385 194  78 593 107
 588  73 687 228 536 170 766 311  40 134 702 314  26 609 195 138 315 117
 211 765 139 486 386 328 406 387 297 352 402 665 302 490 679 697 529 703
 276 625 652 174 674 452  55 748  44 495 400 141 594   7 370 193 317 565
 243 416 466 711 128 634  57 113 203 407 144 562 649 579 372 178 688 470
  61 481 100 746 278 496 716 412 633 492 363 159 246 428 405 738  70 535
 719  12 616 663  83 514 777 162 335 435 476 727 172 693 343  84 484 541
 379 635 714 504  81 654 377 309 337  18 768 355 673  49 459 112 293 399
 223 730  51 667 524 423 754 181 109 694 774 723 691 209  62 119  32 779
 543 656   6  67   1 552 450 306 534 592  19 415 617 613 348 230 582 163
 548 661 288 254 196 686 207 173 755 494 554 321 689 291 136 506 168 273
 247 493 187 127 601 721 578  16 717  47 248 404 574 383  37 142 457 728
   5 683 158 432 664 250 310 528 397 666  41 333 245 684  66 409 726  23
  22 217 369 285  45 359 658 205 518 342 272 121 340 471 705 618 426 123
 603 545 519 255 771 166 275 468 298 473 320 130 382  87 414 480  99 189
 237 303 628 378 235 488 102 296 563 301 632 347 681 758  76 253 550 522
 720 210 575  60 629 114 447 507 756 307 271 132 256 354  15 445 560 489
 198 191 214 358 576 699 368 208 424 655  21 143 752  39 724 456 440 571
 169 644 516 129 653 692 149 735 636 244 544 392 557 750 232 380 740 709
 605 420 763 505  25 231 478 570 364 401 526 610 257 706 197 485 269  30
  98 696  88 371 441 455 366 749  91 384 708 449 599 627  74 776 614 474
 620 559 458 239 165 778 646 233 312 512 469 334 258 527 184 421 732 443
 213  89 659 104 517 638 393 268  97  82 769 678 642 751 547 607 362  96
 520 304 733  56 437 351 701 322 690 182 722 513 462 498 190 660 346 365
 249 313 124 619  95 376 454 600 373 148 531  71 332 120 623  77 773 444
  93 710 698 430 741 323 564 675 300 175 568 759  20 417 608 553 525 461
 105 502 433 126 338 103 569 510 389 647 586 511 532 115 446 396 150 367
  85 324 280 596 327 185  46  65 202 177  69 718 264 477 154 345 509 325
 472 171 622 131 595 704 356 581 736 349 770  68 680  53 491 670 482 668
 259 391 262  43 757 361 219 580 427 742 267 648 167 743 331 464  92 422
 497  35 744 530 153 204 242 549 606 566 577 145 479 731 381 308 467 350
 388  58 745 152 224 403 657 192 626 672 265  33 279 453  86 538 289 475
 161 555  11 612 772 640 111 218 122 573 410 434 229 500  36   8  64 503
 567 542 781 261  13  17 737 639 767 108 227 118 266 390 533 222 179 438
 413 147 236 501 707 448   9 316 183 101 135 537 621 682 521 775 734 106
 220  27  59  34 199 602 394 419 133 597  79 241 146 729  72  10 760  94
 508 251 270 515 284 551 589 319  29 216 643 700 234 326 252 360  80 176
 180 408 561 398 286 637   3 290 274 487 295 330 546 283  48 201 157 442
 212 671 677 225 572 429 753 782  28  14 137 712 713 483 318 226 418 764
 339 116 556 631 238 715 200 590 499 341   0  90 436 650 540 336 151 188
 651 140 669 739 329 583  24  63 676  42 282 604 685  52 460 439 263 725
 281 221 155 624 645 215 110 353 305 156  38 431 463 425 641 465 587 125
 294 260 277 598 299   4 591 630 287]
Final time: 11.4450130463s - Best: 3377285-[695 702 714 716 713 710 711 681 676 657 655 662 669 675 673 667 666 646
 636 615 605 592 603 580 572 558 571 570 574 557 564 569 576 555 563 562
 565 577 556 551 528 534 535 540 520 506 500 499 490 482 476 466 468 469
 463 447 436 433 415 401 399 413 414 402 387 384 367 348 360 361 341 330
 333 323 319 336 337 339 347 350 353 359 335 329 325 317 311 300 309 307
 287 282 281 286 294 310 302 291 280 268 249 258 257 267 266 255 242 223
 239 231 232 224 216 205 199 197 178 175 162 168 156 139 127 111 115 132
 136 142 151 160 161 155 150 135 126 114  99  79  69  96  87  55  48  51
  56  44  36  24  14   0  16  22   1   6  17  11   8   9   2   4  28  32
  57  52  46  64  45  40  66  80 106 110  93  82  75  97  94  88  73  76
  63  70  60  58  35  29  18   7  19  30  49  61  53  41  34  21  13  31
  15  20  25  26  23  27  33   3  10  12  37  42  59  54  43  68  77  89
  92 102  91  71  81  85  67  84  98 101 104 107 117 125 120 123 143 149
 164 163 172 181 208 210 211 218 209 212 200 196 187 182 158 153 128 129
 140 131 130 157 165 173 177 191 188 190 202 219 227 228 220 225 236 250
 252 261 274 256 243 259 262 270 271 240 251 244 260 246 237 213 222 206
 169 167 147 144 118 112 103  90  95  72  65  74  86  83  78 100 105 108
 113 121 141 148 133 134 170 176 180 193 198 217 233 253 284 279 264 263
 278 283 297 308 295 296 303 313 328 340 354 368 373 395 398 420 426 446
 453 450 467 477 497 501 508 524 527 543 536 519 513 492 488 479 473 486
 496 495 493 504 514 512 518 517 530 546 539 538 507 511 516 505 484 485
 462 454 437 421 432 425 429 423 448 455 456 438 430 407 408 409 418 416
 417 410 390 385 380 379 374 371 376 369 344 332 320 306 299 289 292 315
 305 290 298 285 273 272 277 275 276 254 245 238 229 230 247 248 226 221
 203 207 201 186 183 195 194 174 159 154 146 138 122 116 124 145 171 179
 185 204 215 214 234 235 241 265 269 288 304 312 301 293 316 334 326 318
 322 324 331 346 349 345 352 364 370 391 388 396 406 400 389 386 381 365
 357 343 355 358 342 351 362 383 394 422 428 435 444 451 452 457 465 483
 481 471 498 510 525 532 547 550 529 533 553 561 578 560 568 589 598 612
 618 640 643 633 626 611 597 596 610 593 585 579 567 559 575 595 623 637
 639 664 671 682 696 703 724 733 737 746 734 744 735 742 738 731 705 689
 679 684 678 670 687 677 658 651 647 644 654 659 674 690 691 680 656 648
 660 668 665 685 694 698 706 712 718 719 736 732 756 758 767 778 776 772
 773 765 761 762 769 779 780 763 781 782 774 770 766 752 743 750 751 755
 741 723 701 707 715 722 729 730 726 749 748 739 725 720 709 699 700 688
 692 672 663 649 661 653 652 645 650 635 629 621 620 627 616 606 608 602
 586 590 583 599 600 613 604 609 617 630 638 641 631 628 614 607 594 591
 581 566 573 549 537 545 548 544 531 509 502 480 470 478 460 441 427 397
 411 439 449 464 474 487 458 445 431 382 363 372 377 378 356 366 393 403
 405 412 443 461 489 503 515 522 554 582 584 601 619 622 624 634 642 693
 686 728 727 740 745 747 754 753 775 757 759 764 771 760 777 768 708 704
 717 721 697 683 632 588 552 523 521 542 526 541 475 440 434 419 459 472
 494 491 442 424 404 392 375 338 327 184 109 152 119  62  38  47 137 189
 166  50   5  39 192 314 321 587 625]
Value - initial: 73280196, final: 3377285, improveup: 21.6979603439

data-line;i;73280196;f;3377285;t;11.4450130463;c;-2;fv;[3377285L];cv;-1;imp;21.6979603439;type;rvnd;inum;6;w;1

time;11.4450130463;man_time;0;neigh_time;0
man_time;0;man_merge_sol;0;man_best_sol;0;man_combine_sol;0

Waiting [0]
Terminating workers True 0 0
MPI TERMINATING
