pydf_home: /home/rodolfo/git/Sucuri
simple_pycuda_home: /home/rodolfo/git/simple-pycuda
wamca2016path: /home/rodolfo/git/wamca2016/
localpath: /home/rodolfo/git/dvnd-df/code/dvnd-df/src/
WAMCAPATH:/home/rodolfo/git/wamca2016/
param: {solution_index:6, solution_instance_index:81, multi_gpu:True, goal:False, problem_name:ml, number_of_moves:10, device_count:2, solver:rvnd, mpi_enabled:True, workers:1}
Using already created file:  wamca2016lib.so
Size: 783 - file name: 07_rat784.tsp

Value - initial: 72315577-[297 176 330 319 507  14 448 546 473 225 251 740 368 603 634 410 554 142
 128 197 392 693 600 727   9 616 719 760 258 317 703 602 532 352 534 229
 218 774 328 667   4 178 753 405 338 363  64 642 206 685 695 716 444 688
 422 491 476 714 652 254 436 406 584 302 192 375  12 661 737 159 768 750
 146 357 725  48 288  50 250 222 627 314 243 391  45 383 635 322 681  26
  47 701 440 212 682 595 257 411 779  65 605  84 778 396 311 508 175 656
 587  34 756 157 181  82 732 512 557 525 640 510 660 447 273 323 514 295
 419 190 387 567  46 731 690 134 594 629 180 767 479 687 772 591 246 303
 331  75 189 776 582 644 118 689 259 780 580 775 107 782 244 751 721 205
 377  59 234 654 697 421 598 241 759 482 291 649 208 403 263 764 224 520
  68   3 636 438 129 670  16 601 639 626 401  30 312 269 216 720 271  67
 671 489  90 646 100 663  20 698 545 450  63  32 771  96 763 339 280 318
  54 256 238 109 765 673 766 245 214 711 455 237  76 574 172 155 116 364
 108 361 577 637 647 466 614  49 398 597 529 513 620 707 101 717 561 443
 769 111 420 124 144 748 353 666 366 518 372  74 188 516 761  15 125 683
 294 462 428 456 477 342 233 475 657 572  86 648 385 161 457 253 309  13
 162 384 299 358 408 220 569 522  27 551 137 590 658 641 177 300 633 226
 484 399  18   8 549 495 153 173 158 260 409 168 426 432 632  69 758   1
 706 540 131 747  78 395 470 130 301 182 202 221 606 501  53  25 388  98
 148 313 623 592 452 451 359  40 200 505 538 362 459 449 686  71 193 413
 463 261 611 306 209 404  10  92 615 694 465 773 150  38 672 564 213 332
  85 380 530 215 293 315 184 708 735 543  81 453 354 115 619 102 702 608
 699 692  35 558 645 274 494 292 480 348 653 114 264 265 435 506 415 729
  33 679 575 183 378 454 423 613 185 738 120 471 547 674 583  23 521 418
 624 544 397 664 286 628 121 439 379  88 127 746 195  44 500 204 199 345
 327 431 252 563  97 119 499 537 186 278 704 117 346 570 445 474 228 365
 122 781 523 223 588 201 347 607 336 612 174 511 350 169  79 669 351 400
 304  91 434 715 638 659 320 650 755 248  66  72 310  58 329 515 709 211
 460 335 586 442  77 535 655 394 531 132 700 749  37 417 262  29 337 283
 662   6 232  52 402 676 113 389 573 478 524 430  19 341 282 210 170 166
 609   0 152 105 528 777 217 562 468 324 141 625 308 163 559 578 579 718
 502 446 360 705 236 275 138 139 374 713  11 458 427 272 485 165 104 492
   7 762 461 281 496 728 106 566 509  70  93 267  41 643 349 284 277 103
 610 249  94 235 472 651 668  83 724 240 770 488 110  99 536 171 344 370
 112 604 487 726 133 752   2 298 542 136 367 167 617 179 305 276 203 145
 723 490 541 321 568   5 599 754 548  87 382  60 741 425 296 618 147 712
 585 194 140 154 326 285 279  43  39 196 429 268 414 412 164 486 565  42
 381 333 684 143 555 343 757 230 316 733 289 469  62 355 160 527 621 149
  56 622 483 369 552 247  95 593 553 270 743 589 287 239 576  21 691 198
 219 742 156 424 334 533  31  80 526 696 550 722 680 390 123 677 497 231
  89  61 504  55 207 255 736 266 665 498 227 325 191 556 730 519 437 710
 441  17 739 433 675 539 745 356 290  57 596 242 734 386 371  36 678 467
 126 631 744 560  24 407  22 340 376 135  73 151 393  28 517 187 481  51
 503 416 464 307 493 373 571 581 630] - 72315577
Solver: RVND, number of workers: 1
Setting feeder affinity
I am the master. There are 1 mpi processes. (hostname = gpu01)
Roots [<pyDF.nodes.Feeder object at 0x7fa92e32aad0>]
Starting 0
Main loop
I am worker 0
GPU0
set random seed!
Initial: 72315577-[297 176 330 319 507  14 448 546 473 225 251 740 368 603 634 410 554 142
 128 197 392 693 600 727   9 616 719 760 258 317 703 602 532 352 534 229
 218 774 328 667   4 178 753 405 338 363  64 642 206 685 695 716 444 688
 422 491 476 714 652 254 436 406 584 302 192 375  12 661 737 159 768 750
 146 357 725  48 288  50 250 222 627 314 243 391  45 383 635 322 681  26
  47 701 440 212 682 595 257 411 779  65 605  84 778 396 311 508 175 656
 587  34 756 157 181  82 732 512 557 525 640 510 660 447 273 323 514 295
 419 190 387 567  46 731 690 134 594 629 180 767 479 687 772 591 246 303
 331  75 189 776 582 644 118 689 259 780 580 775 107 782 244 751 721 205
 377  59 234 654 697 421 598 241 759 482 291 649 208 403 263 764 224 520
  68   3 636 438 129 670  16 601 639 626 401  30 312 269 216 720 271  67
 671 489  90 646 100 663  20 698 545 450  63  32 771  96 763 339 280 318
  54 256 238 109 765 673 766 245 214 711 455 237  76 574 172 155 116 364
 108 361 577 637 647 466 614  49 398 597 529 513 620 707 101 717 561 443
 769 111 420 124 144 748 353 666 366 518 372  74 188 516 761  15 125 683
 294 462 428 456 477 342 233 475 657 572  86 648 385 161 457 253 309  13
 162 384 299 358 408 220 569 522  27 551 137 590 658 641 177 300 633 226
 484 399  18   8 549 495 153 173 158 260 409 168 426 432 632  69 758   1
 706 540 131 747  78 395 470 130 301 182 202 221 606 501  53  25 388  98
 148 313 623 592 452 451 359  40 200 505 538 362 459 449 686  71 193 413
 463 261 611 306 209 404  10  92 615 694 465 773 150  38 672 564 213 332
  85 380 530 215 293 315 184 708 735 543  81 453 354 115 619 102 702 608
 699 692  35 558 645 274 494 292 480 348 653 114 264 265 435 506 415 729
  33 679 575 183 378 454 423 613 185 738 120 471 547 674 583  23 521 418
 624 544 397 664 286 628 121 439 379  88 127 746 195  44 500 204 199 345
 327 431 252 563  97 119 499 537 186 278 704 117 346 570 445 474 228 365
 122 781 523 223 588 201 347 607 336 612 174 511 350 169  79 669 351 400
 304  91 434 715 638 659 320 650 755 248  66  72 310  58 329 515 709 211
 460 335 586 442  77 535 655 394 531 132 700 749  37 417 262  29 337 283
 662   6 232  52 402 676 113 389 573 478 524 430  19 341 282 210 170 166
 609   0 152 105 528 777 217 562 468 324 141 625 308 163 559 578 579 718
 502 446 360 705 236 275 138 139 374 713  11 458 427 272 485 165 104 492
   7 762 461 281 496 728 106 566 509  70  93 267  41 643 349 284 277 103
 610 249  94 235 472 651 668  83 724 240 770 488 110  99 536 171 344 370
 112 604 487 726 133 752   2 298 542 136 367 167 617 179 305 276 203 145
 723 490 541 321 568   5 599 754 548  87 382  60 741 425 296 618 147 712
 585 194 140 154 326 285 279  43  39 196 429 268 414 412 164 486 565  42
 381 333 684 143 555 343 757 230 316 733 289 469  62 355 160 527 621 149
  56 622 483 369 552 247  95 593 553 270 743 589 287 239 576  21 691 198
 219 742 156 424 334 533  31  80 526 696 550 722 680 390 123 677 497 231
  89  61 504  55 207 255 736 266 665 498 227 325 191 556 730 519 437 710
 441  17 739 433 675 539 745 356 290  57 596 242 734 386 371  36 678 467
 126 631 744 560  24 407  22 340 376 135  73 151 393  28 517 187 481  51
 503 416 464 307 493 373 571 581 630]
Final time: 16.8463380337s - Best: 3410216-[297 270 271 240 251 244 260 278 283 295 296 303 308 323 333 348 360 367
 384 387 402 414 413 399 401 431 445 458 473 479 488 486 496 495 493 475
 463 469 468 504 520 506 500 499 490 482 476 456 438 430 434 440 447 436
 433 417 416 410 390 374 359 335 329 321 320 332 344 346 349 331 345 352
 364 375 392 407 408 409 419 423 429 425 432 454 462 459 448 455 472 494
 512 518 517 507 511 516 533 529 550 553 561 578 568 560 538 530 539 546
 556 551 528 534 535 540 555 576 569 564 557 574 570 588 609 617 638 630
 632 613 600 599 583 590 586 602 606 616 620 627 648 656 680 691 690 674
 659 679 684 678 670 647 651 658 677 687 708 704 705 689 697 721 738 742
 757 758 756 732 736 718 719 720 725 739 747 754 753 772 773 765 761 748
 749 762 769 745 740 755 763 781 782 774 770 766 752 743 716 713 711 710
 686 681 676 657 655 662 642 634 624 622 619 601 584 582 573 549 537 545
 548 544 531 566 581 591 594 607 615 636 646 669 675 673 667 666 663 672
 707 701 693 702 695 714 727 750 751 741 723 715 722 729 730 726 700 699
 688 652 653 661 649 641 631 628 614 603 605 592 580 572 558 536 543 527
 524 508 501 497 477 467 470 480 478 460 441 427 420 412 405 403 393 398
 395 378 377 361 341 330 319 307 309 336 337 339 347 350 363 372 382 380
 385 379 353 325 317 311 300 286 281 282 287 262 259 243 228 227 219 202
 190 188 196 187 182 200 212 220 225 236 256 274 261 250 252 224 232 231
 239 223 207 201 186 203 195 194 183 161 155 150 151 160 142 136 132 115
 111 107 104 101  98  84  67  85  81  71  91 102  92  89  77  68  43  54
  59  72  65  42  37  12  10   3  33  27  23  26  25  20  15  31  13  21
  34  30  19  35  58  60  70  63  76  73  88  94  97  75  82  93 110 106
  99  79  69  80  66  40  45  64  46  52  57  32  28   4   2   9   8  11
  17   6   1  22  16   0  14  24  36  44  56  51  48  55  87  96 109 114
 122 116 124 145 138 146 154 159 171 179 185 215 235 241 238 245 254 275
 276 288 304 312 342 351 362 358 355 343 334 326 322 318 316 293 277 272
 273 248 247 229 230 226 221 242 255 266 285 298 290 305 315 306 299 289
 292 267 257 258 280 291 302 310 294 268 249 216 205 211 210 208 218 209
 181 189 199 197 178 175 162 168 156 163 164 172 149 137 117 125 120 123
 143 128 129 140 131 130 112 118 121 113 108 105 100 134 133 148 141 147
 144 157 165 173 167 169 193 180 176 170 192 198 217 213 222 246 263 264
 279 284 314 313 328 340 354 373 368 397 411 426 450 453 446 439 449 464
 474 487 492 513 519 523 521 526 542 552 571 604 629 635 621 608 563 562
 565 577 587 598 589 597 596 585 579 593 610 611 626 633 612 618 640 643
 660 683 668 665 650 645 685 709 694 698 706 712 731 735 717 734 744 759
 764 771 760 777 768 746 733 737 724 703 696 682 671 664 639 637 623 595
 575 567 559 547 532 525 510 498 471 481 483 484 465 457 452 451 444 435
 428 422 394 383 389 400 386 381 396 406 424 442 437 421 404 391 388 370
 365 357 327 301 269 265 234 214 184 204 174 152 126 135 119 139 127  62
  38  47  29  18   7  49  61  53  41  50   5  39  78  83  86  74  95  90
 103 153 158 166 177 191 206 237 233 253 356 366 443 461 489 503 515 554
 522 502 509 415 418 371 369 376 324 338 485 491 505 625 644 654 775 767
 778 776 779 780 728 692 541 514 466]
Value - initial: 72315577, final: 3410216, improveup: 21.2055708495

data-line;i;72315577;f;3410216;t;16.8463380337;c;-2;fv;[3410216L];cv;-1;imp;21.2055708495;type;rvnd;inum;6;w;1

time;16.8463380337;man_time;0;neigh_time;0
man_time;0;man_merge_sol;0;man_best_sol;0;man_combine_sol;0

Waiting [0]
Terminating workers True 0 0
MPI TERMINATING
