pydf_home: /home/rodolfo/git/Sucuri
simple_pycuda_home: /home/rodolfo/git/simple-pycuda
wamca2016path: /home/rodolfo/git/wamca2016/
localpath: /home/rodolfo/git/dvnd-df/code/dvnd-df/src/
WAMCAPATH:/home/rodolfo/git/wamca2016/
param: {solution_index:2, solution_instance_index:70, multi_gpu:True, goal:False, problem_name:ml, number_of_moves:10, device_count:2, solver:rvnd, mpi_enabled:True, workers:1}
Using already created file:  wamca2016lib.so
Size: 226 - file name: 03_pr226.tsp

Value - initial: 189908396-[111  56  93  25  42  22  11 108 130 140 208 167  89 119  94  55 185  47
 165 134 188 199 133  32 203 180  58   2 221 187  39  76  43 178 135 220
 212  26 210 189  20 112  73 207 204 215 152  13  74  45 138  65  27 153
  91 200  48  67 175 197  99   3  54 163  83 114   6 198 179  85  79  77
 222  80 193 202 149 201  86 132  97 115  14 173 139  63 120  37 214 124
 148 106  24   7 205 191 147 121 170   8 127 155  57  87 156  41   4  19
 213 113 123 144 158 116 157  88 136 137 181  68 209   9  18  66  70  98
 131 160 225 118 211  21  23 217  61 151 103 194 161 125 196 182   1 166
 102 126   5  69 129  71 100  52 145  50  75  59 168 128  64   0 218 122
  46 219  34 223  95  96 162  81 159  72 174 224  12 141  35  92 183  28
  53  29  90  15 171  40 195  33  51 184 142  17  60  82 143 169 186  38
  31  16 117  10 105 101 216 206 104  49 172  30 109 107 164  44  36 190
 154 146 177 192 176  84  62  78 150 110] - 189908396
Solver: RVND, number of workers: 1
Setting feeder affinity
I am the master. There are 1 mpi processes. (hostname = gpu01)
Roots [<pyDF.nodes.Feeder object at 0x7f4fc397cad0>]
Starting 0
Main loop
I am worker 0
GPU0
set random seed!
Initial: 189908396-[111  56  93  25  42  22  11 108 130 140 208 167  89 119  94  55 185  47
 165 134 188 199 133  32 203 180  58   2 221 187  39  76  43 178 135 220
 212  26 210 189  20 112  73 207 204 215 152  13  74  45 138  65  27 153
  91 200  48  67 175 197  99   3  54 163  83 114   6 198 179  85  79  77
 222  80 193 202 149 201  86 132  97 115  14 173 139  63 120  37 214 124
 148 106  24   7 205 191 147 121 170   8 127 155  57  87 156  41   4  19
 213 113 123 144 158 116 157  88 136 137 181  68 209   9  18  66  70  98
 131 160 225 118 211  21  23 217  61 151 103 194 161 125 196 182   1 166
 102 126   5  69 129  71 100  52 145  50  75  59 168 128  64   0 218 122
  46 219  34 223  95  96 162  81 159  72 174 224  12 141  35  92 183  28
  53  29  90  15 171  40 195  33  51 184 142  17  60  82 143 169 186  38
  31  16 117  10 105 101 216 206 104  49 172  30 109 107 164  44  36 190
 154 146 177 192 176  84  62  78 150 110]
Final time: 4.87364006042s - Best: 6682812-[111 110 102 104 103 112 113 105 106 114 115 107 108 116 117 109 125 118
 119 127 126 120 121 128 130 122 123 129 131 124 225 224 223 222 221 220
 219 218 217 216 215 214 213 212 211 210 209 208 207 206 205 204 203 202
 201 200 199 198 197 196 195 194 193 192 191 190 189 188 187 186 185 184
 183 182 181 180 179 178 177 176 175 174 173 172 171 170 169 168 167 166
 165 164 163 162 161 160 159 158 157 156 155 154 149 142 141 147 148 140
 139 146 144 138 137 145 143 136  93 101 100  92  91  99  98  90  89  97
  96  87  88  95  86  94  62  61  60  59  58  57  56  55  54  53  52  51
  50  64  65  69  68  67  70  12  11  10  14  13   9   8   7   6   5   4
   3   2   1   0  72  73  74  75  76  77  78  79  80  81  82  83  84  85
  71  15  66  16  17  18  19  49  48  47  32  31  30  27  21  22  23  24
  25  26  28  29  33  34  35  36  43  44  45  46  42  41  37  38  39  40
 153 152 151 150 135 134 133 132  63  20]
Value - initial: 189908396, final: 6682812, improveup: 28.4174380485

data-line;i;189908396;f;6682812;t;4.87364006042;c;-2;fv;[6682812L];cv;-1;imp;28.4174380485;type;rvnd;inum;2;w;1

time;4.87364006042;man_time;0;neigh_time;0
man_time;0;man_merge_sol;0;man_best_sol;0;man_combine_sol;0

Waiting [0]
Terminating workers True 0 0
MPI TERMINATING
