pydf_home: /home/rodolfo/git/Sucuri
simple_pycuda_home: /home/rodolfo/git/simple-pycuda
wamca2016path: /home/rodolfo/git/wamca2016/
localpath: /home/rodolfo/git/dvnd-df/code/dvnd-df/src/
WAMCAPATH:/home/rodolfo/git/wamca2016/
param: {solution_index:6, solution_instance_index:17, multi_gpu:True, goal:False, problem_name:ml, number_of_moves:10, device_count:2, solver:rvnd, mpi_enabled:True, workers:1}
Using already created file:  wamca2016lib.so
Size: 783 - file name: 07_rat784.tsp

Value - initial: 70760467-[460 768 417 761  65 308 434 547 326 288  38 199 689 173 451 747 353 516
 103 553 282 431 600 680 665 251 708 682 195 382 389 567  87  41 454 735
 461 373 207 493 210 423  97 629 632 449 452 424 538  99 612 485 170 395
  34 521 507 290 263 436 180 203 647  51  77 658 153 116 260 631 202 779
 223 315  79 772  25 566 595 660 312 674 381 102  50 643 464 782 200 746
 738 667 438 518 380 429 117 584 703 705 278 762 305 325 491  62 542  10
 733 671 354 294 258 685  96 484 541 236 285 415 508 702 769 330 211 548
  26 715 717  39 286 277 105 596 339 390 614 125 633  32 333 321 221 478
 545 534 160 663 361 776  13 112 365 743 101 269 328 301 280 136 621 594
  22 129 310 681 352 246 196 391 233 514 760  80 171 445  69 378 549 242
   9 167  85 568  72 701 582 146 259 771 537 123  19 528 598 149 254 466
 176  86 356 509 283 585 444 122  20 147 558 531 184 442  53 719 775 463
 433 393 418 741 570 250 272 148 163 515 240  56 214 653 781 504 404 144
 656 748 314  40 700 306 472 546 182 672 532 664 178 599 476 219 641 697
 659 232   0 498 179 126 265 412 363  94 264 616  66 713 739 177 220 489
 475  92 261   1 398 297 729 627 347  27 511 645 617 383 191 113 505 694
 716 386 165 344 669 668 731 307 649 519 751  57 611 770 525 376 276 517
 650 394 722 284 130 634 106  43  76  29 550 623 693 561 349 459 279  17
 317 470 712 427 388 578 115 296 706 625 348 107 150 384 188 565 483 742
 119 121 371 744 298 206 428 253  73 399 749 237 368 198  16 503 574 469
 619 139  95 430 675 636 421 678 161 757 589 652 555  18  36 557 637 575
 679 229 644 295  48 420 331 592 591 322 563 490 756 227 407 426 185 624
 780 628 543 609 587  44 235 724 204 777 366 213 767  14 375 530  88 110
 586 281   2 453 573 435 244 699 580 267 183 193 723 754 304 252 231 357
  91 275 482 343 419 526 224 501 764 212 465   5 603 480 271 654 411 607
 479 166 124 766 387 403 355 642 462 392 597  31 135 506 562  21 559  64
 158 605 684 752  11 581 303  30 707 299 536 120   7  15 409 189 579 564
 410 320 337 661 187 118  52 402 695 533 379 181  68 154 572   4 222  60
 577 473 576 255 309 138 159 405 350 494 131 690  82 128 114 529 646 639
 273 692  37 638  45 186 164 324 241 759 248 583 369 174 327 172 676 256
 486  54 698 456 651  90 718 737 205 268  42 569 289 134  83 443   3  89
 364 217 175 346 111 215  84 765  59 492 132  63 732 499 554 360 620 725
 413 520 721  61 209 688 622 522 293 523 228 474 239 691 704 437 774 686
 359 292 302 141 552 145 734 544 540 216 266 773 606 481  67 535 329 127
  58 500 448  98 593 370 319 590 745 300 414 372 274 197 287 230 362 571
 155  75  24 560  46 447 539 367  33  49 753 610 400 648 439 450 778 133
   6 406 683  70 397  78 556 208  47  55 677 726 604 201 727 524 257 513
 673 218 169 601 710 510 416 467 318 488 457 551 156 657 758 696 497 157
 495 262 168 358 311 512 740 432  93 385 527 615 714 152 336 192 670 640
 342 711  23 140  35 626 270 487 763 468 142 100 709 374 341 335 334 225
 728 666 234 477 151 618 655 441 608 458 109 613 190 345 162 588 440 245
 446 422  71 396 496 377 602 687 425 137 323 247 720 630 338 249  81 313
 291 455 662 351 730 408 502 316  28 471  12 755 401  74 238 104 635 340
 750 736 226 332   8 143 194 108 243] - 70760467
Solver: RVND, number of workers: 1
Setting feeder affinity
I am the master. There are 1 mpi processes. (hostname = gpu01)
Roots [<pyDF.nodes.Feeder object at 0x7f402573fad0>]
Starting 0
Main loop
I am worker 0
GPU0
set random seed!
Initial: 70760467-[460 768 417 761  65 308 434 547 326 288  38 199 689 173 451 747 353 516
 103 553 282 431 600 680 665 251 708 682 195 382 389 567  87  41 454 735
 461 373 207 493 210 423  97 629 632 449 452 424 538  99 612 485 170 395
  34 521 507 290 263 436 180 203 647  51  77 658 153 116 260 631 202 779
 223 315  79 772  25 566 595 660 312 674 381 102  50 643 464 782 200 746
 738 667 438 518 380 429 117 584 703 705 278 762 305 325 491  62 542  10
 733 671 354 294 258 685  96 484 541 236 285 415 508 702 769 330 211 548
  26 715 717  39 286 277 105 596 339 390 614 125 633  32 333 321 221 478
 545 534 160 663 361 776  13 112 365 743 101 269 328 301 280 136 621 594
  22 129 310 681 352 246 196 391 233 514 760  80 171 445  69 378 549 242
   9 167  85 568  72 701 582 146 259 771 537 123  19 528 598 149 254 466
 176  86 356 509 283 585 444 122  20 147 558 531 184 442  53 719 775 463
 433 393 418 741 570 250 272 148 163 515 240  56 214 653 781 504 404 144
 656 748 314  40 700 306 472 546 182 672 532 664 178 599 476 219 641 697
 659 232   0 498 179 126 265 412 363  94 264 616  66 713 739 177 220 489
 475  92 261   1 398 297 729 627 347  27 511 645 617 383 191 113 505 694
 716 386 165 344 669 668 731 307 649 519 751  57 611 770 525 376 276 517
 650 394 722 284 130 634 106  43  76  29 550 623 693 561 349 459 279  17
 317 470 712 427 388 578 115 296 706 625 348 107 150 384 188 565 483 742
 119 121 371 744 298 206 428 253  73 399 749 237 368 198  16 503 574 469
 619 139  95 430 675 636 421 678 161 757 589 652 555  18  36 557 637 575
 679 229 644 295  48 420 331 592 591 322 563 490 756 227 407 426 185 624
 780 628 543 609 587  44 235 724 204 777 366 213 767  14 375 530  88 110
 586 281   2 453 573 435 244 699 580 267 183 193 723 754 304 252 231 357
  91 275 482 343 419 526 224 501 764 212 465   5 603 480 271 654 411 607
 479 166 124 766 387 403 355 642 462 392 597  31 135 506 562  21 559  64
 158 605 684 752  11 581 303  30 707 299 536 120   7  15 409 189 579 564
 410 320 337 661 187 118  52 402 695 533 379 181  68 154 572   4 222  60
 577 473 576 255 309 138 159 405 350 494 131 690  82 128 114 529 646 639
 273 692  37 638  45 186 164 324 241 759 248 583 369 174 327 172 676 256
 486  54 698 456 651  90 718 737 205 268  42 569 289 134  83 443   3  89
 364 217 175 346 111 215  84 765  59 492 132  63 732 499 554 360 620 725
 413 520 721  61 209 688 622 522 293 523 228 474 239 691 704 437 774 686
 359 292 302 141 552 145 734 544 540 216 266 773 606 481  67 535 329 127
  58 500 448  98 593 370 319 590 745 300 414 372 274 197 287 230 362 571
 155  75  24 560  46 447 539 367  33  49 753 610 400 648 439 450 778 133
   6 406 683  70 397  78 556 208  47  55 677 726 604 201 727 524 257 513
 673 218 169 601 710 510 416 467 318 488 457 551 156 657 758 696 497 157
 495 262 168 358 311 512 740 432  93 385 527 615 714 152 336 192 670 640
 342 711  23 140  35 626 270 487 763 468 142 100 709 374 341 335 334 225
 728 666 234 477 151 618 655 441 608 458 109 613 190 345 162 588 440 245
 446 422  71 396 496 377 602 687 425 137 323 247 720 630 338 249  81 313
 291 455 662 351 730 408 502 316  28 471  12 755 401  74 238 104 635 340
 750 736 226 332   8 143 194 108 243]
Final time: 32.0943920612s - Best: 3464870-[460 478 480 470 477 467 474 464 449 445 458 436 433 447 463 469 468 500
 506 504 520 534 535 540 541 557 564 569 576 583 590 586 602 608 599 600
 613 632 629 635 645 650 665 668 683 698 694 720 725 739 747 765 773 772
 754 753 736 719 718 706 712 691 690 697 721 738 742 731 735 744 734 717
 704 705 684 679 689 674 659 643 640 618 612 598 587 577 565 562 563 528
 514 499 490 482 476 472 459 448 455 456 438 430 434 440 417 410 416 418
 409 408 407 419 423 429 425 432 421 404 391 388 396 406 424 442 452 451
 457 465 483 484 505 516 511 507 517 518 530 546 539 538 560 568 561 578
 579 585 593 596 597 611 626 633 644 654 678 670 677 687 708 724 733 737
 703 696 682 671 664 658 651 647 625 637 639 623 595 575 567 559 547 532
 525 510 498 481 471 444 435 428 422 394 383 362 351 358 355 342 327 301
 312 304 288 276 275 254 245 238 235 241 234 214 215 185 179 171 154 159
 152 161 155 150 135 126 114 109  96  99  79  69  66  45  40  44  56  51
  48  55  24  14   0  16  22   1   6  17  11   8   9   2   4  28  38  62
  57  52  46  64  82  93  97  94  88  73  76  63  58  60  35  29  18   7
  19  30  21  34  49  61  53  41  50  68  77  89  90  72  59  54  43  26
  25  20  15  23  27  33   3  10  12  37  42  65  74  83  78  86  95 103
 112 118 147 141 121 113 108 105 134 133 148 176 180 193 169 167 144 130
 131 140 129 128 143 123 120 125 117  98 101 104 107 111 115 132 136 142
 127 139 162 168 189 199 205 216 224 211 210 208 218 252 268 280 291 302
 321 329 335 325 317 311 300 286 274 256 261 250 236 225 220 212 209 200
 182 187 196 190 188 166 157 165 173 177 191 202 219 227 228 243 259 262
 282 287 309 307 319 323 333 341 330 308 297 283 278 295 296 303 313 328
 340 354 356 366 393 403 405 412 398 395 373 368 378 377 361 360 348 336
 337 339 347 350 353 359 374 379 385 380 363 382 372 367 384 387 397 420
 427 441 443 461 489 503 515 522 537 549 554 582 584 601 619 622 624 634
 642 655 657 662 669 675 673 667 666 646 636 615 605 603 592 581 591 594
 573 566 543 536 527 524 531 544 548 545 509 502 450 453 446 439 426 411
 402 414 413 399 401 415 431 473 479 488 492 513 519 523 521 526 542 552
 558 572 571 570 574 588 604 630 638 617 609 614 628 631 641 649 663 672
 661 653 652 688 699 700 692 726 730 729 722 715 707 701 723 714 702 695
 693 686 676 681 711 710 713 716 727 743 752 766 770 774 782 781 763 755
 751 741 740 745 749 762 769 761 748 709 685 660 656 648 627 620 606 616
 589 553 550 533 529 491 485 462 454 437 400 389 386 381 365 357 343 334
 326 318 322 338 352 345 349 346 344 332 320 306 299 289 258 249 232 231
 239 242 255 266 285 298 316 293 277 272 273 247 248 226 221 230 229 204
 184 145 124 116 122 138 146 174 194 195 183 203 201 186 160 151 119 110
 106  80  75  47  70  84  67  85  81  71  91  92 102 153 158 149 137 156
 163 164 172 181 175 178 197 207 223 257 267 290 305 292 315 331 324 370
 364 375 392 376 369 371 310 294 281 270 271 240 251 244 260 246 237 222
 206 213 217 198 170 192 233 253 264 263 279 284 314 497 508 501 487 486
 496 495 493 475 466 494 512 556 551 555 621 680 732 756 758 757 759 764
 760 746 768 777 771 775 767 778 776 779 780 750 728 607 580 390 269 265
  87  36  32  13  31   5  39 100 610]
Value - initial: 70760467, final: 3464870, improveup: 20.4222574007

data-line;i;70760467;f;3464870;t;32.0943920612;c;-2;fv;[3464870L];cv;-1;imp;20.4222574007;type;rvnd;inum;6;w;1

time;32.0943920612;man_time;0;neigh_time;0
man_time;0;man_merge_sol;0;man_best_sol;0;man_combine_sol;0

Waiting [0]
Terminating workers True 0 0
MPI TERMINATING
