pydf_home: /home/rodolfo/git/Sucuri
simple_pycuda_home: /home/rodolfo/git/simple-pycuda
wamca2016path: /home/rodolfo/git/wamca2016/
localpath: /home/rodolfo/git/dvnd-df/code/dvnd-df/src/
WAMCAPATH:/home/rodolfo/git/wamca2016/
param: {solution_index:3, solution_instance_index:70, multi_gpu:True, goal:False, problem_name:ml, number_of_moves:10, device_count:2, solver:rvnd, mpi_enabled:True, workers:1}
Using already created file:  wamca2016lib.so
Size: 318 - file name: 04_lin318.tsp

Value - initial: 92250575-[173  82  57  32 106 144 257  96  35 155 179 315  67   1   8  76  77  25
 116 268  21 270  92 178 271 200 241 299 196 285 147 210  58 181  15  36
   3  90  49  86 131 103 291  53  69   7  27  44 295 170 247 163  75 171
 225 277 166  34 301 261 140  41 288 244 250 240 256  55 175 221 253  33
 227  85 314 176 206 211 186 195  14  84 159 228 110  13   2 194 317 226
 274  28 305 229 308  11 197 282  81 309 294  46 275 126 120 279 214 290
 236 118 132  62  39 287 213 272  17 198 216 154 300 172  87 184 127 182
  71 311  70 231  64  68  43 304  31 185  48 281 289 125 150  89 104 165
 298 307 235 129  38 108 296  66 260 297  12  16 136  97 207 283   5 237
 255 183  74 219 138 105  40 209  47 223 145 152  99  56 115 142 316 153
 100 249  60 151 310 302  61 109 130 293 303 157  94  23 208 121 102 276
 292 202 188 284  10  80 259  73 122 168  91 156  88  50   9 265 187   0
 107 193 160 242  83 212 143  19 135   6 267  63 137   4  59  54 280 246
 245 112 306 264 222 313  78 149  51 124 133 233 204  79 141 254 232 266
  93 220 162 273 239 215  95 191  45 190 128 238 177  30 312 123 243 248
 205 258  37 139 217 169 234 146 113 119 134 164  24 117 224 263 199  26
 218 180 167 201  98 148 203  18 286 189 161 251 230  42 114 262 158  20
 269 101  52 174  29 111 192 252  65  72  22 278] - 92250575
Solver: RVND, number of workers: 1
Setting feeder affinity
I am the master. There are 1 mpi processes. (hostname = gpu01)
Roots [<pyDF.nodes.Feeder object at 0x7f26aceddad0>]
Starting 0
Main loop
I am worker 0
GPU0
set random seed!
Initial: 92250575-[173  82  57  32 106 144 257  96  35 155 179 315  67   1   8  76  77  25
 116 268  21 270  92 178 271 200 241 299 196 285 147 210  58 181  15  36
   3  90  49  86 131 103 291  53  69   7  27  44 295 170 247 163  75 171
 225 277 166  34 301 261 140  41 288 244 250 240 256  55 175 221 253  33
 227  85 314 176 206 211 186 195  14  84 159 228 110  13   2 194 317 226
 274  28 305 229 308  11 197 282  81 309 294  46 275 126 120 279 214 290
 236 118 132  62  39 287 213 272  17 198 216 154 300 172  87 184 127 182
  71 311  70 231  64  68  43 304  31 185  48 281 289 125 150  89 104 165
 298 307 235 129  38 108 296  66 260 297  12  16 136  97 207 283   5 237
 255 183  74 219 138 105  40 209  47 223 145 152  99  56 115 142 316 153
 100 249  60 151 310 302  61 109 130 293 303 157  94  23 208 121 102 276
 292 202 188 284  10  80 259  73 122 168  91 156  88  50   9 265 187   0
 107 193 160 242  83 212 143  19 135   6 267  63 137   4  59  54 280 246
 245 112 306 264 222 313  78 149  51 124 133 233 204  79 141 254 232 266
  93 220 162 273 239 215  95 191  45 190 128 238 177  30 312 123 243 248
 205 258  37 139 217 169 234 146 113 119 134 164  24 117 224 263 199  26
 218 180 167 201  98 148 203  18 286 189 161 251 230  42 114 262 158  20
 269 101  52 174  29 111 192 252  65  72  22 278]
Final time: 4.91570901871s - Best: 6111002-[173 174 178 179 185 184 180 177 176 181 183 188 187 186 182 175 172 171
  64  65  69  68  73  74  80  79  75  72  71  76  78  83  84  82  81  77
  70  67  66  63 104  55  54  49  47  44  39  31  30  29  28  21  20 102
  19  22  27  18  23  26  25  24  17  15  16  34  33 136 135 134 133 126
 125 119 207 124 127 132 123 128 131 130 129 122 120 121 118 117 219 220
 224 312 230 231 238 241 240 239 237 232 229 236 233 228 225 226 227 234
 235 245 246 251 252 250 253 256 260 263 266 255 261 262 267 271 272 270
 269 274 275 296 297 303 304 308 307 299 298 290 284 283 279 278 282 285
 289 295 288 286 281 276 277 280 287 291 292 293 294 191 192 300 301 305
 306 310 311 204 198 199 203 202 197 195 196 200 201 205 206  99  94  93
  87  86 189 168 209 161 158 162 157 156 150 147 146 145 148 151 155 152
 149 144 153 154 159 160 163  59  60  62  61  57  52  51  56  53  50  46
  43  45  42  40  41  36  35  32  11  14  10   9   6   5   1   0   2   7
   8  13  12 115 114 111 110   4   3 106 105 107 112 113 109 108 216 215
 211 210 212 217 218 221 242 313 249 254 257 259 264 265 314 273 169 170
 165 164 268 258 143 142 138 139 141 140 137 208  37  38 103  48 315 316
  58  85  90  91  95  96 100 101  92  97  98  88  89 190 193 194 166 167
 248 247 244 243 223 222 214 213 317 309 302 116]
Value - initial: 92250575, final: 6111002, improveup: 15.0958181653

data-line;i;92250575;f;6111002;t;4.91570901871;c;-2;fv;[6111002L];cv;-1;imp;15.0958181653;type;rvnd;inum;3;w;1

time;4.91570901871;man_time;0;neigh_time;0
man_time;0;man_merge_sol;0;man_best_sol;0;man_combine_sol;0

Waiting [0]
Terminating workers True 0 0
MPI TERMINATING
