pydf_home: /home/rodolfo/git/Sucuri
simple_pycuda_home: /home/rodolfo/git/simple-pycuda
wamca2016path: /home/rodolfo/git/wamca2016/
localpath: /home/rodolfo/git/dvnd-df/code/dvnd-df/src/
WAMCAPATH:/home/rodolfo/git/wamca2016/
param: {solution_index:3, solution_instance_index:80, multi_gpu:True, goal:False, problem_name:ml, number_of_moves:10, device_count:2, solver:rvnd, mpi_enabled:True, workers:1}
Using already created file:  wamca2016lib.so
Size: 318 - file name: 04_lin318.tsp

Value - initial: 91691925-[ 66 105  77  22 266  48 241  60 160 219 143  51 258 123 166 217 157  58
  54 242 144 149  23 182  88  27 179 107  24 236  36 303  86 155  83  63
 305 251 172 174 249   2  47 150 265 194 244  13 285 113 122 163 152 312
  97 159  67 294   8  40 208 310  72 269 240 178 118 210 253 106 205 250
 296 306 199 154  69  96 185 181 186  75 264  41 292 204 302 282  87 268
  52 316 295  15  61  94  42 188 218 311  53  45 209 100 119 102 162 212
  98 226  28 301  80 127 129 156 314 232  20 263  74  30   7 177  93 235
 257 135  78  35 124 256 223  59 283 151 308  21 309 228 211 267  89 317
 287 276 173 201 116 101 293 239 203  64  31   5 271 275   3 112 103 108
 140 121 165 238  50  85  79   6  62  12 288 170 115 278 125 300  90 261
 196  91 126  76 130 195 229  44 307  65 284 231  33 259 248 260 114  25
 158 202  19 171 187   0 200 225 132 206  71   4 220 289 252  92 136 138
  57 176 168 197 184 273 230 237 120 167 234 299  39  18  70 254 216 245
 262 315 133  34 147  38 175  49 145 191 190  55  46 272  11 297 298 189
 180 224  82 227 139  81 274  32 279 192 104 280 169 161 313 213 215 281
  99 134 183 247 146 193  26 286 137 109 207 164 198 117 131  16  17 246
  84 148 214 255   1  56 290  10  14 277 222  43 221 111 270 304 142  73
 233  37  29  68  95 128 153 110 141 243 291   9] - 91691925
Solver: RVND, number of workers: 1
Setting feeder affinity
I am the master. There are 1 mpi processes. (hostname = gpu01)
Roots [<pyDF.nodes.Feeder object at 0x7f5434c52ad0>]
Starting 0
Main loop
I am worker 0
GPU0
set random seed!
Initial: 91691925-[ 66 105  77  22 266  48 241  60 160 219 143  51 258 123 166 217 157  58
  54 242 144 149  23 182  88  27 179 107  24 236  36 303  86 155  83  63
 305 251 172 174 249   2  47 150 265 194 244  13 285 113 122 163 152 312
  97 159  67 294   8  40 208 310  72 269 240 178 118 210 253 106 205 250
 296 306 199 154  69  96 185 181 186  75 264  41 292 204 302 282  87 268
  52 316 295  15  61  94  42 188 218 311  53  45 209 100 119 102 162 212
  98 226  28 301  80 127 129 156 314 232  20 263  74  30   7 177  93 235
 257 135  78  35 124 256 223  59 283 151 308  21 309 228 211 267  89 317
 287 276 173 201 116 101 293 239 203  64  31   5 271 275   3 112 103 108
 140 121 165 238  50  85  79   6  62  12 288 170 115 278 125 300  90 261
 196  91 126  76 130 195 229  44 307  65 284 231  33 259 248 260 114  25
 158 202  19 171 187   0 200 225 132 206  71   4 220 289 252  92 136 138
  57 176 168 197 184 273 230 237 120 167 234 299  39  18  70 254 216 245
 262 315 133  34 147  38 175  49 145 191 190  55  46 272  11 297 298 189
 180 224  82 227 139  81 274  32 279 192 104 280 169 161 313 213 215 281
  99 134 183 247 146 193  26 286 137 109 207 164 198 117 131  16  17 246
  84 148 214 255   1  56 290  10  14 277 222  43 221 111 270 304 142  73
 233  37  29  68  95 128 153 110 141 243 291   9]
Final time: 2.87928700447s - Best: 6197761-[ 66  67  70  77  81  82  83  78  76  71  63 104  55  54  49  47  44  43
  46  50  53  56  57  52  51  45  42  41  40 103  32  31  30  29  27  22
  23  26  25  24  17  16  15  18  19 102  28  21  20  14  10   9   6   5
   1   0   2   7   8  13  12 125 126 133 136 135 134 132 127 124 123 128
 131 130 129 122 121 120 116 207 119 115 114 111 110   4   3 106 105 107
 112 113 109 108 210 211 215 216 219 220 117 118 238 231 230 312 224 221
 225 226 227 234 235 236 233 228 229 232 237 239 240 241 138 139 141 140
 146 145 147 150 156 157 162 161 158 155 151 148 149 152 154 159 160 163
  59  60  62  61  69  68  73  74  80  72  75  79  85  84  90  91  95  96
 100 101  92  97  98  94  93  99 206 205 201 200 196 195  87  86 189 188
 187 186 182 175 172 171 176 181 183 190 184 180 177 173 174 178 179 185
 193 194 192 191 294 293 292 291 287 280 277 276 288 286 281 273 278 279
 283 284 290 282 285 289 295 300 301 198 199 204 311 310 306 305 302 298
 299 307 308 309 304 303 297 296 275 274 270 269 317 247 248 251 250 252
 255 261 262 267 272 271 314 268 265 264 259 258 254 257 266 263 260 256
 253 245 246 244 243 223 222 213 214 218 217 212 242 313 249 142 143 164
 165 169 170 167 166 209 153 144 208 137  33  34  37  38  36  35  39  48
 315 316  58  88  89  65  64 168 197 202 203  11]
Value - initial: 91691925, final: 6197761, improveup: 14.7943628352

data-line;i;91691925;f;6197761;t;2.87928700447;c;-2;fv;[6197761L];cv;-1;imp;14.7943628352;type;rvnd;inum;3;w;1

time;2.87928700447;man_time;0;neigh_time;0
man_time;0;man_merge_sol;0;man_best_sol;0;man_combine_sol;0

Waiting [0]
Terminating workers True 0 0
MPI TERMINATING
