pydf_home: /home/rodolfo/git/Sucuri
simple_pycuda_home: /home/rodolfo/git/simple-pycuda
wamca2016path: /home/rodolfo/git/wamca2016/
localpath: /home/rodolfo/git/dvnd-df/code/dvnd-df/src/
WAMCAPATH:/home/rodolfo/git/wamca2016/
param: {solution_index:6, solution_instance_index:90, multi_gpu:True, goal:False, problem_name:ml, number_of_moves:10, device_count:2, solver:rvnd, mpi_enabled:True, workers:1}
Using already created file:  wamca2016lib.so
Size: 783 - file name: 07_rat784.tsp

Value - initial: 70911438-[ 82 602 327 587   6 332 701 244 398 594 248  84 271 652 390 434 325 423
 528  11  38 143 751 331 161 634  62 622 507 769 747 543 734 316  47 727
 226  46 139 112 377 268  36 132 286 127 760 335  88 356 645  22 329 180
 469 229 697 764 258 406 412  19 174 181  71 706 333 380 512 302 650 643
 193 199 516  14 441 279 635 372 172 227 577  15 360 500 529 462 666 743
 314 488 593 557 767  58 640 266 583 211 624 483 439 618 527 548 378 763
 252 263 649 195 312 280 400  80 496 468 714 129 273 321 659 455 517 574
 235 200 313 420 465  54 722   4 352 459  53 110 729 419 375 242 136   8
 731 206 647 717 411 216  61 501 391 142 476 678 639  70 563 299 709 540
 361 464 301 336 674 586 159 766 330 128 730 745 219 401  13 532 191 628
 358  69 343 198 508  55 582 289 428 208 581 692 561 657 445  60 431 782
 334   1 141 387 340 694 514  20 148  43 710 285 491 523 658 467 257 571
 415 276 168 728 765 733 493 753 237 621 663 236  18 438  52 590 553 605
  85 484 368 683  30 228 704 421 665 306  16 520 550 570 364 381 374 584
  51 154 690 194 601 201 480 448 205 207 322 676 472 282  79 473 568 114
 531 162 679 533 526 424 202 175  66 315 131 771  45 641 292 684 656 440
 444 432  41 287 269  25 707  31 547 108 699 617 685 756 111 739 629 297
 616  56 538 355 661 564 724 758 573 589 596 213 479 713 498 177 458 103
 371 394 102 247 600 554 384 549 627  49 672 215 163 777 274 741 396 204
 165 433 326 654 437 660 630 572  40 185   9 344 397  83 426 510 740  28
 585 625 746 225 427 552  12 442 757 145 318 732 166 146 620  10 254 230
 446 779 173 490 365 413 504 518 592 156 349 425 525 430 308 250 511  95
 546  65   7 522  87 637 144 341 759 346 307 452 118 167 691   2 489 770
  68 320 291 609 443 169 778  64 133 633 402  26 265  44 606 261 311 429
 388 576 580 450 569 370 121 342 100 217 653 754 607 737 275 347 278 259
 357 338 232  92 187 579 599 212 186 310 190 120 559  93  96 125 700  27
 300 309 689 264 188 556 721 119 117 614 723  24  48 379 283 604 776 104
 463 453 323 238 164 178 667 670 122 578 457 150 486 515 636 147  37 772
 288   3 135 470 403 383 534 705 373 101  97 781 494 160 197 245 408 405
 521 669 768 502 184 294 339  73 223 389 385 140 610 673 675  74  33 153
 595 509 134 151 409 749 149 632 267 696 239 597 542 417 588 711 155 449
  35 566 317 369 115  81 648 234 196 671 192 393 422 113 477 350 539  50
 720 495 475 662 170 744 638 447 224 686 348 487 619 736 324 519 474 567
 752 506  77 646 545 221 761 189 359 461 183 680 742 703 179 725 296 116
 305 755 651 524 249 222 575 503 537 612   5 482 492 702 416  32 107 435
  89 157 775 182 362 399  75 106 535 253 171 719  99 560 158 451 386 138
 351 382 681 471 773 255  78 303   0 410  57 124 272 137 774 270 293 130
 712 436  23  17 530 687 126 298 209 304 664 456 558 598 644 762 328 499
 203 562 218 123 290 345 404 246 677 243 418 698 655 513 603 565 231  67
 233  94 395  59 251 478 414 284 750 555 241 613 615 366 541 376 497 718
 407 544 176 319  76 367 688 240 109 485 152 715  29  34 738 735  63 277
 642 631 780 611 460  42  98 682 551 354 726 256 281  86 337  39 295 591
  90 363 626 454 353 608 668 260  21 220 623 536  72 214 466  91 481 708
 392 716 695 210 505 262 693 105 748] - 70911438
Solver: RVND, number of workers: 1
Setting feeder affinity
I am the master. There are 1 mpi processes. (hostname = gpu01)
Roots [<pyDF.nodes.Feeder object at 0x7f015923bad0>]
Starting 0
Main loop
I am worker 0
GPU0
set random seed!
Initial: 70911438-[ 82 602 327 587   6 332 701 244 398 594 248  84 271 652 390 434 325 423
 528  11  38 143 751 331 161 634  62 622 507 769 747 543 734 316  47 727
 226  46 139 112 377 268  36 132 286 127 760 335  88 356 645  22 329 180
 469 229 697 764 258 406 412  19 174 181  71 706 333 380 512 302 650 643
 193 199 516  14 441 279 635 372 172 227 577  15 360 500 529 462 666 743
 314 488 593 557 767  58 640 266 583 211 624 483 439 618 527 548 378 763
 252 263 649 195 312 280 400  80 496 468 714 129 273 321 659 455 517 574
 235 200 313 420 465  54 722   4 352 459  53 110 729 419 375 242 136   8
 731 206 647 717 411 216  61 501 391 142 476 678 639  70 563 299 709 540
 361 464 301 336 674 586 159 766 330 128 730 745 219 401  13 532 191 628
 358  69 343 198 508  55 582 289 428 208 581 692 561 657 445  60 431 782
 334   1 141 387 340 694 514  20 148  43 710 285 491 523 658 467 257 571
 415 276 168 728 765 733 493 753 237 621 663 236  18 438  52 590 553 605
  85 484 368 683  30 228 704 421 665 306  16 520 550 570 364 381 374 584
  51 154 690 194 601 201 480 448 205 207 322 676 472 282  79 473 568 114
 531 162 679 533 526 424 202 175  66 315 131 771  45 641 292 684 656 440
 444 432  41 287 269  25 707  31 547 108 699 617 685 756 111 739 629 297
 616  56 538 355 661 564 724 758 573 589 596 213 479 713 498 177 458 103
 371 394 102 247 600 554 384 549 627  49 672 215 163 777 274 741 396 204
 165 433 326 654 437 660 630 572  40 185   9 344 397  83 426 510 740  28
 585 625 746 225 427 552  12 442 757 145 318 732 166 146 620  10 254 230
 446 779 173 490 365 413 504 518 592 156 349 425 525 430 308 250 511  95
 546  65   7 522  87 637 144 341 759 346 307 452 118 167 691   2 489 770
  68 320 291 609 443 169 778  64 133 633 402  26 265  44 606 261 311 429
 388 576 580 450 569 370 121 342 100 217 653 754 607 737 275 347 278 259
 357 338 232  92 187 579 599 212 186 310 190 120 559  93  96 125 700  27
 300 309 689 264 188 556 721 119 117 614 723  24  48 379 283 604 776 104
 463 453 323 238 164 178 667 670 122 578 457 150 486 515 636 147  37 772
 288   3 135 470 403 383 534 705 373 101  97 781 494 160 197 245 408 405
 521 669 768 502 184 294 339  73 223 389 385 140 610 673 675  74  33 153
 595 509 134 151 409 749 149 632 267 696 239 597 542 417 588 711 155 449
  35 566 317 369 115  81 648 234 196 671 192 393 422 113 477 350 539  50
 720 495 475 662 170 744 638 447 224 686 348 487 619 736 324 519 474 567
 752 506  77 646 545 221 761 189 359 461 183 680 742 703 179 725 296 116
 305 755 651 524 249 222 575 503 537 612   5 482 492 702 416  32 107 435
  89 157 775 182 362 399  75 106 535 253 171 719  99 560 158 451 386 138
 351 382 681 471 773 255  78 303   0 410  57 124 272 137 774 270 293 130
 712 436  23  17 530 687 126 298 209 304 664 456 558 598 644 762 328 499
 203 562 218 123 290 345 404 246 677 243 418 698 655 513 603 565 231  67
 233  94 395  59 251 478 414 284 750 555 241 613 615 366 541 376 497 718
 407 544 176 319  76 367 688 240 109 485 152 715  29  34 738 735  63 277
 642 631 780 611 460  42  98 682 551 354 726 256 281  86 337  39 295 591
  90 363 626 454 353 608 668 260  21 220 623 536  72 214 466  91 481 708
 392 716 695 210 505 262 693 105 748]
Final time: 13.2427151203s - Best: 3435291-[ 82  64  46  52  57  62  73  76 101 104 107 111 115 127 139 162 168 156
 163 164 172 181 208 210 211 218 209 212 220 225 236 250 252 261 256 274
 286 281 282 287 307 309 300 311 317 325 335 329 321 320 332 344 369 376
 392 407 408 409 419 423 429 425 432 421 437 454 462 459 448 455 456 476
 482 490 499 514 528 534 535 540 541 557 564 569 576 583 590 599 600 613
 604 574 570 571 558 572 580 603 605 592 581 591 594 607 582 584 601 619
 622 624 634 642 655 657 662 669 667 666 673 675 693 702 695 714 716 713
 710 711 728 743 752 766 770 774 782 781 763 755 751 741 723 701 715 707
 672 661 653 652 645 635 621 608 602 586 606 616 620 627 648 656 660 665
 668 683 706 712 697 691 690 680 674 659 679 689 684 678 670 654 644 626
 633 643 640 618 612 611 597 596 568 560 561 578 585 593 579 567 575 559
 547 532 525 510 505 516 511 507 491 485 484 483 481 471 435 428 422 444
 451 457 452 442 424 406 396 381 386 389 383 362 351 342 358 355 343 357
 334 326 318 316 293 301 312 304 288 276 275 277 272 254 245 238 235 241
 234 214 215 185 179 171 174 194 195 183 161 155 150 151 160 142 136 132
 119 135 126 152 159 154 146 138 122 116 109  96  99  79  69  66  80 106
 110  93  75  97  94  88  63  70  60  58  35  29  47  38  28  32  45  40
  44  56  51  48  55  24  14   0  16  22   1   6  17  11   8   9   2   4
  18   7  19  30  34  21  13  31  15  20  25  26  23  27  33  59  54  43
  50  41  53  49  61  71  68  77  89  92 102  91  81  85  67  84  98 117
 125 120 123 143 158 153 166 157 165 173 177 191 202 190 188 196 187 182
 200 227 228 243 259 262 270 271 240 251 244 260 278 283 297 308 323 333
 348 360 361 341 330 295 296 303 313 328 340 354 356 366 393 403 405 412
 398 395 373 368 378 377 397 411 402 414 413 401 399 387 384 367 372 382
 380 385 379 374 359 353 350 347 339 310 294 302 291 280 268 249 232 224
 216 205 199 197 175 178 186 201 207 203 221 226 230 247 248 273 285 298
 290 305 315 331 349 346 371 390 410 417 416 418 430 438 434 440 433 436
 447 463 469 468 475 486 496 495 521 523 513 519 536 543 527 524 508 501
 487 492 488 479 473 464 474 477 467 453 446 450 470 480 478 489 503 515
 522 537 549 545 548 544 531 566 615 614 628 631 641 649 663 692 688 699
 700 726 730 729 722 740 745 749 762 769 761 765 773 772 776 778 767 758
 756 732 736 753 754 747 739 725 720 719 718 698 694 685 650 629 632 630
 638 617 609 588 552 542 526 493 504 506 500 520 555 563 562 565 577 587
 598 589 610 625 647 651 658 677 687 708 704 717 734 744 735 731 738 742
 757 759 764 771 760 777 768 746 733 737 724 703 696 682 671 664 639 637
 623 595 550 529 533 553 538 539 546 530 517 518 512 494 472 404 391 388
 365 370 364 375 352 345 338 322 324 292 306 299 289 258 257 267 266 255
 242 223 239 231 189 137 149 128 129 140 131 130 112 103  90  72  65  42
  37  10   3  12   5  39  78  83  86  74  95 118 144 147 141 121 113 108
 105 100 134 133 148 170 192 198 193 180 176 169 167 206 213 222 246 237
 217 233 253 264 263 279 284 314 319 336 337 363 415 431 445 458 449 439
 426 420 427 441 443 461 460 497 509 502 554 573 636 646 676 681 686 727
 750 780 779 748 709 775 721 705 556 551 498 465 400 394 327 269 265 229
 204 184 145 124 114  87  36 219 466]
Value - initial: 70911438, final: 3435291, improveup: 20.6420469183

data-line;i;70911438;f;3435291;t;13.2427151203;c;-2;fv;[3435291L];cv;-1;imp;20.6420469183;type;rvnd;inum;6;w;1

time;13.2427151203;man_time;0;neigh_time;0
man_time;0;man_merge_sol;0;man_best_sol;0;man_combine_sol;0

Waiting [0]
Terminating workers True 0 0
MPI TERMINATING
