pydf_home: /home/rodolfo/git/Sucuri
simple_pycuda_home: /home/rodolfo/git/simple-pycuda
wamca2016path: /home/rodolfo/git/wamca2016/
localpath: /home/rodolfo/git/dvnd-df/code/dvnd-df/src/
WAMCAPATH:/home/rodolfo/git/wamca2016/
param: {solution_index:2, solution_instance_index:30, multi_gpu:True, goal:False, problem_name:ml, number_of_moves:10, device_count:2, solver:rvnd, mpi_enabled:True, workers:1}
Using already created file:  wamca2016lib.so
Size: 226 - file name: 03_pr226.tsp

Value - initial: 195849313-[ 39 180 127  56 157 118 104  97  53  47 194 186 130 148  91  80 156 126
   9  38 116 149 218  63  67 192  13 212  54 220 125  88  31 147 189  84
 174 131  60 205 167 203  75 150 151  74 113 163 143 168  70 216  43  26
 103 172 188  50  12 121 221 184 135  69 120 173 169 198   7 209 112  20
 106 101 165 219  33  45 207  36  27  55 138  42  49  32  23 132 115  44
  87  11  18 217 108  37  15 100 177 117 204 191  62  17  90  64  86  73
 134  21  35 146  85 214 161 164  76  78   0 213 162  66 175 193 140 129
  71  24  57 133 190 141 158  59 224 196 183 200  65 152  77   5  58  40
 111 139 159 197  83 102 145 208   2 195   3  16 109  14 182  72  99   1
 160   4 225 211 136  82 178 155   6 114  79 179 201  96  19 124 185 144
  22 170 119  81 215   8  29 166 154 202  25  30 181  61 223  68  89 110
  41 187 222  92  48  34 199  95 171 123  46 210 176 122  52 105 107  10
 206  28 137  51 128  98 142 153  93  94] - 195849313
Solver: RVND, number of workers: 1
Setting feeder affinity
I am the master. There are 1 mpi processes. (hostname = gpu01)
Roots [<pyDF.nodes.Feeder object at 0x7f53f0a37ad0>]
Starting 0
Main loop
I am worker 0
GPU0
set random seed!
Initial: 195849313-[ 39 180 127  56 157 118 104  97  53  47 194 186 130 148  91  80 156 126
   9  38 116 149 218  63  67 192  13 212  54 220 125  88  31 147 189  84
 174 131  60 205 167 203  75 150 151  74 113 163 143 168  70 216  43  26
 103 172 188  50  12 121 221 184 135  69 120 173 169 198   7 209 112  20
 106 101 165 219  33  45 207  36  27  55 138  42  49  32  23 132 115  44
  87  11  18 217 108  37  15 100 177 117 204 191  62  17  90  64  86  73
 134  21  35 146  85 214 161 164  76  78   0 213 162  66 175 193 140 129
  71  24  57 133 190 141 158  59 224 196 183 200  65 152  77   5  58  40
 111 139 159 197  83 102 145 208   2 195   3  16 109  14 182  72  99   1
 160   4 225 211 136  82 178 155   6 114  79 179 201  96  19 124 185 144
  22 170 119  81 215   8  29 166 154 202  25  30 181  61 223  68  89 110
  41 187 222  92  48  34 199  95 171 123  46 210 176 122  52 105 107  10
 206  28 137  51 128  98 142 153  93  94]
Final time: 4.23192977905s - Best: 7885575-[ 39  41  42  94  86  88  95  96  87  89  97  98  90  91  99 100  92  93
 101 136 143 145 137 138 144 146 139 140 148 147 141 142 149 154 155 156
 157 158 159 160 161 162 163 164 165 166 167 168 169 170 171 172 173 174
 175 176 177 178 179 180 181 182 183 184 185 186 187 188 189 190 191 192
 193 194 195 196 197 198 199 200 201 202 203 204 205 206 207 208 209 210
 211 212 213 214 215 216 217 218 219 220 221 222 223 224 225 124 131 129
 123 122 130 128 121 120 126 127 119 118 125 117 109 108 116 115 107 106
 114 113 105 103 112 111 104 102 110  69  68  67  70  12  11  10   7   1
   2   3   4   5   6   8   9  13  14  15  16  17  18  64  63  62  61  60
  59  58  57  56  55  54  53  52  51  50  49  21  22  23  24  25  26  28
  29  33  34  30  31  32  47  35  36  37  38  43  44  45  46  48  27  20
  19  66  71   0  72  73  74  75  76  77  78  79  80  81  82  83  84  85
  65 132 133 134 135 150 151 152 153  40]
Value - initial: 195849313, final: 7885575, improveup: 24.8364022915

data-line;i;195849313;f;7885575;t;4.23192977905;c;-2;fv;[7885575L];cv;-1;imp;24.8364022915;type;rvnd;inum;2;w;1

time;4.23192977905;man_time;0;neigh_time;0
man_time;0;man_merge_sol;0;man_best_sol;0;man_combine_sol;0

Waiting [0]
Terminating workers True 0 0
MPI TERMINATING
