pydf_home: /home/rodolfo/git/Sucuri
simple_pycuda_home: /home/rodolfo/git/simple-pycuda
wamca2016path: /home/rodolfo/git/wamca2016/
localpath: /home/rodolfo/git/dvnd-df/code/dvnd-df/src/
WAMCAPATH:/home/rodolfo/git/wamca2016/
param: {solution_index:4, solution_instance_index:55, multi_gpu:True, goal:False, problem_name:ml, number_of_moves:10, device_count:2, solver:rvnd, mpi_enabled:True, workers:1}
Using already created file:  wamca2016lib.so
Size: 501 - file name: 05_TRP-S500-R1.tsp

Value - initial: 32728536-[189 377 296   8 103  49 154 453 494 213 450 375 101 328 444  29 145 378
 349 141 286  68 177 310 499 111  62 127 100 333 254 341 338 219 205 113
 272 165 225 240 186 451 440 242 304  28  81 263 488   3 163 365 370 289
 353 350 190 324  44 108 339 313 388 223 481 288 167 133 128 140 137 447
 344 147 402 445 455 312 191 426 325 404 222 467  70 356 251 411 496 239
 132 131 302 329 255 220  21   2 317 429 211 484 256 159 359 470 399 257
 463 216 340 383 374 210 150 178 363 267 498  40  15 371 279 114  16 258
 122 175 487 116 306 418 208  39 400 500  36 397 156 139  10 217  58 151
 483  57 387 366  83 327 260 200  95 212  23 412 244 176 321  54  63 456
 476 269 401 405 472 459 136 268 143  34 250 407 183 354  89 314 322  26
  33  51 185  46  18  59 435 198   1 319 169  20 291 293 473  94 351  17
 243  75 123  87 292 157  30 237 438  48 425 465  11 194  43 285 373 277
 421 295 214 458 431 271 406 126 284 209 168 395 241 432 274 422 475 207
 492 294 449 489  92  71 248 474  79 318 221  14 120  77 184  99 174  38
  93  12 320 433 201 430 158 436 229 308  73 202 443 410 138 215 323 218
 352  53 392 259 361 238 117  76 415 454 282 384  60 266 124 315 161 478
  97 360 305 469  91  55 413 367 172 362 153 249  13 434  24 196 311 390
 290 460 461  65 233 394 396 343 307 247 179 482 442  64  22 280 424 130
 235  42  47 180 491 230 107 382 234 299 379 134 380 195 420  98 232 389
 357 104 486  25 227 457 297 479  19 152  86 245 246 441 427 358 197 495
 348   0 403 490 224  96 276 112 345 231  32 110  67 109 386 419 477 464
 468 170 301  50 228 148 181 287 364  90 376 142  35 391 187 347 331 471
 298 262  88 414 330 409 368  45 303 261 446 385 334 480  66 342 192   6
 462  37 206 270 160  27 355   4 393 278 336 437 439  74 146  84 188 300
 493 204  69 466  52  72  82 164 281 118 149 273 398 372 275   5 309 129
 428  56 193  61 264   9 203 346  80 135 119 332 226 121 381 173 417 125
 106 115 253  85 316 497 144 252 283 369 448 171 155 416 199  78 102   7
 485 335 182 236 166 423 162 265 452  41 408 337 105 326  31] - 32728536
Solver: RVND, number of workers: 1
Setting feeder affinity
I am the master. There are 1 mpi processes. (hostname = gpu01)
Roots [<pyDF.nodes.Feeder object at 0x7f1919512ad0>]
Starting 0
Main loop
I am worker 0
GPU0
set random seed!
Initial: 32728536-[189 377 296   8 103  49 154 453 494 213 450 375 101 328 444  29 145 378
 349 141 286  68 177 310 499 111  62 127 100 333 254 341 338 219 205 113
 272 165 225 240 186 451 440 242 304  28  81 263 488   3 163 365 370 289
 353 350 190 324  44 108 339 313 388 223 481 288 167 133 128 140 137 447
 344 147 402 445 455 312 191 426 325 404 222 467  70 356 251 411 496 239
 132 131 302 329 255 220  21   2 317 429 211 484 256 159 359 470 399 257
 463 216 340 383 374 210 150 178 363 267 498  40  15 371 279 114  16 258
 122 175 487 116 306 418 208  39 400 500  36 397 156 139  10 217  58 151
 483  57 387 366  83 327 260 200  95 212  23 412 244 176 321  54  63 456
 476 269 401 405 472 459 136 268 143  34 250 407 183 354  89 314 322  26
  33  51 185  46  18  59 435 198   1 319 169  20 291 293 473  94 351  17
 243  75 123  87 292 157  30 237 438  48 425 465  11 194  43 285 373 277
 421 295 214 458 431 271 406 126 284 209 168 395 241 432 274 422 475 207
 492 294 449 489  92  71 248 474  79 318 221  14 120  77 184  99 174  38
  93  12 320 433 201 430 158 436 229 308  73 202 443 410 138 215 323 218
 352  53 392 259 361 238 117  76 415 454 282 384  60 266 124 315 161 478
  97 360 305 469  91  55 413 367 172 362 153 249  13 434  24 196 311 390
 290 460 461  65 233 394 396 343 307 247 179 482 442  64  22 280 424 130
 235  42  47 180 491 230 107 382 234 299 379 134 380 195 420  98 232 389
 357 104 486  25 227 457 297 479  19 152  86 245 246 441 427 358 197 495
 348   0 403 490 224  96 276 112 345 231  32 110  67 109 386 419 477 464
 468 170 301  50 228 148 181 287 364  90 376 142  35 391 187 347 331 471
 298 262  88 414 330 409 368  45 303 261 446 385 334 480  66 342 192   6
 462  37 206 270 160  27 355   4 393 278 336 437 439  74 146  84 188 300
 493 204  69 466  52  72  82 164 281 118 149 273 398 372 275   5 309 129
 428  56 193  61 264   9 203 346  80 135 119 332 226 121 381 173 417 125
 106 115 253  85 316 497 144 252 283 369 448 171 155 416 199  78 102   7
 485 335 182 236 166 423 162 265 452  41 408 337 105 326  31]
Final time: 5.75232386589s - Best: 2037036-[189  26 425 115 471 228 159 225 441 244  27 491 476 267 188 289  37 130
 446 474   9 454 145 355 428 334 151 108 405 147 205 126 250 227 333  75
 161 391 484  14 388  68 308  72 268 336 386 332  94 102 460 479 211 233
 451 216 380 301 330  44 373 179 116 344 279 387 349 251 140 453  42 163
 309  55 185 285  43 202 299 278 376 139 104 313 272 192 224 149   8 390
  61 296 489 229  63 271  53 107  23 153 400 283  11 314 401  24 465 462
 442 399 424 315 173 323 374 498 397 429 493 461 241 495 184 154 287 198
 158 364  71 464 339  59  83   7 445 111  39 246   5 356 236 142 112 193
  88 232 174 146  38 436 382 419 431 181  82 358 416 345 221 420 266  62
 362  81 325  67 480 300 384 114  17   1 176 409 318 497  10 378 240 103
 132 359 408 427  74 183  47  29 389  66 162 324 311 450 369 377 488   2
 168  50 170  92 131 338 295 284 329  54 128  20 294 402 253 404 157 201
 467 485 141 354 207 365 487  25  90 187 473 475 392 455 435 165 291 443
 340 122 199 472 482 127 256 375 231  46 257 186  98 166 452 235  18   0
 270 478 137 263 297 328 372 196 292  21 413  86 123  91 444 171 282 276
 164 135 321 258 106  56 361 423 234 242 500 194  13 379  35 352 326 210
 277 124 368 105  31 110 398 483 214 125 259 143  64 418 209  77 396 100
 433 357 252  40 206  58 406 343 219 118 261 499  60 347  45 182  28 383
 319  33  22 341 414 337 286 213 172 335 200 470 136 351 305 481 117 167
 393   3 273 434  36 119 459 178   4 223  30 410 175 385 138  96  15 440
  65 366  49 148 477 322 120 218 494 430 288 448  95 190 255  97  79 412
 312 426 254 367  57 191 407 269 432 449 458 415 350 247 316 197 490 101
 264 220  85  34 371 456 342 249 363 492 133 298 245 274 370 212 302 293
 306  52 248   6 152 438  16 411 447 215 204 226 239 160 403 439 129 457
 381 238 265  69 281 203 290  99  93 466 155 307  70 275  12  89 109 208
  19 243 395 262  73 417  78 348 303 317 280 217  84  80 463 113  48  32
 469  41 486 169 121 353 360 310 320 327 150 222 437 422 468 230 346  76
 394 195 421 496  87 144 180 331  51 134 260 304 237 156 177]
Value - initial: 32728536, final: 2037036, improveup: 16.066744034

data-line;i;32728536;f;2037036;t;5.75232386589;c;-2;fv;[2037036L];cv;-1;imp;16.066744034;type;rvnd;inum;4;w;1

time;5.75232386589;man_time;0;neigh_time;0
man_time;0;man_merge_sol;0;man_best_sol;0;man_combine_sol;0

Waiting [0]
Terminating workers True 0 0
MPI TERMINATING
