pydf_home: /home/rodolfo/git/Sucuri
simple_pycuda_home: /home/rodolfo/git/simple-pycuda
wamca2016path: /home/rodolfo/git/wamca2016/
localpath: /home/rodolfo/git/dvnd-df/code/dvnd-df/src/
WAMCAPATH:/home/rodolfo/git/wamca2016/
param: {solution_index:4, solution_instance_index:48, multi_gpu:True, goal:False, problem_name:ml, number_of_moves:10, device_count:2, solver:rvnd, mpi_enabled:True, workers:1}
Using already created file:  wamca2016lib.so
Size: 501 - file name: 05_TRP-S500-R1.tsp

Value - initial: 32567702-[161  72 363 252 268 151 431 244 212 139 133 215  88 240 147 269  56 387
 342 373 485 320 119 367 500 384  53 327 491 264 306 230 329   8 353 316
  28 298  33 275 187 104  17 402 449 155 186   2 358  76  15 260 407 128
 444 153 279  13  62 372 238 368 296 166  85 421 120 207 125 385 347 454
 460 430 399 281 294 349 395 293 152 434  12 234 149  71 289 235  96 103
  46 197  95 203  86 433 210 376 173 380  80  21 292 278 313  92 106  38
 398  89 181 375 110  19 424 259 239 341 184 282 468 392 415 324 255  73
 154   6  75 199 346 440 445 170  44 498  23 257 393 177 325 214   7  41
 412 339 216  39  34 217 336 494 323 364 394   9 465 348 405 121 474 343
 179 168 265 496  52 317 134  37  31  58 337 243  10 469 246 483 288 274
 311 107 471 420 108 458  40 142 443 429 427 302 280 482 456 291 467  90
  68 251 261 237 195 228  26 158 208 220 352 254 356 112 163 295 453 126
 391 271 414 172  32 183 209 389  66 417 423  98 315 256 416  93 118  35
 383 466 191 178 355 450 277  70 340 122 305 270 167   0 283 131 116 419
 314 192 418 360  24 473  29 157 333  11 328 190  48   3 111 204 310 472
 196 266 113 404 171 495 297  67 486 205 403 377 156  82 248  81 148 225
 146 127 242 386  74 169 123  61 160 451 447  64 426 408 141 448 411 369
 304 241 115 487 437 475 231 140  18  91 413 452 287 479 267 284  57 226
  84 378 439 258  27  69 365 462 222 480 211  65 227 101 200 189 308 130
 357 218 253 332 137  77 388 335 309 330  60 129 492 182 138 435 410 198
 213 457 124 476 144  59 488 350  54 233 150  63  22  83 432 286 374 401
 459 301  43 318 221 422 331   4 406 461 362   5 117 159 312 109 174 188
 100 321 245 463 145 370 229 143 102 162 175  97 484 400  99 438 354  55
  87  20 262 441 490 223 272 464 180 489 132 397 201  51 285 359  79 379
  16  30 344 135 345 176 224 276 303 249 361 326 185 250  45 366 290 319
 322 477 396 307 371  36 497 382   1  94 263 165 334 136 273 206  47  14
 247 202 351 493 409 232 338 164  78 428  49 470 436 236 299 381  50 300
 194 193 499 105  42 425 455  25 114 481 219 478 442 390 446] - 32567702
Solver: RVND, number of workers: 1
Setting feeder affinity
I am the master. There are 1 mpi processes. (hostname = gpu01)
Roots [<pyDF.nodes.Feeder object at 0x7f4092903ad0>]
Starting 0
Main loop
I am worker 0
GPU0
set random seed!
Initial: 32567702-[161  72 363 252 268 151 431 244 212 139 133 215  88 240 147 269  56 387
 342 373 485 320 119 367 500 384  53 327 491 264 306 230 329   8 353 316
  28 298  33 275 187 104  17 402 449 155 186   2 358  76  15 260 407 128
 444 153 279  13  62 372 238 368 296 166  85 421 120 207 125 385 347 454
 460 430 399 281 294 349 395 293 152 434  12 234 149  71 289 235  96 103
  46 197  95 203  86 433 210 376 173 380  80  21 292 278 313  92 106  38
 398  89 181 375 110  19 424 259 239 341 184 282 468 392 415 324 255  73
 154   6  75 199 346 440 445 170  44 498  23 257 393 177 325 214   7  41
 412 339 216  39  34 217 336 494 323 364 394   9 465 348 405 121 474 343
 179 168 265 496  52 317 134  37  31  58 337 243  10 469 246 483 288 274
 311 107 471 420 108 458  40 142 443 429 427 302 280 482 456 291 467  90
  68 251 261 237 195 228  26 158 208 220 352 254 356 112 163 295 453 126
 391 271 414 172  32 183 209 389  66 417 423  98 315 256 416  93 118  35
 383 466 191 178 355 450 277  70 340 122 305 270 167   0 283 131 116 419
 314 192 418 360  24 473  29 157 333  11 328 190  48   3 111 204 310 472
 196 266 113 404 171 495 297  67 486 205 403 377 156  82 248  81 148 225
 146 127 242 386  74 169 123  61 160 451 447  64 426 408 141 448 411 369
 304 241 115 487 437 475 231 140  18  91 413 452 287 479 267 284  57 226
  84 378 439 258  27  69 365 462 222 480 211  65 227 101 200 189 308 130
 357 218 253 332 137  77 388 335 309 330  60 129 492 182 138 435 410 198
 213 457 124 476 144  59 488 350  54 233 150  63  22  83 432 286 374 401
 459 301  43 318 221 422 331   4 406 461 362   5 117 159 312 109 174 188
 100 321 245 463 145 370 229 143 102 162 175  97 484 400  99 438 354  55
  87  20 262 441 490 223 272 464 180 489 132 397 201  51 285 359  79 379
  16  30 344 135 345 176 224 276 303 249 361 326 185 250  45 366 290 319
 322 477 396 307 371  36 497 382   1  94 263 165 334 136 273 206  47  14
 247 202 351 493 409 232 338 164  78 428  49 470 436 236 299 381  50 300
 194 193 499 105  42 425 455  25 114 481 219 478 442 390 446]
Final time: 7.78445100784s - Best: 1963376-[161  75 333  14 484 391 412 473 187  90 207 365 487  25 475 392 455 147
 405 108 260 428 355 145 334 151 363 186 257  46 249 231 375 256 127 482
 474 446 130  37 244 441  27 491 476 267 188 289  34 371 456 401 314  24
 465 462 442 424 315 173 498 429 493 241 495 461 397 374 323 327 153 400
  23 107  53 271  63 229 489 296 280 272 139 104 313 292 299 202 185  55
 196 372 328 297 263 137 478 317 270   0  18 452 235 303 344 116 179 373
  44 330 301 380 208 216 451 233 211 479  94 332 386 336 268  72 308  68
 388 306 293 212 302 102 460 152 215 447 411  16 403 160 439 129 239 226
 204 109  89  12 275  70 387 279 349 251 140 453  42 163 309 285  43 278
  21 413 123  91 444 171 282 224 149   8 390 310 360 164 135 106 258 321
 353 287 198 158 464  71 364 174 146  38 436 382 419 431 181  82 358 416
 345 221 421 496 325  67 480 300 384 114  17   1 144  40 206  58 406 252
 357 396  77 100 433 343 219 118 261 499  66 162 324 311 450 347  60  45
 383  28 182 351 305 481 117 377 369 488   2 168 170  50  26 189 418  64
 143 259 125 398 214 483 331 105  10 378 240 103 132 359 408 427  74 318
 409 176 497 368 124 277 210 326 352  35 379  13 194  31 110  85 220 264
 101 490 197 159 228 471 115 316  51 199 122 340 443 291 165 435 191 269
 407 156 253 402 294  20 128  54 329 284 458 449 350 415 338 295 131  92
 167 393 273 434  36 119 459   4 223  30 410 175 385 138  96  15 440  65
 366  49 148 477 322 120 218 494 430 288 255 190  95 448 485 141 354  79
 312 426 205 126 250 227 274 370 245 298 133 492 262 395 243  19 348  73
 417  78  98 166 222 342  11 283 399 423 361  56 184 154 230 468 346  76
 394 195 232  88 193 112 142 236 356   5 246  39 111   7 445 339  59  83
 486 169 121 113  48  32 469  41 217  84  80 463 276  61 192  86 376 307
 155 466 281 203  93  99 290  69 265 238 381 457 438   6 248  52 304 237
  97 467 201 157 404  57 254 367 432 134 472 454   9 234 242 500 437 422
 266 420  62 362  81  87 183 180  47  29 389 209  22 341 414 337 286 213
 172 335 200 470 136  33 319   3 178 247 425 225 150 320 177]
Value - initial: 32567702, final: 1963376, improveup: 16.5876031896

data-line;i;32567702;f;1963376;t;7.78445100784;c;-2;fv;[1963376L];cv;-1;imp;16.5876031896;type;rvnd;inum;4;w;1

time;7.78445100784;man_time;0;neigh_time;0
man_time;0;man_merge_sol;0;man_best_sol;0;man_combine_sol;0

Waiting [0]
Terminating workers True 0 0
MPI TERMINATING
