pydf_home: /home/rodolfo/git/Sucuri
simple_pycuda_home: /home/rodolfo/git/simple-pycuda
wamca2016path: /home/rodolfo/git/wamca2016/
localpath: /home/rodolfo/git/dvnd-df/code/dvnd-df/src/
WAMCAPATH:/home/rodolfo/git/wamca2016/
param: {solution_index:6, solution_instance_index:82, multi_gpu:True, goal:False, problem_name:ml, number_of_moves:10, device_count:2, solver:rvnd, mpi_enabled:True, workers:1}
Using already created file:  wamca2016lib.so
Size: 783 - file name: 07_rat784.tsp

Value - initial: 70860671-[480 568 379 327 284 591 311 124 598 100 471 330  31 571 346 641 114  34
 635 566 688 715 122 561 523  97 167 325 282 565 254 631 778 773 329 624
  99  92 280 320 143 399 260 144 753 285 230 407 696  63 723  74 431  16
 294 489 648 505  50 595 151   6 759 756 548 341 238 596 535 199 769 135
 705 217 186 195 389 129  96 559 684  49 130   8 272 377 554 662  65 104
 446 777 313 447 265 470  69  87  38 737 288 236 702 264 462 207  61 508
 757 218 170 781 670 721 449 510  86 529 133 317 683 464 270 194  19   9
 478  83  22 224 168 713 614 512 755 622 385 606 589 494 492  53 310 438
 400 563 378 629 604 188 506 108  82 524 166 323 252 763 642 398 540 749
 672 205 355 771 782 676 247 633  90 766 309  28 747 542 401 724 227 103
 397 136 519 733 214 206 430 701 372 220 736  79 475 442 626 677 739 388
 745 132 351 527 418 192 507  75 687  91  73 253 164 202 362 594  57 644
 193 584  54 148 391 427 163 287 450 517 637 703 722 350 274 366 441 292
 380 321 697 634 607 481 409 543 730 216  41 611 714 215 536  18 655 219
 149 748 570  17 764 237 428 373   4 572  68 647 146 159 250 679 661 307
 580 599 299 770 545 667 437 290 293  81 586 406 128 666 482 339 744 439
 392 257 484 673 493 298 276  26 353   1 575 429 326 681 417 204 109 716
 384 518 258 189  59 222  30  85 473 490 140 342 241 592 245 692  32   3
 514  33 395 315 360 255  24 229 390 659 460 638 608 113 101 693 314 682
  52 102 597 107 403 111 776 121 630 585 268 477 741 266 131 726 472 665
 719 743 555 413 171 541 141 636 463 544 375  20 452 289 344 455 706 156
 262 239 105 370 334 411 587 158 232 504 386 347 557 708 552 754  42 367
 601 669  70 603 176 774 381 349 516 731 115 328 374 436 316 117 234 312
 651 534 283 762 295 573 513 251 623 521  47 553 649 618 751 456 368 550
 709 201 740  66 528 433 212 468 335  56 263 767 583 422 496  93 197 761
 522 357 445 332 476  58 297 356 581 225 244  27 376 590 150 119 628 180
 277  25 485  14 209 303   0  95 319 497 256 451 187 160 369 694 685 549
 483 363 153 650 405 416 345 382 343 577   5 336 300  84 500 415 593 698
 152 426 501 271 440 142 402 640 668 695 660 281 562   7  88 423 454 425
 354 259 134 487 396 200 116 671 231 615 690 752  55  51 246 511 526 178
 717 333 228 576 301 269 605 183 617 539 172 457 700 383 619 305 579 453
 632 444 616  23 165 621  89 302 720 609 139 498 657 296 420 424 710 448
 503 712 691 658 248 652 768  80 175 432 359 421 387 157 174 620 120 639
 704 242 278 675  43 491 211 190 162 758 578 286 502 718 138 267 352 181
 125 646 459  64 499 322 486  21 520 123 664 530  60 643 273 556 304 560
 226 711 779 654 348 465 738   2 340 203 210 653  46  40 235 707 147 750
  67 308  78 412 161 261 551 213 569 394 458  35 488 410 610 532 177 588
 728 338 112 243 656 533 435 627 434  37 279 469 547 567 240 538 546 154
 337 110  10 179 564 645 613 525 725 509 106 734 221 414 365 479  98 760
 780  45 680 625 126 404 772 443 574 169 558 393 735 408  62 196 118 361
 331 466 602 732 223 306 537 461 185 467  48 746 291  77 699 233 155  12
 474 515 191  13 531 182  72  94 727  71 364 198 137 208 249 765 775  76
  39 582 419  36 674  29 663 145 184 689  15 686  44 612 600 729 371 173
 324  11 742 275 495 358 678 318 127] - 70860671
Solver: RVND, number of workers: 1
Setting feeder affinity
I am the master. There are 1 mpi processes. (hostname = gpu01)
Roots [<pyDF.nodes.Feeder object at 0x7f8bf0218ad0>]
Starting 0
Main loop
I am worker 0
GPU0
set random seed!
Initial: 70860671-[480 568 379 327 284 591 311 124 598 100 471 330  31 571 346 641 114  34
 635 566 688 715 122 561 523  97 167 325 282 565 254 631 778 773 329 624
  99  92 280 320 143 399 260 144 753 285 230 407 696  63 723  74 431  16
 294 489 648 505  50 595 151   6 759 756 548 341 238 596 535 199 769 135
 705 217 186 195 389 129  96 559 684  49 130   8 272 377 554 662  65 104
 446 777 313 447 265 470  69  87  38 737 288 236 702 264 462 207  61 508
 757 218 170 781 670 721 449 510  86 529 133 317 683 464 270 194  19   9
 478  83  22 224 168 713 614 512 755 622 385 606 589 494 492  53 310 438
 400 563 378 629 604 188 506 108  82 524 166 323 252 763 642 398 540 749
 672 205 355 771 782 676 247 633  90 766 309  28 747 542 401 724 227 103
 397 136 519 733 214 206 430 701 372 220 736  79 475 442 626 677 739 388
 745 132 351 527 418 192 507  75 687  91  73 253 164 202 362 594  57 644
 193 584  54 148 391 427 163 287 450 517 637 703 722 350 274 366 441 292
 380 321 697 634 607 481 409 543 730 216  41 611 714 215 536  18 655 219
 149 748 570  17 764 237 428 373   4 572  68 647 146 159 250 679 661 307
 580 599 299 770 545 667 437 290 293  81 586 406 128 666 482 339 744 439
 392 257 484 673 493 298 276  26 353   1 575 429 326 681 417 204 109 716
 384 518 258 189  59 222  30  85 473 490 140 342 241 592 245 692  32   3
 514  33 395 315 360 255  24 229 390 659 460 638 608 113 101 693 314 682
  52 102 597 107 403 111 776 121 630 585 268 477 741 266 131 726 472 665
 719 743 555 413 171 541 141 636 463 544 375  20 452 289 344 455 706 156
 262 239 105 370 334 411 587 158 232 504 386 347 557 708 552 754  42 367
 601 669  70 603 176 774 381 349 516 731 115 328 374 436 316 117 234 312
 651 534 283 762 295 573 513 251 623 521  47 553 649 618 751 456 368 550
 709 201 740  66 528 433 212 468 335  56 263 767 583 422 496  93 197 761
 522 357 445 332 476  58 297 356 581 225 244  27 376 590 150 119 628 180
 277  25 485  14 209 303   0  95 319 497 256 451 187 160 369 694 685 549
 483 363 153 650 405 416 345 382 343 577   5 336 300  84 500 415 593 698
 152 426 501 271 440 142 402 640 668 695 660 281 562   7  88 423 454 425
 354 259 134 487 396 200 116 671 231 615 690 752  55  51 246 511 526 178
 717 333 228 576 301 269 605 183 617 539 172 457 700 383 619 305 579 453
 632 444 616  23 165 621  89 302 720 609 139 498 657 296 420 424 710 448
 503 712 691 658 248 652 768  80 175 432 359 421 387 157 174 620 120 639
 704 242 278 675  43 491 211 190 162 758 578 286 502 718 138 267 352 181
 125 646 459  64 499 322 486  21 520 123 664 530  60 643 273 556 304 560
 226 711 779 654 348 465 738   2 340 203 210 653  46  40 235 707 147 750
  67 308  78 412 161 261 551 213 569 394 458  35 488 410 610 532 177 588
 728 338 112 243 656 533 435 627 434  37 279 469 547 567 240 538 546 154
 337 110  10 179 564 645 613 525 725 509 106 734 221 414 365 479  98 760
 780  45 680 625 126 404 772 443 574 169 558 393 735 408  62 196 118 361
 331 466 602 732 223 306 537 461 185 467  48 746 291  77 699 233 155  12
 474 515 191  13 531 182  72  94 727  71 364 198 137 208 249 765 775  76
  39 582 419  36 674  29 663 145 184 689  15 686  44 612 600 729 371 173
 324  11 742 275 495 358 678 318 127]
Final time: 28.0832858086s - Best: 3430925-[480 478 470 477 467 453 446 426 411 402 414 413 399 401 382 372 367 384
 387 377 378 368 373 395 398 393 405 403 412 420 427 441 460 461 489 503
 515 522 537 549 573 582 584 601 619 622 624 607 594 591 581 566 531 544
 548 545 502 509 497 501 508 524 527 543 536 558 572 580 592 605 603 614
 628 631 641 649 663 666 667 673 675 693 702 695 686 662 655 657 676 681
 711 710 713 716 714 727 743 752 766 770 774 782 781 763 755 751 741 740
 722 729 730 745 762 769 761 748 749 726 700 699 709 694 698 719 718 706
 712 697 691 690 680 656 648 660 668 665 650 645 635 629 632 630 638 617
 609 588 570 571 552 542 526 521 523 519 513 492 488 479 473 486 496 495
 493 504 506 520 540 535 534 528 514 499 490 482 476 466 468 469 463 447
 436 433 417 416 410 390 371 374 379 385 380 353 350 347 339 337 336 319
 323 333 348 360 361 341 330 308 297 283 278 260 244 251 240 219 202 190
 188 191 177 173 165 144 147 141 148 134 133 121 118 112 103  89  77  68
  92 130 131 140 129 128 143 123 120 125 117 107 104 101 111 127 139 156
 163 164 181 208 210 211 218 209 200 182 187 196 212 225 220 227 228 243
 259 262 270 271 287 282 281 286 300 311 317 325 335 329 310 294 274 261
 250 252 224 205 189 168 162 175 178 197 199 216 231 232 249 268 280 291
 302 321 320 332 344 346 349 369 376 392 407 408 409 418 434 430 438 419
 423 429 448 459 472 494 512 518 517 530 546 539 538 560 568 589 598 587
 577 565 562 563 586 583 590 602 608 621 620 627 616 618 612 640 643 659
 674 689 679 684 678 670 654 633 626 611 597 596 585 593 610 625 647 651
 658 677 687 708 724 733 737 703 696 682 671 664 639 637 623 595 575 567
 579 578 561 553 550 533 529 505 516 511 507 491 485 462 454 437 421 432
 425 404 391 388 365 357 343 334 326 318 322 298 285 266 255 242 223 207
 201 203 195 194 183 161 155 150 151 160 142 136 132 115  97  93  82  64
  80  79  69  66  40  45  46  52  57  75  94  88  76  73  62  38  47  63
  70  58  60  49  61  53  41  50  43  54  59  72  90  95 113 108 105 100
  78  83  86  74  65  42  37  12  10   3  33  27  23  26  25  20  15  31
  13  21  34  30  19  35  29   7  18   4   2   9  28  32   8  11  17   6
   1  22  16   0  14  24  36  44  56  51  48  55  87  96  99 106 110 119
 135 152 126 114 109 122 116 124 145 138 146 154 159 174 185 179 171 184
 214 215 204 229 230 226 221 248 247 273 272 277 275 276 254 245 238 235
 241 234 265 269 288 304 312 301 293 316 327 342 355 358 351 362 383 394
 389 386 381 400 422 428 435 444 451 457 452 442 424 406 396 370 364 352
 345 338 324 331 315 305 290 267 257 258 292 306 299 289 256 236 172 149
 137  98  84  67  85  81  71  91 102 153 158 166 157 167 169 193 180 176
 170 192 198 217 213 206 222 246 237 233 253 264 263 279 284 296 295 303
 313 314 328 340 354 356 366 397 439 449 464 474 487 458 445 431 415 440
 456 455 484 483 465 481 471 498 510 525 532 547 559 644 705 704 717 735
 744 734 746 768 777 760 771 764 759 775 758 756 757 742 738 731 721 732
 736 754 753 767 778 776 772 773 765 747 739 725 720 683 685 688 692 652
 653 661 672 707 715 779 780 750 723 701 669 646 642 634 615 636 604 613
 600 599 576 569 564 574 557 541 555 606 556 551 500 475 450 443 307 309
 363 359 375 239 186   5  39 554 728]
Value - initial: 70860671, final: 3430925, improveup: 20.6535179288

data-line;i;70860671;f;3430925;t;28.0832858086;c;-2;fv;[3430925L];cv;-1;imp;20.6535179288;type;rvnd;inum;6;w;1

time;28.0832858086;man_time;0;neigh_time;0
man_time;0;man_merge_sol;0;man_best_sol;0;man_combine_sol;0

Waiting [0]
Terminating workers True 0 0
MPI TERMINATING
