pydf_home: /home/rodolfo/git/Sucuri
simple_pycuda_home: /home/rodolfo/git/simple-pycuda
wamca2016path: /home/rodolfo/git/wamca2016/
localpath: /home/rodolfo/git/dvnd-df/code/dvnd-df/src/
WAMCAPATH:/home/rodolfo/git/wamca2016/
param: {solution_index:7, solution_instance_index:3, multi_gpu:True, goal:False, problem_name:ml, number_of_moves:10, device_count:2, solver:rvnd, mpi_enabled:True, workers:1}
Using already created file:  wamca2016lib.so
Size: 1001 - file name: 08_TRP-S1000-R1.tsp

Value - initial: 132125828-[997 519 280 ..., 410 848 726] - 132125828
Solver: RVND, number of workers: 1
Setting feeder affinity
I am the master. There are 1 mpi processes. (hostname = gpu01)
Roots [<pyDF.nodes.Feeder object at 0x7f7ae88b6ad0>]
Starting 0
Main loop
I am worker 0
GPU0
set random seed!
Initial: 132125828-[997 519 280 ..., 410 848 726]
Final time: 22.1029269695s - Best: 5592407-[997 432 150 ..., 218 988 814]
Value - initial: 132125828, final: 5592407, improveup: 23.6259320897

data-line;i;132125828;f;5592407;t;22.1029269695;c;-2;fv;[5592407L];cv;-1;imp;23.6259320897;type;rvnd;inum;7;w;1

time;22.1029269695;man_time;0;neigh_time;0
man_time;0;man_merge_sol;0;man_best_sol;0;man_combine_sol;0

Waiting [0]
Terminating workers True 0 0
MPI TERMINATING
