pydf_home: /home/rodolfo/git/Sucuri
simple_pycuda_home: /home/rodolfo/git/simple-pycuda
wamca2016path: /home/rodolfo/git/wamca2016/
localpath: /home/rodolfo/git/dvnd-df/code/dvnd-df/src/
WAMCAPATH:/home/rodolfo/git/wamca2016/
param: {solution_index:3, solution_instance_index:53, multi_gpu:True, goal:False, problem_name:ml, number_of_moves:10, device_count:2, solver:rvnd, mpi_enabled:True, workers:1}
Using already created file:  wamca2016lib.so
Size: 318 - file name: 04_lin318.tsp

Value - initial: 95800535-[289  26 165  35  49 154 298 226  31 193 194 129 235 175  16  87 110  97
 145 171 240 195 105 167 112 259  38 252   8 158 304 130   3 270 147 248
 302 280 176 166  53 114 190 230 133 276 215 306 109  42 303 108 148 200
 290 142 188  39  56  72 225  34 286  86 153 189  11 313 237  65 125 202
 208 244  50 308 314 211 168  57  74 203 278  46 116 138 317   1 192 123
 152 111  71  69  37 254  54 224 310  62  23  70  33 119 283  80 209 164
 115 134 162 186 300 139 185 229 312  90 307 241 169 191 140 309   7 151
 179 187 269  92 146  13 118  30 315  10 243 288  94  40  45 281  19 204
 205 238 210 183 126 255 103 172 101 180 222  51 228 131  98 311  17 182
 246 250  96 260 106 212  61  55   0  47 256 261 137  77  44 150   6  25
 219  85 294 262 272 263  93 247 213 287 196 271 216  78 299 155 267  18
 197  24 124 127 104   5 173 136 217 253  21 161  12 198 121 236 220 181
  95  29 295 316 143 282  75  76 132 163 174 221 156  15  48 102 178  99
  14 206 100  32 159 149 232 239  36 292  20  67   9 266 305   2  66  83
 122 214 141 233 242 113  81  28 297  82 273 291 275 157 245 184  84 231
 199 285 117  68  52  60  79 223 207 218 128 251  43  59 279 249 107  27
 293 257  91 277 170 201  63 160 284  73 177 144   4 301 264  89 120  64
 227 268 258 296  88 135 274 234  22  41  58 265] - 95800535
Solver: RVND, number of workers: 1
Setting feeder affinity
I am the master. There are 1 mpi processes. (hostname = gpu01)
Roots [<pyDF.nodes.Feeder object at 0x7fe40fe60ad0>]
Starting 0
Main loop
I am worker 0
GPU0
set random seed!
Initial: 95800535-[289  26 165  35  49 154 298 226  31 193 194 129 235 175  16  87 110  97
 145 171 240 195 105 167 112 259  38 252   8 158 304 130   3 270 147 248
 302 280 176 166  53 114 190 230 133 276 215 306 109  42 303 108 148 200
 290 142 188  39  56  72 225  34 286  86 153 189  11 313 237  65 125 202
 208 244  50 308 314 211 168  57  74 203 278  46 116 138 317   1 192 123
 152 111  71  69  37 254  54 224 310  62  23  70  33 119 283  80 209 164
 115 134 162 186 300 139 185 229 312  90 307 241 169 191 140 309   7 151
 179 187 269  92 146  13 118  30 315  10 243 288  94  40  45 281  19 204
 205 238 210 183 126 255 103 172 101 180 222  51 228 131  98 311  17 182
 246 250  96 260 106 212  61  55   0  47 256 261 137  77  44 150   6  25
 219  85 294 262 272 263  93 247 213 287 196 271 216  78 299 155 267  18
 197  24 124 127 104   5 173 136 217 253  21 161  12 198 121 236 220 181
  95  29 295 316 143 282  75  76 132 163 174 221 156  15  48 102 178  99
  14 206 100  32 159 149 232 239  36 292  20  67   9 266 305   2  66  83
 122 214 141 233 242 113  81  28 297  82 273 291 275 157 245 184  84 231
 199 285 117  68  52  60  79 223 207 218 128 251  43  59 279 249 107  27
 293 257  91 277 170 201  63 160 284  73 177 144   4 301 264  89 120  64
 227 268 258 296  88 135 274 234  22  41  58 265]
Final time: 3.08322381973s - Best: 6290704-[289 285 282 288 286 281 276 277 280 287 291 292 293 295 290 284 283 278
 279 272 271 267 262 261 266 263 260 256 253 255 252 250 251 246 245 235
 234 227 226 225 228 233 236 229 232 237 239 240 241 238 231 230 312 224
 220 219 117 118 121 120 123 128 131 132 127 124 207 119 115 114  12  13
 125 126 133 134 135 136 137 208 148 151 155 158 161 160 159 154 152 149
 153 144  37  38  41  40  42  45  51  52  57  56  53  50  46  43  44  47
  49  54  55  48  39 103  32  31  30  29  28  21  20  14 102  19  22  27
  18  23  26  25  24  17  15  16   7   8   4   3 111 110 106 105 107 112
 113 122 129 130 140 141 146 145 147 150 156 157 162 166 167 165 164 169
 170 174 173 178 179 185 184 180 177 183 181 176 168 209 163  59  60  65
  64 171 172 175 182 186 187 188 189  86  87  69  68  73  74  80  79  75
  72  78  76  71  66  67  70  77  81  82  83  84  90  91  95  96 100 101
  92  88  89  97  98  94  93  99 206 205 201 200 196 195 197 193 194 202
 203 199 198 305 306 204 310 311 307 308 309 304 303 296 297 299 298 302
 301 300 192 191 294 273 314 268 265 264 259 257 254 249 313 242 221 216
 215 109 108 211 210 212 217 218 214 213 222 223 243 244 247 248 317 269
 270 274 275 258 143 142 138 139 116  33  34  36  35  11   2   0   1   5
   6   9  10 315 316  58 104  61  62  63  85 190]
Value - initial: 95800535, final: 6290704, improveup: 15.2289052227

data-line;i;95800535;f;6290704;t;3.08322381973;c;-2;fv;[6290704L];cv;-1;imp;15.2289052227;type;rvnd;inum;3;w;1

time;3.08322381973;man_time;0;neigh_time;0
man_time;0;man_merge_sol;0;man_best_sol;0;man_combine_sol;0

Waiting [0]
Terminating workers True 0 0
MPI TERMINATING
