pydf_home: /home/rodolfo/git/Sucuri
simple_pycuda_home: /home/rodolfo/git/simple-pycuda
wamca2016path: /home/rodolfo/git/wamca2016/
localpath: /home/rodolfo/git/dvnd-df/code/dvnd-df/src/
WAMCAPATH:/home/rodolfo/git/wamca2016/
param: {solution_index:0, solution_instance_index:32, multi_gpu:True, goal:False, problem_name:ml, number_of_moves:10, device_count:2, solver:rvnd, mpi_enabled:True, workers:1}
Using already created file:  wamca2016lib.so
Size: 52 - file name: 01_berlin52.tsp

Value - initial: 835314-[11  1 10 24 26 31 33 29 36 44 39  3 20 38 27 40 42 34  9 17 46  2 15  6 47
 41 18 13  8 23 35  4 43 30 21 49  5 51 50 14 22 28 45 12  7 16 19 37 32 25
 48  0] - 835314
Solver: RVND, number of workers: 1
Setting feeder affinity
I am the master. There are 1 mpi processes. (hostname = gpu01)
Roots [<pyDF.nodes.Feeder object at 0x7fd9bdb69ad0>]
Starting 0
Main loop
I am worker 0
GPU0
set random seed!
Initial: 835314-[11  1 10 24 26 31 33 29 36 44 39  3 20 38 27 40 42 34  9 17 46  2 15  6 47
 41 18 13  8 23 35  4 43 30 21 49  5 51 50 14 22 28 45 12  7 16 19 37 32 25
 48  0]
Final time: 1.55224013329s - Best: 147488-[11 24  3  5 14  4 23 47 37 36 39 38 33 34 35 48 31 21 17 30 22 19 49 15 43
 45 42  9  8  7 40 18 44  2 16 20 41  6  1 29 28 46 25 27 26 12 13 51 10 50
 32  0]
Value - initial: 835314, final: 147488, improveup: 5.6636065307

data-line;i;835314;f;147488;t;1.55224013329;c;-2;fv;[147488L];cv;-1;imp;5.6636065307;type;rvnd;inum;0;w;1

time;1.55224013329;man_time;0;neigh_time;0
man_time;0;man_merge_sol;0;man_best_sol;0;man_combine_sol;0

Waiting [0]
Terminating workers True 0 0
MPI TERMINATING
