pydf_home: /home/rodolfo/git/Sucuri
simple_pycuda_home: /home/rodolfo/git/simple-pycuda
wamca2016path: /home/rodolfo/git/wamca2016/
localpath: /home/rodolfo/git/dvnd-df/code/dvnd-df/src/
WAMCAPATH:/home/rodolfo/git/wamca2016/
param: {solution_index:0, solution_instance_index:80, multi_gpu:True, goal:False, problem_name:ml, number_of_moves:10, device_count:2, solver:rvnd, mpi_enabled:True, workers:1}
Using already created file:  wamca2016lib.so
Size: 52 - file name: 01_berlin52.tsp

Value - initial: 680887-[15 28  1 29 12 11  8 40 49 14  4 43 13 25 38 37 30 21  7 42 24  6 19 27 10
 20 36  3  9 50 44 41 26 23 48 22 32 16 18 31 46 45  5 47 34 35  0 33 17 39
  2 51] - 680887
Solver: RVND, number of workers: 1
Setting feeder affinity
I am the master. There are 1 mpi processes. (hostname = gpu01)
Roots [<pyDF.nodes.Feeder object at 0x7f24b1860ad0>]
Starting 0
Main loop
I am worker 0
GPU0
set random seed!
Initial: 680887-[15 28  1 29 12 11  8 40 49 14  4 43 13 25 38 37 30 21  7 42 24  6 19 27 10
 20 36  3  9 50 44 41 26 23 48 22 32 16 18 31 46 45  5 47 34 35  0 33 17 39
  2 51]
Final time: 1.52884101868s - Best: 147765-[15 43 45 47 23  4  5 14 37 36 39 38 33 34 35 48  0 21 31 44 18  7 40  2 17
 30 20 16  6  1 41 29 22 19 49 28 46 25 26 27 11 24  3 42  9  8 32 50 10 12
 13 51]
Value - initial: 680887, final: 147765, improveup: 4.60790444287

data-line;i;680887;f;147765;t;1.52884101868;c;-2;fv;[147765L];cv;-1;imp;4.60790444287;type;rvnd;inum;0;w;1

time;1.52884101868;man_time;0;neigh_time;0
man_time;0;man_merge_sol;0;man_best_sol;0;man_combine_sol;0

Waiting [0]
Terminating workers True 0 0
MPI TERMINATING
