pydf_home: /home/rodolfo/git/Sucuri
simple_pycuda_home: /home/rodolfo/git/simple-pycuda
wamca2016path: /home/rodolfo/git/wamca2016/
localpath: /home/rodolfo/git/dvnd-df/code/dvnd-df/src/
WAMCAPATH:/home/rodolfo/git/wamca2016/
param: {solution_index:0, solution_instance_index:68, multi_gpu:True, goal:False, problem_name:ml, number_of_moves:10, device_count:2, solver:rvnd, mpi_enabled:True, workers:1}
Using already created file:  wamca2016lib.so
Size: 52 - file name: 01_berlin52.tsp

Value - initial: 740857-[44 11 23 40 49  9 31 17 39 13 47 50  1 16 35  0 45 21 19  3 34  5 26 36 29
 30 43  8 28 42 37 24  6 14 27 18 10 12 15 33  7 20  4  2 46 41 22 32 38 25
 51 48] - 740857
Solver: RVND, number of workers: 1
Setting feeder affinity
I am the master. There are 1 mpi processes. (hostname = gpu01)
Roots [<pyDF.nodes.Feeder object at 0x7fb753b15ad0>]
Starting 0
Main loop
I am worker 0
GPU0
set random seed!
Initial: 740857-[44 11 23 40 49  9 31 17 39 13 47 50  1 16 35  0 45 21 19  3 34  5 26 36 29
 30 43  8 28 42 37 24  6 14 27 18 10 12 15 33  7 20  4  2 46 41 22 32 38 25
 51 48]
Final time: 1.33930897713s - Best: 153217-[44 18 40  7  8  9 42 14  4 37 39 38 35 34 33 36 47 23  5  3 24 45 43 15 49
 19 22  0 31 21 30 17  2 16 20 41  6  1 29 28 46 25 27 26 12 13 51 10 50 11
 32 48]
Value - initial: 740857, final: 153217, improveup: 4.83534464191

data-line;i;740857;f;153217;t;1.33930897713;c;-2;fv;[153217L];cv;-1;imp;4.83534464191;type;rvnd;inum;0;w;1

time;1.33930897713;man_time;0;neigh_time;0
man_time;0;man_merge_sol;0;man_best_sol;0;man_combine_sol;0

Waiting [0]
Terminating workers True 0 0
MPI TERMINATING
