pydf_home: /home/rodolfo/git/Sucuri
simple_pycuda_home: /home/rodolfo/git/simple-pycuda
wamca2016path: /home/rodolfo/git/wamca2016/
localpath: /home/rodolfo/git/dvnd-df/code/dvnd-df/src/
WAMCAPATH:/home/rodolfo/git/wamca2016/
param: {solution_index:3, solution_instance_index:57, multi_gpu:True, goal:False, problem_name:ml, number_of_moves:10, device_count:2, solver:rvnd, mpi_enabled:True, workers:1}
Using already created file:  wamca2016lib.so
Size: 318 - file name: 04_lin318.tsp

Value - initial: 91267609-[179 124  67  63  71  98 156 160 121 251 240 203 120 290 155  38  41 212
 157 227  18  79  23  16 256  14   2  15  82 158 211 161 304  84 292   4
  90 243 269 216 195 246 140  26  68  51 204 199 190  65 209   5  72 258
 198 230 262  20  81 150 244  62 101 223  88 108 253 191 185   7 226 300
 187 142 109 131  61  73  77 139  33 192 123 136  22 272 164  96 239  54
   9 182 305 276  21  97 180 289  92 125 106 153 296 249  76  74   3 313
  64 200 165 193 144  99 172 210  58 306  40 228 285  24  86 316 279 264
 151 299 143  50 245 174 281  55 100  17 141  91 303 178 271 138 224 170
  83  39 196 233  60 126  28  35  13 282 250 317 257 110 213 301  70 237
 162 295  59 222 159 184  56  85 270 130  31 154 149 166 232  52 102  30
 188 291  37 241 247 238  53 298  34 107 259 171  25 286 167 278 311  29
 261 308 152 104  43 205 115 268 293 145  87 315  42  93  36 215 235 168
  12 129 177 183 294  19 218 260   1  69 105 133  47 169   6 255 280 128
 266 175  11 163 231 103 310   0 221 284 220 263  75 274 275 283 202 189
 219 254 248 111 252  94  45 114  48  66 277 314 197 242 132 236 186 312
 309 297 134  27  10 113 135 194 225  95  78 206  89 118 112 288 302 265
  44 181 119  49 201 127 207 116 214 148  57 208 234 267  80 147  46   8
 287 229 176 273 307 122  32 217 117 146 137 173] - 91267609
Solver: RVND, number of workers: 1
Setting feeder affinity
I am the master. There are 1 mpi processes. (hostname = gpu01)
Roots [<pyDF.nodes.Feeder object at 0x7f2256c80ad0>]
Starting 0
Main loop
I am worker 0
GPU0
set random seed!
Initial: 91267609-[179 124  67  63  71  98 156 160 121 251 240 203 120 290 155  38  41 212
 157 227  18  79  23  16 256  14   2  15  82 158 211 161 304  84 292   4
  90 243 269 216 195 246 140  26  68  51 204 199 190  65 209   5  72 258
 198 230 262  20  81 150 244  62 101 223  88 108 253 191 185   7 226 300
 187 142 109 131  61  73  77 139  33 192 123 136  22 272 164  96 239  54
   9 182 305 276  21  97 180 289  92 125 106 153 296 249  76  74   3 313
  64 200 165 193 144  99 172 210  58 306  40 228 285  24  86 316 279 264
 151 299 143  50 245 174 281  55 100  17 141  91 303 178 271 138 224 170
  83  39 196 233  60 126  28  35  13 282 250 317 257 110 213 301  70 237
 162 295  59 222 159 184  56  85 270 130  31 154 149 166 232  52 102  30
 188 291  37 241 247 238  53 298  34 107 259 171  25 286 167 278 311  29
 261 308 152 104  43 205 115 268 293 145  87 315  42  93  36 215 235 168
  12 129 177 183 294  19 218 260   1  69 105 133  47 169   6 255 280 128
 266 175  11 163 231 103 310   0 221 284 220 263  75 274 275 283 202 189
 219 254 248 111 252  94  45 114  48  66 277 314 197 242 132 236 186 312
 309 297 134  27  10 113 135 194 225  95  78 206  89 118 112 288 302 265
  44 181 119  49 201 127 207 116 214 148  57 208 234 267  80 147  46   8
 287 229 176 273 307 122  32 217 117 146 137 173]
Final time: 4.15555500984s - Best: 5940770-[179 185 178 173 174 192 191 294 292 291 287 293 288 286 281 276 277 280
 169 170 165 164 268 265 264 259 257 254 253 256 260 263 266 267 262 261
 255 252 250 251 246 245 235 234 227 226 225 228 233 236 229 232 237 239
 240 241 238 231 230 312 224 220 219 216 215 211 210 108 109 117 118 121
 120 122 129 130 131 128 123 132 127 124 207 119 125 126 133 134 135 136
  33  34  38  37 144 153 149 152 154 159 160 161 158 155 151 148 145 146
 147 150 156 157 162 167 166 168 176 181 183 188 187 186 182 175 172 171
  64  65  69  68  73  74  80  79  75  72  71  76  78  83  84  82  81  77
  70  67  66  63 104  58  55  54  49  47  44  48  39 103  32  26  23  18
  19  22  27  29  30  31  28  21  20 102  14  10   9   6   5   1   0   2
   7   8   4   3 105 106 110 111 114 115  12  13  16  15  17  24  25  35
  36  41  40  42  45  51  43  46  50  53  56  52  57  61  62  60  59 163
 209 177 180 184 190 189  86  87  89  88  85  90  91  95  96 100 101  92
  97  98  94  93  99 206 205 201 200 196 195 197 193 194 202 203 199 198
 204 311 310 306 305 301 300 302 295 289 285 282 278 279 283 284 290 298
 299 307 308 309 304 303 297 296 275 274 270 269 317 248 247 244 243 223
 222 213 214 218 217 212 221 242 313 249 258 143 142 138 139 141 140 208
 137 116 107 112 113 314 271 272 273 316 315  11]
Value - initial: 91267609, final: 5940770, improveup: 15.3629258497

data-line;i;91267609;f;5940770;t;4.15555500984;c;-2;fv;[5940770L];cv;-1;imp;15.3629258497;type;rvnd;inum;3;w;1

time;4.15555500984;man_time;0;neigh_time;0
man_time;0;man_merge_sol;0;man_best_sol;0;man_combine_sol;0

Waiting [0]
Terminating workers True 0 0
MPI TERMINATING
