pydf_home: /home/rodolfo/git/Sucuri
simple_pycuda_home: /home/rodolfo/git/simple-pycuda
wamca2016path: /home/rodolfo/git/wamca2016/
localpath: /home/rodolfo/git/dvnd-df/code/dvnd-df/src/
WAMCAPATH:/home/rodolfo/git/wamca2016/
param: {solution_index:5, solution_instance_index:21, multi_gpu:True, goal:False, problem_name:ml, number_of_moves:10, device_count:2, solver:rvnd, mpi_enabled:True, workers:1}
Using already created file:  wamca2016lib.so
Size: 657 - file name: 06_d657.tsp

Value - initial: 277445495-[491  91 637 336 593 333 198 378 278 475  31 283 418 246 536 357 101  43
 165  64 118 515  87 286 525 127  95 157 295  63 622 545  57  44 322 551
 259  42 416 424 235   8 328 556 509 607 172 409 277 337 345 290 502 291
 591 141 471 508 505 342  73 642  52  54 500 411 486 492 351 550 112  59
  65 626 621 650   0 119 166 517  79  37 179 613 316 284 600 132 252 332
 150 386 122 604 196 581   5  16 313 105  29  12 310 528 365 146 467 549
 404 480 154 406 233  22 601 579 348   6 240  70 504 628 219 114 221 377
 434 135   2 238 210 597 297 576 270 585 452 271 398 138   4 606  61  35
 231 529 614 247 255 563 643 385 269 456 204 391 481 232 466 263  34 180
 572 629 430 325 589 382 258  84 335 113 587 329 410  14 393 319 520 305
 620 457 133 194 446 387 583 331  93 445 465 617 121 302 155 425 144 320
 437 195 192 539 108 610 374  36 400 368 356 294 538 627 147 571 575  71
 211 149 163 484  38  50 653  13 251   9 276 191  68 206 354 129  18 103
 426 534 415 190 392 518 130 570 249 548 222 448 390 131 298 361 429 569
 488 459   1 479  90 420 296 188 546 162 413 199 463 470 651 618  72 588
 304 455 300 248 243 381 363 461 334 435 140 477  78 531 422 493 559 498
 469 299 366 308 603 553 145 220 274 124 126 311 324 564 645 306 181  83
 346 159 230 375 503 632 136  75 201  76 464  26 110 524  23 186 139 577
 301  80 212 152 340 292 476 428 372 171 207 468 215 339 107  41 636  60
 639  33 203 115  67  24 330   3 499  53 623 183 116 419 510 543 317 547
 273 451  69 205 189 349  77 239 573 458 217 158 178 289 156 176 489 526
 307 350 460 482 634 397 558 362 631  46 512 566 405 501 134 244 396  97
 644 266 584 288  85  32 285 261 185 542 624 104 253 184 552  20 511 496
 388 167 427 344 541 442 582 596 254 433 649 522 197 447 414 214 495 654
 364 281 102 303 293 236 314 555  94 453  27 633 224 506 399  39 148 279
 619 355 177  30 592 408 590 280  19 169 532 438  82  88 208 315 343 514
 226 544  48 395  49 535 367  81  96 574 530 611   7 352 216 625 527 450
 161 256 449 371 561 341 193 282 648 641 164 109 260  66  28 241 389 436
 497 594 638 287 640 443 234 137  56 151 394 562 359 321 128 472  62 123
 485 454 519 117 153 494 646 213 490 599 225 595 537 142  11  98 478 554
 612 326 401 379 267 567 111  15 421 565  21 630 507 250 439 376 227 598
 444 347 125  45 264 360 521 483  89 462 540 441 309 431 323  51 380  17
 402 262 384 175 513 656 106 523 586  58  92  25 242 580 209 557 568 473
 616 417 578 223 170 120 533 168 318  40 312 257  86 160 609 353  74 432
 647  99  47 143 100 358 615 268 229 608 237  10 370 173 228 487 373 403
 655 605 369 245  55 560 412 516 407 338 383 275 174 327 474 272 423 187
 200 202 635 182 602 652 440 265 218] - 277445495
Solver: RVND, number of workers: 1
Setting feeder affinity
I am the master. There are 1 mpi processes. (hostname = gpu01)
Roots [<pyDF.nodes.Feeder object at 0x7fddd092dad0>]
Starting 0
Main loop
I am worker 0
GPU0
set random seed!
Initial: 277445495-[491  91 637 336 593 333 198 378 278 475  31 283 418 246 536 357 101  43
 165  64 118 515  87 286 525 127  95 157 295  63 622 545  57  44 322 551
 259  42 416 424 235   8 328 556 509 607 172 409 277 337 345 290 502 291
 591 141 471 508 505 342  73 642  52  54 500 411 486 492 351 550 112  59
  65 626 621 650   0 119 166 517  79  37 179 613 316 284 600 132 252 332
 150 386 122 604 196 581   5  16 313 105  29  12 310 528 365 146 467 549
 404 480 154 406 233  22 601 579 348   6 240  70 504 628 219 114 221 377
 434 135   2 238 210 597 297 576 270 585 452 271 398 138   4 606  61  35
 231 529 614 247 255 563 643 385 269 456 204 391 481 232 466 263  34 180
 572 629 430 325 589 382 258  84 335 113 587 329 410  14 393 319 520 305
 620 457 133 194 446 387 583 331  93 445 465 617 121 302 155 425 144 320
 437 195 192 539 108 610 374  36 400 368 356 294 538 627 147 571 575  71
 211 149 163 484  38  50 653  13 251   9 276 191  68 206 354 129  18 103
 426 534 415 190 392 518 130 570 249 548 222 448 390 131 298 361 429 569
 488 459   1 479  90 420 296 188 546 162 413 199 463 470 651 618  72 588
 304 455 300 248 243 381 363 461 334 435 140 477  78 531 422 493 559 498
 469 299 366 308 603 553 145 220 274 124 126 311 324 564 645 306 181  83
 346 159 230 375 503 632 136  75 201  76 464  26 110 524  23 186 139 577
 301  80 212 152 340 292 476 428 372 171 207 468 215 339 107  41 636  60
 639  33 203 115  67  24 330   3 499  53 623 183 116 419 510 543 317 547
 273 451  69 205 189 349  77 239 573 458 217 158 178 289 156 176 489 526
 307 350 460 482 634 397 558 362 631  46 512 566 405 501 134 244 396  97
 644 266 584 288  85  32 285 261 185 542 624 104 253 184 552  20 511 496
 388 167 427 344 541 442 582 596 254 433 649 522 197 447 414 214 495 654
 364 281 102 303 293 236 314 555  94 453  27 633 224 506 399  39 148 279
 619 355 177  30 592 408 590 280  19 169 532 438  82  88 208 315 343 514
 226 544  48 395  49 535 367  81  96 574 530 611   7 352 216 625 527 450
 161 256 449 371 561 341 193 282 648 641 164 109 260  66  28 241 389 436
 497 594 638 287 640 443 234 137  56 151 394 562 359 321 128 472  62 123
 485 454 519 117 153 494 646 213 490 599 225 595 537 142  11  98 478 554
 612 326 401 379 267 567 111  15 421 565  21 630 507 250 439 376 227 598
 444 347 125  45 264 360 521 483  89 462 540 441 309 431 323  51 380  17
 402 262 384 175 513 656 106 523 586  58  92  25 242 580 209 557 568 473
 616 417 578 223 170 120 533 168 318  40 312 257  86 160 609 353  74 432
 647  99  47 143 100 358 615 268 229 608 237  10 370 173 228 487 373 403
 655 605 369 245  55 560 412 516 407 338 383 275 174 327 474 272 423 187
 200 202 635 182 602 652 440 265 218]
Final time: 8.31000089645s - Best: 14465872-[491 494 497  95  87  88  83  76  89  94 108 123 110 111 107 100  96  82
  75  81  80  71  66  61  47  43  38  42  46  37  34 469  31  30  27  26
  25 440  23  22  19 444 445 447 446 443 441 442 463 462 466 468 464 458
 453 449 448 450 452 451 454 461 465 467 470  51  62  56  67 483 482 472
 479 478 477 519 520 521 526 525 524 522 518 517 516 513 512 528 509 508
 133 136 507 500 501 503 502 499 495 492 489 484 488 487 481 480 485 486
 490 496 498 505 506 125 135 124 127 145 144 109 134 146 151 153 158 150
 143 122 106 112 105 121 149 154 147 139 148 161 170 171 169 157 118 103
 119 113  99  92  86  69  59  48  52  57  65  72  85 114 102  91  97  98
  93 115 132 140 155 142 137 130 129 128 116 101  84  74  77  73  68  63
  54  50  49  44  45  35  32  33  36  39  41  53  60  64  79  78   6 117
 131 138 163 156 164 162 190 196 185 178 172 168 181 180 186 191 195 197
 198 199 209 218 234 253 261 271 263 264 288 293 299 303 308 309 321 325
 294 292 287 275 254 260 251 247 241 232 221 208 214 219 227 252 268 276
 270 250 242 226 224 228 243 255 259 284 304 305 312 318 333 339 328 313
 314 315 332 338 344 353 329 316 285 278 281 301 295 302 319 330 336 343
 354 360 355 381 383 380 375 382 367 362 352 363 359 366 368 374 376 379
 384 394 403 407 412 425 413 406 402 395 385 396 410 419 424 431 423 414
 405 401 373 378 357 351 358 327 311 300 310 320 326 350 369 365 377 386
 387 349 364 388 397 370 348 342 334 324 323 346 340 335 345 361 372 391
 398 389 400 404 415 421 439 437 420 409 416 390 371 347 341 322 317 307
 298 290 289 262 238 239 230 220 206 217 240 248 236 225 215 177 184 179
 166 167 176 188 192 223 249 277 291 272 274 283 286 282 267 256 244 233
 211 193 174 189 203 205 212 216 222 245 265 273 258 266 280 296 297 306
 331 356 337 607 610 606 605 601 600 598 592 279 257 246 229 580 213 200
 194 183 173 182 159 510 511 559 556 551 543 549 550 557 555 554 558 553
 548 547 544 545 546 552 628 561 562 568 569 571 573 577 576 583 584 585
 588 599 603 604 609 593 590 587 579 575 572 626 655 654 653 652 651 650
 649 648 647 645 646 644 643 642 641 640 639 638 637 636 630 629 631 632
 633 634 635 541 540 539 538 537 536 534 535 532 531 529 523 530 533 527
 474 475 457 456 473 459 460 455  29  18  13  17  16  20  15  14  12  11
  10   8   9   7  24  21  28  40  55 120 104  90  70  58 471 476 515 514
 493 504 126 152 160 201 202 570 567 566 565 563 560 564 574 578 582 581
 586 589 595 591 594 602 597 596 608 613 615 616 617 618 620 622 408 619
 612 611 614 621 623 625 624 427 426 393 418 428 417 411 392 429 434 433
 432 435 430 436 422 438 399 269 237 231 235 210 141   5   4   3   2   1
 165 187 204 207 175 542 627 656   0]
Value - initial: 277445495, final: 14465872, improveup: 19.1793135595

data-line;i;277445495;f;14465872;t;8.31000089645;c;-2;fv;[14465872L];cv;-1;imp;19.1793135595;type;rvnd;inum;5;w;1

time;8.31000089645;man_time;0;neigh_time;0
man_time;0;man_merge_sol;0;man_best_sol;0;man_combine_sol;0

Waiting [0]
Terminating workers True 0 0
MPI TERMINATING
