pydf_home: /home/rodolfo/git/Sucuri
simple_pycuda_home: /home/rodolfo/git/simple-pycuda
wamca2016path: /home/rodolfo/git/wamca2016/
localpath: /home/rodolfo/git/dvnd-df/code/dvnd-df/src/
WAMCAPATH:/home/rodolfo/git/wamca2016/
param: {solution_index:4, solution_instance_index:43, multi_gpu:True, goal:False, problem_name:ml, number_of_moves:10, device_count:2, solver:rvnd, mpi_enabled:True, workers:1}
Using already created file:  wamca2016lib.so
Size: 501 - file name: 05_TRP-S500-R1.tsp

Value - initial: 33465690-[125  56 124 324 254 145 121 215 447 224 311 486 357  37 252  73 389 220
 141 261 313 236  95 202 398  11 360 167 260 433  48 317 445 296 204 484
 278 265  13 199 157 253 410 197 164  43 359 405 191 341 149 363 482 384
  85 370 481 473 352  64 270 369 381 119  70 449  47 469   4 315 105 241
 346 374  55  24   0 107 421 443 113  77 392 387 383 423 160 222 470 187
 349 120 234 185 362  20 287 367 244 147 134 454 128 494 182 283 203  46
  72 434 198 212  25 499 294 354  62 429 379 408 334 330 438 355 194 291
 106 115 326 325 228 200 304 111 441 225  81 455   7 152 230 288 146 432
 110 490 347 348 333 376 162 137 366  22 211 427  19 116 372 385 344 163
 174  23 245 488 247  58 268 103  33 496 231 108   2 151 190 409  96 498
 404 132 285  60 487 485 466 495  49 169 403 336  50  29 401 500 431 117
 428 394 242 480 123 399 235 208 425 471 139 462 301 290  61 193  17 388
 239 102 450 328 218 395 277 118 463 201 492 332  74 295 172 414 320 297
  67 377 166  18  59 257  34 205 282 318 478 419  83 155 186 337 303 142
 196 248 259  30 299 489 255 397 122 448 451 464 210 327 264  38 426 308
  51 493  28 444 342 101 279  45   8 351 104 165  94 150 136 170 386 188
  87   5 171 452   9  76 375 179 345 267   3 400 238  90 335 189   6 411
  16 356 435 479 133 180 293 307 309 289 140 339 343  92 263 350 209 458
  31  32  63 302 364 331 184 460  57  93  75 271 223  78 280 422 176 227
 312 129 148 314 437 292 440 135 475 442  35 446 161  86 275  26 181 226
 382 250  68 415 243 213 456 436 413  99 474 340 306 418 237 396 371 310
 251 154  39 412 497  79 393 390  54 281  84  12 130 109  98 316 298 266
 322  69 402 168 380 406 219 206 416 329 156 153 195  66 229 358 420  41
  65 274 100 286 262 232 240 457  53   1 177 368  80 269 221 112 207 258
 483 175 276  15  44 138  91 321 465  88 338 361 131  71 391 284  42 439
 272 453 178  82 114 319  36 273 256 246 373 158 472 233 126 217 144 183
 477 323 378 407 192 173 424 143  89 491 127 430 461 353 305 365  27  14
 300 467 159 214 249 459  52 216 468  21  97  40  10 417 476] - 33465690
Solver: RVND, number of workers: 1
Setting feeder affinity
I am the master. There are 1 mpi processes. (hostname = gpu01)
Roots [<pyDF.nodes.Feeder object at 0x7fc9e7565ad0>]
Starting 0
Main loop
I am worker 0
GPU0
set random seed!
Initial: 33465690-[125  56 124 324 254 145 121 215 447 224 311 486 357  37 252  73 389 220
 141 261 313 236  95 202 398  11 360 167 260 433  48 317 445 296 204 484
 278 265  13 199 157 253 410 197 164  43 359 405 191 341 149 363 482 384
  85 370 481 473 352  64 270 369 381 119  70 449  47 469   4 315 105 241
 346 374  55  24   0 107 421 443 113  77 392 387 383 423 160 222 470 187
 349 120 234 185 362  20 287 367 244 147 134 454 128 494 182 283 203  46
  72 434 198 212  25 499 294 354  62 429 379 408 334 330 438 355 194 291
 106 115 326 325 228 200 304 111 441 225  81 455   7 152 230 288 146 432
 110 490 347 348 333 376 162 137 366  22 211 427  19 116 372 385 344 163
 174  23 245 488 247  58 268 103  33 496 231 108   2 151 190 409  96 498
 404 132 285  60 487 485 466 495  49 169 403 336  50  29 401 500 431 117
 428 394 242 480 123 399 235 208 425 471 139 462 301 290  61 193  17 388
 239 102 450 328 218 395 277 118 463 201 492 332  74 295 172 414 320 297
  67 377 166  18  59 257  34 205 282 318 478 419  83 155 186 337 303 142
 196 248 259  30 299 489 255 397 122 448 451 464 210 327 264  38 426 308
  51 493  28 444 342 101 279  45   8 351 104 165  94 150 136 170 386 188
  87   5 171 452   9  76 375 179 345 267   3 400 238  90 335 189   6 411
  16 356 435 479 133 180 293 307 309 289 140 339 343  92 263 350 209 458
  31  32  63 302 364 331 184 460  57  93  75 271 223  78 280 422 176 227
 312 129 148 314 437 292 440 135 475 442  35 446 161  86 275  26 181 226
 382 250  68 415 243 213 456 436 413  99 474 340 306 418 237 396 371 310
 251 154  39 412 497  79 393 390  54 281  84  12 130 109  98 316 298 266
 322  69 402 168 380 406 219 206 416 329 156 153 195  66 229 358 420  41
  65 274 100 286 262 232 240 457  53   1 177 368  80 269 221 112 207 258
 483 175 276  15  44 138  91 321 465  88 338 361 131  71 391 284  42 439
 272 453 178  82 114 319  36 273 256 246 373 158 472 233 126 217 144 183
 477 323 378 407 192 173 424 143  89 491 127 430 461 353 305 365  27  14
 300 467 159 214 249 459  52 216 468  21  97  40  10 417 476]
Final time: 6.76421999931s - Best: 1975649-[125 259 143 220 264 490 101 476 267 188 289  34 371 456 465  24 462 283
  11  23 107  53 153 400 327 323 374 498 397 429 493 461 241 495 360 310
 390   8 149 224 192  86 376 139 272 104 313 292 299 202  43 285 309 185
  55 196 372 328 297 263 137 478   0  18 452 235 303 344 116 179 373  44
 330 301 451 233 211 479  94 332 386 336 268 395 262 298 245 274 370  68
 308  72 212 302 102 460 152 447 215 204 226 457 239 129 439 160 403 411
  16 438   6 248  52 293 306 388 333  75 227 250 126 205 426 312 161 391
 484  79 412 473 187  90 354  95 255 190 448 141 485 207 365 487  25 475
 392 455 435 367  57 404 253 402 294  20 128  54 329 284 223   4 459 119
  36 434 273 393 167 377 369 488 168   2 450 311 162 324  60 347  45 182
  28 383 319  33 136 470 200 335 172 213 286 337 341 414 219 261 118 100
  77 396 433 343 406  58 206 357 252  40 144   1  17 114 384 300 480 176
 409 318 497  10 378 132  74 427 408 359 103 240 331 105  31  85 110 398
 483 214  64 418 189  26  50 170  92 131 295 338 415 350 458 449 134 443
 340 122 199  51 316 115 471 228 159 197  27 491  37 244 441 225   9 454
 145 355 428 334 151 363 186 257  46 249 231 375 256 127 482 474 446 130
 401 314 442 234 242 500 194  13 379  35 124 277 352 326 210  87  81 362
  62 420 266  82 181 436  38 146 174 232  88 193 112 142 236 356   5 246
  39 111   7 445 339  59  83 486 169 121 113  48  32 469  41 217  84  80
 463 276 282 171 444  91 123 413  21 278 163  42 453 140 251 349 279 387
  70 275 307 155  93  99 290 203 281  69 265 381 238 466  12  89 109 208
 216 380  19 243  73 417  78  98 166 222 150 271  63 270 317 280  61 296
 229 489 320 164 135 106 258 321 353 287 198 464  71 364 158 230 154 184
  56 361 173 315 424 399 423 437 422 468 346  76 394 195 382 419 431 358
 416 345 221 421 496 325  67 183 180  47  29 389 209 499 351 305 481 117
   3 178  30 410 175 385 138 156 407 269 191 254 157 467 201 177  96  15
 440  65 366  49 148 477 322 120 218 494 430 288  97 237 304  14 133 492
 260 108 405 147 165 291 432 472 247 425  66  22 368 342 348]
Value - initial: 33465690, final: 1975649, improveup: 16.939086852

data-line;i;33465690;f;1975649;t;6.76421999931;c;-2;fv;[1975649L];cv;-1;imp;16.939086852;type;rvnd;inum;4;w;1

time;6.76421999931;man_time;0;neigh_time;0
man_time;0;man_merge_sol;0;man_best_sol;0;man_combine_sol;0

Waiting [0]
Terminating workers True 0 0
MPI TERMINATING
