pydf_home: /home/rodolfo/git/Sucuri
simple_pycuda_home: /home/rodolfo/git/simple-pycuda
wamca2016path: /home/rodolfo/git/wamca2016/
localpath: /home/rodolfo/git/dvnd-df/code/dvnd-df/src/
WAMCAPATH:/home/rodolfo/git/wamca2016/
param: {solution_index:5, solution_instance_index:8, multi_gpu:True, goal:False, problem_name:ml, number_of_moves:10, device_count:2, solver:rvnd, mpi_enabled:True, workers:1}
Using already created file:  wamca2016lib.so
Size: 657 - file name: 06_d657.tsp

Value - initial: 279990683-[460 364  23 156 350 124 283 597 548 439 384 326 425 238 331  81  77 523
 388 557 624 606 527 478  34 621 173 640 452 191 607 352  16  99 368 467
 207  72 610 246  10 130 446 503 309 521 440 468 279 291 645 198 401 529
  88  44 562 647 184 400  60 201 256 314 147 486 265 202 371 385 595 337
 605 347 216 434  40 260 339 623 526 429 628 465 405 546 321 313 442 150
 477 136 122 632 110 175   6 109 393 101 441 436 381 547 195 120 305 262
 399 448  62 302 144  52 522  89  11 655 287  39 168 483 593 318  14 126
 633  37 531 236 199 206 267 152  98 435 594  86  73 517 654 637 317 342
 466 296 298 449 430 197  47 625 419 148 226 280 437 358 641 398 164 119
 427 176 155 528 295  67 186 479 651 340 370 341 457 335 577 204   7 618
 182 524 599 463  22 510 613  96 389  51 232 559 390 327 473  21 338 128
 218 500  91 165 416 491 572 157 220 153 113 612  43 576 215 539 138 656
 137 275 107 146 297 360 481 602 159  84   2 217  97 177 530 235 515 506
 294 230 214 343 292 255 315 653 392 508 123 586 588 428 474 471 458 245
  36 205 410 555 301 433 516 115 514 564 143 189 271 171  17 222 411 112
 355 485 589 496 480 622 629 470 383 376 578  32 183 307   9  87  28 142
  20 487 571 420 462 542 520 167 494 170  53  92 243   4 601 459 565 285
 103 472 604 568  66 513 224 490 648 620 402 375 603  71 423 346 499 203
 549 619 638 643 649 438 569 133 406 397 161 281 585 166  65 290 200  26
 192 469 362 461 583  25 563 407  74 190  31 282  94 114 311 413 550 574
 482 250 421 357 365 160 213 600 493 382 395 240  93 299 121 268 221  19
 533 244 525 636 303  45  46 117  85 488 626 596 249 310 241 353 475 541
 543 185 344 174 118 366 464 567 386 609 545  68 373 312 145 431 258 300
 454 512 615 332 414 635 611 582 359  41 544  57   1 261 570 269 642 169
 100 652 293  78 316 351 432 286  54  12 587 134 646 329 264  82  80 253
 228 196  30 284 444 484 328 498 322 330 592 210  58 223 504 445 151 154
 617 141  61 447  63 456 418 278 127 495 233 306 554 172 408 180 193  18
 308 424 225 369 219 319 627 333 380 497 535 403 252 608 356   8 266  49
 519 417 451 377   3  56 580 277 104  42 323 163 304  27 345 227 598 158
 507 443 476 263 187 644 584 274  59 270 372 211 320  38 509 378 552 412
 108 502 634 616  70 162  48 116  13 336  83 631 540 453 590 272 455 231
 538  69  95 396  33 354 111  79 501 450 259 518 242 105 248  29 532 374
 536 209 492 208 149 558 131 505 239  76 639 566   5 194 489  75  55 537
 650 139 178 251 229 551 511 237 129 561 391 591  24 426 276  64 556  90
 348 560 361 179 581 181 630 334  15 234   0 140 422 324 288 387 188 325
 404 367 247 135 409 415 394 125 212 553 257 614  35 379 349 132 102 289
 363 254 273 106 579 573 534  50 575] - 279990683
Solver: RVND, number of workers: 1
Setting feeder affinity
I am the master. There are 1 mpi processes. (hostname = gpu01)
Roots [<pyDF.nodes.Feeder object at 0x7f0154191ad0>]
Starting 0
Main loop
I am worker 0
GPU0
set random seed!
Initial: 279990683-[460 364  23 156 350 124 283 597 548 439 384 326 425 238 331  81  77 523
 388 557 624 606 527 478  34 621 173 640 452 191 607 352  16  99 368 467
 207  72 610 246  10 130 446 503 309 521 440 468 279 291 645 198 401 529
  88  44 562 647 184 400  60 201 256 314 147 486 265 202 371 385 595 337
 605 347 216 434  40 260 339 623 526 429 628 465 405 546 321 313 442 150
 477 136 122 632 110 175   6 109 393 101 441 436 381 547 195 120 305 262
 399 448  62 302 144  52 522  89  11 655 287  39 168 483 593 318  14 126
 633  37 531 236 199 206 267 152  98 435 594  86  73 517 654 637 317 342
 466 296 298 449 430 197  47 625 419 148 226 280 437 358 641 398 164 119
 427 176 155 528 295  67 186 479 651 340 370 341 457 335 577 204   7 618
 182 524 599 463  22 510 613  96 389  51 232 559 390 327 473  21 338 128
 218 500  91 165 416 491 572 157 220 153 113 612  43 576 215 539 138 656
 137 275 107 146 297 360 481 602 159  84   2 217  97 177 530 235 515 506
 294 230 214 343 292 255 315 653 392 508 123 586 588 428 474 471 458 245
  36 205 410 555 301 433 516 115 514 564 143 189 271 171  17 222 411 112
 355 485 589 496 480 622 629 470 383 376 578  32 183 307   9  87  28 142
  20 487 571 420 462 542 520 167 494 170  53  92 243   4 601 459 565 285
 103 472 604 568  66 513 224 490 648 620 402 375 603  71 423 346 499 203
 549 619 638 643 649 438 569 133 406 397 161 281 585 166  65 290 200  26
 192 469 362 461 583  25 563 407  74 190  31 282  94 114 311 413 550 574
 482 250 421 357 365 160 213 600 493 382 395 240  93 299 121 268 221  19
 533 244 525 636 303  45  46 117  85 488 626 596 249 310 241 353 475 541
 543 185 344 174 118 366 464 567 386 609 545  68 373 312 145 431 258 300
 454 512 615 332 414 635 611 582 359  41 544  57   1 261 570 269 642 169
 100 652 293  78 316 351 432 286  54  12 587 134 646 329 264  82  80 253
 228 196  30 284 444 484 328 498 322 330 592 210  58 223 504 445 151 154
 617 141  61 447  63 456 418 278 127 495 233 306 554 172 408 180 193  18
 308 424 225 369 219 319 627 333 380 497 535 403 252 608 356   8 266  49
 519 417 451 377   3  56 580 277 104  42 323 163 304  27 345 227 598 158
 507 443 476 263 187 644 584 274  59 270 372 211 320  38 509 378 552 412
 108 502 634 616  70 162  48 116  13 336  83 631 540 453 590 272 455 231
 538  69  95 396  33 354 111  79 501 450 259 518 242 105 248  29 532 374
 536 209 492 208 149 558 131 505 239  76 639 566   5 194 489  75  55 537
 650 139 178 251 229 551 511 237 129 561 391 591  24 426 276  64 556  90
 348 560 361 179 581 181 630 334  15 234   0 140 422 324 288 387 188 325
 404 367 247 135 409 415 394 125 212 553 257 614  35 379 349 132 102 289
 363 254 273 106 579 573 534  50 575]
Final time: 8.89164996147s - Best: 14579513-[460 455 454 451 452 450 453 448 449 442 446 447 445 444  19  18  13  17
  16  20  28  44  45  41  39  36  35  33  32  24  12  11  10   8   9   7
  53  60  64  63  68  73  77  84  74  93  91  97  98 115 132 140 137 142
 130 116 128 129 131 138 163 156 164 162 155 168 172 178 185 186 180 181
 191 195 197 198 199 209 217 218 220 230 238 239 253 261 271 263 264 288
 293 299 303 308 309 321 325 342 348 364 370 388 397 389 400 404 415 421
 422 436 430 435 432 423 431 424 419 425 413 412 407 403 384 379 374 368
 376 394 406 402 395 385 378 396 410 414 405 401 386 377 365 369 350 326
 320 310 311 327 333 318 312 305 304 284 259 255 243 228 224 226 242 250
 270 276 300 294 292 287 275 254 248 236 225 204 187 165 157 169 171 170
 161 148 139 120 104  90  70  58  61  66  71  80  81  75  82  76  83  89
  94 108  95  88  87 497 494 496 498 506 125 135 504 126 507 500 501 503
 502 499 495 492 489 484 481 480 485 487 488 493 490 486 482 472 471 483
  67  56  62  51  47  43  38  42  46  37  34 469  31  55  59  48  52  57
  65  54  49  50  40  29  30  27  26  25  23 440 443 441 463 462 466 468
 464 458 461 465 467 459 473 456 457 475 476 477 519 520 521 527 526 525
 522 524 530 533 523 529 531 532 535 534 538 539 540 541 537 536 642 641
 640 639 638 637 636 634 635 633 632 631 630 629 545 544 543 549 550 551
 557 555 554 558 553 548 547 546 552 628 561 562 627 654 655 656 575 579
 585 584 583 594 602 597 596 591 595 601 598 600 605 606 610 607 337 356
 331 355 360 354 343 330 319 336 353 344 338 329 315 314 332 328 313 291
 277 272 274 283 286 282 267 256 244 233 211 193 174 160 136 133 508 509
 510 159 182 189 203 205 212 216 222 245 258 266 280 273 265 281 278 285
 301 295 302 296 297 306 592 279 257 246 229 580 213 200 194 183 173 511
 559 528 512 513 516 517 518 514 515 478 479 491 505 124 127 145 144 109
 134 123 110  96 100 107 111 106 122 112 121 105  86  92  99  69  72  85
 102 114 118 103 119 113 147 149 154 177 184 179 166 158 150 143 153 167
 151 146 176 188 192 207 208 214 219 227 252 268 260 251 247 221 232 241
 334 324 346 340 323 317 307 322 335 341 345 361 347 371 399 390 416 438
 437 420 409 372 391 398 349 387 373 358 351 357 339 366 359 363 352 362
 367 382 392 433 434 429 417 411 428 418 380 375 383 381 393 426 427 408
 622 620 618 617 616 615 613 619 624 625 623 621 614 612 611 609 604 603
 599 593 590 587 588 576 577 573 571 569 568 572 626 653 652 648 647 649
 650 651 564 560 563 565 566 556 567 570 574 578 582 589 586 581 202 201
 152 175 249 223 215 240 234 262 290 298 289 269 237 231 235 210 206 196
 190 141 117 101  79  78   6   5   4   3   2   1  21  14  15  22 470 474
 542 643 644 646 645 608 316 439   0]
Value - initial: 279990683, final: 14579513, improveup: 19.2043920123

data-line;i;279990683;f;14579513;t;8.89164996147;c;-2;fv;[14579513L];cv;-1;imp;19.2043920123;type;rvnd;inum;5;w;1

time;8.89164996147;man_time;0;neigh_time;0
man_time;0;man_merge_sol;0;man_best_sol;0;man_combine_sol;0

Waiting [0]
Terminating workers True 0 0
MPI TERMINATING
