pydf_home: /home/rodolfo/git/Sucuri
simple_pycuda_home: /home/rodolfo/git/simple-pycuda
wamca2016path: /home/rodolfo/git/wamca2016/
localpath: /home/rodolfo/git/dvnd-df/code/dvnd-df/src/
WAMCAPATH:/home/rodolfo/git/wamca2016/
param: {solution_index:0, solution_instance_index:93, multi_gpu:True, goal:False, problem_name:ml, number_of_moves:10, device_count:2, solver:rvnd, mpi_enabled:True, workers:1}
Using already created file:  wamca2016lib.so
Size: 52 - file name: 01_berlin52.tsp

Value - initial: 839024-[32 16 14 10  2  6 45 31 35 18 21 33 51  1 50 27 15 22 37  3 24 25 19 39 20
 36  9 41 26 49 42 38 30  5 40 43 13 34 28 48 11  4  8 46  0 17  7 12 47 44
 29 23] - 839024
Solver: RVND, number of workers: 1
Setting feeder affinity
I am the master. There are 1 mpi processes. (hostname = gpu01)
Roots [<pyDF.nodes.Feeder object at 0x7f6a29c6bad0>]
Starting 0
Main loop
I am worker 0
GPU0
set random seed!
Initial: 839024-[32 16 14 10  2  6 45 31 35 18 21 33 51  1 50 27 15 22 37  3 24 25 19 39 20
 36  9 41 26 49 42 38 30  5 40 43 13 34 28 48 11  4  8 46  0 17  7 12 47 44
 29 23]
Final time: 1.5965089798s - Best: 215463-[32 42 14  4 37 33 35 31 48  0 22 19 49 43 39 38 36 45  5  3 44 40 18 21 30
 17  2  7  9  8 47 15 28 29 20 34 23 24 11 27 26 12 13 51 10 50 25 46 16  1
 41  6]
Value - initial: 839024, final: 215463, improveup: 3.89405141486

data-line;i;839024;f;215463;t;1.5965089798;c;-2;fv;[215463L];cv;-1;imp;3.89405141486;type;rvnd;inum;0;w;1

time;1.5965089798;man_time;0;neigh_time;0
man_time;0;man_merge_sol;0;man_best_sol;0;man_combine_sol;0

Waiting [0]
Terminating workers True 0 0
MPI TERMINATING
