pydf_home: /home/rodolfo/git/Sucuri
simple_pycuda_home: /home/rodolfo/git/simple-pycuda
wamca2016path: /home/rodolfo/git/wamca2016/
localpath: /home/rodolfo/git/dvnd-df/code/dvnd-df/src/
WAMCAPATH:/home/rodolfo/git/wamca2016/
param: {solution_index:1, solution_instance_index:80, multi_gpu:True, goal:False, problem_name:ml, number_of_moves:10, device_count:2, solver:rvnd, mpi_enabled:True, workers:1}
Using already created file:  wamca2016lib.so
Size: 100 - file name: 02_kroD100.tsp

Value - initial: 7954269-[ 0  6 51 91 22 37 61 23 20 84 64  3 13 49  5 19 86 44 70 75  7 17 15  1 95
 45 35 12  9 29 11 68 80 81 72 82 62 36 16 57 66  4 25 55 31 67 89 30 10 69
 85 14 96 41 78 39 34 24 63 52 27 33 79 18 56  8 71 93 58 42 47 65 98 90 73
 87 28 26 32 97 50 60 76 74 59 46 38 83 40 48 99 94 92 54 77 53 21  2 88 43] - 7954269
Solver: RVND, number of workers: 1
Setting feeder affinity
I am the master. There are 1 mpi processes. (hostname = gpu01)
Roots [<pyDF.nodes.Feeder object at 0x7f9160d6bad0>]
Starting 0
Main loop
I am worker 0
GPU0
set random seed!
Initial: 7954269-[ 0  6 51 91 22 37 61 23 20 84 64  3 13 49  5 19 86 44 70 75  7 17 15  1 95
 45 35 12  9 29 11 68 80 81 72 82 62 36 16 57 66  4 25 55 31 67 89 30 10 69
 85 14 96 41 78 39 34 24 63 52 27 33 79 18 56  8 71 93 58 42 47 65 98 90 73
 87 28 26 32 97 50 60 76 74 59 46 38 83 40 48 99 94 92 54 77 53 21  2 88 43]
Final time: 0.873896121979s - Best: 1054144-[ 0 49 33 80 37 65  7 51 26 23 87 12 78 40 83 72 38 90 53 76 42 70  3 92 43
 59 52 61 36 50 99  1 18  4  2 82 39  5 58 84 95 85 64 13 67 32 44 98 30 77
 79 75 56 71  6 74 66 35 73 60 45 68 14 62 15 63 17 81 24 19 46 11 27 20 55
 94  9  8 54 25 86 91 47 29 34 93 31 96 97 48 69 88 89 16 10 22 41 21 57 28]
Value - initial: 7954269, final: 1054144, improveup: 7.54571386831

data-line;i;7954269;f;1054144;t;0.873896121979;c;-2;fv;[1054144L];cv;-1;imp;7.54571386831;type;rvnd;inum;1;w;1

time;0.873896121979;man_time;0;neigh_time;0
man_time;0;man_merge_sol;0;man_best_sol;0;man_combine_sol;0

Waiting [0]
Terminating workers True 0 0
MPI TERMINATING
