pydf_home: /home/rodolfo/git/Sucuri
simple_pycuda_home: /home/rodolfo/git/simple-pycuda
wamca2016path: /home/rodolfo/git/wamca2016/
localpath: /home/rodolfo/git/dvnd-df/code/dvnd-df/src/
WAMCAPATH:/home/rodolfo/git/wamca2016/
param: {solution_index:5, solution_instance_index:35, multi_gpu:True, goal:False, problem_name:ml, number_of_moves:10, device_count:2, solver:rvnd, mpi_enabled:True, workers:1}
Using already created file:  wamca2016lib.so
Size: 657 - file name: 06_d657.tsp

Value - initial: 287183619-[437 175 502 572 203 341  60 351 483 335  48 510  66 154 644 279 286  18
 500 324 328 618  24 612 580 362  50 380 359 561 513 501 184 373 241 309
 539 153 201 499 407 139 374 551 190 221 228 237 629 653 111 170  44 559
  32 381 124 632 626 290 272 155 273 232  47  58 149   7 117 427  46 320
 426 193 636 600 219 199 355 399 585 570 260  62 506 382 565 135 487  94
 287 254 494 206 349 488 593 504 547 411 125 387 516 394 156 603 592 244
 178 378 450 434 371 652 543  98 465 344  11 525 473 647 528 532 220 211
 631 218  19 147 258 161 397  96 313 432 168 314 269 167 339 198 326 305
 360 498 212 268 248  55 489  64 591 353 293  15 255 391 509  40 574 222
 541  37 388 642 425 274 384  75 210 533 236 183 598 288 451 261 537 627
 540 440 252 214 385 127 165 162 229 285 119 322 556 641   6 463 480 564
 262 114 517 291 263 259 608 558 271 354 256  25 577 524 329 643 466  35
 310 176 625 128 179 122  41 104 233 597 586  49 623   0 454 304  34 587
  59  78 651 395 562 606  36 403 460 102 109 640  83 277 578  68  69 459
 396 140 216 337 386 245 531 246  10 481 361 412 477 185 497 448 467 197
 100 599 468 383 619 390 242 103 132 289 490 515 507 567 169 581 464  31
 138 478 431 325 447 363 215 617  72 163 367 421  13 575 284 482  20 583
 654 235  57 330 347 428 348 553 234 376 520 410 319  89 251 177 217  54
 416 141 430  67 436 338 424 479  95 333 471 429  53 370 181 461 332 568
 584  91 200   9 195 650 414  79 527 594  87 630 444 186 569  82 573 656
   1   3 366 522 646 609 187 485 357 321 486 247 205   5 327 231 358 375
 601 115 275 415  38 404 142 418 638  14 239 526 213 614 542 105 493 393
 297 470  27 204   2  70 548 495 137 523 529 576 145 398 267  12 588 148
 249 611 159 624 455 152 456 250 317 369 202 472 307 579 458 462 505  29
  30 645 615 607  77 409 475 301 571 377 121 257 589 126 595  93 634 265
  26  52 350  90  56 336 226 596 546 208 243 622 655 400 113 302  74 173
 364 276 136 496 120 316 266 130  43 435 521 225  63 552  16 300 536   4
 150 334 402 151 227 278 368 514  81 549  42  51 419  28 306 457  99 108
 621 408  22 635 160 311 445 511 134 544 613 620  71 281 512  39 566 133
  85 158 192 372 110 604 118 188 157 423 442 303 508 182 582  76  23 146
  80 164 449 550 106 346 491 420  21 101 131 352 294 649 342 283 308 535
 590 519 538 453 312 503 340 318 123 422 365 323 476 554 392  17 180 209
 296 191 253  84 518 401 530 107  61 413 280 331 379 223 469 343 112 637
  45 230 563 560 224 196  86   8 166 292 116 452  33 443 438 207 610 474
 144  92 345 441 282 315 240 557 298 633 405 189 616 492 356 417 389 439
 264 171 238 433 484 174  88  97 446 628 299 534 605 194  65 270 602 172
 295  73 648 639 545 406 143 129 555] - 287183619
Solver: RVND, number of workers: 1
Setting feeder affinity
I am the master. There are 1 mpi processes. (hostname = gpu01)
Roots [<pyDF.nodes.Feeder object at 0x7ff70a0fcad0>]
Starting 0
Main loop
I am worker 0
GPU0
set random seed!
Initial: 287183619-[437 175 502 572 203 341  60 351 483 335  48 510  66 154 644 279 286  18
 500 324 328 618  24 612 580 362  50 380 359 561 513 501 184 373 241 309
 539 153 201 499 407 139 374 551 190 221 228 237 629 653 111 170  44 559
  32 381 124 632 626 290 272 155 273 232  47  58 149   7 117 427  46 320
 426 193 636 600 219 199 355 399 585 570 260  62 506 382 565 135 487  94
 287 254 494 206 349 488 593 504 547 411 125 387 516 394 156 603 592 244
 178 378 450 434 371 652 543  98 465 344  11 525 473 647 528 532 220 211
 631 218  19 147 258 161 397  96 313 432 168 314 269 167 339 198 326 305
 360 498 212 268 248  55 489  64 591 353 293  15 255 391 509  40 574 222
 541  37 388 642 425 274 384  75 210 533 236 183 598 288 451 261 537 627
 540 440 252 214 385 127 165 162 229 285 119 322 556 641   6 463 480 564
 262 114 517 291 263 259 608 558 271 354 256  25 577 524 329 643 466  35
 310 176 625 128 179 122  41 104 233 597 586  49 623   0 454 304  34 587
  59  78 651 395 562 606  36 403 460 102 109 640  83 277 578  68  69 459
 396 140 216 337 386 245 531 246  10 481 361 412 477 185 497 448 467 197
 100 599 468 383 619 390 242 103 132 289 490 515 507 567 169 581 464  31
 138 478 431 325 447 363 215 617  72 163 367 421  13 575 284 482  20 583
 654 235  57 330 347 428 348 553 234 376 520 410 319  89 251 177 217  54
 416 141 430  67 436 338 424 479  95 333 471 429  53 370 181 461 332 568
 584  91 200   9 195 650 414  79 527 594  87 630 444 186 569  82 573 656
   1   3 366 522 646 609 187 485 357 321 486 247 205   5 327 231 358 375
 601 115 275 415  38 404 142 418 638  14 239 526 213 614 542 105 493 393
 297 470  27 204   2  70 548 495 137 523 529 576 145 398 267  12 588 148
 249 611 159 624 455 152 456 250 317 369 202 472 307 579 458 462 505  29
  30 645 615 607  77 409 475 301 571 377 121 257 589 126 595  93 634 265
  26  52 350  90  56 336 226 596 546 208 243 622 655 400 113 302  74 173
 364 276 136 496 120 316 266 130  43 435 521 225  63 552  16 300 536   4
 150 334 402 151 227 278 368 514  81 549  42  51 419  28 306 457  99 108
 621 408  22 635 160 311 445 511 134 544 613 620  71 281 512  39 566 133
  85 158 192 372 110 604 118 188 157 423 442 303 508 182 582  76  23 146
  80 164 449 550 106 346 491 420  21 101 131 352 294 649 342 283 308 535
 590 519 538 453 312 503 340 318 123 422 365 323 476 554 392  17 180 209
 296 191 253  84 518 401 530 107  61 413 280 331 379 223 469 343 112 637
  45 230 563 560 224 196  86   8 166 292 116 452  33 443 438 207 610 474
 144  92 345 441 282 315 240 557 298 633 405 189 616 492 356 417 389 439
 264 171 238 433 484 174  88  97 446 628 299 534 605 194  65 270 602 172
 295  73 648 639 545 406 143 129 555]
Final time: 10.208851099s - Best: 14508355-[437 439 421 415 404 400 389 397 388 370 364 348 342 308 309 321 325 294
 260 251 247 221 170 161 169 171 157 165 187 181 180 186 191 198 199 209
 217 218 206 197 195 185 178 168 172 196 190 164 162 155 140 132 115  93
  98  97  91 102 114 118 103 119 113  99  92  86 120 139 148 147 149 154
 177 184 179 166 158 150 153 143 122 112 106 111 107 100  96  82  76  83
  89  94 108  95  88  87 497 494 491 490 487 488 489 484 481 480 485 486
 482 472 483  67  56 470 467 465 461 460 459 457 456 473 455 454 451 452
 450 448 449 453 458 464 468 466 462 463 442 441 443 446 447 445 444  13
  17  16  14  15  20  18  19  22  23 440  25  26  27  30  31 469  34  37
  46  42  38  43  47  51  62  75  81  80 105 121 104  90  70  71  66  61
  58  55  59  48  52  57  65  50  54  49  44  45  63  74  84  77  73  68
  41  39  35  32  33  36  53  60  64  79 101 116 128 130 137 142 129 131
 138 156 163 210 231 235 238 220 230 239 253 261 263 264 271 290 298 307
 317 322 341 347 361 345 335 340 323 324 303 299 293 288 292 287 275 254
 248 236 225 215 232 241 268 276 270 250 242 226 224 228 243 255 259 284
 304 305 312 318 333 327 311 310 320 326 350 369 365 377 386 432 423 431
 414 405 401 373 378 396 385 395 402 406 410 419 424 425 413 412 407 403
 394 384 379 376 374 368 366 359 363 352 332 314 315 329 338 344 353 362
 367 382 411 417 428 418 380 375 383 381 393 426 408 622 620 618 617 616
 615 613 608 595 601 605 606 610 607 600 598 279 592 306 331 355 360 354
 343 330 319 301 295 302 296 297 280 266 258 273 265 281 278 285 282 267
 256 244 233 249 277 291 272 274 283 286 313 328 339 357 351 358 300 252
 227 219 214 208 207 167 151 110 123 134 146 176 192 188 175 145 144 109
 127 124 505 506 125 135 152 160 174 193 203 222 216 212 205 189 182 183
 173 159 510 509 508 133 136 507 126 504 498 496 493 492 495 499 502 503
 501 500 512 513 516 517 518 514 515 478 479 476 477 519 520 521 527 526
 525 522 524 530 533 523 529 531 532 535 534 536 537 538 539 540 541 635
 634 633 632 631 636 637 638 639 640 641 642 643 644 646 645 630 629 628
 562 561 564 560 552 546 545 544 547 548 550 549 543 551 556 557 555 554
 553 558 563 565 566 567 570 202 201 194 200 213 580 229 246 257 589 586
 581 582 578 574 573 571 569 568 572 626 627 651 650 649 647 648 652 653
 654 655 656 575 579 585 584 576 577 583 591 596 597 602 594 588 587 590
 593 599 603 604 609 611 612 614 621 623 619 625 624 427 356 337 336 316
 392 429 434 433 387 430 435 436 422 398 391 409 420 438 416 399 371 390
 372 346 334 240 234 262 289 269 237 141 117  78   6   5   4   3   2   1
  10   8   9   7  11  12  24  21  28  29  40  72  85  69 471 475 474 542
 528 559 511 245 211 223 349 204   0]
Value - initial: 287183619, final: 14508355, improveup: 19.7943611802

data-line;i;287183619;f;14508355;t;10.208851099;c;-2;fv;[14508355L];cv;-1;imp;19.7943611802;type;rvnd;inum;5;w;1

time;10.208851099;man_time;0;neigh_time;0
man_time;0;man_merge_sol;0;man_best_sol;0;man_combine_sol;0

Waiting [0]
Terminating workers True 0 0
MPI TERMINATING
