pydf_home: /home/rodolfo/git/Sucuri
simple_pycuda_home: /home/rodolfo/git/simple-pycuda
wamca2016path: /home/rodolfo/git/wamca2016/
localpath: /home/rodolfo/git/dvnd-df/code/dvnd-df/src/
WAMCAPATH:/home/rodolfo/git/wamca2016/
param: {solution_index:7, solution_instance_index:70, multi_gpu:True, goal:False, problem_name:ml, number_of_moves:10, device_count:2, solver:rvnd, mpi_enabled:True, workers:1}
Using already created file:  wamca2016lib.so
Size: 1001 - file name: 08_TRP-S1000-R1.tsp

Value - initial: 131108239-[272 837 855 ..., 925 382 659] - 131108239
Solver: RVND, number of workers: 1
Setting feeder affinity
I am the master. There are 1 mpi processes. (hostname = gpu01)
Roots [<pyDF.nodes.Feeder object at 0x7f68883d9ad0>]
Starting 0
Main loop
I am worker 0
GPU0
set random seed!
Initial: 131108239-[272 837 855 ..., 925 382 659]
Final time: 26.6198239326s - Best: 5504560-[272 325 450 ..., 275 378 304]
Value - initial: 131108239, final: 5504560, improveup: 23.8181142544

data-line;i;131108239;f;5504560;t;26.6198239326;c;-2;fv;[5504560L];cv;-1;imp;23.8181142544;type;rvnd;inum;7;w;1

time;26.6198239326;man_time;0;neigh_time;0
man_time;0;man_merge_sol;0;man_best_sol;0;man_combine_sol;0

Waiting [0]
Terminating workers True 0 0
MPI TERMINATING
