pydf_home: /home/rodolfo/git/Sucuri
simple_pycuda_home: /home/rodolfo/git/simple-pycuda
wamca2016path: /home/rodolfo/git/wamca2016/
localpath: /home/rodolfo/git/dvnd-df/code/dvnd-df/src/
WAMCAPATH:/home/rodolfo/git/wamca2016/
param: {solution_index:0, solution_instance_index:54, multi_gpu:True, goal:False, problem_name:ml, number_of_moves:10, device_count:2, solver:rvnd, mpi_enabled:True, workers:1}
Using already created file:  wamca2016lib.so
Size: 52 - file name: 01_berlin52.tsp

Value - initial: 848143-[19 39  4 46 14 29  9  3 47 31 50 11 21 40 10  1 51 15 30 25  8 38 49  0  6
 23 20 42 28  7 34  2 27 12 41 24 36 16  5 44 22 45 43 48 18 17 33 13 37 26
 35 32] - 848143
Solver: RVND, number of workers: 1
Setting feeder affinity
I am the master. There are 1 mpi processes. (hostname = gpu01)
Roots [<pyDF.nodes.Feeder object at 0x7f9488b95ad0>]
Starting 0
Main loop
I am worker 0
GPU0
set random seed!
Initial: 848143-[19 39  4 46 14 29  9  3 47 31 50 11 21 40 10  1 51 15 30 25  8 38 49  0  6
 23 20 42 28  7 34  2 27 12 41 24 36 16  5 44 22 45 43 48 18 17 33 13 37 26
 35 32]
Final time: 1.32336807251s - Best: 139876-[19 49 15 45 43 33 34 35 38 39 36 37 47 23  4 14  5 24  3 42  9  8  7 40 18
 44 31 48  0 21 30 17  2 16 20 41  6  1 29 22 28 46 25 26 27 11 50 10 51 13
 12 32]
Value - initial: 848143, final: 139876, improveup: 6.06353484515

data-line;i;848143;f;139876;t;1.32336807251;c;-2;fv;[139876L];cv;-1;imp;6.06353484515;type;rvnd;inum;0;w;1

time;1.32336807251;man_time;0;neigh_time;0
man_time;0;man_merge_sol;0;man_best_sol;0;man_combine_sol;0

Waiting [0]
Terminating workers True 0 0
MPI TERMINATING
