pydf_home: /home/rodolfo/git/Sucuri
simple_pycuda_home: /home/rodolfo/git/simple-pycuda
wamca2016path: /home/rodolfo/git/wamca2016/
localpath: /home/rodolfo/git/dvnd-df/code/dvnd-df/src/
WAMCAPATH:/home/rodolfo/git/wamca2016/
param: {solution_index:7, solution_instance_index:11, multi_gpu:True, goal:False, problem_name:ml, number_of_moves:10, device_count:2, solver:rvnd, mpi_enabled:True, workers:1}
Using already created file:  wamca2016lib.so
Size: 1001 - file name: 08_TRP-S1000-R1.tsp

Value - initial: 129472667-[554 510 871 ..., 435 450 242] - 129472667
Solver: RVND, number of workers: 1
Setting feeder affinity
I am the master. There are 1 mpi processes. (hostname = gpu01)
Roots [<pyDF.nodes.Feeder object at 0x7f2a0f5f9ad0>]
Starting 0
Main loop
I am worker 0
GPU0
set random seed!
Initial: 129472667-[554 510 871 ..., 435 450 242]
Final time: 58.5223219395s - Best: 5597011-[554  92 142 ..., 308 210 993]
Value - initial: 129472667, final: 5597011, improveup: 23.1324660609

data-line;i;129472667;f;5597011;t;58.5223219395;c;-2;fv;[5597011L];cv;-1;imp;23.1324660609;type;rvnd;inum;7;w;1

time;58.5223219395;man_time;0;neigh_time;0
man_time;0;man_merge_sol;0;man_best_sol;0;man_combine_sol;0

Waiting [0]
Terminating workers True 0 0
MPI TERMINATING
