pydf_home: /home/rodolfo/git/Sucuri
simple_pycuda_home: /home/rodolfo/git/simple-pycuda
wamca2016path: /home/rodolfo/git/wamca2016/
localpath: /home/rodolfo/git/dvnd-df/code/dvnd-df/src/
WAMCAPATH:/home/rodolfo/git/wamca2016/
param: {solution_index:3, solution_instance_index:34, multi_gpu:True, goal:False, problem_name:ml, number_of_moves:10, device_count:2, solver:rvnd, mpi_enabled:True, workers:1}
Using already created file:  wamca2016lib.so
Size: 318 - file name: 04_lin318.tsp

Value - initial: 92955386-[224  46 193  54 153  65 165  15 121 126  42 144 243  36 122  33 268   3
 109  50 105 177  84 296 226  88 283 308  20 275  45 234 259  38  47  63
  11 315 184 199 119 175 300 248  98  95 274 202  81 128 138  34 295  17
 206 118 249 161 272 289 267 146 123  41   2 237 168 178 236 155  86 256
 143   6 115  74 158 127  71 209 211  66 103  21 187  43 147 190  70 149
  49 241 207 102 176 196 270 212  26 205 285   7  76 304 313  77 261 246
  57 215 125 238 183  87  67  52 228  30 297 164 284 150  28 197 188  99
  51 169  22 227  18 114 218 278 210 179 260  60 142 317 305  44 106  39
 213 312  25 254 252 223  93  90  24 240 266 186 133 290  29  72 160 140
 180 276 291 232   0 204 269 191 302 167 264 195 131  78 288 136 203 170
 198 303 220 101   4 271 182 293 250 239 159 152  12 298 117  92 253   1
 107 265  64 135  73  31  82 139 132 244 235 281 134 185 111 156  68 279
 200 263 108  83 194  89 233 173 141 137   9 301 247 163 157 124 116 129
 307  27 219 258 277  40  58  48  56  23 273 311  37 225  13 242 208 192
 174 299 292 172 151 221 309  55 181 130 217  96  79 145 316 251 189  16
 112 166 306 280 113  94 154 314 245  19 100 287 262  62 310  35 104  53
  61  14 162   5 255 230  85   8 214 110 282  69 201 229 222 257 120  59
  91  80 171  32 231  97 216 294 148  10 286  75] - 92955386
Solver: RVND, number of workers: 1
Setting feeder affinity
I am the master. There are 1 mpi processes. (hostname = gpu01)
Roots [<pyDF.nodes.Feeder object at 0x7f363e7a4ad0>]
Starting 0
Main loop
I am worker 0
GPU0
set random seed!
Initial: 92955386-[224  46 193  54 153  65 165  15 121 126  42 144 243  36 122  33 268   3
 109  50 105 177  84 296 226  88 283 308  20 275  45 234 259  38  47  63
  11 315 184 199 119 175 300 248  98  95 274 202  81 128 138  34 295  17
 206 118 249 161 272 289 267 146 123  41   2 237 168 178 236 155  86 256
 143   6 115  74 158 127  71 209 211  66 103  21 187  43 147 190  70 149
  49 241 207 102 176 196 270 212  26 205 285   7  76 304 313  77 261 246
  57 215 125 238 183  87  67  52 228  30 297 164 284 150  28 197 188  99
  51 169  22 227  18 114 218 278 210 179 260  60 142 317 305  44 106  39
 213 312  25 254 252 223  93  90  24 240 266 186 133 290  29  72 160 140
 180 276 291 232   0 204 269 191 302 167 264 195 131  78 288 136 203 170
 198 303 220 101   4 271 182 293 250 239 159 152  12 298 117  92 253   1
 107 265  64 135  73  31  82 139 132 244 235 281 134 185 111 156  68 279
 200 263 108  83 194  89 233 173 141 137   9 301 247 163 157 124 116 129
 307  27 219 258 277  40  58  48  56  23 273 311  37 225  13 242 208 192
 174 299 292 172 151 221 309  55 181 130 217  96  79 145 316 251 189  16
 112 166 306 280 113  94 154 314 245  19 100 287 262  62 310  35 104  53
  61  14 162   5 255 230  85   8 214 110 282  69 201 229 222 257 120  59
  91  80 171  32 231  97 216 294 148  10 286  75]
Final time: 2.96991586685s - Best: 6424088-[224 220 219 216 215 211 210 108 109 118 117 230 231 238 241 240 239 312
 229 232 237 228 233 236 245 246 251 252 250 253 256 260 263 266 255 261
 262 267 271 272 278 283 284 290 289 285 282 288 286 281 276 277 280 287
 291 292 293 294 191 192 194 193 190 183 181 188 182 186 187 189  86  87
  89  88  80  74  73  69  68  72  75  79  85  84  82  81  77  83  78  76
  71  70  67  66  63 104  56  53  50  46  43  57  52  51  45  42  40  41
  36  35  26  23  18  25  24  17  15  16   7   8   4   3 105 106 110 111
 114 115  12  13  34  33 136 135 134 133 126 125 119 207 124 127 132 137
 131 128 123 120 121 122 129 130 140 141 146 145 147 150 156 157 162 148
 151 155 158 161 209 160 159 154 152 149 144 153 163  59  60  65  64 175
 172 171 176 177 180 184 185 179 178 173 174 170 169 165 164 268 265 264
 259 257 254 258 249 313 242 235 234 227 225 226 223 222 243 244 247 248
 317 269 270 274 275 279 295 300 301 305 306 310 311 204 198 199 203 202
 197 195 196 200 201 205 206  99  93  94  98  97  92 101 100  96  95  91
  90  58  55  54  49  47  44  39  31  30  29  28  21  20 102  14  10   9
   6   5   1   0   2  11  19  22  27  32 103  48 315 316  61  62 168 166
 167 302 307 308 299 298 273 314 143 142 138 139 208  37  38 116 107 112
 113 221 212 217 218 214 213 296 297 304 309 303]
Value - initial: 92955386, final: 6424088, improveup: 14.4698182839

data-line;i;92955386;f;6424088;t;2.96991586685;c;-2;fv;[6424088L];cv;-1;imp;14.4698182839;type;rvnd;inum;3;w;1

time;2.96991586685;man_time;0;neigh_time;0
man_time;0;man_merge_sol;0;man_best_sol;0;man_combine_sol;0

Waiting [0]
Terminating workers True 0 0
MPI TERMINATING
