pydf_home: /home/rodolfo/git/Sucuri
simple_pycuda_home: /home/rodolfo/git/simple-pycuda
wamca2016path: /home/rodolfo/git/wamca2016/
localpath: /home/rodolfo/git/dvnd-df/code/dvnd-df/src/
WAMCAPATH:/home/rodolfo/git/wamca2016/
param: {solution_index:5, solution_instance_index:60, multi_gpu:True, goal:False, problem_name:ml, number_of_moves:10, device_count:2, solver:rvnd, mpi_enabled:True, workers:1}
Using already created file:  wamca2016lib.so
Size: 657 - file name: 06_d657.tsp

Value - initial: 280831302-[563  18 279 406 417  45 523  70 273  40 391 253 238 346 466 254 265 188
 510 612 161 111 319 110 418 116 540 480 149  57 515 282 533 167 530 106
 184 566 463 289 424 587 520 422 159 352 296 244  19 119 551 310 411 256
 602 314 152 632 603 101 183 340  80 375 320  58 203 322 432 431 291  82
 325 301 304 354 260 538 525 255 583 271 478 498 200 283 191  48  98 308
 175 626 287  62 558 379 103 479 366 143 535 331 513 607 205  79 491 445
  55 502 240 557  53 136 156 374 206 371 579 606 482 402 397 345 459 409
  35 313 565 231 142 134 519 123 324 212  96 216  39 185 568 619 461 190
 644 125 567 517  13 315 343  61 234 361 454 377 133 390 321  78 344 576
 401 328 293  83 144 127 286 542 624 214  75 298 554  25 590 311 615 316
 584  16 261 527 292 332 477 385  90 154 544 150 642 249  15 224 596 112
  91 107 369 128 243 651 339   2  42 430 277  14 442 307 508 258 484 534
 623 638 347 211 195 613 141 226 168 179 501  69 595 585 592  76 268  52
 408  34 165 625  41 263 487 468 645 262   5 453 160 562  68 338  65 181
 599 194 193 170 569 155 217 294   1 591 236 337 281 223  31 582 336 126
  86  95 381 317 497 295  11 378  92 130 220  12 275 414 616 494 428 335
 334 355 578 172  87  50 507  26  47 380 618 124 434 394 526 516 365 118
 653 104 450 326 247 600 199  30 151 492  97 594 476 218 219 348 405 640
 539 278 187  89 237 549 246 115 465 129 452 460 146 176 521 429 105 470
 448 404 522 648 548 182 536 362 318 400 550 614  28 242 496 158 139 342
 148 572 605  64 272 552 509 169 444 631 493   6 412 290 639 303 425  56
 235 135  46  71 524 100 438 654 393 574 140 372 627 376 117 245 395 611
 122  99  63 285 426 267 462 180 114  24 593 384 656 166 157 353 641  51
 383 209 571 630  72 560 486 575  88 655 388 274 327 201   0 643 178 629
  27  37 457 227 266 481 163 407 556 440  20 413 635 297 609   4  66  54
 229 543 330 570 360 173  44  73 620  59 174 545 252  74  38  33 357 288
 511 634 423 300 597 580 636 433 506 329 197 637 403 305 120 537  84 427
 398  85 415 485 259 232 241 284 251 250 113 473 382 162 189  49 416 131
 392  60 419 147 196 121 221 225 499  22 601 410 488 495 270 500 192 447
 503  32  17 109 472 541 628 547 518  77 586 399 264 351 323 617 233 621
 598 309  94 302 469 546 239  67 514 333 649 451 248 269 132 171 561 589
 138 257 443  93 228   8 553 387  43 145 458 471 475 186 363 359 504 208
 349 312 455 633 622 207 396  81 367 439 373 647 652 532 306 350 435  23
  29 646 341 210 368 449 198 564 464 299 446 230 137 420 531 364 529 108
 204 528   9 467  10 483 153 202 389 555  21 177 386 436 370 102 437 490
 505 356 559 213   3 489 512 474 588 421 276 222  36 608 573 441   7 577
 358 650 610 164 581 604 456 280 215] - 280831302
Solver: RVND, number of workers: 1
Setting feeder affinity
I am the master. There are 1 mpi processes. (hostname = gpu01)
Roots [<pyDF.nodes.Feeder object at 0x7fefd387dad0>]
Starting 0
Main loop
I am worker 0
GPU0
set random seed!
Initial: 280831302-[563  18 279 406 417  45 523  70 273  40 391 253 238 346 466 254 265 188
 510 612 161 111 319 110 418 116 540 480 149  57 515 282 533 167 530 106
 184 566 463 289 424 587 520 422 159 352 296 244  19 119 551 310 411 256
 602 314 152 632 603 101 183 340  80 375 320  58 203 322 432 431 291  82
 325 301 304 354 260 538 525 255 583 271 478 498 200 283 191  48  98 308
 175 626 287  62 558 379 103 479 366 143 535 331 513 607 205  79 491 445
  55 502 240 557  53 136 156 374 206 371 579 606 482 402 397 345 459 409
  35 313 565 231 142 134 519 123 324 212  96 216  39 185 568 619 461 190
 644 125 567 517  13 315 343  61 234 361 454 377 133 390 321  78 344 576
 401 328 293  83 144 127 286 542 624 214  75 298 554  25 590 311 615 316
 584  16 261 527 292 332 477 385  90 154 544 150 642 249  15 224 596 112
  91 107 369 128 243 651 339   2  42 430 277  14 442 307 508 258 484 534
 623 638 347 211 195 613 141 226 168 179 501  69 595 585 592  76 268  52
 408  34 165 625  41 263 487 468 645 262   5 453 160 562  68 338  65 181
 599 194 193 170 569 155 217 294   1 591 236 337 281 223  31 582 336 126
  86  95 381 317 497 295  11 378  92 130 220  12 275 414 616 494 428 335
 334 355 578 172  87  50 507  26  47 380 618 124 434 394 526 516 365 118
 653 104 450 326 247 600 199  30 151 492  97 594 476 218 219 348 405 640
 539 278 187  89 237 549 246 115 465 129 452 460 146 176 521 429 105 470
 448 404 522 648 548 182 536 362 318 400 550 614  28 242 496 158 139 342
 148 572 605  64 272 552 509 169 444 631 493   6 412 290 639 303 425  56
 235 135  46  71 524 100 438 654 393 574 140 372 627 376 117 245 395 611
 122  99  63 285 426 267 462 180 114  24 593 384 656 166 157 353 641  51
 383 209 571 630  72 560 486 575  88 655 388 274 327 201   0 643 178 629
  27  37 457 227 266 481 163 407 556 440  20 413 635 297 609   4  66  54
 229 543 330 570 360 173  44  73 620  59 174 545 252  74  38  33 357 288
 511 634 423 300 597 580 636 433 506 329 197 637 403 305 120 537  84 427
 398  85 415 485 259 232 241 284 251 250 113 473 382 162 189  49 416 131
 392  60 419 147 196 121 221 225 499  22 601 410 488 495 270 500 192 447
 503  32  17 109 472 541 628 547 518  77 586 399 264 351 323 617 233 621
 598 309  94 302 469 546 239  67 514 333 649 451 248 269 132 171 561 589
 138 257 443  93 228   8 553 387  43 145 458 471 475 186 363 359 504 208
 349 312 455 633 622 207 396  81 367 439 373 647 652 532 306 350 435  23
  29 646 341 210 368 449 198 564 464 299 446 230 137 420 531 364 529 108
 204 528   9 467  10 483 153 202 389 555  21 177 386 436 370 102 437 490
 505 356 559 213   3 489 512 474 588 421 276 222  36 608 573 441   7 577
 358 650 610 164 581 604 456 280 215]
Final time: 10.8445599079s - Best: 14251431-[563 558 555 557 551 543 549 550 554 553 548 547 546 545 544 631 632 633
 634 636 637 641 640 638 639 635 541 540 539 538 537 536 534 535 532 531
 529 523 533 530 524 522 525 526 527 521 519 520 474 477 478 479 476 475
 457 456 473 459 460 455 454 451 452 450 453 448 449 463 462 464 466 468
 469  34  37  46  42  38  43  58  70  90 104 105 121 112 122 106 107 100
  96  82  76  83  89  94  88  87  95 108 123 110 111 143 150 158 166 153
 167 151 146 134 109 144 145 127 124 505 498 496 497 494 491 486 490 485
 480 481 487 488 484 514 515 518 517 516 513 512 528 509 508 133 136 507
 126 504 499 502 503 501 500 495 492 489 493 506 125 135 152 175 188 192
 223 243 255 259 284 304 305 312 318 333 351 357 378 396 385 395 402 394
 384 379 376 374 368 366 359 363 352 362 367 382 411 417 429 434 433 412
 407 403 413 406 410 419 424 431 423 414 405 401 373 358 327 311 310 300
 276 270 268 260 251 247 241 232 221 215 171 169 170 161 148 139 113 119
 103  85  72  65  69  59  55  48  52  57  40  50  54  49  44  45  35  32
  33  36  39  41  63  68  73  77  84  74  93  91  97  98 115 132 140 137
 130 116 128 129 142 164 162 155 168 172 178 185 186 180 181 191 195 197
 198 199 209 217 218 234 240 263 264 288 293 299 303 324 323 340 346 334
 308 309 321 325 342 348 349 364 370 388 397 389 400 404 415 398 391 372
 361 347 341 345 335 322 317 307 298 290 271 261 253 239 230 238 235 231
 210 163 156 138 131 117   5   6  78  79  64  60  53   4   3   2   1  10
   8   9  11  12  24  21  14  15  20  16  17  13  18  19 444 445  22  29
  30  27  26  25  23 440 441 443 447 446 442 458 461 465 467 470 471 472
 482 483  67  56  62  51  47  61  66  71  75  81  80  86  92  99 120 147
 149 154 177 184 179 207 208 214 219 227 252 250 242 226 224 228 249 272
 277 291 313 328 332 338 344 353 375 380 383 381 360 355 354 343 330 319
 336 316 329 315 314 286 283 274 256 267 282 285 278 281 301 295 302 296
 297 280 266 258 273 265 245 222 216 212 213 580 229 246 257 279 592 598
 600 601 605 606 610 607 337 356 615 616 617 618 620 622 408 426 427 624
 625 619 612 611 609 604 603 599 593 590 587 588 594 602 597 596 591 583
 577 576 584 585 579 575 656 655 654 626 572 571 569 568 562 561 564 560
 565 566 556 559 511 567 570 574 578 582 586 581 202 201 200 194 183 173
 182 189 159 510 160 174 193 203 205 211 233 244 339 365 386 377 369 350
 326 320 294 292 287 275 254 248 236 225 204 187 165 157 118 114 102 101
 190 196 206 220 262 289 237 269 371 399 390 409 416 438 420 437 439 421
 422 436 430 435 387 432 425 392 428 418 393 331 306 589 595 608 613 623
 621 614 573 627 653 652 651 650 649 648 647 645 646 644 643 642 630 629
 628 552 542 176  31  28   7 141   0]
Value - initial: 280831302, final: 14251431, improveup: 19.7054809443

data-line;i;280831302;f;14251431;t;10.8445599079;c;-2;fv;[14251431L];cv;-1;imp;19.7054809443;type;rvnd;inum;5;w;1

time;10.8445599079;man_time;0;neigh_time;0
man_time;0;man_merge_sol;0;man_best_sol;0;man_combine_sol;0

Waiting [0]
Terminating workers True 0 0
MPI TERMINATING
