pydf_home: /home/rodolfo/git/Sucuri
simple_pycuda_home: /home/rodolfo/git/simple-pycuda
wamca2016path: /home/rodolfo/git/wamca2016/
localpath: /home/rodolfo/git/dvnd-df/code/dvnd-df/src/
WAMCAPATH:/home/rodolfo/git/wamca2016/
param: {solution_index:7, solution_instance_index:22, multi_gpu:True, goal:False, problem_name:ml, number_of_moves:10, device_count:2, solver:rvnd, mpi_enabled:True, workers:1}
Using already created file:  wamca2016lib.so
Size: 1001 - file name: 08_TRP-S1000-R1.tsp

Value - initial: 127767044-[131  57 638 ...,   1 707 967] - 127767044
Solver: RVND, number of workers: 1
Setting feeder affinity
I am the master. There are 1 mpi processes. (hostname = gpu01)
Roots [<pyDF.nodes.Feeder object at 0x7f97a4a2dad0>]
Starting 0
Main loop
I am worker 0
GPU0
set random seed!
Initial: 127767044-[131  57 638 ...,   1 707 967]
Final time: 29.7021241188s - Best: 5665834-[131 551 817 ..., 813  25  12]
Value - initial: 127767044, final: 5665834, improveup: 22.5504389998

data-line;i;127767044;f;5665834;t;29.7021241188;c;-2;fv;[5665834L];cv;-1;imp;22.5504389998;type;rvnd;inum;7;w;1

time;29.7021241188;man_time;0;neigh_time;0
man_time;0;man_merge_sol;0;man_best_sol;0;man_combine_sol;0

Waiting [0]
Terminating workers True 0 0
MPI TERMINATING
