pydf_home: /home/rodolfo/git/Sucuri
simple_pycuda_home: /home/rodolfo/git/simple-pycuda
wamca2016path: /home/rodolfo/git/wamca2016/
localpath: /home/rodolfo/git/dvnd-df/code/dvnd-df/src/
WAMCAPATH:/home/rodolfo/git/wamca2016/
param: {solution_index:1, solution_instance_index:16, multi_gpu:True, goal:False, problem_name:ml, number_of_moves:10, device_count:2, solver:rvnd, mpi_enabled:True, workers:1}
Using already created file:  wamca2016lib.so
Size: 100 - file name: 02_kroD100.tsp

Value - initial: 7509716-[81 94 44  2 30 72 64 25 74  8 40 21 90 86 59 29 70 56 11 23 41 87 20 19 77
 85 42 37 93 53 99 43 75 12 15 13 24 27 46  0 14 35  5 10 28 63 78 45 71 58
 79 47 91 39 49  6 80 18 57 88  4 52 33 60 82 67 51  7 16  9 95 97 89 26  3
 32 34 68 96 69 48 65 76 84 73 62 83 61 36 66 50 31 54 22 98 38  1 92 17 55] - 7509716
Solver: RVND, number of workers: 1
Setting feeder affinity
I am the master. There are 1 mpi processes. (hostname = gpu01)
Roots [<pyDF.nodes.Feeder object at 0x7f5f57b5aad0>]
Starting 0
Main loop
I am worker 0
GPU0
set random seed!
Initial: 7509716-[81 94 44  2 30 72 64 25 74  8 40 21 90 86 59 29 70 56 11 23 41 87 20 19 77
 85 42 37 93 53 99 43 75 12 15 13 24 27 46  0 14 35  5 10 28 63 78 45 71 58
 79 47 91 39 49  6 80 18 57 88  4 52 33 60 82 67 51  7 16  9 95 97 89 26  3
 32 34 68 96 69 48 65 76 84 73 62 83 61 36 66 50 31 54 22 98 38  1 92 17 55]
Final time: 0.906826972961s - Best: 1004982-[81 13 67 32 44 98 30 77 64 85 95 84 58  2 82 39  5 17 24 19  8  9 20 46 11
 27 55 94 25 86 54 91 18 36 50  1 99 29 34 61 52 59 43 92  3 70 42 76 15 62
 53 90 38 72 83 40 23 26 87 78 12  0 49 33 80 37 65 51  7 22 41 88 10 89 16
 93 31 96 97 48 69 21 57 28 35 66 74  6 73 60 45 75 71 56 79 68 14 63  4 47]
Value - initial: 7509716, final: 1004982, improveup: 7.47248806446

data-line;i;7509716;f;1004982;t;0.906826972961;c;-2;fv;[1004982L];cv;-1;imp;7.47248806446;type;rvnd;inum;1;w;1

time;0.906826972961;man_time;0;neigh_time;0
man_time;0;man_merge_sol;0;man_best_sol;0;man_combine_sol;0

Waiting [0]
Terminating workers True 0 0
MPI TERMINATING
