pydf_home: /home/rodolfo/git/Sucuri
simple_pycuda_home: /home/rodolfo/git/simple-pycuda
wamca2016path: /home/rodolfo/git/wamca2016/
localpath: /home/rodolfo/git/dvnd-df/code/dvnd-df/src/
WAMCAPATH:/home/rodolfo/git/wamca2016/
param: {solution_index:2, solution_instance_index:34, multi_gpu:True, goal:False, problem_name:ml, number_of_moves:10, device_count:2, solver:rvnd, mpi_enabled:True, workers:1}
Using already created file:  wamca2016lib.so
Size: 226 - file name: 03_pr226.tsp

Value - initial: 191146542-[213 177 117  88  78 134 199  86 110  33 212 118  48 172  84  23 223  35
  30 107  21 221   1 222  45   8  18 187  57 198 137  64  50 184  36  76
  65  75  12  80 181 185 192  82  74 211 183 138  94 200 157  89  81 109
 136 218 165 129 170 175  49 191 194 168 203 219 114   3 162  52 103 161
  44   4 178 159 206  91  99 101 174  93  79   5 142 156 208 124  27 216
 171  58 166 125 204 102 193  53 173  72 160  17   7 121  67 214 186  59
 123 217 210  70  24  98  26  95   0  68  42 104 132 135  22 196  77  71
 112  31 207  10 182 144  56  46  85 133 126  19 197  11  69 128 108  29
  32 155  47 105 158  41  28 141  54 153 150  87 202 215 163 115  97 127
 122  90  55 176  60 106 143 179 148 195  39  15  51 167 169 188 130 131
 111 147 120 119 100 205  62   6  20  43  92 151  38  40 145 152  61  14
  37 201 224 189 113 140 220   2  25 154 139  96  16  63 180  73  13   9
  66 146 209 164  34 190  83 225 149 116] - 191146542
Solver: RVND, number of workers: 1
Setting feeder affinity
I am the master. There are 1 mpi processes. (hostname = gpu01)
Roots [<pyDF.nodes.Feeder object at 0x7f6ea860cad0>]
Starting 0
Main loop
I am worker 0
GPU0
set random seed!
Initial: 191146542-[213 177 117  88  78 134 199  86 110  33 212 118  48 172  84  23 223  35
  30 107  21 221   1 222  45   8  18 187  57 198 137  64  50 184  36  76
  65  75  12  80 181 185 192  82  74 211 183 138  94 200 157  89  81 109
 136 218 165 129 170 175  49 191 194 168 203 219 114   3 162  52 103 161
  44   4 178 159 206  91  99 101 174  93  79   5 142 156 208 124  27 216
 171  58 166 125 204 102 193  53 173  72 160  17   7 121  67 214 186  59
 123 217 210  70  24  98  26  95   0  68  42 104 132 135  22 196  77  71
 112  31 207  10 182 144  56  46  85 133 126  19 197  11  69 128 108  29
  32 155  47 105 158  41  28 141  54 153 150  87 202 215 163 115  97 127
 122  90  55 176  60 106 143 179 148 195  39  15  51 167 169 188 130 131
 111 147 120 119 100 205  62   6  20  43  92 151  38  40 145 152  61  14
  37 201 224 189 113 140 220   2  25 154 139  96  16  63 180  73  13   9
  66 146 209 164  34 190  83 225 149 116]
Final time: 4.21302819252s - Best: 7228051-[213 214 215 212 211 210 209 208 207 206 205 204 203 202 201 200 199 198
 197 196 195 194 193 192 191 190 189 188 187 186 185 184 183 182 181 180
 179 178 177 176 175 174 173 172 171 170 169 168 167 166 165 164 163 162
 161 160 159 158 157 156 155 154 149 142 141 147 148 140 139 146 144 138
 137 145 143 136 101  93  92 100  99  91  90  98  97  89  87  96  95  88
  86  94  46  45  44  43  36  35  34  33  29  28  30  31  32  47  48  27
  26  25  24  23  22  21  49  50  51  52  53  54  55  56  57  58  59  60
  61  62  63  64  18  17  16  66  67  70  12  11  10  15  14  13   9   8
   7   6   5   4   3   2   1   0  72  73  74  75  76  77  78  79  80  81
  82  83  84  85 110 102 104 111 112 103 105 113 114 106 107 115 116 108
 109 117 118 125 127 119 120 126 128 121 122 130 129 123 124 131 225 224
 223 222 221 220 219 218 217 216 132 133 134 135 150 151 152 153  40  39
  38  37  41  42  20  19  65  69  71  68]
Value - initial: 191146542, final: 7228051, improveup: 26.4451014527

data-line;i;191146542;f;7228051;t;4.21302819252;c;-2;fv;[7228051L];cv;-1;imp;26.4451014527;type;rvnd;inum;2;w;1

time;4.21302819252;man_time;0;neigh_time;0
man_time;0;man_merge_sol;0;man_best_sol;0;man_combine_sol;0

Waiting [0]
Terminating workers True 0 0
MPI TERMINATING
