pydf_home: /home/rodolfo/git/Sucuri
simple_pycuda_home: /home/rodolfo/git/simple-pycuda
wamca2016path: /home/rodolfo/git/wamca2016/
localpath: /home/rodolfo/git/dvnd-df/code/dvnd-df/src/
WAMCAPATH:/home/rodolfo/git/wamca2016/
param: {solution_index:0, solution_instance_index:56, multi_gpu:True, goal:False, problem_name:ml, number_of_moves:10, device_count:2, solver:rvnd, mpi_enabled:True, workers:1}
Using already created file:  wamca2016lib.so
Size: 52 - file name: 01_berlin52.tsp

Value - initial: 801326-[16 46 49 23 35 11 31 25 41 34 37 29 10 45  2 14 44  5  7 12 47 24 42 19 33
 48 20 13 22 36  4 27 32 43 39 15 21  9 28  6  8 17 40 38 18 26 50  1 51 30
  0  3] - 801326
Solver: RVND, number of workers: 1
Setting feeder affinity
I am the master. There are 1 mpi processes. (hostname = gpu01)
Roots [<pyDF.nodes.Feeder object at 0x7fbb14e80ad0>]
Starting 0
Main loop
I am worker 0
GPU0
set random seed!
Initial: 801326-[16 46 49 23 35 11 31 25 41 34 37 29 10 45  2 14 44  5  7 12 47 24 42 19 33
 48 20 13 22 36  4 27 32 43 39 15 21  9 28  6  8 17 40 38 18 26 50  1 51 30
  0  3]
Final time: 1.52993702888s - Best: 151976-[16  2 17 30 22 19 49 15 43 33 34 35 38 39 37 47 23  4 14  5  3 24 45 36 48
 21  0 31 44 18  7 40  8  9 42 50 11 27 26 25 46 28 29  1  6 41 20 32 51 12
 13 10]
Value - initial: 801326, final: 151976, improveup: 5.27271411275

data-line;i;801326;f;151976;t;1.52993702888;c;-2;fv;[151976L];cv;-1;imp;5.27271411275;type;rvnd;inum;0;w;1

time;1.52993702888;man_time;0;neigh_time;0
man_time;0;man_merge_sol;0;man_best_sol;0;man_combine_sol;0

Waiting [0]
Terminating workers True 0 0
MPI TERMINATING
