pydf_home: /home/rodolfo/git/Sucuri
simple_pycuda_home: /home/rodolfo/git/simple-pycuda
wamca2016path: /home/rodolfo/git/wamca2016/
localpath: /home/rodolfo/git/dvnd-df/code/dvnd-df/src/
WAMCAPATH:/home/rodolfo/git/wamca2016/
param: {solution_index:6, solution_instance_index:89, multi_gpu:True, goal:False, problem_name:ml, number_of_moves:10, device_count:2, solver:rvnd, mpi_enabled:True, workers:1}
Using already created file:  wamca2016lib.so
Size: 783 - file name: 07_rat784.tsp

Value - initial: 69151597-[144  75 343  70 676 747 162 460 440 484  42 578  83 126 606 177 708  26
 205  48 714 369 634 330 573 713 770 458 364 102  58 548 581 439 253 404
 670 119 472 482 616  68 260 130 292 663 243 718 655 678 182 721  49 431
 436 668 238 520 114 428 605 246 709 284 505 736  72 503 543  51  81 384
 658 701 403 272 239 141 518 399 727 415 657 110 619 372 595 206   3 560
 476 782 451 594 256 559 254 432  52 183 597 356 630 249 511 526 538 761
 442 236 218 215 133 293 684  21 263 487  64 204 376  53  91 124 750 207
 737 671 764 565 744 688 245 705  14 413 596 692 353 213 450 140  77 417
  12 310 489 516  38 717 735 492  87 247 741 306 549 370 635 184 153 127
 691 388 167 710 362 652 674 661   7 270 683 280 368 191 234 374 226  25
  96 553 706 493 111 723  88 418  34 467 732 323 642 446 125 414 320  84
 409 329 251 303 613 360 646 667 341 433 480 496 694 419 312  19 286 556
 696 775 719 322 437 268 113 158 180 199 278 512 379  86 774  13  24 758
 395 300 361 485 327 328 470 514 776 257 381 155 452 471 757 483 426 164
 345 321  73  92  93 107   6 318 742 209 324  39 756 157 166 698 540 117
  85  35 210 680  15 258 338 731 748 610 148 614 231 355 459 575 517 475
 762 198 445 383 349 277 781 331 546 159 168 697 402 638 494 106 121  50
  33  65  60 636 601 221 412 571 454  76 763  69 212 137 603 295 628 281
 625 490 305 393 325 123 562 712 730 103 599 644 777 112 350 633 259 491
 734 602 715 358 222 363 382 235   8 202  22 171 241 591 499 626 344 438
 271 285 570 267 609 536  46 173 666   9 618 176 629 462  10 465 317 232
 733 169 515 224 375 466 115 261 434  47 313 766 211 416 135 699 738 351
 608 579 643 425 529 134 156 354 567 589 677 132  45 660 447 195 392 557
 615 170 400 509 390 577   4 189 592 716 665 172 622 704 386 429 307 192
 188 227 371 617 600 711 435 768 408 289 780 174 288 574 612 647 583 264
  23 530 506 648 105 396 495 620 507 394  82 279 138 316 537 406 219  20
 700  61   1 217 441 276 101 469 641 266 673 773 527 220  55 690 151 481
 707 347 500 621 389  44 679 405 298 143  37 749  11 448 420 398  97 228
 229 342 779 580 510 430 525 283 501 457 542 367 296 373 498 528 186 539
 244  17 181  31 291 720 681 765 669 240  90 752   2  16 397 659 337 772
 203 637 308 463 590 299  30 461 604 551 533 769 108 334 179 478 185   0
 297 664 555 302 407 598 326 453 726 122 572 685 686 287 380  41 128 693
  40 479 421 651 139 754 513 194 262 427 193 223   5 208 502  74 150 751
 535 339 607 586 319 314 147 377  98 366 216  43 687 160 523 275 682 746
 449 531 290 214 129 743 473 534  99 703 576 740 585 552 632 346 230 654
 550 301 269 702 508 201 333 142 109  67 444 136  62 365  89 521 468 200
  18 524 352 584 587 561 759 422 545 332  54 340 653  71 745 378  80 309
 335 154 197 488 411 675  66 722 474  95  63 104 190 265 631 456 477 497
 568 771 336 547 149 282 250  29 753 146 401 593 627 569 273  27 566 187
 237 165 315 767 755 541  78 639 274 582 423  56  59 464 649 486 778  79
 739 248 558 359  36 695 564 504 242 588 391 729 519 161 178 455 672 152
 522 225 145 233 554  94 387 175 640  32 563 650 196 724 424 611 623 252
 348 725 624 100 443 116 357 163 645 255 304 120 689 656 294  57 131 385
 760 311 728 118 532 544  28 662 410] - 69151597
Solver: RVND, number of workers: 1
Setting feeder affinity
I am the master. There are 1 mpi processes. (hostname = gpu01)
Roots [<pyDF.nodes.Feeder object at 0x7f2bd956aad0>]
Starting 0
Main loop
I am worker 0
GPU0
set random seed!
Initial: 69151597-[144  75 343  70 676 747 162 460 440 484  42 578  83 126 606 177 708  26
 205  48 714 369 634 330 573 713 770 458 364 102  58 548 581 439 253 404
 670 119 472 482 616  68 260 130 292 663 243 718 655 678 182 721  49 431
 436 668 238 520 114 428 605 246 709 284 505 736  72 503 543  51  81 384
 658 701 403 272 239 141 518 399 727 415 657 110 619 372 595 206   3 560
 476 782 451 594 256 559 254 432  52 183 597 356 630 249 511 526 538 761
 442 236 218 215 133 293 684  21 263 487  64 204 376  53  91 124 750 207
 737 671 764 565 744 688 245 705  14 413 596 692 353 213 450 140  77 417
  12 310 489 516  38 717 735 492  87 247 741 306 549 370 635 184 153 127
 691 388 167 710 362 652 674 661   7 270 683 280 368 191 234 374 226  25
  96 553 706 493 111 723  88 418  34 467 732 323 642 446 125 414 320  84
 409 329 251 303 613 360 646 667 341 433 480 496 694 419 312  19 286 556
 696 775 719 322 437 268 113 158 180 199 278 512 379  86 774  13  24 758
 395 300 361 485 327 328 470 514 776 257 381 155 452 471 757 483 426 164
 345 321  73  92  93 107   6 318 742 209 324  39 756 157 166 698 540 117
  85  35 210 680  15 258 338 731 748 610 148 614 231 355 459 575 517 475
 762 198 445 383 349 277 781 331 546 159 168 697 402 638 494 106 121  50
  33  65  60 636 601 221 412 571 454  76 763  69 212 137 603 295 628 281
 625 490 305 393 325 123 562 712 730 103 599 644 777 112 350 633 259 491
 734 602 715 358 222 363 382 235   8 202  22 171 241 591 499 626 344 438
 271 285 570 267 609 536  46 173 666   9 618 176 629 462  10 465 317 232
 733 169 515 224 375 466 115 261 434  47 313 766 211 416 135 699 738 351
 608 579 643 425 529 134 156 354 567 589 677 132  45 660 447 195 392 557
 615 170 400 509 390 577   4 189 592 716 665 172 622 704 386 429 307 192
 188 227 371 617 600 711 435 768 408 289 780 174 288 574 612 647 583 264
  23 530 506 648 105 396 495 620 507 394  82 279 138 316 537 406 219  20
 700  61   1 217 441 276 101 469 641 266 673 773 527 220  55 690 151 481
 707 347 500 621 389  44 679 405 298 143  37 749  11 448 420 398  97 228
 229 342 779 580 510 430 525 283 501 457 542 367 296 373 498 528 186 539
 244  17 181  31 291 720 681 765 669 240  90 752   2  16 397 659 337 772
 203 637 308 463 590 299  30 461 604 551 533 769 108 334 179 478 185   0
 297 664 555 302 407 598 326 453 726 122 572 685 686 287 380  41 128 693
  40 479 421 651 139 754 513 194 262 427 193 223   5 208 502  74 150 751
 535 339 607 586 319 314 147 377  98 366 216  43 687 160 523 275 682 746
 449 531 290 214 129 743 473 534  99 703 576 740 585 552 632 346 230 654
 550 301 269 702 508 201 333 142 109  67 444 136  62 365  89 521 468 200
  18 524 352 584 587 561 759 422 545 332  54 340 653  71 745 378  80 309
 335 154 197 488 411 675  66 722 474  95  63 104 190 265 631 456 477 497
 568 771 336 547 149 282 250  29 753 146 401 593 627 569 273  27 566 187
 237 165 315 767 755 541  78 639 274 582 423  56  59 464 649 486 778  79
 739 248 558 359  36 695 564 504 242 588 391 729 519 161 178 455 672 152
 522 225 145 233 554  94 387 175 640  32 563 650 196 724 424 611 623 252
 348 725 624 100 443 116 357 163 645 255 304 120 689 656 294  57 131 385
 760 311 728 118 532 544  28 662 410]
Final time: 14.9384028912s - Best: 3408803-[144 130 131 140 129 128 102  91  71  81  85  67  60  58  49  61  53  41
  50  68  77  89  90  72  59  54  43  26  25  20  15  23  27  33   3  10
  12  37  42  65  74  86  95 103 112 118 121 141 147 167 165 173 177 191
 202 190 188 196 200 187 182 172 164 163 156 168 162 139 127 142 136 132
 115 111 107 104 101  98  84  70  63  76  73  88  94  97  75  82  93 110
 106  99  79  69  66  45  40  22  16   0  14  24  36  44  56  51  48  55
  87  96 109 116 122 138 146 154 159 174 183 195 194 204 229 230 226 221
 248 247 272 277 273 285 298 322 338 345 352 364 375 392 407 408 409 419
 423 429 425 432 421 437 442 424 406 400 389 386 381 365 357 334 326 318
 316 327 342 355 358 351 362 383 394 422 428 435 444 451 452 457 465 483
 484 505 529 533 550 553 561 578 560 568 597 596 585 593 610 625 647 651
 658 677 687 708 704 705 689 679 684 678 670 644 654 659 643 640 618 612
 633 626 611 589 598 587 577 565 562 551 556 546 539 538 530 517 518 512
 494 472 459 448 455 456 476 482 490 499 500 506 504 520 535 534 555 540
 541 557 564 569 576 600 599 583 590 586 602 608 621 620 627 648 656 680
 690 691 697 712 706 683 668 665 685 694 698 718 719 720 725 739 747 748
 749 726 729 730 745 740 722 715 707 701 675 673 667 666 663 649 641 617
 609 588 570 571 572 558 552 523 513 519 501 508 524 527 536 543 531 544
 548 573 566 581 591 594 607 624 622 619 601 584 582 554 549 545 537 522
 515 503 489 461 460 443 412 405 403 393 398 395 378 368 373 366 356 354
 340 328 313 314 284 279 264 263 246 244 240 251 260 278 283 271 270 262
 259 282 287 307 309 300 311 317 325 310 294 274 261 256 243 228 227 220
 225 236 250 252 268 280 289 299 306 292 267 257 258 239 231 232 224 218
 208 210 211 205 216 199 197 178 175 160 151 150 155 161 186 203 201 207
 223 242 255 266 290 305 315 331 349 346 344 332 320 321 329 335 353 359
 374 379 385 380 382 372 363 350 347 339 337 336 319 323 333 330 341 361
 360 348 367 384 387 402 414 413 399 401 431 445 449 464 474 487 492 488
 486 479 473 458 447 436 433 417 410 416 418 430 438 434 440 468 469 463
 475 493 495 496 521 526 542 574 604 613 632 629 635 650 645 652 653 661
 630 638 631 628 614 603 580 592 605 615 636 646 642 634 655 657 662 669
 693 702 695 686 676 681 711 710 713 716 714 727 723 741 751 755 763 780
 779 769 762 761 765 773 772 754 753 776 778 767 758 756 757 742 738 721
 731 735 717 734 744 759 764 771 760 746 733 737 724 703 696 682 671 664
 639 637 623 595 579 567 575 559 547 532 525 510 516 511 507 491 485 462
 454 404 391 388 396 343 293 301 312 304 288 265 269 276 275 254 245 238
 235 241 234 214 215 185 179 171 152 135 126 114  80  64  46  52  57  62
  38  28  32  17   6   1  11   8   9   2   4  18   7  29  35  19  30  34
  21  13  31  92 123 120 125 117 137 149 143 158 153 166 157 113 108  83
  78 100 105 134 133 148 170 192 198 193 180 176 169 206 222 213 217 237
 233 253 296 303 295 297 308 377 397 411 426 446 453 450 420 427 441 470
 480 478 502 509 497 477 467 439 415 390 371 376 369 302 291 286 281 219
 212 209 181 189 249 324 370 466 514 528 563 606 616 660 709 699 700 688
 692 672 750 743 728 752 766 770 774 782 781 736 732 775 777 768 674 498
 481 471 184 145 124 119  47   5  39]
Value - initial: 69151597, final: 3408803, improveup: 20.286181689

data-line;i;69151597;f;3408803;t;14.9384028912;c;-2;fv;[3408803L];cv;-1;imp;20.286181689;type;rvnd;inum;6;w;1

time;14.9384028912;man_time;0;neigh_time;0
man_time;0;man_merge_sol;0;man_best_sol;0;man_combine_sol;0

Waiting [0]
Terminating workers True 0 0
MPI TERMINATING
