pydf_home: /home/rodolfo/git/Sucuri
simple_pycuda_home: /home/rodolfo/git/simple-pycuda
wamca2016path: /home/rodolfo/git/wamca2016/
localpath: /home/rodolfo/git/dvnd-df/code/dvnd-df/src/
WAMCAPATH:/home/rodolfo/git/wamca2016/
param: {solution_index:3, solution_instance_index:66, multi_gpu:True, goal:False, problem_name:ml, number_of_moves:10, device_count:2, solver:rvnd, mpi_enabled:True, workers:1}
Using already created file:  wamca2016lib.so
Size: 318 - file name: 04_lin318.tsp

Value - initial: 89511516-[266 143 311  52 287 130 166 178  37 210  45 316  55 256  62 151 154  48
 120  53 217 187 209 131 268 201  11 276 199  82  47  46  31 307 148 185
 289 212 241 184 280 269  63  76 267 174 313  97 112 141 309  80  43 147
 286  18 103 101 299  20 168  34  19 104 205 231 202  74 123 142 243 305
 196  23 288 300 250  60  14 164  71  42 186 122  41  59 176 232 127 163
  92 161 278 119  32 279 219 227 179  79 192 282 135 206  12 137 155  44
 251  78 207  69 215 223  49 108 156 285 188 208  13 115 138 292 204  36
 226 116 177  38  89 189 224  30  24  10  54 125 106  88 102  83 240 244
  25 180  33 171  16  56 290  58  57 303 183 109 304 203 234 193 221 247
 152   1 260 126 159  61  26  22 150 182 253 124  68 170 301 239 284 302
 230 258 262 181 225 107 146 298  99  40   2  28 238 245 169 255  35  67
 308 263 294 216 198 277 248 249 222 213 191   4   6  86 160 312 172  50
  70 235 317   9 194 105 113  27  90 118 114 271 157   7 237 214 129 175
 197  85  15 273 167 257  95 229 275  72 228 190 121 144  87 211 173 261
  21 306 111  17  91  51  39 315   3  84 220 281 259  93 136  64 132 100
 254 218 310 283 165 195   5 200 162 291 133  65 128   0  94 233 236  77
 246  29 295 270 314  81 296 265 264 293  75 139  66  96 140 110 145 274
 153 117 272 149 158  98 252   8  73 134 242 297] - 89511516
Solver: RVND, number of workers: 1
Setting feeder affinity
I am the master. There are 1 mpi processes. (hostname = gpu01)
Roots [<pyDF.nodes.Feeder object at 0x7f6b1a39cad0>]
Starting 0
Main loop
I am worker 0
GPU0
set random seed!
Initial: 89511516-[266 143 311  52 287 130 166 178  37 210  45 316  55 256  62 151 154  48
 120  53 217 187 209 131 268 201  11 276 199  82  47  46  31 307 148 185
 289 212 241 184 280 269  63  76 267 174 313  97 112 141 309  80  43 147
 286  18 103 101 299  20 168  34  19 104 205 231 202  74 123 142 243 305
 196  23 288 300 250  60  14 164  71  42 186 122  41  59 176 232 127 163
  92 161 278 119  32 279 219 227 179  79 192 282 135 206  12 137 155  44
 251  78 207  69 215 223  49 108 156 285 188 208  13 115 138 292 204  36
 226 116 177  38  89 189 224  30  24  10  54 125 106  88 102  83 240 244
  25 180  33 171  16  56 290  58  57 303 183 109 304 203 234 193 221 247
 152   1 260 126 159  61  26  22 150 182 253 124  68 170 301 239 284 302
 230 258 262 181 225 107 146 298  99  40   2  28 238 245 169 255  35  67
 308 263 294 216 198 277 248 249 222 213 191   4   6  86 160 312 172  50
  70 235 317   9 194 105 113  27  90 118 114 271 157   7 237 214 129 175
 197  85  15 273 167 257  95 229 275  72 228 190 121 144  87 211 173 261
  21 306 111  17  91  51  39 315   3  84 220 281 259  93 136  64 132 100
 254 218 310 283 165 195   5 200 162 291 133  65 128   0  94 233 236  77
 246  29 295 270 314  81 296 265 264 293  75 139  66  96 140 110 145 274
 153 117 272 149 158  98 252   8  73 134 242 297]
Final time: 3.91218900681s - Best: 6269287-[266 263 260 256 253 254 257 259 258 249 142 143 138 139 121 120 122 129
 130 131 128 123 132 127 124 207 119 115 114 111 110 106 105   3   4  13
  12 125 126 133 134 135 136  33  34  16  15  17  24  25  26  23  18  27
  22  19 102  14  20  21  28  29  30  31  32  35  36  40  43  46  50  53
  56  44  47  49  54  55 104  63  66  67  70  77  81  82  84  83  78  76
  71  72  75  79  80  74  73  68  69  62  61  57  52  51  45  42  41  38
  37 144 153 149 152 154 159 160 161 158 155 151 148 145 146 147 150 156
 157 162 166 167 174 173 178 179 185 184 180 177 176 181 183 188 189 187
 186 182 175 172 171 168 209 163  59  60  64  65  86  87  94  93 195 196
 200 201 205 206 197 202 203 199 198 204 311 310 306 305 301 300 294 292
 291 287 293 288 286 281 282 285 289 290 284 283 278 279 272 271 267 262
 261 255 252 250 251 246 245 236 233 228 235 234 227 225 226 218 217 212
 210 211 108 109 215 216 219 220 117 118 224 312 230 231 238 241 240 239
 229 232 237 242 313 264 265 314 268 164 165 170 169 280 277 276 273 295
 298 299 297 296 303 304 309 308 307 302 191 192 194 193 190  99  98  97
  89  88  92 101 100  96  95  91  90  85  58 316 315  48  39 103  11  10
   9   6   5   1   0   2   7   8 107 112 113 116 137 140 141 221 214 213
 222 223 243 244 247 248 317 269 270 274 275 208]
Value - initial: 89511516, final: 6269287, improveup: 14.2777824655

data-line;i;89511516;f;6269287;t;3.91218900681;c;-2;fv;[6269287L];cv;-1;imp;14.2777824655;type;rvnd;inum;3;w;1

time;3.91218900681;man_time;0;neigh_time;0
man_time;0;man_merge_sol;0;man_best_sol;0;man_combine_sol;0

Waiting [0]
Terminating workers True 0 0
MPI TERMINATING
