pydf_home: /home/rodolfo/git/Sucuri
simple_pycuda_home: /home/rodolfo/git/simple-pycuda
wamca2016path: /home/rodolfo/git/wamca2016/
localpath: /home/rodolfo/git/dvnd-df/code/dvnd-df/src/
WAMCAPATH:/home/rodolfo/git/wamca2016/
param: {solution_index:5, solution_instance_index:64, multi_gpu:True, goal:False, problem_name:ml, number_of_moves:10, device_count:2, solver:rvnd, mpi_enabled:True, workers:1}
Using already created file:  wamca2016lib.so
Size: 657 - file name: 06_d657.tsp

Value - initial: 275627000-[617 237 370 406   8 440 597 615 533 544 410 416 654 167 596 649 288  12
 227 519 425 246 225  57  49 222 455 461 393 354 501 562  97  91 331  78
 490 451  38 476 146 173 316 621 296 223 318 510 523 647 209 434 499  59
 182  76 511 553 556 217 187 603 218 387 650 300 133 193 174 550  29 441
  87 126  35 432 472 122 392 546 626 398 127 459 250 359  45 447 361  43
 351  48 180 482  68 334 645 268 265 390 543 177 641 388 286 363 632  77
  66 280 332 436  25 293 531 352 138  62 521 613 326 555 161 123 306 492
 595 598 508 357 549 469 636 429 185 576 171 495 101 141 129 219 373 560
 401 610 276 236  84  93 601 464 115 257  83 467 628  32   4  19 105 384
 176 152 527 548 255  67 221  30 564 365  88 154 168 400  72  53 535 100
 537 321 212 445 278 473 243 107 563 270 602 415 294 435 618 245  64  69
 554 516 642 163  90  89 274 239 456 313 513 322 137 106 540 559 372 489
 514 643  41 593  42 121 192 448 364 594   7 323  55  99 606 584   6 485
  60 633 346 261 347 518 471 336 235 131  11 108 275 571 574 414 526 233
  31 143 118 558 119 190 181  82 377  10 608 399 134 486 624 395 259 426
 430 254 240 110 317 376 375 653 175 213 367  23 153 301 307 565 111 627
 249 151  33 304 102 453 484 622 242 315 252 573  17 512 457 166 148 382
 157 114 189 460  65  40  37 124  26 314 655 417 640 203 355 491 142 374
  95 462 478 637 311 529 279 116 350 481 407 542 358  70 604 113 582 241
 125 444 299 264 201 327 335 534 648 600 325 262 348 498 198 433 480 159
 639 568 297 487 396 409 251 630 585 592   1 210   0 120 383 506 228 446
  85 652 651 625 247  92 170   2 454 379 437 580 477  79  61 340 419 253
 366 178 140 224 391 557 404  81 291 421 343 289 470 333 385 112 442  24
 504 342 525  39 520 284  86 413  74 427 344  27 599 569 536 605  50  47
 103 191 474 226 452 229 194 386 431 551  36 443 271 199 494  34 160 172
 362 572 623 207  51 337 438  58  28 269 581 338 368 130 155 509 339 220
 532 145  16  96 144 493 117 424  22 266 200 232 371 619 586 230 208 206
 644 211  44  52 287  73 231 272 423 380 150  46 570 158 517   9 646  98
 552  71 503 541 345 165 258 524 302 547 310 360 216 312 104 320 579 324
 567  13 378 450 195 587 538  80 497 463 381 418 575 328   3 132 196 128
 329  63 248 283  75 197 634 282 403 263 309 483 397 162 620 214 147 356
 611  54 215 244 298 234  15 539 281 295 179  56 528 466 629 184  94 638
 394 522 349 656 109 202 267 260 488 303 412 277 238 369 507 341 590 496
  14 583 422 273 530  21 292 515 188 439 183 186 136 479 319 428 408 308
 505 204 468 449 389 256 305 561 205 631 589 135 545 330 420  20 577 169
 411 353 502  18 156 566 578 402 405 612 607 285 290 609 465   5 139 616
 500 475 164 614 588 591 149 458 635] - 275627000
Solver: RVND, number of workers: 1
Setting feeder affinity
I am the master. There are 1 mpi processes. (hostname = gpu01)
Roots [<pyDF.nodes.Feeder object at 0x7fa5c5749ad0>]
Starting 0
Main loop
I am worker 0
GPU0
set random seed!
Initial: 275627000-[617 237 370 406   8 440 597 615 533 544 410 416 654 167 596 649 288  12
 227 519 425 246 225  57  49 222 455 461 393 354 501 562  97  91 331  78
 490 451  38 476 146 173 316 621 296 223 318 510 523 647 209 434 499  59
 182  76 511 553 556 217 187 603 218 387 650 300 133 193 174 550  29 441
  87 126  35 432 472 122 392 546 626 398 127 459 250 359  45 447 361  43
 351  48 180 482  68 334 645 268 265 390 543 177 641 388 286 363 632  77
  66 280 332 436  25 293 531 352 138  62 521 613 326 555 161 123 306 492
 595 598 508 357 549 469 636 429 185 576 171 495 101 141 129 219 373 560
 401 610 276 236  84  93 601 464 115 257  83 467 628  32   4  19 105 384
 176 152 527 548 255  67 221  30 564 365  88 154 168 400  72  53 535 100
 537 321 212 445 278 473 243 107 563 270 602 415 294 435 618 245  64  69
 554 516 642 163  90  89 274 239 456 313 513 322 137 106 540 559 372 489
 514 643  41 593  42 121 192 448 364 594   7 323  55  99 606 584   6 485
  60 633 346 261 347 518 471 336 235 131  11 108 275 571 574 414 526 233
  31 143 118 558 119 190 181  82 377  10 608 399 134 486 624 395 259 426
 430 254 240 110 317 376 375 653 175 213 367  23 153 301 307 565 111 627
 249 151  33 304 102 453 484 622 242 315 252 573  17 512 457 166 148 382
 157 114 189 460  65  40  37 124  26 314 655 417 640 203 355 491 142 374
  95 462 478 637 311 529 279 116 350 481 407 542 358  70 604 113 582 241
 125 444 299 264 201 327 335 534 648 600 325 262 348 498 198 433 480 159
 639 568 297 487 396 409 251 630 585 592   1 210   0 120 383 506 228 446
  85 652 651 625 247  92 170   2 454 379 437 580 477  79  61 340 419 253
 366 178 140 224 391 557 404  81 291 421 343 289 470 333 385 112 442  24
 504 342 525  39 520 284  86 413  74 427 344  27 599 569 536 605  50  47
 103 191 474 226 452 229 194 386 431 551  36 443 271 199 494  34 160 172
 362 572 623 207  51 337 438  58  28 269 581 338 368 130 155 509 339 220
 532 145  16  96 144 493 117 424  22 266 200 232 371 619 586 230 208 206
 644 211  44  52 287  73 231 272 423 380 150  46 570 158 517   9 646  98
 552  71 503 541 345 165 258 524 302 547 310 360 216 312 104 320 579 324
 567  13 378 450 195 587 538  80 497 463 381 418 575 328   3 132 196 128
 329  63 248 283  75 197 634 282 403 263 309 483 397 162 620 214 147 356
 611  54 215 244 298 234  15 539 281 295 179  56 528 466 629 184  94 638
 394 522 349 656 109 202 267 260 488 303 412 277 238 369 507 341 590 496
  14 583 422 273 530  21 292 515 188 439 183 186 136 479 319 428 408 308
 505 204 468 449 389 256 305 561 205 631 589 135 545 330 420  20 577 169
 411 353 502  18 156 566 578 402 405 612 607 285 290 609 465   5 139 616
 500 475 164 614 588 591 149 458 635]
Final time: 17.7323281765s - Best: 14389479-[617 616 615 618 620 622 408 356 337 331 355 360 354 343 336 353 344 338
 329 315 314 332 352 363 359 366 368 374 376 379 384 394 403 407 412 413
 406 402 395 385 396 410 419 424 431 423 414 405 401 386 377 369 365 373
 378 357 351 333 318 312 305 304 284 259 255 243 228 224 226 242 250 270
 276 268 260 294 325 321 309 308 292 287 275 254 232 241 247 251 252 227
 219 214 208 184 179 177 154 149 147 139 148 161 170 171 169 157 165 187
 181 180 186 191 198 199 197 195 185 178 172 168 155 162 164 156 163 138
 131 129 128 116 130 142 137 140 132 115 101  79  64  60  53  41  39  36
  35  33  32   7   9   8  10  11  12  24  21  14  15  16  13  17  20  28
  40  50  54  49  44  45  63  68  73  77  84  74  93  98  97  91 102 114
 118 103 119 113 120 104 105 121 112 106 111 107 100  96 110 123 146 134
 109  95  87  88 108  94  89  83  76  82  81  75  71  80  90  86  92  99
  69  59  57  52  48  29  30  27  26  25 440  23  22  18  19 444 445 447
 446 443 441 442 449 448 453 450 452 451 454 458 464 468 466 462 463 469
  34  37  46  42  38  43  47  51  62  56  67 483 472 482 491 494 497 498
 496 490 486 485 480 481 487 488 484 489 492 495 500 501 503 502 499 504
 126 135 125 506 505 124 127 144 145 175 211 244 233 249 277 291 272 274
 283 286 256 267 282 285 278 281 301 295 302 296 297 306 592 279 598 600
 607 610 606 605 601 595 589 586 581 582 578 574 573 571 569 568 562 561
 564 560 565 563 558 553 554 555 557 550 549 548 547 544 545 546 552 628
 629 630 631 632 633 635 634 636 637 641 640 638 639 536 537 534 535 532
 531 529 533 530 523 538 539 540 541 542 543 551 556 559 511 173 183 194
 200 201 202 580 229 246 257 266 258 280 273 265 245 222 216 212 205 203
 193 174 189 182 159 510 508 509 528 512 513 516 517 518 522 524 525 526
 527 521 519 520 474 475 457 456 473 455 459 460 461 465 467 470  61  66
  58  70 122 143 151 167 153 150 158 166 207 221 215 225 236 248 288 293
 299 303 323 324 334 346 340 335 345 361 347 341 322 317 307 298 290 271
 264 263 261 253 262 289 269 237 231 235 238 239 230 220 196 190 206 209
 217 218 234 240 204  85  72  65  55  31 471 479 476 477 478 515 514 493
 507 133 136 160 152 188 192 176 223 300 310 311 327 358 350 320 326 349
 342 348 364 370 388 397 389 400 404 415 398 391 372 390 371 399 416 409
 420 438 437 439 421 422 436 430 435 432 425 433 434 429 417 428 411 392
 382 367 362 375 380 418 383 381 393 426 427 624 625 619 623 621 614 609
 604 603 599 590 587 588 594 602 597 596 591 583 577 576 584 585 579 575
 572 626 655 654 627 651 650 649 642 643 644 646 645 647 648 652 653 656
 593 611 612 613 608 570 566 567 213 330 319 316 313 328 339 387 210 141
 117  78   6   5   4   3   2   1   0]
Value - initial: 275627000, final: 14389479, improveup: 19.1547588346

data-line;i;275627000;f;14389479;t;17.7323281765;c;-2;fv;[14389479L];cv;-1;imp;19.1547588346;type;rvnd;inum;5;w;1

time;17.7323281765;man_time;0;neigh_time;0
man_time;0;man_merge_sol;0;man_best_sol;0;man_combine_sol;0

Waiting [0]
Terminating workers True 0 0
MPI TERMINATING
