pydf_home: /home/rodolfo/git/Sucuri
simple_pycuda_home: /home/rodolfo/git/simple-pycuda
wamca2016path: /home/rodolfo/git/wamca2016/
localpath: /home/rodolfo/git/dvnd-df/code/dvnd-df/src/
WAMCAPATH:/home/rodolfo/git/wamca2016/
param: {solution_index:3, solution_instance_index:38, multi_gpu:True, goal:False, problem_name:ml, number_of_moves:10, device_count:2, solver:rvnd, mpi_enabled:True, workers:1}
Using already created file:  wamca2016lib.so
Size: 318 - file name: 04_lin318.tsp

Value - initial: 96876952-[293 117 308  51 255  66 109 287 210  79 179 108  65 252  43  57 227 269
 271 139   0 248  99 101 130  34  77 307 157  11 120  31 142 232 279 291
 162  32  48 297 221 236 167 250 165 200 311 238  70 312  72   6 187 233
 283 121 180  83 146 190 203 224  75 122 127  39 298 112 234  74 115 268
 119  22 192 266 313 264 136 218 177 253 175 273  49  82 197  84 160 284
 258  26  29  87 208 309 154 166  30 304  60 118 103 156 183 170 135  53
 247 107 145 205 131   5 217 152 140 151 198 317  68 161   8  13  23 278
 124 173 132 274 186 254  33  80 270 106 123 191 129 240  85  28 153 259
 194  54 148 214  17 185 178  73  69 220 134 275 206 242  41 257  24  12
  93 201 276 163  67 114 237  91 171  16   1 172 105 193 176  19 295 314
  38 286 277 207  61  35 263  81 310 202 265 126  63  98 128  50 188  46
 209 213 301 228 315 299 244 231  10 262 280 225 168   7  37  86  42  94
 296 305 272  40 133 229 182 241  88  45  55 215  92  64 113 246  78  58
 174 300 111 230 141 150 267  76 158 239 164 147 226 285  96 104  21 243
 316 125 216 116 282 196  90 137 181  47  97  52 219 138 245 289 143 223
 144 260  71   9 251  56  59  44   3 204  89 281 169 290 294 159  36  62
 189 212  18 303  95   4 149  20 211 110 306 292 235 199 288  27 222 100
   2 184 256  25 249 195 302  15 102  14 261 155] - 96876952
Solver: RVND, number of workers: 1
Setting feeder affinity
I am the master. There are 1 mpi processes. (hostname = gpu01)
Roots [<pyDF.nodes.Feeder object at 0x7fcf9e5a4ad0>]
Starting 0
Main loop
I am worker 0
GPU0
set random seed!
Initial: 96876952-[293 117 308  51 255  66 109 287 210  79 179 108  65 252  43  57 227 269
 271 139   0 248  99 101 130  34  77 307 157  11 120  31 142 232 279 291
 162  32  48 297 221 236 167 250 165 200 311 238  70 312  72   6 187 233
 283 121 180  83 146 190 203 224  75 122 127  39 298 112 234  74 115 268
 119  22 192 266 313 264 136 218 177 253 175 273  49  82 197  84 160 284
 258  26  29  87 208 309 154 166  30 304  60 118 103 156 183 170 135  53
 247 107 145 205 131   5 217 152 140 151 198 317  68 161   8  13  23 278
 124 173 132 274 186 254  33  80 270 106 123 191 129 240  85  28 153 259
 194  54 148 214  17 185 178  73  69 220 134 275 206 242  41 257  24  12
  93 201 276 163  67 114 237  91 171  16   1 172 105 193 176  19 295 314
  38 286 277 207  61  35 263  81 310 202 265 126  63  98 128  50 188  46
 209 213 301 228 315 299 244 231  10 262 280 225 168   7  37  86  42  94
 296 305 272  40 133 229 182 241  88  45  55 215  92  64 113 246  78  58
 174 300 111 230 141 150 267  76 158 239 164 147 226 285  96 104  21 243
 316 125 216 116 282 196  90 137 181  47  97  52 219 138 245 289 143 223
 144 260  71   9 251  56  59  44   3 204  89 281 169 290 294 159  36  62
 189 212  18 303  95   4 149  20 211 110 306 292 235 199 288  27 222 100
   2 184 256  25 249 195 302  15 102  14 261 155]
Final time: 3.35350203514s - Best: 5954246-[293 292 291 287 280 277 276 281 286 288 282 285 289 290 284 283 278 279
 272 271 267 262 261 255 252 251 250 253 256 260 263 266 265 264 259 257
 254 249 313 242 236 233 228 229 232 237 239 240 241 238 231 230 312 224
 220 219 216 215 211 210 108 109 117 118 121 120 122 129 130 131 128 123
 132 127 124 207 119 115 114 111 110 106 105   3   4  13  12 125 126 133
 134 135 136  33  34  16  15  17  24  25  26  23  18  27  22  19  11   2
   0   1   5   6   9  10  14 102  20  21  28  29  30  31  32 103  39  48
  44  47  49  54  55  58 104  56  53  50  46  43  40  41  42  45  51  52
  57  61  62  65  64 175 172 171 168 209 160 159 154 152 149 153 144 208
 148 151 155 158 161 162 157 156 150 147 145 146 164 165 169 170 174 173
 178 179 185 184 180 177 176 181 183 188 182 186 187 189  86  87  69  68
  73  74  80  72  75  79  85  78  76  71  63  66  67  70  77  81  82  83
  84  90  91  95  96 100 101  92  88  89  97  98  94  93  99 206 205 201
 200 196 195 197 202 203 199 198 300 301 305 306 204 311 310 302 298 299
 307 308 309 304 303 297 296 275 274 270 269 317 248 247 244 243 223 222
 213 214 218 217 212 221 225 226 227 234 235 246 245 258 268 314 273 295
 294 191 192 194 193 190 167 166 163  59  60  38  37 137 140 141 143 142
 139 138 113 112 107 116   8   7  36  35 315 316]
Value - initial: 96876952, final: 5954246, improveup: 16.2702300174

data-line;i;96876952;f;5954246;t;3.35350203514;c;-2;fv;[5954246L];cv;-1;imp;16.2702300174;type;rvnd;inum;3;w;1

time;3.35350203514;man_time;0;neigh_time;0
man_time;0;man_merge_sol;0;man_best_sol;0;man_combine_sol;0

Waiting [0]
Terminating workers True 0 0
MPI TERMINATING
