pydf_home: /home/rodolfo/git/Sucuri
simple_pycuda_home: /home/rodolfo/git/simple-pycuda
wamca2016path: /home/rodolfo/git/wamca2016/
localpath: /home/rodolfo/git/dvnd-df/code/dvnd-df/src/
WAMCAPATH:/home/rodolfo/git/wamca2016/
param: {solution_index:5, solution_instance_index:29, multi_gpu:True, goal:False, problem_name:ml, number_of_moves:10, device_count:2, solver:rvnd, mpi_enabled:True, workers:1}
Using already created file:  wamca2016lib.so
Size: 657 - file name: 06_d657.tsp

Value - initial: 283104097-[453 562 379  81  77 148 622 245  47 609  10 424 642 539 216 303 429 284
 544 110 612  38 208 217 652 358 468 491 419 565 511 250 231 112  29 234
 641 571 548 167  26  24 534 320 393 354 455 480 434 394 504  70   9 556
  78 243 323 364 403 134 433 210 297 493 191  19 472 385 469  95 334  79
 451 330 123 608  60 170 328 143 540 576 161  61 643 348 156 601  64 265
  75 222  50 252 367 457 627 117 605 443   8 132 497 293 570 269 371 192
 475   6 474 551 400 514 407 144 547 415 313 133 438 501 395 255 476 188
 478 201 583 242 257 531 519 271 254 363 228  88 352  73 322  97 249 310
 207 347  34 193 179 266 405 555 447 107 171 412 318  63 214 164 278 115
   5  17 561 439 586 103  84 262 618 398 495 178  57 512 101  44 599 646
 549 598 635  86  92 422 223  27 444 518 276 355  71 490 428 365  13 575
 426 225 573  45 387 375 502 174 466 185 229 359 175 625 213  80 574 137
 409 515 127 590  90  46 209 528 372 418 327 567 102 147 374 290 377  21
 373  32 316 535 636 195 289  74 513 335 108 595 304 414 232 435 227  36
 391 655  59   2 111 631 485  89  54 553 559 653 113 427 596 488   0 159
 212  67 640 370 350 314 386  91  30  68 624  98 357 189 442 353 492 445
 291 280  83 440 521 486 333 566 135 463 285 516 366 122 165 582  37 498
 287 236 613 623 529 247 396 340 226 300 654 342 645 647 470 525 578 368
 650 541 637 591 197 317 459 523 282 568 184 593 238 155 326 283  35 248
  49 154 465 471 585 173 557 198 651 142 430 160 240 295 526  56 449 325
 579 532 494 151 230 114 169 145 378  94 411 196 256 452 423 420 542 187
  14 312  22 630 220 341  99 129 527 307  42 235 264 629 338  65 343 361
 431 315 592 125 520 260 344 138 467 437 172 241 104 194 554 153 203 204
  12 268 182  69 136 105  87 656 176 224 279 149 273 436 602  33 120  20
 450 581 614  85 456 560 401 473  11 380 604 389 106 130 505 482 345 221
 302 638 186  25 141 538 617 404 383 180 390 281 286 580 558  43 537  28
 362  16 376 263 611 339  62  82 244 633 392 215 321 272 479 406 299 462
 157 152 615 233 481  15 219 319 587 507 606 261 100  39 332 600 274  23
 432 311  93 425 500 589 399  96 183 301  66 402 331 190 162  52 496 298
 309 305 550 388   1 382 603 610 522 584 181   4 246 454 621 126 124   7
  53 416 306 628 351 552 118 206 619 508 168 448 337  58 563 349 634 546
 616 649 569 336 128 384 626 413  40 369 211 530 483 150 458 202 218 644
 639 163 205 460 288 166 588 487 421 237 177 464 294  18 408 632 477 139
 484 533 258   3 489 410 275 517 461 308 251 239 199 158 356 503 417 397
 267 259 200 607 119 572 524 360 545 277 270 577 131 543 536 509  51 597
 121 329 506 116 381  41  55  76 324 620 346 510  72 292 648 109 296 564
 499 594 253 441 140  48 446 146  31] - 283104097
Solver: RVND, number of workers: 1
Setting feeder affinity
I am the master. There are 1 mpi processes. (hostname = gpu01)
Roots [<pyDF.nodes.Feeder object at 0x7ffb4e5a7ad0>]
Starting 0
Main loop
I am worker 0
GPU0
set random seed!
Initial: 283104097-[453 562 379  81  77 148 622 245  47 609  10 424 642 539 216 303 429 284
 544 110 612  38 208 217 652 358 468 491 419 565 511 250 231 112  29 234
 641 571 548 167  26  24 534 320 393 354 455 480 434 394 504  70   9 556
  78 243 323 364 403 134 433 210 297 493 191  19 472 385 469  95 334  79
 451 330 123 608  60 170 328 143 540 576 161  61 643 348 156 601  64 265
  75 222  50 252 367 457 627 117 605 443   8 132 497 293 570 269 371 192
 475   6 474 551 400 514 407 144 547 415 313 133 438 501 395 255 476 188
 478 201 583 242 257 531 519 271 254 363 228  88 352  73 322  97 249 310
 207 347  34 193 179 266 405 555 447 107 171 412 318  63 214 164 278 115
   5  17 561 439 586 103  84 262 618 398 495 178  57 512 101  44 599 646
 549 598 635  86  92 422 223  27 444 518 276 355  71 490 428 365  13 575
 426 225 573  45 387 375 502 174 466 185 229 359 175 625 213  80 574 137
 409 515 127 590  90  46 209 528 372 418 327 567 102 147 374 290 377  21
 373  32 316 535 636 195 289  74 513 335 108 595 304 414 232 435 227  36
 391 655  59   2 111 631 485  89  54 553 559 653 113 427 596 488   0 159
 212  67 640 370 350 314 386  91  30  68 624  98 357 189 442 353 492 445
 291 280  83 440 521 486 333 566 135 463 285 516 366 122 165 582  37 498
 287 236 613 623 529 247 396 340 226 300 654 342 645 647 470 525 578 368
 650 541 637 591 197 317 459 523 282 568 184 593 238 155 326 283  35 248
  49 154 465 471 585 173 557 198 651 142 430 160 240 295 526  56 449 325
 579 532 494 151 230 114 169 145 378  94 411 196 256 452 423 420 542 187
  14 312  22 630 220 341  99 129 527 307  42 235 264 629 338  65 343 361
 431 315 592 125 520 260 344 138 467 437 172 241 104 194 554 153 203 204
  12 268 182  69 136 105  87 656 176 224 279 149 273 436 602  33 120  20
 450 581 614  85 456 560 401 473  11 380 604 389 106 130 505 482 345 221
 302 638 186  25 141 538 617 404 383 180 390 281 286 580 558  43 537  28
 362  16 376 263 611 339  62  82 244 633 392 215 321 272 479 406 299 462
 157 152 615 233 481  15 219 319 587 507 606 261 100  39 332 600 274  23
 432 311  93 425 500 589 399  96 183 301  66 402 331 190 162  52 496 298
 309 305 550 388   1 382 603 610 522 584 181   4 246 454 621 126 124   7
  53 416 306 628 351 552 118 206 619 508 168 448 337  58 563 349 634 546
 616 649 569 336 128 384 626 413  40 369 211 530 483 150 458 202 218 644
 639 163 205 460 288 166 588 487 421 237 177 464 294  18 408 632 477 139
 484 533 258   3 489 410 275 517 461 308 251 239 199 158 356 503 417 397
 267 259 200 607 119 572 524 360 545 277 270 577 131 543 536 509  51 597
 121 329 506 116 381  41  55  76 324 620 346 510  72 292 648 109 296 564
 499 594 253 441 140  48 446 146  31]
Final time: 8.85387611389s - Best: 14389630-[453 458 464 466 468  43  38  42  46  37  34 469 463 462 442 449 448 450
 452 451 454 461 465 470  51  47  61  66  71  80 105 121 112 122 106 111
 107 100  96  94  89  83  76  67 483 472 482 491 494 497 496 498 504 502
 499 493 488 487 490 486 485 480 481 484 489 492 495 500 501 503 507 126
 135 125 506 505 124 127 109  95  87  88 108 123 134 144 145 175 211 233
 244 256 274 283 286 314 315 329 338 344 353 367 382 411 417 429 434 433
 412 407 403 394 385 378 396 395 402 406 413 425 419 410 424 431 423 414
 405 401 386 377 365 369 387 349 348 364 370 388 397 422 421 415 404 400
 389 398 391 372 361 347 341 345 335 340 323 324 303 299 293 288 264 263
 271 261 253 239 230 220 206 196 190 164 162 172 178 185 191 195 197 198
 199 187 181 180 186 168 155 140 132 101 116 128 130 137 142 129 138 131
 117   6  78  79  64  60  53  68  73  77  84  74  63  45  44  41  39  36
  35  33  32   7   9   8  10  11  12  24  21  14  15  20  16  17  13  18
  19 444 445 447 446 443 441 440  23  25  26  27  30  29  40  50  49  54
  65  72  69  59  57  52  48  55  86  92  99 120 139 148 161 170 169 171
 204 225 236 248 254 275 287 292 308 309 321 325 294 260 251 247 252 268
 276 270 250 242 226 224 228 243 255 259 284 304 305 312 318 311 327 333
 351 357 368 374 376 379 384 366 359 363 352 362 375 380 383 381 360 355
 337 356 408 622 620 618 617 616 615 613 610 607 606 605 601 600 598 279
 592 306 331 330 354 343 336 319 301 285 278 281 295 302 296 297 280 266
 258 273 265 245 222 216 212 205 203 189 159 510 511 559 556 551 543 549
 550 548 547 546 545 544 542 541 540 539 538 537 536 639 638 640 641 637
 636 634 635 633 632 631 630 629 628 552 553 558 554 555 557 566 565 563
 560 564 561 562 568 569 571 573 577 576 583 584 585 588 587 590 593 599
 603 604 609 594 602 597 596 591 595 589 586 581 257 246 229 580 213 202
 201 200 194 183 173 182 174 193 160 136 133 508 509 528 512 513 516 517
 518 514 515 478 477 476 475 457 456 473 455 459 460 467  56  62  75  81
  58  70  90 104 113 119 103  85 118 114 102  91  97  98  93 115 165 157
 147 149 154 177 184 179 166 158 150 143 153 151 167 207 208 214 219 227
 221 241 232 215 240 234 217 209 218 210 231 235 238 262 289 290 298 307
 322 317 346 334 342 326 320 300 310 350 373 358 339 328 313 332 316 282
 267 272 291 277 249 223 192 188 176 146 110  82 471 479 474 520 519 521
 527 526 525 522 524 530 533 523 529 531 532 535 534 642 643 644 646 645
 647 648 649 650 651 652 653 627 654 655 656 579 575 626 572 574 578 582
 608 612 611 614 621 623 619 625 624 427 426 393 418 428 392 432 435 430
 436 439 437 438 420 409 416 390 399 371 269 237 163 156 141   5   4   3
   2   1  28  22  31 152 567 570   0]
Value - initial: 283104097, final: 14389630, improveup: 19.6741748745

data-line;i;283104097;f;14389630;t;8.85387611389;c;-2;fv;[14389630L];cv;-1;imp;19.6741748745;type;rvnd;inum;5;w;1

time;8.85387611389;man_time;0;neigh_time;0
man_time;0;man_merge_sol;0;man_best_sol;0;man_combine_sol;0

Waiting [0]
Terminating workers True 0 0
MPI TERMINATING
