pydf_home: /home/rodolfo/git/Sucuri
simple_pycuda_home: /home/rodolfo/git/simple-pycuda
wamca2016path: /home/rodolfo/git/wamca2016/
localpath: /home/rodolfo/git/dvnd-df/code/dvnd-df/src/
WAMCAPATH:/home/rodolfo/git/wamca2016/
param: {solution_index:3, solution_instance_index:56, multi_gpu:True, goal:False, problem_name:ml, number_of_moves:10, device_count:2, solver:rvnd, mpi_enabled:True, workers:1}
Using already created file:  wamca2016lib.so
Size: 318 - file name: 04_lin318.tsp

Value - initial: 90535003-[ 61  17 160  29 227 140  22  50 233 142  94  79 212 159 308 174  35 268
 165 234 216  10 136   8   4 243 239 284 314 244 299  88  53 109   0 133
 148 218 173 172  71 305   7  80 283 162 297 215  45  48 289 265 147  56
 108 124  67  63 200 180 102 103 118 225 163 141 205 255 245 222  44 115
  75 119 128  82 288 185 310 249  31 285  60 177 105 294 300 270 107 281
 169 123 153 179 149 247  49 240 312  51 186  20  15 168 126  77 223 238
 262 306 194 267 121  74 150  81 120  95 292  19   6 221 272 151 143 187
 156 273 208 132 175 257  91 196 116 144 155  47  59 280 176  55  54 250
  46 122  84  72 302 251 152  66 219 104 264   1 170 188  76 309 167 192
  78 202 311  96 295 112 230  87 277  37 158 269 220  32 253 166  27  58
  38  70 228  89 291  25 278 193 301  28 129 199 183 111 229 259  86 276
  33 195 260  11 191 231  69 190 256 100 271  97 154 316  16 204 236  36
 242 213 101 263 146 254  42  34  43 303 203 145 258 171 237 315 210  12
   2 209  23 134 139 252 181 201 287 110 114  39  14 184 211  83 207 164
 275 206 113 317 106 198 157   3 217  90  52 224 189  73  24  21  92 293
 282 274 232 137 235  40 307 138 182  62 127 130 197 248  26  41 246 296
 125  30  18  13 290 261  65 131 226   9  93 178  68  99 313 161 135 279
 304 241 266  64  85  98 298 214  57   5 117 286] - 90535003
Solver: RVND, number of workers: 1
Setting feeder affinity
I am the master. There are 1 mpi processes. (hostname = gpu01)
Roots [<pyDF.nodes.Feeder object at 0x7fb23a386ad0>]
Starting 0
Main loop
I am worker 0
GPU0
set random seed!
Initial: 90535003-[ 61  17 160  29 227 140  22  50 233 142  94  79 212 159 308 174  35 268
 165 234 216  10 136   8   4 243 239 284 314 244 299  88  53 109   0 133
 148 218 173 172  71 305   7  80 283 162 297 215  45  48 289 265 147  56
 108 124  67  63 200 180 102 103 118 225 163 141 205 255 245 222  44 115
  75 119 128  82 288 185 310 249  31 285  60 177 105 294 300 270 107 281
 169 123 153 179 149 247  49 240 312  51 186  20  15 168 126  77 223 238
 262 306 194 267 121  74 150  81 120  95 292  19   6 221 272 151 143 187
 156 273 208 132 175 257  91 196 116 144 155  47  59 280 176  55  54 250
  46 122  84  72 302 251 152  66 219 104 264   1 170 188  76 309 167 192
  78 202 311  96 295 112 230  87 277  37 158 269 220  32 253 166  27  58
  38  70 228  89 291  25 278 193 301  28 129 199 183 111 229 259  86 276
  33 195 260  11 191 231  69 190 256 100 271  97 154 316  16 204 236  36
 242 213 101 263 146 254  42  34  43 303 203 145 258 171 237 315 210  12
   2 209  23 134 139 252 181 201 287 110 114  39  14 184 211  83 207 164
 275 206 113 317 106 198 157   3 217  90  52 224 189  73  24  21  92 293
 282 274 232 137 235  40 307 138 182  62 127 130 197 248  26  41 246 296
 125  30  18  13 290 261  65 131 226   9  93 178  68  99 313 161 135 279
 304 241 266  64  85  98 298 214  57   5 117 286]
Final time: 6.16475987434s - Best: 6447926-[ 61  56  53  50  46  43 103  31  30  29  28  21  20  14 102  19  22  27
  26  23  18  15  17  24  25  35  36  41  40  42  45  51  52  57  62  65
  64 171 172 175 182 186 187 189 188 183 181 176 177 180 184 185 179 178
 173 174 170 169 280 277 276 281 286 288 282 285 289 290 284 283 278 279
 272 271 266 263 260 256 253 313 242 237 232 229 312 230 231 238 239 240
 241 249 258 254 257 259 264 265 268 164 165 167 166 162 157 156 150 147
 146 145 148 151 155 158 161 160 159 154 152 149 153 144  37  38  34  33
 136 135 134 133 126 125 119 207 124 127 132 123 128 131 130 129 122 120
 121 112 113 109 108 210 211 215 216 219 220 224 221 228 233 236 225 226
 227 234 235 245 246 244 243 247 248 251 250 252 255 261 262 267 314 273
 287 291 292 293 294 191 192 300 301 305 306 310 311 204 198 199 203 202
 194 193 190 168 209 163  59  60  69  68  73  74  80  79  75  72  78  76
  71  66  67  70  77  81  82  83  84  90  91  95  96 100 101  92  97  98
  94  93  99 206 205 201 200 196 195  86  87  89  88  85  63 104  58  55
  54  49  47  44  48 316 315  39  32  16  13  12   4   3 105 106 110 111
 114 115 116 137 140 141 143 142 139 138 118 117 212 217 218 214 213 222
 223 317 269 270 274 275 296 297 303 304 309 308 307 299 298 302 295 208
   8   7   2   0   1   5   6   9  10  11 107 197]
Value - initial: 90535003, final: 6447926, improveup: 14.0409494464

data-line;i;90535003;f;6447926;t;6.16475987434;c;-2;fv;[6447926L];cv;-1;imp;14.0409494464;type;rvnd;inum;3;w;1

time;6.16475987434;man_time;0;neigh_time;0
man_time;0;man_merge_sol;0;man_best_sol;0;man_combine_sol;0

Waiting [0]
Terminating workers True 0 0
MPI TERMINATING
