pydf_home: /home/rodolfo/git/Sucuri
simple_pycuda_home: /home/rodolfo/git/simple-pycuda
wamca2016path: /home/rodolfo/git/wamca2016/
localpath: /home/rodolfo/git/dvnd-df/code/dvnd-df/src/
WAMCAPATH:/home/rodolfo/git/wamca2016/
param: {solution_index:6, solution_instance_index:77, multi_gpu:True, goal:False, problem_name:ml, number_of_moves:10, device_count:2, solver:rvnd, mpi_enabled:True, workers:1}
Using already created file:  wamca2016lib.so
Size: 783 - file name: 07_rat784.tsp

Value - initial: 71877619-[725 476 692 555 606  54 322 170 621 409 227 181  42 296 734 457 180 377
  68 748 106 413 408 668 308 687  71 722 215 359 203  16 138 752 244 607
 462 154 141  28 706 383  19 101 508 475 627 482 327 261 596 103 448   6
 416  83 667 214 554 608 698 527 736 564 533  74 684 739 660 283 391  76
 550 737 234   3 231 766 266 666 311 709 387 561  99 711 529 777 333 446
 187 443  22 373 189 768  15 100 396 726 451 575 743 384 609 547 430 362
 701   5 338 601 249 208 128 289 699 178 691 404 634 115 130 540 569  11
 454 173 677 340 626  63 441 486 237 372 653 336 452 589 742 466 623 652
 565 245 633 690 314 412 571 124 410 646 392 498 105 484 255 397 298 304
 236 464 603 587  86  38 393 354 522 175 320 331 543 438 201 399 164 738
 761 277 292 146 345 470 641 400 341  70 423 538 165 647 375 640 411   8
 489 114  24 779 238 548 346 224 276 769 310 131 240 780 618 136  50 716
 494 370 160 230 637 211 631 405 583 153 776 251 517 467 688 117 139  55
 501  66  95 273 357 152 150  64  44 588 656 696 741 184 294 492  49 579
 135 221 724 495 111 673 490 324 463 321 425 597 590 264 566 516 335 728
  31 361 782 622 689 771 772 127 108 643 675 502 700 562 275 523 199 369
 613 216 439 262 493 434 479 159 379 193 730 402 525 256  58 204 168 545
 284 140 378  93   9 297 263 192  51 714  97 619  59 552 717 602 123 337
 511 223 591 428 325 295 556 293 531 151 595 239 659 593 478 444 148 740
 371   7 586  92 403 319 753 290 422 363 570  56 121 563  79 645 388 735
 612 147 232 510 351 188 271 584 598 186 520  47 222 435 429 638 485 500
 628 358 541 751   1 686 778 442 530 720 299 513 380 553 663 288 352 676
 518 503 247  53 546 616 729 472 395 455 118 269  94  41 551 534 417 143
 185 427 385 635 125 458 166 559 306 355 440 750 398 620  85 171 710 723
 681 132 389 624 228 229 133 206 644  73 270 353  96 536 268 120  81 450
 712 394 630 605 182 765 197 664 642 528 773 774 210 611 708 350 497 705
 535 163 212  40 414 356 243 746 195 431 465 190 648  39 421 279 248  25
 483 291 504 161 172 744 727   0 109 368  67  82 456 749  89  21 267 329
   4 532 695 625 610 578 697  52  84 557 158 415 477 191 474  35 639 487
 303 549 524 179 671 702 713 241 129 568 764 719 110 177 678 433 542 682
  34 707 758 226 242 280 281 582 176 617  46 760 594  88 469 107 343 496
 254 539 654 213 491 599 419 376 287  14 514 580 426 471  12 318 655 246
 366 762 144 174 305  18 567 347  91 265 683 382 257  29 731 670 126 512
 207 149  26 219  90 505 342 560 312  45  80 406 447 155 658 260  32 577
  57 615 669 650 544 537 309 202 420 445 104 374 278 401 258 672  87 573
 481 122 685 665  78 119 217 437 365 332 102 576 200  98 767 614   2 480
 145 344 194 424 755 367 515 307 360 220 558 272 253 574 198 330  20 169
  37 453  10 747 326 116  69 715 252  30 432 581 137 757 436 196 142 316
 632 519 770 703  23 693 449 754 680  75 300 473 775 704 585 592 315 526
 317 407 381 781 521 286  60 721 509 629 156 386  61 390 745 733  27 662
 157 113 339 167 756 218 499 134 649 285 636 507  62 225 506 679 183 488
 600 274 259 732 235 718 348 604 302  33 112 349 205 334 694 461 657 468
  77  36 572  48 301  13 661  43 651 328  65 459 460  72 250 162 674 364
 759 233 209  17 763 313 323 418 282] - 71877619
Solver: RVND, number of workers: 1
Setting feeder affinity
I am the master. There are 1 mpi processes. (hostname = gpu01)
Roots [<pyDF.nodes.Feeder object at 0x7f651d466ad0>]
Starting 0
Main loop
I am worker 0
GPU0
set random seed!
Initial: 71877619-[725 476 692 555 606  54 322 170 621 409 227 181  42 296 734 457 180 377
  68 748 106 413 408 668 308 687  71 722 215 359 203  16 138 752 244 607
 462 154 141  28 706 383  19 101 508 475 627 482 327 261 596 103 448   6
 416  83 667 214 554 608 698 527 736 564 533  74 684 739 660 283 391  76
 550 737 234   3 231 766 266 666 311 709 387 561  99 711 529 777 333 446
 187 443  22 373 189 768  15 100 396 726 451 575 743 384 609 547 430 362
 701   5 338 601 249 208 128 289 699 178 691 404 634 115 130 540 569  11
 454 173 677 340 626  63 441 486 237 372 653 336 452 589 742 466 623 652
 565 245 633 690 314 412 571 124 410 646 392 498 105 484 255 397 298 304
 236 464 603 587  86  38 393 354 522 175 320 331 543 438 201 399 164 738
 761 277 292 146 345 470 641 400 341  70 423 538 165 647 375 640 411   8
 489 114  24 779 238 548 346 224 276 769 310 131 240 780 618 136  50 716
 494 370 160 230 637 211 631 405 583 153 776 251 517 467 688 117 139  55
 501  66  95 273 357 152 150  64  44 588 656 696 741 184 294 492  49 579
 135 221 724 495 111 673 490 324 463 321 425 597 590 264 566 516 335 728
  31 361 782 622 689 771 772 127 108 643 675 502 700 562 275 523 199 369
 613 216 439 262 493 434 479 159 379 193 730 402 525 256  58 204 168 545
 284 140 378  93   9 297 263 192  51 714  97 619  59 552 717 602 123 337
 511 223 591 428 325 295 556 293 531 151 595 239 659 593 478 444 148 740
 371   7 586  92 403 319 753 290 422 363 570  56 121 563  79 645 388 735
 612 147 232 510 351 188 271 584 598 186 520  47 222 435 429 638 485 500
 628 358 541 751   1 686 778 442 530 720 299 513 380 553 663 288 352 676
 518 503 247  53 546 616 729 472 395 455 118 269  94  41 551 534 417 143
 185 427 385 635 125 458 166 559 306 355 440 750 398 620  85 171 710 723
 681 132 389 624 228 229 133 206 644  73 270 353  96 536 268 120  81 450
 712 394 630 605 182 765 197 664 642 528 773 774 210 611 708 350 497 705
 535 163 212  40 414 356 243 746 195 431 465 190 648  39 421 279 248  25
 483 291 504 161 172 744 727   0 109 368  67  82 456 749  89  21 267 329
   4 532 695 625 610 578 697  52  84 557 158 415 477 191 474  35 639 487
 303 549 524 179 671 702 713 241 129 568 764 719 110 177 678 433 542 682
  34 707 758 226 242 280 281 582 176 617  46 760 594  88 469 107 343 496
 254 539 654 213 491 599 419 376 287  14 514 580 426 471  12 318 655 246
 366 762 144 174 305  18 567 347  91 265 683 382 257  29 731 670 126 512
 207 149  26 219  90 505 342 560 312  45  80 406 447 155 658 260  32 577
  57 615 669 650 544 537 309 202 420 445 104 374 278 401 258 672  87 573
 481 122 685 665  78 119 217 437 365 332 102 576 200  98 767 614   2 480
 145 344 194 424 755 367 515 307 360 220 558 272 253 574 198 330  20 169
  37 453  10 747 326 116  69 715 252  30 432 581 137 757 436 196 142 316
 632 519 770 703  23 693 449 754 680  75 300 473 775 704 585 592 315 526
 317 407 381 781 521 286  60 721 509 629 156 386  61 390 745 733  27 662
 157 113 339 167 756 218 499 134 649 285 636 507  62 225 506 679 183 488
 600 274 259 732 235 718 348 604 302  33 112 349 205 334 694 461 657 468
  77  36 572  48 301  13 661  43 651 328  65 459 460  72 250 162 674 364
 759 233 209  17 763 313 323 418 282]
Final time: 14.0678019524s - Best: 3378201-[725 739 747 765 773 772 776 778 767 758 756 757 742 738 731 705 684 678
 670 677 687 708 704 717 734 735 744 759 764 771 760 746 733 737 724 703
 696 682 671 664 658 651 647 644 654 659 679 689 674 680 690 691 697 712
 706 683 668 665 660 656 648 627 620 621 608 602 586 590 583 599 600 613
 632 630 638 617 609 588 570 574 557 564 569 576 555 563 562 565 577 587
 598 612 618 640 643 633 626 611 597 596 578 561 553 550 533 529 505 516
 511 507 517 518 512 514 499 490 482 476 472 459 448 423 429 425 432 421
 404 391 388 396 406 400 389 386 381 365 370 364 375 376 369 346 349 331
 345 352 338 322 324 305 290 292 306 299 289 280 291 302 294 310 325 317
 311 300 309 307 287 282 262 259 243 228 227 220 225 212 200 182 187 196
 190 188 202 219 240 251 244 260 278 283 297 308 323 333 348 360 387 384
 367 372 382 399 401 413 414 402 411 397 395 398 412 403 405 393 373 368
 378 377 361 341 330 340 328 313 303 295 296 284 279 264 263 246 222 213
 217 198 193 180 176 169 167 147 141 148 134 133 121 113 108 105 100  78
  83  86  74  65  42  37  12  10   3  33  27  23  43  54  59  77  89  90
 103 112 118 144 130 131 140 129 128 143 123 120 125 117  98  84  70  58
  60  67  85  81  71  91 102  92  68  50  41  31  25  26  20  15  13  21
  34  30  35  19   7  29  18   4   2   9   8  32  57  52  46  64  82  93
 106 110 135 150 155 161 160 151 142 136 132 115 111  94  88  73  76 101
 104 107 127 139 137 149 164 163 156 168 162 175 178 197 199 216 205 211
 210 208 218 224 232 231 239 223 207 201 203 186 183 195 194 204 185 179
 171 184 214 215 234 241 235 238 245 254 229 230 247 248 255 266 285 273
 272 277 275 276 288 304 312 301 293 316 318 326 334 357 343 355 358 342
 351 362 383 394 422 428 435 444 451 452 457 465 484 483 481 510 525 532
 547 559 575 567 579 593 585 568 560 538 530 539 546 556 551 528 534 535
 540 541 520 504 506 500 466 456 438 430 407 408 409 418 416 410 417 433
 436 447 440 434 468 469 463 475 493 495 496 486 488 492 513 519 536 543
 527 524 508 501 497 509 502 478 480 470 477 467 487 474 464 449 439 446
 453 450 426 420 427 441 460 461 489 503 515 522 537 549 545 548 544 531
 566 581 591 594 607 582 584 601 619 622 624 634 642 646 669 662 655 657
 676 681 686 693 702 695 714 716 713 710 711 728 743 752 766 770 774 782
 781 750 727 723 715 707 701 675 673 667 666 663 672 692 688 709 699 700
 726 730 729 722 745 740 741 751 755 763 780 779 769 762 749 748 761 754
 753 736 732 718 719 720 698 694 685 650 645 652 653 661 649 641 631 628
 614 636 615 605 592 603 580 572 571 558 552 542 526 521 523 479 473 458
 445 431 415 380 385 379 374 359 353 350 347 339 337 281 286 274 261 256
 236 250 252 268 249 258 257 267 242 226 221 174 152 159 154 146 138 145
 124 116 122 114 109  87  96  99  79  69  80  66  45  40  36  44  56  51
  48  55  24  14   0  16  22   1   6  17  11  28  38  62  75  97  47  63
  49  61  53 153 158 166 157 165 173 177 191 206 271 270 319 336 363 335
 329 321 320 332 344 371 390 392 419 455 494 491 485 462 454 437 442 424
 471 498 595 623 639 637 625 610 589 616 606 635 629 604 573 554 443 366
 356 354 314 253 237 233 192 170  39   5  72  95 172 209 181 189 119 126
 265 269 327 298 315 721 768 777 775]
Value - initial: 71877619, final: 3378201, improveup: 21.276892346

data-line;i;71877619;f;3378201;t;14.0678019524;c;-2;fv;[3378201L];cv;-1;imp;21.276892346;type;rvnd;inum;6;w;1

time;14.0678019524;man_time;0;neigh_time;0
man_time;0;man_merge_sol;0;man_best_sol;0;man_combine_sol;0

Waiting [0]
Terminating workers True 0 0
MPI TERMINATING
