pydf_home: /home/rodolfo/git/Sucuri
simple_pycuda_home: /home/rodolfo/git/simple-pycuda
wamca2016path: /home/rodolfo/git/wamca2016/
localpath: /home/rodolfo/git/dvnd-df/code/dvnd-df/src/
WAMCAPATH:/home/rodolfo/git/wamca2016/
param: {solution_index:2, solution_instance_index:67, multi_gpu:True, goal:False, problem_name:ml, number_of_moves:10, device_count:2, solver:rvnd, mpi_enabled:True, workers:1}
Using already created file:  wamca2016lib.so
Size: 226 - file name: 03_pr226.tsp

Value - initial: 185845975-[113  49  91 188 156 167 212  53  22  74  83   1 161 119  42 137  65  14
  44 168 129 198 217 202 196 172  25  60 183   3 134  90  28 195  86 104
 223  34 155 176 123  82 178 141  48  39 148 210 180  92 215  70 206 130
 135 219  26 169  43 103 100  55 165 201 147 127  30 112 162  81 133  88
 181 160 184 186  19 170  51 193 146 150  17 110  76 126  46 216 143   2
 114  95  57 222  75 220 211  52 152  10 101  68  58 203 121  93 171  23
  12  11  37  54 115  40  61 166  87  80  36 151  29  96 154 158  89 185
 159 131 117   9  45  79  78  21  97 175 197  84 109 208  33 187 106  15
 144  32  31  98 120 179 157  72   5  67 218 132  13 118 108 189 174  66
 207   7 213 177 192  62  56 205  63 221  69 164 128   6   0 225 140 124
 199 111  77 142 102  94  71 145  18 116 163  27  38 209  20 224  59  64
 200  16  41 182   8 153  47 107 191   4  50 190 136 173 105 125 204 194
 138  35 122  85 139 214  99  24  73 149] - 185845975
Solver: RVND, number of workers: 1
Setting feeder affinity
I am the master. There are 1 mpi processes. (hostname = gpu01)
Roots [<pyDF.nodes.Feeder object at 0x7fa33b584ad0>]
Starting 0
Main loop
I am worker 0
GPU0
set random seed!
Initial: 185845975-[113  49  91 188 156 167 212  53  22  74  83   1 161 119  42 137  65  14
  44 168 129 198 217 202 196 172  25  60 183   3 134  90  28 195  86 104
 223  34 155 176 123  82 178 141  48  39 148 210 180  92 215  70 206 130
 135 219  26 169  43 103 100  55 165 201 147 127  30 112 162  81 133  88
 181 160 184 186  19 170  51 193 146 150  17 110  76 126  46 216 143   2
 114  95  57 222  75 220 211  52 152  10 101  68  58 203 121  93 171  23
  12  11  37  54 115  40  61 166  87  80  36 151  29  96 154 158  89 185
 159 131 117   9  45  79  78  21  97 175 197  84 109 208  33 187 106  15
 144  32  31  98 120 179 157  72   5  67 218 132  13 118 108 189 174  66
 207   7 213 177 192  62  56 205  63 221  69 164 128   6   0 225 140 124
 199 111  77 142 102  94  71 145  18 116 163  27  38 209  20 224  59  64
 200  16  41 182   8 153  47 107 191   4  50 190 136 173 105 125 204 194
 138  35 122  85 139 214  99  24  73 149]
Final time: 3.21560001373s - Best: 6450084-[113 112 111 110 102 104 103 105 106 114 115 107 108 116 117 109 125 118
 119 127 126 120 121 128 130 122 123 129 131 124 225 224 223 222 221 220
 219 218 217 216 215 214 213 212 211 210 209 208 207 206 205 204 203 202
 201 200 199 198 197 196 195 194 193 192 191 190 189 188 187 186 185 184
 183 182 181 180 179 178 177 176 175 174 173 172 171 170 169 168 167 166
 165 164 163 162 161 160 159 158 157 156 155 154 149 142 141 147 148 140
 139 146 144 138 137 145 143 136 101  93  92 100  99  91  90  98  97  89
  87  96  95  88  86  94  46  45  44  43  36  35  34  33  29  28  30  31
  32  47  27  26  25  24  23  22  21  49  50  51  52  53  54  55  56  57
  58  59  60  61  62  63  65  69  68  67  15  14  13   9   8  10  11  12
   7   6   5   4   3   2   1   0  72  73  74  75  76  77  78  79  80  81
  82  83  84  85  71  70  66  16  17  18  64  19  20  48  42  41  37  38
  39  40 153 152 151 150 135 134 132 133]
Value - initial: 185845975, final: 6450084, improveup: 28.8129542189

data-line;i;185845975;f;6450084;t;3.21560001373;c;-2;fv;[6450084L];cv;-1;imp;28.8129542189;type;rvnd;inum;2;w;1

time;3.21560001373;man_time;0;neigh_time;0
man_time;0;man_merge_sol;0;man_best_sol;0;man_combine_sol;0

Waiting [0]
Terminating workers True 0 0
MPI TERMINATING
