pydf_home: /home/rodolfo/git/Sucuri
simple_pycuda_home: /home/rodolfo/git/simple-pycuda
wamca2016path: /home/rodolfo/git/wamca2016/
localpath: /home/rodolfo/git/dvnd-df/code/dvnd-df/src/
WAMCAPATH:/home/rodolfo/git/wamca2016/
param: {solution_index:1, solution_instance_index:61, multi_gpu:True, goal:False, problem_name:ml, number_of_moves:10, device_count:2, solver:rvnd, mpi_enabled:True, workers:1}
Using already created file:  wamca2016lib.so
Size: 100 - file name: 02_kroD100.tsp

Value - initial: 7883117-[58 68 56 21 36 53 15 92 67 49  4 80 50 64 37 18 57 62 94  9 52 99 29 85 44
 87 17 86 24 69 76 33 43 83 98 47 55 40 63 13 89  7 10 45 38  1 46 51 70 78
 61 81 35 79 14 74 41 96 95  6 30 90 88 82 84 93 97 34 39  5 23 26 16 72 59
 31  0 27 73 32 65 66 91  3 12 71 54 60 11 48 25 20 22 19 42 28 77 75  8  2] - 7883117
Solver: RVND, number of workers: 1
Setting feeder affinity
I am the master. There are 1 mpi processes. (hostname = gpu01)
Roots [<pyDF.nodes.Feeder object at 0x7f647454fad0>]
Starting 0
Main loop
I am worker 0
GPU0
set random seed!
Initial: 7883117-[58 68 56 21 36 53 15 92 67 49  4 80 50 64 37 18 57 62 94  9 52 99 29 85 44
 87 17 86 24 69 76 33 43 83 98 47 55 40 63 13 89  7 10 45 38  1 46 51 70 78
 61 81 35 79 14 74 41 96 95  6 30 90 88 82 84 93 97 34 39  5 23 26 16 72 59
 31  0 27 73 32 65 66 91  3 12 71 54 60 11 48 25 20 22 19 42 28 77 75  8  2]
Final time: 0.687843084335s - Best: 1076024-[58  5 39 82  4 52 59 61 36 18 50 29 99  1 47 91 86 25 54  8 19 24 17 84 63
 76 53 90 42  3 43 92 70 38 72 83 40 23 26 87 78 12  0 49 33 80 37 65 51  7
 22 41 21 57 28 35 66 74  6 71 56 30 98 77 79 75 68 14 62 15 95 85 64 13 67
 32 81  9 94 55 20 46 27 11 44 60 73 10 89 16 93 31 96 97 48 69 88 45 34  2]
Value - initial: 7883117, final: 1076024, improveup: 7.32615350587

data-line;i;7883117;f;1076024;t;0.687843084335;c;-2;fv;[1076024L];cv;-1;imp;7.32615350587;type;rvnd;inum;1;w;1

time;0.687843084335;man_time;0;neigh_time;0
man_time;0;man_merge_sol;0;man_best_sol;0;man_combine_sol;0

Waiting [0]
Terminating workers True 0 0
MPI TERMINATING
