pydf_home: /home/rodolfo/git/Sucuri
simple_pycuda_home: /home/rodolfo/git/simple-pycuda
wamca2016path: /home/rodolfo/git/wamca2016/
localpath: /home/rodolfo/git/dvnd-df/code/dvnd-df/src/
WAMCAPATH:/home/rodolfo/git/wamca2016/
param: {solution_index:5, solution_instance_index:59, multi_gpu:True, goal:False, problem_name:ml, number_of_moves:10, device_count:2, solver:rvnd, mpi_enabled:True, workers:1}
Using already created file:  wamca2016lib.so
Size: 657 - file name: 06_d657.tsp

Value - initial: 280083422-[443 573 370 219  45 426   2 538 204 462  11 623  86 380 394 141 226 385
 120 121 622   8  76  48 466 605 440 272 184 144 521 449 601   6 379 460
 361 372 315 319 618 215 646 267 151 591 129 378 154  33  28 336 511 172
 240 496 416  89 242 170 432 512 300 175 582 571  44 517 123 539 178 289
 524 157  53 322 534 483 382  14 396 502 185 626 552 367  98 528 590  96
 320  49 225 360 228 381  17 506 193  72  71 116 429 280   7 651 350 585
 276 485 325 265 343 358 115  16 313 642 488 570 441 463  81  31 498 235
 525 383  51  26 269  85 238  54 589 471  35 236 387 294 609 331 477 110
 481 143 614 107 401 197 597 208 375 413 560 108 543 575 562 376 424 113
  36 565 301 501 147 327 212 371 353 198   4 526  57 474 461 246 631 649
 389 549 593  80 266 231 422 295 173 654 260 563 339 149 554 507 522 211
 136 374 293 499 541 569 366 307 148 281 454 393 138 558 187  77 194 557
 124 127 556  29 244 423 304 568 639 537 596 273 431 106 105  34  10 555
 230  90 647 475 308 249 648 604 245 213 282 174 473 444 354 427 177 139
  50 447 152 183 335 489  62 189 135 363  94 495  65 317 284 258 247 616
 112 167 302 578 514 415 362 581 256 579 420 188  46  69 287 390 476 330
 169 146 202 310 251 168 408 257 397 270 323 155 102 162 484 419   9  92
 318 465 252 627 218 450 634 410 409 190 126  66 536 232 205 655 103 161
 297 629 411 644 404  43 433 553 621  47 338 546 290  87 436 263 340 268
  21 439  84 347 196 192 334  58 199 641 332 633 191  22 448 349 505  41
 564  12 364 206 576 321 548 518 438  79 636 398 342 478 572 388 391  20
 261 611  63 392 365 203 527 418 357 486 316 227 494 437 510  78 142 220
 479 624 405  60 326 255 217 277 503 540   3 207 384 359 153 224 262  15
 635 328 480  59 580 125 459 150 652 637 453  52 140 586 104 346 158 298
 210  32 180 620 492 455 516 632  70  97  19 551 233 253 504 160  88 425
 458 303 166 403 275 545 296 341 355 520 271 472 508 584 195 229 650 133
 369 610 417 344 638 513 130 430   5 559  40 201  83 400 274 598 234 468
 542 491 643 222 386  18 608 602 445 535 165  23 156  95 617  30 134  93
  91 145  61 164  67   0 241 329 451  42 603 428 299 111 114 550 333 515
 285 132 351  55 487 337 606 137 171 509 640 656 163 348 214 523 566 324
 352 221 490 237 577 531 373 288 482 421  25 625 497 457 452 588 395  37
 223 574  39 100 464  13 399 311 532 530 615 101 595 254 259 309 264 179
 470 181 119 619 442 248 613 186 402 414  75 446 583 278 216 529 645 599
 592 469 533 630 128 567 547  38 628 291 456 118 561 345   1 131 434 435
 305 407 356 159  74 607 493 122 176  82 519  64 239 209 368 312 467 500
  56 594 109 182 406  27  73 314 200 292 279 306  99 653 377  68 600 250
 243 286 612 283  24 117 412 544 587] - 280083422
Solver: RVND, number of workers: 1
Setting feeder affinity
I am the master. There are 1 mpi processes. (hostname = gpu01)
Roots [<pyDF.nodes.Feeder object at 0x7fb3b6f4fad0>]
Starting 0
Main loop
I am worker 0
GPU0
set random seed!
Initial: 280083422-[443 573 370 219  45 426   2 538 204 462  11 623  86 380 394 141 226 385
 120 121 622   8  76  48 466 605 440 272 184 144 521 449 601   6 379 460
 361 372 315 319 618 215 646 267 151 591 129 378 154  33  28 336 511 172
 240 496 416  89 242 170 432 512 300 175 582 571  44 517 123 539 178 289
 524 157  53 322 534 483 382  14 396 502 185 626 552 367  98 528 590  96
 320  49 225 360 228 381  17 506 193  72  71 116 429 280   7 651 350 585
 276 485 325 265 343 358 115  16 313 642 488 570 441 463  81  31 498 235
 525 383  51  26 269  85 238  54 589 471  35 236 387 294 609 331 477 110
 481 143 614 107 401 197 597 208 375 413 560 108 543 575 562 376 424 113
  36 565 301 501 147 327 212 371 353 198   4 526  57 474 461 246 631 649
 389 549 593  80 266 231 422 295 173 654 260 563 339 149 554 507 522 211
 136 374 293 499 541 569 366 307 148 281 454 393 138 558 187  77 194 557
 124 127 556  29 244 423 304 568 639 537 596 273 431 106 105  34  10 555
 230  90 647 475 308 249 648 604 245 213 282 174 473 444 354 427 177 139
  50 447 152 183 335 489  62 189 135 363  94 495  65 317 284 258 247 616
 112 167 302 578 514 415 362 581 256 579 420 188  46  69 287 390 476 330
 169 146 202 310 251 168 408 257 397 270 323 155 102 162 484 419   9  92
 318 465 252 627 218 450 634 410 409 190 126  66 536 232 205 655 103 161
 297 629 411 644 404  43 433 553 621  47 338 546 290  87 436 263 340 268
  21 439  84 347 196 192 334  58 199 641 332 633 191  22 448 349 505  41
 564  12 364 206 576 321 548 518 438  79 636 398 342 478 572 388 391  20
 261 611  63 392 365 203 527 418 357 486 316 227 494 437 510  78 142 220
 479 624 405  60 326 255 217 277 503 540   3 207 384 359 153 224 262  15
 635 328 480  59 580 125 459 150 652 637 453  52 140 586 104 346 158 298
 210  32 180 620 492 455 516 632  70  97  19 551 233 253 504 160  88 425
 458 303 166 403 275 545 296 341 355 520 271 472 508 584 195 229 650 133
 369 610 417 344 638 513 130 430   5 559  40 201  83 400 274 598 234 468
 542 491 643 222 386  18 608 602 445 535 165  23 156  95 617  30 134  93
  91 145  61 164  67   0 241 329 451  42 603 428 299 111 114 550 333 515
 285 132 351  55 487 337 606 137 171 509 640 656 163 348 214 523 566 324
 352 221 490 237 577 531 373 288 482 421  25 625 497 457 452 588 395  37
 223 574  39 100 464  13 399 311 532 530 615 101 595 254 259 309 264 179
 470 181 119 619 442 248 613 186 402 414  75 446 583 278 216 529 645 599
 592 469 533 630 128 567 547  38 628 291 456 118 561 345   1 131 434 435
 305 407 356 159  74 607 493 122 176  82 519  64 239 209 368 312 467 500
  56 594 109 182 406  27  73 314 200 292 279 306  99 653 377  68 600 250
 243 286 612 283  24 117 412 544 587]
Final time: 12.0039811134s - Best: 14149676-[443 441 440  23  25  26  27  30  31 469  34  37  46  42  38  43  47  51
  62  56  67  76  83  88  87  95 497 494 496 498 490 486 485 480 481 487
 488 484 514 515 518 517 516 513 512 489 492 495 500 501 503 502 499 504
 126 135 125 506 505 124 127 145 144 109 108  94  89  82  96 100 107 111
 106 122 112 121 105 104 120  99  92  86  90  70  80  71  66  61  58  55
  48  52  57  59  69  72  65  50  54  49  44  45  35  32  33  36  39  41
  63  68  73  77  84  74  91  97  98  93 101 116 128 129 130 137 142 162
 164 172 178 185 195 197 199 198 191 186 180 181 168 155 140 132 115 102
 114 118 103 119 113 139 148 169 171 170 161 147 149 154 177 179 184 208
 214 219 227 247 251 268 276 270 250 242 226 224 228 243 255 259 284 291
 277 272 274 283 286 314 315 329 332 338 344 353 362 367 382 392 384 379
 376 374 368 366 359 363 352 328 339 333 318 312 305 304 327 311 300 310
 320 326 350 369 365 377 386 432 423 431 414 405 401 373 358 351 357 378
 385 395 396 410 419 424 425 413 406 402 394 403 407 412 433 434 429 417
 411 428 418 380 375 383 381 360 355 354 343 330 319 302 295 301 281 278
 265 273 258 266 592 279 598 600 607 610 606 605 601 595 591 596 597 594
 609 604 603 599 590 587 588 585 579 575 572 571 569 568 562 561 564 560
 563 565 566 557 555 551 543 549 550 554 558 553 548 547 546 545 544 542
 541 540 539 538 537 536 534 535 532 531 529 523 533 530 524 522 525 526
 527 521 520 519 477 478 479 476 475 457 456 473 455 459 460 467 465 461
 454 451 452 450 448 449 453 458 464 468 466 462 463 442 446 447 445 444
  22  19  18  13  17  16  20  15  14  21  24  12  11  10   8   9   7  53
  60  64  79  78   6   5 117 131 138 156 163 190 196 206 220 230 239 253
 261 271 263 264 303 299 293 288 275 287 292 308 309 321 325 349 387 430
 435 436 422 421 415 404 400 398 389 397 388 370 364 348 342 334 324 323
 346 340 335 345 361 372 391 409 420 437 438 416 390 371 347 341 322 317
 307 298 290 262 289 269 237 231 235 238 234 218 209 217 240 225 236 248
 254 232 241 260 252 207 192 188 176 167 153 166 158 150 143 151 146 134
 123 110  81  75 483 471 472 482 491 493 507 133 136 160 174 193 211 233
 244 256 267 282 285 245 222 216 203 205 212 213 580 229 246 257 280 296
 297 306 331 356 337 613 615 616 617 618 620 622 408 427 624 619 612 611
 602 608 589 586 581 202 201 200 194 183 173 182 189 159 510 511 509 508
 528 559 556 629 630 631 632 633 634 635 639 638 637 636 640 641 642 643
 644 646 645 647 648 652 649 650 651 628 552 567 570 574 578 582 583 584
 576 577 573 626 627 653 654 655 656 593 614 621 623 625 426 393 336 316
 313 249 223 221 215 204 157 165 187 210 141   4   3   2   1  28  29  40
  85 470 474 152 175 294 439 399   0]
Value - initial: 280083422, final: 14149676, improveup: 19.7943346547

data-line;i;280083422;f;14149676;t;12.0039811134;c;-2;fv;[14149676L];cv;-1;imp;19.7943346547;type;rvnd;inum;5;w;1

time;12.0039811134;man_time;0;neigh_time;0
man_time;0;man_merge_sol;0;man_best_sol;0;man_combine_sol;0

Waiting [0]
Terminating workers True 0 0
MPI TERMINATING
