pydf_home: /home/rodolfo/git/Sucuri
simple_pycuda_home: /home/rodolfo/git/simple-pycuda
wamca2016path: /home/rodolfo/git/wamca2016/
localpath: /home/rodolfo/git/dvnd-df/code/dvnd-df/src/
WAMCAPATH:/home/rodolfo/git/wamca2016/
param: {solution_index:2, solution_instance_index:64, multi_gpu:True, goal:False, problem_name:ml, number_of_moves:10, device_count:2, solver:rvnd, mpi_enabled:True, workers:1}
Using already created file:  wamca2016lib.so
Size: 226 - file name: 03_pr226.tsp

Value - initial: 195178259-[ 72  52 153 216  28 196 103 144 169 102 150  90 110  47  10 127  86 212
 172   7  58  39  35 147   2  87 182 137  43 133  27 161 156  62  83  71
  99   1  98  70   9 165 141  45  36 134  95  13 175  31 162 206 116  57
 115  29 166 179 142  93  24 107 214  40 101  64  22  46   3  18 188 105
 224  30 174  65  63 122 111  69 123 183 113 184 120 210  21 114 194 121
 157 151 225 176  88 189  37 129  91 146 132 209  19 213  34  12 201 170
 149 207 181 118  94 204  59  97 200 145  48  56  76 152  81  33 171 192
 205  20  74 124 106 158   5  80 128 167 217 186   0 190 187 131  49  15
 140 178  38  75 185 138  53  77  96 136  82  85 168 125 104  84 100 197
 208  89  32 119 160  55 126   6 211 148 195 164 130  42  26 180  68  61
 221  54 173 143 203  66 154 218 109  17  41 199   4 198 219  16 222 135
  50 139 223 220  25  14 108 193 177  51 163  92  79  67 159 191 202  73
 215  44  23  60 112   8  11 117  78 155] - 195178259
Solver: RVND, number of workers: 1
Setting feeder affinity
I am the master. There are 1 mpi processes. (hostname = gpu01)
Roots [<pyDF.nodes.Feeder object at 0x7f004de1fad0>]
Starting 0
Main loop
I am worker 0
GPU0
set random seed!
Initial: 195178259-[ 72  52 153 216  28 196 103 144 169 102 150  90 110  47  10 127  86 212
 172   7  58  39  35 147   2  87 182 137  43 133  27 161 156  62  83  71
  99   1  98  70   9 165 141  45  36 134  95  13 175  31 162 206 116  57
 115  29 166 179 142  93  24 107 214  40 101  64  22  46   3  18 188 105
 224  30 174  65  63 122 111  69 123 183 113 184 120 210  21 114 194 121
 157 151 225 176  88 189  37 129  91 146 132 209  19 213  34  12 201 170
 149 207 181 118  94 204  59  97 200 145  48  56  76 152  81  33 171 192
 205  20  74 124 106 158   5  80 128 167 217 186   0 190 187 131  49  15
 140 178  38  75 185 138  53  77  96 136  82  85 168 125 104  84 100 197
 208  89  32 119 160  55 126   6 211 148 195 164 130  42  26 180  68  61
 221  54 173 143 203  66 154 218 109  17  41 199   4 198 219  16 222 135
  50 139 223 220  25  14 108 193 177  51 163  92  79  67 159 191 202  73
 215  44  23  60 112   8  11 117  78 155]
Final time: 2.21094107628s - Best: 7189741-[ 72  73  74  75  76  77  78  79  80  81  82  83  84  85 110 102 104 111
 112 103 105 113 114 106 107 115 116 108 109 117 125 118 119 127 126 120
 121 128 130 122 123 129 131 124 225 224 223 222 221 220 219 218 217 216
 215 214 213 212 211 210 209 208 207 206 205 204 203 202 201 200 199 198
 197 196 195 194 193 192 191 190 189 188 187 186 185 184 183 182 181 180
 179 178 177 176 175 174 173 172 171 170 169 168 167 166 165 164 163 162
 161 160 159 158 157 156 155 154 153 152 151 150 145 144 146 148 147 149
 142 141 140 139 138 137 136 143 101  93  92 100  99  91  90  98  97  89
  87  96  95  88  86  94  62  61  60  59  58  57  56  55  54  53  52  51
  50  63  65  69  68  67  70  12  11  10   7   1   2   3   4   5   6   8
   9  13  14  15  16  17  18  19  20  21  22  23  24  25  26  27  28  29
  33  34  35  30  31  32  47  44  43  36  37  38  41  42  46  45  48  49
  64  66  71   0 132 133 134 135  40  39]
Value - initial: 195178259, final: 7189741, improveup: 27.1467719074

data-line;i;195178259;f;7189741;t;2.21094107628;c;-2;fv;[7189741L];cv;-1;imp;27.1467719074;type;rvnd;inum;2;w;1

time;2.21094107628;man_time;0;neigh_time;0
man_time;0;man_merge_sol;0;man_best_sol;0;man_combine_sol;0

Waiting [0]
Terminating workers True 0 0
MPI TERMINATING
