pydf_home: /home/rodolfo/git/Sucuri
simple_pycuda_home: /home/rodolfo/git/simple-pycuda
wamca2016path: /home/rodolfo/git/wamca2016/
localpath: /home/rodolfo/git/dvnd-df/code/dvnd-df/src/
WAMCAPATH:/home/rodolfo/git/wamca2016/
param: {solution_index:4, solution_instance_index:30, multi_gpu:True, goal:False, problem_name:ml, number_of_moves:10, device_count:2, solver:rvnd, mpi_enabled:True, workers:1}
Using already created file:  wamca2016lib.so
Size: 501 - file name: 05_TRP-S500-R1.tsp

Value - initial: 32554518-[443 144  41 463 394 233 199  58 116 406  44 269 487 123 465 368 244 405
  68 159 140 456 109 275 195 311 338 468 392 455 222 130 270  97 188 250
 238 319 258 333  10 307 402 485 113 489  82 499 449 206 367 412 110  28
 378  71   1 220 290  69  52  86 219 178 494 440 329 108 170 490 336 243
 186 393 183  26 103  17 191 382 350  73 436 472 429 119 357 282  80 411
  94 500  57 240 409  33 204 209 430 481 239 437 431 381 274 353 343 214
 285 230 145 234 153 473 135 416 341 415  62 106 396 419 408   5 296 156
 207 221 322 358 304 385 237  53 133 442 497 457  77 284 171 115 211 482
 297 283  61  66 413 398  81  74 100  98 330 248 176 224 146 421 375 362
  32 107 180 470 331 298 308  96 210 175 212  92   6 453 428 168  13 467
   2 276 129 387 155 361 257  31 262 462 216   4 152 247 255 395 172 334
 124 423 483   7 337  25 226  99   8 273 131 320 488 459 246 493 460 305
 196 139 288  38  84 448  54 280 399 324 458 104 201 302 266 181 163 193
 348 303 293 235 236  89 316 427 471 496 424 192 335 151  56 289 202 299
  51  70 383 169 326  12  35 474 325 137 452 420 315 345 261 388 328 314
 454 377 403 121 189 401 277 451  20 469 342 364 208 476 166 165   0 232
 391  45 112  64  43 300 484 203 149 251 360 259 228 480 101 134 218  49
  50 213 164 102  34 161 464  75  19  95 422  91 217 200 321 241  60 486
 105   9 492 365 187 376 366 252 461 281 256 125 426 370 323 306 491 231
 312 410 400   3 479  24 265  39  55 441 444  63  16 167 197 432  83 185
 128 114 111  87 190  18 404 245  79 397 339 177 286 143 372 478 371 194
 173 157 120 346 327 267 154  11 160 434 374 438 271  47  78 287 317 174
 118 349  22 301 418 268 182 278  29 313 253 435 340 344 373 332 384 227
  27  76  65  23  40 380 260  21 466 359 369 351 184 347  14 122 433 229
  15 447 356 126 295 439 425  85 279  37 475  67  59 379 477 205 446 309
 386 249 254 318 352 354 355 263  30 390 215 132 150 407 117 162 198 138
  36 498  90 148  88 310 264  46  72 127  93 223 242 142 414 450 179 445
 225 363 389 291 158 495  48 292 294  42 136 141 272 417 147] - 32554518
Solver: RVND, number of workers: 1
Setting feeder affinity
I am the master. There are 1 mpi processes. (hostname = gpu01)
Roots [<pyDF.nodes.Feeder object at 0x7f9b1e8bead0>]
Starting 0
Main loop
I am worker 0
GPU0
set random seed!
Initial: 32554518-[443 144  41 463 394 233 199  58 116 406  44 269 487 123 465 368 244 405
  68 159 140 456 109 275 195 311 338 468 392 455 222 130 270  97 188 250
 238 319 258 333  10 307 402 485 113 489  82 499 449 206 367 412 110  28
 378  71   1 220 290  69  52  86 219 178 494 440 329 108 170 490 336 243
 186 393 183  26 103  17 191 382 350  73 436 472 429 119 357 282  80 411
  94 500  57 240 409  33 204 209 430 481 239 437 431 381 274 353 343 214
 285 230 145 234 153 473 135 416 341 415  62 106 396 419 408   5 296 156
 207 221 322 358 304 385 237  53 133 442 497 457  77 284 171 115 211 482
 297 283  61  66 413 398  81  74 100  98 330 248 176 224 146 421 375 362
  32 107 180 470 331 298 308  96 210 175 212  92   6 453 428 168  13 467
   2 276 129 387 155 361 257  31 262 462 216   4 152 247 255 395 172 334
 124 423 483   7 337  25 226  99   8 273 131 320 488 459 246 493 460 305
 196 139 288  38  84 448  54 280 399 324 458 104 201 302 266 181 163 193
 348 303 293 235 236  89 316 427 471 496 424 192 335 151  56 289 202 299
  51  70 383 169 326  12  35 474 325 137 452 420 315 345 261 388 328 314
 454 377 403 121 189 401 277 451  20 469 342 364 208 476 166 165   0 232
 391  45 112  64  43 300 484 203 149 251 360 259 228 480 101 134 218  49
  50 213 164 102  34 161 464  75  19  95 422  91 217 200 321 241  60 486
 105   9 492 365 187 376 366 252 461 281 256 125 426 370 323 306 491 231
 312 410 400   3 479  24 265  39  55 441 444  63  16 167 197 432  83 185
 128 114 111  87 190  18 404 245  79 397 339 177 286 143 372 478 371 194
 173 157 120 346 327 267 154  11 160 434 374 438 271  47  78 287 317 174
 118 349  22 301 418 268 182 278  29 313 253 435 340 344 373 332 384 227
  27  76  65  23  40 380 260  21 466 359 369 351 184 347  14 122 433 229
  15 447 356 126 295 439 425  85 279  37 475  67  59 379 477 205 446 309
 386 249 254 318 352 354 355 263  30 390 215 132 150 407 117 162 198 138
  36 498  90 148  88 310 264  46  72 127  93 223 242 142 414 450 179 445
 225 363 389 291 158 495  48 292 294  42 136 141 272 417 147]
Final time: 5.64211916924s - Best: 1961424-[443 340 122 199  51 316 115 471 228 159 197 490 264 220 101  27 491 441
 244 474 446 130  37 289 188 267 476  34 371 456 401 314  24 465 462 442
 424 315 173 323 374 498 397 429 493 461 241 495  56 184 154 287 353 321
 258 106 135 164 360 310 390   8 149 224 282 276 171 444  91 123 413  21
 376 139 272 313 104 278 202 299 292 185  55 309 285 163  42 453 140 251
 349 279 387  70 275  12  89 109 208 380 216 451 233 211 479 460 102  94
 332 386 336 268 395 262 298 245 370 274 227 250 126 205 426 312 161  75
 333  14 484 391 412  79  97 255 190  95 448 485 141 354 207 365 487  90
 187 473 475  25 254 367  57 191 269 407 156 402 294  20 128  54 329 284
 458 449 350 415 338 295 131  92 170  50 168   2 488 377 369 450 311 347
  60 324 162  66 418  64 143 259 125 398 214 483 331  10 497 176 409 318
 378 240 103 132 359 408 427  74 183 180 252 357 406  58 206  40 144   1
  17 114 384 300 480  67 325 496 421 221 345 416 358  82 181 436  38 146
 382 419  88 193 112 142 236   5 356 445 111   7 339  59  83 486  41 469
  32 217  84  80 463  48 113 121 169 464  71 364 174 195 394  76 346 468
 422 437 326 210 352 277 124  35 379  13 194 500 242 234  11 283 400 153
  23 107  53  63 271 150   0  18 452 235 303 344 116 179 373  44 330 301
  19 243  73 417 186 257  46 249 231 375 256 127 482   9 454 145 355 428
 334 151 108 405 147 392 455 435 165 291 432 253 404 157 201 467 430 494
 218 120 322 477 148  49 366  65 440  15  96 138 385 175 410  30 223   4
 178 459 119  36 434 273   3 393 167 117 481 305 351  28 182  45 383 319
  33 136 470 200 335 172 213 286 337 414 341  22 261 118 219 343 433 100
 396  77 209 389  29  47 105  31 110  85 423 399 327 320  61 280 296 489
 229 270 317 478 137 263 297 328 196 372 307 155 466  93  99 290 203 281
  69 265 238 381 457 226 239 129 439 160 403 411 447  16 438   6 248  52
 293 306 237 304 388  68 308  72 212 302 152 215 204 348  78  98 166 222
 342 363 492 133 260 472 225 134 247 425  26 189 499 368  87  81 362  62
 420 266 431 232 246  39 158 198 230 361 192  86  43 288 177]
Value - initial: 32554518, final: 1961424, improveup: 16.5973894477

data-line;i;32554518;f;1961424;t;5.64211916924;c;-2;fv;[1961424L];cv;-1;imp;16.5973894477;type;rvnd;inum;4;w;1

time;5.64211916924;man_time;0;neigh_time;0
man_time;0;man_merge_sol;0;man_best_sol;0;man_combine_sol;0

Waiting [0]
Terminating workers True 0 0
MPI TERMINATING
