pydf_home: /home/rodolfo/git/Sucuri
simple_pycuda_home: /home/rodolfo/git/simple-pycuda
wamca2016path: /home/rodolfo/git/wamca2016/
localpath: /home/rodolfo/git/dvnd-df/code/dvnd-df/src/
WAMCAPATH:/home/rodolfo/git/wamca2016/
param: {solution_index:7, solution_instance_index:43, multi_gpu:True, goal:False, problem_name:ml, number_of_moves:10, device_count:2, solver:rvnd, mpi_enabled:True, workers:1}
Using already created file:  wamca2016lib.so
Size: 1001 - file name: 08_TRP-S1000-R1.tsp

Value - initial: 129287790-[ 79 625 556 ..., 501 794 110] - 129287790
Solver: RVND, number of workers: 1
Setting feeder affinity
I am the master. There are 1 mpi processes. (hostname = gpu01)
Roots [<pyDF.nodes.Feeder object at 0x7f59fa1d5ad0>]
Starting 0
Main loop
I am worker 0
GPU0
set random seed!
Initial: 129287790-[ 79 625 556 ..., 501 794 110]
Final time: 24.548541069s - Best: 5667624-[ 79 759 181 ..., 765 607 518]
Value - initial: 129287790, final: 5667624, improveup: 22.8116385279

data-line;i;129287790;f;5667624;t;24.548541069;c;-2;fv;[5667624L];cv;-1;imp;22.8116385279;type;rvnd;inum;7;w;1

time;24.548541069;man_time;0;neigh_time;0
man_time;0;man_merge_sol;0;man_best_sol;0;man_combine_sol;0

Waiting [0]
Terminating workers True 0 0
MPI TERMINATING
