pydf_home: /home/rodolfo/git/Sucuri
simple_pycuda_home: /home/rodolfo/git/simple-pycuda
wamca2016path: /home/rodolfo/git/wamca2016/
localpath: /home/rodolfo/git/dvnd-df/code/dvnd-df/src/
WAMCAPATH:/home/rodolfo/git/wamca2016/
param: {solution_index:4, solution_instance_index:44, multi_gpu:True, goal:False, problem_name:ml, number_of_moves:10, device_count:2, solver:rvnd, mpi_enabled:True, workers:1}
Using already created file:  wamca2016lib.so
Size: 501 - file name: 05_TRP-S500-R1.tsp

Value - initial: 33791857-[418 500 420 161 126 105 298 244 110 495 396 441 281 404 469 224 293 171
 122 170 479 180  65 498 427 209 386 288  45 174  73  21 419 318 321 372
 367 115 356 246 415  94 363 262  64 358 197 436  79 111  13 276  27 177
 452 272 178 279 412 344 166 216 252  97 442 145 186 117 286 229 324 297
 136 198  33 163 133 270 187 116 250  91  43 206 383   8  95 346 311 408
 463 489 313 218 303 237  67 182 307 347 167 179 148 473  74 124 189 158
 466 389 409 323 100 319 394  55 454 425 112  42  47 242 131 101 239 203
 151 103 445  14   5 141 312 144 392 326 317  54 207 153 215 188 470 162
  57  88 251 370  99 255 443  71 434 422 481 332 369 472 102 140  75  46
 416 306  69  80   7 108 491 435 175  18 310 238 406 261 329 202 137 366
 266 320 113 214 423 226 398 256 185 378  62  10 172 132 183 278 424 340
 465  41 227 437 458 379 371 373  34 222 488 221  87 263 345 273 118 282
 405 157 413 387 295 440 376 393 325 231 269 456 410  49 194 447  72 220
 146 247 368 478 450  23 147 493 417 457  51  84 462 355  22 485  37 490
 160 277 121 304 205 219 487  39 380  58  96  90  98 337  53 234 401 459
 335 211 496 249 374 142 283  61 492  30 168 499  63 149 432 294 192 338
 173 164 377 403 292 474 484 135  40 154 359  85   9  11 268 120 327 342
 217 290 357 388  89 259 328 390 486 341 265 129 253   2 438 382 480 210
 267 400 349 460 336 448 301 260  56 302 444 364 494 300  35 208 139 200
 274 461 353 204 201 433 375 431 104 134  36 352 477 331 449 361  38  16
   1  20 397 150 240  78 225 243 411 287 190 395 258 339 343 428 191 334
 181  52 254 196 271 212 476 213 125   0  92 348 453  50 446 230  29 193
  93 429 426 351 155  31 308 475 257 228 482 159  59 107 128 399 296 322
 275 130 365 330 123 464 152 467 199  82 195  68  70 362  12   3 138 106
  60 497 315 381 165 455  26  15 309 284 245 143 414 305 127 316 184 451
 354 169 291  77 402 471 384  86 176 385  28  19 233 407 264   4 289  48
 350 232 468  76 333  25 314 248 241  83  24 391  17 299   6 119 236 235
  44 421 430 223 360 109 280 156 483 285 439 114  81  66  32] - 33791857
Solver: RVND, number of workers: 1
Setting feeder affinity
I am the master. There are 1 mpi processes. (hostname = gpu01)
Roots [<pyDF.nodes.Feeder object at 0x7f4dbc055ad0>]
Starting 0
Main loop
I am worker 0
GPU0
set random seed!
Initial: 33791857-[418 500 420 161 126 105 298 244 110 495 396 441 281 404 469 224 293 171
 122 170 479 180  65 498 427 209 386 288  45 174  73  21 419 318 321 372
 367 115 356 246 415  94 363 262  64 358 197 436  79 111  13 276  27 177
 452 272 178 279 412 344 166 216 252  97 442 145 186 117 286 229 324 297
 136 198  33 163 133 270 187 116 250  91  43 206 383   8  95 346 311 408
 463 489 313 218 303 237  67 182 307 347 167 179 148 473  74 124 189 158
 466 389 409 323 100 319 394  55 454 425 112  42  47 242 131 101 239 203
 151 103 445  14   5 141 312 144 392 326 317  54 207 153 215 188 470 162
  57  88 251 370  99 255 443  71 434 422 481 332 369 472 102 140  75  46
 416 306  69  80   7 108 491 435 175  18 310 238 406 261 329 202 137 366
 266 320 113 214 423 226 398 256 185 378  62  10 172 132 183 278 424 340
 465  41 227 437 458 379 371 373  34 222 488 221  87 263 345 273 118 282
 405 157 413 387 295 440 376 393 325 231 269 456 410  49 194 447  72 220
 146 247 368 478 450  23 147 493 417 457  51  84 462 355  22 485  37 490
 160 277 121 304 205 219 487  39 380  58  96  90  98 337  53 234 401 459
 335 211 496 249 374 142 283  61 492  30 168 499  63 149 432 294 192 338
 173 164 377 403 292 474 484 135  40 154 359  85   9  11 268 120 327 342
 217 290 357 388  89 259 328 390 486 341 265 129 253   2 438 382 480 210
 267 400 349 460 336 448 301 260  56 302 444 364 494 300  35 208 139 200
 274 461 353 204 201 433 375 431 104 134  36 352 477 331 449 361  38  16
   1  20 397 150 240  78 225 243 411 287 190 395 258 339 343 428 191 334
 181  52 254 196 271 212 476 213 125   0  92 348 453  50 446 230  29 193
  93 429 426 351 155  31 308 475 257 228 482 159  59 107 128 399 296 322
 275 130 365 330 123 464 152 467 199  82 195  68  70 362  12   3 138 106
  60 497 315 381 165 455  26  15 309 284 245 143 414 305 127 316 184 451
 354 169 291  77 402 471 384  86 176 385  28  19 233 407 264   4 289  48
 350 232 468  76 333  25 314 248 241  83  24 391  17 299   6 119 236 235
  44 421 430 223 360 109 280 156 483 285 439 114  81  66  32]
Final time: 6.31676006317s - Best: 1983360-[418  64  47  29 389 183  74 427 408 359 132 103 240 378  10 105  31  85
 110 398 483 214 125 259 143 220 264 490 101 476 267 188 289  37 244 441
 491  27 197 159 228 471 115 316 247 350 415 338 295 284 329  20 294 128
  54 410 175 385 138  96  15 440  65 366  49 148 477 322 120 218 494 430
 288 255 190  95 448 485 141 354 207 365 487  25 475  90 187 473 412 391
 484 161 333  75 312 426 205 126 250 227 298 245 274 370 388  68 308  72
 268 336 386 332  94 479 460 102 152 215 447 411  16 403 160 439 129 239
 457 226 204 109  89  12 275  70 387 279 349 251 140 453  42 163 285  43
 309  55 185 292 299 202 278  21 413 123  91 444 171 282 276 463  80  84
 217  41 469  32  48 113 169 121 198 287 353 154 184  56 495 241 461 493
 429 397 498 374 323 173 315 424 400 153  23 107  53 271  63 229 489 296
  61 390 310 360 106 258 321 135 164   8 149 224 192  86 376 139 272 104
 313 263 297 328 196 372 344 116 179 373  44 330 301 380 208 216 451 233
 211 243  73 417  78 166  98 186 363 151 334 428 355 145 454 231 375 256
 127 482   9 474 446 130 401 314  11 283 462  24 465 456 371  34 234 242
 500 194  13 379  35 124 277 352 326 210  87  81 362  62 420 266  76 394
 195 174 364  71 464  59  83 339 445   7 111  39 246   5 356 236 142 112
 193  88 232 146  38 436 382 419 431 181  82 358 416 345 221 421 496 325
  67 480 300 384 114  17   1 144  40 252 357 206  58 406 343 433 100 396
  77 209 499 319 383  28 182  45 347  60  66 162 324 311 450 369 377 488
   2 168  92 170  50  26 189 425  51 199 472 340 443 122 134 432 291 165
 435 455 392 147 405 108 133 492 257  46 249 342 222 150   0  18 452 235
 303 348  19 262 395 212 302   6 248  52 293 306 304  14  79 467 201 157
 404  57 254 367 191 269 407 449 458 131  36 434 119 459   4 223 178   3
 273 393 167 117 481 305 351  33 136 470 200 335 172 213 286 337 414 341
  22 261 118 219 180 331 318 409 176 497 368 437 422 346 468 230 361 423
 399 442 327 320 280 317 270 478 137 307 155 466 281 203  93  99 290  69
 265 238 381 438 237  97 177 253 402  30 156 260 225 158 486]
Value - initial: 33791857, final: 1983360, improveup: 17.0376820144

data-line;i;33791857;f;1983360;t;6.31676006317;c;-2;fv;[1983360L];cv;-1;imp;17.0376820144;type;rvnd;inum;4;w;1

time;6.31676006317;man_time;0;neigh_time;0
man_time;0;man_merge_sol;0;man_best_sol;0;man_combine_sol;0

Waiting [0]
Terminating workers True 0 0
MPI TERMINATING
