pydf_home: /home/rodolfo/git/Sucuri
simple_pycuda_home: /home/rodolfo/git/simple-pycuda
wamca2016path: /home/rodolfo/git/wamca2016/
localpath: /home/rodolfo/git/dvnd-df/code/dvnd-df/src/
WAMCAPATH:/home/rodolfo/git/wamca2016/
param: {solution_index:0, solution_instance_index:53, multi_gpu:True, goal:False, problem_name:ml, number_of_moves:10, device_count:2, solver:rvnd, mpi_enabled:True, workers:1}
Using already created file:  wamca2016lib.so
Size: 52 - file name: 01_berlin52.tsp

Value - initial: 650837-[40 18 31 20 45  8  0 39  6 37 41 11  5 23  3 15  2 34 24 38 43  4 36 49 47
 22 35  9 14 42 27 32 46 30 29 33 28 51 19  1 13 50 48 25 17 44 12  7 26 10
 16 21] - 650837
Solver: RVND, number of workers: 1
Setting feeder affinity
I am the master. There are 1 mpi processes. (hostname = gpu01)
Roots [<pyDF.nodes.Feeder object at 0x7f2082d2fad0>]
Starting 0
Main loop
I am worker 0
GPU0
set random seed!
Initial: 650837-[40 18 31 20 45  8  0 39  6 37 41 11  5 23  3 15  2 34 24 38 43  4 36 49 47
 22 35  9 14 42 27 32 46 30 29 33 28 51 19  1 13 50 48 25 17 44 12  7 26 10
 16 21]
Final time: 1.52491998672s - Best: 181052-[40 44 31  0 39 14  5 23 37 47  4 34 48 38 33 35 36 43 15 49 19 29 41  1  6
 20 22 21 30 17  2 18  7  8  9 42  3 24 46 25 26 27 12 13 51 10 50 11 28 32
 16 45]
Value - initial: 650837, final: 181052, improveup: 3.59475178402

data-line;i;650837;f;181052;t;1.52491998672;c;-2;fv;[181052L];cv;-1;imp;3.59475178402;type;rvnd;inum;0;w;1

time;1.52491998672;man_time;0;neigh_time;0
man_time;0;man_merge_sol;0;man_best_sol;0;man_combine_sol;0

Waiting [0]
Terminating workers True 0 0
MPI TERMINATING
