pydf_home: /home/rodolfo/git/Sucuri
simple_pycuda_home: /home/rodolfo/git/simple-pycuda
wamca2016path: /home/rodolfo/git/wamca2016/
localpath: /home/rodolfo/git/dvnd-df/code/dvnd-df/src/
WAMCAPATH:/home/rodolfo/git/wamca2016/
param: {solution_index:6, solution_instance_index:96, multi_gpu:True, goal:False, problem_name:ml, number_of_moves:10, device_count:2, solver:rvnd, mpi_enabled:True, workers:1}
Using already created file:  wamca2016lib.so
Size: 783 - file name: 07_rat784.tsp

Value - initial: 68975688-[438 466 518 492 591 337 663 756 104  41 134 600 737 509 699 538 546 145
 405 215 712   1 192 592 638 359 571 498 180 282 674 411 634 364 721 467
 408  54 506 340  62 257 597 264 430 375 562 673  92 487 531 588 431 150
 505 224 153 289 350 688 259 725 710 603 550 472 416 328 601 216 296 494
 749 210 523 456 760 581 687 690  52 381 298 197 782 157  86 612 457 100
 146 666 439 122 300 175 503  26 433 496  42 476 780 768  77 363 154 635
 249 776 316 373 254 751 126 474 360 567  80 697 479  10   5 526 371 420
 484 344 752 108 444 391 220 630  98 208  63 369 306 446 253 695 621 618
 767 694 214  67  51   7 757 522 231 685 402   6  58 187 183  83 205 490
 406 280 268 275 353 650 110 273 348 741 708 399 351 400 598 240 164 596
 607 665 314 281 689  91 513 593 696 230 681 301 313 132  76  37 759 266
 321  48 470 155 738 758 295 762 745 233 102 228  95 368 315  24 423  61
  35 657 560 764 676  31 239 244 117 398 617 606  56 403 459 377 389 171
 297 103 374 564 177 362 404 754 121 736  15 502 311 142 305 357 112 165
 182 633 641 394 234 425 648 530 610 686 128 719 683 559 552 107 453 207
 646 541 557 278 213 147 111 733 566 172 500 418 226 761 569 442 166 483
 325 138 577 609 740 772 486  19 723 302 246  27  12 237 732 309 594  21
  71  64  50 185 445 529 448 232 489  88 429 731 329 510 620 354 349 728
 711 649 341 152 415 622 283 410 602  79 625 671 748 746 672 333 632 631
  14 461 202 627 248 270 517 434 339 543 642 409 378 193 189 643 450 717
  81 651 148 284 532 323 355 644 286 701 221 379 119 334 440 317 436  93
 504 547 653 462 652 366 385 682 540  44 715 765 137 380  94 173 285 595
 271 516 478 661 331 692 691 579 336 720 179 250 319 551 304 199  20 279
 549 386 554 222 227 730 330 452 781  17 660 265 414 393 188 443 162 556
 294 178  18 508 742  28 274 485 770 573 168 747 139 413 376 125  74 307
 778 481 397  40   4 204 454 580 709 539 190 198 744 619 223  73 127  32
 613 320  38   9 455 211 684 251 449 195 324 131 608 703 277 384 372 585
 345 114 655 356 392 584  84 473  25 727 515  47 123 680 771  85 558 217
 212 769 151 288 565 525  36 365 287 578  60 276 726  46 714 469 493 109
 514 218 675  55 140 435 750 659 542  22 468 583 113 160 706 656   2 707
 245  45 587  72  87 258 548 401  82 144 303  39 163 611 141 441 576 645
 422 700 261 419 702 235 704 424 533 332  43 654 534 383 243 501 570  11
 367 209 169  16 693 299 396 527 524 668 626 545 194 269 343 482 120 236
 667  70 561 499 252 159 677 291 669 412  49 662 156 773 520 158 292 766
 256 167  33 229 101 640 174 130 263 718 590  99 447 507 465 563 488 417
 421 437 335 161 143  65 267 637 575 312  97  96 480 426 106 382 238 615
  68 184 491 647 572  66 774 599 519 614 358 352 568  53 395 722  30 346
  57 624 241 262 605 698   0 679 713 553 658 116 342 390 536  75 535 387
 753 203 604 586 495 458 370 326  89 521 149 755 555 432 724 574 135   3
 242  34 255 664 779 427  13 512 136 308 582 407  78 716  29 206 105 260
  23 678 451 734 777 544 763 170 537 616 293 338 775 129 475 219 460 327
 347 388 361 310 636   8 118 196 225 115 735 247 511 629  90 477 272 528
 133 628 201 670 743 318 191 705  59 464  69 589 290 200 739 181 124 428
 623 322 471 497 186 176 729 639 463] - 68975688
Solver: RVND, number of workers: 1
Setting feeder affinity
I am the master. There are 1 mpi processes. (hostname = gpu01)
Roots [<pyDF.nodes.Feeder object at 0x7f5e886d6ad0>]
Starting 0
Main loop
I am worker 0
GPU0
set random seed!
Initial: 68975688-[438 466 518 492 591 337 663 756 104  41 134 600 737 509 699 538 546 145
 405 215 712   1 192 592 638 359 571 498 180 282 674 411 634 364 721 467
 408  54 506 340  62 257 597 264 430 375 562 673  92 487 531 588 431 150
 505 224 153 289 350 688 259 725 710 603 550 472 416 328 601 216 296 494
 749 210 523 456 760 581 687 690  52 381 298 197 782 157  86 612 457 100
 146 666 439 122 300 175 503  26 433 496  42 476 780 768  77 363 154 635
 249 776 316 373 254 751 126 474 360 567  80 697 479  10   5 526 371 420
 484 344 752 108 444 391 220 630  98 208  63 369 306 446 253 695 621 618
 767 694 214  67  51   7 757 522 231 685 402   6  58 187 183  83 205 490
 406 280 268 275 353 650 110 273 348 741 708 399 351 400 598 240 164 596
 607 665 314 281 689  91 513 593 696 230 681 301 313 132  76  37 759 266
 321  48 470 155 738 758 295 762 745 233 102 228  95 368 315  24 423  61
  35 657 560 764 676  31 239 244 117 398 617 606  56 403 459 377 389 171
 297 103 374 564 177 362 404 754 121 736  15 502 311 142 305 357 112 165
 182 633 641 394 234 425 648 530 610 686 128 719 683 559 552 107 453 207
 646 541 557 278 213 147 111 733 566 172 500 418 226 761 569 442 166 483
 325 138 577 609 740 772 486  19 723 302 246  27  12 237 732 309 594  21
  71  64  50 185 445 529 448 232 489  88 429 731 329 510 620 354 349 728
 711 649 341 152 415 622 283 410 602  79 625 671 748 746 672 333 632 631
  14 461 202 627 248 270 517 434 339 543 642 409 378 193 189 643 450 717
  81 651 148 284 532 323 355 644 286 701 221 379 119 334 440 317 436  93
 504 547 653 462 652 366 385 682 540  44 715 765 137 380  94 173 285 595
 271 516 478 661 331 692 691 579 336 720 179 250 319 551 304 199  20 279
 549 386 554 222 227 730 330 452 781  17 660 265 414 393 188 443 162 556
 294 178  18 508 742  28 274 485 770 573 168 747 139 413 376 125  74 307
 778 481 397  40   4 204 454 580 709 539 190 198 744 619 223  73 127  32
 613 320  38   9 455 211 684 251 449 195 324 131 608 703 277 384 372 585
 345 114 655 356 392 584  84 473  25 727 515  47 123 680 771  85 558 217
 212 769 151 288 565 525  36 365 287 578  60 276 726  46 714 469 493 109
 514 218 675  55 140 435 750 659 542  22 468 583 113 160 706 656   2 707
 245  45 587  72  87 258 548 401  82 144 303  39 163 611 141 441 576 645
 422 700 261 419 702 235 704 424 533 332  43 654 534 383 243 501 570  11
 367 209 169  16 693 299 396 527 524 668 626 545 194 269 343 482 120 236
 667  70 561 499 252 159 677 291 669 412  49 662 156 773 520 158 292 766
 256 167  33 229 101 640 174 130 263 718 590  99 447 507 465 563 488 417
 421 437 335 161 143  65 267 637 575 312  97  96 480 426 106 382 238 615
  68 184 491 647 572  66 774 599 519 614 358 352 568  53 395 722  30 346
  57 624 241 262 605 698   0 679 713 553 658 116 342 390 536  75 535 387
 753 203 604 586 495 458 370 326  89 521 149 755 555 432 724 574 135   3
 242  34 255 664 779 427  13 512 136 308 582 407  78 716  29 206 105 260
  23 678 451 734 777 544 763 170 537 616 293 338 775 129 475 219 460 327
 347 388 361 310 636   8 118 196 225 115 735 247 511 629  90 477 272 528
 133 628 201 670 743 318 191 705  59 464  69 589 290 200 739 181 124 428
 623 322 471 497 186 176 729 639 463]
Final time: 14.8583080769s - Best: 3395879-[438 456 476 482 490 499 514 512 518 517 530 538 539 546 556 551 577 565
 562 563 586 602 608 590 583 599 600 613 632 629 635 621 620 627 648 656
 680 691 690 674 679 684 689 697 721 738 742 731 735 744 759 764 771 760
 746 733 737 724 703 696 682 671 664 639 637 623 625 647 651 658 677 687
 670 678 654 659 643 640 618 612 598 589 597 596 593 585 578 561 553 533
 529 550 567 575 559 547 532 525 510 481 483 465 457 452 451 444 435 428
 422 400 389 386 381 365 357 343 327 301 312 304 288 276 275 254 245 238
 235 241 234 214 184 171 179 185 174 159 154 146 138 122 116 109  96  99
  79  69  66  80  64  57  52  46  45  40  44  56  51  48  55  24  14   0
  16  22   1   6  17  11   8   9   2   4  18  29  35  19  30  34  21  13
  31  15  20  25  26  43  54  59  23  27  33   3  10  12  37  42  65  74
  86  83  78 100 105 108 113 121 118 112 103  95  72  90  89  77  68  92
 102  91  71  50  41  53  61  49  60  58  67  81  85  98  84  70  63  47
  38  62  75  82  93 106 110 135 150 155 161 160 151 142 136 132 115 111
  94  88  73  76 101 104 107 127 139 156 168 162 175 178 197 199 205 216
 224 232 249 268 252 250 261 274 256 243 259 262 270 271 251 244 240 219
 227 228 220 225 212 200 182 187 196 190 188 202 191 177 173 165 157 166
 153 158 143 149 164 163 137 117 125 120 123 128 129 140 131 130 144 147
 141 148 133 134 170 176 180 193 198 217 233 253 264 263 278 283 295 296
 303 330 323 333 341 361 360 348 367 384 387 377 397 411 426 446 453 450
 420 427 441 460 478 480 509 502 503 522 537 549 545 548 544 531 543 527
 524 536 552 558 572 571 570 574 542 526 521 523 519 513 492 488 479 473
 486 496 495 493 475 463 469 468 440 447 433 436 458 445 431 414 413 399
 401 382 372 363 347 350 353 335 329 325 317 310 294 302 291 280 289 299
 306 292 305 290 298 285 266 255 242 223 207 201 203 186 183 195 194 204
 229 230 226 221 248 247 273 272 277 293 316 318 326 334 355 358 342 351
 362 383 396 406 424 442 437 421 432 425 429 423 419 455 448 459 472 494
 500 506 504 520 535 534 555 540 541 557 564 569 576 604 588 609 617 630
 638 661 653 652 645 650 665 668 683 698 694 685 709 699 700 688 692 672
 673 675 667 666 663 649 641 631 628 614 603 605 592 591 581 566 573 594
 607 615 636 646 669 693 701 707 715 722 740 745 730 729 726 749 748 747
 739 725 720 719 718 736 732 756 758 767 778 776 753 754 772 773 765 761
 762 769 779 780 763 755 751 741 723 714 702 695 686 710 713 716 727 750
 781 782 774 770 766 752 743 728 711 681 676 657 655 662 642 634 624 622
 619 601 584 582 554 515 489 461 443 412 405 403 393 398 395 378 368 373
 366 356 354 340 328 313 314 284 279 237 213 206 222 246 260 297 308 319
 307 287 282 281 286 300 311 321 320 332 344 369 376 392 407 408 409 418
 416 410 417 415 449 464 474 487 501 508 497 477 467 439 402 380 385 379
 374 371 346 349 375 404 391 388 370 364 352 345 338 322 324 331 315 267
 257 258 239 231 189 181 172 209 208 210 211 218 236 309 336 337 339 359
 390 430 434 466 454 462 485 491 507 511 516 560 568 579 595 610 611 626
 633 644 705 704 708 717 734 768 777 775 757 712 706 660 616 606 587 528
 484 505 498 471 394 269 265 215 145 124  87  36 114 126 152 119  97  32
  28   7   5  39 167 169 192 470 580]
Value - initial: 68975688, final: 3395879, improveup: 20.3115858957

data-line;i;68975688;f;3395879;t;14.8583080769;c;-2;fv;[3395879L];cv;-1;imp;20.3115858957;type;rvnd;inum;6;w;1

time;14.8583080769;man_time;0;neigh_time;0
man_time;0;man_merge_sol;0;man_best_sol;0;man_combine_sol;0

Waiting [0]
Terminating workers True 0 0
MPI TERMINATING
