pydf_home: /home/rodolfo/git/Sucuri
simple_pycuda_home: /home/rodolfo/git/simple-pycuda
wamca2016path: /home/rodolfo/git/wamca2016/
localpath: /home/rodolfo/git/dvnd-df/code/dvnd-df/src/
WAMCAPATH:/home/rodolfo/git/wamca2016/
param: {solution_index:7, solution_instance_index:80, multi_gpu:True, goal:False, problem_name:ml, number_of_moves:10, device_count:2, solver:rvnd, mpi_enabled:True, workers:1}
Using already created file:  wamca2016lib.so
Size: 1001 - file name: 08_TRP-S1000-R1.tsp

Value - initial: 130182963-[701 326 122 ..., 414 170 238] - 130182963
Solver: RVND, number of workers: 1
Setting feeder affinity
I am the master. There are 1 mpi processes. (hostname = gpu01)
Roots [<pyDF.nodes.Feeder object at 0x7fc9f028fad0>]
Starting 0
Main loop
I am worker 0
GPU0
set random seed!
Initial: 130182963-[701 326 122 ..., 414 170 238]
Final time: 24.2178449631s - Best: 5634024-[701 228 389 ..., 993  62 398]
Value - initial: 130182963, final: 5634024, improveup: 23.1065687686

data-line;i;130182963;f;5634024;t;24.2178449631;c;-2;fv;[5634024L];cv;-1;imp;23.1065687686;type;rvnd;inum;7;w;1

time;24.2178449631;man_time;0;neigh_time;0
man_time;0;man_merge_sol;0;man_best_sol;0;man_combine_sol;0

Waiting [0]
Terminating workers True 0 0
MPI TERMINATING
