pydf_home: /home/rodolfo/git/Sucuri
simple_pycuda_home: /home/rodolfo/git/simple-pycuda
wamca2016path: /home/rodolfo/git/wamca2016/
localpath: /home/rodolfo/git/dvnd-df/code/dvnd-df/src/
WAMCAPATH:/home/rodolfo/git/wamca2016/
param: {solution_index:0, solution_instance_index:88, multi_gpu:True, goal:False, problem_name:ml, number_of_moves:10, device_count:2, solver:rvnd, mpi_enabled:True, workers:1}
Using already created file:  wamca2016lib.so
Size: 52 - file name: 01_berlin52.tsp

Value - initial: 767140-[50  5 24  8 14 13 43  7 49 38 10  9 34  4 51 15 44 25 27 31 23 46 48 47 37
 40 18  2 39 16 26 35 12  3 19 41 17 42 21 20  1 28 29 36 30  0 32 45 11  6
 33 22] - 767140
Solver: RVND, number of workers: 1
Setting feeder affinity
I am the master. There are 1 mpi processes. (hostname = gpu01)
Roots [<pyDF.nodes.Feeder object at 0x7f6bf51f6ad0>]
Starting 0
Main loop
I am worker 0
GPU0
set random seed!
Initial: 767140-[50  5 24  8 14 13 43  7 49 38 10  9 34  4 51 15 44 25 27 31 23 46 48 47 37
 40 18  2 39 16 26 35 12  3 19 41 17 42 21 20  1 28 29 36 30  0 32 45 11  6
 33 22]
Final time: 1.43353319168s - Best: 144504-[50 11 24  3  5 14  4 23 47 37 36 39 38 33 34 35 48  0 21 31 44 18 40  7  8
  9 42 45 43 15 49 19 22 30 17  2 16 20 41  6  1 29 28 46 25 27 26 12 13 51
 10 32]
Value - initial: 767140, final: 144504, improveup: 5.30878037978

data-line;i;767140;f;144504;t;1.43353319168;c;-2;fv;[144504L];cv;-1;imp;5.30878037978;type;rvnd;inum;0;w;1

time;1.43353319168;man_time;0;neigh_time;0
man_time;0;man_merge_sol;0;man_best_sol;0;man_combine_sol;0

Waiting [0]
Terminating workers True 0 0
MPI TERMINATING
