pydf_home: /home/rodolfo/git/Sucuri
simple_pycuda_home: /home/rodolfo/git/simple-pycuda
wamca2016path: /home/rodolfo/git/wamca2016/
localpath: /home/rodolfo/git/dvnd-df/code/dvnd-df/src/
WAMCAPATH:/home/rodolfo/git/wamca2016/
param: {solution_index:6, solution_instance_index:79, multi_gpu:True, goal:False, problem_name:ml, number_of_moves:10, device_count:2, solver:rvnd, mpi_enabled:True, workers:1}
Using already created file:  wamca2016lib.so
Size: 783 - file name: 07_rat784.tsp

Value - initial: 68706453-[380 401 598 560  47 635 224 187 602  71 241 296 706 580 708 226 141 146
  89 673 382 519 233 566 576 422 197 695 505 242 629 139 145 299  77 164
 652 264  28  94   4 448 232 404 675 523  81 318 194 144 376  62 456 542
  68 302 511 210 190  86 646 236 304 561 455  29 392 716 266   5 330 507
  43 396 274 135 670 781   0 355 577 435 743 246 110 185  57 593 595 701
 588 762 769 427 554 414 370 134  78  97 101 344 643 247 678 391 319 705
 192 309 403 718 104 451 138  54 125 612 740  90 680 297 538  93 293 162
 339 747  39 107 692 313 357 372 307 249 333 619 255 648 660 431  76 157
 310 312 121 727  72  31 374 259 257 323  70 430 316 334 428 386 167 256
 320 733 759 337 615 617 342 200 709 303 457 625 469 525 129 737 497 772
 209  84 416 348  45 103 463 410 400 493 545 535 591 395  53 419 388 779
 587 447  32 161  30 268 215 594 278 243 699 292  63 407 526 417 221 666
 659 227 412 663 394 408 441 599 758  10  98 596 118 239 275 757 425 439
 729   9 597  64 178 368  99 261 301 277 158 163 362 171 237 578 151 384
 345 188 496 684 607 668 766 290 693 550 470 485 387 679  91 571 711 732
 189 685  41 506 543 641 703 471 349 325 446  34 782 381 331 775  65 385
 289 482 262 311 123 373 690 216 540 773  37 667 581 590 434  95 621 714
 172 761 411 284 549 402 687 294 218 655 160   8 524 495 529 583 235 541
 609 736  26  35 359 228 720 214 254 398   1 698  17 424 633 572 150 314
 426  12 694 115 173 159 767 662 532 341  92 534 739  42 628 489 503 170
 315 533 741 102 136 267 436 623 354 180 734 516 601 481 168 780 383 360
 517 746 120 536 443 231  14 109 686 651 423 350 377 186 225 240 634 378
  15 338 632 452 728 548 604  58 520 664 494 406 269 491  69 567  61 522
 460 700 584  67 562 229 295 509  19 191 285 329 704 184 770 346 702 116
 444 175  16 433 298 462 557 207 361 616 222 774 725 639  25 195 429 682
 306 500 480 176 196  55 183 719 564 367  85 390 288 488   3 340  44 154
 324 418 409 276 476 696 399 763 477 586 405 223  20  22 137 321 683 569
 202 627 608 611 263 771 558 379 515 244 677 286 656  79  36  50 563 258
 253 474 552  23  83  24 326 291 760 363 573 642  48 220 282 688 238 512
 152 166 305 165  60 347 336 328 112 217 219 605 618 206 499 437 510 179
 126 122 271 252 366 724 280 751 559 473 518 483  33 644 234 504 676  82
 748 765  87 369 647 614 182 645 317 650 756 582 723 169 750 653 631 657
 754 490 778 327 731 461 544 547  40 513 450 671 472 478 193 352 205 528
 248 738  46 768 466 365 589 393 270 742 300 521  75 445 603 203 147 722
 397  73 710 100 502 343 475 438 453 712  21 465 539 776 272 133 730  52
 487 212  51 527 364 531 721 119 689 131 744 492 640 755 717 459 467 442
 681 764  66  80 420 530 613 432 142 735 464 622 610 449  38 250 624 421
 177 579 198 153 230  96 630 498 260   6 287 649 636 691 715 570 281 620
 413  88 130 479 697   7 556 351 106 335 356 661 127 574 149  13 575  56
 600 753 204 371 148 308  74 665 606 454 279  27 156 440 265 283 124 111
 322 638 553 585 415 592 514  59 273 565 458 713 353 508 114 546 484 211
 486 213 745  11 672 501 201 105 658 358 752 181 468 375 551 389 568 251
 707 155   2 654 108 128 117 749 143 726 637 332 208 113 140 777  49 132
 174 245 199 674 555  18 537 626 669] - 68706453
Solver: RVND, number of workers: 1
Setting feeder affinity
I am the master. There are 1 mpi processes. (hostname = gpu01)
Roots [<pyDF.nodes.Feeder object at 0x7ff8c77e0ad0>]
Starting 0
Main loop
I am worker 0
GPU0
set random seed!
Initial: 68706453-[380 401 598 560  47 635 224 187 602  71 241 296 706 580 708 226 141 146
  89 673 382 519 233 566 576 422 197 695 505 242 629 139 145 299  77 164
 652 264  28  94   4 448 232 404 675 523  81 318 194 144 376  62 456 542
  68 302 511 210 190  86 646 236 304 561 455  29 392 716 266   5 330 507
  43 396 274 135 670 781   0 355 577 435 743 246 110 185  57 593 595 701
 588 762 769 427 554 414 370 134  78  97 101 344 643 247 678 391 319 705
 192 309 403 718 104 451 138  54 125 612 740  90 680 297 538  93 293 162
 339 747  39 107 692 313 357 372 307 249 333 619 255 648 660 431  76 157
 310 312 121 727  72  31 374 259 257 323  70 430 316 334 428 386 167 256
 320 733 759 337 615 617 342 200 709 303 457 625 469 525 129 737 497 772
 209  84 416 348  45 103 463 410 400 493 545 535 591 395  53 419 388 779
 587 447  32 161  30 268 215 594 278 243 699 292  63 407 526 417 221 666
 659 227 412 663 394 408 441 599 758  10  98 596 118 239 275 757 425 439
 729   9 597  64 178 368  99 261 301 277 158 163 362 171 237 578 151 384
 345 188 496 684 607 668 766 290 693 550 470 485 387 679  91 571 711 732
 189 685  41 506 543 641 703 471 349 325 446  34 782 381 331 775  65 385
 289 482 262 311 123 373 690 216 540 773  37 667 581 590 434  95 621 714
 172 761 411 284 549 402 687 294 218 655 160   8 524 495 529 583 235 541
 609 736  26  35 359 228 720 214 254 398   1 698  17 424 633 572 150 314
 426  12 694 115 173 159 767 662 532 341  92 534 739  42 628 489 503 170
 315 533 741 102 136 267 436 623 354 180 734 516 601 481 168 780 383 360
 517 746 120 536 443 231  14 109 686 651 423 350 377 186 225 240 634 378
  15 338 632 452 728 548 604  58 520 664 494 406 269 491  69 567  61 522
 460 700 584  67 562 229 295 509  19 191 285 329 704 184 770 346 702 116
 444 175  16 433 298 462 557 207 361 616 222 774 725 639  25 195 429 682
 306 500 480 176 196  55 183 719 564 367  85 390 288 488   3 340  44 154
 324 418 409 276 476 696 399 763 477 586 405 223  20  22 137 321 683 569
 202 627 608 611 263 771 558 379 515 244 677 286 656  79  36  50 563 258
 253 474 552  23  83  24 326 291 760 363 573 642  48 220 282 688 238 512
 152 166 305 165  60 347 336 328 112 217 219 605 618 206 499 437 510 179
 126 122 271 252 366 724 280 751 559 473 518 483  33 644 234 504 676  82
 748 765  87 369 647 614 182 645 317 650 756 582 723 169 750 653 631 657
 754 490 778 327 731 461 544 547  40 513 450 671 472 478 193 352 205 528
 248 738  46 768 466 365 589 393 270 742 300 521  75 445 603 203 147 722
 397  73 710 100 502 343 475 438 453 712  21 465 539 776 272 133 730  52
 487 212  51 527 364 531 721 119 689 131 744 492 640 755 717 459 467 442
 681 764  66  80 420 530 613 432 142 735 464 622 610 449  38 250 624 421
 177 579 198 153 230  96 630 498 260   6 287 649 636 691 715 570 281 620
 413  88 130 479 697   7 556 351 106 335 356 661 127 574 149  13 575  56
 600 753 204 371 148 308  74 665 606 454 279  27 156 440 265 283 124 111
 322 638 553 585 415 592 514  59 273 565 458 713 353 508 114 546 484 211
 486 213 745  11 672 501 201 105 658 358 752 181 468 375 551 389 568 251
 707 155   2 654 108 128 117 749 143 726 637 332 208 113 140 777  49 132
 174 245 199 674 555  18 537 626 669]
Final time: 13.3127350807s - Best: 3359324-[380 385 382 372 367 384 387 399 401 413 414 402 411 397 395 398 412 405
 403 393 366 356 354 340 328 313 303 296 295 283 278 260 244 251 240 271
 270 262 259 282 281 286 300 311 317 325 335 329 310 294 291 302 299 289
 280 268 249 232 224 211 210 208 218 209 225 220 212 200 187 182 172 164
 163 156 168 162 175 178 186 203 201 207 223 242 248 247 273 272 277 293
 316 334 326 318 322 338 345 352 364 370 391 404 421 432 425 429 423 419
 407 408 409 418 430 438 434 440 433 436 447 463 469 468 466 456 455 448
 459 472 476 482 490 499 500 506 504 493 495 496 486 488 479 473 464 474
 467 477 470 480 478 489 503 502 509 497 501 508 524 527 543 536 519 513
 523 521 526 542 552 558 571 572 580 603 605 592 581 591 615 636 646 662
 655 657 676 681 711 710 713 716 695 702 693 714 727 750 763 755 751 741
 723 715 707 701 675 673 667 666 663 649 661 653 652 645 650 635 629 632
 630 638 641 631 628 614 617 609 604 613 600 599 590 583 576 569 564 557
 541 540 535 534 555 563 562 565 586 602 608 621 620 627 616 618 612 640
 643 659 674 689 679 684 678 670 677 687 708 704 717 734 735 744 759 764
 771 760 746 733 737 724 703 696 682 671 664 658 651 647 644 654 633 626
 611 597 596 593 585 579 578 568 560 561 553 550 529 533 538 530 539 546
 556 551 528 514 512 518 517 507 511 516 505 484 483 465 457 452 451 444
 435 428 422 394 383 389 386 381 400 406 396 388 365 357 343 355 358 362
 351 342 327 301 312 304 288 276 275 254 245 238 235 241 234 214 184 171
 179 185 204 194 195 183 161 155 150 151 142 136 132 115 111 107 104 101
  76  73  88  94  97  75  93  82  64  57  52  46  45  40  66  80  69  79
  99 106 110 126 152 159 154 146 138 145 124 116 122 114 109  96  87  55
  48  51  56  44  36  24  14   0  16  22   1   6  17  11   8  32  28   9
   2   4  18   7  19  30  35  29  47  63  70  84  98  85  81  67  60  58
  49  61  53  41  34  21  13  31  15  20  25  26  23  27  33   3  10  12
  37  42  65  74  86  83  78 100 105 108 113 121 133 134 148 141 147 144
 118 112 103  90  95  72  59  54  43  68  77  89  92  71  91 102 128 129
 140 131 130 157 166 153 158 149 143 123 120 125 117 137 181 189 199 205
 216 231 239 258 257 267 255 266 285 298 290 305 324 331 315 292 306 320
 321 332 344 346 349 375 392 376 369 371 390 410 416 417 379 374 359 353
 350 347 339 337 336 309 307 287 274 261 252 250 236 256 243 228 227 219
 202 190 188 191 177 173 165 167 169 193 180 176 170 192 198 217 233 253
 284 279 264 263 297 308 323 333 330 341 361 348 360 377 378 368 373 420
 427 441 443 461 460 450 453 446 426 439 449 487 492 531 544 548 545 549
 537 522 515 554 582 584 601 619 622 624 634 642 669 672 692 700 699 688
 709 685 694 698 718 719 720 725 739 747 754 753 736 732 712 706 683 668
 665 660 648 656 680 690 691 697 721 731 738 742 757 775 758 756 767 778
 776 772 773 765 761 748 749 726 730 729 722 740 745 762 769 779 780 781
 782 774 770 766 752 743 728 686 607 594 573 566 588 570 574 606 577 587
 598 589 610 625 637 639 623 595 575 567 559 547 532 525 510 498 481 471
 424 442 437 454 462 485 491 494 520 475 458 445 431 415 363 319 246 237
 213 222 206 196 197 221 226 230 229 269 265 215 174 135 119 160 139 127
  62  38  50   5  39 314 705 777 768]
Value - initial: 68706453, final: 3359324, improveup: 20.4524639481

data-line;i;68706453;f;3359324;t;13.3127350807;c;-2;fv;[3359324L];cv;-1;imp;20.4524639481;type;rvnd;inum;6;w;1

time;13.3127350807;man_time;0;neigh_time;0
man_time;0;man_merge_sol;0;man_best_sol;0;man_combine_sol;0

Waiting [0]
Terminating workers True 0 0
MPI TERMINATING
