pydf_home: /home/rodolfo/git/Sucuri
simple_pycuda_home: /home/rodolfo/git/simple-pycuda
wamca2016path: /home/rodolfo/git/wamca2016/
localpath: /home/rodolfo/git/dvnd-df/code/dvnd-df/src/
WAMCAPATH:/home/rodolfo/git/wamca2016/
param: {solution_index:6, solution_instance_index:8, multi_gpu:True, goal:False, problem_name:ml, number_of_moves:10, device_count:2, solver:rvnd, mpi_enabled:True, workers:1}
Using already created file:  wamca2016lib.so
Size: 783 - file name: 07_rat784.tsp

Value - initial: 69163215-[298  72 530 288 271 774 148 776 745 378 305 201 733 756  58 534 491 758
 566 735 480 620 294 663 732 644 569 322 115 581 575 177 208 681 773 761
 583 228 190 321 366 487 223 408  28 101 677 653 578 394 444 512 410 680
 304 364 617 439 307 462  35 165  41 243 706 459 667 370 140  46 429 679
 415 315  24 779  96 563 388  15   6 275 693  71 300 346 386 604 479 632
 109 443 227 588 638 174 757 313 485 626 596 303 151 102 488 466 746  93
 215 380 194 345 353 273 147 335 511 235  68 325 306 514 492  12 343 216
 334 719 771 279 435 196 440 523 571 156 438 233 289 654 619   5 282 482
 267 391 603 352 316 265 696 456 764 245 146 124 522 219 670 664  74 200
 675 765 349 753 107  34  80 624 610 734 714 517 536 727 311  85 375  21
 589 395 552 602 669 582 277 529 244 299 701 197 401  20 574 504 557 153
 218 213 281 767 498  39 419 326 766 195 205 210 749  70 633 477 747 472
 185 712 521 572 229 178 161 225   1 397  57 540 155 546 551 295  14 262
 269 515  16 318 549 406 166 684 286 413 541 285 726 725 468 615 647 399
 230 562 116 599 656 260 400 206 555 708 212 108 720  61  52 752 226 623
 755 531 127 270 709 252 601 493 606 655 348 750 447 742 607 377 671 254
 367 591 421 457 123 450 762 374 662 533 126 460 543 453 393 266 634 520
 618 179 703 232 500 376 363   0 741 724 537 495 640 470 621 507 392  59
 150 310 550 721 737 442 293  47 268 710 369  55 769 689 152 365 635 253
 564 502  83 739   3 467 661  65 609 519 120 340 403 142 259 362 672  88
 104 478 416 556 130 171 538 731 568  90 103 100 256  22 434 692 688  31
 129 501 167 676 137 778 461 173 775 527 630 705 237 296 106 465 464 760
  49 169 577 341   2 398 646 168 666  48 184 698 338 111 777 570  94  86
 417 188  99 240  92 451 231 414 437 426  76  81 423 407 751 629 351 559
 690  56 356 729 422 526 191 614  38 121 236 330 573 312 782 691 694 699
  78 132 283 598 412 516  43 539 506 131  77 652 317 418  42 301 217  89
   4 379 625 494 707 483 255 558 685 290 658 728 650 186 291 382 280 328
 331 355 319 463  30 611 329 768 138 292 474 189 274 257 682 258 241  66
 446 387  51 702  98 665 554 449 157 448 718 616 333 723 308 584 424 135
 389 433 649   9 264 730 337 222  25 496 309 542   8 697 553 187 595 119
  84 659 383 673 580  10 476 637 597  73 641 651 715  13 390  18 320 528
 336 674 503 396 234  53 170 754 657 404 202 628 736 452 717 203 249  17
 373 347 159 409 163 357 445 509 350 193 458 740 192 612 513 471 524 532
 748 648 261  33 489 711   7 214 587 593 314 497 722 207 172  11 518 209
 585 221  50 242 592 548 565 469 743 182  32 160 505 683  63 639 544  45
 643 481 141 704 780  27 579 560 354 263 139 636 297 436  69  23 402 510
  95 248  62 361 247 158 744  75 278 484 224 431 176  44 475 180 590 284
 272 441 344 605 162 508 211 276 425 368 411 384  54 608 136 545 535 427
 772 164 454 113  37 122  19 561 359 455 486 105 332 668 324 687 246  60
  36 385 695 627  97 181 175  64 716  82 738 631 371 128 576 199 372 204
  79 133 405 125 770 110 251 117 686 525 360 763 678 114 323 759 250 134
 586  91 428 613 645 149 567  40 700 358 600 342 112 144 547 239 781 287
 430 145 622 327 420 642 302 238 118 198 594  26 432 143 660  87 381 154
 713 490 183 339  29 220 499  67 473] - 69163215
Solver: RVND, number of workers: 1
Setting feeder affinity
I am the master. There are 1 mpi processes. (hostname = gpu01)
Roots [<pyDF.nodes.Feeder object at 0x7f285676cad0>]
Starting 0
Main loop
I am worker 0
GPU0
set random seed!
Initial: 69163215-[298  72 530 288 271 774 148 776 745 378 305 201 733 756  58 534 491 758
 566 735 480 620 294 663 732 644 569 322 115 581 575 177 208 681 773 761
 583 228 190 321 366 487 223 408  28 101 677 653 578 394 444 512 410 680
 304 364 617 439 307 462  35 165  41 243 706 459 667 370 140  46 429 679
 415 315  24 779  96 563 388  15   6 275 693  71 300 346 386 604 479 632
 109 443 227 588 638 174 757 313 485 626 596 303 151 102 488 466 746  93
 215 380 194 345 353 273 147 335 511 235  68 325 306 514 492  12 343 216
 334 719 771 279 435 196 440 523 571 156 438 233 289 654 619   5 282 482
 267 391 603 352 316 265 696 456 764 245 146 124 522 219 670 664  74 200
 675 765 349 753 107  34  80 624 610 734 714 517 536 727 311  85 375  21
 589 395 552 602 669 582 277 529 244 299 701 197 401  20 574 504 557 153
 218 213 281 767 498  39 419 326 766 195 205 210 749  70 633 477 747 472
 185 712 521 572 229 178 161 225   1 397  57 540 155 546 551 295  14 262
 269 515  16 318 549 406 166 684 286 413 541 285 726 725 468 615 647 399
 230 562 116 599 656 260 400 206 555 708 212 108 720  61  52 752 226 623
 755 531 127 270 709 252 601 493 606 655 348 750 447 742 607 377 671 254
 367 591 421 457 123 450 762 374 662 533 126 460 543 453 393 266 634 520
 618 179 703 232 500 376 363   0 741 724 537 495 640 470 621 507 392  59
 150 310 550 721 737 442 293  47 268 710 369  55 769 689 152 365 635 253
 564 502  83 739   3 467 661  65 609 519 120 340 403 142 259 362 672  88
 104 478 416 556 130 171 538 731 568  90 103 100 256  22 434 692 688  31
 129 501 167 676 137 778 461 173 775 527 630 705 237 296 106 465 464 760
  49 169 577 341   2 398 646 168 666  48 184 698 338 111 777 570  94  86
 417 188  99 240  92 451 231 414 437 426  76  81 423 407 751 629 351 559
 690  56 356 729 422 526 191 614  38 121 236 330 573 312 782 691 694 699
  78 132 283 598 412 516  43 539 506 131  77 652 317 418  42 301 217  89
   4 379 625 494 707 483 255 558 685 290 658 728 650 186 291 382 280 328
 331 355 319 463  30 611 329 768 138 292 474 189 274 257 682 258 241  66
 446 387  51 702  98 665 554 449 157 448 718 616 333 723 308 584 424 135
 389 433 649   9 264 730 337 222  25 496 309 542   8 697 553 187 595 119
  84 659 383 673 580  10 476 637 597  73 641 651 715  13 390  18 320 528
 336 674 503 396 234  53 170 754 657 404 202 628 736 452 717 203 249  17
 373 347 159 409 163 357 445 509 350 193 458 740 192 612 513 471 524 532
 748 648 261  33 489 711   7 214 587 593 314 497 722 207 172  11 518 209
 585 221  50 242 592 548 565 469 743 182  32 160 505 683  63 639 544  45
 643 481 141 704 780  27 579 560 354 263 139 636 297 436  69  23 402 510
  95 248  62 361 247 158 744  75 278 484 224 431 176  44 475 180 590 284
 272 441 344 605 162 508 211 276 425 368 411 384  54 608 136 545 535 427
 772 164 454 113  37 122  19 561 359 455 486 105 332 668 324 687 246  60
  36 385 695 627  97 181 175  64 716  82 738 631 371 128 576 199 372 204
  79 133 405 125 770 110 251 117 686 525 360 763 678 114 323 759 250 134
 586  91 428 613 645 149 567  40 700 358 600 342 112 144 547 239 781 287
 430 145 622 327 420 642 302 238 118 198 594  26 432 143 660  87 381 154
 713 490 183 339  29 220 499  67 473]
Final time: 30.7322928905s - Best: 3435737-[298 285 266 255 242 223 207 201 203 183 161 155 150 135 110 106  93  82
  75  97  94  88  73  76 101 104 107 111 115 132 136 142 151 160 175 178
 197 199 205 211 210 208 218 224 232 249 268 280 291 302 321 329 335 325
 317 311 300 286 281 282 287 309 307 297 308 295 296 303 313 328 340 354
 373 368 378 377 361 341 330 333 323 319 336 337 339 347 363 372 382 399
 401 413 414 402 387 384 397 411 426 439 446 453 467 477 497 501 508 524
 527 536 543 531 544 548 545 537 549 573 582 584 601 607 594 591 581 592
 605 615 636 646 669 675 673 667 666 663 672 661 653 652 645 650 665 668
 683 698 694 720 725 739 747 765 773 772 754 753 736 719 718 706 712 697
 691 690 680 674 689 684 679 659 643 640 618 616 627 620 606 602 608 621
 635 629 632 630 638 641 631 628 614 603 580 572 571 558 552 523 513 492
 488 479 473 458 436 433 447 440 434 418 416 417 410 390 371 344 332 320
 306 299 289 292 315 331 345 352 364 375 349 346 369 376 392 407 408 409
 430 438 456 476 482 490 499 514 528 534 535 540 541 520 504 506 500 468
 469 463 475 493 495 496 521 526 542 557 564 569 576 600 599 583 590 586
 563 562 565 577 551 556 546 539 530 517 518 512 494 491 485 462 454 437
 421 432 425 429 423 419 404 391 388 365 357 343 327 342 355 358 351 362
 383 389 386 381 396 406 400 422 428 435 444 451 452 457 465 484 483 481
 471 498 510 525 532 547 559 567 575 595 623 639 637 625 647 651 658 664
 671 682 696 703 708 717 734 746 733 724 737 768 777 760 771 764 759 744
 735 731 742 738 721 705 704 687 677 670 678 654 644 633 626 611 597 596
 593 585 579 578 561 553 550 533 529 505 516 511 507 538 560 568 589 598
 612 648 656 660 685 709 699 700 726 749 748 761 769 762 745 730 729 722
 715 707 701 693 702 695 714 716 713 711 710 686 681 676 657 655 662 642
 634 624 622 619 554 522 515 503 489 461 460 478 480 470 450 441 427 420
 395 398 412 405 403 393 366 356 314 284 279 264 263 253 233 217 198 192
 170 176 180 193 169 167 173 165 157 130 131 140 129 128 153 158 182 187
 196 200 212 225 220 227 228 243 256 274 261 250 252 258 257 239 231 216
 189 181 172 164 163 137 117 125 120 123  85  81  71  91 102  92  68  77
  89  90  72  95 103 112 118 144 147 141 148 134 133 121 113 108 105 100
  78  83  86  74  65  42  37  39   5  12  10   3  33  27  23  59  54  43
  50  41  31  25  26  20  15  13  21  34  53  61  49  60  58  35  30  19
   7  29  18   4   2   9   8  11  32  28  38  62  57  52  46  64  80  99
  79  69  66  40  45  17   6   1  22  16   0  14  24  36  44  56  51  48
  55  87  96 109 114 122 116 124 145 138 146 154 159 174 195 194 204 229
 254 245 238 235 215 185 179 171 184 214 234 241 265 269 288 304 312 301
 276 275 272 277 293 316 334 326 318 322 338 324 305 290 267 273 248 247
 230 226 221 186 162 168 156 139 127  98  84  70  63  47  67 149 143 166
 188 190 202 177 191 206 222 213 237 246 244 251 240 219 259 262 270 271
 260 278 283 348 360 367 350 353 359 374 379 385 380 415 431 445 449 464
 474 487 519 570 574 613 604 588 609 617 649 688 692 740 741 723 727 750
 743 728 752 766 770 774 782 781 763 751 755 780 779 776 778 767 775 757
 758 756 732 610 587 555 472 459 442 424 448 455 466 486 566 509 502 443
 310 294 236 209 119 126 152 370 394]
Value - initial: 69163215, final: 3435737, improveup: 20.1305324011

data-line;i;69163215;f;3435737;t;30.7322928905;c;-2;fv;[3435737L];cv;-1;imp;20.1305324011;type;rvnd;inum;6;w;1

time;30.7322928905;man_time;0;neigh_time;0
man_time;0;man_merge_sol;0;man_best_sol;0;man_combine_sol;0

Waiting [0]
Terminating workers True 0 0
MPI TERMINATING
