pydf_home: /home/rodolfo/git/Sucuri
simple_pycuda_home: /home/rodolfo/git/simple-pycuda
wamca2016path: /home/rodolfo/git/wamca2016/
localpath: /home/rodolfo/git/dvnd-df/code/dvnd-df/src/
WAMCAPATH:/home/rodolfo/git/wamca2016/
param: {solution_index:3, solution_instance_index:54, multi_gpu:True, goal:False, problem_name:ml, number_of_moves:10, device_count:2, solver:rvnd, mpi_enabled:True, workers:1}
Using already created file:  wamca2016lib.so
Size: 318 - file name: 04_lin318.tsp

Value - initial: 94143706-[221 267 175 216 211 107 205  44  25 296  93  45 166 194  33 140  95 254
 100 206 311  83  79 106 294 217 262  85 310  61 182   9 315  89 235  48
 187 134 273 222 174  76 284 286  92 238  21  50 283 156 101 145 102 203
 241 275 276 314 317 279  15 165  74 309 184 191  59  38 131  22 153 160
 159  52 240  14  68  97 161 292   0  20 246 173  82  64 118  30 129 297
  34  53 272   5 252  65 269 213  69 154 305 146 116 295  54  32  29 307
 169 232 226 133 150 108   1 204 115  37 239 120  43 268 220 110 189 280
 183 242 224  78 198 300  40 112 231 244 126 170 270 168  66 137 155 151
   4  62 122  46  58 265  94 208  60 143 123 274 306 291  63 301 188  19
  84 313  91 196  47  75 282   8 230 105 130 210 177 149 253 255  26 176
 261 193 271  10 293  13 158  73 263 195 207 264 260  88 142 186 258  80
 114  49  86 127 147 128  98  39  56  17 121  51 289 172 266  28  18  35
 109 281   3 288 199  24 119 247 148 225   7 233 197 223 249 152 190 215
 178 285 227 104 136 287 251  55 209  36 202 111 304 278  99   2 303 103
 256 164 257 290 219 185  77 302 117  87 308 192 201  16 141 236 245  90
 163 214 277 243  11  70 113 234 218 124 312 250 125   6 228 179 248  27
 180 138  57 144 139 132  41  31 229  71 157 298 299 259 162 167 135  96
  67  42 316  23  81 200 181 171 237  72 212  12] - 94143706
Solver: RVND, number of workers: 1
Setting feeder affinity
I am the master. There are 1 mpi processes. (hostname = gpu01)
Roots [<pyDF.nodes.Feeder object at 0x7f09f1aa1ad0>]
Starting 0
Main loop
I am worker 0
GPU0
set random seed!
Initial: 94143706-[221 267 175 216 211 107 205  44  25 296  93  45 166 194  33 140  95 254
 100 206 311  83  79 106 294 217 262  85 310  61 182   9 315  89 235  48
 187 134 273 222 174  76 284 286  92 238  21  50 283 156 101 145 102 203
 241 275 276 314 317 279  15 165  74 309 184 191  59  38 131  22 153 160
 159  52 240  14  68  97 161 292   0  20 246 173  82  64 118  30 129 297
  34  53 272   5 252  65 269 213  69 154 305 146 116 295  54  32  29 307
 169 232 226 133 150 108   1 204 115  37 239 120  43 268 220 110 189 280
 183 242 224  78 198 300  40 112 231 244 126 170 270 168  66 137 155 151
   4  62 122  46  58 265  94 208  60 143 123 274 306 291  63 301 188  19
  84 313  91 196  47  75 282   8 230 105 130 210 177 149 253 255  26 176
 261 193 271  10 293  13 158  73 263 195 207 264 260  88 142 186 258  80
 114  49  86 127 147 128  98  39  56  17 121  51 289 172 266  28  18  35
 109 281   3 288 199  24 119 247 148 225   7 233 197 223 249 152 190 215
 178 285 227 104 136 287 251  55 209  36 202 111 304 278  99   2 303 103
 256 164 257 290 219 185  77 302 117  87 308 192 201  16 141 236 245  90
 163 214 277 243  11  70 113 234 218 124 312 250 125   6 228 179 248  27
 180 138  57 144 139 132  41  31 229  71 157 298 299 259 162 167 135  96
  67  42 316  23  81 200 181 171 237  72 212  12]
Final time: 3.31437397003s - Best: 6183351-[221 229 232 237 239 240 241 238 231 230 312 224 220 219 216 215 109 108
 211 210 212 217 218 226 225 227 234 235 228 233 236 245 246 251 250 252
 255 261 262 267 266 263 260 256 253 265 264 259 257 254 249 142 143 146
 147 150 156 157 162 161 158 155 151 148 145 141 140 137 132 127 124 207
 125 126 133 134 135 136  33  34  13  12 114 115 119 116 123 128 131 130
 129 122 120 121 113 112 107 105 106 110 111   3   4   8   7  16  15  17
  24  25  26  23  18  27  22  19  11   2   0   1   5   6   9  10  14 102
  20  21  28  29  30  31  32 103  43  46  50  53  56  55  54  49  47  44
  39  48  58 104  63  66  67  70  77  81  82  83  78  76  71  72  75  79
  80  74  73  68  69  62  61  57  52  51  45  42  40  41  38  37 144 153
 149 152 154 159 160 163  59  60  65  64 171 172 175 182 186 187 188 183
 181 176 177 180 184 185 179 178 173 174 170 169 276 277 280 287 291 292
 294 293 288 286 281 282 278 283 284 290 285 289 295 302 300 301 305 306
 310 311 204 198 199 203 202 194 193 197 195 196 200 201 205 206  99  93
  94  98  97  92 101 100  96  95  91  90  84  85  88  89  87  86 189 190
 168 166 167 165 164 268 314 271 272 279 299 298 307 308 309 304 303 297
 296 275 274 270 269 317 248 247 244 243 223 222 213 214 117 118 139 138
 242 313 258 273 191 192 209 208  36  35 315 316]
Value - initial: 94143706, final: 6183351, improveup: 15.2253536958

data-line;i;94143706;f;6183351;t;3.31437397003;c;-2;fv;[6183351L];cv;-1;imp;15.2253536958;type;rvnd;inum;3;w;1

time;3.31437397003;man_time;0;neigh_time;0
man_time;0;man_merge_sol;0;man_best_sol;0;man_combine_sol;0

Waiting [0]
Terminating workers True 0 0
MPI TERMINATING
