pydf_home: /home/rodolfo/git/Sucuri
simple_pycuda_home: /home/rodolfo/git/simple-pycuda
wamca2016path: /home/rodolfo/git/wamca2016/
localpath: /home/rodolfo/git/dvnd-df/code/dvnd-df/src/
WAMCAPATH:/home/rodolfo/git/wamca2016/
param: {solution_index:6, solution_instance_index:4, multi_gpu:True, goal:False, problem_name:ml, number_of_moves:10, device_count:2, solver:rvnd, mpi_enabled:True, workers:1}
Using already created file:  wamca2016lib.so
Size: 783 - file name: 07_rat784.tsp

Value - initial: 71851706-[300 472  81 608 118 372 388 399  84 123 645 213 156 737  36 483 751 256
 636 551 341 285 390 747 355   1 230 410 345  50  74 501 569  92  67  80
 314 556 303 121 544 675 707  83 773 166 555 424 416 708 561 115 142 396
 647 449 668 120 545 218 359 282 584 657  75 516  90 348  40 175 106  35
   7 377 457 629 666  13 391 395 105 542 450 316 621 418 100 219 110 677
  18 624 484 233  98 590 205 417 459  41 324  85 281 670 335 319 640 184
 781 460 696 136 525 370 328 614 722 604 149 735 778  17 406 376 477 492
 533 165  52 363  10 656 609  78 485 563 734 593  53 583  31 131 739 174
 349 664  93 315 141 246 715 291 667 138 693 766 420 738 322 162  86  16
 204 412 706 672 572 317 529 408 189 689 375 236 232 543  58 195  96 168
 546 307 768 507 486 327 353 269 635 617  44  43 499 506 357 129 496 765
  59 278  32 249 267 746 700 366 771 198 560 254 268 163 365 603 180   9
 601 367 429 470 714 208 117 599 140 763  57 338 514 517 299 521 654 740
 462 116 284 655 676 155 780 466 580 686 515 164 729 226 564 167 108 777
 619  95 513 111 482 214 631  34 154 497 717 441 329 334 187 360 445 369
 216 122 193  64 107 200 508 611 126 532 312 724 537 745 581  37 733 241
 309 736 628 489  39 498 206 161 510 157 488 727 541 380 571 634 274 577
 135 558 196 660  56 704 290 172 644 602   5  46 600 361 171  76 336  72
 130 103 742 238 669 695   6 476 351 702  55  54 728 438 411 641 414 134
 720  45  42 638 752 504 762 394 758 473 535 623 379 579 536 524 653 436
 371  27 279 434  87   0 461 694  63 713 318 687 427 534 160 613 152 554
 712 710 725 678  20 520  97 159 490 721 591 347 422  48 280 104  15 207
 378 648 481 505 684 744 362  23  99 732   3 709 478 188 287 703 344 373
 463 326 723 586 756 389 682 565 464 681 455 313  21 761 289 487 627 305
 650 605 443 350 662 764 392 471 176 779 625 435 679   2 772 225 239 512
  60  51 442 182 652 430 209  70 760 143 217 356 716 570 575 293 125  94
 139 502 374 633 320 244 539 265  25 426 137 622 253 158 698 302 358 276
 257  12 630 331 776 573 183  11  89 402 425 124 332 731 550 582  65  88
 261 415 566 651  30  28 368 325 145 598 618 178 272 409 576  49 199 177
 589 343 553 467 330 132 354 480 743 750 705 102  29 748 401 479 690 774
 321 458 548  79 197 453 557 221 775 500  33 578  66 606 400 688 308  69
 404 552  47 568 626 567 264 146 311 385 212 637 451 242 475 298 547 632
 277 494 147 474 144   8 465 616 186 337 610 222 235 229 759 211 128 271
 185 114 202 342  26 493 252 612 227  24 419 538 431 468 352 203 523 133
 701 306 448 718 549 101 109 403  71 113 574 615 503 194 680 769 665 224
 594 383 364 770 215 456 333 446 260 452 181 248 518 240 697 190 754 658
   4 432 767 528 301 753 559 597 223 251 393 699 495 258  73 454 170 522
 191 384 683 148 346 231 339 562 639  82 237  77 405 323 228  68 439 387
 671 382 259 741 250 245 192 340 150 749  91 151 295 220 726 649 270 646
 292 596 273 663 469 398 413 588 661 296 255 540 444 642 692 283 587 243
 127 428 294 592 112 447 119 595 386 491 397 169  19 153  22  38 263 173
 421 201  14 526 620 674 527 275 730 433 286 440 719 643  61 437 691 262
 407 423 755 179 673 310 711 304 234 659 288 266 511 210 757 519 585 782
 531 247  62 607 685 530 509 297 381] - 71851706
Solver: RVND, number of workers: 1
Setting feeder affinity
I am the master. There are 1 mpi processes. (hostname = gpu01)
Roots [<pyDF.nodes.Feeder object at 0x7f4cf4981ad0>]
Starting 0
Main loop
I am worker 0
GPU0
set random seed!
Initial: 71851706-[300 472  81 608 118 372 388 399  84 123 645 213 156 737  36 483 751 256
 636 551 341 285 390 747 355   1 230 410 345  50  74 501 569  92  67  80
 314 556 303 121 544 675 707  83 773 166 555 424 416 708 561 115 142 396
 647 449 668 120 545 218 359 282 584 657  75 516  90 348  40 175 106  35
   7 377 457 629 666  13 391 395 105 542 450 316 621 418 100 219 110 677
  18 624 484 233  98 590 205 417 459  41 324  85 281 670 335 319 640 184
 781 460 696 136 525 370 328 614 722 604 149 735 778  17 406 376 477 492
 533 165  52 363  10 656 609  78 485 563 734 593  53 583  31 131 739 174
 349 664  93 315 141 246 715 291 667 138 693 766 420 738 322 162  86  16
 204 412 706 672 572 317 529 408 189 689 375 236 232 543  58 195  96 168
 546 307 768 507 486 327 353 269 635 617  44  43 499 506 357 129 496 765
  59 278  32 249 267 746 700 366 771 198 560 254 268 163 365 603 180   9
 601 367 429 470 714 208 117 599 140 763  57 338 514 517 299 521 654 740
 462 116 284 655 676 155 780 466 580 686 515 164 729 226 564 167 108 777
 619  95 513 111 482 214 631  34 154 497 717 441 329 334 187 360 445 369
 216 122 193  64 107 200 508 611 126 532 312 724 537 745 581  37 733 241
 309 736 628 489  39 498 206 161 510 157 488 727 541 380 571 634 274 577
 135 558 196 660  56 704 290 172 644 602   5  46 600 361 171  76 336  72
 130 103 742 238 669 695   6 476 351 702  55  54 728 438 411 641 414 134
 720  45  42 638 752 504 762 394 758 473 535 623 379 579 536 524 653 436
 371  27 279 434  87   0 461 694  63 713 318 687 427 534 160 613 152 554
 712 710 725 678  20 520  97 159 490 721 591 347 422  48 280 104  15 207
 378 648 481 505 684 744 362  23  99 732   3 709 478 188 287 703 344 373
 463 326 723 586 756 389 682 565 464 681 455 313  21 761 289 487 627 305
 650 605 443 350 662 764 392 471 176 779 625 435 679   2 772 225 239 512
  60  51 442 182 652 430 209  70 760 143 217 356 716 570 575 293 125  94
 139 502 374 633 320 244 539 265  25 426 137 622 253 158 698 302 358 276
 257  12 630 331 776 573 183  11  89 402 425 124 332 731 550 582  65  88
 261 415 566 651  30  28 368 325 145 598 618 178 272 409 576  49 199 177
 589 343 553 467 330 132 354 480 743 750 705 102  29 748 401 479 690 774
 321 458 548  79 197 453 557 221 775 500  33 578  66 606 400 688 308  69
 404 552  47 568 626 567 264 146 311 385 212 637 451 242 475 298 547 632
 277 494 147 474 144   8 465 616 186 337 610 222 235 229 759 211 128 271
 185 114 202 342  26 493 252 612 227  24 419 538 431 468 352 203 523 133
 701 306 448 718 549 101 109 403  71 113 574 615 503 194 680 769 665 224
 594 383 364 770 215 456 333 446 260 452 181 248 518 240 697 190 754 658
   4 432 767 528 301 753 559 597 223 251 393 699 495 258  73 454 170 522
 191 384 683 148 346 231 339 562 639  82 237  77 405 323 228  68 439 387
 671 382 259 741 250 245 192 340 150 749  91 151 295 220 726 649 270 646
 292 596 273 663 469 398 413 588 661 296 255 540 444 642 692 283 587 243
 127 428 294 592 112 447 119 595 386 491 397 169  19 153  22  38 263 173
 421 201  14 526 620 674 527 275 730 433 286 440 719 643  61 437 691 262
 407 423 755 179 673 310 711 304 234 659 288 266 511 210 757 519 585 782
 531 247  62 607 685 530 509 297 381]
Final time: 14.6383039951s - Best: 3406203-[300 311 317 325 339 347 350 353 359 374 379 385 380 382 372 367 384 387
 402 414 413 399 401 415 433 436 447 463 469 468 466 476 482 490 499 514
 528 534 535 540 555 576 569 564 557 542 526 521 523 513 519 501 508 524
 527 543 536 558 572 580 603 592 605 615 636 646 669 675 673 667 666 663
 649 641 631 628 614 617 609 604 600 599 613 632 652 653 661 672 707 715
 722 729 730 745 740 755 751 741 723 714 702 695 716 713 710 711 728 743
 752 766 770 774 782 781 763 780 779 769 762 749 726 700 699 709 694 698
 719 718 706 691 690 697 712 732 736 753 754 720 725 739 747 765 773 772
 776 778 767 758 756 757 742 738 731 735 744 759 764 771 760 746 733 737
 724 703 696 682 671 664 677 687 708 704 705 689 679 684 678 670 658 651
 647 644 654 659 643 656 648 660 668 665 650 645 635 629 621 608 590 583
 586 602 606 620 627 616 618 612 640 633 626 611 589 598 587 577 565 562
 551 556 546 539 538 530 517 518 512 494 491 485 462 454 459 472 455 448
 423 429 425 432 421 437 442 452 451 457 465 483 484 505 511 507 516 533
 529 550 553 561 578 560 568 597 596 585 593 610 625 637 639 623 595 579
 567 575 559 547 532 525 510 498 481 471 444 435 428 422 400 406 396 381
 386 389 383 362 351 342 358 355 343 357 334 326 318 322 338 345 352 364
 375 392 407 408 409 376 369 349 346 344 332 320 321 302 291 280 268 252
 250 261 274 256 236 225 220 212 200 182 187 196 190 188 202 219 227 228
 243 259 262 270 271 240 251 244 222 213 206 191 177 173 165 144 147 141
 148 134 133 121 113 108 105 100  78  83  86  74  95  90  72  65  42  37
  12  10   3  33  27  23  59  54  43  26  25  20  15  31  13  21  34  49
  61  53  41  50  68  77  89 103 112 118 130 131 140 129 128 102  91  71
  81  85  67  84  98 101 104 107 111  94  88  73  76  63  70  60  58  35
  30  19   7  29  18   4   2   9   8  11  32  28  38  62  57  52  46  17
   6   1  22  40  45  64  82  93 110 106  99  80  66  69  79  56  44  36
  16   0  14  24  51  48  55  87  96 109 114 122 116 124 145 138 146 154
 159 174 183 195 194 204 185 179 171 184 214 215 234 241 235 238 245 254
 275 276 288 304 312 301 293 277 272 273 285 298 290 305 292 315 306 299
 289 258 257 267 266 255 242 248 247 230 226 221 203 207 201 186 161 155
 150 135 119 151 160 142 136 132 115 127 139 162 175 178 197 199 216 231
 232 224 218 208 210 211 205 189 168 156 137 117 125 120 123 143 149 164
 163 172 158 153 166 157 167 169 193 180 176 170 192 198 217 233 253 284
 279 264 263 237 246 260 278 283 295 296 303 313 314 328 356 366 354 340
 330 308 297 319 323 333 341 361 360 348 336 337 309 307 287 282 281 286
 294 310 329 335 371 390 410 417 416 418 434 430 438 456 500 506 520 504
 493 495 496 486 473 479 488 492 487 474 464 449 445 431 439 446 426 411
 397 377 378 368 373 395 398 393 405 403 412 420 427 441 450 453 467 477
 497 531 544 548 566 581 591 594 573 549 537 545 509 502 480 470 478 460
 443 461 489 503 515 522 554 582 584 601 607 619 622 624 634 642 655 657
 676 681 686 662 571 552 570 574 588 630 638 688 692 701 693 727 750 748
 761 775 777 768 734 717 721 674 680 683 685 563 541 475 458 440 419 404
 391 388 365 370 331 324 316 327 269 265 229 223 239 249 209 181 152 126
  97  75  47  92   5  39 363 424 394]
Value - initial: 71851706, final: 3406203, improveup: 21.0943698893

data-line;i;71851706;f;3406203;t;14.6383039951;c;-2;fv;[3406203L];cv;-1;imp;21.0943698893;type;rvnd;inum;6;w;1

time;14.6383039951;man_time;0;neigh_time;0
man_time;0;man_merge_sol;0;man_best_sol;0;man_combine_sol;0

Waiting [0]
Terminating workers True 0 0
MPI TERMINATING
