pydf_home: /home/rodolfo/git/Sucuri
simple_pycuda_home: /home/rodolfo/git/simple-pycuda
wamca2016path: /home/rodolfo/git/wamca2016/
localpath: /home/rodolfo/git/dvnd-df/code/dvnd-df/src/
WAMCAPATH:/home/rodolfo/git/wamca2016/
param: {solution_index:6, solution_instance_index:14, multi_gpu:True, goal:False, problem_name:ml, number_of_moves:10, device_count:2, solver:rvnd, mpi_enabled:True, workers:1}
Using already created file:  wamca2016lib.so
Size: 783 - file name: 07_rat784.tsp

Value - initial: 67439625-[450 659 157 550 141 653 201 266 218 558 572 707 248  23  24  21 225 206
 284 534 398 731 278 235 664 593 581 672 481 446 662  69 464 715 371  18
 772 600 608 533 595 230 616 714  72 553  57  15   4 328 401 417 603 647
 365 749 492 388 705 451 442 695 347 138 113 391 423 612 419 319 552 410
 758 635 276 614 514 770 751 585 263 541 287 310  67 738 372 762 196 431
  76 299 531 454 342 147 617 408 619 403 231  46 249 488 559 763 735 759
 422 574 281 548 748 140 457 352 641 368 135 465 546  77 628 123 469 103
 506  35 482 413 703 679 169 429 567 458 489 711  30 566 527 258 304 137
 424 613 200  66  82 651 477 535 590 386 609 536 505 656 363  26 781 171
 356 124 301  84 136 343 556 634  10 295 768 476 199 452 345 226 405 669
 139 598  65 384 366 699 542 509 190 615 621 380 766 474 173 102 337 569
 511 734 540 115 730 133 576 727 510 692 321  59 539 575  29 746 216 704
 774 267 153 497 568 655 622 407 292 503 434 460 255 582 415 260 447 202
 448 547 623 597 629 777 630 412 125 357 745 667 238 283 129 562  50 657
 599 771 516  71 500 107 439  81  54  89 485 430 517 236 315 508 243 461
 740 210 518 680 340 392 314  51 254 265 326 116 478  42 204 108 325 174
 686 279 725 367 480 674 341 473  33 195  58 333 565 490 253 691 747 610
 587 470 438 324 532 560 234 602 166 350 769 554 193   8 127 400  28 435
 778 369 449  37 208 687 144 654 555  40   7 229 197  12 373 498 578 305
 162 187 353 586  56 175 109 528  95 432 191 331 181 596 761  53 642 515
 302 677 303 309 537 443 693 164 241 143 105 387 427 495 399 270 117  45
 570 538 767 626 217 519 491 232 605 522  34 313 244 119 499 402 348 428
 146 732 346 420  61  19 374 755 441 233  49 306  38 170 487 131 114 192
  11 739 338 291 185 122 750 118 395 773 649 178 182  99 782  62 294 633
  52 311 604 416 521 312 502 706 631 645 584  44 643 765  80 277 493  43
 684 150 688 334 172 752 223 336 262 362 247  94 563 723 128 389 188 611
 219 712 592 411 433 154 694  88 222 396 335 318 212 760 344 323  20 160
 681 189 158  86 145  47 678 293 722 776 661 224  22 377 220 697 320 437
 652 713 382 290 349 494   3 591 198 179 221  74 271  27  92  63 486 709
 618 544 327 462 379 545 700 272  87 156 100 289 589 507 512 743 644 573
 440 779  68 744 445 120 756 370 444 685 639 453 286 376 285 524 269 213
 571 549 104 274  13 167 673 646 696 467 378  36 280 543 390 557 579 724
 710 237  75 288 530 676 148 414 580  64 282 501  55 666 479 675 409 112
 180 351 406 523 721 211 736  90 268 339 757 168 436 471 110 671 149 737
 360  96 257 259 322 264 242  73 186 690 355 719 717 250   1 132 183 300
 564 426 636 764 650 726 130 466  70 577 142 648 733 484 496 298 176 126
 475 472 663 308  32 698 111 561 459  48 121 163 607 421 332 245 716 658
 358 361 689 364   2 251   5 455  85 526  93 159 588  97 256 261  39 161
 718 214 632 397  16 468 701 106 240 456 381 227  83 728 228  60   6 525
  17 720 246  78 520   9 273 203 215 239  14 307 317 660 551 152  41 601
 393 404 297 134 329 624 583  31 504  91 682 177 155 741 205 753 640 625
 708 683 463 209 184 702 418 375 754 330 606 670 775 394 151 354 296 194
 594 742 780 637   0 252 513 665 483  79  98 627 316 668 275 383 207  25
 529 101 385 638 729 425 359 165 620] - 67439625
Solver: RVND, number of workers: 1
Setting feeder affinity
I am the master. There are 1 mpi processes. (hostname = gpu01)
Roots [<pyDF.nodes.Feeder object at 0x7f2ade85bad0>]
Starting 0
Main loop
I am worker 0
GPU0
set random seed!
Initial: 67439625-[450 659 157 550 141 653 201 266 218 558 572 707 248  23  24  21 225 206
 284 534 398 731 278 235 664 593 581 672 481 446 662  69 464 715 371  18
 772 600 608 533 595 230 616 714  72 553  57  15   4 328 401 417 603 647
 365 749 492 388 705 451 442 695 347 138 113 391 423 612 419 319 552 410
 758 635 276 614 514 770 751 585 263 541 287 310  67 738 372 762 196 431
  76 299 531 454 342 147 617 408 619 403 231  46 249 488 559 763 735 759
 422 574 281 548 748 140 457 352 641 368 135 465 546  77 628 123 469 103
 506  35 482 413 703 679 169 429 567 458 489 711  30 566 527 258 304 137
 424 613 200  66  82 651 477 535 590 386 609 536 505 656 363  26 781 171
 356 124 301  84 136 343 556 634  10 295 768 476 199 452 345 226 405 669
 139 598  65 384 366 699 542 509 190 615 621 380 766 474 173 102 337 569
 511 734 540 115 730 133 576 727 510 692 321  59 539 575  29 746 216 704
 774 267 153 497 568 655 622 407 292 503 434 460 255 582 415 260 447 202
 448 547 623 597 629 777 630 412 125 357 745 667 238 283 129 562  50 657
 599 771 516  71 500 107 439  81  54  89 485 430 517 236 315 508 243 461
 740 210 518 680 340 392 314  51 254 265 326 116 478  42 204 108 325 174
 686 279 725 367 480 674 341 473  33 195  58 333 565 490 253 691 747 610
 587 470 438 324 532 560 234 602 166 350 769 554 193   8 127 400  28 435
 778 369 449  37 208 687 144 654 555  40   7 229 197  12 373 498 578 305
 162 187 353 586  56 175 109 528  95 432 191 331 181 596 761  53 642 515
 302 677 303 309 537 443 693 164 241 143 105 387 427 495 399 270 117  45
 570 538 767 626 217 519 491 232 605 522  34 313 244 119 499 402 348 428
 146 732 346 420  61  19 374 755 441 233  49 306  38 170 487 131 114 192
  11 739 338 291 185 122 750 118 395 773 649 178 182  99 782  62 294 633
  52 311 604 416 521 312 502 706 631 645 584  44 643 765  80 277 493  43
 684 150 688 334 172 752 223 336 262 362 247  94 563 723 128 389 188 611
 219 712 592 411 433 154 694  88 222 396 335 318 212 760 344 323  20 160
 681 189 158  86 145  47 678 293 722 776 661 224  22 377 220 697 320 437
 652 713 382 290 349 494   3 591 198 179 221  74 271  27  92  63 486 709
 618 544 327 462 379 545 700 272  87 156 100 289 589 507 512 743 644 573
 440 779  68 744 445 120 756 370 444 685 639 453 286 376 285 524 269 213
 571 549 104 274  13 167 673 646 696 467 378  36 280 543 390 557 579 724
 710 237  75 288 530 676 148 414 580  64 282 501  55 666 479 675 409 112
 180 351 406 523 721 211 736  90 268 339 757 168 436 471 110 671 149 737
 360  96 257 259 322 264 242  73 186 690 355 719 717 250   1 132 183 300
 564 426 636 764 650 726 130 466  70 577 142 648 733 484 496 298 176 126
 475 472 663 308  32 698 111 561 459  48 121 163 607 421 332 245 716 658
 358 361 689 364   2 251   5 455  85 526  93 159 588  97 256 261  39 161
 718 214 632 397  16 468 701 106 240 456 381 227  83 728 228  60   6 525
  17 720 246  78 520   9 273 203 215 239  14 307 317 660 551 152  41 601
 393 404 297 134 329 624 583  31 504  91 682 177 155 741 205 753 640 625
 708 683 463 209 184 702 418 375 754 330 606 670 775 394 151 354 296 194
 594 742 780 637   0 252 513 665 483  79  98 627 316 668 275 383 207  25
 529 101 385 638 729 425 359 165 620]
Final time: 12.3185141087s - Best: 3373640-[450 453 446 439 449 464 474 487 501 508 524 527 543 536 558 572 571 570
 574 557 564 569 576 600 599 583 590 586 602 608 606 616 627 620 621 635
 629 632 630 638 609 617 641 631 628 614 603 592 605 615 607 594 591 581
 566 573 582 584 601 619 622 624 634 642 662 655 657 676 681 686 710 711
 713 716 714 702 695 693 669 675 673 667 666 663 672 661 653 652 645 650
 665 668 660 648 656 680 690 691 697 674 659 643 640 633 626 611 589 597
 596 593 585 579 567 575 559 547 532 525 510 505 484 483 465 457 451 452
 442 437 421 432 425 429 423 419 438 430 434 418 409 408 407 392 375 364
 370 365 357 343 334 326 318 322 338 352 345 331 315 306 299 289 292 305
 290 298 285 266 255 267 257 239 231 232 224 218 208 210 211 205 216 199
 197 178 175 162 168 156 163 164 172 182 187 166 153 158 143 149 137 117
 125 120 123 128 129 140 131 130 112 103  90  89  77  68  50  41  53  61
  49  60  58  70  63  76  73  88  94  97  75  93  82  64  57  52  46  45
  40  44  36  24  14   0  16  22   1   6  17  11   8  32  28   9   2   4
  18  29   7  19  35  30  34  21  13  31  15  20  25  26  43  54  59  72
  65  74  86 108 113 121 118 144 157 165 173 177 191 202 190 188 196 200
 212 220 225 243 228 227 219 240 244 251 271 270 262 259 282 287 307 309
 336 337 339 347 350 380 385 379 374 371 390 410 416 417 433 436 458 486
 496 495 493 504 520 506 500 499 514 512 518 517 494 472 455 448 459 454
 462 485 491 507 511 516 533 529 550 553 561 578 568 560 538 530 539 546
 556 577 565 562 563 555 534 535 540 541 526 521 523 513 492 488 479 473
 445 431 413 414 402 387 384 367 348 360 361 341 330 333 323 319 308 297
 283 278 260 246 263 264 296 295 303 313 328 340 354 373 368 378 395 398
 420 427 441 470 480 478 502 509 531 544 548 545 549 537 522 515 503 489
 461 460 443 412 405 403 393 366 356 314 284 279 253 233 217 213 222 206
 193 180 176 169 167 147 141 148 133 134 105 100  83  78  39  37  42  12
  10   3  33  27  23  71  91 102  81  85  67  84  98 101 104 107 111 115
 127 139 142 136 132 119 110 106  99  80  66  69  79  56  51  48  55  87
  96 109 114 126 135 150 155 161 152 159 154 146 138 122 116 124 145 171
 179 185 174 183 195 194 204 229 230 226 221 248 247 273 277 272 275 276
 288 304 312 301 327 342 355 358 351 362 383 389 386 381 400 406 396 388
 391 404 376 369 349 346 344 332 320 321 302 291 294 310 311 317 325 329
 335 359 353 363 372 382 399 401 415 447 463 469 468 466 476 482 490 528
 551 587 598 612 618 644 654 679 689 705 684 678 670 647 651 658 677 687
 708 704 717 734 744 735 731 721 738 742 757 758 756 732 712 706 683 698
 694 685 709 725 720 719 718 736 753 754 747 739 748 749 726 700 699 688
 692 715 707 701 723 741 740 722 729 730 745 755 751 750 727 743 728 752
 766 770 774 782 781 763 780 779 769 762 761 765 773 772 776 778 767 775
 764 759 771 760 777 768 746 733 737 724 703 696 682 671 664 639 637 623
 625 610 595 498 481 471 444 435 428 422 394 316 293 254 245 238 235 241
 269 265 234 214 215 184 151 160 186 203 201 207 223 242 258 280 268 249
 252 250 236 256 261 274 286 281 300 377 397 411 426 467 477 497 519 552
 580 636 646 649 613 604 588 542 475 440 456 424 324 189 181 209 237 198
 192 170  95  92  47  38  62   5 554]
Value - initial: 67439625, final: 3373640, improveup: 19.9901664078

data-line;i;67439625;f;3373640;t;12.3185141087;c;-2;fv;[3373640L];cv;-1;imp;19.9901664078;type;rvnd;inum;6;w;1

time;12.3185141087;man_time;0;neigh_time;0
man_time;0;man_merge_sol;0;man_best_sol;0;man_combine_sol;0

Waiting [0]
Terminating workers True 0 0
MPI TERMINATING
