pydf_home: /home/rodolfo/git/Sucuri
simple_pycuda_home: /home/rodolfo/git/simple-pycuda
wamca2016path: /home/rodolfo/git/wamca2016/
localpath: /home/rodolfo/git/dvnd-df/code/dvnd-df/src/
WAMCAPATH:/home/rodolfo/git/wamca2016/
param: {solution_index:6, solution_instance_index:23, multi_gpu:True, goal:False, problem_name:ml, number_of_moves:10, device_count:2, solver:rvnd, mpi_enabled:True, workers:1}
Using already created file:  wamca2016lib.so
Size: 783 - file name: 07_rat784.tsp

Value - initial: 69393099-[458 639 555 690 733 550 240 261 418 309 662 266 740 257 251 307 243  67
 357 464 461 677  82 533 438 754 301  99 355 737 368 526 170 356  51 437
 408 402 692 649 173 195 147 238 478 624 431  30 423 579 634 343 124 586
 143  53 568 549 775 285 750 527   1 722 115 366 658  28 674 776 398  22
 528 267 678 721 656  35 688 514 723 186 294 407 151 567  79 470 593 444
  75 153 546 192 717 486 305 685  98 687 312 578 541 209  58 445 113 669
 340 416 706 680 412  60 142 375 299 626 450 184 284 157 668  31 591 511
 377 265 314 320   5 671  49 506 561 774 484 442 577 180 441 427 228   3
 600 327 576 683 538 135 618 244 751 595 746 472 111 234 483 211 653  38
 316 417 501 587 491 764 332 139 770 365 205 625 772 505 219 133 341 467
 279 487 321  90 522 782 233 409 621 780 406  66 326 351 492 220 404 278
 405 739 440 271 194 459 313 515 302 556  25 403 657 426 488 144 201 693
 573 605  10 328 231 512  13 574 131 237 152 660 465 136 642 433 420 765
 496  21 202 387 242 629 508 329 435 582 268  96  87 391 738 159 736 719
 537 422 480 432 446 767 670 507 410 378 282 551 281 607 569 255 396 524
 616 323 163 227 352  42 214 421 106 530 310 364 633 710 632 466  76   6
 655 425 225 665 283 759 315 107 504 588 646 667 620 206 256 334 367  14
 643 114 731 652 372 122 360 246 311 353 109 254 781 560  77 154 371 179
 502 752 564 388  59 401 259 758 287 291 768 397 615 747 385 623 612 726
  92 778 300 436 338 110 606 729 500 260 689 696 779 120 559 277 637 636
 708 654 130 128 274 757 468 293 288 276 745 203 599  65 619 713 547 644
 342 182 659  73  11 393  16 166 631 613 204 742 178 602 476 724 485 286
 707 475 290 699 333 390 777  37 102  43  57 230 557 263 229 103 664 337
 258 702 239 617 684 716 594 471 193 304 165 566 495 672 661 198 703 773
 741 241 462  88 117 434 499 700 755 543 210  45  34 601 126  29 226 264
 516 570 701 554 718 197 519 221 697 191 297 245 714 698 298 463 181  80
 394 682 176 322 413 262  55 509 691 529  97  69  85 361 544 295 249 552
 370 164 358 350 411 273 592  40 454  95  50 213 532 138 137 140 430 424
 363 443 172 161 382 196 525 187 183 609 395  39  71 694  86 108 469 695
 336 272 572 711 676 344 766 679 651 581 761 452 303 455 735 610 216 762
 306 168 208 269 169 477 200 160 339 123 289 190  83 596 725 150  17 457
 346  41 449 611 590 374  24 732  81   7 490  70 185 325 520  32 628 252
 100 650 119 497 129 347 673 760  12  63 296  64 104 558 562 389 171 638
 553 535 563  33  23 675 439 207 222 354 292 247 146 349 217 753 614 771
 188 429 608 648 359 223 728 177 513 158  20 763 199 715 148  19 386  94
 604  48 534  84  15 494 253 453 149 275 330 132 280  44 155 248 580 641
 730  56 175   4 121 517 414   9 250 101 536 584 335  91 635 681 705  61
 712 324  52 474 145 224 380 539 392 362 489  74 162 105 428 704 415 212
 319 622 383 369  36  46 531  62 769 744 493 451 134  72 542 686 174 630
 373 598  18 379 419 627 720 218 640 482  68 448 734 521  27 156  54 381
 540 235 116 270 756 189 141 503 727 447 548 589 498 400 473 118 523  89
 666 317 645 331 318 585 583 749 345 597 743 571 215 127 709 112 479 384
 376 565 518 545 481  78   2 236 748 663  26 603   0 460  47 575   8 399
 167 647 456 125 308 510 348 232  93] - 69393099
Solver: RVND, number of workers: 1
Setting feeder affinity
I am the master. There are 1 mpi processes. (hostname = gpu01)
Roots [<pyDF.nodes.Feeder object at 0x7f7e8e4aead0>]
Starting 0
Main loop
I am worker 0
GPU0
set random seed!
Initial: 69393099-[458 639 555 690 733 550 240 261 418 309 662 266 740 257 251 307 243  67
 357 464 461 677  82 533 438 754 301  99 355 737 368 526 170 356  51 437
 408 402 692 649 173 195 147 238 478 624 431  30 423 579 634 343 124 586
 143  53 568 549 775 285 750 527   1 722 115 366 658  28 674 776 398  22
 528 267 678 721 656  35 688 514 723 186 294 407 151 567  79 470 593 444
  75 153 546 192 717 486 305 685  98 687 312 578 541 209  58 445 113 669
 340 416 706 680 412  60 142 375 299 626 450 184 284 157 668  31 591 511
 377 265 314 320   5 671  49 506 561 774 484 442 577 180 441 427 228   3
 600 327 576 683 538 135 618 244 751 595 746 472 111 234 483 211 653  38
 316 417 501 587 491 764 332 139 770 365 205 625 772 505 219 133 341 467
 279 487 321  90 522 782 233 409 621 780 406  66 326 351 492 220 404 278
 405 739 440 271 194 459 313 515 302 556  25 403 657 426 488 144 201 693
 573 605  10 328 231 512  13 574 131 237 152 660 465 136 642 433 420 765
 496  21 202 387 242 629 508 329 435 582 268  96  87 391 738 159 736 719
 537 422 480 432 446 767 670 507 410 378 282 551 281 607 569 255 396 524
 616 323 163 227 352  42 214 421 106 530 310 364 633 710 632 466  76   6
 655 425 225 665 283 759 315 107 504 588 646 667 620 206 256 334 367  14
 643 114 731 652 372 122 360 246 311 353 109 254 781 560  77 154 371 179
 502 752 564 388  59 401 259 758 287 291 768 397 615 747 385 623 612 726
  92 778 300 436 338 110 606 729 500 260 689 696 779 120 559 277 637 636
 708 654 130 128 274 757 468 293 288 276 745 203 599  65 619 713 547 644
 342 182 659  73  11 393  16 166 631 613 204 742 178 602 476 724 485 286
 707 475 290 699 333 390 777  37 102  43  57 230 557 263 229 103 664 337
 258 702 239 617 684 716 594 471 193 304 165 566 495 672 661 198 703 773
 741 241 462  88 117 434 499 700 755 543 210  45  34 601 126  29 226 264
 516 570 701 554 718 197 519 221 697 191 297 245 714 698 298 463 181  80
 394 682 176 322 413 262  55 509 691 529  97  69  85 361 544 295 249 552
 370 164 358 350 411 273 592  40 454  95  50 213 532 138 137 140 430 424
 363 443 172 161 382 196 525 187 183 609 395  39  71 694  86 108 469 695
 336 272 572 711 676 344 766 679 651 581 761 452 303 455 735 610 216 762
 306 168 208 269 169 477 200 160 339 123 289 190  83 596 725 150  17 457
 346  41 449 611 590 374  24 732  81   7 490  70 185 325 520  32 628 252
 100 650 119 497 129 347 673 760  12  63 296  64 104 558 562 389 171 638
 553 535 563  33  23 675 439 207 222 354 292 247 146 349 217 753 614 771
 188 429 608 648 359 223 728 177 513 158  20 763 199 715 148  19 386  94
 604  48 534  84  15 494 253 453 149 275 330 132 280  44 155 248 580 641
 730  56 175   4 121 517 414   9 250 101 536 584 335  91 635 681 705  61
 712 324  52 474 145 224 380 539 392 362 489  74 162 105 428 704 415 212
 319 622 383 369  36  46 531  62 769 744 493 451 134  72 542 686 174 630
 373 598  18 379 419 627 720 218 640 482  68 448 734 521  27 156  54 381
 540 235 116 270 756 189 141 503 727 447 548 589 498 400 473 118 523  89
 666 317 645 331 318 585 583 749 345 597 743 571 215 127 709 112 479 384
 376 565 518 545 481  78   2 236 748 663  26 603   0 460  47 575   8 399
 167 647 456 125 308 510 348 232  93]
Final time: 13.2927620411s - Best: 3455751-[458 475 463 469 468 466 482 490 499 514 528 534 535 540 555 563 562 565
 586 602 606 620 627 616 618 612 598 589 568 560 538 539 546 530 517 518
 512 494 472 459 448 423 429 425 432 421 404 391 388 396 406 424 442 452
 451 457 465 483 484 505 529 533 553 561 578 585 593 610 625 647 651 658
 664 671 682 696 703 724 733 737 746 760 771 764 759 744 735 731 742 738
 721 697 691 690 680 656 648 660 665 668 683 706 712 718 736 753 754 747
 739 748 749 726 729 730 745 740 722 715 707 701 675 673 666 667 669 662
 657 655 642 634 624 622 619 601 584 582 607 594 591 581 566 573 549 537
 545 548 544 531 509 502 503 489 478 480 470 477 467 453 446 439 426 411
 397 377 378 368 373 354 340 328 313 303 296 295 283 278 260 251 244 222
 213 217 198 192 170 148 133 134 105 108 113 121 141 147 144 157 165 173
 167 169 176 180 193 206 191 177 188 190 196 187 182 158 143 123 120 125
 117 107 104 101  76  73  88  94  97  75  82  93  80  66  69  79  44  56
  51  48  55  87  96 109 116 122 114 126 152 159 174 183 195 194 221 226
 248 247 272 277 273 285 266 255 242 223 207 201 197 178 175 162 168 156
 163 164 172 181 208 210 211 218 209 200 212 225 220 227 228 243 259 262
 270 271 287 282 281 286 274 261 250 252 268 249 258 257 267 290 305 324
 322 338 352 345 331 349 346 344 332 320 321 302 291 294 310 311 317 325
 329 335 353 359 374 379 385 380 382 372 363 350 347 339 337 336 348 360
 367 384 387 402 414 413 399 401 415 433 436 447 440 434 418 416 417 410
 390 371 369 376 392 407 408 409 430 438 456 476 500 506 504 520 541 526
 521 496 495 486 488 492 479 473 445 431 449 464 474 487 501 508 524 527
 543 536 519 513 523 542 557 564 569 576 583 590 608 621 629 635 650 645
 652 653 661 688 685 694 698 719 720 725 709 699 700 692 672 663 649 641
 631 628 614 609 617 638 630 632 613 599 600 604 588 574 570 571 558 572
 580 603 592 605 615 636 646 693 702 695 686 676 681 711 710 713 716 714
 727 723 741 751 755 763 780 779 769 762 761 765 773 772 776 778 767 758
 756 757 734 717 704 708 687 677 670 678 684 679 689 674 659 643 640 633
 626 611 597 596 579 567 575 559 547 532 525 510 498 481 471 444 435 428
 422 400 389 386 381 383 362 351 358 355 342 304 312 301 288 269 265 241
 235 234 214 215 204 185 179 171 145 124 138 146 154 161 155 150 135 119
 110 106  64  57  52  46  45  40  36  24  14   0  16  22   1   6  17  11
   8   9   2   4  28  32  38  47  29  18   7  19  35  30  34  21  13  31
  15  20  25  26  23  27  33   3  10  12   5  39  37  42  78  83  86  74
  65  72  95  90 103 112 118 130 131 140 129 128 102  91  71  50  41  53
  49  61  81  85  67  60  58  63  70  84  98 137 139 127 111 115 132 136
 142 151 160 186 203 230 229 238 245 254 276 275 293 316 327 343 357 365
 437 454 462 485 491 507 511 516 550 595 623 639 637 644 654 587 577 556
 551 455 419 375 364 370 334 326 318 298 292 315 306 299 289 280 239 231
 232 224 216 205 199 189 149 153 166  92  89  77  68  43  54  59 100 233
 253 284 279 264 263 237 246 240 219 202 236 256 300 309 307 319 297 308
 323 333 361 341 330 314 356 366 393 403 405 412 398 395 420 427 450 441
 443 460 461 515 522 554 728 743 752 766 770 774 782 781 750 732 775 777
 768 705 552 497 493 394 184  99  62]
Value - initial: 69393099, final: 3455751, improveup: 20.0804684713

data-line;i;69393099;f;3455751;t;13.2927620411;c;-2;fv;[3455751L];cv;-1;imp;20.0804684713;type;rvnd;inum;6;w;1

time;13.2927620411;man_time;0;neigh_time;0
man_time;0;man_merge_sol;0;man_best_sol;0;man_combine_sol;0

Waiting [0]
Terminating workers True 0 0
MPI TERMINATING
