pydf_home: /home/rodolfo/git/Sucuri
simple_pycuda_home: /home/rodolfo/git/simple-pycuda
wamca2016path: /home/rodolfo/git/wamca2016/
localpath: /home/rodolfo/git/dvnd-df/code/dvnd-df/src/
WAMCAPATH:/home/rodolfo/git/wamca2016/
param: {solution_index:6, solution_instance_index:61, multi_gpu:True, goal:False, problem_name:ml, number_of_moves:10, device_count:2, solver:rvnd, mpi_enabled:True, workers:1}
Using already created file:  wamca2016lib.so
Size: 783 - file name: 07_rat784.tsp

Value - initial: 68431825-[583 493 602  30 217  46 762 721 290 682 588  57 265 322 354 530 279 210
 551 673 540 238 254 629 593 504 477 591 372 140 506 558 313 632 397 653
 287 484 404 332 678 139 576 564 465 361  81 233 731  79 770 502 670 577
 621 168 757 453 709 108 176 181 118 122 153 244 385 204 535 531 771 517
 550 722 264 387  87 138 177 184  48 384 120 271 326  39  42 225 323 533
  89 490 634 742 711 142  91 610 635 216 321 208  26 601 201 725 598 568
 252  56 726 442 492 450 702 557 759 405 143  54 760 274 764 374  24 150
 559 539 116 775 432 339 522 733 305 284 664 735 409 499 371 433 469 637
 425 585 743 772 337 424 545   1 542 488 333 161 514 388 163 461  83  27
 631 390 307  23 199  72 620 362 520 491 356 468 206 615 744 619 628 541
 157 211 231 266  70 441 149 100 399 423 194 605 226 657 272 524 708 283
  35 105 547 406  67 327 459 179 402 269 230 145 571 106 586 448 310 275
 669 347 348 703  66  49 408 512 160 616 243 197 353 496  41 350 364  99
  33 289 460 258 741  69 306 165 536 227 511 580 320 351 291 693 236 622
  38 723 144 260 656 544 729 659 478  32 182 745   5 574  96 717 781 190
 335 198 340 403 613 421 151 134 481 455 141  14 666 381 694 297 681 625
 727  52 579 457 123 452  21 331 382 521 773 276  85 467 415 680 234 515
 603 112 667 251 349 191 214   2 700 147 369 471  62  44 262  93 609  12
 132 630 437 732 627 414 103 482 608 683 748 599 697 435 483 617 207 383
 133 758 286 648 247 651 611 740  76 113 710 125 713 660   4 232 618 776
 344 317 200 203 516 392 687 419 675 256 270 228  78  97   7 554 355 189
 137 464  55 756 295 676 543 401 456 420 245 249  37 396 186 706 280 296
 136 212 379 288 560 263 738 672 380 308  84 655 626 277 734 253 661 730
 612   9 202  74 645 548 166 562 394 640 719 534 436 688 451 373 684 763
  25 407 500 553  94 205 299 454 778 753 501 487 395 114  16 352 449 685
 578 293  77 115 746 639 300 127  47 429 646 413 463   3 164  95 475 689
 782 183 546 779 325 195 754 131  58 537 624 518 343 556 739 552 519 595
 633 278 485 294 529 375 221 445 718 135 370 104 303  50 426 218 665  75
 171 319 575  19 607 654  90 513 572 158 714 489 346 159 173 146 178 273
 567 329 658 309 312 162 360 334 411 130 417 119 170 765 750 268 636 301
 686 472 582 495  61 318 412  28  82 240  59 109 311 569 479 215 285 242
   0 365 749  98 440 359  86 589 642 652 102 316 780  53 614 239 650 470
 526 720 596 180 476 430 209 538 229  88 341 466 187 124 737  11 486 443
  51 751 298 117 458 507 330 292 528 174 505 736  63 428 570 747 235 128
 597 679  34 129 474 503 391 707 691 724  20 716 175 328 623 755   6 185
 237 677 193 377 606 172 250 282 510  17 767 302 336 416 152 418 107 695
  68 439 192  43 378 447 647 410 427 701 497 148  73 532 363 224 111 761
  64 549 267  65 257 154 581 494 644 241 587 692 663 259  15 705 643 769
 398  92 527 690 523 752 345 668 222 584 393 367 641 366  29 704 219 600
  22 777 566 314 342 196 304 223  18 728 220 525 555 480  71 766 126 422
  36 167 696 315  13 431 400  45 438 324 712 101 563 561 386 462 699  80
 768 261 674  10 281 774 246  31 434 592 248  60 638  40 671 110   8 698
 357 444 338 508 121 155 565 368 376 590 188 446 498 389 594 473 662 213
 255 715 649 358 156 509 604 573 169] - 68431825
Solver: RVND, number of workers: 1
Setting feeder affinity
I am the master. There are 1 mpi processes. (hostname = gpu01)
Roots [<pyDF.nodes.Feeder object at 0x7fc51fd4dad0>]
Starting 0
Main loop
I am worker 0
GPU0
set random seed!
Initial: 68431825-[583 493 602  30 217  46 762 721 290 682 588  57 265 322 354 530 279 210
 551 673 540 238 254 629 593 504 477 591 372 140 506 558 313 632 397 653
 287 484 404 332 678 139 576 564 465 361  81 233 731  79 770 502 670 577
 621 168 757 453 709 108 176 181 118 122 153 244 385 204 535 531 771 517
 550 722 264 387  87 138 177 184  48 384 120 271 326  39  42 225 323 533
  89 490 634 742 711 142  91 610 635 216 321 208  26 601 201 725 598 568
 252  56 726 442 492 450 702 557 759 405 143  54 760 274 764 374  24 150
 559 539 116 775 432 339 522 733 305 284 664 735 409 499 371 433 469 637
 425 585 743 772 337 424 545   1 542 488 333 161 514 388 163 461  83  27
 631 390 307  23 199  72 620 362 520 491 356 468 206 615 744 619 628 541
 157 211 231 266  70 441 149 100 399 423 194 605 226 657 272 524 708 283
  35 105 547 406  67 327 459 179 402 269 230 145 571 106 586 448 310 275
 669 347 348 703  66  49 408 512 160 616 243 197 353 496  41 350 364  99
  33 289 460 258 741  69 306 165 536 227 511 580 320 351 291 693 236 622
  38 723 144 260 656 544 729 659 478  32 182 745   5 574  96 717 781 190
 335 198 340 403 613 421 151 134 481 455 141  14 666 381 694 297 681 625
 727  52 579 457 123 452  21 331 382 521 773 276  85 467 415 680 234 515
 603 112 667 251 349 191 214   2 700 147 369 471  62  44 262  93 609  12
 132 630 437 732 627 414 103 482 608 683 748 599 697 435 483 617 207 383
 133 758 286 648 247 651 611 740  76 113 710 125 713 660   4 232 618 776
 344 317 200 203 516 392 687 419 675 256 270 228  78  97   7 554 355 189
 137 464  55 756 295 676 543 401 456 420 245 249  37 396 186 706 280 296
 136 212 379 288 560 263 738 672 380 308  84 655 626 277 734 253 661 730
 612   9 202  74 645 548 166 562 394 640 719 534 436 688 451 373 684 763
  25 407 500 553  94 205 299 454 778 753 501 487 395 114  16 352 449 685
 578 293  77 115 746 639 300 127  47 429 646 413 463   3 164  95 475 689
 782 183 546 779 325 195 754 131  58 537 624 518 343 556 739 552 519 595
 633 278 485 294 529 375 221 445 718 135 370 104 303  50 426 218 665  75
 171 319 575  19 607 654  90 513 572 158 714 489 346 159 173 146 178 273
 567 329 658 309 312 162 360 334 411 130 417 119 170 765 750 268 636 301
 686 472 582 495  61 318 412  28  82 240  59 109 311 569 479 215 285 242
   0 365 749  98 440 359  86 589 642 652 102 316 780  53 614 239 650 470
 526 720 596 180 476 430 209 538 229  88 341 466 187 124 737  11 486 443
  51 751 298 117 458 507 330 292 528 174 505 736  63 428 570 747 235 128
 597 679  34 129 474 503 391 707 691 724  20 716 175 328 623 755   6 185
 237 677 193 377 606 172 250 282 510  17 767 302 336 416 152 418 107 695
  68 439 192  43 378 447 647 410 427 701 497 148  73 532 363 224 111 761
  64 549 267  65 257 154 581 494 644 241 587 692 663 259  15 705 643 769
 398  92 527 690 523 752 345 668 222 584 393 367 641 366  29 704 219 600
  22 777 566 314 342 196 304 223  18 728 220 525 555 480  71 766 126 422
  36 167 696 315  13 431 400  45 438 324 712 101 563 561 386 462 699  80
 768 261 674  10 281 774 246  31 434 592 248  60 638  40 671 110   8 698
 357 444 338 508 121 155 565 368 376 590 188 446 498 389 594 473 662 213
 255 715 649 358 156 509 604 573 169]
Final time: 14.4967050552s - Best: 3425598-[583 590 586 602 608 606 616 627 620 621 635 629 632 630 638 617 609 588
 570 571 572 580 603 614 628 631 641 649 663 666 667 673 675 701 707 715
 723 714 702 695 693 686 681 676 657 655 662 669 646 636 615 605 592 581
 591 594 607 624 622 619 601 584 582 573 566 531 544 548 545 549 537 522
 515 503 489 461 460 443 412 403 405 393 398 395 373 368 378 377 361 360
 348 367 384 387 402 414 413 399 401 382 380 385 379 374 390 410 417 416
 418 409 408 407 419 423 429 425 404 391 388 396 381 386 389 400 406 424
 444 451 457 452 442 437 421 432 454 462 485 491 494 512 518 517 507 511
 516 505 510 525 532 547 550 529 533 553 561 578 597 596 585 593 610 625
 623 637 639 664 671 682 696 703 724 733 737 746 760 771 764 759 744 734
 717 735 731 738 742 757 758 756 767 778 776 772 773 754 753 736 732 712
 697 691 690 680 674 689 679 659 654 670 678 684 705 704 708 687 677 658
 651 647 644 633 626 611 598 589 568 560 538 530 539 546 556 577 565 562
 563 555 540 535 534 520 504 506 500 499 490 482 476 456 438 430 434 440
 433 436 447 463 469 468 475 493 495 496 521 523 552 558 536 543 527 524
 519 513 492 488 479 473 464 474 487 501 508 497 477 467 453 450 441 427
 420 397 372 363 337 339 347 350 353 335 329 321 320 332 344 346 349 331
 315 306 299 289 292 290 305 324 322 318 326 334 338 345 352 364 370 365
 357 343 355 358 362 351 342 312 304 288 269 265 241 235 238 245 254 276
 275 277 272 273 248 247 230 226 221 242 255 266 267 257 258 239 223 207
 201 203 186 178 175 162 168 156 137 117 125 120 123 143 149 158 153 140
 131 130  92  89  77  68  54  43  27  23  26  25  20  15  31  13  21  34
  41  50  53  61  49  60  58  70  63  47  29  35  30  19   7  18   4   2
   9   8  11  17   6   1  22  16   0  14  24  36  44  56  51  48  55  87
  96 109 116 122 138 146 154 159 174 171 179 185 204 194 195 183 161 155
 150 151 142 136 132 115 139 127 111  94  97  75  82  93 110 106  99  79
  69  80  66  40  45  64  46  52  57  32  28  38  62  88  73  76 101 104
 107  98  84  67  85  81  71  91 102 128 129 166 188 190 196 187 182 172
 164 163 181 209 200 212 225 220 227 228 243 256 274 261 250 252 218 208
 210 211 205 216 224 232 231 249 268 280 291 302 294 310 325 317 311 300
 286 281 282 287 309 307 319 323 308 297 295 303 296 263 264 237 246 260
 278 283 271 270 262 259 240 251 244 222 213 206 191 177 173 169 167 165
 157 144 147 118 112 103  90  95  72  59  33   3  10  12  37  42  65  74
  86  83  78 100 105 108 113 121 141 148 133 134 170 176 180 193 192 198
 217 233 253 279 284 314 313 328 356 366 354 340 330 333 341 411 426 446
 439 449 431 445 458 486 526 542 557 564 569 576 599 600 613 653 652 645
 650 665 668 683 706 718 719 720 725 739 747 765 761 769 762 749 748 726
 729 730 745 779 780 763 781 782 774 770 766 752 743 728 711 710 713 716
 727 750 751 755 741 740 722 692 700 699 688 709 685 694 698 660 648 656
 643 640 618 612 587 551 528 514 472 455 448 459 484 465 483 579 595 575
 567 559 498 481 471 435 428 422 394 383 327 301 293 316 298 285 229 215
 234 214 184 145 124 114 126 152 135 119 160 197 199 189 236 359 371 369
 376 375 392 466 541 574 604 661 672 642 634 554 509 502 478 480 470 415
 336 219 202  39   5 721 768 777 775]
Value - initial: 68431825, final: 3425598, improveup: 19.9766070041

data-line;i;68431825;f;3425598;t;14.4967050552;c;-2;fv;[3425598L];cv;-1;imp;19.9766070041;type;rvnd;inum;6;w;1

time;14.4967050552;man_time;0;neigh_time;0
man_time;0;man_merge_sol;0;man_best_sol;0;man_combine_sol;0

Waiting [0]
Terminating workers True 0 0
MPI TERMINATING
