pydf_home: /home/rodolfo/git/Sucuri
simple_pycuda_home: /home/rodolfo/git/simple-pycuda
wamca2016path: /home/rodolfo/git/wamca2016/
localpath: /home/rodolfo/git/dvnd-df/code/dvnd-df/src/
WAMCAPATH:/home/rodolfo/git/wamca2016/
param: {solution_index:3, solution_instance_index:2, multi_gpu:True, goal:False, problem_name:ml, number_of_moves:10, device_count:2, solver:rvnd, mpi_enabled:True, workers:1}
Using already created file:  wamca2016lib.so
Size: 318 - file name: 04_lin318.tsp

Value - initial: 94024504-[  1 247   0  98 109   7 132  71  61  83  75 213 193 126 251 230 127 316
 309 224 317  52 180 278 134 267  41  13 294 273 168 271 274 282 232 128
   3 195 249 208 131  23  68  42  95  24 289  99  97  28 301 140 121 264
 268  43 148   4   8 308 176 202 158 101   6 280 256 203 108 138  35 200
 245  18  76 142 149 146  84 130 290 257  44  36 112 114 244 314 296  32
 164 116 173 205 311  37  91 288 218 178 299 209 260 310  87 222 175  69
 152  39  73 216 246 145 118 192 297 136 292 305  80   9 265 161 261 189
 143 106 313  14 100 104 237  19 239 107 269  72  89 157 227 241  10 215
 279 225 275  60 115  38 150 220 234  88 166  26 248  90  67  15 197 120
 283 214 254 129  27 236 184 211 137 270 151 253 123 206 255 252 159 172
  74 204 221 286 135 302  31  49 102 181 160  78 307  22 187 315 201 141
 182 183  66 122 103 291  16 228  64 163 262 111 162 219 174 191 153 199
  54 284 287 293   5  59  34 300 303 165  47 263 223 196 169 266  86 207
  77 210  12 144 238 272  53 190  40  45 188  57 298 105 235  79  46 276
 185 277 285  11  56  25 171 133  93  94 117  20 304  58 259 231 154   2
 177  65 242  55  96  51  81  21 139 147 312 125  62 119 124  50  29 179
 113 156 155  70 212 170  17 306  85 250 243 281 194 295  63  82  33  48
 226 240 233 217 110 198  92 186  30 229 258 167] - 94024504
Solver: RVND, number of workers: 1
Setting feeder affinity
I am the master. There are 1 mpi processes. (hostname = gpu01)
Roots [<pyDF.nodes.Feeder object at 0x7efe1c35aad0>]
Starting 0
Main loop
I am worker 0
GPU0
set random seed!
Initial: 94024504-[  1 247   0  98 109   7 132  71  61  83  75 213 193 126 251 230 127 316
 309 224 317  52 180 278 134 267  41  13 294 273 168 271 274 282 232 128
   3 195 249 208 131  23  68  42  95  24 289  99  97  28 301 140 121 264
 268  43 148   4   8 308 176 202 158 101   6 280 256 203 108 138  35 200
 245  18  76 142 149 146  84 130 290 257  44  36 112 114 244 314 296  32
 164 116 173 205 311  37  91 288 218 178 299 209 260 310  87 222 175  69
 152  39  73 216 246 145 118 192 297 136 292 305  80   9 265 161 261 189
 143 106 313  14 100 104 237  19 239 107 269  72  89 157 227 241  10 215
 279 225 275  60 115  38 150 220 234  88 166  26 248  90  67  15 197 120
 283 214 254 129  27 236 184 211 137 270 151 253 123 206 255 252 159 172
  74 204 221 286 135 302  31  49 102 181 160  78 307  22 187 315 201 141
 182 183  66 122 103 291  16 228  64 163 262 111 162 219 174 191 153 199
  54 284 287 293   5  59  34 300 303 165  47 263 223 196 169 266  86 207
  77 210  12 144 238 272  53 190  40  45 188  57 298 105 235  79  46 276
 185 277 285  11  56  25 171 133  93  94 117  20 304  58 259 231 154   2
 177  65 242  55  96  51  81  21 139 147 312 125  62 119 124  50  29 179
 113 156 155  70 212 170  17 306  85 250 243 281 194 295  63  82  33  48
 226 240 233 217 110 198  92 186  30 229 258 167]
Final time: 7.00691890717s - Best: 6201247-[  1   0   5   6   9  10  14  20  21  28 102  19  22  27  29  30  31  32
 103  39  48  55  54  49  47  44  43  46  50  53  56  57  52  51  45  42
  40  41  36  35  26  23  18  25  24  17  15  16  13  12   4   3 105 106
 110 111 114 115 119 207 125 126 133 136 135 134 132 127 131 128 123 120
 121 122 129 130 140 141 146 145 147 150 156 157 162 158 161 209 168 171
 172 175 176 181 183 188 182 186 187 189  86  87 195 196 200 201 205 206
  99  93  94  89  88  85  83  84  82  81  77  70  67  66  71  76  78  72
  75  79  80  74  73  68  69  61  62  60  59 163 160 159 154 153 144 149
 152 155 151 148 208 137 124 116 112 113 109 108 210 211 215 216 219 220
 117 118 224 230 231 238 312 229 232 237 236 233 228 225 226 227 234 235
 242 239 240 241 138 139 143 142 249 254 257 259 264 265 268 164 165 167
 166 173 177 180 184 185 179 178 174 170 169 280 277 276 273 278 279 283
 284 290 282 285 289 295 288 286 281 293 287 291 292 294 191 192 194 193
 190 197 202 203 199 198 300 301 305 306 204 311 310 302 298 299 307 308
 309 304 303 297 296 274 275 272 271 314 266 263 260 256 253 250 251 252
 255 261 262 267 270 269 317 248 247 244 243 223 222 213 214 218 217 212
 221 246 245 313 258  64  65  98  97  92 101 100  96  95  91  90  63 104
  58 316 315  11   2   7   8  34  33  37  38 107]
Value - initial: 94024504, final: 6201247, improveup: 15.1621930234

data-line;i;94024504;f;6201247;t;7.00691890717;c;-2;fv;[6201247L];cv;-1;imp;15.1621930234;type;rvnd;inum;3;w;1

time;7.00691890717;man_time;0;neigh_time;0
man_time;0;man_merge_sol;0;man_best_sol;0;man_combine_sol;0

Waiting [0]
Terminating workers True 0 0
MPI TERMINATING
