pydf_home: /home/rodolfo/git/Sucuri
simple_pycuda_home: /home/rodolfo/git/simple-pycuda
wamca2016path: /home/rodolfo/git/wamca2016/
localpath: /home/rodolfo/git/dvnd-df/code/dvnd-df/src/
WAMCAPATH:/home/rodolfo/git/wamca2016/
param: {solution_index:2, solution_instance_index:50, multi_gpu:True, goal:False, problem_name:ml, number_of_moves:10, device_count:2, solver:rvnd, mpi_enabled:True, workers:1}
Using already created file:  wamca2016lib.so
Size: 226 - file name: 03_pr226.tsp

Value - initial: 192701296-[ 49 199 131   2 144   6  95  76 172 154  17  87  37  24 108 103 216  36
   3  88 137 153 124 205  58  46 187  31  45 136 132 138 143 130  71  53
 214  50 203  75 183 221 207  38 209 193  99  54 174 171 129  39 181 179
  83 219 101  89 109 111 166  98 122  85 123  90 186 148  44 208 156 213
 212  56 180   8 110 115   4  33  86 188 162  65  16 157 182 194 223 159
 121 104 142 158 107  77  96 164  66  51  11 146 225  42  55 113  93 152
 165  68 185  27  41  29 204  20  62  91  92  47 191 224  14 176 127  22
  72 105 184 128 116 200  84  25 206 114   1  23  70 211   7 163  59 147
   5 192  19 140  32 197 178 155  73 220 170  94  82  79 141  69 145  97
 177 126  57 120 210  63 217 119 134  61 118  30  13 117  34 150  78  64
 222  80 112 175 106 168   9  21 173  15 151 202 149  10 100  40 160 201
  35 190  12 167 102  43   0  52 161  18 189  26 196  28  60 198  48 195
 125 139 135  74  67 218 169 133 215  81] - 192701296
Solver: RVND, number of workers: 1
Setting feeder affinity
I am the master. There are 1 mpi processes. (hostname = gpu01)
Roots [<pyDF.nodes.Feeder object at 0x7fd261e09ad0>]
Starting 0
Main loop
I am worker 0
GPU0
set random seed!
Initial: 192701296-[ 49 199 131   2 144   6  95  76 172 154  17  87  37  24 108 103 216  36
   3  88 137 153 124 205  58  46 187  31  45 136 132 138 143 130  71  53
 214  50 203  75 183 221 207  38 209 193  99  54 174 171 129  39 181 179
  83 219 101  89 109 111 166  98 122  85 123  90 186 148  44 208 156 213
 212  56 180   8 110 115   4  33  86 188 162  65  16 157 182 194 223 159
 121 104 142 158 107  77  96 164  66  51  11 146 225  42  55 113  93 152
 165  68 185  27  41  29 204  20  62  91  92  47 191 224  14 176 127  22
  72 105 184 128 116 200  84  25 206 114   1  23  70 211   7 163  59 147
   5 192  19 140  32 197 178 155  73 220 170  94  82  79 141  69 145  97
 177 126  57 120 210  63 217 119 134  61 118  30  13 117  34 150  78  64
 222  80 112 175 106 168   9  21 173  15 151 202 149  10 100  40 160 201
  35 190  12 167 102  43   0  52 161  18 189  26 196  28  60 198  48 195
 125 139 135  74  67 218 169 133 215  81]
Final time: 6.00475096703s - Best: 7133683-[ 49  50  51  52  53  54  55  56  57  58  59  60  61  62  63 102 110 111
 104 103 112 113 105 106 114 115 107 108 116 117 109 118 125 127 119 120
 126 128 121 122 130 129 131 123 124 225 224 223 222 221 220 219 218 217
 216 215 214 213 212 211 210 209 208 207 206 205 204 203 202 201 200 199
 198 197 196 195 194 193 192 191 190 189 188 187 186 185 184 183 182 181
 180 179 178 177 176 175 174 173 172 171 170 169 168 167 166 165 164 163
 162 161 160 159 158 157 156 155 154 149 142 141 147 148 140 139 146 144
 138 137 145 143 136  93 101 100  92  91  99  98  90  89  97  96  87  88
  95  94  86  46  45  44  47  32  31  30  35  34  33  29  28  27  26  25
  24  23  22  21  20  19  18  17  16  15  12  11  10  14  13   9   8   7
   6   5   4   3   2   1   0  72  73  74  75  76  77  78  79  80  81  82
  83  84  85  71  70  67  66  68  69  65  64  48  43  36  37  38  41  42
  40 153 152 151 150 135 134 133 132  39]
Value - initial: 192701296, final: 7133683, improveup: 27.012876238

data-line;i;192701296;f;7133683;t;6.00475096703;c;-2;fv;[7133683L];cv;-1;imp;27.012876238;type;rvnd;inum;2;w;1

time;6.00475096703;man_time;0;neigh_time;0
man_time;0;man_merge_sol;0;man_best_sol;0;man_combine_sol;0

Waiting [0]
Terminating workers True 0 0
MPI TERMINATING
