pydf_home: /home/rodolfo/git/Sucuri
simple_pycuda_home: /home/rodolfo/git/simple-pycuda
wamca2016path: /home/rodolfo/git/wamca2016/
localpath: /home/rodolfo/git/dvnd-df/code/dvnd-df/src/
WAMCAPATH:/home/rodolfo/git/wamca2016/
param: {solution_index:0, solution_instance_index:5, multi_gpu:True, goal:False, problem_name:ml, number_of_moves:10, device_count:2, solver:rvnd, mpi_enabled:True, workers:1}
Using already created file:  wamca2016lib.so
Size: 52 - file name: 01_berlin52.tsp

Value - initial: 801954-[33 50 39  1 46 45  6 24 48 44  4 41 15 31  7 42  5 18 40 38 49 12 17 29 28
  2 27  0 30 51  3 25  8 47 19 35 22 13 34 23 20 11 14 10 16  9 37 36 32 26
 43 21] - 801954
Solver: RVND, number of workers: 1
Setting feeder affinity
I am the master. There are 1 mpi processes. (hostname = gpu01)
Roots [<pyDF.nodes.Feeder object at 0x7f347bdacad0>]
Starting 0
Main loop
I am worker 0
GPU0
set random seed!
Initial: 801954-[33 50 39  1 46 45  6 24 48 44  4 41 15 31  7 42  5 18 40 38 49 12 17 29 28
  2 27  0 30 51  3 25  8 47 19 35 22 13 34 23 20 11 14 10 16  9 37 36 32 26
 43 21]
Final time: 0.66043305397s - Best: 144802-[33 36 47 23  4  5 14 37 39 38 35 34 48 31  0 17 30 22 19 49 15 43 45 24  3
 42  9  8  7 40 18 44  2 16 20 41  6  1 29 28 46 25 27 26 12 13 51 10 50 11
 32 21]
Value - initial: 801954, final: 144802, improveup: 5.53827985801

data-line;i;801954;f;144802;t;0.66043305397;c;-2;fv;[144802L];cv;-1;imp;5.53827985801;type;rvnd;inum;0;w;1

time;0.66043305397;man_time;0;neigh_time;0
man_time;0;man_merge_sol;0;man_best_sol;0;man_combine_sol;0

Waiting [0]
Terminating workers True 0 0
MPI TERMINATING
