pydf_home: /home/rodolfo/git/Sucuri
simple_pycuda_home: /home/rodolfo/git/simple-pycuda
wamca2016path: /home/rodolfo/git/wamca2016/
localpath: /home/rodolfo/git/dvnd-df/code/dvnd-df/src/
WAMCAPATH:/home/rodolfo/git/wamca2016/
param: {solution_index:7, solution_instance_index:96, multi_gpu:True, goal:False, problem_name:ml, number_of_moves:10, device_count:2, solver:rvnd, mpi_enabled:True, workers:1}
Using already created file:  wamca2016lib.so
Size: 1001 - file name: 08_TRP-S1000-R1.tsp

Value - initial: 131863416-[ 79 676 162 ..., 721 465 346] - 131863416
Solver: RVND, number of workers: 1
Setting feeder affinity
I am the master. There are 1 mpi processes. (hostname = gpu01)
Roots [<pyDF.nodes.Feeder object at 0x7efc761a8ad0>]
Starting 0
Main loop
I am worker 0
GPU0
set random seed!
Initial: 131863416-[ 79 676 162 ..., 721 465 346]
Final time: 24.8452420235s - Best: 5387300-[ 79 759 730 ..., 188 661 680]
Value - initial: 131863416, final: 5387300, improveup: 24.4767167227

data-line;i;131863416;f;5387300;t;24.8452420235;c;-2;fv;[5387300L];cv;-1;imp;24.4767167227;type;rvnd;inum;7;w;1

time;24.8452420235;man_time;0;neigh_time;0
man_time;0;man_merge_sol;0;man_best_sol;0;man_combine_sol;0

Waiting [0]
Terminating workers True 0 0
MPI TERMINATING
