pydf_home: /home/rodolfo/git/Sucuri
simple_pycuda_home: /home/rodolfo/git/simple-pycuda
wamca2016path: /home/rodolfo/git/wamca2016/
localpath: /home/rodolfo/git/dvnd-df/code/dvnd-df/src/
WAMCAPATH:/home/rodolfo/git/wamca2016/
param: {solution_index:7, solution_instance_index:82, multi_gpu:True, goal:False, problem_name:ml, number_of_moves:10, device_count:2, solver:rvnd, mpi_enabled:True, workers:1}
Using already created file:  wamca2016lib.so
Size: 1001 - file name: 08_TRP-S1000-R1.tsp

Value - initial: 131952364-[128 432 852 ..., 759 538 235] - 131952364
Solver: RVND, number of workers: 1
Setting feeder affinity
I am the master. There are 1 mpi processes. (hostname = gpu01)
Roots [<pyDF.nodes.Feeder object at 0x7fad714daad0>]
Starting 0
Main loop
I am worker 0
GPU0
set random seed!
Initial: 131952364-[128 432 852 ..., 759 538 235]
Final time: 28.5261869431s - Best: 5499367-[128 384  87 ..., 766 398 707]
Value - initial: 131952364, final: 5499367, improveup: 23.9941004119

data-line;i;131952364;f;5499367;t;28.5261869431;c;-2;fv;[5499367L];cv;-1;imp;23.9941004119;type;rvnd;inum;7;w;1

time;28.5261869431;man_time;0;neigh_time;0
man_time;0;man_merge_sol;0;man_best_sol;0;man_combine_sol;0

Waiting [0]
Terminating workers True 0 0
MPI TERMINATING
