pydf_home: /home/rodolfo/git/Sucuri
simple_pycuda_home: /home/rodolfo/git/simple-pycuda
wamca2016path: /home/rodolfo/git/wamca2016/
localpath: /home/rodolfo/git/dvnd-df/code/dvnd-df/src/
WAMCAPATH:/home/rodolfo/git/wamca2016/
param: {solution_index:4, solution_instance_index:23, multi_gpu:True, goal:False, problem_name:ml, number_of_moves:10, device_count:2, solver:rvnd, mpi_enabled:True, workers:1}
Using already created file:  wamca2016lib.so
Size: 501 - file name: 05_TRP-S500-R1.tsp

Value - initial: 32505589-[397 478 309 477 161  47  37 294  12 245 129 486   8 167 239 199 450 363
 463 316 302 123   2  71 176 262 361 222  70 412 446 216 459 107 310 374
 399 405 141  33 272 264  68 348 173 273 115 492 303  73 220 112 267 308
 192 470  14 200 340 265  19  23  27 430 210 467 429  48 243  44 425 127
  46  59 116 406  43 250 421 154 353 356 343  21  35 221  20  56 158  16
 326 469  10 388 134 237 178 419 462 118 483 375 323 288 381 392 403 411
 103  64   6 336 395 206 339 117 324 276   7 143 163  95 386 205  36 231
   0 408  45 153 352 131 170 300 247 311  66 385 251 224 108 258 327 357
 456 320 471   5   1 384 453 350 426  15  98 377 325 137 152 142 428 475
  94  53 364 282 312 493 236 413 496 256 266  90 268  67 227  93 439 434
 197 212 414 444  74 437 218  78 259 149 144 109 409  65 168 172 110 404
  84 128 464 295 124 204 255 151 382 133 254  22  54 188 298 354 193 114
 407 160  96 100  40 104  97 341 494 422 284 378 195 211 387 313  75 495
 451 121 139  76 234 229 274 135 145 244 305   3 177 358 480 369 479 449
 500  60 290 460 333 263 150 242 458 328 468 215 329 307  81 465 240 489
 314 485 136 102 101  89 491 233 370 461  86 417 159  32  31  80  87 390
  42 396 125 332 297 291 337 164 445 432 433  57 285 368 431 156 355 335
 214 122 277 225 306 487  63 238 155 183  58 219 196 190 269 165 252 105
  61 241 271 435  79 175  49 383 223 286 261 179 181 497  77 287 334 373
 257  50 184 147 472  85 454 393 317  92 180 292 484 321 347 345 246 182
 447 362  55  18 379 162 440 106 318   9 376 270 207  24 280 427 319  88
 372 351 365 455 111  72 416 410 132 232 148 424 346 331 499 248  69   4
 389 213 201 349 208 380 120  30 289  29 249 253 296 441 146 473 488  17
 166  26  41 482 138 457 481 452 198 209 157 235 490 402 398 171 174 293
 371 230  62 400 476 366 474 119  91 203 278 283 275 217 113  34 448 169
 202  52 342 498 315 394 338 391 189 304 415 301 436 260  25  99 194 367
  51 443 344 438 279 186  82 185 442 359 330 140 281 423 191 228 401  38
 322  83  39  11 420 360  28 187 299 126  13 130 418 466 226] - 32505589
Solver: RVND, number of workers: 1
Setting feeder affinity
I am the master. There are 1 mpi processes. (hostname = gpu01)
Roots [<pyDF.nodes.Feeder object at 0x7f6133345ad0>]
Starting 0
Main loop
I am worker 0
GPU0
set random seed!
Initial: 32505589-[397 478 309 477 161  47  37 294  12 245 129 486   8 167 239 199 450 363
 463 316 302 123   2  71 176 262 361 222  70 412 446 216 459 107 310 374
 399 405 141  33 272 264  68 348 173 273 115 492 303  73 220 112 267 308
 192 470  14 200 340 265  19  23  27 430 210 467 429  48 243  44 425 127
  46  59 116 406  43 250 421 154 353 356 343  21  35 221  20  56 158  16
 326 469  10 388 134 237 178 419 462 118 483 375 323 288 381 392 403 411
 103  64   6 336 395 206 339 117 324 276   7 143 163  95 386 205  36 231
   0 408  45 153 352 131 170 300 247 311  66 385 251 224 108 258 327 357
 456 320 471   5   1 384 453 350 426  15  98 377 325 137 152 142 428 475
  94  53 364 282 312 493 236 413 496 256 266  90 268  67 227  93 439 434
 197 212 414 444  74 437 218  78 259 149 144 109 409  65 168 172 110 404
  84 128 464 295 124 204 255 151 382 133 254  22  54 188 298 354 193 114
 407 160  96 100  40 104  97 341 494 422 284 378 195 211 387 313  75 495
 451 121 139  76 234 229 274 135 145 244 305   3 177 358 480 369 479 449
 500  60 290 460 333 263 150 242 458 328 468 215 329 307  81 465 240 489
 314 485 136 102 101  89 491 233 370 461  86 417 159  32  31  80  87 390
  42 396 125 332 297 291 337 164 445 432 433  57 285 368 431 156 355 335
 214 122 277 225 306 487  63 238 155 183  58 219 196 190 269 165 252 105
  61 241 271 435  79 175  49 383 223 286 261 179 181 497  77 287 334 373
 257  50 184 147 472  85 454 393 317  92 180 292 484 321 347 345 246 182
 447 362  55  18 379 162 440 106 318   9 376 270 207  24 280 427 319  88
 372 351 365 455 111  72 416 410 132 232 148 424 346 331 499 248  69   4
 389 213 201 349 208 380 120  30 289  29 249 253 296 441 146 473 488  17
 166  26  41 482 138 457 481 452 198 209 157 235 490 402 398 171 174 293
 371 230  62 400 476 366 474 119  91 203 278 283 275 217 113  34 448 169
 202  52 342 498 315 394 338 391 189 304 415 301 436 260  25  99 194 367
  51 443 344 438 279 186  82 185 442 359 330 140 281 423 191 228 401  38
 322  83  39  11 420 360  28 187 299 126  13 130 418 466 226]
Final time: 4.85023403168s - Best: 1976404-[397 461 241 495 493 429 498 374 323 173 315 424 399 442 462  24 465 456
 371  34 289 188 267 476 491  27 101 490 264 220 110 398 483 214 125 259
 143  64 418 189  26  50 162 324 311 450 369 377 488   2 168 170  92 131
 295 338 415 350 247 316 115 471 228 159  51 199 122 340 443 260 428 355
 145 454   9 225 441 244  37 130 446 474 482 231 375 256 127 314 401  11
 283 400 153  23 107  53 271  63 489 229 270 478 137 263 297 328 196 372
 344 116 179 373  44 330 301 380 216 451 233 211 479 460 102  94 332 386
 336 268  72 308  68 388 370 274 245 298 227 250 126 205 426 312 475  25
 487 365 467 157 201 177  96  15 440  65 366  49 148 477 322 120 218 494
 430 288 255 190  95 448 485 141 354 207  90 187 473 412  79 484 391 161
  75 333  14 304 306 293 212 302   6 248  52 438 152 215 447 411  16 403
 160 439 129 239 226 204 109  89  12 275  70 387 279 349 251 140 453  42
 163 309  55 185 285  43 278 202 299 292 313 104 272 139 376  21 413  86
 192 224 149   8 390 310 360 164 135 106 258 321 463  80  84 217  32 469
  41 486  48 113 169 121 198 287 353 154 184  56 361 423 234 242 500 194
  13 379  35 368 497 176 409 318 378 240 103 132 359 408 427  74 183 180
  47  29 389 209 499  60 347  45 182  28 319  33 136 470 200 335 172 213
 286 337 414 341  22 261 118 219 100  77 396 433 343 406  58 206 357 252
  40 144   1  17 114 384 300 480  67 325 496 421 221 345 416 358  82 181
 431 419 382 436  38 146 174 232  88 193 112 142 236 356   5 246  39 111
 445   7  83  59 339 464  71 364 158 195 394 230 468 346  76 266 420  62
 362  81  87 210 326 352 277 124  10 331 105  31  85 197 425  66 383 351
 305 481 117 167 393   3 273 434  36 119 459 178   4 223  30 175 385 138
 410 128  54  20 294 402 253 156 407 191 269 432 291 165 435 367  57 254
 455 392 147 405 108 334 151 133 492 417  73  78 348  19 243 208 457 381
 238 265  69 281 203 290  99  93 466 155 307 303 235 452  18   0 317 280
 296  61 123  91 444 171 282 276 320 327 150 222 166  98 186 363 257  46
 249 342 472 134 449 458 284 329 404  97 237 395 262 422 437]
Value - initial: 32505589, final: 1976404, improveup: 16.4468342505

data-line;i;32505589;f;1976404;t;4.85023403168;c;-2;fv;[1976404L];cv;-1;imp;16.4468342505;type;rvnd;inum;4;w;1

time;4.85023403168;man_time;0;neigh_time;0
man_time;0;man_merge_sol;0;man_best_sol;0;man_combine_sol;0

Waiting [0]
Terminating workers True 0 0
MPI TERMINATING
