pydf_home: /home/rodolfo/git/Sucuri
simple_pycuda_home: /home/rodolfo/git/simple-pycuda
wamca2016path: /home/rodolfo/git/wamca2016/
localpath: /home/rodolfo/git/dvnd-df/code/dvnd-df/src/
WAMCAPATH:/home/rodolfo/git/wamca2016/
param: {solution_index:0, solution_instance_index:30, multi_gpu:True, goal:False, problem_name:ml, number_of_moves:10, device_count:2, solver:rvnd, mpi_enabled:True, workers:1}
Using already created file:  wamca2016lib.so
Size: 52 - file name: 01_berlin52.tsp

Value - initial: 801193-[44 49 16 31 10  8 37 34 20 46 48 18 28 21 40 38  1 45  2 26 14 23 12 36 41
 22  7 51 32 13 27 29 19 25 24 39 43  5  4 33  9 42  3 30 47  0 35 11 15 50
 17  6] - 801193
Solver: RVND, number of workers: 1
Setting feeder affinity
I am the master. There are 1 mpi processes. (hostname = gpu01)
Roots [<pyDF.nodes.Feeder object at 0x7f2818921ad0>]
Starting 0
Main loop
I am worker 0
GPU0
set random seed!
Initial: 801193-[44 49 16 31 10  8 37 34 20 46 48 18 28 21 40 38  1 45  2 26 14 23 12 36 41
 22  7 51 32 13 27 29 19 25 24 39 43  5  4 33  9 42  3 30 47  0 35 11 15 50
 17  6]
Final time: 1.36103487015s - Best: 146689-[44 18  7 40  2 17 30 21  0 31 48 35 34 33 38 39 37  4 14  3  5 23 47 36 43
 49 19 22 20 41  6  1 29 28 15 45 24 11 27 26 25 46 12 13 51 10 50 32 42  9
 16  8]
Value - initial: 801193, final: 146689, improveup: 5.46184785499

data-line;i;801193;f;146689;t;1.36103487015;c;-2;fv;[146689L];cv;-1;imp;5.46184785499;type;rvnd;inum;0;w;1

time;1.36103487015;man_time;0;neigh_time;0
man_time;0;man_merge_sol;0;man_best_sol;0;man_combine_sol;0

Waiting [0]
Terminating workers True 0 0
MPI TERMINATING
