pydf_home: /home/rodolfo/git/Sucuri
simple_pycuda_home: /home/rodolfo/git/simple-pycuda
wamca2016path: /home/rodolfo/git/wamca2016/
localpath: /home/rodolfo/git/dvnd-df/code/dvnd-df/src/
WAMCAPATH:/home/rodolfo/git/wamca2016/
param: {solution_index:5, solution_instance_index:69, multi_gpu:True, goal:False, problem_name:ml, number_of_moves:10, device_count:2, solver:rvnd, mpi_enabled:True, workers:1}
Using already created file:  wamca2016lib.so
Size: 657 - file name: 06_d657.tsp

Value - initial: 278915798-[274 245 146 558 475 371 162 480  81  65 259  52 466 513 257 402 283  67
   2 502 465 179  92 174  30 652 517 216  12 276 541 326 421 301 106 420
 241 426 334 343 492 629 375 206 424 306  63 246 380 178 207 369 476 291
 362 111  62 417 344 522 400  25  18 637 199  71  36 537   6 168 556 342
 495 125 381 518 509 614  40  41 391 464 648 411 333 469 506 209 187 447
 135 129  66 232  24  21 158 166 346 193 494 610  48 169 108 156 260  13
 194 244 113 605  75 435 230 638 320 319 282 630 336 167 222 591 148 338
 264  95 172  79 126 293 641  88 117 176 212 339 352  83 203 142 100 413
 224 289 114 450 549 436 382 313 310 398 403 357  17 227 399 315 192 472
 379  57 595 500 228 453  94 165 300 253 376 437  70 655 538 430 532 349
 620  76 370  50 636 324 481 186 261 383 353  77 551 566  11  97 273 277
 646  73 529 109 498 505 623 151 378 615 367 350 242 268 528 470 486 160
 358 254 337 255 385 243 628 152 328 559 215 159 325 331 138 226 645 456
 432 445 345 530 316 467 557 204 560 451  47 188 298 184 340 569  22  44
 292 527 213 416 452 217 635 515 225 438  84 444 275 394 290 533 523 642
 218 131 543 644  56 405  26 219 508 439 302 288 611 136 536 440 102 314
 521 182 195 154 478 233 341 149 621  82 477 239 597 463 354 189 309 390
 564 454 171 198 468 651 526 546 525 458 389 535 582 205 351 190 414 139
 330 455 544 297 577 223 332 418 134 429 286 520 185 497 258 547 596   0
 587  80 594  35 653 581 355 267 519  15 388 612 360 479 256  61 499 118
  20  68 573 107 604 406 461 563  55  78 133   1 471 487 619 580 372 590
 639 460  60 488 116   4 263  64 229 329 250 624 272  32 262 323 484  90
 412 240 443 271 593  54 514 457 234 574  46 392 428 103 236  19 589 531
 281 427 123 633 115 321 175 251  37 249 120 235 404 266 157 318 512 395
  42 433 284 501 654 575  39 181 647 221 164 153 121 197 384 119 600   9
 214  16   5 622 592 101 565 105 408 231  38 366 607 202 462  98 571 368
 561 303 238 503 431 473 200  49 425 489 386 485 312 124 296 252  31 373
  74 305 201  93 511 327 588 483 625 554 396 191 422 442  53 606 540  33
 196 516 141 311 613  86 237 278 304 147  72 602 493 365  89 410 449 144
 364 211  99  43 608 347 583 634 490 491 170 627   7 578 640 599 632  29
 393 603 285 474 377 137 459 145 110 397 576 161 524 127  45 482   3 295
 553 568 618 631  23  96 265 279 140 617 247 548 656 510 363 419 507 562
  51  10  87 579  14 584 294 598 552 401 567 572 299   8  28 407 650 570
  91 626 128 132 374 122 534 287 143 643 348 130  85 150 496 317 555 163
 409 308 585  58 539 504 180 269 446 210 307 441 356 361  34 183 335 415
 220 104  69 586 609  27 359 387 173 423 434 248 155 545 270 322 616 649
 208 280 550  59 177 448 112 542 601] - 278915798
Solver: RVND, number of workers: 1
Setting feeder affinity
I am the master. There are 1 mpi processes. (hostname = gpu01)
Roots [<pyDF.nodes.Feeder object at 0x7f2a75164ad0>]
Starting 0
Main loop
I am worker 0
GPU0
set random seed!
Initial: 278915798-[274 245 146 558 475 371 162 480  81  65 259  52 466 513 257 402 283  67
   2 502 465 179  92 174  30 652 517 216  12 276 541 326 421 301 106 420
 241 426 334 343 492 629 375 206 424 306  63 246 380 178 207 369 476 291
 362 111  62 417 344 522 400  25  18 637 199  71  36 537   6 168 556 342
 495 125 381 518 509 614  40  41 391 464 648 411 333 469 506 209 187 447
 135 129  66 232  24  21 158 166 346 193 494 610  48 169 108 156 260  13
 194 244 113 605  75 435 230 638 320 319 282 630 336 167 222 591 148 338
 264  95 172  79 126 293 641  88 117 176 212 339 352  83 203 142 100 413
 224 289 114 450 549 436 382 313 310 398 403 357  17 227 399 315 192 472
 379  57 595 500 228 453  94 165 300 253 376 437  70 655 538 430 532 349
 620  76 370  50 636 324 481 186 261 383 353  77 551 566  11  97 273 277
 646  73 529 109 498 505 623 151 378 615 367 350 242 268 528 470 486 160
 358 254 337 255 385 243 628 152 328 559 215 159 325 331 138 226 645 456
 432 445 345 530 316 467 557 204 560 451  47 188 298 184 340 569  22  44
 292 527 213 416 452 217 635 515 225 438  84 444 275 394 290 533 523 642
 218 131 543 644  56 405  26 219 508 439 302 288 611 136 536 440 102 314
 521 182 195 154 478 233 341 149 621  82 477 239 597 463 354 189 309 390
 564 454 171 198 468 651 526 546 525 458 389 535 582 205 351 190 414 139
 330 455 544 297 577 223 332 418 134 429 286 520 185 497 258 547 596   0
 587  80 594  35 653 581 355 267 519  15 388 612 360 479 256  61 499 118
  20  68 573 107 604 406 461 563  55  78 133   1 471 487 619 580 372 590
 639 460  60 488 116   4 263  64 229 329 250 624 272  32 262 323 484  90
 412 240 443 271 593  54 514 457 234 574  46 392 428 103 236  19 589 531
 281 427 123 633 115 321 175 251  37 249 120 235 404 266 157 318 512 395
  42 433 284 501 654 575  39 181 647 221 164 153 121 197 384 119 600   9
 214  16   5 622 592 101 565 105 408 231  38 366 607 202 462  98 571 368
 561 303 238 503 431 473 200  49 425 489 386 485 312 124 296 252  31 373
  74 305 201  93 511 327 588 483 625 554 396 191 422 442  53 606 540  33
 196 516 141 311 613  86 237 278 304 147  72 602 493 365  89 410 449 144
 364 211  99  43 608 347 583 634 490 491 170 627   7 578 640 599 632  29
 393 603 285 474 377 137 459 145 110 397 576 161 524 127  45 482   3 295
 553 568 618 631  23  96 265 279 140 617 247 548 656 510 363 419 507 562
  51  10  87 579  14 584 294 598 552 401 567 572 299   8  28 407 650 570
  91 626 128 132 374 122 534 287 143 643 348 130  85 150 496 317 555 163
 409 308 585  58 539 504 180 269 446 210 307 441 356 361  34 183 335 415
 220 104  69 586 609  27 359 387 173 423 434 248 155 545 270 322 616 649
 208 280 550  59 177 448 112 542 601]
Final time: 9.77571892738s - Best: 14623094-[274 283 286 314 315 332 338 344 329 316 285 278 281 301 295 302 296 297
 280 273 258 266 257 246 229 580 213 200 194 183 173 182 159 510 509 508
 500 501 503 502 499 493 488 487 481 480 485 490 486 482 472 471 467 465
 461 454 452 450 453 458 464 468 466 462 463 469  34  38  42  46  37  31
  30  27  26  25  23 440 441 443 446 447 445 444  19  18  13  17  16  20
  15  14  21  24  12  11  10   8   9   7  33  32  35  36  39  41  45  44
  49  54  50  65  72  85 103 119 157 165 187 181 180 186 191 198 199 197
 195 185 178 172 168 155 162 164 190 196 206 209 217 218 220 230 238 239
 253 261 263 264 271 290 298 307 317 322 341 347 361 345 335 340 323 324
 303 299 293 288 292 287 275 254 248 236 225 215 170 161 148 139 147 149
 154 177 184 179 166 158 150 153 143 122 112 106 107 111 110 123 134 144
 145 124 127 109  95  87  88 108  94  89  83  76  82  96 100  81  75  71
  80  90 104  99  92  86  70  58  66  61  47  51  62  56  67 483 491 494
 497 496 498 505 506 125 135 152 193 203 222 216 212 205 189 174 160 136
 133 507 495 492 489 484 514 515 518 517 516 513 512 528 559 556 551 543
 549 550 557 555 554 548 547 544 545 546 553 558 563 565 560 564 561 562
 552 628 629 630 631 632 633 634 636 637 641 640 638 639 635 541 540 539
 538 537 536 534 535 532 531 529 523 533 530 524 522 525 526 527 521 519
 520 474 477 478 479 476 475 457 456 473 459 460 455 451 448 449 442  55
  48  52  57  59  69  63  68  73  77  84  74  93  98  97  91 102 114 118
 169 171 221 232 241 247 251 268 270 276 300 310 320 326 350 349 342 348
 364 370 397 388 387 369 365 377 386 401 405 414 410 396 378 385 395 402
 406 413 412 407 403 394 384 379 376 374 366 368 357 351 358 327 311 304
 305 312 318 333 339 328 313 352 359 363 362 353 336 319 330 343 354 360
 355 331 306 592 279 598 600 601 605 606 607 610 608 613 615 616 617 618
 620 622 408 427 426 393 381 383 380 375 367 382 392 411 417 429 434 433
 425 419 424 431 423 432 435 430 436 422 421 415 404 400 389 398 437 420
 438 416 409 391 372 346 334 308 309 321 325 294 260 252 227 219 214 208
 207 224 226 242 250 228 243 255 259 284 291 277 272 282 267 256 244 233
 249 223 192 188 176 146 151 167 121 105 120 113 115 140 132 101 116 128
 129 130 137 142 156 163 138 131 117 141   5   6  78  79  64  60  53  28
  40  29  22  43 470 504 126 511 567 570 574 578 582 581 586 589 595 591
 596 597 594 602 611 612 619 624 625 623 621 614 609 604 603 599 593 590
 587 588 585 584 583 577 573 576 579 575 656 572 571 569 568 626 655 654
 627 653 652 651 650 649 648 647 645 646 644 643 642 542 566 201 202 245
 265 337 356 418 428 373 439 390 399 371 289 269 237 231 210 235 262 234
 240 204 211 175   4   3   2   1   0]
Value - initial: 278915798, final: 14623094, improveup: 19.0736514448

data-line;i;278915798;f;14623094;t;9.77571892738;c;-2;fv;[14623094L];cv;-1;imp;19.0736514448;type;rvnd;inum;5;w;1

time;9.77571892738;man_time;0;neigh_time;0
man_time;0;man_merge_sol;0;man_best_sol;0;man_combine_sol;0

Waiting [0]
Terminating workers True 0 0
MPI TERMINATING
