pydf_home: /home/rodolfo/git/Sucuri
simple_pycuda_home: /home/rodolfo/git/simple-pycuda
wamca2016path: /home/rodolfo/git/wamca2016/
localpath: /home/rodolfo/git/dvnd-df/code/dvnd-df/src/
WAMCAPATH:/home/rodolfo/git/wamca2016/
param: {solution_index:6, solution_instance_index:91, multi_gpu:True, goal:False, problem_name:ml, number_of_moves:10, device_count:2, solver:rvnd, mpi_enabled:True, workers:1}
Using already created file:  wamca2016lib.so
Size: 783 - file name: 07_rat784.tsp

Value - initial: 68392117-[ 36 480 684 501 486 706 453 585 137 375 296 654 369 689 716 648 287 457
 631  29 748 508 337 130 743 701 763 704 527 244 677  98  85 117 135 193
 635 340 535 205 742 437 722 230 420 209 120 258 625 618 367 149 455 153
  14 579 115   7 327 338 224 186 138 516 752 530 605 700 352 694 215 736
 283 270  18 382 268 450 776 188 321 252 328 221 582 368 424 622  70 481
 108 757 386 300  21   3  19 240  11 540 400 751 249 476 513  59  10 723
 750 768 669  61 417 514 356   5   4 322 667 642 388 150 658  54  71 637
 765 517  24 726 433 241 312 418 123 644 257  46 584 116 288  58 255 459
 114 217 155 303 680 128 402 281 698 615 246 775 562  32 732 378 609 619
 141 202 661 506  26 632 532 463  89 676 276 645 295 536 660 311 436 628
 167 236 302 719 614 498 563 534 510 407 710  55   0  28 696  37 505 381
 569 713 462 280 735  56 331 780 390 213 313 178  25 539 472 560 239  97
 674 769 310 320 139 657 650 595 435 293 639 620 546 127 725 348 544 397
 359 470 136 782 220 200 767 737 361  30 173 613 103 731 275 416 727 603
 449 301 729 740 721 333 594  95 754 593 330  22 132 229 422 599 607  34
 673 477 499 211 152 234 267 451  43  12 691 174  92 541 522 670 773 440
 439 291 442 518 608 528 204 342 201 232 298 549 610 195 170 124 396 779
 629  65 460 187  94  15 339 641 349 344 675 504 227  47 364 697 194 410
 235 261  73 583 264 406 332 681 196 272  52 414 566 671 766 551 355 557
 746 495 325 591 290 256 520 529  67 105 112 537 490 362   6 387 761 245
  42 266 707 589 184 646 598 391 306 377 756 434 672 586 741 134 525 500
 695 588 413 688 578 542 762 781 446 574 665 547 251 286 474 210 601 590
 222 102 655 519 464 509 110 703  48 469  60 473 147 169 336 180 760 319
 511 663 483 254 380 478 626 308 104  68 242 647   8  96 651  53  51 106
 233 163 317  63 415 764  99 543 324 526 285 559 523 666 189 429  75  31
 468 247 744 398 568 447 385 643 558  13 475 653 554 228 445 315 262 493
  93 226 260 231 545 438 431 616 465 383 580  77 212 491 778 265  64 353
 107 494 146 507 444 596 426 592 774 738 602 394 432 555 181 376 718 573
 214 617 335 259 119 548 162 131 371 144 243  84 292  91 253 745 690 503
 198 179 430  20 360 358  33 341 357 709 678 347  69  62 564 263 755 192
 207 452  82 126 182 318 151 443 679 411  83 373 140 269 274  35 638 427
 156 512 305 289 374 612  49 366 237 166 129 307  44 379 122 524 553 747
  81 749  40  38 634 428  79 142  23   1 441 571 125 550 206 758 711 393
 753 533 692 702 454 759 708 611 636 278 165 143 409 687 770 351 408 664
 652 392 487 118 329  72 458 587  17 630 772 421  86 334 581 177 158 467
 492 145 686  45 538 372 771 294 343 238 739 561 488  90 624 171 111 403
 389 190 730 405 175 699 346 183  66 728 471 345 659 600 168 223  76 668
 279 419  41 577 384 133 248 350 482 448  16 370 461 148 314 565  74  80
 395 354 154 316 197 297 185 693 250 176  87 164 113 497 404 326 484 570
 633 425 423 623 199 685 304 219 515 271 363 733   2 717 191 521   9 216
  88 299 479 412 101 203 496 218 225  57 365 572 485 160 556 715 597 401
 456 714  27 100 705 309 662 712 466 604 109 724 621  78 606 208 161 720
 172 627 284 683 489 576  50 656 277 734 552 777 649 640 157 502 682 121
 567  39 531 399 282 323 273 159 575] - 68392117
Solver: RVND, number of workers: 1
Setting feeder affinity
I am the master. There are 1 mpi processes. (hostname = gpu01)
Roots [<pyDF.nodes.Feeder object at 0x7ff8587d9ad0>]
Starting 0
Main loop
I am worker 0
GPU0
set random seed!
Initial: 68392117-[ 36 480 684 501 486 706 453 585 137 375 296 654 369 689 716 648 287 457
 631  29 748 508 337 130 743 701 763 704 527 244 677  98  85 117 135 193
 635 340 535 205 742 437 722 230 420 209 120 258 625 618 367 149 455 153
  14 579 115   7 327 338 224 186 138 516 752 530 605 700 352 694 215 736
 283 270  18 382 268 450 776 188 321 252 328 221 582 368 424 622  70 481
 108 757 386 300  21   3  19 240  11 540 400 751 249 476 513  59  10 723
 750 768 669  61 417 514 356   5   4 322 667 642 388 150 658  54  71 637
 765 517  24 726 433 241 312 418 123 644 257  46 584 116 288  58 255 459
 114 217 155 303 680 128 402 281 698 615 246 775 562  32 732 378 609 619
 141 202 661 506  26 632 532 463  89 676 276 645 295 536 660 311 436 628
 167 236 302 719 614 498 563 534 510 407 710  55   0  28 696  37 505 381
 569 713 462 280 735  56 331 780 390 213 313 178  25 539 472 560 239  97
 674 769 310 320 139 657 650 595 435 293 639 620 546 127 725 348 544 397
 359 470 136 782 220 200 767 737 361  30 173 613 103 731 275 416 727 603
 449 301 729 740 721 333 594  95 754 593 330  22 132 229 422 599 607  34
 673 477 499 211 152 234 267 451  43  12 691 174  92 541 522 670 773 440
 439 291 442 518 608 528 204 342 201 232 298 549 610 195 170 124 396 779
 629  65 460 187  94  15 339 641 349 344 675 504 227  47 364 697 194 410
 235 261  73 583 264 406 332 681 196 272  52 414 566 671 766 551 355 557
 746 495 325 591 290 256 520 529  67 105 112 537 490 362   6 387 761 245
  42 266 707 589 184 646 598 391 306 377 756 434 672 586 741 134 525 500
 695 588 413 688 578 542 762 781 446 574 665 547 251 286 474 210 601 590
 222 102 655 519 464 509 110 703  48 469  60 473 147 169 336 180 760 319
 511 663 483 254 380 478 626 308 104  68 242 647   8  96 651  53  51 106
 233 163 317  63 415 764  99 543 324 526 285 559 523 666 189 429  75  31
 468 247 744 398 568 447 385 643 558  13 475 653 554 228 445 315 262 493
  93 226 260 231 545 438 431 616 465 383 580  77 212 491 778 265  64 353
 107 494 146 507 444 596 426 592 774 738 602 394 432 555 181 376 718 573
 214 617 335 259 119 548 162 131 371 144 243  84 292  91 253 745 690 503
 198 179 430  20 360 358  33 341 357 709 678 347  69  62 564 263 755 192
 207 452  82 126 182 318 151 443 679 411  83 373 140 269 274  35 638 427
 156 512 305 289 374 612  49 366 237 166 129 307  44 379 122 524 553 747
  81 749  40  38 634 428  79 142  23   1 441 571 125 550 206 758 711 393
 753 533 692 702 454 759 708 611 636 278 165 143 409 687 770 351 408 664
 652 392 487 118 329  72 458 587  17 630 772 421  86 334 581 177 158 467
 492 145 686  45 538 372 771 294 343 238 739 561 488  90 624 171 111 403
 389 190 730 405 175 699 346 183  66 728 471 345 659 600 168 223  76 668
 279 419  41 577 384 133 248 350 482 448  16 370 461 148 314 565  74  80
 395 354 154 316 197 297 185 693 250 176  87 164 113 497 404 326 484 570
 633 425 423 623 199 685 304 219 515 271 363 733   2 717 191 521   9 216
  88 299 479 412 101 203 496 218 225  57 365 572 485 160 556 715 597 401
 456 714  27 100 705 309 662 712 466 604 109 724 621  78 606 208 161 720
 172 627 284 683 489 576  50 656 277 734 552 777 649 640 157 502 682 121
 567  39 531 399 282 323 273 159 575]
Final time: 14.5106711388s - Best: 3411491-[ 36  16   0  14  24  55  48  51  56  44  40  45  66  69  79  96 109 116
 122 114 126 152 155 150 151 160 186 201 207 203 221 226 230 247 248 242
 255 266 285 273 277 272 275 276 288 301 312 327 343 355 358 342 351 362
 383 389 386 381 400 422 428 435 444 451 452 457 465 483 484 505 510 525
 532 547 559 567 575 595 623 639 637 625 647 651 658 664 671 682 696 703
 724 733 737 746 760 771 764 759 744 735 734 717 704 708 687 677 670 678
 684 679 689 674 659 654 644 626 633 643 640 618 612 598 589 597 596 593
 585 579 578 568 560 561 553 550 533 529 516 511 507 538 539 546 530 517
 518 512 514 499 490 482 476 456 438 430 434 440 468 469 463 475 493 495
 496 486 473 479 488 492 487 474 464 449 439 446 453 467 477 497 501 508
 524 527 536 543 531 544 548 573 566 581 591 594 607 624 622 619 601 584
 582 554 549 545 537 522 515 503 489 478 460 461 443 441 427 420 412 405
 403 393 398 395 378 368 373 354 340 328 313 314 284 279 264 263 278 283
 295 296 303 308 297 319 323 333 330 341 361 360 348 367 384 387 402 414
 413 399 401 415 436 433 417 416 410 385 380 379 374 371 390 409 408 407
 392 376 369 349 346 344 332 320 321 302 291 294 310 311 317 325 329 335
 359 353 350 347 339 337 336 309 307 287 270 271 262 259 282 281 286 274
 261 252 250 236 256 243 228 227 220 225 212 200 209 208 210 211 218 224
 232 249 268 280 289 299 306 315 331 345 352 338 322 318 298 290 267 257
 239 231 216 205 199 197 178 175 162 168 156 139 127 107 104 101  88  73
  76  63  70  58  60  67  85  84  98 117 125 120 123 143 128 129 140 153
 158 182 187 196 190 188 202 191 177 173 165 157 131 130 144 147 141 167
 169 176 180 193 213 222 244 240 251 260 246 237 217 198 192 170 148 133
 134 100 105 108 113 121 118 112 103  90  95  72  65  74  86  83  78  42
  37  12  10   3  33  27  23  15  20  25  26  43  54  59  68  77  89  92
 102  91  71  81  61  49  53  41  50  31  13  21  34  30  35  19   7  29
  18   4   2   9   8  11  32  28  38  62  57  52  46  64  82  93  75  97
  94 111 115 132 136 142 119 110 106 135 161 183 195 194 174 159 154 146
 138 171 179 185 215 214 234 241 235 238 245 254 293 316 326 334 357 365
 388 391 404 423 429 425 432 421 437 454 459 448 455 466 504 506 500 528
 551 556 577 565 562 563 586 602 608 621 620 606 616 627 648 656 660 683
 668 665 685 694 698 706 712 691 690 697 721 731 738 742 757 758 756 767
 778 776 772 773 765 747 754 753 736 732 718 719 720 739 725 709 699 700
 688 692 726 749 748 761 769 762 745 730 729 722 715 707 673 666 667 675
 701 740 755 751 741 723 727 750 763 781 782 774 770 766 752 743 728 711
 710 713 716 714 702 695 693 686 681 676 657 655 634 642 662 669 646 636
 615 605 592 603 580 572 558 552 571 570 574 588 609 617 614 628 631 641
 649 663 672 661 653 638 630 632 652 645 650 635 629 613 604 600 599 590
 583 576 569 564 557 541 540 555 534 535 520 526 542 521 523 513 519 509
 502 480 470 450 426 411 397 377 372 363 382 431 445 458 447 418 419 472
 494 491 485 462 442 424 406 396 370 364 375 324 305 292 258 223 189 181
 172 164 163 149 137  47  17   6   1  22  80  99  87 124 145 184 204 229
 269 265 304 394 471 481 498 610 611 587 680 705 768 777 775 779 780 366
 356 253 233 206 219 300 166   5  39]
Value - initial: 68392117, final: 3411491, improveup: 20.0475736269

data-line;i;68392117;f;3411491;t;14.5106711388;c;-2;fv;[3411491L];cv;-1;imp;20.0475736269;type;rvnd;inum;6;w;1

time;14.5106711388;man_time;0;neigh_time;0
man_time;0;man_merge_sol;0;man_best_sol;0;man_combine_sol;0

Waiting [0]
Terminating workers True 0 0
MPI TERMINATING
