pydf_home: /home/rodolfo/git/Sucuri
simple_pycuda_home: /home/rodolfo/git/simple-pycuda
wamca2016path: /home/rodolfo/git/wamca2016/
localpath: /home/rodolfo/git/dvnd-df/code/dvnd-df/src/
WAMCAPATH:/home/rodolfo/git/wamca2016/
param: {solution_index:4, solution_instance_index:74, multi_gpu:True, goal:False, problem_name:ml, number_of_moves:10, device_count:2, solver:rvnd, mpi_enabled:True, workers:1}
Using already created file:  wamca2016lib.so
Size: 501 - file name: 05_TRP-S500-R1.tsp

Value - initial: 32847982-[  1 364  17 469  57 343 418 279 293  62 426 324 292 287  27  77 281 201
  63  74  93 141 198 425 119 296  34   6 495 350 441 206 303 270 387 220
 237 106 493 219 373  51 393 389 388 223 265 354 100 263 352 433 267 318
  96  61 160 494 203 322 481 430 157 432  39  45 477  16  85  69  68 101
 121 309 261 307 332 403  88   9  50 470 361 424 280 484 162 174 184 124
  52 406 238 325 295 479 304 302  48 415 103 408 374 251 471 226 451 429
 357 316 134 235 234 171  24 465 155 348 243 448 499 225 289 476  47 274
 396   4  42 347 460 107  81  13 427 341 266 132 216 467  90 213 282 204
 367  12 190 258 113 115 180  53 110 214  97 236 310 336 301 207 192 306
 156 158 420  87 498 376 355 394 222  56 423 146 488 271 356 344 284 252
 109 385  58 480 321 212 334 440  67  89 490 450 143 436 455  14  73 412
 215 272 112 452 366 453 486 199 428 463  35 256 346 176 337 189 447 407
 278 313 129  83 117 404 472 104 434 147  94  10 459  43 410 326 482 211
 315 193 419  98 130 221 264 288   3  59 391  15 183 140 197 168 260  76
 194  72 153  30 175 475 368 439  60 414 360  86 131 405  38 297 371 454
 328 473 497 329 164 283  78 224 491 135 186 285 349  37 114 136 239 330
 339 166  36 383 181 253 342 242  41 139 173  54 422 246 333 116 437 248
 386 205 446 259 397 195 496  22 291 478 457 185 474 118 395 275 317 320
  99 381 298 290 254 191 179 277   0 340 209 210 123  23 311 268 231 178
 444 233   5 417  65 372 400 416   7 249  21 327  40 127 196 177 380 413
 464 144 384 269 335 338 105  84 232 314 245 227 363 200 443 398  44 150
 108 461 353 126 409 370 442  49 244  20 122 240  25  71 218 294  11 377
 358 230 390  95 435 319 379 255 365 208 345 375 241 151 152 148  75 276
 378 165 145 163 312 489 399 299 228  28  32 392 468 137 458  29 187  66
 445 149 382 257 172  70 188 402 487 273 421 159 431  31  82  92 286 128
  55 359 229 369 217 182 466  46 483 351  33 411 462 456  91 169  26 138
 362 167   2  80 161   8 300 308  18 449  79 323 331 133 142 500 102 250
 492 305 262 247  64 438  19 125 111 154 202 401 170 120 485] - 32847982
Solver: RVND, number of workers: 1
Setting feeder affinity
I am the master. There are 1 mpi processes. (hostname = gpu01)
Roots [<pyDF.nodes.Feeder object at 0x7ff513427ad0>]
Starting 0
Main loop
I am worker 0
GPU0
set random seed!
Initial: 32847982-[  1 364  17 469  57 343 418 279 293  62 426 324 292 287  27  77 281 201
  63  74  93 141 198 425 119 296  34   6 495 350 441 206 303 270 387 220
 237 106 493 219 373  51 393 389 388 223 265 354 100 263 352 433 267 318
  96  61 160 494 203 322 481 430 157 432  39  45 477  16  85  69  68 101
 121 309 261 307 332 403  88   9  50 470 361 424 280 484 162 174 184 124
  52 406 238 325 295 479 304 302  48 415 103 408 374 251 471 226 451 429
 357 316 134 235 234 171  24 465 155 348 243 448 499 225 289 476  47 274
 396   4  42 347 460 107  81  13 427 341 266 132 216 467  90 213 282 204
 367  12 190 258 113 115 180  53 110 214  97 236 310 336 301 207 192 306
 156 158 420  87 498 376 355 394 222  56 423 146 488 271 356 344 284 252
 109 385  58 480 321 212 334 440  67  89 490 450 143 436 455  14  73 412
 215 272 112 452 366 453 486 199 428 463  35 256 346 176 337 189 447 407
 278 313 129  83 117 404 472 104 434 147  94  10 459  43 410 326 482 211
 315 193 419  98 130 221 264 288   3  59 391  15 183 140 197 168 260  76
 194  72 153  30 175 475 368 439  60 414 360  86 131 405  38 297 371 454
 328 473 497 329 164 283  78 224 491 135 186 285 349  37 114 136 239 330
 339 166  36 383 181 253 342 242  41 139 173  54 422 246 333 116 437 248
 386 205 446 259 397 195 496  22 291 478 457 185 474 118 395 275 317 320
  99 381 298 290 254 191 179 277   0 340 209 210 123  23 311 268 231 178
 444 233   5 417  65 372 400 416   7 249  21 327  40 127 196 177 380 413
 464 144 384 269 335 338 105  84 232 314 245 227 363 200 443 398  44 150
 108 461 353 126 409 370 442  49 244  20 122 240  25  71 218 294  11 377
 358 230 390  95 435 319 379 255 365 208 345 375 241 151 152 148  75 276
 378 165 145 163 312 489 399 299 228  28  32 392 468 137 458  29 187  66
 445 149 382 257 172  70 188 402 487 273 421 159 431  31  82  92 286 128
  55 359 229 369 217 182 466  46 483 351  33 411 462 456  91 169  26 138
 362 167   2  80 161   8 300 308  18 449  79 323 331 133 142 500 102 250
 492 305 262 247  64 438  19 125 111 154 202 401 170 120 485]
Final time: 9.5251390934s - Best: 1984525-[  1  17 114 384 300 480 176 409 318 132 103 359 408 427  74 252 357 206
  58 406 343 433 396  77 209 389  29  47 418  64 214 483 331 105  31  85
 110 398 125 259 143 220 264 490 101  27 491  37 289 188 267 476  34 371
 456 465  24 462 283  11 314 401 127 256 375 231 249  46 257 186 363 145
 355 428 260 108 405 147 455 435 367  57 404 157 467 201 177  96  15 440
  65 366  49 148 477 322 120 218 494 430 288 255 190  95 448 485 141 354
 207 365 487  25 475  90 187 473 412  79  14 484 391 161  75 333 388  68
 308  72 268 336 386 332  94 102 460 479 211 233 451 216 208 380 301 330
  44 373 179 116 344 303 235 452  18   0 150 271  63 229 489 296 280 317
 478 137 263 297 328 196 372 251 140 453  42 163 285  43 309  55 185 292
 299 202 278 376 139 104 313 272 192  86  21 413 123  91 224 149   8 282
 276 171 444 217  84  80 463 113 121 169  48  32 469  41 486  59  83   7
 111 445 339 356   5 236 142 112 193  88 232  71 364 174 146  38 382 419
 431 358 416 345  82 181 436 195 394  76 266 420  62 362  81  87 210 326
 277 124  35 379  13 194 500 242 234 130 446 474 244 441 225 159 228 471
 115 316 247 350 415 338 131 295 459 119  36 434 273 393 167 377 369 488
   2 168  92 170  50  26 189  66 162 324 311 450 347  60  45 383  28 182
 351 305 481 136 470  33 319 499 261 118 219 100 180 183 240 378  10 497
 368 352 437 361  56 184 154 287 353 321 258 106 135 164 360 461 241 495
 493 429 397 498 374 323 173 315 424 400 153  53 107  23 222 166  98  78
 417  73 348  19 243 262 395 152  16 411 447 215 204 109  89  12 275 387
 279 349  70 307 155 466 281 203  93  99 290  69 265 238 381 457 226 239
 129 439 160 403 438   6 248  52 306 293 302 212 370 274 245 298 492 133
 250 227 312 426 392 254 191 269 407 156 253 402 138 385 175 410 128  54
 294  20 329 284 458 449 134 122  51 199 472 340 443 432 291 165 205 126
 151 334 454   9 482 342 442 399 423 422 346 468 230 327 320  61 390 310
 198 158 464  39 246 221 421 496 325  67 144  40 414 341 337 286 213 172
 335 200  22 117   3 178  30 223   4 425 197  97 237 304 270]
Value - initial: 32847982, final: 1984525, improveup: 16.5520625842

data-line;i;32847982;f;1984525;t;9.5251390934;c;-2;fv;[1984525L];cv;-1;imp;16.5520625842;type;rvnd;inum;4;w;1

time;9.5251390934;man_time;0;neigh_time;0
man_time;0;man_merge_sol;0;man_best_sol;0;man_combine_sol;0

Waiting [0]
Terminating workers True 0 0
MPI TERMINATING
