pydf_home: /home/rodolfo/git/Sucuri
simple_pycuda_home: /home/rodolfo/git/simple-pycuda
wamca2016path: /home/rodolfo/git/wamca2016/
localpath: /home/rodolfo/git/dvnd-df/code/dvnd-df/src/
WAMCAPATH:/home/rodolfo/git/wamca2016/
param: {solution_index:5, solution_instance_index:34, multi_gpu:True, goal:False, problem_name:ml, number_of_moves:10, device_count:2, solver:rvnd, mpi_enabled:True, workers:1}
Using already created file:  wamca2016lib.so
Size: 657 - file name: 06_d657.tsp

Value - initial: 277754734-[330 449  11 313 122 285 215 359 233 113 600 211 322 649 431 130 434 594
 149 645 522 235 498 358 310 479 386 121 238 107  53 566 363 148  58 157
 302 362 176 221 354 499 422 527 278 237 194 200  96 314 331 391 586 205
 587 273 577 411 523 518 464 617  82 229 621 439 296 388  18 275 274 128
 509 481 104 607 131 584 271 627 549 457 110 519 392 155 384 470 326  25
  22 135 494 270   1 589 656 491 307 340 350 445 571 224 372 539 143 474
  41  97 447 311  42 390 161 488 626 590 247  86 418 463 490   6 178 365
 248 520 583 353 420 477 569 156 144 421 342  66 147 545 123 196 568 173
 639  48   2 458 588 423 349 303 369 554 301 164 264 382 618 294 475 210
 629 292 622 260  10  32  71   8 255 179 460 528 373 166 142 440 187 598
  94 459 609  43 601 555 511 120 320 374 506  51 537 396 188 428  24 530
 650 489 501 419 560 345 154  62  47 336 175 216  40 256 217  17  29 323
 615 341 366 219 100 283 405 596 595 634 397 347 567 620 516 395 602 338
  74 257 114 535 536   3 504 625  46 138 163  98 616 351 623 261 298 425
 220 190 186 189 318 266 319 441 199 611 393 167 485 300 576 281 417 451
 185 385 558  80 514 160 284 212 102 635 228 134 242 287  34 371 541 582
 643 632 517 183 218 450 153 424  92 263 493  44 213 575 370 152 339 497
  16 305 476  77 433 399 182   5 570 461 180  67  12 462 309  69 508 379
 109 181 145 252 174 269 544  19 191 286 204 579 597 201 534 265 290 524
 357 315 472 638  14 334 117 146 502 562 572 655 111 435 327 599 329 647
 352  45 136  38 406  27 612 317 642  30  78  35 521  75  52 234 172 192
 304 254 412 332 525 162 410 348 446 253 150 337  89 543 159 401 604  33
 482 548  28 169 158 312 230 140  84 258 403 378 526 105   4 496  57 282
 295 478 112  85 444 124 343 413 614 231 223 480 127  54  79 646  39 640
 636 473  73 125 177 214 246 259 137 557 574 279 456 505 133 316 381 129
 414 529 328 484  20 389 361  26 139  76  83 492 507  81 398 608 513 402
 168 573 324 375 108 171 592  91 195  23 437  65  88 206 289 443 299 106
 377 448 126 227 222  21 432 380 325 515 408  64  87 532 355 452 540 442
  37 619  55 487 360 207 454  99 132 151 546  90 653 293 559  63 193 249
 486 556 101 404 652 244  60 376 565 553 409 407 438  95 346 297 119 503
   7 550 561  49 243 251 641   9 563 427 633 628 551 467   0 116  15 624
 103 648 225 613 538 500 240 202  93 367 564 226  31 209 426 469 630 308
 184 245 288 585 165 241 578 277 429 197 637 394 335 115 400 344 631 465
 605 512 455 118  13 453  59 580  61 603 267 547 364 368 203 232 387 606
 581 356 306 651 468 510 208 466 262 141 531 383  72 276 610 333 198 236
  36 593 415 321 542 471 280 533 170 250 416  68 272 495 268 430 591 644
 483 239  56  70  50 291 552 654 436] - 277754734
Solver: RVND, number of workers: 1
Setting feeder affinity
I am the master. There are 1 mpi processes. (hostname = gpu01)
Roots [<pyDF.nodes.Feeder object at 0x7f0482124ad0>]
Starting 0
Main loop
I am worker 0
GPU0
set random seed!
Initial: 277754734-[330 449  11 313 122 285 215 359 233 113 600 211 322 649 431 130 434 594
 149 645 522 235 498 358 310 479 386 121 238 107  53 566 363 148  58 157
 302 362 176 221 354 499 422 527 278 237 194 200  96 314 331 391 586 205
 587 273 577 411 523 518 464 617  82 229 621 439 296 388  18 275 274 128
 509 481 104 607 131 584 271 627 549 457 110 519 392 155 384 470 326  25
  22 135 494 270   1 589 656 491 307 340 350 445 571 224 372 539 143 474
  41  97 447 311  42 390 161 488 626 590 247  86 418 463 490   6 178 365
 248 520 583 353 420 477 569 156 144 421 342  66 147 545 123 196 568 173
 639  48   2 458 588 423 349 303 369 554 301 164 264 382 618 294 475 210
 629 292 622 260  10  32  71   8 255 179 460 528 373 166 142 440 187 598
  94 459 609  43 601 555 511 120 320 374 506  51 537 396 188 428  24 530
 650 489 501 419 560 345 154  62  47 336 175 216  40 256 217  17  29 323
 615 341 366 219 100 283 405 596 595 634 397 347 567 620 516 395 602 338
  74 257 114 535 536   3 504 625  46 138 163  98 616 351 623 261 298 425
 220 190 186 189 318 266 319 441 199 611 393 167 485 300 576 281 417 451
 185 385 558  80 514 160 284 212 102 635 228 134 242 287  34 371 541 582
 643 632 517 183 218 450 153 424  92 263 493  44 213 575 370 152 339 497
  16 305 476  77 433 399 182   5 570 461 180  67  12 462 309  69 508 379
 109 181 145 252 174 269 544  19 191 286 204 579 597 201 534 265 290 524
 357 315 472 638  14 334 117 146 502 562 572 655 111 435 327 599 329 647
 352  45 136  38 406  27 612 317 642  30  78  35 521  75  52 234 172 192
 304 254 412 332 525 162 410 348 446 253 150 337  89 543 159 401 604  33
 482 548  28 169 158 312 230 140  84 258 403 378 526 105   4 496  57 282
 295 478 112  85 444 124 343 413 614 231 223 480 127  54  79 646  39 640
 636 473  73 125 177 214 246 259 137 557 574 279 456 505 133 316 381 129
 414 529 328 484  20 389 361  26 139  76  83 492 507  81 398 608 513 402
 168 573 324 375 108 171 592  91 195  23 437  65  88 206 289 443 299 106
 377 448 126 227 222  21 432 380 325 515 408  64  87 532 355 452 540 442
  37 619  55 487 360 207 454  99 132 151 546  90 653 293 559  63 193 249
 486 556 101 404 652 244  60 376 565 553 409 407 438  95 346 297 119 503
   7 550 561  49 243 251 641   9 563 427 633 628 551 467   0 116  15 624
 103 648 225 613 538 500 240 202  93 367 564 226  31 209 426 469 630 308
 184 245 288 585 165 241 578 277 429 197 637 394 335 115 400 344 631 465
 605 512 455 118  13 453  59 580  61 603 267 547 364 368 203 232 387 606
 581 356 306 651 468 510 208 466 262 141 531 383  72 276 610 333 198 236
  36 593 415 321 542 471 280 533 170 250 416  68 272 495 268 430 591 644
 483 239  56  70  50 291 552 654 436]
Final time: 9.10329294205s - Best: 14340874-[330 319 336 343 354 360 355 331 306 297 280 266 258 273 265 245 222 216
 212 205 203 189 159 510 511 567 566 557 555 554 550 549 543 548 547 544
 545 546 552 628 629 630 631 632 633 634 636 637 641 640 638 639 635 541
 540 539 538 537 536 534 535 532 531 529 523 533 530 524 522 525 526 527
 521 520 519 477 478 479 481 480 485 487 488 490 486 491 494 497  87  88
  95 108 123 110  96 100 107 111 122 112 106  81  75  82  94  89  83  76
  67  56  62  51 470 467 465 461 460 459 457 456 473 455 454 451 452 450
 453 448 449 442 463 462 458 464 466 468  43  38  42  46  37  34 469  31
  30  27  26  25  23 440 441 443 446 447 445 444  19  18  13  17  16  20
  28  40  50  54  49  44  45  41  39  36  35  33  32   7  53  60  64  63
  68  73  77  84  74  93  91  97  98 115 140 132 101 116 128 130 137 142
 129 131 138 163 156 164 162 155 168 172 178 185 190 196 206 220 230 238
 239 234 218 209 197 195 191 186 180 181 198 199 217 240 264 263 271 261
 253 262 289 290 298 307 317 322 335 345 341 347 361 340 346 334 324 323
 303 299 293 288 275 287 292 294 260 247 251 268 252 270 276 300 310 311
 327 304 305 312 318 333 357 351 358 373 378 396 395 385 394 403 407 384
 379 376 374 368 366 363 352 359 339 328 313 314 315 286 283 274 272 277
 291 284 259 255 250 242 226 224 228 243 223 166 158 150 153 151 146 134
 109 144 145 127 124 505 506 125 135 126 504 502 499 495 492 489 484 514
 515 518 517 516 513 512 500 501 503 507 133 136 160 193 174 182 173 183
 194 200 201 202 580 229 246 257 279 592 598 600 607 610 606 605 601 595
 608 613 615 616 617 618 620 622 408 426 393 381 383 380 375 418 428 411
 417 429 434 433 413 406 402 410 414 405 401 386 377 365 369 350 320 326
 349 325 321 309 308 342 348 364 370 388 397 389 400 404 415 398 391 409
 416 438 420 437 439 421 422 436 430 435 432 423 431 424 419 425 412 392
 382 367 362 353 344 338 332 329 316 301 295 302 296 281 278 285 282 267
 256 244 233 211 175 188 192 176 167 143 121 105 104 120 147 149 154 177
 184 179 207 208 214 219 227 221 232 241 254 248 236 225 215 204 187 165
 157 169 171 170 161 148 139 119 103  85  72  65  69  55  59  57  52  48
  29  22  15  14  21  24  12  11   9   8  10   1   2   3   4   5   6  78
  79 102 114 118 113  99  92  86  90  70  80  71  66  61  47 471 483 472
 482 496 498 493 508 509 528 559 556 551 553 558 563 565 560 564 561 562
 568 569 571 572 626 654 655 656 575 579 576 577 583 584 585 588 587 590
 593 599 603 604 609 594 591 596 597 602 611 612 614 621 623 619 625 624
 427 356 337 589 586 581 582 578 574 573 627 653 652 651 650 649 648 647
 645 646 644 643 642 542 474 476 475  58 117 141 210 235 231 237 269 371
 399 390 372 387 249 213 570 152   0]
Value - initial: 277754734, final: 14340874, improveup: 19.368047861

data-line;i;277754734;f;14340874;t;9.10329294205;c;-2;fv;[14340874L];cv;-1;imp;19.368047861;type;rvnd;inum;5;w;1

time;9.10329294205;man_time;0;neigh_time;0
man_time;0;man_merge_sol;0;man_best_sol;0;man_combine_sol;0

Waiting [0]
Terminating workers True 0 0
MPI TERMINATING
