pydf_home: /home/rodolfo/git/Sucuri
simple_pycuda_home: /home/rodolfo/git/simple-pycuda
wamca2016path: /home/rodolfo/git/wamca2016/
localpath: /home/rodolfo/git/dvnd-df/code/dvnd-df/src/
WAMCAPATH:/home/rodolfo/git/wamca2016/
param: {solution_index:6, solution_instance_index:32, multi_gpu:True, goal:False, problem_name:ml, number_of_moves:10, device_count:2, solver:rvnd, mpi_enabled:True, workers:1}
Using already created file:  wamca2016lib.so
Size: 783 - file name: 07_rat784.tsp

Value - initial: 70509250-[126 244 439 207 365 165 733 704 461 454 469 654 190 584 577 541 651 169
 588 602 689 617 470 392 513  61 714 639  26  77 638 498 494 533 688 633
 518 289 683 216 607 403 571 723 142 757 459 360  79 278 378 761 649 109
 620  49 478 180 280 330 529  58  52 114 162 250 138 564 510 271 409 187
 693  21 425 430 525 624  83 199 389 776 706   5 186  44 749 375 139 377
 163 645 734 450 259 333 393 103 676 159 637 347 508 329 507 203 321 301
 658 664 679 677  60 753 589 760 220 275 674 245 604 277 279 161  15 405
 204 523 177 143 172 657 241  90 181 671 285 148 586 200 557 440  32 348
 194 546 153 230 395 660 240 627 467 556 762 436 140 702 640 306 221 692
  91 501 362 383 600 191 391 120 262 728 145 451 175  23 328  76  38 735
 427  39 188 299 608 532 750 740 111 292 261 196 466 471 562 709 628 358
   6 166 708 503 755 741 453 345 447 481 176 390  67 215 182 258 300 113
 614 312 547 367 622 168 359 646 759 455 213 663 408 291 767 558 416  87
 667 388 555 669 228 772 603 233 339 263 505 583 528 336 411   9  51 380
 715 307  28  56 164 601 421 537 274 167 778 108 545 650 192 519 609 690
 209 217 550 118 582  48 260 117 355 420 775 490 150 428 305 460 538 720
 747 404  84 585 234 149 634 304 318 112 606 225 418 320 197 239 653 482
 616 334 681  63 323 290 655 703 534 463 157 768  19 486 267 152 770 687
 284  37  25 551 104 730 319 326 419 736 748 559   4 156 678 127 193 424
 432 269 765 566 123 472 352 497 243 294 509 675 456  18 716 598  47 781
 386 477 242 581 686 281 385 754 725 137 423 283 407 572   3 496 593 205
  89 354 665 401 210  41 134 413 195 442 700 699  35 224 458  12 731 662
 116 621  30 324 257 402 710 171 119 594  46 549 465 661  40 487 396  20
 249 426  66 247 592 751  34 721 483 615 647  78 629 370 342 705 128 719
 251 568 746 591 641 707  86  53 232 371 475 530 313 361 524 500 144 287
 265 449 489 495 410  64 443 764 473 595 310 125 632 122 515 133 697 448
 565  43 147  33 696 340 398 341 105  68 208 202 414 680  73 516 335 141
 695 286 485 666 268  71 536 502  69 561 327 732 101  36  96 384 431 337
 560 107 605 630  59 517 115 668 356 438  55 170 625 270 295  75 212 642
 488 511 744 373 343   8 129 587 578 452 712   7 226 648 691 273  31  54
  99 350  27  94 179   0 206 618 774 570 698 394 743 535 397  74 729 773
  42 573   2 238 457 540  10 255 726 718 214 316 198 476 158 684 441 626
 178 131 229 685 314  72 758 173 521 652 644 293 400 514 717 325 160 464
  50  45 610 100 429 272 236 623 422 444 308 211 656 777  92 548  62 506
 264  11 631 110 381 599 659 722 185 248 298 745 672 484 569 474 539 415
 369 737 338 579 694 531 462 351 544 553 479  81 752 130 219 542 596 309
 231 136 526 256 331 223 527 552 636 254 512 492 151 399 296 554 619 434
 322 766 154 756  16 580 567 124 493  70 189 102 780 282 266 146 227 701
  22 575 253 635  97 353 435 417 769 374 433 252 590 763 121 543 132 382
 468 713 344  13 779 366  93 574 739 135 563  82 437 184 317  80 597 499
  29 670 235 522 504 288 613  17  98 738 480 682 357 315 297 106 302 246
 364 363 183 368 222 445 711 379 387  14 412 155 724 406 346 376 201 311
   1 349  88  57  85 673 643 727  65  24  95 491 174 276 612 446 611 237
 771 332 303 520 576 782 742 372 218] - 70509250
Solver: RVND, number of workers: 1
Setting feeder affinity
I am the master. There are 1 mpi processes. (hostname = gpu01)
Roots [<pyDF.nodes.Feeder object at 0x7f9dc6b1cad0>]
Starting 0
Main loop
I am worker 0
GPU0
set random seed!
Initial: 70509250-[126 244 439 207 365 165 733 704 461 454 469 654 190 584 577 541 651 169
 588 602 689 617 470 392 513  61 714 639  26  77 638 498 494 533 688 633
 518 289 683 216 607 403 571 723 142 757 459 360  79 278 378 761 649 109
 620  49 478 180 280 330 529  58  52 114 162 250 138 564 510 271 409 187
 693  21 425 430 525 624  83 199 389 776 706   5 186  44 749 375 139 377
 163 645 734 450 259 333 393 103 676 159 637 347 508 329 507 203 321 301
 658 664 679 677  60 753 589 760 220 275 674 245 604 277 279 161  15 405
 204 523 177 143 172 657 241  90 181 671 285 148 586 200 557 440  32 348
 194 546 153 230 395 660 240 627 467 556 762 436 140 702 640 306 221 692
  91 501 362 383 600 191 391 120 262 728 145 451 175  23 328  76  38 735
 427  39 188 299 608 532 750 740 111 292 261 196 466 471 562 709 628 358
   6 166 708 503 755 741 453 345 447 481 176 390  67 215 182 258 300 113
 614 312 547 367 622 168 359 646 759 455 213 663 408 291 767 558 416  87
 667 388 555 669 228 772 603 233 339 263 505 583 528 336 411   9  51 380
 715 307  28  56 164 601 421 537 274 167 778 108 545 650 192 519 609 690
 209 217 550 118 582  48 260 117 355 420 775 490 150 428 305 460 538 720
 747 404  84 585 234 149 634 304 318 112 606 225 418 320 197 239 653 482
 616 334 681  63 323 290 655 703 534 463 157 768  19 486 267 152 770 687
 284  37  25 551 104 730 319 326 419 736 748 559   4 156 678 127 193 424
 432 269 765 566 123 472 352 497 243 294 509 675 456  18 716 598  47 781
 386 477 242 581 686 281 385 754 725 137 423 283 407 572   3 496 593 205
  89 354 665 401 210  41 134 413 195 442 700 699  35 224 458  12 731 662
 116 621  30 324 257 402 710 171 119 594  46 549 465 661  40 487 396  20
 249 426  66 247 592 751  34 721 483 615 647  78 629 370 342 705 128 719
 251 568 746 591 641 707  86  53 232 371 475 530 313 361 524 500 144 287
 265 449 489 495 410  64 443 764 473 595 310 125 632 122 515 133 697 448
 565  43 147  33 696 340 398 341 105  68 208 202 414 680  73 516 335 141
 695 286 485 666 268  71 536 502  69 561 327 732 101  36  96 384 431 337
 560 107 605 630  59 517 115 668 356 438  55 170 625 270 295  75 212 642
 488 511 744 373 343   8 129 587 578 452 712   7 226 648 691 273  31  54
  99 350  27  94 179   0 206 618 774 570 698 394 743 535 397  74 729 773
  42 573   2 238 457 540  10 255 726 718 214 316 198 476 158 684 441 626
 178 131 229 685 314  72 758 173 521 652 644 293 400 514 717 325 160 464
  50  45 610 100 429 272 236 623 422 444 308 211 656 777  92 548  62 506
 264  11 631 110 381 599 659 722 185 248 298 745 672 484 569 474 539 415
 369 737 338 579 694 531 462 351 544 553 479  81 752 130 219 542 596 309
 231 136 526 256 331 223 527 552 636 254 512 492 151 399 296 554 619 434
 322 766 154 756  16 580 567 124 493  70 189 102 780 282 266 146 227 701
  22 575 253 635  97 353 435 417 769 374 433 252 590 763 121 543 132 382
 468 713 344  13 779 366  93 574 739 135 563  82 437 184 317  80 597 499
  29 670 235 522 504 288 613  17  98 738 480 682 357 315 297 106 302 246
 364 363 183 368 222 445 711 379 387  14 412 155 724 406 346 376 201 311
   1 349  88  57  85 673 643 727  65  24  95 491 174 276 612 446 611 237
 771 332 303 520 576 782 742 372 218]
Final time: 29.2097640038s - Best: 3478215-[126 110 106  93  82  75  97  94  88  73  76 101 104 107  98  84  70  58
  60  67  85  81  61  49  53  41  34  21  13  31  15  20  25  26  23  27
  33  59  54  43  68  77  89 103 112 130 131 140 153 166 188 190 202 219
 227 228 243 259 262 270 271 297 308 319 323 333 330 341 361 377 378 368
 373 395 398 393 403 405 412 420 427 441 460 461 489 503 515 522 537 549
 545 548 573 582 584 601 619 622 624 634 642 655 657 662 669 675 673 667
 666 663 649 641 631 628 614 609 617 638 630 604 588 570 574 557 564 569
 576 583 590 599 600 613 632 629 635 650 645 652 653 661 672 692 700 699
 709 720 725 739 747 765 773 772 754 753 736 718 719 698 694 685 665 668
 683 706 712 732 756 758 757 742 738 731 735 744 734 717 704 705 684 679
 689 697 691 690 680 656 648 627 620 621 608 602 586 563 562 565 577 556
 546 539 538 530 517 518 512 514 499 490 482 476 456 438 430 434 440 447
 436 433 415 401 399 382 380 385 379 374 359 335 329 325 317 310 294 302
 291 280 268 249 232 231 239 223 242 255 266 285 298 322 318 326 334 357
 365 388 391 404 421 432 425 429 448 459 454 462 485 484 483 465 457 451
 452 442 437 424 406 396 381 386 389 383 362 351 342 358 355 343 327 301
 293 277 272 275 276 254 245 238 235 241 234 214 215 184 171 179 185 204
 194 195 174 159 154 146 138 145 124 116 122 109 114 152 135 150 155 161
 183 203 201 207 197 178 175 162 168 156 163 164 149 125 120 123 143 128
 129 102  91  71  92  90  72  65  74  86  83  78 100 105 108 113 121 133
 134 148 141 147 144 157 165 173 167 169 176 180 193 198 217 233 253 264
 263 279 284 314 313 303 296 295 283 278 260 251 240 244 246 222 213 206
 191 177 196 187 182 200 212 220 225 209 208 210 211 218 252 250 261 274
 286 281 282 287 307 309 337 336 348 360 367 384 387 402 414 413 431 445
 473 479 488 492 513 523 521 496 495 493 475 463 469 468 466 500 506 504
 520 535 534 528 551 587 598 589 597 596 578 568 560 561 553 550 533 529
 525 532 547 559 575 567 579 585 593 610 625 623 639 637 647 651 658 664
 671 682 696 703 737 733 724 708 687 677 670 678 654 659 643 640 633 626
 611 612 618 616 606 555 540 541 526 542 552 558 572 580 603 605 592 591
 581 566 544 531 509 502 478 480 470 450 453 467 477 497 501 508 524 527
 543 536 519 487 474 464 449 439 446 426 411 397 372 363 339 347 350 353
 344 332 320 315 292 306 299 289 258 257 267 290 305 324 338 370 364 352
 345 331 349 346 369 376 375 392 407 408 409 419 423 455 472 494 491 507
 511 516 505 510 498 481 471 444 435 428 422 394 312 304 288 269 265 229
 230 247 248 226 221 186 160 151 119 132 136 142 139 127 115 111  62  38
  28  32  57  52  46  64  45  40  66  80  69  79  99  96  87  55  48  51
  56  44  36  24  14   0  16  22   1   6  17  11   8   9   2   4  18   7
  19  30  35  29  47  63 117 137 172 181 189 199 205 216 224 236 256 300
 311 321 371 390 410 418 416 417 458 486 571 615 636 646 693 702 695 714
 727 750 723 701 707 715 722 729 730 726 749 748 761 762 769 779 780 745
 740 741 751 755 763 781 782 774 770 766 752 743 728 711 710 713 716 686
 681 676 607 594 554 443 366 356 354 340 328 237 192 170 118  95  42  37
  39   5  12  10   3  50 158 273 316 400 595 644 674 721 759 764 760 746
 768 777 771 775 767 778 776 688 660]
Value - initial: 70509250, final: 3478215, improveup: 20.2716767077

data-line;i;70509250;f;3478215;t;29.2097640038;c;-2;fv;[3478215L];cv;-1;imp;20.2716767077;type;rvnd;inum;6;w;1

time;29.2097640038;man_time;0;neigh_time;0
man_time;0;man_merge_sol;0;man_best_sol;0;man_combine_sol;0

Waiting [0]
Terminating workers True 0 0
MPI TERMINATING
