pydf_home: /home/rodolfo/git/Sucuri
simple_pycuda_home: /home/rodolfo/git/simple-pycuda
wamca2016path: /home/rodolfo/git/wamca2016/
localpath: /home/rodolfo/git/dvnd-df/code/dvnd-df/src/
WAMCAPATH:/home/rodolfo/git/wamca2016/
param: {solution_index:7, solution_instance_index:42, multi_gpu:True, goal:False, problem_name:ml, number_of_moves:10, device_count:2, solver:rvnd, mpi_enabled:True, workers:1}
Using already created file:  wamca2016lib.so
Size: 1001 - file name: 08_TRP-S1000-R1.tsp

Value - initial: 131310048-[538 821 964 ..., 973 772 140] - 131310048
Solver: RVND, number of workers: 1
Setting feeder affinity
I am the master. There are 1 mpi processes. (hostname = gpu01)
Roots [<pyDF.nodes.Feeder object at 0x7f4c10e0ead0>]
Starting 0
Main loop
I am worker 0
GPU0
set random seed!
Initial: 131310048-[538 821 964 ..., 973 772 140]
Final time: 36.6652760506s - Best: 5550275-[538 657 962 ..., 188 674 231]
Value - initial: 131310048, final: 5550275, improveup: 23.6582958502

data-line;i;131310048;f;5550275;t;36.6652760506;c;-2;fv;[5550275L];cv;-1;imp;23.6582958502;type;rvnd;inum;7;w;1

time;36.6652760506;man_time;0;neigh_time;0
man_time;0;man_merge_sol;0;man_best_sol;0;man_combine_sol;0

Waiting [0]
Terminating workers True 0 0
MPI TERMINATING
