pydf_home: /home/rodolfo/git/Sucuri
simple_pycuda_home: /home/rodolfo/git/simple-pycuda
wamca2016path: /home/rodolfo/git/wamca2016/
localpath: /home/rodolfo/git/dvnd-df/code/dvnd-df/src/
WAMCAPATH:/home/rodolfo/git/wamca2016/
param: {solution_index:7, solution_instance_index:61, multi_gpu:True, goal:False, problem_name:ml, number_of_moves:10, device_count:2, solver:rvnd, mpi_enabled:True, workers:1}
Using already created file:  wamca2016lib.so
Size: 1001 - file name: 08_TRP-S1000-R1.tsp

Value - initial: 131563162-[832 259 604 ..., 307 261 588] - 131563162
Solver: RVND, number of workers: 1
Setting feeder affinity
I am the master. There are 1 mpi processes. (hostname = gpu01)
Roots [<pyDF.nodes.Feeder object at 0x7ff1e76d5ad0>]
Starting 0
Main loop
I am worker 0
GPU0
set random seed!
Initial: 131563162-[832 259 604 ..., 307 261 588]
Final time: 16.1898190975s - Best: 5550894-[832 202 581 ..., 853 988  93]
Value - initial: 131563162, final: 5550894, improveup: 23.7012564102

data-line;i;131563162;f;5550894;t;16.1898190975;c;-2;fv;[5550894L];cv;-1;imp;23.7012564102;type;rvnd;inum;7;w;1

time;16.1898190975;man_time;0;neigh_time;0
man_time;0;man_merge_sol;0;man_best_sol;0;man_combine_sol;0

Waiting [0]
Terminating workers True 0 0
MPI TERMINATING
