pydf_home: /home/rodolfo/git/Sucuri
simple_pycuda_home: /home/rodolfo/git/simple-pycuda
wamca2016path: /home/rodolfo/git/wamca2016/
localpath: /home/rodolfo/git/dvnd-df/code/dvnd-df/src/
WAMCAPATH:/home/rodolfo/git/wamca2016/
param: {solution_index:7, solution_instance_index:19, multi_gpu:True, goal:False, problem_name:ml, number_of_moves:10, device_count:2, solver:rvnd, mpi_enabled:True, workers:1}
Using already created file:  wamca2016lib.so
Size: 1001 - file name: 08_TRP-S1000-R1.tsp

Value - initial: 128412730-[726  32 497 ..., 320 625 120] - 128412730
Solver: RVND, number of workers: 1
Setting feeder affinity
I am the master. There are 1 mpi processes. (hostname = gpu01)
Roots [<pyDF.nodes.Feeder object at 0x7f553e4cead0>]
Starting 0
Main loop
I am worker 0
GPU0
set random seed!
Initial: 128412730-[726  32 497 ..., 320 625 120]
Final time: 23.3521370888s - Best: 5575346-[726 650 694 ..., 674 188 510]
Value - initial: 128412730, final: 5575346, improveup: 23.0322440975

data-line;i;128412730;f;5575346;t;23.3521370888;c;-2;fv;[5575346L];cv;-1;imp;23.0322440975;type;rvnd;inum;7;w;1

time;23.3521370888;man_time;0;neigh_time;0
man_time;0;man_merge_sol;0;man_best_sol;0;man_combine_sol;0

Waiting [0]
Terminating workers True 0 0
MPI TERMINATING
