pydf_home: /home/rodolfo/git/Sucuri
simple_pycuda_home: /home/rodolfo/git/simple-pycuda
wamca2016path: /home/rodolfo/git/wamca2016/
localpath: /home/rodolfo/git/dvnd-df/code/dvnd-df/src/
WAMCAPATH:/home/rodolfo/git/wamca2016/
param: {solution_index:1, solution_instance_index:55, multi_gpu:True, goal:False, problem_name:ml, number_of_moves:10, device_count:2, solver:rvnd, mpi_enabled:True, workers:1}
Using already created file:  wamca2016lib.so
Size: 100 - file name: 02_kroD100.tsp

Value - initial: 8366982-[65 83 88  3  5 12 69 44 39 68 38 76 10 41 18 57 33 87 55 73 50 86  2 35  9
 22 89 52 60 91 71 23 15 13 24  0 70 75 34 66 27 49 78 93 92 54 14 82 47 11
 77 26 64 25 96 40 53 97 90 17 81 28 48 74 63  1 36 59 94  4 58 85 51 61 95
 45 72 16  6 84 31 67 42 32 30  8  7 46 37 21 62 98 20 56 99 43 79 80 29 19] - 8366982
Solver: RVND, number of workers: 1
Setting feeder affinity
I am the master. There are 1 mpi processes. (hostname = gpu01)
Roots [<pyDF.nodes.Feeder object at 0x7f357807fad0>]
Starting 0
Main loop
I am worker 0
GPU0
set random seed!
Initial: 8366982-[65 83 88  3  5 12 69 44 39 68 38 76 10 41 18 57 33 87 55 73 50 86  2 35  9
 22 89 52 60 91 71 23 15 13 24  0 70 75 34 66 27 49 78 93 92 54 14 82 47 11
 77 26 64 25 96 40 53 97 90 17 81 28 48 74 63  1 36 59 94  4 58 85 51 61 95
 45 72 16  6 84 31 67 42 32 30  8  7 46 37 21 62 98 20 56 99 43 79 80 29 19]
Final time: 0.902456045151s - Best: 1008521-[65  7 51 37 80 33 10 16 89 88 69 48 97 96 31 93 49  0 12 78 87 26 23 40 83
 72 38 70  3 92 43 59 52  4  2 82 39  5 58 84 63 42 76 90 53 62 15 95 85 64
 13 67 32 44 98 30 56 71  6 74 66 35 73 60 75 79 77 81 17 24 19  8  9 20 46
 11 27 55 94 25 86 54 91 47  1 18 36 50 99 29 34 61 14 68 45 22 41 21 57 28]
Value - initial: 8366982, final: 1008521, improveup: 8.29628931872

data-line;i;8366982;f;1008521;t;0.902456045151;c;-2;fv;[1008521L];cv;-1;imp;8.29628931872;type;rvnd;inum;1;w;1

time;0.902456045151;man_time;0;neigh_time;0
man_time;0;man_merge_sol;0;man_best_sol;0;man_combine_sol;0

Waiting [0]
Terminating workers True 0 0
MPI TERMINATING
