pydf_home: /home/rodolfo/git/Sucuri
simple_pycuda_home: /home/rodolfo/git/simple-pycuda
wamca2016path: /home/rodolfo/git/wamca2016/
localpath: /home/rodolfo/git/dvnd-df/code/dvnd-df/src/
WAMCAPATH:/home/rodolfo/git/wamca2016/
param: {solution_index:3, solution_instance_index:94, multi_gpu:True, goal:False, problem_name:ml, number_of_moves:10, device_count:2, solver:rvnd, mpi_enabled:True, workers:1}
Using already created file:  wamca2016lib.so
Size: 318 - file name: 04_lin318.tsp

Value - initial: 98829434-[307 102  79 271 299 167  48 236  63 122 100 190  50 251 157  74 249 144
  53 244 256  70 134 294 150 115 206 133 297 267 126  93  67 228   5 146
 132 293  25 314  26 284  27 205  83  39 120 192 154 278 232 188 287 178
  37 158  13 248 203 233 310  36 116 302 210 292  41 172  77 270 145 127
 216 143  43 129   1 170  19 214 260 246  90 130  20 309 141  86  24 245
  14 239  15  60  31  23 313 137 221  57 184 152 263  65  30 186 105 181
  62 101  46 261 179 258 306  54 171 169 238 254   8  87  91 117  68 280
  32 136 110 163 180 199 257  81  64 155  18 131  40  97 204 160 217 273
 264 173 247  28  55 162 243  66 315  96 241 200 124 226   6 185  84  49
  42 108 259 215 218 123 255 266 234 156  85  73  95 262  35 189 149 164
  29 104 311 283 198 125  56  72 138 197 298  82  76  59 300  21 237 153
  52 288  11 220  16 268 285 289 161 194 128 168   7 223  45  47  89 240
   0   2 252 165  10 242  51 113 202 174 103 225 195 219 114 196   3 119
 147 191  88  33 281 212 209 187 235 106 231 274  78 303  98  75 109 279
 305 148 253 142 175 183 112 159 140 296  92 118 282 316 182 295 213  69
   9 166 207  44 230 275 269 276  34 308 265 250 151 177 111 121 229 107
 304 277 317 201  38 208 139 312 272  12 227  80 135  71 291 176 224   4
  99  61 193  17 290 301  22 222  58 211 286  94] - 98829434
Solver: RVND, number of workers: 1
Setting feeder affinity
I am the master. There are 1 mpi processes. (hostname = gpu01)
Roots [<pyDF.nodes.Feeder object at 0x7f8b7f4bfad0>]
Starting 0
Main loop
I am worker 0
GPU0
set random seed!
Initial: 98829434-[307 102  79 271 299 167  48 236  63 122 100 190  50 251 157  74 249 144
  53 244 256  70 134 294 150 115 206 133 297 267 126  93  67 228   5 146
 132 293  25 314  26 284  27 205  83  39 120 192 154 278 232 188 287 178
  37 158  13 248 203 233 310  36 116 302 210 292  41 172  77 270 145 127
 216 143  43 129   1 170  19 214 260 246  90 130  20 309 141  86  24 245
  14 239  15  60  31  23 313 137 221  57 184 152 263  65  30 186 105 181
  62 101  46 261 179 258 306  54 171 169 238 254   8  87  91 117  68 280
  32 136 110 163 180 199 257  81  64 155  18 131  40  97 204 160 217 273
 264 173 247  28  55 162 243  66 315  96 241 200 124 226   6 185  84  49
  42 108 259 215 218 123 255 266 234 156  85  73  95 262  35 189 149 164
  29 104 311 283 198 125  56  72 138 197 298  82  76  59 300  21 237 153
  52 288  11 220  16 268 285 289 161 194 128 168   7 223  45  47  89 240
   0   2 252 165  10 242  51 113 202 174 103 225 195 219 114 196   3 119
 147 191  88  33 281 212 209 187 235 106 231 274  78 303  98  75 109 279
 305 148 253 142 175 183 112 159 140 296  92 118 282 316 182 295 213  69
   9 166 207  44 230 275 269 276  34 308 265 250 151 177 111 121 229 107
 304 277 317 201  38 208 139 312 272  12 227  80 135  71 291 176 224   4
  99  61 193  17 290 301  22 222  58 211 286  94]
Final time: 2.87965416908s - Best: 6377165-[307 308 304 303 296 297 299 298 290 284 283 279 278 282 285 289 288 286
 281 276 277 280 287 291 292 293 294 191 192 174 173 178 179 185 184 180
 177 183 181 176 171 172 175 182 186 187 188 189  86  87 195 196 200 201
 205 206  99  93  94  89  88  92 101 100  96  95  91  90  84  83  82  81
  77  70  67  66  71  76  78  72  75  79  80  74  73  68  69  65  64  60
  59 163 160 159 154 152 149 144 136 135 134 132 127 124 123 128 131 130
 129 122 120 121 118 117 109 108 210 211 215 216 219 220 224 312 230 231
 238 239 240 241 242 237 232 229 228 233 236 235 234 227 225 226 244 243
 247 248 251 250 252 255 261 262 267 266 263 260 256 253 254 257 259 264
 265 258 249 142 143 146 147 150 156 157 162 161 158 155 151 148 145 141
 140 137 133 126 125 207 119 115 114 111 110 106 105   3   4   8   7  16
  15  17  24  25  26  23  18  27  22  19  11   2   0   1   5   6   9  10
  14 102  20  21  28  29  30  31  32 103  39  48 315 316  58  55  54  49
  47  44  43  46  50  53  56 104  61  62  57  52  51  45  42  40  41  35
  36  38  37  34  33  13  12 107 112 113 116 208 153 209 166 167 168 190
 193 194 202 203 199 198 204 311 310 306 305 301 300 302 295 273 169 170
 165 164 268 314 271 272 275 274 270 269 317 223 222 213 214 218 217 212
 221 138 139 313 245 246 309 197  98  97  85  63]
Value - initial: 98829434, final: 6377165, improveup: 15.4973932774

data-line;i;98829434;f;6377165;t;2.87965416908;c;-2;fv;[6377165L];cv;-1;imp;15.4973932774;type;rvnd;inum;3;w;1

time;2.87965416908;man_time;0;neigh_time;0
man_time;0;man_merge_sol;0;man_best_sol;0;man_combine_sol;0

Waiting [0]
Terminating workers True 0 0
MPI TERMINATING
