pydf_home: /home/rodolfo/git/Sucuri
simple_pycuda_home: /home/rodolfo/git/simple-pycuda
wamca2016path: /home/rodolfo/git/wamca2016/
localpath: /home/rodolfo/git/dvnd-df/code/dvnd-df/src/
WAMCAPATH:/home/rodolfo/git/wamca2016/
param: {solution_index:7, solution_instance_index:53, multi_gpu:True, goal:False, problem_name:ml, number_of_moves:10, device_count:2, solver:rvnd, mpi_enabled:True, workers:1}
Using already created file:  wamca2016lib.so
Size: 1001 - file name: 08_TRP-S1000-R1.tsp

Value - initial: 128144355-[486 617 942 ..., 537 966 590] - 128144355
Solver: RVND, number of workers: 1
Setting feeder affinity
I am the master. There are 1 mpi processes. (hostname = gpu01)
Roots [<pyDF.nodes.Feeder object at 0x7fc6504e3ad0>]
Starting 0
Main loop
I am worker 0
GPU0
set random seed!
Initial: 128144355-[486 617 942 ..., 537 966 590]
Final time: 19.9723608494s - Best: 5587823-[486 149  63 ..., 281 344 245]
Value - initial: 128144355, final: 5587823, improveup: 22.9327870622

data-line;i;128144355;f;5587823;t;19.9723608494;c;-2;fv;[5587823L];cv;-1;imp;22.9327870622;type;rvnd;inum;7;w;1

time;19.9723608494;man_time;0;neigh_time;0
man_time;0;man_merge_sol;0;man_best_sol;0;man_combine_sol;0

Waiting [0]
Terminating workers True 0 0
MPI TERMINATING
