pydf_home: /home/rodolfo/git/Sucuri
simple_pycuda_home: /home/rodolfo/git/simple-pycuda
wamca2016path: /home/rodolfo/git/wamca2016/
localpath: /home/rodolfo/git/dvnd-df/code/dvnd-df/src/
WAMCAPATH:/home/rodolfo/git/wamca2016/
param: {solution_index:1, solution_instance_index:12, multi_gpu:True, goal:False, problem_name:ml, number_of_moves:10, device_count:2, solver:rvnd, mpi_enabled:True, workers:1}
Using already created file:  wamca2016lib.so
Size: 100 - file name: 02_kroD100.tsp

Value - initial: 8839504-[ 7 83 64 31 79 39  0  8 93 61 32 30 59 17 73 91 44 37 19 33 45 74 63 54 24
 66 18 16 41 76 22 94 21 99 14 53 49 86 11  2 48 60 92  5 78 85 23 82 46 67
 70 72 62 34 10 88 27 42 55 38 69 26  3 87 68 98 58 50 20 36 56 96 90 12 89
 15 28 25 65 80  6 95 47 97 13 51 52 84 75 40 35 71  1 29 57 43  4 81 77  9] - 8839504
Solver: RVND, number of workers: 1
Setting feeder affinity
I am the master. There are 1 mpi processes. (hostname = gpu01)
Roots [<pyDF.nodes.Feeder object at 0x7f216dd7bad0>]
Starting 0
Main loop
I am worker 0
GPU0
set random seed!
Initial: 8839504-[ 7 83 64 31 79 39  0  8 93 61 32 30 59 17 73 91 44 37 19 33 45 74 63 54 24
 66 18 16 41 76 22 94 21 99 14 53 49 86 11  2 48 60 92  5 78 85 23 82 46 67
 70 72 62 34 10 88 27 42 55 38 69 26  3 87 68 98 58 50 20 36 56 96 90 12 89
 15 28 25 65 80  6 95 47 97 13 51 52 84 75 40 35 71  1 29 57 43  4 81 77  9]
Final time: 1.0192129612s - Best: 990380-[ 7 51 65 37 80 33 10 88 69 48 97 89 16 93 49  0 26 23 87 12 78 40 83 14 72
 38 90 53 62 15 95 85 64 77 30 98 44 32 67 13 81 24 19 17  5 39 82  2 58 84
 63 76 42 70  3 92 43 59 52  4 61 36 18 50 34 29 99  1 47 91 86 25 54  8  9
 94 55 20 46 27 11 56 71 79 75 60 73  6 74 66 35 28 57 21 41 22 45 68 31 96]
Value - initial: 8839504, final: 990380, improveup: 8.92536602112

data-line;i;8839504;f;990380;t;1.0192129612;c;-2;fv;[990380L];cv;-1;imp;8.92536602112;type;rvnd;inum;1;w;1

time;1.0192129612;man_time;0;neigh_time;0
man_time;0;man_merge_sol;0;man_best_sol;0;man_combine_sol;0

Waiting [0]
Terminating workers True 0 0
MPI TERMINATING
