pydf_home: /home/rodolfo/git/Sucuri
simple_pycuda_home: /home/rodolfo/git/simple-pycuda
wamca2016path: /home/rodolfo/git/wamca2016/
localpath: /home/rodolfo/git/dvnd-df/code/dvnd-df/src/
WAMCAPATH:/home/rodolfo/git/wamca2016/
param: {solution_index:6, solution_instance_index:44, multi_gpu:True, goal:False, problem_name:ml, number_of_moves:10, device_count:2, solver:rvnd, mpi_enabled:True, workers:1}
Using already created file:  wamca2016lib.so
Size: 783 - file name: 07_rat784.tsp

Value - initial: 70539455-[248 582 605 442 123 448  30 558 206 391 141 687 671 254 242 537 322 293
 713 585 324 241 612  16 440 117 353 518 741 588 122 374 589 526 127 133
 376 696 224 264 567 528 182 745 615 174  78 150 676 474 128 523 155  70
 652 330 434 472 290 210 320  33 314 268 323 708 580  46 535 131 197 759
 527 560 240 451 436 733 463 471 372 284  20  84 120 291 298 143   1 631
 216 156 555 772  76 454 334 521 597 251 332 344 530 109 288 432 275 118
 165 116  75 677 756 172 702 554 125 722 179 192 590 483  61 101 532 414
 441 610 763 295  83  49 577 466 658 508 725 569 738 573 489  50 193 596
 393 105 450 681 467 218 636 138 694 766 250 594 664 365 232 359 685 519
 699 402  31 485 282  55 281 525 476 130 724 318 276  64   6 331 646 369
   4 191 366 183  18 497 470 258 742 377 386 171 770 219 492 350 505 410
 363 563 617  77 292  19 425 112 611 221 673 551 633 257 335 407 168 233
 721 689 185 732 246 164 629 356 220 665 729 480 152 601 395 304  72  53
 199 659 390 639 556 650 640 499 747 147  10 349 672 267  39 715 773 411
 256  97 457 227 743 536 277 177 541 504  80 329 302 663 159 212 187  90
 205 637  47 507  68 452  43 739  22 315 236 607   0 149 424 300 760 311
 188  63 308 700 360 540 419 765 107 297 529 705 169 367  92 579 352 108
 496  37  29 495 247 262 649  42 180 433 730 144 514 538 379 285 403 420
 654 237 166 697 222  48  60 301   3 234 310 533 562 735  54 245 666  14
 781 522 354  93 539  13 400 777 413 317 396  26 531 103 648  36 404 657
 712 769 598 510 309  24 776 678 306 746 761 719 642 208 691 618 576 124
 695 753 445 599 550 326 500 542 651 572 628  98 516 602 606 198 478  59
 679 163 207 405 423 102 429 328 110 460 437 243 493 534 751 397 552 229
 565 621 340  12 421 357 670 203 634 418 303 716 196 226 564 479 235 351
 106 438 238 494 740 175 737 487 176 584   2 704 263 252 153 561 575 509
 462 378  66  69  58 371 190   8 136 632  32  95 428 213 200 655  91 774
 446 752 543 667 557  81 385 316 343 286 215 614 283 749 260 731 644 674
 604 706 707 750 355 755 132 662 613 383 280 443 626 225 114 511 616 211
 345 757 744 717 313 682 273 336 748  71  23 287 167 603  82  65 239 375
  51 498 173 675 228   5 381 157 544 728 647 408  38 517 387 307 181 338
 653  27 348 720 771 449 412 321 553 619 426  34 688 299 574 388 154 415
 736  86 259 319 524 513 265 502 339 578 459 139 571  79 684  35  62 546
 698 271 274 272 337 624 347 710 638 137  88 465 453 161 545 458 549 121
 119 401 195  44 223 481 461 186  15 142   7 680 782 475 668  40 416 435
 622 158 444 548  56 754 464 512 189 780 718 398  85  17 358 289 625 593
 734 431 645 683 296  41 568 111 113   9  89 346 520 430  11 701 368 643
 145 427  52 656 583 217 162 641 100 178 620 491 399 669 469 214 581 586
 566 134 394 778  45 115 140 361 709 209 630 482  57 382 727 266 723 364
 477 762 362 764 406 488 775  99 151 660 484 547 779 305 623 447 370 501
 767 148 609  74 726 104 714 253 170 204 341 703  96 327 758 711  25 768
  21 627 146 422 635 384 194 559 661 269 455 486 473 380 417 503 608 592
 231 270 135 591 325 249 261 333 244 126 456 184 129 595 160 468 373  94
 392  28 515 490 686 312 202 506 409  87 600 587 230 692  73 690 279 278
 389 255 342 201 570 439  67 693 294] - 70539455
Solver: RVND, number of workers: 1
Setting feeder affinity
I am the master. There are 1 mpi processes. (hostname = gpu01)
Roots [<pyDF.nodes.Feeder object at 0x7fe6d3527ad0>]
Starting 0
Main loop
I am worker 0
GPU0
set random seed!
Initial: 70539455-[248 582 605 442 123 448  30 558 206 391 141 687 671 254 242 537 322 293
 713 585 324 241 612  16 440 117 353 518 741 588 122 374 589 526 127 133
 376 696 224 264 567 528 182 745 615 174  78 150 676 474 128 523 155  70
 652 330 434 472 290 210 320  33 314 268 323 708 580  46 535 131 197 759
 527 560 240 451 436 733 463 471 372 284  20  84 120 291 298 143   1 631
 216 156 555 772  76 454 334 521 597 251 332 344 530 109 288 432 275 118
 165 116  75 677 756 172 702 554 125 722 179 192 590 483  61 101 532 414
 441 610 763 295  83  49 577 466 658 508 725 569 738 573 489  50 193 596
 393 105 450 681 467 218 636 138 694 766 250 594 664 365 232 359 685 519
 699 402  31 485 282  55 281 525 476 130 724 318 276  64   6 331 646 369
   4 191 366 183  18 497 470 258 742 377 386 171 770 219 492 350 505 410
 363 563 617  77 292  19 425 112 611 221 673 551 633 257 335 407 168 233
 721 689 185 732 246 164 629 356 220 665 729 480 152 601 395 304  72  53
 199 659 390 639 556 650 640 499 747 147  10 349 672 267  39 715 773 411
 256  97 457 227 743 536 277 177 541 504  80 329 302 663 159 212 187  90
 205 637  47 507  68 452  43 739  22 315 236 607   0 149 424 300 760 311
 188  63 308 700 360 540 419 765 107 297 529 705 169 367  92 579 352 108
 496  37  29 495 247 262 649  42 180 433 730 144 514 538 379 285 403 420
 654 237 166 697 222  48  60 301   3 234 310 533 562 735  54 245 666  14
 781 522 354  93 539  13 400 777 413 317 396  26 531 103 648  36 404 657
 712 769 598 510 309  24 776 678 306 746 761 719 642 208 691 618 576 124
 695 753 445 599 550 326 500 542 651 572 628  98 516 602 606 198 478  59
 679 163 207 405 423 102 429 328 110 460 437 243 493 534 751 397 552 229
 565 621 340  12 421 357 670 203 634 418 303 716 196 226 564 479 235 351
 106 438 238 494 740 175 737 487 176 584   2 704 263 252 153 561 575 509
 462 378  66  69  58 371 190   8 136 632  32  95 428 213 200 655  91 774
 446 752 543 667 557  81 385 316 343 286 215 614 283 749 260 731 644 674
 604 706 707 750 355 755 132 662 613 383 280 443 626 225 114 511 616 211
 345 757 744 717 313 682 273 336 748  71  23 287 167 603  82  65 239 375
  51 498 173 675 228   5 381 157 544 728 647 408  38 517 387 307 181 338
 653  27 348 720 771 449 412 321 553 619 426  34 688 299 574 388 154 415
 736  86 259 319 524 513 265 502 339 578 459 139 571  79 684  35  62 546
 698 271 274 272 337 624 347 710 638 137  88 465 453 161 545 458 549 121
 119 401 195  44 223 481 461 186  15 142   7 680 782 475 668  40 416 435
 622 158 444 548  56 754 464 512 189 780 718 398  85  17 358 289 625 593
 734 431 645 683 296  41 568 111 113   9  89 346 520 430  11 701 368 643
 145 427  52 656 583 217 162 641 100 178 620 491 399 669 469 214 581 586
 566 134 394 778  45 115 140 361 709 209 630 482  57 382 727 266 723 364
 477 762 362 764 406 488 775  99 151 660 484 547 779 305 623 447 370 501
 767 148 609  74 726 104 714 253 170 204 341 703  96 327 758 711  25 768
  21 627 146 422 635 384 194 559 661 269 455 486 473 380 417 503 608 592
 231 270 135 591 325 249 261 333 244 126 456 184 129 595 160 468 373  94
 392  28 515 490 686 312 202 506 409  87 600 587 230 692  73 690 279 278
 389 255 342 201 570 439  67 693 294]
Final time: 17.2982900143s - Best: 3383090-[248 242 239 231 232 249 268 252 250 261 274 286 300 311 317 325 335 329
 321 302 291 280 289 299 306 320 332 344 346 349 376 369 371 359 353 350
 347 339 337 336 348 360 361 341 330 333 323 319 307 309 287 282 259 262
 270 271 251 244 240 219 227 228 220 225 212 200 182 187 196 190 188 202
 191 177 173 165 157 166 153 128 129 140 131 130 112 103  90  89  77  68
  50  41  53  61  49  34  21  13  31  15  20  25  26  23  27  43  54  59
  72  65  74  86  83  78 100 105 108 113 121 141 133 134 148 176 180 193
 213 222 246 260 278 283 297 308 295 296 303 313 328 340 354 356 366 393
 403 405 412 398 395 373 368 378 377 397 411 426 446 439 449 445 431 401
 399 413 414 402 387 384 367 372 382 380 385 379 374 390 410 416 418 434
 430 438 456 476 482 490 499 500 506 504 468 469 463 447 433 436 458 473
 479 488 492 487 474 464 467 477 470 480 478 489 503 502 509 544 531 543
 536 527 524 519 513 523 521 526 542 557 564 569 576 555 540 535 534 562
 565 563 586 602 608 590 583 599 600 613 632 629 635 650 645 652 653 661
 649 641 631 628 614 617 609 588 570 571 558 572 580 603 605 592 591 581
 566 548 545 537 549 554 582 584 601 619 622 624 634 642 655 657 676 681
 711 710 713 716 695 702 714 727 743 752 766 770 774 782 781 763 755 751
 741 723 701 707 715 722 729 730 726 700 699 709 694 698 719 718 706 712
 697 691 690 680 674 659 643 640 618 612 633 626 611 598 589 597 596 610
 625 647 651 658 677 687 670 678 684 679 689 705 704 717 734 744 735 731
 738 742 757 759 764 771 760 746 733 737 724 703 696 682 671 664 639 637
 623 595 579 593 585 578 561 568 560 546 539 530 538 553 533 529 550 567
 575 559 547 532 525 510 498 481 471 435 428 422 444 451 452 457 465 483
 484 505 516 511 507 491 485 462 454 432 425 429 423 419 407 408 409 392
 375 364 352 345 338 322 318 326 334 343 357 365 381 386 396 406 400 389
 383 362 351 358 355 342 304 312 301 293 277 272 275 276 288 269 265 234
 241 235 238 245 254 229 230 226 221 194 195 183 161 155 150 135 152 159
 154 146 138 122 116 109  96  87  55  48  51  24  14   0  16  36  44  56
  79  69  66  80  99 106 110 119 132 136 142 115 111 107 104 101  70  63
  47  76  73  88  94  97  93  82  75  62  38  28  32  57  52  46  64  45
  40  22   1   6  17  11   8   9   2   4  18  29   7  19  30  35  58  60
  67  81  85  84  98 117 125 120 123 143 149 164 163 156 168 162 175 178
 189 181 208 210 211 218 224 216 205 199 197 186 203 201 207 223 258 257
 267 255 266 285 298 290 305 292 315 331 324 370 388 391 404 421 437 442
 459 448 455 472 494 517 518 512 514 528 551 556 577 587 606 616 620 627
 648 656 660 683 668 665 685 688 692 672 663 666 667 673 675 669 693 740
 745 749 748 739 725 720 747 754 753 736 732 756 758 767 778 776 772 773
 765 761 762 769 779 780 750 728 686 662 646 636 615 607 594 573 522 515
 461 460 443 441 427 420 450 453 497 501 508 486 496 495 493 475 440 417
 415 363 314 284 279 264 263 237 253 233 217 198 192 170 169 167 147 144
 118  95  42  37  39   5  12  10   3  33  92  71  91 102 158 243 281 310
 294 256 236 209 172 137 127 139 160 151 126 114 124 145 184 171 179 185
 174 204 215 214 247 273 316 327 394 424 466 520 541 552 574 604 638 630
 621 654 644 708 768 777 775 721 206]
Value - initial: 70539455, final: 3383090, improveup: 20.8505995998

data-line;i;70539455;f;3383090;t;17.2982900143;c;-2;fv;[3383090L];cv;-1;imp;20.8505995998;type;rvnd;inum;6;w;1

time;17.2982900143;man_time;0;neigh_time;0
man_time;0;man_merge_sol;0;man_best_sol;0;man_combine_sol;0

Waiting [0]
Terminating workers True 0 0
MPI TERMINATING
