pydf_home: /home/rodolfo/git/Sucuri
simple_pycuda_home: /home/rodolfo/git/simple-pycuda
wamca2016path: /home/rodolfo/git/wamca2016/
localpath: /home/rodolfo/git/dvnd-df/code/dvnd-df/src/
WAMCAPATH:/home/rodolfo/git/wamca2016/
param: {solution_index:7, solution_instance_index:20, multi_gpu:True, goal:False, problem_name:ml, number_of_moves:10, device_count:2, solver:rvnd, mpi_enabled:True, workers:1}
Using already created file:  wamca2016lib.so
Size: 1001 - file name: 08_TRP-S1000-R1.tsp

Value - initial: 130502986-[ 23 476 854 ..., 468 162 243] - 130502986
Solver: RVND, number of workers: 1
Setting feeder affinity
I am the master. There are 1 mpi processes. (hostname = gpu01)
Roots [<pyDF.nodes.Feeder object at 0x7fd6e5412ad0>]
Starting 0
Main loop
I am worker 0
GPU0
set random seed!
Initial: 130502986-[ 23 476 854 ..., 468 162 243]
Final time: 25.7523901463s - Best: 5480447-[ 23 663 414 ..., 661 398 599]
Value - initial: 130502986, final: 5480447, improveup: 23.812471136

data-line;i;130502986;f;5480447;t;25.7523901463;c;-2;fv;[5480447L];cv;-1;imp;23.812471136;type;rvnd;inum;7;w;1

time;25.7523901463;man_time;0;neigh_time;0
man_time;0;man_merge_sol;0;man_best_sol;0;man_combine_sol;0

Waiting [0]
Terminating workers True 0 0
MPI TERMINATING
