pydf_home: /home/rodolfo/git/Sucuri
simple_pycuda_home: /home/rodolfo/git/simple-pycuda
wamca2016path: /home/rodolfo/git/wamca2016/
localpath: /home/rodolfo/git/dvnd-df/code/dvnd-df/src/
WAMCAPATH:/home/rodolfo/git/wamca2016/
param: {solution_index:2, solution_instance_index:17, multi_gpu:True, goal:False, problem_name:ml, number_of_moves:10, device_count:2, solver:rvnd, mpi_enabled:True, workers:1}
Using already created file:  wamca2016lib.so
Size: 226 - file name: 03_pr226.tsp

Value - initial: 196029150-[161 206  57  90 203  22 199  18 224 125 132  52  20  34 117 115  70 160
 128 207   9  33 168 208  31  23 214 185  53  49  66 171 157  71 210 223
  46 139 145  93  10 198 215  36 152 133 165 205  94  58  62  16 217 108
  30 103 167 111 149  73  65 191 180  27 156 138   2 154  35   0 189  28
  96  17 143 221 140  60  59  92 190 110 151 155 182   7 201 212 146  64
 172 121 186  89 183   4  68 150 158  45  95  51  61  67 184 187 219  40
  72  98 104 170 123  99 147  85  81 193 166 131  19 204  54 113   6 101
 144  56 176  13 100 179 202  11  69  15   1 106 169 222 102 159  86  79
 200  44 163  24  42 119 142  91 220  12 197  80  47 120  38 112 136 188
 127 209 148  75  39  82 181 213  77  21 218 129 225 105   5  63 178 173
 195  43 194  74  97  32 116 141 162   3 216 175  29 135 118 122 211 107
  87  26  83   8 174  50  25 126 196 192 164  78  41  88  55 153 177 109
  14 137  76  48 134 114 124  84 130  37] - 196029150
Solver: RVND, number of workers: 1
Setting feeder affinity
I am the master. There are 1 mpi processes. (hostname = gpu01)
Roots [<pyDF.nodes.Feeder object at 0x7f8fbcfeaad0>]
Starting 0
Main loop
I am worker 0
GPU0
set random seed!
Initial: 196029150-[161 206  57  90 203  22 199  18 224 125 132  52  20  34 117 115  70 160
 128 207   9  33 168 208  31  23 214 185  53  49  66 171 157  71 210 223
  46 139 145  93  10 198 215  36 152 133 165 205  94  58  62  16 217 108
  30 103 167 111 149  73  65 191 180  27 156 138   2 154  35   0 189  28
  96  17 143 221 140  60  59  92 190 110 151 155 182   7 201 212 146  64
 172 121 186  89 183   4  68 150 158  45  95  51  61  67 184 187 219  40
  72  98 104 170 123  99 147  85  81 193 166 131  19 204  54 113   6 101
 144  56 176  13 100 179 202  11  69  15   1 106 169 222 102 159  86  79
 200  44 163  24  42 119 142  91 220  12 197  80  47 120  38 112 136 188
 127 209 148  75  39  82 181 213  77  21 218 129 225 105   5  63 178 173
 195  43 194  74  97  32 116 141 162   3 216 175  29 135 118 122 211 107
  87  26  83   8 174  50  25 126 196 192 164  78  41  88  55 153 177 109
  14 137  76  48 134 114 124  84 130  37]
Final time: 3.30833411217s - Best: 7022074-[161 160 159 158 157 156 155 154 162 163 164 165 166 167 168 169 170 171
 172 173 174 175 176 177 178 179 180 181 182 183 184 185 186 187 188 189
 190 191 192 193 194 195 196 197 198 199 200 201 202 203 204 205 206 207
 208 209 210 211 212 213 214 215 216 217 218 219 220 221 222 223 224 225
 124 131 129 123 122 130 128 121 120 126 127 119 118 125 117 116 115 114
 113 112 111 110 102 104 103 105 106 107 108 109 132 133 134 135 137 138
 139 140 141 142 149 147 148 146 144 145 143 136  93 101 100  92  91  99
  98  90  89  97  96  87  88  95  86  94  62  61  60  59  58  57  56  55
  54  53  52  51  50  18  17  16  15  14  13   9   8   6   5   4   3   2
   1   0  72  73  74  75  76  77  78  79  80  81  82  83  84  85  71   7
  10  11  12  70  67  66  68  69  65  64  19  20  21  22  23  24  25  26
  28  29  33  34  35  32  31  30  27  48  47  44  45  46  43  36  37  38
  41  42  40 153 152 151 150  63  49  39]
Value - initial: 196029150, final: 7022074, improveup: 27.9161327551

data-line;i;196029150;f;7022074;t;3.30833411217;c;-2;fv;[7022074L];cv;-1;imp;27.9161327551;type;rvnd;inum;2;w;1

time;3.30833411217;man_time;0;neigh_time;0
man_time;0;man_merge_sol;0;man_best_sol;0;man_combine_sol;0

Waiting [0]
Terminating workers True 0 0
MPI TERMINATING
