pydf_home: /home/rodolfo/git/Sucuri
simple_pycuda_home: /home/rodolfo/git/simple-pycuda
wamca2016path: /home/rodolfo/git/wamca2016/
localpath: /home/rodolfo/git/dvnd-df/code/dvnd-df/src/
WAMCAPATH:/home/rodolfo/git/wamca2016/
param: {solution_index:5, solution_instance_index:83, multi_gpu:True, goal:False, problem_name:ml, number_of_moves:10, device_count:2, solver:rvnd, mpi_enabled:True, workers:1}
Using already created file:  wamca2016lib.so
Size: 657 - file name: 06_d657.tsp

Value - initial: 283707638-[ 47 297 475  38  53 228 536 250  60 363 314 216  21 587 198 548 441 261
 383 116 381 395 461  75 136 121 313 431 485 294 620 451 631 370 648 295
 196 227 647 185 532  78 380 388 225   1 487 591 585  77  26 107 236 556
  33 167 474  81 589 284 408 418  27 156 368 252   7 655 634 346 579  25
 399 135 333 326 644 160 566  80 126 529 473 653 128 289  87 299 120 606
 124 154 502 275  71 635  64 619 456 478 507 129 610 430 215 251 270 103
 320 115 208 237 354 144 361 248 331 626 163 292 113 332 396  31 213 596
 267 508 615 132 453   3 568 140 425  48 472 407 345  93 565  23 541 296
  20  41  82 238 607 492 429 191 242 412  86 157 283 147 195 649 304 423
 255 480 518 392 273  66 483 184 427 344 628 494  13  16  35 504  63 352
 175 574 490 310  90 359 633 268 488 347  74 435 192 327 629 646 627 614
 138 527 549 307 458 542 123 323  37 178 152 176 639 343 337 612 174 374
 201 385  15 640 285 439 524 263 241 375 398 372 624 162 558 534 301 578
 555 630 112  17  79   2 415 119 212 187 611 341  57 139 290  85 595   0
  59 411 544  12 493   4 413 229 258 117 414 391 179 567 590 517  61 501
 454 625 583 338 358 498  51 405 146  30 641 636 452 239 397 336 221 279
 604 443 393 243 404 224 428 632 546  68 467 256 652 592  50 300 324  76
 349 410  92 386 329 109 277 409 254 643 308 465 106 148 257 325 576 276
 356 402 562 328 466 177 455 351 521 599 573 207 448 489 373 422  95 514
 334 497 265 219 476 496 180 125 291 446 171 637 468  39  18 149 650 298
 357  54  97 246 169 509 500 161 110 510 223 186  36 218 622 543 335 118
 460 168 642 173 571 533 330  19  46 582 526 419 231 190 134 305 605 105
  83 424 433 528 535  49 540 130 442 164  84 519 253 600 618 194 122   6
 350  55 114 503 315 506 491 479 597 445 104 142 470 264 158 570 193 638
 463 159 235 449 165 603 581 437 559  43  44 170 183 426 244 362 376  72
 280 450  96 554 245 421 151 133 623 379 322  40 457 303 389 654 311  98
 317 259 438 211 278 553 471 520 515 484 609 108 523 312 199 203 464 564
 197 505 145 202 552 572 656 348 401 205 550 513 233 287 342 602 226 511
 321  69 210 188 580 127 281 137 459 403 150 214 481 318  45 209 613 586
 384 260  32 365  10 547 272 269 645 353 608  89 378 293 551 563 486  65
  28 360 100 111 499 432 366 516   5 400 274 537 584 444 355   8 288 306
 447 416 601 462  11 598 182 282  56 155 377 200  22 387 495  62 382 531
  91 131 220 286 651 271 617  52 222 240 469 420 436  29 545 371  99 616
 204 217 575 309 594 319 530 569 102  24 593 340 189 141 234 143  42 101
  73 302 522 230 247 577  34  14 561 434 525 512 181 266 482 539 339 557
 417 477 406 390  70 367 364 440 394 232 206 153 560 316  94  58 369 172
   9 621  67 588 166 538 262  88 249] - 283707638
Solver: RVND, number of workers: 1
Setting feeder affinity
I am the master. There are 1 mpi processes. (hostname = gpu01)
Roots [<pyDF.nodes.Feeder object at 0x7f4e86df2ad0>]
Starting 0
Main loop
I am worker 0
GPU0
set random seed!
Initial: 283707638-[ 47 297 475  38  53 228 536 250  60 363 314 216  21 587 198 548 441 261
 383 116 381 395 461  75 136 121 313 431 485 294 620 451 631 370 648 295
 196 227 647 185 532  78 380 388 225   1 487 591 585  77  26 107 236 556
  33 167 474  81 589 284 408 418  27 156 368 252   7 655 634 346 579  25
 399 135 333 326 644 160 566  80 126 529 473 653 128 289  87 299 120 606
 124 154 502 275  71 635  64 619 456 478 507 129 610 430 215 251 270 103
 320 115 208 237 354 144 361 248 331 626 163 292 113 332 396  31 213 596
 267 508 615 132 453   3 568 140 425  48 472 407 345  93 565  23 541 296
  20  41  82 238 607 492 429 191 242 412  86 157 283 147 195 649 304 423
 255 480 518 392 273  66 483 184 427 344 628 494  13  16  35 504  63 352
 175 574 490 310  90 359 633 268 488 347  74 435 192 327 629 646 627 614
 138 527 549 307 458 542 123 323  37 178 152 176 639 343 337 612 174 374
 201 385  15 640 285 439 524 263 241 375 398 372 624 162 558 534 301 578
 555 630 112  17  79   2 415 119 212 187 611 341  57 139 290  85 595   0
  59 411 544  12 493   4 413 229 258 117 414 391 179 567 590 517  61 501
 454 625 583 338 358 498  51 405 146  30 641 636 452 239 397 336 221 279
 604 443 393 243 404 224 428 632 546  68 467 256 652 592  50 300 324  76
 349 410  92 386 329 109 277 409 254 643 308 465 106 148 257 325 576 276
 356 402 562 328 466 177 455 351 521 599 573 207 448 489 373 422  95 514
 334 497 265 219 476 496 180 125 291 446 171 637 468  39  18 149 650 298
 357  54  97 246 169 509 500 161 110 510 223 186  36 218 622 543 335 118
 460 168 642 173 571 533 330  19  46 582 526 419 231 190 134 305 605 105
  83 424 433 528 535  49 540 130 442 164  84 519 253 600 618 194 122   6
 350  55 114 503 315 506 491 479 597 445 104 142 470 264 158 570 193 638
 463 159 235 449 165 603 581 437 559  43  44 170 183 426 244 362 376  72
 280 450  96 554 245 421 151 133 623 379 322  40 457 303 389 654 311  98
 317 259 438 211 278 553 471 520 515 484 609 108 523 312 199 203 464 564
 197 505 145 202 552 572 656 348 401 205 550 513 233 287 342 602 226 511
 321  69 210 188 580 127 281 137 459 403 150 214 481 318  45 209 613 586
 384 260  32 365  10 547 272 269 645 353 608  89 378 293 551 563 486  65
  28 360 100 111 499 432 366 516   5 400 274 537 584 444 355   8 288 306
 447 416 601 462  11 598 182 282  56 155 377 200  22 387 495  62 382 531
  91 131 220 286 651 271 617  52 222 240 469 420 436  29 545 371  99 616
 204 217 575 309 594 319 530 569 102  24 593 340 189 141 234 143  42 101
  73 302 522 230 247 577  34  14 561 434 525 512 181 266 482 539 339 557
 417 477 406 390  70 367 364 440 394 232 206 153 560 316  94  58 369 172
   9 621  67 588 166 538 262  88 249]
Final time: 13.7810750008s - Best: 14064848-[ 47  51  62  56  67 483 472 482 491 494 497 498 496 490 486 485 480 481
 487 488 493 492 489 484 514 515 519 520 521 527 526 525 522 524 530 533
 523 529 531 532 535 534 536 537 538 539 540 541 635 639 638 640 641 637
 636 634 633 632 631 544 545 546 547 548 553 558 554 555 557 550 549 543
 551 556 559 509 508 510 159 182 189 174 160 136 133 507 500 501 503 502
 499 504 126 135 125 506 505 124 127 145 144 109 134 123 108  95  87  88
  89  94  83  76  82  96 100 107 111 106 122 112 121 105 104  90  70  58
  66  71  80  81  75  61  43  38  42  46  37  34 469 468 466 464 462 463
 442 446 447 443 441 440  23  25  26  27  30  29  22 445 444  19  18  13
  17  16  20  15  14  21  24  32  33  35  36  39  41  45  44  49  50  54
  63  68  73  77  74  84 101 116 128 129 130 137 142 162 164 190 196 206
 199 198 197 195 191 186 181 180 185 178 172 168 155 140 132 115  93  98
  97  91 102 114 118 103 119 113  99  92  86 120 139 148 169 171 170 161
 147 149 154 177 184 179 166 158 150 143 153 167 151 176 188 192 223 228
 243 255 259 250 242 226 224 207 208 214 219 227 252 270 276 268 260 251
 247 241 232 221 215 225 236 248 254 275 287 292 309 321 342 348 364 370
 397 388 387 369 365 377 386 401 405 414 423 431 424 410 419 425 413 406
 402 395 396 378 385 394 403 407 412 384 379 376 374 368 366 359 363 352
 332 314 315 329 338 344 353 362 367 382 411 417 428 418 383 380 375 354
 343 336 319 330 355 360 381 393 426 427 408 622 620 618 617 616 615 613
 610 607 606 605 601 600 598 589 586 581 257 246 229 580 258 266 279 592
 306 297 280 273 265 278 281 295 302 301 285 282 267 256 244 233 249 277
 291 272 274 283 286 313 328 339 357 351 358 327 333 318 312 305 304 311
 300 310 320 326 350 349 325 308 334 324 323 340 346 372 361 347 341 345
 335 322 317 307 298 290 303 299 293 288 264 263 271 261 253 234 240 217
 209 218 220 230 239 238 235 231 210 163 156 138 131 117   5   6  78  79
  64  60  53   7   9   8   3   2   1  10  11  12  28  40  65  72  85  69
  59  57  52  48  55  31 458 453 449 448 450 452 451 454 461 465 467 460
 459 455 473 456 457 475 476 479 478 477 518 517 516 513 512 528 511 173
 183 194 200 201 202 570 567 566 565 563 560 564 561 562 568 569 571 572
 576 577 573 574 578 582 595 608 596 591 597 594 602 611 612 619 624 625
 623 621 614 609 604 603 599 593 590 587 588 583 584 585 579 575 656 626
 655 654 653 627 651 650 649 652 648 647 645 646 644 643 642 630 629 628
 552 542 495 152 193 203 205 213 212 216 222 245 296 337 356 331 316 392
 429 434 433 432 435 430 436 422 439 421 415 404 400 389 398 391 409 420
 437 438 416 390 399 371 289 262 269 237 187 165 157 204 294 373 284 211
 175 146 110 471 474 470 141   4   0]
Value - initial: 283707638, final: 14064848, improveup: 20.1713973731

data-line;i;283707638;f;14064848;t;13.7810750008;c;-2;fv;[14064848L];cv;-1;imp;20.1713973731;type;rvnd;inum;5;w;1

time;13.7810750008;man_time;0;neigh_time;0
man_time;0;man_merge_sol;0;man_best_sol;0;man_combine_sol;0

Waiting [0]
Terminating workers True 0 0
MPI TERMINATING
