pydf_home: /home/rodolfo/git/Sucuri
simple_pycuda_home: /home/rodolfo/git/simple-pycuda
wamca2016path: /home/rodolfo/git/wamca2016/
localpath: /home/rodolfo/git/dvnd-df/code/dvnd-df/src/
WAMCAPATH:/home/rodolfo/git/wamca2016/
param: {solution_index:2, solution_instance_index:94, multi_gpu:True, goal:False, problem_name:ml, number_of_moves:10, device_count:2, solver:rvnd, mpi_enabled:True, workers:1}
Using already created file:  wamca2016lib.so
Size: 226 - file name: 03_pr226.tsp

Value - initial: 179428744-[ 50 166  10  74  79  78 157   7  83 215 134 191  75  53  25  62  88 183
 120 178 196  19  65 155 156 113  18  20 147 143 214 207 105 219  21  45
 104 123 161  11 146 208 114  77 151  42  46 213 212 172 132  63  80  61
 118  28  35 211 176  93 138 108  16   0 204 162  73  49 200  57 206 125
   4 169 222 117 101 136  95  52 210 203  66   5 119 106  37  43 189 115
   8  33 140  67 190  69 107  55 165  86  72 145 188  26 163 197   3 152
 187  71 133  84 124  54 126 153 198 135  70  92 144  58  15 179  99  64
   2 182 218 201  13  23  38  30 209 202 174  32  89 141 102 173 216 223
 112 168 158  40  12 116 128  17 127  48 137 171  85 225  60 199 192  68
  91  31 221 180 195 129  94 184 142 121  87  39 103  44  90 130 110 194
  82  14  96 167  34  41  98  27 170 193  76  56  29  81  59 224 217 220
 154 164  51 186  22 122 109 185 205 175  36   1 181 160   6 111 148  97
 177   9 150 139 100  47 131 159  24 149] - 179428744
Solver: RVND, number of workers: 1
Setting feeder affinity
I am the master. There are 1 mpi processes. (hostname = gpu01)
Roots [<pyDF.nodes.Feeder object at 0x7f6f4f699ad0>]
Starting 0
Main loop
I am worker 0
GPU0
set random seed!
Initial: 179428744-[ 50 166  10  74  79  78 157   7  83 215 134 191  75  53  25  62  88 183
 120 178 196  19  65 155 156 113  18  20 147 143 214 207 105 219  21  45
 104 123 161  11 146 208 114  77 151  42  46 213 212 172 132  63  80  61
 118  28  35 211 176  93 138 108  16   0 204 162  73  49 200  57 206 125
   4 169 222 117 101 136  95  52 210 203  66   5 119 106  37  43 189 115
   8  33 140  67 190  69 107  55 165  86  72 145 188  26 163 197   3 152
 187  71 133  84 124  54 126 153 198 135  70  92 144  58  15 179  99  64
   2 182 218 201  13  23  38  30 209 202 174  32  89 141 102 173 216 223
 112 168 158  40  12 116 128  17 127  48 137 171  85 225  60 199 192  68
  91  31 221 180 195 129  94 184 142 121  87  39 103  44  90 130 110 194
  82  14  96 167  34  41  98  27 170 193  76  56  29  81  59 224 217 220
 154 164  51 186  22 122 109 185 205 175  36   1 181 160   6 111 148  97
 177   9 150 139 100  47 131 159  24 149]
Final time: 3.12050008774s - Best: 7032949-[ 50  51  52  53  54  55  56  57  58  59  60  61  62  94  86  88  95  96
  87  89  97  98  90  91  99 100  92  93 101 143 136 137 145 144 138 139
 146 148 140 141 142 149 147 150 151 152 153 154 155 156 157 158 159 160
 161 162 163 164 165 166 167 168 169 170 171 172 173 174 175 176 177 178
 179 180 181 182 183 184 185 186 187 188 189 190 191 192 193 194 195 196
 197 198 199 200 201 202 203 204 205 206 207 208 209 210 211 212 213 214
 215 216 217 218 219 220 221 222 223 224 225 124 131 129 123 122 130 128
 121 120 126 127 119 118 125 117 109 108 116 115 107 106 114 113 105 103
 112 111 104 102 110  85  84  83  82  81  80  79  78  77  76  75  74  73
  72   0   1   2   3   4   5   6   7   8   9  13  14  15  10  11  12  70
  71  69  68  67  66  16  17  18  19  20  21  22  23  24  25  26  27  28
  29  33  34  35  30  31  32  47  44  43  36  37  38  41  42  46  45  48
  49  63  64  65 132 133 134 135  40  39]
Value - initial: 179428744, final: 7032949, improveup: 25.5125899534

data-line;i;179428744;f;7032949;t;3.12050008774;c;-2;fv;[7032949L];cv;-1;imp;25.5125899534;type;rvnd;inum;2;w;1

time;3.12050008774;man_time;0;neigh_time;0
man_time;0;man_merge_sol;0;man_best_sol;0;man_combine_sol;0

Waiting [0]
Terminating workers True 0 0
MPI TERMINATING
