pydf_home: /home/rodolfo/git/Sucuri
simple_pycuda_home: /home/rodolfo/git/simple-pycuda
wamca2016path: /home/rodolfo/git/wamca2016/
localpath: /home/rodolfo/git/dvnd-df/code/dvnd-df/src/
WAMCAPATH:/home/rodolfo/git/wamca2016/
param: {solution_index:5, solution_instance_index:25, multi_gpu:True, goal:False, problem_name:ml, number_of_moves:10, device_count:2, solver:rvnd, mpi_enabled:True, workers:1}
Using already created file:  wamca2016lib.so
Size: 657 - file name: 06_d657.tsp

Value - initial: 286539082-[203 132 427 321 546 245 101 642 645 632 206 408 237 489 571 541 285 221
 189 409 518 542 332 323 570 149 316 257 188 385 451 294 211 582 313 155
 273 240 354 141  20  65 159 302 635 424 413 516  75  69 422 373 535  66
 554 337 612 352 148 119 331   2 590 608 504 147 511 603  59  15  55 488
 641 418 560 440 249 496 465 454 330 122  13 143 578 333 395 610  53 457
 429 532 654 574 545  74   1 200 110 564 115 617 258 597 368 416 343  25
 634 605 371 219 238 209 297 176 239  63 151 369 232 275 322 598  40  41
 614 282 266 347 325 552 160 293  62 648 391 349 348  95 640 306  12 466
 383 469 290  82 191 517 231  32 377 445 411  45 594 652 382 534 289 117
  29 345   8  52  36 544 397 135 109 374 575 355 599 616 483 157 520 229
 403   4 650 261 555 124 396 248 633 553  85 361 127 389 399 140 201 123
 344 230 561 370 167 446 426 434 150  72  57 579 381 497 557 174 156 580
 367 256 152 602 224  77 592 453 596  46  42  71 226 607  16 144 327 587
 419 107 142 212 318 543 386   5 315  22 428 346 324 388 651 556 192 420
 279 380 303  37 569 394 643 415 442  64 626 283 292 134 360 194 461  68
  43 637 522 298 501 581 336 448 638 328 136 217 265 495 317 464 480 195
 533 116 595 593 589  17 312 126 636 350 210  81 613 314 525  89 363 601
 319 498 193   6 455 310 515 114 259  54 113 586 439  56  93 366 473  28
 490  33  24 476 438 269 524 372 456 482  58 213 340  35 647  67 228 183
 268 512 179 481  87 526 199 559 487 139 277 506 162 198   0 166 299 197
 585 278 234 378 284 102 538 120 338 130 103 246 656 235 591 161 503 474
 362 205 172  90 486 301  76 145 353 170 253 358 311 639 307 499  23 196
 646 509 164  92 250 628 649  44 609 280 611 540 178 241 365 202 468 523
 444 267 165 573  38 138 287 463 470  91 485  73 478 414 417 550  30 620
 528 604  98  21 168 133 627  39 584 222 180 118 505 263 514 479 184 281
 177 600 296 623 274 459  88 430  47 644 568 547 519 112 264 484 288 339
 400  99 106 577 341 472 272  61 329 243 441 137  97 398 631 606  51 653
  19 254 171 529 384 421 181 406  34 491 251  31 220 252 105 630 558 431
 131   3 450 216 175 320 393 572 100 207  26 618 208  60 536 500 215 326
 467 510  27 562  48 549 622 655  18 462 432 286 548 295 291 551 158 621
 375 255 452  96 493  49 566  79 576 227 583  10 407 376 276 300 392 242
 342 236 401 356 309 357 475 351 387 405 531 449 588 615 379 625 443  84
   7 111 563 513 471 624 435 187 271 190 186 262 214 492  78 508 308 477
 423 565 270 129 169 334 447  83 619 204 121 425  94 182 163 437 390 173
  14 458 521 539  50 108   9  86 154 460 433 223 244 125  70 304 507 502
 364 412 410 537  80 153 185 530 402 305 260  11 436 335 629 218 404 494
 104 233 359 225 527 247 567 128 146] - 286539082
Solver: RVND, number of workers: 1
Setting feeder affinity
I am the master. There are 1 mpi processes. (hostname = gpu01)
Roots [<pyDF.nodes.Feeder object at 0x7fb78253fad0>]
Starting 0
Main loop
I am worker 0
GPU0
set random seed!
Initial: 286539082-[203 132 427 321 546 245 101 642 645 632 206 408 237 489 571 541 285 221
 189 409 518 542 332 323 570 149 316 257 188 385 451 294 211 582 313 155
 273 240 354 141  20  65 159 302 635 424 413 516  75  69 422 373 535  66
 554 337 612 352 148 119 331   2 590 608 504 147 511 603  59  15  55 488
 641 418 560 440 249 496 465 454 330 122  13 143 578 333 395 610  53 457
 429 532 654 574 545  74   1 200 110 564 115 617 258 597 368 416 343  25
 634 605 371 219 238 209 297 176 239  63 151 369 232 275 322 598  40  41
 614 282 266 347 325 552 160 293  62 648 391 349 348  95 640 306  12 466
 383 469 290  82 191 517 231  32 377 445 411  45 594 652 382 534 289 117
  29 345   8  52  36 544 397 135 109 374 575 355 599 616 483 157 520 229
 403   4 650 261 555 124 396 248 633 553  85 361 127 389 399 140 201 123
 344 230 561 370 167 446 426 434 150  72  57 579 381 497 557 174 156 580
 367 256 152 602 224  77 592 453 596  46  42  71 226 607  16 144 327 587
 419 107 142 212 318 543 386   5 315  22 428 346 324 388 651 556 192 420
 279 380 303  37 569 394 643 415 442  64 626 283 292 134 360 194 461  68
  43 637 522 298 501 581 336 448 638 328 136 217 265 495 317 464 480 195
 533 116 595 593 589  17 312 126 636 350 210  81 613 314 525  89 363 601
 319 498 193   6 455 310 515 114 259  54 113 586 439  56  93 366 473  28
 490  33  24 476 438 269 524 372 456 482  58 213 340  35 647  67 228 183
 268 512 179 481  87 526 199 559 487 139 277 506 162 198   0 166 299 197
 585 278 234 378 284 102 538 120 338 130 103 246 656 235 591 161 503 474
 362 205 172  90 486 301  76 145 353 170 253 358 311 639 307 499  23 196
 646 509 164  92 250 628 649  44 609 280 611 540 178 241 365 202 468 523
 444 267 165 573  38 138 287 463 470  91 485  73 478 414 417 550  30 620
 528 604  98  21 168 133 627  39 584 222 180 118 505 263 514 479 184 281
 177 600 296 623 274 459  88 430  47 644 568 547 519 112 264 484 288 339
 400  99 106 577 341 472 272  61 329 243 441 137  97 398 631 606  51 653
  19 254 171 529 384 421 181 406  34 491 251  31 220 252 105 630 558 431
 131   3 450 216 175 320 393 572 100 207  26 618 208  60 536 500 215 326
 467 510  27 562  48 549 622 655  18 462 432 286 548 295 291 551 158 621
 375 255 452  96 493  49 566  79 576 227 583  10 407 376 276 300 392 242
 342 236 401 356 309 357 475 351 387 405 531 449 588 615 379 625 443  84
   7 111 563 513 471 624 435 187 271 190 186 262 214 492  78 508 308 477
 423 565 270 129 169 334 447  83 619 204 121 425  94 182 163 437 390 173
  14 458 521 539  50 108   9  86 154 460 433 223 244 125  70 304 507 502
 364 412 410 537  80 153 185 530 402 305 260  11 436 335 629 218 404 494
 104 233 359 225 527 247 567 128 146]
Final time: 8.41436505318s - Best: 14809372-[203 205 212 216 222 245 265 281 278 285 282 315 314 332 338 344 353 367
 362 352 363 359 366 368 374 376 379 384 394 403 407 412 413 406 402 395
 385 396 410 419 424 431 423 414 405 401 386 377 369 350 325 321 309 308
 334 324 323 340 361 347 341 345 335 322 317 307 264 263 261 271 290 298
 289 262 238 235 231 210 196 190 162 164 156 163 141 117 131 138 129 142
 137 130 128 116 101  84  77  73  68  63  45  44  49  54  50  40  57  52
  48  55  59  69  65  72  85  91  97  98 115 132 140 155 168 172 178 185
 186 180 181 191 195 197 198 199 206 220 230 239 253 234 218 209 217 240
 288 293 299 303 292 287 275 254 248 236 225 215 232 241 247 251 227 219
 214 208 207 166 158 150 153 143 122 112 106 107 111 110 123 108  95  87
  88  89  94  83  76  82  96 100  81  75  80  71  66  61  58  46  42  38
  34 469 468 466 464 458 462 463 442 449 448 453 450 452 451 454 461 465
 467 460 459 455 473 456 457 475 476 479 478 477 519 520 521 527 526 525
 522 524 530 533 523 529 531 532 535 534 537 536 639 638 640 641 637 636
 631 632 633 634 635 541 540 539 538 516 517 518 515 514 484 481 480 485
 487 488 489 492 495 500 501 503 502 499 504 506 125 135 126 507 136 133
 508 509 510 159 182 189 174 193 211 233 244 256 267 286 283 274 272 277
 291 313 328 329 316 301 295 302 319 330 343 354 360 355 331 337 356 408
 622 620 618 617 616 615 613 610 607 606 605 601 595 596 591 582 578 581
 586 246 257 266 280 273 258 229 580 213 200 194 183 173 511 567 566 557
 555 554 558 553 548 547 546 545 544 543 549 550 551 556 559 528 512 513
 493 490 486 482 472 471  56  62  51  47  43  37  31  30  27  26  25  23
 440 441 443 446 447 445 444  22  19  18  13  17  16  20  15  14  21  24
  32  33  35  36  39  41   7   8   9  11  12  10   1   2   3   4   5   6
  78  79  64  60  53  74  93 102 114 118 103 119 113 139 148 161 170 169
 171 221 260 268 252 226 224 242 250 270 276 300 310 320 326 349 342 348
 364 370 388 397 389 400 404 415 421 422 436 430 435 387 365 373 378 357
 351 358 327 333 318 312 305 311 304 284 259 255 243 228 223 192 188 176
 146 151 167 179 184 177 154 149 147 120  99  92  86 104 121 105  90  70
  67 483 491 494 497 496 498 505 124 127 109 134 144 145 175 152 160 201
 202 570 565 563 560 564 561 562 552 628 629 630 649 650 651 627 568 569
 571 572 626 654 655 656 575 579 576 577 583 584 585 588 587 590 593 599
 603 604 609 614 621 623 625 624 427 426 619 612 611 602 594 597 608 600
 598 589 279 592 306 297 296 336 375 380 383 381 393 418 428 417 411 382
 392 429 434 433 425 432 439 398 346 372 391 409 420 437 438 416 390 399
 371 269 237 187 165 157 204 294 339 249 574 573 653 652 648 647 645 646
 644 643 642 542 474 470  29  28   0]
Value - initial: 286539082, final: 14809372, improveup: 19.3484964791

data-line;i;286539082;f;14809372;t;8.41436505318;c;-2;fv;[14809372L];cv;-1;imp;19.3484964791;type;rvnd;inum;5;w;1

time;8.41436505318;man_time;0;neigh_time;0
man_time;0;man_merge_sol;0;man_best_sol;0;man_combine_sol;0

Waiting [0]
Terminating workers True 0 0
MPI TERMINATING
