pydf_home: /home/rodolfo/git/Sucuri
simple_pycuda_home: /home/rodolfo/git/simple-pycuda
wamca2016path: /home/rodolfo/git/wamca2016/
localpath: /home/rodolfo/git/dvnd-df/code/dvnd-df/src/
WAMCAPATH:/home/rodolfo/git/wamca2016/
param: {solution_index:5, solution_instance_index:55, multi_gpu:True, goal:False, problem_name:ml, number_of_moves:10, device_count:2, solver:rvnd, mpi_enabled:True, workers:1}
Using already created file:  wamca2016lib.so
Size: 657 - file name: 06_d657.tsp

Value - initial: 282310785-[380   7 529 483 596 539 470 568  10 302 409 273 566 611 361 541 124 346
 573 505 399 546 308 388  37 343 644 370  99 476 295 402 128 280  43 134
 502 207 450 491 328 349   4 226 264 427 451 283 340 334 651 613 206 542
 238 147 276 610 411 177 266 208 637 513 435 326 558 132 312 300 197 141
 472 440 468 557 464 108  97 212 481 465 272  96 593  42 331 564 372 595
 251 509 222 417 313 288 228 165 648 597 376 459 261  49 260 618 552 584
 501 127 559 287  53 109 214 286 585 524 589  65 285 221 294 360  68 462
 540 454  63  89 225 229 231 157 249 219  31  61 163 428 620 256  94 656
 605 135 438 535 518 434   6 211 368 567 161 600 209 305 456 640  13 527
  19 547 267 602 576 144 398 511 479 352 357 213   2 233 338 633 423  54
 631 486 223 289 389 355 178 453 549 575 168 443 367 325  58 641 106 395
 323 252 198  47 359 497 153 482 445 617  32 621 180 599 227  67  30 173
 534 442 315 522 523  76 220 314  82 571 455  38  22 655 172 405 570 572
 588 504 192 444 371 239 347 619 354 457 418  92  57 391 480 188 363 303
 194 606 630 151 201  33 612 320 130 218  75 429  71  35 624 383 632 311
 544 604 160 555 122 578 582 277 581 512 123 244 396  16 196 433 416 339
 241 520 386  95 268 592  73 591 381 495 167 125 102 345 278 526 324  40
 265 293 275 191 532 263 322 190  77 626  84 448 281  93 397 373 374 607
 565 519  66 139  21 473 101 126 469 270 186 350 538 155 245 577 179 105
 243 586 174 579 394 332 166 341 622 337 496 400 508  41 420 176 330 507
 184 587  11 230 353 284  52  34 319  48   0 310 240 645 408 216 333 515
 616 608 598 375 493 120 366  88 603 543 202 129  28 152 348 461   3 169
 415 379 100 625 187 114  81 356  50 506  36 369 185 254  60 477 653 649
 274 646 296 517 516 492 181  51 351 121 525  64  87 365 422 318 210 563
 316 484 116 510 154 248 385 290 384 258 335  85 650   9 421   5 133 548
  12 103 358 382  98 601 531 590 297  17 537 156 242 431 159 304 182 452
 419 628  18 113 162 404 224 336 377 217 392 458 235 583 556 393 494 475
 425 378 142 478 521 136 500 652 344 634 488 466 490  27 148 189 401 309
 643 562 403 269 307 327 614  74 436 638 299 298 146 446 362  80   8 205
 149  79 623  15  20 467 594 561 171 430 615  29 503 447 246 574 390 306
 569 528 279 530 301 104 460 234 112 170 426  83 215 410 342 536 387 237
 253 533 111 554 119 115 471 647 635 321 236  46   1 414 193 138  39  78
 654 117  62  72 259 560 203  86 329 150 413 131 317  91 580  26 282 499
  70 407 200 204 636  69 257 143 498  59 550  25  55  44 145 485 107 449
 489 406 463 627 118 199 175 439 514 271  23  24 183 232 424 247 364 255
 164 158 629 292 551 474 110 262 412  56 553  14 639 140 545 609  90 291
 441 642 137 250 432 487  45 437 195] - 282310785
Solver: RVND, number of workers: 1
Setting feeder affinity
I am the master. There are 1 mpi processes. (hostname = gpu01)
Roots [<pyDF.nodes.Feeder object at 0x7f8c82c4cad0>]
Starting 0
Main loop
I am worker 0
GPU0
set random seed!
Initial: 282310785-[380   7 529 483 596 539 470 568  10 302 409 273 566 611 361 541 124 346
 573 505 399 546 308 388  37 343 644 370  99 476 295 402 128 280  43 134
 502 207 450 491 328 349   4 226 264 427 451 283 340 334 651 613 206 542
 238 147 276 610 411 177 266 208 637 513 435 326 558 132 312 300 197 141
 472 440 468 557 464 108  97 212 481 465 272  96 593  42 331 564 372 595
 251 509 222 417 313 288 228 165 648 597 376 459 261  49 260 618 552 584
 501 127 559 287  53 109 214 286 585 524 589  65 285 221 294 360  68 462
 540 454  63  89 225 229 231 157 249 219  31  61 163 428 620 256  94 656
 605 135 438 535 518 434   6 211 368 567 161 600 209 305 456 640  13 527
  19 547 267 602 576 144 398 511 479 352 357 213   2 233 338 633 423  54
 631 486 223 289 389 355 178 453 549 575 168 443 367 325  58 641 106 395
 323 252 198  47 359 497 153 482 445 617  32 621 180 599 227  67  30 173
 534 442 315 522 523  76 220 314  82 571 455  38  22 655 172 405 570 572
 588 504 192 444 371 239 347 619 354 457 418  92  57 391 480 188 363 303
 194 606 630 151 201  33 612 320 130 218  75 429  71  35 624 383 632 311
 544 604 160 555 122 578 582 277 581 512 123 244 396  16 196 433 416 339
 241 520 386  95 268 592  73 591 381 495 167 125 102 345 278 526 324  40
 265 293 275 191 532 263 322 190  77 626  84 448 281  93 397 373 374 607
 565 519  66 139  21 473 101 126 469 270 186 350 538 155 245 577 179 105
 243 586 174 579 394 332 166 341 622 337 496 400 508  41 420 176 330 507
 184 587  11 230 353 284  52  34 319  48   0 310 240 645 408 216 333 515
 616 608 598 375 493 120 366  88 603 543 202 129  28 152 348 461   3 169
 415 379 100 625 187 114  81 356  50 506  36 369 185 254  60 477 653 649
 274 646 296 517 516 492 181  51 351 121 525  64  87 365 422 318 210 563
 316 484 116 510 154 248 385 290 384 258 335  85 650   9 421   5 133 548
  12 103 358 382  98 601 531 590 297  17 537 156 242 431 159 304 182 452
 419 628  18 113 162 404 224 336 377 217 392 458 235 583 556 393 494 475
 425 378 142 478 521 136 500 652 344 634 488 466 490  27 148 189 401 309
 643 562 403 269 307 327 614  74 436 638 299 298 146 446 362  80   8 205
 149  79 623  15  20 467 594 561 171 430 615  29 503 447 246 574 390 306
 569 528 279 530 301 104 460 234 112 170 426  83 215 410 342 536 387 237
 253 533 111 554 119 115 471 647 635 321 236  46   1 414 193 138  39  78
 654 117  62  72 259 560 203  86 329 150 413 131 317  91 580  26 282 499
  70 407 200 204 636  69 257 143 498  59 550  25  55  44 145 485 107 449
 489 406 463 627 118 199 175 439 514 271  23  24 183 232 424 247 364 255
 164 158 629 292 551 474 110 262 412  56 553  14 639 140 545 609  90 291
 441 642 137 250 432 487  45 437 195]
Final time: 10.1062340736s - Best: 14268048-[380 375 367 362 353 344 338 329 315 314 332 352 363 359 366 368 374 376
 379 384 394 403 407 412 413 425 419 424 431 423 432 401 405 414 410 406
 402 395 385 396 378 373 386 377 369 350 326 320 294 292 287 275 254 248
 236 225 204 187 199 198 197 195 191 186 180 181 168 172 178 185 196 190
 164 162 142 137 130 129 128 116 101  84  77  73  68  63  74  93  98  97
  91 102 114 118 119 103  85  72  69  59  55  48  52  57  65  50  54  49
  44  45  41  39  36  35  33  32   7   9   8  10  11  12  24  21  14  15
  20  16  17  13  18  19 444 445 447 446 443 441 440  23  25  26  27  30
  31  37  46  42  38  34 469 463 462 464 466 468  43  58  70  90  86  92
  99 113 139 148 147 149 154 177 184 179 166 158 150 143 153 167 151 146
 134 109 144 145 127 124 505 506 125 135 504 126 507 500 501 503 502 499
 495 492 489 493 498 496 494 497  87  88  95 108 123 110  94  89  83  76
  82  96 100 107 111 122 112 106  81  75  80  71  66  61  47  51  62  56
 470 467 465 461 458 453 449 448 450 452 451 454 455 460 459 473 456 457
 475 476 477 478 479 472 482 483 491 486 490 485 480 481 487 488 484 514
 515 516 517 518 519 520 521 527 526 525 522 524 530 533 523 529 531 532
 535 534 536 537 538 539 540 541 542 543 549 550 551 556 559 509 508 133
 136 160 174 193 189 182 173 183 194 200 201 202 570 566 557 555 554 548
 547 544 631 632 633 635 634 638 639 640 641 637 636 630 629 545 546 553
 558 563 565 560 564 561 562 568 569 571 573 577 576 584 583 591 596 595
 601 605 606 610 607 600 598 279 592 266 257 246 229 580 258 273 280 297
 296 302 295 301 319 330 331 355 360 354 343 336 316 285 278 281 265 245
 222 216 212 205 203 211 233 244 256 267 282 286 283 274 272 277 291 313
 328 339 333 318 327 311 312 305 304 284 259 255 243 228 250 242 226 224
 207 208 214 219 227 252 270 276 268 251 247 221 232 241 260 325 321 309
 308 288 293 299 303 324 334 346 340 323 317 307 322 335 345 341 347 361
 372 390 371 399 416 438 437 420 409 391 398 439 421 415 404 400 389 342
 348 349 364 370 388 397 422 436 430 435 387 365 358 351 357 433 434 429
 392 382 411 417 428 418 383 381 393 426 427 408 622 620 618 617 616 615
 613 612 611 602 597 594 609 604 603 599 590 587 588 585 579 575 572 626
 655 654 653 652 649 650 651 628 552 567 511 510 159 152 175 188 192 176
 121 105 104 120 161 170 171 169 157 165 155 140 132 115  79  60  53  64
  78   6   5 141 117 131 138 156 163 206 209 217 218 234 239 238 230 220
 210 235 231 237 269 289 298 290 262 253 261 271 263 264 240 215 300 310
 223 249 213 306 356 337 589 586 581 574 578 582 608 619 624 625 623 621
 614 593 656 627 648 647 645 646 644 643 642 528 512 513 474 471  67 442
  22  29  40  28   4   3   2   1   0]
Value - initial: 282310785, final: 14268048, improveup: 19.7862233853

data-line;i;282310785;f;14268048;t;10.1062340736;c;-2;fv;[14268048L];cv;-1;imp;19.7862233853;type;rvnd;inum;5;w;1

time;10.1062340736;man_time;0;neigh_time;0
man_time;0;man_merge_sol;0;man_best_sol;0;man_combine_sol;0

Waiting [0]
Terminating workers True 0 0
MPI TERMINATING
