pydf_home: /home/rodolfo/git/Sucuri
simple_pycuda_home: /home/rodolfo/git/simple-pycuda
wamca2016path: /home/rodolfo/git/wamca2016/
localpath: /home/rodolfo/git/dvnd-df/code/dvnd-df/src/
WAMCAPATH:/home/rodolfo/git/wamca2016/
param: {solution_index:5, solution_instance_index:46, multi_gpu:True, goal:False, problem_name:ml, number_of_moves:10, device_count:2, solver:rvnd, mpi_enabled:True, workers:1}
Using already created file:  wamca2016lib.so
Size: 657 - file name: 06_d657.tsp

Value - initial: 275781554-[602 162 442 437 334 390  71  81 301 654 238 394 419 349 381 175 539 471
 516 393 106 103 104 240 283 385 215 513 551 364 379 398 332 101 160 277
 641 569 248 639 153 341 404 462 229 239 613 181 117 137  95 265 122 195
 271 501 231  75 508 634 635 236 132  50 621 133 541 554 314 213  68  55
 536 615 507  61 459  91 300 456  86 433 298 233  23   9 274 487 457 245
 374 272  24 524 444 391 146 250  84 158 406 371 110 312 405 515 409 407
 260 291 107 308 217 333 320 649  94 597  34 269 463 192 416  60 287 629
 323 172 257 623  96 241   6 420 359 129 270 512 575 190 638 609 553 322
 573 414  41 296 476 197 612 293  69 155 282 564  87 368 185 249 523 451
 365 356 311 324 594 410 572 182 447  33 455 142 310 290 542  12  31 555
 108 173 614 125 210  18 549 622 486 567 200 164 247 363 477 640  93 530
   3  48 376  82  17 295   0 631  46 289 124 592 140  19 556 425  38 469
  90 178  28 412 583  37 637  20 219  26 475 258 343 479 427 224 547 607
 586 177  98 603 360 345 561 511 207 488 171 492 109 452 449 581 382 337
  43 209 645  97 484 532 186 610 152 446 589 353 560 504  78  11  21 411
 340 608 225 214 194  73 387 528 259 174 232 147   1 605 392  44 537  47
   4 279 570 355 144 267 331 105 326 571 526  29  67 216 458 397 620 342
 375 154  65 151 510 318 440  36 329 593 529 143 517 399 439 579 568  64
 358 428 395 415 201 522   2 652 647 212 509  63  54 490 351 330  25 306
 380 139 604 576 179 453 565 548 601 540 230  14 123 273 134 170 252 113
 431 557 435 235 198 338 299 319 196 347 253 644 362 521 112 316 128 304
 307 321  76  83 325 600 467 563 401 527 280 336 361 297 441  77 167 595
 626  89 436 222 346  27 408 203  22 278 256 543 651 136  52  80 633 149
  39 642 285 506   5 598 281 596 150 591 413 378  32  35  57 497 498 585
 533  70  49 618 478  74 352 546 243 616 438 141 503 468 424 531 263 261
 218 367 100 430 254 448 606 473 500 386 188 165 176 495 120 485 313 432
 275  40 396 493 373 156  62 204 294 286 465  79 292 384 417 482  53 244
 205 590 559   8 566 305 317 264 126 246 450 237 499 466 636 157 544   7
 562 284 119 199 354 520 653 377 193 302 648 187 494 617 115 135 489 111
 518 370 166 388 161 315 423 627  45 445  10 309 145 276  66 418  99 328
 116 400 159 491 545 460 464  15 131 429 505 251 480 454 403 344 339 191
 148 502 630 578 461 472 266 422  42 180 202 127 169 625 114  13 228 624
 599  51 348 421  72  85 443 470 183 389 357 646 163 168 474 262 189 227
 582 220 535 650 208 102 184 118 538 558 483 223 130  92 335 138 588 534
 552 481 656 369 496 643 611 577 327 587  59 655 550 288  16 255 221 350
 574 580  30  88 628  58 206 226 619 584 234 383 211 519 402 242 525 426
 303 268 514 434 372 632 366  56 121] - 275781554
Solver: RVND, number of workers: 1
Setting feeder affinity
I am the master. There are 1 mpi processes. (hostname = gpu01)
Roots [<pyDF.nodes.Feeder object at 0x7f9d5e396ad0>]
Starting 0
Main loop
I am worker 0
GPU0
set random seed!
Initial: 275781554-[602 162 442 437 334 390  71  81 301 654 238 394 419 349 381 175 539 471
 516 393 106 103 104 240 283 385 215 513 551 364 379 398 332 101 160 277
 641 569 248 639 153 341 404 462 229 239 613 181 117 137  95 265 122 195
 271 501 231  75 508 634 635 236 132  50 621 133 541 554 314 213  68  55
 536 615 507  61 459  91 300 456  86 433 298 233  23   9 274 487 457 245
 374 272  24 524 444 391 146 250  84 158 406 371 110 312 405 515 409 407
 260 291 107 308 217 333 320 649  94 597  34 269 463 192 416  60 287 629
 323 172 257 623  96 241   6 420 359 129 270 512 575 190 638 609 553 322
 573 414  41 296 476 197 612 293  69 155 282 564  87 368 185 249 523 451
 365 356 311 324 594 410 572 182 447  33 455 142 310 290 542  12  31 555
 108 173 614 125 210  18 549 622 486 567 200 164 247 363 477 640  93 530
   3  48 376  82  17 295   0 631  46 289 124 592 140  19 556 425  38 469
  90 178  28 412 583  37 637  20 219  26 475 258 343 479 427 224 547 607
 586 177  98 603 360 345 561 511 207 488 171 492 109 452 449 581 382 337
  43 209 645  97 484 532 186 610 152 446 589 353 560 504  78  11  21 411
 340 608 225 214 194  73 387 528 259 174 232 147   1 605 392  44 537  47
   4 279 570 355 144 267 331 105 326 571 526  29  67 216 458 397 620 342
 375 154  65 151 510 318 440  36 329 593 529 143 517 399 439 579 568  64
 358 428 395 415 201 522   2 652 647 212 509  63  54 490 351 330  25 306
 380 139 604 576 179 453 565 548 601 540 230  14 123 273 134 170 252 113
 431 557 435 235 198 338 299 319 196 347 253 644 362 521 112 316 128 304
 307 321  76  83 325 600 467 563 401 527 280 336 361 297 441  77 167 595
 626  89 436 222 346  27 408 203  22 278 256 543 651 136  52  80 633 149
  39 642 285 506   5 598 281 596 150 591 413 378  32  35  57 497 498 585
 533  70  49 618 478  74 352 546 243 616 438 141 503 468 424 531 263 261
 218 367 100 430 254 448 606 473 500 386 188 165 176 495 120 485 313 432
 275  40 396 493 373 156  62 204 294 286 465  79 292 384 417 482  53 244
 205 590 559   8 566 305 317 264 126 246 450 237 499 466 636 157 544   7
 562 284 119 199 354 520 653 377 193 302 648 187 494 617 115 135 489 111
 518 370 166 388 161 315 423 627  45 445  10 309 145 276  66 418  99 328
 116 400 159 491 545 460 464  15 131 429 505 251 480 454 403 344 339 191
 148 502 630 578 461 472 266 422  42 180 202 127 169 625 114  13 228 624
 599  51 348 421  72  85 443 470 183 389 357 646 163 168 474 262 189 227
 582 220 535 650 208 102 184 118 538 558 483 223 130  92 335 138 588 534
 552 481 656 369 496 643 611 577 327 587  59 655 550 288  16 255 221 350
 574 580  30  88 628  58 206 226 619 584 234 383 211 519 402 242 525 426
 303 268 514 434 372 632 366  56 121]
Final time: 20.8353891373s - Best: 14435985-[602 597 596 591 595 601 605 606 610 607 600 598 592 297 296 302 295 301
 281 278 285 316 329 338 344 353 362 367 382 411 417 429 434 433 412 407
 403 413 406 402 395 396 410 419 424 431 423 414 405 401 373 378 385 394
 384 379 376 374 368 366 363 352 359 339 328 313 286 283 274 272 277 291
 284 259 255 243 228 224 226 242 252 227 219 214 208 184 179 177 161 170
 171 169 157 165 187 181 180 186 191 198 199 217 240 264 263 271 261 253
 239 238 230 220 218 209 197 195 185 178 172 168 155 140 132 115  98  97
  91 102 114 118 103 119 113  99  92  86 120 139 148 147 154 149 166 158
 150 153 143 122 112 106 111 107 100  96 110 123 108  95  87  88  89  94
  83  76  82  75  81  80  71  66  61  58  46  42  38  37  34 469  31  55
  59  48  52  57  65  54  63  68  73  74  84  77  79  64  60  53  41  39
  36  33  32  35  45  44  49  50  40  29  30  27  26  25  23 440 441 443
 447 446 442 463 462 466 468 464 458 453 449 448 450 452 451 454 461 465
 467 460 459 455 473 456 457 475 476 479 478 477 519 520 521 527 526 525
 522 524 530 533 523 529 531 532 535 534 536 537 538 539 540 541 542 543
 549 550 554 555 557 551 556 559 528 512 513 516 517 518 515 514 484 481
 480 485 486 490 487 488 489 492 495 500 501 503 502 499 504 126 135 125
 506 505 124 127 145 144 109 134 146 151 167 176 192 188 175 152 160 174
 193 203 205 222 216 212 213 200 194 183 173 511 567 566 565 563 558 553
 548 547 546 545 544 631 632 633 635 634 638 639 640 641 637 636 630 629
 628 552 560 564 561 562 568 569 571 573 574 578 582 581 586 246 257 279
 306 331 330 319 336 343 354 360 355 393 381 383 380 375 332 314 315 282
 267 256 244 233 249 223 250 270 276 268 260 251 247 241 232 221 215 225
 236 248 254 275 287 292 294 325 321 309 308 334 324 346 340 335 345 361
 372 391 398 415 404 400 389 397 388 370 364 348 342 349 350 326 320 310
 300 311 304 305 312 318 327 333 357 351 358 365 369 377 386 387 430 435
 436 422 421 439 437 420 438 416 409 390 399 371 347 341 322 307 317 323
 303 299 293 288 234 206 196 190 162 164 156 163 138 131 117 129 142 137
 130 128 116 101  93  85  72  22 445 444  19  18  13  17  16  20  15  14
  21  24  12  11  10   1   2   3   8   9   7  28  69 104 121 105  90  70
  43  47  51 470  62  56  67 483 471 472 482 491 494 497 496 498 493 507
 136 133 508 509 510 159 189 182 201 202 580 229 266 258 273 280 337 356
 426 427 408 622 620 618 617 616 615 613 619 624 625 623 621 614 612 611
 609 604 603 599 593 590 587 588 585 584 583 577 576 579 575 656 572 626
 655 654 653 652 648 647 645 646 644 643 642 649 650 651 627 570 265 245
 211 207 204 262 290 298 289 269 237 231 235 210 141   5   4   6  78 432
 425 392 428 418 608 594 589 474   0]
Value - initial: 275781554, final: 14435985, improveup: 19.103757312

data-line;i;275781554;f;14435985;t;20.8353891373;c;-2;fv;[14435985L];cv;-1;imp;19.103757312;type;rvnd;inum;5;w;1

time;20.8353891373;man_time;0;neigh_time;0
man_time;0;man_merge_sol;0;man_best_sol;0;man_combine_sol;0

Waiting [0]
Terminating workers True 0 0
MPI TERMINATING
