pydf_home: /home/rodolfo/git/Sucuri
simple_pycuda_home: /home/rodolfo/git/simple-pycuda
wamca2016path: /home/rodolfo/git/wamca2016/
localpath: /home/rodolfo/git/dvnd-df/code/dvnd-df/src/
WAMCAPATH:/home/rodolfo/git/wamca2016/
param: {solution_index:3, solution_instance_index:31, multi_gpu:True, goal:False, problem_name:ml, number_of_moves:10, device_count:2, solver:rvnd, mpi_enabled:True, workers:1}
Using already created file:  wamca2016lib.so
Size: 318 - file name: 04_lin318.tsp

Value - initial: 90192683-[ 37 106   5  16 191   3 274 281  18  28 310  57  83 101 304 174  30 247
 100 267  79 309  24 204  42 158 198 155  80 270 202 290 276 222  46 160
 168  17 292 261 125 232  96  61 279 286  58  32 128 259 170 250  31 240
 124 126 178 220  95   7  49 171 129 130  56  60 134 146 308 244  90  22
  89 209 142 265 217 233 139 200 223  25 159 241  52  68  40 169 283 192
  99 165 167 135 173 176 239 256  51 189 119 141 254  20 110  91  45  55
 156 143  85   1  33  67 296  98 194 149  26  47  81 243 118 288  88 235
  41   0 108 207 150  50  34 197 253 268 218 181 162 269 137 237 113 186
 212  44 264  38  53  15  35  13 289 252  64 203  97 211  86 206 180 148
 294 298 307 115 136 153 117 175 299 214 266 277  43 227 313 249  84 112
 301 275 185 306  94 295   2 154 122 246 317  62 111 248 164 145 231 140
 291 161 166  63 131  65 285 103 273 245 260 229 123 163  66 255  23  48
 138 190  73 314 284  93 316 205 109 226 228 300 280 199 225  92  10 147
 152 224 179  74  36 114  78 221 251 262 151 312 177 210 132 208 302  72
 102  54 182 201  11 278 287  39  75 105 157 133   9   8  82 104 144  70
 127 213  12  21  19 293 215 230 271  59 196  87  27  29   6 238 183  71
 188   4 172 187 257 107 263 297 195  76 305 120 236 219 242 193  14 184
 272 303 121 258 315 234 282  77 311  69 116 216] - 90192683
Solver: RVND, number of workers: 1
Setting feeder affinity
I am the master. There are 1 mpi processes. (hostname = gpu01)
Roots [<pyDF.nodes.Feeder object at 0x7fd5958d9ad0>]
Starting 0
Main loop
I am worker 0
GPU0
set random seed!
Initial: 90192683-[ 37 106   5  16 191   3 274 281  18  28 310  57  83 101 304 174  30 247
 100 267  79 309  24 204  42 158 198 155  80 270 202 290 276 222  46 160
 168  17 292 261 125 232  96  61 279 286  58  32 128 259 170 250  31 240
 124 126 178 220  95   7  49 171 129 130  56  60 134 146 308 244  90  22
  89 209 142 265 217 233 139 200 223  25 159 241  52  68  40 169 283 192
  99 165 167 135 173 176 239 256  51 189 119 141 254  20 110  91  45  55
 156 143  85   1  33  67 296  98 194 149  26  47  81 243 118 288  88 235
  41   0 108 207 150  50  34 197 253 268 218 181 162 269 137 237 113 186
 212  44 264  38  53  15  35  13 289 252  64 203  97 211  86 206 180 148
 294 298 307 115 136 153 117 175 299 214 266 277  43 227 313 249  84 112
 301 275 185 306  94 295   2 154 122 246 317  62 111 248 164 145 231 140
 291 161 166  63 131  65 285 103 273 245 260 229 123 163  66 255  23  48
 138 190  73 314 284  93 316 205 109 226 228 300 280 199 225  92  10 147
 152 224 179  74  36 114  78 221 251 262 151 312 177 210 132 208 302  72
 102  54 182 201  11 278 287  39  75 105 157 133   9   8  82 104 144  70
 127 213  12  21  19 293 215 230 271  59 196  87  27  29   6 238 183  71
 188   4 172 187 257 107 263 297 195  76 305 120 236 219 242 193  14 184
 272 303 121 258 315 234 282  77 311  69 116 216]
Final time: 3.57157301903s - Best: 5904837-[ 37  38  34  33 136 135 134 132 127 124 207 133 126 125 119 115 114 111
 110 106 105   3   4   8   7   2   0   1   5   6   9  10  14 102  20  21
  28  31  30  29  27  22  19  26  23  18  15  16  17  24  25  35  36  41
  40  42  45  51  52  57  56  53  50  46  43  44  47  49  54  55 104  63
  66  67  70  77  81  82  83  84  90  91  95  96 100 101  92  85  78  76
  71  72  75  79  80  74  73  68  69  65  64 171 172 175 182 186 187 188
 183 181 176 177 180 184 185 179 178 173 174 167 166 162 157 156 150 147
 145 148 151 155 158 161 160 159 154 152 149 153 144 208 137 131 128 123
 120 121 122 129 130 140 141 139 138 241 240 239 238 231 230 312 224 117
 118 109 108 210 211 215 216 219 220 221 229 232 237 242 236 233 228 225
 226 227 234 235 245 246 251 250 252 255 261 253 256 260 263 266 262 267
 271 272 279 278 283 284 290 289 285 282 288 286 281 276 277 280 287 291
 292 293 294 191 192 300 301 305 306 310 311 204 198 199 203 202 194 193
 197 195 196 200 201 205 206  99  93  94  98  97  88  89  87  86 189 190
 168 209 146 143 142 249 313 254 258 257 259 264 265 314 268 164 165 170
 169 273 295 298 299 307 308 309 304 303 297 296 275 274 270 269 317 248
 247 244 243 223 222 213 214 218 217 212 113 112 107 116  12  13  11  32
 103  39  48 315 316  58  61  62  60  59 163 302]
Value - initial: 90192683, final: 5904837, improveup: 15.2743730267

data-line;i;90192683;f;5904837;t;3.57157301903;c;-2;fv;[5904837L];cv;-1;imp;15.2743730267;type;rvnd;inum;3;w;1

time;3.57157301903;man_time;0;neigh_time;0
man_time;0;man_merge_sol;0;man_best_sol;0;man_combine_sol;0

Waiting [0]
Terminating workers True 0 0
MPI TERMINATING
