pydf_home: /home/rodolfo/git/Sucuri
simple_pycuda_home: /home/rodolfo/git/simple-pycuda
wamca2016path: /home/rodolfo/git/wamca2016/
localpath: /home/rodolfo/git/dvnd-df/code/dvnd-df/src/
WAMCAPATH:/home/rodolfo/git/wamca2016/
param: {solution_index:2, solution_instance_index:20, multi_gpu:True, goal:False, problem_name:ml, number_of_moves:10, device_count:2, solver:rvnd, mpi_enabled:True, workers:1}
Using already created file:  wamca2016lib.so
Size: 226 - file name: 03_pr226.tsp

Value - initial: 194046165-[ 64 205  48 196 136 219 188  13 157  54  46  98  31  81  84 125 162 198
 153 174 203 208  26 137  99  29 141 104 113 107  11  59 154  20  27 182
  53   7 119  70 114 224 163  63 103  14 211  33  37 173 218 178 135 155
  34 102 158 169  25 214 209 192 129 112 191  75 202  79  92 131  61 197
 175 193 115 194 217  89  80 145 159 170 204  96 222 179 117  65 100  56
  71 148  44 220 121  76  88  69 195  10  28  18 160 207  83 139 146 106
   8  21 223 144 184   4  94  97 201   3  40  17 176  58  38 138 167 109
 142 127  87 134  74 147 126 221 164  82 181 183  95  39  57 200 122  86
 199 105   9 166  68  36   6 190 143 156  85 172 128 152 120  55  23 215
 168  19 130 187  51  67   1  43  72 177  90 185  73  77  41  24  15 101
 189  93 165  52  32 133 123 140 186  16  91   2  42 116 124 108 118   0
  50   5 225 206 149  22  12 150  62 213 171 110  30  49  35 132 111 212
 210  60 151 180 216 161  66  47  45  78] - 194046165
Solver: RVND, number of workers: 1
Setting feeder affinity
I am the master. There are 1 mpi processes. (hostname = gpu01)
Roots [<pyDF.nodes.Feeder object at 0x7f2eeee83ad0>]
Starting 0
Main loop
I am worker 0
GPU0
set random seed!
Initial: 194046165-[ 64 205  48 196 136 219 188  13 157  54  46  98  31  81  84 125 162 198
 153 174 203 208  26 137  99  29 141 104 113 107  11  59 154  20  27 182
  53   7 119  70 114 224 163  63 103  14 211  33  37 173 218 178 135 155
  34 102 158 169  25 214 209 192 129 112 191  75 202  79  92 131  61 197
 175 193 115 194 217  89  80 145 159 170 204  96 222 179 117  65 100  56
  71 148  44 220 121  76  88  69 195  10  28  18 160 207  83 139 146 106
   8  21 223 144 184   4  94  97 201   3  40  17 176  58  38 138 167 109
 142 127  87 134  74 147 126 221 164  82 181 183  95  39  57 200 122  86
 199 105   9 166  68  36   6 190 143 156  85 172 128 152 120  55  23 215
 168  19 130 187  51  67   1  43  72 177  90 185  73  77  41  24  15 101
 189  93 165  52  32 133 123 140 186  16  91   2  42 116 124 108 118   0
  50   5 225 206 149  22  12 150  62 213 171 110  30  49  35 132 111 212
 210  60 151 180 216 161  66  47  45  78]
Final time: 3.35687804222s - Best: 7435080-[ 64  66  67  70  12  11  10  14  13   9   8   6   5   4   3   2   1  72
  73  74  75  76  77  78  79  80  81  82  83  84  85 110 102 104 111 112
 103 105 113 114 106 107 115 116 108 109 117 125 118 119 127 126 120 121
 128 130 122 123 129 131 124 225 224 223 222 221 220 219 218 217 216 215
 214 213 212 211 210 209 208 207 206 205 204 203 202 201 200 199 198 197
 196 195 194 193 192 191 190 189 188 187 186 185 184 183 182 181 180 179
 178 177 176 175 174 173 172 171 170 169 168 167 166 165 164 163 162 161
 160 159 158 157 156 155 154 153 152 151 150 145 144 146 148 147 149 142
 141 140 139 138 137 136 143 101  93  92 100  99  91  90  98  97  89  87
  96  95  88  86  94  62  61  60  59  58  57  56  55  54  53  52  51  50
  63  65  69  68  15  16  17  18  19  20  21  22  23  24  25  26  27  28
  29  33  34  35  30  31  32  47  44  45  43  36  37  38  41  39  40  42
  46  48  49 135 134 133 132   7   0  71]
Value - initial: 194046165, final: 7435080, improveup: 26.0987326296

data-line;i;194046165;f;7435080;t;3.35687804222;c;-2;fv;[7435080L];cv;-1;imp;26.0987326296;type;rvnd;inum;2;w;1

time;3.35687804222;man_time;0;neigh_time;0
man_time;0;man_merge_sol;0;man_best_sol;0;man_combine_sol;0

Waiting [0]
Terminating workers True 0 0
MPI TERMINATING
