pydf_home: /home/rodolfo/git/Sucuri
simple_pycuda_home: /home/rodolfo/git/simple-pycuda
wamca2016path: /home/rodolfo/git/wamca2016/
localpath: /home/rodolfo/git/dvnd-df/code/dvnd-df/src/
WAMCAPATH:/home/rodolfo/git/wamca2016/
param: {solution_index:5, solution_instance_index:85, multi_gpu:True, goal:False, problem_name:ml, number_of_moves:10, device_count:2, solver:rvnd, mpi_enabled:True, workers:1}
Using already created file:  wamca2016lib.so
Size: 657 - file name: 06_d657.tsp

Value - initial: 286105974-[210  23 487 421 527 199 150 178 608 520 643 476 335 430 383 506 361 446
  37  95 270  40 491 465 152 415 616 496  73 187  92 182  41 416 110 271
 102  59 481 568 223 342 479  70 633 634 339 112 470 233 600 358 171 533
 409 331  31 188 505 227 276 583 258 170 458 561  26 172  24 220 385 532
 333 459  44 355  54 191 612 388 103 422 176 577 630 328 239  85 375 467
 368 370 144 248 524 274 284 363  88 543 306 123 189 652 263 528 295 286
 573 411 237 456 564 654 351 293 541 234 200 147 372 402 585 551 433 417
 154 131 419 218 599  81 379 508 504  98 297 498 138 396 399 117  52 449
 519 376 546 629 304  75 381  91 603 555 157 565 337 567 548 108 474 514
 202 307 273 563 180 303 267 296 451 281 100 478 119  35 354 214 463 121
 635 315 310 179   2 312 645 443 186 581 453 320 500 624  32 640 589 264
 554  62 314 350 266 194 461 122 134  39 360 181 619 225 639 308 656   4
 136  11 466  53 477 523 626 590 229 540  67 137 251 492  12 494 535 195
 249 435 517   9 560 292 313 262 414 596  72 305 362  99 569 457  13  38
 649 207  34 149   8 576  74 153 346 384 211 397 226 245 352 192 593 642
 165 205 471 605 265 455 562 324 252  79 254 544 321 495 319 511 423 222
  45 539  49 468 198 126 107 552 460  76 591  19 391 244 586 224 475 617
 440 246 162 285  29 611 502 217 537 400 287 462 507 280  27 638 114 299
 128 238 473 151 558 164 166 277  48 386   1 485 429 445 572 425 408 427
 190 398 413 269 431  90 521 359  16 578 235 115 620 348 290 597 322  50
 174 311 622  25 236 412 406 183 401  96 347 434 168 130 464 325 488  42
 641 594 438 390 161  10 329  66 340  84 344 610  78 644   3   7 377 420
 253 613  77 426 512  83  56 534 454 326 405 428  86 327 482 584 111 625
 395 215  18 132 279 196 378 632 167 101 213 627 472 148 557  22 515 424
 349 155 403 283  20 621 140 230 582 410 209 601 545  51 609 127 300 341
 380 371 387  28 169 206  94 393 366 357  47 330 242 509 135 289 302 272
  46 646   0  93 542 592 559 208   5 316 522 531 501 129 317  69 483  55
 588  30 173 439 382 566 647 516 177 529  15 250 336  97 323 374 404 628
 338  33 486 497 203 526 291 587 219 146 247 436 394 604 547 525 278 301
 407 510 364  68  57 260  60 606 607  71 490 221 216 185 550 637 197  63
 373 241 106 275 636 530 133 651 655 448 518 575 282 145 432 125 623 120
 288 392 365  21 124 243 615 268 255 141 345 139 447 602 441 353 653   6
 650 256 175 113 648 499 598 318 193 163 232  89 570 484 343 549 204 452
 261 104 334  80 212 538 118 116  82 618 571 444 109  36 257  14 259 614
 367 105  87 159  64 513 503 228 553 356 231 579 142  17 480  61 574 493
 201 369 489 294 309 437  43 160  65 184 418 450 536 143 332 469 240 389
  58 631 442 156 556 580 298 595 158] - 286105974
Solver: RVND, number of workers: 1
Setting feeder affinity
I am the master. There are 1 mpi processes. (hostname = gpu01)
Roots [<pyDF.nodes.Feeder object at 0x7f15b1b05ad0>]
Starting 0
Main loop
I am worker 0
GPU0
set random seed!
Initial: 286105974-[210  23 487 421 527 199 150 178 608 520 643 476 335 430 383 506 361 446
  37  95 270  40 491 465 152 415 616 496  73 187  92 182  41 416 110 271
 102  59 481 568 223 342 479  70 633 634 339 112 470 233 600 358 171 533
 409 331  31 188 505 227 276 583 258 170 458 561  26 172  24 220 385 532
 333 459  44 355  54 191 612 388 103 422 176 577 630 328 239  85 375 467
 368 370 144 248 524 274 284 363  88 543 306 123 189 652 263 528 295 286
 573 411 237 456 564 654 351 293 541 234 200 147 372 402 585 551 433 417
 154 131 419 218 599  81 379 508 504  98 297 498 138 396 399 117  52 449
 519 376 546 629 304  75 381  91 603 555 157 565 337 567 548 108 474 514
 202 307 273 563 180 303 267 296 451 281 100 478 119  35 354 214 463 121
 635 315 310 179   2 312 645 443 186 581 453 320 500 624  32 640 589 264
 554  62 314 350 266 194 461 122 134  39 360 181 619 225 639 308 656   4
 136  11 466  53 477 523 626 590 229 540  67 137 251 492  12 494 535 195
 249 435 517   9 560 292 313 262 414 596  72 305 362  99 569 457  13  38
 649 207  34 149   8 576  74 153 346 384 211 397 226 245 352 192 593 642
 165 205 471 605 265 455 562 324 252  79 254 544 321 495 319 511 423 222
  45 539  49 468 198 126 107 552 460  76 591  19 391 244 586 224 475 617
 440 246 162 285  29 611 502 217 537 400 287 462 507 280  27 638 114 299
 128 238 473 151 558 164 166 277  48 386   1 485 429 445 572 425 408 427
 190 398 413 269 431  90 521 359  16 578 235 115 620 348 290 597 322  50
 174 311 622  25 236 412 406 183 401  96 347 434 168 130 464 325 488  42
 641 594 438 390 161  10 329  66 340  84 344 610  78 644   3   7 377 420
 253 613  77 426 512  83  56 534 454 326 405 428  86 327 482 584 111 625
 395 215  18 132 279 196 378 632 167 101 213 627 472 148 557  22 515 424
 349 155 403 283  20 621 140 230 582 410 209 601 545  51 609 127 300 341
 380 371 387  28 169 206  94 393 366 357  47 330 242 509 135 289 302 272
  46 646   0  93 542 592 559 208   5 316 522 531 501 129 317  69 483  55
 588  30 173 439 382 566 647 516 177 529  15 250 336  97 323 374 404 628
 338  33 486 497 203 526 291 587 219 146 247 436 394 604 547 525 278 301
 407 510 364  68  57 260  60 606 607  71 490 221 216 185 550 637 197  63
 373 241 106 275 636 530 133 651 655 448 518 575 282 145 432 125 623 120
 288 392 365  21 124 243 615 268 255 141 345 139 447 602 441 353 653   6
 650 256 175 113 648 499 598 318 193 163 232  89 570 484 343 549 204 452
 261 104 334  80 212 538 118 116  82 618 571 444 109  36 257  14 259 614
 367 105  87 159  64 513 503 228 553 356 231 579 142  17 480  61 574 493
 201 369 489 294 309 437  43 160  65 184 418 450 536 143 332 469 240 389
  58 631 442 156 556 580 298 595 158]
Final time: 10.5273509026s - Best: 15088526-[210 196 190 164 162 155 140 132 115  93  98  97  91 102 114  85  72  69
  59  57  52  48  30  27  26  25  23 440 441 443 447 446 442 463 462 466
 468 464 458 453 449 448 450 452 451 454 455 473 456 457 459 460 461 465
 467 470  51  47  61  66  70  90  86  92  99 113 119 103 118 165 181 180
 186 168 172 178 185 191 195 197 198 199 187 157 169 171 170 161 221 247
 251 260 241 232 215 225 236 248 254 275 287 292 288 293 299 303 324 323
 340 317 307 322 335 345 341 347 361 372 391 398 400 404 397 388 387 369
 365 377 386 401 405 414 410 396 378 385 395 402 406 413 412 407 403 394
 384 379 376 374 368 366 359 363 352 332 314 315 329 338 344 353 362 367
 375 380 383 381 360 354 343 330 319 302 295 301 281 278 285 282 267 256
 244 233 274 286 283 272 277 291 318 312 305 304 284 259 255 243 228 224
 226 207 219 214 208 184 179 177 154 149 147 148 139 120 104 105 121 112
 122 106 107 111 143 150 158 166 153 167 151 146 134 109 144 145 127 124
 505 498 496 493 488 487 481 480 485 490 486 491 494 497  87  88  95 108
 123 110  96  82  94  89  83  76  67 483 482 472 479 478 477 476 475 474
 520 519 521 527 526 525 522 524 530 533 523 529 531 532 535 534 536 642
 641 640 639 638 637 636 630 629 631 632 633 634 635 537 538 539 540 541
 516 517 518 515 514 484 489 492 495 499 502 503 501 500 507 133 136 159
 182 189 174 193 203 205 212 216 222 245 265 273 258 266 280 296 297 592
 279 598 600 601 605 606 607 610 613 615 616 617 618 620 622 408 427 426
 393 418 428 411 417 429 434 433 425 419 424 431 423 432 435 430 436 422
 421 415 389 370 364 348 342 308 309 321 325 326 320 310 300 276 270 250
 242 223 192 188 176 100  81  75  80  71  58  42  46  55  65  40  50  54
  49  44  45  35  32  33  36  39  41  63  68  73  77  74  84 101 116 128
 130 137 142 156 163 141 117 131 138 129  79  60  53  64  78   6   5   4
   3   2   1  10   8   9  11  12  24  21  14  15  28  20  16  17  13  18
  19 444 445  22  29  31 469  34  37  38  43  62  56 471 513 512 528 509
 508 126 504 506 125 135 152 160 510 511 567 570 566 557 555 554 550 549
 543 544 545 546 547 548 553 558 563 565 560 564 561 562 568 569 571 573
 577 576 585 587 588 584 583 582 578 574 202 201 200 194 183 173 213 580
 229 246 257 581 586 589 306 331 336 316 313 328 339 357 351 333 327 311
 268 252 227 204 240 234 218 217 209 206 220 230 239 253 261 263 264 271
 290 298 289 262 238 235 231 237 269 371 399 390 416 438 437 420 409 346
 334 349 350 358 373 392 382 355 356 337 608 595 591 596 597 594 602 611
 612 619 624 625 623 621 614 609 604 603 599 593 590 579 575 656 572 626
 655 654 627 653 652 651 650 649 648 647 645 646 644 643 628 552 542 551
 556 559 175 211 249 294 439   7   0]
Value - initial: 286105974, final: 15088526, improveup: 18.9618239714

data-line;i;286105974;f;15088526;t;10.5273509026;c;-2;fv;[15088526L];cv;-1;imp;18.9618239714;type;rvnd;inum;5;w;1

time;10.5273509026;man_time;0;neigh_time;0
man_time;0;man_merge_sol;0;man_best_sol;0;man_combine_sol;0

Waiting [0]
Terminating workers True 0 0
MPI TERMINATING
