pydf_home: /home/rodolfo/git/Sucuri
simple_pycuda_home: /home/rodolfo/git/simple-pycuda
wamca2016path: /home/rodolfo/git/wamca2016/
localpath: /home/rodolfo/git/dvnd-df/code/dvnd-df/src/
WAMCAPATH:/home/rodolfo/git/wamca2016/
param: {solution_index:4, solution_instance_index:8, multi_gpu:True, goal:False, problem_name:ml, number_of_moves:10, device_count:2, solver:rvnd, mpi_enabled:True, workers:1}
Using already created file:  wamca2016lib.so
Size: 501 - file name: 05_TRP-S500-R1.tsp

Value - initial: 33669421-[285 150 294 246 128  93 367 231 211 293 337 316 110 270 265  86 126 240
 404 414 428 191 500  54 349  47 403  77  81 342 454 301 457 306 186 200
 453 472 237 229 135 386  68 276  58  38 130 473 176 319 136 151 167  17
 395 147 407 193 288   5 370 481  80 204 344 326  62 183 296 287 338 223
 144 108 437  36  85 134 375  57 188 201 339 347 427 106 388 202 406 486
 412 420 282 115 357 390 425 461 484 446 156 371 378 311 254 182   8 310
  74  34  51   7  53 152 109 180 466  61 160 455  40 103 141 290 315  28
  52 143  18 408 251  88  99  50 325 471  84 354 470 469 411  30 154 291
 131  75 435 497 327 329 363 421 369 213 433 161 313 133  42  45 159 372
 198 431 253 236 318 266 220   3 298 299 476 458 221 129  89 169 155 257
 418 127 238 243 233 137  79 348 279 343 364 365  91 377 170 181 271 101
  60  22 330 309 281  16 192  94 464 353 452 394 216 219  96 234 491 179
 173 189  12  43 199 345 114  59 120  73 416 462 322  31  26  92 203 245
 361 376 163 286 449 117  67 261 493 305  90 410 479 217 400 232 206 241
 450  21 300 214   1 463 317 295 498 492 256 445 382 456 413 259 277 448
 494 148 100 422 226 272  49 264 168 283 397  82  41 302 358 208 308  70
 438 171 331 262 124 439 380 307 417 278 132  97 340 228 274 350 263 332
 384 432 178  44 334 174 244 184 488  39 429  35 247 396  66 443 273  37
 166 360 321 190 212 442 227 225 483 224   4  87 260  23 113   6  33 138
 172 482 175 398 249 383  65 478 351 268 385 387 356 289 252 303 401 333
 185 239 468 393 267 187 359 328 336 269 402 140 341  13 434  63 423 366
 218 230  71 284 392 460 451  76 215 485 320 157 314 424  64 489 164 368
 250 335  20 415 292 275 355  78 248 440 122  14  95 477 323 391 235 145
 142 312  48 459 177 149 436 194  56 381  32 209   2 116  69 409 475 121
 139  55 125 447 405 123 222 441 324 153 210 105 490  10 346 487   9  27
 107 426 195 162 399  19 297 104 495  25 197 480  24 207 379 258  83  46
 444 119 389  11  72  98 374  15 499 280 352 373 474 242 419 255 496 112
  29 118 196 362 465 430 158 165 304 205 102   0 467 146 111] - 33669421
Solver: RVND, number of workers: 1
Setting feeder affinity
I am the master. There are 1 mpi processes. (hostname = gpu01)
Roots [<pyDF.nodes.Feeder object at 0x7f4e20213ad0>]
Starting 0
Main loop
I am worker 0
GPU0
set random seed!
Initial: 33669421-[285 150 294 246 128  93 367 231 211 293 337 316 110 270 265  86 126 240
 404 414 428 191 500  54 349  47 403  77  81 342 454 301 457 306 186 200
 453 472 237 229 135 386  68 276  58  38 130 473 176 319 136 151 167  17
 395 147 407 193 288   5 370 481  80 204 344 326  62 183 296 287 338 223
 144 108 437  36  85 134 375  57 188 201 339 347 427 106 388 202 406 486
 412 420 282 115 357 390 425 461 484 446 156 371 378 311 254 182   8 310
  74  34  51   7  53 152 109 180 466  61 160 455  40 103 141 290 315  28
  52 143  18 408 251  88  99  50 325 471  84 354 470 469 411  30 154 291
 131  75 435 497 327 329 363 421 369 213 433 161 313 133  42  45 159 372
 198 431 253 236 318 266 220   3 298 299 476 458 221 129  89 169 155 257
 418 127 238 243 233 137  79 348 279 343 364 365  91 377 170 181 271 101
  60  22 330 309 281  16 192  94 464 353 452 394 216 219  96 234 491 179
 173 189  12  43 199 345 114  59 120  73 416 462 322  31  26  92 203 245
 361 376 163 286 449 117  67 261 493 305  90 410 479 217 400 232 206 241
 450  21 300 214   1 463 317 295 498 492 256 445 382 456 413 259 277 448
 494 148 100 422 226 272  49 264 168 283 397  82  41 302 358 208 308  70
 438 171 331 262 124 439 380 307 417 278 132  97 340 228 274 350 263 332
 384 432 178  44 334 174 244 184 488  39 429  35 247 396  66 443 273  37
 166 360 321 190 212 442 227 225 483 224   4  87 260  23 113   6  33 138
 172 482 175 398 249 383  65 478 351 268 385 387 356 289 252 303 401 333
 185 239 468 393 267 187 359 328 336 269 402 140 341  13 434  63 423 366
 218 230  71 284 392 460 451  76 215 485 320 157 314 424  64 489 164 368
 250 335  20 415 292 275 355  78 248 440 122  14  95 477 323 391 235 145
 142 312  48 459 177 149 436 194  56 381  32 209   2 116  69 409 475 121
 139  55 125 447 405 123 222 441 324 153 210 105 490  10 346 487   9  27
 107 426 195 162 399  19 297 104 495  25 197 480  24 207 379 258  83  46
 444 119 389  11  72  98 374  15 499 280 352 373 474 242 419 255 496 112
  29 118 196 362 465 430 158 165 304 205 102   0 467 146 111]
Final time: 6.42194509506s - Best: 1984479-[285 309  55 185  43 278 202 299 292 313 104 272 139 376 192 224 149   8
 390 310 360 164 135 106 258 321 463  80  84 217  32 469  41 486  83  59
 339 445   7 111  39 246   5 356 236 142 112 193  88 232 146  38 174 364
  71 464 169  48 113 121 198 287 154 184  56 495 241 461 493 429 397 498
 374 323 173 315 424 283  11 462  24 465 456 371  34 476 267 188 289  37
 130 446 474 244 441 491  27 101 490 264 220 259 143 418  64 125 398 214
 483  47  29 389 209  77 396 100 433 343 219 118 261 499  60 347  45 383
  28 182 351 305 481 117 167  92 170  50 168   2 488 377 369 450 311 324
 162  66 189  26 425 197 159 228 471 115 316 247 131 295 338 415 350 449
 432 291 165 435 367 254  57 404 157 201 467 430 494 288 255 190  95 448
 485 141 354 207 365 487  25 475  90 187 473 412  79 391 161  75 333 388
  68 308  72 268 336 386 332  94 211 233 451 380 208 216 479 460 102 152
 215 447 411  16 403 160 439 129 239 226 457 381 238 265  69 290  99  93
 203 281 466 155 307 275  12  89 387 279 349 251 140 453  42 163 372 196
 328 297 263 137 478 317 270   0  18 452 235 303 344 116 179 373  44 330
 301  19 243  73 417 262 395 302 212 293 306 304  14 484 312 426 205 126
 250 227 274 370 245 298 492 133 151 334 108 405 147 392 455 191 269 407
 156 253 402 294  20 128  54 329 284 458 134 122 199 472 340 443 260 428
 355 145 454   9 482 127 256 375 231 249  46 257 186  98 166 222 107  53
 150 271  63 229 489 296 280  86  21 413 123  91 444 171 276 282  61 320
 327 153 400  23 342 314 401 442 234 242 500 194  13 379  35 124 277 352
 326 210  87  81 362  62 420 266  76 394 195 436 382 419 431 181  82 358
 416 345 221 421 496 325  67 480 300  17 114 384 144   1  74 427 408 359
 132 103 240 378  10 318 409 176 497 368  31  85 110 105 331 183 180 357
 252  40 206  58 406 414 341 337 286 213 172 335 200  22 470 136  33 319
 393   3 273 434  36 119 459 178   4 223  30 410 175 385 138 177  96  15
 440  65 366  49 148 477 322 120 218  97 237  52 248   6 438 204 109 348
  78 363  51 225 399 423 361 437 422 346 468 230 158 353  70]
Value - initial: 33669421, final: 1984479, improveup: 16.9663780771

data-line;i;33669421;f;1984479;t;6.42194509506;c;-2;fv;[1984479L];cv;-1;imp;16.9663780771;type;rvnd;inum;4;w;1

time;6.42194509506;man_time;0;neigh_time;0
man_time;0;man_merge_sol;0;man_best_sol;0;man_combine_sol;0

Waiting [0]
Terminating workers True 0 0
MPI TERMINATING
