pydf_home: /home/rodolfo/git/Sucuri
simple_pycuda_home: /home/rodolfo/git/simple-pycuda
wamca2016path: /home/rodolfo/git/wamca2016/
localpath: /home/rodolfo/git/dvnd-df/code/dvnd-df/src/
WAMCAPATH:/home/rodolfo/git/wamca2016/
param: {solution_index:5, solution_instance_index:28, multi_gpu:True, goal:False, problem_name:ml, number_of_moves:10, device_count:2, solver:rvnd, mpi_enabled:True, workers:1}
Using already created file:  wamca2016lib.so
Size: 657 - file name: 06_d657.tsp

Value - initial: 271734652-[ 20 329 414  94 113 123 649 318   2 636 161 296  24  93 307 477 544 284
 325 410 568 226 146 516 443 386 377  96  47 124  17 562 611 452 486 542
  75  57  28 614 456 553 594  79  66  84 460 643 415 498 449 473  52 600
 102 580 312 370 339 462 117 332 399 342  77 595 563 313 622 457 178 610
 476 126 301 504 616 638 619 227  53  45 202 280 549 625 623 127 232 373
 112 289 429 248 560   4 277 243 200 444 631 156 191 446 241 174 387 225
 323  26 405 574 316 357 585 507 650  59 439 488 392 441 505 350 106 598
 360 639 273 628 137  35 134   1 533 180  58 275 529 445 235 252 212 651
 125 133 203 257 648 175 569 344 256 336 208 552 192 238 222  55 181 147
 538 337 184 520 171  42 550 603 642 404 144 509 278 458 508 141 495 522
 500 107 305  31  62 228 270  64 499 421 234 240 365 469 521 335 548 454
  74 389  90 129 385  39 481 557 466 617  36 406 478 555  48 253 111 309
 589 186 578 566 489 324 412  98 615  65  44 493 300  38 219 570 640 482
  81 315 153 349 295  34 540 463 189   6 539 526 369 179 447 282 298 314
 265 142 157  30  22 503 152 483 269 170 494 654 586 187  32 607 188 471
 371  82 464 304  54 306 561 584 368 363 564 199 177 484 160  99 211  68
   3 136  41 154 419 118 453 197 378 416 431  23 169 348 655 519 321 413
 492 162  80 514 583 194 567  37 292 604 527 474  73 166 590 422 536 299
 620 599 515 262 139 249 461 432 150 448 546 627 434 246 633 372  87 362
 391 328 608 551 407  21 220 420  67 343 214 532 523 311 320 274 319  61
 266 653 291  40  63 308 116   7 470 330  89 528 230  27 612 376 433 558
 646 629 381 351 626 163  71  91 442 497 581 545 496 588 537 425 621  95
 209 591 338 217 472 276 513 510  10 100 388  46 322 233 487 247 193  83
 403 327  19  11 331 382 367 525 467 424 577  43 411  18  16 602 427 506
  92 185 173 176 366 196 242 418 593  97 572 455 207 218 395 195 221 135
 121 114 398 409 582 279 637 244 641 644 356 480 128 172 297 359  88 293
 310 115  12 317 261 397 229 149 138 423 132 120 110 224 353 428 571 251
 465 283 109 554 437 294 250 190  56 656 490 579 624 345  69 119 255 302
 450 145 268 440 383  76  15 165 334 216 205 647 400  49 541 613 361 352
 143   5 618 237 630 245 303 231  25  70 130 223 451 609  86 263 333 652
 272 438 517 236 258 468 201 210 326 105 204 605  33 375 394 380 206 436
 103 285 417 355 364 254 645 354   0 264 358 155 485 168 587  72 531 475
 140 518 108 281 632  50 101 479 239  51 573 340 159 430 512 635 379 511
 596   9 393 401 402 592 606 346  29 347 426 164 459 524 374 183  14  85
 290 198 396   8 158 535 182 435 565 148 534 634 575 559 390 267 287 502
 122 259 104 530 131 288 260 408  60  13 167 213 271 215 601 151 501 547
 597  78 286 556 576 341 491 384 543] - 271734652
Solver: RVND, number of workers: 1
Setting feeder affinity
I am the master. There are 1 mpi processes. (hostname = gpu01)
Roots [<pyDF.nodes.Feeder object at 0x7fb5aff30ad0>]
Starting 0
Main loop
I am worker 0
GPU0
set random seed!
Initial: 271734652-[ 20 329 414  94 113 123 649 318   2 636 161 296  24  93 307 477 544 284
 325 410 568 226 146 516 443 386 377  96  47 124  17 562 611 452 486 542
  75  57  28 614 456 553 594  79  66  84 460 643 415 498 449 473  52 600
 102 580 312 370 339 462 117 332 399 342  77 595 563 313 622 457 178 610
 476 126 301 504 616 638 619 227  53  45 202 280 549 625 623 127 232 373
 112 289 429 248 560   4 277 243 200 444 631 156 191 446 241 174 387 225
 323  26 405 574 316 357 585 507 650  59 439 488 392 441 505 350 106 598
 360 639 273 628 137  35 134   1 533 180  58 275 529 445 235 252 212 651
 125 133 203 257 648 175 569 344 256 336 208 552 192 238 222  55 181 147
 538 337 184 520 171  42 550 603 642 404 144 509 278 458 508 141 495 522
 500 107 305  31  62 228 270  64 499 421 234 240 365 469 521 335 548 454
  74 389  90 129 385  39 481 557 466 617  36 406 478 555  48 253 111 309
 589 186 578 566 489 324 412  98 615  65  44 493 300  38 219 570 640 482
  81 315 153 349 295  34 540 463 189   6 539 526 369 179 447 282 298 314
 265 142 157  30  22 503 152 483 269 170 494 654 586 187  32 607 188 471
 371  82 464 304  54 306 561 584 368 363 564 199 177 484 160  99 211  68
   3 136  41 154 419 118 453 197 378 416 431  23 169 348 655 519 321 413
 492 162  80 514 583 194 567  37 292 604 527 474  73 166 590 422 536 299
 620 599 515 262 139 249 461 432 150 448 546 627 434 246 633 372  87 362
 391 328 608 551 407  21 220 420  67 343 214 532 523 311 320 274 319  61
 266 653 291  40  63 308 116   7 470 330  89 528 230  27 612 376 433 558
 646 629 381 351 626 163  71  91 442 497 581 545 496 588 537 425 621  95
 209 591 338 217 472 276 513 510  10 100 388  46 322 233 487 247 193  83
 403 327  19  11 331 382 367 525 467 424 577  43 411  18  16 602 427 506
  92 185 173 176 366 196 242 418 593  97 572 455 207 218 395 195 221 135
 121 114 398 409 582 279 637 244 641 644 356 480 128 172 297 359  88 293
 310 115  12 317 261 397 229 149 138 423 132 120 110 224 353 428 571 251
 465 283 109 554 437 294 250 190  56 656 490 579 624 345  69 119 255 302
 450 145 268 440 383  76  15 165 334 216 205 647 400  49 541 613 361 352
 143   5 618 237 630 245 303 231  25  70 130 223 451 609  86 263 333 652
 272 438 517 236 258 468 201 210 326 105 204 605  33 375 394 380 206 436
 103 285 417 355 364 254 645 354   0 264 358 155 485 168 587  72 531 475
 140 518 108 281 632  50 101 479 239  51 573 340 159 430 512 635 379 511
 596   9 393 401 402 592 606 346  29 347 426 164 459 524 374 183  14  85
 290 198 396   8 158 535 182 435 565 148 534 634 575 559 390 267 287 502
 122 259 104 530 131 288 260 408  60  13 167 213 271 215 601 151 501 547
 597  78 286 556 576 341 491 384 543]
Final time: 8.32131290436s - Best: 14252722-[ 20  16  17  13  18  19 444 445  22  29  30  27  26  25  23 440 441 443
 447 446 442 463 462 466 468 464 458 454 461 465 467 470  56  67  76  83
  87  95  88  89  94  82  96 100  81  75  80  71  66  61  58  46  42  38
  34  37  31  55  59  48  52  57  65  72  85  91  93  84  74  77  73  68
  63  54  50  49  44  45  35  32  33  36  39  41  53  60  64  79  78   6
 117 131 138 129 128 116 130 142 137 140 132 115  98  97 102 114 118 103
 119 113  99  92  86  90 104 105 121 112 122 106 107 111 110 123 134 146
 151 167 153 143 150 158 166 179 184 177 154 149 147 139 148 161 170 171
 169 157 165 187 181 180 186 178 172 168 155 162 164 190 196 185 191 195
 197 198 199 209 217 218 220 230 239 253 261 271 263 264 303 299 293 288
 248 236 225 215 232 241 247 251 260 268 252 270 276 300 310 311 327 304
 305 312 318 333 357 351 358 373 378 396 385 395 402 406 413 412 407 403
 394 384 379 376 374 368 366 359 352 363 392 382 367 362 353 344 338 332
 329 315 314 313 328 291 277 272 274 283 286 282 267 256 244 233 211 193
 174 189 203 205 222 216 212 213 200 194 183 173 182 159 510 511 559 556
 551 543 549 550 557 555 554 558 553 548 547 546 545 544 633 632 631 630
 629 651 650 649 647 645 646 644 643 642 641 640 639 638 637 636 634 635
 541 540 539 538 537 536 534 535 532 531 529 523 533 530 524 522 525 526
 527 521 519 520 474 477 478 479 476 475 457 456 473 459 460 455 451 452
 450 453 448 449 469  43  47  51  62 471 483 472 482 486 485 480 481 487
 488 484 514 515 518 517 516 513 512 500 501 503 507 133 136 126 504 502
 499 495 492 489 493 490 491 494 497 496 498 505 124 127 144 145 506 125
 135 152 175 188 192 176 223 228 243 255 259 250 242 226 224 207 208 214
 219 227 221 254 275 287 292 308 309 321 325 342 334 324 346 340 323 317
 307 290 262 238 235 231 237 269 289 298 322 335 341 345 361 347 371 390
 416 438 437 420 409 391 398 389 400 404 415 421 436 422 397 388 370 364
 348 349 326 320 350 369 365 377 386 401 405 414 423 431 424 410 419 425
 433 434 429 417 411 428 418 393 381 383 380 375 354 343 336 316 285 278
 281 301 295 302 319 330 360 355 331 306 297 296 280 273 258 266 592 279
 598 600 589 586 581 257 246 229 580 202 201 567 570 566 565 563 560 564
 561 562 568 569 571 572 576 584 583 577 573 574 578 582 591 596 595 601
 608 605 606 610 607 337 356 613 615 616 617 618 620 622 408 426 427 624
 625 619 623 621 614 612 611 602 597 594 609 604 603 599 593 590 587 588
 585 579 575 656 626 655 654 627 653 652 648 628 552 542 528 509 508 160
 109 108  70  69  40  28  15  14  21  24  12  11   7   9   8  10   1   2
   3   4   5 141 156 163 210 206 234 240 372 399 439 435 430 387 432 339
 265 245 249 284 294 204 120 101   0]
Value - initial: 271734652, final: 14252722, improveup: 19.0654565493

data-line;i;271734652;f;14252722;t;8.32131290436;c;-2;fv;[14252722L];cv;-1;imp;19.0654565493;type;rvnd;inum;5;w;1

time;8.32131290436;man_time;0;neigh_time;0
man_time;0;man_merge_sol;0;man_best_sol;0;man_combine_sol;0

Waiting [0]
Terminating workers True 0 0
MPI TERMINATING
