pydf_home: /home/rodolfo/git/Sucuri
simple_pycuda_home: /home/rodolfo/git/simple-pycuda
wamca2016path: /home/rodolfo/git/wamca2016/
localpath: /home/rodolfo/git/dvnd-df/code/dvnd-df/src/
WAMCAPATH:/home/rodolfo/git/wamca2016/
param: {solution_index:3, solution_instance_index:28, multi_gpu:True, goal:False, problem_name:ml, number_of_moves:10, device_count:2, solver:rvnd, mpi_enabled:True, workers:1}
Using already created file:  wamca2016lib.so
Size: 318 - file name: 04_lin318.tsp

Value - initial: 91108386-[216 301 224 167 261 125 145 303  87  86 245  73 302 202  91 150  59 222
 152 155 228 297 156 270 283 277  36  85 124 133 279 193 233  79 258   6
 227 151 207  76 178  19  46   1 298 237 104  54  12 127  26 114   7  62
 206 235 196 180  47 306 295 252 275 246  72 278 205 264 263 187 239 286
 248 172 174 190 296  27 260 293 244 242  75 100  83 231 173  43 186   3
  96  14 163 276 259 243 126  44 316  80 238 229 176 110  95 154 223 119
  99 158  57  23 157 257 159  52 195 189  67 217  32  60 134 273 160  97
 181  10 116  93  11 185 262 146  88 129 141  37 299  71 140  40  64 236
 254 311  68 208 107 288 175 201  51  17 284 281 183 153 166  35  74 317
  63 230  66 256  16 218 122 188  61 102  34  24  42  70 118 305 135 108
 169 290  25  84  22 287 132 200 148 101 309  98 197 313 265  78 112  15
 199  56  18 289 247 184 213 267 130 241 219  33  89  29   8   2  13 307
 310 314 138 109 255   5 194 209   4 144  81  31 250  55 304 249  82 274
 120 212  69 292 266  90 312 117   9 143 147 123 164 192  53 162 136 142
 291 165 253  21 225  94 137   0  30 220 232 103  20 203 315 179 139 210
 271  38  41 115 128 106  48 269  58 300 215  39  49  28 272 268 198 111
 191 308 170  92 121 280 131 226 204 282  50 177  65 211 214 105 234 168
 240 285 149 294 113 221  45 161 182  77 171 251] - 91108386
Solver: RVND, number of workers: 1
Setting feeder affinity
I am the master. There are 1 mpi processes. (hostname = gpu01)
Roots [<pyDF.nodes.Feeder object at 0x7f11ae68cad0>]
Starting 0
Main loop
I am worker 0
GPU0
set random seed!
Initial: 91108386-[216 301 224 167 261 125 145 303  87  86 245  73 302 202  91 150  59 222
 152 155 228 297 156 270 283 277  36  85 124 133 279 193 233  79 258   6
 227 151 207  76 178  19  46   1 298 237 104  54  12 127  26 114   7  62
 206 235 196 180  47 306 295 252 275 246  72 278 205 264 263 187 239 286
 248 172 174 190 296  27 260 293 244 242  75 100  83 231 173  43 186   3
  96  14 163 276 259 243 126  44 316  80 238 229 176 110  95 154 223 119
  99 158  57  23 157 257 159  52 195 189  67 217  32  60 134 273 160  97
 181  10 116  93  11 185 262 146  88 129 141  37 299  71 140  40  64 236
 254 311  68 208 107 288 175 201  51  17 284 281 183 153 166  35  74 317
  63 230  66 256  16 218 122 188  61 102  34  24  42  70 118 305 135 108
 169 290  25  84  22 287 132 200 148 101 309  98 197 313 265  78 112  15
 199  56  18 289 247 184 213 267 130 241 219  33  89  29   8   2  13 307
 310 314 138 109 255   5 194 209   4 144  81  31 250  55 304 249  82 274
 120 212  69 292 266  90 312 117   9 143 147 123 164 192  53 162 136 142
 291 165 253  21 225  94 137   0  30 220 232 103  20 203 315 179 139 210
 271  38  41 115 128 106  48 269  58 300 215  39  49  28 272 268 198 111
 191 308 170  92 121 280 131 226 204 282  50 177  65 211 214 105 234 168
 240 285 149 294 113 221  45 161 182  77 171 251]
Final time: 3.51781702042s - Best: 6221366-[216 215 211 210 108 109 219 220 224 312 229 232 237 236 233 228 225 226
 227 234 235 242 241 240 239 238 231 230 117 118 121 120 122 129 130 131
 128 123 132 127 124 207 119 125 126 133 134 135 136 137 208 144 153 149
 152 154 159 160 158 155 151 148 145 146 147 150 156 157 162 161 209 163
  59  60  65  64 175 172 171 176 181 183 188 182 186 187 189  86  87  89
  88  80  74  73  69  68  72  75  79  78  76  71  66  67  70  77  81  82
  83  84  90  91  95  96 100 101  92  97  98  94  93 195 196 200 201  99
 206 205 197 202 203 199 198 204 311 310 306 305 301 300 302 298 299 290
 284 283 278 282 285 289 281 286 288 293 292 291 287 280 277 276 169 170
 165 164 268 265 264 259 257 254 253 256 260 263 266 267 262 261 255 252
 250 251 246 245 313 249 258 142 143 139 138 113 112 107 105 106   3   4
 110 111 114 115  12  13  16  17  24  25  26  23  18  15   8   7   2   0
   1   5   6   9  10  14  11  19  22  27 102  20  21  28  29  30  31  32
  35  36  41  40  42  45  51  52  57  56  53  50  46  43  55  54  49  47
  44  39  48 315 316  58 104  61  62 190 193 194 185 179 178 173 184 180
 177 168 166 167 174 192 191 294 295 273 314 271 272 279 307 308 309 304
 303 297 296 275 274 270 269 317 248 247 244 243 223 222 213 214 218 217
 212 221 141 140 116  33  34  37  38 103  63  85]
Value - initial: 91108386, final: 6221366, improveup: 14.6444343573

data-line;i;91108386;f;6221366;t;3.51781702042;c;-2;fv;[6221366L];cv;-1;imp;14.6444343573;type;rvnd;inum;3;w;1

time;3.51781702042;man_time;0;neigh_time;0
man_time;0;man_merge_sol;0;man_best_sol;0;man_combine_sol;0

Waiting [0]
Terminating workers True 0 0
MPI TERMINATING
