pydf_home: /home/rodolfo/git/Sucuri
simple_pycuda_home: /home/rodolfo/git/simple-pycuda
wamca2016path: /home/rodolfo/git/wamca2016/
localpath: /home/rodolfo/git/dvnd-df/code/dvnd-df/src/
WAMCAPATH:/home/rodolfo/git/wamca2016/
param: {solution_index:0, solution_instance_index:28, multi_gpu:True, goal:False, problem_name:ml, number_of_moves:10, device_count:2, solver:rvnd, mpi_enabled:True, workers:1}
Using already created file:  wamca2016lib.so
Size: 52 - file name: 01_berlin52.tsp

Value - initial: 868465-[39  5 44 50  1 12  7 48 17 21 51 13 19 40 41 11 10 28 32 42 29 18 33  6 30
 15 47  2 46  8  3 26 25 45  0  4 31 24 35 38 20 14 49 27  9 23 16 37 36 34
 43 22] - 868465
Solver: RVND, number of workers: 1
Setting feeder affinity
I am the master. There are 1 mpi processes. (hostname = gpu01)
Roots [<pyDF.nodes.Feeder object at 0x7f58ed202ad0>]
Starting 0
Main loop
I am worker 0
GPU0
set random seed!
Initial: 868465-[39  5 44 50  1 12  7 48 17 21 51 13 19 40 41 11 10 28 32 42 29 18 33  6 30
 15 47  2 46  8  3 26 25 45  0  4 31 24 35 38 20 14 49 27  9 23 16 37 36 34
 43 22]
Final time: 1.2566280365s - Best: 137734-[39 37 14  5  4 23 47 36 38 33 34 35 48  0 21 31 44 18 40  7  8  9 42  3 24
 45 43 15 49 19 22 30 17  2 16 20 41  6  1 29 28 46 25 27 26 12 13 51 10 11
 32 50]
Value - initial: 868465, final: 137734, improveup: 6.30537848316

data-line;i;868465;f;137734;t;1.2566280365;c;-2;fv;[137734L];cv;-1;imp;6.30537848316;type;rvnd;inum;0;w;1

time;1.2566280365;man_time;0;neigh_time;0
man_time;0;man_merge_sol;0;man_best_sol;0;man_combine_sol;0

Waiting [0]
Terminating workers True 0 0
MPI TERMINATING
