pydf_home: /home/rodolfo/git/Sucuri
simple_pycuda_home: /home/rodolfo/git/simple-pycuda
wamca2016path: /home/rodolfo/git/wamca2016/
localpath: /home/rodolfo/git/dvnd-df/code/dvnd-df/src/
WAMCAPATH:/home/rodolfo/git/wamca2016/
param: {solution_index:4, solution_instance_index:59, multi_gpu:True, goal:False, problem_name:ml, number_of_moves:10, device_count:2, solver:rvnd, mpi_enabled:True, workers:1}
Using already created file:  wamca2016lib.so
Size: 501 - file name: 05_TRP-S500-R1.tsp

Value - initial: 33283522-[166 451 414 473  46 145 103 128 218  88 334 300 267 350 144 369  61 284
 164 296  85 372  51  60  43  68  21 170 194 327 351 210 112 104  50 374
 411 190  22 117  12 471 467 269 289 460 217 307 455 192 360 405 123 287
 242  81 102 361 133  14 313 129 100 304 443 337 416 447  75 371  56 470
 264 200 171 163 280 233 380 343 260 198  25 387 445 491 401 420  92 247
 419 263 184 185 148  47  16  39 282  19  41 207 311 412  40 309 146 187
 492  26 295 290 370 438 367 490 183 359 179 439 168  20 400 245 181 189
 347 214 196 101 227 437  83 173 403 202 118 293 375 435  30 283 376 348
 358 276 237 113 468 149 462 340  97 346   0 134 391 364   6 449 291  87
  79 349 152 333 388 215 398  77 156 272 396 265 377 308 392 231 108  52
 484 116 121 318  65 111 463  36 213  35 234 406 418 127 324 434 228 188
 232 325 465 230 469  44 480 431  58 352 106 382 253 175 432 475  96 158
 299 453 426  18 279 277 436  93 229 384 110 395 355 137  48 323 174 336
 485 219 208  95  17  33 326 275  27 255 321 362 363 422 191  69  37 390
  53 357 381 120 458 356 204 378  72  31 140 261 236   8 252 193 344 310
 220 150 142 160 373  10  70 450  23 433 410 281  91 481  80 454  71 366
 305 130 314 251 169   3 258 259  54  67   7 119 493 368  13 124 303 423
 147 483 122 457 320  11 302  73 195 165 322 135 244 407 386 315 109  29
  42 489 331 285 353 441   4 345 248 246   5 482  62 222 288 172 365  74
 212 379  15 306   9 341  64 249 209 297 203 238 477 456 448 105 408 497
 177 499 413 495 221 466 442 444 205 339 139 421 496  94 141 389 268 317
 256 132 486  38 278 383 404 199 487 397  98  76 335  78  66 235 182 206
 474 151 298 399 143  89  84 415 385 155 424 428 312 224 402 138 254 409
 162 201 328  63 186 241 316 459 292 273 332  55 211 338 342  34 126 270
 330 354 125 157  24 440  32 394  28 329 243 223 114 262 167 274 266 226
 446 425 429 178 478 239 216 115 176 250 225  90  57 430 319 257 240 417
 294  82 154 286  86 488 301 427 161 159 498 393 479 494  59  45 136 452
  99 180 461 472 197 271   2 476 464 107   1  49 131 500 153] - 33283522
Solver: RVND, number of workers: 1
Setting feeder affinity
I am the master. There are 1 mpi processes. (hostname = gpu01)
Roots [<pyDF.nodes.Feeder object at 0x7f34c4d73ad0>]
Starting 0
Main loop
I am worker 0
GPU0
set random seed!
Initial: 33283522-[166 451 414 473  46 145 103 128 218  88 334 300 267 350 144 369  61 284
 164 296  85 372  51  60  43  68  21 170 194 327 351 210 112 104  50 374
 411 190  22 117  12 471 467 269 289 460 217 307 455 192 360 405 123 287
 242  81 102 361 133  14 313 129 100 304 443 337 416 447  75 371  56 470
 264 200 171 163 280 233 380 343 260 198  25 387 445 491 401 420  92 247
 419 263 184 185 148  47  16  39 282  19  41 207 311 412  40 309 146 187
 492  26 295 290 370 438 367 490 183 359 179 439 168  20 400 245 181 189
 347 214 196 101 227 437  83 173 403 202 118 293 375 435  30 283 376 348
 358 276 237 113 468 149 462 340  97 346   0 134 391 364   6 449 291  87
  79 349 152 333 388 215 398  77 156 272 396 265 377 308 392 231 108  52
 484 116 121 318  65 111 463  36 213  35 234 406 418 127 324 434 228 188
 232 325 465 230 469  44 480 431  58 352 106 382 253 175 432 475  96 158
 299 453 426  18 279 277 436  93 229 384 110 395 355 137  48 323 174 336
 485 219 208  95  17  33 326 275  27 255 321 362 363 422 191  69  37 390
  53 357 381 120 458 356 204 378  72  31 140 261 236   8 252 193 344 310
 220 150 142 160 373  10  70 450  23 433 410 281  91 481  80 454  71 366
 305 130 314 251 169   3 258 259  54  67   7 119 493 368  13 124 303 423
 147 483 122 457 320  11 302  73 195 165 322 135 244 407 386 315 109  29
  42 489 331 285 353 441   4 345 248 246   5 482  62 222 288 172 365  74
 212 379  15 306   9 341  64 249 209 297 203 238 477 456 448 105 408 497
 177 499 413 495 221 466 442 444 205 339 139 421 496  94 141 389 268 317
 256 132 486  38 278 383 404 199 487 397  98  76 335  78  66 235 182 206
 474 151 298 399 143  89  84 415 385 155 424 428 312 224 402 138 254 409
 162 201 328  63 186 241 316 459 292 273 332  55 211 338 342  34 126 270
 330 354 125 157  24 440  32 394  28 329 243 223 114 262 167 274 266 226
 446 425 429 178 478 239 216 115 176 250 225  90  57 430 319 257 240 417
 294  82 154 286  86 488 301 427 161 159 498 393 479 494  59  45 136 452
  99 180 461 472 197 271   2 476 464 107   1  49 131 500 153]
Final time: 5.93715596199s - Best: 2037562-[166  98  78 348  19 243 451 233 211 479 460 102  94 332 386 336 268  72
 308  68 388 370 274 333  75 161 484 391 312 426 205 126 151 334 428 355
 145 363 186 257  46 249 231 375 256 127 482 474 446 130  37 491  27 101
 490 264 220  85 110 398 214 483 331 240 103 359 408 427  74 132 378  10
 368 124 277 352 326 210  87  81 362  62 266 420 221 345 416 358  82 181
 431 419 382 436  38 146 174 232  88 193 112 142 236   5 356 339 445 111
   7  83  59 486  41 469  32 217  84  80 463 276 282 171 444  91 123 413
  21 278 202 299  43 285 309 185  55 292 297 328 196 372 140 453 251 349
 279 387  70 275  12  89 226 239 129 439 160 403  16 411 447 215 204 109
 208 216 380 301 330  44 373 179 116 344 303 235 452  18   0 270 478 137
 263 313 104 272 139 376  86 192  61 390 224 149   8 310 360 164 135 106
 258 321 353 287 198 121 113  48 169 464  71 364 195 394  76 346 468 422
 437 423 399 442 424 315 173 498 429 493 241 495 461 397 374 323 327 489
 229  63 271  53 107  23 153 400 283  11 462  24 465 456 371 289 244 441
 225 159 228 471 115 316 247 350 415 338 295 131  92 170 377 369 488   2
 168  50  26 189 425 197 476 267 188  34 234 242 500 194  13 379  35 497
 176 480 300  17 114 384 144   1 409 318 105  31 125 259 143  64 418  66
 162 324 311 450  45 347  60 499 209 389  29  47 180 357 252  40 206  58
 406 396  77 100 433 343 219 118 261  22 200 470 136  33 319 383  28 182
 351 305 481 117 167 393 273 434  36 119 459   4 223  54 128  20 294 410
 175 385 138  65 440  15  96 177 218 494 430 201 157 467 365 487  25 475
 187 473 412  79  90 207 354 141 485 448  95 190 255  97 237 304 306 293
 212 302   6 248  52 438 152 395 262 492 133 298 245 227 250 108 405 147
 392 455 254 404  57 367 435 165 291 432 269 191 407 253 402 156 329 284
 458 449 134 122  51 199 472 340 443 260 454   9 401 314 342 222 417  73
 457 381 238 265  69 281 203 290  99  93 466 155 307  42 163 317 280 296
 320 361  56 184 154 230 158 421 496 325  67 183 414 341 337 286 213 172
 335   3 178  30 366  49 120 148 477 322 288  14 150 246  39]
Value - initial: 33283522, final: 2037562, improveup: 16.334973856

data-line;i;33283522;f;2037562;t;5.93715596199;c;-2;fv;[2037562L];cv;-1;imp;16.334973856;type;rvnd;inum;4;w;1

time;5.93715596199;man_time;0;neigh_time;0
man_time;0;man_merge_sol;0;man_best_sol;0;man_combine_sol;0

Waiting [0]
Terminating workers True 0 0
MPI TERMINATING
