pydf_home: /home/rodolfo/git/Sucuri
simple_pycuda_home: /home/rodolfo/git/simple-pycuda
wamca2016path: /home/rodolfo/git/wamca2016/
localpath: /home/rodolfo/git/dvnd-df/code/dvnd-df/src/
WAMCAPATH:/home/rodolfo/git/wamca2016/
param: {solution_index:6, solution_instance_index:85, multi_gpu:True, goal:False, problem_name:ml, number_of_moves:10, device_count:2, solver:rvnd, mpi_enabled:True, workers:1}
Using already created file:  wamca2016lib.so
Size: 783 - file name: 07_rat784.tsp

Value - initial: 72262490-[387 763 483 167 738  95 146 648 258 513 315 715 446 267 302 623 538 528
 331 275 486 550 360 305 478 236 451 206 540  40 251 633 108 601 771 479
 376 508 573  64 114 326 469 391 266 392 699 307 328 210 270 246 303 612
 153 273 760 282 545 762 165 645 665 773  65 380  33 310 533 396 255 113
 752  34  77 101 173 393 347 401 517  68 654 180 295 628 780 554 361  31
 311 761 466  58 405 703 191 691 734 175 213  84 454 542 619 443 240  37
 292 567 599  76 185 150 242 587  94 555 141 634 354 189 335 484 124  20
 434 727 416   6 635 556 322  27  98 733 390 605 215 751 369 218 289 685
  92  22 575 337 375 507 207 747 412   0  39 128 777 136 194 314  47  51
 345 674 613 132 408 744  28 172 579 459 197  85 782 125 500 570 529 188
  35 509 632 495 279 250 169 433 574 244 291 249 176 145  63 499 382 119
 323  87 299 229 183 489  36 227 526 663 724 721  62 488  91 779 179 549
  83 704 205 617  13 700  55 514 260 222 161 709 558 606  93 768 445 627
 403 431 781 503 535  66 283 407 562 651 591  69 737  56 470 135 319 689
 616 149 423 203 774  53 611 357 493 661 506  38 667 670 190 602 692 770
 325 231  88  89 105 290 312 564 660  24   1 334 437 622 147   2 629 284
 467 532 356 211 702 300 389 127 621 154 476 364 143 563 272 202 626 438
 673  79 452 541 237 604 544 718 269 138 208 710  86 614 624 460  45 523
 589  44 233 219  99 597 263 400 671 239 339 442 746 717 372  75 690 582
  42 430 422 720   8 652 679 498  72 618  54 753  59 682 477 223 268 265
 577 340 739 444  16 115 672  57 610 397 505 410 406 333  43 559 723 552
  96 472 447 455 615 729 336 413 352 399 308 368 630 116 640 365 684 174
 585 417 196 321  71  48 524 569 590 157 636 502 641 681 521 510 363 358
 278 262 639   9   4 285 731 448 732 394 553 158 214  52 666 184 166 221
 603 766  49 743 722 586 643 754  41 516 490 379 465  29 496 772  61 342
 373 695 238 151 212 318 421 110 539 120 527  82 362 186 712 287 204 398
 182 217 330  46 133 344 378 683 750 698  21 705 647 583  15  74 424 519
 655 588 118 767 164 122 713 142 329 348 383 306 714 201 332 134  90 181
 600 117 107 697 662 457 736 576 675  70 468 565  17 668  67  73 764 512
 216 297 126 351 366 341  10 104 155 463 474 224 355 515 625 109 232 235
 656 530 441 111 170 259 598 440 693 482 264 106 749 637 548 198 381 676
 245 425 271  50 276 536 346 288 419 350 429 492 462  25 130 518 706 139
 461 436 659 140 758 497 192 471  19 395 557 464 745 102 304 594 338 537
 485 756 225 543 593 580 385 481 568 402 371 137 193 435 688 657 701 261
 728 566 458 581  26 778 420 178 664 480 426 494 234 195 716 301 646 677
  81 160 100   7 199   3 353 230 226 730 253 228 248 298 649  12 531 316
 520 560 144 708 254 349 386 168 359  18 418 769   5  78  32 638 546 286
 725 388 775 131 327 491 428 561 511 487 343 313 163 257 696 741 547 475
 578 159 501 209 317 757 256 748  14 123 220 247 735 680 711 522 103 171
 324 653 148 409 608 650 162 404 456 432 274 707 411  80 644 449 243 607
  97 525 293 377 121 320 631  11 595 534 453 776 374 370 740 678 584 765
 592 572 473 200 571 686 596 414 669 309  30 367 658 112 129 281 277 504
 694 687 759  60 415 551 726 152 384 642 294 177 439 280  23 742 755 252
 187 609 296 719 620 241 427 450 156] - 72262490
Solver: RVND, number of workers: 1
Setting feeder affinity
I am the master. There are 1 mpi processes. (hostname = gpu01)
Roots [<pyDF.nodes.Feeder object at 0x7f1cbcb9bad0>]
Starting 0
Main loop
I am worker 0
GPU0
set random seed!
Initial: 72262490-[387 763 483 167 738  95 146 648 258 513 315 715 446 267 302 623 538 528
 331 275 486 550 360 305 478 236 451 206 540  40 251 633 108 601 771 479
 376 508 573  64 114 326 469 391 266 392 699 307 328 210 270 246 303 612
 153 273 760 282 545 762 165 645 665 773  65 380  33 310 533 396 255 113
 752  34  77 101 173 393 347 401 517  68 654 180 295 628 780 554 361  31
 311 761 466  58 405 703 191 691 734 175 213  84 454 542 619 443 240  37
 292 567 599  76 185 150 242 587  94 555 141 634 354 189 335 484 124  20
 434 727 416   6 635 556 322  27  98 733 390 605 215 751 369 218 289 685
  92  22 575 337 375 507 207 747 412   0  39 128 777 136 194 314  47  51
 345 674 613 132 408 744  28 172 579 459 197  85 782 125 500 570 529 188
  35 509 632 495 279 250 169 433 574 244 291 249 176 145  63 499 382 119
 323  87 299 229 183 489  36 227 526 663 724 721  62 488  91 779 179 549
  83 704 205 617  13 700  55 514 260 222 161 709 558 606  93 768 445 627
 403 431 781 503 535  66 283 407 562 651 591  69 737  56 470 135 319 689
 616 149 423 203 774  53 611 357 493 661 506  38 667 670 190 602 692 770
 325 231  88  89 105 290 312 564 660  24   1 334 437 622 147   2 629 284
 467 532 356 211 702 300 389 127 621 154 476 364 143 563 272 202 626 438
 673  79 452 541 237 604 544 718 269 138 208 710  86 614 624 460  45 523
 589  44 233 219  99 597 263 400 671 239 339 442 746 717 372  75 690 582
  42 430 422 720   8 652 679 498  72 618  54 753  59 682 477 223 268 265
 577 340 739 444  16 115 672  57 610 397 505 410 406 333  43 559 723 552
  96 472 447 455 615 729 336 413 352 399 308 368 630 116 640 365 684 174
 585 417 196 321  71  48 524 569 590 157 636 502 641 681 521 510 363 358
 278 262 639   9   4 285 731 448 732 394 553 158 214  52 666 184 166 221
 603 766  49 743 722 586 643 754  41 516 490 379 465  29 496 772  61 342
 373 695 238 151 212 318 421 110 539 120 527  82 362 186 712 287 204 398
 182 217 330  46 133 344 378 683 750 698  21 705 647 583  15  74 424 519
 655 588 118 767 164 122 713 142 329 348 383 306 714 201 332 134  90 181
 600 117 107 697 662 457 736 576 675  70 468 565  17 668  67  73 764 512
 216 297 126 351 366 341  10 104 155 463 474 224 355 515 625 109 232 235
 656 530 441 111 170 259 598 440 693 482 264 106 749 637 548 198 381 676
 245 425 271  50 276 536 346 288 419 350 429 492 462  25 130 518 706 139
 461 436 659 140 758 497 192 471  19 395 557 464 745 102 304 594 338 537
 485 756 225 543 593 580 385 481 568 402 371 137 193 435 688 657 701 261
 728 566 458 581  26 778 420 178 664 480 426 494 234 195 716 301 646 677
  81 160 100   7 199   3 353 230 226 730 253 228 248 298 649  12 531 316
 520 560 144 708 254 349 386 168 359  18 418 769   5  78  32 638 546 286
 725 388 775 131 327 491 428 561 511 487 343 313 163 257 696 741 547 475
 578 159 501 209 317 757 256 748  14 123 220 247 735 680 711 522 103 171
 324 653 148 409 608 650 162 404 456 432 274 707 411  80 644 449 243 607
  97 525 293 377 121 320 631  11 595 534 453 776 374 370 740 678 584 765
 592 572 473 200 571 686 596 414 669 309  30 367 658 112 129 281 277 504
 694 687 759  60 415 551 726 152 384 642 294 177 439 280  23 742 755 252
 187 609 296 719 620 241 427 450 156]
Final time: 14.2774159908s - Best: 3420152-[387 384 367 372 382 363 347 350 353 335 329 321 320 302 291 294 310 325
 317 311 300 286 281 282 287 270 271 262 259 243 228 227 219 202 190 188
 177 191 206 213 222 244 240 251 260 278 283 297 308 323 333 330 341 361
 377 378 395 398 412 403 405 393 373 368 354 340 328 313 303 295 296 284
 279 264 263 246 237 217 198 193 180 176 169 167 173 165 157 144 147 141
 148 133 134 105 100  78  83  86  74  65  42  37  12  10   3  33  27  23
  26  25  20  15  31  13  21  34  30  19  35  29  18   4   2   9   8  11
  32  57  52  46  17   6   1  22  40  45  66  80  79  69  44  56  51  48
  55  87 124 145 171 179 185 215 214 234 241 235 238 245 254 276 275 272
 277 273 248 247 230 226 221 195 194 174 159 154 146 138 122 116 109  96
  99 106 110  93  82  75  97  94 111 115 132 136 142 151 150 155 161 183
 203 201 207 197 199 205 216 224 218 211 210 208 181 172 164 163 149 143
 123 120 125 117 137 156 168 162 139 127 107 104 101  98  84  70  76  73
  88  62  38  47  63  58  60  67  85  81  61  53  41  50  71  91 102  92
  68  77  89  90  72  95 108 113 121 118 112 103 130 131 140 129 128 153
 158 182 187 196 200 212 220 225 236 256 274 261 250 252 268 249 232 231
 239 257 267 255 266 285 298 290 305 292 289 299 306 315 331 345 352 364
 375 349 346 332 344 369 376 392 407 408 419 423 429 425 432 421 437 454
 462 485 491 507 511 516 505 529 533 550 553 561 578 568 560 538 539 546
 530 517 518 512 494 472 459 448 455 476 490 499 482 466 456 438 430 434
 418 416 410 417 433 436 447 440 468 469 463 475 493 504 506 500 520 535
 534 528 551 556 577 565 562 563 586 602 608 590 583 599 600 613 632 629
 635 645 650 665 668 660 648 656 680 674 689 679 684 678 670 687 677 658
 651 647 644 654 659 643 640 633 626 611 589 597 596 585 593 610 625 623
 637 639 664 671 682 696 703 724 733 737 746 760 771 764 759 744 735 734
 717 704 705 731 742 738 721 697 690 691 706 712 732 736 718 719 720 725
 739 747 754 753 767 758 756 757 775 778 776 772 773 765 761 762 769 779
 780 763 755 751 741 723 701 707 715 722 729 730 740 745 749 748 726 700
 699 688 692 672 663 666 667 673 675 693 702 695 714 716 727 750 781 782
 774 770 766 752 743 728 711 713 710 686 681 676 657 655 634 642 662 669
 646 636 615 605 592 581 591 594 607 624 622 619 601 584 582 554 522 515
 503 489 478 480 502 509 545 537 549 573 566 548 544 531 543 536 527 524
 508 501 497 487 492 513 519 523 521 526 542 557 576 569 564 574 570 571
 552 558 572 580 603 614 628 631 641 617 609 588 604 630 638 649 661 653
 652 685 709 694 698 683 621 620 627 616 618 612 598 587 606 555 540 541
 495 496 486 488 479 473 458 445 431 449 464 474 467 477 470 460 461 443
 441 427 420 426 450 453 446 439 414 413 401 399 402 411 397 360 348 319
 307 309 336 337 339 380 385 379 374 359 371 390 409 404 391 388 396 406
 424 442 452 451 457 465 484 483 481 510 525 547 567 579 595 575 559 532
 498 471 444 435 428 422 394 383 389 400 386 381 365 357 343 355 358 362
 351 342 327 334 326 338 324 322 318 316 293 301 312 304 288 269 265 184
 204 229 242 223 258 280 209 189 175 178 186 160 119 135 152 126 114  36
  24  14   0  16  64  28   7  49  43  54  59   5  39 170 192 233 253 314
 356 366 415 514 708 768 777 370 166]
Value - initial: 72262490, final: 3420152, improveup: 21.128443999

data-line;i;72262490;f;3420152;t;14.2774159908;c;-2;fv;[3420152L];cv;-1;imp;21.128443999;type;rvnd;inum;6;w;1

time;14.2774159908;man_time;0;neigh_time;0
man_time;0;man_merge_sol;0;man_best_sol;0;man_combine_sol;0

Waiting [0]
Terminating workers True 0 0
MPI TERMINATING
