pydf_home: /home/rodolfo/git/Sucuri
simple_pycuda_home: /home/rodolfo/git/simple-pycuda
wamca2016path: /home/rodolfo/git/wamca2016/
localpath: /home/rodolfo/git/dvnd-df/code/dvnd-df/src/
WAMCAPATH:/home/rodolfo/git/wamca2016/
param: {solution_index:3, solution_instance_index:27, multi_gpu:True, goal:False, problem_name:ml, number_of_moves:10, device_count:2, solver:rvnd, mpi_enabled:True, workers:1}
Using already created file:  wamca2016lib.so
Size: 318 - file name: 04_lin318.tsp

Value - initial: 94447914-[295   6  21  41 317 281 265 180 163 189 108  23  29 195  76 159  26   8
 285 316 222  69 193 261 217  52 153  74 105 151  67 197 146 220 131  11
  10  87  84 213 103 247 276  19 141  17 314 246 297  64 198   3  14  62
 167  68 137  82 244  54 212 308 199 115 171 205 194 262 184  12 124  49
  22 142 255 120 156 136 211  28 275 240  86 264 294 306  39  36 116 202
 113  98 260  97  45 123  57 178 298  61 221 112   2  66 271 174   7 143
 188 181  48 168 243  70 215  34  95 132 304 118   5  90 175 228  46 133
 225 293 280   4 121 161 242 237  31 230 258 269  56 238  33 273 300 245
 279 179 190 272  60 182 192 223  93 266 207   0 157 173 303 128 100  65
 109  38 187 191  27 125 224 309 290 254 288 149 251  37 206 278  71 234
  63 302  55 315  79  32 203  50 134 114 307 177 176 106 313 140 150 256
 204 148 144  77 219  35  25 162   1 289  94 208  99 138  13  80 236  88
  30 274  89 122 214 169 257  16 183 299 145 249 130 301 229 253  53   9
 277  85 310 305 201  42 147 235 282 126 284 233  59 129  75 227 226 154
  72 165 268  83  44 216 119  20  40 312 104  78 259 232  73 107 110  24
 263 170 155 185 172 111 209 267  58 135  92 101  43  18 166 152 102 196
  15 210  91 139 248 292  81 241 117 164 270 286 311 158 252 127 186 291
 160 239  96  51 218 200 250 296 231 283 287  47] - 94447914
Solver: RVND, number of workers: 1
Setting feeder affinity
I am the master. There are 1 mpi processes. (hostname = gpu01)
Roots [<pyDF.nodes.Feeder object at 0x7f938928cad0>]
Starting 0
Main loop
I am worker 0
GPU0
set random seed!
Initial: 94447914-[295   6  21  41 317 281 265 180 163 189 108  23  29 195  76 159  26   8
 285 316 222  69 193 261 217  52 153  74 105 151  67 197 146 220 131  11
  10  87  84 213 103 247 276  19 141  17 314 246 297  64 198   3  14  62
 167  68 137  82 244  54 212 308 199 115 171 205 194 262 184  12 124  49
  22 142 255 120 156 136 211  28 275 240  86 264 294 306  39  36 116 202
 113  98 260  97  45 123  57 178 298  61 221 112   2  66 271 174   7 143
 188 181  48 168 243  70 215  34  95 132 304 118   5  90 175 228  46 133
 225 293 280   4 121 161 242 237  31 230 258 269  56 238  33 273 300 245
 279 179 190 272  60 182 192 223  93 266 207   0 157 173 303 128 100  65
 109  38 187 191  27 125 224 309 290 254 288 149 251  37 206 278  71 234
  63 302  55 315  79  32 203  50 134 114 307 177 176 106 313 140 150 256
 204 148 144  77 219  35  25 162   1 289  94 208  99 138  13  80 236  88
  30 274  89 122 214 169 257  16 183 299 145 249 130 301 229 253  53   9
 277  85 310 305 201  42 147 235 282 126 284 233  59 129  75 227 226 154
  72 165 268  83  44 216 119  20  40 312 104  78 259 232  73 107 110  24
 263 170 155 185 172 111 209 267  58 135  92 101  43  18 166 152 102 196
  15 210  91 139 248 292  81 241 117 164 270 286 311 158 252 127 186 291
 160 239  96  51 218 200 250 296 231 283 287  47]
Final time: 2.22881793976s - Best: 6139483-[295 288 286 281 276 277 280 287 291 292 293 294 191 192 300 301 305 306
 310 311 204 198 199 203 202 197 205 206  99 201 200 196 195  93  94  87
  86 189 188 187 186 182 175 172 171 176 181 183 177 180 184 185 179 178
 173 174 167 166 162 157 156 150 147 146 145 148 151 155 158 161 160 159
 154 152 149 144  37  38  34  33 136 135 134 132 127 124 207 133 126 125
 119 115 114 111 110 106 105   3   4   8   7  16  15  17  24  25  23  19
  22  27  32  31  30  29  28  21  20 102  14  10   9   6   5   1   0   2
  11  18  26  35  36  41  40  42  45  51  52  57  56  53  50  46  43  55
  54  49  47  44  39  48 315 316  58 104  63  66  67  70  71  76  78  83
  77  81  82  84  90  91  95  96 100 101  92  97  98  89  88  85  79  75
  72  80  74  73  68  69  61  62  60  59 163 153 208 137 131 128 123 130
 129 122 120 121 118 117 220 219 216 215 109 108 211 210 212 221 229 232
 237 312 224 230 231 238 239 240 241 138 139 143 142 249 258 254 257 259
 264 265 268 314 271 278 282 285 289 290 284 283 279 272 267 262 261 255
 252 251 250 266 263 260 256 253 313 246 245 242 236 233 228 235 234 227
 225 226 217 218 214 213 222 223 243 244 247 248 317 269 270 274 275 296
 297 303 304 309 308 307 302 298 299 273 164 165 169 170 194 193 190  65
  64 168 209 140 141 113 112 107 116  12  13 103]
Value - initial: 94447914, final: 6139483, improveup: 15.3836917538

data-line;i;94447914;f;6139483;t;2.22881793976;c;-2;fv;[6139483L];cv;-1;imp;15.3836917538;type;rvnd;inum;3;w;1

time;2.22881793976;man_time;0;neigh_time;0
man_time;0;man_merge_sol;0;man_best_sol;0;man_combine_sol;0

Waiting [0]
Terminating workers True 0 0
MPI TERMINATING
