pydf_home: /home/rodolfo/git/Sucuri
simple_pycuda_home: /home/rodolfo/git/simple-pycuda
wamca2016path: /home/rodolfo/git/wamca2016/
localpath: /home/rodolfo/git/dvnd-df/code/dvnd-df/src/
WAMCAPATH:/home/rodolfo/git/wamca2016/
param: {solution_index:2, solution_instance_index:15, multi_gpu:True, goal:False, problem_name:ml, number_of_moves:10, device_count:2, solver:rvnd, mpi_enabled:True, workers:1}
Using already created file:  wamca2016lib.so
Size: 226 - file name: 03_pr226.tsp

Value - initial: 191059097-[ 17 199  95 154  89 159  93  91   9 215 218  48  87  98 101  74 162 129
  12 135 143 208  47 138 104 161 114  27 164 223 148 139 121  60  41  67
   4  65 209 147  42 106  56 127 163 166  21  61 136  78 205  58  99 157
 193 133 130 182 177 191   8  19 149  72 120 100 201  33 184 225 202  70
  18 137  94 119  15  29 204  53  39  79 152  38  83 173 186  76 103 221
 175 195 172 169  77   5 165 158 224  43  35 188  68  71 146 200  64 203
   2 189  75 125 112 111  36 170 109 194  26 144  97 167  80  96 206  16
  55 131 140 187  88  69  92   7 118 185 110  85 192   3   6 190 108 116
 117 178  30  46  14   0 198 142 155 134 105  52  49  10  62  32 196 113
  22  82 197 176  24 181  54 160  37 222 168  34  23 219 150 207  66  45
  84  13 213 216 179 212  28 107 132  51 151 210  50 183 145  59 156   1
 211 128  11 171 123 126 180 122  31 115 214 141  25  57 174  63 124 102
  73  20  81  44 217  40 153 220  86  90] - 191059097
Solver: RVND, number of workers: 1
Setting feeder affinity
I am the master. There are 1 mpi processes. (hostname = gpu01)
Roots [<pyDF.nodes.Feeder object at 0x7f829b95aad0>]
Starting 0
Main loop
I am worker 0
GPU0
set random seed!
Initial: 191059097-[ 17 199  95 154  89 159  93  91   9 215 218  48  87  98 101  74 162 129
  12 135 143 208  47 138 104 161 114  27 164 223 148 139 121  60  41  67
   4  65 209 147  42 106  56 127 163 166  21  61 136  78 205  58  99 157
 193 133 130 182 177 191   8  19 149  72 120 100 201  33 184 225 202  70
  18 137  94 119  15  29 204  53  39  79 152  38  83 173 186  76 103 221
 175 195 172 169  77   5 165 158 224  43  35 188  68  71 146 200  64 203
   2 189  75 125 112 111  36 170 109 194  26 144  97 167  80  96 206  16
  55 131 140 187  88  69  92   7 118 185 110  85 192   3   6 190 108 116
 117 178  30  46  14   0 198 142 155 134 105  52  49  10  62  32 196 113
  22  82 197 176  24 181  54 160  37 222 168  34  23 219 150 207  66  45
  84  13 213 216 179 212  28 107 132  51 151 210  50 183 145  59 156   1
 211 128  11 171 123 126 180 122  31 115 214 141  25  57 174  63 124 102
  73  20  81  44 217  40 153 220  86  90]
Final time: 2.70938801765s - Best: 7261106-[ 17  16  15  14  13   9   8   6   5   4   3   2   1   7  10  11  12  70
  67  68  69 102 110 111 104 103 112 113 105 106 114 115 107 108 116 117
 109 118 125 127 119 120 126 128 121 122 130 129 131 123 124 225 224 223
 222 221 220 219 218 217 216 215 214 213 212 211 210 209 208 207 206 205
 204 203 202 201 200 199 198 197 196 195 194 193 192 191 190 189 188 187
 186 185 184 183 182 181 180 179 178 177 176 175 174 173 172 171 170 169
 168 167 166 165 164 163 162 161 160 159 158 157 156 155 154 153 152 151
 150 147 149 142 141 140 148 146 139 138 144 145 137 136 143 101  93  92
 100  99  91  90  98  97  89  87  96  95  88  86  94  46  45  44  43  36
  35  47  32  31  30  34  33  29  28  27  26  25  24  23  22  21  49  50
  51  52  53  54  55  56  57  58  59  60  61  62  63  65  85  84  83  82
  81  80  79  78  77  76  75  74  73  72   0  71  66  64  18  19  20  48
  37  38  41  39  40  42 135 134 133 132]
Value - initial: 191059097, final: 7261106, improveup: 26.3126715131

data-line;i;191059097;f;7261106;t;2.70938801765;c;-2;fv;[7261106L];cv;-1;imp;26.3126715131;type;rvnd;inum;2;w;1

time;2.70938801765;man_time;0;neigh_time;0
man_time;0;man_merge_sol;0;man_best_sol;0;man_combine_sol;0

Waiting [0]
Terminating workers True 0 0
MPI TERMINATING
