pydf_home: /home/rodolfo/git/Sucuri
simple_pycuda_home: /home/rodolfo/git/simple-pycuda
wamca2016path: /home/rodolfo/git/wamca2016/
localpath: /home/rodolfo/git/dvnd-df/code/dvnd-df/src/
WAMCAPATH:/home/rodolfo/git/wamca2016/
param: {solution_index:2, solution_instance_index:53, multi_gpu:True, goal:False, problem_name:ml, number_of_moves:10, device_count:2, solver:rvnd, mpi_enabled:True, workers:1}
Using already created file:  wamca2016lib.so
Size: 226 - file name: 03_pr226.tsp

Value - initial: 193807111-[ 40  84 154  95  31 136  69 122 213 151   7 107  53 168 152 106 172 216
 158 186  30  59 167  70 133  39  60  20 165 219 194  11  14  43  46 206
  54  65 221  93  27 105 121  21 160 119 187 203 102  19   8 207  66  50
  71  64  83 140 163  47 153 135 126  89 204  36  86  62 145  16  58 112
  91 164 116 200   9 115 117  77 212   6   4  88  87 179  52  72 220 162
 181 217  74  45  13  67  48 141  82 211 139  85 205 198 118  41 123  80
 182  42 138 209  10 218 104  97 171 224  61  98 111 109  18 214  81  29
 156 175 114  56 169 166  73 184   3 185  28 208  79  51 128 125 157 113
  76  68  32  37 222 178  25 137 134 215 189 149   0  26   5  33 130 180
 201  55  23 148  78 132 150 100  49 159  38 177 188  63  35 197 142 110
  12 193 161  57 225 103 223  90 199 210 190   2  24 143 131 191  75 170
 146 192 155 173 108 101 183 127  94 202 195 124  44  22  96  99  34  17
 174  15 129 147 144 196   1 176 120  92] - 193807111
Solver: RVND, number of workers: 1
Setting feeder affinity
I am the master. There are 1 mpi processes. (hostname = gpu01)
Roots [<pyDF.nodes.Feeder object at 0x7f04100e2ad0>]
Starting 0
Main loop
I am worker 0
GPU0
set random seed!
Initial: 193807111-[ 40  84 154  95  31 136  69 122 213 151   7 107  53 168 152 106 172 216
 158 186  30  59 167  70 133  39  60  20 165 219 194  11  14  43  46 206
  54  65 221  93  27 105 121  21 160 119 187 203 102  19   8 207  66  50
  71  64  83 140 163  47 153 135 126  89 204  36  86  62 145  16  58 112
  91 164 116 200   9 115 117  77 212   6   4  88  87 179  52  72 220 162
 181 217  74  45  13  67  48 141  82 211 139  85 205 198 118  41 123  80
 182  42 138 209  10 218 104  97 171 224  61  98 111 109  18 214  81  29
 156 175 114  56 169 166  73 184   3 185  28 208  79  51 128 125 157 113
  76  68  32  37 222 178  25 137 134 215 189 149   0  26   5  33 130 180
 201  55  23 148  78 132 150 100  49 159  38 177 188  63  35 197 142 110
  12 193 161  57 225 103 223  90 199 210 190   2  24 143 131 191  75 170
 146 192 155 173 108 101 183 127  94 202 195 124  44  22  96  99  34  17
 174  15 129 147 144 196   1 176 120  92]
Final time: 2.38495588303s - Best: 8407619-[ 40 150 151 152 153 154 155 156 157 158 159 160 161 162 163 164 165 166
 167 168 169 170 171 172 173 174 175 176 177 178 179 180 181 182 183 184
 185 186 187 188 189 142 149 147 141 140 148 146 139 138 144 145 137 136
 143  93  92  91  90  89  87  88  86  94  95  96  97  98  99 100 101 135
 134 133 132 190 191 192 193 194 195 196 197 198 199 200 201 202 203 204
 205 206 207 208 209 210 211 212 213 214 215 216 217 218 219 220 221 222
 223 224 225 124 131 129 123 122 130 128 121 120 126 127 119 118 125 117
 109 108 116 115 107 106 114 113 105 103 112 111 104 110 102  63  62  61
  60  59  58  57  56  55  54  53  52  51  50  49  21  22  23  24  25  26
  28  29  33  34  30  31  32  35  36  43  45  44  47  48  27  20  19  64
  65  69  68  67  70  12  11  10  14  13   9   8   6   5   4   3   2   1
   0  72  73  74  75  76  77  78  79  80  81  82  83  84  85  71   7  15
  66  16  17  18  46  42  41  38  37  39]
Value - initial: 193807111, final: 8407619, improveup: 23.0513669804

data-line;i;193807111;f;8407619;t;2.38495588303;c;-2;fv;[8407619L];cv;-1;imp;23.0513669804;type;rvnd;inum;2;w;1

time;2.38495588303;man_time;0;neigh_time;0
man_time;0;man_merge_sol;0;man_best_sol;0;man_combine_sol;0

Waiting [0]
Terminating workers True 0 0
MPI TERMINATING
