pydf_home: /home/rodolfo/git/Sucuri
simple_pycuda_home: /home/rodolfo/git/simple-pycuda
wamca2016path: /home/rodolfo/git/wamca2016/
localpath: /home/rodolfo/git/dvnd-df/code/dvnd-df/src/
WAMCAPATH:/home/rodolfo/git/wamca2016/
param: {solution_index:6, solution_instance_index:56, multi_gpu:True, goal:False, problem_name:ml, number_of_moves:10, device_count:2, solver:rvnd, mpi_enabled:True, workers:1}
Using already created file:  wamca2016lib.so
Size: 783 - file name: 07_rat784.tsp

Value - initial: 69294390-[778 320 415 737 430 575 559 635 632 130 631  66 315 725   6 663  88 640
 682 484 280 445 554 257 617  24  64 591 372  41  50 183  81  84 569 335
 317 706 428  75 668 359 483 584 727 247 149 411 469 178 267 299 515 466
 514 680 360 608 647 343 525 574 442 478 539  33 342 256 667 764 212 765
 285 258 607 225 126 364 188 450 323 449 138 437 336 244  42 579 357 455
 403 135 506 508 626 486 597 472 698 210 399 166 526  89 394 227 528 587
 397 248   1 447  80 470  39 346  54  16 498 310 283 416 560 408 129  18
 361  22 259 451 433  59 670 144 435 759 782 512 406 100 133 192 402 746
  82  28 747 468 298  58 125 344 221 504 250 601 329 231 582 630  98 301
  21 513 168  34  67 334 567 441 629 475 384 600 704 218 241 692 651 520
 293 744 641 386  69 733 628 769 161 476 154 128 503 354  74 738 142 678
 576 664 448  70 633 139 401 452 777 621 203 572 480  46  85 290  52 101
 291 500 352 252   0 176 535 277 434 754 438 461 690 650 689 164 233 509
 648   9 264  60 624 108 639 669 151 771 302 674 376 655 552 365 714 781
 431 345 160 719 304 239 338 131 570 768 586 757 653 307 388 313 243 643
  11 222 611 662 490 709 523 270  78   7 657 206  23  19  53 705 339 393
 427 224 115 742 720   4 362 157 580  63 123 555 501 671 550 137 177 347
 605 260  83 699 685 268 708 165 282 583 456  14 351 333 182 700 134  48
 226 314 459 549 275 281 649 596 214 286 551  12 701 382 366 413 717 263
 573 194 213 538 368  38 511 181 592 249 527 562 117 462 121 155 642 377
  61 229 405 619 262  29 370 510 463 558 324 477 167 724 116 209 276 581
 656 532  96 185 568 711 367 593 730 380 665 118 488 578 395 201 464 340
 588 774 634 146 261  56 739  87 604 446  26 697 485 679 766 238 518 545
 251 565 775 681 211 718  94  13 122 321  90 677 172 173 379 189  43 236
 150 481 713 374 603 684 599 356 171 471 147 111 308 162 235 287 418 127
 143 688 110 387  20 517 410 422 174 296 493 331 328 207 332  31 107 444
 274 666 658 148 254 124 284 710  92   5 414 145 563 616 612  77 396 722
 300 492 112 553 548 638 215   2 507 660 375 119 141 392  73   3 673 425
 676 190 311 191 337 728 659 529 524 702 622 505  55 228  32 104 654 199
 734 163 322 109  62 205 369 103 303 561 330 536 353 687 613 454 159 595
 735 453 732  76  25 776 269 391 590  10 760 232  51  93  36 196 120 316
 152 327 491  65 707 195 703 273 537 305 779 105 749 602 620 184 363 494
 598 473 114 731 102 132 266 325 297  27 743 460 204 208  49 158 482 319
 407 187  71 358 753 200 237  35 385 419  86 534 516 443 383 272 136  91
 457 752 381 400 606 589 292 202 615 341 253 557 531 153 675 106 378 644
 186 646 691 686 355  30 618 661 556  97 715 234 716 693 349 409 432 543
 175 636 156 373 420  45  17 220 306 540 436  99 326 230 278  40 197 712
 499 219 695 497 458 242 751 404 309 193 170 496 245 421 217 723 772 467
 542 348 474  79 736 398 440  57 255 645 627 289 465 763  68 489 216  95
 755 585 423 694 371 610 180 614 246 412 623 113 609  44 761 767 169 740
 564  47 429 522 198 726 487 318 417 762 140 390 350 594 780  72 294 773
   8 546 756 179 495 547 439 750 571 544 424 683 223 389 288 721 637  15
 748 295 672 741 566 426 758 312 479 696 502 541  37 652 625 770 577 521
 530 240 271 265 729 519 533 745 279] - 69294390
Solver: RVND, number of workers: 1
Setting feeder affinity
I am the master. There are 1 mpi processes. (hostname = gpu01)
Roots [<pyDF.nodes.Feeder object at 0x7fa177610ad0>]
Starting 0
Main loop
I am worker 0
GPU0
set random seed!
Initial: 69294390-[778 320 415 737 430 575 559 635 632 130 631  66 315 725   6 663  88 640
 682 484 280 445 554 257 617  24  64 591 372  41  50 183  81  84 569 335
 317 706 428  75 668 359 483 584 727 247 149 411 469 178 267 299 515 466
 514 680 360 608 647 343 525 574 442 478 539  33 342 256 667 764 212 765
 285 258 607 225 126 364 188 450 323 449 138 437 336 244  42 579 357 455
 403 135 506 508 626 486 597 472 698 210 399 166 526  89 394 227 528 587
 397 248   1 447  80 470  39 346  54  16 498 310 283 416 560 408 129  18
 361  22 259 451 433  59 670 144 435 759 782 512 406 100 133 192 402 746
  82  28 747 468 298  58 125 344 221 504 250 601 329 231 582 630  98 301
  21 513 168  34  67 334 567 441 629 475 384 600 704 218 241 692 651 520
 293 744 641 386  69 733 628 769 161 476 154 128 503 354  74 738 142 678
 576 664 448  70 633 139 401 452 777 621 203 572 480  46  85 290  52 101
 291 500 352 252   0 176 535 277 434 754 438 461 690 650 689 164 233 509
 648   9 264  60 624 108 639 669 151 771 302 674 376 655 552 365 714 781
 431 345 160 719 304 239 338 131 570 768 586 757 653 307 388 313 243 643
  11 222 611 662 490 709 523 270  78   7 657 206  23  19  53 705 339 393
 427 224 115 742 720   4 362 157 580  63 123 555 501 671 550 137 177 347
 605 260  83 699 685 268 708 165 282 583 456  14 351 333 182 700 134  48
 226 314 459 549 275 281 649 596 214 286 551  12 701 382 366 413 717 263
 573 194 213 538 368  38 511 181 592 249 527 562 117 462 121 155 642 377
  61 229 405 619 262  29 370 510 463 558 324 477 167 724 116 209 276 581
 656 532  96 185 568 711 367 593 730 380 665 118 488 578 395 201 464 340
 588 774 634 146 261  56 739  87 604 446  26 697 485 679 766 238 518 545
 251 565 775 681 211 718  94  13 122 321  90 677 172 173 379 189  43 236
 150 481 713 374 603 684 599 356 171 471 147 111 308 162 235 287 418 127
 143 688 110 387  20 517 410 422 174 296 493 331 328 207 332  31 107 444
 274 666 658 148 254 124 284 710  92   5 414 145 563 616 612  77 396 722
 300 492 112 553 548 638 215   2 507 660 375 119 141 392  73   3 673 425
 676 190 311 191 337 728 659 529 524 702 622 505  55 228  32 104 654 199
 734 163 322 109  62 205 369 103 303 561 330 536 353 687 613 454 159 595
 735 453 732  76  25 776 269 391 590  10 760 232  51  93  36 196 120 316
 152 327 491  65 707 195 703 273 537 305 779 105 749 602 620 184 363 494
 598 473 114 731 102 132 266 325 297  27 743 460 204 208  49 158 482 319
 407 187  71 358 753 200 237  35 385 419  86 534 516 443 383 272 136  91
 457 752 381 400 606 589 292 202 615 341 253 557 531 153 675 106 378 644
 186 646 691 686 355  30 618 661 556  97 715 234 716 693 349 409 432 543
 175 636 156 373 420  45  17 220 306 540 436  99 326 230 278  40 197 712
 499 219 695 497 458 242 751 404 309 193 170 496 245 421 217 723 772 467
 542 348 474  79 736 398 440  57 255 645 627 289 465 763  68 489 216  95
 755 585 423 694 371 610 180 614 246 412 623 113 609  44 761 767 169 740
 564  47 429 522 198 726 487 318 417 762 140 390 350 594 780  72 294 773
   8 546 756 179 495 547 439 750 571 544 424 683 223 389 288 721 637  15
 748 295 672 741 566 426 758 312 479 696 502 541  37 652 625 770 577 521
 530 240 271 265 729 519 533 745 279]
Final time: 26.6216390133s - Best: 3383630-[778 767 758 756 757 764 759 744 735 734 717 704 705 689 684 679 659 643
 640 633 626 611 589 568 560 538 539 546 530 517 518 512 514 499 490 482
 476 466 468 469 463 475 486 496 495 493 504 506 520 534 535 540 541 557
 564 569 576 583 590 599 600 613 632 629 635 621 608 602 586 563 562 565
 577 587 598 612 618 616 606 620 627 648 656 680 690 691 712 706 683 668
 665 650 645 652 653 661 672 707 715 701 723 741 755 751 750 727 714 702
 695 693 669 675 673 667 666 646 636 615 605 592 591 581 566 573 549 537
 545 548 544 531 543 536 527 524 519 513 492 488 479 473 458 445 431 414
 413 399 401 415 433 436 447 440 434 430 418 416 417 410 390 409 408 407
 392 376 369 349 346 344 332 320 321 329 335 325 317 311 294 310 302 291
 280 289 299 306 292 305 290 285 298 322 338 345 352 364 370 388 391 404
 421 432 425 429 423 448 455 472 459 454 462 485 491 507 511 516 533 529
 550 553 561 578 597 596 593 585 579 567 575 559 547 532 525 510 481 483
 465 457 451 452 442 424 406 400 389 386 381 365 357 343 334 326 318 316
 293 277 272 273 248 247 230 226 221 203 201 207 197 199 205 216 224 211
 210 208 218 209 200 212 225 220 227 228 243 259 262 270 271 251 244 240
 219 202 190 188 196 187 182 158 143 149 164 163 156 168 162 175 178 160
 151 142 136 132 115 111 107 104 101  76  73  88  94  97  75  82  93 106
 110 135 150 155 161 152 159 154 146 138 122 116 109  96  99  79  69  80
  66  40  44  56  51  55  48  36  24  14   0  16  22   1   6  17  45  64
  46  52  57  32  11   8   9   2   4  28  38  47  63  70  58  60  49  61
  71  91 102  81  85  67  84  98 117 125 120 123 128 129 140 131 130 118
 112 103  89  77  68  50  41  53  34  30  35  29  18   7  19  21  13  31
  15  20  25  26  23  27  33   3  10  12  37  42  59  43  54  90  95  72
  65  74  86  83  78 100 105 108 113 121 133 134 148 141 147 144 157 165
 177 191 173 167 169 176 180 193 213 222 246 260 278 283 297 308 295 303
 296 263 264 279 284 314 313 328 340 354 356 366 393 405 403 412 443 461
 460 478 480 502 503 515 522 554 582 584 601 594 607 619 622 624 634 642
 662 655 657 676 681 686 716 713 710 711 728 743 752 766 770 774 782 781
 763 780 779 769 762 745 740 722 729 730 726 749 748 761 765 773 772 776
 753 754 747 739 725 720 709 699 700 688 630 638 641 631 628 614 603 580
 572 571 558 552 542 526 521 523 508 501 497 477 467 453 446 439 426 450
 441 427 420 398 395 373 368 378 377 397 411 402 387 384 382 380 385 379
 374 359 353 350 347 339 363 372 367 348 360 361 341 330 333 323 319 336
 337 309 307 287 282 281 300 286 274 261 256 236 250 252 268 249 232 231
 239 258 257 267 266 255 242 223 186 183 195 194 174 171 179 185 204 215
 214 234 241 235 238 229 245 254 275 276 269 265 288 304 312 301 327 342
 355 358 351 362 383 394 422 428 435 444 471 498 595 610 625 623 637 639
 664 671 682 696 703 724 733 737 768 777 771 760 746 708 687 677 670 678
 658 651 647 644 654 674 697 721 731 742 738 732 736 718 719 698 694 685
 692 663 649 617 609 604 588 570 574 555 556 551 528 500 494 505 484 437
 396 375 331 324 315 371 419 456 438 449 464 474 487 509 489 470 253 233
 237 217 198 192 170 206 166 153 172 181 189 137 127 139 119 126 114  87
 124 145 184  62  92   5  39 775 660]
Value - initial: 69294390, final: 3383630, improveup: 20.4793047703

data-line;i;69294390;f;3383630;t;26.6216390133;c;-2;fv;[3383630L];cv;-1;imp;20.4793047703;type;rvnd;inum;6;w;1

time;26.6216390133;man_time;0;neigh_time;0
man_time;0;man_merge_sol;0;man_best_sol;0;man_combine_sol;0

Waiting [0]
Terminating workers True 0 0
MPI TERMINATING
