pydf_home: /home/rodolfo/git/Sucuri
simple_pycuda_home: /home/rodolfo/git/simple-pycuda
wamca2016path: /home/rodolfo/git/wamca2016/
localpath: /home/rodolfo/git/dvnd-df/code/dvnd-df/src/
WAMCAPATH:/home/rodolfo/git/wamca2016/
param: {solution_index:4, solution_instance_index:25, multi_gpu:True, goal:False, problem_name:ml, number_of_moves:10, device_count:2, solver:rvnd, mpi_enabled:True, workers:1}
Using already created file:  wamca2016lib.so
Size: 501 - file name: 05_TRP-S500-R1.tsp

Value - initial: 32436192-[137 296  14  20 285 293 352 309   6  80  33 171 425 266 407 496 235 233
 259 321 462  49 482 164 428  58 436  28 354 351 357 267 251 453 295 377
 488 350 211 376 368 385  26 405  43 269 325 315 300  30 208 420 494  22
  23 114 280   2 231 131 408 168 215 476 286  86 119 117 412  10  96 473
  72 167 398 397 201 319 384 109 400 306 108 449  87 467 165 206 406 144
 341 166 490 258 438 486 105 214 422 234 498 118 278 481 268 303 162 346
 139 310 125 348 113 244  39 180 382 217  44   9  67 417 366   1 146 127
 443  99 275 115 103 229 332  45 404 188 106 135 327 463  68  36  66 302
 353 191 124  81 104  15  60 221 390 151 203 230 313 186 133 289 255 336
 228 190  41 177  46 283 416 433 371  35  76 344 318 277 399 456 379  83
 393 331 187 452 265 487 345  98 429 465 245 324 401 264  89 364  24 314
 260 243 212 241 224 129  74 121 474 148 447 333  17 419  53  84 358 492
 136 485 349 207 197 147 367 460 479 317  97 423 193  19 337 471 140 500
  71 155 432  63 478 194 175 130 276 495  79  52 402 178 342  34 161 329
  82 134  50 335  94 445  42 360 484 316 370 380 154 391 172 444 226 369
  18   7 261  32 413 122 170 415  38 138 435 220   4 176 410 123 198 328
 202 421 381 411  75  21 372 279 308 272 446 174  54 455  27 287 434 441
 356 403 284 189 159 491 250 246 107 469   0 475 439 270 340 334 326 236
  73 152 257 312 112 298  13 347 464 459 210 128 237 322 150 204  48   5
 448 274 365 301  40 294 110 466 375 227 196 254 458 330 426 427 480 414
 253 132 299  37 205 141 338  56 240  64 297 192 437 247 142 359  70 304
 383  91  85 222 209 355 242  69 431 470 248  11 111 362 430 461 181 320
 238  61 311 396 392 386 323 389 183 499  88 374 163 292 185 219 160 472
 477  31 101 307 373 361 387 179 290  95 100 126  90 239 145 450 339 169
 116  62 153 291 454 282 213 102 483 263   3 451 394 157 149 252 305 173
 363 182 232 184  65 158 281  93  59  57 143  55  77 343  51 249 424 395
  25  47   8 120 497 218  92 418 156 271 493 409 216 223 195 388 199  16
  12 262  29 288  78 200 468 225 440 378 489 457 442 273 256] - 32436192
Solver: RVND, number of workers: 1
Setting feeder affinity
I am the master. There are 1 mpi processes. (hostname = gpu01)
Roots [<pyDF.nodes.Feeder object at 0x7fb13d4faad0>]
Starting 0
Main loop
I am worker 0
GPU0
set random seed!
Initial: 32436192-[137 296  14  20 285 293 352 309   6  80  33 171 425 266 407 496 235 233
 259 321 462  49 482 164 428  58 436  28 354 351 357 267 251 453 295 377
 488 350 211 376 368 385  26 405  43 269 325 315 300  30 208 420 494  22
  23 114 280   2 231 131 408 168 215 476 286  86 119 117 412  10  96 473
  72 167 398 397 201 319 384 109 400 306 108 449  87 467 165 206 406 144
 341 166 490 258 438 486 105 214 422 234 498 118 278 481 268 303 162 346
 139 310 125 348 113 244  39 180 382 217  44   9  67 417 366   1 146 127
 443  99 275 115 103 229 332  45 404 188 106 135 327 463  68  36  66 302
 353 191 124  81 104  15  60 221 390 151 203 230 313 186 133 289 255 336
 228 190  41 177  46 283 416 433 371  35  76 344 318 277 399 456 379  83
 393 331 187 452 265 487 345  98 429 465 245 324 401 264  89 364  24 314
 260 243 212 241 224 129  74 121 474 148 447 333  17 419  53  84 358 492
 136 485 349 207 197 147 367 460 479 317  97 423 193  19 337 471 140 500
  71 155 432  63 478 194 175 130 276 495  79  52 402 178 342  34 161 329
  82 134  50 335  94 445  42 360 484 316 370 380 154 391 172 444 226 369
  18   7 261  32 413 122 170 415  38 138 435 220   4 176 410 123 198 328
 202 421 381 411  75  21 372 279 308 272 446 174  54 455  27 287 434 441
 356 403 284 189 159 491 250 246 107 469   0 475 439 270 340 334 326 236
  73 152 257 312 112 298  13 347 464 459 210 128 237 322 150 204  48   5
 448 274 365 301  40 294 110 466 375 227 196 254 458 330 426 427 480 414
 253 132 299  37 205 141 338  56 240  64 297 192 437 247 142 359  70 304
 383  91  85 222 209 355 242  69 431 470 248  11 111 362 430 461 181 320
 238  61 311 396 392 386 323 389 183 499  88 374 163 292 185 219 160 472
 477  31 101 307 373 361 387 179 290  95 100 126  90 239 145 450 339 169
 116  62 153 291 454 282 213 102 483 263   3 451 394 157 149 252 305 173
 363 182 232 184  65 158 281  93  59  57 143  55  77 343  51 249 424 395
  25  47   8 120 497 218  92 418 156 271 493 409 216 223 195 388 199  16
  12 262  29 288  78 200 468 225 440 378 489 457 442 273 256]
Final time: 5.59477806091s - Best: 2054515-[137 478 317 280 296 489 229 270   0  18 452 235 303 344 116 179 373  44
 330 301 380 208 216 451 233 211  94 332 479 460 102 152 215 447 411  16
 403 160 439 129 239 226 204 109  89  12 275  70 387 279 349 251 140 453
  42 163 285 309 185  55 196 372 328 297 263 313 104 272 139 376 192 224
 149   8 282 171 444 217  84  80 469  41  32  48 113 169 121 198 287 353
 321 258 106 135 164 360 461 241 495 184 154 230 468 422 437 361  56 493
 429 397 498 173 315 424 442 465  24 462 283  11 314 401 127 482 474 446
 244  37 289 188 267 476  85 110 398 125 214 483 331 240 103 132 359 408
 427  74 183 180 357 252  40 206  58 406 433 343 219 118 261 499 319 383
  28 182  45 347  60 324 162 311 450 369 377 488   2 168  92 170  50  26
 189 425 115 471 316 350 415 458 432 269 191 407 156 294  20  54 128 410
 175 385 138  96  15 440  65 366  49 148 477 322 120 218 494 430 288 255
 190  95 448 485 141 354 207 365 487  25 475  90 187 473 412  79  14 484
 391 312 161  75 333 227 250 298 245 274 370 388  68 308  72 212 302 268
 336 386 395 262  73 417  78 166  98  46 257 186 363 334 151 108 405 147
 392 455 435 165 291 443 340 260 428 355 145 454   9 130 456 371  34 234
 242 500 194  13 379  35 124 368  10 378 318 497 176 409   1  17 114 384
 300 480  67 325 496 421 221 420 266  62 362  81  87 210 326 277 352 423
 399 374 323 327 320 310 390  61  86 413  21 278 202 299 292  63 271  53
 107 153 400  23 342 249 256 375 231 472 199 122 134 449 338 295 131 247
 228 159 225 441 491  27 101 490 264 220 259 143  64 418  47  29 389 209
  77 396 100 414 341 337 286 213 172 335 200 470 136  33 351 305 481 117
 167 393   3 273 434  36 119 459 178   4 223 284 329 402 253 404  57 367
 254 157 201 467  97 237 304 306 293  52 248   6 438 457 381 238 265  69
 290  99  93 203 281 466 155 307  43 123  91 276 463 486  83  59 339 445
   7 111  39 246   5 356 236 142 112 193  88 419 382 431 181 358 416 345
  82  76 346 394 195 436  38 146 174 232 364  71 464 158 150 222 348  19
 243 492 133 126 426 205  51 197  31 105 144  22  66  30 177]
Value - initial: 32436192, final: 2054515, improveup: 15.7877611018

data-line;i;32436192;f;2054515;t;5.59477806091;c;-2;fv;[2054515L];cv;-1;imp;15.7877611018;type;rvnd;inum;4;w;1

time;5.59477806091;man_time;0;neigh_time;0
man_time;0;man_merge_sol;0;man_best_sol;0;man_combine_sol;0

Waiting [0]
Terminating workers True 0 0
MPI TERMINATING
