pydf_home: /home/rodolfo/git/Sucuri
simple_pycuda_home: /home/rodolfo/git/simple-pycuda
wamca2016path: /home/rodolfo/git/wamca2016/
localpath: /home/rodolfo/git/dvnd-df/code/dvnd-df/src/
WAMCAPATH:/home/rodolfo/git/wamca2016/
param: {solution_index:0, solution_instance_index:41, multi_gpu:True, goal:False, problem_name:ml, number_of_moves:10, device_count:2, solver:rvnd, mpi_enabled:True, workers:1}
Using already created file:  wamca2016lib.so
Size: 52 - file name: 01_berlin52.tsp

Value - initial: 735660-[44 30 20 16 46 48 11 31 24  2 50 33 42 49 17  7 10 23 34 36 26 51 38 14 32
  9 22 28 40 18  6 29 45  1 19 43 39 21 13 35 25 12  0 37 27  3 41 15  8 47
  4  5] - 735660
Solver: RVND, number of workers: 1
Setting feeder affinity
I am the master. There are 1 mpi processes. (hostname = gpu01)
Roots [<pyDF.nodes.Feeder object at 0x7f7318241ad0>]
Starting 0
Main loop
I am worker 0
GPU0
set random seed!
Initial: 735660-[44 30 20 16 46 48 11 31 24  2 50 33 42 49 17  7 10 23 34 36 26 51 38 14 32
  9 22 28 40 18  6 29 45  1 19 43 39 21 13 35 25 12  0 37 27  3 41 15  8 47
  4  5]
Final time: 1.65395879745s - Best: 150245-[44 31 21  0 48 35 34 33 43 45 36 38 39 37 47 23  4 14  5 24  3 42  9  7 40
 18  2 17 30 20 41  6  1 29 22 19 49 15 28 46 25 27 26 12 13 51 10 50 11 32
 16  8]
Value - initial: 735660, final: 150245, improveup: 4.89640254251

data-line;i;735660;f;150245;t;1.65395879745;c;-2;fv;[150245L];cv;-1;imp;4.89640254251;type;rvnd;inum;0;w;1

time;1.65395879745;man_time;0;neigh_time;0
man_time;0;man_merge_sol;0;man_best_sol;0;man_combine_sol;0

Waiting [0]
Terminating workers True 0 0
MPI TERMINATING
