pydf_home: /home/rodolfo/git/Sucuri
simple_pycuda_home: /home/rodolfo/git/simple-pycuda
wamca2016path: /home/rodolfo/git/wamca2016/
localpath: /home/rodolfo/git/dvnd-df/code/dvnd-df/src/
WAMCAPATH:/home/rodolfo/git/wamca2016/
param: {solution_index:1, solution_instance_index:41, multi_gpu:True, goal:False, problem_name:ml, number_of_moves:10, device_count:2, solver:rvnd, mpi_enabled:True, workers:1}
Using already created file:  wamca2016lib.so
Size: 100 - file name: 02_kroD100.tsp

Value - initial: 7166119-[32 85 63 46 37 18 90 76 66  2 23 12 83 70 91 27 92 21 75 98 10 81  3 61 58
 67  4 56 41  5 54 47 94 95 57 40 42 51 89 65 60  7 73 15 74 34 55 82 22 79
 86 49 71 84 26 36 20 72 14 29 52 80 11 39  8 68 44 96 69 87 48 33 77 45 50
 43 30 19 53  1 17 88 97 35 78  9 62 16 64 24 25 93 99 38  0 31 28 13 59  6] - 7166119
Solver: RVND, number of workers: 1
Setting feeder affinity
I am the master. There are 1 mpi processes. (hostname = gpu01)
Roots [<pyDF.nodes.Feeder object at 0x7fad5c6a2ad0>]
Starting 0
Main loop
I am worker 0
GPU0
set random seed!
Initial: 7166119-[32 85 63 46 37 18 90 76 66  2 23 12 83 70 91 27 92 21 75 98 10 81  3 61 58
 67  4 56 41  5 54 47 94 95 57 40 42 51 89 65 60  7 73 15 74 34 55 82 22 79
 86 49 71 84 26 36 20 72 14 29 52 80 11 39  8 68 44 96 69 87 48 33 77 45 50
 43 30 19 53  1 17 88 97 35 78  9 62 16 64 24 25 93 99 38  0 31 28 13 59  6]
Final time: 0.803080797195s - Best: 1034534-[32 67 13 44 98 77 30 56 71 79 75 60 73 74 66 35 28 57 21 69 48 97 96 31 93
 16 89 10 88 41 22  7 51 65 37 80 33 49  0 12 78 87 26 23 40 83 14 72 38 90
 53 62 15 76 42 70  3 92 43 63 84 58  5 39 82  2  4 52 59 61 36 18 50 34 29
 99  1 47 91 86 25 54  8 19 24  9 94 55 20 46 27 11 81 17 95 85 64 68 45  6]
Value - initial: 7166119, final: 1034534, improveup: 6.92690525396

data-line;i;7166119;f;1034534;t;0.803080797195;c;-2;fv;[1034534L];cv;-1;imp;6.92690525396;type;rvnd;inum;1;w;1

time;0.803080797195;man_time;0;neigh_time;0
man_time;0;man_merge_sol;0;man_best_sol;0;man_combine_sol;0

Waiting [0]
Terminating workers True 0 0
MPI TERMINATING
