pydf_home: /home/rodolfo/git/Sucuri
simple_pycuda_home: /home/rodolfo/git/simple-pycuda
wamca2016path: /home/rodolfo/git/wamca2016/
localpath: /home/rodolfo/git/dvnd-df/code/dvnd-df/src/
WAMCAPATH:/home/rodolfo/git/wamca2016/
param: {solution_index:4, solution_instance_index:54, multi_gpu:True, goal:False, problem_name:ml, number_of_moves:10, device_count:2, solver:rvnd, mpi_enabled:True, workers:1}
Using already created file:  wamca2016lib.so
Size: 501 - file name: 05_TRP-S500-R1.tsp

Value - initial: 32221014-[301 190 248  45 324 262  76 267 446 274 106 191 476 473 120 188 420 408
 117 173 291 480 367 268 253 235 276   5 261  35  86 375 113 155 366 145
 140 152 204 286 402 184 210  88  75 300 211 449 215 399 489 227 275 321
 390 358  20 180 114 118 307  47 479 418  29 319 410  92 222 288 323 285
  59 306 428 142 178 238 453 226  21 379  19 451 342 129 478 352   9 252
 465 364 174 335  37 456 485 305 440  40 425 368 177 176 471 224  97 387
 243 233  60 493 430 457 455 355 413 110 149 123 496 459 257 157 447 255
  79  77 297 295 405 304 340 290 356  50 439 343  89 282 111  63 299 361
 303 242 202 359 378 264  22 395 119 228 334  11 404 181 308 372 156 171
 214  26 263 245 475  34 382 121 460 135 232 311 182  98   8 403 150  10
 201 329 141 434 388 338 127 448 470  87 136 130 122 341 461 234 254  13
 350 231 397  99 132 309 163 354 271  25 108 298 450 318 391 330 467  71
 259 462 377  67  39 466 332  90  73 175 339  68  30 162 347 345 138   0
 492 207  16  52 146 125 438 488  56  17 481 186 490 396  66 435 422 412
 280 349 497  69 409 426 313 406 139  14 484 362  43  42  32 229 167 331
 225  54  18 315 236 289 320 312 370 376 333 205 499 310  94 103  72 189
 498 199 432 269  81 246 223   3 445 380 198 203 292 381 159   6 419  24
 477  57 148 143  49 416 348 284 322 283 124 131 427 494 444 216 221 472
 441 208 112 326   1 172 105 374 230 401 256 107 147  80  33 239 193  31
 104 294 251 179 353 423  27 187 206 351 192 250 385 277 154 500 134 327
 371 128 102 137 166 468  36 213 369 469  12 194 360   2  15 442  51   4
 344 386  95 100 126 417 273  55 454 168 281 241  41 218 486 491  65 158
 115  48 278 265  46 383 424 133 209 414 153 220 463 317 389  84 429 164
 458 365 328 240 270 287  78 474  64 384 398 433 357 247  85  70  61 296
 400 197  23   7 431 363 452 195 183 436  53 483 407 161  58  91 415  38
 373 244 394 169 316 279 170 237 325 116 212 185 293 196 219 337  44 266
 151  83  62 346  93 392 258 160 109 336 314 437  74 101 443 393 260 144
 217 272 200 464 495  28 487 411 302  82 482 249 421  96 165] - 32221014
Solver: RVND, number of workers: 1
Setting feeder affinity
I am the master. There are 1 mpi processes. (hostname = gpu01)
Roots [<pyDF.nodes.Feeder object at 0x7ff4dce0ead0>]
Starting 0
Main loop
I am worker 0
GPU0
set random seed!
Initial: 32221014-[301 190 248  45 324 262  76 267 446 274 106 191 476 473 120 188 420 408
 117 173 291 480 367 268 253 235 276   5 261  35  86 375 113 155 366 145
 140 152 204 286 402 184 210  88  75 300 211 449 215 399 489 227 275 321
 390 358  20 180 114 118 307  47 479 418  29 319 410  92 222 288 323 285
  59 306 428 142 178 238 453 226  21 379  19 451 342 129 478 352   9 252
 465 364 174 335  37 456 485 305 440  40 425 368 177 176 471 224  97 387
 243 233  60 493 430 457 455 355 413 110 149 123 496 459 257 157 447 255
  79  77 297 295 405 304 340 290 356  50 439 343  89 282 111  63 299 361
 303 242 202 359 378 264  22 395 119 228 334  11 404 181 308 372 156 171
 214  26 263 245 475  34 382 121 460 135 232 311 182  98   8 403 150  10
 201 329 141 434 388 338 127 448 470  87 136 130 122 341 461 234 254  13
 350 231 397  99 132 309 163 354 271  25 108 298 450 318 391 330 467  71
 259 462 377  67  39 466 332  90  73 175 339  68  30 162 347 345 138   0
 492 207  16  52 146 125 438 488  56  17 481 186 490 396  66 435 422 412
 280 349 497  69 409 426 313 406 139  14 484 362  43  42  32 229 167 331
 225  54  18 315 236 289 320 312 370 376 333 205 499 310  94 103  72 189
 498 199 432 269  81 246 223   3 445 380 198 203 292 381 159   6 419  24
 477  57 148 143  49 416 348 284 322 283 124 131 427 494 444 216 221 472
 441 208 112 326   1 172 105 374 230 401 256 107 147  80  33 239 193  31
 104 294 251 179 353 423  27 187 206 351 192 250 385 277 154 500 134 327
 371 128 102 137 166 468  36 213 369 469  12 194 360   2  15 442  51   4
 344 386  95 100 126 417 273  55 454 168 281 241  41 218 486 491  65 158
 115  48 278 265  46 383 424 133 209 414 153 220 463 317 389  84 429 164
 458 365 328 240 270 287  78 474  64 384 398 433 357 247  85  70  61 296
 400 197  23   7 431 363 452 195 183 436  53 483 407 161  58  91 415  38
 373 244 394 169 316 279 170 237 325 116 212 185 293 196 219 337  44 266
 151  83  62 346  93 392 258 160 109 336 314 437  74 101 443 393 260 144
 217 272 200 464 495  28 487 411 302  82 482 249 421  96 165]
Final time: 4.19470500946s - Best: 2002669-[301 330  44 373 179 116 344 303 235 452  18   0 150 271  63 153 400  23
 107  53 222 342 249 231 375 256 127 314 401  24 465 456 371  34 476 267
 188 289  37 130 446 474 244 441 491  27 101 490 264 220 110 398 125 259
 143 418  64 214 483 331 105  10 378 240 103 132 359 408 427  74 183  47
  29 389 209  77 396 100 118 261 319 383  28 182  45 347  60 324 162 311
 450 369 377 488   2 168 170  50  26 189 425 247 131 295 338 415 350 449
 458 407 269 191  57 367 254 475  25 487 365 207 485 141 448 190 255  95
 354  90 187 473 412  79  14 484 391 161 312 426 205 126 250 227  75 333
 388  68 308  72 212 302 293  52 248   6 438  16 447 411 403 160 439 129
 239 226 457 381 238 265  69 281 203  99  93 307 155 466  89  12 275  70
 387 279 349 251 140 453  42 163 285  43 185  55 309 372 196 328 297 263
 313 104 292 299 202 278  21 413  86 376 139 272 192 224 149   8 282 171
 276 321 258 106 135 164 360 310 390  61 296 489 229 270 478 348  19 243
 233 211 451 216 380 208 109 204 215 152 102 460 479  94 332 386 336 268
 370 274 245 298 133 492 363 186 257  46 145 355 428 454 482   9 472 199
 122  51 316 115 471 228 159 197  85  31  35 379  13 194 500 242 234 442
 462  11 283 424 315 173 399 423 361  56 429 397 498 493 461 241 495 184
 154 287 353 198 121 169 113  48 463  80  84 217  32 469  41 486  83  59
 339 445   7 111  39 246   5 356 236 142 112 193  88 232 174 146  38 436
 382 419 431 181  82 358 416 345 221 421 496 325  67  81 362  62 420 266
  76 394 195 364  71 464 158 230 468 346 422 437 326  87 210 352 277 124
 368 497 318 409 176 480 300 384 114  17   1 144  40 252 357 206  58 406
 433 343 219 414 341 337 286 213 172 335 200 470 136  33 351 305 481 117
 167 393   3 273 434  36 119 459 178   4 223  30 175 385 138 410 128  54
  20 294 402 156 253 404 157 201 177  96  15 440  65 366  49 148 477 322
 120 218 494 430 467 392 147 405 455 435 165 291 432 134 443 340 260 108
 151 334  98 166 327 323 374 320 444  91 123 280 317 137  78 417  73 262
 395 306 304 237  97 288 329 284  92  66 499  22 180 225 290]
Value - initial: 32221014, final: 2002669, improveup: 16.0890361812

data-line;i;32221014;f;2002669;t;4.19470500946;c;-2;fv;[2002669L];cv;-1;imp;16.0890361812;type;rvnd;inum;4;w;1

time;4.19470500946;man_time;0;neigh_time;0
man_time;0;man_merge_sol;0;man_best_sol;0;man_combine_sol;0

Waiting [0]
Terminating workers True 0 0
MPI TERMINATING
