pydf_home: /home/rodolfo/git/Sucuri
simple_pycuda_home: /home/rodolfo/git/simple-pycuda
wamca2016path: /home/rodolfo/git/wamca2016/
localpath: /home/rodolfo/git/dvnd-df/code/dvnd-df/src/
WAMCAPATH:/home/rodolfo/git/wamca2016/
param: {solution_index:0, solution_instance_index:77, multi_gpu:True, goal:False, problem_name:ml, number_of_moves:10, device_count:2, solver:rvnd, mpi_enabled:True, workers:1}
Using already created file:  wamca2016lib.so
Size: 52 - file name: 01_berlin52.tsp

Value - initial: 726793-[50  8 23  9 11 31 20 24 36 34 32 44 39  4 15 41  3 12 26  5 10 27 25 49 21
 40 46  2 47 22 14 13 48 42 19 16  0 38 51 35 18 29  1 28 45 33 43 17  6  7
 37 30] - 726793
Solver: RVND, number of workers: 1
Setting feeder affinity
I am the master. There are 1 mpi processes. (hostname = gpu01)
Roots [<pyDF.nodes.Feeder object at 0x7f7765c03ad0>]
Starting 0
Main loop
I am worker 0
GPU0
set random seed!
Initial: 726793-[50  8 23  9 11 31 20 24 36 34 32 44 39  4 15 41  3 12 26  5 10 27 25 49 21
 40 46  2 47 22 14 13 48 42 19 16  0 38 51 35 18 29  1 28 45 33 43 17  6  7
 37 30]
Final time: 1.40892291069s - Best: 152448-[50 11 24  3  5 14  4 23 47 37 36 39 38 35 34 33 43 45 15 49 19 22 21  0 48
 31 17 20 29 41  1  6 16  2 44 18 40  7  8  9 42 27 26 25 46 12 13 51 10 32
 28 30]
Value - initial: 726793, final: 152448, improveup: 4.7674813707

data-line;i;726793;f;152448;t;1.40892291069;c;-2;fv;[152448L];cv;-1;imp;4.7674813707;type;rvnd;inum;0;w;1

time;1.40892291069;man_time;0;neigh_time;0
man_time;0;man_merge_sol;0;man_best_sol;0;man_combine_sol;0

Waiting [0]
Terminating workers True 0 0
MPI TERMINATING
