pydf_home: /home/rodolfo/git/Sucuri
simple_pycuda_home: /home/rodolfo/git/simple-pycuda
wamca2016path: /home/rodolfo/git/wamca2016/
localpath: /home/rodolfo/git/dvnd-df/code/dvnd-df/src/
WAMCAPATH:/home/rodolfo/git/wamca2016/
param: {solution_index:3, solution_instance_index:81, multi_gpu:True, goal:False, problem_name:ml, number_of_moves:10, device_count:2, solver:rvnd, mpi_enabled:True, workers:1}
Using already created file:  wamca2016lib.so
Size: 318 - file name: 04_lin318.tsp

Value - initial: 92236362-[173 162 294 258 126  36  82 204  65 271 115 168 290   3 298 120 260  29
 303 122 266 281 267 100 208 154 128 139 144 287  45 159 214 252 156 149
  73 251 316 193 246 279 291 275 313  53 296 253 262  35 136  96 195  62
 312 213   7 130 196 201  59 114 117 228  32  49 277 273  12  34 280  98
  84 227 127 292 113  86 211 242 254  31  97 180  63  17 248 269  41 112
  83  38  90 111  14 306  48  68 305 311  42 207  70  16 116 205   4 218
  89  66 257 315   2 223 200   9 224 186 152 297 282 245 118 125 129   5
 255 131  10  26 314  95 241 300  72  88 270 135 278  87  79 288 171 256
 285  11  91  58  22 198 261 174 189 293 138 268 150  99  27 187 191 219
 119 123  51  75 181 155 177 230 234   1 307 236 109  20 132 264  54  78
 216  46  44  67 103 210 259  81 244 179  77 283  76 108 175 163 148 225
 265 231 317 202 309 249 232 286 247 164 192   6 301   0  25 238 222 141
 176 170 221 137  24 143  94 243  57  64 190 308 289 295 169  43  60 101
 235  28 104 160 229 302  37  85 145  18 199 157 172 310 153 284  80 276
  19  71 220 304 274 203 167 147  33  30 209  50 263 106 107 151 166 105
 134  56 299 140  93 161 133 183 142  21   8 237 158  39  40 178  15  74
 194 233  13 212 188 217  23  61 182  47 272 102 184  69 206 124 185 250
 215  52 226 239 165 110  55 240 197  92 121 146] - 92236362
Solver: RVND, number of workers: 1
Setting feeder affinity
I am the master. There are 1 mpi processes. (hostname = gpu01)
Roots [<pyDF.nodes.Feeder object at 0x7fa1d2d45ad0>]
Starting 0
Main loop
I am worker 0
GPU0
set random seed!
Initial: 92236362-[173 162 294 258 126  36  82 204  65 271 115 168 290   3 298 120 260  29
 303 122 266 281 267 100 208 154 128 139 144 287  45 159 214 252 156 149
  73 251 316 193 246 279 291 275 313  53 296 253 262  35 136  96 195  62
 312 213   7 130 196 201  59 114 117 228  32  49 277 273  12  34 280  98
  84 227 127 292 113  86 211 242 254  31  97 180  63  17 248 269  41 112
  83  38  90 111  14 306  48  68 305 311  42 207  70  16 116 205   4 218
  89  66 257 315   2 223 200   9 224 186 152 297 282 245 118 125 129   5
 255 131  10  26 314  95 241 300  72  88 270 135 278  87  79 288 171 256
 285  11  91  58  22 198 261 174 189 293 138 268 150  99  27 187 191 219
 119 123  51  75 181 155 177 230 234   1 307 236 109  20 132 264  54  78
 216  46  44  67 103 210 259  81 244 179  77 283  76 108 175 163 148 225
 265 231 317 202 309 249 232 286 247 164 192   6 301   0  25 238 222 141
 176 170 221 137  24 143  94 243  57  64 190 308 289 295 169  43  60 101
 235  28 104 160 229 302  37  85 145  18 199 157 172 310 153 284  80 276
  19  71 220 304 274 203 167 147  33  30 209  50 263 106 107 151 166 105
 134  56 299 140  93 161 133 183 142  21   8 237 158  39  40 178  15  74
 194 233  13 212 188 217  23  61 182  47 272 102 184  69 206 124 185 250
 215  52 226 239 165 110  55 240 197  92 121 146]
Final time: 3.3517370224s - Best: 6554396-[173 174 178 179 185 184 180 177 176 181 183 188 189 187 186 182 175 172
 171  64  65  69  68  73  74  80  79  75  72  71  76  78  83  84  82  81
  77  70  67  66  63  61  62  57  52  51  56  53  50  46  43  45  42  40
  41  38  37  34  33 136 135 134 133 126 125 207 124 127 132 123 128 131
 140 141 139 138 241 240 239 238 231 230 224 312 229 232 237 228 233 236
 235 234 227 225 226 217 218 214 213 222 223 243 244 247 248 251 250 252
 255 261 262 267 253 256 260 263 266 314 273 276 277 280 287 291 292 191
 192 198 199 204 311 310 306 305 301 300 294 293 288 286 281 289 285 282
 278 283 284 290 298 299 307 308 304 303 296 297 279 272 271 268 265 264
 259 257 254 258 249 142 143 146 145 147 150 156 157 162 165 164 169 170
 167 166 161 158 155 151 148 149 152 154 159 160 153 144 208 137 130 129
 122 121 120 116 119 115 114 111 110 106 105   3   4  12  13  16  15  17
  24  25  26  23  18  27  22  19 102  14  20  21  28  29  30  31  32 103
  39  44  47  49  54  55 104  85  90  91  95  96 100 101  92  88  89  97
  98  94  93  99 206 205 201 200 196 195  87  86 197 202 203 194 193 190
 168 209 163  59  60  58 316 315  48  35  36  11  10   9   6   5   1   0
   2   7   8 107 112 113 118 117 220 219 216 215 109 108 211 210 212 221
 242 313 245 246 317 269 270 274 275 309 302 295]
Value - initial: 92236362, final: 6554396, improveup: 14.0724426782

data-line;i;92236362;f;6554396;t;3.3517370224;c;-2;fv;[6554396L];cv;-1;imp;14.0724426782;type;rvnd;inum;3;w;1

time;3.3517370224;man_time;0;neigh_time;0
man_time;0;man_merge_sol;0;man_best_sol;0;man_combine_sol;0

Waiting [0]
Terminating workers True 0 0
MPI TERMINATING
