pydf_home: /home/rodolfo/git/Sucuri
simple_pycuda_home: /home/rodolfo/git/simple-pycuda
wamca2016path: /home/rodolfo/git/wamca2016/
localpath: /home/rodolfo/git/dvnd-df/code/dvnd-df/src/
WAMCAPATH:/home/rodolfo/git/wamca2016/
param: {solution_index:3, solution_instance_index:73, multi_gpu:True, goal:False, problem_name:ml, number_of_moves:10, device_count:2, solver:rvnd, mpi_enabled:True, workers:1}
Using already created file:  wamca2016lib.so
Size: 318 - file name: 04_lin318.tsp

Value - initial: 94680876-[ 25 221 101 286   3 211 248 230   5 311  76 196 282 151  92  88  38 317
 125 142  31 312  42 242 310 216 280 301  46 244 305 229   1  66  80  65
  81 279  70 107 116 118   7 263 184 102  39  21 166 316 158 126 275 306
 300  44 250 254 224 186  37  72 237 177 255 274 264 258 268 147  90  89
  24 273  78 100 194 284 180 193 183 252 146 138 195 201  22 249 315 114
 283 140  58  35  18 290 199 212  52 197 220 235 298 108 233 133  93 130
  17  27 308  69  12 163   9 232 226  75 129 188 272 205 259 131 124 297
  99  13  77 214 265  98 103  19  82 173  51   0 144 178 161  79 245 289
 253  60  63 206 304  73 198 285  11 189 294  64  10 156 182 110 219 106
  94 223 246 170 313 113 266 171 132 281 143 128 260 271 243   8 228 295
 234 296 192  32 270 135 111 241 213  67 227 210  54 200 314  55 185 121
  43 168 287 105 303  57 153  96  26 123 288  40 247  23 236 149   6 307
 238 174 276 262  84  15 292 157 137 159 202 256 302 160  95 127  83  34
 204  14  62  86 203 145 154  47  97  50 117  59 190 231  68 181  45 309
 169 148  28 218  56 120 215  29 162 141 269 217 267  20  61 104 115 299
 150 119 122  53  48  33 277 251 152  71 109 208  41 165  85  87 155  16
 261 239 164 209   4 176 175  30 225 167  36 207   2 293 291 222  74 191
 134 179 139 136 257 172 278 112 187  91  49 240] - 94680876
Solver: RVND, number of workers: 1
Setting feeder affinity
I am the master. There are 1 mpi processes. (hostname = gpu01)
Roots [<pyDF.nodes.Feeder object at 0x7f0ccb0e7ad0>]
Starting 0
Main loop
I am worker 0
GPU0
set random seed!
Initial: 94680876-[ 25 221 101 286   3 211 248 230   5 311  76 196 282 151  92  88  38 317
 125 142  31 312  42 242 310 216 280 301  46 244 305 229   1  66  80  65
  81 279  70 107 116 118   7 263 184 102  39  21 166 316 158 126 275 306
 300  44 250 254 224 186  37  72 237 177 255 274 264 258 268 147  90  89
  24 273  78 100 194 284 180 193 183 252 146 138 195 201  22 249 315 114
 283 140  58  35  18 290 199 212  52 197 220 235 298 108 233 133  93 130
  17  27 308  69  12 163   9 232 226  75 129 188 272 205 259 131 124 297
  99  13  77 214 265  98 103  19  82 173  51   0 144 178 161  79 245 289
 253  60  63 206 304  73 198 285  11 189 294  64  10 156 182 110 219 106
  94 223 246 170 313 113 266 171 132 281 143 128 260 271 243   8 228 295
 234 296 192  32 270 135 111 241 213  67 227 210  54 200 314  55 185 121
  43 168 287 105 303  57 153  96  26 123 288  40 247  23 236 149   6 307
 238 174 276 262  84  15 292 157 137 159 202 256 302 160  95 127  83  34
 204  14  62  86 203 145 154  47  97  50 117  59 190 231  68 181  45 309
 169 148  28 218  56 120 215  29 162 141 269 217 267  20  61 104 115 299
 150 119 122  53  48  33 277 251 152  71 109 208  41 165  85  87 155  16
 261 239 164 209   4 176 175  30 225 167  36 207   2 293 291 222  74 191
 134 179 139 136 257 172 278 112 187  91  49 240]
Final time: 5.65048098564s - Best: 6404494-[ 25  24  26  23  18  15  17  16  13  12 114 115 119 207 125 126 133 136
 135 134 132 127 124 123 128 131 130 129 122 120 121 113 112 107 105 106
 110 111   3   4   8   7   2   0   1   5   6   9  10  14  20  21  28 102
  19  22  27  29  30  31  32  35  36  41  57  52  51  45  42  40 103  39
  48  49  47  44  43  46  50  53  56  54  55  58 104  63  66  67  70  77
  81  82  84  83  78  76  71  72  75  79  80  74  73  68  69  61  62  60
  59 163 160 159 154 152 149 148 151 155 156 150 147 145 146 143 142 139
 138 238 231 230 312 229 232 237 239 240 241 313 249 258 254 257 259 264
 265 263 260 256 253 250 251 252 255 261 262 267 266 314 268 164 165 162
 157 158 161 209 168 171 172 175 182 186 187 189 188 183 181 176 184 180
 177 173 174 178 179 185 193 194 202 203 199 198 204 311 310 306 305 301
 300 192 191 170 169 276 277 280 287 291 292 294 293 281 286 288 295 289
 285 282 273 271 272 279 278 283 284 290 299 298 302 307 308 309 304 303
 297 296 275 274 270 269 317 248 247 244 243 223 222 213 214 218 217 212
 221 228 233 236 225 226 227 234 235 246 245 242 224 220 219 216 215 211
 210 108 109 117 118 141 140 208 144 153 166 167 190 197 195 196 200 201
 205 206  99  93  94  98  97  92 101 100  96  95  91  90  85  88  89  87
  86  65  64  38  37  34  33 137 116  11 315 316]
Value - initial: 94680876, final: 6404494, improveup: 14.7835060818

data-line;i;94680876;f;6404494;t;5.65048098564;c;-2;fv;[6404494L];cv;-1;imp;14.7835060818;type;rvnd;inum;3;w;1

time;5.65048098564;man_time;0;neigh_time;0
man_time;0;man_merge_sol;0;man_best_sol;0;man_combine_sol;0

Waiting [0]
Terminating workers True 0 0
MPI TERMINATING
