pydf_home: /home/rodolfo/git/Sucuri
simple_pycuda_home: /home/rodolfo/git/simple-pycuda
wamca2016path: /home/rodolfo/git/wamca2016/
localpath: /home/rodolfo/git/dvnd-df/code/dvnd-df/src/
WAMCAPATH:/home/rodolfo/git/wamca2016/
param: {solution_index:4, solution_instance_index:13, multi_gpu:True, goal:False, problem_name:ml, number_of_moves:10, device_count:2, solver:rvnd, mpi_enabled:True, workers:1}
Using already created file:  wamca2016lib.so
Size: 501 - file name: 05_TRP-S500-R1.tsp

Value - initial: 32322257-[ 44 101  32  58 432 148 370  81 475 297  35 189   8 494 309 184 202 394
 285 129 280 179  76  71 328 171 464 152 141  14 218 136 327  73  42 224
   2   3 382 122 379 145 474  34   4 165 348  86 461 410 458 326  64 409
 174 448 154 172  93  51 414 376  25 463 153 248 169 260   7   9 282  61
 304 188 339  10 299 366 349 341 317 102 419 151  27 346 352 181  88 249
 310  65 482 351 442 263 292 251 407 500 274 268 207 216 212  41 321 362
 422 119 112 365 392  92  22 293 318 277 161  74 441 313 424 332  50 483
  96  11 364  75 110 473 303 298 426  98 138 213  29 160 210 146 200 195
 269  84 131 199  55 344 484  16 187 336 316 498 104 449 215 157 343 118
 147 489 476 452  18 156 272 446 100  53  59 324 256 397 115  52 109 166
  95 333 330 168 413  72 120  91 428 368 133 164 307 486 176  28 466 402
  77 373 395 389 117 173  19 163 294 191 228 278 443 286  30 134 284 363
 144 220 257 231  48  68 420 209 465 114 496  90 227 325 393 140  43 190
 347 103 377 271 438 124 460 338 337 106 488 490 175 361  13 375 211 177
 417 456 320 217 453 150 229 421 252 290 319 193 451 121 487 276 295 197
 479 135 400 287 219  62 266 127 355 214  69 387 240  79 205 132 236 221
  38 281 296 273 283 183 108  56 477 381 439 244 262 437  47 497 323 457
  97  46 398 291 450 480 312 149 469 383 415 380 159 186 311  31 371 270
  37 305 411 314 403 261 405  20 113 434 255 233 491   6 194  83 454 155
 232 416  80 406 374 427  82  26 308 425 230 322 329 360 158 485 331 357
 201  66 481 492  70 239 238 105 462 235 247 107  99 264 495 399  40 423
 279 116 242 429  24 139 385 185 143 126 396 401 436 254 386 241 493 130
  33 367 192 418 302  60 208 378  23 267  39 275 404  15 243 315 203  94
 412  85 180 288 170 478 258 300 359  67 253 206 354 340 390 246 225  36
  54 408 111 334   5 435 245 237 335 306  87 471 447 388  45 445 178 444
 123  49 234 391 182 467 440  89 259 433   1 222  63 125  21 198 358 342
 431 226 204 499 455 372 350 301 472 345 384 265  17 162 223  12  57 289
 430 353 356 470 167   0 196 468 142 369 137 128  78 250 459] - 32322257
Solver: RVND, number of workers: 1
Setting feeder affinity
I am the master. There are 1 mpi processes. (hostname = gpu01)
Roots [<pyDF.nodes.Feeder object at 0x7f520bb04ad0>]
Starting 0
Main loop
I am worker 0
GPU0
set random seed!
Initial: 32322257-[ 44 101  32  58 432 148 370  81 475 297  35 189   8 494 309 184 202 394
 285 129 280 179  76  71 328 171 464 152 141  14 218 136 327  73  42 224
   2   3 382 122 379 145 474  34   4 165 348  86 461 410 458 326  64 409
 174 448 154 172  93  51 414 376  25 463 153 248 169 260   7   9 282  61
 304 188 339  10 299 366 349 341 317 102 419 151  27 346 352 181  88 249
 310  65 482 351 442 263 292 251 407 500 274 268 207 216 212  41 321 362
 422 119 112 365 392  92  22 293 318 277 161  74 441 313 424 332  50 483
  96  11 364  75 110 473 303 298 426  98 138 213  29 160 210 146 200 195
 269  84 131 199  55 344 484  16 187 336 316 498 104 449 215 157 343 118
 147 489 476 452  18 156 272 446 100  53  59 324 256 397 115  52 109 166
  95 333 330 168 413  72 120  91 428 368 133 164 307 486 176  28 466 402
  77 373 395 389 117 173  19 163 294 191 228 278 443 286  30 134 284 363
 144 220 257 231  48  68 420 209 465 114 496  90 227 325 393 140  43 190
 347 103 377 271 438 124 460 338 337 106 488 490 175 361  13 375 211 177
 417 456 320 217 453 150 229 421 252 290 319 193 451 121 487 276 295 197
 479 135 400 287 219  62 266 127 355 214  69 387 240  79 205 132 236 221
  38 281 296 273 283 183 108  56 477 381 439 244 262 437  47 497 323 457
  97  46 398 291 450 480 312 149 469 383 415 380 159 186 311  31 371 270
  37 305 411 314 403 261 405  20 113 434 255 233 491   6 194  83 454 155
 232 416  80 406 374 427  82  26 308 425 230 322 329 360 158 485 331 357
 201  66 481 492  70 239 238 105 462 235 247 107  99 264 495 399  40 423
 279 116 242 429  24 139 385 185 143 126 396 401 436 254 386 241 493 130
  33 367 192 418 302  60 208 378  23 267  39 275 404  15 243 315 203  94
 412  85 180 288 170 478 258 300 359  67 253 206 354 340 390 246 225  36
  54 408 111 334   5 435 245 237 335 306  87 471 447 388  45 445 178 444
 123  49 234 391 182 467 440  89 259 433   1 222  63 125  21 198 358 342
 431 226 204 499 455 372 350 301 472 345 384 265  17 162 223  12  57 289
 430 353 356 470 167   0 196 468 142 369 137 128  78 250 459]
Final time: 5.92082381248s - Best: 2035068-[ 44 330 373 179 116 344 137 263 297 328 196 372 140 453 251 349 279 387
  70 275  12  89 109 204 215 447 411  16 403 160 439 129 239 226 457 381
 238 265  69 281 203  99  93 155 307  42 163 309 285  43 185  55 292 299
 202 278  21 413 123  91 444 171 282 276 217  84  80 469  41  32  48 113
 121 169 464  71 364 174 146  38 436 195 394  76 346 468 230 154 184  56
 495 241 461 493 429 498 397 360 310 390   8 149 224 192  86 376 139 272
 104 313 280 296 229 489 320 327 323 374 173 315 424 399 442 462  24 465
 456 371 289 188 267 476  34 234 242 500 194  13 379  35 124 277 352 326
 210  87  81 362  62 266 420 221 421 496 325  67 480 300 384 114  17   1
 144  40 206  58 406 343 433 100 396  77 209 389  29  47  64 418 143 259
 125 220 264 490 101  27 491 244  37 130 446 474 482 127 256 375 231 249
  46 257 186  98 166  78 417  73 243  19 301 380 208 216 451 233 211 479
 460 102  94 332 386 336 268 302 212  72 308  68 388 370 274 245 298 227
 250 126 205 426 312  75 333 161 391 484  14  79 412 473 187  90 475  25
 487 365 207 485 141 354  95 255 190 448 288 430 494 218 120 322 477 148
  49 366  65 440  15  96 177 201 467 157 404  57 254 367 191 269 407 156
 253 402 294  20  54 128 410 175  30 223   4 459 119  36 434 273 393 167
 117 481 305 351  33 319 383  28 182  45  60 347 450 311 324 162  66 189
  26  50 168   2 488 369 377 170  92 131 295 338 415 458 449 350 247 316
 115 471 228 159 197 110 398 214 483 331 105  31  85 441 225  51 199 472
 340 443 122 134 432 291 165 435 455 392 147 405 108 260 151 334 428 355
 145 454   9 401 314  11 283 400 153  23 107  53  63 271 150   0  18 452
 235 478 317 270  61 164 135 106 258 321 463 486  83   7 445 111  39 246
 193  88 112 142 236   5 356 339  59 198 353 287 158 232 382 419 431 181
  82 358 416 345 176 409 318 497  10 378 240 103 132 359 408 427  74 252
 357 219 414 341 337 286 213 172 335 200 470 136  22 261 118 499 180 183
 368 437 422 361 423 342 222 363 133 492 262 395 152 438   6 248  52 293
 306 304 237  97 138 385 329 284 178   3 425 348 303 466 290]
Value - initial: 32322257, final: 2035068, improveup: 15.8826422508

data-line;i;32322257;f;2035068;t;5.92082381248;c;-2;fv;[2035068L];cv;-1;imp;15.8826422508;type;rvnd;inum;4;w;1

time;5.92082381248;man_time;0;neigh_time;0
man_time;0;man_merge_sol;0;man_best_sol;0;man_combine_sol;0

Waiting [0]
Terminating workers True 0 0
MPI TERMINATING
