pydf_home: /home/rodolfo/git/Sucuri
simple_pycuda_home: /home/rodolfo/git/simple-pycuda
wamca2016path: /home/rodolfo/git/wamca2016/
localpath: /home/rodolfo/git/dvnd-df/code/dvnd-df/src/
WAMCAPATH:/home/rodolfo/git/wamca2016/
param: {solution_index:5, solution_instance_index:7, multi_gpu:True, goal:False, problem_name:ml, number_of_moves:10, device_count:2, solver:rvnd, mpi_enabled:True, workers:1}
Using already created file:  wamca2016lib.so
Size: 657 - file name: 06_d657.tsp

Value - initial: 278374189-[408 411 442 555 559 221 330 651 509 153   0 431  48 312  23 379  70  68
 164 324  97  77 270 612 234 162 262 212 200  73 127 134 163 503  59 604
 350 323 422 316 120 653 425 511 372 451 404 224 168 505  52 154  81 156
 382 231 205 352   9 259 617 584  19 386 276 454  82 307 253 170 145 331
 568 115  15 541 176  27 519 393 631 150  71 123 496 409 533 148 416 241
 121 207 586 549 206 172 547 650 444 384 336 638 322 151 474 625 341 282
  29  12 640 349 620 569 296 363 351 135 117 554 385 328 136  40 173 175
  95 344 499 539  46 500 202  50 149 551  24 401 281 365 263 398  90 319
 537 366 399  60 383 357 146 521 125 443 479 654 126 623 130 298 619 420
 183 535 548 246  79 501 414 482 643 514  51 403 470 394 227  49 562 518
 557 592 491 228 395 652   2 413 508 119 129 427  57  45 265 588 639 489
 428 599 359 187   8 558 419 286 630  44 490 560  30 190 608 197  94 402
  32 485 138 158  84 582 596 439 283 104 637 174 293 203 464 245 390 421
 333 563 400 497 516 457 529 315 354 616 252 297 364 327 310  74  16 578
 277  10 343 566 314 295 455 556 544 573  78 311 417  86 269  93 326 468
  99 335 632 636 475 525 225 194 218 606 424 524 214 456 462 346 230 448
  87 429 506 600 279 594   6 572 232 396 236 211 649 498 131 223 280  53
  28 466 285 577 553 181  22 356  18 166 440  17 100 137 469 513 338 105
 360 624 147 437 646 242 155 484 634 362  98 142  43 102  92 128 103  76
 387 195 292 334 167 132 655 626 337 215 388 389 373 268 251 580 114  96
 570 140 275 648 209 107 621 301 486 546 435 410 405 447 361 522 587 186
 101 255 585 196 284 552 371 321 254 597 445 257 358 247 449 446 157 656
 171 216 165 635 367 159  35 614 603  26 258 353 567  66 463 380  80 472
 589 243 106  75 303 378 502 434 272 527 645 111 266 611 198 118 590 607
 217 483 144  64 273 192 467 507 517 452 184 478  21 593 418 305 605 526
  11 591 426 613 375 177  91   3 122 477 542 220 492 304 233  47  62 602
 347 392 124 531 391 432  72 302 288  56 460 406 290 348 339 512 345  58
   7  38 317  65  55 550 368 534 289 248  31 642 438 300 291 609 199 576
  88 169 261 493   4 598 271  36 575 523 109 239 545 461 208 116 407 473
 210  14 647 219 249 294 374  85 540  34 610 538 574 193 318 627 495 471
 320 278 110 561 189  69 459 423 178 143 530 436 520 433 476 308 250  83
 332  54 355 152 235 244 370 313 532 161 581  61 397   1  37 628  42 450
 133 618 306 465 412 299 369 201 615 185  63 381 565 487 340 633 543 377
 504 222  13  41 342 141 494 204 453 376 274  25 430 112  20 182 641 108
 325 528 601 188 240 515 213 536 510 260 622  89 579 237 179 180 287 583
 267 629 480 264 309 441  67 415  39 226 329  33 191 256   5 481 571 229
 564 139 238 595 160 113 488 458 644] - 278374189
Solver: RVND, number of workers: 1
Setting feeder affinity
I am the master. There are 1 mpi processes. (hostname = gpu01)
Roots [<pyDF.nodes.Feeder object at 0x7fe9824c5ad0>]
Starting 0
Main loop
I am worker 0
GPU0
set random seed!
Initial: 278374189-[408 411 442 555 559 221 330 651 509 153   0 431  48 312  23 379  70  68
 164 324  97  77 270 612 234 162 262 212 200  73 127 134 163 503  59 604
 350 323 422 316 120 653 425 511 372 451 404 224 168 505  52 154  81 156
 382 231 205 352   9 259 617 584  19 386 276 454  82 307 253 170 145 331
 568 115  15 541 176  27 519 393 631 150  71 123 496 409 533 148 416 241
 121 207 586 549 206 172 547 650 444 384 336 638 322 151 474 625 341 282
  29  12 640 349 620 569 296 363 351 135 117 554 385 328 136  40 173 175
  95 344 499 539  46 500 202  50 149 551  24 401 281 365 263 398  90 319
 537 366 399  60 383 357 146 521 125 443 479 654 126 623 130 298 619 420
 183 535 548 246  79 501 414 482 643 514  51 403 470 394 227  49 562 518
 557 592 491 228 395 652   2 413 508 119 129 427  57  45 265 588 639 489
 428 599 359 187   8 558 419 286 630  44 490 560  30 190 608 197  94 402
  32 485 138 158  84 582 596 439 283 104 637 174 293 203 464 245 390 421
 333 563 400 497 516 457 529 315 354 616 252 297 364 327 310  74  16 578
 277  10 343 566 314 295 455 556 544 573  78 311 417  86 269  93 326 468
  99 335 632 636 475 525 225 194 218 606 424 524 214 456 462 346 230 448
  87 429 506 600 279 594   6 572 232 396 236 211 649 498 131 223 280  53
  28 466 285 577 553 181  22 356  18 166 440  17 100 137 469 513 338 105
 360 624 147 437 646 242 155 484 634 362  98 142  43 102  92 128 103  76
 387 195 292 334 167 132 655 626 337 215 388 389 373 268 251 580 114  96
 570 140 275 648 209 107 621 301 486 546 435 410 405 447 361 522 587 186
 101 255 585 196 284 552 371 321 254 597 445 257 358 247 449 446 157 656
 171 216 165 635 367 159  35 614 603  26 258 353 567  66 463 380  80 472
 589 243 106  75 303 378 502 434 272 527 645 111 266 611 198 118 590 607
 217 483 144  64 273 192 467 507 517 452 184 478  21 593 418 305 605 526
  11 591 426 613 375 177  91   3 122 477 542 220 492 304 233  47  62 602
 347 392 124 531 391 432  72 302 288  56 460 406 290 348 339 512 345  58
   7  38 317  65  55 550 368 534 289 248  31 642 438 300 291 609 199 576
  88 169 261 493   4 598 271  36 575 523 109 239 545 461 208 116 407 473
 210  14 647 219 249 294 374  85 540  34 610 538 574 193 318 627 495 471
 320 278 110 561 189  69 459 423 178 143 530 436 520 433 476 308 250  83
 332  54 355 152 235 244 370 313 532 161 581  61 397   1  37 628  42 450
 133 618 306 465 412 299 369 201 615 185  63 381 565 487 340 633 543 377
 504 222  13  41 342 141 494 204 453 376 274  25 430 112  20 182 641 108
 325 528 601 188 240 515 213 536 510 260 622  89 579 237 179 180 287 583
 267 629 480 264 309 441  67 415  39 226 329  33 191 256   5 481 571 229
 564 139 238 595 160 113 488 458 644]
Final time: 7.59990501404s - Best: 14764973-[408 622 620 618 617 616 615 337 356 355 360 381 383 380 375 367 382 411
 417 429 434 433 425 424 419 410 396 385 395 402 406 413 412 407 403 394
 384 379 376 374 368 357 351 358 365 386 377 369 350 326 320 294 292 287
 275 254 248 236 225 240 234 253 261 271 263 264 288 293 299 303 324 323
 340 335 345 361 347 341 322 317 307 298 290 289 262 238 239 230 220 218
 217 209 199 198 197 195 191 186 181 180 185 178 172 168 155 140 132 137
 142 129 128 130 116 101 115  98  97  91  93  84  74  77  73  68  63  45
  44  41  39  36  35  33  32  24  21  14  15  16  13  17  20  28  49  54
  50  40  48  52  57  59  55  29  22  18  19 444 445 440  23  25  26  27
  30  31 469  34  37  46  42  38  43  58  70  90 104 105 121 112 122 106
 111 107 100  96 110 123 134 109  95  87  88 108  94  89  83  76  82  75
  81  80  71  66  61  47  51 470 467 465 461 454 452 450 453 458 464 468
 466 462 463 441 443 447 446 442 449 448 451 455 460 459 473 456 457 471
 483 472 482 491 494 497 496 498 493 488 487 490 486 485 480 481 484 489
 492 495 499 502 503 501 500 528 551 550 549 543 542 540 539 538 541 544
 547 548 546 545 629 630 631 632 633 635 634 636 637 638 639 640 641 642
 643 644 646 645 647 649 650 651 628 552 560 565 563 558 553 554 555 557
 556 559 509 508 133 136 507 126 504 135 125 506 505 124 127 144 145 175
 188 192 176 146 151 167 153 143 150 158 166 179 177 184 208 214 219 207
 226 224 228 250 242 252 227 221 232 241 247 251 260 268 270 276 300 311
 327 304 305 312 318 333 339 328 313 314 315 332 338 329 316 285 278 281
 301 295 302 296 297 280 266 258 273 265 245 222 216 212 205 203 189 182
 173 183 194 200 201 202 213 580 229 246 257 581 586 589 595 601 605 606
 610 607 600 598 279 592 306 331 330 319 343 354 336 353 344 362 352 363
 359 366 378 373 401 405 414 431 423 432 435 430 436 422 421 439 437 420
 438 416 409 391 398 415 404 400 389 397 388 370 364 348 342 308 309 321
 325 310 284 259 255 243 223 249 277 291 272 274 283 286 282 267 256 244
 233 211 193 174 160 159 510 511 567 570 574 578 582 591 596 597 594 602
 611 609 604 603 599 590 587 588 585 584 583 576 577 573 571 569 568 572
 626 655 654 627 562 561 564 566 512 513 514 515 518 517 516 523 529 531
 532 535 537 536 534 533 530 524 522 525 526 527 521 519 520 474 475 476
 477 478 479  67  56  62  86  92  99 120 139 148 161 170 171 169 157 165
 187 196 190 162 164 156 163 138 131 117 141   5   6  78  79  64  60  53
   7   9   8   4   3   2   1  10  11  12  65  69  72  85 102 114 118 103
 119 113 147 149 154 215 204 206 210 235 231 237 269 371 399 390 372 346
 334 349 387 392 428 418 393 426 427 624 625 619 613 608 612 623 621 614
 593 579 575 656 653 652 648 152   0]
Value - initial: 278374189, final: 14764973, improveup: 18.853687643

data-line;i;278374189;f;14764973;t;7.59990501404;c;-2;fv;[14764973L];cv;-1;imp;18.853687643;type;rvnd;inum;5;w;1

time;7.59990501404;man_time;0;neigh_time;0
man_time;0;man_merge_sol;0;man_best_sol;0;man_combine_sol;0

Waiting [0]
Terminating workers True 0 0
MPI TERMINATING
