pydf_home: /home/rodolfo/git/Sucuri
simple_pycuda_home: /home/rodolfo/git/simple-pycuda
wamca2016path: /home/rodolfo/git/wamca2016/
localpath: /home/rodolfo/git/dvnd-df/code/dvnd-df/src/
WAMCAPATH:/home/rodolfo/git/wamca2016/
param: {solution_index:0, solution_instance_index:48, multi_gpu:True, goal:False, problem_name:ml, number_of_moves:10, device_count:2, solver:rvnd, mpi_enabled:True, workers:1}
Using already created file:  wamca2016lib.so
Size: 52 - file name: 01_berlin52.tsp

Value - initial: 791688-[ 5 31 49 46  1  2 24 12 42 36 37 35  9 11 44 33 51 30 20  8  3 45 25 48 40
 26 17 32 41  7 27 15 19  0 21  4 38 22 14 10 43 39 28  6 47 50 34 13 23 18
 16 29] - 791688
Solver: RVND, number of workers: 1
Setting feeder affinity
I am the master. There are 1 mpi processes. (hostname = gpu01)
Roots [<pyDF.nodes.Feeder object at 0x7f674d9d9ad0>]
Starting 0
Main loop
I am worker 0
GPU0
set random seed!
Initial: 791688-[ 5 31 49 46  1  2 24 12 42 36 37 35  9 11 44 33 51 30 20  8  3 45 25 48 40
 26 17 32 41  7 27 15 19  0 21  4 38 22 14 10 43 39 28  6 47 50 34 13 23 18
 16 29]
Final time: 1.56089305878s - Best: 141763-[ 5  3 14  4 23 47 37 36 39 38 33 34 35 48 31  0 21 17 30 22 19 49 15 28 29
  1  6 41 20 16  2 18 40  7  8  9 44 43 45 24 11 27 26 25 46 12 13 51 10 50
 32 42]
Value - initial: 791688, final: 141763, improveup: 5.58458836227

data-line;i;791688;f;141763;t;1.56089305878;c;-2;fv;[141763L];cv;-1;imp;5.58458836227;type;rvnd;inum;0;w;1

time;1.56089305878;man_time;0;neigh_time;0
man_time;0;man_merge_sol;0;man_best_sol;0;man_combine_sol;0

Waiting [0]
Terminating workers True 0 0
MPI TERMINATING
