pydf_home: /home/rodolfo/git/Sucuri
simple_pycuda_home: /home/rodolfo/git/simple-pycuda
wamca2016path: /home/rodolfo/git/wamca2016/
localpath: /home/rodolfo/git/dvnd-df/code/dvnd-df/src/
WAMCAPATH:/home/rodolfo/git/wamca2016/
param: {solution_index:2, solution_instance_index:43, multi_gpu:True, goal:False, problem_name:ml, number_of_moves:10, device_count:2, solver:rvnd, mpi_enabled:True, workers:1}
Using already created file:  wamca2016lib.so
Size: 226 - file name: 03_pr226.tsp

Value - initial: 190191866-[202 196 136  15  83 124 210  80 208 204 146 116  41  44   0 103 115  89
 142 203  90 216 104  35  18 164  95  86 193  40 186  20  60  48  30 199
  45 162 167  13 194  77 155  29  27 118 179  75 112 161   4 171 143 139
 102  19  76 181  69 191 195 225  28 128   1 184 190 109  78  36 100  97
 174   3 111   6 147 105  98  99  61 217 129  67 151 165  68  32 221 169
  81 149 168   7   2 138  24 209 145 126  49 122  65 130 185  57 166 175
 131  54 198  96 141 157  50  82  23 113  21 120  22  16  38  55 132  71
  79 189 206 200 158  42 160 182 215 224 212  33 173  12 108  87 197 163
 205 152 214 106 134  51  59  39   8 180  37 176 170  91   9 110  52  34
  31  47 121  70 219 137 154  64 156 172  53  92  62 220  17  74  25 114
  66  72  43 150 119 107 135  14 211  88 223 188  84  73  63 178 133 159
  56 187  85 201 127   5 144 140 123  11 218 213 177  58 192 222 183 207
 148  10 153 101  46  93  26 125  94 117] - 190191866
Solver: RVND, number of workers: 1
Setting feeder affinity
I am the master. There are 1 mpi processes. (hostname = gpu01)
Roots [<pyDF.nodes.Feeder object at 0x7f65ee0bead0>]
Starting 0
Main loop
I am worker 0
GPU0
set random seed!
Initial: 190191866-[202 196 136  15  83 124 210  80 208 204 146 116  41  44   0 103 115  89
 142 203  90 216 104  35  18 164  95  86 193  40 186  20  60  48  30 199
  45 162 167  13 194  77 155  29  27 118 179  75 112 161   4 171 143 139
 102  19  76 181  69 191 195 225  28 128   1 184 190 109  78  36 100  97
 174   3 111   6 147 105  98  99  61 217 129  67 151 165  68  32 221 169
  81 149 168   7   2 138  24 209 145 126  49 122  65 130 185  57 166 175
 131  54 198  96 141 157  50  82  23 113  21 120  22  16  38  55 132  71
  79 189 206 200 158  42 160 182 215 224 212  33 173  12 108  87 197 163
 205 152 214 106 134  51  59  39   8 180  37 176 170  91   9 110  52  34
  31  47 121  70 219 137 154  64 156 172  53  92  62 220  17  74  25 114
  66  72  43 150 119 107 135  14 211  88 223 188  84  73  63 178 133 159
  56 187  85 201 127   5 144 140 123  11 218 213 177  58 192 222 183 207
 148  10 153 101  46  93  26 125  94 117]
Final time: 1.79533004761s - Best: 7752066-[202 203 204 205 206 207 208 209 210 211 212 213 214 215 216 217 218 219
 220 221 222 223 224 225 201 200 199 198 197 196 195 194 193 192 191 190
 135 134 133 132 127 126 128 130 129 131 124 123 122 121 120 119 118 125
 117 109 108 116 115 107 106 114 113 105 103 112 111 104 102 110  85  84
  83  82  81  80  79  78  77  76  75  74  73  72   1   2   3   4   5   6
   8   9  13  14  10  11  12  70  67  68  69  65  63  62  61  60  59  58
  57  56  55  54  53  52  51  50  49  21  22  23  24  25  26  28  29  33
  34  30  31  32  47  44  45  46  94  86  88  95  96  87  89  97  98  90
  91  99 100  92  93 101 143 136 137 145 144 138 139 146 148 140 141 147
 149 142 189 188 187 186 185 184 183 182 181 180 179 178 177 176 175 174
 173 172 171 170 169 168 167 166 165 164 163 162 161 160 159 158 157 156
 155 154 153 152 151 150  40  42  41  38  37  36  43  35  48  27  20  19
  64  18  17  16  66  15  71   7   0  39]
Value - initial: 190191866, final: 7752066, improveup: 24.5343455538

data-line;i;190191866;f;7752066;t;1.79533004761;c;-2;fv;[7752066L];cv;-1;imp;24.5343455538;type;rvnd;inum;2;w;1

time;1.79533004761;man_time;0;neigh_time;0
man_time;0;man_merge_sol;0;man_best_sol;0;man_combine_sol;0

Waiting [0]
Terminating workers True 0 0
MPI TERMINATING
