pydf_home: /home/rodolfo/git/Sucuri
simple_pycuda_home: /home/rodolfo/git/simple-pycuda
wamca2016path: /home/rodolfo/git/wamca2016/
localpath: /home/rodolfo/git/dvnd-df/code/dvnd-df/src/
WAMCAPATH:/home/rodolfo/git/wamca2016/
param: {solution_index:3, solution_instance_index:5, multi_gpu:True, goal:False, problem_name:ml, number_of_moves:10, device_count:2, solver:rvnd, mpi_enabled:True, workers:1}
Using already created file:  wamca2016lib.so
Size: 318 - file name: 04_lin318.tsp

Value - initial: 94356898-[ 93 168 182 141 163 268 126 162  87  13 103   0  80 102  72 235 197 180
 161 208 278 242 136  70 206 104  22 165 130 113 117 210  57 302  31 140
 277  19  27 166 258  91 264 173  21  69  64 199 284  84  71  23 169  49
 193 271 248  39 311 209 280 174  61 259 132  62 129 135 187  10 212 134
  83 154 145 296  40 261  79 266 251  28 262 114 116 299  50 260 304 211
  52 252 124  75 215  98  76  44 225  26 287 267 121 224   9  48 188 207
 143 229 179  29 151   5 292 309 239  14 274  18 167 227 243  66 219 273
  86 137  36  45 247 158 200   6 238 222  77 183 244  67 297 106 290 122
 204 111 275  16 254 223  97  88 236 144  74 186 257  58 294 139 230  42
  43  35 152 245 276 184 112 216 237 150 234 310 313 107 221 232 269 175
  60 307 110 153  17 109 138 155   8  94 265 263 306 281  59  32  63 120
  47 314  73  90 123 308 250 191 315 301 249 196   2 194 147  82 128  81
  85 118 240 226 105  15 270  53 256  92 146 119 160 101 157 291 214  41
 171 115  20 203  33 316 272  24 181  34 127  25 220 131 159 317  68 178
 189  89 172 125 241  65 177 100  56 305  37 202 142 228 233 170 192  95
 148 164   4 279 217 231 195  12   7 312  38 295 288 190 213 300 149 285
   3 156 283 198  51 185 176 133 289   1 246 253  78  11 293 108 255 218
 298  54  46  55 205 282 286  96 303  99  30 201] - 94356898
Solver: RVND, number of workers: 1
Setting feeder affinity
I am the master. There are 1 mpi processes. (hostname = gpu01)
Roots [<pyDF.nodes.Feeder object at 0x7f739b6f2ad0>]
Starting 0
Main loop
I am worker 0
GPU0
set random seed!
Initial: 94356898-[ 93 168 182 141 163 268 126 162  87  13 103   0  80 102  72 235 197 180
 161 208 278 242 136  70 206 104  22 165 130 113 117 210  57 302  31 140
 277  19  27 166 258  91 264 173  21  69  64 199 284  84  71  23 169  49
 193 271 248  39 311 209 280 174  61 259 132  62 129 135 187  10 212 134
  83 154 145 296  40 261  79 266 251  28 262 114 116 299  50 260 304 211
  52 252 124  75 215  98  76  44 225  26 287 267 121 224   9  48 188 207
 143 229 179  29 151   5 292 309 239  14 274  18 167 227 243  66 219 273
  86 137  36  45 247 158 200   6 238 222  77 183 244  67 297 106 290 122
 204 111 275  16 254 223  97  88 236 144  74 186 257  58 294 139 230  42
  43  35 152 245 276 184 112 216 237 150 234 310 313 107 221 232 269 175
  60 307 110 153  17 109 138 155   8  94 265 263 306 281  59  32  63 120
  47 314  73  90 123 308 250 191 315 301 249 196   2 194 147  82 128  81
  85 118 240 226 105  15 270  53 256  92 146 119 160 101 157 291 214  41
 171 115  20 203  33 316 272  24 181  34 127  25 220 131 159 317  68 178
 189  89 172 125 241  65 177 100  56 305  37 202 142 228 233 170 192  95
 148 164   4 279 217 231 195  12   7 312  38 295 288 190 213 300 149 285
   3 156 283 198  51 185 176 133 289   1 246 253  78  11 293 108 255 218
 298  54  46  55 205 282 286  96 303  99  30 201]
Final time: 2.87312793732s - Best: 5823478-[ 93  94  99 206 205 201 200 196 195 189 187 186 182 188 183 181 176 177
 180 184 185 179 178 173 174 170 169 276 277 280 287 291 292 294 293 288
 286 281 282 285 289 290 284 283 278 273 314 265 264 259 257 254 253 256
 260 263 266 267 262 261 255 252 250 251 246 245 235 234 227 226 225 228
 233 236 229 232 237 239 240 241 238 231 230 312 224 220 219 216 215 211
 210 108 109 117 118 121 120 122 129 130 131 128 123 124 127 132 134 135
 136 133 126 125 207 119 115 114 111 110 106 105   3   4   8   7   2   0
   1   5   6   9  10  14  20  21  28 102  19  22  27  29  30  31  32  26
  23  18  15  16  17  24  25  36  35 103  43  46  50  53  56  55  54  49
  47  44  39  48 315 316  58 104  63  68  69  73  74  80  72  75  79  85
  78  76  71  66  67  70  77  81  82  83  84  90  91  95  96 100 101  92
  97  98  88  89  87  86 175 172 171 168 209 163 160 159 154 152 149 148
 151 155 158 161 162 157 156 150 147 145 146 141 140 208 144 153  37  38
  41  40  42  45  51  52  57  61  62  60  59  64  65 190 193 194 202 203
 199 198 204 311 310 306 305 301 300 192 191 165 164 268 271 272 279 299
 298 295 302 307 308 309 304 303 297 296 275 274 270 269 317 248 247 244
 243 223 222 213 214 218 217 212 221 242 313 249 258 142 143 139 138 113
 112 107 116  12  13  34  33 137 166 167 197  11]
Value - initial: 94356898, final: 5823478, improveup: 16.2028426998

data-line;i;94356898;f;5823478;t;2.87312793732;c;-2;fv;[5823478L];cv;-1;imp;16.2028426998;type;rvnd;inum;3;w;1

time;2.87312793732;man_time;0;neigh_time;0
man_time;0;man_merge_sol;0;man_best_sol;0;man_combine_sol;0

Waiting [0]
Terminating workers True 0 0
MPI TERMINATING
