pydf_home: /home/rodolfo/git/Sucuri
simple_pycuda_home: /home/rodolfo/git/simple-pycuda
wamca2016path: /home/rodolfo/git/wamca2016/
localpath: /home/rodolfo/git/dvnd-df/code/dvnd-df/src/
WAMCAPATH:/home/rodolfo/git/wamca2016/
param: {solution_index:2, solution_instance_index:46, multi_gpu:True, goal:False, problem_name:ml, number_of_moves:10, device_count:2, solver:rvnd, mpi_enabled:True, workers:1}
Using already created file:  wamca2016lib.so
Size: 226 - file name: 03_pr226.tsp

Value - initial: 197642140-[135 219 157 218 172 132  27 209 196 171 199  38 168  46 163  51 114  14
  62  89  52 202 159  26 217 125  86  45 113 165 106  25  53 155  20 181
  87 149 129  58  95  73 153   0  24  94 192 222  60 141 216  23  68  99
 150  34 148 103   4 175  30 131 186 107 115  49  66   2 130 198 142 190
  17  55 220 225  40 156  69   3 138 152   1  63  19 161  59 144  61 176
 101 127 193 170 183 124 200  35 169 211  83 208 100 188  15 122  39 191
 147  88 136 204  96 118  75  28 187 134  18 117 158  44 121 110  79 140
   6  84  33  32 119  76  80  98  85  22  72  70   8 213 126  10  64  91
 185 167  54 197 207 210  71 139 214  29 104 177  97  47  92 128 174  67
 123 194 137 105 179  48 182 116  57  77 146 189   9  31 221 173 112  90
 178  81 224 212  93  50  11 215 164 203 160  41 108 151 166  16 162   5
  13  56 223  43 120 154  82 201 111 102  74 180  12 143  42 145 205 206
  36 195 109 184  78  65  37   7 133  21] - 197642140
Solver: RVND, number of workers: 1
Setting feeder affinity
I am the master. There are 1 mpi processes. (hostname = gpu01)
Roots [<pyDF.nodes.Feeder object at 0x7fb4531e7ad0>]
Starting 0
Main loop
I am worker 0
GPU0
set random seed!
Initial: 197642140-[135 219 157 218 172 132  27 209 196 171 199  38 168  46 163  51 114  14
  62  89  52 202 159  26 217 125  86  45 113 165 106  25  53 155  20 181
  87 149 129  58  95  73 153   0  24  94 192 222  60 141 216  23  68  99
 150  34 148 103   4 175  30 131 186 107 115  49  66   2 130 198 142 190
  17  55 220 225  40 156  69   3 138 152   1  63  19 161  59 144  61 176
 101 127 193 170 183 124 200  35 169 211  83 208 100 188  15 122  39 191
 147  88 136 204  96 118  75  28 187 134  18 117 158  44 121 110  79 140
   6  84  33  32 119  76  80  98  85  22  72  70   8 213 126  10  64  91
 185 167  54 197 207 210  71 139 214  29 104 177  97  47  92 128 174  67
 123 194 137 105 179  48 182 116  57  77 146 189   9  31 221 173 112  90
 178  81 224 212  93  50  11 215 164 203 160  41 108 151 166  16 162   5
  13  56 223  43 120 154  82 201 111 102  74 180  12 143  42 145 205 206
  36 195 109 184  78  65  37   7 133  21]
Final time: 4.48425912857s - Best: 7474285-[135 134 133 132 225 224 223 222 221 220 219 218 217 216 215 214 213 212
 211 210 209 208 207 206 205 204 203 202 201 200 199 198 197 196 195 194
 193 192 191 190 189 188 187 186 185 184 183 182 181 180 179 178 177 176
 175 174 173 172 171 170 169 168 167 166 165 164 163 162 161 160 159 158
 157 156 155 154 149 142 141 147 148 140 139 146 144 138 137 145 143 136
  93 101 100  92  91  99  98  90  89  97  96  87  88  95  94  86  46  45
  44  47  32  31  30  34  33  29  28  26  25  24  23  22  21  49  50  51
  52  53  54  55  56  57  58  59  60  61  62  63 102 110 111 104 103 105
 106 107 108 109 125 127 126 128 130 129 131 124 123 122 121 120 119 118
 117 116 115 114 113 112  85  84  83  82  81  80  79  78  77  76  75  74
  73  72   0   1   2   3   4   5   6   7  71  70  12  11  10   8   9  13
  14  15  16  66  67  68  69  65  64  17  18  19  20  27  48  35  43  36
  37  38  41  42 150 151 152 153  40  39]
Value - initial: 197642140, final: 7474285, improveup: 26.4429493925

data-line;i;197642140;f;7474285;t;4.48425912857;c;-2;fv;[7474285L];cv;-1;imp;26.4429493925;type;rvnd;inum;2;w;1

time;4.48425912857;man_time;0;neigh_time;0
man_time;0;man_merge_sol;0;man_best_sol;0;man_combine_sol;0

Waiting [0]
Terminating workers True 0 0
MPI TERMINATING
