pydf_home: /home/rodolfo/git/Sucuri
simple_pycuda_home: /home/rodolfo/git/simple-pycuda
wamca2016path: /home/rodolfo/git/wamca2016/
localpath: /home/rodolfo/git/dvnd-df/code/dvnd-df/src/
WAMCAPATH:/home/rodolfo/git/wamca2016/
param: {solution_index:3, solution_instance_index:1, multi_gpu:True, goal:False, problem_name:ml, number_of_moves:10, device_count:2, solver:rvnd, mpi_enabled:True, workers:1}
Using already created file:  wamca2016lib.so
Size: 318 - file name: 04_lin318.tsp

Value - initial: 92708356-[117 101 315 169  64  63 102 262  92  47  80 257  51 138 141  62 162 251
 151 199  35 244 232 306  83 243 174  20  70  17  15 158 227 108  54  12
 268  61 247 112 258 111 261 156  60 250  65 122  88 222 311 308 191 281
 124 291   5 282 256  90 176  18  13   2   1  58 131 110  93 209 177 241
  84 219 134 226 116  46 236 234 248 160 143 148 187  14  68 287  45 240
 228 239 266 126 305 175  99  75 147 206  25  59 186 300 275 173 267 135
 136 210  76  48 214 139 161  55 142  91 288 109 285 271 118  11 310 260
  34 132   7  24 195 127 233 157  49 106 264  27 270  39 255 197   6 163
 307  41 312  30  81 144 302 129  29 203  10 104 153 265 297 317 263 133
 254 272 296 314  43 128  53 237 274  82 213 313  87  56 103 105 188   8
 166 245 289 198 301 121 224   9 229 189  94 284 259 146 201 190 279  77
  86  96 303  66 196 154  42  85  33 145 249 304 290 193 207   3 114  21
 137 221 299  32 225 273  98 295 253 167 140 286 200  71 242 309 107 192
  97 171  44  40 211 277  72 184   0 230 180 130 152 185  73 149 231  52
  19 280 276  79 252  78  28 181 218  69 113 150 212 155 215 183 235  37
 220  57 182 298 269  26 194 205 100 168  89 238 170 164  23 165 119  95
  36 204 283 208 292 278 125 159 115  31 120 123 217  16 316 179 178 202
 246 223 172 293   4 216  67  22  74  38 294  50] - 92708356
Solver: RVND, number of workers: 1
Setting feeder affinity
I am the master. There are 1 mpi processes. (hostname = gpu01)
Roots [<pyDF.nodes.Feeder object at 0x7fd9c3fe0ad0>]
Starting 0
Main loop
I am worker 0
GPU0
set random seed!
Initial: 92708356-[117 101 315 169  64  63 102 262  92  47  80 257  51 138 141  62 162 251
 151 199  35 244 232 306  83 243 174  20  70  17  15 158 227 108  54  12
 268  61 247 112 258 111 261 156  60 250  65 122  88 222 311 308 191 281
 124 291   5 282 256  90 176  18  13   2   1  58 131 110  93 209 177 241
  84 219 134 226 116  46 236 234 248 160 143 148 187  14  68 287  45 240
 228 239 266 126 305 175  99  75 147 206  25  59 186 300 275 173 267 135
 136 210  76  48 214 139 161  55 142  91 288 109 285 271 118  11 310 260
  34 132   7  24 195 127 233 157  49 106 264  27 270  39 255 197   6 163
 307  41 312  30  81 144 302 129  29 203  10 104 153 265 297 317 263 133
 254 272 296 314  43 128  53 237 274  82 213 313  87  56 103 105 188   8
 166 245 289 198 301 121 224   9 229 189  94 284 259 146 201 190 279  77
  86  96 303  66 196 154  42  85  33 145 249 304 290 193 207   3 114  21
 137 221 299  32 225 273  98 295 253 167 140 286 200  71 242 309 107 192
  97 171  44  40 211 277  72 184   0 230 180 130 152 185  73 149 231  52
  19 280 276  79 252  78  28 181 218  69 113 150 212 155 215 183 235  37
 220  57 182 298 269  26 194 205 100 168  89 238 170 164  23 165 119  95
  36 204 283 208 292 278 125 159 115  31 120 123 217  16 316 179 178 202
 246 223 172 293   4 216  67  22  74  38 294  50]
Final time: 5.15668392181s - Best: 6104370-[117 118 109 108 210 211 215 216 219 220 224 312 230 231 238 241 240 239
 237 232 229 236 233 228 225 226 227 234 235 245 246 251 252 250 253 256
 260 263 266 255 261 262 267 271 272 279 278 283 284 290 289 285 282 288
 286 281 276 277 280 169 170 167 166 162 157 156 150 147 146 145 148 151
 155 158 161 160 159 154 152 149 144  37  38  41  42  45  51  52  57  61
  62  69  68  73  74  80  79  75  72  71  76  78  83  84  82  81  77  70
  67  66  63 104  55  54  49  48  39  44  47  56  53  50  46  43  40  36
  35  25  24  17  16  15  18  23  26  19  22  27  29  30  31  28  21  20
 102  14  10   9   6   5   1   0   2   7   8   4   3 114 115  12  13 119
 125 126 133 207 124 127 132 134 135 136 137 131 128 123 116 111 110 106
 105 107 112 113 121 120 122 129 130 139 138 143 142 249 258 254 257 259
 264 265 268 314 273 287 291 292 293 294 191 192 194 193 190 184 180 177
 185 179 178 174 173 168 176 181 183 188 189 187 186 182 175 172 171  64
  65  86  87 195 196  93  94  99 206 205 201 200 197 202 203 199 198 204
 311 310 306 305 301 300 302 295 298 299 307 308 309 304 303 297 296 275
 274 270 269 317 248 247 244 243 223 222 213 214 218 217 212 221 242 313
 141 140 208 153 209 163  59  60  89  88  98  97  92 101 100  96  95  91
  90  85  58 316 315 103  32  11  34  33 165 164]
Value - initial: 92708356, final: 6104370, improveup: 15.1872111291

data-line;i;92708356;f;6104370;t;5.15668392181;c;-2;fv;[6104370L];cv;-1;imp;15.1872111291;type;rvnd;inum;3;w;1

time;5.15668392181;man_time;0;neigh_time;0
man_time;0;man_merge_sol;0;man_best_sol;0;man_combine_sol;0

Waiting [0]
Terminating workers True 0 0
MPI TERMINATING
