pydf_home: /home/rodolfo/git/Sucuri
simple_pycuda_home: /home/rodolfo/git/simple-pycuda
wamca2016path: /home/rodolfo/git/wamca2016/
localpath: /home/rodolfo/git/dvnd-df/code/dvnd-df/src/
WAMCAPATH:/home/rodolfo/git/wamca2016/
param: {solution_index:3, solution_instance_index:16, multi_gpu:True, goal:False, problem_name:ml, number_of_moves:10, device_count:2, solver:rvnd, mpi_enabled:True, workers:1}
Using already created file:  wamca2016lib.so
Size: 318 - file name: 04_lin318.tsp

Value - initial: 99234018-[104  47 135 147 249 300 185 115  89  24 157  74 190  28 253 298  50 271
  23 250   9 137 203 121 301  96 261 269 294 259 234 207 120  60 110 257
 284  53 212 252 187 176 103 275  56 128 209 293 303   1 304  15  58 106
 273 210  97 240 139 302   0 306 100 312 283  80  38 151  70 286  43 108
  88 198  46  67 162 279 163 228 246 166 102 289 188  11  95 238 245  93
  75   7 127  91  41 264 227  72 242  45 181 216 168 167 159  87 288 231
  71 158  29  54 311 109 171 169 268  98 204 142  73 313  68 173 235  86
 124  16  69 105 141 285 265 278 196 154 160 170 243 131  49 296  59 192
 143 149  92 218 194  27 202 272 219  18  76 280 266 247 155 305 260 211
 150 220  34 178 223  35  36 263 112  26 177 116 267  40  62  20 291  42
 195 256 248 314 230 317   5 200 232 156 236 193 299 241  33 287  78 129
  22 276 226 277  52  79  90  48 125 254  83 138  13 213 244  10 206 133
 237 205 297 292 130  25 172 145  37 262 114 295 101 221 174 222 140  14
  82 197 117 308 229 175  99   4 107  85   6 186  61   3 215 258 126 307
 217  21 146 182 316  94   2  30 251  17 123 144 224 148 225  51  44  19
 214  81 153 290 199 191 309 208  32  65 152 310  39 281 136 113 118  84
 111 122 132  66 274 233 165 255 161 134 201 315  77  57 183 282 179  31
  12 184  64 164  63 180  55 189   8 239 270 119] - 99234018
Solver: RVND, number of workers: 1
Setting feeder affinity
I am the master. There are 1 mpi processes. (hostname = gpu01)
Roots [<pyDF.nodes.Feeder object at 0x7f85018f4ad0>]
Starting 0
Main loop
I am worker 0
GPU0
set random seed!
Initial: 99234018-[104  47 135 147 249 300 185 115  89  24 157  74 190  28 253 298  50 271
  23 250   9 137 203 121 301  96 261 269 294 259 234 207 120  60 110 257
 284  53 212 252 187 176 103 275  56 128 209 293 303   1 304  15  58 106
 273 210  97 240 139 302   0 306 100 312 283  80  38 151  70 286  43 108
  88 198  46  67 162 279 163 228 246 166 102 289 188  11  95 238 245  93
  75   7 127  91  41 264 227  72 242  45 181 216 168 167 159  87 288 231
  71 158  29  54 311 109 171 169 268  98 204 142  73 313  68 173 235  86
 124  16  69 105 141 285 265 278 196 154 160 170 243 131  49 296  59 192
 143 149  92 218 194  27 202 272 219  18  76 280 266 247 155 305 260 211
 150 220  34 178 223  35  36 263 112  26 177 116 267  40  62  20 291  42
 195 256 248 314 230 317   5 200 232 156 236 193 299 241  33 287  78 129
  22 276 226 277  52  79  90  48 125 254  83 138  13 213 244  10 206 133
 237 205 297 292 130  25 172 145  37 262 114 295 101 221 174 222 140  14
  82 197 117 308 229 175  99   4 107  85   6 186  61   3 215 258 126 307
 217  21 146 182 316  94   2  30 251  17 123 144 224 148 225  51  44  19
 214  81 153 290 199 191 309 208  32  65 152 310  39 281 136 113 118  84
 111 122 132  66 274 233 165 255 161 134 201 315  77  57 183 282 179  31
  12 184  64 164  63 180  55 189   8 239 270 119]
Final time: 3.99750709534s - Best: 6179447-[104  55  54  49  47  44  43  46  50  53  56  57  52  51  45  42  41  40
 103  32  31  30  29  27  22  19 102  28  21  20  14  10   9   6   5   1
   0   2  11  18  23  26  15  16  17  24  25  35  36  38  37 144 149 152
 154 159 160 161 158 155 151 148 145 146 147 150 156 157 162 165 164 170
 169 280 277 276 281 286 288 289 285 282 278 279 283 284 290 295 293 287
 291 292 294 191 192 300 301 305 306 310 311 204 198 199 194 193 185 179
 178 174 173 177 180 184 183 181 176 171 172 175 182 186 187 188 189  86
  87 195 196 200 201 205 206  99  93  94  98  97  92 101 100  96  95  91
  90  84  83  82  81  77  70  67  66  71  76  78  72  75  79  80  74  73
  68  69  65  64  60  59 163 153 208 137 136 135 134 133 126 125  12  13
   4   3 105 106 110 111 114 115 119 207 124 127 132 131 128 123 120 121
 122 129 130 140 141 143 142 139 138 241 240 239 238 231 230 312 229 232
 237 242 313 249 258 254 257 259 264 265 268 314 271 272 267 262 261 255
 266 263 260 256 253 250 252 251 246 245 235 234 227 226 225 236 233 228
 221 224 220 219 117 118 109 108 216 215 211 210 212 217 218 214 213 222
 223 243 244 247 248 317 269 270 274 275 296 297 303 304 309 308 307 302
 298 299 273 167 166 209 168 190 203 202 197  89  88  85  63  61  62  58
 316 315  48  39  34  33 116 112 113 107   8   7]
Value - initial: 99234018, final: 6179447, improveup: 16.0587214358

data-line;i;99234018;f;6179447;t;3.99750709534;c;-2;fv;[6179447L];cv;-1;imp;16.0587214358;type;rvnd;inum;3;w;1

time;3.99750709534;man_time;0;neigh_time;0
man_time;0;man_merge_sol;0;man_best_sol;0;man_combine_sol;0

Waiting [0]
Terminating workers True 0 0
MPI TERMINATING
