pydf_home: /home/rodolfo/git/Sucuri
simple_pycuda_home: /home/rodolfo/git/simple-pycuda
wamca2016path: /home/rodolfo/git/wamca2016/
localpath: /home/rodolfo/git/dvnd-df/code/dvnd-df/src/
WAMCAPATH:/home/rodolfo/git/wamca2016/
param: {solution_index:3, solution_instance_index:18, multi_gpu:True, goal:False, problem_name:ml, number_of_moves:10, device_count:2, solver:rvnd, mpi_enabled:True, workers:1}
Using already created file:  wamca2016lib.so
Size: 318 - file name: 04_lin318.tsp

Value - initial: 91305868-[317  39 117 219 253 185 177 114 302 106 141  78 115 255   0 129 260 231
 176 127 111 289 307  24 300 218  70 211 118 202 237 228  12 175  44 275
 235  31 112 181 233 124 165 193 100 173  33 138 290 179  77 102  60 315
  10 225 268 281 232 294 171   3 187 174 303 285 243 280 151 273 197  41
 224 194 248  37  27 195 108  58  21 214 272 209 286 277 296 256 293 168
 215 278 161  86  19 121   2 216 311  57  90  94  64 313  40 312 258 213
 137 208   6  69 308 292 284 140  22 257  36  83  56  68 314   4 266 276
   9  95 221 295  18 245 126 110 270  20 122 283 199   5  62  81 238 130
   7  59 144 316  80  67 264 153 267 120  65 154  98 101 259 227 170  25
 116   1 136 217  26  43 188 180  85  92 288 186 247 160 134 249 297 304
  99 212  14 265 274 236 282 143 201 178  35 263 229 306 220 310  73  17
 198 148  50  53 299  72 250 128 162  13  29  11 169 269 254  47   8 142
 206  87  49 145 189 190  89 271 146 191 139  23 163  51 107 205  63  46
  61  30 223 301  55  45 150 240 262  82 104  15 166 123  42 182 244 287
  96 222  32 242 234 172  76  75 152 251 183 156 291 147  91 135 261 239
 132 133 298 119  52  48 196  16  34 192  97 158 113 103  38 203  93 157
 184  54 125 167 155 207 230  28 159 226  71 105  74 131 279  66 305 164
 309 246 241 210 204 149 252  88 200  79 109  84] - 91305868
Solver: RVND, number of workers: 1
Setting feeder affinity
I am the master. There are 1 mpi processes. (hostname = gpu01)
Roots [<pyDF.nodes.Feeder object at 0x7fac261aead0>]
Starting 0
Main loop
I am worker 0
GPU0
set random seed!
Initial: 91305868-[317  39 117 219 253 185 177 114 302 106 141  78 115 255   0 129 260 231
 176 127 111 289 307  24 300 218  70 211 118 202 237 228  12 175  44 275
 235  31 112 181 233 124 165 193 100 173  33 138 290 179  77 102  60 315
  10 225 268 281 232 294 171   3 187 174 303 285 243 280 151 273 197  41
 224 194 248  37  27 195 108  58  21 214 272 209 286 277 296 256 293 168
 215 278 161  86  19 121   2 216 311  57  90  94  64 313  40 312 258 213
 137 208   6  69 308 292 284 140  22 257  36  83  56  68 314   4 266 276
   9  95 221 295  18 245 126 110 270  20 122 283 199   5  62  81 238 130
   7  59 144 316  80  67 264 153 267 120  65 154  98 101 259 227 170  25
 116   1 136 217  26  43 188 180  85  92 288 186 247 160 134 249 297 304
  99 212  14 265 274 236 282 143 201 178  35 263 229 306 220 310  73  17
 198 148  50  53 299  72 250 128 162  13  29  11 169 269 254  47   8 142
 206  87  49 145 189 190  89 271 146 191 139  23 163  51 107 205  63  46
  61  30 223 301  55  45 150 240 262  82 104  15 166 123  42 182 244 287
  96 222  32 242 234 172  76  75 152 251 183 156 291 147  91 135 261 239
 132 133 298 119  52  48 196  16  34 192  97 158 113 103  38 203  93 157
 184  54 125 167 155 207 230  28 159 226  71 105  74 131 279  66 305 164
 309 246 241 210 204 149 252  88 200  79 109  84]
Final time: 2.18867397308s - Best: 6193600-[317 269 270 274 275 296 297 299 298 290 284 283 279 278 282 285 289 281
 286 288 293 292 294 300 301 305 306 310 311 204 199 198 192 191 291 287
 280 277 276 169 170 165 164 268 265 264 259 257 254 253 256 260 263 266
 267 262 261 255 252 250 251 246 245 236 233 228 235 234 227 225 226 218
 217 212 210 211 215 216 219 220 224 230 231 238 312 229 232 237 239 240
 241 138 139 142 143 146 145 147 150 156 148 151 155 158 161 157 162 166
 167 174 173 178 179 185 184 180 177 183 181 176 171 172 175 182 186 187
 188 189  86  87  89  88  80  74  73  69  68  72  75  79  71  76  78  83
  84  82  81  77  70  67  66  63 104  58 316 315  48  39  44  47  49  54
  55  43  46  50  53  56  57  52  51  45  42  40  41  36  35  25  24  17
  16  15  18  23  26  19  22  27  29  30  31  28  21  20 102  14  10   9
   6   5   1   0   2   7   8  13  12 115 114 111 110   4   3 106 105 107
 112 113 121 120 122 129 130 131 128 123 116 119 125 126 133 207 124 127
 132 137 134 135 136  33  34  38  37 144 149 152 154 159 160 163 209 168
 190 193 194 203 202 197 195 196 200 201 205 206  99  93  94  98  97  92
 101 100  96  95  91  90  85  61  62  65  64  60  59 153 208 140 141 118
 117 109 108 221 214 213 222 223 243 244 247 248 242 313 249 258 314 271
 272 273 295 302 307 308 304 303 309 103  32  11]
Value - initial: 91305868, final: 6193600, improveup: 14.7419704211

data-line;i;91305868;f;6193600;t;2.18867397308;c;-2;fv;[6193600L];cv;-1;imp;14.7419704211;type;rvnd;inum;3;w;1

time;2.18867397308;man_time;0;neigh_time;0
man_time;0;man_merge_sol;0;man_best_sol;0;man_combine_sol;0

Waiting [0]
Terminating workers True 0 0
MPI TERMINATING
