pydf_home: /home/rodolfo/git/Sucuri
simple_pycuda_home: /home/rodolfo/git/simple-pycuda
wamca2016path: /home/rodolfo/git/wamca2016/
localpath: /home/rodolfo/git/dvnd-df/code/dvnd-df/src/
WAMCAPATH:/home/rodolfo/git/wamca2016/
param: {solution_index:2, solution_instance_index:18, multi_gpu:True, goal:False, problem_name:ml, number_of_moves:10, device_count:2, solver:rvnd, mpi_enabled:True, workers:1}
Using already created file:  wamca2016lib.so
Size: 226 - file name: 03_pr226.tsp

Value - initial: 184305118-[  5 132 224 147  39 162 222 143 151 139 108 193 207 122  15 205 138 181
 199 156  34 136 196   0  41  29 164  99 192  10  17 170 110 202 128  63
 116  28 126  24 217 197 146 176  89  42 185   6  26  23  88 220  62  64
  82 198  97 133  92 131  49 172  54 129  46 152 130  87  90 206  13 101
 166 174 223 150 212  22  40 142 165 186 137 208  47  84 201 124 145  77
  69  80 169  18  25  33  52 178  56  75 125 183 105 153   8  55 177  79
  95 140  27  43  19 213 106  94 121 189 163 167  58 120  11   2  70  68
  30   7  61 173  71  74 157  37 149 144   1 103  96 210 113 214 117 135
  85 104 218  53 154 123 195 211 204 175  20  48 155 141 215 182  72  98
  35 219  76 158 100 160 118 159 203 221 200  91  31 216 134  60 184  86
 114 119  93 209 168 112  66 188 109 111   3  36  50  73 161  83  67 225
  44  57 148 171 194  12 102 115  45 190  38 187  81  78   4 127 191  16
  59  32  21 107  51  65 179  14 180   9] - 184305118
Solver: RVND, number of workers: 1
Setting feeder affinity
I am the master. There are 1 mpi processes. (hostname = gpu01)
Roots [<pyDF.nodes.Feeder object at 0x7f3d9a7c8ad0>]
Starting 0
Main loop
I am worker 0
GPU0
set random seed!
Initial: 184305118-[  5 132 224 147  39 162 222 143 151 139 108 193 207 122  15 205 138 181
 199 156  34 136 196   0  41  29 164  99 192  10  17 170 110 202 128  63
 116  28 126  24 217 197 146 176  89  42 185   6  26  23  88 220  62  64
  82 198  97 133  92 131  49 172  54 129  46 152 130  87  90 206  13 101
 166 174 223 150 212  22  40 142 165 186 137 208  47  84 201 124 145  77
  69  80 169  18  25  33  52 178  56  75 125 183 105 153   8  55 177  79
  95 140  27  43  19 213 106  94 121 189 163 167  58 120  11   2  70  68
  30   7  61 173  71  74 157  37 149 144   1 103  96 210 113 214 117 135
  85 104 218  53 154 123 195 211 204 175  20  48 155 141 215 182  72  98
  35 219  76 158 100 160 118 159 203 221 200  91  31 216 134  60 184  86
 114 119  93 209 168 112  66 188 109 111   3  36  50  73 161  83  67 225
  44  57 148 171 194  12 102 115  45 190  38 187  81  78   4 127 191  16
  59  32  21 107  51  65 179  14 180   9]
Final time: 2.72337198257s - Best: 7729080-[  5   4   6   8   9  13  14  10  11  12  70  67  68  69 110 102 104 111
 112 103 105 113 114 106 107 115 116 108 109 117 125 118 119 127 126 120
 121 128 130 122 123 129 131 124 225 224 223 222 221 220 219 218 217 216
 215 214 213 212 211 210 209 208 207 206 205 204 203 202 201 200 199 198
 197 196 195 194 193 192 191 190 132 133 134 135 141 140 139 138 137 136
 143 145 144 146 148 147 149 142 189 188 187 186 185 184 183 182 181 180
 179 178 177 176 175 174 173 172 171 170 169 168 167 166 165 164 163 162
 161 160 159 158 157 156 155 154 153 152 151 150  93 101 100  92  91  99
  98  90  89  97  96  87  88  95  94  86  46  45  44  43  36  35  34  33
  29  28  30  31  32  47  48  27  26  25  24  23  22  21  49  50  51  52
  53  54  55  56  57  58  59  60  61  62  63  64  18  17  16  15   7   3
   2   1   0  72  73  74  75  76  77  78  79  80  81  82  83  84  85  71
  66  65  19  20  37  38  41  42  40  39]
Value - initial: 184305118, final: 7729080, improveup: 23.8456734825

data-line;i;184305118;f;7729080;t;2.72337198257;c;-2;fv;[7729080L];cv;-1;imp;23.8456734825;type;rvnd;inum;2;w;1

time;2.72337198257;man_time;0;neigh_time;0
man_time;0;man_merge_sol;0;man_best_sol;0;man_combine_sol;0

Waiting [0]
Terminating workers True 0 0
MPI TERMINATING
