pydf_home: /home/rodolfo/git/Sucuri
simple_pycuda_home: /home/rodolfo/git/simple-pycuda
wamca2016path: /home/rodolfo/git/wamca2016/
localpath: /home/rodolfo/git/dvnd-df/code/dvnd-df/src/
WAMCAPATH:/home/rodolfo/git/wamca2016/
param: {solution_index:4, solution_instance_index:45, multi_gpu:True, goal:False, problem_name:ml, number_of_moves:10, device_count:2, solver:rvnd, mpi_enabled:True, workers:1}
Using already created file:  wamca2016lib.so
Size: 501 - file name: 05_TRP-S500-R1.tsp

Value - initial: 34482433-[297 325 387  11 151 403 187 183 259 180 243 459 370 158 399  92 124 497
  32  99 451 101 280  85 430 210  88 165 232 279  18 285 291 362 423 141
 255 219 211 114 156 123 205 197 445 366  30 105 150  65   9 250   6 295
 217 117 111 358 244 331 206  19 352 344 494  90 196  45 440 136 382 119
 231 107 282 368  59  87 224 321 256  56 457 220 268 365 481 474 236 126
 212 397 218 381  95 452 492 407 142  10 168 147 333 343 306 182 388 431
 304 389  91 145 146 360 176 251 486 337 281 258 489 208 468 203 490  23
 200  53 479 455 458  46 184  47 283 488  12 480 104 323 393  69  14 395
 454  97   5  83 171 498 288 175 266  75 302 347 129  41 189 260 386 287
 437 263 225 247 330 473 241  94 322  13 191 460  22 213  89  76 138 144
 427 298 450 374 385 482 152 496 412 100 453 379 178 449 194 299 221 262
 408 320 131 274 380 246 174  81 201 466 446 418 429   2 421 275 272  50
 483 157  86 500 467 470   8  21 346 376 392 363 416 477 222 433   7 465
 122 349 353 300   0 108 162 233 405 277 394  44 417  43 186 415 106 419
 118 215 373  25 139 400 120 140 317 345 316  71 303 270 390  70 269 234
 278 356 305 202 257 230 471 181  29 193  40 404 336 164  17 237  98 309
 314 371 472 249  72  28 485  54 160  66 276 377 326 354 313 324 113 426
 456 130 229 332 153 223 238 406 414 378  31  35 284  61 301 185 273 127
 425  15 112  20 214 398 132 422 308  63 307 491 286  96 409 290 121 248
 179  68 499  67 364 410 487 355 172 167 350 159 264 428 163 328  73 439
 367 109 267 239  55 334 469 462 424 265  42 475 149 242 198   4 137  33
 312 335 228 361 463 209 204 464  78  38 391  36 134  74 396  37  57 161
 235 155 444 447  27 169  48 294  64  84  52  58 369 143 340  93 188 315
 292 341 227 261 476 339 348  39 102 478  62 438 135 351 252  26 327 195
 401  49 319 441 128  34 375 384  16 253 192 359 495 190 484 207 342 402
 357   3 442 296 318 216 115 133 448 116 254 154   1  79 493 432 289 103
 461 436 173  51  24  80 166 310  82 338 170 240 110  77 383 311 245 372
  60 420 125 199 411 271 329 226 293 443 434 177 148 435 413] - 34482433
Solver: RVND, number of workers: 1
Setting feeder affinity
I am the master. There are 1 mpi processes. (hostname = gpu01)
Roots [<pyDF.nodes.Feeder object at 0x7f55af28ead0>]
Starting 0
Main loop
I am worker 0
GPU0
set random seed!
Initial: 34482433-[297 325 387  11 151 403 187 183 259 180 243 459 370 158 399  92 124 497
  32  99 451 101 280  85 430 210  88 165 232 279  18 285 291 362 423 141
 255 219 211 114 156 123 205 197 445 366  30 105 150  65   9 250   6 295
 217 117 111 358 244 331 206  19 352 344 494  90 196  45 440 136 382 119
 231 107 282 368  59  87 224 321 256  56 457 220 268 365 481 474 236 126
 212 397 218 381  95 452 492 407 142  10 168 147 333 343 306 182 388 431
 304 389  91 145 146 360 176 251 486 337 281 258 489 208 468 203 490  23
 200  53 479 455 458  46 184  47 283 488  12 480 104 323 393  69  14 395
 454  97   5  83 171 498 288 175 266  75 302 347 129  41 189 260 386 287
 437 263 225 247 330 473 241  94 322  13 191 460  22 213  89  76 138 144
 427 298 450 374 385 482 152 496 412 100 453 379 178 449 194 299 221 262
 408 320 131 274 380 246 174  81 201 466 446 418 429   2 421 275 272  50
 483 157  86 500 467 470   8  21 346 376 392 363 416 477 222 433   7 465
 122 349 353 300   0 108 162 233 405 277 394  44 417  43 186 415 106 419
 118 215 373  25 139 400 120 140 317 345 316  71 303 270 390  70 269 234
 278 356 305 202 257 230 471 181  29 193  40 404 336 164  17 237  98 309
 314 371 472 249  72  28 485  54 160  66 276 377 326 354 313 324 113 426
 456 130 229 332 153 223 238 406 414 378  31  35 284  61 301 185 273 127
 425  15 112  20 214 398 132 422 308  63 307 491 286  96 409 290 121 248
 179  68 499  67 364 410 487 355 172 167 350 159 264 428 163 328  73 439
 367 109 267 239  55 334 469 462 424 265  42 475 149 242 198   4 137  33
 312 335 228 361 463 209 204 464  78  38 391  36 134  74 396  37  57 161
 235 155 444 447  27 169  48 294  64  84  52  58 369 143 340  93 188 315
 292 341 227 261 476 339 348  39 102 478  62 438 135 351 252  26 327 195
 401  49 319 441 128  34 375 384  16 253 192 359 495 190 484 207 342 402
 357   3 442 296 318 216 115 133 448 116 254 154   1  79 493 432 289 103
 461 436 173  51  24  80 166 310  82 338 170 240 110  77 383 311 245 372
  60 420 125 199 411 271 329 226 293 443 434 177 148 435 413]
Final time: 8.41386079788s - Best: 1985299-[297 328 196 372 251 140 453  42 163 309  55 185 285  43 202 299 278 376
 139 104 313 272 192 224 149   8 282 276 171 444 217  84  80 469  41  32
  48 113 121 169 486  83  59 339 445   7 111  39 246   5 356 236 142 112
 193  88 419 382 436  38 146 174 364  71 464 158 195 394  82 181 358 416
 345 221 421 496 325  67  81 362  62 420 266  76 346 468 230 154 287 353
 321 258 106 135 164 360 397 498 429 493 461 241 495  56 361 423 399 442
 462 283  11 314 401  24 465 456 371  34 242 500 194  13 379  35 352 277
 124 368 497 176 409 318 378  10 105  31  85 110 398 125 259 143 418  64
 214 483 331 240 103 132 359 408 427  74 183  47  29 389 209  77 396 100
 433 357 252  40 206  58 406 343 219 118 261  22 341 414 337 286 213 172
 335 200 470 136 481 305 351 182  28 383  45 347  60 324 162 311 450 369
 377 488   2 168  92 170  50  26 189 425 115 471 316 228 159 197 490 264
 220 101  27 491 476 267 188 289  37 130 446 474 482 127 256 375 231 249
 342 222  53 107  23 400 153  63 271 150   0  18 452 235 303 348  19 243
 233 211 451 216 208 380 301 330  44 373 179 116 344 279 349 387  70 275
 307 155  93  99 290 203 281  69 265 381 238 466  12  89 109 204 226 457
 239 129 439 160 403 411 447 215  16 438 152 102 460 479  94 332 386 336
 268 302 212  72 308  68 388 370 274 245 298 227 333  75 161 391 484  14
  79 412 473 187  90 207 354 141 485 448  95 190 255 288 430 494 218 120
 322 477 148  49 366  65 440  15  96 138 385 175 410 128  54  20 294 402
 253 404 157 201 467 365 487  25 475 312 426 250 126 205 108 405 147 392
 455 165 435 367 254  57 191 269 407 458 295 131 338 415 350 449 134 122
  51 199 472 340 443 260 428 355 145 334 151 363 186 257  46 454   9 225
 441 244 234 424 315 173 374 323 327 320 489 229 296 280 317 270 478 137
 263 292  21 413 123  91  86  61 390 310 184 422 437 326 210  87 480 300
 384 114  17   1 144 180 499 319  33 117 167 393   3 273 434  36 119 459
 178   4 223 284 329 156 432 291 133 492  98 166  78 417  73 262 395   6
 248  52 293 306 304 237  97 177  30 247  66 431 232 198 463]
Value - initial: 34482433, final: 1985299, improveup: 17.3688865002

data-line;i;34482433;f;1985299;t;8.41386079788;c;-2;fv;[1985299L];cv;-1;imp;17.3688865002;type;rvnd;inum;4;w;1

time;8.41386079788;man_time;0;neigh_time;0
man_time;0;man_merge_sol;0;man_best_sol;0;man_combine_sol;0

Waiting [0]
Terminating workers True 0 0
MPI TERMINATING
