pydf_home: /home/rodolfo/git/Sucuri
simple_pycuda_home: /home/rodolfo/git/simple-pycuda
wamca2016path: /home/rodolfo/git/wamca2016/
localpath: /home/rodolfo/git/dvnd-df/code/dvnd-df/src/
WAMCAPATH:/home/rodolfo/git/wamca2016/
param: {solution_index:4, solution_instance_index:29, multi_gpu:True, goal:False, problem_name:ml, number_of_moves:10, device_count:2, solver:rvnd, mpi_enabled:True, workers:1}
Using already created file:  wamca2016lib.so
Size: 501 - file name: 05_TRP-S500-R1.tsp

Value - initial: 32304486-[353  50 336 199 375  97 414 113  23 369 347 429 329 204 348  69 225 116
 468 140 496 283 271 241 376 364 121 229 484 118  88 165 384 233 304   4
  77 300 123 403 325 482 189  63 415 120 161 154 295 168 198 111 499 438
 290 382 495 164  43 277 437 477   6 466 332 156 244 103 422 441 255 258
 434 275 246  67 207 101 278 214 135 142 158 374 305 176 215 396 292 248
 303 191 350  59  91 459 394 232 341 108 425  16 418 371 451 129  10  35
 395 387 378  71 370 251  22  48  20 354 462 217 163 231 234 247 372 240
 491 209  13  95 182 359 181 483 310 318 196 421 149 192  46  42  90 126
 470 400 362 203  53 259 137 272 404  75 475  39 342 338 260 488  41 281
  82 253 183  52 269 216 316 426 453 109 322 127  98  99 355 363 124 406
 188  61   5 306 402 148   9 284 346   2 474  87 208  27  40 139 464 465
 333 430  57 327 324 236 379 187 473 291 339 419 412  96 393 153 270 311
  70 173 401 250 312 294 130 331  79 497   0 344 227 107  38 132 452 117
  74 298 307 228 282 289 472 213 428 162  36 500 222 110 432 288 226 411
 265 381 178  32 141 417 175 146 320 155   7 114  49 242  33 119  93  17
 385 455  68 388  84 136 256 264  25 254 105 487 128 335 423 383 157 380
 210 172 410 273  37  29 287 498 323 413 268 321 440 150  30  19 476  78
 463  31 230 166  92  34  65 315 313 445  24 343 408 490 134  83 144 446
 133 122 458  80 193  12 261 457 480 479 328  47 485 352 334 373 471 398
 235 243 456 361 447 424 427 436 420 239 223  21 389  45 301  64 492 100
 407  44 317 285 186 202 249 450 263 360 279 314 266  54 299 125  81 220
 390 179 177  66 293 257 238   8 337 160 276 145 280 143 252  51  60 454
 461  14 444  86 115 377 368  56 351   3  58 442  94 309 190 349 460 443
 302 169  11 170 147 167  55 358 435 416 180 219 104  15 486 171   1 200
 365  62 397 185  85 205 399 152 386 319 467 340 478 326 267 493 469 409
 237 494 174  28 405 197 184 297 330 274 433 245 431 481 357 489 211  76
  89 439  72  26 151 449 356 296 102 112 367 131 106 194 201 308 221 206
  18 212 195 218 286 391 392 138 262 345 224 366 159  73 448] - 32304486
Solver: RVND, number of workers: 1
Setting feeder affinity
I am the master. There are 1 mpi processes. (hostname = gpu01)
Roots [<pyDF.nodes.Feeder object at 0x7fb693beead0>]
Starting 0
Main loop
I am worker 0
GPU0
set random seed!
Initial: 32304486-[353  50 336 199 375  97 414 113  23 369 347 429 329 204 348  69 225 116
 468 140 496 283 271 241 376 364 121 229 484 118  88 165 384 233 304   4
  77 300 123 403 325 482 189  63 415 120 161 154 295 168 198 111 499 438
 290 382 495 164  43 277 437 477   6 466 332 156 244 103 422 441 255 258
 434 275 246  67 207 101 278 214 135 142 158 374 305 176 215 396 292 248
 303 191 350  59  91 459 394 232 341 108 425  16 418 371 451 129  10  35
 395 387 378  71 370 251  22  48  20 354 462 217 163 231 234 247 372 240
 491 209  13  95 182 359 181 483 310 318 196 421 149 192  46  42  90 126
 470 400 362 203  53 259 137 272 404  75 475  39 342 338 260 488  41 281
  82 253 183  52 269 216 316 426 453 109 322 127  98  99 355 363 124 406
 188  61   5 306 402 148   9 284 346   2 474  87 208  27  40 139 464 465
 333 430  57 327 324 236 379 187 473 291 339 419 412  96 393 153 270 311
  70 173 401 250 312 294 130 331  79 497   0 344 227 107  38 132 452 117
  74 298 307 228 282 289 472 213 428 162  36 500 222 110 432 288 226 411
 265 381 178  32 141 417 175 146 320 155   7 114  49 242  33 119  93  17
 385 455  68 388  84 136 256 264  25 254 105 487 128 335 423 383 157 380
 210 172 410 273  37  29 287 498 323 413 268 321 440 150  30  19 476  78
 463  31 230 166  92  34  65 315 313 445  24 343 408 490 134  83 144 446
 133 122 458  80 193  12 261 457 480 479 328  47 485 352 334 373 471 398
 235 243 456 361 447 424 427 436 420 239 223  21 389  45 301  64 492 100
 407  44 317 285 186 202 249 450 263 360 279 314 266  54 299 125  81 220
 390 179 177  66 293 257 238   8 337 160 276 145 280 143 252  51  60 454
 461  14 444  86 115 377 368  56 351   3  58 442  94 309 190 349 460 443
 302 169  11 170 147 167  55 358 435 416 180 219 104  15 486 171   1 200
 365  62 397 185  85 205 399 152 386 319 467 340 478 326 267 493 469 409
 237 494 174  28 405 197 184 297 330 274 433 245 431 481 357 489 211  76
  89 439  72  26 151 449 356 296 102 112 367 131 106 194 201 308 221 206
  18 212 195 218 286 391 392 138 262 345 224 366 159  73 448]
Final time: 5.94396209717s - Best: 1983740-[353 321 258 106 135 164 360 310   8 149 224 390  61 192 272 139 376 278
 202 299  43 285 309  55 185 292 104 313 263 297 328 196 372 140 453 251
 349 279 387  70 275 307 155  93  99 203 281  69 265 238 381 457 226 239
 129 439 160 403  16 411 447 215 152 102 460 479  94 332 386 336 268  72
 308  68 388 370 274 333  75 161 391 484  79 412 473 187  90 207 365 487
  25 475 392 455 147 405 108 151 334 428 355 145 363 186 257  46 249 231
 375 256 127 482 474 446 244 441  27 491  37 289 188 267 476  34 371 456
 401 314  24 465 462  11 283 442 399 424 315 173 498 397 429 493 461 241
 495  56 361 437 326 210 277 352  13 379  35 368  10 378 240 103 132 359
 408 427  74 183 180 396 100  77 209 389  29  47 483 214 398 110  85 101
 490 264 220 125 259 143  64 418 189  26  50 162 324  60 347 311 450 369
 377 488   2 168 170  92 131 295 338 415 350 458 449 134 122 340 443 291
 165 435 367 254  57 404 253 402 294  20 128  54 329 284 223   4 459 119
  36 434 273 393 167 117 481 305 351  28 182  45 383 319  33 136 470 200
 335 172 213 286 337 414 341  22 261 118 219 343 433 406  58 206 357 252
  40 144 384 114   1  17 300 480  67 325 496 421 221 362  62 420 266  76
 346 468 230 158 464  71 364 174 146  38 436 181  82 345 416 358 431 382
 419  88 193 112 142 236   5 356 339 445 111   7  83  59 169 113  48  32
 469  41 217  84  80 463 121 198 287 154 184 374 323 327 153 400  23 107
  53 271  63 229 489 296 280 317 270   0  18 452 235 303 348  78 417  73
 243  19 116 344 179 373  44 330 301 380 109 208 216 451 233 211   6 248
  52 306 293 212 302 395 262 492 133 298 245 227 250 126 205 426 312  14
 304 237  97 255 190  95 448 354 141 485 288 467 157 201 430 494 218 120
 322 477 148  49 366  65 440  15  96 177 138 385 175 410 156 407 191 269
 432 260 472 199  51 316 115 471 228 159 225 197  31 105 331 497 318 409
 176  81  87 124 194 500 242 234 130   9 454 342 222  98 166 150 478 137
  21 413  86 123  91 444 171 282 276 486  39 246 232 195 394 422 423 320
 163  42 290 466  12  89 204 438 247 425  66   3 178  30 499]
Value - initial: 32304486, final: 1983740, improveup: 16.2846370996

data-line;i;32304486;f;1983740;t;5.94396209717;c;-2;fv;[1983740L];cv;-1;imp;16.2846370996;type;rvnd;inum;4;w;1

time;5.94396209717;man_time;0;neigh_time;0
man_time;0;man_merge_sol;0;man_best_sol;0;man_combine_sol;0

Waiting [0]
Terminating workers True 0 0
MPI TERMINATING
