pydf_home: /home/rodolfo/git/Sucuri
simple_pycuda_home: /home/rodolfo/git/simple-pycuda
wamca2016path: /home/rodolfo/git/wamca2016/
localpath: /home/rodolfo/git/dvnd-df/code/dvnd-df/src/
WAMCAPATH:/home/rodolfo/git/wamca2016/
param: {solution_index:2, solution_instance_index:44, multi_gpu:True, goal:False, problem_name:ml, number_of_moves:10, device_count:2, solver:rvnd, mpi_enabled:True, workers:1}
Using already created file:  wamca2016lib.so
Size: 226 - file name: 03_pr226.tsp

Value - initial: 183143705-[169 195  54 198 204  57 183  86 173 162  50 139 136  15 106  49 133  75
 112  37   8  56  71 193 158 111 213 190  73  72 178 215 118  81 159 175
 197   5  92  30  34  21 218 177  27 214 129 220  39  83 166  46  44  32
 125   4 142  94  36 155  63  88 165 140 146  97  53  23  52 209 211  91
   0  67  26 184 161 121 132 108 185 212 109 168 128 122 120 163   1  84
 119 141  58 167  51  14  61 182 194 116  28  10 205  60  24   3 143  80
  78 115 186  16 150 130   2 107 164 170 138 189  74  66  68 124 179  38
 171 148  87  90 199 147 221  62 113 137 110  17 160 105 101 202  31 156
 201  11  25 103 200 219  98  79 187 222  77 144  41  22 174 104 153 154
  70 172  43 225  20 127 151 196  64  89 152 131 135   9 102  99 149 176
 157  13 217  18  93  47  85  45 207 206 203 145 134  35   6 126  29   7
 181  82  69  95 216 191  40  48  59 100 117  12  65  55 224 114  76 223
  96 188  42 123  19  33 192 180 208 210] - 183143705
Solver: RVND, number of workers: 1
Setting feeder affinity
I am the master. There are 1 mpi processes. (hostname = gpu01)
Roots [<pyDF.nodes.Feeder object at 0x7efe9fc1aad0>]
Starting 0
Main loop
I am worker 0
GPU0
set random seed!
Initial: 183143705-[169 195  54 198 204  57 183  86 173 162  50 139 136  15 106  49 133  75
 112  37   8  56  71 193 158 111 213 190  73  72 178 215 118  81 159 175
 197   5  92  30  34  21 218 177  27 214 129 220  39  83 166  46  44  32
 125   4 142  94  36 155  63  88 165 140 146  97  53  23  52 209 211  91
   0  67  26 184 161 121 132 108 185 212 109 168 128 122 120 163   1  84
 119 141  58 167  51  14  61 182 194 116  28  10 205  60  24   3 143  80
  78 115 186  16 150 130   2 107 164 170 138 189  74  66  68 124 179  38
 171 148  87  90 199 147 221  62 113 137 110  17 160 105 101 202  31 156
 201  11  25 103 200 219  98  79 187 222  77 144  41  22 174 104 153 154
  70 172  43 225  20 127 151 196  64  89 152 131 135   9 102  99 149 176
 157  13 217  18  93  47  85  45 207 206 203 145 134  35   6 126  29   7
 181  82  69  95 216 191  40  48  59 100 117  12  65  55 224 114  76 223
  96 188  42 123  19  33 192 180 208 210]
Final time: 2.21773099899s - Best: 8256033-[169 170 171 172 173 174 175 176 177 178 179 180 181 182 183 184 185 186
 187 188 189 190 191 192 193 194 195 196 197 198 199 200 201 202 203 204
 205 206 207 208 209 210 211 212 213 214 215 216 217 218 219 220 221 222
 223 224 225 124 131 129 123 122 130 128 121 120 126 127 119 118 125 132
 133 134 135  98  97  96  95  88  87  89  90  91  99 100  92  93 101 143
 136 137 145 144 138 139 146 148 140 141 147 149 142 168 167 166 165 164
 163 162 161 160 159 158 157 156 155 154 153 152 151 150  86  94  62  61
  60  59  58  57  56  55  54  53  52  51  50  63 102 104 103 105 106 107
 108 109 117 116 115 114 113 112 111 110  85  84  83  82  81  80  79  78
  77  76  75  74  73  72   0   1   2   3   4   5   6   7   8   9  13  14
  15  10  11  12  70  67  68  66  16  17  18  19  20  21  22  23  24  25
  26  27  28  29  33  34  35  30  31  32  47  44  43  36  37  38  41  42
  46  45  48  49  64  65  69  71  39  40]
Value - initial: 183143705, final: 8256033, improveup: 22.1830151357

data-line;i;183143705;f;8256033;t;2.21773099899;c;-2;fv;[8256033L];cv;-1;imp;22.1830151357;type;rvnd;inum;2;w;1

time;2.21773099899;man_time;0;neigh_time;0
man_time;0;man_merge_sol;0;man_best_sol;0;man_combine_sol;0

Waiting [0]
Terminating workers True 0 0
MPI TERMINATING
