pydf_home: /home/rodolfo/git/Sucuri
simple_pycuda_home: /home/rodolfo/git/simple-pycuda
wamca2016path: /home/rodolfo/git/wamca2016/
localpath: /home/rodolfo/git/dvnd-df/code/dvnd-df/src/
WAMCAPATH:/home/rodolfo/git/wamca2016/
param: {solution_index:5, solution_instance_index:54, multi_gpu:True, goal:False, problem_name:ml, number_of_moves:10, device_count:2, solver:rvnd, mpi_enabled:True, workers:1}
Using already created file:  wamca2016lib.so
Size: 657 - file name: 06_d657.tsp

Value - initial: 290298778-[308   3 603 332 269 116 559 201 501 636  57 516 341 398  22 415 572 628
 632  71  54 421 445 106 317 122 188 204 646 290 484  10 643 184 185  55
 306 550 500 497 418 574 557 248 168 152 387  15  61 216 285 470 305  77
 266 441 361 371  96 175 525 599 595 614  97 627 443 399 440 239 310 298
 296 256 275   2  31 249 555 140 604 566 260 338 333 538 591  24 411 518
  43 378  89 242  81 346 426 280  11 503 383 451 478 355 606 147 533  28
  44  72 124 637 143  38 250 270 452 607 477  45 481 645 449 348 313 545
 262  91 612 377 641 309 158 123 241 321 450  46 328 417 439 618 590 432
 480 396  14 368 523  70   0 529 542 149 312 403 594 476 276 134 365 492
 605 199 624 334 568 319 526 374 247 153 537 192 299  68 244 488   7 536
  37 514 620 350   9 238  67 625 354 326 221  39 343 171 115 560  42  47
 486 429 520 160 619 272 112 165 414 182 240 552  64 650 235 461 364 133
 218 556  33 581 130 543 600 237  76  12 634 608  78 196 234 471 539 522
 473 507 191 474 132 491  84 447 316 410 259 107 649 340 252 515 206 362
 190 345 330 535 151  88 293 314 318 395 611 225 458 278 436 329 339  73
 126 454 113 485 120 257 210  30 640 258  21 582 651 224 105 379 156 288
 125 370 647 353 392 580 336 277  41 502 284 145 494 638 419 135 654 413
  58 167 222 279 483  35 195 382 303 189 585 223 359 289 401 577 548 455
 495 282 236 127 268  29 510 177 596 281  26 119 423   5 381 623 479 155
 434 380 173 351 323 287 228 540 219 408 212 169 424 573 136 446 652 656
 253 203 129 146 601 422 579 397  16 230  69 302 187 297 431 356 274 325
 393 464 232 617  85 517 264 575 344 142 562 531 200 407 141 148 131 193
 261 286 176 245  13 564 416 291 592 420  50 144 457 233 157 255 541 400
 208 179 468 412 121 373 512 469 583   8 406   6  63 315 409 391  17 162
 265 648  65 509  20  51 475 389 273 465   1  49 639 375 394  75 549  59
 170  79 405 576  32  66 609 390  18 621  36 630 220 110 490 342 161 118
 456 139 425 172 102 301 101 430 385 324 226 506 561 111 114 320 433 307
 563 367 197 467 331 466 642 108 229  53 615 337 527 448 613 597 428  48
 489 472 460 103 519  25 376 164 631 521 254 388  62 553 246 463 544 372
 598 626 138 586  92 570 300 644 159 508 217 202 128 311 214 442 427 438
 205 294  23 322 207 587 578 137 267  93 251  99 589 357 335 498 186 349
 610 263 352 183 487 194 363 163 209  82 547 571 304  90 546 532 166 369
 444  87 437 482 384 565 496 524 504 602 215 616 588  60 622  52 174 327
 227 635 558 593 511 459 198 402  98 150 493 117 386 530  56  86 211 178
 154 100 181 180 528  27 231  83  80 283 104 505 271 567 243 554 462 347
 584 453 499 358 404   4 633  34 435  19  74  40 653 360 295 569 629 109
 655  95 551 513  94 213 292 534 366] - 290298778
Solver: RVND, number of workers: 1
Setting feeder affinity
I am the master. There are 1 mpi processes. (hostname = gpu01)
Roots [<pyDF.nodes.Feeder object at 0x7fb2f0753ad0>]
Starting 0
Main loop
I am worker 0
GPU0
set random seed!
Initial: 290298778-[308   3 603 332 269 116 559 201 501 636  57 516 341 398  22 415 572 628
 632  71  54 421 445 106 317 122 188 204 646 290 484  10 643 184 185  55
 306 550 500 497 418 574 557 248 168 152 387  15  61 216 285 470 305  77
 266 441 361 371  96 175 525 599 595 614  97 627 443 399 440 239 310 298
 296 256 275   2  31 249 555 140 604 566 260 338 333 538 591  24 411 518
  43 378  89 242  81 346 426 280  11 503 383 451 478 355 606 147 533  28
  44  72 124 637 143  38 250 270 452 607 477  45 481 645 449 348 313 545
 262  91 612 377 641 309 158 123 241 321 450  46 328 417 439 618 590 432
 480 396  14 368 523  70   0 529 542 149 312 403 594 476 276 134 365 492
 605 199 624 334 568 319 526 374 247 153 537 192 299  68 244 488   7 536
  37 514 620 350   9 238  67 625 354 326 221  39 343 171 115 560  42  47
 486 429 520 160 619 272 112 165 414 182 240 552  64 650 235 461 364 133
 218 556  33 581 130 543 600 237  76  12 634 608  78 196 234 471 539 522
 473 507 191 474 132 491  84 447 316 410 259 107 649 340 252 515 206 362
 190 345 330 535 151  88 293 314 318 395 611 225 458 278 436 329 339  73
 126 454 113 485 120 257 210  30 640 258  21 582 651 224 105 379 156 288
 125 370 647 353 392 580 336 277  41 502 284 145 494 638 419 135 654 413
  58 167 222 279 483  35 195 382 303 189 585 223 359 289 401 577 548 455
 495 282 236 127 268  29 510 177 596 281  26 119 423   5 381 623 479 155
 434 380 173 351 323 287 228 540 219 408 212 169 424 573 136 446 652 656
 253 203 129 146 601 422 579 397  16 230  69 302 187 297 431 356 274 325
 393 464 232 617  85 517 264 575 344 142 562 531 200 407 141 148 131 193
 261 286 176 245  13 564 416 291 592 420  50 144 457 233 157 255 541 400
 208 179 468 412 121 373 512 469 583   8 406   6  63 315 409 391  17 162
 265 648  65 509  20  51 475 389 273 465   1  49 639 375 394  75 549  59
 170  79 405 576  32  66 609 390  18 621  36 630 220 110 490 342 161 118
 456 139 425 172 102 301 101 430 385 324 226 506 561 111 114 320 433 307
 563 367 197 467 331 466 642 108 229  53 615 337 527 448 613 597 428  48
 489 472 460 103 519  25 376 164 631 521 254 388  62 553 246 463 544 372
 598 626 138 586  92 570 300 644 159 508 217 202 128 311 214 442 427 438
 205 294  23 322 207 587 578 137 267  93 251  99 589 357 335 498 186 349
 610 263 352 183 487 194 363 163 209  82 547 571 304  90 546 532 166 369
 444  87 437 482 384 565 496 524 504 602 215 616 588  60 622  52 174 327
 227 635 558 593 511 459 198 402  98 150 493 117 386 530  56  86 211 178
 154 100 181 180 528  27 231  83  80 283 104 505 271 567 243 554 462 347
 584 453 499 358 404   4 633  34 435  19  74  40 653 360 295 569 629 109
 655  95 551 513  94 213 292 534 366]
Final time: 11.6815741062s - Best: 14194170-[308 334 324 323 340 335 345 341 322 317 307 298 290 262 238 239 230 220
 218 217 209 199 198 197 195 191 186 181 180 185 178 172 168 155 140 132
 115  98  97  91  93  84  74  77  73  68  63  45  44  49  54  50  40  48
  52  57  59  55  46  42  38  43  47  61  66  71  80  81  75  62  56  67
 483 472 482 486 490 485 480 481 487 488 489 484 514 515 518 517 516 513
 512 500 501 503 502 499 504 126 135 125 506 498 496 497 494 491  87  88
  95 108 123 110  94  89  83  76  82  96 100 107 111 106 112 122 143 153
 150 158 166 179 177 184 208 214 219 207 224 226 242 250 228 243 255 259
 284 291 277 272 274 283 286 314 315 329 338 344 353 362 352 363 359 366
 368 374 376 379 384 412 407 403 394 385 395 396 402 406 413 425 424 419
 410 401 405 414 431 423 432 435 430 436 422 421 415 404 400 389 397 388
 370 364 348 342 309 321 325 326 320 310 300 276 270 252 268 260 251 247
 241 232 254 248 236 225 240 264 263 271 261 253 234 206 196 190 162 164
 156 163 141 117 131 138 129 142 137 130 128 116 101  79  64  60  53  41
  39  36  35  33  32   7   9   8  10  11  12  24  21  14  15  16  13  17
  20  28  65  72  85 102 114 118 103 113 119 169 171 170 161 154 149 147
 148 139 120  99  92  86 104 121 105  90  70  58  37  34 469  31  25 440
  23  26  27  30  29  22  18  19 444 445 447 446 443 441 442 463 462 466
 468 464 458 453 449 448 450 452 451 454 461 465 467 460 459 455 473 456
 457 475 476 479 478 477 519 520 521 527 526 525 522 524 530 533 523 529
 531 532 535 534 538 539 540 541 537 536 642 641 640 639 638 637 636 634
 635 633 632 631 630 629 544 545 546 547 548 552 628 562 561 564 560 565
 563 558 553 554 555 550 549 543 551 557 566 570 201 202 580 229 246 257
 279 592 306 297 296 280 266 258 273 265 245 222 216 212 213 200 194 183
 173 182 159 510 509 508 133 136 507 495 492 493 505 124 127 145 144 109
 134 146 151 167 176 192 188 175 152 160 174 193 189 205 203 211 233 244
 256 267 282 285 278 281 301 295 302 319 330 343 354 375 380 383 381 393
 426 408 622 620 618 617 616 615 613 612 611 609 604 603 599 590 587 585
 588 594 602 597 596 591 583 584 577 576 572 626 568 569 571 573 574 578
 582 581 586 589 598 600 601 595 608 605 606 610 607 337 356 331 355 360
 336 316 332 367 382 411 417 429 434 433 378 357 351 333 318 312 305 304
 311 327 358 373 386 377 365 350 369 387 349 294 292 287 275 288 293 299
 303 346 361 372 398 391 409 420 437 438 416 390 399 371 347 289 269 237
 231 235 210 187 165 157 204 215 221 227 223 249 313 328 339 392 428 418
 427 624 625 619 623 621 614 593 579 575 656 655 654 627 653 652 651 650
 649 648 647 645 646 644 643 542 556 567 511 559 528 474 471 470  51  69
  78   6   5   4   3   2   1 439   0]
Value - initial: 290298778, final: 14194170, improveup: 20.4519727466

data-line;i;290298778;f;14194170;t;11.6815741062;c;-2;fv;[14194170L];cv;-1;imp;20.4519727466;type;rvnd;inum;5;w;1

time;11.6815741062;man_time;0;neigh_time;0
man_time;0;man_merge_sol;0;man_best_sol;0;man_combine_sol;0

Waiting [0]
Terminating workers True 0 0
MPI TERMINATING
