pydf_home: /home/rodolfo/git/Sucuri
simple_pycuda_home: /home/rodolfo/git/simple-pycuda
wamca2016path: /home/rodolfo/git/wamca2016/
localpath: /home/rodolfo/git/dvnd-df/code/dvnd-df/src/
WAMCAPATH:/home/rodolfo/git/wamca2016/
param: {solution_index:5, solution_instance_index:57, multi_gpu:True, goal:False, problem_name:ml, number_of_moves:10, device_count:2, solver:rvnd, mpi_enabled:True, workers:1}
Using already created file:  wamca2016lib.so
Size: 657 - file name: 06_d657.tsp

Value - initial: 270792075-[537 562 189 106  18 291 482 589 421  86 262 349 477  53 414 121 498  26
 538   0 384 308 615 161 435 510 407 149 547 436 571 173 568 593 212 383
 363 446 211  11 275 133 217 147 176 346 182  71  19 177 549 261 393  55
 155 423 365 544 520 402  42 442 505 192 306 223 447 311 190 146 232 302
 550 376   6 342 561 633 343 185 373 340 199 137 276 307 227 258  38 249
  77 558 204 338 491 495 331  74 313 417 140 303 301 318 326 638 466 481
 449  69 631 264 347 620  12 193   1 288  63 280 555 328 634 522 183 286
 165 196 426 251 410 476 559 484 272 650  84 424 197 273 129  75 434  39
 507 336 310 486 168 527 643  88 462 231 521 102 113 362 428 367 387 525
 152 654 418 612 219   5  59 471 181 617 516 375 296 635 408 334 398 399
 233 504  52 644 143  61 248 330  90  94 103 390 512 228 534 388 135 524
 380 265 221 588 419 473 389 222 478 487 412 292 130 427 626 585 274 460
 474 151   9 159 420 268 187 573 468 299 640 284 285 112 655 621 455 126
 526 131 210 565 247 409 536 641 518 169 574 587 245  16 164 370 128  73
 293 514 244 305 350  99 560 298 437  35  47 456 497 515 575 531 628 470
  81 315 542  13 405 294 382 517  51 475 453 360 592 532  54 458 397 356
 396  98 195 237 623 629 656  29  93 322 345 115 601  70  57 125 564 295
  50 194 604 552 372  89  60 179 508 493 400  92 180  64 203 324 242 123
 433 591 167 337 438  20  36 445  30 257 451 465 213 566 104 253 335 270
 411  56 283 178 494 406 539 556 246 610 309 528 142 144 651 642  45   8
 266 584 101 240  41 344   3 647 357 175 256 352  87 523 319 450 553 535
  32 597 230 329 403 614 229  95 174 546 250 348 124 200 425 586 391  22
  85  34 188  78 581 202 141  37 490  31 545  49 459 637 371 627 289 616
 355 353 404  24 170 448 236 107  33 416  79 577 503 368 260 582 619 214
 321 513  14 153  80  27  28 359 578 551 572 278 624 509 413 239 386 639
 300 226 166 636 533 401 483 154 618 374 625 172   7 394 554 530 287 439
  66 613 622 254  96 646 600 502 485 207 599 500 632  76  91  46 379 461
 540 122 314 282  25 480 171 290 259 361 277 499 118 440 366 205 136 557
 281  65  21 392 139 114 431  44 543 563 429 316   2 489  62 327 501 218
 395 488 511  17 467 602 100 385 134 569 162 457 269 378 583 354 267  83
 594  72 432 506 150 157 138  67 472  10  15 541 608 463 333 198 271 364
 235  97 567 105 224 158 201 215 317 234 243 108 479 441 652 464 263 304
 116 127 255  82 184 496 351 117 609 607 603 381 492  43 611 320 339 596
 430 110 120 208  40 576 156 206 332   4 241 279 648 454 225 444 220 580
 570 377  23 598 238 443 595 216 422 148 109 325 358 579 163  58 645 297
 606 145  68  48 548 653 369 209 111 132 186 341 312 119 191 323 590 605
 452 252 415 519 649 630 469 529 160] - 270792075
Solver: RVND, number of workers: 1
Setting feeder affinity
I am the master. There are 1 mpi processes. (hostname = gpu01)
Roots [<pyDF.nodes.Feeder object at 0x7f173b443ad0>]
Starting 0
Main loop
I am worker 0
GPU0
set random seed!
Initial: 270792075-[537 562 189 106  18 291 482 589 421  86 262 349 477  53 414 121 498  26
 538   0 384 308 615 161 435 510 407 149 547 436 571 173 568 593 212 383
 363 446 211  11 275 133 217 147 176 346 182  71  19 177 549 261 393  55
 155 423 365 544 520 402  42 442 505 192 306 223 447 311 190 146 232 302
 550 376   6 342 561 633 343 185 373 340 199 137 276 307 227 258  38 249
  77 558 204 338 491 495 331  74 313 417 140 303 301 318 326 638 466 481
 449  69 631 264 347 620  12 193   1 288  63 280 555 328 634 522 183 286
 165 196 426 251 410 476 559 484 272 650  84 424 197 273 129  75 434  39
 507 336 310 486 168 527 643  88 462 231 521 102 113 362 428 367 387 525
 152 654 418 612 219   5  59 471 181 617 516 375 296 635 408 334 398 399
 233 504  52 644 143  61 248 330  90  94 103 390 512 228 534 388 135 524
 380 265 221 588 419 473 389 222 478 487 412 292 130 427 626 585 274 460
 474 151   9 159 420 268 187 573 468 299 640 284 285 112 655 621 455 126
 526 131 210 565 247 409 536 641 518 169 574 587 245  16 164 370 128  73
 293 514 244 305 350  99 560 298 437  35  47 456 497 515 575 531 628 470
  81 315 542  13 405 294 382 517  51 475 453 360 592 532  54 458 397 356
 396  98 195 237 623 629 656  29  93 322 345 115 601  70  57 125 564 295
  50 194 604 552 372  89  60 179 508 493 400  92 180  64 203 324 242 123
 433 591 167 337 438  20  36 445  30 257 451 465 213 566 104 253 335 270
 411  56 283 178 494 406 539 556 246 610 309 528 142 144 651 642  45   8
 266 584 101 240  41 344   3 647 357 175 256 352  87 523 319 450 553 535
  32 597 230 329 403 614 229  95 174 546 250 348 124 200 425 586 391  22
  85  34 188  78 581 202 141  37 490  31 545  49 459 637 371 627 289 616
 355 353 404  24 170 448 236 107  33 416  79 577 503 368 260 582 619 214
 321 513  14 153  80  27  28 359 578 551 572 278 624 509 413 239 386 639
 300 226 166 636 533 401 483 154 618 374 625 172   7 394 554 530 287 439
  66 613 622 254  96 646 600 502 485 207 599 500 632  76  91  46 379 461
 540 122 314 282  25 480 171 290 259 361 277 499 118 440 366 205 136 557
 281  65  21 392 139 114 431  44 543 563 429 316   2 489  62 327 501 218
 395 488 511  17 467 602 100 385 134 569 162 457 269 378 583 354 267  83
 594  72 432 506 150 157 138  67 472  10  15 541 608 463 333 198 271 364
 235  97 567 105 224 158 201 215 317 234 243 108 479 441 652 464 263 304
 116 127 255  82 184 496 351 117 609 607 603 381 492  43 611 320 339 596
 430 110 120 208  40 576 156 206 332   4 241 279 648 454 225 444 220 580
 570 377  23 598 238 443 595 216 422 148 109 325 358 579 163  58 645 297
 606 145  68  48 548 653 369 209 111 132 186 341 312 119 191 323 590 605
 452 252 415 519 649 630 469 529 160]
Final time: 11.5038380623s - Best: 14456518-[537 538 539 540 541 542 544 545 546 547 548 550 549 543 551 557 555 554
 553 558 563 565 560 564 561 562 568 569 571 573 577 576 584 583 582 581
 586 257 246 229 580 213 200 194 183 173 182 189 159 510 509 508 133 507
 503 501 502 499 504 126 135 125 506 145 144 127 124 505 498 496 490 487
 488 484 481 480 485 486 491 494 497  87  88  95 108 123 110  94  89  83
  76  82  81  75  62  51  47  43  38  34 469 463 462 466 468 464 458 461
 465 467 460 459 457 456 473 455 454 451 452 450 453 448 449 442 441 443
 446 447 445 444  19  18  13  17  16  14  15  20  28  40  50  54  49  44
  45  41  39  36  35  33  32  21  24  12  11  10   8   9   7  53  60  64
  63  68  73  77  84  74  93  91  97  98 115 102 114 118 119 139 148 161
 170 171 169 157 165 187 181 180 186 191 198 199 197 195 185 178 172 168
 155 142 137 130 116 128 129 131 138 163 156 164 162 190 196 206 220 230
 238 239 253 234 218 209 217 240 264 263 261 271 290 298 307 317 322 335
 345 341 347 361 340 323 324 303 299 293 288 292 287 275 254 248 236 225
 215 232 241 247 251 260 268 252 227 219 214 208 184 179 177 154 149 147
 120 104  90  86  92  99 113 103  85  72  65  57  52  48  59  69  55  30
  27  29  22  23 440  25  26  31  37  42  46  58  61  66  71  80 105 121
 150 158 166 153 167 151 143 122 112 106 111 107 100  96  67  56 471 483
 482 472 479 476 477 478 515 514 489 492 495 500 136 160 174 193 203 205
 212 216 222 245 278 281 295 302 301 316 329 338 332 314 315 286 283 274
 272 277 291 313 328 339 359 363 352 362 344 353 336 354 343 319 330 331
 306 297 296 280 273 258 266 592 279 589 598 600 607 610 606 605 601 595
 591 596 597 602 611 612 619 625 624 427 426 408 622 620 618 617 616 615
 337 356 355 360 381 383 380 375 367 382 392 411 417 429 434 433 412 407
 403 394 384 379 366 368 374 376 385 395 402 406 413 425 419 424 431 423
 432 401 405 414 410 396 378 373 351 357 333 318 312 305 304 311 327 358
 365 369 377 386 387 430 435 436 422 397 388 370 389 398 400 404 415 421
 439 437 438 420 409 416 399 371 390 391 372 346 334 308 309 321 325 342
 348 364 349 350 326 320 310 300 276 270 250 242 226 224 228 223 243 255
 259 284 249 233 244 256 267 282 285 265 202 201 570 566 556 559 528 512
 513 516 517 518 519 520 521 527 526 525 522 524 530 533 523 529 531 532
 535 534 536 635 634 633 632 631 636 637 638 639 640 641 642 643 644 646
 645 647 648 649 630 629 552 628 651 650 652 653 627 654 655 626 572 656
 575 579 585 588 587 590 593 599 603 604 609 614 621 623 613 608 594 578
 574 567 511 152 175 188 192 176 109 134 146 207 221 204 140 132 101  79
  78   6   4   3   2   1   5 117 141 210 235 231 237 269 289 262 294 428
 418 393 211 493 474 475 470  70   0]
Value - initial: 270792075, final: 14456518, improveup: 18.7314867245

data-line;i;270792075;f;14456518;t;11.5038380623;c;-2;fv;[14456518L];cv;-1;imp;18.7314867245;type;rvnd;inum;5;w;1

time;11.5038380623;man_time;0;neigh_time;0
man_time;0;man_merge_sol;0;man_best_sol;0;man_combine_sol;0

Waiting [0]
Terminating workers True 0 0
MPI TERMINATING
