pydf_home: /home/rodolfo/git/Sucuri
simple_pycuda_home: /home/rodolfo/git/simple-pycuda
wamca2016path: /home/rodolfo/git/wamca2016/
localpath: /home/rodolfo/git/dvnd-df/code/dvnd-df/src/
WAMCAPATH:/home/rodolfo/git/wamca2016/
param: {solution_index:6, solution_instance_index:80, multi_gpu:True, goal:False, problem_name:ml, number_of_moves:10, device_count:2, solver:rvnd, mpi_enabled:True, workers:1}
Using already created file:  wamca2016lib.so
Size: 783 - file name: 07_rat784.tsp

Value - initial: 72840940-[490 331 120 487  26 720  94 165  88 279 218 430 680 369 428 366 624 585
 425 400 694 758 723 192 667 277 782 171 554 775 178 581 238  85 666 453
 198 353 643 421 288  79 222 263 456 411 215 547 372 199  48 730 641 240
 202 228 505 731 322  21  54 611 739 619 484 447 724 135 701 664  13 747
   4 755 767 474 584 426 118 299 513 271  23 587 138 188 326 657 250 219
 285 550 314 367 449 256 665 754 181 539 427 381 496  99 492 415 379 538
 193 520 499 152 416  52 265 751   5 530 321 383 715 129 570  18 658 469
 424 384  28 437 258 737 241 397 756 231 717 414 177 433  77 309 102 451
 524 773 217  35 772 348 295 267 518 617 704  56 344 635 341 725 507 629
 697 445 180 678 494 752 674 257 648 283  33 749 762 483 531 374 509 473
 148 592 204 162  80 166 764 681 687 251 281 622 339 649 455  37 595 577
 662 345 572 475  63 647  97 603 558 740 275 515 154   9 242 365 541  95
 300 370 209 605 273 179 458 493 669 698 293 210 636  55 563 356 543 486
 200  68 695 637 113 315 631 386 191  14 303 750 225 568 529 551 546 332
 239 654 446 291  22 401 245 610 404 260 738 412  69 583   8  83 220 143
 745 472 655 334 706 661 274 553 161 195  58 548 146 684 116 337 668 307
 616 124   2  20 206 525 476 479 719 504 109  65 352 105 659 470 378 552
 150 656 223 718  84 628 380 236  64 640 593 122 727  98 537 350  46 555
 642 614  76 398  17 535 153 763 561 590 527 354 112 623 557 676 335  92
 522 351 626 686 121 389 211  82 362 602 650 485 771  87 521 766 417 301
 151  67 514 779 147 528 742 342 325 392 103 516 457 201  75 316 280  96
 157 621 294 375 500 268 735 182 663 237 159 133 753 420 108 608 276 382
 691 413 670 769 464 693 264 710 246  73 675 774 536 403 361  47 559 298
 172 127 560 391 491 308 588 613 462 673 349  45 247 672 128 600  86 402
 336 306  15 183 234 627 156 604 287 340   7 142 327 244 692 164 423 454
 311 137 519 134 286 255 163 574 313 106 243 359 111  81 213 104 580 205
 526 126 407 468 289 235 355 418   1 227 705  16 542  71 167 671 158 318
 625 506 261 480 292 573 609  41  32 567 732 387 606 115 653 562 556 197
 333  42 571 396 329 131 685   3 368 768 214 431 190 778 432  27 477 463
 638 278 780 565 594 262 125  53 744 224 328 185 436 465 343 532 488 429
   6 221 729  39 736 677 441  38 226 566 395 282 759 703 503 324 270 452
 233 757  57 645 576  66 284 394  72 589 601 360 259 110 296 248 652 728
 743 405 440 119 439 377 442 770 203 130 688 734 545 646 702 632 388 266
 393  60 176 534  29 481 141  10 634 733 319  19 696 564  44 714 523 208
  40 607 544 707 371  43 620 615 189 467 330 746  61 644  12 618 510 682
 186 230 471  59 478 160  49 450 410 459 443 373 679 297 149  78 683 498
 175 612 511 249 575 495 132 448 290 482  62 597 399 466 578 363 100 216
 323  50 489 145  93 690 582 174  25 761 207 347 117 254 170  31 639 194
 651 700 136 586 508 438 549 633 517 385  91 304 376 364 320 252 741 434
 444 591 232  11 272 310  74   0 419 712 169 408 168 139 107  89 140 144
 196 390 187 599 357 765 460  34 748 726 229 596 406 630 512 699 358 569
  24 101 422  70 497 781 409 302 716  30 114 346 533 212 123 776 689 721
 579 777 269 722 155 760 598 708 338 502 435 184 713 173 305 540  90 501
 709 317 461 711 660  36 312  51 253] - 72840940
Solver: RVND, number of workers: 1
Setting feeder affinity
I am the master. There are 1 mpi processes. (hostname = gpu01)
Roots [<pyDF.nodes.Feeder object at 0x7f96f9fdead0>]
Starting 0
Main loop
I am worker 0
GPU0
set random seed!
Initial: 72840940-[490 331 120 487  26 720  94 165  88 279 218 430 680 369 428 366 624 585
 425 400 694 758 723 192 667 277 782 171 554 775 178 581 238  85 666 453
 198 353 643 421 288  79 222 263 456 411 215 547 372 199  48 730 641 240
 202 228 505 731 322  21  54 611 739 619 484 447 724 135 701 664  13 747
   4 755 767 474 584 426 118 299 513 271  23 587 138 188 326 657 250 219
 285 550 314 367 449 256 665 754 181 539 427 381 496  99 492 415 379 538
 193 520 499 152 416  52 265 751   5 530 321 383 715 129 570  18 658 469
 424 384  28 437 258 737 241 397 756 231 717 414 177 433  77 309 102 451
 524 773 217  35 772 348 295 267 518 617 704  56 344 635 341 725 507 629
 697 445 180 678 494 752 674 257 648 283  33 749 762 483 531 374 509 473
 148 592 204 162  80 166 764 681 687 251 281 622 339 649 455  37 595 577
 662 345 572 475  63 647  97 603 558 740 275 515 154   9 242 365 541  95
 300 370 209 605 273 179 458 493 669 698 293 210 636  55 563 356 543 486
 200  68 695 637 113 315 631 386 191  14 303 750 225 568 529 551 546 332
 239 654 446 291  22 401 245 610 404 260 738 412  69 583   8  83 220 143
 745 472 655 334 706 661 274 553 161 195  58 548 146 684 116 337 668 307
 616 124   2  20 206 525 476 479 719 504 109  65 352 105 659 470 378 552
 150 656 223 718  84 628 380 236  64 640 593 122 727  98 537 350  46 555
 642 614  76 398  17 535 153 763 561 590 527 354 112 623 557 676 335  92
 522 351 626 686 121 389 211  82 362 602 650 485 771  87 521 766 417 301
 151  67 514 779 147 528 742 342 325 392 103 516 457 201  75 316 280  96
 157 621 294 375 500 268 735 182 663 237 159 133 753 420 108 608 276 382
 691 413 670 769 464 693 264 710 246  73 675 774 536 403 361  47 559 298
 172 127 560 391 491 308 588 613 462 673 349  45 247 672 128 600  86 402
 336 306  15 183 234 627 156 604 287 340   7 142 327 244 692 164 423 454
 311 137 519 134 286 255 163 574 313 106 243 359 111  81 213 104 580 205
 526 126 407 468 289 235 355 418   1 227 705  16 542  71 167 671 158 318
 625 506 261 480 292 573 609  41  32 567 732 387 606 115 653 562 556 197
 333  42 571 396 329 131 685   3 368 768 214 431 190 778 432  27 477 463
 638 278 780 565 594 262 125  53 744 224 328 185 436 465 343 532 488 429
   6 221 729  39 736 677 441  38 226 566 395 282 759 703 503 324 270 452
 233 757  57 645 576  66 284 394  72 589 601 360 259 110 296 248 652 728
 743 405 440 119 439 377 442 770 203 130 688 734 545 646 702 632 388 266
 393  60 176 534  29 481 141  10 634 733 319  19 696 564  44 714 523 208
  40 607 544 707 371  43 620 615 189 467 330 746  61 644  12 618 510 682
 186 230 471  59 478 160  49 450 410 459 443 373 679 297 149  78 683 498
 175 612 511 249 575 495 132 448 290 482  62 597 399 466 578 363 100 216
 323  50 489 145  93 690 582 174  25 761 207 347 117 254 170  31 639 194
 651 700 136 586 508 438 549 633 517 385  91 304 376 364 320 252 741 434
 444 591 232  11 272 310  74   0 419 712 169 408 168 139 107  89 140 144
 196 390 187 599 357 765 460  34 748 726 229 596 406 630 512 699 358 569
  24 101 422  70 497 781 409 302 716  30 114 346 533 212 123 776 689 721
 579 777 269 722 155 760 598 708 338 502 435 184 713 173 305 540  90 501
 709 317 461 711 660  36 312  51 253]
Final time: 18.8987529278s - Best: 3356260-[490 482 476 455 448 459 454 462 485 491 494 512 518 517 530 538 539 546
 556 577 565 562 563 555 540 535 534 528 514 499 500 506 504 520 541 557
 564 569 576 583 590 586 602 608 621 629 635 650 645 652 653 661 672 673
 675 667 666 663 649 641 631 628 614 603 592 591 581 566 573 549 537 545
 548 544 531 543 536 527 524 508 501 519 513 523 521 496 495 486 473 479
 488 492 487 474 464 449 445 431 401 399 413 414 402 387 384 367 372 382
 380 385 379 374 390 410 417 416 418 409 408 407 419 423 429 425 432 421
 437 442 424 406 396 388 391 370 364 352 345 349 346 344 332 320 321 329
 335 325 317 311 300 309 307 287 270 271 262 259 282 281 286 274 256 261
 252 250 236 225 220 228 227 219 202 190 188 196 200 187 182 158 153 128
 129 140 131 130 157 165 173 167 169 176 180 193 198 192 170 134 133 148
 141 121 113 108 105 100  78  83  86  74  95  90  72  65  42  37  12  10
   3  33  27  23  26  25  20  15  31  13  21  34  49  61  67  84  98 101
 104 107 117 125 120 123 143 149 164 163 172 181 208 210 211 218 224 216
 205 199 197 178 175 162 168 156 139 127 111 115 132 136 142 151 160 186
 203 201 207 223 239 231 232 249 268 280 291 302 299 289 306 315 331 324
 322 318 326 334 357 343 355 358 342 351 362 383 389 386 381 400 422 428
 435 444 451 452 457 465 483 484 505 511 507 516 533 529 550 553 561 560
 568 578 579 585 593 596 597 589 598 612 618 616 627 620 606 599 600 613
 632 630 638 617 609 588 570 571 558 572 580 605 615 636 646 669 693 702
 695 714 723 701 707 715 722 729 730 726 749 748 761 769 762 745 740 741
 751 755 763 781 782 774 770 766 752 743 727 716 713 711 710 686 681 676
 657 655 662 642 634 624 622 619 601 584 582 554 522 515 503 489 478 480
 470 477 467 453 446 439 426 420 427 412 403 405 393 398 395 373 368 378
 377 360 348 361 341 330 333 323 319 297 308 303 296 295 283 278 260 251
 240 244 246 237 217 213 222 206 191 177 144 147 118 112 103  89  77  68
  54  43  50  41  53  71  91 102  81  85  70  76  73  88  94  97  75  62
  38  47  63  58  60  35  30  19   7  29  18   4   2  28   9   8  11  32
  57  52  46  64  82  93  80  66  40  45  17   6   1  22  16   0  14  24
  36  48  55  51  56  44  69  79  99 106 110 119 135 126 114  96 109 122
 116 124 145 138 146 154 159 174 152 150 155 161 183 195 194 204 185 179
 171 184 214 215 235 241 234 265 269 288 304 312 301 293 277 272 275 276
 254 245 238 229 230 226 221 242 255 266 267 257 258 292 290 305 338 375
 392 376 369 371 359 353 350 347 339 337 336 363 415 433 436 447 440 434
 430 438 456 466 468 469 463 475 493 551 587 640 643 656 648 660 668 665
 685 688 700 699 709 725 739 747 765 773 772 776 778 767 756 758 775 757
 742 738 721 731 735 717 734 744 759 764 771 760 777 768 746 733 737 724
 703 696 682 671 664 639 637 623 625 647 651 658 677 670 678 687 708 704
 705 684 679 689 697 690 691 706 712 732 736 753 754 720 719 718 698 694
 683 680 674 659 654 644 633 626 611 610 595 575 567 559 547 532 525 510
 498 471 481 472 404 365 327 316 298 285 273 247 248 189 209 212 243 263
 264 233 253 279 284 314 313 328 340 354 356 366 397 411 450 441 443 460
 461 502 509 497 552 542 526 574 604 692 779 780 750 728 607 594 458 310
 294 166  92  59  39   5 137  87 394]
Value - initial: 72840940, final: 3356260, improveup: 21.7030087061

data-line;i;72840940;f;3356260;t;18.8987529278;c;-2;fv;[3356260L];cv;-1;imp;21.7030087061;type;rvnd;inum;6;w;1

time;18.8987529278;man_time;0;neigh_time;0
man_time;0;man_merge_sol;0;man_best_sol;0;man_combine_sol;0

Waiting [0]
Terminating workers True 0 0
MPI TERMINATING
