pydf_home: /home/rodolfo/git/Sucuri
simple_pycuda_home: /home/rodolfo/git/simple-pycuda
wamca2016path: /home/rodolfo/git/wamca2016/
localpath: /home/rodolfo/git/dvnd-df/code/dvnd-df/src/
WAMCAPATH:/home/rodolfo/git/wamca2016/
param: {solution_index:2, solution_instance_index:35, multi_gpu:True, goal:False, problem_name:ml, number_of_moves:10, device_count:2, solver:rvnd, mpi_enabled:True, workers:1}
Using already created file:  wamca2016lib.so
Size: 226 - file name: 03_pr226.tsp

Value - initial: 189867387-[122  94 207 105 141 186 225  40 106 194   0 131 199 172 129 217 100 185
  74  90 183 123  26  29 216  45  18 142 127 211 150  28 171 219  68 166
 214  44 152  93  71  92 159 103 147  14  85 154  98  46 201  64  84  86
  87  69  83 220 190 202 177 132 173  32  20  49 197 126  27  82 160 208
 215  60  61   5 108 167  66  79 102  34 158 137  16  42 198 149  23  51
  57 104 130 109 133 135 192 212 184 136  25 113 110 162  78 168 169   3
 176  73 200 125  13  91  11   9 224 138 144  76   2 107 178  52  99  37
   4 116 121 151 218 115  81  95 112  43  47 155  17  15  56 205 114 148
 189  19 161  88 180 120 193 182  38  63 119   8 181  35  96  80   7   1
  75  62  59 187 124 118 170 163 156  48  33 139 153 203  22  12  77 213
  31  10  72  55 101 179  67 157  70 175 221  36 165 222  50 146  89 188
 134  41 117 191 143  54 128 195 204  24 206 174 145  97 164  30 111 196
   6  65 210  39  21  53 140 223 209  58] - 189867387
Solver: RVND, number of workers: 1
Setting feeder affinity
I am the master. There are 1 mpi processes. (hostname = gpu01)
Roots [<pyDF.nodes.Feeder object at 0x7ffb67977ad0>]
Starting 0
Main loop
I am worker 0
GPU0
set random seed!
Initial: 189867387-[122  94 207 105 141 186 225  40 106 194   0 131 199 172 129 217 100 185
  74  90 183 123  26  29 216  45  18 142 127 211 150  28 171 219  68 166
 214  44 152  93  71  92 159 103 147  14  85 154  98  46 201  64  84  86
  87  69  83 220 190 202 177 132 173  32  20  49 197 126  27  82 160 208
 215  60  61   5 108 167  66  79 102  34 158 137  16  42 198 149  23  51
  57 104 130 109 133 135 192 212 184 136  25 113 110 162  78 168 169   3
 176  73 200 125  13  91  11   9 224 138 144  76   2 107 178  52  99  37
   4 116 121 151 218 115  81  95 112  43  47 155  17  15  56 205 114 148
 189  19 161  88 180 120 193 182  38  63 119   8 181  35  96  80   7   1
  75  62  59 187 124 118 170 163 156  48  33 139 153 203  22  12  77 213
  31  10  72  55 101 179  67 157  70 175 221  36 165 222  50 146  89 188
 134  41 117 191 143  54 128 195 204  24 206 174 145  97 164  30 111 196
   6  65 210  39  21  53 140 223 209  58]
Final time: 9.02890896797s - Best: 6723574-[122 123 124 131 129 130 128 121 120 126 127 119 118 125 109 108 107 106
 105 103 104 102 110 111 112 113 114 115 116 117 225 224 223 222 221 220
 219 218 217 216 215 214 213 212 211 210 209 208 207 206 205 204 203 202
 201 200 199 198 197 196 195 194 193 192 191 190 189 188 187 186 185 184
 183 182 181 180 179 178 177 176 175 174 173 172 171 170 169 168 167 166
 165 164 163 162 161 160 159 158 157 156 155 154 153 152 151 150 147 149
 142 141 140 148 146 139 138 144 145 137 136 143 101  93  92 100  99  91
  90  98  97  89  87  96  95  88  86  94  46  45  44  47  32  31  30  35
  34  33  29  28  26  25  24  23  22  21  49  50  51  52  53  54  55  56
  57  58  59  60  61  62  63  64  18  17  16  15  12  11  10  14  13   9
   8   7   6   5   4   3   2   1   0  72  73  74  75  76  77  78  79  80
  81  82  83  84  85  71  70  67  66  68  69  65  19  20  27  48  43  36
  37  38  41  39  40  42 135 134 133 132]
Value - initial: 189867387, final: 6723574, improveup: 28.2390566386

data-line;i;189867387;f;6723574;t;9.02890896797;c;-2;fv;[6723574L];cv;-1;imp;28.2390566386;type;rvnd;inum;2;w;1

time;9.02890896797;man_time;0;neigh_time;0
man_time;0;man_merge_sol;0;man_best_sol;0;man_combine_sol;0

Waiting [0]
Terminating workers True 0 0
MPI TERMINATING
