pydf_home: /home/rodolfo/git/Sucuri
simple_pycuda_home: /home/rodolfo/git/simple-pycuda
wamca2016path: /home/rodolfo/git/wamca2016/
localpath: /home/rodolfo/git/dvnd-df/code/dvnd-df/src/
WAMCAPATH:/home/rodolfo/git/wamca2016/
param: {solution_index:2, solution_instance_index:29, multi_gpu:True, goal:False, problem_name:ml, number_of_moves:10, device_count:2, solver:rvnd, mpi_enabled:True, workers:1}
Using already created file:  wamca2016lib.so
Size: 226 - file name: 03_pr226.tsp

Value - initial: 199344894-[ 62  95 158 171  36 173   1  16  56 222 153  32  17  21 218  25 130 217
  13 202 223  23  82 188  41 164  58  67 131 150   0  46 168 142 179 100
 105 167 172  71 143  55  43  12 194 126 134 106 149 220  24 208 107  45
 169  14 116  60  69  79 165 102 180  49  33  97 110  84  10 199  74  34
   5 185  73   6  39 113 189  72  35 166  40 129 197 161 196  83  76 152
 177 120  68 183  98  53 198 115 138 145  89 137  78  30  96  20 190 104
 147 186 155  48  65 160 191 128 184  91  77 176 136 109  38 205 122  59
 121  86  70   3  81   8 154 216 124 175  80 209 114 162 178 123  26  52
 170 212 151  22 174 182 204 203  29 211 181  61  66 135 103 156 112   9
 141  93 200 195 206 225 146  44  57  75  54  28  63 117  50 127  47 119
  18 159 140 187 111 101  19 192 201 214 148   4 139  51 210 157  94  90
 118 133 219   7 125  85 207 213 224 144 215  11 163  88  15  27 221  42
 108  87  99  64 132  92  31  37   2 193] - 199344894
Solver: RVND, number of workers: 1
Setting feeder affinity
I am the master. There are 1 mpi processes. (hostname = gpu01)
Roots [<pyDF.nodes.Feeder object at 0x7f04ae0a5ad0>]
Starting 0
Main loop
I am worker 0
GPU0
set random seed!
Initial: 199344894-[ 62  95 158 171  36 173   1  16  56 222 153  32  17  21 218  25 130 217
  13 202 223  23  82 188  41 164  58  67 131 150   0  46 168 142 179 100
 105 167 172  71 143  55  43  12 194 126 134 106 149 220  24 208 107  45
 169  14 116  60  69  79 165 102 180  49  33  97 110  84  10 199  74  34
   5 185  73   6  39 113 189  72  35 166  40 129 197 161 196  83  76 152
 177 120  68 183  98  53 198 115 138 145  89 137  78  30  96  20 190 104
 147 186 155  48  65 160 191 128 184  91  77 176 136 109  38 205 122  59
 121  86  70   3  81   8 154 216 124 175  80 209 114 162 178 123  26  52
 170 212 151  22 174 182 204 203  29 211 181  61  66 135 103 156 112   9
 141  93 200 195 206 225 146  44  57  75  54  28  63 117  50 127  47 119
  18 159 140 187 111 101  19 192 201 214 148   4 139  51 210 157  94  90
 118 133 219   7 125  85 207 213 224 144 215  11 163  88  15  27 221  42
 108  87  99  64 132  92  31  37   2 193]
Final time: 1.48260617256s - Best: 7678532-[ 62  61  60  59  58  57  56  55  54  53  52  51  50  94  86  88  95  96
  87  89  97  98  90  91  99 100  92  93 101 143 136 137 145 144 138 139
 146 148 140 141 142 149 147 150 151 152 153 154 155 156 157 158 159 160
 161 162 163 164 165 166 167 168 169 170 171 172 173 174 175 176 177 178
 179 180 181 182 183 184 185 186 187 188 189 135 134 133 132 190 191 192
 193 194 195 196 197 198 199 200 201 202 203 204 205 206 207 208 209 210
 211 212 213 214 215 216 217 218 219 220 221 222 223 224 225 124 131 129
 123 122 130 128 121 120 126 127 119 118 125 117 109 108 116 115 107 106
 114 113 105 103 112 111 104 102 110  85  84  83  82  81  80  79  78  77
  76  75  74  73  72   0   1   2   3   4   5   6   8   9  13  14  15  16
  66  67  70  12  11  10   7  71  68  69  65  64  17  18  19  20  21  22
  23  24  25  26  27  28  29  33  34  35  30  31  32  47  44  45  43  36
  37  38  41  42  46  48  49  63  40  39]
Value - initial: 199344894, final: 7678532, improveup: 25.9613288061

data-line;i;199344894;f;7678532;t;1.48260617256;c;-2;fv;[7678532L];cv;-1;imp;25.9613288061;type;rvnd;inum;2;w;1

time;1.48260617256;man_time;0;neigh_time;0
man_time;0;man_merge_sol;0;man_best_sol;0;man_combine_sol;0

Waiting [0]
Terminating workers True 0 0
MPI TERMINATING
