pydf_home: /home/rodolfo/git/Sucuri
simple_pycuda_home: /home/rodolfo/git/simple-pycuda
wamca2016path: /home/rodolfo/git/wamca2016/
localpath: /home/rodolfo/git/dvnd-df/code/dvnd-df/src/
WAMCAPATH:/home/rodolfo/git/wamca2016/
param: {solution_index:1, solution_instance_index:28, multi_gpu:True, goal:False, problem_name:ml, number_of_moves:10, device_count:2, solver:rvnd, mpi_enabled:True, workers:1}
Using already created file:  wamca2016lib.so
Size: 100 - file name: 02_kroD100.tsp

Value - initial: 8360623-[82 31 24 27 67  8 45 83 99 43  7 62 22 48  9 11  5 44 39 70 71 53 10 57 75
 87 85 92 51 19 50 28 54 97  2 26 60 40 65 18 13 79 66 74  4 69 32 49 86  0
 47 34 15 59 42 38 61 94 96 36  3 91 90 73 55 76 17 12 29  6 30 81 98 93 52
 63 80 56  1 14 37 72 78 35 41 21 64 25 84 33 95 88 89 58 16 77 68 23 20 46] - 8360623
Solver: RVND, number of workers: 1
Setting feeder affinity
I am the master. There are 1 mpi processes. (hostname = gpu01)
Roots [<pyDF.nodes.Feeder object at 0x7f60d08aaad0>]
Starting 0
Main loop
I am worker 0
GPU0
set random seed!
Initial: 8360623-[82 31 24 27 67  8 45 83 99 43  7 62 22 48  9 11  5 44 39 70 71 53 10 57 75
 87 85 92 51 19 50 28 54 97  2 26 60 40 65 18 13 79 66 74  4 69 32 49 86  0
 47 34 15 59 42 38 61 94 96 36  3 91 90 73 55 76 17 12 29  6 30 81 98 93 52
 63 80 56  1 14 37 72 78 35 41 21 64 25 84 33 95 88 89 58 16 77 68 23 20 46]
Final time: 0.750334024429s - Best: 1009820-[82  2 39  5 17 84 58 63 42 76 90 53 62 15 95 85 64 13 67 32 44 98 77 30 56
 71 79 75 60 73  6 74 66 35 28 57 21 69 48 97 96 31 93 16 89 10 88 41 22 37
 33 80 65  7 51 45 68 14 83 40 23 26 87 12 78 72 38 70  3 92 43 59 52 61 36
 18 50 29 99  1 47 91 86 25 54  8  9 94 55 20 46 27 11 81 24 19  4 34  0 49]
Value - initial: 8360623, final: 1009820, improveup: 8.27932007685

data-line;i;8360623;f;1009820;t;0.750334024429;c;-2;fv;[1009820L];cv;-1;imp;8.27932007685;type;rvnd;inum;1;w;1

time;0.750334024429;man_time;0;neigh_time;0
man_time;0;man_merge_sol;0;man_best_sol;0;man_combine_sol;0

Waiting [0]
Terminating workers True 0 0
MPI TERMINATING
