pydf_home: /home/rodolfo/git/Sucuri
simple_pycuda_home: /home/rodolfo/git/simple-pycuda
wamca2016path: /home/rodolfo/git/wamca2016/
localpath: /home/rodolfo/git/dvnd-df/code/dvnd-df/src/
WAMCAPATH:/home/rodolfo/git/wamca2016/
param: {solution_index:5, solution_instance_index:44, multi_gpu:True, goal:False, problem_name:ml, number_of_moves:10, device_count:2, solver:rvnd, mpi_enabled:True, workers:1}
Using already created file:  wamca2016lib.so
Size: 657 - file name: 06_d657.tsp

Value - initial: 269782574-[175 446 111 294   4 449 225 344 437 231 415  79 116 246 643 266  42 221
 187 645 189 283 261 641 603  50 462  76 204 209 509 251 466 488 161  37
 527  13 126 359  61 361 254 238 528 163 638 108 523 255  11 459 304 287
 177 309  81 505 364 190 642 640 226 392 592 545 457 182 445 357 153 239
 143 214 256 418 567 160 612 127 558  98 403 185 547 541 409 656 340   2
 253 398 380 211  19 560   7 299 352 270 374 504 104 345 390 210 363 242
 485 230 444 400 349 279 151 273 338 206 543 303 244 563  72 125 410 556
 192 166 615 259  31 480 292 158 477 333 630 327 227  24  17 193 167 532
 105 267  62 300 330 145 401 135 343 370  27 535 627  18 328  65 491 179
 516 383 520 248 565 428 367 260 371 468 310  40 358 346 117 542 348 264
  59   5 205 201  25 351 510 582 281 184 317 589 265 313 634 154 198 517
 534 362 412 120  88 271 110 386 336 257  54  45 165 600 574 329  29 495
 232 150 295 616 506 497   9 551 411 601 522 576 298 241 176 648 530  95
 470 389 617 562 372 385 245 375 280  52 377 186 555 452 559 585 481 384
  23 647  99 188  21 435 566 502 174 202 492 129 538 183 252 540 347 322
  70 442 132  20 305 228 407  75 168   8 525  96 212 420 426 454 611  83
 148 619  51 519  60 315  47 130 473 575 301 571 320 427 610 441 548 513
 278  89 366 152 387 584 236 393 512 594 296 597  73 382 208 321 605 623
 180 461 618 258 331 425 113 490 632  44 217  22   3 194 233 508 524 434
 569 394 432  16  30 581 237 399 613 636 286 474 577 171 631 339 628 365
  55 102 404 235 395 536 552 646 203 450 318  68  94 223 156 533   6  66
 324 549 219 207  39 606 499 500 269  82 155 429 397 493 537 539 406 635
 596 484 496 422 247  97 199 580  15 234 222 139 431 134 483 624 654 342
 637 147 122 414 229 629 614 507 655 482 200 213 460 550 282 599  32 433
 128 306 368 588 131 391 564  43 568  48 323  28 314 285 595 335 573 451
 334 557 607 123 159 325  92 360 216 101 326 472  36 515 224 417  77 162
 408 570 608 337 590 476 308 463 430 133 350 388 319 373 119 498  87  69
  64 274 651 149 501  86  71 544 402 475 355  35 118 467  33  91 277 218
  85 405 169 465  93  74 633 307 138  57 561  80 243  12 170 288 195  14
  63 197 529 598  90 486 396 423 413 312 275  10 311  84 302  67 178 453
 421 593 622 268 416 369 455 639 220 144  38 106 124 284 164 587  34 115
 609 354 424 263 644 341 291 114 489 447 471 464 443 142 272 649 356 109
 240 438 378 196 511 572 173 586 583 479 458 353 381 494 503 531 626  56
 625 650 518 215 514 290 121 107 439 554 448  26 478 621 316 579 652 604
 553 456 191 141 653 137 332 262 100 146 136  58  46 379  53 289 591  49
 297 440 250 521 436 181 376 546 602 157  78 526 112 419   0 620 249 140
 172  41 293 103 487 469 276   1 578] - 269782574
Solver: RVND, number of workers: 1
Setting feeder affinity
I am the master. There are 1 mpi processes. (hostname = gpu01)
Roots [<pyDF.nodes.Feeder object at 0x7f1a5ebe8ad0>]
Starting 0
Main loop
I am worker 0
GPU0
set random seed!
Initial: 269782574-[175 446 111 294   4 449 225 344 437 231 415  79 116 246 643 266  42 221
 187 645 189 283 261 641 603  50 462  76 204 209 509 251 466 488 161  37
 527  13 126 359  61 361 254 238 528 163 638 108 523 255  11 459 304 287
 177 309  81 505 364 190 642 640 226 392 592 545 457 182 445 357 153 239
 143 214 256 418 567 160 612 127 558  98 403 185 547 541 409 656 340   2
 253 398 380 211  19 560   7 299 352 270 374 504 104 345 390 210 363 242
 485 230 444 400 349 279 151 273 338 206 543 303 244 563  72 125 410 556
 192 166 615 259  31 480 292 158 477 333 630 327 227  24  17 193 167 532
 105 267  62 300 330 145 401 135 343 370  27 535 627  18 328  65 491 179
 516 383 520 248 565 428 367 260 371 468 310  40 358 346 117 542 348 264
  59   5 205 201  25 351 510 582 281 184 317 589 265 313 634 154 198 517
 534 362 412 120  88 271 110 386 336 257  54  45 165 600 574 329  29 495
 232 150 295 616 506 497   9 551 411 601 522 576 298 241 176 648 530  95
 470 389 617 562 372 385 245 375 280  52 377 186 555 452 559 585 481 384
  23 647  99 188  21 435 566 502 174 202 492 129 538 183 252 540 347 322
  70 442 132  20 305 228 407  75 168   8 525  96 212 420 426 454 611  83
 148 619  51 519  60 315  47 130 473 575 301 571 320 427 610 441 548 513
 278  89 366 152 387 584 236 393 512 594 296 597  73 382 208 321 605 623
 180 461 618 258 331 425 113 490 632  44 217  22   3 194 233 508 524 434
 569 394 432  16  30 581 237 399 613 636 286 474 577 171 631 339 628 365
  55 102 404 235 395 536 552 646 203 450 318  68  94 223 156 533   6  66
 324 549 219 207  39 606 499 500 269  82 155 429 397 493 537 539 406 635
 596 484 496 422 247  97 199 580  15 234 222 139 431 134 483 624 654 342
 637 147 122 414 229 629 614 507 655 482 200 213 460 550 282 599  32 433
 128 306 368 588 131 391 564  43 568  48 323  28 314 285 595 335 573 451
 334 557 607 123 159 325  92 360 216 101 326 472  36 515 224 417  77 162
 408 570 608 337 590 476 308 463 430 133 350 388 319 373 119 498  87  69
  64 274 651 149 501  86  71 544 402 475 355  35 118 467  33  91 277 218
  85 405 169 465  93  74 633 307 138  57 561  80 243  12 170 288 195  14
  63 197 529 598  90 486 396 423 413 312 275  10 311  84 302  67 178 453
 421 593 622 268 416 369 455 639 220 144  38 106 124 284 164 587  34 115
 609 354 424 263 644 341 291 114 489 447 471 464 443 142 272 649 356 109
 240 438 378 196 511 572 173 586 583 479 458 353 381 494 503 531 626  56
 625 650 518 215 514 290 121 107 439 554 448  26 478 621 316 579 652 604
 553 456 191 141 653 137 332 262 100 146 136  58  46 379  53 289 591  49
 297 440 250 521 436 181 376 546 602 157  78 526 112 419   0 620 249 140
 172  41 293 103 487 469 276   1 578]
Final time: 11.4941818714s - Best: 14043667-[175 152 135 125 506 504 502 499 492 489 484 488 487 481 480 485 490 486
 491 494 497  95  87  88  89  94  83  76  82  96 100 107 111 106  81  75
  80  71  66  61  47  43 468 466 464 458 453 450 448 449 442 462 463 469
  34  37  31  30  27  26  25  23 440 441 443 446 447 445 444  19  18  13
  17  16  20  15  14  21  24  32  33  35  36  39  41  53  60  64  79 129
 128 116 130 137 142 164 162 155 168 172 178 185 195 197 199 198 191 186
 180 181 187 165 157 118 114 102  91  97  98  93  84  74  77  73  68  63
  45  44  49  54  50  65  57  52  48  55  59  69  86  92  99 120 139 148
 147 149 154 179 184 177 161 170 169 171 204 225 236 248 254 232 241 247
 251 252 227 219 214 208 207 224 226 242 250 228 243 255 259 284 270 276
 268 260 294 292 287 275 288 293 299 303 264 263 271 261 253 239 230 238
 262 289 290 298 307 317 322 341 347 361 345 335 340 323 324 334 308 309
 321 325 326 320 350 369 377 365 358 327 311 304 305 312 318 333 351 357
 378 396 385 395 402 406 410 414 405 401 423 431 424 419 425 413 412 407
 403 394 384 379 376 374 368 366 359 363 352 332 314 315 329 338 344 353
 362 367 382 411 417 428 418 393 381 383 380 375 336 343 354 360 355 330
 319 302 295 301 281 278 265 245 222 216 212 205 203 193 174 189 182 159
 510 509 508 133 136 126 507 503 501 500 495 493 496 498 505 124 127 145
 144 109 108 110 123 134 146 151 167 153 166 158 150 143 122 112 121 105
 104  90  70  58  46  42  38 452 451 454 461 465 467 460 459 455 473 456
 457 475 476 479 478 477 474 520 519 521 527 526 525 522 524 530 533 523
 529 531 532 535 534 536 537 538 539 540 541 635 639 638 640 641 637 636
 634 633 632 631 630 629 628 552 546 545 544 547 548 550 549 543 551 557
 555 554 553 558 563 560 564 565 566 570 202 201 200 194 183 173 213 580
 229 246 257 279 592 306 331 356 337 607 610 606 605 600 598 601 595 591
 596 597 594 602 611 612 619 613 615 616 617 618 620 622 408 426 427 624
 625 623 621 614 609 604 603 599 593 590 587 588 585 584 583 577 576 579
 575 572 626 655 654 653 652 648 647 649 650 651 562 561 568 569 571 573
 574 578 582 581 586 589 266 258 273 280 297 296 285 282 267 256 244 233
 274 286 283 272 277 291 313 328 339 373 386 387 349 342 348 364 370 388
 397 389 400 404 415 421 398 391 409 420 437 438 416 390 399 371 269 237
 231 235 210 220 218 234 240 217 209 206 196 190 163 156 138 131 141 117
  78   6   5   4   3   2   1  10   8   9   7  11  12  28  22  29  40  72
  85 115 101 132 140 103 119 113  62  51 470  56  67 471 483 482 472 514
 515 518 517 516 513 512 528 559 556 567 511 160 211 249 223 192 188 176
 221 215 300 310 346 372 439 422 436 430 435 432 433 434 429 392 316 608
 656 627 645 646 644 643 642 542   0]
Value - initial: 269782574, final: 14043667, improveup: 19.2102656664

data-line;i;269782574;f;14043667;t;11.4941818714;c;-2;fv;[14043667L];cv;-1;imp;19.2102656664;type;rvnd;inum;5;w;1

time;11.4941818714;man_time;0;neigh_time;0
man_time;0;man_merge_sol;0;man_best_sol;0;man_combine_sol;0

Waiting [0]
Terminating workers True 0 0
MPI TERMINATING
