pydf_home: /home/rodolfo/git/Sucuri
simple_pycuda_home: /home/rodolfo/git/simple-pycuda
wamca2016path: /home/rodolfo/git/wamca2016/
localpath: /home/rodolfo/git/dvnd-df/code/dvnd-df/src/
WAMCAPATH:/home/rodolfo/git/wamca2016/
param: {solution_index:7, solution_instance_index:65, multi_gpu:True, goal:False, problem_name:ml, number_of_moves:10, device_count:2, solver:rvnd, mpi_enabled:True, workers:1}
Using already created file:  wamca2016lib.so
Size: 1001 - file name: 08_TRP-S1000-R1.tsp

Value - initial: 128067960-[522 827 483 ..., 883  49 626] - 128067960
Solver: RVND, number of workers: 1
Setting feeder affinity
I am the master. There are 1 mpi processes. (hostname = gpu01)
Roots [<pyDF.nodes.Feeder object at 0x7f2d20db7ad0>]
Starting 0
Main loop
I am worker 0
GPU0
set random seed!
Initial: 128067960-[522 827 483 ..., 883  49 626]
Final time: 16.8576238155s - Best: 5531311-[522 570 247 ..., 366 777 285]
Value - initial: 128067960, final: 5531311, improveup: 23.1532741515

data-line;i;128067960;f;5531311;t;16.8576238155;c;-2;fv;[5531311L];cv;-1;imp;23.1532741515;type;rvnd;inum;7;w;1

time;16.8576238155;man_time;0;neigh_time;0
man_time;0;man_merge_sol;0;man_best_sol;0;man_combine_sol;0

Waiting [0]
Terminating workers True 0 0
MPI TERMINATING
