pydf_home: /home/rodolfo/git/Sucuri
simple_pycuda_home: /home/rodolfo/git/simple-pycuda
wamca2016path: /home/rodolfo/git/wamca2016/
localpath: /home/rodolfo/git/dvnd-df/code/dvnd-df/src/
WAMCAPATH:/home/rodolfo/git/wamca2016/
param: {solution_index:2, solution_instance_index:92, multi_gpu:True, goal:False, problem_name:ml, number_of_moves:10, device_count:2, solver:rvnd, mpi_enabled:True, workers:1}
Using already created file:  wamca2016lib.so
Size: 226 - file name: 03_pr226.tsp

Value - initial: 186929361-[104 199  51 195 122  40 134  15  17 106 217  10  64 137 207  89  52   5
  77 173  37  58 190 168   0 125 152 216  54 175 155  38 100  35 111 220
  96  73 124  42 225 179 174 158  43  65 118 116  66  69   9  36 131  44
  39 191 149  47  57 192  21 187  94 141  34 178 182 119   2  79   7  92
  23 133 145 185 130   4  31 157 101 136  45  63  75 105 132 144  78  28
 164 109 135  14   6 215 139 171  56  41  50 154  53  80 172 176 123 102
 138  62 126  11  84 151 129 169 200 143  13 205 177 198 181  46 223  49
  97 160  25 148 166  85 103 150 167  76  20 117  68 184 153  86 208  24
   3 121 212  18 110   1 156 115  93  72 127  95 202  91  61 113   8  12
 188  19  48 112 210  70  67 108  27 214  55 186  99 120 194 219  16  74
  26 114 209 107 161  90 142 224  87  30 128 222  29  82 197  98 183 196
 221  83  32 203  22  60 206 140 147  33  59 165 204 211 162 146 170 193
 180  71 213 189 218  81 163 159 201  88] - 186929361
Solver: RVND, number of workers: 1
Setting feeder affinity
I am the master. There are 1 mpi processes. (hostname = gpu01)
Roots [<pyDF.nodes.Feeder object at 0x7fa21c4a5ad0>]
Starting 0
Main loop
I am worker 0
GPU0
set random seed!
Initial: 186929361-[104 199  51 195 122  40 134  15  17 106 217  10  64 137 207  89  52   5
  77 173  37  58 190 168   0 125 152 216  54 175 155  38 100  35 111 220
  96  73 124  42 225 179 174 158  43  65 118 116  66  69   9  36 131  44
  39 191 149  47  57 192  21 187  94 141  34 178 182 119   2  79   7  92
  23 133 145 185 130   4  31 157 101 136  45  63  75 105 132 144  78  28
 164 109 135  14   6 215 139 171  56  41  50 154  53  80 172 176 123 102
 138  62 126  11  84 151 129 169 200 143  13 205 177 198 181  46 223  49
  97 160  25 148 166  85 103 150 167  76  20 117  68 184 153  86 208  24
   3 121 212  18 110   1 156 115  93  72 127  95 202  91  61 113   8  12
 188  19  48 112 210  70  67 108  27 214  55 186  99 120 194 219  16  74
  26 114 209 107 161  90 142 224  87  30 128 222  29  82 197  98 183 196
 221  83  32 203  22  60 206 140 147  33  59 165 204 211 162 146 170 193
 180  71 213 189 218  81 163 159 201  88]
Final time: 3.12722110748s - Best: 6440262-[104 102 110 111 112 103 105 113 114 106 107 115 116 108 109 117 125 118
 119 127 126 120 121 128 130 122 123 129 131 124 225 224 223 222 221 220
 219 218 217 216 215 214 213 212 211 210 209 208 207 206 205 204 203 202
 201 200 199 198 197 196 195 194 193 192 191 190 189 188 187 186 185 184
 183 182 181 180 179 178 177 176 175 174 173 172 171 170 169 168 167 166
 165 164 163 162 161 160 159 158 157 156 155 154 149 142 141 147 148 140
 139 146 144 138 137 145 143 136 101  93  92 100  99  91  90  98  97  89
  87  96  95  88  86  94  46  45  44  43  36  35  47  32  31  30  34  33
  29  28  27  26  25  24  23  22  21  49  50  51  52  53  54  55  56  57
  58  59  60  61  62  63  64  66  16  15  12  11  10  14  13   9   8   7
   6   5   4   3   2   1   0  72  73  74  75  76  77  78  79  80  81  82
  83  84  85  71  70  67  68  69  65  17  18  19  20  48  42  41  37  38
  39  40 153 152 151 150 135 134 133 132]
Value - initial: 186929361, final: 6440262, improveup: 29.0251174564

data-line;i;186929361;f;6440262;t;3.12722110748;c;-2;fv;[6440262L];cv;-1;imp;29.0251174564;type;rvnd;inum;2;w;1

time;3.12722110748;man_time;0;neigh_time;0
man_time;0;man_merge_sol;0;man_best_sol;0;man_combine_sol;0

Waiting [0]
Terminating workers True 0 0
MPI TERMINATING
