pydf_home: /home/rodolfo/git/Sucuri
simple_pycuda_home: /home/rodolfo/git/simple-pycuda
wamca2016path: /home/rodolfo/git/wamca2016/
localpath: /home/rodolfo/git/dvnd-df/code/dvnd-df/src/
WAMCAPATH:/home/rodolfo/git/wamca2016/
param: {solution_index:0, solution_instance_index:74, multi_gpu:True, goal:False, problem_name:ml, number_of_moves:10, device_count:2, solver:rvnd, mpi_enabled:True, workers:1}
Using already created file:  wamca2016lib.so
Size: 52 - file name: 01_berlin52.tsp

Value - initial: 861367-[34 11 51 20 13 46  9 49 19 25 23 27 21  5  0 14 16 10 33 28 41  4 38  1  8
 17 12 29 48 37 50  3 18 39 22  6  2 45 24 30 15 32 35 43 47 36 44 31  7 26
 40 42] - 861367
Solver: RVND, number of workers: 1
Setting feeder affinity
I am the master. There are 1 mpi processes. (hostname = gpu01)
Roots [<pyDF.nodes.Feeder object at 0x7f5b09ff5ad0>]
Starting 0
Main loop
I am worker 0
GPU0
set random seed!
Initial: 861367-[34 11 51 20 13 46  9 49 19 25 23 27 21  5  0 14 16 10 33 28 41  4 38  1  8
 17 12 29 48 37 50  3 18 39 22  6  2 45 24 30 15 32 35 43 47 36 44 31  7 26
 40 42]
Final time: 1.36951208115s - Best: 153059-[34 35 33 38 39 36 37 47 23  4 14  5  3 24 11 27 26 25 46 28 15 45 43 48 31
  0 21 17 30 22 49 19 29  1  6 41 20 16  2 18 44 40  7  9  8 42 32 50 10 51
 13 12]
Value - initial: 861367, final: 153059, improveup: 5.62767952228

data-line;i;861367;f;153059;t;1.36951208115;c;-2;fv;[153059L];cv;-1;imp;5.62767952228;type;rvnd;inum;0;w;1

time;1.36951208115;man_time;0;neigh_time;0
man_time;0;man_merge_sol;0;man_best_sol;0;man_combine_sol;0

Waiting [0]
Terminating workers True 0 0
MPI TERMINATING
