pydf_home: /home/rodolfo/git/Sucuri
simple_pycuda_home: /home/rodolfo/git/simple-pycuda
wamca2016path: /home/rodolfo/git/wamca2016/
localpath: /home/rodolfo/git/dvnd-df/code/dvnd-df/src/
WAMCAPATH:/home/rodolfo/git/wamca2016/
param: {solution_index:0, solution_instance_index:35, multi_gpu:True, goal:False, problem_name:ml, number_of_moves:10, device_count:2, solver:rvnd, mpi_enabled:True, workers:1}
Using already created file:  wamca2016lib.so
Size: 52 - file name: 01_berlin52.tsp

Value - initial: 816577-[15 40 12 10  1 47 30  6 49 42 27 41 37  9 36 28 14 20  0  7 11 26 50 25 16
 29  2 33 46 21  3 24 45 38 35 22 31 39 32 17  5 34 43 23 18 13 44  8  4 19
 51 48] - 816577
Solver: RVND, number of workers: 1
Setting feeder affinity
I am the master. There are 1 mpi processes. (hostname = gpu01)
Roots [<pyDF.nodes.Feeder object at 0x7ff206f53ad0>]
Starting 0
Main loop
I am worker 0
GPU0
set random seed!
Initial: 816577-[15 40 12 10  1 47 30  6 49 42 27 41 37  9 36 28 14 20  0  7 11 26 50 25 16
 29  2 33 46 21  3 24 45 38 35 22 31 39 32 17  5 34 43 23 18 13 44  8  4 19
 51 48]
Final time: 1.44877696037s - Best: 146334-[15 45 47 23  4  5 14 37 36 39 38 35 34 33 43 49 19 22 20 30 17 21  0 31 44
 18 40  7  8  9 42  3 24 11 50 10 51 13 12 26 27 25 46 28 29 41  1  6 16  2
 32 48]
Value - initial: 816577, final: 146334, improveup: 5.58022742493

data-line;i;816577;f;146334;t;1.44877696037;c;-2;fv;[146334L];cv;-1;imp;5.58022742493;type;rvnd;inum;0;w;1

time;1.44877696037;man_time;0;neigh_time;0
man_time;0;man_merge_sol;0;man_best_sol;0;man_combine_sol;0

Waiting [0]
Terminating workers True 0 0
MPI TERMINATING
