pydf_home: /home/rodolfo/git/Sucuri
simple_pycuda_home: /home/rodolfo/git/simple-pycuda
wamca2016path: /home/rodolfo/git/wamca2016/
localpath: /home/rodolfo/git/dvnd-df/code/dvnd-df/src/
WAMCAPATH:/home/rodolfo/git/wamca2016/
param: {solution_index:3, solution_instance_index:88, multi_gpu:True, goal:False, problem_name:ml, number_of_moves:10, device_count:2, solver:rvnd, mpi_enabled:True, workers:1}
Using already created file:  wamca2016lib.so
Size: 318 - file name: 04_lin318.tsp

Value - initial: 93209349-[174 275 298 170  75 190 154  57  72 291 227 249 210 278  40  27 252 204
 258  21  52 237 112 276 131 259 257   3 101 171   2  45 277  23  79 238
  90 189 207  41 286 215 285 248 186 232 241 121 156 140 127 141   6 180
  82 312  49   9 304  70 225 228  13  17 235 209 126 135  42 157 177  99
 266   4 265 202 194 172 105 211 123 315 254 292  61 217  60 313 175 150
  58 310 146 302  15  92 142 151  50  39 166 253 224 250 106 125  97  47
 246 269 111  20  68 226 282  53 247 242  46 239 294 184 173 114 236 163
 212  73 108 110  65 195 308 148 124 316  84 196 118 289  29  25 165  69
  62 214 188 221 185 191 274 138 136 222 288 273   0  98  22 193  91 279
  38  54 303   5 113 293 262  85 149  11 268 179 116 281  66   7  87 158
  55 164 152  93 233 169  44 240 168  71 102 160  36 198 137 267 199  24
 280 132 100 107  26 187 203  10 129  12 201 218  74 145 260 287  67 306
  43 309 183 159 181 115 109 220  95  96 223 120  34 122  83 261  14 256
  78  77 208 133 119 296 197 161 139 243 153 155 272  86 297  81 144  19
  30 147 182 130 300 104 103 317 176 234 255 117 231  89 167 216 230 271
 295 305   8 301 162 283  51  31  32  33 200 264 213 284 290 205  64  48
 143 178 229   1  76  94 206 314 128  18 270  37 251  88  16 307 192  59
 311  35  63 134  28 244 263  80 245  56 219 299] - 93209349
Solver: RVND, number of workers: 1
Setting feeder affinity
I am the master. There are 1 mpi processes. (hostname = gpu01)
Roots [<pyDF.nodes.Feeder object at 0x7f408ff3bad0>]
Starting 0
Main loop
I am worker 0
GPU0
set random seed!
Initial: 93209349-[174 275 298 170  75 190 154  57  72 291 227 249 210 278  40  27 252 204
 258  21  52 237 112 276 131 259 257   3 101 171   2  45 277  23  79 238
  90 189 207  41 286 215 285 248 186 232 241 121 156 140 127 141   6 180
  82 312  49   9 304  70 225 228  13  17 235 209 126 135  42 157 177  99
 266   4 265 202 194 172 105 211 123 315 254 292  61 217  60 313 175 150
  58 310 146 302  15  92 142 151  50  39 166 253 224 250 106 125  97  47
 246 269 111  20  68 226 282  53 247 242  46 239 294 184 173 114 236 163
 212  73 108 110  65 195 308 148 124 316  84 196 118 289  29  25 165  69
  62 214 188 221 185 191 274 138 136 222 288 273   0  98  22 193  91 279
  38  54 303   5 113 293 262  85 149  11 268 179 116 281  66   7  87 158
  55 164 152  93 233 169  44 240 168  71 102 160  36 198 137 267 199  24
 280 132 100 107  26 187 203  10 129  12 201 218  74 145 260 287  67 306
  43 309 183 159 181 115 109 220  95  96 223 120  34 122  83 261  14 256
  78  77 208 133 119 296 197 161 139 243 153 155 272  86 297  81 144  19
  30 147 182 130 300 104 103 317 176 234 255 117 231  89 167 216 230 271
 295 305   8 301 162 283  51  31  32  33 200 264 213 284 290 205  64  48
 143 178 229   1  76  94 206 314 128  18 270  37 251  88  16 307 192  59
 311  35  63 134  28 244 263  80 245  56 219 299]
Final time: 3.68337011337s - Best: 6009808-[174 173 178 179 185 177 180 184 193 194 192 191 294 292 291 287 293 288
 286 281 282 285 289 290 284 283 279 278 273 276 277 280 169 170 165 164
 268 265 264 259 256 260 263 266 267 262 261 255 252 251 250 253 254 257
 258 249 313 245 246 235 234 227 226 225 228 233 236 229 232 237 239 240
 241 238 231 230 312 224 220 219 216 215 211 210 108 109 117 118 121 120
 122 129 130 123 128 131 140 141 146 145 147 150 156 157 162 161 158 155
 151 148 149 152 154 159 160 153 144  37  38  34  33 136 135 134 132 127
 124 207 133 126 125 119 115 114 111 110 106 105   3   4  12  13  16  15
  17  24  25  26  23  18  27  22  19 102  14  20  21  28  29  30  31  32
  35  36  41  40  42  45  51  52  57  56  53  50  46  43  44  39  48  47
  49  54  55  58 104  63  72  75  79  85  78  76  71  66  67  70  77  81
  82  83  84  90  91  95  96 100 101  92  97  98  89  88  80  74  73  68
  69  87  86  93  94  99 206 205 201 200 196 195 189 188 187 186 182 175
 172 171  64  65  60  59 163 209 166 167 168 176 181 183 190 197 202 203
 199 198 204 311 310 306 305 301 300 302 295 298 299 307 308 309 304 303
 297 296 275 274 270 269 317 248 247 244 243 223 222 213 214 218 217 212
 221 242 142 143 139 138 113 112 107 116   8   7   2   0   1   5   6   9
  10  11 103 315 316  61  62 208 137 314 271 272]
Value - initial: 93209349, final: 6009808, improveup: 15.5095385743

data-line;i;93209349;f;6009808;t;3.68337011337;c;-2;fv;[6009808L];cv;-1;imp;15.5095385743;type;rvnd;inum;3;w;1

time;3.68337011337;man_time;0;neigh_time;0
man_time;0;man_merge_sol;0;man_best_sol;0;man_combine_sol;0

Waiting [0]
Terminating workers True 0 0
MPI TERMINATING
