pydf_home: /home/rodolfo/git/Sucuri
simple_pycuda_home: /home/rodolfo/git/simple-pycuda
wamca2016path: /home/rodolfo/git/wamca2016/
localpath: /home/rodolfo/git/dvnd-df/code/dvnd-df/src/
WAMCAPATH:/home/rodolfo/git/wamca2016/
param: {solution_index:3, solution_instance_index:35, multi_gpu:True, goal:False, problem_name:ml, number_of_moves:10, device_count:2, solver:rvnd, mpi_enabled:True, workers:1}
Using already created file:  wamca2016lib.so
Size: 318 - file name: 04_lin318.tsp

Value - initial: 91787236-[128  87  25  62  68 167  23  10 237  42 223 248 197  19 132 243 316 306
 116 269 255  74 110  71  94 292  95 166 279 228 278 138 282 305  86 152
 304 286 137 157 134 180  66 283 194   5 147 151 298 104  93   4 145 287
 249  49 191 162  76 294 159 101 213  41   3  29 103 202   0 102 266 161
  64 218 275 207  99 185  18 270 120 111 165 229 257  15  97 288 190 199
 215 100  35 314 273 115 121  67  65 301 285 168  40  84  59  73 206  98
  81  45  55 297 146 254 119 174  96  63 312  20 284  52 154 148 124  48
  26 263 274 227 260 196  46 187  13 225 149  79  22 226 277 271  37 112
 302 109  69 219 242 125  27 259 127 247 289 313  31 163  91  88 143 170
  12 192 203 209 177 153 122 113 311   6 236 204 117 183  53 276  92 140
 232 130  11  34 182 214  38 179  58 272 155  24 114  33  44  16  36 267
  14 280 169 265 210 131 245 303 224 205 296  85  47 230 307 309   8   2
 208 198 129 156  43 262 126  32 310 188 290 144 135  56 118 212  17  61
  70 246 256 299  50  39 253 268 136  72 150 231 142 258 235 244  80 233
  60 105 216 240 300  83 171 264 184 176  90 133 107 158 123 201  75  57
  51 317 195  21 221 222  82 160  30  89 308 252 261 200 141 193  78 234
 217 172 291 295   1 220 181 241 211  54   9 164   7 186 108 106 250 281
 315 175 178 139 293  77  28 251 173 189 238 239] - 91787236
Solver: RVND, number of workers: 1
Setting feeder affinity
I am the master. There are 1 mpi processes. (hostname = gpu01)
Roots [<pyDF.nodes.Feeder object at 0x7f19a8f23ad0>]
Starting 0
Main loop
I am worker 0
GPU0
set random seed!
Initial: 91787236-[128  87  25  62  68 167  23  10 237  42 223 248 197  19 132 243 316 306
 116 269 255  74 110  71  94 292  95 166 279 228 278 138 282 305  86 152
 304 286 137 157 134 180  66 283 194   5 147 151 298 104  93   4 145 287
 249  49 191 162  76 294 159 101 213  41   3  29 103 202   0 102 266 161
  64 218 275 207  99 185  18 270 120 111 165 229 257  15  97 288 190 199
 215 100  35 314 273 115 121  67  65 301 285 168  40  84  59  73 206  98
  81  45  55 297 146 254 119 174  96  63 312  20 284  52 154 148 124  48
  26 263 274 227 260 196  46 187  13 225 149  79  22 226 277 271  37 112
 302 109  69 219 242 125  27 259 127 247 289 313  31 163  91  88 143 170
  12 192 203 209 177 153 122 113 311   6 236 204 117 183  53 276  92 140
 232 130  11  34 182 214  38 179  58 272 155  24 114  33  44  16  36 267
  14 280 169 265 210 131 245 303 224 205 296  85  47 230 307 309   8   2
 208 198 129 156  43 262 126  32 310 188 290 144 135  56 118 212  17  61
  70 246 256 299  50  39 253 268 136  72 150 231 142 258 235 244  80 233
  60 105 216 240 300  83 171 264 184 176  90 133 107 158 123 201  75  57
  51 317 195  21 221 222  82 160  30  89 308 252 261 200 141 193  78 234
 217 172 291 295   1 220 181 241 211  54   9 164   7 186 108 106 250 281
 315 175 178 139 293  77  28 251 173 189 238 239]
Final time: 2.82906794548s - Best: 6304071-[128 131 123 124 127 132 134 135 136 133 126 125 207 119  12  13   4   3
 105 106 110 111 114 115 116 120 122 129 130 121 118 117 109 108 210 211
 215 216 219 220 224 312 230 231 238 241 240 239 237 232 229 228 233 236
 235 234 227 225 226 217 218 214 213 222 223 243 244 247 248 251 250 252
 255 261 262 267 266 263 260 256 253 254 257 259 264 265 268 164 165 167
 166 162 157 156 150 147 146 145 148 151 155 158 161 209 168 171 172 175
 176 181 183 188 182 186 187 189 190 184 180 177 173 174 178 179 185 193
 194 192 191 294 293 292 291 287 280 277 276 281 286 288 289 285 282 278
 279 283 284 290 299 298 302 310 311 204 306 305 301 300 198 199 203 202
 197 205 206  99 201 200 196 195  93  94  89  88  79  75  72  71  76  78
  85  92 101 100  96  95  91  90  84  83  82  81  77  70  67  66  63 104
  56  53  50  46  43  57  52  51  45  42  40  41  36  35  32  27  22  19
  11  18  23  26  25  24  17  15  16   8   7   2   0   1   5   6   9  10
  14 102  20  21  28  29  30  31 103  39  44  47  49  54  55  48 315 316
  58  61  62  69  68  73  74  80  87  86  65  64  60  59 163 160 159 154
 152 149 153 144  37  38  34  33 137 140 141 139 138 143 142 249 258 314
 271 272 270 269 317 274 275 296 297 303 304 309 308 307 295 273 169 170
 313 245 246 242 221 212 113 112 107 208  97  98]
Value - initial: 91787236, final: 6304071, improveup: 14.5599940102

data-line;i;91787236;f;6304071;t;2.82906794548;c;-2;fv;[6304071L];cv;-1;imp;14.5599940102;type;rvnd;inum;3;w;1

time;2.82906794548;man_time;0;neigh_time;0
man_time;0;man_merge_sol;0;man_best_sol;0;man_combine_sol;0

Waiting [0]
Terminating workers True 0 0
MPI TERMINATING
