pydf_home: /home/rodolfo/git/Sucuri
simple_pycuda_home: /home/rodolfo/git/simple-pycuda
wamca2016path: /home/rodolfo/git/wamca2016/
localpath: /home/rodolfo/git/dvnd-df/code/dvnd-df/src/
WAMCAPATH:/home/rodolfo/git/wamca2016/
param: {solution_index:3, solution_instance_index:43, multi_gpu:True, goal:False, problem_name:ml, number_of_moves:10, device_count:2, solver:rvnd, mpi_enabled:True, workers:1}
Using already created file:  wamca2016lib.so
Size: 318 - file name: 04_lin318.tsp

Value - initial: 91950061-[217 109 219  57 256  15 223 132  14  87 201  93 262  33 297 176 192  47
 191 110  16 227 251 100 271  95 174   3  38 314 186 143 137 159 207  31
 122  18   0 275 274 140 156 111 305  42 126 154 259  43 315 163 249 149
 316 254  68 170 225 108 208  48 119  44 202 172  69 214 180  11 112 269
 173  32  25 248 273 241 267 179 212  83 286 230 289 306 294 255 150 203
 142 115 113 182 215 161 260 240  54 258  98 272 211  36 198  65  17   8
 233 102 299 210   6  77   2 277  10  60 162 200 293 133 124 300 118 282
 281 303 302 148 287 147 138 253  29  27 270 232  19 235 266 244 134 106
 120 257 295 166   1  70 206 317 144  72 313 145 141 193 246 239  37 181
 169  78 221  28 304 196   4  41 131 291  52 245 188  21  67  50 146  53
 104 197 288 101 117  12 199 107 243  71  91  82   9 213  66  90   7 105
 194 205 125  64  89 279  20  96  58 189 167 129  86 265  81 209  55 231
 157  74 261  75  56 195 153 165 171 136 177 178 290 310 185  73 263  51
  97  80 204 268 127 238 250  99 264 135 190 222 184 226 128 130 242 218
 311 228 220 292 301  76 183  85  39 296 164  84 237 151  79  30  88 216
 308  34 236  35  22  45 158 247 284 123  24 234 114  59 312  63 187  40
  46 160 280  23  94  26 309 278 276 139 168 155  62 152  92 175 121 298
 283  61  13   5 229 285 252 224 103  49 116 307] - 91950061
Solver: RVND, number of workers: 1
Setting feeder affinity
I am the master. There are 1 mpi processes. (hostname = gpu01)
Roots [<pyDF.nodes.Feeder object at 0x7f78d0764ad0>]
Starting 0
Main loop
I am worker 0
GPU0
set random seed!
Initial: 91950061-[217 109 219  57 256  15 223 132  14  87 201  93 262  33 297 176 192  47
 191 110  16 227 251 100 271  95 174   3  38 314 186 143 137 159 207  31
 122  18   0 275 274 140 156 111 305  42 126 154 259  43 315 163 249 149
 316 254  68 170 225 108 208  48 119  44 202 172  69 214 180  11 112 269
 173  32  25 248 273 241 267 179 212  83 286 230 289 306 294 255 150 203
 142 115 113 182 215 161 260 240  54 258  98 272 211  36 198  65  17   8
 233 102 299 210   6  77   2 277  10  60 162 200 293 133 124 300 118 282
 281 303 302 148 287 147 138 253  29  27 270 232  19 235 266 244 134 106
 120 257 295 166   1  70 206 317 144  72 313 145 141 193 246 239  37 181
 169  78 221  28 304 196   4  41 131 291  52 245 188  21  67  50 146  53
 104 197 288 101 117  12 199 107 243  71  91  82   9 213  66  90   7 105
 194 205 125  64  89 279  20  96  58 189 167 129  86 265  81 209  55 231
 157  74 261  75  56 195 153 165 171 136 177 178 290 310 185  73 263  51
  97  80 204 268 127 238 250  99 264 135 190 222 184 226 128 130 242 218
 311 228 220 292 301  76 183  85  39 296 164  84 237 151  79  30  88 216
 308  34 236  35  22  45 158 247 284 123  24 234 114  59 312  63 187  40
  46 160 280  23  94  26 309 278 276 139 168 155  62 152  92 175 121 298
 283  61  13   5 229 285 252 224 103  49 116 307]
Final time: 2.57847595215s - Best: 6224043-[217 212 210 211 215 216 219 220 224 230 231 238 312 229 232 237 239 240
 241 138 139 121 120 122 129 130 131 128 123 132 127 124 207 119 125 126
 133 134 135 136 137 140 141 146 147 145 148 151 155 158 161 150 156 157
 162 166 167 173 177 180 184 185 179 178 174 170 169 165 164 268 265 264
 259 258 249 254 257 266 263 260 256 253 250 251 252 255 261 262 267 271
 272 279 278 283 284 290 289 285 282 288 286 281 276 277 280 287 291 292
 293 294 300 301 305 306 310 311 204 198 199 203 202 197 200 201 205 206
  99  94  93 196 195  87  86 189 187 186 182 188 183 181 176 171 172 175
  64  65  60  59 163 160 159 154 152 149 153 144  37  38  34  33  13  12
 115 114 111 110 106 105   3   4   8   7  16  15  17  24  25  26  23  18
  27  22  19  11   2   0   1   5   6   9  10  14 102  20  21  28  29  30
  31  32  35  36  41  40  42  45  51  52  57  56  53  50  46  43  55  54
  49  47  44 103  39  48 315 316  58 104  63  66  67  70  77  81  82  83
  84  90  91  95  96 100 101  92  97  98  89  88  85  78  76  71  72  75
  79  80  74  73  68  69  61  62 209 168 190 193 194 192 191 295 302 298
 299 307 308 309 304 303 297 296 275 274 270 269 317 248 247 243 244 246
 245 242 236 233 228 235 234 227 226 225 221 117 118 108 109 113 112 107
 116 208 143 142 313 223 222 213 214 218 314 273]
Value - initial: 91950061, final: 6224043, improveup: 14.773365319

data-line;i;91950061;f;6224043;t;2.57847595215;c;-2;fv;[6224043L];cv;-1;imp;14.773365319;type;rvnd;inum;3;w;1

time;2.57847595215;man_time;0;neigh_time;0
man_time;0;man_merge_sol;0;man_best_sol;0;man_combine_sol;0

Waiting [0]
Terminating workers True 0 0
MPI TERMINATING
