pydf_home: /home/rodolfo/git/Sucuri
simple_pycuda_home: /home/rodolfo/git/simple-pycuda
wamca2016path: /home/rodolfo/git/wamca2016/
localpath: /home/rodolfo/git/dvnd-df/code/dvnd-df/src/
WAMCAPATH:/home/rodolfo/git/wamca2016/
param: {solution_index:2, solution_instance_index:33, multi_gpu:True, goal:False, problem_name:ml, number_of_moves:10, device_count:2, solver:rvnd, mpi_enabled:True, workers:1}
Using already created file:  wamca2016lib.so
Size: 226 - file name: 03_pr226.tsp

Value - initial: 190871280-[ 86  67  48  93  70  95  10  83 157 196  25 135 162  31 145 115 129 136
  92  41  78 213   8 116 218  44 111  66 125   0  69  12   9 186  76 133
  88  96 134  72 140   4 212  98  18 121  84 123 106 173  58 151 132  63
 100 188 110   1 118 143 156 224   6 205 178 209  56 197  89  91 107  49
 114 207 137 210  26 124 175 199 127  77  30 225 104 223 192  61 220  23
 130  65 208  37  55  90  32 211 155 182  15 179  51 150 200 170  21  59
 117 201 105 193 168  42  46 102  16 112  11 154   5 122 187 206 216 184
 141  20 147 174 146  13 153 164 215 219 198 169 128  64 120  75 131 113
   2  81 180 214 149  50  17  28  79 194  19  80  22  45  97  71 103  14
 204 142 165 166  53 185 159  94 144  82 163 138 148 167  47   3 109 171
  87  74 158  99  52 202  62  73 222  39  24  54  34 139  38 152 177   7
  36 126  35 181 217 195 189 161 119 190  43  60 176 203 172 183  27  68
 191  57  85 221 101 160 108  33  29  40] - 190871280
Solver: RVND, number of workers: 1
Setting feeder affinity
I am the master. There are 1 mpi processes. (hostname = gpu01)
Roots [<pyDF.nodes.Feeder object at 0x7f16e7236ad0>]
Starting 0
Main loop
I am worker 0
GPU0
set random seed!
Initial: 190871280-[ 86  67  48  93  70  95  10  83 157 196  25 135 162  31 145 115 129 136
  92  41  78 213   8 116 218  44 111  66 125   0  69  12   9 186  76 133
  88  96 134  72 140   4 212  98  18 121  84 123 106 173  58 151 132  63
 100 188 110   1 118 143 156 224   6 205 178 209  56 197  89  91 107  49
 114 207 137 210  26 124 175 199 127  77  30 225 104 223 192  61 220  23
 130  65 208  37  55  90  32 211 155 182  15 179  51 150 200 170  21  59
 117 201 105 193 168  42  46 102  16 112  11 154   5 122 187 206 216 184
 141  20 147 174 146  13 153 164 215 219 198 169 128  64 120  75 131 113
   2  81 180 214 149  50  17  28  79 194  19  80  22  45  97  71 103  14
 204 142 165 166  53 185 159  94 144  82 163 138 148 167  47   3 109 171
  87  74 158  99  52 202  62  73 222  39  24  54  34 139  38 152 177   7
  36 126  35 181 217 195 189 161 119 190  43  60 176 203 172 183  27  68
 191  57  85 221 101 160 108  33  29  40]
Final time: 5.40494394302s - Best: 7544717-[ 86  94  95  88  87  96  97  89  90  98  99  91  92 100 101  93 143 136
 137 145 144 138 139 146 148 140 141 147 149 142 190 191 192 193 194 195
 196 197 198 199 200 201 202 203 204 205 206 207 208 209 210 211 212 213
 214 215 216 217 218 219 220 221 222 223 224 225 124 131 129 123 122 130
 128 121 120 126 127 119 118 125 117 109 108 116 115 107 106 114 113 105
 103 112 111 104 102 110  85  84  83  82  81  80  79  78  77  76  75  74
  73  72   1   2   3   4   5   6   7   8   9  13  14  15  10  11  12  70
  67  68  66  16  17  18  19  20  21  22  23  24  25  26  27  28  29  33
  34  35  30  31  32  47  48  49  50  51  52  53  54  55  56  57  58  59
  60  61  62 132 133 134 135 189 188 187 186 185 184 183 182 181 180 179
 178 177 176 175 174 173 172 171 170 169 168 167 166 165 164 163 162 161
 160 159 158 157 156 155 154 153 152 151 150  40  39  41  38  37  36  43
  44  45  46  42  63  64  65  69  71   0]
Value - initial: 190871280, final: 7544717, improveup: 25.2986666034

data-line;i;190871280;f;7544717;t;5.40494394302;c;-2;fv;[7544717L];cv;-1;imp;25.2986666034;type;rvnd;inum;2;w;1

time;5.40494394302;man_time;0;neigh_time;0
man_time;0;man_merge_sol;0;man_best_sol;0;man_combine_sol;0

Waiting [0]
Terminating workers True 0 0
MPI TERMINATING
