pydf_home: /home/rodolfo/git/Sucuri
simple_pycuda_home: /home/rodolfo/git/simple-pycuda
wamca2016path: /home/rodolfo/git/wamca2016/
localpath: /home/rodolfo/git/dvnd-df/code/dvnd-df/src/
WAMCAPATH:/home/rodolfo/git/wamca2016/
param: {solution_index:3, solution_instance_index:67, multi_gpu:True, goal:False, problem_name:ml, number_of_moves:10, device_count:2, solver:rvnd, mpi_enabled:True, workers:1}
Using already created file:  wamca2016lib.so
Size: 318 - file name: 04_lin318.tsp

Value - initial: 93682688-[153   4 282  38 142  49  20  89 109  21  76 261  36  17 156 290  91 139
 111 169 122  70 248  74  27  11 130 171 276  81  95  39  86 215 158 175
 163  73 292 258   1  92 207   9 233 260 205 203 313 157 228 102 232  85
 274 181 280 174 173 115 177  84 200  54 101 277 183 155 192  80 263 271
 294  68 256 198  88 209 311 196  25 182 224  13 257  53  23  96 245 125
 213 110  44  43  98 299  35 253  71 297 212 148  40  26 249 119 136 298
 304 116 234  18  32 279 301 305 266  60 117 211  16  79 132 108 265 310
   6 118 154 283 150 214 143 289 120  59  34  62 259 312 113 243 220  77
 293 128 140  64  75 296 231  12  72 185 208 244 275 204 287 141 217 255
 160 307  90  47 230 309 106 167 278  41 159  69 166 194 221 121 219 302
 145 225  58  66  42  33 104 180  50   0 187 190  29 202 135 284  10 262
  56 295  61 285 178 195 240  52 300 191 236  99 129 186 149 216 242  19
 144 179  30 241 223 227  28 147 168  93 188 133  48   2 264   3  83 146
 268 286 235 316 126 247 272  14 176 306  15 291 134  57 270 114 239  45
  22 197 251  51 100 229 164 105   5 315 165 210 308 193 152 127 238  31
 252 131 250 206 267 199 288  94 151  87 123 314 226   8 237 317 218 201
 184 172  82 124 107 303 189   7 103 281  55  97 222 161 269 137 273 112
  46 162  63  67  24  78 246 138  65 254 170  37] - 93682688
Solver: RVND, number of workers: 1
Setting feeder affinity
I am the master. There are 1 mpi processes. (hostname = gpu01)
Roots [<pyDF.nodes.Feeder object at 0x7f915d52bad0>]
Starting 0
Main loop
I am worker 0
GPU0
set random seed!
Initial: 93682688-[153   4 282  38 142  49  20  89 109  21  76 261  36  17 156 290  91 139
 111 169 122  70 248  74  27  11 130 171 276  81  95  39  86 215 158 175
 163  73 292 258   1  92 207   9 233 260 205 203 313 157 228 102 232  85
 274 181 280 174 173 115 177  84 200  54 101 277 183 155 192  80 263 271
 294  68 256 198  88 209 311 196  25 182 224  13 257  53  23  96 245 125
 213 110  44  43  98 299  35 253  71 297 212 148  40  26 249 119 136 298
 304 116 234  18  32 279 301 305 266  60 117 211  16  79 132 108 265 310
   6 118 154 283 150 214 143 289 120  59  34  62 259 312 113 243 220  77
 293 128 140  64  75 296 231  12  72 185 208 244 275 204 287 141 217 255
 160 307  90  47 230 309 106 167 278  41 159  69 166 194 221 121 219 302
 145 225  58  66  42  33 104 180  50   0 187 190  29 202 135 284  10 262
  56 295  61 285 178 195 240  52 300 191 236  99 129 186 149 216 242  19
 144 179  30 241 223 227  28 147 168  93 188 133  48   2 264   3  83 146
 268 286 235 316 126 247 272  14 176 306  15 291 134  57 270 114 239  45
  22 197 251  51 100 229 164 105   5 315 165 210 308 193 152 127 238  31
 252 131 250 206 267 199 288  94 151  87 123 314 226   8 237 317 218 201
 184 172  82 124 107 303 189   7 103 281  55  97 222 161 269 137 273 112
  46 162  63  67  24  78 246 138  65 254 170  37]
Final time: 3.14391803741s - Best: 6243883-[153 144  37  38  41  40  42  45  51  52  57  56  53  50  46  43  44  47
  49  54  55  48  39  31  30  29  28  21  20 102  19  22  27  26  23  18
  15  16  17  24  25  35  36  34  33 136 135 134 133 126 125  12  13   4
   3 105 106 110 111 114 115 119 207 124 127 132 123 128 131 137 208 149
 152 154 159 160 161 158 155 151 148 156 150 147 145 146 143 142 139 138
 118 117 109 108 210 211 215 216 219 220 224 312 230 231 238 241 240 239
 237 232 229 236 233 228 225 226 227 234 235 245 246 251 250 252 255 261
 262 267 266 263 260 256 253 254 249 258 257 259 264 265 268 314 271 272
 279 278 283 284 290 289 285 282 281 286 288 293 292 291 287 280 277 276
 169 170 174 173 178 179 185 184 180 177 168 209 163  59  60  62  61  68
  73  74  80  69  65  64 175 172 171 176 181 183 188 182 186 187 189  86
  87 195 196 200 201 205 206  99  93  94  98  97  89  88  92 101 100  96
  95  91  90  84  85  79  75  72  71  76  78  83  82  81  77  70  67  66
  63 104  58 316 315 103  32  11  14  10   9   6   5   1   0   2   7   8
 107 112 113 121 120 122 129 130 140 141 157 162 167 166 190 193 194 202
 203 199 198 204 311 310 306 305 301 300 192 191 294 295 298 299 307 308
 309 304 303 297 296 275 274 270 269 317 248 247 244 243 223 222 213 214
 218 217 212 221 242 313 164 165 273 302 197 116]
Value - initial: 93682688, final: 6243883, improveup: 15.0039147114

data-line;i;93682688;f;6243883;t;3.14391803741;c;-2;fv;[6243883L];cv;-1;imp;15.0039147114;type;rvnd;inum;3;w;1

time;3.14391803741;man_time;0;neigh_time;0
man_time;0;man_merge_sol;0;man_best_sol;0;man_combine_sol;0

Waiting [0]
Terminating workers True 0 0
MPI TERMINATING
