pydf_home: /home/rodolfo/git/Sucuri
simple_pycuda_home: /home/rodolfo/git/simple-pycuda
wamca2016path: /home/rodolfo/git/wamca2016/
localpath: /home/rodolfo/git/dvnd-df/code/dvnd-df/src/
WAMCAPATH:/home/rodolfo/git/wamca2016/
param: {solution_index:3, solution_instance_index:22, multi_gpu:True, goal:False, problem_name:ml, number_of_moves:10, device_count:2, solver:rvnd, mpi_enabled:True, workers:1}
Using already created file:  wamca2016lib.so
Size: 318 - file name: 04_lin318.tsp

Value - initial: 93211617-[  5  63 193  85 186 184 168  90 140 231 176  76  43  61 280 306 129 213
 171 125 235  97 249 299 257 163 162 148  36  28 198 248 228  35 102 314
 288 166 206  93 261  56 185  19 201 154 258 252 134 173 218 246  89 132
   0  26  18 279  78 264 247  27 244 271 304  39 215 181 269 277 253 291
  60  22  40  54 234 108 251 241  53  82 272 242 294 214  11 178 165 303
 302   2 169 224  86 131 275 220  34 311  65   7  94 276 157 141 156 298
  37  44 137  66  91 189  25  79 256 232   9 238 301 195  74 267 205  14
 317 208  59 305 146  96 112  52 158  30 109 191  42 130 106  99 119 263
 278  73 284 219 202 100 113 281   6 190 142  23  12 127  69 118 143 236
  81 259 286 216   3 104 122  77 313  21 155  47 160  75  64 312   4 222
 105 117  48 226 283  87  49  17 310 192  24 174 123  68 164 110 135 223
 187 233  80 196 167  10 197 225  45  67  31  13 204   8 227 308 240  15
 194 243 180 211  20 172   1  51 273  98 159  71 153 237 144 274 295 254
 115 120 145 230 282 316 114 217 239 170  16 103 250 111 183  33 121 177
  55  57 116  92 245  62 126 289 255  88 136  83 107 203 210 260 315 262
 101 207  46 149 151 209 182 270 285 297 296 229 179 290 287 266 200 161
 268 175 300  95  70 307 292 293 138 124 309 128  50 133  38 199 188 221
  29  41 139  32  58  84  72 265 147 152 212 150] - 93211617
Solver: RVND, number of workers: 1
Setting feeder affinity
I am the master. There are 1 mpi processes. (hostname = gpu01)
Roots [<pyDF.nodes.Feeder object at 0x7ff7e3eeead0>]
Starting 0
Main loop
I am worker 0
GPU0
set random seed!
Initial: 93211617-[  5  63 193  85 186 184 168  90 140 231 176  76  43  61 280 306 129 213
 171 125 235  97 249 299 257 163 162 148  36  28 198 248 228  35 102 314
 288 166 206  93 261  56 185  19 201 154 258 252 134 173 218 246  89 132
   0  26  18 279  78 264 247  27 244 271 304  39 215 181 269 277 253 291
  60  22  40  54 234 108 251 241  53  82 272 242 294 214  11 178 165 303
 302   2 169 224  86 131 275 220  34 311  65   7  94 276 157 141 156 298
  37  44 137  66  91 189  25  79 256 232   9 238 301 195  74 267 205  14
 317 208  59 305 146  96 112  52 158  30 109 191  42 130 106  99 119 263
 278  73 284 219 202 100 113 281   6 190 142  23  12 127  69 118 143 236
  81 259 286 216   3 104 122  77 313  21 155  47 160  75  64 312   4 222
 105 117  48 226 283  87  49  17 310 192  24 174 123  68 164 110 135 223
 187 233  80 196 167  10 197 225  45  67  31  13 204   8 227 308 240  15
 194 243 180 211  20 172   1  51 273  98 159  71 153 237 144 274 295 254
 115 120 145 230 282 316 114 217 239 170  16 103 250 111 183  33 121 177
  55  57 116  92 245  62 126 289 255  88 136  83 107 203 210 260 315 262
 101 207  46 149 151 209 182 270 285 297 296 229 179 290 287 266 200 161
 268 175 300  95  70 307 292 293 138 124 309 128  50 133  38 199 188 221
  29  41 139  32  58  84  72 265 147 152 212 150]
Final time: 3.28411698341s - Best: 5859554-[  5   6   9  10  14 102  20  21  28  31  30  29  27  22  19  26  23  18
  15  16  17  24  25  35  36  41  40  42  45  51  52  57  56  53  50  46
  43  44  47  49  54  55 104  63  66  67  70  77  81  82  84  83  78  76
  71  79  75  72  68  69  73  74  80  88  89  94  93  99 206 205 201 200
 196 195  87  86 189 187 186 182 188 176 181 183 190 184 180 177 185 179
 178 174 173 168 171 172 175  64  65  60  59 163 160 159 154 161 158 155
 151 148 208 137 136 135 134 133 126 125 119 207 124 127 132 123 128 131
 130 129 122 120 121 139 138 241 240 239 238 231 230 312 229 232 237 242
 236 233 228 225 226 227 234 235 245 246 251 250 252 255 261 262 267 266
 263 260 256 253 254 249 258 257 259 264 265 268 314 271 272 279 283 278
 282 285 289 284 290 299 298 302 305 306 310 311 204 199 198 301 300 294
 292 291 287 293 288 286 281 276 277 280 169 170 164 165 167 166 162 157
 156 150 147 146 145 149 152 153 144  37  38  34  33  13  12 115 114 111
 110   4   3 106 105 107 112 113 109 108 210 211 215 216 219 220 117 118
 224 221 212 217 218 214 213 222 223 243 244 247 248 317 269 270 274 275
 296 297 303 304 309 308 307 295 191 192 194 193 203 202 197  98  97  92
 101 100  96  95  91  90  85  62  61  58 316 315  48  39 103  32  11   1
   0   2   7   8 116 140 141 143 142 313 273 209]
Value - initial: 93211617, final: 5859554, improveup: 15.9076300005

data-line;i;93211617;f;5859554;t;3.28411698341;c;-2;fv;[5859554L];cv;-1;imp;15.9076300005;type;rvnd;inum;3;w;1

time;3.28411698341;man_time;0;neigh_time;0
man_time;0;man_merge_sol;0;man_best_sol;0;man_combine_sol;0

Waiting [0]
Terminating workers True 0 0
MPI TERMINATING
