pydf_home: /home/rodolfo/git/Sucuri
simple_pycuda_home: /home/rodolfo/git/simple-pycuda
wamca2016path: /home/rodolfo/git/wamca2016/
localpath: /home/rodolfo/git/dvnd-df/code/dvnd-df/src/
WAMCAPATH:/home/rodolfo/git/wamca2016/
param: {solution_index:4, solution_instance_index:50, multi_gpu:True, goal:False, problem_name:ml, number_of_moves:10, device_count:2, solver:rvnd, mpi_enabled:True, workers:1}
Using already created file:  wamca2016lib.so
Size: 501 - file name: 05_TRP-S500-R1.tsp

Value - initial: 32541862-[268 158 322 415 473 400  24 354 436  70 314  90 488  29 337 335  87  58
 193 477 290 315 102  71 232 273  14 374 424 271 448 499 344 453 421 320
 403 121  79 438 428 145 449 129 402 136  27 223 199 213 191 451 309  59
 106 287 285 238  25 128 476 394 381 496 417 479 353 141 385 187  46 361
  55 240 219 171 416 487 466 150 420  67 334 216 165 342 325 126  89 296
 209 355 340 149 124 155 229 133 234 105 486 212  96 181 450   9 495 406
 159 220 470 332 399 316  88 134 318 422  32 111  10  37 245  60 289 390
 396 154 200 142 164  16 439 215 195 109  39 297 119 162 312 253   5 414
  13 326 161  93 384 152 492  50 281 313 246 395 368 204 239 274 364 351
  23 266 347 372 348  97  91 480  95 481  30   7 298 264 284 252 377 444
 226 214  43 256  57 151 490 493 363 166 153  92 306 208 327  47 429 178
 434  26 120 419 259 366 163 255 257 383 447 293 343 412 392 310  76 242
 203 156 180   3 467 455 278 282 339 110 221  51 135 116 283   1 275 456
 498 387 122 173 207 231 217 328 174 225 265 404 431 341 458 478 170 437
 241  35 235  64 409 272 227 356 407 336  42  48 408 168 497 391 388 440
 194 228 472 132 442 323  86 299 233   8 425 379 471 410  33 196 433 484
 175 475 295 236  66  17 279  22 176 270 261 418 398 269 140   2 469  74
 218 365  85  41 300 367 115 294  34 482  94  19 329 411 494 186 378 382
 277 413 184  63 464 357 459  20  49 317 346 352 101   6 426 188  81  80
 131 321 483 248  38 462 144  44 113 230  18  52 358  15  53 210  99 460
 114 292 112 461 401  21 446 454 359 108 305  98 308 457 100 369 104 370
 286  75 380 189 143  56 491 397  84 211 202 206 474  61 443 468  31 117
 376 386  40 118 182 307 405 291 260 222  54 445 251 389 123 319  28 172
 224  73 393 276 250 331 244 107  72 258   0 190 157 360 254 280 192 205
 147 423 201 262  62 427 430 489 288  12  78 330 324 303 362 148 302  65
  77 452  36 198 197  11 167 169 435 441 465 160 243 375 249 177 237  68
  82  69 304  45 127 371 139 500 373 263 146 138 345 137 349   4 463 485
 103 247  83 125 185 267 301 338 130 432 183 179 350 311 333] - 32541862
Solver: RVND, number of workers: 1
Setting feeder affinity
I am the master. There are 1 mpi processes. (hostname = gpu01)
Roots [<pyDF.nodes.Feeder object at 0x7f4b2611aad0>]
Starting 0
Main loop
I am worker 0
GPU0
set random seed!
Initial: 32541862-[268 158 322 415 473 400  24 354 436  70 314  90 488  29 337 335  87  58
 193 477 290 315 102  71 232 273  14 374 424 271 448 499 344 453 421 320
 403 121  79 438 428 145 449 129 402 136  27 223 199 213 191 451 309  59
 106 287 285 238  25 128 476 394 381 496 417 479 353 141 385 187  46 361
  55 240 219 171 416 487 466 150 420  67 334 216 165 342 325 126  89 296
 209 355 340 149 124 155 229 133 234 105 486 212  96 181 450   9 495 406
 159 220 470 332 399 316  88 134 318 422  32 111  10  37 245  60 289 390
 396 154 200 142 164  16 439 215 195 109  39 297 119 162 312 253   5 414
  13 326 161  93 384 152 492  50 281 313 246 395 368 204 239 274 364 351
  23 266 347 372 348  97  91 480  95 481  30   7 298 264 284 252 377 444
 226 214  43 256  57 151 490 493 363 166 153  92 306 208 327  47 429 178
 434  26 120 419 259 366 163 255 257 383 447 293 343 412 392 310  76 242
 203 156 180   3 467 455 278 282 339 110 221  51 135 116 283   1 275 456
 498 387 122 173 207 231 217 328 174 225 265 404 431 341 458 478 170 437
 241  35 235  64 409 272 227 356 407 336  42  48 408 168 497 391 388 440
 194 228 472 132 442 323  86 299 233   8 425 379 471 410  33 196 433 484
 175 475 295 236  66  17 279  22 176 270 261 418 398 269 140   2 469  74
 218 365  85  41 300 367 115 294  34 482  94  19 329 411 494 186 378 382
 277 413 184  63 464 357 459  20  49 317 346 352 101   6 426 188  81  80
 131 321 483 248  38 462 144  44 113 230  18  52 358  15  53 210  99 460
 114 292 112 461 401  21 446 454 359 108 305  98 308 457 100 369 104 370
 286  75 380 189 143  56 491 397  84 211 202 206 474  61 443 468  31 117
 376 386  40 118 182 307 405 291 260 222  54 445 251 389 123 319  28 172
 224  73 393 276 250 331 244 107  72 258   0 190 157 360 254 280 192 205
 147 423 201 262  62 427 430 489 288  12  78 330 324 303 362 148 302  65
  77 452  36 198 197  11 167 169 435 441 465 160 243 375 249 177 237  68
  82  69 304  45 127 371 139 500 373 263 146 138 345 137 349   4 463 485
 103 247  83 125 185 267 301 338 130 432 183 179 350 311 333]
Final time: 8.21523094177s - Best: 1980799-[268 336 386 332  94 102 460 479 211 233 451 216 380 301 330  44 373 179
 116 344 303 348  78  98 166 222 342 314 401  11 283 462  24 465 456 371
 289 188 267 476  34 242 234 442 399 424 315 173 323 374 498 397 429 493
 461 241 495  56 184 154 230 158  71 364 174 146  38 436 181  82 345 416
 358 431 382 419  88 193 112 142 236 356   5 246  39 111   7 445 339  59
  83 486  41 469  32 217  84  80 463  48 113 169 121 198 287 353 321 258
 106 135 164 276 171 282 224 149   8 390 310 320 327 153 400  23 107  53
 150 452 235  18   0 271  63 229 489 296 280 317 478 137 263 297 328 372
 196 292 313 104 272 139 376  86 413  21 278 202 299  43 285 185  55 309
 163  42 453 140 251 349 279 387  70 275  12  89 204 226 239 129 439 160
 403 411 447  16 438  52 248   6 302 212 293 306 304 237  97 255 190  95
 448 485 141 354 207 365 487  25 475  90 187 473 412  79 484 391 161  75
 333 227 250 126 205 147 405 108 151 334 428 355 145 363 186 257  46 249
 231 375 256 127 482 474 446 130  37 244 441 491  27 101 490 264 220  85
 110 398 125 259 143 418  64 214 483 331 378  10 497 176 409 318 132 240
 103 359 408 427  74 183 180 357 252  40 206  58 406 433 343 219 261 118
 100 396  77 209 389  29  47  66 162 324  60 347  45 182  28 383 319  33
  22 341 414 337 286 213 172 335 200 470 136 351 305 481 117 377 369 450
 311 488   2 168 170  50  26 189 425 115 471 316 247 350 415 338 295 131
  92 167 393 273 434  36 119 459 178   4 223  54 128  20 294 410 175 385
 138  96  15 440  65 366  49 148 477 322 120 218 494 430 467 201 157 404
  57 254 367 191 269 407 253 402 156 329 284 458 449 432 291 165 435 455
 392 426 312  14 388  72 308  68 370 274 245 298 262 395 152 215 457 381
 238 265  69 290  99  93 203 281 466 155 307 109 208  19 243  73 417 492
 133 260 340 443 134 122 199  51 159 228 197 225 472 454   9 500 194  13
 379  35 124 277 352 210  87 326 437 422 468 346  76 266 420  62 362  81
 221 421 496 325  67 480 300 384 144 114  17   1 368 105  31 423 361 394
 195 232 464 360 444  91 123 192  61 270 288 177  30   3 499]
Value - initial: 32541862, final: 1980799, improveup: 16.4286542956

data-line;i;32541862;f;1980799;t;8.21523094177;c;-2;fv;[1980799L];cv;-1;imp;16.4286542956;type;rvnd;inum;4;w;1

time;8.21523094177;man_time;0;neigh_time;0
man_time;0;man_merge_sol;0;man_best_sol;0;man_combine_sol;0

Waiting [0]
Terminating workers True 0 0
MPI TERMINATING
