pydf_home: /home/rodolfo/git/Sucuri
simple_pycuda_home: /home/rodolfo/git/simple-pycuda
wamca2016path: /home/rodolfo/git/wamca2016/
localpath: /home/rodolfo/git/dvnd-df/code/dvnd-df/src/
WAMCAPATH:/home/rodolfo/git/wamca2016/
param: {solution_index:3, solution_instance_index:92, multi_gpu:True, goal:False, problem_name:ml, number_of_moves:10, device_count:2, solver:rvnd, mpi_enabled:True, workers:1}
Using already created file:  wamca2016lib.so
Size: 318 - file name: 04_lin318.tsp

Value - initial: 94260334-[288  24 277 234 144 293 181  61  80 316 257 223 239 216  21  37 270 213
 163 212 155 141  90 287 104 273 193   8  26 264   2 197  16 159  30 263
 196 272 242 165  62  87 124 139  17   3 156 243  12  47  96 225 285 290
 105 112 235 220  13 177 192 244 227  23 147 168 135 286 231 115 172 128
 201 291  53 250 284 246 143 164 102 150  66 152 237   6 224  78 292 279
  10 296  41 240 312  39 206 233 194 176 191 186  95   9 116 308  73 174
 267 261  42  19 262 219 260 265  81 187 305 183  63   4 117  48 123 236
  43  93 302   7 108 241 125  85 297 289 281 171 121 295 198 106 166  44
   1 118  84 230 207  92  98 208 133 310  25 294  32 189 148 210 122 153
  91  34 317 315 306 311 140  20 266 126 100  50  88 221 283  97 215 280
 170 202 110 211  57  36 232  40  52  35  86 248 259 203 276  45 313 252
 222 307  65 175 258  77 127 228  69 136  49  22 303 114  79 269 132  89
  15  58 238 169 130 275 188 157 134 167 103 249 300 101 138  72 314  31
  18 149  83 245 299 179 226  75   0 162   5 145 218 113  11 129 254  70
 190 229 109 199 185 282 173 119  94  38 184 120 214 256  60  64 111  82
  54 253  71  55  99 271 131 304  51 151 309 178  76 298 301 209  33 142
  56 180 195  14 278  29 154 205 204 247  28 217  68 200 251 268  67  59
  74  27 161 158 274 107 255 146 137  46 182 160] - 94260334
Solver: RVND, number of workers: 1
Setting feeder affinity
I am the master. There are 1 mpi processes. (hostname = gpu01)
Roots [<pyDF.nodes.Feeder object at 0x7ffaaa49fad0>]
Starting 0
Main loop
I am worker 0
GPU0
set random seed!
Initial: 94260334-[288  24 277 234 144 293 181  61  80 316 257 223 239 216  21  37 270 213
 163 212 155 141  90 287 104 273 193   8  26 264   2 197  16 159  30 263
 196 272 242 165  62  87 124 139  17   3 156 243  12  47  96 225 285 290
 105 112 235 220  13 177 192 244 227  23 147 168 135 286 231 115 172 128
 201 291  53 250 284 246 143 164 102 150  66 152 237   6 224  78 292 279
  10 296  41 240 312  39 206 233 194 176 191 186  95   9 116 308  73 174
 267 261  42  19 262 219 260 265  81 187 305 183  63   4 117  48 123 236
  43  93 302   7 108 241 125  85 297 289 281 171 121 295 198 106 166  44
   1 118  84 230 207  92  98 208 133 310  25 294  32 189 148 210 122 153
  91  34 317 315 306 311 140  20 266 126 100  50  88 221 283  97 215 280
 170 202 110 211  57  36 232  40  52  35  86 248 259 203 276  45 313 252
 222 307  65 175 258  77 127 228  69 136  49  22 303 114  79 269 132  89
  15  58 238 169 130 275 188 157 134 167 103 249 300 101 138  72 314  31
  18 149  83 245 299 179 226  75   0 162   5 145 218 113  11 129 254  70
 190 229 109 199 185 282 173 119  94  38 184 120 214 256  60  64 111  82
  54 253  71  55  99 271 131 304  51 151 309 178  76 298 301 209  33 142
  56 180 195  14 278  29 154 205 204 247  28 217  68 200 251 268  67  59
  74  27 161 158 274 107 255 146 137  46 182 160]
Final time: 3.32276701927s - Best: 5976162-[288 286 281 276 277 280 287 291 292 294 293 295 289 285 282 290 284 283
 278 279 272 271 267 262 261 255 252 251 250 253 256 260 263 266 265 264
 259 257 254 249 313 242 241 240 239 238 231 230 312 229 232 237 228 233
 236 235 234 227 226 225 221 224 220 219 216 215 211 210 108 109 117 118
 138 139 142 143 146 145 147 150 156 157 162 166 167 174 173 178 179 185
 184 180 177 183 181 176 171 172 175 182 186 187 188 189  86  87  89  88
  80  74  73  68  72  75  79  71  76  78  83  82  81  77  70  67  66  63
 104  58 316 315  48  39  44  47  49  54  55  53  56  57  52  51  45  50
  46  43  40  42  41  36  35  25  24  17  16  15  18  23  26  19  22  27
  29  30  31  28  21  20 102  14  10   9   6   5   1   0   2   7   8   4
   3 111 110 106 105 107 112 113 121 120 122 129 130 131 128 123 124 127
 132 134 133 126 125 207 119 115 114  12  13  34  33 136 135 137 208 144
 153 160 159 154 152 149 148 151 155 158 161 209 163  59  60  64  65  62
  61  69  85  84  90  91  95  96 100 101  92  97  98  94  93  99 206 205
 201 200 196 195 197 190 193 194 202 203 192 191 300 301 198 199 204 311
 310 306 305 302 298 299 307 308 309 304 303 297 296 275 274 317 269 270
 273 169 170 165 164 268 314 258 245 246 248 247 244 243 223 222 213 214
 218 217 212 141 140 116  37  38 168 103  32  11]
Value - initial: 94260334, final: 5976162, improveup: 15.772720686

data-line;i;94260334;f;5976162;t;3.32276701927;c;-2;fv;[5976162L];cv;-1;imp;15.772720686;type;rvnd;inum;3;w;1

time;3.32276701927;man_time;0;neigh_time;0
man_time;0;man_merge_sol;0;man_best_sol;0;man_combine_sol;0

Waiting [0]
Terminating workers True 0 0
MPI TERMINATING
