pydf_home: /home/rodolfo/git/Sucuri
simple_pycuda_home: /home/rodolfo/git/simple-pycuda
wamca2016path: /home/rodolfo/git/wamca2016/
localpath: /home/rodolfo/git/dvnd-df/code/dvnd-df/src/
WAMCAPATH:/home/rodolfo/git/wamca2016/
param: {solution_index:4, solution_instance_index:15, multi_gpu:True, goal:False, problem_name:ml, number_of_moves:10, device_count:2, solver:rvnd, mpi_enabled:True, workers:1}
Using already created file:  wamca2016lib.so
Size: 501 - file name: 05_TRP-S500-R1.tsp

Value - initial: 32378783-[116 250 472 397 186 314 283  64 176  19 132 308  99 286 175  38 149  44
 403 418 163  17  75 391 435 355 185 241 373 137 427 180 462 444 345 183
 415 126 469 118 190 254 467 192 290 148 356 117 461 146 342  71 195 445
  23 294 454 220  90 114 482 343 181  56 478 168  77  51 360 330 476 386
 158  35 266 399 194 492 486 378 201 451 214 313 299 398 302 198 206 130
 341  11  29 405 455   0 128 366 143 305  73  49 112 369 317 358 289 370
 157 273 395 235 361 222 248  53 252 152 375 244 121 101  33 348 350 219
  93 131 448  16  76 306 406  48 216 490 270 498 245 457 468 344 162 402
 129 404 484 321 257 106 279 141 113 385  92  62 267 288 430 466  59 349
 434 229 426  69 470  31 221  34 166 474 172 276 153  95 253 449 147  94
 380 127 151  21 379 327 169  66 479 191 178  78  65   9  81 217 324  39
 303 339  68 477 458 452 322 392 282 174 422 417  82 110 346  30 334  79
  60 200 264 331 374 433 376 441 323 407 189 255  32 269  63  24 280 396
 325 209 465 493 400 335 497 170 307 394 383 159  84 236 203 429 463 442
 295 464 165 377  40 226 337 381 182 260 351 393 495 388 161 293 173  46
 300 412   2 311 297 232 202 210 177   4 218 265 338  52  50 249 419   5
 320 261 480 340 111 483 243 212  18 262 167 471  37 491 184 109 285 251
 240 150  12 230 439 268 389 368 304 456 103 193 364  36 225 416 234 336
 119  87 164 259 475 215 410  26 354  86 487 318 328  72 428 437 359 227
  96 197  15 211 291 107 500 120 384 443 233 424 196 432 357 387 207 134
 144 231 438 332 246  91  85 413 333 237 372 390 224 326 352 204  98  70
  89 292  74 363   3 353 473  28 382  57 411 247 488  25 160 421   1 205
  58 436 179 223 460 310 447 296   8 298 100 481  55 155 125  20 187  83
 105 263 228  27 271 139 208 459 238 489 431 440 409 239 423 122  97 171
 365 188  22 446  45 123 401 485 450 309 347 425 104 275 420 414 145 154
  13 367 281  47 496 277 256 124  80 115   6 213 138 278  10 108  43  61
 315 312 494 156 102 287 135  88 371 362 284   7  54 274 242  42  67 316
 329 140 136 319 453 272  41 301 408  14 142 499 258 199 133] - 32378783
Solver: RVND, number of workers: 1
Setting feeder affinity
I am the master. There are 1 mpi processes. (hostname = gpu01)
Roots [<pyDF.nodes.Feeder object at 0x7fd307b7ead0>]
Starting 0
Main loop
I am worker 0
GPU0
set random seed!
Initial: 32378783-[116 250 472 397 186 314 283  64 176  19 132 308  99 286 175  38 149  44
 403 418 163  17  75 391 435 355 185 241 373 137 427 180 462 444 345 183
 415 126 469 118 190 254 467 192 290 148 356 117 461 146 342  71 195 445
  23 294 454 220  90 114 482 343 181  56 478 168  77  51 360 330 476 386
 158  35 266 399 194 492 486 378 201 451 214 313 299 398 302 198 206 130
 341  11  29 405 455   0 128 366 143 305  73  49 112 369 317 358 289 370
 157 273 395 235 361 222 248  53 252 152 375 244 121 101  33 348 350 219
  93 131 448  16  76 306 406  48 216 490 270 498 245 457 468 344 162 402
 129 404 484 321 257 106 279 141 113 385  92  62 267 288 430 466  59 349
 434 229 426  69 470  31 221  34 166 474 172 276 153  95 253 449 147  94
 380 127 151  21 379 327 169  66 479 191 178  78  65   9  81 217 324  39
 303 339  68 477 458 452 322 392 282 174 422 417  82 110 346  30 334  79
  60 200 264 331 374 433 376 441 323 407 189 255  32 269  63  24 280 396
 325 209 465 493 400 335 497 170 307 394 383 159  84 236 203 429 463 442
 295 464 165 377  40 226 337 381 182 260 351 393 495 388 161 293 173  46
 300 412   2 311 297 232 202 210 177   4 218 265 338  52  50 249 419   5
 320 261 480 340 111 483 243 212  18 262 167 471  37 491 184 109 285 251
 240 150  12 230 439 268 389 368 304 456 103 193 364  36 225 416 234 336
 119  87 164 259 475 215 410  26 354  86 487 318 328  72 428 437 359 227
  96 197  15 211 291 107 500 120 384 443 233 424 196 432 357 387 207 134
 144 231 438 332 246  91  85 413 333 237 372 390 224 326 352 204  98  70
  89 292  74 363   3 353 473  28 382  57 411 247 488  25 160 421   1 205
  58 436 179 223 460 310 447 296   8 298 100 481  55 155 125  20 187  83
 105 263 228  27 271 139 208 459 238 489 431 440 409 239 423 122  97 171
 365 188  22 446  45 123 401 485 450 309 347 425 104 275 420 414 145 154
  13 367 281  47 496 277 256 124  80 115   6 213 138 278  10 108  43  61
 315 312 494 156 102 287 135  88 371 362 284   7  54 274 242  42  67 316
 329 140 136 319 453 272  41 301 408  14 142 499 258 199 133]
Final time: 4.71024608612s - Best: 1989540-[116 344 179 373  44 330 301 380 216 208 109 204 215 447 411  16 152 102
 460 479 233 211  94 332 386 336 268 395 262 243  19 348 303 235 452  18
   0 150  53 107 153 400  23 342 249 231 375 256 127 482 474 446 244 441
  27 491  37 130 289 188 267 476  34 371 456 465  24 401 314  11 283 462
 442 234 242 500 194  13 379  35 352 326 210 277 124 368 497 176 409 318
  74 427 408 359 132 103 240 331 483 214 398 110  85 101 490 264 220 125
 259 143  64 418 189  26  50 170 168   2 488 377 369 450 311 162 324  60
 347  45 182  28 383 319  33 136 470 200 335 172 213 286 337 341 414 219
 261 118 100  77 396 433 343 406  58 206 357 252  40 144   1  17 114 384
 300 480  67 325 496 421 221 362  62 420 266  82 345 416 358 181 431 382
 419  88 193 112 142   5 356 236 232 146  38 436 174 364  71 158 195 394
  76 346 468 422 437 423 399 424 315 173 323 374 498 397 429 493 461 241
 495  56 184 154 287 353 106 360 310 390   8 149 224 282 171 276 164 135
 258 321 198 464  59 339 445 111   7  83 486 169 121 113  48 463  84  80
  32 469  41 217 444  91 123 413  21 278 202 299 292 313 104 272 139 376
  86 192  61 280 296 489 229  63 271 270 317 478 137 263 297 328 372 196
  55 185  43 285 309 163  42 453 140 251 349 279 387  70 275 307 155 466
  93  99 290 203 281  69 265 238 381 457 226 239 129 439 160 403 438   6
 248  52 306 293 212 302  72 308  68 388 304 237  97 255 190  95 448 288
 494 430 201 157 467 485 141 354 207 365 487  25 475  90 187 473 412  79
 391 484  14 333  75 161 312 426 392 455 435 367 254  57 404 253 402 294
  20 156 407 191 269 432 291 165 147 405 108 205 126 250 227 274 370 245
 298 133 492 417  73  78 166  98  46 257 186 363 151 334 260 428 355 145
 454   9 472 199  51 122 340 443 134 449 458 350 415 338 131 295 284 329
  54 128 410 175 385 138  96  15 440  65 366  49 148 477 322 120 218 177
  30 223   4 178 459 119  36 434 273   3 393 167 117 481 305 351  92 247
 316 115 471 228 159 225 197 425  66 499 209 389  29  47 180 183 378  10
 105  31  87  81 230 361 320 327 222 451  89  12  39 246  22]
Value - initial: 32378783, final: 1989540, improveup: 16.2745071725

data-line;i;32378783;f;1989540;t;4.71024608612;c;-2;fv;[1989540L];cv;-1;imp;16.2745071725;type;rvnd;inum;4;w;1

time;4.71024608612;man_time;0;neigh_time;0
man_time;0;man_merge_sol;0;man_best_sol;0;man_combine_sol;0

Waiting [0]
Terminating workers True 0 0
MPI TERMINATING
