pydf_home: /home/rodolfo/git/Sucuri
simple_pycuda_home: /home/rodolfo/git/simple-pycuda
wamca2016path: /home/rodolfo/git/wamca2016/
localpath: /home/rodolfo/git/dvnd-df/code/dvnd-df/src/
WAMCAPATH:/home/rodolfo/git/wamca2016/
param: {solution_index:3, solution_instance_index:36, multi_gpu:True, goal:False, problem_name:ml, number_of_moves:10, device_count:2, solver:rvnd, mpi_enabled:True, workers:1}
Using already created file:  wamca2016lib.so
Size: 318 - file name: 04_lin318.tsp

Value - initial: 94107340-[  7 177   1 187  28 181  24 204 231 311 287 263 251  46 107 239 227  80
  82 269 235 294 109 244 313 134  81 196 113  97  44 102 146 307 145 207
   4 103  18 254  68 116  67 289 122 167 182 185 275 120 309 138 118 173
 255  50 135 280  22 246 104 242  63 271 161  71  66 142 179 180  70  17
 221  55 262  35  13 189 112 279 306  21 245 293 303 223 260  48  10   2
 203  23 163  74 217  33  65 202 155  31 192 298  75  14 188 273 225 286
 270  60 194 253 316  79 216 232  20  11 257 149 110 133 144  64 226  73
 296 208 297 236 164 132 281  77 171 172 229 108  15 136 305  56 261 304
 314  95 174 148 277  45 210  76 169 131 184 160 139  88 129  85 258  16
 219  54 268 237 295  91  83 201 256 212 111   3 162 312 317 214 195 315
  89  34 220  42 106 191  41 126  47 285  98 288  43 130 121 213 266 228
 156  61 168  32  69  87 209  27 193  12 170 190 233 278 176 117 197 240
  51  26 178 101 140  72 211 291  36 137 143  37  30  92  93 147 154 124
 292  40 165  25  39 250 230  57  78 301 151 218 100 310 272  86  96  58
  52 248 249  38 243 302 123 125 141 186  84  49 105 127  53 241 265 274
 222 224 183 282 119 199 198 276  19 300   5 166 264 299 252 128 175 308
 234 114   9  59 157 150 153 283 158 200  94 267  62   0   6 206   8  90
 284 247  99 205 152  29 238 259 215 115 290 159] - 94107340
Solver: RVND, number of workers: 1
Setting feeder affinity
I am the master. There are 1 mpi processes. (hostname = gpu01)
Roots [<pyDF.nodes.Feeder object at 0x7fda9fb9aad0>]
Starting 0
Main loop
I am worker 0
GPU0
set random seed!
Initial: 94107340-[  7 177   1 187  28 181  24 204 231 311 287 263 251  46 107 239 227  80
  82 269 235 294 109 244 313 134  81 196 113  97  44 102 146 307 145 207
   4 103  18 254  68 116  67 289 122 167 182 185 275 120 309 138 118 173
 255  50 135 280  22 246 104 242  63 271 161  71  66 142 179 180  70  17
 221  55 262  35  13 189 112 279 306  21 245 293 303 223 260  48  10   2
 203  23 163  74 217  33  65 202 155  31 192 298  75  14 188 273 225 286
 270  60 194 253 316  79 216 232  20  11 257 149 110 133 144  64 226  73
 296 208 297 236 164 132 281  77 171 172 229 108  15 136 305  56 261 304
 314  95 174 148 277  45 210  76 169 131 184 160 139  88 129  85 258  16
 219  54 268 237 295  91  83 201 256 212 111   3 162 312 317 214 195 315
  89  34 220  42 106 191  41 126  47 285  98 288  43 130 121 213 266 228
 156  61 168  32  69  87 209  27 193  12 170 190 233 278 176 117 197 240
  51  26 178 101 140  72 211 291  36 137 143  37  30  92  93 147 154 124
 292  40 165  25  39 250 230  57  78 301 151 218 100 310 272  86  96  58
  52 248 249  38 243 302 123 125 141 186  84  49 105 127  53 241 265 274
 222 224 183 282 119 199 198 276  19 300   5 166 264 299 252 128 175 308
 234 114   9  59 157 150 153 283 158 200  94 267  62   0   6 206   8  90
 284 247  99 205 152  29 238 259 215 115 290 159]
Final time: 2.84091711044s - Best: 6079568-[  7   2   0   1   5   6   9  10  14  20  21  28 102  19  18  15  16  17
  24  25  26  23  22  27  29  30  31  32 103  39  44  47  49  54  55  53
  50  46  43  40  41  42  45  51  52  57  56 104  63  66  67  70  77  81
  82  84  83  71  76  78  85  79  75  72  68  69  73  74  80  89  88  92
  90  91  95  96 100 101  97  98  94  93  99 206 205 201 200 196 195 189
 188 187 186 182 175 172 171 176 181 183 184 180 177 168 209 160 159 154
 152 149 148 151 155 158 161 162 157 156 150 147 145 146 141 140 137 136
 135 134 133 126 125  12  13   4   3 105 106 110 111 114 115 119 207 124
 127 132 123 128 131 130 129 122 120 121 118 117 220 219 216 215 109 108
 211 210 212 221 228 233 236 242 237 232 229 312 224 230 231 238 239 240
 241 138 139 143 142 249 258 254 257 259 264 265 314 268 164 165 170 169
 280 287 291 292 294 293 277 276 273 281 286 288 295 289 285 282 290 284
 283 278 279 272 271 267 262 261 255 252 251 250 266 263 260 256 253 313
 245 246 235 234 227 225 226 217 218 214 213 222 223 243 244 247 248 317
 269 270 274 275 296 297 303 304 309 308 307 299 298 302 300 301 305 306
 310 311 204 199 198 191 192 174 173 178 179 185 193 194 203 202 197 190
  86  87  65  64  59  60  62  61  58 316 315  48  35  36  34  33  38  37
 144 153 163 166 167 208 116 112 113 107   8  11]
Value - initial: 94107340, final: 6079568, improveup: 15.4792807647

data-line;i;94107340;f;6079568;t;2.84091711044;c;-2;fv;[6079568L];cv;-1;imp;15.4792807647;type;rvnd;inum;3;w;1

time;2.84091711044;man_time;0;neigh_time;0
man_time;0;man_merge_sol;0;man_best_sol;0;man_combine_sol;0

Waiting [0]
Terminating workers True 0 0
MPI TERMINATING
