pydf_home: /home/rodolfo/git/Sucuri
simple_pycuda_home: /home/rodolfo/git/simple-pycuda
wamca2016path: /home/rodolfo/git/wamca2016/
localpath: /home/rodolfo/git/dvnd-df/code/dvnd-df/src/
WAMCAPATH:/home/rodolfo/git/wamca2016/
param: {solution_index:7, solution_instance_index:60, multi_gpu:True, goal:False, problem_name:ml, number_of_moves:10, device_count:2, solver:rvnd, mpi_enabled:True, workers:1}
Using already created file:  wamca2016lib.so
Size: 1001 - file name: 08_TRP-S1000-R1.tsp

Value - initial: 130007045-[533 613 387 ..., 270 917 147] - 130007045
Solver: RVND, number of workers: 1
Setting feeder affinity
I am the master. There are 1 mpi processes. (hostname = gpu01)
Roots [<pyDF.nodes.Feeder object at 0x7fa160828ad0>]
Starting 0
Main loop
I am worker 0
GPU0
set random seed!
Initial: 130007045-[533 613 387 ..., 270 917 147]
Final time: 22.3299880028s - Best: 5710444-[533 434 819 ..., 814 347 518]
Value - initial: 130007045, final: 5710444, improveup: 22.766538819

data-line;i;130007045;f;5710444;t;22.3299880028;c;-2;fv;[5710444L];cv;-1;imp;22.766538819;type;rvnd;inum;7;w;1

time;22.3299880028;man_time;0;neigh_time;0
man_time;0;man_merge_sol;0;man_best_sol;0;man_combine_sol;0

Waiting [0]
Terminating workers True 0 0
MPI TERMINATING
