pydf_home: /home/rodolfo/git/Sucuri
simple_pycuda_home: /home/rodolfo/git/simple-pycuda
wamca2016path: /home/rodolfo/git/wamca2016/
localpath: /home/rodolfo/git/dvnd-df/code/dvnd-df/src/
WAMCAPATH:/home/rodolfo/git/wamca2016/
param: {solution_index:4, solution_instance_index:63, multi_gpu:True, goal:False, problem_name:ml, number_of_moves:10, device_count:2, solver:rvnd, mpi_enabled:True, workers:1}
Using already created file:  wamca2016lib.so
Size: 501 - file name: 05_TRP-S500-R1.tsp

Value - initial: 33586635-[460  90  93  21 344  97 247 254 208 377 337  71  52 417 477 194 116 442
 413 172 428 353 410 192  51 289  79 139  76 236 383 444 404  36 188 107
  22 157 166 432 153 322 257 261  49 279 183 475 253 185  57 427 479 470
 195 138 361 301 210 449 376  62  63 371  82 334 223 440 111  54 106 436
 113  10 401 439 288  23 205 234 118 305 299 264 298 339 465 231 351 374
 128 315 143 278 409 207 206 211  40 297 423   1 438 269 402 135 295 498
 330  74  69 414 346 411 319  47 283 497 392 362 191 242 488 275 198 486
 368  86 152 496  14 164 431 137 441 124 287 136 415  83  29 292 308 115
  18 448 476 466 229 457 102  53 294 304 446 161 180 122 493  84 303  60
  24 196  43 276 458 311 435 471 235  13 389 232 388  37 225  11 328 426
  94 422 281 258 168 357 213 177  48 169 318 329 309  72 280   0 270 491
 220 237 443 499  35 381 156  34 267   4 125  88 323 273 406  58 408 481
 385 393 162 121 131 282  73   6  17   2  20  75 117 240 176 291   3 193
 290 425 155 285 260 200 396 316 386 284  38 333 151 433 472 474  68 320
 146 349 184 492 375 454  66 150 293 154 400 244 424 356 127  50 167 419
 500 494 336 112 209  26  32 265 484 459  16  80 233  81 243 451 430 119
  61 266 173 108 217  70 391 495 325 390 348 364 170 478 416 359  78 250
 340  85 228 126 445  77 345 277 418 300 178 147 384 412 141  56 163 224
   8 186 212 332 355 181 246  15  99 134 343 341 109 395 382 463 327 314
 369 456 104 215 144 179 373 452 399 238 312 251 197 421 158 142 335 363
 338  65 372 370 296 489 360 132 182 256 271 248 239  87 420 255 190  91
 259 100 461  46 313 203   9 429 331 324 366 262 321  19  12 387 120 379
 252 149  64 227 397 114  41 133 171 105 380 245 272 201 263 468 226 241
 202 358 219 110 148 204 159 129  98 480 483 218  45 123 453 342 450  59
 140 394 455 286  44 306  30  89 310 487   7  92  96 352 221   5 103 398
 145 365 490 350 214 434 467 216 230 367  39 307 130 464 317 174 485  55
 302 274 160 268  27 447  42 407 347 187 199 437  25 249 405 165 482 175
 326 469  28 189 222  33  31 101  67 473 403  95 462 378 354] - 33586635
Solver: RVND, number of workers: 1
Setting feeder affinity
I am the master. There are 1 mpi processes. (hostname = gpu01)
Roots [<pyDF.nodes.Feeder object at 0x7fe87549aad0>]
Starting 0
Main loop
I am worker 0
GPU0
set random seed!
Initial: 33586635-[460  90  93  21 344  97 247 254 208 377 337  71  52 417 477 194 116 442
 413 172 428 353 410 192  51 289  79 139  76 236 383 444 404  36 188 107
  22 157 166 432 153 322 257 261  49 279 183 475 253 185  57 427 479 470
 195 138 361 301 210 449 376  62  63 371  82 334 223 440 111  54 106 436
 113  10 401 439 288  23 205 234 118 305 299 264 298 339 465 231 351 374
 128 315 143 278 409 207 206 211  40 297 423   1 438 269 402 135 295 498
 330  74  69 414 346 411 319  47 283 497 392 362 191 242 488 275 198 486
 368  86 152 496  14 164 431 137 441 124 287 136 415  83  29 292 308 115
  18 448 476 466 229 457 102  53 294 304 446 161 180 122 493  84 303  60
  24 196  43 276 458 311 435 471 235  13 389 232 388  37 225  11 328 426
  94 422 281 258 168 357 213 177  48 169 318 329 309  72 280   0 270 491
 220 237 443 499  35 381 156  34 267   4 125  88 323 273 406  58 408 481
 385 393 162 121 131 282  73   6  17   2  20  75 117 240 176 291   3 193
 290 425 155 285 260 200 396 316 386 284  38 333 151 433 472 474  68 320
 146 349 184 492 375 454  66 150 293 154 400 244 424 356 127  50 167 419
 500 494 336 112 209  26  32 265 484 459  16  80 233  81 243 451 430 119
  61 266 173 108 217  70 391 495 325 390 348 364 170 478 416 359  78 250
 340  85 228 126 445  77 345 277 418 300 178 147 384 412 141  56 163 224
   8 186 212 332 355 181 246  15  99 134 343 341 109 395 382 463 327 314
 369 456 104 215 144 179 373 452 399 238 312 251 197 421 158 142 335 363
 338  65 372 370 296 489 360 132 182 256 271 248 239  87 420 255 190  91
 259 100 461  46 313 203   9 429 331 324 366 262 321  19  12 387 120 379
 252 149  64 227 397 114  41 133 171 105 380 245 272 201 263 468 226 241
 202 358 219 110 148 204 159 129  98 480 483 218  45 123 453 342 450  59
 140 394 455 286  44 306  30  89 310 487   7  92  96 352 221   5 103 398
 145 365 490 350 214 434 467 216 230 367  39 307 130 464 317 174 485  55
 302 274 160 268  27 447  42 407 347 187 199 437  25 249 405 165 482 175
 326 469  28 189 222  33  31 101  67 473 403  95 462 378 354]
Final time: 4.76183104515s - Best: 1970018-[460 102 479 233 211  94 332 386 336 268  72 212 302   6 152 215 447 411
  16 403 160 439 129 239 457 381 238 265  69 281 203  99  93 155 307 275
  70 387 279 349 251 140 453  42 163 285  43 278 202 299 292 185  55 309
 372 196 328 297 263 313 104 272 139 376  21 413 123  91 444 171 276 282
 224 149   8 390 310 360 164 135 106 258 321 121 113  48 463  80  84 217
  32 469  41 486 169 198 287 154 184  56 495 241 461 493 429 397 498 374
 323 327 271  63 229 489 296 280 317 270   0  18 235 452 150  53 107  23
 153 400 315 173 424 283  11 462 442 234 242  34 371 456 465  24 401 314
 127 482 474 446 130  37 289 188 267 476 491  27 244 441 225 159 228 471
 316 115 425 189  26  50 170  92 168   2 488 377 369 450 311 347  60 324
 162  66 418  64 143 259 125 220 264 490 101  85 110 398 214 483 331 240
 103 359 132 378  10 368  35 379  13 124 277 352 326 210  87  81 362  62
 420 266  76 394 195 436  38 146 174 364  71 232 142 236 356 339  59  83
   7 445 111  39 246   5 112 193  88 419 382 431 181  82 358 416 345 221
 421 496 325  67 480 300 384 114  17   1 176 409 318  74 427 408 183 357
 252  40 206  58 406 343 433 100  77 396 180  47  29 389 209 499 261 118
 219 414 341 337 286 213 172 335 200 470 136  33 319 383  45 182  28 351
 305 481 117 167 393 273 434  36 119 459   4 223 284 329  20 294 128  54
 410 175 385 138  96  15 440  65 366  49 148 477 322 120 218 494 430 288
 255 190  95 448 485 141 354 207 365 487  25 475  90 187 473 412  79 391
 484  14 333  75 161 312 426 392 455 254  57 367 435 165 291 147 405 108
 205 126 250 227 298 245 274 370 388  68 308 395 262 243  19 451 216 208
 380 301 330  44 373 179 116 344 303 348  73 417  78  98 166 222 342 249
  46 257 186 363 492 133 151 334 145 355 428 260 340 443 134 122  51 199
 472   9 454 231 375 256 399 423 500 194  31 105 197 247 131 295 338 415
 350 458 449 432 269 191 407 156 402 253 404 157 201 467  97 237 304 306
 293  52 248 438 226 204 109  89  12 466 290 137 478  86 192  61 320 353
 464 158 230 468 346 422 361 437 497 144  22   3 178  30 177]
Value - initial: 33586635, final: 1970018, improveup: 17.0488975228

data-line;i;33586635;f;1970018;t;4.76183104515;c;-2;fv;[1970018L];cv;-1;imp;17.0488975228;type;rvnd;inum;4;w;1

time;4.76183104515;man_time;0;neigh_time;0
man_time;0;man_merge_sol;0;man_best_sol;0;man_combine_sol;0

Waiting [0]
Terminating workers True 0 0
MPI TERMINATING
