pydf_home: /home/rodolfo/git/Sucuri
simple_pycuda_home: /home/rodolfo/git/simple-pycuda
wamca2016path: /home/rodolfo/git/wamca2016/
localpath: /home/rodolfo/git/dvnd-df/code/dvnd-df/src/
WAMCAPATH:/home/rodolfo/git/wamca2016/
param: {solution_index:6, solution_instance_index:54, multi_gpu:True, goal:False, problem_name:ml, number_of_moves:10, device_count:2, solver:rvnd, mpi_enabled:True, workers:1}
Using already created file:  wamca2016lib.so
Size: 783 - file name: 07_rat784.tsp

Value - initial: 70587928-[439 447 336 579 188 287 698 643 362  89 297 688  96 529 192 559 706 326
 291 387 206 462 754 415 368 372 113 150  47 441  80 517 647 346 123 158
 466 705 539 235 561 107 514 506  17 702 259  45 225 573 557 713 289  79
 581 481 548 445 604 327 686 682  86 329 715 765 523 252 299 474 284 276
 293  59 357 381 115 482  23 143 236 625 186 760 364 126  85 213 558 176
  83 678 241 203 153 740 449 665   2  12 701  66 386 731  70 133   4 214
 426 759 600 599 285 583 438 298 339 250 628 490 344  81 493 170  73  68
  41 337 256 554 651 266 341 766 248 330 165 168 669  95 494 279 748 178
 530 303 280 725 774 555 414 230 631 591 475 146 273 673 201 307 683 391
 440   5 502 629 519 778 419 593 657 500 742 404 520 290 204 244 442 690
 728 112 756 191 538 535  48 421 300 594 525 360 160 522 281 221 695 389
 749 320 301   7 653 127 121 164 650 282 711 234 171 155  78 193 321 461
 247 182 315 448 636 295  94 427 734 217 499  34 258 521 139 189 605 757
   3 338 487 314 417 648 267 169 458 495 349 782  10 428 710 577 129 125
 564  65 198 104  91 596 590 659 167 598 355 379 733 271 261  37 369  75
 117 722 543 232 239 222 194 433 254 607 358 609  60 741 700 507 363 227
 769 305 274 306 660 699 242 245 621 443  31 736 181   1 136 501  92 624
 173 587  42 215 378 430 729 537 399 752  27 144 689  82 513 255 623  25
 727 473 395 763 205 340 484 509 491 572 578 130 672 703 472 611 240 730
 388 630 335 551  63 692 478 468 576 762 249 311 751  99 617  61  64 568
 496 147 200  38 131 641 383  93 571 216 773 397 738  49 588 179 580 435
  56 451 632 382 322 533 735 489 219 667 755 375 464 401  53 141 676 207
  57 208 422 436 304 770 226 476 459 450 272 246 319 694 510 175 366 238
 457 286 680 465 534 373 526 508 177  29 726 202 328 334 159 111 108 771
 296 477 324 470 635 137  15 486 549 658 243 410 639   6 135 747 209 560
 746  11 444 425 668 589 393 498  20 152 288 704 385 211 180  32 103 644
 429 614 396 626 352 516 394 356 547 567 370 418 325 197 654 707 721 148
 237 656  50 469 776 716 719 277 350 157 753 220 515 134 109 406 708 145
  36 106 156 485 781 674 212 269 627 210   8 642 257 119   9 532 662 218
  77 224 608 541 351  13 163 758 619 696 620 317 402 601 780 278  14 116
 151 670 652 294 312 616 570  26 270 511 767 154 142 348 739 361 693 744
 124 503 128 392  21 333 412 546 779 556 737 185 149 566 302 138 275 697
 265  67 199 101 536 562 100 342 460 268 645 187 122  52 540 110 195 467
 483 140 313 612 437  39 743 380  46 331 505 563  55 602 531 745 512 775
 638 684 528 233 761 480 343  51 637 671 497  87  62 584 411 132 183 455
 102 371 184  54  72  33  74 569 552 263 231 687 575 253  28 613 420 354
 544 679 400 717 649 190  98 120 545 384 592 260 390 606 595 365 585 463
 251  24 553 229 681 174 332 431 413  35 376 640 359 310 453  97 777 416
 398 504 663 161 377 318 407  44 374 666 367 405  90 492 691  40 345 582
 610 424  22 732   0  76 162 264 228 488 118 454 675  88 309 409 434 723
 316 574 550 646  58  71 196 622 403 597 308  43  19 603 471 720 408 262
 518 615 724 618 283 432 634 685 565 714 655 633  69 664 677 750  84 452
 661 542 768 353  18 527 323 172 292 347 712 114 586 764 456 223 709 479
 166 105 718 524 446 423  30  16 772] - 70587928
Solver: RVND, number of workers: 1
Setting feeder affinity
I am the master. There are 1 mpi processes. (hostname = gpu01)
Roots [<pyDF.nodes.Feeder object at 0x7f71845ebad0>]
Starting 0
Main loop
I am worker 0
GPU0
set random seed!
Initial: 70587928-[439 447 336 579 188 287 698 643 362  89 297 688  96 529 192 559 706 326
 291 387 206 462 754 415 368 372 113 150  47 441  80 517 647 346 123 158
 466 705 539 235 561 107 514 506  17 702 259  45 225 573 557 713 289  79
 581 481 548 445 604 327 686 682  86 329 715 765 523 252 299 474 284 276
 293  59 357 381 115 482  23 143 236 625 186 760 364 126  85 213 558 176
  83 678 241 203 153 740 449 665   2  12 701  66 386 731  70 133   4 214
 426 759 600 599 285 583 438 298 339 250 628 490 344  81 493 170  73  68
  41 337 256 554 651 266 341 766 248 330 165 168 669  95 494 279 748 178
 530 303 280 725 774 555 414 230 631 591 475 146 273 673 201 307 683 391
 440   5 502 629 519 778 419 593 657 500 742 404 520 290 204 244 442 690
 728 112 756 191 538 535  48 421 300 594 525 360 160 522 281 221 695 389
 749 320 301   7 653 127 121 164 650 282 711 234 171 155  78 193 321 461
 247 182 315 448 636 295  94 427 734 217 499  34 258 521 139 189 605 757
   3 338 487 314 417 648 267 169 458 495 349 782  10 428 710 577 129 125
 564  65 198 104  91 596 590 659 167 598 355 379 733 271 261  37 369  75
 117 722 543 232 239 222 194 433 254 607 358 609  60 741 700 507 363 227
 769 305 274 306 660 699 242 245 621 443  31 736 181   1 136 501  92 624
 173 587  42 215 378 430 729 537 399 752  27 144 689  82 513 255 623  25
 727 473 395 763 205 340 484 509 491 572 578 130 672 703 472 611 240 730
 388 630 335 551  63 692 478 468 576 762 249 311 751  99 617  61  64 568
 496 147 200  38 131 641 383  93 571 216 773 397 738  49 588 179 580 435
  56 451 632 382 322 533 735 489 219 667 755 375 464 401  53 141 676 207
  57 208 422 436 304 770 226 476 459 450 272 246 319 694 510 175 366 238
 457 286 680 465 534 373 526 508 177  29 726 202 328 334 159 111 108 771
 296 477 324 470 635 137  15 486 549 658 243 410 639   6 135 747 209 560
 746  11 444 425 668 589 393 498  20 152 288 704 385 211 180  32 103 644
 429 614 396 626 352 516 394 356 547 567 370 418 325 197 654 707 721 148
 237 656  50 469 776 716 719 277 350 157 753 220 515 134 109 406 708 145
  36 106 156 485 781 674 212 269 627 210   8 642 257 119   9 532 662 218
  77 224 608 541 351  13 163 758 619 696 620 317 402 601 780 278  14 116
 151 670 652 294 312 616 570  26 270 511 767 154 142 348 739 361 693 744
 124 503 128 392  21 333 412 546 779 556 737 185 149 566 302 138 275 697
 265  67 199 101 536 562 100 342 460 268 645 187 122  52 540 110 195 467
 483 140 313 612 437  39 743 380  46 331 505 563  55 602 531 745 512 775
 638 684 528 233 761 480 343  51 637 671 497  87  62 584 411 132 183 455
 102 371 184  54  72  33  74 569 552 263 231 687 575 253  28 613 420 354
 544 679 400 717 649 190  98 120 545 384 592 260 390 606 595 365 585 463
 251  24 553 229 681 174 332 431 413  35 376 640 359 310 453  97 777 416
 398 504 663 161 377 318 407  44 374 666 367 405  90 492 691  40 345 582
 610 424  22 732   0  76 162 264 228 488 118 454 675  88 309 409 434 723
 316 574 550 646  58  71 196 622 403 597 308  43  19 603 471 720 408 262
 518 615 724 618 283 432 634 685 565 714 655 633  69 664 677 750  84 452
 661 542 768 353  18 527 323 172 292 347 712 114 586 764 456 223 709 479
 166 105 718 524 446 423  30  16 772]
Final time: 16.5777158737s - Best: 3384082-[439 446 426 411 397 387 384 402 414 413 399 401 431 445 449 464 474 487
 501 508 524 527 536 543 531 544 548 545 537 549 573 566 581 591 594 607
 615 636 646 669 675 667 666 673 701 707 715 722 729 730 745 740 741 751
 755 763 781 782 774 770 766 752 743 727 714 702 693 695 716 713 710 711
 681 676 657 655 662 642 634 624 622 619 601 584 582 554 522 515 503 489
 478 460 461 443 441 427 412 403 405 393 398 395 373 368 378 377 360 348
 361 341 330 333 323 308 295 296 303 284 279 264 253 233 217 198 192 170
 176 180 193 169 167 173 165 144 147 141 148 134 133 121 113 108 105 100
  78  83  86  74  65  42  33  27  23  26  25  20  15  31  13  21  34  49
  60  58  35  30  19   7  29  18   4   2   9   8  11  17   6   1  22  16
   0  14  24  55  48  51  56  44  36  40  45  46  52  57  64  82  93 110
 106  80  66  69  79  99  96 109 116 122 138 146 154 159 152 161 155 150
 151 142 136 132 115 111 101 104 107 127 139 162 168 156 163 164 149 143
 123 120 125 117  98  84  67  85  81  61  53  41  50  43  54  59  72  90
  89  77  68  92  91 102 128 129 140 153 158 182 187 196 190 188 202 219
 227 228 243 259 262 287 282 281 286 300 311 317 325 335 329 321 320 332
 346 369 376 392 407 408 409 418 434 430 438 456 455 472 459 448 423 429
 425 432 421 437 454 462 485 491 494 517 518 512 514 499 490 482 476 466
 468 469 463 475 486 496 495 493 504 506 520 534 535 540 541 557 564 569
 576 600 599 583 590 608 602 586 563 562 565 577 551 556 546 539 530 538
 560 568 589 598 611 626 633 643 640 612 618 616 606 620 627 648 656 660
 668 665 685 694 698 719 718 736 732 712 706 691 690 680 674 659 679 689
 684 678 670 677 687 682 671 664 658 651 647 637 639 623 625 610 593 585
 596 597 578 561 553 550 533 529 516 511 507 505 484 483 465 457 452 451
 444 435 428 422 394 383 389 386 381 400 406 396 388 391 370 365 357 343
 355 358 362 351 342 327 334 326 318 322 338 345 352 364 375 349 331 315
 305 290 292 306 299 289 280 268 249 232 231 239 223 242 255 266 248 247
 273 277 272 275 276 254 245 238 241 235 229 230 226 221 194 195 183 186
 203 201 207 197 178 175 199 189 205 216 224 211 210 208 218 209 200 212
 220 225 236 250 252 261 274 256 270 271 240 251 244 260 278 283 297 319
 336 337 339 347 350 363 372 382 380 385 379 374 359 353 310 294 291 302
 344 371 390 410 416 417 433 436 447 458 473 479 488 492 513 519 523 521
 526 542 552 558 572 571 570 574 588 609 617 638 630 604 613 632 629 635
 650 645 652 653 661 688 700 699 709 725 720 754 753 767 758 756 757 742
 738 721 731 735 744 734 717 704 708 696 703 724 733 737 746 768 777 760
 771 764 759 775 778 776 772 773 765 747 739 748 761 769 762 749 726 692
 672 663 649 641 631 628 614 603 605 592 580 497 509 502 480 470 477 467
 453 450 420 366 356 354 340 328 313 314 263 246 237 213 222 206 191 177
 157 166 131 130 118 112 103  95  37  39   5  12  10   3  71  70  63  47
  38  28  32  62  73  76  88  94  75  97 119 135 126 114  87 124 145 184
 171 179 185 204 215 214 234 265 269 288 304 312 301 293 316 298 285 267
 257 258 309 307 367 415 440 419 404 424 442 481 471 498 510 525 532 547
 559 575 567 579 595 644 654 705 697 683 621 587 555 528 500 324 174 160
 137 172 181 686 723 750 780 779 728]
Value - initial: 70587928, final: 3384082, improveup: 20.8588113409

data-line;i;70587928;f;3384082;t;16.5777158737;c;-2;fv;[3384082L];cv;-1;imp;20.8588113409;type;rvnd;inum;6;w;1

time;16.5777158737;man_time;0;neigh_time;0
man_time;0;man_merge_sol;0;man_best_sol;0;man_combine_sol;0

Waiting [0]
Terminating workers True 0 0
MPI TERMINATING
