pydf_home: /home/rodolfo/git/Sucuri
simple_pycuda_home: /home/rodolfo/git/simple-pycuda
wamca2016path: /home/rodolfo/git/wamca2016/
localpath: /home/rodolfo/git/dvnd-df/code/dvnd-df/src/
WAMCAPATH:/home/rodolfo/git/wamca2016/
param: {solution_index:7, solution_instance_index:75, multi_gpu:True, goal:False, problem_name:ml, number_of_moves:10, device_count:2, solver:rvnd, mpi_enabled:True, workers:1}
Using already created file:  wamca2016lib.so
Size: 1001 - file name: 08_TRP-S1000-R1.tsp

Value - initial: 129214378-[599 383 281 ..., 472 584 973] - 129214378
Solver: RVND, number of workers: 1
Setting feeder affinity
I am the master. There are 1 mpi processes. (hostname = gpu01)
Roots [<pyDF.nodes.Feeder object at 0x7f4cde5caad0>]
Starting 0
Main loop
I am worker 0
GPU0
set random seed!
Initial: 129214378-[599 383 281 ..., 472 584 973]
Final time: 20.5131998062s - Best: 5687910-[599 203 636 ..., 470 188 959]
Value - initial: 129214378, final: 5687910, improveup: 22.7173738684

data-line;i;129214378;f;5687910;t;20.5131998062;c;-2;fv;[5687910L];cv;-1;imp;22.7173738684;type;rvnd;inum;7;w;1

time;20.5131998062;man_time;0;neigh_time;0
man_time;0;man_merge_sol;0;man_best_sol;0;man_combine_sol;0

Waiting [0]
Terminating workers True 0 0
MPI TERMINATING
