pydf_home: /home/rodolfo/git/Sucuri
simple_pycuda_home: /home/rodolfo/git/simple-pycuda
wamca2016path: /home/rodolfo/git/wamca2016/
localpath: /home/rodolfo/git/dvnd-df/code/dvnd-df/src/
WAMCAPATH:/home/rodolfo/git/wamca2016/
param: {solution_index:2, solution_instance_index:11, multi_gpu:True, goal:False, problem_name:ml, number_of_moves:10, device_count:2, solver:rvnd, mpi_enabled:True, workers:1}
Using already created file:  wamca2016lib.so
Size: 226 - file name: 03_pr226.tsp

Value - initial: 179444392-[ 91 195 189  40   1 209 103  96   7  16  47  64  46 139 146 160 130  70
 176 175  89  74  87 154 181 110 113  32  43  44 141 140 136  77  90  83
 220 168 180 158 106 194 102 222  73  79  75 148 218 107  28 207 204 138
 161 147  35  72 150 126 224 186 173 171  36  69  12 104  51 197  78  31
  63 208 174 155 202 100  15 201 217 152 124 156 214 125  88  97  54 225
 213 111  52  94 127 196 221  49 179  29 188  61 115  57 169 135  76  24
 137  39 182 215 123   2 205  41 129  42  50 142 185  95  56 206   8 203
 162 132   9   3 187  18  26  30 192 117 133 223 151  62 216 211  60  67
 118  53  37 163 149  22   6  58  25 177 122 159 210 114  86  82  98 101
 193 105 200 170  85 172 119 178 134  99   5 116  66  71 121  93   4 167
  23 166 128 112  68 143  84  34 108  11 183  81  45 198 109  19 165  10
  38  20 144 153 199 145  65 219 164  17  21 190  80  13 191  55  92  48
   0 157  14 184  27 120 212  59 131  33] - 179444392
Solver: RVND, number of workers: 1
Setting feeder affinity
I am the master. There are 1 mpi processes. (hostname = gpu01)
Roots [<pyDF.nodes.Feeder object at 0x7f662dd20ad0>]
Starting 0
Main loop
I am worker 0
GPU0
set random seed!
Initial: 179444392-[ 91 195 189  40   1 209 103  96   7  16  47  64  46 139 146 160 130  70
 176 175  89  74  87 154 181 110 113  32  43  44 141 140 136  77  90  83
 220 168 180 158 106 194 102 222  73  79  75 148 218 107  28 207 204 138
 161 147  35  72 150 126 224 186 173 171  36  69  12 104  51 197  78  31
  63 208 174 155 202 100  15 201 217 152 124 156 214 125  88  97  54 225
 213 111  52  94 127 196 221  49 179  29 188  61 115  57 169 135  76  24
 137  39 182 215 123   2 205  41 129  42  50 142 185  95  56 206   8 203
 162 132   9   3 187  18  26  30 192 117 133 223 151  62 216 211  60  67
 118  53  37 163 149  22   6  58  25 177 122 159 210 114  86  82  98 101
 193 105 200 170  85 172 119 178 134  99   5 116  66  71 121  93   4 167
  23 166 128 112  68 143  84  34 108  11 183  81  45 198 109  19 165  10
  38  20 144 153 199 145  65 219 164  17  21 190  80  13 191  55  92  48
   0 157  14 184  27 120 212  59 131  33]
Final time: 1.99114012718s - Best: 6766235-[ 91  90  89  87  88  86  94  95  96  97  98  99 100  92  93 101 143 136
 137 138 139 140 141 142 149 147 148 146 144 145 150 151 152 153 154 155
 156 157 158 159 160 161 162 163 164 165 166 167 168 169 170 171 172 173
 174 175 176 177 178 179 180 181 182 183 184 185 186 187 188 189 190 191
 192 193 194 195 196 197 198 199 200 201 202 203 204 205 206 207 208 209
 210 211 212 213 214 215 216 217 218 219 220 221 222 223 224 225 124 131
 129 123 122 130 128 121 120 126 127 119 118 125 117 116 115 114 113 112
 111 110 102 104 103 105 106 107 108 109 132 133 134 135  62  61  60  59
  58  57  56  55  54  53  52  51  50  49  48  47  32  31  30  35  44  45
  43  36  34  33  29  28  27  26  25  24  23  22  21  20  19  18  17  16
  15  14  13   9   8   6   5   4   3   2   1   0  72  73  74  75  76  77
  78  79  80  81  82  83  84  85  71   7  10  11  12  70  67  66  68  69
  65  64  63  46  42  41  38  37  39  40]
Value - initial: 179444392, final: 6766235, improveup: 26.5205674943

data-line;i;179444392;f;6766235;t;1.99114012718;c;-2;fv;[6766235L];cv;-1;imp;26.5205674943;type;rvnd;inum;2;w;1

time;1.99114012718;man_time;0;neigh_time;0
man_time;0;man_merge_sol;0;man_best_sol;0;man_combine_sol;0

Waiting [0]
Terminating workers True 0 0
MPI TERMINATING
