pydf_home: /home/rodolfo/git/Sucuri
simple_pycuda_home: /home/rodolfo/git/simple-pycuda
wamca2016path: /home/rodolfo/git/wamca2016/
localpath: /home/rodolfo/git/dvnd-df/code/dvnd-df/src/
WAMCAPATH:/home/rodolfo/git/wamca2016/
param: {solution_index:3, solution_instance_index:20, multi_gpu:True, goal:False, problem_name:ml, number_of_moves:10, device_count:2, solver:rvnd, mpi_enabled:True, workers:1}
Using already created file:  wamca2016lib.so
Size: 318 - file name: 04_lin318.tsp

Value - initial: 91216521-[ 78 303 122 268 311 205   3 316  23 166 172 284  28 263  65  73 207  57
 191 119  36 126  24  91 244 293 231 132 287 157 251 258 223 120 200 131
 142 116 168  86  16  46  32 278 124 146  95 272 133  89 212  60  75 307
 180 185 123   0 265 282  55 108 118 236  98 130 125 143 110  13 140 257
  53  80 167  70   9  90 285 117  15  47 144   8 113 255 203   5  31 129
 289 175 283 306 215  85 277 177 153  43 137 280  64  62  79  87 304 151
 179 262 234 107 249  88  41  37 138  58 275 199  11  40  99  26  72 220
 135 136 161 213 173 222 296 250 170 165 286 159 253 171 112  97 104 314
 309 101 245 256 298 276  35 134  81 308 156  63  59 188 312 315 242 238
  77  19  20 226 106 189 248 227 214  49  14 310 154 267 271 114 162 163
 155  30  69 193  54  17 145 198 217 184 294 313  44 266  84 121   7 148
 218  82 211 219 202  22  92 192 158 269 301 115 299 233  74 297 183 109
  96  83  39 209 302 197 152 139 252 305  42 141  10 169 317  34 196 247
 174 270  76 239 243  27  12  71 246  56  25 274  94  66 260 204  68 201
  29  18 128 279 228 229  45  93 281 147  48   2   1 127 224 273 178 195
 149 186 221 190 216 264 182 208 194 295  52 261 181 176  21  38 240 237
   4 187  50  33 100 241 225 102 164 105 111 292 235 210  61 254 291 300
 160 232 259 206 290  51 150 103  67   6 230 288] - 91216521
Solver: RVND, number of workers: 1
Setting feeder affinity
I am the master. There are 1 mpi processes. (hostname = gpu01)
Roots [<pyDF.nodes.Feeder object at 0x7fd380245ad0>]
Starting 0
Main loop
I am worker 0
GPU0
set random seed!
Initial: 91216521-[ 78 303 122 268 311 205   3 316  23 166 172 284  28 263  65  73 207  57
 191 119  36 126  24  91 244 293 231 132 287 157 251 258 223 120 200 131
 142 116 168  86  16  46  32 278 124 146  95 272 133  89 212  60  75 307
 180 185 123   0 265 282  55 108 118 236  98 130 125 143 110  13 140 257
  53  80 167  70   9  90 285 117  15  47 144   8 113 255 203   5  31 129
 289 175 283 306 215  85 277 177 153  43 137 280  64  62  79  87 304 151
 179 262 234 107 249  88  41  37 138  58 275 199  11  40  99  26  72 220
 135 136 161 213 173 222 296 250 170 165 286 159 253 171 112  97 104 314
 309 101 245 256 298 276  35 134  81 308 156  63  59 188 312 315 242 238
  77  19  20 226 106 189 248 227 214  49  14 310 154 267 271 114 162 163
 155  30  69 193  54  17 145 198 217 184 294 313  44 266  84 121   7 148
 218  82 211 219 202  22  92 192 158 269 301 115 299 233  74 297 183 109
  96  83  39 209 302 197 152 139 252 305  42 141  10 169 317  34 196 247
 174 270  76 239 243  27  12  71 246  56  25 274  94  66 260 204  68 201
  29  18 128 279 228 229  45  93 281 147  48   2   1 127 224 273 178 195
 149 186 221 190 216 264 182 208 194 295  52 261 181 176  21  38 240 237
   4 187  50  33 100 241 225 102 164 105 111 292 235 210  61 254 291 300
 160 232 259 206 290  51 150 103  67   6 230 288]
Final time: 5.81493282318s - Best: 6284964-[ 78  76  71  83  82  81  77  70  67  66  63 104  55  54  49  47  44  48
  39 103  32  31  30  29  28  21  20  14 102  19  22  27  18  23  26  25
  24  17  15  16  13  12 115 114 111 110   4   3 106 105 107 112 113 109
 108 210 211 215 216 219 220 224 230 231 238 312 229 232 237 239 240 241
 138 139 141 140 130 129 122 121 120 123 128 131 132 127 124 207 119 125
 126 133 134 135 136 137 208 144 149 152 154 159 160 161 158 155 151 148
 145 146 147 150 156 157 162 166 167 170 169 276 277 280 287 291 292 293
 288 286 281 282 278 283 284 290 285 289 295 294 300 301 305 306 310 311
 204 199 198 191 192 174 173 178 179 185 184 180 177 183 181 176 171 172
 175 182 186 187 189 188 190 193 194 203 202 197 205 206  99 201 200 196
 195  93  94  87  86  64  65  69  73  74  80  88  89  98  97  92 101 100
  96  95  91  90  84  85  79  75  72  68  62  61  57  52  51  56  53  50
  46  43  45  42  40  41  38  37 153 163 209 165 164 268 265 266 267 262
 261 255 252 251 250 253 256 260 263 264 259 257 254 249 313 245 246 236
 233 228 235 234 227 225 226 217 218 214 213 222 223 243 244 247 248 317
 269 270 274 275 296 297 303 304 309 308 307 302 298 299 279 272 271 273
 314 258 143 142 242 221 212 117 118 116  33  34  36  35  11  10   9   6
   5   1   0   2   7   8 315 316  58  60  59 168]
Value - initial: 91216521, final: 6284964, improveup: 14.5134516284

data-line;i;91216521;f;6284964;t;5.81493282318;c;-2;fv;[6284964L];cv;-1;imp;14.5134516284;type;rvnd;inum;3;w;1

time;5.81493282318;man_time;0;neigh_time;0
man_time;0;man_merge_sol;0;man_best_sol;0;man_combine_sol;0

Waiting [0]
Terminating workers True 0 0
MPI TERMINATING
