pydf_home: /home/rodolfo/git/Sucuri
simple_pycuda_home: /home/rodolfo/git/simple-pycuda
wamca2016path: /home/rodolfo/git/wamca2016/
localpath: /home/rodolfo/git/dvnd-df/code/dvnd-df/src/
WAMCAPATH:/home/rodolfo/git/wamca2016/
param: {solution_index:0, solution_instance_index:61, multi_gpu:True, goal:False, problem_name:ml, number_of_moves:10, device_count:2, solver:rvnd, mpi_enabled:True, workers:1}
Using already created file:  wamca2016lib.so
Size: 52 - file name: 01_berlin52.tsp

Value - initial: 753526-[28  5  9 30 41 38  6 29 44 12 15 43 10 11  8 42 26 45 48 20 34  1 21 14 39
 22 32 31 27 33 49  0 36 47 19 25  3 13  4 18 17 51  2 35 24 40 50 16  7 37
 23 46] - 753526
Solver: RVND, number of workers: 1
Setting feeder affinity
I am the master. There are 1 mpi processes. (hostname = gpu01)
Roots [<pyDF.nodes.Feeder object at 0x7f4816f7aad0>]
Starting 0
Main loop
I am worker 0
GPU0
set random seed!
Initial: 753526-[28  5  9 30 41 38  6 29 44 12 15 43 10 11  8 42 26 45 48 20 34  1 21 14 39
 22 32 31 27 33 49  0 36 47 19 25  3 13  4 18 17 51  2 35 24 40 50 16  7 37
 23 46]
Final time: 0.599332094193s - Best: 141364-[28 15 43 33 34 35 38 39 36 37 47 23  4 14  5  3 42  9  8  7 40 18 44 31 48
  0 21 30 17  2 16 20 41  6  1 29 22 19 49 45 24 11 27 25 26 12 13 51 10 50
 32 46]
Value - initial: 753526, final: 141364, improveup: 5.33039529159

data-line;i;753526;f;141364;t;0.599332094193;c;-2;fv;[141364L];cv;-1;imp;5.33039529159;type;rvnd;inum;0;w;1

time;0.599332094193;man_time;0;neigh_time;0
man_time;0;man_merge_sol;0;man_best_sol;0;man_combine_sol;0

Waiting [0]
Terminating workers True 0 0
MPI TERMINATING
