pydf_home: /home/rodolfo/git/Sucuri
simple_pycuda_home: /home/rodolfo/git/simple-pycuda
wamca2016path: /home/rodolfo/git/wamca2016/
localpath: /home/rodolfo/git/dvnd-df/code/dvnd-df/src/
WAMCAPATH:/home/rodolfo/git/wamca2016/
param: {solution_index:0, solution_instance_index:37, multi_gpu:True, goal:False, problem_name:ml, number_of_moves:10, device_count:2, solver:rvnd, mpi_enabled:True, workers:1}
Using already created file:  wamca2016lib.so
Size: 52 - file name: 01_berlin52.tsp

Value - initial: 765228-[31 14 23 41 28 30  7 40 45  6 37 39 48 24  5 13 47 50  2 16 46 34 15 32 17
 51 42 26 35  1 38 49  0 36 44  8 25 18 19  3 21 12 10 20  9 11 22  4 33 27
 29 43] - 765228
Solver: RVND, number of workers: 1
Setting feeder affinity
I am the master. There are 1 mpi processes. (hostname = gpu01)
Roots [<pyDF.nodes.Feeder object at 0x7f5c4f95bad0>]
Starting 0
Main loop
I am worker 0
GPU0
set random seed!
Initial: 765228-[31 14 23 41 28 30  7 40 45  6 37 39 48 24  5 13 47 50  2 16 46 34 15 32 17
 51 42 26 35  1 38 49  0 36 44  8 25 18 19  3 21 12 10 20  9 11 22  4 33 27
 29 43]
Final time: 0.840537071228s - Best: 142967-[31 21  0 48 35 34 33 38 39 36 37 14  5  4 23 47 45 15 49 19 22 29  1  6 41
 20 30 17  2 44 18 40  7  8  9 42  3 24 11 50 10 51 13 12 26 27 25 46 28 16
 32 43]
Value - initial: 765228, final: 142967, improveup: 5.35247994292

data-line;i;765228;f;142967;t;0.840537071228;c;-2;fv;[142967L];cv;-1;imp;5.35247994292;type;rvnd;inum;0;w;1

time;0.840537071228;man_time;0;neigh_time;0
man_time;0;man_merge_sol;0;man_best_sol;0;man_combine_sol;0

Waiting [0]
Terminating workers True 0 0
MPI TERMINATING
