pydf_home: /home/rodolfo/git/Sucuri
simple_pycuda_home: /home/rodolfo/git/simple-pycuda
wamca2016path: /home/rodolfo/git/wamca2016/
localpath: /home/rodolfo/git/dvnd-df/code/dvnd-df/src/
WAMCAPATH:/home/rodolfo/git/wamca2016/
param: {solution_index:3, solution_instance_index:9, multi_gpu:True, goal:False, problem_name:ml, number_of_moves:10, device_count:2, solver:rvnd, mpi_enabled:True, workers:1}
Using already created file:  wamca2016lib.so
Size: 318 - file name: 04_lin318.tsp

Value - initial: 101167332-[133  89  97 308 101 312  53  35 110 190 199 248 174  88 275 104  94 154
  52 243 186   7 309   6 284 122  63 158 182 267   8  58  57 204 127 269
  48  82 277  36 271 233 189  26  54 292 146  92  24 293  85  70 197  96
  43 259   9 252 258 143  66 281 183  10 304  34 237  15  79 214 159 219
 250  23 212  49 224 302 287 222  99 120 310 164 254  87 211  29  72 213
 216  39 253 185 119  38 249 152  60  78 150  45 306 112 268  25 177 218
 148 161 238  80 103 202  22 203 220  65   5   0 230  77 129 128   4 179
 229 200 116  55 170 294  33   3  84 236 305  37 180 201 314 142 194 192
 124 191 163 145 105 147 139 260 195 135  68   1 227  47 168 257  64 114
 215 290 208 176  86 196  21  12 184 137 165 270 282 223 273  69 225 288
 169  71  42 141 266  46 193   2 299 279 157 261 263 126 303 232  61 123
 100 113 115 298 228 242 108 125  95 296 210 241 188 178  27  98 245 300
 316  20 173 278 198  76  93 175 256 162 317 167  91 251 276 155 118 301
  19 262  75 107 255 235  32 140  56  59  40 221 240 134  50 109 151  28
  41 130  13 138 246 280  44  67 106  83 172 244 156  62 187 285 297  11
 171 131  31 283 265 144 289 239 207 231  90 311 166 291  17 272 217  81
 102 315  14 132 160 206  73 149 136 209 313 286 111 153  51  18 121 264
 205 307 247 117  30  74 234 274 226  16 295 181] - 101167332
Solver: RVND, number of workers: 1
Setting feeder affinity
I am the master. There are 1 mpi processes. (hostname = gpu01)
Roots [<pyDF.nodes.Feeder object at 0x7f2a23f1dad0>]
Starting 0
Main loop
I am worker 0
GPU0
set random seed!
Initial: 101167332-[133  89  97 308 101 312  53  35 110 190 199 248 174  88 275 104  94 154
  52 243 186   7 309   6 284 122  63 158 182 267   8  58  57 204 127 269
  48  82 277  36 271 233 189  26  54 292 146  92  24 293  85  70 197  96
  43 259   9 252 258 143  66 281 183  10 304  34 237  15  79 214 159 219
 250  23 212  49 224 302 287 222  99 120 310 164 254  87 211  29  72 213
 216  39 253 185 119  38 249 152  60  78 150  45 306 112 268  25 177 218
 148 161 238  80 103 202  22 203 220  65   5   0 230  77 129 128   4 179
 229 200 116  55 170 294  33   3  84 236 305  37 180 201 314 142 194 192
 124 191 163 145 105 147 139 260 195 135  68   1 227  47 168 257  64 114
 215 290 208 176  86 196  21  12 184 137 165 270 282 223 273  69 225 288
 169  71  42 141 266  46 193   2 299 279 157 261 263 126 303 232  61 123
 100 113 115 298 228 242 108 125  95 296 210 241 188 178  27  98 245 300
 316  20 173 278 198  76  93 175 256 162 317 167  91 251 276 155 118 301
  19 262  75 107 255 235  32 140  56  59  40 221 240 134  50 109 151  28
  41 130  13 138 246 280  44  67 106  83 172 244 156  62 187 285 297  11
 171 131  31 283 265 144 289 239 207 231  90 311 166 291  17 272 217  81
 102 315  14 132 160 206  73 149 136 209 313 286 111 153  51  18 121 264
 205 307 247 117  30  74 234 274 226  16 295 181]
Final time: 2.55079007149s - Best: 5940422-[133 126 125 119 207 124 127 132 131 128 123 120 121 122 129 130 140 141
 146 145 147 150 156 157 162 166 167 174 173 178 179 185 184 180 177 183
 181 176 171 172 175 182 186 187 188 189  86  87 195 196  93  94  99 206
 205 201 200 197 193 194 192 191 294 293 292 291 287 280 277 276 281 286
 288 282 285 289 290 284 283 279 278 273 314 266 267 262 261 255 252 251
 250 253 256 260 263 265 264 259 257 254 258 249 142 143 139 138 241 240
 239 242 235 234 227 226 225 228 233 236 237 232 229 312 238 231 230 224
 118 117 220 219 216 215 211 210 108 109 113 112 107 105 106   3   4 110
 111 114 115  12  13   8   7   2   0   1   5   6   9  10  14  20  21  28
 102  19  22  27  29  30  31  32  26  23  18  15  16  17  24  25  35  36
  41  40  42  45  51  52  57  56  53  50  46  43 103  39  48  44  47  49
  54  55  58 104  63  66  67  70  71  76  78  83  77  81  82  84  90  91
  95  96 100 101  92  97  98  89  88  85  79  75  72  80  74  73  68  69
  65  64  60  59 163 160 159 154 152 149 153 144  37  38  34  33 136 135
 134 137 208 148 151 155 158 161 209 168 190 202 203 199 198 204 311 310
 306 305 301 300 302 295 298 299 307 308 309 304 303 297 296 275 274 270
 269 317 248 247 244 243 223 222 213 214 218 217 212 221 246 245 313 272
 271 268 164 165 169 170  62  61 316 315  11 116]
Value - initial: 101167332, final: 5940422, improveup: 17.0303274751

data-line;i;101167332;f;5940422;t;2.55079007149;c;-2;fv;[5940422L];cv;-1;imp;17.0303274751;type;rvnd;inum;3;w;1

time;2.55079007149;man_time;0;neigh_time;0
man_time;0;man_merge_sol;0;man_best_sol;0;man_combine_sol;0

Waiting [0]
Terminating workers True 0 0
MPI TERMINATING
