pydf_home: /home/rodolfo/git/Sucuri
simple_pycuda_home: /home/rodolfo/git/simple-pycuda
wamca2016path: /home/rodolfo/git/wamca2016/
localpath: /home/rodolfo/git/dvnd-df/code/dvnd-df/src/
WAMCAPATH:/home/rodolfo/git/wamca2016/
param: {solution_index:4, solution_instance_index:47, multi_gpu:True, goal:False, problem_name:ml, number_of_moves:10, device_count:2, solver:rvnd, mpi_enabled:True, workers:1}
Using already created file:  wamca2016lib.so
Size: 501 - file name: 05_TRP-S500-R1.tsp

Value - initial: 32974868-[ 91 330 119 386 339 438 153 283 383  82 235 138 476  39 157  66 388 207
 168 156 188 458 117 298 402 295 196 469  87 447  18 172 277 166  79 366
 367  13 346 176 129 376 446 135  33 434 399 396 392 354 427 296  67 378
 239 226 478 448   2 245 106 325 464 415 173 348  95 183  20 263 333 498
 147 111 326  46 323 220 228 309 107 466 236 403  44  65 218 377 445   4
  23 177  61 104  19 150 473 322  84 288 299 442  62  63 327 405  47 294
 303 128 462 331 208 184 355 266 429 113 311 254 251 132 349 142 419 384
  27 237 426 450 189 192 400 265 406 179 431 477 497 215 463  15 114 479
 280 492 149 102 452   1 222 360 101  11 404 174  83 267  81 262  55   5
  85 418 425 289 423  40 169 109 253 375 193   9 456 301 148 276 258 389
 273 225 471 181 305 126  12 155  28 255   6 234 470 370  73 185 486 315
 146 246  29 203  71 397 342  52  57 319 162  51 163 436 182  53 401 279
 241 338 336 197 451 300 455  92 175 312 219 390   0 424   7 211 413 474
 105 437 223 127 453  64 285 121 137 112 136  70 481  96  31 116 247 103
 160 292 443  86 284 249 435 461 230 224 198 210 120  72 334 428  45 151
 134 282  97 124 395 100 500 421 345 324 165 358 200 256  24  50 123 484
 321  88 411 180  75  17 314 297 489 201  16 347  93 261 257 454  32  49
 467 161  58 204 190 352  48 337 380 475 369  74 227 243 238 293 274  69
 382 356 275 217   3  36 439 482 335  90 407  35 213 304 317 269 490 171
 414 143 495 140 417 493 465 364  42 368  37 316 186 310 187 264 409 152
 329 141 460 472 154 199 248 361 318 379  54 457 195  34 159 115 158  78
 133  98 344 221 385 410 341 229 271  76 278 420  26 122 212 440 118  10
 242  30 374   8 259 394 350 343 216 191  59 130 308 313 110 194 483 244
 202  41 449 291  43 178 487 432 468 232 164 408  56 433 430 491 373 209
 252 144  60  99 362 306 357  25 371 387 496 131 167 391 393 125  22 381
 444 494  14 320 281 372 290 359 272 363 170  38 441 205 422 302 231 488
 353 268 485 260 240 412 499 332  68 214 287 416 307 340 145  21 328  77
 139 233 480 365 398  89 286 250 351 206 108 459 270  80  94] - 32974868
Solver: RVND, number of workers: 1
Setting feeder affinity
I am the master. There are 1 mpi processes. (hostname = gpu01)
Roots [<pyDF.nodes.Feeder object at 0x7fd9b484fad0>]
Starting 0
Main loop
I am worker 0
GPU0
set random seed!
Initial: 32974868-[ 91 330 119 386 339 438 153 283 383  82 235 138 476  39 157  66 388 207
 168 156 188 458 117 298 402 295 196 469  87 447  18 172 277 166  79 366
 367  13 346 176 129 376 446 135  33 434 399 396 392 354 427 296  67 378
 239 226 478 448   2 245 106 325 464 415 173 348  95 183  20 263 333 498
 147 111 326  46 323 220 228 309 107 466 236 403  44  65 218 377 445   4
  23 177  61 104  19 150 473 322  84 288 299 442  62  63 327 405  47 294
 303 128 462 331 208 184 355 266 429 113 311 254 251 132 349 142 419 384
  27 237 426 450 189 192 400 265 406 179 431 477 497 215 463  15 114 479
 280 492 149 102 452   1 222 360 101  11 404 174  83 267  81 262  55   5
  85 418 425 289 423  40 169 109 253 375 193   9 456 301 148 276 258 389
 273 225 471 181 305 126  12 155  28 255   6 234 470 370  73 185 486 315
 146 246  29 203  71 397 342  52  57 319 162  51 163 436 182  53 401 279
 241 338 336 197 451 300 455  92 175 312 219 390   0 424   7 211 413 474
 105 437 223 127 453  64 285 121 137 112 136  70 481  96  31 116 247 103
 160 292 443  86 284 249 435 461 230 224 198 210 120  72 334 428  45 151
 134 282  97 124 395 100 500 421 345 324 165 358 200 256  24  50 123 484
 321  88 411 180  75  17 314 297 489 201  16 347  93 261 257 454  32  49
 467 161  58 204 190 352  48 337 380 475 369  74 227 243 238 293 274  69
 382 356 275 217   3  36 439 482 335  90 407  35 213 304 317 269 490 171
 414 143 495 140 417 493 465 364  42 368  37 316 186 310 187 264 409 152
 329 141 460 472 154 199 248 361 318 379  54 457 195  34 159 115 158  78
 133  98 344 221 385 410 341 229 271  76 278 420  26 122 212 440 118  10
 242  30 374   8 259 394 350 343 216 191  59 130 308 313 110 194 483 244
 202  41 449 291  43 178 487 432 468 232 164 408  56 433 430 491 373 209
 252 144  60  99 362 306 357  25 371 387 496 131 167 391 393 125  22 381
 444 494  14 320 281 372 290 359 272 363 170  38 441 205 422 302 231 488
 353 268 485 260 240 412 499 332  68 214 287 416 307 340 145  21 328  77
 139 233 480 365 398  89 286 250 351 206 108 459 270  80  94]
Final time: 5.00101089478s - Best: 2024780-[ 91 444 171 276 282   8 149 224 192  86 413  21  43 285 185  55 309 163
  42 453 140 251  70 275 307 155  93  99 203 281  69 265 238 381 457 239
 129 439 160 403  16 411 447 215 152   6 248  52 293 212 302  72 308 268
 336 102 460 479 233 211  94 332 386 395 262 243  19 303 235 452  18   0
 150 271  63 489 229 270 317 478 137 263 297 328 372 196 292 299 202 278
 376 139 272 104 313 280 296  61 390 310 360 164 135 106 258 321 121 169
 113  48  32  80  84 217 469  41 486  83  59 339 445   7 111  39 246   5
 356 236 142 112 193  88 232 174 146  38 436 181 358  82 420 266  76 346
 468 230 154 184  56 495 241 461 493 429 397 498 374 323 173 315 424 400
 153  53 107  23 283  11  24 465 456 371  34 476 267 188 289  37 244 441
 491  27 101 490 264 220 125 259 143  64 418 189  26  50 170 168   2 488
 377 369 450 311 162 324  60 347  45 383  28 182 351 305 481 136 470 200
 335 172 213 286 337 414 341  22 261 118 219 343 433 100 396  77 209 389
  29  47 183  74 427 408 359 132 103 240 331 483 214 398 110  85  31 105
  10 368 124 277 210 326 352  35 379  13 194 500 242 234 442 462 314 401
 130 446 474   9 482 127 256 375 231 249  46 257 145 355 428 260 443 340
 122 134 432 291 165 435 367 254  57 404 157 201 467 365 487  25 475 187
 473  90 207 141 485 448 190 255  95 354  79 412 391 312 426 392 455 147
 405 108 205 126 250 227 333  75 161 484  14 388  68 370 274 245 298 133
 492 417  73 116 179 373  44 330 301 451 216 380 208 109 204 226  89  12
 387 349 279 344 348  78 166  98 186 363 151 334 472 199  51 159 228 471
 115 316 247 350 415 338 131 295  36 434 119 459   4 284 329  54 128  20
 294 402 156 407 269 191 253 177 430 494 218 120 322 477 148  49 366  65
 440  15  96 138 385 175 410  30 223 178   3 273 393 167 117  33 319 499
 406  58 206  40 252 357 180 378 497 318 409   1  17 114 144 384 300 480
 176  87  62 362  81  67 325 496 421 221 345 416 431 419 382 364  71 464
 198 353 287 158 195 394 422 437 361 423 399 327 320 222 342 454 225 197
 425  66  92 449 458 288  97 237 304 306 438 466 290 123 463]
Value - initial: 32974868, final: 2024780, improveup: 16.2856547378

data-line;i;32974868;f;2024780;t;5.00101089478;c;-2;fv;[2024780L];cv;-1;imp;16.2856547378;type;rvnd;inum;4;w;1

time;5.00101089478;man_time;0;neigh_time;0
man_time;0;man_merge_sol;0;man_best_sol;0;man_combine_sol;0

Waiting [0]
Terminating workers True 0 0
MPI TERMINATING
