pydf_home: /home/rodolfo/git/Sucuri
simple_pycuda_home: /home/rodolfo/git/simple-pycuda
wamca2016path: /home/rodolfo/git/wamca2016/
localpath: /home/rodolfo/git/dvnd-df/code/dvnd-df/src/
WAMCAPATH:/home/rodolfo/git/wamca2016/
param: {solution_index:2, solution_instance_index:66, multi_gpu:True, goal:False, problem_name:ml, number_of_moves:10, device_count:2, solver:rvnd, mpi_enabled:True, workers:1}
Using already created file:  wamca2016lib.so
Size: 226 - file name: 03_pr226.tsp

Value - initial: 178995815-[212 112 123 147 106  17 141 107 193  32  50 174 118 191 110 166 182  91
  26  10 131 143 215 125 210 149 184 146   9 224 165  30 223  85  20  75
 190 144   8 128  94 150 137 139  60 218 162  93  87 204  90 142 124 145
 105 180 167 199   3  25 121 198  59 114 157 189  61 172 103  57  44  21
  83  38  34  42 101 205  68 130  98  18 207  35  24  66 192  84  99 108
 183 122 132   5   4 161 222 225  64   6 133 197 134 175  62 111   1  80
 129 211 163  81   0 135  51 213 159  33 173 186  45 170  86 154  95 136
 164  13 178  53   2 214  70 208 113 195  37  41 117 185 100  31 102  82
  74  77   7 116  47  46  49  19  22 194 177 127  12  67  56  54 104 203
  48 155 219  29 138  27  39  97 120 216  43  73  71 156 221 200 140  78
 152  36  65 115 176 148  58 181  40  52 158  11 171 196 217 209  16  55
 119  89 206 160 126  72 179 169 153 202  96 220  69  14  15  88  28  23
 201 168 151 109  92  79 188  76 187  63] - 178995815
Solver: RVND, number of workers: 1
Setting feeder affinity
I am the master. There are 1 mpi processes. (hostname = gpu01)
Roots [<pyDF.nodes.Feeder object at 0x7fbccff26ad0>]
Starting 0
Main loop
I am worker 0
GPU0
set random seed!
Initial: 178995815-[212 112 123 147 106  17 141 107 193  32  50 174 118 191 110 166 182  91
  26  10 131 143 215 125 210 149 184 146   9 224 165  30 223  85  20  75
 190 144   8 128  94 150 137 139  60 218 162  93  87 204  90 142 124 145
 105 180 167 199   3  25 121 198  59 114 157 189  61 172 103  57  44  21
  83  38  34  42 101 205  68 130  98  18 207  35  24  66 192  84  99 108
 183 122 132   5   4 161 222 225  64   6 133 197 134 175  62 111   1  80
 129 211 163  81   0 135  51 213 159  33 173 186  45 170  86 154  95 136
 164  13 178  53   2 214  70 208 113 195  37  41 117 185 100  31 102  82
  74  77   7 116  47  46  49  19  22 194 177 127  12  67  56  54 104 203
  48 155 219  29 138  27  39  97 120 216  43  73  71 156 221 200 140  78
 152  36  65 115 176 148  58 181  40  52 158  11 171 196 217 209  16  55
 119  89 206 160 126  72 179 169 153 202  96 220  69  14  15  88  28  23
 201 168 151 109  92  79 188  76 187  63]
Final time: 3.3626229763s - Best: 7319674-[212 211 210 209 208 207 206 213 214 215 216 217 218 219 220 221 222 223
 224 225 124 131 129 123 122 130 128 121 120 126 127 119 118 125 117 116
 115 114 113 112 111 110 102 104 103 105 106 107 108 109 132 133 134 135
 205 204 203 202 201 200 199 198 197 196 195 194 193 192 191 190 189 188
 187 186 185 184 183 182 181 180 179 178 177 176 175 174 173 172 171 170
 169 168 167 166 165 164 163 162 161 160 159 158 157 156 155 154 153 152
 151 150 145 144 146 148 147 149 142 141 140 139 138 137 136 143  93 101
 100  92  91  99  98  90  89  97  96  87  88  95  94  86  46  45  44  47
  32  31  30  35  34  33  29  28  26  25  24  23  22  21  49  50  51  52
  53  54  55  56  57  58  59  60  61  62  63  65  69  68  67  70  12  11
  10  14  13   9   8   7   6   5   4   3   2   1   0  72  73  74  75  76
  77  78  79  80  81  82  83  84  85  71  15  66  16  17  18  64  19  20
  27  48  43  36  37  38  41  42  40  39]
Value - initial: 178995815, final: 7319674, improveup: 24.4540692659

data-line;i;178995815;f;7319674;t;3.3626229763;c;-2;fv;[7319674L];cv;-1;imp;24.4540692659;type;rvnd;inum;2;w;1

time;3.3626229763;man_time;0;neigh_time;0
man_time;0;man_merge_sol;0;man_best_sol;0;man_combine_sol;0

Waiting [0]
Terminating workers True 0 0
MPI TERMINATING
