pydf_home: /home/rodolfo/git/Sucuri
simple_pycuda_home: /home/rodolfo/git/simple-pycuda
wamca2016path: /home/rodolfo/git/wamca2016/
localpath: /home/rodolfo/git/dvnd-df/code/dvnd-df/src/
WAMCAPATH:/home/rodolfo/git/wamca2016/
param: {solution_index:2, solution_instance_index:8, multi_gpu:True, goal:False, problem_name:ml, number_of_moves:10, device_count:2, solver:rvnd, mpi_enabled:True, workers:1}
Using already created file:  wamca2016lib.so
Size: 226 - file name: 03_pr226.tsp

Value - initial: 182382905-[  8  10  62 166 120 126 130 134 164 189 105 154  59  26  35  88 143  42
 220   6  55 188  78 206 198  91 116  53  17  57  31 141 203  44  43 225
  33 218 181 176 117  99 186  25   3  27 123 101  63  23  76 103 108  20
  56 104 191 118 200 199   5 150  89 140 161  22 209 111 205  61  16 125
  24  73 216  97 210 148 194  75 147  87 122 172 132 115  60 193  93 222
  90  14 114 142  15 149  92  69  79  12 217  65  80 145 214  86 211 208
 204 182 121 137 178  48  81  66  47 136 102  52 180 107 159 190  67 196
 113  51  94 160 201 106  34  77  70  21  68 151  19 173 179 197  84 207
 135  46   2 157  13 169   4 128  40  18 139  50 110 174  30 129 223 156
 212   1 192  54 170 175   7  37  98 162  49 158 195 146  41 183 165 100
  28   9  95 213  58 221 184 109 119 144 168  38  72  96 224 215 185 133
  32  85   0 187 138  82 202  45  29  83  36  71 167 152 153  11 127 163
  64 177 219  74  39 131 112 155 171 124] - 182382905
Solver: RVND, number of workers: 1
Setting feeder affinity
I am the master. There are 1 mpi processes. (hostname = gpu01)
Roots [<pyDF.nodes.Feeder object at 0x7fefc92c2ad0>]
Starting 0
Main loop
I am worker 0
GPU0
set random seed!
Initial: 182382905-[  8  10  62 166 120 126 130 134 164 189 105 154  59  26  35  88 143  42
 220   6  55 188  78 206 198  91 116  53  17  57  31 141 203  44  43 225
  33 218 181 176 117  99 186  25   3  27 123 101  63  23  76 103 108  20
  56 104 191 118 200 199   5 150  89 140 161  22 209 111 205  61  16 125
  24  73 216  97 210 148 194  75 147  87 122 172 132 115  60 193  93 222
  90  14 114 142  15 149  92  69  79  12 217  65  80 145 214  86 211 208
 204 182 121 137 178  48  81  66  47 136 102  52 180 107 159 190  67 196
 113  51  94 160 201 106  34  77  70  21  68 151  19 173 179 197  84 207
 135  46   2 157  13 169   4 128  40  18 139  50 110 174  30 129 223 156
 212   1 192  54 170 175   7  37  98 162  49 158 195 146  41 183 165 100
  28   9  95 213  58 221 184 109 119 144 168  38  72  96 224 215 185 133
  32  85   0 187 138  82 202  45  29  83  36  71 167 152 153  11 127 163
  64 177 219  74  39 131 112 155 171 124]
Final time: 2.76685786247s - Best: 8497626-[  8   6   5   4   3   2   1   7  70  12  11  10   9  13  14  15  67  66
  64  50  51  52  53  54  55  56  57  58  59  60  61  62  94  86  88  95
  96  87  89  97  98  90  91  99 100  92  93 101 136 143 145 137 138 144
 146 139 140 148 147 141 142 149 170 171 172 173 174 175 176 177 178 179
 180 181 182 183 184 185 186 187 188 189 190 191 192 193 194 195 196 197
 198 199 200 201 202 203 204 205 206 207 208 209 210 211 212 213 214 215
 216 217 218 219 220 221 222 223 224 225 124 131 129 123 122 130 128 121
 120 126 127 119 118 125 117 116 115 114 113 112 111 110 102 104 103 105
 106 107 108 109 132 133 134 135 169 168 167 166 165 164 163 162 161 160
 159 158 157 156 155 154 153 152 151 150  42  41  38  37  36  35  34  33
  29  28  30  31  32  47  44  43  45  46  48  27  26  25  24  23  22  21
  20  19  18  17  16  68  69  85  84  83  82  81  80  79  78  77  76  75
  74  73  72   0  71  65  63  49  39  40]
Value - initial: 182382905, final: 8497626, improveup: 21.4628067886

data-line;i;182382905;f;8497626;t;2.76685786247;c;-2;fv;[8497626L];cv;-1;imp;21.4628067886;type;rvnd;inum;2;w;1

time;2.76685786247;man_time;0;neigh_time;0
man_time;0;man_merge_sol;0;man_best_sol;0;man_combine_sol;0

Waiting [0]
Terminating workers True 0 0
MPI TERMINATING
