pydf_home: /home/rodolfo/git/Sucuri
simple_pycuda_home: /home/rodolfo/git/simple-pycuda
wamca2016path: /home/rodolfo/git/wamca2016/
localpath: /home/rodolfo/git/dvnd-df/code/dvnd-df/src/
WAMCAPATH:/home/rodolfo/git/wamca2016/
param: {solution_index:5, solution_instance_index:20, multi_gpu:True, goal:False, problem_name:ml, number_of_moves:10, device_count:2, solver:rvnd, mpi_enabled:True, workers:1}
Using already created file:  wamca2016lib.so
Size: 657 - file name: 06_d657.tsp

Value - initial: 269129801-[510 388 296 323 139  91 538 310 615 247 365 638 463 608 125 560 179 327
 148 240 378 212 250  39 474  73 320 523  99 630 256 504  71 147  95  54
  81 415 655 579  64 184  41  59 173 227 109 342 261 443 202 282 518  35
 195 540 249 541 270 356 371 404 364 235 345  87 267 539   0  67 203 636
  32 478 158  96 206  17  66 322  97 519 627 361 581 529 509 393 505 273
 442 450  40 650 379 600 374 255  52 590 613 155  60 467 469 468 419 432
 631 434  78 297 473  21 483  25  44 558 294 144 571 408 411 501 511 115
 123 301  33 582 651 620 649 500 537 461 527 278 163 354 409 303 425 262
 325  34 107 333 251 110 191 106 166 217 311 279   3 194  72 373 387  84
 652 603   6 198 160 424 479 104 604 260 506 165  47 595   9 514 536  43
 543 453 199 598 309 237 554 389  89 440  29  76 258 398  48  49 293 553
 535 617 416 149 143 605 355 457  80  42 460 277   4 629 642 413 556 241
 429 265 346 124  74 316 546 375 326 128 150 192 592 380 338 542 458 438
 368 129 534  94 127 337 281 329 488 145  31 588 401 183 268 447 204 575
 304 350 390 214 243  20  55 287 545 648 308 561 577 422 225 324 234  79
 211 315 570 252 544 403  85 521 454 528 167 494  15  27  10 628 330 377
   2 229 151 226 448  51 426 609 302 431 286 559 370 334 362 272 264 557
 525 565 189 336 430 188  86 172 499 224 218 185 524 121 161 435 466 532
 177 298 254 423 526 126 138 486 593 219 135 182 482 654 335 116 153 351
 271 190 367 112 132 290 233 137 496 242 372  53 284 480  69 216 344  65
 459 580 381 407  26 156  13  62 639 414  56 363 606  19 495 358 497 645
 239 562  11 589 427 385 439  58 464 245 516 472 555 197  92 266  46 223
 402 465   8 369 180  30 174 111 451 171 445 103 141 122 428 612 531 248
 236 152 481 583 647  12 352   7 232 136 614 263 100  82 421 418 228 515
  70 587 353 321 328 314 193  37 436  24 349 484 441 585  61 548  28  38
 119 533 452 646  18 332 406 433 131 584 444 564 196 508 485 360 644 275
 359 285  93 317 244 625 610 405 215 280 637 602 339 230 130 253 611 594
 221 312 512 507 623 133 105 635 632 563 490 159 498 146 586 547  68 299
 395 574 491 178 397 522 169 313 640 162 530 120 207 384 220 383  22 626
 300 142 376 470 634 292 154  83 549 209  98   5 366 568 477 399 576 210
 246 391 200 305 476 164 517 283 222 446 340 343 118 475 341 231 208 596
  50 394 114 181 621 238 420  14 550 471 616 213 417 601 347 552 456 487
 176 572 566  75 288 643 134 331 168 318 108 597 295 567 569 396 493  63
 591 186 455 102 624  57 306 573 291 400 599 357 170 619 348 410 656  36
 175  23 622 653 386 502 140 117 492  16 382 274 205  88 276 641 289 607
 520 319 449 618 503 259 157 201 633  90 257 412  45 489 187 513 551  77
 578 437 392   1 101 307 462 113 269] - 269129801
Solver: RVND, number of workers: 1
Setting feeder affinity
I am the master. There are 1 mpi processes. (hostname = gpu01)
Roots [<pyDF.nodes.Feeder object at 0x7f1918bfdad0>]
Starting 0
Main loop
I am worker 0
GPU0
set random seed!
Initial: 269129801-[510 388 296 323 139  91 538 310 615 247 365 638 463 608 125 560 179 327
 148 240 378 212 250  39 474  73 320 523  99 630 256 504  71 147  95  54
  81 415 655 579  64 184  41  59 173 227 109 342 261 443 202 282 518  35
 195 540 249 541 270 356 371 404 364 235 345  87 267 539   0  67 203 636
  32 478 158  96 206  17  66 322  97 519 627 361 581 529 509 393 505 273
 442 450  40 650 379 600 374 255  52 590 613 155  60 467 469 468 419 432
 631 434  78 297 473  21 483  25  44 558 294 144 571 408 411 501 511 115
 123 301  33 582 651 620 649 500 537 461 527 278 163 354 409 303 425 262
 325  34 107 333 251 110 191 106 166 217 311 279   3 194  72 373 387  84
 652 603   6 198 160 424 479 104 604 260 506 165  47 595   9 514 536  43
 543 453 199 598 309 237 554 389  89 440  29  76 258 398  48  49 293 553
 535 617 416 149 143 605 355 457  80  42 460 277   4 629 642 413 556 241
 429 265 346 124  74 316 546 375 326 128 150 192 592 380 338 542 458 438
 368 129 534  94 127 337 281 329 488 145  31 588 401 183 268 447 204 575
 304 350 390 214 243  20  55 287 545 648 308 561 577 422 225 324 234  79
 211 315 570 252 544 403  85 521 454 528 167 494  15  27  10 628 330 377
   2 229 151 226 448  51 426 609 302 431 286 559 370 334 362 272 264 557
 525 565 189 336 430 188  86 172 499 224 218 185 524 121 161 435 466 532
 177 298 254 423 526 126 138 486 593 219 135 182 482 654 335 116 153 351
 271 190 367 112 132 290 233 137 496 242 372  53 284 480  69 216 344  65
 459 580 381 407  26 156  13  62 639 414  56 363 606  19 495 358 497 645
 239 562  11 589 427 385 439  58 464 245 516 472 555 197  92 266  46 223
 402 465   8 369 180  30 174 111 451 171 445 103 141 122 428 612 531 248
 236 152 481 583 647  12 352   7 232 136 614 263 100  82 421 418 228 515
  70 587 353 321 328 314 193  37 436  24 349 484 441 585  61 548  28  38
 119 533 452 646  18 332 406 433 131 584 444 564 196 508 485 360 644 275
 359 285  93 317 244 625 610 405 215 280 637 602 339 230 130 253 611 594
 221 312 512 507 623 133 105 635 632 563 490 159 498 146 586 547  68 299
 395 574 491 178 397 522 169 313 640 162 530 120 207 384 220 383  22 626
 300 142 376 470 634 292 154  83 549 209  98   5 366 568 477 399 576 210
 246 391 200 305 476 164 517 283 222 446 340 343 118 475 341 231 208 596
  50 394 114 181 621 238 420  14 550 471 616 213 417 601 347 552 456 487
 176 572 566  75 288 643 134 331 168 318 108 597 295 567 569 396 493  63
 591 186 455 102 624  57 306 573 291 400 599 357 170 619 348 410 656  36
 175  23 622 653 386 502 140 117 492  16 382 274 205  88 276 641 289 607
 520 319 449 618 503 259 157 201 633  90 257 412  45 489 187 513 551  77
 578 437 392   1 101 307 462 113 269]
Final time: 9.92800092697s - Best: 13978101-[510 508 133 507 503 501 500 495 492 489 484 488 487 481 480 485 490 486
 491 494 497  87  88  95 108 123 110 111 107 100  96  82  94  89  83  76
  67  56  62  51 470 467 465 461 460 459 457 456 473 455 454 451 452 450
 448 449 453 458 464 468 466 462 463 442 441 443 446 447 445 444  19  18
  13  17  16  20  15  14  21  24  12  11  10   9   8   4   5   6  78 117
 131 138 163 156 164 162 142 137 130 129 128 116 101  79  64  60  53  41
  39  36  35  33  32  44  45  63  68  73  77  84  74  93  91  97  98 115
 132 140 155 168 172 178 185 186 180 181 191 195 197 198 199 209 217 218
 234 253 261 271 263 264 303 299 293 288 292 287 275 254 248 236 225 204
 171 169 170 161 148 139 120  99  92  86  69  72  65  54  49  50  40  48
  52  57  59  55  29  22  23 440  25  26  27  30  31 469  34  37  46  42
  38  43  47  61  66  71  80  75  81 106 112 122 143 153 150 158 166 179
 184 177 221 232 241 260 251 247 227 219 214 208 207 224 226 242 250 228
 243 255 259 284 304 305 312 318 333 357 351 358 373 378 396 385 395 402
 406 413 412 407 403 394 384 379 376 374 368 366 359 352 363 392 382 367
 362 353 344 338 329 332 314 315 286 283 274 272 291 277 249 233 244 256
 267 282 285 278 281 301 295 302 296 297 280 266 258 273 265 245 222 216
 212 205 203 193 152 135 125 506 124 127 505 498 496 493 499 502 504 126
 136 160 174 189 182 183 173 159 509 528 512 513 516 517 518 514 515 478
 477 474 520 519 521 527 526 525 522 524 530 533 523 529 531 532 535 534
 536 537 538 539 540 541 635 639 638 640 641 637 636 634 633 632 631 630
 629 628 552 546 545 544 547 548 553 554 550 549 543 551 557 555 558 563
 565 560 564 561 562 568 569 571 573 577 576 583 584 585 588 587 590 599
 603 604 609 611 612 619 625 624 427 426 408 622 620 618 617 616 615 613
 608 602 594 597 596 591 595 601 605 606 610 607 600 598 589 586 581 246
 257 279 592 306 331 355 360 330 319 336 343 354 375 380 383 381 393 418
 428 411 417 429 434 433 425 419 410 424 431 432 423 414 405 401 386 377
 365 369 350 320 326 325 321 309 308 334 324 323 346 340 335 345 361 372
 391 398 415 404 400 389 342 348 349 364 370 388 397 430 435 436 422 421
 439 437 420 438 416 409 390 399 371 347 341 322 317 307 298 290 289 262
 239 230 220 238 235 231 269 237 210 190 196 206 187 165 157 118 114 102
  85 103 119 113 147 154 149 121 105 104  90  70  58 471 475 476 479 472
 482 483 109 134 144 145 175 188 192 176 146 151 167 252 268 270 276 300
 310 311 327 339 328 313 316 229 580 213 200 194 201 202 570 566 567 511
 559 556 542 642 643 644 646 645 647 648 649 650 651 652 653 627 654 655
 626 572 574 578 582 579 575 656 593 614 621 623 356 337 211 223 387 294
 215 240 141   3   2   1   7  28   0]
Value - initial: 269129801, final: 13978101, improveup: 19.2536740863

data-line;i;269129801;f;13978101;t;9.92800092697;c;-2;fv;[13978101L];cv;-1;imp;19.2536740863;type;rvnd;inum;5;w;1

time;9.92800092697;man_time;0;neigh_time;0
man_time;0;man_merge_sol;0;man_best_sol;0;man_combine_sol;0

Waiting [0]
Terminating workers True 0 0
MPI TERMINATING
