pydf_home: /home/rodolfo/git/Sucuri
simple_pycuda_home: /home/rodolfo/git/simple-pycuda
wamca2016path: /home/rodolfo/git/wamca2016/
localpath: /home/rodolfo/git/dvnd-df/code/dvnd-df/src/
WAMCAPATH:/home/rodolfo/git/wamca2016/
param: {solution_index:5, solution_instance_index:4, multi_gpu:True, goal:False, problem_name:ml, number_of_moves:10, device_count:2, solver:rvnd, mpi_enabled:True, workers:1}
Using already created file:  wamca2016lib.so
Size: 657 - file name: 06_d657.tsp

Value - initial: 281744766-[180 629 411 313  82 150  61  73 250 183 210 197 124 447 627 533  46 637
  75 438 560 548 581 511  21 189 454 520 586 334  93 510 544 348 491 176
  90 624 207 421 201 114 321 242 569 278 477 231 338 380  99  31 162 223
 211 479 583 299 274 245  57 656 615 181 440  87 600 393  25 343   3 154
 359 325 394 601 206 543 122 463 467 482 269 107 427 355  70 584 462 335
 606  63 382 230 362 590 372 388 490  78 147 652 177 502 414 105 233  33
 633 585 452 431 256  89 148 458 444 161 475 132 246 101 573 442 178 219
 391 160  38 312 137 647 432 270 632 503 529 185 649 302 310  10 195 304
 174 443   7 644   8 449 399 453 570  55 115 323 602 327 483  94 568 625
 186 272 557 243 640 513 455 525 400 244 596 623 282 524  86 428 604 612
 203  17  43 418 507  81 550 416 192 634 109 578 254 608 654 320 330 594
 333 518 234 305 480 268 540 531 354 558 587 433 326  45 337 364 145 353
 301 175 358 289 605 653 202 645  51 555 167 102 171 200 472 579 213 448
 125 227 225 646 166 252 341  29 295 413 521 222 292 140 188 619 350  28
 630 403 643 352 224  14 484 591 515 112 260 522 349 139 551 123 501 163
  11 641 417 193   1 408 496 229 613 221  18 182 376 237 597 215 218 344
 504 275 217 165 198  79 571 108 426 314 367 500 470 199 110  67 168 437
 651 285  98 247 286 216 194 425 561 577 389 164 240 191 205 318 336 173
  15 347 236 249 328  13 387 576 598 566  47 131  35  19 424 434 549 297
 346  20  91 329 317 141 283 151 616 214 277   5  88 505 556 179 113 253
 390 309 523 374 251  77 636  92 373 410 541 238 487 117 153 384 468 360
 357 398 412 296 265 457 133 120 639 415 599 290 104 539 512 620 152  69
 456 545 232  59  27 306 322 537 406 464 369  32 626  85 635 535 495 368
 363 375 536 466 119 527 262 553 383 324  52 628 196  95  50 103 567 291
 469 226 631 572 471 381 493  36 589 436 485 144  65 271 492 508 429 603
 517 478 294 562 439  68 130 158 422  12  16  34 528 595 239 370 621 170
  37 435 405 526 298 157 149 366 293 575  64  39 129 441  58  49 228 319
 365 420   9  42 611 592   6  80 316 392 397 489  30 356 474 276  83 267
 281  53 534 642 332 143 402  44 655  41 407 287 565 339 481 100 300   4
 618 622  72 445 542  48 204 516 308 261  40 159 459  60 465 614 396 582
 588  54 315 248 118 607 138 499 473 379  71 559 386 648 552 650 509 476
 538 111 446 638 288 563 547 395 208 255 409 172 610 127 532 273 488 609
   0 279 377 494 135 404 190 574 378 498  96  84 263 497  23 264 187 184
  66 280 126  74 486 116 617   2 593 361 340 580 342  76  62 212 546  56
 169  26 331 450 530 106 430 345 146 514  97 266 136 220 303 134 385 258
 423 284 461 259 155 564 401 241 371 209 460 311 121  24 351 506 142 235
 519 156 554 419 451  22 257 307 128] - 281744766
Solver: RVND, number of workers: 1
Setting feeder affinity
I am the master. There are 1 mpi processes. (hostname = gpu01)
Roots [<pyDF.nodes.Feeder object at 0x7fd92202cad0>]
Starting 0
Main loop
I am worker 0
GPU0
set random seed!
Initial: 281744766-[180 629 411 313  82 150  61  73 250 183 210 197 124 447 627 533  46 637
  75 438 560 548 581 511  21 189 454 520 586 334  93 510 544 348 491 176
  90 624 207 421 201 114 321 242 569 278 477 231 338 380  99  31 162 223
 211 479 583 299 274 245  57 656 615 181 440  87 600 393  25 343   3 154
 359 325 394 601 206 543 122 463 467 482 269 107 427 355  70 584 462 335
 606  63 382 230 362 590 372 388 490  78 147 652 177 502 414 105 233  33
 633 585 452 431 256  89 148 458 444 161 475 132 246 101 573 442 178 219
 391 160  38 312 137 647 432 270 632 503 529 185 649 302 310  10 195 304
 174 443   7 644   8 449 399 453 570  55 115 323 602 327 483  94 568 625
 186 272 557 243 640 513 455 525 400 244 596 623 282 524  86 428 604 612
 203  17  43 418 507  81 550 416 192 634 109 578 254 608 654 320 330 594
 333 518 234 305 480 268 540 531 354 558 587 433 326  45 337 364 145 353
 301 175 358 289 605 653 202 645  51 555 167 102 171 200 472 579 213 448
 125 227 225 646 166 252 341  29 295 413 521 222 292 140 188 619 350  28
 630 403 643 352 224  14 484 591 515 112 260 522 349 139 551 123 501 163
  11 641 417 193   1 408 496 229 613 221  18 182 376 237 597 215 218 344
 504 275 217 165 198  79 571 108 426 314 367 500 470 199 110  67 168 437
 651 285  98 247 286 216 194 425 561 577 389 164 240 191 205 318 336 173
  15 347 236 249 328  13 387 576 598 566  47 131  35  19 424 434 549 297
 346  20  91 329 317 141 283 151 616 214 277   5  88 505 556 179 113 253
 390 309 523 374 251  77 636  92 373 410 541 238 487 117 153 384 468 360
 357 398 412 296 265 457 133 120 639 415 599 290 104 539 512 620 152  69
 456 545 232  59  27 306 322 537 406 464 369  32 626  85 635 535 495 368
 363 375 536 466 119 527 262 553 383 324  52 628 196  95  50 103 567 291
 469 226 631 572 471 381 493  36 589 436 485 144  65 271 492 508 429 603
 517 478 294 562 439  68 130 158 422  12  16  34 528 595 239 370 621 170
  37 435 405 526 298 157 149 366 293 575  64  39 129 441  58  49 228 319
 365 420   9  42 611 592   6  80 316 392 397 489  30 356 474 276  83 267
 281  53 534 642 332 143 402  44 655  41 407 287 565 339 481 100 300   4
 618 622  72 445 542  48 204 516 308 261  40 159 459  60 465 614 396 582
 588  54 315 248 118 607 138 499 473 379  71 559 386 648 552 650 509 476
 538 111 446 638 288 563 547 395 208 255 409 172 610 127 532 273 488 609
   0 279 377 494 135 404 190 574 378 498  96  84 263 497  23 264 187 184
  66 280 126  74 486 116 617   2 593 361 340 580 342  76  62 212 546  56
 169  26 331 450 530 106 430 345 146 514  97 266 136 220 303 134 385 258
 423 284 461 259 155 564 401 241 371 209 460 311 121  24 351 506 142 235
 519 156 554 419 451  22 257 307 128]
Final time: 11.0380198956s - Best: 14311920-[180 181 186 191 195 197 198 199 187 165 157 118 114 102  91  97  98  93
  84  74  77  73  68  63  45  44  49  54  50  65  72  69  59  57  52  48
  55  58  61  66  71  80  75  81 106 112 122 111 107 100  96  82  76  83
  89  94 108  88  87  95 109 144 145 127 124 505 506 125 135 126 504 502
 499 495 492 489 488 487 493 498 496 497 494 491 483  67  56  62  51  47
  43  38  42  46  37  34 469  31  30  27  26  25 440  23  22  29  28  20
  16  17  13  18  19 444 445 447 446 443 441 442 463 462 466 468 464 458
 453 449 448 450 452 451 454 461 465 467 460 459 455 473 456 457 475 476
 477 478 479 472 482 486 490 485 480 481 484 514 515 516 517 518 519 520
 521 527 526 525 522 524 530 533 523 529 531 532 535 534 538 539 540 541
 537 536 641 640 639 638 637 636 634 635 633 632 631 629 630 649 650 651
 562 561 564 560 565 563 558 553 547 548 554 555 557 550 549 543 551 556
 559 528 500 501 503 507 136 133 508 509 510 159 182 173 183 194 200 213
 212 216 222 245 265 281 278 285 282 267 286 283 274 272 277 291 313 328
 332 314 315 329 338 344 362 367 353 336 343 354 375 380 383 418 428 417
 411 382 392 363 352 359 366 368 374 376 379 384 394 403 407 412 413 425
 419 424 431 423 401 405 414 410 406 402 395 385 396 378 373 358 351 357
 333 318 312 305 304 311 327 310 320 326 350 369 365 377 386 387 349 325
 321 342 348 364 370 388 397 389 400 404 415 421 439 437 420 416 409 391
 372 361 347 341 345 335 340 346 334 308 309 292 287 275 288 293 299 303
 324 323 317 322 307 298 290 262 289 269 237 231 235 238 220 230 239 253
 261 271 263 264 240 234 218 217 209 206 196 190 185 178 172 168 155 162
 164 156 163 138 131 117  78   6   5   4   3   2   1  10   8   9  11  12
  14  15  21  24  32  33  35  36  39  41  53  60  64  79 101 116 130 128
 129 142 137 140 132 115  85 103 119 113 120  99  92  86  90 104 105 121
 149 154 147 139 148 169 171 170 161 177 184 179 166 158 150 143 153 167
 151 110 123 134 146 176 192 188 175 152 160 174 193 211 244 233 249 223
 228 243 255 259 250 242 226 224 207 219 214 208 221 215 225 236 248 254
 232 241 260 251 247 227 252 268 270 276 300 284 256 273 258 266 280 592
 306 297 296 302 295 301 319 330 331 355 360 381 393 426 427 408 622 620
 618 617 616 615 613 608 605 606 610 607 598 600 601 595 591 596 597 602
 594 583 584 585 588 587 579 575 576 577 578 582 589 279 257 246 586 581
 574 573 571 569 568 626 655 654 627 653 652 648 647 645 646 644 643 642
 542 544 545 546 628 552 566 567 511 189 203 205 580 229 202 201 570 572
 656 590 593 599 603 604 609 611 612 614 621 623 619 625 624 356 337 316
 339 429 434 433 432 435 430 436 422 398 438 399 371 390 294 204  70 470
 471 512 513 474  40   7 141 210   0]
Value - initial: 281744766, final: 14311920, improveup: 19.686021582

data-line;i;281744766;f;14311920;t;11.0380198956;c;-2;fv;[14311920L];cv;-1;imp;19.686021582;type;rvnd;inum;5;w;1

time;11.0380198956;man_time;0;neigh_time;0
man_time;0;man_merge_sol;0;man_best_sol;0;man_combine_sol;0

Waiting [0]
Terminating workers True 0 0
MPI TERMINATING
