pydf_home: /home/rodolfo/git/Sucuri
simple_pycuda_home: /home/rodolfo/git/simple-pycuda
wamca2016path: /home/rodolfo/git/wamca2016/
localpath: /home/rodolfo/git/dvnd-df/code/dvnd-df/src/
WAMCAPATH:/home/rodolfo/git/wamca2016/
param: {solution_index:6, solution_instance_index:64, multi_gpu:True, goal:False, problem_name:ml, number_of_moves:10, device_count:2, solver:rvnd, mpi_enabled:True, workers:1}
Using already created file:  wamca2016lib.so
Size: 783 - file name: 07_rat784.tsp

Value - initial: 71063734-[388  66 144  99 720 757 187 562 718 386 295 533  84 634 298 611 629 473
 376 247 172 676 618  36 290 235 439 186 752 604 380 609 214 337 713 772
 589   6 174 661 682 732  48  41 658 399 645 688  43 523 355 651 223 598
 262 110 375 466  11 674 497 216 761 372 364 461 719 616 132 320 575 547
 360 622 259 230 592 234 203 269 240 488 527 603 210  16 491 109 583 776
 510 576 470 468   9 119 693 563 219 428 331 548 578 671  88 371 111  79
 459 600 626 260 200 494 743 383 369 131 447 357 627 268 721 413 249 759
  18 122 406 751 138 141  81 690 243 312 747 608 403 291 173 781 646 165
 202 637  46 440 112 550 572 104 103 597 126 640 704 777 438 648 391 285
 276 558  59 415 168  64 436 509 568  17 263 205 515 142  21 566 327 552
 458 528   0  26 316 323 244 768 211 714 366 487 726 638  69 705 456 581
  73 708 765 195 593 517 424 586 255 520 753 564 746 478 668 342  68 660
 358  90 280 565 227 228 306 178 393 672 463 225 209 610 699 127   3 541
 501 325 716 455 107 318 330 427 408 158  93 401 425 502 188 650 420  25
 283 678 477 418 769 212 630 446 429  38  65 521 322 347 265 659 351 665
 430 756 218 278 452   2  13 309 666 252 567 224 286 479 679 474 160 151
 382 655 289 556 348  82 302  37 213 595 129 467 374 344  10 277 482 242
 381 136 190 231 169 639 711 412 232 407  96 641 722  57 179 162 555 493
 335 683 356 204 602 229 542 773  52 177 613 120 617 647 379 390 654 184
 709 368 350 621 662 300 579 554 159 692  12 422 435 336 100 664 612 539
 605 755 400 741 354 631 123 644 633 623 764 329 445 619 569 147  23 508
 677 490  20   7  89 319 514  95 519 778  56  92 549 670 304 512  97 767
 293 624 669 108  42  77 561 125 421 349 739  98 749 215 738 102 395 182
 134 760 361 377 384 601 607 779  47  39  24 370 694 367 483  87 392 246
 590   4 471 475 451 198 559 271  14 294   1 518 729  76 343 615  15 766
 685 571 328 257 750 684 736 365  62 505 385 426 492 675 431 697 245 724
  83 707 284 221 197 642  67 192 409 226 121 462 620  40 500  78 239 465
 472 717 396 152 373 524 734 625 731 193 782 632 543 264 378  55 489 744
 511 154 163 113 503 398 506 745 270 588 191 538 281 585 594 105 432  63
 453 748 545 359 657 614  28 441 241  31 145 181 176 584 770 419  35 140
  29  33 397 185 311 516 577 115 161 405 532 222 346 332 656 199 727 702
 363 544 443 279 454 305 531 275 530 287 101 735 460 387 340 217 180 133
 504 535 135 712 758 167 201 164 220 404 687 573 762 238 334 389 206  58
 449 689 496 326 153 362 737   8 673 681 553 296 175  60 196 315 587 536
 667 522 301 701 394 353 499 303 457 580  91 652 754 485 157 171 166 442
 207 486  27 775 149 691 194  49 317 434 237 507 513 700 606 324 698 272
 715 653 484 261 686  22 628  53 742 251 423 643 495 266  50 414  44 297
 341 649 236 156 117 450 146 189 183 636 339 273 480 416 680 170 725 155
 433 313 256 253 288 402 537 106 596  30 696 476 321 116 248  71 448 469
 208 345 551 780 582  80 710 534 150 274 148 635  19 706 526  94 695 663
  72 437 481 130 498 128 314 591  32 771  70 292  54 114 233 299 723 282
 730  86 254 310 352 143 740 529  74 124 733 258 570 557 464 137  51 763
 774  34 267 118  75 410 417 546 728  85  61 574 525 444 540 333   5 338
 250 560 139 703 308 599  45 411 307] - 71063734
Solver: RVND, number of workers: 1
Setting feeder affinity
I am the master. There are 1 mpi processes. (hostname = gpu01)
Roots [<pyDF.nodes.Feeder object at 0x7fc934ef0ad0>]
Starting 0
Main loop
I am worker 0
GPU0
set random seed!
Initial: 71063734-[388  66 144  99 720 757 187 562 718 386 295 533  84 634 298 611 629 473
 376 247 172 676 618  36 290 235 439 186 752 604 380 609 214 337 713 772
 589   6 174 661 682 732  48  41 658 399 645 688  43 523 355 651 223 598
 262 110 375 466  11 674 497 216 761 372 364 461 719 616 132 320 575 547
 360 622 259 230 592 234 203 269 240 488 527 603 210  16 491 109 583 776
 510 576 470 468   9 119 693 563 219 428 331 548 578 671  88 371 111  79
 459 600 626 260 200 494 743 383 369 131 447 357 627 268 721 413 249 759
  18 122 406 751 138 141  81 690 243 312 747 608 403 291 173 781 646 165
 202 637  46 440 112 550 572 104 103 597 126 640 704 777 438 648 391 285
 276 558  59 415 168  64 436 509 568  17 263 205 515 142  21 566 327 552
 458 528   0  26 316 323 244 768 211 714 366 487 726 638  69 705 456 581
  73 708 765 195 593 517 424 586 255 520 753 564 746 478 668 342  68 660
 358  90 280 565 227 228 306 178 393 672 463 225 209 610 699 127   3 541
 501 325 716 455 107 318 330 427 408 158  93 401 425 502 188 650 420  25
 283 678 477 418 769 212 630 446 429  38  65 521 322 347 265 659 351 665
 430 756 218 278 452   2  13 309 666 252 567 224 286 479 679 474 160 151
 382 655 289 556 348  82 302  37 213 595 129 467 374 344  10 277 482 242
 381 136 190 231 169 639 711 412 232 407  96 641 722  57 179 162 555 493
 335 683 356 204 602 229 542 773  52 177 613 120 617 647 379 390 654 184
 709 368 350 621 662 300 579 554 159 692  12 422 435 336 100 664 612 539
 605 755 400 741 354 631 123 644 633 623 764 329 445 619 569 147  23 508
 677 490  20   7  89 319 514  95 519 778  56  92 549 670 304 512  97 767
 293 624 669 108  42  77 561 125 421 349 739  98 749 215 738 102 395 182
 134 760 361 377 384 601 607 779  47  39  24 370 694 367 483  87 392 246
 590   4 471 475 451 198 559 271  14 294   1 518 729  76 343 615  15 766
 685 571 328 257 750 684 736 365  62 505 385 426 492 675 431 697 245 724
  83 707 284 221 197 642  67 192 409 226 121 462 620  40 500  78 239 465
 472 717 396 152 373 524 734 625 731 193 782 632 543 264 378  55 489 744
 511 154 163 113 503 398 506 745 270 588 191 538 281 585 594 105 432  63
 453 748 545 359 657 614  28 441 241  31 145 181 176 584 770 419  35 140
  29  33 397 185 311 516 577 115 161 405 532 222 346 332 656 199 727 702
 363 544 443 279 454 305 531 275 530 287 101 735 460 387 340 217 180 133
 504 535 135 712 758 167 201 164 220 404 687 573 762 238 334 389 206  58
 449 689 496 326 153 362 737   8 673 681 553 296 175  60 196 315 587 536
 667 522 301 701 394 353 499 303 457 580  91 652 754 485 157 171 166 442
 207 486  27 775 149 691 194  49 317 434 237 507 513 700 606 324 698 272
 715 653 484 261 686  22 628  53 742 251 423 643 495 266  50 414  44 297
 341 649 236 156 117 450 146 189 183 636 339 273 480 416 680 170 725 155
 433 313 256 253 288 402 537 106 596  30 696 476 321 116 248  71 448 469
 208 345 551 780 582  80 710 534 150 274 148 635  19 706 526  94 695 663
  72 437 481 130 498 128 314 591  32 771  70 292  54 114 233 299 723 282
 730  86 254 310 352 143 740 529  74 124 733 258 570 557 464 137  51 763
 774  34 267 118  75 410 417 546 728  85  61 574 525 444 540 333   5 338
 250 560 139 703 308 599  45 411 307]
Final time: 11.9734358788s - Best: 3372346-[388 391 370 365 357 343 355 358 342 351 362 383 389 386 381 396 406 424
 442 452 451 457 465 483 484 505 516 511 507 491 485 462 454 437 421 432
 425 429 423 419 407 408 409 418 416 434 430 438 456 455 448 459 472 494
 512 518 517 530 546 539 538 560 568 578 561 553 550 533 529 525 532 547
 559 575 567 579 585 593 596 597 589 611 626 633 643 640 618 612 598 587
 606 616 627 620 621 629 635 650 645 652 653 661 649 641 631 628 614 617
 609 588 570 571 558 572 580 603 605 592 581 591 594 607 634 642 646 669
 675 673 667 666 663 672 707 715 722 729 730 745 740 741 755 751 750 727
 714 702 695 693 662 655 657 624 622 619 601 584 582 573 549 537 545 548
 544 531 509 502 503 489 478 480 470 467 477 497 501 508 524 527 543 536
 519 513 523 521 526 542 557 564 569 576 600 599 583 590 608 602 586 563
 562 565 577 556 551 528 534 535 540 520 504 506 500 499 490 482 476 466
 468 469 463 475 495 496 486 473 479 488 492 487 474 464 449 439 446 453
 450 441 427 420 395 398 412 403 405 393 366 356 328 340 354 373 368 378
 377 360 348 361 341 330 333 323 319 307 309 287 282 281 286 274 261 256
 236 225 220 227 228 243 259 262 270 271 260 278 283 297 308 295 296 303
 313 314 284 279 264 263 246 244 251 240 219 202 190 188 191 177 173 165
 167 169 206 222 213 217 198 193 180 176 148 133 134 105 100  78  83  74
  86 108 113 121 141 147 144 118 112 103  90  89  77  68  43  54  59  72
  65  42  37  12  10   3  33  27  23  26  25  20  15  31  13  21  34  49
  61  53  41  50  71  91 102  81  85  67  60  58  35  30  19   7  29  18
   4   2   9   8  11  32  28  38  62  75  97  94  88  73  76  63  70  84
  98 101 104 107 111 127 139 115 132 136 142 119 110 106  93  82  57  52
  46  64  80  79  69  66  40  45  17   6   1  22  16   0  14  24  36  44
  56  51  48  55  87  96 109 116 122 138 146 154 171 179 185 204 229 254
 245 238 235 241 265 269 276 275 293 316 334 326 318 322 324 338 352 345
 331 315 306 299 289 292 305 290 298 285 273 277 272 247 230 226 221 248
 242 255 266 267 257 258 239 223 207 201 203 186 183 195 194 174 159 152
 126 135 150 155 161 151 160 162 168 175 178 197 199 189 205 216 231 232
 224 218 211 210 208 181 172 164 163 156 137 117 125 120 123 143 149 158
 153 128 129 140 131 130 157 166 182 187 196 200 212 209 250 252 249 268
 280 291 302 310 294 311 317 325 335 329 321 320 332 344 346 349 364 375
 392 376 369 371 359 353 350 347 339 337 363 380 385 379 374 390 410 417
 440 447 436 433 415 401 399 382 372 367 384 387 402 414 413 431 445 458
 493 541 574 604 613 632 630 638 688 700 699 709 725 720 719 718 706 712
 697 690 691 683 698 694 685 665 668 660 648 656 680 674 679 684 678 670
 677 687 708 696 703 724 733 737 746 760 734 744 759 764 757 758 756 767
 778 776 772 773 765 761 762 769 779 780 763 781 782 774 770 766 752 743
 728 713 710 711 681 676 686 716 723 701 692 726 749 748 739 747 754 753
 736 732 721 738 742 731 735 717 704 705 689 659 654 644 647 651 658 682
 671 664 639 637 623 625 610 595 510 498 481 471 444 435 428 422 400 394
 327 301 312 304 288 234 214 215 184 145 124 114  99  47  92  95 170 192
 233 253 237 300 336 397 411 426 443 460 461 515 522 554 566 552 615 636
 775 771 777 768 555 514 404  39   5]
Value - initial: 71063734, final: 3372346, improveup: 21.0724919685

data-line;i;71063734;f;3372346;t;11.9734358788;c;-2;fv;[3372346L];cv;-1;imp;21.0724919685;type;rvnd;inum;6;w;1

time;11.9734358788;man_time;0;neigh_time;0
man_time;0;man_merge_sol;0;man_best_sol;0;man_combine_sol;0

Waiting [0]
Terminating workers True 0 0
MPI TERMINATING
