pydf_home: /home/rodolfo/git/Sucuri
simple_pycuda_home: /home/rodolfo/git/simple-pycuda
wamca2016path: /home/rodolfo/git/wamca2016/
localpath: /home/rodolfo/git/dvnd-df/code/dvnd-df/src/
WAMCAPATH:/home/rodolfo/git/wamca2016/
param: {solution_index:5, solution_instance_index:65, multi_gpu:True, goal:False, problem_name:ml, number_of_moves:10, device_count:2, solver:rvnd, mpi_enabled:True, workers:1}
Using already created file:  wamca2016lib.so
Size: 657 - file name: 06_d657.tsp

Value - initial: 277278214-[423   8 477  60 391 430 374  92 103  34 425 651 358 547  94 225 351 596
 500 128 635 369 392 117 337 151 564 372  56 286 478 405 463  55 365 447
 572 125 293 291 139 375  27 322 353 370 442 167 345 174 105 273 545 308
 173  24 648 593  46 122 349   9 184 487 422 189 508 435 229 340 246 145
 395 490 629 568 304  26  99 171 213 275 144 129  52 141  11  69 335 408
 287 573 553  12 255 285 361 461 420 371  95 637 416 364 520 204 180 519
 100  58 298  47  20 451 620 185 347 441 249 324 362 354 326 468  62 484
 445 196 258  80 407 181 630 556 616 160 569 282  43 315  70 198 388 165
 491 618 599 133 297  18 163  77 101 135 457 421 433 195 166 228 499  29
 281 473 401 149 172 617 134 114 194 344 639 603 529 498 188 104 456 534
  97 218 182 624 159   3 488 102  90 132 206 652 288 137 458 509  21 640
 292 329 513  67 486 210 546 186  54 339 598 269 226 156 503 205 610 557
 300 119 586 517 207 377 399 450 643 579 418 178 474 284 303  64 112 516
 143 485  17 394 247 220 460 302 595 305 274 633 280 367 338 410 428 111
   5 602 221 634 126  81 398 203 239 176 649 615 559 575 157 480 357 605
 609 561 130 323 197  53 641  89 607 316 311 587  65 387 514 359  15 209
  74  23 551 409 496 153 214 259 158  75 219 393 415 378 646 270 419 497
 530  79 237 434 175  14 574 505 200 325 263 644  72 501 211 600 426 594
 232 190 502  86 631   1 257  76 536 577 264 549  63  36 522 301  39 567
 140 471 555 123 243 161 439 277 511 467 113 453 152 331 332 289 121 621
 124 589 653 563 146 543 154 645 533 360 212 333  31 384 597 656 623 562
 136   2 238 109 242 582 342 106 314 385 355 290 584 524 627  61  82 581
 591 436   6 571 223 523 169  78 356 118 199 240 389 267 512 215  68 537
 429 276 397 521 452 560 469 217 483 655 495 296 321 294 540 638 539 252
 576 443 162 538 642 241 272 459 570 235 492 625 424 236 494  19 352 295
 601 544 115 328 138 227 224 244 382  28 432 383 368 558 201 191 606 515
 346  51 527  25 120 479 526  96  83 626  93 170 233 299 150 234 619 510
 431 525 548 481 489 245 334  13 412 222 506 476 406 583 472  84  10 279
 411 179 588 306  50  48 614  40 278 343  73 590 585 650 379 363 148 317
 437 319 318  33 283 116 253 131 127 330 611 230 250 254 202  71 256 565
 261 177 403 636 417 427 518 307 552 208 168 482  38 262 444   4 541  59
  45 493  30 327 604   7 187 413   0 470  32 248 592 336  41 580 251 504
 373  42 622 164 400 271 528 108 462 341  57 628 440 402 390  35 381 465
  44 532 309 578 566  22 446 414 107 632 183 313 386 142 612  91 320 266
 550 155 193  37 366 507 454 535 376 231 147 608 647 350 464  88 438 455
  85 380 310 654 265 475  87 396 312 554 268  16 613 448 404 110  49 531
 449 216  66 348  98 466 260 192 542] - 277278214
Solver: RVND, number of workers: 1
Setting feeder affinity
I am the master. There are 1 mpi processes. (hostname = gpu01)
Roots [<pyDF.nodes.Feeder object at 0x7f6c77e1ead0>]
Starting 0
Main loop
I am worker 0
GPU0
set random seed!
Initial: 277278214-[423   8 477  60 391 430 374  92 103  34 425 651 358 547  94 225 351 596
 500 128 635 369 392 117 337 151 564 372  56 286 478 405 463  55 365 447
 572 125 293 291 139 375  27 322 353 370 442 167 345 174 105 273 545 308
 173  24 648 593  46 122 349   9 184 487 422 189 508 435 229 340 246 145
 395 490 629 568 304  26  99 171 213 275 144 129  52 141  11  69 335 408
 287 573 553  12 255 285 361 461 420 371  95 637 416 364 520 204 180 519
 100  58 298  47  20 451 620 185 347 441 249 324 362 354 326 468  62 484
 445 196 258  80 407 181 630 556 616 160 569 282  43 315  70 198 388 165
 491 618 599 133 297  18 163  77 101 135 457 421 433 195 166 228 499  29
 281 473 401 149 172 617 134 114 194 344 639 603 529 498 188 104 456 534
  97 218 182 624 159   3 488 102  90 132 206 652 288 137 458 509  21 640
 292 329 513  67 486 210 546 186  54 339 598 269 226 156 503 205 610 557
 300 119 586 517 207 377 399 450 643 579 418 178 474 284 303  64 112 516
 143 485  17 394 247 220 460 302 595 305 274 633 280 367 338 410 428 111
   5 602 221 634 126  81 398 203 239 176 649 615 559 575 157 480 357 605
 609 561 130 323 197  53 641  89 607 316 311 587  65 387 514 359  15 209
  74  23 551 409 496 153 214 259 158  75 219 393 415 378 646 270 419 497
 530  79 237 434 175  14 574 505 200 325 263 644  72 501 211 600 426 594
 232 190 502  86 631   1 257  76 536 577 264 549  63  36 522 301  39 567
 140 471 555 123 243 161 439 277 511 467 113 453 152 331 332 289 121 621
 124 589 653 563 146 543 154 645 533 360 212 333  31 384 597 656 623 562
 136   2 238 109 242 582 342 106 314 385 355 290 584 524 627  61  82 581
 591 436   6 571 223 523 169  78 356 118 199 240 389 267 512 215  68 537
 429 276 397 521 452 560 469 217 483 655 495 296 321 294 540 638 539 252
 576 443 162 538 642 241 272 459 570 235 492 625 424 236 494  19 352 295
 601 544 115 328 138 227 224 244 382  28 432 383 368 558 201 191 606 515
 346  51 527  25 120 479 526  96  83 626  93 170 233 299 150 234 619 510
 431 525 548 481 489 245 334  13 412 222 506 476 406 583 472  84  10 279
 411 179 588 306  50  48 614  40 278 343  73 590 585 650 379 363 148 317
 437 319 318  33 283 116 253 131 127 330 611 230 250 254 202  71 256 565
 261 177 403 636 417 427 518 307 552 208 168 482  38 262 444   4 541  59
  45 493  30 327 604   7 187 413   0 470  32 248 592 336  41 580 251 504
 373  42 622 164 400 271 528 108 462 341  57 628 440 402 390  35 381 465
  44 532 309 578 566  22 446 414 107 632 183 313 386 142 612  91 320 266
 550 155 193  37 366 507 454 535 376 231 147 608 647 350 464  88 438 455
  85 380 310 654 265 475  87 396 312 554 268  16 613 448 404 110  49 531
 449 216  66 348  98 466 260 192 542]
Final time: 11.7147650719s - Best: 14393149-[423 431 414 405 401 373 378 396 385 395 402 406 410 419 424 425 413 412
 407 403 394 384 379 376 374 368 366 359 363 352 362 367 353 344 338 332
 329 315 314 313 328 339 333 318 312 305 304 284 259 255 243 228 224 226
 242 250 270 276 300 310 320 326 349 348 364 370 388 397 389 400 404 415
 398 391 372 361 345 335 340 346 334 324 323 303 299 293 288 264 263 271
 261 253 234 218 206 196 190 185 195 197 199 198 191 186 181 180 178 172
 168 155 162 164 156 163 138 131 129 142 137 130 128 116 101  84  74  77
  73  68  63  41  39  36  33  32  35  45  44  49  54  50  65  57  52  48
  59  69  72  85  91  93  98  97 102 114 118 103 119 113 139 148 147 149
 154 177 184 179 166 158 150 153 167 151 146 134 123 110 111 107 106  80
  71  66  61  58  46  42  38  37  34 469  31  25  26  27  30  29  22  20
  15  14  16  17  13  18  19 444 445  23 440 441 443 447 446 442 449 448
 453 450 452 451 454 455 473 456 457 459 460 467 465 461 458 464 462 463
 466 468  43  47  51  62  75  81 100  96  82  76  83  89  94  88  87  95
 497 494 491 486 485 480 481 484 514 515 518 517 516 513 512 495 492 489
 493 488 487 490 496 498 505 127 124 506 125 135 504 126 136 133 507 503
 502 499 501 500 508 509 559 556 551 543 549 550 554 553 548 547 546 545
 544 633 635 639 638 640 641 637 636 634 632 631 630 629 628 562 561 564
 560 565 563 558 555 557 566 570 567 511 510 159 182 189 174 193 203 205
 222 216 212 213 173 183 194 200 201 202 580 229 246 257 266 258 273 280
 297 296 302 295 301 281 278 285 282 267 286 283 274 256 244 233 249 272
 277 291 311 327 357 351 358 365 377 369 387 430 435 436 422 421 439 437
 420 409 416 390 371 347 341 322 317 307 298 290 289 262 231 235 238 239
 230 220 209 217 204 171 169 170 161 120  99  92  86  90 104 105 121 112
 122 143 207 208 214 219 227 251 247 221 232 241 254 236 248 275 287 292
 308 309 321 325 294 260 268 252 223 176 192 188 175 145 144 109 108  67
  56 471 483 482 472 479 478 477 476 475 474 520 519 521 527 526 525 522
 524 530 533 523 529 531 532 535 534 536 537 538 539 540 541 542 552 651
 650 649 652 653 654 655 626 568 569 571 572 575 579 585 584 583 576 577
 573 574 578 582 581 586 589 600 598 279 592 306 331 330 319 336 343 354
 360 355 356 337 607 610 606 605 601 595 608 612 611 602 597 596 591 594
 588 587 590 593 599 603 604 609 614 621 623 625 624 619 613 615 616 617
 618 620 622 408 427 426 393 381 383 380 375 418 428 417 411 382 392 429
 434 433 432 386 350 342 225 215 157 165 187 140 132 115 117 141   5   6
  78  79  64  60  53   7   9   8   4   3   2   1  10  11  12  24  21  28
  40  55  70 470 152 160 528 642 643 644 646 645 647 648 627 656 245 265
 316 211 240 210 237 269 399 438   0]
Value - initial: 277278214, final: 14393149, improveup: 19.2645969273

data-line;i;277278214;f;14393149;t;11.7147650719;c;-2;fv;[14393149L];cv;-1;imp;19.2645969273;type;rvnd;inum;5;w;1

time;11.7147650719;man_time;0;neigh_time;0
man_time;0;man_merge_sol;0;man_best_sol;0;man_combine_sol;0

Waiting [0]
Terminating workers True 0 0
MPI TERMINATING
