pydf_home: /home/rodolfo/git/Sucuri
simple_pycuda_home: /home/rodolfo/git/simple-pycuda
wamca2016path: /home/rodolfo/git/wamca2016/
localpath: /home/rodolfo/git/dvnd-df/code/dvnd-df/src/
WAMCAPATH:/home/rodolfo/git/wamca2016/
param: {solution_index:4, solution_instance_index:93, multi_gpu:True, goal:False, problem_name:ml, number_of_moves:10, device_count:2, solver:rvnd, mpi_enabled:True, workers:1}
Using already created file:  wamca2016lib.so
Size: 501 - file name: 05_TRP-S500-R1.tsp

Value - initial: 33607548-[217 112 158 487  90 283  32 177 155 352 438 407  36 363 123 459  13 483
 109 466 183 449 490 286 288 367 247 258 450 447  48 149 337 179 103 287
  81  52 160 280 298  33 380   8 182 161 277 113 281 475  66 467 412   7
 148 445 159  15 104 376 371 349 254 121 324 257  71 102 278 219 150 256
  75 174 190 274 456 309 244 110 402 241 414 228 443  19 491  17 329 411
  35 194 375 323  56 172 272 239 262 423 126 471  14 218 137 213 480 346
 200 233  41 270 211 473 302 470  62  86 409 138  16 143 359  27 315 304
 373 116 282 469 100 463  31 320 489 268 293 106  24 252  21 446  77 210
 405 321 129 387 439 430 461   6 390 351 165 290 261  45  23 178 493 353
 362 419  37 429  63 209  18  39 266  70  72   5 396 478 305 484 401 312
 250 237  91 169 127 406  78 260 468 336 202 360  80  88 378  54   0 313
 460 223 232 379  64 458 207 292 144 249 234  49 307  30 393 345 180  99
 224 289 395 216 314 118  69 328 368  20 136 451 317 263 125 173 397 184
 204 303 198 251 167 366 364 356 156 308 108  34  40 145 462 115 325 417
 415 435 358 248 269 398 166 400 132 361 163 119 482 341 424 153 152 420
  84  76 134 176 168  82 242 457 189 318 208 255 497 297  60 421  46  50
 498 335 334   2 220 316 311 271 310 485 227 221 133 369  59 436 199 496
 279 120   4  93 433 330 284 452 171 259 142  22 331 391  96 300  94 285
 135 154 464  12 319 403 299 432 146 151 437 365 382  11 195 440 306 339
 499 333  25 479 377 410 236 488 101 357  65 185 416 105 131 418 372 465
 128 196  57 273 389 295 117 347 141 139  68 327 425 343 107 197 240  38
 481 326   3 474 122 350 394  58 374 147 253  83 246 187  55 441 385 444
 338 476 222 238 408 267 322 193 243  61 214 294 170 296 231  44 448 427
 442 157 192 386  97 114  73  51 111 181 477  89 426 245 206 264  67  26
 291 205  53   1 388 472 301 399 265 486 226 230  43 348 276 383 130 404
 500  47 175 434 229 492  10 332 431  42  28  29 392 495 191 186 203  79
 212 454 140 188  87 413 354 344 453 370  85 124 455   9 384 340 164 428
  92 422 235 201 275  95 342 381 355 225 162  74  98 494 215] - 33607548
Solver: RVND, number of workers: 1
Setting feeder affinity
I am the master. There are 1 mpi processes. (hostname = gpu01)
Roots [<pyDF.nodes.Feeder object at 0x7fbb50fbead0>]
Starting 0
Main loop
I am worker 0
GPU0
set random seed!
Initial: 33607548-[217 112 158 487  90 283  32 177 155 352 438 407  36 363 123 459  13 483
 109 466 183 449 490 286 288 367 247 258 450 447  48 149 337 179 103 287
  81  52 160 280 298  33 380   8 182 161 277 113 281 475  66 467 412   7
 148 445 159  15 104 376 371 349 254 121 324 257  71 102 278 219 150 256
  75 174 190 274 456 309 244 110 402 241 414 228 443  19 491  17 329 411
  35 194 375 323  56 172 272 239 262 423 126 471  14 218 137 213 480 346
 200 233  41 270 211 473 302 470  62  86 409 138  16 143 359  27 315 304
 373 116 282 469 100 463  31 320 489 268 293 106  24 252  21 446  77 210
 405 321 129 387 439 430 461   6 390 351 165 290 261  45  23 178 493 353
 362 419  37 429  63 209  18  39 266  70  72   5 396 478 305 484 401 312
 250 237  91 169 127 406  78 260 468 336 202 360  80  88 378  54   0 313
 460 223 232 379  64 458 207 292 144 249 234  49 307  30 393 345 180  99
 224 289 395 216 314 118  69 328 368  20 136 451 317 263 125 173 397 184
 204 303 198 251 167 366 364 356 156 308 108  34  40 145 462 115 325 417
 415 435 358 248 269 398 166 400 132 361 163 119 482 341 424 153 152 420
  84  76 134 176 168  82 242 457 189 318 208 255 497 297  60 421  46  50
 498 335 334   2 220 316 311 271 310 485 227 221 133 369  59 436 199 496
 279 120   4  93 433 330 284 452 171 259 142  22 331 391  96 300  94 285
 135 154 464  12 319 403 299 432 146 151 437 365 382  11 195 440 306 339
 499 333  25 479 377 410 236 488 101 357  65 185 416 105 131 418 372 465
 128 196  57 273 389 295 117 347 141 139  68 327 425 343 107 197 240  38
 481 326   3 474 122 350 394  58 374 147 253  83 246 187  55 441 385 444
 338 476 222 238 408 267 322 193 243  61 214 294 170 296 231  44 448 427
 442 157 192 386  97 114  73  51 111 181 477  89 426 245 206 264  67  26
 291 205  53   1 388 472 301 399 265 486 226 230  43 348 276 383 130 404
 500  47 175 434 229 492  10 332 431  42  28  29 392 495 191 186 203  79
 212 454 140 188  87 413 354 344 453 370  85 124 455   9 384 340 164 428
  92 422 235 201 275  95 342 381 355 225 162  74  98 494 215]
Final time: 5.87945699692s - Best: 2012923-[217  84  80 463 113  48  32 469  41 486  83   7 445 356   5 236 142 112
 193  88 419 382 431 181  82 358 416 345 221 421 496 325  67 480 300 384
 114  17   1  74 427 408 359 132 103 240 378  10 368 124 277 210 326 352
  35 379  13 194 500 242 234 442 462 283  11 314 401  24 465 456 371  34
 476 267 188 289  37 244 491  27 441 225  51 316 115 471 228 159 197 490
 101 264 220 259 143 125 398 110  85  31 105 331 483 214  47  29 389 209
  77 396 100 118 261 319 383  28 182  45 347  60 324 162 311 450 369 377
 488   2 168  50 170  92  36 434 119 459   4 223  30 410 175 385 138  65
 440  15  96 177 201 157 467 430 494 288 255 190  95 448 485 141 354 207
 365 487  25  90 187 473 475 392 455 147 405 108 260 428 355 145 334 151
 133 492 298 245 370 274 333  75 227 250 126 205 426 312 161 391 484  14
 388  68 308  72 212 302 268 336 386 332  94 102 460 479 211 233 451 301
  44 373 330 380 216 208 109 204 215 447 411  16 403 160 439 129 239 226
 457 381 238 265  69 281 203 290  99  93 307 155 466  89  12 275  70 251
 140 453  42 163 309  55 185 285  43 202 299 278  21 413 123  91 444 171
 276 282 224 149   8 390 310 360 164 135 106 258 321 353 287 198 121 169
  59 339 111  39 246 232 146  38 436 174 364  71 464 158 195 394  76 346
 468 422 437 361  56 495 241 461 493 429 397 498 374 323 327  63 271 150
 452 235  18   0 270 229 489 296 280 317 478 137 263 313 104 272 192  86
 376 139 292 297 328 196 372 349 387 279 179 116 344 303 348  19 243  73
 417  78 166  98 186 363 257  46 454 482 127 256 375 231 249 342  23 107
  53 153 400 424 315 173 399 130 446 474   9 472 199 122 340 443 291 432
 269 407 191 165 435 367 254  57 404 253 156 402 294  20 128  54 329 284
 458 449 350 415 338 295 131 273   3 393 167 117 481 305 351  33 136 470
  22 200 335 172 213 286 337 341 414 219 343 433 406  58 206  40 252 357
 180 499  66 189  26 425 418  64 183 318 409 176 497  87  81 362  62 420
 266 230 154 184 320  61 222 262 395 152 438   6 248  52 293 306 304 237
  97  79 412 218 120 322 477 148  49 366 178 247 134 423 144]
Value - initial: 33607548, final: 2012923, improveup: 16.6958934843

data-line;i;33607548;f;2012923;t;5.87945699692;c;-2;fv;[2012923L];cv;-1;imp;16.6958934843;type;rvnd;inum;4;w;1

time;5.87945699692;man_time;0;neigh_time;0
man_time;0;man_merge_sol;0;man_best_sol;0;man_combine_sol;0

Waiting [0]
Terminating workers True 0 0
MPI TERMINATING
