pydf_home: /home/rodolfo/git/Sucuri
simple_pycuda_home: /home/rodolfo/git/simple-pycuda
wamca2016path: /home/rodolfo/git/wamca2016/
localpath: /home/rodolfo/git/dvnd-df/code/dvnd-df/src/
WAMCAPATH:/home/rodolfo/git/wamca2016/
param: {solution_index:3, solution_instance_index:69, multi_gpu:True, goal:False, problem_name:ml, number_of_moves:10, device_count:2, solver:rvnd, mpi_enabled:True, workers:1}
Using already created file:  wamca2016lib.so
Size: 318 - file name: 04_lin318.tsp

Value - initial: 92102817-[209  88  25  85 105 184 138 302   0 172 274  21 227 225  58  92  79 236
 122 264 147 267  20 269 203 124 148 258 208 133   5 287 266 290 271 196
  38  89 261  36 244 313  46 297  99  93 294  49 116 255 276  70  55 262
 164 217 250 301 306 119 117 309 183 252 317 303 315  12 212 125 121 104
  30   2 277 109 132   1  81 211 169 170  83  24  13  63 298  29 129  50
 163 237 186 130 312 295 110  43  31 145 113 280 179 200 241 229 180  87
   3  75 256 198 293   6 134  67 191 161 108 193 127 311  78  35 215   8
 160 239 259 219 182   7  14  39 135 177 316  90 152 270  68 218 159 273
 245 248   9  84 111 102 247  59 188 174  15 224  95 240  23 308 260 232
  17  94 156 234 128 100  37 281 278  64 115 144  97  62 175 151 216 192
 283 136 307 242 213  34 210 207 284 233 201 162 197 268 154  45  48  16
  65 305 185 202  51 243  86 206 126 153  40 103 140 254 275 187  73  54
  72  57 190 257 107  22 251 288 205 167 296 253 142 199 223  26 131  98
  80 112 166  28  69 114 181  61 286 171 246 289 176  18  96 195  60 300
 291 189 123  41  66 157 228  52 282  56 106  32 178 235 263 214 173 220
  47 304 101 194 165  19 149 146 150 272 314 310 120 299 118 143  76 204
   4 158 285  44 168 238  91  10 222 221 279 226 230  71  33 137 139  74
 141 265 155 231 292  53  77 249  42  11  27  82] - 92102817
Solver: RVND, number of workers: 1
Setting feeder affinity
I am the master. There are 1 mpi processes. (hostname = gpu01)
Roots [<pyDF.nodes.Feeder object at 0x7f37bc6c5ad0>]
Starting 0
Main loop
I am worker 0
GPU0
set random seed!
Initial: 92102817-[209  88  25  85 105 184 138 302   0 172 274  21 227 225  58  92  79 236
 122 264 147 267  20 269 203 124 148 258 208 133   5 287 266 290 271 196
  38  89 261  36 244 313  46 297  99  93 294  49 116 255 276  70  55 262
 164 217 250 301 306 119 117 309 183 252 317 303 315  12 212 125 121 104
  30   2 277 109 132   1  81 211 169 170  83  24  13  63 298  29 129  50
 163 237 186 130 312 295 110  43  31 145 113 280 179 200 241 229 180  87
   3  75 256 198 293   6 134  67 191 161 108 193 127 311  78  35 215   8
 160 239 259 219 182   7  14  39 135 177 316  90 152 270  68 218 159 273
 245 248   9  84 111 102 247  59 188 174  15 224  95 240  23 308 260 232
  17  94 156 234 128 100  37 281 278  64 115 144  97  62 175 151 216 192
 283 136 307 242 213  34 210 207 284 233 201 162 197 268 154  45  48  16
  65 305 185 202  51 243  86 206 126 153  40 103 140 254 275 187  73  54
  72  57 190 257 107  22 251 288 205 167 296 253 142 199 223  26 131  98
  80 112 166  28  69 114 181  61 286 171 246 289 176  18  96 195  60 300
 291 189 123  41  66 157 228  52 282  56 106  32 178 235 263 214 173 220
  47 304 101 194 165  19 149 146 150 272 314 310 120 299 118 143  76 204
   4 158 285  44 168 238  91  10 222 221 279 226 230  71  33 137 139  74
 141 265 155 231 292  53  77 249  42  11  27  82]
Final time: 2.94134807587s - Best: 6341836-[209 168 177 180 184 183 181 176 171 172 175 182 186 187 188 189  86  87
  89  88  85  83  84  82  81  77  70  67  66  71  76  78  72  75  79  80
  74  73  68  69  60  59 163 160 159 154 152 149 148 151 155 158 161 162
 157 156 150 147 145 146 141 140 130 129 122 121 120 123 128 131 124 127
 132 134 135 136 133 126 125 207 119 115 114  12  13  16  15  11  19  22
  27  26  23  18  17  24  25  35  36  41  40  42  45  51  52  57  43  46
  50  53  56 104  58  55  54  49  47  44  48  39 103  32  31  30  29  28
  21  20 102  14  10   9   6   5   1   0   2   7   8   4   3 111 110 106
 105 107 112 113 118 117 220 219 216 215 109 108 211 210 212 217 218 226
 225 227 234 235 236 233 228 237 232 229 312 224 230 231 238 239 240 241
 138 139 143 142 249 258 254 257 259 264 265 266 263 260 256 253 250 251
 252 255 261 262 267 271 272 270 269 274 275 279 278 283 284 290 289 285
 282 281 286 288 293 294 292 291 287 280 277 276 273 314 268 164 165 167
 166 173 178 179 185 174 192 191 300 301 305 306 310 311 204 198 199 203
 202 194 193 190 197 200 201 205 206  99  94  93 196 195  64  65  62  61
  38  37 153 144 208 170 169 295 302 298 299 307 308 309 304 303 297 296
 317 248 247 244 243 223 222 213 214 221 242 245 246 313 116 137  33  34
 315 316  63  90  91  95  96 100 101  92  97  98]
Value - initial: 92102817, final: 6341836, improveup: 14.5230524725

data-line;i;92102817;f;6341836;t;2.94134807587;c;-2;fv;[6341836L];cv;-1;imp;14.5230524725;type;rvnd;inum;3;w;1

time;2.94134807587;man_time;0;neigh_time;0
man_time;0;man_merge_sol;0;man_best_sol;0;man_combine_sol;0

Waiting [0]
Terminating workers True 0 0
MPI TERMINATING
