pydf_home: /home/rodolfo/git/Sucuri
simple_pycuda_home: /home/rodolfo/git/simple-pycuda
wamca2016path: /home/rodolfo/git/wamca2016/
localpath: /home/rodolfo/git/dvnd-df/code/dvnd-df/src/
WAMCAPATH:/home/rodolfo/git/wamca2016/
param: {solution_index:6, solution_instance_index:18, multi_gpu:True, goal:False, problem_name:ml, number_of_moves:10, device_count:2, solver:rvnd, mpi_enabled:True, workers:1}
Using already created file:  wamca2016lib.so
Size: 783 - file name: 07_rat784.tsp

Value - initial: 69081641-[386 249 533 776  81 630 530 104 243 194 668 760 107 105 373 772 417 155
  66 488 346 551 410 393 774 146 396 440  19 198 528 646 358 682 115 337
 295 310 486 158 730 526 444 276 296 568 160 453 330 598 768 216 348 399
 232 236 134 470 205 634 168 156 472 239  74 697 738 587 581 342 717 578
 749 596 540 712 300 446 179 702   9 552 263 454 510 505 736 248 689 190
 247  38 375 238  60 715  49 244 478  64 369   7 479 750 328 781 766 473
 383  33 604 307 421 584 224 140 390 515 189 157  55 641  12 561 114 246
 210 638 553 136 520  16 629 200  50  63 209 407 170  17 434 336  86 175
 731 382 379 490 673 335 441 534 469 560 734  89 395 365  10 666 643 589
 443 493 704 275 222 233 363  62  88 356 659 777   0 481 700 455 562 637
 334 320 624 762 109 317  85 705 603 690 288 676 112 782 525 684 274 201
 108 329  71 698 607  44 374  99 548 385 117 234 550 100 321 672 743 314
 492 628 318 496 408 495 437 166 737 477 543 445 127 319 451 609 759 464
 268 132 169 345 457 438 483 605 703 250 696 713 302  58 340  75 563 556
 281  93  11 392 145 389 174 230 384 301  68  84 150 182  43 144 124 448
 522 482 707 378 575 468 608 599 359 181 400 701 171 119 339 116 349   5
 289  95 591  26 588 113 727 125  14 503 305 380 708 662  18 507 514 425
  83 529 757 640 161 721 153 610 293  97 670 191 780 761 590 740 655 185
 583 576 709 725 517 527  45 597 494 764 163 267 466 371 322 732 227  91
 123 199 187 642 411  37 120 154 531 368 184 681 724 406 660 523 508 419
 149 279 245 692 240  40 128 769 311  90 131 277 626  56 398 273 257  48
 343  67 541  77 518 360 572 225 747 504 401 502 298  79 735 611  39 475
 616  54 152 370 718 294 621  15  31 511 627 513 656 452 594 283 535 573
 376 650  24 710 297 433 506 754 771 465 449 415 226  27 323 677 357  29
 212  78 110 180 471 436 639 388 193  36 344 620 741 450 645 566 206 536
 565 615  35 569 671  13 255 699 285 498  70  25 512 686 467 403 462 377
 480  92 631  69 657 429  57 564 474  46 271 651 658 706  53 559 292 391
 728   2  98 223 674 259 195 613 746 669 763 570 549 678 423 612 487 720
  52 253 165 439 139 211 192 542 547 595 557 402 585 354 545 538 252  42
 235 242 172 159 208 635 539 338 312 694 765 491 265  23 299 574 653 203
 537 219 427 632  51   4 241 752 122 756 577 426 173 151 381 217 341 622
 221 654 129 648 304 351 420 303 775  87 519 251 456 500 636 183 623   1
  41 176 593 733 644 516 352 606 207 353 405 758 755 306 284 325 716 661
 509 106 101 691  21 269  28 667 723 272 497 422 463 188 121 579 428 649
 256 663 397 197 167 714 137 680 178 461 162 460 254 617 770 647 229 361
 261 177 394 270 499 416 753   8  32 264 138 601 148 228 544 355 282 484
 554 442 213  72 619 315 362 675 404  82 387 412 141 372 290 215  20 501
  59 580 327 214 711 614 202 773 679 767 409 142 347 164 683 308 567 447
 220 600 652 687 432 102 103 280 133  96 135 558 665 313 693 332 742 316
  22 130  94 364 476 278 633 258  73 324 196 111 719 664 695 366 186  30
 237 431 729 582 424  65 726  47   6 489 524 748 625 262 126 430 739  61
 532 435 751 418 413 309 485 685 287 414 331 333 286 118 260 592 459 722
 291 143  34 204 555 745 744 602  76 231   3 571 546 458 521 779 618 586
 218 350 688 326 147 778 266  80 367] - 69081641
Solver: RVND, number of workers: 1
Setting feeder affinity
I am the master. There are 1 mpi processes. (hostname = gpu01)
Roots [<pyDF.nodes.Feeder object at 0x7fb6dfafead0>]
Starting 0
Main loop
I am worker 0
GPU0
set random seed!
Initial: 69081641-[386 249 533 776  81 630 530 104 243 194 668 760 107 105 373 772 417 155
  66 488 346 551 410 393 774 146 396 440  19 198 528 646 358 682 115 337
 295 310 486 158 730 526 444 276 296 568 160 453 330 598 768 216 348 399
 232 236 134 470 205 634 168 156 472 239  74 697 738 587 581 342 717 578
 749 596 540 712 300 446 179 702   9 552 263 454 510 505 736 248 689 190
 247  38 375 238  60 715  49 244 478  64 369   7 479 750 328 781 766 473
 383  33 604 307 421 584 224 140 390 515 189 157  55 641  12 561 114 246
 210 638 553 136 520  16 629 200  50  63 209 407 170  17 434 336  86 175
 731 382 379 490 673 335 441 534 469 560 734  89 395 365  10 666 643 589
 443 493 704 275 222 233 363  62  88 356 659 777   0 481 700 455 562 637
 334 320 624 762 109 317  85 705 603 690 288 676 112 782 525 684 274 201
 108 329  71 698 607  44 374  99 548 385 117 234 550 100 321 672 743 314
 492 628 318 496 408 495 437 166 737 477 543 445 127 319 451 609 759 464
 268 132 169 345 457 438 483 605 703 250 696 713 302  58 340  75 563 556
 281  93  11 392 145 389 174 230 384 301  68  84 150 182  43 144 124 448
 522 482 707 378 575 468 608 599 359 181 400 701 171 119 339 116 349   5
 289  95 591  26 588 113 727 125  14 503 305 380 708 662  18 507 514 425
  83 529 757 640 161 721 153 610 293  97 670 191 780 761 590 740 655 185
 583 576 709 725 517 527  45 597 494 764 163 267 466 371 322 732 227  91
 123 199 187 642 411  37 120 154 531 368 184 681 724 406 660 523 508 419
 149 279 245 692 240  40 128 769 311  90 131 277 626  56 398 273 257  48
 343  67 541  77 518 360 572 225 747 504 401 502 298  79 735 611  39 475
 616  54 152 370 718 294 621  15  31 511 627 513 656 452 594 283 535 573
 376 650  24 710 297 433 506 754 771 465 449 415 226  27 323 677 357  29
 212  78 110 180 471 436 639 388 193  36 344 620 741 450 645 566 206 536
 565 615  35 569 671  13 255 699 285 498  70  25 512 686 467 403 462 377
 480  92 631  69 657 429  57 564 474  46 271 651 658 706  53 559 292 391
 728   2  98 223 674 259 195 613 746 669 763 570 549 678 423 612 487 720
  52 253 165 439 139 211 192 542 547 595 557 402 585 354 545 538 252  42
 235 242 172 159 208 635 539 338 312 694 765 491 265  23 299 574 653 203
 537 219 427 632  51   4 241 752 122 756 577 426 173 151 381 217 341 622
 221 654 129 648 304 351 420 303 775  87 519 251 456 500 636 183 623   1
  41 176 593 733 644 516 352 606 207 353 405 758 755 306 284 325 716 661
 509 106 101 691  21 269  28 667 723 272 497 422 463 188 121 579 428 649
 256 663 397 197 167 714 137 680 178 461 162 460 254 617 770 647 229 361
 261 177 394 270 499 416 753   8  32 264 138 601 148 228 544 355 282 484
 554 442 213  72 619 315 362 675 404  82 387 412 141 372 290 215  20 501
  59 580 327 214 711 614 202 773 679 767 409 142 347 164 683 308 567 447
 220 600 652 687 432 102 103 280 133  96 135 558 665 313 693 332 742 316
  22 130  94 364 476 278 633 258  73 324 196 111 719 664 695 366 186  30
 237 431 729 582 424  65 726  47   6 489 524 748 625 262 126 430 739  61
 532 435 751 418 413 309 485 685 287 414 331 333 286 118 260 592 459 722
 291 143  34 204 555 745 744 602  76 231   3 571 546 458 521 779 618 586
 218 350 688 326 147 778 266  80 367]
Final time: 29.2893638611s - Best: 3424037-[386 381 389 400 422 428 435 444 451 452 457 465 483 484 485 491 507 511
 516 538 539 546 530 517 518 512 494 472 459 448 423 419 407 408 409 392
 376 369 371 390 410 417 416 418 430 438 434 440 468 469 463 475 493 495
 496 521 523 513 492 488 479 473 445 431 414 413 399 401 380 385 379 374
 359 353 335 329 321 302 291 252 250 261 274 256 243 228 227 220 225 212
 200 182 187 196 190 188 202 191 177 173 165 167 169 176 180 193 198 192
 170 134 133 148 141 121 113 108 105 100  78  83  86  74  65  72  90 103
 112 130 131 140 129 128 143 123 120 125 149 164 163 181 208 210 211 218
 224 205 189 168 162 139 127 107 104 101  98  84  67  85  81  61  49  60
  58  70  63  76  73  88  94 111 115 132 136 142 175 178 197 199 216 231
 232 249 268 280 289 299 306 320 332 344 346 349 352 345 331 315 305 290
 298 285 266 255 242 223 207 201 203 186 160 151 150 155 161 183 195 194
 221 226 230 247 248 273 277 272 254 245 238 235 241 265 269 276 275 293
 316 318 326 334 343 357 365 388 391 404 421 432 425 429 455 476 482 490
 499 514 528 551 563 562 565 577 587 598 612 618 616 627 620 606 586 602
 608 621 635 629 645 650 665 668 683 660 648 656 680 674 659 643 640 633
 626 611 589 597 596 578 568 560 561 553 550 533 529 525 532 547 559 575
 567 579 585 593 610 625 623 639 637 647 651 658 670 678 684 679 689 705
 704 708 687 677 664 671 682 696 703 724 733 737 746 760 771 764 759 744
 735 731 742 738 721 697 690 691 712 706 718 736 753 754 772 773 765 747
 739 725 720 719 698 694 685 709 699 700 688 652 653 661 649 663 672 692
 726 729 730 745 740 722 715 707 701 723 741 751 755 763 781 782 774 770
 766 752 743 728 711 710 713 716 727 714 702 695 693 675 673 666 667 669
 662 686 681 676 657 655 642 646 636 615 605 603 614 628 631 641 617 609
 638 630 632 613 600 599 590 583 576 569 564 557 574 570 571 552 558 572
 580 592 581 591 594 607 624 622 619 601 584 582 573 566 531 544 548 545
 549 537 509 502 522 515 503 489 478 480 470 460 461 443 441 427 420 398
 412 403 405 393 366 356 354 340 328 313 314 284 279 264 263 246 244 240
 251 260 278 283 295 296 303 308 297 319 323 333 330 341 361 377 378 368
 373 395 397 411 426 446 453 450 467 477 497 501 508 524 527 543 536 519
 487 474 464 449 439 402 387 384 367 360 348 336 337 309 307 287 270 271
 262 259 282 281 286 300 311 317 325 350 347 339 363 372 382 415 433 436
 447 458 486 526 542 541 540 555 534 535 520 504 506 500 466 456 462 454
 437 442 424 406 396 383 362 351 358 355 342 327 301 312 304 288 234 214
 215 185 179 171 138 116 122 146 154 159 152 135 119 110 106  99  79  69
  80  66  45  40  36  44  56  51  48  55  24  14   0  16  22   1   6  17
  46  52  57  64  82  93  97  75  62  47  38  28  32  11   8   9   2   4
  18  29   7  19  35  30  34  21  13  31  15  20  25  26  23  27  33   3
  10  12   5  39  37  42  59  54  43  50  41  53  71  91 102 117 137 156
 172 158 166 153  92  68  77  89  95 118 147 144 157 206 213 217 233 253
 237 222 219 209 236 294 310 375 364 370 338 322 324 292 267 257 258 239
 229 204 174 126 114 109  96  87 124 145 184 394 471 481 498 510 505 595
 644 654 717 734 757 758 756 767 778 776 761 762 769 779 780 750 749 748
 732 775 777 768 556 604 588 634 554]
Value - initial: 69081641, final: 3424037, improveup: 20.175494891

data-line;i;69081641;f;3424037;t;29.2893638611;c;-2;fv;[3424037L];cv;-1;imp;20.175494891;type;rvnd;inum;6;w;1

time;29.2893638611;man_time;0;neigh_time;0
man_time;0;man_merge_sol;0;man_best_sol;0;man_combine_sol;0

Waiting [0]
Terminating workers True 0 0
MPI TERMINATING
