pydf_home: /home/rodolfo/git/Sucuri
simple_pycuda_home: /home/rodolfo/git/simple-pycuda
wamca2016path: /home/rodolfo/git/wamca2016/
localpath: /home/rodolfo/git/dvnd-df/code/dvnd-df/src/
WAMCAPATH:/home/rodolfo/git/wamca2016/
param: {solution_index:3, solution_instance_index:24, multi_gpu:True, goal:False, problem_name:ml, number_of_moves:10, device_count:2, solver:rvnd, mpi_enabled:True, workers:1}
Using already created file:  wamca2016lib.so
Size: 318 - file name: 04_lin318.tsp

Value - initial: 95733221-[ 88 107  71 237 295   4 293  36 171 113  47  89 181 212  42 242  29 152
 251 197 280  20 167 218  78 144 233 206  63  12 289  50  11  53 196 258
 267 120 128 202 130 161  90 230  43 175  19 301 140 276 292 259  35  15
  18 226 131 111 232  73 101  41 121 264 189 115 203 272 229 255 170 100
 177 268 304 180  79 117  52 122 150 208 305  57 149  13 290 204 138  30
  59 279 129 262 257  54   5 216 244 270 253 241  98  16 252 165 119  77
 260 306  80 236 205 302 269 316 201 248 109  56 298 193 123  17  46  82
  99 160 223 239   9 146 210  26  48 141  49   0 174 312  25 297 273  91
 311 246 243  65 215 116  37 188 222 263  67 172  14 142  66 110 124 224
  83 135  68 307 127  40  27 219  22  21 211 153 294  62  34 157 317  74
 151 300  72 286 254  86 162 271 277  69 282 186 200 288 314 275 103 284
 169  44 287 106 179 158  51 225 134  85  87 309 125  84 234 191 274 291
 313 185  95 214 195 256 176 192 154  55 283 261  58 228 221 217 132 182
 250 102 194   7  45 190 310 168 265 278  60 143 178 281 266 147  33 235
 207  24 299 159 187 238  61  64   6 209 227 155 245 136   2 303  70 296
   3  81 137 118  76 108 139  28 198  93  39   1 240 145 173 199 213  92
  23 315 105 231 308  94 133  31 166 249   8 184 247  32 114  97 164  38
  96 126  10 156 104 163 112 148  75 285 220 183] - 95733221
Solver: RVND, number of workers: 1
Setting feeder affinity
I am the master. There are 1 mpi processes. (hostname = gpu01)
Roots [<pyDF.nodes.Feeder object at 0x7f57cd93fad0>]
Starting 0
Main loop
I am worker 0
GPU0
set random seed!
Initial: 95733221-[ 88 107  71 237 295   4 293  36 171 113  47  89 181 212  42 242  29 152
 251 197 280  20 167 218  78 144 233 206  63  12 289  50  11  53 196 258
 267 120 128 202 130 161  90 230  43 175  19 301 140 276 292 259  35  15
  18 226 131 111 232  73 101  41 121 264 189 115 203 272 229 255 170 100
 177 268 304 180  79 117  52 122 150 208 305  57 149  13 290 204 138  30
  59 279 129 262 257  54   5 216 244 270 253 241  98  16 252 165 119  77
 260 306  80 236 205 302 269 316 201 248 109  56 298 193 123  17  46  82
  99 160 223 239   9 146 210  26  48 141  49   0 174 312  25 297 273  91
 311 246 243  65 215 116  37 188 222 263  67 172  14 142  66 110 124 224
  83 135  68 307 127  40  27 219  22  21 211 153 294  62  34 157 317  74
 151 300  72 286 254  86 162 271 277  69 282 186 200 288 314 275 103 284
 169  44 287 106 179 158  51 225 134  85  87 309 125  84 234 191 274 291
 313 185  95 214 195 256 176 192 154  55 283 261  58 228 221 217 132 182
 250 102 194   7  45 190 310 168 265 278  60 143 178 281 266 147  33 235
 207  24 299 159 187 238  61  64   6 209 227 155 245 136   2 303  70 296
   3  81 137 118  76 108 139  28 198  93  39   1 240 145 173 199 213  92
  23 315 105 231 308  94 133  31 166 249   8 184 247  32 114  97 164  38
  96 126  10 156 104 163 112 148  75 285 220 183]
Final time: 4.04259300232s - Best: 6132587-[ 88  85  78  76  71  83  84  82  81  77  70  67  66  63  72  75  79  80
  74  73  68  69  87  86 189 188 187 186 182 175 172 171 176 181 183 177
 180 184 185 179 178 173 174 170 169 276 277 280 287 291 292 293 288 286
 281 282 285 289 290 284 283 278 279 272 271 267 262 261 266 263 260 256
 253 255 252 250 251 246 245 242 241 240 239 237 232 229 312 238 231 230
 224 220 219 216 215 211 210 108 109 113 112 107 105 106   3   4 110 111
 114 115  12  13  16  15  17  24  25  26  23  18  27  22  19  11   2   0
   1   5   6   9  10  14 102  20  21  28  29  30  31  32 103  43  46  50
  53  56  47  44  39  48  49  54  55  58 104  61  62  57  52  51  45  42
  40  41  35  36  34  33 136 135 134 133 126 125 119 207 124 127 132 137
 131 128 123 120 121 122 129 130 140 141 146 145 147 150 156 157 162 161
 158 155 151 148 149 144 153 152 154 159 160 163 209 168 190 195 196  93
  94  99 206 205 201 200 197 202 203 199 198 204 311 310 306 305 301 300
 192 191 294 295 273 314 268 265 264 259 257 254 258 249 142 143 139 138
 236 233 228 235 234 227 225 226 217 218 214 213 222 223 243 244 247 248
 317 269 270 274 275 296 297 303 304 309 308 307 299 298 302 194 193  98
  97 101 100  96  95  91  90  92  89  65  64  60  59 166 167 165 164 313
 221 212 117 118 116 208  37  38   8   7 315 316]
Value - initial: 95733221, final: 6132587, improveup: 15.6105769066

data-line;i;95733221;f;6132587;t;4.04259300232;c;-2;fv;[6132587L];cv;-1;imp;15.6105769066;type;rvnd;inum;3;w;1

time;4.04259300232;man_time;0;neigh_time;0
man_time;0;man_merge_sol;0;man_best_sol;0;man_combine_sol;0

Waiting [0]
Terminating workers True 0 0
MPI TERMINATING
