pydf_home: /home/rodolfo/git/Sucuri
simple_pycuda_home: /home/rodolfo/git/simple-pycuda
wamca2016path: /home/rodolfo/git/wamca2016/
localpath: /home/rodolfo/git/dvnd-df/code/dvnd-df/src/
WAMCAPATH:/home/rodolfo/git/wamca2016/
param: {solution_index:6, solution_instance_index:62, multi_gpu:True, goal:False, problem_name:ml, number_of_moves:10, device_count:2, solver:rvnd, mpi_enabled:True, workers:1}
Using already created file:  wamca2016lib.so
Size: 783 - file name: 07_rat784.tsp

Value - initial: 68501485-[524 164 411 113 109 502  95 731 450 730  78  74 314 103 572 414 403 320
 744 273 584 303 733 357 352 189 225 708 670 457 359 591 608 573 186 545
 293 358 253 122  66 689 378 693 657 681 211 333  76 707 121 739 717 467
 199 248 305 577 149  14 546 377 202 136   9 602  13 641 756 486 513 459
 431 448 297 102  28 312 567 220 393  27 315  75 660 421   4 594 148 540
 182 329 123 351 505 226  33 129 451 318 663 552 509  87 285 432 606 196
 461 597 366 363 465  20 510 694 354 559 592 652 153   7 214 472 722 239
 535  64 311 473 269 635 207 208  18 276  69  60 570  21 147 247 579  65
 538 768 491 384 307 484 416 516 381 714 674 389 658 281 404  68 605 224
 418 551 530  86 743  24 301 360 446 287 355  55 542  88 134 712 362 759
  49 241 135  29   2 499 437 383 291 183  15 252 100  92 434 137 690 494
 765 688 711 397 596 447  99 582 348 423 278  72 496 107 519 194 395 612
 749 713 761 206 593 296 548 238 218 568 419 394 453 617 231 222 631 428
 427 636 703 525 623 557 566 464 112 561 610 365 374 250 737 619 308  96
 682  56 191 141 732 773 463 710 254 745  94 483 155  62 661 686 599 128
 410 260 633 396 264  77  52 452 228 289 197 485 471 646 140 259 539 595
 114 750 734 327 168 531 376 754 332 727 474 624 108  84  11 439 230  81
  85 391 279 190 262 399 346 175 119 110 341 772 316 126 777 298 621 188
 586 526  54 603 339 628 576 424 131  67 779 678 165 321 677 675   1 719
 701 665 180 310 125 116 440 528 625  16 392 724 171 382 697 687  47 490
 487 533 669 170 767 650 609 243 752 763 255 555 426 412 295 667 138 527
  53 430 613 655 751 118 601  10 569 367 521 571 436 481 244 246 615 387
 529 104 132 720 671 587  25  45 460 517 662 256 407 495  42 294 543 370
 177 203 210  79 644 336 219  91 736 504 695  17 371 300 215 198 679 762
  22 778 458 666 643 271 192 781 159   5 741 549 503 181 449  34 488 277
 550 286 614 306  93 380 335 554 520 356 167 627 267 200  89  57 288 195
 709 299 213 648 435 629 266 445 401 124 187 117 420 385 479 343 209 338
 158 130 302 413 139 337 581 342 684 429 173  26 323 156 562 400  90 249
 637 728 402 683 475 589 386 673 344 237 639 642 659 283  50 523  46 120
 172 268 563 157 150 770 349 604 726 541 560 379 600 512 498 258 152 580
 438  82 270 388 227 331 340 174 757 696 466 511 234 417   6 480 274 470
 101 292 242 229  37 620 161 408 482 585 146  32 514  38 676 771  61 398
 162 738 184 691 649 232 212 672 764 145 742 692 368  59 766 590 142 507
 151 558 489  12 607 508 166 704  97 284 454 221 476  41 640 534  71 574
 698 179 324 415 532 245 735 653 263  23 143 193 780 334 718 443 706 127
 330  70 178  40 422  31 774  58 257 723 699 564 163 556 515 350 319 651
 721  43  80 261 425 755 588 729 309 313 304  35 638 705 144 441  30 185
 361 216 477 105 553 235 455 373 497 390 647 702 536 492  73 280 369  51
 747 444 272 626 501 630 282 405 375 611 518 442 656 753 769 251 317 748
 776  39 500 664 632 265 782   0 236 160  44   3 115 133 233 680 469 176
 760 326 468 616 462 217 275 347  83 364 240 169 506 325 740 715  19 290
 758 634 598 578 322 746 668 433 154 223 406 547 716 565 654 409 537 775
 111 622  48 575 522 106 645 478 583 345  98 205 201   8 685 725 328 456
 618 493 544 353  63 700 204 372  36] - 68501485
Solver: RVND, number of workers: 1
Setting feeder affinity
I am the master. There are 1 mpi processes. (hostname = gpu01)
Roots [<pyDF.nodes.Feeder object at 0x7f68385dfad0>]
Starting 0
Main loop
I am worker 0
GPU0
set random seed!
Initial: 68501485-[524 164 411 113 109 502  95 731 450 730  78  74 314 103 572 414 403 320
 744 273 584 303 733 357 352 189 225 708 670 457 359 591 608 573 186 545
 293 358 253 122  66 689 378 693 657 681 211 333  76 707 121 739 717 467
 199 248 305 577 149  14 546 377 202 136   9 602  13 641 756 486 513 459
 431 448 297 102  28 312 567 220 393  27 315  75 660 421   4 594 148 540
 182 329 123 351 505 226  33 129 451 318 663 552 509  87 285 432 606 196
 461 597 366 363 465  20 510 694 354 559 592 652 153   7 214 472 722 239
 535  64 311 473 269 635 207 208  18 276  69  60 570  21 147 247 579  65
 538 768 491 384 307 484 416 516 381 714 674 389 658 281 404  68 605 224
 418 551 530  86 743  24 301 360 446 287 355  55 542  88 134 712 362 759
  49 241 135  29   2 499 437 383 291 183  15 252 100  92 434 137 690 494
 765 688 711 397 596 447  99 582 348 423 278  72 496 107 519 194 395 612
 749 713 761 206 593 296 548 238 218 568 419 394 453 617 231 222 631 428
 427 636 703 525 623 557 566 464 112 561 610 365 374 250 737 619 308  96
 682  56 191 141 732 773 463 710 254 745  94 483 155  62 661 686 599 128
 410 260 633 396 264  77  52 452 228 289 197 485 471 646 140 259 539 595
 114 750 734 327 168 531 376 754 332 727 474 624 108  84  11 439 230  81
  85 391 279 190 262 399 346 175 119 110 341 772 316 126 777 298 621 188
 586 526  54 603 339 628 576 424 131  67 779 678 165 321 677 675   1 719
 701 665 180 310 125 116 440 528 625  16 392 724 171 382 697 687  47 490
 487 533 669 170 767 650 609 243 752 763 255 555 426 412 295 667 138 527
  53 430 613 655 751 118 601  10 569 367 521 571 436 481 244 246 615 387
 529 104 132 720 671 587  25  45 460 517 662 256 407 495  42 294 543 370
 177 203 210  79 644 336 219  91 736 504 695  17 371 300 215 198 679 762
  22 778 458 666 643 271 192 781 159   5 741 549 503 181 449  34 488 277
 550 286 614 306  93 380 335 554 520 356 167 627 267 200  89  57 288 195
 709 299 213 648 435 629 266 445 401 124 187 117 420 385 479 343 209 338
 158 130 302 413 139 337 581 342 684 429 173  26 323 156 562 400  90 249
 637 728 402 683 475 589 386 673 344 237 639 642 659 283  50 523  46 120
 172 268 563 157 150 770 349 604 726 541 560 379 600 512 498 258 152 580
 438  82 270 388 227 331 340 174 757 696 466 511 234 417   6 480 274 470
 101 292 242 229  37 620 161 408 482 585 146  32 514  38 676 771  61 398
 162 738 184 691 649 232 212 672 764 145 742 692 368  59 766 590 142 507
 151 558 489  12 607 508 166 704  97 284 454 221 476  41 640 534  71 574
 698 179 324 415 532 245 735 653 263  23 143 193 780 334 718 443 706 127
 330  70 178  40 422  31 774  58 257 723 699 564 163 556 515 350 319 651
 721  43  80 261 425 755 588 729 309 313 304  35 638 705 144 441  30 185
 361 216 477 105 553 235 455 373 497 390 647 702 536 492  73 280 369  51
 747 444 272 626 501 630 282 405 375 611 518 442 656 753 769 251 317 748
 776  39 500 664 632 265 782   0 236 160  44   3 115 133 233 680 469 176
 760 326 468 616 462 217 275 347  83 364 240 169 506 325 740 715  19 290
 758 634 598 578 322 746 668 433 154 223 406 547 716 565 654 409 537 775
 111 622  48 575 522 106 645 478 583 345  98 205 201   8 685 725 328 456
 618 493 544 353  63 700 204 372  36]
Final time: 15.1267228127s - Best: 3435222-[524 527 543 536 558 571 572 580 603 605 592 591 581 566 531 544 548 545
 549 537 522 515 503 489 478 480 470 450 441 427 412 403 405 393 398 420
 426 446 453 467 477 497 501 508 519 513 492 488 479 473 486 496 495 493
 475 463 469 468 440 434 438 430 418 416 410 390 374 379 385 380 353 350
 347 339 363 382 372 367 348 360 361 377 378 368 373 354 340 328 313 314
 284 279 264 263 253 233 217 198 193 180 176 169 167 147 141 121 113 108
 105 100  78  83  86  74  65  72  59  54  43  68  77  89  90 103 112 130
 131 140 129 128 153 166 157 165 173 177 191 202 190 188 196 187 182 158
 143 149 164 163 156 168 162 175 178 197 199 205 216 231 232 224 211 210
 208 218 252 250 236 225 220 227 228 243 259 262 270 271 240 251 244 260
 278 283 297 308 295 296 303 330 341 333 323 319 307 309 300 311 317 325
 335 329 310 294 291 302 321 320 332 344 346 349 345 352 364 375 392 407
 408 409 419 423 429 425 432 454 462 485 491 494 472 459 448 455 456 476
 482 490 499 514 512 518 517 530 538 539 546 556 551 562 565 577 587 598
 612 618 640 643 648 656 680 691 690 674 659 679 684 678 670 654 644 633
 626 611 589 597 596 593 585 578 568 560 561 553 550 533 529 516 511 507
 505 484 483 465 457 451 452 442 437 421 404 391 388 396 406 400 389 386
 381 365 370 338 322 324 305 290 298 285 266 255 242 223 207 201 203 183
 161 155 150 135 126 114 109 116 122 138 146 154 159 174 194 195 221 226
 230 247 248 273 272 277 275 276 254 245 238 235 241 234 265 269 288 304
 312 301 293 316 318 326 334 357 343 327 342 355 358 351 362 383 394 422
 428 435 444 471 481 498 510 525 532 547 559 575 567 579 595 623 639 637
 625 647 651 658 664 671 682 677 687 708 704 717 734 724 733 737 746 760
 771 764 759 744 735 731 738 742 757 758 756 767 778 776 772 773 765 747
 739 725 720 709 699 700 726 749 748 761 769 762 745 740 730 729 722 715
 707 701 723 714 727 750 751 741 755 763 781 782 774 770 766 752 743 716
 713 710 711 681 676 657 655 662 686 695 702 693 669 675 673 667 666 663
 649 641 631 628 614 609 617 638 630 604 600 599 613 632 629 635 621 608
 602 586 590 583 576 569 564 557 542 526 521 458 445 431 415 401 399 413
 414 402 387 384 336 337 287 282 281 286 274 261 256 212 200 209 172 137
 117 125 120 123 102  91  71  81  85  67  60  58  49  61  53  41  50  25
  26  20  15  31  13  21  34  30  35  19   7  18  29  47  63  70  84  98
 101 104 107 127 139 142 136 132 115 111  94  88  76  73  62  75  97  93
  82  64  46  52  57  32  38  28   4   2   9   8  11  17   6   1  22  45
  40  44  56  36  16   0  14  24  51  48  55  87  96  99  79  69  66  80
 106 110 119 151 160 186 239 257 267 258 249 268 280 289 299 306 292 315
 331 376 369 371 417 433 447 436 449 464 474 487 523 552 570 574 541 520
 504 506 500 528 534 535 540 555 563 606 616 627 620 645 650 665 668 660
 683 706 712 697 689 705 721 732 736 753 754 718 719 698 694 685 688 692
 652 653 661 672 646 636 615 642 634 624 622 619 601 584 582 607 594 573
 554 509 502 461 443 460 439 411 397 395 366 356 237 246 222 219 206 213
 192 170 134 133 148 144 118  95  42  37  39   5  12  10   3  33  27  23
  92 181 189 152 124 145 171 179 185 184 214 215 204 229 424 610 696 703
 768 777 775 779 780 728 588 466 359]
Value - initial: 68501485, final: 3435222, improveup: 19.9409193933

data-line;i;68501485;f;3435222;t;15.1267228127;c;-2;fv;[3435222L];cv;-1;imp;19.9409193933;type;rvnd;inum;6;w;1

time;15.1267228127;man_time;0;neigh_time;0
man_time;0;man_merge_sol;0;man_best_sol;0;man_combine_sol;0

Waiting [0]
Terminating workers True 0 0
MPI TERMINATING
