pydf_home: /home/rodolfo/git/Sucuri
simple_pycuda_home: /home/rodolfo/git/simple-pycuda
wamca2016path: /home/rodolfo/git/wamca2016/
localpath: /home/rodolfo/git/dvnd-df/code/dvnd-df/src/
WAMCAPATH:/home/rodolfo/git/wamca2016/
param: {solution_index:6, solution_instance_index:13, multi_gpu:True, goal:False, problem_name:ml, number_of_moves:10, device_count:2, solver:rvnd, mpi_enabled:True, workers:1}
Using already created file:  wamca2016lib.so
Size: 783 - file name: 07_rat784.tsp

Value - initial: 69807365-[206 774 582 563 620 634  10 660 358 381 401  38 578 111  63 151  21 275
  16 123  58 745 562  45 197 552  55 771 512 448 658   0 594 346 390 435
 360 543 722 753  41 252 147 229 164 726  64 703 600 299 309 548 294 626
 591 417 702 315 103 640 501  80 617 748  60 246 595 612 227 554 323   9
 257 505 570 637  68 122 303 284 437 495 425 263  46 765 586 421 478 375
 616 366 190 476 740 441 286 769  85 657 332  37 687 351 541 515 260 436
 531 605 250 569 735 520 517 700 308 233  96  82 216 115 288  50 718 393
 290  57 130  93 611 109 606 205 355 193  49 757 633 447 711 443 524 587
 264 691 129 627 230 203 270 549 136 497 511 734 466 474 268 772 704 566
 624 139 430 413 462 395 101 465  30 310 581 463 621 452 631  62 340 170
 254 747 751  13 149 661 750 354 523 179 698 650 693 319 756  73 648 593
 764 567 767 247   5  72 214  53  54 114 659 607 143  24 208 464 146  98
 165 320 604 388 688 424 725 561 374 306 596 194 297 666 685 207  77 695
 499 279  91 484 583   4 646 175 538 368 622  97 458 337 384 167 329 202
 215  89 112 653 258 276 720 450  76 237 513 638 161 684 671 125 376 649
 416  39 302  81 494 350 639 339 301  35  44 171 534 724 241 642 234 183
 347 141 184 312 159 678 488  65 625 451 200 239 113 601 410 525 472  29
 373  20 533 166 574 679 536 540 361 456 127 737 235 692 356 255 272 169
 429 387 405 438 370 492 153 163 259 480 754 712 134 102 280 428 614 262
 124 116 238 341 643 609 710 654 597  59 589 328 706   1 716 396 261 107
 218 665  52  99 475 736 768 182 195 508 526 461 236 739 338 576 142 121
 363 644 628 779  25   6 761 100 144 110 419 514 717 763 154  36 662 126
 483 148  61 199 119 655 528 669 469 322 293  66 680 369 132 191 599   8
 708 672 265 211 766 326 160 185 353 180 780 391 530 759 349 723 212 118
 249 682  19 544 398 222 454 727 133 449  92 635 298 231  79 668 572 174
 732 285 602 719  17 444 162 473 415 553 542 773  83 667 743 145  40 547
 479 305 406 690 344 224  84 251 379 610 178 371 192 518 296 694 558 311
 385 382 565 714 273 468 715 585 156  78 158 403 673 675 217 220 357 317
 325 389 334 135 493 244 681 201 108 228 663  95 535 140 502  15 550 277
  23 580 705 498 559 741 571 281 223 181   7 256  34 343 414 482 539 289
 460 446 117 245 579 399 335 683 686 198 213 613 532 485 408 629  87 402
 412 411 487 377 777 327 271 575 584 342 529 321 380 105 367 459 292 426
 721 226 304 394 546 232 455 744 537  28 490 731 176  32 427 150 557 573
  27  43 746  51 120 608  12 188 522 758 253 274 521 457 248 434 755 397
  14 364 503 172 362  70 204 551 431 445 422 173 656 489 383 221 496   2
 560  69 106 645 630  88 568 728 491 670 372 713 555 157 243 618  48 291
 433  42 775 470 762 313 177 652 300 316 386  26 453 519 324 423 407 699
 128 674  18 345 781 439 632  94 598 603 409  67 664 510 697 196 677 330
 219 564 242 440 696 282 240 486 187   3 471 295 481 269 186  90 619  47
 651 770  11 729 168 138 647  22 278 545 760 701 210 189  71 359 467 442
 615  33 709 778 641 400 209  31 131 623 333 267 137 752  75 266 588 477
 314 331 336 733 592 420 500 707 418 730 104 507 676 307  86 283 516  56
 689  74 509 225 155 432 404 287 782 527 152 738 365 776 506 556 352 348
 577 742 636 378 392 318 590 749 504] - 69807365
Solver: RVND, number of workers: 1
Setting feeder affinity
I am the master. There are 1 mpi processes. (hostname = gpu01)
Roots [<pyDF.nodes.Feeder object at 0x7f6005fdaad0>]
Starting 0
Main loop
I am worker 0
GPU0
set random seed!
Initial: 69807365-[206 774 582 563 620 634  10 660 358 381 401  38 578 111  63 151  21 275
  16 123  58 745 562  45 197 552  55 771 512 448 658   0 594 346 390 435
 360 543 722 753  41 252 147 229 164 726  64 703 600 299 309 548 294 626
 591 417 702 315 103 640 501  80 617 748  60 246 595 612 227 554 323   9
 257 505 570 637  68 122 303 284 437 495 425 263  46 765 586 421 478 375
 616 366 190 476 740 441 286 769  85 657 332  37 687 351 541 515 260 436
 531 605 250 569 735 520 517 700 308 233  96  82 216 115 288  50 718 393
 290  57 130  93 611 109 606 205 355 193  49 757 633 447 711 443 524 587
 264 691 129 627 230 203 270 549 136 497 511 734 466 474 268 772 704 566
 624 139 430 413 462 395 101 465  30 310 581 463 621 452 631  62 340 170
 254 747 751  13 149 661 750 354 523 179 698 650 693 319 756  73 648 593
 764 567 767 247   5  72 214  53  54 114 659 607 143  24 208 464 146  98
 165 320 604 388 688 424 725 561 374 306 596 194 297 666 685 207  77 695
 499 279  91 484 583   4 646 175 538 368 622  97 458 337 384 167 329 202
 215  89 112 653 258 276 720 450  76 237 513 638 161 684 671 125 376 649
 416  39 302  81 494 350 639 339 301  35  44 171 534 724 241 642 234 183
 347 141 184 312 159 678 488  65 625 451 200 239 113 601 410 525 472  29
 373  20 533 166 574 679 536 540 361 456 127 737 235 692 356 255 272 169
 429 387 405 438 370 492 153 163 259 480 754 712 134 102 280 428 614 262
 124 116 238 341 643 609 710 654 597  59 589 328 706   1 716 396 261 107
 218 665  52  99 475 736 768 182 195 508 526 461 236 739 338 576 142 121
 363 644 628 779  25   6 761 100 144 110 419 514 717 763 154  36 662 126
 483 148  61 199 119 655 528 669 469 322 293  66 680 369 132 191 599   8
 708 672 265 211 766 326 160 185 353 180 780 391 530 759 349 723 212 118
 249 682  19 544 398 222 454 727 133 449  92 635 298 231  79 668 572 174
 732 285 602 719  17 444 162 473 415 553 542 773  83 667 743 145  40 547
 479 305 406 690 344 224  84 251 379 610 178 371 192 518 296 694 558 311
 385 382 565 714 273 468 715 585 156  78 158 403 673 675 217 220 357 317
 325 389 334 135 493 244 681 201 108 228 663  95 535 140 502  15 550 277
  23 580 705 498 559 741 571 281 223 181   7 256  34 343 414 482 539 289
 460 446 117 245 579 399 335 683 686 198 213 613 532 485 408 629  87 402
 412 411 487 377 777 327 271 575 584 342 529 321 380 105 367 459 292 426
 721 226 304 394 546 232 455 744 537  28 490 731 176  32 427 150 557 573
  27  43 746  51 120 608  12 188 522 758 253 274 521 457 248 434 755 397
  14 364 503 172 362  70 204 551 431 445 422 173 656 489 383 221 496   2
 560  69 106 645 630  88 568 728 491 670 372 713 555 157 243 618  48 291
 433  42 775 470 762 313 177 652 300 316 386  26 453 519 324 423 407 699
 128 674  18 345 781 439 632  94 598 603 409  67 664 510 697 196 677 330
 219 564 242 440 696 282 240 486 187   3 471 295 481 269 186  90 619  47
 651 770  11 729 168 138 647  22 278 545 760 701 210 189  71 359 467 442
 615  33 709 778 641 400 209  31 131 623 333 267 137 752  75 266 588 477
 314 331 336 733 592 420 500 707 418 730 104 507 676 307  86 283 516  56
 689  74 509 225 155 432 404 287 782 527 152 738 365 776 506 556 352 348
 577 742 636 378 392 318 590 749 504]
Final time: 10.1029009819s - Best: 3403196-[206 213 222 246 260 244 251 240 271 270 262 259 282 281 286 274 261 250
 252 268 280 291 302 294 310 325 317 311 300 309 307 336 348 360 367 384
 387 402 414 413 399 401 431 445 458 447 436 433 417 410 416 418 430 434
 440 468 469 463 475 493 495 496 486 473 479 488 492 487 474 464 467 477
 497 501 508 519 513 523 521 526 542 557 564 569 576 583 590 586 602 608
 621 620 627 616 606 587 577 565 562 563 555 540 535 534 528 551 556 546
 539 530 538 560 568 561 578 579 585 593 596 597 589 598 612 618 640 643
 633 626 644 647 651 658 664 671 682 696 703 724 733 737 746 760 771 764
 759 744 735 731 738 742 757 758 756 767 778 776 772 773 753 754 747 739
 748 749 762 769 779 780 763 755 751 741 723 714 702 695 716 713 711 710
 686 681 676 657 655 662 669 675 673 667 666 663 649 641 631 628 614 603
 605 592 580 572 571 558 536 527 524 543 531 544 548 545 549 537 509 502
 503 489 478 480 470 450 453 446 439 426 411 397 377 378 368 373 354 340
 328 330 341 333 323 308 297 283 278 295 296 303 313 314 284 279 264 263
 253 233 217 198 192 170 176 180 193 169 167 173 191 177 165 157 144 147
 141 148 134 133 121 113 108 105 100  78  83  86  74  65  72  54  43  59
  42  37  12  10   3  33  27  23  26  25  20  15  31  13  21  34  30  19
   7  18  29  35  58  60  49  61  53  41  50  71  91 102  92  68  77  89
  90  95 103 112 118 130 131 140 129 128 153 158 143 149 164 163 156 137
 117 125 120 123  81  85  67  84  98  70  63  47  76  73  62  38  28   4
   2   9   8  11  17   6   1  22  16   0  14  24  55  48  51  36  44  56
  69  79  80  66  40  45  46  52  57  64  82  93 110 106  99  96 109 114
 122 116 124 145 138 146 154 159 171 179 185 204 229 254 245 238 235 215
 214 234 241 265 269 288 304 312 301 327 342 351 362 358 355 343 357 334
 326 318 316 293 276 275 277 272 273 248 247 230 226 221 194 195 183 161
 155 150 151 142 136 132 115  97  94  88 101 104 107 111 127 139 162 175
 178 197 199 189 181 172 182 187 196 190 188 202 219 227 228 243 225 220
 212 200 209 218 208 210 211 205 216 224 232 231 239 257 267 255 266 285
 298 290 305 324 322 338 352 345 349 346 331 315 306 292 289 299 320 321
 329 335 359 353 350 347 339 337 363 372 382 380 385 379 374 371 369 376
 392 375 364 370 365 381 386 389 383 394 428 435 422 400 406 396 388 391
 404 421 432 425 429 423 419 407 408 409 438 456 455 448 459 462 454 437
 442 424 452 451 444 457 465 484 483 481 471 498 510 505 516 511 507 485
 491 494 472 476 482 490 499 514 512 518 517 553 550 533 529 525 532 547
 559 567 575 595 610 625 623 637 639 677 687 708 704 717 705 721 732 736
 719 718 706 712 691 690 697 689 679 684 678 670 654 659 674 680 656 648
 660 635 629 632 613 599 600 604 588 609 617 630 638 661 653 652 645 650
 665 668 683 698 694 685 709 699 700 688 692 726 729 730 745 740 722 715
 707 701 693 646 642 634 624 622 619 601 607 594 591 581 566 573 582 584
 554 522 515 461 460 443 441 427 420 412 405 403 366 356 393 398 395 361
 319 287 256 236 168 160 119 135 126 152 174 186 203 201 207 223 242 258
 249 332 344 390 466 500 506 504 520 541 574 570 552 615 636 672 727 750
 743 728 752 766 770 774 782 781 761 765 725 720 775 777 768 734 611 449
 415 237 166  39   5  32  75  87 184]
Value - initial: 69807365, final: 3403196, improveup: 20.5122963826

data-line;i;69807365;f;3403196;t;10.1029009819;c;-2;fv;[3403196L];cv;-1;imp;20.5122963826;type;rvnd;inum;6;w;1

time;10.1029009819;man_time;0;neigh_time;0
man_time;0;man_merge_sol;0;man_best_sol;0;man_combine_sol;0

Waiting [0]
Terminating workers True 0 0
MPI TERMINATING
