pydf_home: /home/rodolfo/git/Sucuri
simple_pycuda_home: /home/rodolfo/git/simple-pycuda
wamca2016path: /home/rodolfo/git/wamca2016/
localpath: /home/rodolfo/git/dvnd-df/code/dvnd-df/src/
WAMCAPATH:/home/rodolfo/git/wamca2016/
param: {solution_index:4, solution_instance_index:85, multi_gpu:True, goal:False, problem_name:ml, number_of_moves:10, device_count:2, solver:rvnd, mpi_enabled:True, workers:1}
Using already created file:  wamca2016lib.so
Size: 501 - file name: 05_TRP-S500-R1.tsp

Value - initial: 32848463-[321 132 149 319 216 203 112  69 352 106 430 323 249  75 460 440 168 222
 410  53 230 269 158 148  68  59 454 426 433 138 145 468 121 173 170 425
 335 115 274 258 358 489 411  60  74 252 101  66 183 277 296 185  58 255
 180 125 479 288 322 441 281 244 192 389   6 186 312  52  89 262  31 311
  32 204 159 184 459  82   8  78 103 387 332 360 306 341 135 223 372 273
  73 191  64 350 197 379 397 211 496 310 363 419 251 217 178 376 175 472
 227 210  23 383   5  30 160 242 285  17 266 108  40 280 414 424  35 480
 466 326 219  61 110 198 229  97 297 364 500 142  99  57 409 136 374 314
 493 367 263 395 247 436 396 336 439 456 152 117 348 482  21 218 370  19
 392 220 233  76  83 206 104  12 401 162 188  41 403 257 256 359 239 357
 317 147 328  65 450 458 463 200 253 272 294 119  26 163 391 128 452 301
 385   4 196  14 221  95 447 201 199 488 495 226 494 381 415  90 205 283
 474  72 238 413 373 267   0  50 457 303  84  87  63  18 276 144 248  33
 100 448 487 327 114 295 356 291 366  15 122 471 161 444 127 340 215 126
 282 236 225 154 232  38 490 129 270 408 428 418 346 377 347 421 329 486
 139 362  51 434 165 464 427 241  93 237 174 465 202 151 298 287  77 435
  56 422 355 407  88  98 438  13 264 141 384 368 194 134 481 497 245  25
 207 278 429  80  43 307 265 275 212 467 260  85 259  70 167 483 349 177
 386 209 300 120 131 279 243 292 470 432 478 179 107 405 169 166 214 150
  22 143 382   1  27 208 176 461 155 446  16 118 289 351 116 315 330 443
  36 423 334 400 140 302 412 284 320 123 344 498 339 453 417 213 130 393
 399 309  55 380 250 157 271 171 299 353 133 484 398 406 455  10 224   2
 254 240 331 324 345 431 113 342 235 137 195 316 404  62 308 293 477 304
  28 369 475  44  79  34 442  71 164 333 473 111 313  11 491 156  42 246
 172 371 492  29 181  91 445  20 476 105   9 416 290 485 449 228  47  48
 365 231 390  39 375 182   3   7 102 338 354 318 437 153 234 499  54  46
 451 325 361 343  45  49 378  86  96 420 462  37 190 109 268  24 187 469
 337 394  67  81 388 261  94 189 193 286 124 305 146 402  92] - 32848463
Solver: RVND, number of workers: 1
Setting feeder affinity
I am the master. There are 1 mpi processes. (hostname = gpu01)
Roots [<pyDF.nodes.Feeder object at 0x7f9609f74ad0>]
Starting 0
Main loop
I am worker 0
GPU0
set random seed!
Initial: 32848463-[321 132 149 319 216 203 112  69 352 106 430 323 249  75 460 440 168 222
 410  53 230 269 158 148  68  59 454 426 433 138 145 468 121 173 170 425
 335 115 274 258 358 489 411  60  74 252 101  66 183 277 296 185  58 255
 180 125 479 288 322 441 281 244 192 389   6 186 312  52  89 262  31 311
  32 204 159 184 459  82   8  78 103 387 332 360 306 341 135 223 372 273
  73 191  64 350 197 379 397 211 496 310 363 419 251 217 178 376 175 472
 227 210  23 383   5  30 160 242 285  17 266 108  40 280 414 424  35 480
 466 326 219  61 110 198 229  97 297 364 500 142  99  57 409 136 374 314
 493 367 263 395 247 436 396 336 439 456 152 117 348 482  21 218 370  19
 392 220 233  76  83 206 104  12 401 162 188  41 403 257 256 359 239 357
 317 147 328  65 450 458 463 200 253 272 294 119  26 163 391 128 452 301
 385   4 196  14 221  95 447 201 199 488 495 226 494 381 415  90 205 283
 474  72 238 413 373 267   0  50 457 303  84  87  63  18 276 144 248  33
 100 448 487 327 114 295 356 291 366  15 122 471 161 444 127 340 215 126
 282 236 225 154 232  38 490 129 270 408 428 418 346 377 347 421 329 486
 139 362  51 434 165 464 427 241  93 237 174 465 202 151 298 287  77 435
  56 422 355 407  88  98 438  13 264 141 384 368 194 134 481 497 245  25
 207 278 429  80  43 307 265 275 212 467 260  85 259  70 167 483 349 177
 386 209 300 120 131 279 243 292 470 432 478 179 107 405 169 166 214 150
  22 143 382   1  27 208 176 461 155 446  16 118 289 351 116 315 330 443
  36 423 334 400 140 302 412 284 320 123 344 498 339 453 417 213 130 393
 399 309  55 380 250 157 271 171 299 353 133 484 398 406 455  10 224   2
 254 240 331 324 345 431 113 342 235 137 195 316 404  62 308 293 477 304
  28 369 475  44  79  34 442  71 164 333 473 111 313  11 491 156  42 246
 172 371 492  29 181  91 445  20 476 105   9 416 290 485 449 228  47  48
 365 231 390  39 375 182   3   7 102 338 354 318 437 153 234 499  54  46
 451 325 361 343  45  49 378  86  96 420 462  37 190 109 268  24 187 469
 337 394  67  81 388 261  94 189 193 286 124 305 146 402  92]
Final time: 7.44050216675s - Best: 1939983-[321 258 135 106 353 287 154 184  56 495 241 461 493 429 397 498 374 323
 173 315 424 399 442 465  24 462 283  11 314 401 127 482   9 474 446 130
 456 371  34 289 188 267 476 101 220 264 490 197 159 228 471 316 115 425
 189  26  50 170 168   2 488 377 369 450 311 347  60 324 162  66 418  64
 143 259 125 398 214 483 331 240 103 183  74 427 408 359 132 378 318 409
 497 368 379  35 124 277 352 326 210  87  81  67 325 496 421 221 345 416
 358  82 181 436  38 146 174 364  71 232  88 193 112 142 236   5 356 339
 445 111   7  83  59 169 121 113  48  32 469  41 217  84  80 463 276 171
 282 224 149   8 390 310 320 489 229 296 280 317 478 137 263 297 328 196
 372 309  55 185 292 313 104 272 139 376  86 413  21 278 202 299  43 285
 163  42 453 140 251 349 279 387  70 275 307 155  93  99 203 281  69 265
 238 381 457 226 239 129 439 160 403  16 411 447 215 204 109 208 380 216
 479 460 102 332  94 211 233 451 301 330  44 373 179 116 344 303 235 452
  18   0 150  53 107 153 400  23 342 249 256 375 231 454 145 355 428 260
 334 151 133 298 245 370 274 333  75 161 484 391 412 473 187  90 475  25
 487 365 207 467 157 201 430 494 218 120 322 477 148  49 366  65 440  15
  96 138 385 175 410 128  54 294  20 329 284 223   4 459 119  36 434 273
 393 167 117 481 305 351  28 182  45 383 319  33 136 470 200 335 172 213
 286 337 341 414 219 261 118 100 343 433 396  77 209 389  29  47 180 252
 357 406  58 206  40 144 384 114   1  17 300 480 176  10 105  31 110  85
  27 491  37 244 441 225 472 199  51 122 340 443 134 449 350 415 338 131
 295 458 432 291 165 435 191 269 407 156 402 253 404  57 367 254 455 392
 147 405 108 205 126 426 312  14  79 354 141 485 448  95 190 255  97 237
 304 306 293  52 248   6 302 212  72 268 336 386 243  19 348  78 417  73
 262 395 308  68 388 227 250 492 363 186 257  46  98 166 222 271  63 327
 234 242 500 194  13 423 361 437 422 468 230 346  62 362 420 266  76 394
 195 382 431 419 246  39 486 464 158 198 360 164 444  91 123 192  61 270
  89  12 466 290 152 438 288 177  30 178   3  92 247 499  22]
Value - initial: 32848463, final: 1939983, improveup: 16.9323457989

data-line;i;32848463;f;1939983;t;7.44050216675;c;-2;fv;[1939983L];cv;-1;imp;16.9323457989;type;rvnd;inum;4;w;1

time;7.44050216675;man_time;0;neigh_time;0
man_time;0;man_merge_sol;0;man_best_sol;0;man_combine_sol;0

Waiting [0]
Terminating workers True 0 0
MPI TERMINATING
