pydf_home: /home/rodolfo/git/Sucuri
simple_pycuda_home: /home/rodolfo/git/simple-pycuda
wamca2016path: /home/rodolfo/git/wamca2016/
localpath: /home/rodolfo/git/dvnd-df/code/dvnd-df/src/
WAMCAPATH:/home/rodolfo/git/wamca2016/
param: {solution_index:3, solution_instance_index:33, multi_gpu:True, goal:False, problem_name:ml, number_of_moves:10, device_count:2, solver:rvnd, mpi_enabled:True, workers:1}
Using already created file:  wamca2016lib.so
Size: 318 - file name: 04_lin318.tsp

Value - initial: 96101251-[ 96  38   8 137 270 238  54 213 119 101  58 225 109 265   0 107 278 245
   2 262 302  15 214  43 314 236 144  82 224 177 228 255 311 289 251 193
 246   9 267 188  91 162 207 296 306 222 108  71 143 237 126 317   3  61
 132 256 277 295 153 301 122 201   5  35 196 189  53 309 315  30  93 110
 142 104 123 166 183 145 212 160 204 203 133  59 172 205 248 244  51  52
   1 140 233 209  55 275 191 197  78  75 305 147  87 200   6  66 206 158
  60 102  34 303 242  69 125  72  17 231 149 252  63 194 274   7  64 217
 165 116 146 234  21 148 272 156 154 118  97 258  41 240 229   4 178 184
  12 294 129  25  79  32 293 316  92 304 127  40 157 190 227 210 243 211
 208 279  56 141 283 134 113 230  39  99 103 221  28  57 138 269  10 250
 268  22 223  94 312  37  80  77 135 300 263  13  45 286  11 112  36 106
 131  49  76 241 195 136  70 150  47  26 280  33  18 115 249 299 176 220
  23 159  74 139 308 181 259 174 288 187  16 186 124 121 271 216 285 282
 155 192  44  27 298  83 114 175  20 152  67  42 171 180 235 247 219 164
  50  62  88 128 313 232 310 168  48  86  95  14 307  31 167 291  90 239
 292 287  89 253 111 117 276  68  73 202 105 199 198 264 179 130 161 182
 257  65 173 260  29 290  81 284 218  84 226 163 169 170  85 185  19 100
 266 281 273 297  98 151  46  24 254 261 120 215] - 96101251
Solver: RVND, number of workers: 1
Setting feeder affinity
I am the master. There are 1 mpi processes. (hostname = gpu01)
Roots [<pyDF.nodes.Feeder object at 0x7f250ff34ad0>]
Starting 0
Main loop
I am worker 0
GPU0
set random seed!
Initial: 96101251-[ 96  38   8 137 270 238  54 213 119 101  58 225 109 265   0 107 278 245
   2 262 302  15 214  43 314 236 144  82 224 177 228 255 311 289 251 193
 246   9 267 188  91 162 207 296 306 222 108  71 143 237 126 317   3  61
 132 256 277 295 153 301 122 201   5  35 196 189  53 309 315  30  93 110
 142 104 123 166 183 145 212 160 204 203 133  59 172 205 248 244  51  52
   1 140 233 209  55 275 191 197  78  75 305 147  87 200   6  66 206 158
  60 102  34 303 242  69 125  72  17 231 149 252  63 194 274   7  64 217
 165 116 146 234  21 148 272 156 154 118  97 258  41 240 229   4 178 184
  12 294 129  25  79  32 293 316  92 304 127  40 157 190 227 210 243 211
 208 279  56 141 283 134 113 230  39  99 103 221  28  57 138 269  10 250
 268  22 223  94 312  37  80  77 135 300 263  13  45 286  11 112  36 106
 131  49  76 241 195 136  70 150  47  26 280  33  18 115 249 299 176 220
  23 159  74 139 308 181 259 174 288 187  16 186 124 121 271 216 285 282
 155 192  44  27 298  83 114 175  20 152  67  42 171 180 235 247 219 164
  50  62  88 128 313 232 310 168  48  86  95  14 307  31 167 291  90 239
 292 287  89 253 111 117 276  68  73 202 105 199 198 264 179 130 161 182
 257  65 173 260  29 290  81 284 218  84 226 163 169 170  85 185  19 100
 266 281 273 297  98 151  46  24 254 261 120 215]
Final time: 2.83516597748s - Best: 5902198-[ 96 100 101  95  91  90  84  82  81  77  83  78  76  71  70  67  66  63
 104  55  54  49  47  44  39  31  30  29  27  22  19 102  28  21  20  14
  10   9   6   5   1   0   2   7   8   4   3 105 106 110 111 114 115 119
 207 125 126 133 136 135 134 132 127 124 123 128 131 130 129 122 120 121
 118 117 109 108 210 211 215 216 219 220 224 312 230 231 238 239 240 241
 242 237 232 229 236 233 228 225 226 227 234 235 245 246 251 250 252 255
 261 262 267 266 263 260 256 253 254 257 259 264 265 268 164 165 170 169
 280 277 276 273 278 283 284 290 289 285 282 281 286 288 293 287 291 292
 294 191 192 300 301 305 306 310 311 204 198 199 203 202 194 193 190 184
 180 177 185 179 178 173 174 167 166 162 157 156 150 147 146 145 148 151
 155 158 161 154 152 149 144 153 159 160 209 163  59  60  65  64 175 172
 171 176 181 183 188 182 186 187 189  86  87 195 196 200 201 205 206  99
  93  94  98  97  89  88  85  79  75  72  80  74  73  68  69  62  61  57
  52  51  45  42  41  40  43  46  50  53  56  48 103  32  26  23  18  15
  16  17  24  25  35  36  38  37  34  33 137 140 141 139 138 143 142 313
 249 258 314 271 272 279 295 302 298 299 307 308 309 304 303 297 296 275
 274 270 269 317 248 247 244 243 223 222 213 214 218 217 212 221 113 112
 107 116  12  13  11 315 316  58  92 197 168 208]
Value - initial: 96101251, final: 5902198, improveup: 16.2822817872

data-line;i;96101251;f;5902198;t;2.83516597748;c;-2;fv;[5902198L];cv;-1;imp;16.2822817872;type;rvnd;inum;3;w;1

time;2.83516597748;man_time;0;neigh_time;0
man_time;0;man_merge_sol;0;man_best_sol;0;man_combine_sol;0

Waiting [0]
Terminating workers True 0 0
MPI TERMINATING
