pydf_home: /home/rodolfo/git/Sucuri
simple_pycuda_home: /home/rodolfo/git/simple-pycuda
wamca2016path: /home/rodolfo/git/wamca2016/
localpath: /home/rodolfo/git/dvnd-df/code/dvnd-df/src/
WAMCAPATH:/home/rodolfo/git/wamca2016/
param: {solution_index:4, solution_instance_index:80, multi_gpu:True, goal:False, problem_name:ml, number_of_moves:10, device_count:2, solver:rvnd, mpi_enabled:True, workers:1}
Using already created file:  wamca2016lib.so
Size: 501 - file name: 05_TRP-S500-R1.tsp

Value - initial: 32669310-[ 45 101 231 449  77 156  84 143 448 130   3 290 442 476 264 279 144 434
 135 215   4 288  94 169 331  24 475 406 493 351 473 500 328 281 292  73
  99 251 158  11 385 423 342 478 186 304 212  81 407  93  37  75 440 428
 149 213 309  96 411  72 472 115 235  30 102  92 242 339  26 221 365 404
 189 170   7 313 152 208 153 196 269  98 230 319  90  61 336 363  31 131
 369  35  95 261 266   9 120 162 311  88 457 284 265 382 253  18 272 376
  78 355 160 278  58 254 225 415 409 146 123 119 191 218 318  23  44 303
 263 201 300 142   2  59 280 129 468 177 252  89 282 400  36 459 367 387
 233 246 150 470 370 207 353  29 327 412 167 375 185 373 320  34 187 240
  55 118 100  51  17  68 418 247 181 128 489 352 374  85 410 139 443 108
 109  60 329 413  19 209 224 157 364 452   8 419 322 296  53 182 408 226
  10 491 125 132 259 306 175 138 179  76 184 368  74 104 111  39 140  13
 416  87 248 474 347   1  79 277 258 316 390 381 237 485 106 372 405 422
 326 438  57 234 307 357 136  16 481 486 424 497 482 354 498  32  42 371
  80 276 112 113 314 127 324 168  63 228 124  50 255 285 249 291 137 399
 441 451 217 299 496 383 492 297 330  91 310 439  41 298  97 490 172 302
 345 402 210 267  12 121 134 340 344 117 360  22 176 154 465 445 141 358
 171 462 338 308  64 437 421 495 479 105 243 232 216 417 332 435 427  69
 166  70  46 484 488 206 317 455 377 325 467 315 362 350 114 148 155 396
 432 386 107  52 174 464 244 398  43 165 198 388 305 426  14 436 190 145
 349 425 450 389 384 194   0 477 211 429 366 456 379 205 238 444 433 397
 192 480 460 214 147 151 483 245 193 469  21  25 159 453  48 471 361  28
 392  56 348 260 203  83 321   5 273 333 220 173 487 223  47 341 394 403
 274 458 195 499  67 430 180 420 200 414  33 250 293  49  54 275 391 161
  40 199 343 334 301 447 256  15 395 401 183 204 219 103 126 335 454 494
 295  66 337 461 294 283 446  82 164 271 286 178 270 197  62 346  38 239
 262 227 378  71 466 222 116 356  65 202 122 463 133 268 312 257 323 163
 229 359  27 287  20  86 393 236 110 380 431 188 241 289   6] - 32669310
Solver: RVND, number of workers: 1
Setting feeder affinity
I am the master. There are 1 mpi processes. (hostname = gpu01)
Roots [<pyDF.nodes.Feeder object at 0x7f75d22e4ad0>]
Starting 0
Main loop
I am worker 0
GPU0
set random seed!
Initial: 32669310-[ 45 101 231 449  77 156  84 143 448 130   3 290 442 476 264 279 144 434
 135 215   4 288  94 169 331  24 475 406 493 351 473 500 328 281 292  73
  99 251 158  11 385 423 342 478 186 304 212  81 407  93  37  75 440 428
 149 213 309  96 411  72 472 115 235  30 102  92 242 339  26 221 365 404
 189 170   7 313 152 208 153 196 269  98 230 319  90  61 336 363  31 131
 369  35  95 261 266   9 120 162 311  88 457 284 265 382 253  18 272 376
  78 355 160 278  58 254 225 415 409 146 123 119 191 218 318  23  44 303
 263 201 300 142   2  59 280 129 468 177 252  89 282 400  36 459 367 387
 233 246 150 470 370 207 353  29 327 412 167 375 185 373 320  34 187 240
  55 118 100  51  17  68 418 247 181 128 489 352 374  85 410 139 443 108
 109  60 329 413  19 209 224 157 364 452   8 419 322 296  53 182 408 226
  10 491 125 132 259 306 175 138 179  76 184 368  74 104 111  39 140  13
 416  87 248 474 347   1  79 277 258 316 390 381 237 485 106 372 405 422
 326 438  57 234 307 357 136  16 481 486 424 497 482 354 498  32  42 371
  80 276 112 113 314 127 324 168  63 228 124  50 255 285 249 291 137 399
 441 451 217 299 496 383 492 297 330  91 310 439  41 298  97 490 172 302
 345 402 210 267  12 121 134 340 344 117 360  22 176 154 465 445 141 358
 171 462 338 308  64 437 421 495 479 105 243 232 216 417 332 435 427  69
 166  70  46 484 488 206 317 455 377 325 467 315 362 350 114 148 155 396
 432 386 107  52 174 464 244 398  43 165 198 388 305 426  14 436 190 145
 349 425 450 389 384 194   0 477 211 429 366 456 379 205 238 444 433 397
 192 480 460 214 147 151 483 245 193 469  21  25 159 453  48 471 361  28
 392  56 348 260 203  83 321   5 273 333 220 173 487 223  47 341 394 403
 274 458 195 499  67 430 180 420 200 414  33 250 293  49  54 275 391 161
  40 199 343 334 301 447 256  15 395 401 183 204 219 103 126 335 454 494
 295  66 337 461 294 283 446  82 164 271 286 178 270 197  62 346  38 239
 262 227 378  71 466 222 116 356  65 202 122 463 133 268 312 257 323 163
 229 359  27 287  20  86 393 236 110 380 431 188 241 289   6]
Final time: 5.0551109314s - Best: 1952607-[ 45 182  28 383 347 311 450 369 377 488   2 168 170  50  26 189  66 162
 324  60 499 261 118 219 100  77 396 433 343 406  58 206 357 252  40 144
   1  17 114 384 300 480 176 409 318 497  10 378 132  74 427 408 359 103
 240 331 483 214  64 418 143 259 125 398 110  85 220 264 490 101  27 491
 441 244  37 289 188 267 476  34 371 456 130 446 474 482   9 454 145 355
 428 260 108 405 147 455 392 475  25 487 365 207 485 141 448 190 255  95
 354  90 187 473 412  79  14 484 391 161 333  75 312 426 205 126 151 334
 231 375 256 127 314 401  24 465 462 442 399 424 315 173 498 429 493 241
 495 461 397 374 323 327 153 400  23 107  53 271  63 489 229 270   0  18
 452 235  78 417  73 243 233 211 479 460 102  94 332 386 336 268 308  72
 212 302 293 306  52 248   6 438  16 403 160 439 129 411 447 215 204 226
 239 457 381 238 265  69 281 203  99  93 155 307 275  12  89 109 208 380
 216 451  19 348 303 344 116 179  44 301 330 373 279 387 349 251 140 453
  42 163 309 285  43 185  55 299 202 278  21 413  86 376 139 272 104 313
 292 196 372 328 297 263 137 478 317 280 296  61 390   8 149 224 282 276
 171 444 217  84  80 463 113 121 169  48  32 469  41 486  83  59 339 445
   7 111  39 246   5 356 236 142 112 193  88 232 146  38 436 382 419 431
 181  82 358 416 345 221 421 496 325  67  81 362  62 420 266  76 394 195
 174 364  71 464 158 198 321 258 135 106 353 287 154 184  56 361 437 326
 210 352 277 124  35 379  13 194 500 242 234 283  11 342 249  46 257 186
 363 492 133 298 245 274 370  68 388 227 250 254 367  57 404 157 201 467
 430 494 218 120 322 477 148  49 366  65 440  15  96 138 385 175 410 128
  54  20 294 402 253 156 407 269 191 435 165 291 443 340 122 199  51 159
 228 471 115 316 247 350 449 458 415 338 131 295 284 329  30 223   4 178
 459 119  36 434 273   3 393 167 117 481 305 351 136 470 200 335 172 213
 286 337 414 341  22  33 319 209 389  29  47 180 183 105  31 368  87 422
 346 468 230 164 360 310 320 150 222 166  98 472 225 197 425  92 134 432
 177 288  97 237 304 262 395 152 466 290  70 192 123  91 423]
Value - initial: 32669310, final: 1952607, improveup: 16.7311240818

data-line;i;32669310;f;1952607;t;5.0551109314;c;-2;fv;[1952607L];cv;-1;imp;16.7311240818;type;rvnd;inum;4;w;1

time;5.0551109314;man_time;0;neigh_time;0
man_time;0;man_merge_sol;0;man_best_sol;0;man_combine_sol;0

Waiting [0]
Terminating workers True 0 0
MPI TERMINATING
