pydf_home: /home/rodolfo/git/Sucuri
simple_pycuda_home: /home/rodolfo/git/simple-pycuda
wamca2016path: /home/rodolfo/git/wamca2016/
localpath: /home/rodolfo/git/dvnd-df/code/dvnd-df/src/
WAMCAPATH:/home/rodolfo/git/wamca2016/
param: {solution_index:5, solution_instance_index:38, multi_gpu:True, goal:False, problem_name:ml, number_of_moves:10, device_count:2, solver:rvnd, mpi_enabled:True, workers:1}
Using already created file:  wamca2016lib.so
Size: 657 - file name: 06_d657.tsp

Value - initial: 274041094-[646 134 305 316 419 526   7 387 543 338 333 432 127 383 139 457 145 444
 482  54 565  97 448 578 588 648 143 555 427 152 190  53 212  63   8 601
  87 384  68 311 307 656 534  50 251 434 301 327 556 585 213 329 260   6
 376 158 317 418 647 192 363 632 102 138 187   0  80 518  26  51 243 561
 244 253 453 519  19  10 217 359 416 210   2 655  33 511 167 107 435 150
 592 542  92 476 473  12 323 502 641 465 310 558 501 382 279 230 649  86
 200  99 464 523  78 347 573 563 403 300  95   5 205 173 577 214 513 227
 318 147  48 128 498 409  24 292 252 515  31 362 510 532 536 207 336 113
 413 441 238 232 488 576 280 183 112 354 125  43  40 298 271 341 266 289
 163 319 179 313 344 581 357 324 330 335   1  81 146 309 616 124 547  29
 414 334 157  30 626 645 624  82 350  25 312 379  14 250 405  57  72 220
  84 574 406 643 569 118  83 485 522 621  61 121 166 559  91 633 598 295
 342 169  35 255 116 428 275 247 360 637 290 267 417 429 283 188 367 135
 322 268 595 277 431  46 606 614 455 346 552 597 481 636 506 245 439 544
 539 263 490 170 226 548 315 284 395  49  15 401 407 529 371 593  38  16
 105 509 533 575 381 373 368 374 415 507 391 353   9 618  20 484 155 508
 489 261 149 378 483  36 176  90 582 572 475 115 337 286 520 141 193 195
 537 571 297  58 248 181 494 438 609  28 564 486 631  88 599 642 393 182
 443 462 530 278 446 365 197 568 591 620 505  56 282 233 308 325   4 527
 172  65 495 240 165 638  21 249 364 590 535 627 540 377 375 119 355 132
 634 504 625 123 164 120  69  71 423  79 229 402 320 356 168 117 223 628
 612 130  94 538 411 503 114 594 326 390 101 654 349 463 109 198 554 492
 596  17 204 160  62 274 447 287 142 512 293  47 262 189 106 545 420 126
  39 133 270 398 454 651  66 557 452 306 201  22 265 584 607 603 580 241
 184 493 399  44 259 487 215 566 257 178  55 622 296 144 370  96 153  76
 579 467  67 546  34 218 351 185 396 108 459 131 110 180 617 186 478 650
 129 103 451 433 570 445 199  98 339 386 623 151 136 589 191 404 242  52
 361  60 332 583 422 148 231 477 196 208 560 256  70 216 340 209 397 604
 410 394  45 222 269 175 652 303 469 321 137 239 531 236 122 331 161 154
  89 408 500 458 343 219 369 421  18 442 254 162 436 272 450 653 466 470
 206 480   3 328 211 202 613 517 345 389 224 159 177 551 610 258  32 276
 541  11 366 474 424  74 528 619  41 516 521 174  73 281  27 472 264 140
 600 400 372 456 228 358 440 499 611 425 304  85 479 635 221  77 352 514
 203 246 640 392 525 644 608 412 553 468 302  93 100 630 285  75 234 104
 586 497 291  23  37 549 156 288 380 449 460 550  59 587 562 111 491  42
  13 629 430 235 194 615 437 496 237 388 225 171 461 471 524 567  64 426
 294 273 639 299 605 314 602 348 385] - 274041094
Solver: RVND, number of workers: 1
Setting feeder affinity
I am the master. There are 1 mpi processes. (hostname = gpu01)
Roots [<pyDF.nodes.Feeder object at 0x7f9baa87fad0>]
Starting 0
Main loop
I am worker 0
GPU0
set random seed!
Initial: 274041094-[646 134 305 316 419 526   7 387 543 338 333 432 127 383 139 457 145 444
 482  54 565  97 448 578 588 648 143 555 427 152 190  53 212  63   8 601
  87 384  68 311 307 656 534  50 251 434 301 327 556 585 213 329 260   6
 376 158 317 418 647 192 363 632 102 138 187   0  80 518  26  51 243 561
 244 253 453 519  19  10 217 359 416 210   2 655  33 511 167 107 435 150
 592 542  92 476 473  12 323 502 641 465 310 558 501 382 279 230 649  86
 200  99 464 523  78 347 573 563 403 300  95   5 205 173 577 214 513 227
 318 147  48 128 498 409  24 292 252 515  31 362 510 532 536 207 336 113
 413 441 238 232 488 576 280 183 112 354 125  43  40 298 271 341 266 289
 163 319 179 313 344 581 357 324 330 335   1  81 146 309 616 124 547  29
 414 334 157  30 626 645 624  82 350  25 312 379  14 250 405  57  72 220
  84 574 406 643 569 118  83 485 522 621  61 121 166 559  91 633 598 295
 342 169  35 255 116 428 275 247 360 637 290 267 417 429 283 188 367 135
 322 268 595 277 431  46 606 614 455 346 552 597 481 636 506 245 439 544
 539 263 490 170 226 548 315 284 395  49  15 401 407 529 371 593  38  16
 105 509 533 575 381 373 368 374 415 507 391 353   9 618  20 484 155 508
 489 261 149 378 483  36 176  90 582 572 475 115 337 286 520 141 193 195
 537 571 297  58 248 181 494 438 609  28 564 486 631  88 599 642 393 182
 443 462 530 278 446 365 197 568 591 620 505  56 282 233 308 325   4 527
 172  65 495 240 165 638  21 249 364 590 535 627 540 377 375 119 355 132
 634 504 625 123 164 120  69  71 423  79 229 402 320 356 168 117 223 628
 612 130  94 538 411 503 114 594 326 390 101 654 349 463 109 198 554 492
 596  17 204 160  62 274 447 287 142 512 293  47 262 189 106 545 420 126
  39 133 270 398 454 651  66 557 452 306 201  22 265 584 607 603 580 241
 184 493 399  44 259 487 215 566 257 178  55 622 296 144 370  96 153  76
 579 467  67 546  34 218 351 185 396 108 459 131 110 180 617 186 478 650
 129 103 451 433 570 445 199  98 339 386 623 151 136 589 191 404 242  52
 361  60 332 583 422 148 231 477 196 208 560 256  70 216 340 209 397 604
 410 394  45 222 269 175 652 303 469 321 137 239 531 236 122 331 161 154
  89 408 500 458 343 219 369 421  18 442 254 162 436 272 450 653 466 470
 206 480   3 328 211 202 613 517 345 389 224 159 177 551 610 258  32 276
 541  11 366 474 424  74 528 619  41 516 521 174  73 281  27 472 264 140
 600 400 372 456 228 358 440 499 611 425 304  85 479 635 221  77 352 514
 203 246 640 392 525 644 608 412 553 468 302  93 100 630 285  75 234 104
 586 497 291  23  37 549 156 288 380 449 460 550  59 587 562 111 491  42
  13 629 430 235 194 615 437 496 237 388 225 171 461 471 524 567  64 426
 294 273 639 299 605 314 602 348 385]
Final time: 10.9220938683s - Best: 14146423-[646 645 644 643 642 641 640 639 638 637 636 634 635 633 632 631 544 545
 546 547 548 553 554 555 557 566 567 511 510 159 136 133 507 500 501 503
 502 499 495 492 489 488 487 490 486 485 480 481 484 514 515 518 517 516
 522 524 525 526 527 521 519 520 474 477 478 479 476 475 457 456 473 455
 459 460 467 465 461 454 451 452 450 448 449 453 458 464 468 466 462 463
 469  34  38  42  46  37  31  30  27  26  25  23 440 441 443 446 447 445
 444  19  18  13  17  16  20  15  14  21  24  32  33  35  36  39  41  44
  45  63  68  73  77  84  74  93  98  97  91 102 114 118 119 103  85  72
  69  59  57  52  48  55  58  61  66  71  80  75  81 106 112 122 111 107
 100  96  82  76  83  89  94  88  87  95 497 494 496 498 505 506 125 135
 152 175 188 192 176 151 167 153 143 150 158 166 179 184 177 154 149 147
 139 148 161 170 171 169 157 165 187 181 180 186 178 172 168 155 140 132
 137 142 129 128 130 116 101  79  60  53  64  78   6 117 131 138 163 156
 164 162 190 196 185 191 195 197 198 199 209 217 218 206 220 230 238 239
 253 261 271 263 264 288 293 299 303 307 317 322 335 345 341 347 361 372
 346 340 323 324 334 342 348 370 364 349 325 321 309 308 292 287 275 254
 248 236 225 215 221 232 241 247 251 260 268 276 270 252 227 219 214 208
 207 224 226 242 250 228 243 255 259 284 304 305 312 318 311 327 358 351
 357 333 339 328 313 286 283 274 272 291 277 249 233 244 256 267 282 285
 316 329 315 314 332 338 344 353 367 362 352 363 359 366 368 374 376 379
 384 394 403 407 412 413 406 402 395 385 396 378 373 401 405 414 423 431
 424 410 419 425 433 434 429 417 411 428 418 381 383 380 375 354 343 336
 330 319 302 295 301 281 278 265 245 222 216 212 205 203 193 174 189 182
 173 183 194 200 213 580 229 266 258 273 280 296 297 306 331 360 355 356
 337 607 610 606 605 601 600 598 592 279 257 246 586 581 582 578 574 573
 577 576 583 584 585 588 587 579 575 572 571 569 568 626 655 654 653 652
 648 647 649 650 651 630 629 628 552 562 561 564 560 565 563 558 550 549
 543 542 541 540 539 538 537 536 534 535 532 531 529 533 530 523 513 512
 493 504 126 124 127 145 144 109 491 482 472 483 471 470  47  51  62  56
  67 108 134 146 123 110 121 105 104  90  70  86  92  99 120 113  65  40
  50  54  49   7   8   9  11  12  10   1   2   3   4   5 141 210 235 231
 237 269 289 262 290 298 371 399 390 416 409 420 438 437 439 421 415 404
 400 398 391 389 397 388 422 436 430 435 387 369 350 326 320 310 365 377
 386 432 392 382 393 426 427 408 622 620 618 617 616 615 613 619 624 625
 623 621 614 609 604 603 599 593 590 594 591 596 597 602 611 612 608 595
 589 202 201 570 551 556 559 528 509 508 160 211 223 300 294 240 234 204
 115  28  29  22 442  43 627 656   0]
Value - initial: 274041094, final: 14146423, improveup: 19.3717587831

data-line;i;274041094;f;14146423;t;10.9220938683;c;-2;fv;[14146423L];cv;-1;imp;19.3717587831;type;rvnd;inum;5;w;1

time;10.9220938683;man_time;0;neigh_time;0
man_time;0;man_merge_sol;0;man_best_sol;0;man_combine_sol;0

Waiting [0]
Terminating workers True 0 0
MPI TERMINATING
