pydf_home: /home/rodolfo/git/Sucuri
simple_pycuda_home: /home/rodolfo/git/simple-pycuda
wamca2016path: /home/rodolfo/git/wamca2016/
localpath: /home/rodolfo/git/dvnd-df/code/dvnd-df/src/
WAMCAPATH:/home/rodolfo/git/wamca2016/
param: {solution_index:7, solution_instance_index:32, multi_gpu:True, goal:False, problem_name:ml, number_of_moves:10, device_count:2, solver:rvnd, mpi_enabled:True, workers:1}
Using already created file:  wamca2016lib.so
Size: 1001 - file name: 08_TRP-S1000-R1.tsp

Value - initial: 129415601-[537 122 177 ..., 223 387 985] - 129415601
Solver: RVND, number of workers: 1
Setting feeder affinity
I am the master. There are 1 mpi processes. (hostname = gpu01)
Roots [<pyDF.nodes.Feeder object at 0x7f64bd152ad0>]
Starting 0
Main loop
I am worker 0
GPU0
set random seed!
Initial: 129415601-[537 122 177 ..., 223 387 985]
Final time: 66.7650330067s - Best: 5602438-[537 451 765 ..., 265 993 521]
Value - initial: 129415601, final: 5602438, improveup: 23.0998720557

data-line;i;129415601;f;5602438;t;66.7650330067;c;-2;fv;[5602438L];cv;-1;imp;23.0998720557;type;rvnd;inum;7;w;1

time;66.7650330067;man_time;0;neigh_time;0
man_time;0;man_merge_sol;0;man_best_sol;0;man_combine_sol;0

Waiting [0]
Terminating workers True 0 0
MPI TERMINATING
