pydf_home: /home/rodolfo/git/Sucuri
simple_pycuda_home: /home/rodolfo/git/simple-pycuda
wamca2016path: /home/rodolfo/git/wamca2016/
localpath: /home/rodolfo/git/dvnd-df/code/dvnd-df/src/
WAMCAPATH:/home/rodolfo/git/wamca2016/
param: {solution_index:0, solution_instance_index:89, multi_gpu:True, goal:False, problem_name:ml, number_of_moves:10, device_count:2, solver:rvnd, mpi_enabled:True, workers:1}
Using already created file:  wamca2016lib.so
Size: 52 - file name: 01_berlin52.tsp

Value - initial: 854859-[45 29 38  5 44 20 23 25 35  1 18 10 49 50 37 28 51 39  6 24 36 17 32 34 27
 21 30  9 19 12 41 14 43 26 46 16 48 42 22 33  3  8 40  0 11 15 13 47  2 31
  4  7] - 854859
Solver: RVND, number of workers: 1
Setting feeder affinity
I am the master. There are 1 mpi processes. (hostname = gpu01)
Roots [<pyDF.nodes.Feeder object at 0x7f1b14228ad0>]
Starting 0
Main loop
I am worker 0
GPU0
set random seed!
Initial: 854859-[45 29 38  5 44 20 23 25 35  1 18 10 49 50 37 28 51 39  6 24 36 17 32 34 27
 21 30  9 19 12 41 14 43 26 46 16 48 42 22 33  3  8 40  0 11 15 13 47  2 31
  4  7]
Final time: 1.51227998734s - Best: 180311-[45 23 47 37 36 33 39 14  4  3  5 38 35 34  0 21 31 48 30 20 22 49 19 29  1
 41  6 16  2 17 15 28 46 25 26 27 24 43 44 18 40  7  9  8 42 32 50 11 51 12
 13 10]
Value - initial: 854859, final: 180311, improveup: 4.74102522863

data-line;i;854859;f;180311;t;1.51227998734;c;-2;fv;[180311L];cv;-1;imp;4.74102522863;type;rvnd;inum;0;w;1

time;1.51227998734;man_time;0;neigh_time;0
man_time;0;man_merge_sol;0;man_best_sol;0;man_combine_sol;0

Waiting [0]
Terminating workers True 0 0
MPI TERMINATING
