pydf_home: /home/rodolfo/git/Sucuri
simple_pycuda_home: /home/rodolfo/git/simple-pycuda
wamca2016path: /home/rodolfo/git/wamca2016/
localpath: /home/rodolfo/git/dvnd-df/code/dvnd-df/src/
WAMCAPATH:/home/rodolfo/git/wamca2016/
param: {solution_index:0, solution_instance_index:64, multi_gpu:True, goal:False, problem_name:ml, number_of_moves:10, device_count:2, solver:rvnd, mpi_enabled:True, workers:1}
Using already created file:  wamca2016lib.so
Size: 52 - file name: 01_berlin52.tsp

Value - initial: 827276-[ 1 28 27 42  8 47 16 25 19 49 48 43 13 36 29 33  2 39  6 12 45 22  5 51  9
 26  7  3 38 46 40 34 24 30 35 44 17 37 15 50 31 41 23 14 10 21 20  4 11 18
  0 32] - 827276
Solver: RVND, number of workers: 1
Setting feeder affinity
I am the master. There are 1 mpi processes. (hostname = gpu01)
Roots [<pyDF.nodes.Feeder object at 0x7fb17e54ead0>]
Starting 0
Main loop
I am worker 0
GPU0
set random seed!
Initial: 827276-[ 1 28 27 42  8 47 16 25 19 49 48 43 13 36 29 33  2 39  6 12 45 22  5 51  9
 26  7  3 38 46 40 34 24 30 35 44 17 37 15 50 31 41 23 14 10 21 20  4 11 18
  0 32]
Final time: 1.42507410049s - Best: 160558-[ 1  6 41 29 19 49 22 17 30 21  0 31 48 38 35 34 33 43 15 45 36 39 37 23 47
  5  4 14  3 24 11 27 26 25 46 13 12 51 10 50 42  9  8  7 40 18 44 20 28 32
 16  2]
Value - initial: 827276, final: 160558, improveup: 5.15250563659

data-line;i;827276;f;160558;t;1.42507410049;c;-2;fv;[160558L];cv;-1;imp;5.15250563659;type;rvnd;inum;0;w;1

time;1.42507410049;man_time;0;neigh_time;0
man_time;0;man_merge_sol;0;man_best_sol;0;man_combine_sol;0

Waiting [0]
Terminating workers True 0 0
MPI TERMINATING
