pydf_home: /home/rodolfo/git/Sucuri
simple_pycuda_home: /home/rodolfo/git/simple-pycuda
wamca2016path: /home/rodolfo/git/wamca2016/
localpath: /home/rodolfo/git/dvnd-df/code/dvnd-df/src/
WAMCAPATH:/home/rodolfo/git/wamca2016/
param: {solution_index:2, solution_instance_index:84, multi_gpu:True, goal:False, problem_name:ml, number_of_moves:10, device_count:2, solver:rvnd, mpi_enabled:True, workers:1}
Using already created file:  wamca2016lib.so
Size: 226 - file name: 03_pr226.tsp

Value - initial: 193394445-[ 64  91  35 211  17  60   8  18 133  90 165   4 134 129  88  10 183 191
 158  55  84 197 215  46 212 109  92 141 172 181  19  77 225  56 180  53
 188 190 156  25  32 203  74  86 143  75 174 115 222 161  24  78 205  80
 111 177 167  85 208 170 196   7 110  68 217  11 144 102  95 101  63  96
  45  71 149 218  50 150 132 121 105 192   1  13  89  54 120 106 186  21
 112  41  28  27  76  30  26 126 178 124  61  43 160  38  31 157 210  82
 135 125 219  81 179  23 223  79 185  73 152  93  37  57 139 209 123 166
  87 136 168  20 118 173  22 194 130 200 159 193 182 138 147  59 163  40
  12  51 140 103 189 146 199  99  70 137 100 108   5 153  72  52 184 175
 176 116 117 114 154 169  83   3  33 155  49 122 216  14  36  47   6   0
  42 207 162  48 213 142 128 204 151  58  34 113 214  67 164   9 195 145
  97 148 107 224  15  66 119   2  44 104 187  65  62  98 171 201 127 202
 198  69  29 206 220  94  16  39 131 221] - 193394445
Solver: RVND, number of workers: 1
Setting feeder affinity
I am the master. There are 1 mpi processes. (hostname = gpu01)
Roots [<pyDF.nodes.Feeder object at 0x7f42d1ccfad0>]
Starting 0
Main loop
I am worker 0
GPU0
set random seed!
Initial: 193394445-[ 64  91  35 211  17  60   8  18 133  90 165   4 134 129  88  10 183 191
 158  55  84 197 215  46 212 109  92 141 172 181  19  77 225  56 180  53
 188 190 156  25  32 203  74  86 143  75 174 115 222 161  24  78 205  80
 111 177 167  85 208 170 196   7 110  68 217  11 144 102  95 101  63  96
  45  71 149 218  50 150 132 121 105 192   1  13  89  54 120 106 186  21
 112  41  28  27  76  30  26 126 178 124  61  43 160  38  31 157 210  82
 135 125 219  81 179  23 223  79 185  73 152  93  37  57 139 209 123 166
  87 136 168  20 118 173  22 194 130 200 159 193 182 138 147  59 163  40
  12  51 140 103 189 146 199  99  70 137 100 108   5 153  72  52 184 175
 176 116 117 114 154 169  83   3  33 155  49 122 216  14  36  47   6   0
  42 207 162  48 213 142 128 204 151  58  34 113 214  67 164   9 195 145
  97 148 107 224  15  66 119   2  44 104 187  65  62  98 171 201 127 202
 198  69  29 206 220  94  16  39 131 221]
Final time: 2.08073401451s - Best: 7464360-[ 64  65 102 110 111 104 103 112 113 105 106 114 115 107 108 116 117 109
 125 118 119 127 126 120 121 128 130 122 123 129 131 124 225 224 223 222
 221 220 219 218 217 216 215 214 213 212 211 210 209 208 207 206 205 204
 203 202 201 200 199 198 197 196 195 194 193 192 191 190 189 188 187 186
 185 184 183 182 181 180 179 178 177 176 175 174 173 172 171 170 169 168
 167 166 165 164 163 162 161 160 159 158 157 156 155 154 149 142 141 147
 148 140 139 146 144 138 137 145 143 136 101  93  92 100  99  91  90  98
  97  89  87  96  95  88  86  94  62  61  60  59  58  57  56  55  54  53
  52  51  50  49  48  47  32  31  30  35  44  45  43  36  34  33  29  28
  27  26  25  24  23  22  21  20  19  18  17  16  15  14  13   9   8   6
   5   4   7  10  11  12  70  67  66  68  69  71   3   2   1   0  72  73
  74  75  76  77  78  79  80  81  82  83  84  85 132 133 134 135  63  46
  37  38  41  42 150 151 152 153  40  39]
Value - initial: 193394445, final: 7464360, improveup: 25.9090457856

data-line;i;193394445;f;7464360;t;2.08073401451;c;-2;fv;[7464360L];cv;-1;imp;25.9090457856;type;rvnd;inum;2;w;1

time;2.08073401451;man_time;0;neigh_time;0
man_time;0;man_merge_sol;0;man_best_sol;0;man_combine_sol;0

Waiting [0]
Terminating workers True 0 0
MPI TERMINATING
