pydf_home: /home/rodolfo/git/Sucuri
simple_pycuda_home: /home/rodolfo/git/simple-pycuda
wamca2016path: /home/rodolfo/git/wamca2016/
localpath: /home/rodolfo/git/dvnd-df/code/dvnd-df/src/
WAMCAPATH:/home/rodolfo/git/wamca2016/
param: {solution_index:4, solution_instance_index:46, multi_gpu:True, goal:False, problem_name:ml, number_of_moves:10, device_count:2, solver:rvnd, mpi_enabled:True, workers:1}
Using already created file:  wamca2016lib.so
Size: 501 - file name: 05_TRP-S500-R1.tsp

Value - initial: 32659202-[327 176 217 118 483  36  94 197 464  71 106 275 205 369 193 337   1 242
 230 408 268 151 374 333 290 262 440  34 211 417 163 146 236 113  69 463
 338 351 331 459 497 314  84 326 132  37 310  63 480 248 181 304 173 378
   5 403 249 325 466  57 139 330 245 430 482  86 414 489 406 280 136 341
  81 373 160 119 250 169 377 112  55  44  91 206 472 449 381 177 303 485
 448 202  50 164 460 385 453 256 101 491 133 365 404 291 213   2   6  30
 178 279 234 196  78 335 165 352 320 306 442 269 424 194 261  25 116 348
 371 241 227  24 384   7 300 286 397 427 124 125 323  38 295 353 277 446
 282 100 402  14 399 166 435 152 144 477  29 103 130  10 346 386   8 120
 484 423 190 135 257 382 387 498 395   4 450 137 316 209  54  43 199  83
 311 356 204 383 221 296 115 434  60 357 476 228 469 274 468 258 123 367
 233 419 342  82 418 102 180 315  22 140 273 162 488  19  35  52 431 451
  23 481 400 370 391  97 436  56  65 443  17 110 224 438 413 161 243 478
 229 182  61 201 157 350  88 420 294  70 246 364 393 471 185  67 389 457
 117 200 439  72  98 156   9 138 422 332 195 321 324 358 253 158  79 208
 143 159 455 444 388 260 379 479 461 203 220 425 429 447 302  20 107 412
 104 155 216  12 405 421 354 392 134 131 433 366 265 214 292 153 252 141
 307 285 409 312 494 401  41  89 109 343 264 126 445 251 287 121 372 441
 410 223 462 473 407  90 368 142  93  77 183 154 334 215 168 359 129 284
  92 187 492 340 299 361 394 309 114 184 175 150  51 266 363 167 318  87
 375 475 345  40 276 232 198 254 319  16 186  58 235 128 308 148 396  15
 238 207 426  68 349 458  47 432  76 500 283 171 360 493 322 495 244  31
  62 416 267 218 210 270 281 172 239 255 474 240  32 189  80 105 336 347
  95 289 247 192 226  42 174 111 231 411  45 362 467  48 212  64  27 108
 225 390 328  26  73 415  33 339 487 437  39 237 298 259 191 127 344 288
 278  13 263 428   0   3  99  85 398  49 376 355 454  66 313 465 380 122
 222 305  21  59 456  28 293 452 272 486 147 317 301  46 188  96 490 329
 470  53 170  74  11 297 496  75 179 219 499 145 271  18 149] - 32659202
Solver: RVND, number of workers: 1
Setting feeder affinity
I am the master. There are 1 mpi processes. (hostname = gpu01)
Roots [<pyDF.nodes.Feeder object at 0x7faadeec1ad0>]
Starting 0
Main loop
I am worker 0
GPU0
set random seed!
Initial: 32659202-[327 176 217 118 483  36  94 197 464  71 106 275 205 369 193 337   1 242
 230 408 268 151 374 333 290 262 440  34 211 417 163 146 236 113  69 463
 338 351 331 459 497 314  84 326 132  37 310  63 480 248 181 304 173 378
   5 403 249 325 466  57 139 330 245 430 482  86 414 489 406 280 136 341
  81 373 160 119 250 169 377 112  55  44  91 206 472 449 381 177 303 485
 448 202  50 164 460 385 453 256 101 491 133 365 404 291 213   2   6  30
 178 279 234 196  78 335 165 352 320 306 442 269 424 194 261  25 116 348
 371 241 227  24 384   7 300 286 397 427 124 125 323  38 295 353 277 446
 282 100 402  14 399 166 435 152 144 477  29 103 130  10 346 386   8 120
 484 423 190 135 257 382 387 498 395   4 450 137 316 209  54  43 199  83
 311 356 204 383 221 296 115 434  60 357 476 228 469 274 468 258 123 367
 233 419 342  82 418 102 180 315  22 140 273 162 488  19  35  52 431 451
  23 481 400 370 391  97 436  56  65 443  17 110 224 438 413 161 243 478
 229 182  61 201 157 350  88 420 294  70 246 364 393 471 185  67 389 457
 117 200 439  72  98 156   9 138 422 332 195 321 324 358 253 158  79 208
 143 159 455 444 388 260 379 479 461 203 220 425 429 447 302  20 107 412
 104 155 216  12 405 421 354 392 134 131 433 366 265 214 292 153 252 141
 307 285 409 312 494 401  41  89 109 343 264 126 445 251 287 121 372 441
 410 223 462 473 407  90 368 142  93  77 183 154 334 215 168 359 129 284
  92 187 492 340 299 361 394 309 114 184 175 150  51 266 363 167 318  87
 375 475 345  40 276 232 198 254 319  16 186  58 235 128 308 148 396  15
 238 207 426  68 349 458  47 432  76 500 283 171 360 493 322 495 244  31
  62 416 267 218 210 270 281 172 239 255 474 240  32 189  80 105 336 347
  95 289 247 192 226  42 174 111 231 411  45 362 467  48 212  64  27 108
 225 390 328  26  73 415  33 339 487 437  39 237 298 259 191 127 344 288
 278  13 263 428   0   3  99  85 398  49 376 355 454  66 313 465 380 122
 222 305  21  59 456  28 293 452 272 486 147 317 301  46 188  96 490 329
 470  53 170  74  11 297 496  75 179 219 499 145 271  18 149]
Final time: 9.64507699013s - Best: 1953798-[327 323 374 173 315 424 283  11 462 465  24 401 314 127 256 375 231 482
   9 474 446 130 456 371  34 476 267 188 289  37 244 441 491  27 101 490
 264 220  85 110 398 483 214 125 259 143  64 418  47  29 389 209 499 319
 383  28 182  45 347  60 324 162 311 450 369 377 488   2 168 170  92 131
 295 338 415 350 449 458 284 329  54 128  20 294 156 407 269 191  57 367
 435 455 147 405 108 205 126 250 227  75 161 484 391 412 473 187  90 475
  25 487 365 207 485 141 448 190 255  95 354  79  14 333 274 370 388  68
 308  72 212 302 293 306  52 248   6 438  16 411 403 160 439 129 239 226
 204 215 447 152 460 102 268 336 386 332  94 479 211 233 451 216 208 380
 301 330  44 373 179 116 344 303 235 452  18   0 150  53 107  23 400 153
 271  63 229 489 320 397 498 429 493 461 241 495  56 361 423 399 442 234
 242 500 194  13 379  35  31 105 331 240 103 132 359 408 427  74 318 409
 176 497 378  10 368 124 277 352 326 210  87  81 362  62 420 266  76 394
 195 436  38 146 174 364  71 464 198 287 353 321 258 106 135 164 360 310
 390   8 149 224 192  86 376 139 272 104 313 317 478 137 263 297 328 196
 372 279 349 387 275  12  89 457 381 238 265  69 281 203 290  99  93 466
 155 307  70 251 140 453  42 163 285  43 309  55 185 292 299 202 278  21
 413 123  91 444 171 282 276 217  84  80 463 113 121 169  48  32 469  41
 486  59  83   7 111 445 339 356   5 236 142 112 193  88 419 382 431 181
  82 358 416 345 221 421 496 325  67 480 300 384 114  17   1 144  40 206
  58 406 357 252 180 396  77 100 433 343 219 118 261  22 341 414 337 286
 213 172 335 200 470 136  33 351 305 481 117 167  50  26 189 425 247 316
 115 471 228 159  51 199 472 340 443 122 134 432 291 165 404 157 201 467
 430 288 494 218 120 322 477 148  49 366  65 440  15  96 177 138 385 175
 410  30 178   3 393 273 434  36 119 459   4 223 402 253 254 392 426 312
 245 298 492 133 151 334 260 428 355 145 363 186 257  46 249 342 222 166
  98  78 417  73 262 395 243  19 348 270 280 296  61 184 154 230 468 346
 232 246  39 158 422 437 183  66 197 225 454 304 237  97 109]
Value - initial: 32659202, final: 1953798, improveup: 16.7157515772

data-line;i;32659202;f;1953798;t;9.64507699013;c;-2;fv;[1953798L];cv;-1;imp;16.7157515772;type;rvnd;inum;4;w;1

time;9.64507699013;man_time;0;neigh_time;0
man_time;0;man_merge_sol;0;man_best_sol;0;man_combine_sol;0

Waiting [0]
Terminating workers True 0 0
MPI TERMINATING
