pydf_home: /home/rodolfo/git/Sucuri
simple_pycuda_home: /home/rodolfo/git/simple-pycuda
wamca2016path: /home/rodolfo/git/wamca2016/
localpath: /home/rodolfo/git/dvnd-df/code/dvnd-df/src/
WAMCAPATH:/home/rodolfo/git/wamca2016/
param: {solution_index:3, solution_instance_index:78, multi_gpu:True, goal:False, problem_name:ml, number_of_moves:10, device_count:2, solver:rvnd, mpi_enabled:True, workers:1}
Using already created file:  wamca2016lib.so
Size: 318 - file name: 04_lin318.tsp

Value - initial: 94991047-[222 268 252 192 276 154 106 134 306 111 164 165 206 126 309 197 294  89
   0 250  56 218 248 185 275  35 297 295  55  40 269 209 299 109 176 210
 232 193 150  64 213 158  52 267  19  10 194 127 310   8 147 204 238 108
  30 315 264 170 137 133 130  94 257 125  60 246 227  90   1  23 153 289
 114 288 230 124 263 239 271 253  97 166  16 307 247  31 273 182  81 287
 312 183 220  69   2  51 203 298  43 216 229  21 104 302   3 120 245  80
 123 201 146 311 112 102  86 303  38  27   6 167 184 282  79 202 171 225
 116 122 286 162 113 129 272 231 308 160 258 278 191  54   5 135  36 118
 255 156 188 200  74 101 155  18 103   7 189 283 140  45 187 290 277   4
  92  25  82  29  70 296  44 301  83  98 107 195 256  28 285 226  62  58
 260 159 175 259  15 305   9 100 117 244  22  14 105 177  49  91 196 168
 152 314 292 131  65 174 211 190 249 132 262 157 261 143 144  85 251 169
  33 148 149 235  32 304 115 243 163  34 223 128 274 186  47 300 317  99
  13 284 237 142 179  39  59 138 221 280  50 241  46  48  66  20 234  78
 161  87 141  42  88 316  24  71  77 172  93 208 110  75 279 151  76 228
  68  12 145 291  53 173 293 217 119 254  11  26 236 265 136  73  84 270
 233 198 219 212 242 313 207 121 180 215  57  41  63 199 266 281 178  72
  67  95  37 139 205 224 181 214 240  96  17  61] - 94991047
Solver: RVND, number of workers: 1
Setting feeder affinity
I am the master. There are 1 mpi processes. (hostname = gpu01)
Roots [<pyDF.nodes.Feeder object at 0x7f78dbcb0ad0>]
Starting 0
Main loop
I am worker 0
GPU0
set random seed!
Initial: 94991047-[222 268 252 192 276 154 106 134 306 111 164 165 206 126 309 197 294  89
   0 250  56 218 248 185 275  35 297 295  55  40 269 209 299 109 176 210
 232 193 150  64 213 158  52 267  19  10 194 127 310   8 147 204 238 108
  30 315 264 170 137 133 130  94 257 125  60 246 227  90   1  23 153 289
 114 288 230 124 263 239 271 253  97 166  16 307 247  31 273 182  81 287
 312 183 220  69   2  51 203 298  43 216 229  21 104 302   3 120 245  80
 123 201 146 311 112 102  86 303  38  27   6 167 184 282  79 202 171 225
 116 122 286 162 113 129 272 231 308 160 258 278 191  54   5 135  36 118
 255 156 188 200  74 101 155  18 103   7 189 283 140  45 187 290 277   4
  92  25  82  29  70 296  44 301  83  98 107 195 256  28 285 226  62  58
 260 159 175 259  15 305   9 100 117 244  22  14 105 177  49  91 196 168
 152 314 292 131  65 174 211 190 249 132 262 157 261 143 144  85 251 169
  33 148 149 235  32 304 115 243 163  34 223 128 274 186  47 300 317  99
  13 284 237 142 179  39  59 138 221 280  50 241  46  48  66  20 234  78
 161  87 141  42  88 316  24  71  77 172  93 208 110  75 279 151  76 228
  68  12 145 291  53 173 293 217 119 254  11  26 236 265 136  73  84 270
 233 198 219 212 242 313 207 121 180 215  57  41  63 199 266 281 178  72
  67  95  37 139 205 224 181 214 240  96  17  61]
Final time: 2.82401394844s - Best: 6368862-[222 223 218 217 212 210 211 215 216 219 220 224 221 225 226 227 234 235
 236 233 228 237 232 229 312 230 231 238 239 240 241 242 313 249 254 257
 259 264 265 266 263 260 256 253 250 251 252 255 261 262 267 271 272 270
 269 274 275 296 297 299 298 290 284 283 279 278 282 285 289 281 286 288
 293 294 292 291 287 280 277 276 169 170 167 166 162 157 156 161 158 155
 151 148 150 147 145 146 141 140 130 129 122 121 120 123 128 131 132 127
 124 207 125 126 133 134 135 136 137 208 144 149 152 154 159 160 209 168
 173 174 178 179 185 184 180 177 183 181 176 171 172 175 182 186 187 188
 189  86  87 195 196 200 201 205 206  99  93  94  89  88  85  83  84  82
  81  77  70  67  66  71  76  78  72  75  79  80  74  73  68  69  62  61
  57  52  51  45  46  50  53  56  55  54  49  47  44  43  40  42  41  36
  35  25  24  17  16  15  26  23  18  11  19  22  27  32  31  30  29  28
  21  20 102  14  10   9   6   5   1   0   2   7   8   4   3 105 106 110
 111 114 115  12  13 119 116 107 112 113 109 108 117 118 138 139 143 142
 258 165 164 268 314 273 295 302 310 311 204 306 305 301 300 198 199 191
 192 194 193 190  64  65  60  59 163 153  38  37  33  34 103  39  48 315
 316  58 104  63  90  91  95  96 100 101  92  97  98 197 202 203 307 308
 309 304 303 317 248 247 244 243 213 214 246 245]
Value - initial: 94991047, final: 6368862, improveup: 14.914916825

data-line;i;94991047;f;6368862;t;2.82401394844;c;-2;fv;[6368862L];cv;-1;imp;14.914916825;type;rvnd;inum;3;w;1

time;2.82401394844;man_time;0;neigh_time;0
man_time;0;man_merge_sol;0;man_best_sol;0;man_combine_sol;0

Waiting [0]
Terminating workers True 0 0
MPI TERMINATING
