pydf_home: /home/rodolfo/git/Sucuri
simple_pycuda_home: /home/rodolfo/git/simple-pycuda
wamca2016path: /home/rodolfo/git/wamca2016/
localpath: /home/rodolfo/git/dvnd-df/code/dvnd-df/src/
WAMCAPATH:/home/rodolfo/git/wamca2016/
param: {solution_index:3, solution_instance_index:51, multi_gpu:True, goal:False, problem_name:ml, number_of_moves:10, device_count:2, solver:rvnd, mpi_enabled:True, workers:1}
Using already created file:  wamca2016lib.so
Size: 318 - file name: 04_lin318.tsp

Value - initial: 94234447-[137 240 238 284  63  70 239 132 169   8 144 313  59  61  38 120 247 185
  28  11 107 258   3 163 196  57 220 268 116  64 295  14 308 109 112 310
  15  26  87 315 251 194 183 124 175 219 140 234 113  76 122 277 290  74
 282 200 270  84  79 184  68 241 211 177 106 311 286 111 265 166 141 296
  22 237   1 242 108  73  62  13 189 143 118  42 167  18  96 202 302 243
  92  82  66 253  80 209 250 104 186 197  78 214  77  44 134 294 314 103
  36 267 303 195 131 129   5 309 181  37 162 278  31 235 279 263 285  98
 135 317 245  27  56 255  24 273  32 222 172  48 228 226 297  40  81 114
  20 264 142  71  72 188 182 125  29 121 146   6 205 262 165   4 150 301
 304  50 271 155 127 105  85  41 161 119  16 190 206 298 149 100 151 306
 221 287 117 147 101  93  30 291 246 261  10 173 179 236  35  67 160 139
  23  55 164 115  47 230 288 316 110 192  99  39  83  94 227  54  95  86
 152  34 257 244 207 249 145 269  89 312 252  90  97 126  75 187 260  60
  58 178  91 248  65 280 289 254 256  46  49 293 218  21 266 212 193 215
 292 232 136  51 233  12 275  53   9 198 128 171  19 217 283 123 168 259
 272  43 176 299 154 138  25 216 300 148 281 204 225 276 229 159 210 191
 224 156 170 223  17 180 208 102 158  69   7 305  88 201 274 203  52 174
 231 130  33 199 133  45 307   0   2 153 213 157] - 94234447
Solver: RVND, number of workers: 1
Setting feeder affinity
I am the master. There are 1 mpi processes. (hostname = gpu01)
Roots [<pyDF.nodes.Feeder object at 0x7f1e6b787ad0>]
Starting 0
Main loop
I am worker 0
GPU0
set random seed!
Initial: 94234447-[137 240 238 284  63  70 239 132 169   8 144 313  59  61  38 120 247 185
  28  11 107 258   3 163 196  57 220 268 116  64 295  14 308 109 112 310
  15  26  87 315 251 194 183 124 175 219 140 234 113  76 122 277 290  74
 282 200 270  84  79 184  68 241 211 177 106 311 286 111 265 166 141 296
  22 237   1 242 108  73  62  13 189 143 118  42 167  18  96 202 302 243
  92  82  66 253  80 209 250 104 186 197  78 214  77  44 134 294 314 103
  36 267 303 195 131 129   5 309 181  37 162 278  31 235 279 263 285  98
 135 317 245  27  56 255  24 273  32 222 172  48 228 226 297  40  81 114
  20 264 142  71  72 188 182 125  29 121 146   6 205 262 165   4 150 301
 304  50 271 155 127 105  85  41 161 119  16 190 206 298 149 100 151 306
 221 287 117 147 101  93  30 291 246 261  10 173 179 236  35  67 160 139
  23  55 164 115  47 230 288 316 110 192  99  39  83  94 227  54  95  86
 152  34 257 244 207 249 145 269  89 312 252  90  97 126  75 187 260  60
  58 178  91 248  65 280 289 254 256  46  49 293 218  21 266 212 193 215
 292 232 136  51 233  12 275  53   9 198 128 171  19 217 283 123 168 259
 272  43 176 299 154 138  25 216 300 148 281 204 225 276 229 159 210 191
 224 156 170 223  17 180 208 102 158  69   7 305  88 201 274 203  52 174
 231 130  33 199 133  45 307   0   2 153 213 157]
Final time: 2.61099886894s - Best: 6084693-[137 136 135 134 133 126 125 207 124 127 132 123 128 131 130 129 122 120
 121 112 113 109 108 210 211 215 216 219 220 224 230 231 238 312 229 232
 237 239 240 241 138 139 143 142 249 254 257 259 264 265 266 263 260 256
 253 250 251 252 255 261 262 267 271 272 279 278 283 284 290 289 285 282
 281 286 288 293 294 292 291 287 280 277 276 169 170 174 173 178 179 185
 184 180 177 183 181 176 171 172 175 182 186 187 188 189  86  87  65  64
  59  60  62  61  63  71  76  78  79  75  72  68  69  73  74  80  85  83
  84  82  81  77  70  67  66 104  58  55  54  56  53  50  46  43  44  47
  49  48  39 103  40  42  45  51  52  57  41  36  35  32  27  22  19  29
  30  31  28  21  20 102  14  10   9   6   5   1   0   2  11  18  23  26
  25  24  17  15  16  13  12 115 114 111 110   4   3 106 105 107 116 119
  33  34  38  37 144 153 149 152 154 159 160 163 209 161 158 155 151 148
 145 146 147 150 156 157 162 167 166 168 190 195 196  93  94  99 206 205
 201 200 197 202 203 199 198 204 311 310 306 305 301 300 302 298 299 307
 308 309 304 303 297 296 275 274 270 269 317 248 247 244 243 223 222 213
 214 218 217 212 221 225 226 227 234 235 228 233 236 242 245 246 313 258
 165 164 268 314 273 295 191 192 194 193  89  88  98  97  92 101 100  96
  95  91  90 316 315   7   8 140 141 118 117 208]
Value - initial: 94234447, final: 6084693, improveup: 15.4871325472

data-line;i;94234447;f;6084693;t;2.61099886894;c;-2;fv;[6084693L];cv;-1;imp;15.4871325472;type;rvnd;inum;3;w;1

time;2.61099886894;man_time;0;neigh_time;0
man_time;0;man_merge_sol;0;man_best_sol;0;man_combine_sol;0

Waiting [0]
Terminating workers True 0 0
MPI TERMINATING
