pydf_home: /home/rodolfo/git/Sucuri
simple_pycuda_home: /home/rodolfo/git/simple-pycuda
wamca2016path: /home/rodolfo/git/wamca2016/
localpath: /home/rodolfo/git/dvnd-df/code/dvnd-df/src/
WAMCAPATH:/home/rodolfo/git/wamca2016/
param: {solution_index:0, solution_instance_index:14, multi_gpu:True, goal:False, problem_name:ml, number_of_moves:10, device_count:2, solver:rvnd, mpi_enabled:True, workers:1}
Using already created file:  wamca2016lib.so
Size: 52 - file name: 01_berlin52.tsp

Value - initial: 756653-[ 4 38 17 22  1 18 43 34  8 49  9 11 37  0  6 46  7 26 28 19 27 29 33 10 44
 42 39 24 41 16 14 45 50 51 20 40 30 31 12  3 35 48 23 36  5 32 13 25  2 21
 15 47] - 756653
Solver: RVND, number of workers: 1
Setting feeder affinity
I am the master. There are 1 mpi processes. (hostname = gpu01)
Roots [<pyDF.nodes.Feeder object at 0x7f0daea6cad0>]
Starting 0
Main loop
I am worker 0
GPU0
set random seed!
Initial: 756653-[ 4 38 17 22  1 18 43 34  8 49  9 11 37  0  6 46  7 26 28 19 27 29 33 10 44
 42 39 24 41 16 14 45 50 51 20 40 30 31 12  3 35 48 23 36  5 32 13 25  2 21
 15 47]
Final time: 1.65143203735s - Best: 141691-[ 4 14  5 23 47 37 36 39 38 33 34 35 48 31  0 21 30 17 44 18  7 40  2 16 20
 41  6  1 29 22 19 49 28 15 43 45 24  3 11 27 26 25 46 12 13 51 10 50 32 42
  9  8]
Value - initial: 756653, final: 141691, improveup: 5.34016274852

data-line;i;756653;f;141691;t;1.65143203735;c;-2;fv;[141691L];cv;-1;imp;5.34016274852;type;rvnd;inum;0;w;1

time;1.65143203735;man_time;0;neigh_time;0
man_time;0;man_merge_sol;0;man_best_sol;0;man_combine_sol;0

Waiting [0]
Terminating workers True 0 0
MPI TERMINATING
