pydf_home: /home/rodolfo/git/Sucuri
simple_pycuda_home: /home/rodolfo/git/simple-pycuda
wamca2016path: /home/rodolfo/git/wamca2016/
localpath: /home/rodolfo/git/dvnd-df/code/dvnd-df/src/
WAMCAPATH:/home/rodolfo/git/wamca2016/
param: {solution_index:0, solution_instance_index:7, multi_gpu:True, goal:False, problem_name:ml, number_of_moves:10, device_count:2, solver:rvnd, mpi_enabled:True, workers:1}
Using already created file:  wamca2016lib.so
Size: 52 - file name: 01_berlin52.tsp

Value - initial: 625586-[15 35 18 20  1 30 31 49 45 42 46 47 34 24  3  6 29  2 19  9 22 48 17 36 39
 26 38 12 10 23 27 33 21 43  8 44 11 41 14 40 50 51 25 37  4  0 32 16 13  7
 28  5] - 625586
Solver: RVND, number of workers: 1
Setting feeder affinity
I am the master. There are 1 mpi processes. (hostname = gpu01)
Roots [<pyDF.nodes.Feeder object at 0x7ff789486ad0>]
Starting 0
Main loop
I am worker 0
GPU0
set random seed!
Initial: 625586-[15 35 18 20  1 30 31 49 45 42 46 47 34 24  3  6 29  2 19  9 22 48 17 36 39
 26 38 12 10 23 27 33 21 43  8 44 11 41 14 40 50 51 25 37  4  0 32 16 13  7
 28  5]
Final time: 1.60439610481s - Best: 139058-[15 43 45 47 23  4  5 14 37 36 39 38 33 34 35 48 31  0 21 17 30 22 19 49 28
 29  1  6 41 20 16  2 44 18 40  7  8  9 42  3 24 11 27 26 25 46 12 13 51 10
 50 32]
Value - initial: 625586, final: 139058, improveup: 4.49874153231

data-line;i;625586;f;139058;t;1.60439610481;c;-2;fv;[139058L];cv;-1;imp;4.49874153231;type;rvnd;inum;0;w;1

time;1.60439610481;man_time;0;neigh_time;0
man_time;0;man_merge_sol;0;man_best_sol;0;man_combine_sol;0

Waiting [0]
Terminating workers True 0 0
MPI TERMINATING
