pydf_home: /home/rodolfo/git/Sucuri
simple_pycuda_home: /home/rodolfo/git/simple-pycuda
wamca2016path: /home/rodolfo/git/wamca2016/
localpath: /home/rodolfo/git/dvnd-df/code/dvnd-df/src/
WAMCAPATH:/home/rodolfo/git/wamca2016/
param: {solution_index:0, solution_instance_index:59, multi_gpu:True, goal:False, problem_name:ml, number_of_moves:10, device_count:2, solver:rvnd, mpi_enabled:True, workers:1}
Using already created file:  wamca2016lib.so
Size: 52 - file name: 01_berlin52.tsp

Value - initial: 876606-[27  5  6 46 15 43 48 28 30 51 36 13 18 31 16 12  8 39 10 35 42 41 49 22  7
  3  4 50 11 40 26 21 44 25 38 33  2 34  9 20 32 45 19 17 24 37 14 47 23 29
  0  1] - 876606
Solver: RVND, number of workers: 1
Setting feeder affinity
I am the master. There are 1 mpi processes. (hostname = gpu01)
Roots [<pyDF.nodes.Feeder object at 0x7f3056c05ad0>]
Starting 0
Main loop
I am worker 0
GPU0
set random seed!
Initial: 876606-[27  5  6 46 15 43 48 28 30 51 36 13 18 31 16 12  8 39 10 35 42 41 49 22  7
  3  4 50 11 40 26 21 44 25 38 33  2 34  9 20 32 45 19 17 24 37 14 47 23 29
  0  1]
Final time: 1.51492094994s - Best: 146688-[27 11 24  3  5 14  4 23 47 37 36 39 38 35 34 33 43 45 15 49 19 22 30 17 21
  0 48 31 44 18 40  7  8  9 42 32 50 10 51 13 12 26 25 46 28 29 20  2 16 41
  6  1]
Value - initial: 876606, final: 146688, improveup: 5.97598985602

data-line;i;876606;f;146688;t;1.51492094994;c;-2;fv;[146688L];cv;-1;imp;5.97598985602;type;rvnd;inum;0;w;1

time;1.51492094994;man_time;0;neigh_time;0
man_time;0;man_merge_sol;0;man_best_sol;0;man_combine_sol;0

Waiting [0]
Terminating workers True 0 0
MPI TERMINATING
