pydf_home: /home/rodolfo/git/Sucuri
simple_pycuda_home: /home/rodolfo/git/simple-pycuda
wamca2016path: /home/rodolfo/git/wamca2016/
localpath: /home/rodolfo/git/dvnd-df/code/dvnd-df/src/
WAMCAPATH:/home/rodolfo/git/wamca2016/
param: {solution_index:6, solution_instance_index:43, multi_gpu:True, goal:False, problem_name:ml, number_of_moves:10, device_count:2, solver:rvnd, mpi_enabled:True, workers:1}
Using already created file:  wamca2016lib.so
Size: 783 - file name: 07_rat784.tsp

Value - initial: 68711420-[532 722 589 406 227 115 268 316 606 632 157 563 166 724  29  99 260 288
 495 111 380   7  28 746 184 770 352 381 555 357 458 240 601 526 521 114
 140 233 322  68 438 376 231  65 339 389 203 177 238 375 144 483 546 630
 502 477 366 332 340 212 607 547 762 542 349 778  88 675 455 318 255 319
 583 568 373 660 236 716 579 253 654 369 744 441 702 273 636 182 478 781
 429 585 160 181 205 301 687 552 133 257 317 312 768 468 242 737 358 497
  97 364 197 379  47 556 104 164 551 367  95  98 528 726 587 344 598  40
 717 101 518 210 413 290 637 175 186 549 663 709 594 450 384 130   4 365
 129 613  19 162 457 287 604 664 108 635 338 511 573 298  57 448 283  15
 752 655   2 347 204  83 676 688 512 719 195  37 252 584 178 269  77 631
  36 529 291 559 300 430 575 647 194  10 180 266 259  66  52 299 216 582
 460 617 736   1 282 672 428 385 304 223 337 517 311 229 592 415 225  92
 378 678 436 553 263 745 610 695 734 741 445 536 386 187   5 669 554 310
 309 121 167 247 738  24 671 308 303  94 449 749 190  22 302  64 780 525
 224 387 603 168 539 538 113 329 506  18 485 651  11 118 498 343 668 758
 710 456 759  20 277 237 642 128 414 258 576 540 740 767 721 154 690 503
 463  59 748 361 504 614 172 327 571 628 426 416 765 586 527 173 341  72
 492 560  25 516 648 150 345 682 698 703 713 151 399 640  63 362 489 720
 125 475 653  62 750 743 188 410 569 775 289 747 264 219 141 701 434 756
 165  38 639  80 643 243 520  21 124 524 769 293 228 407 342  54 474 530
 629 487 496 405 359 646 135 198 493 600 774 615 103 397 134 261 374 544
 427 145 454  70 152 334 730 621 728 574 700 136 691 471 766 591 507 509
 548 590  78 764 155 693 714 751 667 215 490  53  76 707 773 464 727 214
 472 208 388 409 272 581 620  69   8 284  41  13 211 127 731 355 285 644
 202  79 686 149 295 418  45 715  81 274 251 761 650 296 531 408 325 627
 694 400 185 666 580 757 354 267 117 513 199 218 564 396 105 383 461 453
 577 265 158 481 505 391 146 346 674 645 393 739 446 711 618 200 402 534
 431 779  27 122 440 350 281 398  32  55 501 782 169 110 213 222 499 171
 286 306 189 725  60 776 515 201 297 641 593 612   0 708 466 558 656  31
 465 395 718 323  50 331 435 760 625  82 704 116 404 578 262 217 659 712
  89 411  23  84  26 137 161 156 623 658 514  71 336  51 207 370 412 486
 335 421 772 633 657  96 733 249 494 699  87 250 328 109 732 353  14 649
 192 174 307 467 599 588 443 469 107 230 196 638 275 360 254  61 241 705
 351 550 280 206 271 305 392 608 565 451 696 432 683  46  44 363 459 444
 424 624 523   6  58 533 482 315 433 605 611 771 326 447 333 488 123 510
 662  73 602  74 372 403 209  48 439  12 220 170 292 102 132 348 661  17
 239 183 476 755 679 597  39  86 119 541 508 491 425 729 278 159 562 147
 276 179 685 368 570 324 153 417 452 557 473 420 462 484  35 723 626  49
 419 566 595 665 609 131  67  56  43 684 401 763 754 313 470 139 567 176
 697 193 742 232 226 706  42 423 234 163 256  93 619 753 681 221  75 616
 244  33 479 777 248 692 320 535 561 689 314 235  91 480 572 652   9 622
 519 522 294 422 330 106 126 142 442 100 245 321 377  90   3 120 680 634
 356 677 138 148 545 279 596 673 537  16 735 143 246 394 390 371 437 270
 670 112 382  34  85 543  30 500 191] - 68711420
Solver: RVND, number of workers: 1
Setting feeder affinity
I am the master. There are 1 mpi processes. (hostname = gpu01)
Roots [<pyDF.nodes.Feeder object at 0x7f6559185ad0>]
Starting 0
Main loop
I am worker 0
GPU0
set random seed!
Initial: 68711420-[532 722 589 406 227 115 268 316 606 632 157 563 166 724  29  99 260 288
 495 111 380   7  28 746 184 770 352 381 555 357 458 240 601 526 521 114
 140 233 322  68 438 376 231  65 339 389 203 177 238 375 144 483 546 630
 502 477 366 332 340 212 607 547 762 542 349 778  88 675 455 318 255 319
 583 568 373 660 236 716 579 253 654 369 744 441 702 273 636 182 478 781
 429 585 160 181 205 301 687 552 133 257 317 312 768 468 242 737 358 497
  97 364 197 379  47 556 104 164 551 367  95  98 528 726 587 344 598  40
 717 101 518 210 413 290 637 175 186 549 663 709 594 450 384 130   4 365
 129 613  19 162 457 287 604 664 108 635 338 511 573 298  57 448 283  15
 752 655   2 347 204  83 676 688 512 719 195  37 252 584 178 269  77 631
  36 529 291 559 300 430 575 647 194  10 180 266 259  66  52 299 216 582
 460 617 736   1 282 672 428 385 304 223 337 517 311 229 592 415 225  92
 378 678 436 553 263 745 610 695 734 741 445 536 386 187   5 669 554 310
 309 121 167 247 738  24 671 308 303  94 449 749 190  22 302  64 780 525
 224 387 603 168 539 538 113 329 506  18 485 651  11 118 498 343 668 758
 710 456 759  20 277 237 642 128 414 258 576 540 740 767 721 154 690 503
 463  59 748 361 504 614 172 327 571 628 426 416 765 586 527 173 341  72
 492 560  25 516 648 150 345 682 698 703 713 151 399 640  63 362 489 720
 125 475 653  62 750 743 188 410 569 775 289 747 264 219 141 701 434 756
 165  38 639  80 643 243 520  21 124 524 769 293 228 407 342  54 474 530
 629 487 496 405 359 646 135 198 493 600 774 615 103 397 134 261 374 544
 427 145 454  70 152 334 730 621 728 574 700 136 691 471 766 591 507 509
 548 590  78 764 155 693 714 751 667 215 490  53  76 707 773 464 727 214
 472 208 388 409 272 581 620  69   8 284  41  13 211 127 731 355 285 644
 202  79 686 149 295 418  45 715  81 274 251 761 650 296 531 408 325 627
 694 400 185 666 580 757 354 267 117 513 199 218 564 396 105 383 461 453
 577 265 158 481 505 391 146 346 674 645 393 739 446 711 618 200 402 534
 431 779  27 122 440 350 281 398  32  55 501 782 169 110 213 222 499 171
 286 306 189 725  60 776 515 201 297 641 593 612   0 708 466 558 656  31
 465 395 718 323  50 331 435 760 625  82 704 116 404 578 262 217 659 712
  89 411  23  84  26 137 161 156 623 658 514  71 336  51 207 370 412 486
 335 421 772 633 657  96 733 249 494 699  87 250 328 109 732 353  14 649
 192 174 307 467 599 588 443 469 107 230 196 638 275 360 254  61 241 705
 351 550 280 206 271 305 392 608 565 451 696 432 683  46  44 363 459 444
 424 624 523   6  58 533 482 315 433 605 611 771 326 447 333 488 123 510
 662  73 602  74 372 403 209  48 439  12 220 170 292 102 132 348 661  17
 239 183 476 755 679 597  39  86 119 541 508 491 425 729 278 159 562 147
 276 179 685 368 570 324 153 417 452 557 473 420 462 484  35 723 626  49
 419 566 595 665 609 131  67  56  43 684 401 763 754 313 470 139 567 176
 697 193 742 232 226 706  42 423 234 163 256  93 619 753 681 221  75 616
 244  33 479 777 248 692 320 535 561 689 314 235  91 480 572 652   9 622
 519 522 294 422 330 106 126 142 442 100 245 321 377  90   3 120 680 634
 356 677 138 148 545 279 596 673 537  16 735 143 246 394 390 371 437 270
 670 112 382  34  85 543  30 500 191]
Final time: 13.1784110069s - Best: 3367575-[532 525 547 559 575 567 579 593 585 578 568 560 561 553 550 533 529 516
 511 507 485 491 494 512 518 517 530 538 539 546 556 551 577 565 562 563
 555 540 535 534 520 504 506 500 499 490 482 476 472 459 448 429 425 432
 421 437 442 424 406 396 388 391 404 423 455 456 466 468 469 463 475 493
 495 496 486 473 479 488 492 513 519 523 521 526 542 557 564 569 576 600
 599 583 590 586 602 608 620 627 616 618 612 598 589 597 596 611 626 644
 647 651 658 664 671 682 687 677 670 678 684 679 689 674 680 690 691 697
 721 738 742 731 735 744 734 717 704 708 724 733 737 746 760 771 764 759
 757 758 756 767 778 776 772 773 754 753 736 718 719 720 725 739 747 765
 761 769 762 749 726 730 729 722 715 707 701 723 741 751 755 763 781 782
 774 770 766 752 743 727 714 702 695 716 713 710 711 681 676 657 655 662
 669 675 673 667 666 663 649 661 653 652 688 700 699 709 694 698 683 668
 665 650 645 635 629 632 613 604 574 570 571 558 572 580 603 605 592 581
 591 594 607 624 622 619 601 584 582 554 549 537 545 548 544 531 543 536
 527 524 508 501 497 477 470 480 478 460 441 427 420 426 439 446 453 450
 467 487 474 464 449 431 445 458 436 433 447 440 434 438 430 418 416 410
 417 415 401 399 413 414 382 363 339 347 350 353 359 335 329 325 317 311
 294 310 321 320 306 299 289 280 268 249 232 224 216 205 211 218 210 208
 189 199 197 178 175 162 168 181 172 164 163 156 127 139 142 136 132 115
 111 107 104 101  88  73  76  70  84  98  85  67  60  58  63  47  38  62
  57  52  46  64  82  93 110 106  99  79  69  80  66  45  40  44  56  51
  48  55  24  14   0  16  22   1   6  17  11   8  32  28   9   2   4  18
  29   7  19  35  30  34  21  13  31  50  41  53  49  61  81  71  91 102
  92  89  77  68  54  43  26  25  20  15  23  27  33   3  10  12  37  42
  78  83  86  74  65  72  95  90 103 112 130 131 140 129 128 123 120 125
 117 137 149 143 158 153 166 157 165 173 177 191 202 190 188 196 187 182
 200 209 212 225 220 227 228 243 259 262 270 271 240 251 244 260 246 222
 213 206 169 167 141 147 144 118 121 113 108 105 100 134 133 148 170 176
 180 193 192 198 217 233 253 237 263 264 279 284 314 313 303 296 295 278
 283 297 308 323 333 341 361 348 360 377 378 368 373 398 395 397 411 402
 387 384 367 372 380 385 379 374 371 390 409 408 407 392 375 364 352 345
 338 322 324 305 290 298 285 266 255 242 248 247 273 272 277 293 316 318
 326 334 357 365 381 386 389 400 422 444 451 452 457 465 483 484 505 510
 498 481 471 435 428 394 383 362 351 342 358 355 343 327 301 312 304 288
 265 269 276 275 254 245 238 235 241 234 214 215 185 179 171 145 124 138
 122 116 109  96 114 146 154 159 174 152 126 135 150 155 161 151 160 186
 201 207 203 183 195 194 204 229 230 226 221 223 239 231 258 257 267 292
 315 331 349 346 376 369 344 332 302 291 252 250 236 256 261 274 286 300
 281 282 287 307 309 337 336 319 330 328 340 354 356 366 393 405 403 412
 443 461 489 503 515 522 502 509 573 566 588 609 617 614 628 631 641 638
 630 621 606 587 648 660 656 643 640 633 610 595 623 639 637 625 654 659
 705 696 703 768 777 775 732 712 706 685 748 779 780 745 740 692 672 693
 750 728 686 642 634 646 636 615 552 541 528 514 462 454 419 370 184  87
  36  75  94  97 119 219  59  39   5]
Value - initial: 68711420, final: 3367575, improveup: 20.4038276802

data-line;i;68711420;f;3367575;t;13.1784110069;c;-2;fv;[3367575L];cv;-1;imp;20.4038276802;type;rvnd;inum;6;w;1

time;13.1784110069;man_time;0;neigh_time;0
man_time;0;man_merge_sol;0;man_best_sol;0;man_combine_sol;0

Waiting [0]
Terminating workers True 0 0
MPI TERMINATING
