pydf_home: /home/rodolfo/git/Sucuri
simple_pycuda_home: /home/rodolfo/git/simple-pycuda
wamca2016path: /home/rodolfo/git/wamca2016/
localpath: /home/rodolfo/git/dvnd-df/code/dvnd-df/src/
WAMCAPATH:/home/rodolfo/git/wamca2016/
param: {solution_index:6, solution_instance_index:5, multi_gpu:True, goal:False, problem_name:ml, number_of_moves:10, device_count:2, solver:rvnd, mpi_enabled:True, workers:1}
Using already created file:  wamca2016lib.so
Size: 783 - file name: 07_rat784.tsp

Value - initial: 72129109-[288 766 639 765 678 116  23 287 767 670 300 410 533 110 430 579 406 316
 663 245 436 541 210  39 294 736 603 135 584 703 211 709 118 387 163 446
 576  41 291  38 656 263 687 554 778 190 444  83 282 618 176 408 466  75
 569 373 162 491 617 473 390 562 326 196 649 243 598 721 477 731 412 409
 124 774 449 253 345  26  87 577 204 194 255 544 696 536 707 136 188 295
 381 511 248 504 757 378 685 652 354 313 259 748 352 329 537 411 416 103
  84   4  19 508 323  30 376  67 388 714 111 468 779 769 319 745 770 520
 775 392  63 561 311 460 688 104 318 198 423 470 385 525 407 497 461 257
 671 578 558 273 754 600 201 482 235 529 222 428 629 622  40 200 455 590
  46 480 730 506 417 102 762 568 167 341 734 400 269  11 665  58 335 585
 772 614 170 240 640 142 540 309 267 164 512 582 202 285 393 575 366 165
 636  69 723 362   1 611 424 475 214 397 627 356  85 274  60 631  80 127
 781 551 489 228 279 343 256  55 548 353 173 764 283 720 741 278 616 483
 760 382 692 359 630 234 732 184 441 434 320 641 147 756  62 693  72 175
 589 218  36  68 594 676 121 681 643 344 187 771 174 374 358 126 613 711
 758 464 403 150 414 119 101 260 638 401 120 495 225  81 516 708 507 484
 433 573 740 108 100 325 597 114 463 418 595 683 249 523 684 377 221 782
 307 716 517  28 138  76 237 238 233 545 146  96 750 281 213 199 694 567
 223 415 324 438 364  50 534 780 398  53 700 216 453 422   2 372 501 505
 191 394 131 308 420 186 161 559 363 759 527 333  54 717 546 667 773 498
 587 502 284 203 735 705 205 298 542 445 701 386 208 581 604 452 272  57
 297 342 154  42 427 437 399 752 454 107 348 560   8 744 492 564 624 690
 230 277 112 181 668 219  22 674 355 738  88 500 481 226  12 419  14 106
 777 729 171  48 530 264  79  82 626 137 543 634 301  95 601  21 426 227
 252 556 157 280 580 258 662 608 702  70 571 391 552 123 751 619 660 133
 160 179 271  59 602 514  91 563   3 144 565 169 302 679   9  35 312 612
 456 474 141 650 698 134 367 109 241  49 718 232 244 402  71 371 447  37
 383 746 478 265 635 178 659 654 357 572  32  89 140 488 327 518 266  18
 607 704 510 472 722 299 535   6 742 531  24  61 338 380  10   7 315 657
 148  73 435 644 172 229 443 710  65 328 330 149 128 471 349 166 457 749
 303 586 156 212 296 733 524 655  98 421 719 458 615 539 182  56 305 369
 592 254  25 713 596 197 566 570 268 379 555 669 322 724 476  17 485 206
 276 583  16 405 519  31 599 306 647 697 195 159 321 646 664 351  92 593
 666 231 689 728  64 691 404 396 521 462 292 672  20 242 347 549 499 395
 620 236 725 261 151  33 695 220  99  93 737 336 168 763 487  94 450 515
 339 743 432  45  13 180 755  27 493 623 547  51  44  52 425 389 686 503
 451 105 115 677 192  86 215 532 251 125  90 538 494 528 496 293 609 361
 113  77 606 479 648 727 431 143 628 304 334 262 122 768 217 747 761 337
 522 469 130 726 310   0 574 155 132 526 189 739 317 591 247 486   5 509
 177 605 653 661 270 699 588 129 557 448 680 139 117 290  34  29 621 637
 642 706 715 513 183 633  66 331 275  74 368 153 365 550 340  97 289 440
 250 346 370 645 610 467 209 673 207  15 332 682 185 651 375 224  47 360
 632 459 712 753 465 246 625  43 413 439 658 314 350 553 442 286 152 675
  78 158 429 239 384 490 145 193 776] - 72129109
Solver: RVND, number of workers: 1
Setting feeder affinity
I am the master. There are 1 mpi processes. (hostname = gpu01)
Roots [<pyDF.nodes.Feeder object at 0x7f94e872fad0>]
Starting 0
Main loop
I am worker 0
GPU0
set random seed!
Initial: 72129109-[288 766 639 765 678 116  23 287 767 670 300 410 533 110 430 579 406 316
 663 245 436 541 210  39 294 736 603 135 584 703 211 709 118 387 163 446
 576  41 291  38 656 263 687 554 778 190 444  83 282 618 176 408 466  75
 569 373 162 491 617 473 390 562 326 196 649 243 598 721 477 731 412 409
 124 774 449 253 345  26  87 577 204 194 255 544 696 536 707 136 188 295
 381 511 248 504 757 378 685 652 354 313 259 748 352 329 537 411 416 103
  84   4  19 508 323  30 376  67 388 714 111 468 779 769 319 745 770 520
 775 392  63 561 311 460 688 104 318 198 423 470 385 525 407 497 461 257
 671 578 558 273 754 600 201 482 235 529 222 428 629 622  40 200 455 590
  46 480 730 506 417 102 762 568 167 341 734 400 269  11 665  58 335 585
 772 614 170 240 640 142 540 309 267 164 512 582 202 285 393 575 366 165
 636  69 723 362   1 611 424 475 214 397 627 356  85 274  60 631  80 127
 781 551 489 228 279 343 256  55 548 353 173 764 283 720 741 278 616 483
 760 382 692 359 630 234 732 184 441 434 320 641 147 756  62 693  72 175
 589 218  36  68 594 676 121 681 643 344 187 771 174 374 358 126 613 711
 758 464 403 150 414 119 101 260 638 401 120 495 225  81 516 708 507 484
 433 573 740 108 100 325 597 114 463 418 595 683 249 523 684 377 221 782
 307 716 517  28 138  76 237 238 233 545 146  96 750 281 213 199 694 567
 223 415 324 438 364  50 534 780 398  53 700 216 453 422   2 372 501 505
 191 394 131 308 420 186 161 559 363 759 527 333  54 717 546 667 773 498
 587 502 284 203 735 705 205 298 542 445 701 386 208 581 604 452 272  57
 297 342 154  42 427 437 399 752 454 107 348 560   8 744 492 564 624 690
 230 277 112 181 668 219  22 674 355 738  88 500 481 226  12 419  14 106
 777 729 171  48 530 264  79  82 626 137 543 634 301  95 601  21 426 227
 252 556 157 280 580 258 662 608 702  70 571 391 552 123 751 619 660 133
 160 179 271  59 602 514  91 563   3 144 565 169 302 679   9  35 312 612
 456 474 141 650 698 134 367 109 241  49 718 232 244 402  71 371 447  37
 383 746 478 265 635 178 659 654 357 572  32  89 140 488 327 518 266  18
 607 704 510 472 722 299 535   6 742 531  24  61 338 380  10   7 315 657
 148  73 435 644 172 229 443 710  65 328 330 149 128 471 349 166 457 749
 303 586 156 212 296 733 524 655  98 421 719 458 615 539 182  56 305 369
 592 254  25 713 596 197 566 570 268 379 555 669 322 724 476  17 485 206
 276 583  16 405 519  31 599 306 647 697 195 159 321 646 664 351  92 593
 666 231 689 728  64 691 404 396 521 462 292 672  20 242 347 549 499 395
 620 236 725 261 151  33 695 220  99  93 737 336 168 763 487  94 450 515
 339 743 432  45  13 180 755  27 493 623 547  51  44  52 425 389 686 503
 451 105 115 677 192  86 215 532 251 125  90 538 494 528 496 293 609 361
 113  77 606 479 648 727 431 143 628 304 334 262 122 768 217 747 761 337
 522 469 130 726 310   0 574 155 132 526 189 739 317 591 247 486   5 509
 177 605 653 661 270 699 588 129 557 448 680 139 117 290  34  29 621 637
 642 706 715 513 183 633  66 331 275  74 368 153 365 550 340  97 289 440
 250 346 370 645 610 467 209 673 207  15 332 682 185 651 375 224  47 360
 632 459 712 753 465 246 625  43 413 439 658 314 350 553 442 286 152 675
  78 158 429 239 384 490 145 193 776]
Final time: 19.2820630074s - Best: 3420208-[288 304 312 301 276 275 272 277 273 285 298 322 318 326 334 327 342 351
 362 358 355 343 357 365 388 391 404 421 432 425 429 423 419 407 408 409
 418 434 430 438 456 455 448 459 472 476 482 466 468 469 463 475 493 504
 506 500 499 490 514 512 518 517 530 546 539 538 560 568 578 561 553 550
 533 529 525 532 547 559 575 567 579 585 593 596 597 589 598 612 633 626
 644 647 651 658 664 671 682 696 703 708 704 717 734 744 735 731 742 738
 756 758 767 778 776 772 773 765 761 769 762 745 730 729 726 749 748 739
 725 720 698 694 685 665 668 660 648 656 643 640 618 616 627 620 621 635
 629 632 613 600 599 583 590 608 602 586 563 562 565 577 556 551 528 534
 535 540 555 576 569 564 557 574 570 571 572 558 536 527 524 543 531 544
 548 573 566 581 591 594 607 624 622 619 601 584 582 554 549 545 537 522
 515 503 502 509 497 477 467 453 446 426 411 397 387 384 402 414 413 399
 401 415 385 380 363 339 347 350 353 335 329 325 317 311 300 286 281 282
 259 262 270 271 251 244 222 213 217 198 193 180 176 148 133 134 105 108
 113 121 141 147 167 169 173 191 177 165 157 144 118 112 103 130 131 140
 129 128 102  91  92  89  77  68  43  54  59  72  65  74  86  83  78  42
  37  12  10   3  33  27  23  26  25  20  15  31  50  41  53  71  81  85
  67  60  58  49  61  34  21  30  35  19   7  29  18   4   2   9   8  11
  32  28  38  47  63  76  73  88  62  57  52  46  64  80  79  69  66  40
  45  17   6   1  22  16   0  14  24  36  44  56  51  48  55  87  96  99
 106 110  93  82  75  97  94 111 115 132 136 142 139 127 107 104 101  70
  84  98 117 137 125 120 123 143 149 164 163 156 168 162 175 178 197 199
 189 205 216 231 232 224 218 211 210 208 181 172 158 153 166 188 190 196
 187 182 200 212 220 225 236 256 274 261 250 252 294 310 302 291 280 268
 249 258 257 239 223 207 201 203 195 194 183 161 155 150 135 126 114 109
 122 116 124 145 138 146 154 159 171 179 185 204 215 214 234 241 235 238
 245 254 229 230 221 226 247 248 242 255 266 267 290 305 315 306 292 289
 299 320 332 344 346 349 376 369 371 390 410 416 417 440 447 433 436 458
 473 479 492 488 486 496 495 521 523 552 588 609 617 641 631 628 614 603
 592 605 615 636 646 669 693 702 695 686 662 655 657 676 681 711 710 713
 716 714 727 723 741 751 755 740 722 715 707 701 675 673 667 666 663 672
 692 700 699 688 709 719 718 736 732 721 757 759 764 771 760 777 768 746
 733 737 724 687 677 670 678 684 705 689 679 654 659 674 680 690 691 697
 712 706 683 650 645 652 653 661 649 638 630 604 542 526 513 519 508 501
 487 474 464 449 439 450 470 480 478 460 461 443 441 427 420 412 403 405
 393 398 395 373 368 378 377 361 341 333 319 323 330 328 340 354 366 356
 314 313 303 296 295 308 297 283 278 263 264 279 284 253 233 237 246 260
 240 219 227 228 243 287 307 309 337 336 348 360 367 372 382 379 374 392
 375 364 352 345 331 324 338 370 396 381 386 389 383 394 400 406 424 442
 437 454 462 485 491 494 507 511 516 505 484 483 465 457 452 451 444 422
 428 435 471 481 498 510 595 623 639 637 625 610 611 587 606 753 754 747
 779 780 763 750 781 782 774 770 766 752 743 728 642 634 580 541 520 445
 431 359 321 316 293 269 265 184 174 152 119 151 160 186 209 202 206 192
 170 100  95  90  39   5  13 489 775]
Value - initial: 72129109, final: 3420208, improveup: 21.0891001366

data-line;i;72129109;f;3420208;t;19.2820630074;c;-2;fv;[3420208L];cv;-1;imp;21.0891001366;type;rvnd;inum;6;w;1

time;19.2820630074;man_time;0;neigh_time;0
man_time;0;man_merge_sol;0;man_best_sol;0;man_combine_sol;0

Waiting [0]
Terminating workers True 0 0
MPI TERMINATING
