pydf_home: /home/rodolfo/git/Sucuri
simple_pycuda_home: /home/rodolfo/git/simple-pycuda
wamca2016path: /home/rodolfo/git/wamca2016/
localpath: /home/rodolfo/git/dvnd-df/code/dvnd-df/src/
WAMCAPATH:/home/rodolfo/git/wamca2016/
param: {solution_index:1, solution_instance_index:36, multi_gpu:True, goal:False, problem_name:ml, number_of_moves:10, device_count:2, solver:rvnd, mpi_enabled:True, workers:1}
Using already created file:  wamca2016lib.so
Size: 100 - file name: 02_kroD100.tsp

Value - initial: 8027429-[45 71 99 83 14  8 34 74 84 98 55  3 15 68  2 66 26 19 28 39 59 50 97 62 52
 82 78 80 75 13 21 48 20 17  4 18 91  0  9 73 38 88 35 76 72 12  7 58 56 61
 65 33 23 22 54 49 16 60 51 25 95 37 85 92 24 93 70 40 79 77 43 69 44 11 10
  6 47 30 42 89 46 57 53 31 32 96 64 41 67 81 87 63 94 36 27 90 86 29  1  5] - 8027429
Solver: RVND, number of workers: 1
Setting feeder affinity
I am the master. There are 1 mpi processes. (hostname = gpu01)
Roots [<pyDF.nodes.Feeder object at 0x7fea8b32ead0>]
Starting 0
Main loop
I am worker 0
GPU0
set random seed!
Initial: 8027429-[45 71 99 83 14  8 34 74 84 98 55  3 15 68  2 66 26 19 28 39 59 50 97 62 52
 82 78 80 75 13 21 48 20 17  4 18 91  0  9 73 38 88 35 76 72 12  7 58 56 61
 65 33 23 22 54 49 16 60 51 25 95 37 85 92 24 93 70 40 79 77 43 69 44 11 10
  6 47 30 42 89 46 57 53 31 32 96 64 41 67 81 87 63 94 36 27 90 86 29  1  5]
Final time: 1.2891099453s - Best: 968539-[45 51  7 65 37 80 33 49  0 12 78 87 26 23 40 83 72 38 90 53 62 15 76 42 70
  3 92 43 59 52 61 36 50 29 99  1 18  4  2 82 39  5  8 54 86 25 94 55 27 11
 46 20  9 19 24 17 84 58 63 95 85 64 13 67 32 44 98 77 30 56 71 79 75 60 73
  6 74 66 35 28 57 21 69 48 97 96 31 93 16 89 10 88 41 22 68 14 81 91 47 34]
Value - initial: 8027429, final: 968539, improveup: 8.28818354243

data-line;i;8027429;f;968539;t;1.2891099453;c;-2;fv;[968539L];cv;-1;imp;8.28818354243;type;rvnd;inum;1;w;1

time;1.2891099453;man_time;0;neigh_time;0
man_time;0;man_merge_sol;0;man_best_sol;0;man_combine_sol;0

Waiting [0]
Terminating workers True 0 0
MPI TERMINATING
