pydf_home: /home/rodolfo/git/Sucuri
simple_pycuda_home: /home/rodolfo/git/simple-pycuda
wamca2016path: /home/rodolfo/git/wamca2016/
localpath: /home/rodolfo/git/dvnd-df/code/dvnd-df/src/
WAMCAPATH:/home/rodolfo/git/wamca2016/
param: {solution_index:2, solution_instance_index:6, multi_gpu:True, goal:False, problem_name:ml, number_of_moves:10, device_count:2, solver:rvnd, mpi_enabled:True, workers:1}
Using already created file:  wamca2016lib.so
Size: 226 - file name: 03_pr226.tsp

Value - initial: 193950796-[ 42   5 179  71  50  44 188  85 210  56  16  57 225 141 126  82  67  49
 195 182 106 150 197 146   8  89 137   0 155 213 120  60 165 190  35  28
  29 158 114 113 160 223   3 138  69   7 102 115 217 103 173  80   6  19
 178  23  72 110 136 139  64 221 157 161  39  15 216 208  32  40 134 206
 101   9  41  43 168 205 219 184 189 132  48   4 199 215 118  99 207  36
 212 175  86 183  18 187 209  21 171 166  61 196 186 202  68 108 122  77
 194  52 224 116  30  34  87 127 198 119 124 172 220  14 170  63 167  24
 144 147  53  88 163  26  90 143  76  55 218  25 129 128  95 145  81 148
 154  38 149 200  51  83 142 130 125  10  54 109 164 111 135  66  74 156
  22  94  46 162 192  62  12 105  91  27 176 211  73  20  84  37 181 112
  17 193  70  78 169  11 151   1   2  31 152 104  59  79 180 131 159  92
  96 185 214 140  98 203 123  58 121  93 177 174 153  97 100  47 107 222
  75 201  65 133 191 117  33  13  45 204] - 193950796
Solver: RVND, number of workers: 1
Setting feeder affinity
I am the master. There are 1 mpi processes. (hostname = gpu01)
Roots [<pyDF.nodes.Feeder object at 0x7f0d36377ad0>]
Starting 0
Main loop
I am worker 0
GPU0
set random seed!
Initial: 193950796-[ 42   5 179  71  50  44 188  85 210  56  16  57 225 141 126  82  67  49
 195 182 106 150 197 146   8  89 137   0 155 213 120  60 165 190  35  28
  29 158 114 113 160 223   3 138  69   7 102 115 217 103 173  80   6  19
 178  23  72 110 136 139  64 221 157 161  39  15 216 208  32  40 134 206
 101   9  41  43 168 205 219 184 189 132  48   4 199 215 118  99 207  36
 212 175  86 183  18 187 209  21 171 166  61 196 186 202  68 108 122  77
 194  52 224 116  30  34  87 127 198 119 124 172 220  14 170  63 167  24
 144 147  53  88 163  26  90 143  76  55 218  25 129 128  95 145  81 148
 154  38 149 200  51  83 142 130 125  10  54 109 164 111 135  66  74 156
  22  94  46 162 192  62  12 105  91  27 176 211  73  20  84  37 181 112
  17 193  70  78 169  11 151   1   2  31 152 104  59  79 180 131 159  92
  96 185 214 140  98 203 123  58 121  93 177 174 153  97 100  47 107 222
  75 201  65 133 191 117  33  13  45 204]
Final time: 2.11846017838s - Best: 7368092-[ 42  94  86  88  95  96  87  89  97  98  90  91  99 100  92  93 101 136
 143 145 137 138 144 146 139 140 148 147 141 142 149 154 155 156 157 158
 159 160 161 162 163 164 165 166 167 168 169 170 171 172 173 174 175 176
 177 178 179 180 181 182 183 184 185 186 187 188 189 190 191 192 193 194
 195 196 197 198 199 200 201 202 203 204 205 206 207 208 209 210 211 212
 213 214 215 216 217 218 219 220 221 222 223 224 225 124 131 129 123 122
 130 128 121 120 126 127 119 118 125 117 109 108 116 115 107 106 114 113
 105 103 112 111 104 102 110  69  68  67  70  12  11  10   7   1   2   3
   4   5   6   8   9  13  14  15  16  17  18  64  63  62  61  60  59  58
  57  56  55  54  53  52  51  50  49  21  22  23  24  25  26  28  29  33
  34  30  31  32  47  35  36  37  38  41  43  44  45  46  48  27  20  19
  66  71   0  72  73  74  75  76  77  78  79  80  81  82  83  84  85  65
 132 133 134 135 150 151 152 153  40  39]
Value - initial: 193950796, final: 7368092, improveup: 26.3230692559

data-line;i;193950796;f;7368092;t;2.11846017838;c;-2;fv;[7368092L];cv;-1;imp;26.3230692559;type;rvnd;inum;2;w;1

time;2.11846017838;man_time;0;neigh_time;0
man_time;0;man_merge_sol;0;man_best_sol;0;man_combine_sol;0

Waiting [0]
Terminating workers True 0 0
MPI TERMINATING
