pydf_home: /home/rodolfo/git/Sucuri
simple_pycuda_home: /home/rodolfo/git/simple-pycuda
wamca2016path: /home/rodolfo/git/wamca2016/
localpath: /home/rodolfo/git/dvnd-df/code/dvnd-df/src/
WAMCAPATH:/home/rodolfo/git/wamca2016/
param: {solution_index:3, solution_instance_index:64, multi_gpu:True, goal:False, problem_name:ml, number_of_moves:10, device_count:2, solver:rvnd, mpi_enabled:True, workers:1}
Using already created file:  wamca2016lib.so
Size: 318 - file name: 04_lin318.tsp

Value - initial: 91307380-[224 157  79  35 132 259  65 270  10 192 278 174 203 205  17  20  91 114
 266 102 117  56  82  81 109  80  62 190 141 263 153 146 223 128 294 233
 136 199 172  30 281  26   4 291 188 219  76 299 122  25 197  19 287 251
 309 121  86   6 196  60 264 255  89 179  70  93 177  61   5 212 129 127
 185  24  50 236  29  33  36 284 164  83  52 115  15 247 254  28 103 126
 176 116 163 195  74 292 139 258 207 140 189 248   7 202 275  71 316 288
 194  68 125 265 149 123 237 228 300 147  44 198 193 173 162  57  95 273
 285 171  58  18 257  40 124 133 295  23 159  41  90 226 244  69 161 286
 204  48   2 182 158 201 142 303 262  54 211  38 135 277 267 283 120  51
 256 250 178 213 253  66  73 206 112 252 225  31 150   3 297 311   8  55
 315 302  37 245 145   1 210 113 289 191  16 170 313   0 276 220  88 293
  42  21  63  59 241 209 181 261 234 310 232  12 308 119  49 238 168 106
 130  98  47  64 280 208 143 180  75 137  72 218 156 227 138 307 151  34
 217 271  96  39  27 175 260 107 290 104 272 240  14  84 214  13 183 215
 111 165 160  32  85 242 229 282 186  11 304   9  53 166 296 152 100 110
  45 298 230 314 148 243 269 134 131 274  46 101 221 312 239  87  78 317
  67  77 144 108 216 279 155 235 306 246 268 154 167  43 305 105 184  99
 222 118  92  97 187 169  94 249 301  22 200 231] - 91307380
Solver: RVND, number of workers: 1
Setting feeder affinity
I am the master. There are 1 mpi processes. (hostname = gpu01)
Roots [<pyDF.nodes.Feeder object at 0x7fa186d87ad0>]
Starting 0
Main loop
I am worker 0
GPU0
set random seed!
Initial: 91307380-[224 157  79  35 132 259  65 270  10 192 278 174 203 205  17  20  91 114
 266 102 117  56  82  81 109  80  62 190 141 263 153 146 223 128 294 233
 136 199 172  30 281  26   4 291 188 219  76 299 122  25 197  19 287 251
 309 121  86   6 196  60 264 255  89 179  70  93 177  61   5 212 129 127
 185  24  50 236  29  33  36 284 164  83  52 115  15 247 254  28 103 126
 176 116 163 195  74 292 139 258 207 140 189 248   7 202 275  71 316 288
 194  68 125 265 149 123 237 228 300 147  44 198 193 173 162  57  95 273
 285 171  58  18 257  40 124 133 295  23 159  41  90 226 244  69 161 286
 204  48   2 182 158 201 142 303 262  54 211  38 135 277 267 283 120  51
 256 250 178 213 253  66  73 206 112 252 225  31 150   3 297 311   8  55
 315 302  37 245 145   1 210 113 289 191  16 170 313   0 276 220  88 293
  42  21  63  59 241 209 181 261 234 310 232  12 308 119  49 238 168 106
 130  98  47  64 280 208 143 180  75 137  72 218 156 227 138 307 151  34
 217 271  96  39  27 175 260 107 290 104 272 240  14  84 214  13 183 215
 111 165 160  32  85 242 229 282 186  11 304   9  53 166 296 152 100 110
  45 298 230 314 148 243 269 134 131 274  46 101 221 312 239  87  78 317
  67  77 144 108 216 279 155 235 306 246 268 154 167  43 305 105 184  99
 222 118  92  97 187 169  94 249 301  22 200 231]
Final time: 3.52091908455s - Best: 6171475-[224 230 231 238 312 229 232 237 239 240 241 138 139 121 120 122 129 130
 131 128 123 124 127 132 134 135 136 133 126 125 207 119 115 114  12  13
  16  15  17  24  25  26  23  18  11   2   0   1   5   6   9  10  14 102
  20  21  28  31  30  29  19  22  27  32 103  39  48  44  47  49  54  55
  58 104  63  71  76  78  66  67  70  77  81  82  83  84  90  91  95  96
 100 101  92  85  79  75  72  68  69  73  74  80  88  89  87  86 195 196
  93  94  99 206 205 201 200 197 193 194 185 179 178 174 173 177 180 184
 176 181 183 188 187 186 182 175 172 171 168 209 160 159 154 152 149 148
 151 155 158 161 162 157 156 150 147 145 146 143 142 249 258 254 257 259
 264 265 268 314 266 263 260 256 253 250 251 252 255 261 262 267 272 271
 273 276 277 280 281 286 288 293 287 291 292 294 295 289 285 282 278 279
 283 284 290 299 298 302 300 301 305 306 310 311 204 198 199 203 202 190
 189  65  64  59  60  62  61  57  52  51  56  53  50  46  43  45  42  40
  41  36  35   7   8   4   3 111 110 106 105 107 112 113 109 108 210 211
 215 216 219 220 117 118 221 228 233 236 235 234 227 225 226 217 218 214
 213 222 223 243 244 247 248 317 269 270 274 275 296 297 303 304 309 308
 307 191 192 170 169 164 165 167 166 163 153 144  37  38  34  33 137 208
 140 141 313 245 246 242 212 116 315 316  97  98]
Value - initial: 91307380, final: 6171475, improveup: 14.7950660093

data-line;i;91307380;f;6171475;t;3.52091908455;c;-2;fv;[6171475L];cv;-1;imp;14.7950660093;type;rvnd;inum;3;w;1

time;3.52091908455;man_time;0;neigh_time;0
man_time;0;man_merge_sol;0;man_best_sol;0;man_combine_sol;0

Waiting [0]
Terminating workers True 0 0
MPI TERMINATING
