pydf_home: /home/rodolfo/git/Sucuri
simple_pycuda_home: /home/rodolfo/git/simple-pycuda
wamca2016path: /home/rodolfo/git/wamca2016/
localpath: /home/rodolfo/git/dvnd-df/code/dvnd-df/src/
WAMCAPATH:/home/rodolfo/git/wamca2016/
param: {solution_index:2, solution_instance_index:42, multi_gpu:True, goal:False, problem_name:ml, number_of_moves:10, device_count:2, solver:rvnd, mpi_enabled:True, workers:1}
Using already created file:  wamca2016lib.so
Size: 226 - file name: 03_pr226.tsp

Value - initial: 171164197-[ 21 174 153  13 117  85 193 216 190 222  24  18   4  37  54  55  22  60
 199 200 177 196  38 113  26  78 138  14 163  71 141  32  28 127  89 203
 170 136 139  91   7 213 167 160 184 185  99 201 157  44  88 108  96 179
 165  98   2  68 176 150  30 142  49  52 152 182  31 145 154 119 104  16
   3  57 169 156 121 208 215  63  33 126 111 214 159 109 103  15 125 206
  53  51 212  10 120 218 130 181 132   1   9  23  62 195  83 102 107  17
 143  41 173  29 210  48 116   6  66 204  20  45  74  11 194  25 186  81
  43 225 151 178 134 106 114 129 124  47 146  35  36  90  64  72  59 175
 133 180  77  19 123   5   8  94  50  46 202 191 217  87 162  65  42 149
   0  79  67  82 101 147 166  70  27  92 168 207 205  56  39  80 155 172
 171  75 158 100 112 110 221  34 128  84  97  93 118 164 131 161  73 219
 198 187 137 144 224 148 115  61  76 209 192  58 223 220 105 122  86 189
  40 188  95 140 197 135  69 211 183  12] - 171164197
Solver: RVND, number of workers: 1
Setting feeder affinity
I am the master. There are 1 mpi processes. (hostname = gpu01)
Roots [<pyDF.nodes.Feeder object at 0x7f6431d91ad0>]
Starting 0
Main loop
I am worker 0
GPU0
set random seed!
Initial: 171164197-[ 21 174 153  13 117  85 193 216 190 222  24  18   4  37  54  55  22  60
 199 200 177 196  38 113  26  78 138  14 163  71 141  32  28 127  89 203
 170 136 139  91   7 213 167 160 184 185  99 201 157  44  88 108  96 179
 165  98   2  68 176 150  30 142  49  52 152 182  31 145 154 119 104  16
   3  57 169 156 121 208 215  63  33 126 111 214 159 109 103  15 125 206
  53  51 212  10 120 218 130 181 132   1   9  23  62 195  83 102 107  17
 143  41 173  29 210  48 116   6  66 204  20  45  74  11 194  25 186  81
  43 225 151 178 134 106 114 129 124  47 146  35  36  90  64  72  59 175
 133 180  77  19 123   5   8  94  50  46 202 191 217  87 162  65  42 149
   0  79  67  82 101 147 166  70  27  92 168 207 205  56  39  80 155 172
 171  75 158 100 112 110 221  34 128  84  97  93 118 164 131 161  73 219
 198 187 137 144 224 148 115  61  76 209 192  58 223 220 105 122  86 189
  40 188  95 140 197 135  69 211 183  12]
Final time: 2.24991679192s - Best: 7513785-[ 21  22  23  24  25  26  28  29  33  34  30  31  32  47  44  45  46  94
  86  88  95  96  87  89  97  98  90  91  99 100  92  93 101 136 143 145
 137 138 144 146 139 140 141 142 149 147 148 150 151 152 153 154 155 156
 157 158 159 160 161 162 163 164 165 166 167 168 169 170 171 172 173 174
 175 176 177 178 179 180 181 182 183 184 185 186 187 188 189 135 134 133
 132 190 191 192 193 194 195 196 197 198 199 200 201 202 203 204 205 206
 207 208 209 210 211 212 213 214 215 216 217 218 219 220 221 222 223 224
 225 124 131 129 123 122 130 128 121 120 126 127 119 118 125 117 109 108
 116 115 107 106 114 113 105 103 112 111 110 104 102  63  62  61  60  59
  58  57  56  55  54  53  52  51  50  19  18  17  16  66  67  70  12  11
  10  15  14  13   9   8   7   6   5   4   3   2   1   0  72  73  74  75
  76  77  78  79  80  81  82  83  84  85  71  68  69  65  64  49  20  27
  48  35  43  36  37  38  41  42  39  40]
Value - initial: 171164197, final: 7513785, improveup: 22.7800232506

data-line;i;171164197;f;7513785;t;2.24991679192;c;-2;fv;[7513785L];cv;-1;imp;22.7800232506;type;rvnd;inum;2;w;1

time;2.24991679192;man_time;0;neigh_time;0
man_time;0;man_merge_sol;0;man_best_sol;0;man_combine_sol;0

Waiting [0]
Terminating workers True 0 0
MPI TERMINATING
