pydf_home: /home/rodolfo/git/Sucuri
simple_pycuda_home: /home/rodolfo/git/simple-pycuda
wamca2016path: /home/rodolfo/git/wamca2016/
localpath: /home/rodolfo/git/dvnd-df/code/dvnd-df/src/
WAMCAPATH:/home/rodolfo/git/wamca2016/
param: {solution_index:3, solution_instance_index:32, multi_gpu:True, goal:False, problem_name:ml, number_of_moves:10, device_count:2, solver:rvnd, mpi_enabled:True, workers:1}
Using already created file:  wamca2016lib.so
Size: 318 - file name: 04_lin318.tsp

Value - initial: 95087231-[ 22 174 193  65 292  55 244 272 234 282 310 152  11 141 207 157  15 313
 260 146 195 259  73  51 267 252 317  36 254 224 156 304  14 132   4 219
 232 161  82  28  92 114  42  84 257  45 248 120 147  81 227  41 226 182
  33 269  32 138 118 237 150 133 165 201  49 278   3 186 215  57 243 249
 301  48  16  29 209 110 246 163 303  60 144 117 111 307 127 199 312 291
 178 294 143 250  91 135 169 155  67 264  58  94 101 164 145 283 285 188
  62  86 241  75 126  85 168 270  54 139 228 217 159  10 277 265  98  77
 268  63 256 176  90 131 284  21 263 220  95 148 289 235 134  44 295 275
 151 240  35 180 218 206  93 129 107 162 212 299   8 124 222  61 102  52
 280 208 149 137 191  64 253  53 136 223 315 179  20 115  56 166 311 125
  66  38 316 196 109 116 210 258 192  39  13  50 112  74 170 306  30  69
  46 211   1 238 185 171 105  96  40 158 297  89  70  99 200 309 153 190
  59  27 236  72 205  18 276 103  17 160 194 187   7 167   0  83 183 229
 119 271  12  88 231 298  76 197 274  71 225  87 286 230 203 255 140 251
 184 123 293 106 287  19 288 177 204  31  97  34 216 261 308   6 296 175
 279 314 130 181 302 172 108 213  24 154 262  78 214  25 100 273 281 202
  37 221 173 300 245  47 290 189  26  68 242  43   2   5 233 266 305 247
 198  23  79 142 128 121 104  80 239 122   9 113] - 95087231
Solver: RVND, number of workers: 1
Setting feeder affinity
I am the master. There are 1 mpi processes. (hostname = gpu01)
Roots [<pyDF.nodes.Feeder object at 0x7fe0f812fad0>]
Starting 0
Main loop
I am worker 0
GPU0
set random seed!
Initial: 95087231-[ 22 174 193  65 292  55 244 272 234 282 310 152  11 141 207 157  15 313
 260 146 195 259  73  51 267 252 317  36 254 224 156 304  14 132   4 219
 232 161  82  28  92 114  42  84 257  45 248 120 147  81 227  41 226 182
  33 269  32 138 118 237 150 133 165 201  49 278   3 186 215  57 243 249
 301  48  16  29 209 110 246 163 303  60 144 117 111 307 127 199 312 291
 178 294 143 250  91 135 169 155  67 264  58  94 101 164 145 283 285 188
  62  86 241  75 126  85 168 270  54 139 228 217 159  10 277 265  98  77
 268  63 256 176  90 131 284  21 263 220  95 148 289 235 134  44 295 275
 151 240  35 180 218 206  93 129 107 162 212 299   8 124 222  61 102  52
 280 208 149 137 191  64 253  53 136 223 315 179  20 115  56 166 311 125
  66  38 316 196 109 116 210 258 192  39  13  50 112  74 170 306  30  69
  46 211   1 238 185 171 105  96  40 158 297  89  70  99 200 309 153 190
  59  27 236  72 205  18 276 103  17 160 194 187   7 167   0  83 183 229
 119 271  12  88 231 298  76 197 274  71 225  87 286 230 203 255 140 251
 184 123 293 106 287  19 288 177 204  31  97  34 216 261 308   6 296 175
 279 314 130 181 302 172 108 213  24 154 262  78 214  25 100 273 281 202
  37 221 173 300 245  47 290 189  26  68 242  43   2   5 233 266 305 247
 198  23  79 142 128 121 104  80 239 122   9 113]
Final time: 4.02102684975s - Best: 6134680-[ 22  19  27  29  30  31  28  21  20 102  14  10   9   6   5   1   0   2
  11  18  23  26  15  16  17  24  25  36  35 103  39  44  47  49  54  55
  53  50  46  43  40  41  42  45  51  52  57  56 104  63  66  67  70  77
  81  82  84  83  78  76  71  72  75  79  80  74  73  68  69  87  86 189
 188 187 186 182 175 172 171 176 181 183 177 180 184 185 179 178 173 174
 170 169 276 277 280 287 291 292 293 294 191 192 198 199 204 311 310 306
 305 301 300 295 288 286 281 282 285 289 290 284 283 278 279 272 271 314
 265 264 259 257 254 258 249 313 242 236 233 228 229 232 237 239 240 241
 238 231 230 312 224 220 219 216 215 211 210 108 109 117 118 121 120 122
 129 130 131 128 123 132 127 124 207 119 125 126 133 134 135 136 137 208
 144 149 152 154 159 160 148 151 155 158 161 162 157 156 150 147 145 146
 165 164 268 266 263 260 256 253 267 262 261 255 252 250 251 246 245 235
 234 227 225 226 217 218 214 213 222 223 243 244 247 248 317 269 270 274
 275 296 297 303 304 309 308 307 299 298 302 203 202 193 194 167 166 209
 163 153  37  38  34  33  13  12 115 114 111 110   4   3 106 105 107 112
 113 138 139 142 143 141 140  59  60  65  64 168 190 197 195 196 200 201
 205 206  99  93  94  98  97  89  88  92 101 100  96  95  91  90  85  62
  61  58 316 315  48  32   7   8 116 212 221 273]
Value - initial: 95087231, final: 6134680, improveup: 15.4999496306

data-line;i;95087231;f;6134680;t;4.02102684975;c;-2;fv;[6134680L];cv;-1;imp;15.4999496306;type;rvnd;inum;3;w;1

time;4.02102684975;man_time;0;neigh_time;0
man_time;0;man_merge_sol;0;man_best_sol;0;man_combine_sol;0

Waiting [0]
Terminating workers True 0 0
MPI TERMINATING
