pydf_home: /home/rodolfo/git/Sucuri
simple_pycuda_home: /home/rodolfo/git/simple-pycuda
wamca2016path: /home/rodolfo/git/wamca2016/
localpath: /home/rodolfo/git/dvnd-df/code/dvnd-df/src/
WAMCAPATH:/home/rodolfo/git/wamca2016/
param: {solution_index:3, solution_instance_index:40, multi_gpu:True, goal:False, problem_name:ml, number_of_moves:10, device_count:2, solver:rvnd, mpi_enabled:True, workers:1}
Using already created file:  wamca2016lib.so
Size: 318 - file name: 04_lin318.tsp

Value - initial: 90259074-[  4 142 259 287   8 137 156 128 130 247 268  87  65 284 303 276 227  82
 183 231  52 315  70 108 173 294 167 169 229  23  90 194 172 207 185 217
 309 317 126  17 157 253 242  53  95 197 117 283  85 314 290 240 199 236
 182 255 264  22  78  21 188 272 277  38  99 292  67 122  71 232 198  45
 141 289  47 111 193  50 298 214 147 134  56 106 245  14 138  32 203 208
 295 261  62 241  94 190 273 105 222  89 297 143 154 252 121  44   6 300
   7  13 262  61 168  18  16 210 313 107  60 165  30   2 102  72 200 248
 112 279  57  74 119 181 218 145  40  59 192 288 163 162 118 189 307 306
 135 226  66  41 146 155 235 285 148 191  93 129 131  46 302 153 202  68
 139  20 221 151 201 103 278  15 304 160 251  97 301   0 316  43 179 158
 266  28  33  58  76  42 175  91 166  31 256  11  34 104 150 270 176  48
 140 216 286  83  92  73  79  10 230 170  54 205  88 127 258 215  64 115
 114 136  63 263 265  37 219 113 164 109 120  19 305 133 246 174  27 220
 310 209 312 271 159 234  49 257 250  77  24  69 124  29   9 291 184  51
  26 186 212  39 180 132 281 204 196 116 110 260 243 237 178 282 238 225
 195 101   1  96 187 311 308 274 280 152 267 228 269 123  81  86  35 223
 206   5  80 211 161 239  55  98  36 249 299 244 254   3  25  12 125 144
  84 275 293 213  75 149 296 177 171 233 224 100] - 90259074
Solver: RVND, number of workers: 1
Setting feeder affinity
I am the master. There are 1 mpi processes. (hostname = gpu01)
Roots [<pyDF.nodes.Feeder object at 0x7ff619765ad0>]
Starting 0
Main loop
I am worker 0
GPU0
set random seed!
Initial: 90259074-[  4 142 259 287   8 137 156 128 130 247 268  87  65 284 303 276 227  82
 183 231  52 315  70 108 173 294 167 169 229  23  90 194 172 207 185 217
 309 317 126  17 157 253 242  53  95 197 117 283  85 314 290 240 199 236
 182 255 264  22  78  21 188 272 277  38  99 292  67 122  71 232 198  45
 141 289  47 111 193  50 298 214 147 134  56 106 245  14 138  32 203 208
 295 261  62 241  94 190 273 105 222  89 297 143 154 252 121  44   6 300
   7  13 262  61 168  18  16 210 313 107  60 165  30   2 102  72 200 248
 112 279  57  74 119 181 218 145  40  59 192 288 163 162 118 189 307 306
 135 226  66  41 146 155 235 285 148 191  93 129 131  46 302 153 202  68
 139  20 221 151 201 103 278  15 304 160 251  97 301   0 316  43 179 158
 266  28  33  58  76  42 175  91 166  31 256  11  34 104 150 270 176  48
 140 216 286  83  92  73  79  10 230 170  54 205  88 127 258 215  64 115
 114 136  63 263 265  37 219 113 164 109 120  19 305 133 246 174  27 220
 310 209 312 271 159 234  49 257 250  77  24  69 124  29   9 291 184  51
  26 186 212  39 180 132 281 204 196 116 110 260 243 237 178 282 238 225
 195 101   1  96 187 311 308 274 280 152 267 228 269 123  81  86  35 223
 206   5  80 211 161 239  55  98  36 249 299 244 254   3  25  12 125 144
  84 275 293 213  75 149 296 177 171 233 224 100]
Final time: 3.26533603668s - Best: 6097547-[  4   3 105 106 110 111 114 115 119 207 125 126 133 136 135 134 132 127
 124 123 128 131 130 129 122 120 121 118 117 219 220 224 312 230 231 238
 241 240 239 237 232 229 236 233 228 225 226 227 234 235 245 246 251 250
 252 255 261 262 267 253 256 260 263 266 314 273 276 277 280 287 291 292
 293 288 286 281 282 278 279 283 284 290 285 289 295 294 191 192 300 301
 305 306 310 311 204 198 199 203 202 194 193 184 180 177 185 179 178 173
 174 170 169 165 164 268 265 264 259 257 254 258 249 142 143 146 145 147
 150 156 157 162 167 166 168 176 181 183 171 172 175 182 186 187 189  86
  87  89  88  80  74  73  69  68  72  75  79  71  76  78  83  84  82  81
  77  70  67  66  63 104  58  55  54  49  47  44  48  39 103  43  46  50
  53  56  57  52  51  45  42  40  41  36  35  32  31  30  29  28  21  20
 102  14  10   9   6   5   1   0   2  11  19  22  27  18  23  26  25  24
  17  15  16   7   8  13  12 116 112 113 109 108 210 211 215 216 138 139
 141 140 208 148 151 155 158 161 154 152 149 144 153 159 160 209 163  59
  60  65  64 188 190 197 195 196 200 201 205 206  99  93  94  98  97  92
 101 100  96  95  91  90  85  61  62  38  37  34  33 137 221 212 217 218
 214 213 222 223 243 244 247 248 317 269 270 274 275 296 297 303 304 309
 308 307 302 298 299 272 271 313 242 107 316 315]
Value - initial: 90259074, final: 6097547, improveup: 14.8025220634

data-line;i;90259074;f;6097547;t;3.26533603668;c;-2;fv;[6097547L];cv;-1;imp;14.8025220634;type;rvnd;inum;3;w;1

time;3.26533603668;man_time;0;neigh_time;0
man_time;0;man_merge_sol;0;man_best_sol;0;man_combine_sol;0

Waiting [0]
Terminating workers True 0 0
MPI TERMINATING
