pydf_home: /home/rodolfo/git/Sucuri
simple_pycuda_home: /home/rodolfo/git/simple-pycuda
wamca2016path: /home/rodolfo/git/wamca2016/
localpath: /home/rodolfo/git/dvnd-df/code/dvnd-df/src/
WAMCAPATH:/home/rodolfo/git/wamca2016/
param: {solution_index:5, solution_instance_index:86, multi_gpu:True, goal:False, problem_name:ml, number_of_moves:10, device_count:2, solver:rvnd, mpi_enabled:True, workers:1}
Using already created file:  wamca2016lib.so
Size: 657 - file name: 06_d657.tsp

Value - initial: 279805484-[519 138 128  84 381 581   8 213  74  76 269 455 634 568 311 577 133 284
 107 399 411 616 622 422 154 620 171 177  20 508 628 453  87 539 522 558
  46 505 436 546 490 497 534  99 527 483 353 239 256 354  16 403 109 418
 410  67 525 359 215 423 517 614 499 362 642 349 312 276 529 220 227 369
 292 347 460  37 341 360  42 371 552 602   4 441  39 252 611 180 561 265
 389 590 313  50 507 375 283 330 520 511 210 526  93 187 596 293 374 408
 373  48 204 169 205  91 492 326 140  30 439 329 235 289 503 437 472   0
 203  68 234 474 591  60 412 327  56 114 554 446 103 300 263 654 261 649
 202 637 267 137 557 298  54 388 475 382 323 587 404 533 335 370 285 332
 640 170 589 488 538 463  31 610 379 480 124 417 390 262 181  71 218 186
 122 633 166 176 600  63 163 592 400 343  70 216 222 196 626 514 348 175
 493 467 569 479  69 303 457 358 532 501 156 420 223 233 506 157 523  26
 123 424 431  49  57 584 580 425 409 120  81 639 504 491 653   2 361 391
 547 357 197 548 406 438 121 477 458  92  44 531  65  82 368 219 328 405
 118 190 451 207 550  38  90 291 631 445 540 333  22 179 625 364  21  64
 185 305 172 416  40 652 304 126  12 545 555 476 307 396  17  10 495 274
 510 377 273 149 268 296 447  45 230 245 322 355 336 383 337 485  66 350
 319 551  53 162 462 260 199  19 184 376 466 324   7 209 630  47 106 309
 617 599 473 494 486 588 528   6 444 387 139 435 559 367 286 153 249  36
   5 567 244 251 586 489 496 339 537 470  75 104 201  88  18 556 415 132
 352 308 217  79 152 646 560 363 643 605 618  41 426 655 236 484 544 160
 378 129 345 448  61 641 288 595  52 572 597  86 259  73 281 535 623 141
 301 159 609 211 188 119  72  43 573 111 365 530 228 101  14 549 183 105
 433 440 148 143 275 443 198 174 280 238 578 214 164 246  97 208 346  51
 613 553 277 471 606 398 541  58 638 317 147 562  15 161 498 593 130 167
 226  55 563 237 321 189 344 258 645 380 212 112 318 255 232 459 392 340
 509 231 254 151 542 651 108 240 200 395 306 310 191  28 513 278 242 629
 384 465 145   9  32 543 502 113 482 635 225  25 481 456 632 116 155 117
 247 206  33 243  96  24 125 414 146  94  83 478 427 624 100 221 394 127
 299 603  35 338 612 195 579   3  59 524 516 621 407 250 607 290 397 627
 372 134 253 264 131 270 136 192 102  27 576  23 594 178 168 266 615 173
 314   1 564 351  98 430 428 386 295 320 248 325 334 518 413 487 342 469
 464 224 454 393  78 194 442 142 282 316 636 150 434 521 419 619 565 650
 271 582 287 193 429 648 583 315 241 575 110 401 500 601 461  77 182 115
 356 571  34 468 135  85 144 450  89 165 257 402 229 608 449  13 515 158
 331 385 604 279 512 656  95 452 644 536 421 570 585 302 566 432 366  62
  80  29 598 297  11 272 647 294 574] - 279805484
Solver: RVND, number of workers: 1
Setting feeder affinity
I am the master. There are 1 mpi processes. (hostname = gpu01)
Roots [<pyDF.nodes.Feeder object at 0x7fdee892cad0>]
Starting 0
Main loop
I am worker 0
GPU0
set random seed!
Initial: 279805484-[519 138 128  84 381 581   8 213  74  76 269 455 634 568 311 577 133 284
 107 399 411 616 622 422 154 620 171 177  20 508 628 453  87 539 522 558
  46 505 436 546 490 497 534  99 527 483 353 239 256 354  16 403 109 418
 410  67 525 359 215 423 517 614 499 362 642 349 312 276 529 220 227 369
 292 347 460  37 341 360  42 371 552 602   4 441  39 252 611 180 561 265
 389 590 313  50 507 375 283 330 520 511 210 526  93 187 596 293 374 408
 373  48 204 169 205  91 492 326 140  30 439 329 235 289 503 437 472   0
 203  68 234 474 591  60 412 327  56 114 554 446 103 300 263 654 261 649
 202 637 267 137 557 298  54 388 475 382 323 587 404 533 335 370 285 332
 640 170 589 488 538 463  31 610 379 480 124 417 390 262 181  71 218 186
 122 633 166 176 600  63 163 592 400 343  70 216 222 196 626 514 348 175
 493 467 569 479  69 303 457 358 532 501 156 420 223 233 506 157 523  26
 123 424 431  49  57 584 580 425 409 120  81 639 504 491 653   2 361 391
 547 357 197 548 406 438 121 477 458  92  44 531  65  82 368 219 328 405
 118 190 451 207 550  38  90 291 631 445 540 333  22 179 625 364  21  64
 185 305 172 416  40 652 304 126  12 545 555 476 307 396  17  10 495 274
 510 377 273 149 268 296 447  45 230 245 322 355 336 383 337 485  66 350
 319 551  53 162 462 260 199  19 184 376 466 324   7 209 630  47 106 309
 617 599 473 494 486 588 528   6 444 387 139 435 559 367 286 153 249  36
   5 567 244 251 586 489 496 339 537 470  75 104 201  88  18 556 415 132
 352 308 217  79 152 646 560 363 643 605 618  41 426 655 236 484 544 160
 378 129 345 448  61 641 288 595  52 572 597  86 259  73 281 535 623 141
 301 159 609 211 188 119  72  43 573 111 365 530 228 101  14 549 183 105
 433 440 148 143 275 443 198 174 280 238 578 214 164 246  97 208 346  51
 613 553 277 471 606 398 541  58 638 317 147 562  15 161 498 593 130 167
 226  55 563 237 321 189 344 258 645 380 212 112 318 255 232 459 392 340
 509 231 254 151 542 651 108 240 200 395 306 310 191  28 513 278 242 629
 384 465 145   9  32 543 502 113 482 635 225  25 481 456 632 116 155 117
 247 206  33 243  96  24 125 414 146  94  83 478 427 624 100 221 394 127
 299 603  35 338 612 195 579   3  59 524 516 621 407 250 607 290 397 627
 372 134 253 264 131 270 136 192 102  27 576  23 594 178 168 266 615 173
 314   1 564 351  98 430 428 386 295 320 248 325 334 518 413 487 342 469
 464 224 454 393  78 194 442 142 282 316 636 150 434 521 419 619 565 650
 271 582 287 193 429 648 583 315 241 575 110 401 500 601 461  77 182 115
 356 571  34 468 135  85 144 450  89 165 257 402 229 608 449  13 515 158
 331 385 604 279 512 656  95 452 644 536 421 570 585 302 566 432 366  62
  80  29 598 297  11 272 647 294 574]
Final time: 12.5091941357s - Best: 13983932-[519 520 521 527 526 525 522 524 530 533 523 529 531 532 535 534 536 537
 538 539 540 541 635 639 638 640 641 637 636 634 633 632 631 630 629 628
 552 546 545 544 547 548 553 558 554 555 550 549 543 551 556 559 509 508
 133 136 507 126 504 499 502 503 501 500 495 492 489 484 488 487 481 480
 485 490 486 491 494 497 496 498 505 506 125 135 124 127 145 144 109  95
  87  88 108  94  89  83  76  82  96 100 107 111 106 122 112 121 105  80
  71  66  61  47  43 468 466 464 461 465 467 460 459 457 456 473 455 454
 451 452 450 448 449 453 458 462 463 469  34  38  42  46  37  31  25 441
 446 447 443 440  23  26  27  30  29  22 445 444  19  18  13  17  16  14
  15  20  28  40  50  54  49  44  45  63  74  84  77  73  68  41  39  36
  35  33  32  24  12  11  10   8   9   7  53  60  64  79  78   6 117 131
 138 129 128 116 130 137 142 162 164 190 196 206 220 230 238 239 253 261
 271 263 264 240 234 218 217 209 199 198 197 195 191 186 181 180 185 178
 172 168 155 140 132 115  93  98  97  91 102 114 118 103  85  72  65  57
  52  48  55  59  69  86  92  99 120 139 148 147 149 154 177 179 184 221
 232 241 260 251 247 227 219 214 208 207 224 226 242 250 228 243 255 259
 284 291 277 272 274 283 286 267 282 285 278 281 265 245 222 216 212 205
 203 189 182 173 183 194 200 201 202 229 246 257 266 258 273 280 297 296
 302 295 301 319 330 343 336 316 329 315 314 313 328 339 359 363 352 332
 338 344 353 362 367 382 392 384 379 366 368 374 376 394 403 407 412 413
 406 402 395 385 396 378 373 358 351 357 333 318 312 305 304 327 311 270
 252 268 276 300 310 320 326 350 369 365 377 386 401 405 414 423 431 424
 410 419 425 433 434 429 417 411 428 418 393 381 383 380 375 354 360 355
 331 356 408 622 620 618 617 616 615 337 306 592 279 598 600 607 610 606
 605 601 595 596 591 583 584 576 577 573 571 569 568 562 561 564 560 563
 565 566 557 528 512 513 516 517 518 514 515 478 477 476 479 472 482 483
 471  67  56 470  51  62  75  81  58  70  90 104 113 119 157 204 215 225
 236 248 254 275 287 292 288 293 299 303 308 309 321 325 342 348 349 364
 370 388 397 389 346 334 324 323 340 335 345 361 372 391 398 400 404 415
 421 422 430 435 436 439 437 420 438 416 409 390 399 371 347 341 322 317
 307 298 290 262 289 269 237 231 235 210 163 156 187 165 171 169 170 161
 166 158 150 143 153 167 151 110 123 134 146 176 192 188 175 152 160 174
 193 211 233 244 256 213 580 586 581 574 578 582 589 608 597 594 602 611
 612 619 613 426 427 624 625 623 621 614 609 604 603 599 593 590 587 588
 585 579 575 656 572 626 655 654 627 653 652 651 650 649 648 647 645 646
 644 643 642 542 570 567 511 510 159 493 474 475 442  21   1   2   3   4
   5 141 101 294 387 432 249 223   0]
Value - initial: 279805484, final: 13983932, improveup: 20.0090706963

data-line;i;279805484;f;13983932;t;12.5091941357;c;-2;fv;[13983932L];cv;-1;imp;20.0090706963;type;rvnd;inum;5;w;1

time;12.5091941357;man_time;0;neigh_time;0
man_time;0;man_merge_sol;0;man_best_sol;0;man_combine_sol;0

Waiting [0]
Terminating workers True 0 0
MPI TERMINATING
