pydf_home: /home/rodolfo/git/Sucuri
simple_pycuda_home: /home/rodolfo/git/simple-pycuda
wamca2016path: /home/rodolfo/git/wamca2016/
localpath: /home/rodolfo/git/dvnd-df/code/dvnd-df/src/
WAMCAPATH:/home/rodolfo/git/wamca2016/
param: {solution_index:2, solution_instance_index:19, multi_gpu:True, goal:False, problem_name:ml, number_of_moves:10, device_count:2, solver:rvnd, mpi_enabled:True, workers:1}
Using already created file:  wamca2016lib.so
Size: 226 - file name: 03_pr226.tsp

Value - initial: 184434714-[160 219 173 150  55  63 185  79  11 188 218  65 192 138 141 137  39 125
 135 216 198 194  52  16  62 186  69  47 208 140  85  92 156 109 203 179
 159 206 147 117 153  43 105  20  19 144  42 120  91 170 212 210 131 162
  59 103 181 142 158 172 178   5 209 207  32   0  89  87 114 215 202  71
 180  66  13 134  81  49 151  28 217  54 222 110 189  44  96 200  41 127
 223  82 195  38 201  98  37 167  30  83 211  40 108 163 183 174 115  77
 193 149  53  67 168  93  57   2 139 169 111 213   3 121  36  33 106 132
 123  74 196  88   7  45  31  64 118  27 107   6  61 112 116  26  95  34
 126 191 143 164 154  50 119 184 190 177  58 224 221 187  10 157 148  99
  21  70   9  94 102 113  86  12 214  17  24  29 128 197 155  60 182 199
 205   1   8  35  72  80 146  14 175  75 204 225 133  68 101 136  18 104
  76  15  25 122  51  73  97 130  46 176  48 171  90 124  84 129 220  78
 145 161  22   4  56 152  23 166 100 165] - 184434714
Solver: RVND, number of workers: 1
Setting feeder affinity
I am the master. There are 1 mpi processes. (hostname = gpu01)
Roots [<pyDF.nodes.Feeder object at 0x7eff36e61ad0>]
Starting 0
Main loop
I am worker 0
GPU0
set random seed!
Initial: 184434714-[160 219 173 150  55  63 185  79  11 188 218  65 192 138 141 137  39 125
 135 216 198 194  52  16  62 186  69  47 208 140  85  92 156 109 203 179
 159 206 147 117 153  43 105  20  19 144  42 120  91 170 212 210 131 162
  59 103 181 142 158 172 178   5 209 207  32   0  89  87 114 215 202  71
 180  66  13 134  81  49 151  28 217  54 222 110 189  44  96 200  41 127
 223  82 195  38 201  98  37 167  30  83 211  40 108 163 183 174 115  77
 193 149  53  67 168  93  57   2 139 169 111 213   3 121  36  33 106 132
 123  74 196  88   7  45  31  64 118  27 107   6  61 112 116  26  95  34
 126 191 143 164 154  50 119 184 190 177  58 224 221 187  10 157 148  99
  21  70   9  94 102 113  86  12 214  17  24  29 128 197 155  60 182 199
 205   1   8  35  72  80 146  14 175  75 204 225 133  68 101 136  18 104
  76  15  25 122  51  73  97 130  46 176  48 171  90 124  84 129 220  78
 145 161  22   4  56 152  23 166 100 165]
Final time: 2.24283790588s - Best: 6825233-[160 159 158 157 156 155 154 161 162 163 164 165 166 167 168 169 170 171
 172 173 174 175 176 177 178 179 180 181 182 183 184 185 186 187 188 189
 190 191 192 193 194 195 196 197 198 199 200 201 202 203 204 205 206 207
 208 209 210 211 212 213 214 215 216 217 218 219 220 221 222 223 224 225
 124 131 129 123 122 130 128 121 120 126 127 119 118 125 109 117 116 108
 107 115 114 106 105 113 112 103 104 111 102 110  85  84  83  82  81  80
  79  78  77  76  75  74  73  72   0   1   2   3   4   5   6   7   8   9
  13  14  10  11  12  70  67  66  64  63  62  61  60  59  58  57  56  55
  54  53  52  51  50  49  21  22  23  24  25  26  28  29  33  34  30  31
  32  47  44  45  46  94  95  96  97  98  99 100 101 136 137 138 139 140
 141 142 149 147 148 146 144 145 143  93  92  91  90  89  87  88  86  42
  41  38  37  36  43  35  48  27  20  19  18  17  16  15  71  68  69  65
 132 133 134 135 150 151 152 153  40  39]
Value - initial: 184434714, final: 6825233, improveup: 27.022478793

data-line;i;184434714;f;6825233;t;2.24283790588;c;-2;fv;[6825233L];cv;-1;imp;27.022478793;type;rvnd;inum;2;w;1

time;2.24283790588;man_time;0;neigh_time;0
man_time;0;man_merge_sol;0;man_best_sol;0;man_combine_sol;0

Waiting [0]
Terminating workers True 0 0
MPI TERMINATING
