pydf_home: /home/rodolfo/git/Sucuri
simple_pycuda_home: /home/rodolfo/git/simple-pycuda
wamca2016path: /home/rodolfo/git/wamca2016/
localpath: /home/rodolfo/git/dvnd-df/code/dvnd-df/src/
WAMCAPATH:/home/rodolfo/git/wamca2016/
param: {solution_index:0, solution_instance_index:10, multi_gpu:True, goal:False, problem_name:ml, number_of_moves:10, device_count:2, solver:rvnd, mpi_enabled:True, workers:1}
Using already created file:  wamca2016lib.so
Size: 52 - file name: 01_berlin52.tsp

Value - initial: 773147-[18 25 12 50 19 43 31 36 30 10 32  4  5 26  6 51  3 14 13 46 37 20 11 44  1
  9 15 48  2 35 22 34  8 40 39 38 27 23 29 21 17 28 33 41 49 47 24  0  7 16
 42 45] - 773147
Solver: RVND, number of workers: 1
Setting feeder affinity
I am the master. There are 1 mpi processes. (hostname = gpu01)
Roots [<pyDF.nodes.Feeder object at 0x7f1fdf948ad0>]
Starting 0
Main loop
I am worker 0
GPU0
set random seed!
Initial: 773147-[18 25 12 50 19 43 31 36 30 10 32  4  5 26  6 51  3 14 13 46 37 20 11 44  1
  9 15 48  2 35 22 34  8 40 39 38 27 23 29 21 17 28 33 41 49 47 24  0  7 16
 42 45]
Final time: 1.60583901405s - Best: 148220-[18 44 17 30 21  0 31 48 35 34 33 38 39 36 37 23 47  4 14  5  3 24 45 43 15
 28 49 19 29 22 20 41  6  1 16  2 40  7  9  8 42 11 50 10 12 13 46 25 32 27
 26 51]
Value - initial: 773147, final: 148220, improveup: 5.21621238699

data-line;i;773147;f;148220;t;1.60583901405;c;-2;fv;[148220L];cv;-1;imp;5.21621238699;type;rvnd;inum;0;w;1

time;1.60583901405;man_time;0;neigh_time;0
man_time;0;man_merge_sol;0;man_best_sol;0;man_combine_sol;0

Waiting [0]
Terminating workers True 0 0
MPI TERMINATING
