pydf_home: /home/rodolfo/git/Sucuri
simple_pycuda_home: /home/rodolfo/git/simple-pycuda
wamca2016path: /home/rodolfo/git/wamca2016/
localpath: /home/rodolfo/git/dvnd-df/code/dvnd-df/src/
WAMCAPATH:/home/rodolfo/git/wamca2016/
param: {solution_index:5, solution_instance_index:32, multi_gpu:True, goal:False, problem_name:ml, number_of_moves:10, device_count:2, solver:rvnd, mpi_enabled:True, workers:1}
Using already created file:  wamca2016lib.so
Size: 657 - file name: 06_d657.tsp

Value - initial: 278174645-[332 383 639 589 390 219 509 485 500 324 638 551 254 535 202 544  93  56
 549 340 428 430  90  73 612 518 314 351 547 407 247 628 643 388 610 520
 255 395 460 270 320 146 469  78  99 540 563  89 445 521 622 204 117 291
 427 419  34 237 382 143 164 641 457 140 218  66 278 565 583 339 192 645
 587  63 234 542 568 169 177 391 624 586 577 489 186 629 647 302 584 579
 434 120 649 468 410 364 443 319 154 181 652 346 116 262 239 493 361 310
 240 330  54 375 400 384  76 267   7 216 511 127 165 557 298 448 581  85
 128 223 632 402 308  70 545 634 306 211 527 621 121  35 492 225  57 651
 114 290 441 566 135 190 191 299 597 439  81 474 367 248  11  55 268  19
 160 538 616 444 637  97  69 481  42 193  46  87 636 438 170 423 534 318
 433 522 355  84 230 284 555 591 199 508 405 451 292 435 125 244 548 513
 528 490  26  40 385 196 553 404   3 197 543 623 242  29 341 529 646 654
 653 376 480 471 195 133 389 109 273 571 272 413 552 321 153 301 635 274
 107 333  37 336  67 452 562 166  80  28 256 401 113 486 263 138 119  22
 259 456  74 157 334  91 613 601 293 173 241 596 294  10 145 572 327 503
 454 271 593 573 363 429 499  95 282 269 152 141 156  60  98 123 176 530
 285 414 506 103 498 163   1 275  36 640  86 335 426  20 599 512 369 245
  68 424 496 281 276 431 630   9  75  49 178 517 466 386 488 161 144 620
 602  18 246 399 633 531   8 226 283 368  39 406 631 331 286 594 487  12
  88 229  27 465 212 158 536 478 523 614 564 472 578 532 425 619 574 249
 168  31 148 411 502 510 618 201 305 358 644 590  92 484 111  83 296 607
 576 519 374 398 422 494 200 516 280 615 110 131 360 359 605 179 279  13
 205 266 238 570 231 381 105  47  16 497  50 147 104 373 300 539 224 251
 600 214 627 184 491   6 151 507 222 227 356  79 345 304 459 608 461 412
  58  64 366 569 182 379 455 462 228 344 370   2 420 172 482 132 343 585
  62 397 287 352 436 316 101 102 264 162 236 595  82 136 648 112 588 253
 126 514 650 554 396 582 626 221 604 449  77 187 122 418  44 329 124 277
 235 606  25 289  71 217  32 185 559 524 206 183 325 371 315 394 326  14
 515 134 408 440 250 432 560 258  17 504 546 625 189 252 558 416 188 129
 349 467 479 208 265 417 215 526 387 115 317 392 446 350 541 458 323 309
  96 210 353 150 174 313 362 450 655 473 550 365  48   5 130 464 556 260
   4 393 348 155 475 142 203 453 297 656 476  21 194  24 261 180  61 106
 567 354 167  94 149 537 505 409 380  59 483 442 477 357 415 207  72 322
 611  45 495 288 198  43 220 233 463 377 108 328 561 295 303 642  30 175
  65  53 603  41 209 421 311 533 501  38 232 347 378 159 307  33 580 437
 243 213 598 257 403 312 447 525 118  15 592   0  23 137 100 372 617 338
 609 342 337  51 139 470 575  52 171] - 278174645
Solver: RVND, number of workers: 1
Setting feeder affinity
I am the master. There are 1 mpi processes. (hostname = gpu01)
Roots [<pyDF.nodes.Feeder object at 0x7fc06f903ad0>]
Starting 0
Main loop
I am worker 0
GPU0
set random seed!
Initial: 278174645-[332 383 639 589 390 219 509 485 500 324 638 551 254 535 202 544  93  56
 549 340 428 430  90  73 612 518 314 351 547 407 247 628 643 388 610 520
 255 395 460 270 320 146 469  78  99 540 563  89 445 521 622 204 117 291
 427 419  34 237 382 143 164 641 457 140 218  66 278 565 583 339 192 645
 587  63 234 542 568 169 177 391 624 586 577 489 186 629 647 302 584 579
 434 120 649 468 410 364 443 319 154 181 652 346 116 262 239 493 361 310
 240 330  54 375 400 384  76 267   7 216 511 127 165 557 298 448 581  85
 128 223 632 402 308  70 545 634 306 211 527 621 121  35 492 225  57 651
 114 290 441 566 135 190 191 299 597 439  81 474 367 248  11  55 268  19
 160 538 616 444 637  97  69 481  42 193  46  87 636 438 170 423 534 318
 433 522 355  84 230 284 555 591 199 508 405 451 292 435 125 244 548 513
 528 490  26  40 385 196 553 404   3 197 543 623 242  29 341 529 646 654
 653 376 480 471 195 133 389 109 273 571 272 413 552 321 153 301 635 274
 107 333  37 336  67 452 562 166  80  28 256 401 113 486 263 138 119  22
 259 456  74 157 334  91 613 601 293 173 241 596 294  10 145 572 327 503
 454 271 593 573 363 429 499  95 282 269 152 141 156  60  98 123 176 530
 285 414 506 103 498 163   1 275  36 640  86 335 426  20 599 512 369 245
  68 424 496 281 276 431 630   9  75  49 178 517 466 386 488 161 144 620
 602  18 246 399 633 531   8 226 283 368  39 406 631 331 286 594 487  12
  88 229  27 465 212 158 536 478 523 614 564 472 578 532 425 619 574 249
 168  31 148 411 502 510 618 201 305 358 644 590  92 484 111  83 296 607
 576 519 374 398 422 494 200 516 280 615 110 131 360 359 605 179 279  13
 205 266 238 570 231 381 105  47  16 497  50 147 104 373 300 539 224 251
 600 214 627 184 491   6 151 507 222 227 356  79 345 304 459 608 461 412
  58  64 366 569 182 379 455 462 228 344 370   2 420 172 482 132 343 585
  62 397 287 352 436 316 101 102 264 162 236 595  82 136 648 112 588 253
 126 514 650 554 396 582 626 221 604 449  77 187 122 418  44 329 124 277
 235 606  25 289  71 217  32 185 559 524 206 183 325 371 315 394 326  14
 515 134 408 440 250 432 560 258  17 504 546 625 189 252 558 416 188 129
 349 467 479 208 265 417 215 526 387 115 317 392 446 350 541 458 323 309
  96 210 353 150 174 313 362 450 655 473 550 365  48   5 130 464 556 260
   4 393 348 155 475 142 203 453 297 656 476  21 194  24 261 180  61 106
 567 354 167  94 149 537 505 409 380  59 483 442 477 357 415 207  72 322
 611  45 495 288 198  43 220 233 463 377 108 328 561 295 303 642  30 175
  65  53 603  41 209 421 311 533 501  38 232 347 378 159 307  33 580 437
 243 213 598 257 403 312 447 525 118  15 592   0  23 137 100 372 617 338
 609 342 337  51 139 470 575  52 171]
Final time: 8.97327494621s - Best: 14928057-[332 314 315 329 338 344 353 362 352 363 359 366 368 374 376 379 384 394
 403 407 412 413 425 424 419 410 406 402 395 385 396 378 373 414 405 401
 386 377 365 369 350 349 348 364 370 388 397 415 404 400 398 391 372 361
 347 341 345 335 322 307 317 323 324 334 308 309 321 325 294 260 251 247
 241 232 254 248 236 240 234 218 217 209 199 198 197 195 191 185 196 190
 164 162 142 129 138 131 117   6  78  79 101 116 128 130 137 155 168 172
 178 186 180 181 187 165 157 169 171 170 161 148 139 120 104  90  70  58
  46  42  38  37  34 469  31  55  48  52  57  59  69  86  92  99 113 119
 103 118 114 102  91  97  98  93  84  74  77  73  68  63  45  44  49  54
  50  40  29  30  27  26  25 440  23  22  18  19 444 445 447 446 443 441
 442 449 448 453 450 452 451 454 458 464 462 463 466 468  43  47  51  62
  56  67  76  83  89  94 108  95  88  87 491 494 497 496 498 493 492 489
 488 487 490 486 485 480 481 484 514 515 518 517 516 541 540 539 538 537
 536 534 535 532 531 529 523 533 530 524 522 525 526 527 521 519 520 474
 477 478 479 476 475 457 456 473 455 459 460 461 465 467 470  61  66  71
  80  81  75  82  96 100 107 106 112 122 111 110 123 146 134 109 144 145
 127 124 505 506 125 135 126 504 499 502 503 501 500 507 133 136 160 174
 193 175 188 192 176 151 167 153 143 150 158 166 179 177 184 208 214 207
 219 227 252 268 276 270 250 242 226 224 228 243 255 259 249 233 244 211
 222 216 212 205 203 189 182 173 183 194 200 201 202 570 566 557 555 554
 550 549 543 548 547 546 545 544 631 632 633 635 634 636 637 638 639 640
 641 642 643 644 646 645 630 629 628 552 561 562 568 569 571 573 577 576
 584 583 591 596 595 601 598 600 605 606 610 607 337 356 355 360 381 383
 380 375 418 428 417 411 382 367 336 354 343 319 330 331 306 297 280 266
 258 273 265 281 278 285 282 267 256 286 283 274 272 277 291 284 304 305
 312 318 333 357 351 358 327 311 310 320 326 292 287 275 225 204 140 132
 115  85  72  65  28  20  17  13  16  15  14  21  24  12  11  10   8   9
   7  33  32  35  36  39  41  53  60  64   5 141 156 163 210 235 231 237
 269 289 298 290 262 238 220 230 239 253 261 271 263 264 288 293 299 303
 340 346 389 421 422 436 430 435 432 423 431 433 434 429 392 316 301 295
 302 296 592 279 257 246 586 581 582 578 574 564 560 565 563 558 553 551
 556 559 511 510 159 508 509 528 512 513 495 482 472 471 483 105 121 149
 154 147 215 221 300 339 328 313 393 426 427 408 622 620 618 617 616 615
 613 619 624 625 623 621 614 609 604 603 599 593 590 587 579 575 656 655
 654 653 652 648 647 649 650 651 627 626 572 585 588 594 597 602 611 612
 608 589 229 580 245 213 567 542 152 223 387 342 439 437 438 420 409 416
 390 399 371 206   4   3   2   1   0]
Value - initial: 278174645, final: 14928057, improveup: 18.6343504047

data-line;i;278174645;f;14928057;t;8.97327494621;c;-2;fv;[14928057L];cv;-1;imp;18.6343504047;type;rvnd;inum;5;w;1

time;8.97327494621;man_time;0;neigh_time;0
man_time;0;man_merge_sol;0;man_best_sol;0;man_combine_sol;0

Waiting [0]
Terminating workers True 0 0
MPI TERMINATING
