pydf_home: /home/rodolfo/git/Sucuri
simple_pycuda_home: /home/rodolfo/git/simple-pycuda
wamca2016path: /home/rodolfo/git/wamca2016/
localpath: /home/rodolfo/git/dvnd-df/code/dvnd-df/src/
WAMCAPATH:/home/rodolfo/git/wamca2016/
param: {solution_index:6, solution_instance_index:52, multi_gpu:True, goal:False, problem_name:ml, number_of_moves:10, device_count:2, solver:rvnd, mpi_enabled:True, workers:1}
Using already created file:  wamca2016lib.so
Size: 783 - file name: 07_rat784.tsp

Value - initial: 69417719-[298 478 749 591 614 618  71 229 133 261 304 350 446 459 660 421 253  53
  50 764 753 721 645 112 445 552 637 451  52 587 160 776   0 659 643 254
 195  43 582 264  88 487 440 724 230 124 352 454 575 554 534  18 148 730
 706 414 177 187  91 664 324 584 182 475  80 371   1  96 420 115 364 626
  21 401 772 668 695 633 780 728 180 563 248 765 328 540 685 629 689   9
 307  10 312 435 778 439 344 543 636 569 231 121 242 276 774 467 250 286
 779 368  60 272 623 191 518 577 390  70 213  30 384 729  92 147 542 508
 313 331 327 275  48 510  23 397 155 139 222 255 387  85  24 409 465 211
 688  86 538  59 642  79 227 657 343 434 631 757  15 763 701 560 212 340
 285 398  94 628 138 741 113 553 431 126 492  44 594 611 675 102 210 120
 502 188 175 717  90 632 125 267 225 616 709  40 581  35 209 386 490 315
 167 201 678 713 374 444 288 466 697  16 461 462 355 292  47 734 480  29
 740 337 281 641 781  42 547 720 366 321 513 410 171 712 708 754 469 282
 744 425 684 680  11 108  49 122 590 279 200  64 106 725 432  93 265 132
 433 283  61 743 758 198 154 495  65 252 727 537 290 665 346 287 608 135
 650 673  17 597  46  69 316 742 667 172 136 703  27 349 338 319   6 617
 655 158 325 127 396 394 568 464 627 662 345 566 500 561 161 128   8  82
 289 747  41 634 426 488 536 476 137 456 528 541 100 696 221 204 228 671
 224 416 385 503 436 194 583  38 103 672 382   5  75 219  83  98 215 453
 438 181 173 376 302 399  56 134 624 318  36 131 604 716 658 348 129 463
 257 157 507 278 517 471 539  55 232 293 635 515 607  37  57 762 143  89
  45 588  20 599 578  78 443 557 519 690 767 342 572 520 226 775 203 190
 380 505 576 270 258 189 381 123 521 452 427 300 514 218 356 761 736 738
 274 457 216 564 759 164 532 268 361 358 499 362 509 473   3 329 484 208
 196  97 166 377 174 546  58 284 422 423 404 156 130   7 326 726 545 646
 442 238 455 437 417 360 354 357 777 580 146 170 317  34  32   4 592 359
 233 573 620 529 109 485 707 674  51 700 217 458 141  68 648 339 498 411
 550  63  73 375 405 193 687  77 116 306  84 548 369 234 565 347 424 585
 351 114 516 718  72  54 562 320 494 654 183 117 206 770 602 151 714 735
 367 621 262 403  25 365 413 297 259 556 530 595 429 752 240 334 666 202
 402 603 295 363 468 748 149 370 142 571 698 596 373 104 598 269 694 184
 470 702 558 501 389 755 768 441 271 249 732 522 273 448  76 247 766 511
 101 647 408 169 330 393 168 235 388 496 574 450 418 477 481  62 383 483
 610 512 311 705 223 651 533 504 722 605 245 649 430 391 110 144 119 379
 482 314 395 479 559 449 692 622 237 407 751 153 570 600 400  81 691 197
 301 192 239 676 392 308  66 332 323 186 677 303  99 309 296 613 207 638
 159 615 711 406 699 593  12 489 769 266 205  14 260 782 150 486 733 199
 760 526 606 341 737 246 447 220 619 567 549 335  74 750 162 291 336 333
 305 656 474   2 179 739 523 185 679 710  26 723  39 497  31 601 771 544
 715 579 639 531 280 551 625 682  28 586 256 683 663 630 704  95 107 653
 746 681  22 152 378 661 140 163 241 419 299 165 652 145 178 428 176 535
 372 263 214  87 415 745  13 756 524 244 612 525 773 589 669  19 118 686
 527 322 493 472 460 491 111 693 310 412 719 105 236 294 353 506 640 251
 731 243 644  33 670 277 609  67 555] - 69417719
Solver: RVND, number of workers: 1
Setting feeder affinity
I am the master. There are 1 mpi processes. (hostname = gpu01)
Roots [<pyDF.nodes.Feeder object at 0x7fd6a6e71ad0>]
Starting 0
Main loop
I am worker 0
GPU0
set random seed!
Initial: 69417719-[298 478 749 591 614 618  71 229 133 261 304 350 446 459 660 421 253  53
  50 764 753 721 645 112 445 552 637 451  52 587 160 776   0 659 643 254
 195  43 582 264  88 487 440 724 230 124 352 454 575 554 534  18 148 730
 706 414 177 187  91 664 324 584 182 475  80 371   1  96 420 115 364 626
  21 401 772 668 695 633 780 728 180 563 248 765 328 540 685 629 689   9
 307  10 312 435 778 439 344 543 636 569 231 121 242 276 774 467 250 286
 779 368  60 272 623 191 518 577 390  70 213  30 384 729  92 147 542 508
 313 331 327 275  48 510  23 397 155 139 222 255 387  85  24 409 465 211
 688  86 538  59 642  79 227 657 343 434 631 757  15 763 701 560 212 340
 285 398  94 628 138 741 113 553 431 126 492  44 594 611 675 102 210 120
 502 188 175 717  90 632 125 267 225 616 709  40 581  35 209 386 490 315
 167 201 678 713 374 444 288 466 697  16 461 462 355 292  47 734 480  29
 740 337 281 641 781  42 547 720 366 321 513 410 171 712 708 754 469 282
 744 425 684 680  11 108  49 122 590 279 200  64 106 725 432  93 265 132
 433 283  61 743 758 198 154 495  65 252 727 537 290 665 346 287 608 135
 650 673  17 597  46  69 316 742 667 172 136 703  27 349 338 319   6 617
 655 158 325 127 396 394 568 464 627 662 345 566 500 561 161 128   8  82
 289 747  41 634 426 488 536 476 137 456 528 541 100 696 221 204 228 671
 224 416 385 503 436 194 583  38 103 672 382   5  75 219  83  98 215 453
 438 181 173 376 302 399  56 134 624 318  36 131 604 716 658 348 129 463
 257 157 507 278 517 471 539  55 232 293 635 515 607  37  57 762 143  89
  45 588  20 599 578  78 443 557 519 690 767 342 572 520 226 775 203 190
 380 505 576 270 258 189 381 123 521 452 427 300 514 218 356 761 736 738
 274 457 216 564 759 164 532 268 361 358 499 362 509 473   3 329 484 208
 196  97 166 377 174 546  58 284 422 423 404 156 130   7 326 726 545 646
 442 238 455 437 417 360 354 357 777 580 146 170 317  34  32   4 592 359
 233 573 620 529 109 485 707 674  51 700 217 458 141  68 648 339 498 411
 550  63  73 375 405 193 687  77 116 306  84 548 369 234 565 347 424 585
 351 114 516 718  72  54 562 320 494 654 183 117 206 770 602 151 714 735
 367 621 262 403  25 365 413 297 259 556 530 595 429 752 240 334 666 202
 402 603 295 363 468 748 149 370 142 571 698 596 373 104 598 269 694 184
 470 702 558 501 389 755 768 441 271 249 732 522 273 448  76 247 766 511
 101 647 408 169 330 393 168 235 388 496 574 450 418 477 481  62 383 483
 610 512 311 705 223 651 533 504 722 605 245 649 430 391 110 144 119 379
 482 314 395 479 559 449 692 622 237 407 751 153 570 600 400  81 691 197
 301 192 239 676 392 308  66 332 323 186 677 303  99 309 296 613 207 638
 159 615 711 406 699 593  12 489 769 266 205  14 260 782 150 486 733 199
 760 526 606 341 737 246 447 220 619 567 549 335  74 750 162 291 336 333
 305 656 474   2 179 739 523 185 679 710  26 723  39 497  31 601 771 544
 715 579 639 531 280 551 625 682  28 586 256 683 663 630 704  95 107 653
 746 681  22 152 378 661 140 163 241 419 299 165 652 145 178 428 176 535
 372 263 214  87 415 745  13 756 524 244 612 525 773 589 669  19 118 686
 527 322 493 472 460 491 111 693 310 412 719 105 236 294 353 506 640 251
 731 243 644  33 670 277 609  67 555]
Final time: 15.8620500565s - Best: 3361473-[298 285 290 305 292 289 299 306 315 331 324 322 318 326 334 357 343 355
 358 342 351 362 383 389 386 381 400 422 428 435 444 451 452 457 465 483
 505 516 511 507 517 518 512 514 499 490 482 500 506 504 520 534 535 540
 541 557 564 569 576 600 599 583 590 608 602 586 563 562 565 577 551 556
 546 539 530 538 560 568 597 596 585 593 610 625 623 639 637 647 651 658
 664 671 682 696 703 708 687 677 670 678 684 679 689 705 704 717 734 744
 735 731 742 738 721 697 691 690 680 674 659 643 640 633 626 611 612 618
 616 627 648 656 660 668 665 650 645 652 653 661 688 699 700 726 729 730
 745 740 722 715 707 701 723 741 751 755 763 750 727 714 702 695 693 669
 675 673 667 666 663 649 641 617 609 588 571 558 572 580 603 605 592 581
 591 594 607 624 622 619 601 584 582 573 549 537 545 548 544 531 543 536
 527 524 508 501 497 509 502 522 515 503 489 461 460 441 427 420 398 412
 403 405 393 366 356 354 340 328 313 314 284 279 264 263 296 303 295 278
 283 297 308 323 333 348 360 361 377 397 411 402 414 413 401 399 387 384
 367 372 382 380 385 379 417 433 436 447 458 473 479 488 486 496 495 493
 475 463 469 468 440 434 438 430 418 416 410 390 374 359 353 350 347 339
 337 336 309 307 287 282 281 286 274 261 250 252 268 249 232 231 239 258
 257 267 266 255 242 223 207 201 203 195 194 183 161 155 150 151 160 142
 136 132 115 111 107 104 101  76  73  88  94  97  75  93  82  64  57  52
  46  45  40  66  80  69  79  99 114 122 116 109  96  87  55  48  51  56
  44  36  24  14   0  16  22   1   6  17  11   8   9   2   4  28  38  47
  63  70  98  84  67  85  81  61  49  60  58  35  29  18   7  19  30  34
  21  13  31  15  20  26  25  50  41  53  71  91 102  92  68  77  89  90
  95  72  59  54  43  23  27  33   3  10  12  37  42  65  74  86  83  78
 100 105 108 113 121 133 134 148 176 180 193 169 167 173 165 157 130 131
 140 129 128 143 123 120 125 117 137 156 163 164 172 209 225 220 212 200
 182 187 196 190 188 202 177 191 206 213 222 244 251 240 219 227 228 243
 256 236 218 208 210 211 224 216 205 199 197 175 178 186 221 226 230 247
 248 273 277 272 275 276 254 245 238 235 241 265 269 288 304 312 301 293
 316 338 352 345 349 346 332 320 302 291 294 310 311 317 325 335 329 321
 344 371 369 376 392 407 408 409 419 423 404 391 388 396 406 424 442 437
 421 432 425 429 448 455 472 459 454 462 485 491 484 481 471 498 510 525
 532 547 559 575 567 550 529 533 553 561 578 589 598 587 606 620 621 629
 635 685 694 698 706 712 718 719 720 725 739 747 754 753 736 732 756 758
 767 778 776 772 773 765 761 748 749 762 769 779 780 781 782 774 770 766
 752 743 728 711 710 713 716 686 681 676 657 655 662 642 634 615 636 614
 628 631 638 630 632 613 604 574 570 552 542 526 521 523 519 513 492 487
 474 464 449 445 431 439 446 453 467 477 470 480 478 450 426 395 378 373
 368 341 330 319 262 259 270 271 260 246 237 253 233 217 198 192 170 141
 147 144 118 112 103 153 166 158 149 181 189 168 162 139 127 119 110 106
 126 135 152 174 159 154 146 138 124 145 184 171 179 185 204 229 215 214
 234 327 365 370 364 375 456 466 476 494 528 555 579 595 644 654 724 733
 737 746 768 777 760 771 764 759 775 757 683 709 692 672 646 566 554 443
 415 363 300 280  62  32   5  39 394]
Value - initial: 69417719, final: 3361473, improveup: 20.6509821736

data-line;i;69417719;f;3361473;t;15.8620500565;c;-2;fv;[3361473L];cv;-1;imp;20.6509821736;type;rvnd;inum;6;w;1

time;15.8620500565;man_time;0;neigh_time;0
man_time;0;man_merge_sol;0;man_best_sol;0;man_combine_sol;0

Waiting [0]
Terminating workers True 0 0
MPI TERMINATING
