pydf_home: /home/rodolfo/git/Sucuri
simple_pycuda_home: /home/rodolfo/git/simple-pycuda
wamca2016path: /home/rodolfo/git/wamca2016/
localpath: /home/rodolfo/git/dvnd-df/code/dvnd-df/src/
WAMCAPATH:/home/rodolfo/git/wamca2016/
param: {solution_index:6, solution_instance_index:0, multi_gpu:True, goal:False, problem_name:ml, number_of_moves:10, device_count:2, solver:rvnd, mpi_enabled:True, workers:1}
Using already created file:  wamca2016lib.so
Size: 783 - file name: 07_rat784.tsp

Value - initial: 70596254-[746 115 107 196 552  45 206 715 165 446 659 145 449   5 268 153 238 347
 361  57 484 625 215 399 265 135 148 526 706 255 187 138 612 721 378 260
 504 154 650 303 203 477 515 404 557  19 590 586 677 433  75 273 411 558
 235 719 245 382 402 445 288 616 571 315 307 254  39 764 726 398 366 424
 735  64 589 409 316  60 283 441 478 340 342 679  66 298 770 538  76 139
  14 718 691 120 435  68 707 689 234 369 479 570 104  98 595 227 309 186
 164 658 494 730 429 270 583 739 394 675 185 343 642  99 618  11 536 332
 609 761 470 630  73 169 775 502 632  97  43 528 106 628 373 534 664 641
 406 279 508 418 748 241 297 285 507 412 301 766 469 353 545 282 585 191
 352 159 150 200  51 631  61 133 415 350 160 535  89 574 742  12 582  74
 607 209  25 564 221  69  72 141 555 218 454 756 142 665  31 428  28  53
 122 546 456 444 111 193 723 512 117 496 311  13 426 623 447  94 709 179
 547 167 681 669 322 763 264 584 116 414 171  15  50 460 565 442 188 356
 518 140  62 654 323 305 560 364 334 464 128 752 261 190 437 773 492 549
 339 759 390 451 119 762 324  30 531 483 467 112 386 102 162   6 575 391
 419 513 321   0 144 325 101 176  87 259 529 408 249 506 597 687 407 606
 548 577 673 376 233 685 747 662  58 637 184 566  52 561 385 738 760   9
 457 237 497 550 440 620 121 490 290 488 703 230 605 421  49  79 472 544
 207 318 617 638 248 236 351 147  91 362 392 705 692 551 372 359 175 485
 202 210 383 375 539 765 781 476 615 410 596 395 740 579  47 304 627 458
 401 201 152 224 743 284 499 286 573 576 459 126 509 125 610  81 644 168
 226 214 466  29 312 109 732 525 522 294 465 702 777 750 716 308  59 678
  86 591 486 357 645  56 146 355   3  17 217 670  84 682 520 489 501 554
 157 320 397 368 257 500 276 455 474 349 430 693  42 156 699 416 345  41
 493 425 108 602 537 778 498 327 668 527 310 587 189  85  24 754 118 103
 277 180 216 166 199 328 660 354 344 289  96 636 600 622 611 400 229 593
  55 776 333 360 688 482 123 263  78   1 661  16 278 601 779 599 453 365
 228 181 258 205 313  35 417  40 646 744 149 243 751 712 667 300 439 568
 517 728  22  65 130 767 314 110 371 330 581 223 713  18 178  63 503  34
 450 717 266 431 731 524 100  33 452  21  20 172 212 532  77 647 331 388
 657 540 774 341 448 213 427 672 749  10 275 562   4 553 710 758  80 281
 727 358 219 113 272 384 329  93 413  26 251 438 651 510 363 335 267 151
 523 295 250 370 262 782 462 690 572 174  92 684 772 708  88 481 114 161
 299 734 468  27 389 231 588 242 173 380 567 619 143  46 736 387 543 541
 220  70 291 753 624 722 698 711 648  37 183 195 271 768  67 771 700 725
 225 244 475 208 755 423 393 521  38  82   7 473 633 769   2 621 252 132
 487 155 608 338 177 695 745 533 720 741 563 480 292 317 652 653 396 158
  90 377 542  54 239 680 131 280 222 674  23 578 463 686 694 663 603 269
 367 232 580  71 136 594 505 635 634  48 105 569 559 666 336 757  44 182
 246 697 403 737 296 514 436 337 381 671 714 170 495 629 729 326 293 443
 471 287 204 306 724 639 197 516 379  36 192 134 163   8 530 696 124 655
 656  32 129 491 422 346  95 676 511 683 198 211 256 643 240 432 374 127
 253 780 614 302 405 640 348 194 704  83 274 604 613 434 626 556 137 247
 733 519 461 701 649 592 598 319 420] - 70596254
Solver: RVND, number of workers: 1
Setting feeder affinity
I am the master. There are 1 mpi processes. (hostname = gpu01)
Roots [<pyDF.nodes.Feeder object at 0x7fc2d45f6ad0>]
Starting 0
Main loop
I am worker 0
GPU0
set random seed!
Initial: 70596254-[746 115 107 196 552  45 206 715 165 446 659 145 449   5 268 153 238 347
 361  57 484 625 215 399 265 135 148 526 706 255 187 138 612 721 378 260
 504 154 650 303 203 477 515 404 557  19 590 586 677 433  75 273 411 558
 235 719 245 382 402 445 288 616 571 315 307 254  39 764 726 398 366 424
 735  64 589 409 316  60 283 441 478 340 342 679  66 298 770 538  76 139
  14 718 691 120 435  68 707 689 234 369 479 570 104  98 595 227 309 186
 164 658 494 730 429 270 583 739 394 675 185 343 642  99 618  11 536 332
 609 761 470 630  73 169 775 502 632  97  43 528 106 628 373 534 664 641
 406 279 508 418 748 241 297 285 507 412 301 766 469 353 545 282 585 191
 352 159 150 200  51 631  61 133 415 350 160 535  89 574 742  12 582  74
 607 209  25 564 221  69  72 141 555 218 454 756 142 665  31 428  28  53
 122 546 456 444 111 193 723 512 117 496 311  13 426 623 447  94 709 179
 547 167 681 669 322 763 264 584 116 414 171  15  50 460 565 442 188 356
 518 140  62 654 323 305 560 364 334 464 128 752 261 190 437 773 492 549
 339 759 390 451 119 762 324  30 531 483 467 112 386 102 162   6 575 391
 419 513 321   0 144 325 101 176  87 259 529 408 249 506 597 687 407 606
 548 577 673 376 233 685 747 662  58 637 184 566  52 561 385 738 760   9
 457 237 497 550 440 620 121 490 290 488 703 230 605 421  49  79 472 544
 207 318 617 638 248 236 351 147  91 362 392 705 692 551 372 359 175 485
 202 210 383 375 539 765 781 476 615 410 596 395 740 579  47 304 627 458
 401 201 152 224 743 284 499 286 573 576 459 126 509 125 610  81 644 168
 226 214 466  29 312 109 732 525 522 294 465 702 777 750 716 308  59 678
  86 591 486 357 645  56 146 355   3  17 217 670  84 682 520 489 501 554
 157 320 397 368 257 500 276 455 474 349 430 693  42 156 699 416 345  41
 493 425 108 602 537 778 498 327 668 527 310 587 189  85  24 754 118 103
 277 180 216 166 199 328 660 354 344 289  96 636 600 622 611 400 229 593
  55 776 333 360 688 482 123 263  78   1 661  16 278 601 779 599 453 365
 228 181 258 205 313  35 417  40 646 744 149 243 751 712 667 300 439 568
 517 728  22  65 130 767 314 110 371 330 581 223 713  18 178  63 503  34
 450 717 266 431 731 524 100  33 452  21  20 172 212 532  77 647 331 388
 657 540 774 341 448 213 427 672 749  10 275 562   4 553 710 758  80 281
 727 358 219 113 272 384 329  93 413  26 251 438 651 510 363 335 267 151
 523 295 250 370 262 782 462 690 572 174  92 684 772 708  88 481 114 161
 299 734 468  27 389 231 588 242 173 380 567 619 143  46 736 387 543 541
 220  70 291 753 624 722 698 711 648  37 183 195 271 768  67 771 700 725
 225 244 475 208 755 423 393 521  38  82   7 473 633 769   2 621 252 132
 487 155 608 338 177 695 745 533 720 741 563 480 292 317 652 653 396 158
  90 377 542  54 239 680 131 280 222 674  23 578 463 686 694 663 603 269
 367 232 580  71 136 594 505 635 634  48 105 569 559 666 336 757  44 182
 246 697 403 737 296 514 436 337 381 671 714 170 495 629 729 326 293 443
 471 287 204 306 724 639 197 516 379  36 192 134 163   8 530 696 124 655
 656  32 129 491 422 346  95 676 511 683 198 211 256 643 240 432 374 127
 253 780 614 302 405 640 348 194 704  83 274 604 613 434 626 556 137 247
 733 519 461 701 649 592 598 319 420]
Final time: 12.6666350365s - Best: 3394143-[746 733 737 724 734 744 735 731 742 738 721 732 736 753 754 772 773 765
 747 739 748 749 762 769 779 780 781 782 774 770 766 752 743 716 713 711
 710 686 681 676 657 655 662 642 634 624 622 619 601 607 594 591 581 566
 573 549 537 545 548 544 531 509 502 503 489 478 480 470 450 453 467 477
 497 501 508 524 527 543 536 519 513 492 487 474 464 473 479 488 486 496
 495 493 475 463 469 468 466 482 490 499 500 506 504 520 535 534 555 540
 541 526 521 523 552 558 572 571 570 574 557 564 569 576 600 599 583 590
 586 563 562 565 577 556 551 528 514 512 518 517 530 546 539 538 560 568
 589 598 587 606 602 608 621 635 629 632 630 638 641 649 663 666 667 673
 675 701 707 715 722 729 730 726 700 699 709 694 698 719 718 706 712 697
 691 690 680 674 679 684 678 670 687 677 658 651 647 625 610 593 585 579
 567 575 559 547 532 525 510 498 471 481 483 465 457 451 452 442 424 406
 400 389 386 381 365 357 343 355 358 362 351 342 327 301 312 304 288 276
 275 272 277 293 316 334 326 318 322 338 345 352 364 375 392 407 408 409
 418 416 410 390 371 374 359 353 350 347 339 337 336 348 360 361 341 330
 333 323 319 307 309 287 282 281 286 300 311 317 325 335 329 321 320 332
 344 346 349 331 315 306 299 289 292 305 290 298 285 266 255 242 248 247
 230 226 221 203 207 201 186 183 195 194 204 229 254 245 238 241 235 215
 185 179 171 145 124 116 122 138 146 154 159 152 135 150 155 161 160 151
 142 136 132 115 111 107 104 101  76  73  88  94  97  75  82  93 110 106
  80  66  69  79  99  96  87  55  48  51  56  44  36  16  22  40  45  64
  46  52  57  62  38  28  32   8   9   2   4  18  29   7  19  30  35  58
  60  67  85  81  61  49  34  21  13  31  15  20  25  26  23  27  33  59
  54  43  50  41  53  71  68  77  89  92  91 102 123 120 125 149 143 128
 129 140 131 130 157 165 144 147 141 121 118 112 103  90  72  65  42  37
  10   3  12   5  39  78  83  86  74  95 113 108 105 100 134 133 148 176
 180 169 167 173 177 191 202 190 188 166 153 158 172 164 163 156 168 162
 175 178 197 199 216 205 211 210 208 218 224 232 231 239 257 258 249 268
 280 291 302 310 294 274 256 261 252 250 236 209 200 212 225 220 227 228
 243 259 262 270 271 240 251 244 260 246 263 264 279 284 314 313 328 340
 354 356 366 393 405 403 412 398 395 373 368 378 377 384 387 402 414 413
 399 401 382 372 363 380 385 379 417 433 436 415 431 445 458 447 440 434
 430 438 456 476 494 491 485 462 454 459 472 455 448 423 429 425 432 437
 421 404 391 388 396 383 394 422 428 435 444 484 505 511 507 516 533 529
 550 553 561 578 597 596 595 623 637 639 664 671 682 696 703 708 704 717
 705 689 659 643 640 633 626 611 612 618 616 620 627 648 656 660 683 668
 665 650 645 652 653 661 672 692 745 740 741 751 755 763 750 727 714 702
 695 693 669 646 636 628 631 614 617 609 604 588 580 603 592 605 615 582
 584 554 522 515 461 460 443 441 427 420 426 446 439 411 397 367 308 297
 283 278 295 303 296 253 233 237 217 198 192 170 193 213 222 206 219 196
 187 182 181 189 139 127 137 117  98  84  70  63  47  11  17   6   1   0
  14  24 109 114 126 174 184 214 234 265 269 273 267 324 370 369 376 419
 644 654 760 768 777 771 764 759 757 775 758 756 767 778 776 761 725 720
 685 688 723 728 613 542 449 223 119]
Value - initial: 70596254, final: 3394143, improveup: 20.7994342018

data-line;i;70596254;f;3394143;t;12.6666350365;c;-2;fv;[3394143L];cv;-1;imp;20.7994342018;type;rvnd;inum;6;w;1

time;12.6666350365;man_time;0;neigh_time;0
man_time;0;man_merge_sol;0;man_best_sol;0;man_combine_sol;0

Waiting [0]
Terminating workers True 0 0
MPI TERMINATING
