pydf_home: /home/rodolfo/git/Sucuri
simple_pycuda_home: /home/rodolfo/git/simple-pycuda
wamca2016path: /home/rodolfo/git/wamca2016/
localpath: /home/rodolfo/git/dvnd-df/code/dvnd-df/src/
WAMCAPATH:/home/rodolfo/git/wamca2016/
param: {solution_index:7, solution_instance_index:55, multi_gpu:True, goal:False, problem_name:ml, number_of_moves:10, device_count:2, solver:rvnd, mpi_enabled:True, workers:1}
Using already created file:  wamca2016lib.so
Size: 1001 - file name: 08_TRP-S1000-R1.tsp

Value - initial: 130897018-[362 220 731 ..., 822 129 975] - 130897018
Solver: RVND, number of workers: 1
Setting feeder affinity
I am the master. There are 1 mpi processes. (hostname = gpu01)
Roots [<pyDF.nodes.Feeder object at 0x7f7f05fa5ad0>]
Starting 0
Main loop
I am worker 0
GPU0
set random seed!
Initial: 130897018-[362 220 731 ..., 822 129 975]
Final time: 15.5122139454s - Best: 5609790-[362 795 266 ..., 239 347 518]
Value - initial: 130897018, final: 5609790, improveup: 23.3336752356

data-line;i;130897018;f;5609790;t;15.5122139454;c;-2;fv;[5609790L];cv;-1;imp;23.3336752356;type;rvnd;inum;7;w;1

time;15.5122139454;man_time;0;neigh_time;0
man_time;0;man_merge_sol;0;man_best_sol;0;man_combine_sol;0

Waiting [0]
Terminating workers True 0 0
MPI TERMINATING
