pydf_home: /home/rodolfo/git/Sucuri
simple_pycuda_home: /home/rodolfo/git/simple-pycuda
wamca2016path: /home/rodolfo/git/wamca2016/
localpath: /home/rodolfo/git/dvnd-df/code/dvnd-df/src/
WAMCAPATH:/home/rodolfo/git/wamca2016/
param: {solution_index:5, solution_instance_index:67, multi_gpu:True, goal:False, problem_name:ml, number_of_moves:10, device_count:2, solver:rvnd, mpi_enabled:True, workers:1}
Using already created file:  wamca2016lib.so
Size: 657 - file name: 06_d657.tsp

Value - initial: 282554124-[243 439  69 185 552 415 281  49  78 176 377 611 568 242 642 537 256 451
 332 290 510 364 319 478 383 392 480 444 542 410  12 536 644 578  18   8
 455  86 520 269 442 310 207 499 139 404 158  96 515  58 463 581 137 133
 617 398 591 607 446 481 379 130 579  57 284 366 363  55   5 627 180 143
 361 276 513 394 295 514 253 127 428 440 582  87 217  40 292 110  21  39
   1 423 556  26 547 365 118 419 603 145 338 441 443 608  45  98 373 517
  68  56 588 385 201 346  61 187 134 620 237 301 457 422 351 167 150 352
 624 544 420 491 254 378 219 360 220 278 614 460 564 612  91 320 224 286
  81 349 102 630 174 171  90 221  34 298 261 526  42  60 162 651  14 168
 372 469  88  20 572 467  48 209 240 157 516 300  44 343 229 490 472 245
  53 529 605 294 408 308 411 140 574 479 183 407 461 396  24 557 258 234
 598 643 268 403 109 509   6  63 528 265  31 215 312 645 424 160 142 653
 211 138 471 131 475 202 311 548 387 497 334 432 426 649 636 508 165 306
 570  64 146 321 563 587 596 108 353 518 562  72 135 259 126 565 430 594
 590 105 235  79 210 248 609 153  73 318 239  46 648 637 250  13 322 116
 302 376 313 413 421 340 487  38 593 583   3 412  95 511 285 177 586 317
 273 316  36 616 327 647 416 551   2 330 532 638 136 437 468 580 507 633
 535 543 232 639 477 159 503 429 231 274 357 374 434 293 453  15 401 359
 100 336 592 125 622 549 625 602 175  59 279 277 553 288 595 337   4 329
 493 214 271 101  16 560 417 166 151   7 409 431 170 249 113 456 186 483
 575 390 391  27 195 184   9 388 204 189 506 355 550 597 523 289 230 399
 191 384 226 500 251  30 527 539 476 255 530 566  82 205 347 533 326 192
 632 402 263  71 546 502 161 315 283 545 297 328  22 307 619 375 356 599
 452 425 393  17 339 104  92 505  76 629 436 623 260 512 634  99 488 604
 482 654  50 458 155 228 501 484 241 299 197 335 474 397 305 107  10 272
 114 589 246 280 496 222 618 206 173 350 405 244 414  47 498 473 147 465
 144 656 559 282 521 198 252 257  75 238 333  35 558  41 216 621 524 433
 103 650  37  54 464 389 149 314  62 576 395 106 156 200 646 571 128  28
 117  66 348  29 154 585 613 462 270 129 331 152  74 194 427 163 635 606
 652 541 188 494  51 208 522 447 123 172 112 121 406 236 225 445 641 435
 492 628 569 115 438 291 120 381 141 601 325  77 540 275  25 303 132 119
 262 345 615 324 148 504 344 555  33 213  67 567 178 164 470 386 182 367
 368  89 577  52 266 418 561 124 341 640 449 448 626 342 354  80 380  70
  23 610 466 525   0 218 203 370 267 169  97 362 122 309  85  43 247 304
 400 179  19 485 223 264 199 554 193 631 212 519 371 538 233 600 196 190
 573 486 358  84 489 227 495 111 382 459  11 584 287  65 454 296  83  32
 369 450 655  93 323 531 534  94 181] - 282554124
Solver: RVND, number of workers: 1
Setting feeder affinity
I am the master. There are 1 mpi processes. (hostname = gpu01)
Roots [<pyDF.nodes.Feeder object at 0x7fb581db3ad0>]
Starting 0
Main loop
I am worker 0
GPU0
set random seed!
Initial: 282554124-[243 439  69 185 552 415 281  49  78 176 377 611 568 242 642 537 256 451
 332 290 510 364 319 478 383 392 480 444 542 410  12 536 644 578  18   8
 455  86 520 269 442 310 207 499 139 404 158  96 515  58 463 581 137 133
 617 398 591 607 446 481 379 130 579  57 284 366 363  55   5 627 180 143
 361 276 513 394 295 514 253 127 428 440 582  87 217  40 292 110  21  39
   1 423 556  26 547 365 118 419 603 145 338 441 443 608  45  98 373 517
  68  56 588 385 201 346  61 187 134 620 237 301 457 422 351 167 150 352
 624 544 420 491 254 378 219 360 220 278 614 460 564 612  91 320 224 286
  81 349 102 630 174 171  90 221  34 298 261 526  42  60 162 651  14 168
 372 469  88  20 572 467  48 209 240 157 516 300  44 343 229 490 472 245
  53 529 605 294 408 308 411 140 574 479 183 407 461 396  24 557 258 234
 598 643 268 403 109 509   6  63 528 265  31 215 312 645 424 160 142 653
 211 138 471 131 475 202 311 548 387 497 334 432 426 649 636 508 165 306
 570  64 146 321 563 587 596 108 353 518 562  72 135 259 126 565 430 594
 590 105 235  79 210 248 609 153  73 318 239  46 648 637 250  13 322 116
 302 376 313 413 421 340 487  38 593 583   3 412  95 511 285 177 586 317
 273 316  36 616 327 647 416 551   2 330 532 638 136 437 468 580 507 633
 535 543 232 639 477 159 503 429 231 274 357 374 434 293 453  15 401 359
 100 336 592 125 622 549 625 602 175  59 279 277 553 288 595 337   4 329
 493 214 271 101  16 560 417 166 151   7 409 431 170 249 113 456 186 483
 575 390 391  27 195 184   9 388 204 189 506 355 550 597 523 289 230 399
 191 384 226 500 251  30 527 539 476 255 530 566  82 205 347 533 326 192
 632 402 263  71 546 502 161 315 283 545 297 328  22 307 619 375 356 599
 452 425 393  17 339 104  92 505  76 629 436 623 260 512 634  99 488 604
 482 654  50 458 155 228 501 484 241 299 197 335 474 397 305 107  10 272
 114 589 246 280 496 222 618 206 173 350 405 244 414  47 498 473 147 465
 144 656 559 282 521 198 252 257  75 238 333  35 558  41 216 621 524 433
 103 650  37  54 464 389 149 314  62 576 395 106 156 200 646 571 128  28
 117  66 348  29 154 585 613 462 270 129 331 152  74 194 427 163 635 606
 652 541 188 494  51 208 522 447 123 172 112 121 406 236 225 445 641 435
 492 628 569 115 438 291 120 381 141 601 325  77 540 275  25 303 132 119
 262 345 615 324 148 504 344 555  33 213  67 567 178 164 470 386 182 367
 368  89 577  52 266 418 561 124 341 640 449 448 626 342 354  80 380  70
  23 610 466 525   0 218 203 370 267 169  97 362 122 309  85  43 247 304
 400 179  19 485 223 264 199 554 193 631 212 519 371 538 233 600 196 190
 573 486 358  84 489 227 495 111 382 459  11 584 287  65 454 296  83  32
 369 450 655  93 323 531 534  94 181]
Final time: 9.54911398888s - Best: 14713320-[243 228 224 226 242 250 255 259 284 304 305 312 318 333 357 351 358 327
 311 310 320 326 325 321 309 308 303 299 293 288 240 234 218 217 209 199
 198 197 195 191 186 181 180 185 178 172 168 155 140 132 115 102  91  97
  98  93 101 116 128 130 137 142 129  79  64  60  53  41  39  36  35  33
  32  24  21  14  15  20  16  17  13  18  19 444 445 447 446 443 441 440
  23  25  26  27  30  29  40  50  54  49  44  45  63  68  73  77  84  74
  65  57  52  48  55  59  69  72  85 103 119 113  99  92  86 120 139 148
 169 171 170 161 147 149 154 177 184 179 166 158 150 121 105 112 122 143
 153 167 151 146 134 144 145 135 126 507 503 501 500 495 492 489 484 481
 480 485 486 472 482 491 494 497 498 496 490 487 488 493 499 502 504 125
 506 505 124 127 109  95  87  88 108 123 110  94  89  83  76  67 483 471
 467 460 461 465 470  56  62  51  47  61  75  81  82  96 100 107 111 106
  80  71  66  58  46  42  38  37  34 469 463 462 466 468 464 458 453 448
 450 452 451 454 455 473 456 457 475 474 520 519 515 514 518 517 516 513
 512 528 559 556 557 555 554 550 549 543 542 523 530 533 529 531 532 535
 534 536 537 538 539 540 541 544 545 546 547 548 553 558 563 565 566 567
 511 510 509 508 133 136 160 174 193 203 205 189 182 173 183 194 200 201
 202 580 213 212 216 222 245 265 278 281 301 295 302 296 297 280 273 258
 266 229 246 257 279 592 598 600 601 605 606 607 610 613 615 616 617 618
 620 622 408 356 337 331 330 319 336 343 354 360 355 381 383 380 375 367
 362 353 344 338 332 352 363 359 366 379 384 394 403 407 412 433 425 413
 406 402 410 419 424 431 423 414 405 401 386 377 369 350 365 373 378 396
 395 385 376 374 368 339 328 313 314 315 329 316 285 282 267 256 244 233
 274 286 283 272 277 291 300 276 270 268 252 227 219 207 214 208 221 215
 225 236 248 254 232 241 247 251 260 294 292 287 275 264 263 261 271 290
 298 307 317 323 324 334 342 348 349 364 370 388 397 430 435 436 422 404
 415 421 439 437 438 420 409 416 390 371 347 341 345 361 372 391 398 400
 389 346 340 335 322 289 262 253 239 230 238 235 231 237 210 220 206 196
 190 162 164 156 163 138 131 117  78   6   5   4   3   2   1  10   8   9
   7  11  12  28  22  31 442 449 459 476 479 478 477 521 527 526 525 524
 522 551 560 564 561 562 552 628 629 630 631 632 633 634 635 639 638 637
 636 640 641 642 643 644 646 645 647 648 649 650 651 652 653 654 655 656
 575 579 587 590 593 609 604 603 599 588 585 584 583 591 596 597 594 602
 611 612 614 621 623 619 625 624 427 426 393 418 428 411 417 429 434 392
 382 306 608 595 589 586 581 582 578 577 576 572 626 627 568 569 571 573
 574 570 159 152 175 188 192 176  43  70  90 104 118 114 157 165 187 204
 223 249 211 432 387 399 269 141   0]
Value - initial: 282554124, final: 14713320, improveup: 19.2039678332

data-line;i;282554124;f;14713320;t;9.54911398888;c;-2;fv;[14713320L];cv;-1;imp;19.2039678332;type;rvnd;inum;5;w;1

time;9.54911398888;man_time;0;neigh_time;0
man_time;0;man_merge_sol;0;man_best_sol;0;man_combine_sol;0

Waiting [0]
Terminating workers True 0 0
MPI TERMINATING
