pydf_home: /home/rodolfo/git/Sucuri
simple_pycuda_home: /home/rodolfo/git/simple-pycuda
wamca2016path: /home/rodolfo/git/wamca2016/
localpath: /home/rodolfo/git/dvnd-df/code/dvnd-df/src/
WAMCAPATH:/home/rodolfo/git/wamca2016/
param: {solution_index:5, solution_instance_index:71, multi_gpu:True, goal:False, problem_name:ml, number_of_moves:10, device_count:2, solver:rvnd, mpi_enabled:True, workers:1}
Using already created file:  wamca2016lib.so
Size: 657 - file name: 06_d657.tsp

Value - initial: 282553870-[195 266 655 313 639 268  92 104  66 580  23 225 444 636 173 515 279 496
 539 165 131 217 537 421 322 211 618 461 485 493 478 415 273 311 606   0
 583 252  26  88 398 557 468 474 308 274  81  25 369 124 477 406 367 471
  34 622 536 591 638  79 520  32 386 116 249 263 206 114  36 590 159 402
 118 442 419 441 542 139 389  48 610 564 310  90 470 630  99 157 339  67
 581 297 282 231  45 256 530 300 128 143 587 516 494 140 392 312 238 160
 424 491 208  85 561 216 315 210 135 106 247  52 254 376   8 259 186 150
 497 592 356 167 512 127 264 136 452 358 445 226 221 299 218 480 117 278
 179 546 407 548 637 502 439 359 456 189 332 430 385  78 373 517 598 627
 391 375 201 371 544 584  76 626 122 401 567 209 343 459 370 534  49 185
 545 214  46 242 434   6 562  98 250 565 112  87 289  69 329  68 380 192
 417 511 286  75 354 108 228 309  18  12 555 473 265 319 504 437 654 629
  97  73 257 166 123 222 624 190  80 568  83 330 621 446 383 207 448 233
 258  89 585 113 156   5 644 597 416 351  39 191 457  77 486 628 378 366
  22 579 196 589 414 526 425 230 390 469 487 438 345 519 193 180 229 570
 350 372 634 577 531 596 255 331 285 107 574 604 632 323 540 219 396 648
 612 560 509 521 204 288  43 294 476 631 642 276 253 488 595 492 269 142
 600 187 277 235 482 364 161  94 182 234 551  10  44 105 475 184 615 602
 554 212 525 155  72  84 271  61  28 109 435 267 652 418 130 640 153   9
 532 656 513 146 163 365 171 518 232 400 395 298  57 328 280  16 454 353
 325  54 305 223 566 275 643 428 199 304 489  30 450 506 318 384 248  42
 505 427 463 326 317 641 178 412 301 616 145 338 352 303 453 175 495  35
 314 393 529 236 320 556 550 290 126 379 381 158 101 291 619 194  96 423
 558 251 646 341 243 355 543 609 410 647 177  14 125 349 483 346   7 337
 283 241 174 137 176 387 507  19 614 603 181  58 467 541 205  47 605 484
 586 552 651 333 413  11 120 420   1 433 336  62 220  20 472  17  29 200
  51 292  41 514 464 422 397 164  15  40 272 202 144 362 490 162 547  60
 357  38 307 635 633  50 347 363 324 342  95 327  55 498 458 151 316 573
  82 147 360 481 154 569 500 409 213 508   2 115 611 239  91 451 281 411
 449 501 296 172 224 100 237 426  70 559 121  64 571 588 168 149 572 527
 270 141 535 134 334 408 306 404 148 382 599  93  56 523 110 129 440 287
 302 575 111 432 293 431  74 260 244 344 169 246 479  13 617  37 594 524
 613 460 198 295 447  65 650  71 152 399  21  86 405 361 623 215 620 132
 374 102 522 403 262  33 394  53 499 388 377  31 645 170 578 625 429 340
 593 203 582 227 576 188   3 465 197  59 138  24  63 284 455  27 653 261
 649 528 103 466 183 538 240   4 443 601 503 436 462 563 510 321 245 608
 133 533 549 119 348 607 335 553 368] - 282553870
Solver: RVND, number of workers: 1
Setting feeder affinity
I am the master. There are 1 mpi processes. (hostname = gpu01)
Roots [<pyDF.nodes.Feeder object at 0x7f5405153ad0>]
Starting 0
Main loop
I am worker 0
GPU0
set random seed!
Initial: 282553870-[195 266 655 313 639 268  92 104  66 580  23 225 444 636 173 515 279 496
 539 165 131 217 537 421 322 211 618 461 485 493 478 415 273 311 606   0
 583 252  26  88 398 557 468 474 308 274  81  25 369 124 477 406 367 471
  34 622 536 591 638  79 520  32 386 116 249 263 206 114  36 590 159 402
 118 442 419 441 542 139 389  48 610 564 310  90 470 630  99 157 339  67
 581 297 282 231  45 256 530 300 128 143 587 516 494 140 392 312 238 160
 424 491 208  85 561 216 315 210 135 106 247  52 254 376   8 259 186 150
 497 592 356 167 512 127 264 136 452 358 445 226 221 299 218 480 117 278
 179 546 407 548 637 502 439 359 456 189 332 430 385  78 373 517 598 627
 391 375 201 371 544 584  76 626 122 401 567 209 343 459 370 534  49 185
 545 214  46 242 434   6 562  98 250 565 112  87 289  69 329  68 380 192
 417 511 286  75 354 108 228 309  18  12 555 473 265 319 504 437 654 629
  97  73 257 166 123 222 624 190  80 568  83 330 621 446 383 207 448 233
 258  89 585 113 156   5 644 597 416 351  39 191 457  77 486 628 378 366
  22 579 196 589 414 526 425 230 390 469 487 438 345 519 193 180 229 570
 350 372 634 577 531 596 255 331 285 107 574 604 632 323 540 219 396 648
 612 560 509 521 204 288  43 294 476 631 642 276 253 488 595 492 269 142
 600 187 277 235 482 364 161  94 182 234 551  10  44 105 475 184 615 602
 554 212 525 155  72  84 271  61  28 109 435 267 652 418 130 640 153   9
 532 656 513 146 163 365 171 518 232 400 395 298  57 328 280  16 454 353
 325  54 305 223 566 275 643 428 199 304 489  30 450 506 318 384 248  42
 505 427 463 326 317 641 178 412 301 616 145 338 352 303 453 175 495  35
 314 393 529 236 320 556 550 290 126 379 381 158 101 291 619 194  96 423
 558 251 646 341 243 355 543 609 410 647 177  14 125 349 483 346   7 337
 283 241 174 137 176 387 507  19 614 603 181  58 467 541 205  47 605 484
 586 552 651 333 413  11 120 420   1 433 336  62 220  20 472  17  29 200
  51 292  41 514 464 422 397 164  15  40 272 202 144 362 490 162 547  60
 357  38 307 635 633  50 347 363 324 342  95 327  55 498 458 151 316 573
  82 147 360 481 154 569 500 409 213 508   2 115 611 239  91 451 281 411
 449 501 296 172 224 100 237 426  70 559 121  64 571 588 168 149 572 527
 270 141 535 134 334 408 306 404 148 382 599  93  56 523 110 129 440 287
 302 575 111 432 293 431  74 260 244 344 169 246 479  13 617  37 594 524
 613 460 198 295 447  65 650  71 152 399  21  86 405 361 623 215 620 132
 374 102 522 403 262  33 394  53 499 388 377  31 645 170 578 625 429 340
 593 203 582 227 576 188   3 465 197  59 138  24  63 284 455  27 653 261
 649 528 103 466 183 538 240   4 443 601 503 436 462 563 510 321 245 608
 133 533 549 119 348 607 335 553 368]
Final time: 19.0417320728s - Best: 14243627-[195 197 199 198 191 185 178 172 168 186 180 181 187 165 157 169 171 170
 161 148 139 147 149 154 177 184 179 166 158 150 153 143 121 105  80  71
  66  61  75  81 106 112 122 111 107 100  96 110 123 108  95  88  87 497
 494 491 483 472 482 486 490 485 480 481 487 488 484 489 492 495 499 502
 503 501 500 507 136 133 508 509 559 556 551 543 549 550 557 555 554 558
 553 548 547 546 545 544 631 632 633 634 636 637 641 640 638 639 635 541
 540 539 538 537 536 534 535 532 531 529 523 533 530 524 522 525 526 527
 521 520 519 477 478 479 476 475 457 456 473 455 459 460 467 465 461 454
 451 452 450 448 449 453 458 464 468 466 462 463 442 446 447 443 441 440
  25  26  30  27  23 445 444  19  18  22  29  48  52  57  59  69  72  85
  91  97  98  93  84  74  77  73  68  63  54  50  49  44  45  41  39  36
  35  33  32  24  21  20  17  13  16  15  14  12  11  10   8   9   7  53
  60  64  79 101 116 128 130 137 142 129 131 138 163 156 164 162 155 140
 132 115 102 114 118 103 119 113  99  92  86 104  90  70  58  46  42  37
 469  34  38  43  47  51  62  56  67  82  76  83  89  94 134 109 144 145
 127 124 505 496 498 506 125 504 126 135 152 160 174 189 182 173 183 194
 200 213 580 229 246 257 279 598 600 601 605 606 610 607 337 356 355 360
 354 343 330 319 336 353 344 338 362 352 363 359 366 368 374 376 379 384
 392 382 367 375 380 383 381 393 418 428 411 417 429 434 433 412 407 403
 394 402 395 385 396 378 373 401 405 414 410 406 413 425 419 424 431 423
 432 435 430 436 422 421 415 404 400 389 398 391 372 346 324 303 299 293
 288 292 287 275 254 260 251 247 241 232 221 215 225 236 248 240 264 263
 261 271 262 238 230 239 253 234 218 217 209 206 220 235 231 237 269 289
 290 298 307 317 322 341 347 371 399 416 438 437 420 409 390 361 345 335
 340 323 334 308 309 321 342 348 364 370 397 388 349 325 294 300 310 320
 326 350 369 377 386 365 358 351 357 339 328 313 314 315 332 329 316 282
 267 256 286 283 274 272 277 291 305 312 318 333 327 311 304 284 270 276
 268 252 227 219 214 208 207 167 151 146 176 188 192 223 243 228 224 226
 242 250 255 259 249 233 244 211 193 203 205 212 216 222 245 265 281 278
 285 301 295 302 296 297 280 273 258 266 586 581 578 582 591 596 608 613
 615 616 617 618 620 622 408 426 427 624 625 619 612 611 602 597 594 609
 604 603 599 590 587 588 585 584 583 576 577 573 574 202 201 567 570 566
 565 563 560 564 561 562 552 628 629 630 642 643 644 646 645 647 648 649
 650 651 652 653 627 568 569 571 572 626 654 655 656 575 579 593 614 621
 623 595 589 592 306 331 159 510 511 528 512 513 516 517 518 515 514 493
 471 470  31  55  65  40  28   1   2   3   4   5   6  78 117 141 210 196
 190 204 120 474 542 175 387 439   0]
Value - initial: 282553870, final: 14243627, improveup: 19.8372135131

data-line;i;282553870;f;14243627;t;19.0417320728;c;-2;fv;[14243627L];cv;-1;imp;19.8372135131;type;rvnd;inum;5;w;1

time;19.0417320728;man_time;0;neigh_time;0
man_time;0;man_merge_sol;0;man_best_sol;0;man_combine_sol;0

Waiting [0]
Terminating workers True 0 0
MPI TERMINATING
