pydf_home: /home/rodolfo/git/Sucuri
simple_pycuda_home: /home/rodolfo/git/simple-pycuda
wamca2016path: /home/rodolfo/git/wamca2016/
localpath: /home/rodolfo/git/dvnd-df/code/dvnd-df/src/
WAMCAPATH:/home/rodolfo/git/wamca2016/
param: {solution_index:5, solution_instance_index:12, multi_gpu:True, goal:False, problem_name:ml, number_of_moves:10, device_count:2, solver:rvnd, mpi_enabled:True, workers:1}
Using already created file:  wamca2016lib.so
Size: 657 - file name: 06_d657.tsp

Value - initial: 294587289-[428 235 268 308 509 379 152  76 587 261 135   9 375  65 595 608 505 314
 225 604 550  19 214 555 121 222 641 644 548 484  98 561 486 139 479 305
 299 638 578 286 443 380 529 633 365 455 318 527 401 646 231 322 502 309
 500 597 140 239 539 118 389 445 335 603 302 481 654 266  15 547 556 210
 404 307  43 323 233 402 143 390   2 280 130 250  61 568 162 590 154 306
 284  44 462 615  16 478 407 631 471  11 119 275 100 448 226 607 221 602
 537  78 319 466 592 190 584 206 196 355 372 106 270 516 137 166  34 283
 421 492   0 538  28 482 437 350 342 588 313 114 132 330 444 473  25 645
 109 552 618 187 382 656  74 324 327 408 295 274 485  67 117 490 626  26
 345 496 156  29 122  21 386 269 242 434 594 110 369 499 476  81 520  97
  88 447 273  66 151 599 328  17  94 562 141 180 593 316 315 123 103 251
   5 292 616 287 247 577  71 605 253  46 653  70 177 472 525 257 146 358
 392 337 533 457  56 544  69 531 536 508 436 149  32 158  27 419 440  51
 406 164 101 619 294 107 629 642 165 104 655 489 543 480 612 120 163 454
  48 371 246 240 329 385  99 272 111 182  53 157 528 469 193 347 575 634
 201 303 523 511 175 423 262 279 411  90 169 614 429 470 291 394 245 425
  83 161 563 224 290 181 174 410 398 426 227 211 232 415  84 260 498 343
  35 310 566 207 651 301 155 195 145 387 422 557 317 581 115 400 632 312
 285  64 370 637 611 493  96  92 153 198   3 591 503 276 416 596 325 134
 586 363 241  58 383 582 453 127 229 573 391 413 186 600 377 172 217 542
 220  12 468 620   1 360 219 510 288 244  59  80  75 574 185  13 456 238
 405 192   7  39 289 160 277 293 384 522 450 339 367 433 572 131 432 643
 435  73 623 467 395  33 565 204 243 249 304  22 228 564  87 258 495 354
 507 230 113 378 173 399 126 570 116 278 427  52 640 368 487  63 361 124
 346 559 234 451 176 334 331 340 418 254 417 159  89  60 332 650  47 263
 200 625  57 351 431  23 639 170 352 628 585 144 388 635 148 348 271  37
 136 403 580 579 197 223 264 213 281 627 424 601 460 142 501 512  40 189
 374 534 397  45  55 188 530 464  38 178 446 184 617 517  36 514  79  20
   4 420 171 515 551 545 452 558 338 449 108  50 459 412 202 554   6 205
 376 535 491 216 138 442 622 610 256 212 236 362 576 252 636 518 458 589
 112 300 297 259 483  14 546 396 373 366  24 209 606 540 248  42 381 128
 583 461 571 497 463 147 208 532 218 179 326 194 524  77  62 255 349 621
 465 183 237 475 298 494 167 430 336  31 393 199  18 526 652 282 203 521
 311  93 506 541  85 474 344 549  54 560   8  49 296  30 504 414 624 150
 649 488  10 409  41 341 105 569  72 191  95 553 438 364  68 320 125 630
 613 648 359 267 477 441 647  86 598 129 567 357 265 519 356 168 215  91
 439 609 321 513 353 102 333 133  82] - 294587289
Solver: RVND, number of workers: 1
Setting feeder affinity
I am the master. There are 1 mpi processes. (hostname = gpu01)
Roots [<pyDF.nodes.Feeder object at 0x7f75f7addad0>]
Starting 0
Main loop
I am worker 0
GPU0
set random seed!
Initial: 294587289-[428 235 268 308 509 379 152  76 587 261 135   9 375  65 595 608 505 314
 225 604 550  19 214 555 121 222 641 644 548 484  98 561 486 139 479 305
 299 638 578 286 443 380 529 633 365 455 318 527 401 646 231 322 502 309
 500 597 140 239 539 118 389 445 335 603 302 481 654 266  15 547 556 210
 404 307  43 323 233 402 143 390   2 280 130 250  61 568 162 590 154 306
 284  44 462 615  16 478 407 631 471  11 119 275 100 448 226 607 221 602
 537  78 319 466 592 190 584 206 196 355 372 106 270 516 137 166  34 283
 421 492   0 538  28 482 437 350 342 588 313 114 132 330 444 473  25 645
 109 552 618 187 382 656  74 324 327 408 295 274 485  67 117 490 626  26
 345 496 156  29 122  21 386 269 242 434 594 110 369 499 476  81 520  97
  88 447 273  66 151 599 328  17  94 562 141 180 593 316 315 123 103 251
   5 292 616 287 247 577  71 605 253  46 653  70 177 472 525 257 146 358
 392 337 533 457  56 544  69 531 536 508 436 149  32 158  27 419 440  51
 406 164 101 619 294 107 629 642 165 104 655 489 543 480 612 120 163 454
  48 371 246 240 329 385  99 272 111 182  53 157 528 469 193 347 575 634
 201 303 523 511 175 423 262 279 411  90 169 614 429 470 291 394 245 425
  83 161 563 224 290 181 174 410 398 426 227 211 232 415  84 260 498 343
  35 310 566 207 651 301 155 195 145 387 422 557 317 581 115 400 632 312
 285  64 370 637 611 493  96  92 153 198   3 591 503 276 416 596 325 134
 586 363 241  58 383 582 453 127 229 573 391 413 186 600 377 172 217 542
 220  12 468 620   1 360 219 510 288 244  59  80  75 574 185  13 456 238
 405 192   7  39 289 160 277 293 384 522 450 339 367 433 572 131 432 643
 435  73 623 467 395  33 565 204 243 249 304  22 228 564  87 258 495 354
 507 230 113 378 173 399 126 570 116 278 427  52 640 368 487  63 361 124
 346 559 234 451 176 334 331 340 418 254 417 159  89  60 332 650  47 263
 200 625  57 351 431  23 639 170 352 628 585 144 388 635 148 348 271  37
 136 403 580 579 197 223 264 213 281 627 424 601 460 142 501 512  40 189
 374 534 397  45  55 188 530 464  38 178 446 184 617 517  36 514  79  20
   4 420 171 515 551 545 452 558 338 449 108  50 459 412 202 554   6 205
 376 535 491 216 138 442 622 610 256 212 236 362 576 252 636 518 458 589
 112 300 297 259 483  14 546 396 373 366  24 209 606 540 248  42 381 128
 583 461 571 497 463 147 208 532 218 179 326 194 524  77  62 255 349 621
 465 183 237 475 298 494 167 430 336  31 393 199  18 526 652 282 203 521
 311  93 506 541  85 474 344 549  54 560   8  49 296  30 504 414 624 150
 649 488  10 409  41 341 105 569  72 191  95 553 438 364  68 320 125 630
 613 648 359 267 477 441 647  86 598 129 567 357 265 519 356 168 215  91
 439 609 321 513 353 102 333 133  82]
Final time: 11.0002501011s - Best: 14134177-[428 417 411 382 367 362 353 344 338 332 329 315 314 313 328 339 359 352
 363 366 368 374 376 379 384 394 403 407 412 413 406 402 395 385 396 410
 419 424 431 423 414 405 401 386 377 365 369 350 320 326 325 321 309 308
 334 324 323 340 335 345 361 347 341 322 317 307 298 290 262 238 230 239
 253 261 271 263 264 240 234 218 217 209 199 198 197 195 191 185 178 172
 168 186 180 181 187 165 157 169 171 170 161 148 139 120 104 105 121 112
 106 122 143 150 158 166 153 167 151 146 134 109 144 145 127 124 505 498
 496 493 488 487 481 480 485 490 486 491 494 497  95  87  88  83  76  89
  94 108 123 110 111 107 100  96  82  75  81  80  71  66  61  47  43  58
  46  42  38  37  34 469 463 462 466 468 464 458 461 465 467 460 459 457
 456 473 455 454 451 452 450 453 448 449 442 446 447 443 441 440  23  25
  26  27  30  29  22 445 444  19  18  13  17  16  20  15  14  21  24  12
  11   9   8  10   1   2   3   4   5   6  78  79  64  60  53   7  33  32
  35  36  39  41  45  44  49  50  54  63  68  73  77  84  74  93  98  97
  91 102 114 118 103  85  72  65  57  52  48  55  59  69  86  92  99 113
 147 149 154 177 179 184 208 214 219 207 224 226 242 250 259 255 243 228
 223 249 277 291 272 274 283 286 316 336 343 330 319 301 295 302 296 265
 281 278 285 282 267 256 244 233 211 203 205 222 216 212 213 200 194 183
 173 182 189 174 160 152 135 125 506 504 126 136 133 507 500 501 503 502
 499 495 492 489 484 514 515 478 477 519 520 521 527 526 525 522 524 530
 533 523 529 531 532 535 534 538 539 540 541 537 536 639 638 640 641 637
 636 634 635 633 632 631 544 545 546 547 548 543 549 550 557 555 554 553
 558 563 560 564 565 566 570 574 578 582 581 586 257 246 229 266 258 273
 280 297 306 592 279 589 598 600 607 610 606 605 601 595 591 596 597 602
 611 612 619 625 624 427 426 408 622 620 618 617 616 615 356 337 331 355
 360 354 375 380 383 381 393 418 429 434 433 425 378 373 358 351 357 333
 318 312 305 304 311 327 310 300 276 270 252 268 260 251 247 241 232 221
 215 225 236 248 254 275 287 292 294 342 348 349 364 370 388 397 430 435
 436 422 389 398 400 404 415 421 439 437 438 420 409 416 399 371 390 391
 372 346 303 299 293 288 289 269 237 231 235 210 220 206 196 190 155 162
 164 156 163 138 131 117 129 142 137 130 128 116 101 132 140 115 119  90
  70  62  51 470  56  67 471 483 482 472 479 476 475 474 518 517 516 513
 512 528 509 508 159 510 511 559 556 551 542 642 643 644 646 645 630 629
 628 552 561 562 568 569 571 573 577 576 583 584 585 587 590 593 599 603
 604 609 614 621 623 613 608 594 588 579 575 656 655 654 653 652 648 647
 649 650 651 627 626 572 567 201 202 580 245 193 175 188 192 176 227 284
 392 432 387 204  31  40  28 141   0]
Value - initial: 294587289, final: 14134177, improveup: 20.842196118

data-line;i;294587289;f;14134177;t;11.0002501011;c;-2;fv;[14134177L];cv;-1;imp;20.842196118;type;rvnd;inum;5;w;1

time;11.0002501011;man_time;0;neigh_time;0
man_time;0;man_merge_sol;0;man_best_sol;0;man_combine_sol;0

Waiting [0]
Terminating workers True 0 0
MPI TERMINATING
