pydf_home: /home/rodolfo/git/Sucuri
simple_pycuda_home: /home/rodolfo/git/simple-pycuda
wamca2016path: /home/rodolfo/git/wamca2016/
localpath: /home/rodolfo/git/dvnd-df/code/dvnd-df/src/
WAMCAPATH:/home/rodolfo/git/wamca2016/
param: {solution_index:0, solution_instance_index:36, multi_gpu:True, goal:False, problem_name:ml, number_of_moves:10, device_count:2, solver:rvnd, mpi_enabled:True, workers:1}
Using already created file:  wamca2016lib.so
Size: 52 - file name: 01_berlin52.tsp

Value - initial: 630780-[47  9 30 18 21 27 11 36 23 15  6 43 33 31 39 34 17  1 22 20  7 28 29 49  8
 42 50 51 35 12  4 44  2 26 14 45 13 16 37  5 46  3 10 40 48 24 32 25 41 19
  0 38] - 630780
Solver: RVND, number of workers: 1
Setting feeder affinity
I am the master. There are 1 mpi processes. (hostname = gpu01)
Roots [<pyDF.nodes.Feeder object at 0x7f545985cad0>]
Starting 0
Main loop
I am worker 0
GPU0
set random seed!
Initial: 630780-[47  9 30 18 21 27 11 36 23 15  6 43 33 31 39 34 17  1 22 20  7 28 29 49  8
 42 50 51 35 12  4 44  2 26 14 45 13 16 37  5 46  3 10 40 48 24 32 25 41 19
  0 38]
Final time: 1.57876110077s - Best: 134108-[47 23  4  5 14 37 36 39 38 33 34 35 48 31  0 21 17 30 22 19 49 15 43 45 24
  3 42  9  8  7 40 18 44  2 16 20 41  6  1 29 28 46 25 26 27 11 50 10 51 13
 12 32]
Value - initial: 630780, final: 134108, improveup: 4.70352253408

data-line;i;630780;f;134108;t;1.57876110077;c;-2;fv;[134108L];cv;-1;imp;4.70352253408;type;rvnd;inum;0;w;1

time;1.57876110077;man_time;0;neigh_time;0
man_time;0;man_merge_sol;0;man_best_sol;0;man_combine_sol;0

Waiting [0]
Terminating workers True 0 0
MPI TERMINATING
