pydf_home: /home/rodolfo/git/Sucuri
simple_pycuda_home: /home/rodolfo/git/simple-pycuda
wamca2016path: /home/rodolfo/git/wamca2016/
localpath: /home/rodolfo/git/dvnd-df/code/dvnd-df/src/
WAMCAPATH:/home/rodolfo/git/wamca2016/
param: {solution_index:6, solution_instance_index:49, multi_gpu:True, goal:False, problem_name:ml, number_of_moves:10, device_count:2, solver:rvnd, mpi_enabled:True, workers:1}
Using already created file:  wamca2016lib.so
Size: 783 - file name: 07_rat784.tsp

Value - initial: 70741750-[273 753 186 565 345 604 101 772 590 256 597 206   0 664 738 750 550  84
 162 556  94 706 419 639 601 208 166 655 692 112 618  65 623 195  82 487
 681 670 286 381 302 600  63 214 656 435 641 684 591 447 629 431  35 560
  67 445 736 172 346  53 288 301 328 562 586 726 237 729  40 459 677 428
 578 751 338 395 716 354 453 415 191  18 542 391 531 747 362 249 630  51
 235 262 497 771 703 306 637  30 111 522 755  92 690 567 103 743 183 521
 691 480 570 468 322 184 543 408 478 505 536 318  47 230  34 311 493 289
 210 158 446 763 429 241 658 642 733 198 182 745 657  32 555 343 380 572
 436 168  89 193  90 128 640 320 398 626 470  72 159 758 260  85 245 774
 491 123  71   4 513 326 688 334 279 622 511 574  46 566 581 721 430  62
 352  14 464 121 526 223 455 309 400 632 518 330 224  58 698 136 142 594
 180 396 432 100 634 602  36 715 382 573 215 460  33 232 502 238 744  42
 615 402 333  80 613 479 704 682 323 483 552 533  52 163 671  15 712 450
  54 663 293 365 243 506 633 347  60 317 388 384 269 443 727 222 515 240
 194 520 296 416 372 390 348 724 608 324 353 152 385 167 701 261 499 173
 537 196 638 264  39 619 378 199 356 545 699 734 525 144 538 227 423 775
 764 375 705 731 299 207 580 625 481 752 605 603 386 130 577 695 280 120
 534 418 234  48 544 268 122 265 517 298 143 644 350 554 226  50 315 267
 477 687 451 185 217 441 482 484 174 250  25 693 722 216 203 647 669 571
 394 444 723 489 361 456 614 357 389  13  68 272  29 714 371 367 340 282
 463 494 107 434  16  99  69 161 676 276 616 457 140 118 598 349 475 575
 221 337 192  87 595 589 412 427 297 410  77 177 169 327 409 530 587 287
 202 342  26 294 474  61 379 129 411 157  12 697  93 770 405 314 558 133
 551 672 516 440 407 469 700 660 749 368 376 135 762 678  11  23 303 467
  19 229 181 332 403 244 155 549   6 363 115 665 176 141 102 702 275 504
 304 607  59 546  97 488   8 782 756 767 242 527 401 387 225 138 719 329
 413 523 748 779 359 422  22 606 109 746  57  37 498 248 355 205  73  21
 509 271 127 231 563 201 392 325 439 258  49 739 524 370 377 495 417  98
 720 438 519 564 339 448 263 251  70 754 510 652  81 492 252 529 466 696
 781 548 108 212  75 257 139 239 399 557 680 454 662 404  88 200 189 501
 433 621  43 151 735  17 569 124   2 535 228 528  45 667 145 117 654 165
 666 335 253 559 105 612 679 486 627  55 532 312 547 254 713 393 148 673
   1 599 119   7 171 233 219 636  44 645 730 728 465 576 424 507 307 582
 759 266 104 649 425 561 255 383 397 149 620 300 220 473  79 766 449 777
 553 310 126 776 461 360 773 187 341 471 110  74 305 290 592 780  66 316
 765 406 106 648 292  91 284 659 462 364 146 204 369 685 247 740 490 154
 485 674 611 541 147 358   9 683 291 624 508 442 150   3  83 631 160 426
 164 711 321 588 209 500 277 420 643 270 717 472 675 596 295 593  76 374
 331 710 585 175 610 114 668 351 741 156  95 366 137 584 661 190 283 707
 246 761  31  64 694 218 116 179  96 709 778  28 583  24 281   5 197 113
  20 496 131 708 213 336 414 617 178 628 259 452 308 540 732 188 742 650
 737 579 132 686 503 568 236 458 769 421 718 278 609  56 760 725  78 153
 211 512 313 539 437 319 125 635 274 757  10 653 134 476  41 285  27 170
  38  86 646 344 689 651 768 514 373] - 70741750
Solver: RVND, number of workers: 1
Setting feeder affinity
I am the master. There are 1 mpi processes. (hostname = gpu01)
Roots [<pyDF.nodes.Feeder object at 0x7ff9e818aad0>]
Starting 0
Main loop
I am worker 0
GPU0
set random seed!
Initial: 70741750-[273 753 186 565 345 604 101 772 590 256 597 206   0 664 738 750 550  84
 162 556  94 706 419 639 601 208 166 655 692 112 618  65 623 195  82 487
 681 670 286 381 302 600  63 214 656 435 641 684 591 447 629 431  35 560
  67 445 736 172 346  53 288 301 328 562 586 726 237 729  40 459 677 428
 578 751 338 395 716 354 453 415 191  18 542 391 531 747 362 249 630  51
 235 262 497 771 703 306 637  30 111 522 755  92 690 567 103 743 183 521
 691 480 570 468 322 184 543 408 478 505 536 318  47 230  34 311 493 289
 210 158 446 763 429 241 658 642 733 198 182 745 657  32 555 343 380 572
 436 168  89 193  90 128 640 320 398 626 470  72 159 758 260  85 245 774
 491 123  71   4 513 326 688 334 279 622 511 574  46 566 581 721 430  62
 352  14 464 121 526 223 455 309 400 632 518 330 224  58 698 136 142 594
 180 396 432 100 634 602  36 715 382 573 215 460  33 232 502 238 744  42
 615 402 333  80 613 479 704 682 323 483 552 533  52 163 671  15 712 450
  54 663 293 365 243 506 633 347  60 317 388 384 269 443 727 222 515 240
 194 520 296 416 372 390 348 724 608 324 353 152 385 167 701 261 499 173
 537 196 638 264  39 619 378 199 356 545 699 734 525 144 538 227 423 775
 764 375 705 731 299 207 580 625 481 752 605 603 386 130 577 695 280 120
 534 418 234  48 544 268 122 265 517 298 143 644 350 554 226  50 315 267
 477 687 451 185 217 441 482 484 174 250  25 693 722 216 203 647 669 571
 394 444 723 489 361 456 614 357 389  13  68 272  29 714 371 367 340 282
 463 494 107 434  16  99  69 161 676 276 616 457 140 118 598 349 475 575
 221 337 192  87 595 589 412 427 297 410  77 177 169 327 409 530 587 287
 202 342  26 294 474  61 379 129 411 157  12 697  93 770 405 314 558 133
 551 672 516 440 407 469 700 660 749 368 376 135 762 678  11  23 303 467
  19 229 181 332 403 244 155 549   6 363 115 665 176 141 102 702 275 504
 304 607  59 546  97 488   8 782 756 767 242 527 401 387 225 138 719 329
 413 523 748 779 359 422  22 606 109 746  57  37 498 248 355 205  73  21
 509 271 127 231 563 201 392 325 439 258  49 739 524 370 377 495 417  98
 720 438 519 564 339 448 263 251  70 754 510 652  81 492 252 529 466 696
 781 548 108 212  75 257 139 239 399 557 680 454 662 404  88 200 189 501
 433 621  43 151 735  17 569 124   2 535 228 528  45 667 145 117 654 165
 666 335 253 559 105 612 679 486 627  55 532 312 547 254 713 393 148 673
   1 599 119   7 171 233 219 636  44 645 730 728 465 576 424 507 307 582
 759 266 104 649 425 561 255 383 397 149 620 300 220 473  79 766 449 777
 553 310 126 776 461 360 773 187 341 471 110  74 305 290 592 780  66 316
 765 406 106 648 292  91 284 659 462 364 146 204 369 685 247 740 490 154
 485 674 611 541 147 358   9 683 291 624 508 442 150   3  83 631 160 426
 164 711 321 588 209 500 277 420 643 270 717 472 675 596 295 593  76 374
 331 710 585 175 610 114 668 351 741 156  95 366 137 584 661 190 283 707
 246 761  31  64 694 218 116 179  96 709 778  28 583  24 281   5 197 113
  20 496 131 708 213 336 414 617 178 628 259 452 308 540 732 188 742 650
 737 579 132 686 503 568 236 458 769 421 718 278 609  56 760 725  78 153
 211 512 313 539 437 319 125 635 274 757  10 653 134 476  41 285  27 170
  38  86 646 344 689 651 768 514 373]
Final time: 15.7523429394s - Best: 3386564-[273 277 272 247 248 242 255 266 285 298 290 305 292 289 299 306 315 331
 346 349 345 352 364 375 392 407 408 409 418 416 434 430 438 456 476 482
 490 499 500 506 504 520 534 535 540 541 557 564 569 576 600 599 583 590
 586 602 608 621 635 629 632 630 638 617 609 614 628 631 641 649 663 666
 667 673 675 669 646 636 615 605 603 592 591 594 581 566 573 582 584 601
 619 622 624 634 642 662 655 657 676 681 711 710 713 716 695 702 714 727
 750 763 755 751 741 723 701 707 715 722 740 745 730 729 726 749 762 769
 761 765 773 772 776 778 767 758 756 757 742 738 731 735 744 759 764 771
 760 746 733 737 724 734 717 704 708 687 677 682 671 664 639 637 623 595
 575 559 567 579 585 593 610 625 647 651 658 670 678 684 679 659 643 640
 633 626 611 589 597 596 578 561 553 550 529 533 538 539 546 530 516 511
 507 491 485 484 483 465 457 451 452 442 437 421 432 425 429 423 404 391
 388 396 381 386 389 383 362 351 342 358 355 343 357 334 326 318 316 293
 301 312 304 288 269 265 241 235 238 245 229 230 226 221 223 207 201 203
 195 194 183 161 155 152 159 154 146 138 122 116 109  96  69  79  99 106
 110 135 150 151 160 142 136 132 115 111  94  97  93  82  64  57  52  46
  45  40  22   1   6  17  11   8   9   2   4  18  29   7  19  30  35  63
  76  73  88 101 104 107  98  84  70  58  60  49  34  21  13  31  15  20
  25  26  23  27  33   3  10  12  42  37  39  78  83  74  86 100 105 108
 113 133 134 148 141 121 118  95  90  72  65  59  54  43  50  41  53  61
  67  85  81  71  91 102  92  68  77  89 103 112 130 131 140 129 128 123
 120 125 149 143 158 153 166 182 187 196 200 212 225 220 227 228 243 259
 262 282 287 307 309 336 337 339 347 350 353 359 374 379 385 380 382 372
 367 384 387 402 414 413 399 401 431 445 458 473 479 488 486 496 495 521
 523 519 501 508 524 527 536 543 531 544 548 545 549 537 522 515 503 502
 509 497 477 467 470 480 478 489 461 460 443 441 427 420 398 395 378 368
 373 393 412 405 403 366 356 354 340 328 313 314 284 279 264 263 296 303
 295 283 278 260 246 237 253 233 217 213 222 206 193 198 192 170 176 180
 169 167 147 144 157 165 173 177 191 188 190 202 219 240 244 251 271 270
 297 308 319 323 333 330 341 361 348 360 377 397 411 426 450 453 446 439
 449 464 474 487 492 513 526 542 552 558 572 571 570 574 588 604 613 653
 652 645 650 665 668 685 688 692 700 699 709 694 698 719 720 725 739 747
 754 753 736 732 718 706 712 697 721 705 689 674 680 690 691 683 660 656
 648 627 620 606 616 618 612 598 587 577 565 562 563 555 493 475 463 469
 468 440 447 436 433 417 410 390 371 376 369 344 332 320 321 329 335 325
 317 311 294 310 302 291 280 268 252 250 261 274 256 236 209 208 210 211
 218 224 232 231 216 205 199 197 178 175 162 168 189 181 172 164 163 156
 139 127 137 117  47  38  28  32  62  75  80  66  44  56  36  16   0  14
  24  51  48  55  87 124 145 184 171 179 185 204 215 214 234 254 275 276
 327 365 400 406 424 422 428 435 444 471 481 498 510 525 532 547 560 568
 556 551 528 514 512 518 517 494 472 462 454 459 448 455 466 419 370 338
 322 324 267 257 239 258 249 286 281 300 363 415 580 661 672 693 686 728
 743 752 766 770 774 782 781 780 779 748 775 777 768 703 696 654 644 505
 394 186 174 126 114 119   5 607 554]
Value - initial: 70741750, final: 3386564, improveup: 20.8889452554

data-line;i;70741750;f;3386564;t;15.7523429394;c;-2;fv;[3386564L];cv;-1;imp;20.8889452554;type;rvnd;inum;6;w;1

time;15.7523429394;man_time;0;neigh_time;0
man_time;0;man_merge_sol;0;man_best_sol;0;man_combine_sol;0

Waiting [0]
Terminating workers True 0 0
MPI TERMINATING
