pydf_home: /home/rodolfo/git/Sucuri
simple_pycuda_home: /home/rodolfo/git/simple-pycuda
wamca2016path: /home/rodolfo/git/wamca2016/
localpath: /home/rodolfo/git/dvnd-df/code/dvnd-df/src/
WAMCAPATH:/home/rodolfo/git/wamca2016/
param: {solution_index:4, solution_instance_index:6, multi_gpu:True, goal:False, problem_name:ml, number_of_moves:10, device_count:2, solver:rvnd, mpi_enabled:True, workers:1}
Using already created file:  wamca2016lib.so
Size: 501 - file name: 05_TRP-S500-R1.tsp

Value - initial: 31075269-[124 339 152 376 192 462 358 139 388  66 229 316 116  34 273 366 350  83
 496  95 151 250  88  48 375 480 185  14 320 261 131  12 428 431  39 259
 283 164 241 171 211 349 276  10 479 206  30 426 149 176 459 355  65 264
 488 277   2 360  37 489  51 219 184 281 119 321  69  89 237 205 403 348
 153 270 228  25 444  49  26 312  72 333 232 196 410 498 309  73 497  81
 295 347 395 288 332 269 134  31 159 445 374 500 434 371 495 106 461 460
  50 378  85 132 322 408 421 422 326  55 125  35 469 202 329 394   7 412
 194 290 315 383 338 352 440 188 101 446 268 351  61 181 389 364 168 189
 356 104 267 236 225 251 472 289  68  46 311 183 368 108 319 248 172 317
 456 293 243 112 494 287 442 160  60 407 156 367 274 158 492 191  38 231
 390 222 220 118 296 100 425 195 123 365 401 197 432 485 128 247 331  67
  44 313 484 441 266 346 468 299 126 292  71 260  58 397 357  62   6 122
  40   5 363 154 411  74 449 418 398 334 214 109 481 138 340 224 436 193
  45 245 314 212 381 310 437 305  87 413 384 239  63  92 133 203 353 278
 163  53  11 150 402  32 382 393 213  76 262 140 166 147 405 404 256 370
 409 362 450 369 144 318 282 344 240 474 199 439 302   3 345 337 146 423
 226 179 103 102 127 233  57 499  90 475 483  15 415 336 294 110 279 178
 114 143 161 129 291 455  86 284 490  78 227  22 285 238 190 136 487 169
 145 113  98  70 210 427   4 457 342 198  97 115 249 335 443 141 174 204
 438 429  52 257  24 297 135 215  43 482 280 271  27  64 491 301 234 242
 148 399 396 253 298 200 458  41 265 451 162 307 252 272 306 286 244  54
 117 308 486 454 105 391 186 377 209  28  79 343 157  18 142 386 473  93
 182 464  17 275 221 452 235 467  99 433 416 130 323  23 258 380   9  56
 463  13  47 471  84  82  94 254   8 121  16 173 223 354 477  75 328 107
 255 246 341 385  20   1 447 175 208 155 300  36 201  77 325  59 420 263
 466 216 417   0 379 465 478 476 372 430 111 187  91 303 207 165 217 230
 392 435 120 424 218 180 137 419  29 324  80 330 327 406 170 361 448 493
 359 453  96  33  42  19 400 373  21 470 304 177 167 414 387] - 31075269
Solver: RVND, number of workers: 1
Setting feeder affinity
I am the master. There are 1 mpi processes. (hostname = gpu01)
Roots [<pyDF.nodes.Feeder object at 0x7f1be8404ad0>]
Starting 0
Main loop
I am worker 0
GPU0
set random seed!
Initial: 31075269-[124 339 152 376 192 462 358 139 388  66 229 316 116  34 273 366 350  83
 496  95 151 250  88  48 375 480 185  14 320 261 131  12 428 431  39 259
 283 164 241 171 211 349 276  10 479 206  30 426 149 176 459 355  65 264
 488 277   2 360  37 489  51 219 184 281 119 321  69  89 237 205 403 348
 153 270 228  25 444  49  26 312  72 333 232 196 410 498 309  73 497  81
 295 347 395 288 332 269 134  31 159 445 374 500 434 371 495 106 461 460
  50 378  85 132 322 408 421 422 326  55 125  35 469 202 329 394   7 412
 194 290 315 383 338 352 440 188 101 446 268 351  61 181 389 364 168 189
 356 104 267 236 225 251 472 289  68  46 311 183 368 108 319 248 172 317
 456 293 243 112 494 287 442 160  60 407 156 367 274 158 492 191  38 231
 390 222 220 118 296 100 425 195 123 365 401 197 432 485 128 247 331  67
  44 313 484 441 266 346 468 299 126 292  71 260  58 397 357  62   6 122
  40   5 363 154 411  74 449 418 398 334 214 109 481 138 340 224 436 193
  45 245 314 212 381 310 437 305  87 413 384 239  63  92 133 203 353 278
 163  53  11 150 402  32 382 393 213  76 262 140 166 147 405 404 256 370
 409 362 450 369 144 318 282 344 240 474 199 439 302   3 345 337 146 423
 226 179 103 102 127 233  57 499  90 475 483  15 415 336 294 110 279 178
 114 143 161 129 291 455  86 284 490  78 227  22 285 238 190 136 487 169
 145 113  98  70 210 427   4 457 342 198  97 115 249 335 443 141 174 204
 438 429  52 257  24 297 135 215  43 482 280 271  27  64 491 301 234 242
 148 399 396 253 298 200 458  41 265 451 162 307 252 272 306 286 244  54
 117 308 486 454 105 391 186 377 209  28  79 343 157  18 142 386 473  93
 182 464  17 275 221 452 235 467  99 433 416 130 323  23 258 380   9  56
 463  13  47 471  84  82  94 254   8 121  16 173 223 354 477  75 328 107
 255 246 341 385  20   1 447 175 208 155 300  36 201  77 325  59 420 263
 466 216 417   0 379 465 478 476 372 430 111 187  91 303 207 165 217 230
 392 435 120 424 218 180 137 419  29 324  80 330 327 406 170 361 448 493
 359 453  96  33  42  19 400 373  21 470 304 177 167 414 387]
Final time: 5.50667095184s - Best: 1952645-[124 277 352  13 379  35 368 497 176 409 318 378 132  74 427 408 359 103
 240 331 105  31 110  85 220 264 490 101  27 491 441 244  37 289 188 267
 476  34 371 456 465  24 462 283  11 314 401 127 256 375 231 249  46 257
 186  98 166 452 235 303 344 116 179 373  44 330 301 380 208 216 451 233
 211 479 460 102  94 332 386 336 268  72 308  68 388 370 274 227 250 126
 205 426 312 161  75 333  14 484 391 412  79 354  95 255 190 448 485 141
 207  90 187 473 475  25 487 365 467 201 157 404  57 254 367 191 269 407
 156 253 402 294  20 128  54 329 284 223   4 459 119  36 434 273 393 167
 377 369 488 168   2 450 311 347  60 324 162  66 418  64 143 259 125 398
 214 483  47  29 389 209 499 261 118 219 343 433 100  77 396 357 252 406
  58 206  40 144   1  17 114 384 300 480  67 325 496 421 221 345 416 358
  82 420 266  62 362  81  87 210 326 437 361  56 495 241 461 493 429 397
 498 374 323 327 271  63 229 489 296 280 313 104 272 139 376  86 192 224
 149   8 390 310 360 164 135 106 258 321 353 287 154 230 468 346  76 394
 195 174 364  71 232 146  38 436 181 431 382 419  88 193 112 142 236   5
 356 339 445 111   7  83  59 486  41 469  32  48 113 169 121 463  80  84
 217 276 282 171 444  91 123 413  21 278 202 299 292 185  55 309  43 285
 163  42 453 140 251 372 196 328 297 263 137 478 317 270  18   0 150  53
 107  23 153 400 424 315 173 399 442 234 242 130 446 474 482   9 454 145
 355 428 334 151 260 108 405 147 392 455 435 165 291 432 134 122 443 340
 472 199  51 159 228 471 316 115 425 189  26  50 170  92  45 182  28 383
 319  33  22 341 414 337 286 213 172 335 200 470 136 351 305 481 117   3
 178  30 410 175 385 138 177  96  15 440  65 366  49 148 477 322 120 218
 494 430 288  97 237 304 306 293 212 302   6 248  52 438  16 447 411 403
 160 439 129 239 226 457 381 238 265  69 281 203 290  99  93 307 155 466
  89  12 275  70 387 349 279 109 204 215 152 395 262 298 245 133 492 363
 417  73 243  19 348  78 222 342 225 197 247 350 449 458 415 338 295 131
 180 183  10 194 500 423 422 184 198 158 464 246  39  61 320]
Value - initial: 31075269, final: 1952645, improveup: 15.914448863

data-line;i;31075269;f;1952645;t;5.50667095184;c;-2;fv;[1952645L];cv;-1;imp;15.914448863;type;rvnd;inum;4;w;1

time;5.50667095184;man_time;0;neigh_time;0
man_time;0;man_merge_sol;0;man_best_sol;0;man_combine_sol;0

Waiting [0]
Terminating workers True 0 0
MPI TERMINATING
