pydf_home: /home/rodolfo/git/Sucuri
simple_pycuda_home: /home/rodolfo/git/simple-pycuda
wamca2016path: /home/rodolfo/git/wamca2016/
localpath: /home/rodolfo/git/dvnd-df/code/dvnd-df/src/
WAMCAPATH:/home/rodolfo/git/wamca2016/
param: {solution_index:6, solution_instance_index:2, multi_gpu:True, goal:False, problem_name:ml, number_of_moves:10, device_count:2, solver:rvnd, mpi_enabled:True, workers:1}
Using already created file:  wamca2016lib.so
Size: 783 - file name: 07_rat784.tsp

Value - initial: 72434014-[498 561 372 757 675 485  51 427 636 468 519 195 175 511 438 102 734  66
 431 214 648  12 628 755 264 731 727 594 309 749   9 382 304 379  64 127
 543 542 565 752  48 701 284 302 617 631 599 310 536 674 401 647 137  72
 551 672 650 172 159 368 330 611 147 555 256 312 774 714 319 458 766 700
 339 446 570 733  39 435 564 168 408 347 605 230  37 737 369 739 165 186
 682 641 773 204 476 412 753 139 685 351 501 253 391  90 663 683 465 360
 538 633 239 392 374 353 109 470  87  93  30 193 669 180  57 562 222 394
 661 765   0 307 496  84 282 691 604 464  82  95 738 340 366 227 577 667
 356 246 504 199  78  11 721 265 217 705 629  69 413 684 277 554 740 276
 104 751 162 250 656 689  77 266 655 225 305  21  98 383 777 334   2 399
 345 332 697 416 385  70 736 677 522 151 596 618 108 140 407   6 771 231
  18  74 167 530 110 743  13 386  75 269 698 566  68 367 557 125 197 155
 153 741 248 645  44 769 297 223 613 781  34 593 270 712 434 419 183 138
 380 782 292 433 627 242 673 632 131 208 134 143 150 763  16 149  33 426
 106  19 163 260 174 578 768 212 196 607 436 422 477 537 711 681 466 558
 581 112 580  52 626 775 136 541 583 456 267  94 410  81 638 461 588 573
 375 658 772 234 154 182 405 463 694 113 442 590 141 232 103 730  42 114
 713 507 630 306 443 742 406 173 520  24 756  46 695 377 119 121 210 702
 346 474 662 327 584 486 625 274 289 598 559 707 692 344 515 539 653 281
 342 563 747 200 336 610 188 313 568 535 169 680 595 384 403 724 148 376
  29 296 303 177 192 228 649 600 619 571 428 545 759  56  53 355 654 602
 719 291 614 445  55 441  14 219 290 480 473 220 586  27 301 644 156 129
 229 608 726 646 115 693 320 651  35 716 298 510 532 389 671 362 429 679
  54 622 218 240 616 587 493 502 612 687 348 187 237  36 371 665 258 528
 201 556  76 589 178 181 521 331 249 287 710 518 191 454 553 198 567 221
 779 430 268 354 326 241 275  28 437 603 316 546  96 238  99 457 621 224
 364 101 213 770 261 315 479 444 704  17 288 142 591 462 484 732 455 176
  85 111 585   3 120 251 322  50 417 475 381 572 397 699 499 146 432 245
 524 635 676  38 750 497 311 660 144 512 451 318 488 358 472 509 171 271
  22 471 272  41 335 185 533 758   8 634  83   1 548 728 105  23 609 283
 540 341   7 483 279  10 286  15 400 637 314 398 145  80 396 273 124 337
  62 157 350 333 202 531 295 549 723  59  67 365  65  79 642 668 387 100
 748 624 582 189 349 244 527 409 280  58 452 576 308 418   5 492 170 482
 481 503 118 623 184 378   4 696 495  45 278 569 686 643 547 123 526 776
 735  49 207 639 513 754 529  88 414  63 206 659 440 160 164 652 262 620
 725 718 706 107 388 505 460 395 534 425 233 439 393 357 328 373 709 690
 235  97 263 293 190 516  31 133 490  26 359  60 579 203 708 117 211 300
 761 411 390  43 525 423 459 453 338 285 657 421 226 209  47 243 678  92
 259 215 478 194 780  20 247 317  91 489 161 606 216 116 575 321  61  71
 467 424 352 370 122 447 688  86 722 601 415 597 361 329 236 132 469 323
 363 179 343 720 744 552 523 760 550 544 404 299 500 126 640 254  73 666
 152 664 257 450 745 670 762 166 508 574 560 764 420 491 449  40 402 325
 135 514 205 729 592 294 517  32 715 255 494 778  89 128 448 506 324 717
 746 252 130 767 487 703 615  25 158] - 72434014
Solver: RVND, number of workers: 1
Setting feeder affinity
I am the master. There are 1 mpi processes. (hostname = gpu01)
Roots [<pyDF.nodes.Feeder object at 0x7fc22ed67ad0>]
Starting 0
Main loop
I am worker 0
GPU0
set random seed!
Initial: 72434014-[498 561 372 757 675 485  51 427 636 468 519 195 175 511 438 102 734  66
 431 214 648  12 628 755 264 731 727 594 309 749   9 382 304 379  64 127
 543 542 565 752  48 701 284 302 617 631 599 310 536 674 401 647 137  72
 551 672 650 172 159 368 330 611 147 555 256 312 774 714 319 458 766 700
 339 446 570 733  39 435 564 168 408 347 605 230  37 737 369 739 165 186
 682 641 773 204 476 412 753 139 685 351 501 253 391  90 663 683 465 360
 538 633 239 392 374 353 109 470  87  93  30 193 669 180  57 562 222 394
 661 765   0 307 496  84 282 691 604 464  82  95 738 340 366 227 577 667
 356 246 504 199  78  11 721 265 217 705 629  69 413 684 277 554 740 276
 104 751 162 250 656 689  77 266 655 225 305  21  98 383 777 334   2 399
 345 332 697 416 385  70 736 677 522 151 596 618 108 140 407   6 771 231
  18  74 167 530 110 743  13 386  75 269 698 566  68 367 557 125 197 155
 153 741 248 645  44 769 297 223 613 781  34 593 270 712 434 419 183 138
 380 782 292 433 627 242 673 632 131 208 134 143 150 763  16 149  33 426
 106  19 163 260 174 578 768 212 196 607 436 422 477 537 711 681 466 558
 581 112 580  52 626 775 136 541 583 456 267  94 410  81 638 461 588 573
 375 658 772 234 154 182 405 463 694 113 442 590 141 232 103 730  42 114
 713 507 630 306 443 742 406 173 520  24 756  46 695 377 119 121 210 702
 346 474 662 327 584 486 625 274 289 598 559 707 692 344 515 539 653 281
 342 563 747 200 336 610 188 313 568 535 169 680 595 384 403 724 148 376
  29 296 303 177 192 228 649 600 619 571 428 545 759  56  53 355 654 602
 719 291 614 445  55 441  14 219 290 480 473 220 586  27 301 644 156 129
 229 608 726 646 115 693 320 651  35 716 298 510 532 389 671 362 429 679
  54 622 218 240 616 587 493 502 612 687 348 187 237  36 371 665 258 528
 201 556  76 589 178 181 521 331 249 287 710 518 191 454 553 198 567 221
 779 430 268 354 326 241 275  28 437 603 316 546  96 238  99 457 621 224
 364 101 213 770 261 315 479 444 704  17 288 142 591 462 484 732 455 176
  85 111 585   3 120 251 322  50 417 475 381 572 397 699 499 146 432 245
 524 635 676  38 750 497 311 660 144 512 451 318 488 358 472 509 171 271
  22 471 272  41 335 185 533 758   8 634  83   1 548 728 105  23 609 283
 540 341   7 483 279  10 286  15 400 637 314 398 145  80 396 273 124 337
  62 157 350 333 202 531 295 549 723  59  67 365  65  79 642 668 387 100
 748 624 582 189 349 244 527 409 280  58 452 576 308 418   5 492 170 482
 481 503 118 623 184 378   4 696 495  45 278 569 686 643 547 123 526 776
 735  49 207 639 513 754 529  88 414  63 206 659 440 160 164 652 262 620
 725 718 706 107 388 505 460 395 534 425 233 439 393 357 328 373 709 690
 235  97 263 293 190 516  31 133 490  26 359  60 579 203 708 117 211 300
 761 411 390  43 525 423 459 453 338 285 657 421 226 209  47 243 678  92
 259 215 478 194 780  20 247 317  91 489 161 606 216 116 575 321  61  71
 467 424 352 370 122 447 688  86 722 601 415 597 361 329 236 132 469 323
 363 179 343 720 744 552 523 760 550 544 404 299 500 126 640 254  73 666
 152 664 257 450 745 670 762 166 508 574 560 764 420 491 449  40 402 325
 135 514 205 729 592 294 517  32 715 255 494 778  89 128 448 506 324 717
 746 252 130 767 487 703 615  25 158]
Final time: 11.9916419983s - Best: 3428825-[498 510 505 484 483 465 457 452 451 444 435 428 422 400 389 386 381 396
 406 424 442 437 454 462 485 491 507 511 516 530 546 539 538 560 568 578
 561 553 533 529 550 547 559 575 567 579 585 593 596 597 589 598 612 618
 640 643 633 626 644 647 651 658 664 671 682 687 677 670 678 684 679 689
 705 731 738 742 735 744 759 764 757 758 756 767 778 776 772 773 765 747
 739 725 709 699 700 726 749 748 761 769 762 745 730 729 722 715 707 672
 663 649 641 638 630 632 645 650 665 668 683 698 694 720 719 718 706 712
 691 690 680 656 648 627 620 616 606 602 608 621 635 629 613 600 599 590
 583 576 569 564 557 574 570 588 609 617 614 631 628 636 646 667 666 673
 675 669 693 702 695 714 727 750 751 755 763 781 782 774 770 766 752 743
 716 713 711 710 686 681 676 657 655 662 642 634 624 622 619 601 584 582
 607 594 591 581 592 605 603 580 572 571 558 536 543 527 524 508 501 519
 513 523 521 526 541 540 535 534 555 563 562 565 577 556 551 517 518 512
 514 499 490 482 476 472 459 448 455 419 423 429 425 432 421 404 391 388
 370 364 352 345 338 322 318 326 334 357 343 327 312 304 288 301 293 277
 272 275 276 254 245 238 241 235 229 230 226 221 242 223 207 201 203 186
 183 195 194 174 159 154 146 138 145 124 116 122 114 109  96  87  55  48
  51  56  44  69  79  99  80  66  45  40  36  24  14   0  16  22   1   6
  17  11   8  32  28   9   2   4  18  29  47  63  70  60  58  35  19  30
  34  21  13  31  15  20  25  26  23  27  59  54  43  50  41  53  49  61
  81  85  67  84  98 123 120 125 117 137 127 139 115 111 107 104 101  76
  73  88  94  97  75  57  52  46  64  82  93 106 110 126 135 150 155 161
 160 151 132 136 142 162 175 178 197 199 205 211 210 208 218 236 256 274
 261 250 252 268 280 291 302 294 310 317 325 353 350 347 339 363 380 385
 379 374 359 335 329 321 320 332 344 371 390 410 416 417 433 436 447 440
 434 418 409 408 407 430 438 456 466 468 469 463 475 493 495 496 486 488
 492 479 473 458 445 431 414 413 399 401 382 372 367 384 387 402 411 426
 446 439 449 464 474 487 467 477 497 509 531 544 548 545 549 537 522 515
 503 489 461 460 478 480 470 453 450 441 427 420 412 405 403 393 398 395
 397 377 378 361 360 348 333 323 319 336 337 309 307 287 282 259 262 270
 271 240 251 244 260 278 283 297 308 295 296 303 330 341 368 373 366 356
 354 340 328 313 314 284 279 264 263 246 237 253 233 217 198 192 170 134
 133 148 141 147 144 165 157 166 188 190 202 191 177 173 167 169 176 180
 193 213 222 206 219 227 228 243 281 286 300 311 369 376 392 375 349 346
 331 324 298 290 305 292 315 306 299 289 258 249 232 224 209 225 220 212
 200 196 187 182 158 153 140 131 130 103 112 118 121 113 108 105 100  78
  83  86  74  95  90  72  65  42  37  39   5  12  10   3  33  68  77  89
  92  71  91 102 129 128 143 149 164 163 172 181 156 168 189 216 231 239
 257 267 255 266 285 273 248 247 204 185 179 171 184 214 215 234 265 269
 342 355 358 351 362 383 394 471 481 525 532 595 623 639 637 625 610 611
 654 659 674 697 721 734 717 704 708 696 703 724 733 737 746 768 777 760
 771 775 732 736 753 754 779 780 740 741 723 701 692 688 685 660 652 653
 661 604 586 587 528 494 500 506 504 520 542 552 615 566 573 554 502 443
 415 365 316 152 119  62  38   7 728]
Value - initial: 72434014, final: 3428825, improveup: 21.125025045

data-line;i;72434014;f;3428825;t;11.9916419983;c;-2;fv;[3428825L];cv;-1;imp;21.125025045;type;rvnd;inum;6;w;1

time;11.9916419983;man_time;0;neigh_time;0
man_time;0;man_merge_sol;0;man_best_sol;0;man_combine_sol;0

Waiting [0]
Terminating workers True 0 0
MPI TERMINATING
