pydf_home: /home/rodolfo/git/Sucuri
simple_pycuda_home: /home/rodolfo/git/simple-pycuda
wamca2016path: /home/rodolfo/git/wamca2016/
localpath: /home/rodolfo/git/dvnd-df/code/dvnd-df/src/
WAMCAPATH:/home/rodolfo/git/wamca2016/
param: {solution_index:5, solution_instance_index:96, multi_gpu:True, goal:False, problem_name:ml, number_of_moves:10, device_count:2, solver:rvnd, mpi_enabled:True, workers:1}
Using already created file:  wamca2016lib.so
Size: 657 - file name: 06_d657.tsp

Value - initial: 290498220-[169 131 213 432 573 139 570  53 475 645 504 190 427 375  45 593 388 506
 328  33 163 656 648 497 514 112 116 186 620 525 192 538   6 319 349 564
 105 194 129  26  51  47 225 451 565 124 314 533 417 106 166 167 518 615
 171 536  66 407  73 597 338 457  64 256 259 200  90 156 307  43 435 161
 640 486 217  16 332 366 189 440  19 422 488 574 206 266 191 583 196 458
  15 449 236 409 468 136   4 562 303 325 572 624 646 337   8  42 271 601
 242 629 313 554 295 639 253 305 179 618 478 323  23 434 159 410 563 584
 423 316 304 240 280 347 373 531 132 101 491 333 145 309 188 513  76 419
 635 197 372 494 630 348 215 641  55 528 231 477 228 292 403 272  87 247
 187  63 287 107   5 571 324  29  11 364 331  49 390 374 376 500 404 588
   7  17 474 586 343 168 279 429 543 151 480 402  72 649 241  36 258 178
 446 175 104 185 342 632  61 577 270  28  57 281 153 619  54 381 278 433
 385  92 311 111 655 569 622 223 363 320 447 122 548 595 541 445 239 413
 172 199 177 359   9 425 498 534  30 268 579 612 296 283 183 598 469 318
 118 545 351 492 526 387 181 308  32  84 144 566 642 137 250 214 483 221
  89 149  65 516  58 431 532 438 482 173 540 520 340 397 301 408 487 502
  75  13 599 522 605 623 637 378  35 631 652 470 260 626 539  71 120 302
 341 633 212  79 353 369 339 582 193  44 552 317 115 496 298 420  46 443
 616   3 418 128 450 134 517 621 653 589 350 576 362  78 524 119 269 467
 273 142 581 261 393  50 234 383 140 158 321 312  97 546 282 614 466  39
 406 275 401 557 603 537 135 201 439 202 148  62 371 542 398 274 232 198
 184 556 448 211 222 288  34 527 606 123 394  24 602 481 490  93 277 471
 485 461 503 628 243 103 354 357 611 634 329 456 367 654   2 613 264 182
 150 334 146 426 326 430 442 377 578 561 255 251 224 121 384 493 291 262
 345 414 246  27 152 547 544 344 462 617 290 396 286 505 110 560 444 358
 263 575 389 155 650 227 436 265  83  52 210 495 102 519 530  95 165 257
 596 100 306 294 460 109  18 499 594 476 237 245 590 607 133   1 479  70
 651 452  81 284  21 638 355  94 147  86 580 126 600 219 521 203 335 382
 473  99 391 310 226 365  60 216 610 529   0 392 627  25 336 315 395  88
  12  40 591 267 636 249  56 647 143 441 141 293 254 180 289 204 164 512
 553  96 218 230 160 220 585 421  37 608 368 555 233 472 238 415 114 508
  48 154 248 568 428 108 511 205 244 346 138 604 412 379 489 130  59 208
 523  82 127  38 276 405 437 327  68 567 454 559 501 285 252 356 535 464
  41 465 455  98 207 174 411 360 587 370 416 352 459 297  85 380 170 400
 592  31 195 299 643  80 550  14 117 625 361  10 162 609 424 157 125  77
 176 322 113  67 453 399 515 300 507  91  20 644 229 549 235 484 386 509
 209  22 510 551  74  69 463 330 558] - 290498220
Solver: RVND, number of workers: 1
Setting feeder affinity
I am the master. There are 1 mpi processes. (hostname = gpu01)
Roots [<pyDF.nodes.Feeder object at 0x7fab40953ad0>]
Starting 0
Main loop
I am worker 0
GPU0
set random seed!
Initial: 290498220-[169 131 213 432 573 139 570  53 475 645 504 190 427 375  45 593 388 506
 328  33 163 656 648 497 514 112 116 186 620 525 192 538   6 319 349 564
 105 194 129  26  51  47 225 451 565 124 314 533 417 106 166 167 518 615
 171 536  66 407  73 597 338 457  64 256 259 200  90 156 307  43 435 161
 640 486 217  16 332 366 189 440  19 422 488 574 206 266 191 583 196 458
  15 449 236 409 468 136   4 562 303 325 572 624 646 337   8  42 271 601
 242 629 313 554 295 639 253 305 179 618 478 323  23 434 159 410 563 584
 423 316 304 240 280 347 373 531 132 101 491 333 145 309 188 513  76 419
 635 197 372 494 630 348 215 641  55 528 231 477 228 292 403 272  87 247
 187  63 287 107   5 571 324  29  11 364 331  49 390 374 376 500 404 588
   7  17 474 586 343 168 279 429 543 151 480 402  72 649 241  36 258 178
 446 175 104 185 342 632  61 577 270  28  57 281 153 619  54 381 278 433
 385  92 311 111 655 569 622 223 363 320 447 122 548 595 541 445 239 413
 172 199 177 359   9 425 498 534  30 268 579 612 296 283 183 598 469 318
 118 545 351 492 526 387 181 308  32  84 144 566 642 137 250 214 483 221
  89 149  65 516  58 431 532 438 482 173 540 520 340 397 301 408 487 502
  75  13 599 522 605 623 637 378  35 631 652 470 260 626 539  71 120 302
 341 633 212  79 353 369 339 582 193  44 552 317 115 496 298 420  46 443
 616   3 418 128 450 134 517 621 653 589 350 576 362  78 524 119 269 467
 273 142 581 261 393  50 234 383 140 158 321 312  97 546 282 614 466  39
 406 275 401 557 603 537 135 201 439 202 148  62 371 542 398 274 232 198
 184 556 448 211 222 288  34 527 606 123 394  24 602 481 490  93 277 471
 485 461 503 628 243 103 354 357 611 634 329 456 367 654   2 613 264 182
 150 334 146 426 326 430 442 377 578 561 255 251 224 121 384 493 291 262
 345 414 246  27 152 547 544 344 462 617 290 396 286 505 110 560 444 358
 263 575 389 155 650 227 436 265  83  52 210 495 102 519 530  95 165 257
 596 100 306 294 460 109  18 499 594 476 237 245 590 607 133   1 479  70
 651 452  81 284  21 638 355  94 147  86 580 126 600 219 521 203 335 382
 473  99 391 310 226 365  60 216 610 529   0 392 627  25 336 315 395  88
  12  40 591 267 636 249  56 647 143 441 141 293 254 180 289 204 164 512
 553  96 218 230 160 220 585 421  37 608 368 555 233 472 238 415 114 508
  48 154 248 568 428 108 511 205 244 346 138 604 412 379 489 130  59 208
 523  82 127  38 276 405 437 327  68 567 454 559 501 285 252 356 535 464
  41 465 455  98 207 174 411 360 587 370 416 352 459 297  85 380 170 400
 592  31 195 299 643  80 550  14 117 625 361  10 162 609 424 157 125  77
 176 322 113  67 453 399 515 300 507  91  20 644 229 549 235 484 386 509
 209  22 510 551  74  69 463 330 558]
Final time: 19.4151928425s - Best: 14394613-[169 171 170 161 154 149 121 105  80  71  66  61  47  43 468 466 463 462
 464 458 453 450 452 454 451 448 449 442 446 447 443 441 440  23  25  26
  27  30  48  52  57  40  50  54  49  44  45  63  68  73  77  84  74  91
  97  98  93 101 116 128 129 130 137 142 155 168 172 178 185 186 180 181
 191 195 197 198 199 209 217 218 234 263 264 303 299 293 288 275 287 292
 294 260 251 247 252 270 276 300 310 311 327 333 318 312 305 304 284 259
 255 243 228 224 226 250 242 219 214 208 207 167 151 146 134 123 110 111
 107 100  96  82  76  83  89  94  88  87  95 109 127 124 505 506 125 135
 504 126 136 133 507 500 501 503 502 499 495 492 489 484 481 487 488 493
 498 496 497 494 491 486 490 485 480 479 478 477 476 475 457 456 473 455
 459 460 461 465 467 470  51  62  75  81 106 112 122 143 150 158 166 179
 184 177 147 148 139 120 113 119 103  85  72  65  69  59  55  58  46  42
  38  37  34 469  31  29  22 445 444  19  18  13  17  16  20  15  14  21
  24  12  11  10   8   9   7  33  32  35  36  39  41  53  60  64  79  78
   6 117 131 138 163 156 164 162 190 196 206 220 230 238 239 253 261 271
 290 298 307 317 322 335 345 341 347 361 340 323 324 334 346 372 391 398
 389 400 404 415 421 422 397 388 370 364 348 342 308 309 321 325 349 387
 369 377 386 401 405 414 423 431 424 419 413 406 402 395 385 394 403 407
 412 384 379 376 374 368 366 359 363 352 362 344 353 336 343 354 360 355
 331 330 319 301 295 302 296 297 280 273 258 266 592 279 257 246 229 580
 213 200 194 183 173 182 189 203 205 212 216 222 245 265 281 278 285 267
 282 316 329 338 332 328 313 314 315 286 283 274 272 291 277 249 233 244
 256 211 193 174 160 159 510 508 509 559 556 551 543 549 550 557 555 554
 558 553 548 547 546 545 544 633 635 639 638 640 641 637 636 634 632 631
 630 629 628 552 562 561 564 560 563 565 566 570 574 578 582 581 586 589
 598 600 601 605 606 607 610 613 615 616 617 618 620 622 408 427 426 393
 381 383 380 375 367 382 392 411 417 429 434 433 425 410 396 378 357 351
 358 373 365 350 326 320 268 227 221 232 241 254 248 236 225 215 204 187
 165 140 132 115 102 114 118  99  92  86  70  90 104 153 176 192 188 175
 152 145 144 108  67  56 471 483 482 472 474 520 519 521 527 526 525 522
 524 530 533 523 529 531 532 535 534 536 537 538 539 540 541 542 516 517
 518 515 514 513 512 528 511 567 201 202 573 577 583 584 585 588 594 597
 602 611 612 619 624 625 623 621 614 609 604 603 599 593 590 587 579 575
 656 626 655 654 653 652 648 647 645 646 644 643 642 649 650 651 627 568
 569 571 572 576 591 596 608 595 306 337 356 418 428 432 435 430 436 439
 437 438 420 409 416 390 399 371 289 262 269 237 231 235 210 141   5   4
   3   2   1  28 157 240 223 339   0]
Value - initial: 290498220, final: 14394613, improveup: 20.1810371699

data-line;i;290498220;f;14394613;t;19.4151928425;c;-2;fv;[14394613L];cv;-1;imp;20.1810371699;type;rvnd;inum;5;w;1

time;19.4151928425;man_time;0;neigh_time;0
man_time;0;man_merge_sol;0;man_best_sol;0;man_combine_sol;0

Waiting [0]
Terminating workers True 0 0
MPI TERMINATING
