pydf_home: /home/rodolfo/git/Sucuri
simple_pycuda_home: /home/rodolfo/git/simple-pycuda
wamca2016path: /home/rodolfo/git/wamca2016/
localpath: /home/rodolfo/git/dvnd-df/code/dvnd-df/src/
WAMCAPATH:/home/rodolfo/git/wamca2016/
param: {solution_index:7, solution_instance_index:76, multi_gpu:True, goal:False, problem_name:ml, number_of_moves:10, device_count:2, solver:rvnd, mpi_enabled:True, workers:1}
Using already created file:  wamca2016lib.so
Size: 1001 - file name: 08_TRP-S1000-R1.tsp

Value - initial: 127312487-[621   9 258 ..., 290 132 903] - 127312487
Solver: RVND, number of workers: 1
Setting feeder affinity
I am the master. There are 1 mpi processes. (hostname = gpu01)
Roots [<pyDF.nodes.Feeder object at 0x7f5ece04bad0>]
Starting 0
Main loop
I am worker 0
GPU0
set random seed!
Initial: 127312487-[621   9 258 ..., 290 132 903]
Final time: 37.945980072s - Best: 5569872-[621 148 923 ..., 352 108   1]
Value - initial: 127312487, final: 5569872, improveup: 22.8573451957

data-line;i;127312487;f;5569872;t;37.945980072;c;-2;fv;[5569872L];cv;-1;imp;22.8573451957;type;rvnd;inum;7;w;1

time;37.945980072;man_time;0;neigh_time;0
man_time;0;man_merge_sol;0;man_best_sol;0;man_combine_sol;0

Waiting [0]
Terminating workers True 0 0
MPI TERMINATING
