pydf_home: /home/rodolfo/git/Sucuri
simple_pycuda_home: /home/rodolfo/git/simple-pycuda
wamca2016path: /home/rodolfo/git/wamca2016/
localpath: /home/rodolfo/git/dvnd-df/code/dvnd-df/src/
WAMCAPATH:/home/rodolfo/git/wamca2016/
param: {solution_index:1, solution_instance_index:56, multi_gpu:True, goal:False, problem_name:ml, number_of_moves:10, device_count:2, solver:rvnd, mpi_enabled:True, workers:1}
Using already created file:  wamca2016lib.so
Size: 100 - file name: 02_kroD100.tsp

Value - initial: 7803586-[29 36 21 76 92 20 50 63 72 22 64 34 56 15 95 54 97 37  4 25 69 67 71 13 53
 30 16 12 88 80 17 87 14  8 57 41 62 89  2 10 70 85 79 18 48 86 47 83 49 43
 32 77 68  3 61 52 39 84  6 44 42 46 38 73 26 66 28 51  1 45 82 19  7  5 40
  0 90 74 94 59 24 81 93 75 60 58 78 31  9 23 27 33 55 96 35 65 91 98 11 99] - 7803586
Solver: RVND, number of workers: 1
Setting feeder affinity
I am the master. There are 1 mpi processes. (hostname = gpu01)
Roots [<pyDF.nodes.Feeder object at 0x7fe182bbead0>]
Starting 0
Main loop
I am worker 0
GPU0
set random seed!
Initial: 7803586-[29 36 21 76 92 20 50 63 72 22 64 34 56 15 95 54 97 37  4 25 69 67 71 13 53
 30 16 12 88 80 17 87 14  8 57 41 62 89  2 10 70 85 79 18 48 86 47 83 49 43
 32 77 68  3 61 52 39 84  6 44 42 46 38 73 26 66 28 51  1 45 82 19  7  5 40
  0 90 74 94 59 24 81 93 75 60 58 78 31  9 23 27 33 55 96 35 65 91 98 11 99]
Final time: 0.934510946274s - Best: 1007557-[29 99  1 18 50 36 61 59 52  4 54 86 25  9  8 19 24 17  5 39 82  2 58 84 63
 15 62 53 90 76 42  3 43 92 70 38 72 14 83 40 78 12 87 23 26  0 49 93 31 96
 97 48 69 88 89 16 10 33 80 37 65 51  7 22 41 21 57 28 35 66 74  6 71 56 30
 98 44 32 67 13 64 77 79 75 60 73 45 68 95 85 81 46 11 27 20 55 94 91 47 34]
Value - initial: 7803586, final: 1007557, improveup: 7.74505660722

data-line;i;7803586;f;1007557;t;0.934510946274;c;-2;fv;[1007557L];cv;-1;imp;7.74505660722;type;rvnd;inum;1;w;1

time;0.934510946274;man_time;0;neigh_time;0
man_time;0;man_merge_sol;0;man_best_sol;0;man_combine_sol;0

Waiting [0]
Terminating workers True 0 0
MPI TERMINATING
