pydf_home: /home/rodolfo/git/Sucuri
simple_pycuda_home: /home/rodolfo/git/simple-pycuda
wamca2016path: /home/rodolfo/git/wamca2016/
localpath: /home/rodolfo/git/dvnd-df/code/dvnd-df/src/
WAMCAPATH:/home/rodolfo/git/wamca2016/
param: {solution_index:1, solution_instance_index:92, multi_gpu:True, goal:False, problem_name:ml, number_of_moves:10, device_count:2, solver:rvnd, mpi_enabled:True, workers:1}
Using already created file:  wamca2016lib.so
Size: 100 - file name: 02_kroD100.tsp

Value - initial: 8385448-[36 10 81 78 42 53 84 24 23 92 21 73 29 13 46 16 51 89 56 72 57 85 43  1 77
 71 19 12  5 93 31 98 39 68 74 76 20 18  7 65 61 88 37 27 34 11 49 30 26 35
 60 22 80 14 69 75 97 83 70 86 66 94  4 67 28 99  9 50 79 64 48 44 96  8 32
 40 87 90 54 45 47 95 59  0  6 58 38  2 33 41 63  3 17 15 55 62 82 91 25 52] - 8385448
Solver: RVND, number of workers: 1
Setting feeder affinity
I am the master. There are 1 mpi processes. (hostname = gpu01)
Roots [<pyDF.nodes.Feeder object at 0x7f8e29124ad0>]
Starting 0
Main loop
I am worker 0
GPU0
set random seed!
Initial: 8385448-[36 10 81 78 42 53 84 24 23 92 21 73 29 13 46 16 51 89 56 72 57 85 43  1 77
 71 19 12  5 93 31 98 39 68 74 76 20 18  7 65 61 88 37 27 34 11 49 30 26 35
 60 22 80 14 69 75 97 83 70 86 66 94  4 67 28 99  9 50 79 64 48 44 96  8 32
 40 87 90 54 45 47 95 59  0  6 58 38  2 33 41 63  3 17 15 55 62 82 91 25 52]
Final time: 2.4863409996s - Best: 973833-[36 18 50 99  1 47 91 54 86 25  9  8 19 24 17  5 39 82  2 58 84 63 42 76 90
 53 62 15 95 85 64 13 67 32 44 98 77 30 56 71 79 75 60 73  6 74 66 35 28 57
 21 69 48 97 96 31 93 16 89 10 88 41 22  7 51 65 37 80 33 49  0 12 78 87 26
 23 40 83 14 72 38 70  3 92 43 59 52  4 61 34 29 94 55 20 46 27 11 81 68 45]
Value - initial: 8385448, final: 973833, improveup: 8.61076591161

data-line;i;8385448;f;973833;t;2.4863409996;c;-2;fv;[973833L];cv;-1;imp;8.61076591161;type;rvnd;inum;1;w;1

time;2.4863409996;man_time;0;neigh_time;0
man_time;0;man_merge_sol;0;man_best_sol;0;man_combine_sol;0

Waiting [0]
Terminating workers True 0 0
MPI TERMINATING
