pydf_home: /home/rodolfo/git/Sucuri
simple_pycuda_home: /home/rodolfo/git/simple-pycuda
wamca2016path: /home/rodolfo/git/wamca2016/
localpath: /home/rodolfo/git/dvnd-df/code/dvnd-df/src/
WAMCAPATH:/home/rodolfo/git/wamca2016/
param: {solution_index:5, solution_instance_index:70, multi_gpu:True, goal:False, problem_name:ml, number_of_moves:10, device_count:2, solver:rvnd, mpi_enabled:True, workers:1}
Using already created file:  wamca2016lib.so
Size: 657 - file name: 06_d657.tsp

Value - initial: 288130403-[629  43 304 229 321 574 298  67 294 228 351  54 322 327  37 640 252 145
 594 455 503  42 176 360 416 498 504 386 482 651 178  17 511 149 318 445
 633 354  94 335 219 589 432 411 523  21  23 263 636 160 169 331 378  47
 329 356 529 388 462 218 353 398 424 586 610 609 434 373 444 526 272 184
 485 440 212 427 433 537 162 563 492 509 116 593  96 459 236 134 607 384
 312   1 409 443 172 174 650  66   4   0 484 291  25   2 627 383  73 344
  99 284 182 451 535 369 246  28 250 562 142 653   8 143 417 171 422 273
 197  91 505 632 103 107 654 566 259 147 132 277 517   7  65 410 452 598
  88 406 325 138 471 391 159 655 256 340 332 645  69 347 506 358 214 612
 380  70 211 289 130 521 204 139 429 100 328 604 207 614 460 247 399 430
 334 499 106 241 293 367 534  34 164 245 265 644  12 547  52 110 587 553
 185  45 151 480 374 576 418 123 520 371 382 254 426 538 230  40 349 585
 453 463 568 405  89 615 638 341 533 372 158 326 493  90  29 428 579 316
 336  50 510 557 423 565 183 200 189 192 555 135 401 237 355 513 266 251
 449 124 131 447 292 478 231 366 338  18 118 465 295 248  46 656 544 582
 573  63  35 346 342 605 280  26 296 163 333   9 425 596  77 206  61 652
 519 402  31 470 101 618 567 170 631 324 364 467 274 305   5  14 490 140
 155 224 431 600 285 281 522 494 221 545 148 502  49 310 518 599 150 408
 381 479 299 641 413 179  68 412 608 611  93 642 279  81 620 180 317 577
 539  32 622 592 313 146 473  39 105 561 438 128 543 419 127 242 450 560
 187 238 483  92 222 233  72 458  98 113 390 491 201   3 365 276 392 420
 377 457 303 379 181 188 403  76  71  19 575 530 108 514 507 165 456 446
 361 602  58  48 649 516 454 407 634 104 249 309 476 624 363 213 227 177
 137 551 569 297 368  11  36 512 495 175 468 141 202 350 144 203 122 257
  55 437 337  27 584 264 234 330 475 648 448 152 630 532 117 319 527 558
 166 262 400 601 385 208 136 315  74 362 153 583  56 253 193 220  82 397
 290 646 240 616 613 235 415 348 114  38 464 375 270 359 387 647  59  24
 508 525 389 528  15 314 588 564  80 267 474 275  53 283 210 196 244  84
 258 396 357  16 414 393 581  41 168 352 552 287 488 597 497 481 442 496
  75 590  83  20 466 286 191 282  86 489 271 198 541  64 570 225 269 111
 173 578 524 261 461 441 580 345 112 376 435 161 626 311  95 439  87 307
 129 625 595  44 469 487 548  78  97 571 260 635 216 339 500 603 536 301
 199 288 623 549  51 486 194 421 239 343 125 546 167 606 556 306  62 550
  10 308  33 643 205 501 190  60 320 154 542 102  79 157 395 109 370  30
 223 617 133 472 255  22 619 126 639 300 186 195 515 323 226 531 215  13
   6 302 121 554  57 637 120 540 591 572 115 209  85 394 436 268 404 477
 217 156 232 119 243 278 621 559 628] - 288130403
Solver: RVND, number of workers: 1
Setting feeder affinity
I am the master. There are 1 mpi processes. (hostname = gpu01)
Roots [<pyDF.nodes.Feeder object at 0x7fddb4e28ad0>]
Starting 0
Main loop
I am worker 0
GPU0
set random seed!
Initial: 288130403-[629  43 304 229 321 574 298  67 294 228 351  54 322 327  37 640 252 145
 594 455 503  42 176 360 416 498 504 386 482 651 178  17 511 149 318 445
 633 354  94 335 219 589 432 411 523  21  23 263 636 160 169 331 378  47
 329 356 529 388 462 218 353 398 424 586 610 609 434 373 444 526 272 184
 485 440 212 427 433 537 162 563 492 509 116 593  96 459 236 134 607 384
 312   1 409 443 172 174 650  66   4   0 484 291  25   2 627 383  73 344
  99 284 182 451 535 369 246  28 250 562 142 653   8 143 417 171 422 273
 197  91 505 632 103 107 654 566 259 147 132 277 517   7  65 410 452 598
  88 406 325 138 471 391 159 655 256 340 332 645  69 347 506 358 214 612
 380  70 211 289 130 521 204 139 429 100 328 604 207 614 460 247 399 430
 334 499 106 241 293 367 534  34 164 245 265 644  12 547  52 110 587 553
 185  45 151 480 374 576 418 123 520 371 382 254 426 538 230  40 349 585
 453 463 568 405  89 615 638 341 533 372 158 326 493  90  29 428 579 316
 336  50 510 557 423 565 183 200 189 192 555 135 401 237 355 513 266 251
 449 124 131 447 292 478 231 366 338  18 118 465 295 248  46 656 544 582
 573  63  35 346 342 605 280  26 296 163 333   9 425 596  77 206  61 652
 519 402  31 470 101 618 567 170 631 324 364 467 274 305   5  14 490 140
 155 224 431 600 285 281 522 494 221 545 148 502  49 310 518 599 150 408
 381 479 299 641 413 179  68 412 608 611  93 642 279  81 620 180 317 577
 539  32 622 592 313 146 473  39 105 561 438 128 543 419 127 242 450 560
 187 238 483  92 222 233  72 458  98 113 390 491 201   3 365 276 392 420
 377 457 303 379 181 188 403  76  71  19 575 530 108 514 507 165 456 446
 361 602  58  48 649 516 454 407 634 104 249 309 476 624 363 213 227 177
 137 551 569 297 368  11  36 512 495 175 468 141 202 350 144 203 122 257
  55 437 337  27 584 264 234 330 475 648 448 152 630 532 117 319 527 558
 166 262 400 601 385 208 136 315  74 362 153 583  56 253 193 220  82 397
 290 646 240 616 613 235 415 348 114  38 464 375 270 359 387 647  59  24
 508 525 389 528  15 314 588 564  80 267 474 275  53 283 210 196 244  84
 258 396 357  16 414 393 581  41 168 352 552 287 488 597 497 481 442 496
  75 590  83  20 466 286 191 282  86 489 271 198 541  64 570 225 269 111
 173 578 524 261 461 441 580 345 112 376 435 161 626 311  95 439  87 307
 129 625 595  44 469 487 548  78  97 571 260 635 216 339 500 603 536 301
 199 288 623 549  51 486 194 421 239 343 125 546 167 606 556 306  62 550
  10 308  33 643 205 501 190  60 320 154 542 102  79 157 395 109 370  30
 223 617 133 472 255  22 619 126 639 300 186 195 515 323 226 531 215  13
   6 302 121 554  57 637 120 540 591 572 115 209  85 394 436 268 404 477
 217 156 232 119 243 278 621 559 628]
Final time: 22.2352719307s - Best: 14420850-[629 630 631 632 634 636 637 641 640 638 639 635 633 544 545 546 547 548
 553 554 555 557 550 549 543 551 556 559 509 508 133 136 507 126 504 499
 502 503 501 500 495 492 489 493 488 487 490 486 485 480 481 484 514 515
 478 477 476 475 457 456 473 459 460 455 451 452 450 453 458 464 468 466
 462 463  25  26  27  23 440 441 443 446 447 445 444  19  18  13  17  16
  14  15  20  28  40  50  54  49  44  45  35  32  33  36  39  41  53  60
  64  63  68  73  77  84  74  93  91  97  98 115 140 132 101 116 128 130
 137 142 129 131 138 163 156 164 162 155 168 172 178 185 195 191 186 180
 181 187 165 157 169 170 161 154 149 121 105 104  90  70  71  80  75  81
 100  96  82  76  83  89  94 108  95  88  87 491 494 497 496 498 505 124
 127 145 144 134 123 110 111 107 106 112 122 143 153 150 158 166 207 224
 226 242 250 228 243 255 259 284 304 305 312 318 333 339 328 313 314 315
 329 332 338 344 353 362 352 363 359 366 368 374 376 379 384 412 407 403
 394 385 395 396 402 406 413 425 419 424 431 423 414 405 401 432 435 430
 436 422 421 415 404 400 389 397 388 370 364 348 342 334 324 323 340 335
 345 361 347 341 322 317 307 298 290 271 264 263 261 253 262 238 239 230
 220 234 218 217 209 206 196 190 197 198 199 204 171 148 139 113 119 103
 118 114 102  85  72  65  57  52  48  29  22 442 449 448 454 461 465 467
 471 472 482 483  67  56  62  51  47  61  66  58  46  42  38  37  34 469
  31  30  55  59  69  86  92  99 120 147 177 179 184 208 214 219 227 252
 270 276 268 260 251 247 241 232 221 215 225 236 248 254 275 287 292 288
 293 299 303 308 309 321 325 349 387 386 377 365 369 350 326 320 310 311
 327 291 277 272 249 233 244 256 274 283 286 267 282 285 278 281 295 301
 316 336 343 354 360 355 356 337 607 610 606 605 601 600 598 589 586 581
 578 582 583 584 576 577 573 571 569 568 562 561 564 560 565 563 558 542
 541 540 539 538 537 536 534 535 532 531 529 523 533 530 524 522 525 526
 527 521 520 519 518 517 516 513 512 528 510 159 173 183 182 189 174 160
 152 135 125 506 109 146 151 167 176 192 188 175 193 203 205 222 216 212
 213 200 194 201 202 229 246 257 279 592 297 296 302 319 330 381 383 380
 375 367 382 392 357 351 358 373 378 410 433 434 429 417 411 428 418 393
 408 622 620 618 617 616 615 613 619 612 611 602 608 595 591 596 597 594
 588 585 575 579 587 590 593 599 603 604 609 614 621 623 625 624 427 426
 331 306 280 266 258 273 265 245 580 574 572 626 655 654 653 652 648 647
 649 650 651 628 552 566 570 567 511 211 223 300 294 346 372 391 398 439
 437 420 438 416 409 390 399 371 289 269 237 231 235 210 141 117  79  78
   6   5   4   3   2   1  10   8   9   7  11  12  24  21  43 470 479 474
 642 643 644 646 645 627 656 240   0]
Value - initial: 288130403, final: 14420850, improveup: 19.9801262062

data-line;i;288130403;f;14420850;t;22.2352719307;c;-2;fv;[14420850L];cv;-1;imp;19.9801262062;type;rvnd;inum;5;w;1

time;22.2352719307;man_time;0;neigh_time;0
man_time;0;man_merge_sol;0;man_best_sol;0;man_combine_sol;0

Waiting [0]
Terminating workers True 0 0
MPI TERMINATING
