pydf_home: /home/rodolfo/git/Sucuri
simple_pycuda_home: /home/rodolfo/git/simple-pycuda
wamca2016path: /home/rodolfo/git/wamca2016/
localpath: /home/rodolfo/git/dvnd-df/code/dvnd-df/src/
WAMCAPATH:/home/rodolfo/git/wamca2016/
param: {solution_index:3, solution_instance_index:50, multi_gpu:True, goal:False, problem_name:ml, number_of_moves:10, device_count:2, solver:rvnd, mpi_enabled:True, workers:1}
Using already created file:  wamca2016lib.so
Size: 318 - file name: 04_lin318.tsp

Value - initial: 91730558-[102  99  91 192 270 222 243 161 120 152 139 166 297 111 253 223  64 220
  51 181  10  77  86  44  95 306  61 210 208 191 202 215 310 209 148 235
 307 251 250 266   2 239   3  65  22   4  85 265 149 140 118 168 309  81
  42  16 292  76 316 275 214 142 105  11 249 103 101  82 141 127 122 165
   6 226 293  53 188 100 186 154 121 272 274 172 280 130  55  19 263 159
  56 281 269 289 115  48 129 196  93 207 137 273  25  21 217 224  73 237
 200 242 300 248 219  98  87 240 312  33  30  90 189 212  54 160 256  66
 113 133 134   9  18  83  75 216  43 163  31  47 303 116 287 170 193  35
 227  45 177 182 146 302  60 128 317 284 264 313  92  17 314  36  50 268
  49  26 218 187  63 252 206 232  40  78 311 257  70 123 110 291 157 151
 296 301 295 197 203 255  68  69 261  34  79 241  96 262 290 179   5 233
 246  59  46 173  32 107 109  38  37 267 167 204 225  58 305  84 304  14
  94 211 106 228 164  20 294 283  23 236   7  72 282 201  27 104 238 185
  80 136 145  29 299  62 108  52 198 150 131   8 276 195 156  57 119  15
 155 271 180 288 221 199  28 230 175 254 260 213 178 234   1 132 153 194
 277   0 308 285 171 244 229  41  74 174 279 190  12  88 315 259  89  13
 176 231 245 117 114 205 278 169 286 298 147 247 125 112 184  39 138  67
 258 143  24 162 158 183  97 126 135 144  71 124] - 91730558
Solver: RVND, number of workers: 1
Setting feeder affinity
I am the master. There are 1 mpi processes. (hostname = gpu01)
Roots [<pyDF.nodes.Feeder object at 0x7f5e248cdad0>]
Starting 0
Main loop
I am worker 0
GPU0
set random seed!
Initial: 91730558-[102  99  91 192 270 222 243 161 120 152 139 166 297 111 253 223  64 220
  51 181  10  77  86  44  95 306  61 210 208 191 202 215 310 209 148 235
 307 251 250 266   2 239   3  65  22   4  85 265 149 140 118 168 309  81
  42  16 292  76 316 275 214 142 105  11 249 103 101  82 141 127 122 165
   6 226 293  53 188 100 186 154 121 272 274 172 280 130  55  19 263 159
  56 281 269 289 115  48 129 196  93 207 137 273  25  21 217 224  73 237
 200 242 300 248 219  98  87 240 312  33  30  90 189 212  54 160 256  66
 113 133 134   9  18  83  75 216  43 163  31  47 303 116 287 170 193  35
 227  45 177 182 146 302  60 128 317 284 264 313  92  17 314  36  50 268
  49  26 218 187  63 252 206 232  40  78 311 257  70 123 110 291 157 151
 296 301 295 197 203 255  68  69 261  34  79 241  96 262 290 179   5 233
 246  59  46 173  32 107 109  38  37 267 167 204 225  58 305  84 304  14
  94 211 106 228 164  20 294 283  23 236   7  72 282 201  27 104 238 185
  80 136 145  29 299  62 108  52 198 150 131   8 276 195 156  57 119  15
 155 271 180 288 221 199  28 230 175 254 260 213 178 234   1 132 153 194
 277   0 308 285 171 244 229  41  74 174 279 190  12  88 315 259  89  13
 176 231 245 117 114 205 278 169 286 298 147 247 125 112 184  39 138  67
 258 143  24 162 158 183  97 126 135 144  71 124]
Final time: 3.1876809597s - Best: 6265674-[102  14  20  21  28  31  30  29  27  22  19  18  15  16  17  24  25  23
  26  32 103  39  48  44  47  49  54  55  58 104  63  66  67  70  77  81
  82  84  83  78  76  71  79  75  72  68  69  73  74  80  88  89  87  86
 189 187 186 182 188 183 181 176 171 172 175  64  65  59  60  57  52  51
  45  42  40  35  36  34  33 136 135 134 132 127 124 123 128 131 130 129
 122 120 121 118 117 219 220 224 312 230 231 238 241 240 239 237 232 229
 236 233 228 225 226 227 234 235 245 246 251 250 252 255 261 262 267 266
 263 260 256 253 254 257 259 264 265 268 164 165 170 169 280 277 276 273
 282 285 289 281 286 288 293 287 291 292 294 191 192 300 301 305 306 310
 311 204 198 199 194 193 184 180 177 185 179 178 173 174 167 166 209 163
 160 159 154 152 149 148 151 155 158 161 162 157 156 150 147 145 146 141
 140 137 133 126 125  12  13   4   3 105 106 110 111 114 115 119 207 116
 107 112 113 109 108 216 215 211 210 212 221 217 218 214 213 222 223 243
 244 247 248 317 269 270 274 275 296 297 303 304 309 308 307 299 298 302
 295 290 284 283 278 279 272 271 314 258 249 313 242 138 139 142 143 208
 144  37  38  41  43  46  50  53  56  61  62  85  90  91  95  96 100 101
  92  97  98  94  93  99 206 205 201 200 196 195 197 202 203 190 168 153
   8   7   2   0   1   5   6   9  10  11 316 315]
Value - initial: 91730558, final: 6265674, improveup: 14.6401740659

data-line;i;91730558;f;6265674;t;3.1876809597;c;-2;fv;[6265674L];cv;-1;imp;14.6401740659;type;rvnd;inum;3;w;1

time;3.1876809597;man_time;0;neigh_time;0
man_time;0;man_merge_sol;0;man_best_sol;0;man_combine_sol;0

Waiting [0]
Terminating workers True 0 0
MPI TERMINATING
