pydf_home: /home/rodolfo/git/Sucuri
simple_pycuda_home: /home/rodolfo/git/simple-pycuda
wamca2016path: /home/rodolfo/git/wamca2016/
localpath: /home/rodolfo/git/dvnd-df/code/dvnd-df/src/
WAMCAPATH:/home/rodolfo/git/wamca2016/
param: {solution_index:7, solution_instance_index:51, multi_gpu:True, goal:False, problem_name:ml, number_of_moves:10, device_count:2, solver:rvnd, mpi_enabled:True, workers:1}
Using already created file:  wamca2016lib.so
Size: 1001 - file name: 08_TRP-S1000-R1.tsp

Value - initial: 130146929-[875 562 632 ..., 418 618 370] - 130146929
Solver: RVND, number of workers: 1
Setting feeder affinity
I am the master. There are 1 mpi processes. (hostname = gpu01)
Roots [<pyDF.nodes.Feeder object at 0x7fe113f56ad0>]
Starting 0
Main loop
I am worker 0
GPU0
set random seed!
Initial: 130146929-[875 562 632 ..., 418 618 370]
Final time: 53.4239811897s - Best: 5572328-[875 700 782 ..., 793 188 988]
Value - initial: 130146929, final: 5572328, improveup: 23.3559347188

data-line;i;130146929;f;5572328;t;53.4239811897;c;-2;fv;[5572328L];cv;-1;imp;23.3559347188;type;rvnd;inum;7;w;1

time;53.4239811897;man_time;0;neigh_time;0
man_time;0;man_merge_sol;0;man_best_sol;0;man_combine_sol;0

Waiting [0]
Terminating workers True 0 0
MPI TERMINATING
