pydf_home: /home/rodolfo/git/Sucuri
simple_pycuda_home: /home/rodolfo/git/simple-pycuda
wamca2016path: /home/rodolfo/git/wamca2016/
localpath: /home/rodolfo/git/dvnd-df/code/dvnd-df/src/
WAMCAPATH:/home/rodolfo/git/wamca2016/
param: {solution_index:4, solution_instance_index:88, multi_gpu:True, goal:False, problem_name:ml, number_of_moves:10, device_count:2, solver:rvnd, mpi_enabled:True, workers:1}
Using already created file:  wamca2016lib.so
Size: 501 - file name: 05_TRP-S500-R1.tsp

Value - initial: 32673728-[181 243  81 382  51 218  22 187 109 221  35 346 216 484 255   4 500 215
 203 433 328 179 449 250 122 410  18 186 483 313 112 279 355 325 426 286
  96  42 477 462 191 455 290 305 263 348 399 332 338 171 364 296 265 189
 352 322 385  90 174  82  46  70  29 327 142 366 163   9 337 128 310 222
 234 260 429 155  83 466 320 278 445 422 363 256 425 130  99 489 124  71
  19  52 233 146 457  62 431 427 350 271 213 342 166 212  69 227  94  98
 398 459 257  34  64 490  66 206 308 139 102 194 254 396 469 202 259 295
 468  16  41 293 372  84 467 170 411 357 247 282 214 404 492 180 117 439
 334 379 201 408 245 413 159 339 347  37 232 220 478 423 143 268 412 154
  80 414 321 393 153 275 280 244 318 497 345  75  28 403 131 481 315 176
 298 454 161 456 395  40 175 354 229 392 440  86 461 209 115 470 434 133
 430 391 107 148 333 311 144 442 210 424 253 435 266 150 196  44 416  79
 370  25 359  32 172 312 482 123  27  73 204 281 402 397 368  36   6 152
 349 147 446 113 240 494  21 226 274 485 389   3 269 479 353 236  57 264
 198 488 151 371 451 418 156 407 390 188 252  85 108 193   2 241  61 409
 251 443 421  13   7 284 208 499 387 493  91 362   1 340 297 388 288  33
 491 104 230 299 219 383  23 324  63 272 415 378 169  49 326 400 365  54
  43 120 223 376  10 480 183 472  87  50 487 373 116  68 165 437 432 164
 287 360 184 149 134 441 277  47 141 127 207   0 381 157  53  39 291  56
 344 103 463  17 358 237 167 384 126 336 329 200  31 242 283 294 300 185
  60  45 356 464 273 125  65  88 190 331  97 420 302  48  77 136 132 110
 438 367 377  12 317 303 224 452  74 419 162 405 323  24  20 228 105 374
 304   5 267  59 168 129 498 401 182 231 474  89 406 428  26 119 138 436
 276 249 262 450 100  72 195 101 306 330 246 417 248  55  30 341 386 160
  95 460 177 178   8 475 471 158 235 135 335 111 137 369 114 465 121 486
  67  76 211 375 380 192 343 106 173 495 289 309  58 270 145 316 361 476
 239 197  92 205 238 307  14 351 217 140 258  78  11 473 261 285 458 118
 314 301 394 448 444 292 225 199  15 496 453  93  38 447 319] - 32673728
Solver: RVND, number of workers: 1
Setting feeder affinity
I am the master. There are 1 mpi processes. (hostname = gpu01)
Roots [<pyDF.nodes.Feeder object at 0x7f03524bfad0>]
Starting 0
Main loop
I am worker 0
GPU0
set random seed!
Initial: 32673728-[181 243  81 382  51 218  22 187 109 221  35 346 216 484 255   4 500 215
 203 433 328 179 449 250 122 410  18 186 483 313 112 279 355 325 426 286
  96  42 477 462 191 455 290 305 263 348 399 332 338 171 364 296 265 189
 352 322 385  90 174  82  46  70  29 327 142 366 163   9 337 128 310 222
 234 260 429 155  83 466 320 278 445 422 363 256 425 130  99 489 124  71
  19  52 233 146 457  62 431 427 350 271 213 342 166 212  69 227  94  98
 398 459 257  34  64 490  66 206 308 139 102 194 254 396 469 202 259 295
 468  16  41 293 372  84 467 170 411 357 247 282 214 404 492 180 117 439
 334 379 201 408 245 413 159 339 347  37 232 220 478 423 143 268 412 154
  80 414 321 393 153 275 280 244 318 497 345  75  28 403 131 481 315 176
 298 454 161 456 395  40 175 354 229 392 440  86 461 209 115 470 434 133
 430 391 107 148 333 311 144 442 210 424 253 435 266 150 196  44 416  79
 370  25 359  32 172 312 482 123  27  73 204 281 402 397 368  36   6 152
 349 147 446 113 240 494  21 226 274 485 389   3 269 479 353 236  57 264
 198 488 151 371 451 418 156 407 390 188 252  85 108 193   2 241  61 409
 251 443 421  13   7 284 208 499 387 493  91 362   1 340 297 388 288  33
 491 104 230 299 219 383  23 324  63 272 415 378 169  49 326 400 365  54
  43 120 223 376  10 480 183 472  87  50 487 373 116  68 165 437 432 164
 287 360 184 149 134 441 277  47 141 127 207   0 381 157  53  39 291  56
 344 103 463  17 358 237 167 384 126 336 329 200  31 242 283 294 300 185
  60  45 356 464 273 125  65  88 190 331  97 420 302  48  77 136 132 110
 438 367 377  12 317 303 224 452  74 419 162 405 323  24  20 228 105 374
 304   5 267  59 168 129 498 401 182 231 474  89 406 428  26 119 138 436
 276 249 262 450 100  72 195 101 306 330 246 417 248  55  30 341 386 160
  95 460 177 178   8 475 471 158 235 135 335 111 137 369 114 465 121 486
  67  76 211 375 380 192 343 106 173 495 289 309  58 270 145 316 361 476
 239 197  92 205 238 307  14 351 217 140 258  78  11 473 261 285 458 118
 314 301 394 448 444 292 225 199  15 496 453  93  38 447 319]
Final time: 6.68166804314s - Best: 1949047-[181 436  38 146 174 195 394  76 266 420  62 362  81  87 210 326 352 277
 124  35 379  13 194 500 242  34 371 456 289 188 267 476 101 220 264 490
  27 491 441 244  37 130 446 474 482   9 454 231 375 256 127 314 401  24
 465 462  11 283 424 315 173 323 374 498 397 429 493 461 241 495  56 184
 154 287 353 321 258 106 135 164 360 310   8 149 224 390  61 296 489 229
  63 271 153 400  23 107  53 222 166  98 186 363 145 355 428 334 151 133
 298 245 274 370  68 308  72 268 336 386 332  94 102 460 479 211 233 451
 216 380 301 330  44 373 179 116 344 137 263 297 328 196 372 251 140 453
  42 163 309 285  43 185  55 292 299 202 278 104 313 272 139 376  21 413
 123  91 444 217  84  80  32 469  41 486  48 113 121 169 464  71 364 232
 339  59  83   7 445 111  39 246   5 356 236 142 112 193  88 419 382 431
 358  82 416 345 221 421 496 325  67 480 300 384 114  17   1 176 409 318
 497  10 378 240 103 132 359 408 427  74 183 331 483 214 398 125 259 143
  64 418 189  26  50 162 324  60 347  45 383  28 182 351 305 481 117 377
 369 450 311 488   2 168 170  92 131 338 295  36 434 119 459   4 223 284
 329 156 253 402 294  20  54 128 410 175 385 138  15  96 177 218 494 430
 288 255 190  95 448 485 141 354 207 365 487  25 475  90 187 473 412  79
 391 484  14 333  75 161 312 426 392 455 435 367  57 191 407 269 432 449
 458 415 350 247 316 115 471 228 159  51 122 199 472 340 443 291 165 147
 405 108 205 126 250 227 388 306 293 212 302   6 248  52 438  16 215 447
 411 403 160 439 129 239 226 457 381 238 265  69 281 203 290  99  93 466
 155 307  70 349 279 387 275  12  89 204 109 208  19 243  73 417  78 348
 303 235 452  18   0 150 270 478 317 280 192  86 282 171 276 463 198 158
 230 468 346 422 437 361 423 399 442 234  85 110  31 105  47  29 389 209
  77 100 396 180 357 252  40 206  58 406 433 343 219 118 261  22 341 414
 337 286 213 172 335 200 470 136  33 319 167 393 273   3 178  30 440  65
 366 148 477 322 120  49 201 467 157 404 254  97 237 304 395 262 492 257
  46 249 342 260 134 225 197 425  66 499 144 368 327 320 152]
Value - initial: 32673728, final: 1949047, improveup: 16.7639507924

data-line;i;32673728;f;1949047;t;6.68166804314;c;-2;fv;[1949047L];cv;-1;imp;16.7639507924;type;rvnd;inum;4;w;1

time;6.68166804314;man_time;0;neigh_time;0
man_time;0;man_merge_sol;0;man_best_sol;0;man_combine_sol;0

Waiting [0]
Terminating workers True 0 0
MPI TERMINATING
