pydf_home: /home/rodolfo/git/Sucuri
simple_pycuda_home: /home/rodolfo/git/simple-pycuda
wamca2016path: /home/rodolfo/git/wamca2016/
localpath: /home/rodolfo/git/dvnd-df/code/dvnd-df/src/
WAMCAPATH:/home/rodolfo/git/wamca2016/
param: {solution_index:0, solution_instance_index:97, multi_gpu:True, goal:False, problem_name:ml, number_of_moves:10, device_count:2, solver:rvnd, mpi_enabled:True, workers:1}
Using already created file:  wamca2016lib.so
Size: 52 - file name: 01_berlin52.tsp

Value - initial: 740724-[ 2 39  9 19 17 50 15 28 23 18 34 21 29 42 37  3 22 12 27 10 36 35 11 45 26
 32  6 25 44 38  8 43 51 16 47 31 33  7 30  4 48 46 20  5 41 49  1 40 24 14
  0 13] - 740724
Solver: RVND, number of workers: 1
Setting feeder affinity
I am the master. There are 1 mpi processes. (hostname = gpu01)
Roots [<pyDF.nodes.Feeder object at 0x7f1631691ad0>]
Starting 0
Main loop
I am worker 0
GPU0
set random seed!
Initial: 740724-[ 2 39  9 19 17 50 15 28 23 18 34 21 29 42 37  3 22 12 27 10 36 35 11 45 26
 32  6 25 44 38  8 43 51 16 47 31 33  7 30  4 48 46 20  5 41 49  1 40 24 14
  0 13]
Final time: 0.482676029205s - Best: 148355-[ 2 17 30 22 19 49 43 33 34 35 38 39 36 37 47 23  4 14  5  3 24 45 15 28 29
 41  1  6 16 20 21  0 48 31 44 18 40  7  8  9 42 32 50 11 27 26 25 46 12 51
 10 13]
Value - initial: 740724, final: 148355, improveup: 4.99291564154

data-line;i;740724;f;148355;t;0.482676029205;c;-2;fv;[148355L];cv;-1;imp;4.99291564154;type;rvnd;inum;0;w;1

time;0.482676029205;man_time;0;neigh_time;0
man_time;0;man_merge_sol;0;man_best_sol;0;man_combine_sol;0

Waiting [0]
Terminating workers True 0 0
MPI TERMINATING
