pydf_home: /home/rodolfo/git/Sucuri
simple_pycuda_home: /home/rodolfo/git/simple-pycuda
wamca2016path: /home/rodolfo/git/wamca2016/
localpath: /home/rodolfo/git/dvnd-df/code/dvnd-df/src/
WAMCAPATH:/home/rodolfo/git/wamca2016/
param: {solution_index:6, solution_instance_index:72, multi_gpu:True, goal:False, problem_name:ml, number_of_moves:10, device_count:2, solver:rvnd, mpi_enabled:True, workers:1}
Using already created file:  wamca2016lib.so
Size: 783 - file name: 07_rat784.tsp

Value - initial: 71084849-[ 31 210 113 296 207 378 353 727  94 733  50   8 173 426 221 165 149 203
 215  93 471 584  92 569  55 393 148 388 517 715 351 716 523  27 534 446
 329  38 612  66 260 346 539   2 461 771 289 480  99 313 137  71 238 417
 259 286 321 562  85  67 617 380  19 537 387 748 104 448 548 172 712 686
 414 596 623 718 415 488 708 663 575 641 646 398 489 201 381 618 145 572
 720 318 266 747 205 146 323 485 695  73 755 664 594 427 772 206 444 108
 536 632 435 546 619  18 430  74 493 622 410 188  21 648 428 413 705  58
 752 302 406 455 220 714  75 350  32 316 270 303 634 656 721 706 253  23
 735 734 729 359 459 655 314 505 644 224 106 682 567  41 345 115 637 366
 611 688 533 642 301 442 402 680  91 466 698 196 462 222 778  65  76 339
 717 344 475 277 685 374 371 304 292 273 494 458 118 136 620 132  70 500
 419 504 501  96  63 191 355 134 526 124 392 750 661 532 506  33 334 159
 456 508  49 675 216 602 577 693 405 713 565 690 369 576 169 464 418 579
 195 704 544 527  34 608 268 549 250 509 542  78 519 123 281 719 492 312
 347 531 372 578 491 101 105 681 585 234 515 140 451 425 753 308 626 597
 147 781 665 138 691 595 689 163 338 591 767 152 154 276 658 606 382 625
 560 700 757 692  88 739 135 649 295 749 559 759 202 483 421  47 631  95
 561 178  35 445 198 409 422 512 153 310 552 190 731 469 503 364 486 669
  43  20 407 186 668 290 647 293 244  14 657 397 438   5  28 516 603  39
 180 141 361 139 555 474 249 252 396 639 404 621 627 107 694 315 335 376
 126 337 175  68 615  30 496 566 143 551 200 476 299 722 468 401 671 429
 465 745 111 450 743 628 638  12 737 127 437 122 412 269 375 232 738 530
 756 389 164 411 271 754 306 769 590 479 162 278 168 204 768 325 673 524
 477  36 291 283 274 219 167 192 379  11 660 262 408 336 760  97 213 633
 217 373 236 470 593 582 114 670 187 298 160 573 545 457 343 181  54 322
 640 121 730 358 117 340 214 319  77 305 157 614  69 247 741 601  56  60
 449 636 460 237 282 540 650  45 317 385 703 521 687 327 447 288 557 538
 779 155 119 245 218 775 258 645 386  89 324 309 605 199 242 667 467 677
  90 528 478 182 610 581  40  26 229 189 630 666 463 777 762 103 102 391
 243 724 676 211  10 233 436 256 130 363 774 390 441 177 171 773 399 580
 443 672 403 120 599  46  80 711 109 185 725 662 241  15 294 320 377 764
 553 547 331 128 131 328 736 432  51 651 589  84 472  17 357 248 267  53
   3  72 265   4 522 348 554 161 158 129  57 679 133   6 440  62 239  83
 356 525 742 383 535 110 583  61 330 507 240 659 264 333 223 307 285 246
 498 558 740 297 613 144 300 212 598 100 707 280 728 709 433 600  44 732
 311 179 652 193 255 758 499 362 746 490  59 604 287 194 684 384 332 184
 349 699 416 520  29 352 116 420 142   7  22 360 481 726 424  13 228 209
 225 166 710 571 342 263  87 574 541 354 394 654 254  64  81 513   9 183
 208 766 751 257 365 272 776 510 275 227 643 395 174  79 453 439   0 629
  24 370 284  16 697 231  82 484 678 563 341 197 367 570 529 502 653  25
 112 423  42 431 482 434 564 261 568 780  37 454 696 744 497 674 156 550
 518 452 635 683 723 587  98 588   1 150 125 607 170  86 586 761  52 556
 326 495 782 702 251 770 763 609 151 235 624 514 400 473 368 176  48 511
 279 765 226 616 230 701 543 487 592] - 71084849
Solver: RVND, number of workers: 1
Setting feeder affinity
I am the master. There are 1 mpi processes. (hostname = gpu01)
Roots [<pyDF.nodes.Feeder object at 0x7f03998adad0>]
Starting 0
Main loop
I am worker 0
GPU0
set random seed!
Initial: 71084849-[ 31 210 113 296 207 378 353 727  94 733  50   8 173 426 221 165 149 203
 215  93 471 584  92 569  55 393 148 388 517 715 351 716 523  27 534 446
 329  38 612  66 260 346 539   2 461 771 289 480  99 313 137  71 238 417
 259 286 321 562  85  67 617 380  19 537 387 748 104 448 548 172 712 686
 414 596 623 718 415 488 708 663 575 641 646 398 489 201 381 618 145 572
 720 318 266 747 205 146 323 485 695  73 755 664 594 427 772 206 444 108
 536 632 435 546 619  18 430  74 493 622 410 188  21 648 428 413 705  58
 752 302 406 455 220 714  75 350  32 316 270 303 634 656 721 706 253  23
 735 734 729 359 459 655 314 505 644 224 106 682 567  41 345 115 637 366
 611 688 533 642 301 442 402 680  91 466 698 196 462 222 778  65  76 339
 717 344 475 277 685 374 371 304 292 273 494 458 118 136 620 132  70 500
 419 504 501  96  63 191 355 134 526 124 392 750 661 532 506  33 334 159
 456 508  49 675 216 602 577 693 405 713 565 690 369 576 169 464 418 579
 195 704 544 527  34 608 268 549 250 509 542  78 519 123 281 719 492 312
 347 531 372 578 491 101 105 681 585 234 515 140 451 425 753 308 626 597
 147 781 665 138 691 595 689 163 338 591 767 152 154 276 658 606 382 625
 560 700 757 692  88 739 135 649 295 749 559 759 202 483 421  47 631  95
 561 178  35 445 198 409 422 512 153 310 552 190 731 469 503 364 486 669
  43  20 407 186 668 290 647 293 244  14 657 397 438   5  28 516 603  39
 180 141 361 139 555 474 249 252 396 639 404 621 627 107 694 315 335 376
 126 337 175  68 615  30 496 566 143 551 200 476 299 722 468 401 671 429
 465 745 111 450 743 628 638  12 737 127 437 122 412 269 375 232 738 530
 756 389 164 411 271 754 306 769 590 479 162 278 168 204 768 325 673 524
 477  36 291 283 274 219 167 192 379  11 660 262 408 336 760  97 213 633
 217 373 236 470 593 582 114 670 187 298 160 573 545 457 343 181  54 322
 640 121 730 358 117 340 214 319  77 305 157 614  69 247 741 601  56  60
 449 636 460 237 282 540 650  45 317 385 703 521 687 327 447 288 557 538
 779 155 119 245 218 775 258 645 386  89 324 309 605 199 242 667 467 677
  90 528 478 182 610 581  40  26 229 189 630 666 463 777 762 103 102 391
 243 724 676 211  10 233 436 256 130 363 774 390 441 177 171 773 399 580
 443 672 403 120 599  46  80 711 109 185 725 662 241  15 294 320 377 764
 553 547 331 128 131 328 736 432  51 651 589  84 472  17 357 248 267  53
   3  72 265   4 522 348 554 161 158 129  57 679 133   6 440  62 239  83
 356 525 742 383 535 110 583  61 330 507 240 659 264 333 223 307 285 246
 498 558 740 297 613 144 300 212 598 100 707 280 728 709 433 600  44 732
 311 179 652 193 255 758 499 362 746 490  59 604 287 194 684 384 332 184
 349 699 416 520  29 352 116 420 142   7  22 360 481 726 424  13 228 209
 225 166 710 571 342 263  87 574 541 354 394 654 254  64  81 513   9 183
 208 766 751 257 365 272 776 510 275 227 643 395 174  79 453 439   0 629
  24 370 284  16 697 231  82 484 678 563 341 197 367 570 529 502 653  25
 112 423  42 431 482 434 564 261 568 780  37 454 696 744 497 674 156 550
 518 452 635 683 723 587  98 588   1 150 125 607 170  86 586 761  52 556
 326 495 782 702 251 770 763 609 151 235 624 514 400 473 368 176  48 511
 279 765 226 616 230 701 543 487 592]
Final time: 16.1630940437s - Best: 3388741-[ 31  15  20  25  26  23  27  33  59  54  43  50  41  53  71  91 102  92
  68  77  89 103 112 130 131 140 129 128 123 120 125 149 164 163 181 189
 199 205 216 231 232 224 211 210 208 218 250 252 268 280 291 302 310 294
 311 317 325 329 335 353 350 347 363 380 385 379 374 390 409 408 407 438
 430 434 418 416 410 417 433 436 447 463 469 468 475 493 495 496 486 473
 479 488 492 487 474 464 449 445 431 401 399 413 414 439 446 453 467 477
 497 501 508 524 527 536 543 531 544 548 545 537 549 554 582 584 601 619
 622 624 607 594 591 581 592 605 603 580 572 558 571 570 574 557 564 569
 576 555 540 535 534 520 504 506 500 482 476 490 499 514 512 518 517 530
 546 539 538 560 568 578 561 553 550 533 529 505 516 511 507 491 485 484
 483 465 457 451 452 442 437 421 432 425 429 423 404 391 388 370 364 352
 345 331 315 306 299 289 292 305 290 298 285 266 255 267 257 258 239 223
 207 197 178 175 162 168 156 127 139 142 136 132 115 111 107 104 101  76
  73  88  94  97  75  57  52  46  64  82  93 106 110 119 151 160 161 155
 150 135 126 114  99  79  69  80  66  45  40  44  56  36  22  16   0  14
  24  51  48  55  87  96 109 116 122 138 146 154 159 174 194 195 183 186
 201 203 221 226 230 229 238 235 241 245 254 276 275 272 277 293 316 318
 326 334 343 357 365 381 386 389 400 422 428 435 444 471 481 498 510 525
 532 547 559 567 575 595 579 585 593 610 625 623 637 639 664 671 682 696
 703 737 733 724 708 704 717 734 744 735 731 742 738 721 697 690 691 712
 706 718 736 732 756 758 767 778 776 772 773 765 761 769 762 749 748 747
 739 725 720 719 698 694 709 699 700 692 672 663 666 667 673 675 701 707
 715 722 729 730 745 740 741 751 755 763 781 782 774 770 766 752 743 728
 711 710 713 716 727 714 702 695 693 686 681 676 657 655 662 669 646 636
 615 614 628 631 641 617 609 638 630 653 652 645 650 635 629 632 613 600
 599 583 590 586 602 608 621 620 627 616 618 612 611 626 633 640 643 659
 674 689 679 684 678 670 687 677 658 651 647 644 596 597 589 598 587 577
 565 562 563 541 526 521 523 513 519 509 502 522 515 503 489 478 480 470
 460 461 443 441 427 420 426 411 402 387 384 367 372 339 337 336 309 307
 287 282 281 286 274 261 256 236 225 220 212 209 200 196 187 182 172 137
 117  98  84  67  60  58  70  63  47  38  28  32  17   6   1  11   8   9
   2   4  18   7  29  35  19  30  21  13  34  49  61  81  85 143 158 153
 166 188 190 202 219 227 228 243 259 262 270 271 297 319 348 360 377 397
 395 398 412 405 403 393 373 368 378 361 341 333 323 308 303 296 295 283
 278 260 251 240 244 246 237 213 222 206 191 177 173 169 167 165 157 144
 118 147 141 121 113 108  86  74  95  90  72  65  42  37  10   3  12   5
  39  78  83 100 105 134 133 148 170 176 180 193 192 198 217 233 253 264
 263 279 284 314 313 328 356 366 354 340 330 300 321 320 332 344 369 376
 375 392 419 456 455 448 459 472 462 454 424 406 396 394 383 362 351 358
 355 342 327 301 312 304 288 269 265 234 214 215 204 185 179 171 184 145
 124 152 242 248 247 273 322 338 324 349 346 371 359 382 415 458 542 552
 566 573 634 642 649 661 688 685 665 668 683 660 648 656 680 654 705 746
 768 777 760 771 764 759 757 775 753 754 726 779 780 750 723 588 604 606
 556 551 528 494 466 440 450 249  62]
Value - initial: 71084849, final: 3388741, improveup: 20.9767724946

data-line;i;71084849;f;3388741;t;16.1630940437;c;-2;fv;[3388741L];cv;-1;imp;20.9767724946;type;rvnd;inum;6;w;1

time;16.1630940437;man_time;0;neigh_time;0
man_time;0;man_merge_sol;0;man_best_sol;0;man_combine_sol;0

Waiting [0]
Terminating workers True 0 0
MPI TERMINATING
