pydf_home: /home/rodolfo/git/Sucuri
simple_pycuda_home: /home/rodolfo/git/simple-pycuda
wamca2016path: /home/rodolfo/git/wamca2016/
localpath: /home/rodolfo/git/dvnd-df/code/dvnd-df/src/
WAMCAPATH:/home/rodolfo/git/wamca2016/
param: {solution_index:3, solution_instance_index:79, multi_gpu:True, goal:False, problem_name:ml, number_of_moves:10, device_count:2, solver:rvnd, mpi_enabled:True, workers:1}
Using already created file:  wamca2016lib.so
Size: 318 - file name: 04_lin318.tsp

Value - initial: 93699447-[302  85 254 288 175   5  75  98 197 199  53 165 303 159 157   3  30 118
   9  84 203 107 186 103 200 163 227 219 260 170 239 195 191 231 115  90
 293 137 183 135 178  77 226 119  23 146 274  97 265 121 243 185 188 237
  36  79  64 295 266 252 190  22  57 284  68 270 314 101 246  99 287 109
  42 132  16  91 250 257  27 155  89  83   1  78  29 148  51 228  70   0
 142  55 300 233 134 124  73 108  26 149 285 242 153 296  49  72 168 138
 169  62  66 201  50 222 182 128  46  31 133  80 216 235 267  67 308   8
  93 112 245 275 310 251 144 150 110 276 141  56 179 292 244  82  45 215
   7 114 309 211 184  95 100 176 105 104 171 198 247 299 194 253 116  88
 272 278 196 136  47 213  40  43 280  58 305 156  35 189  96  81 125  25
 264  63 151 277  94 281 214 298 301 131 173 106 210  76 147  59  54 290
  71 224 161 262  19  60 240  33 140 261 143 268 283 294 207 316  48  18
 317 307 255 212   4 177 306 111  28  12 249 232 130 223 271  44 259 282
 167 315 206  37  41 202 286 145  11 193  39 311 297  52  32  13   2 204
  14 263 313 102  86 120 139 166  74 208 174 221 236 187 180 238 220  38
 164 234 129  92  69 152 127  17  87 289 218 209 304 154  20 241 217 279
 248  65 160 291 225 269 230 229 312 192  15 162 117  24  34 172 205  21
 181 123 258  10 113 256  61 122 158 126 273   6] - 93699447
Solver: RVND, number of workers: 1
Setting feeder affinity
I am the master. There are 1 mpi processes. (hostname = gpu01)
Roots [<pyDF.nodes.Feeder object at 0x7fae6ffb4ad0>]
Starting 0
Main loop
I am worker 0
GPU0
set random seed!
Initial: 93699447-[302  85 254 288 175   5  75  98 197 199  53 165 303 159 157   3  30 118
   9  84 203 107 186 103 200 163 227 219 260 170 239 195 191 231 115  90
 293 137 183 135 178  77 226 119  23 146 274  97 265 121 243 185 188 237
  36  79  64 295 266 252 190  22  57 284  68 270 314 101 246  99 287 109
  42 132  16  91 250 257  27 155  89  83   1  78  29 148  51 228  70   0
 142  55 300 233 134 124  73 108  26 149 285 242 153 296  49  72 168 138
 169  62  66 201  50 222 182 128  46  31 133  80 216 235 267  67 308   8
  93 112 245 275 310 251 144 150 110 276 141  56 179 292 244  82  45 215
   7 114 309 211 184  95 100 176 105 104 171 198 247 299 194 253 116  88
 272 278 196 136  47 213  40  43 280  58 305 156  35 189  96  81 125  25
 264  63 151 277  94 281 214 298 301 131 173 106 210  76 147  59  54 290
  71 224 161 262  19  60 240  33 140 261 143 268 283 294 207 316  48  18
 317 307 255 212   4 177 306 111  28  12 249 232 130 223 271  44 259 282
 167 315 206  37  41 202 286 145  11 193  39 311 297  52  32  13   2 204
  14 263 313 102  86 120 139 166  74 208 174 221 236 187 180 238 220  38
 164 234 129  92  69 152 127  17  87 289 218 209 304 154  20 241 217 279
 248  65 160 291 225 269 230 229 312 192  15 162 117  24  34 172 205  21
 181 123 258  10 113 256  61 122 158 126 273   6]
Final time: 4.95411801338s - Best: 6313232-[302 295 293 292 291 287 280 277 276 169 170 165 164 268 265 264 259 258
 249 254 257 266 263 260 256 253 250 251 252 255 261 262 267 272 271 273
 281 286 288 289 285 282 278 279 283 284 290 298 299 308 307 311 310 204
 306 305 301 300 198 199 194 193 185 179 178 174 173 177 180 184 190 183
 181 176 188 189 187 186 182 175 172 171 168 209 161 162 157 156 150 147
 146 145 148 151 155 158 160 159 154 152 149 208 137 132 127 124 207 133
 126 125 119 115 114 111 110 106 105   3   4  12  13  16  15  17  24  25
  26  23  18  27  22  19  11   2   0   1   5   6   9  10  14 102  20  21
  28  29  30  31  32 103  39  48  44  47  49  54  55  58 104  63  66  67
  70  77  81  82  84  83  71  76  78  85  79  75  72  80  74  73  68  69
  62  61  57  52  51  56  53  50  46  43  45  42  40  41  35  36  34  33
 136 135 134 131 128 123 130 129 122 120 121 112 113 109 108 210 211 215
 216 219 220 117 118 224 312 230 231 238 239 237 232 229 221 225 226 227
 234 235 228 233 236 242 240 241 138 139 142 143 141 140 144 153 163  59
  60  64  65  86  87  89  88  92  90  91  95  96 100 101  97  98  94  93
 195 196 200 201  99 206 205 197 202 203 192 191 294 304 309 303 297 296
 275 274 270 269 317 248 247 244 243 223 222 213 214 218 217 212 246 245
 313 314 167 166  37  38 316 315   7   8 116 107]
Value - initial: 93699447, final: 6313232, improveup: 14.8417556966

data-line;i;93699447;f;6313232;t;4.95411801338;c;-2;fv;[6313232L];cv;-1;imp;14.8417556966;type;rvnd;inum;3;w;1

time;4.95411801338;man_time;0;neigh_time;0
man_time;0;man_merge_sol;0;man_best_sol;0;man_combine_sol;0

Waiting [0]
Terminating workers True 0 0
MPI TERMINATING
