pydf_home: /home/rodolfo/git/Sucuri
simple_pycuda_home: /home/rodolfo/git/simple-pycuda
wamca2016path: /home/rodolfo/git/wamca2016/
localpath: /home/rodolfo/git/dvnd-df/code/dvnd-df/src/
WAMCAPATH:/home/rodolfo/git/wamca2016/
param: {solution_index:6, solution_instance_index:51, multi_gpu:True, goal:False, problem_name:ml, number_of_moves:10, device_count:2, solver:rvnd, mpi_enabled:True, workers:1}
Using already created file:  wamca2016lib.so
Size: 783 - file name: 07_rat784.tsp

Value - initial: 72251736-[ 88 519 442 318 499  84 346 281 164 288 740 278 760 376 439 226  22 488
 709 411 538 483 739 280 484 157 184  81 432 284 782 737 297 687 406 340
 100 767 424 409 329  33 343 749 548 582 478 770 642 561 160  32 355 472
 255 697 448 206  90 482 505  25 555  80 345 144 777 121 383 393 617 245
 721 320 137 207 716 528 109 670 335 480 102 305 146   7 491 608 530 647
 130 543 534 324 312 592 495 667 334 152 295  42 563  91 494 341 293 550
 435 287 747 566 733 306 133 374 744 279 778  72 423 758 268 441   4 509
  79 511 559 359 176 454 736 614 719 254  28 536 430 267 769  14 657 724
 674 518 129 410 755 147 438 182 533 507  26 420 735  15 650 606 643 132
 541 688 229 108 310 537 619 104   1 609 126 742 122 476 553 349 698 302
 353 380 398 492 663 134 590 150  95 282 508 529 560  75  59 515 513 459
 600 120 269 178 463 103 679 717 294 452 610 475 771  50 372 773 599 469
  31 683  48 625 466 616 223  46 780 621  76 707 627 385 633 111 672 693
 603 394 209 525 649 502 618 364 521 131 389 638 522 564 119 115 691 118
 159 496 325 211 189 228 427 695 453 275 774 348 732 516 408 274 574 689
 725 759 283 358 384 175 699 265   3 575 458 462 125 301 362 645 696 640
  43 558 743 556 700 763 544 337 429 308 493 470 671 712 523 761 181 504
  11 370 728 365 433 461 477 240 517 291 644 479  87 626  49 468  20 605
 718 664 249  18 594 378 413 726 246 153 388  89 652  68 277 336 405 440
 722 562 271 262  64 748 148 701 351 210 711  85 572 171 142 706 273 659
 110 446 595 775 713  17 391 332 704  65 186 328 285 112 570  86 339 653
 375 661 431 772  12 154 639 776 678 139 113 569 232 386 412  66 631 127
 512  55 673 613 662  24  27 247 487 220 363 654  35 768 248 400 578 167
 658 705 710 597 587 419 101 623 455  45  10 753 762  92 138 257 338 350
 551 369 554 514 201 360 259 585 416 185 702 727 218 231 612  36 520 540
 527 331 390 233 251 124 172 151 720 510 576 208 485 601  94 114 396 425
 682 579 135 474 224 552 237 165 290 444 489 580 690 322 242 163 450 588
 418 506 190 352 591 179 746 169  99 622 215 403 501 230 681 596 260 252
 641 356 615 714 451   6 307  60   2 445 656 779 464 602 756 243 490 586
 188 227  78 244 686 666 447 195  47 549 258 567  44  29 173 434  74 593
 266 684 449 194  97 428 326 754 238 235 539 303  71  73 261 629  16 193
  82 503 677 256 253 107 648 156 234 219 471  57 457 547 422 272 598  23
 213 473 330  53 636  41 546 634 443 299  37 241 632 589 497 676 315 214
 426 604 565 680 316 289 264 745 729 321 481 577 583  69 222 204 202 694
 180 730 382  38 105 734 236 196 311 584 750 183 304 162 500 177 665 486
 660 437 752 187 414 368  83 323 155 436 467  67 197 765 387 141  39 456
 703 685 239  70 401 168  77 158 221 140 367 377 250   9 421   8 751 116
 200  21 628 225 655 404 309 361 692 313 106 166 286 402 571 203 212 542
 298 417 764 611  58  51 123 276 581 373 319 381  13  62 741 545 731 531
 344 170  34 715 637  61 395 270  30 568 708 263 149 143 347 415  96 630
  98 635 646 371 620 342 136  40 161   0 128 407 532 757  52 669 198 205
 217 723 535 199 174 675 117 399 357 607 300 145 317 781 366 216 392 296
 192 524 460 526  56  19 624 668  93 354 379 766 465 292 651  63 191 498
 327 557   5 397 738  54 573 314 333] - 72251736
Solver: RVND, number of workers: 1
Setting feeder affinity
I am the master. There are 1 mpi processes. (hostname = gpu01)
Roots [<pyDF.nodes.Feeder object at 0x7f9365950ad0>]
Starting 0
Main loop
I am worker 0
GPU0
set random seed!
Initial: 72251736-[ 88 519 442 318 499  84 346 281 164 288 740 278 760 376 439 226  22 488
 709 411 538 483 739 280 484 157 184  81 432 284 782 737 297 687 406 340
 100 767 424 409 329  33 343 749 548 582 478 770 642 561 160  32 355 472
 255 697 448 206  90 482 505  25 555  80 345 144 777 121 383 393 617 245
 721 320 137 207 716 528 109 670 335 480 102 305 146   7 491 608 530 647
 130 543 534 324 312 592 495 667 334 152 295  42 563  91 494 341 293 550
 435 287 747 566 733 306 133 374 744 279 778  72 423 758 268 441   4 509
  79 511 559 359 176 454 736 614 719 254  28 536 430 267 769  14 657 724
 674 518 129 410 755 147 438 182 533 507  26 420 735  15 650 606 643 132
 541 688 229 108 310 537 619 104   1 609 126 742 122 476 553 349 698 302
 353 380 398 492 663 134 590 150  95 282 508 529 560  75  59 515 513 459
 600 120 269 178 463 103 679 717 294 452 610 475 771  50 372 773 599 469
  31 683  48 625 466 616 223  46 780 621  76 707 627 385 633 111 672 693
 603 394 209 525 649 502 618 364 521 131 389 638 522 564 119 115 691 118
 159 496 325 211 189 228 427 695 453 275 774 348 732 516 408 274 574 689
 725 759 283 358 384 175 699 265   3 575 458 462 125 301 362 645 696 640
  43 558 743 556 700 763 544 337 429 308 493 470 671 712 523 761 181 504
  11 370 728 365 433 461 477 240 517 291 644 479  87 626  49 468  20 605
 718 664 249  18 594 378 413 726 246 153 388  89 652  68 277 336 405 440
 722 562 271 262  64 748 148 701 351 210 711  85 572 171 142 706 273 659
 110 446 595 775 713  17 391 332 704  65 186 328 285 112 570  86 339 653
 375 661 431 772  12 154 639 776 678 139 113 569 232 386 412  66 631 127
 512  55 673 613 662  24  27 247 487 220 363 654  35 768 248 400 578 167
 658 705 710 597 587 419 101 623 455  45  10 753 762  92 138 257 338 350
 551 369 554 514 201 360 259 585 416 185 702 727 218 231 612  36 520 540
 527 331 390 233 251 124 172 151 720 510 576 208 485 601  94 114 396 425
 682 579 135 474 224 552 237 165 290 444 489 580 690 322 242 163 450 588
 418 506 190 352 591 179 746 169  99 622 215 403 501 230 681 596 260 252
 641 356 615 714 451   6 307  60   2 445 656 779 464 602 756 243 490 586
 188 227  78 244 686 666 447 195  47 549 258 567  44  29 173 434  74 593
 266 684 449 194  97 428 326 754 238 235 539 303  71  73 261 629  16 193
  82 503 677 256 253 107 648 156 234 219 471  57 457 547 422 272 598  23
 213 473 330  53 636  41 546 634 443 299  37 241 632 589 497 676 315 214
 426 604 565 680 316 289 264 745 729 321 481 577 583  69 222 204 202 694
 180 730 382  38 105 734 236 196 311 584 750 183 304 162 500 177 665 486
 660 437 752 187 414 368  83 323 155 436 467  67 197 765 387 141  39 456
 703 685 239  70 401 168  77 158 221 140 367 377 250   9 421   8 751 116
 200  21 628 225 655 404 309 361 692 313 106 166 286 402 571 203 212 542
 298 417 764 611  58  51 123 276 581 373 319 381  13  62 741 545 731 531
 344 170  34 715 637  61 395 270  30 568 708 263 149 143 347 415  96 630
  98 635 646 371 620 342 136  40 161   0 128 407 532 757  52 669 198 205
 217 723 535 199 174 675 117 399 357 607 300 145 317 781 366 216 392 296
 192 524 460 526  56  19 624 668  93 354 379 766 465 292 651  63 191 498
 327 557   5 397 738  54 573 314 333]
Final time: 14.6176710129s - Best: 3506098-[ 88  73  76 101 104 107 111 115 127 139 162 168 189 205 224 218 211 210
 208 181 172 182 187 200 212 220 225 236 250 252 261 274 286 300 311 317
 325 329 335 359 374 379 380 385 410 416 417 433 436 447 458 473 479 492
 488 486 496 495 493 504 506 500 499 490 482 476 456 455 448 459 432 425
 429 423 419 407 408 409 392 376 369 349 346 344 332 320 321 302 291 280
 268 249 232 231 216 199 197 207 223 239 257 258 289 299 306 315 331 345
 352 338 322 326 318 298 285 290 305 292 267 266 255 242 248 247 230 226
 221 203 201 186 160 151 142 136 132 119  93  82  64  57  52  46  45  40
  66  69  79  99 106 110 135 150 155 161 183 195 194 204 215 235 241 238
 245 254 272 277 275 276 288 304 312 342 355 358 351 362 383 389 386 381
 400 406 424 442 437 454 462 485 491 494 512 514 528 534 535 540 541 557
 564 569 576 583 590 599 600 613 632 630 638 641 649 663 666 667 673 675
 701 707 715 722 740 745 730 729 726 749 748 725 739 747 754 753 767 758
 756 738 742 731 721 697 691 690 680 656 648 627 620 608 602 586 563 562
 565 577 556 551 518 517 530 546 539 538 507 511 516 505 510 525 532 547
 559 575 567 579 585 593 610 625 623 639 637 647 651 658 670 678 684 679
 689 705 704 708 687 677 664 671 682 696 703 724 733 737 746 760 771 764
 759 744 734 717 735 757 775 778 776 772 773 765 761 762 769 779 780 755
 751 763 781 782 774 770 766 752 743 728 711 713 710 686 681 676 657 655
 662 642 634 624 622 619 601 584 582 607 594 591 581 566 531 544 548 545
 549 537 522 515 503 489 461 460 478 480 470 453 446 439 426 411 397 377
 378 368 373 354 340 328 313 303 296 295 308 297 283 278 260 244 251 240
 206 191 177 173 165 157 130 131 140 129 128 102  91  71  81  85  67  60
  58  49  61  53  41  50  31  15  20  25  26  23  27  43  54  59  65  72
  95  90  77  89 103 112 118 144 147 167 169 193 180 176 141 121 113 108
 105 134 133 148 170 192 198 217 213 222 246 237 263 264 279 284 314 356
 366 393 403 405 412 398 395 420 427 441 450 467 477 497 501 508 524 527
 543 536 519 513 523 552 558 571 572 580 592 605 603 614 628 631 617 609
 588 570 574 542 526 521 475 463 469 468 440 434 438 430 418 390 371 353
 350 347 363 372 382 399 401 413 414 402 387 384 367 348 360 361 341 330
 333 323 319 336 337 339 310 294 256 243 228 227 219 202 190 188 166 153
 158 143 123 120 125 149 164 163 156 137 117  98  84  70  63  47  29  35
  30  19   7  18   4   2   9   8  11  32  28  38  62  94  97  75  80  96
 109 114 122 116 124 145 138 146 154 159 174 185 179 171 184 214 234 265
 269 301 293 316 334 327 343 357 365 396 388 391 404 421 422 428 435 444
 451 452 457 465 484 483 481 471 498 529 533 550 553 561 560 568 578 596
 597 611 633 640 643 660 683 668 665 685 688 692 700 699 709 694 698 720
 719 718 736 732 712 706 674 659 654 644 626 589 598 587 612 618 616 606
 621 629 635 650 645 652 653 661 672 693 702 714 723 741 750 727 716 695
 669 646 636 615 573 554 502 509 487 474 464 449 445 431 415 307 309 281
 282 287 270 271 262 259 209 196  92  68  74  86  83 100  78  42  37  39
   5  12  10   3  33  13  21  34  17   6   1  22  16   0  14  24  36  44
  56  51  48  55  87 126 152 175 178 229 273 324 370 364 375 472 466 520
 555 604 777 768 595 394 443 233 253]
Value - initial: 72251736, final: 3506098, improveup: 20.6074490787

data-line;i;72251736;f;3506098;t;14.6176710129;c;-2;fv;[3506098L];cv;-1;imp;20.6074490787;type;rvnd;inum;6;w;1

time;14.6176710129;man_time;0;neigh_time;0
man_time;0;man_merge_sol;0;man_best_sol;0;man_combine_sol;0

Waiting [0]
Terminating workers True 0 0
MPI TERMINATING
