pydf_home: /home/rodolfo/git/Sucuri
simple_pycuda_home: /home/rodolfo/git/simple-pycuda
wamca2016path: /home/rodolfo/git/wamca2016/
localpath: /home/rodolfo/git/dvnd-df/code/dvnd-df/src/
WAMCAPATH:/home/rodolfo/git/wamca2016/
param: {solution_index:6, solution_instance_index:16, multi_gpu:True, goal:False, problem_name:ml, number_of_moves:10, device_count:2, solver:rvnd, mpi_enabled:True, workers:1}
Using already created file:  wamca2016lib.so
Size: 783 - file name: 07_rat784.tsp

Value - initial: 70020128-[281 624 575 208 641 666 133 206 138 433 629 482 153 189 216  61 596 323
  35 377 365  52 342 373 616  78 385 185 324 521 615 743 218 465 235  23
 248 331 756  53 268 197 156 547 220 195 249 135 591 190 532 380 669 538
 139 597 527  77 772 106 630 705 247 461 777 192  79 541 598  55 715 464
 201 619 468 637 755 503 678 176 766 152 697 765 665 486 404 539  24 428
 600 727 724  44  29 692 408  38 242 396  18 436 277 348   1 388 558 214
 423 534 515 744 295 701 161 340 366 536 121 234 413 232 203 511 169 625
 594  33 317 456 676 429 349 253 648 512 617 694 748  39 374 112 177 779
 584 702 172 490 513 289 757 476 776  60 308 346 146 487 354 325 355 642
  31   0 685 272 540 478 450 589 610 553 711 415 773 769 117 654  71 595
 434 278 358 113 713 693 207 205 285 421 509 397 321 213 360 477  42 570
 260 698  41  19 466 381 537 393 333 306 114 215 343 328 601 303 446 186
 763 719 657 100 329 336 455 471 163 240 319 474 721 130 463 572  92 339
 259 552 386 212 411 722 125 395 327 485 493 635 188 244 585  27 226 580
 647 164 271  84 337 286 557   7 356 309 107 258 609 264 739 257 656  30
 227 573 320 605 550 679 400 768 357 514 559 191 563 623  12 506 655 778
 204 645 179  50 300 448  56 432 178 495 473 347 219 270 142 526 671 516
 439 535 707 646 687 267 632 568 406 621 199 740 706 717 372  51 762 414
 252  49 298 603 193 181 714  97 143 154 691  43 533 183 443 674 307 508
 416 211 479 498 520  34 241 562 194 529 326 229  72 614 683 451 582 662
 640 738 775 530 420 119 280 131 437 690 730 430 246 767 735 544 122 315
 560  85 481 703  13  58 200 470 590 261 378 627 673 440 754 148 405 224
 116 124  65 403 505  95  68 612 699 293 554 708 150   8 453 239 322 274
  28 626 650 726 129 273 704  20 720 587  45   2 302 162 402 284 571   9
  93  94 369 531 128 233 599 507 736 110 500 649  82 545  76 263 667 168
 425 332 501 255  17  26 638 672 578 147 651 488 734 681 716 452 546 314
 184 747 419 670 613 444 364 231 384 611  89 675  88 288  54 316 350 510
 409 283 751 140 472 519  86  63 454 145 660  70 746 251 102 210 592 175
  25 732 338 115 256 367  74 159 265 518 634 583 556 305 774 742  22  75
 375 392 484 551 718 228 223 103 301 141 292 310  91 344 682 771 548  69
 391  48 606  40 462 737 118 593 312 781 123 262 677 633 401 761  59 330
 543 759 398 504 167 297 725 480 658 417  46 296 108 359 238 160 382 460
  81 304 561 565 351 287  32 758  87 680 469 442  83 652 639  64 445 586
  21 217 581 579 728 221 483 749 435  98 729 618 525  10 700 753  57 334
  36 243 101 607 752 266 187 276  16 684 502 390 733 290 782 576 489 269
 335 132 136 522 492 174 299 254 236 688 427 764 564 196 566 659 237 653
 663 689 368 549 620 151 491  11 313 291 157 723 399 431 182 275 668 695
  90 166 144 202 311 661 158 496 741 279 120 528 567 467 447 165 441 407
 523   4 569 604 631 250 457   6 370 361 731 394 760 577 574 664 126 459
   5 111 588 352   3 608 389 353 209 410 294 602 770 475 134 710 198  62
 109 230 426 155 497 499  73 173 780 750 636 709 418 341 137 412 387 686
 628 622 225 170  37 105  67 362 149 376  99 745 517 371 180 424 383 245
 555 712 422 438  96  14  66  47 363 345 127 542 449 171 644 379  15 494
 104  80 524 643 318 282 222 696 458] - 70020128
Solver: RVND, number of workers: 1
Setting feeder affinity
I am the master. There are 1 mpi processes. (hostname = gpu01)
Roots [<pyDF.nodes.Feeder object at 0x7f5974940ad0>]
Starting 0
Main loop
I am worker 0
GPU0
set random seed!
Initial: 70020128-[281 624 575 208 641 666 133 206 138 433 629 482 153 189 216  61 596 323
  35 377 365  52 342 373 616  78 385 185 324 521 615 743 218 465 235  23
 248 331 756  53 268 197 156 547 220 195 249 135 591 190 532 380 669 538
 139 597 527  77 772 106 630 705 247 461 777 192  79 541 598  55 715 464
 201 619 468 637 755 503 678 176 766 152 697 765 665 486 404 539  24 428
 600 727 724  44  29 692 408  38 242 396  18 436 277 348   1 388 558 214
 423 534 515 744 295 701 161 340 366 536 121 234 413 232 203 511 169 625
 594  33 317 456 676 429 349 253 648 512 617 694 748  39 374 112 177 779
 584 702 172 490 513 289 757 476 776  60 308 346 146 487 354 325 355 642
  31   0 685 272 540 478 450 589 610 553 711 415 773 769 117 654  71 595
 434 278 358 113 713 693 207 205 285 421 509 397 321 213 360 477  42 570
 260 698  41  19 466 381 537 393 333 306 114 215 343 328 601 303 446 186
 763 719 657 100 329 336 455 471 163 240 319 474 721 130 463 572  92 339
 259 552 386 212 411 722 125 395 327 485 493 635 188 244 585  27 226 580
 647 164 271  84 337 286 557   7 356 309 107 258 609 264 739 257 656  30
 227 573 320 605 550 679 400 768 357 514 559 191 563 623  12 506 655 778
 204 645 179  50 300 448  56 432 178 495 473 347 219 270 142 526 671 516
 439 535 707 646 687 267 632 568 406 621 199 740 706 717 372  51 762 414
 252  49 298 603 193 181 714  97 143 154 691  43 533 183 443 674 307 508
 416 211 479 498 520  34 241 562 194 529 326 229  72 614 683 451 582 662
 640 738 775 530 420 119 280 131 437 690 730 430 246 767 735 544 122 315
 560  85 481 703  13  58 200 470 590 261 378 627 673 440 754 148 405 224
 116 124  65 403 505  95  68 612 699 293 554 708 150   8 453 239 322 274
  28 626 650 726 129 273 704  20 720 587  45   2 302 162 402 284 571   9
  93  94 369 531 128 233 599 507 736 110 500 649  82 545  76 263 667 168
 425 332 501 255  17  26 638 672 578 147 651 488 734 681 716 452 546 314
 184 747 419 670 613 444 364 231 384 611  89 675  88 288  54 316 350 510
 409 283 751 140 472 519  86  63 454 145 660  70 746 251 102 210 592 175
  25 732 338 115 256 367  74 159 265 518 634 583 556 305 774 742  22  75
 375 392 484 551 718 228 223 103 301 141 292 310  91 344 682 771 548  69
 391  48 606  40 462 737 118 593 312 781 123 262 677 633 401 761  59 330
 543 759 398 504 167 297 725 480 658 417  46 296 108 359 238 160 382 460
  81 304 561 565 351 287  32 758  87 680 469 442  83 652 639  64 445 586
  21 217 581 579 728 221 483 749 435  98 729 618 525  10 700 753  57 334
  36 243 101 607 752 266 187 276  16 684 502 390 733 290 782 576 489 269
 335 132 136 522 492 174 299 254 236 688 427 764 564 196 566 659 237 653
 663 689 368 549 620 151 491  11 313 291 157 723 399 431 182 275 668 695
  90 166 144 202 311 661 158 496 741 279 120 528 567 467 447 165 441 407
 523   4 569 604 631 250 457   6 370 361 731 394 760 577 574 664 126 459
   5 111 588 352   3 608 389 353 209 410 294 602 770 475 134 710 198  62
 109 230 426 155 497 499  73 173 780 750 636 709 418 341 137 412 387 686
 628 622 225 170  37 105  67 362 149 376  99 745 517 371 180 424 383 245
 555 712 422 438  96  14  66  47 363 345 127 542 449 171 644 379  15 494
 104  80 524 643 318 282 222 696 458]
Final time: 14.0899610519s - Best: 3474791-[281 286 300 311 317 325 329 335 353 350 347 339 363 382 399 401 413 414
 431 445 449 464 474 487 501 508 524 527 536 543 531 544 548 566 573 594
 591 581 592 603 614 617 609 604 613 632 630 638 641 631 628 636 646 669
 662 655 657 676 681 686 710 711 713 716 714 702 695 693 675 673 667 666
 663 649 661 653 652 645 635 621 620 627 616 618 612 633 626 611 597 596
 593 585 579 567 575 559 547 550 529 533 553 561 578 560 568 589 598 587
 606 608 602 586 590 583 599 600 564 569 576 555 563 562 565 577 556 546
 539 538 530 518 517 507 511 491 485 484 483 465 457 452 451 444 435 428
 422 400 389 386 381 365 357 343 355 358 362 351 342 312 304 288 269 265
 241 235 215 185 179 171 138 146 154 159 152 161 155 150 151 142 136 132
 115 139 127 111 107 104 101  98  84  85  67  60  58  49  61  53  41  50
  31  15  20  25  26  23  27  33   3  10  12  37  39  78  83 100 105 108
 113 133 134 148 141 121 118 112 130 131 140 129 128 123 120 125 117 137
 156 168 162 175 178 189 181 172 164 163 149 143 158 182 187 200 209 208
 210 211 218 224 232 231 216 205 199 197 207 201 203 183 195 194 204 229
 238 245 254 276 275 272 277 273 285 290 305 292 289 299 306 315 331 349
 346 344 332 320 321 302 291 280 268 252 250 261 274 256 236 225 220 212
 196 190 188 202 191 177 173 165 167 169 193 180 176 170 192 198 217 233
 253 264 263 279 284 314 313 328 340 354 356 366 373 368 378 395 398 393
 403 405 412 420 427 441 443 461 460 478 480 502 503 515 522 537 545 549
 554 582 584 601 619 622 624 634 642 615 605 580 572 571 558 552 523 521
 496 495 493 475 463 469 468 466 456 438 430 434 440 447 436 433 417 410
 416 418 409 408 407 392 375 364 370 391 388 396 406 424 442 437 421 432
 425 429 423 419 455 448 459 454 462 472 494 512 514 499 490 476 482 500
 506 504 520 541 540 535 534 528 551 640 643 648 656 680 674 689 705 731
 735 744 734 717 704 708 687 677 670 678 684 679 659 654 644 647 651 658
 664 671 682 696 703 724 733 737 746 760 771 764 759 757 742 738 721 697
 690 691 712 706 718 736 732 756 758 767 778 776 772 773 765 754 753 747
 739 748 761 769 762 749 745 740 755 763 781 782 774 770 766 752 743 727
 750 751 741 723 701 707 715 722 729 730 726 700 692 688 699 709 725 720
 719 698 694 685 683 660 668 665 650 629 588 570 574 557 542 526 513 519
 492 488 479 473 439 446 453 467 477 470 450 426 411 397 402 387 384 377
 361 341 330 333 323 319 297 308 303 296 295 283 278 260 251 240 244 246
 237 213 222 206 219 227 228 243 259 262 270 271 282 287 307 309 337 336
 348 360 367 372 380 385 379 374 371 369 376 352 345 338 324 322 326 334
 316 318 298 266 255 267 257 239 223 186 160 119 110 106  93  82  64  80
  99  79  69  66  40  45  46  52  57  75  97  94  88  76  73  62  38  28
  32  11   8   9   2   4  18   7  19  21  13  34  30  35  29  47  63  70
  81  71  91 102  92  68  77  89  90  72  54  43  59  42  65  74  86  95
 103 147 144 157 166 153 249 258 242 248 247 230 226 221 174 135 126 114
 122 116 109  96  56  44  36  22  17   6   1  16   0  14  24  51  48  55
  87 124 145 184 214 234 293 301 327 383 394 471 481 498 510 525 532 595
 623 639 637 625 610 516 505 404 390 359 310 294 415 458 486 497 509 489
 607 672 728 780 779 775 777 768   5]
Value - initial: 70020128, final: 3474791, improveup: 20.1508890751

data-line;i;70020128;f;3474791;t;14.0899610519;c;-2;fv;[3474791L];cv;-1;imp;20.1508890751;type;rvnd;inum;6;w;1

time;14.0899610519;man_time;0;neigh_time;0
man_time;0;man_merge_sol;0;man_best_sol;0;man_combine_sol;0

Waiting [0]
Terminating workers True 0 0
MPI TERMINATING
