pydf_home: /home/rodolfo/git/Sucuri
simple_pycuda_home: /home/rodolfo/git/simple-pycuda
wamca2016path: /home/rodolfo/git/wamca2016/
localpath: /home/rodolfo/git/dvnd-df/code/dvnd-df/src/
WAMCAPATH:/home/rodolfo/git/wamca2016/
param: {solution_index:5, solution_instance_index:74, multi_gpu:True, goal:False, problem_name:ml, number_of_moves:10, device_count:2, solver:rvnd, mpi_enabled:True, workers:1}
Using already created file:  wamca2016lib.so
Size: 657 - file name: 06_d657.tsp

Value - initial: 286294837-[535  90 429  51 465  66 601 163   1 156 145 424 558  37 214  80 311 427
 433 395  58 627 170 548 308 516  62 297 531 161 413 502 571  74  72 654
 125  44 171 420  91 159 149 482 415  49 272 267 133 398 228 419  86 319
 503  60 432 430 323 631 401 407 165 285 543  64 375  23  24 342 645 269
 122  88 193 213 329 622 345 296 459 623 605 191 473 130  65 391 389 508
 111 562 520 369  63 421 593 138 456 525 321 325 464 119  92 183 447  41
 532  21 557 452 416 538 262 597 107 599 336 166 476 324 326  95 524 581
  81 201 154 392 294  15 403 393  11 151 199 536 179  52 219 265 370 568
 515 351  71  82 371 613 590 628 178 362 352 646 489 626 521 604   7 405
 533 291 425 509 231 523 283 104 587 236  16 528 507 334 580 380 331 243
 574 606 120  30   3 384 286 641 363 256  10 348 394 434  14 357 215 621
 312 496 652 292 202 354 247 483 187 216 643 365 350 224 175 330 477  77
 242 322 102 192 335 445 310 314 466 578 614 361 155 449 453 162 276 124
  89 115 469 486 422 539 301 478  98 499 307 205 114 542 132 467 305 388
 404 511 474 113 378 280 566 128 517  50 518 117 624 475 583 234 188  79
 379 479 338  27 315 551 560 112  20 635 239 636  48 541 174 298 346   5
 116 261  53 146  17 208  47 440 519 230 131 408 248 436  57 648 647 638
 152 260  39 287 526 412 101 135 373 358 461 164 237 246 454 414 376 450
  55 200 182 611  99 390 284 431 426 428  26 238 589 134 402 397 615 565
 251  69 418 197 504 141 317 396 142 349 288 340 167 634  45 386  35  70
  33 249 570 656 177 279 108 596 240 148  12 480 206 368 366  78 619 290
 554 458 505 609 437 381 512 252 270 123 281  22 227 584   8  13  19 194
 443 360 377 651 160 198  29 300 126 637 444 537 488 632  87 184  40 585
 462 650 221 367 451 612 344 359 594 655 100 487 522 217 387   6 210 545
 630 555 339 203 497  96 586 498  25 577 653 207 106 510 595 556 302 158
 147 411 598  32  84 137 289 514 212 600   4 225 282 573 250 127 343 550
 118 327 136 222  85 263 266 406 295 567 559 364 241 579 644 495 513  68
 316 129 341 399 347 233 649 173 168 455 355   9 618 196 591 232   0 356
 608 575  31 176 313 374 540 383 553 576 472  97 527 423 617 484 172 490
  28 337 549 493 441  34 642  42 439 569 277 264 274 410 460 303 185  73
 485  43 501 544 258 534 209 333 139 150 180 382 400 588  46 561 481 189
 190 500 564 640 438 546  36 448 306 468 254   2 186 299 328 255 471 372
 153 530 494 245 109 278 442 223 446 603 103 592 625 169 211 271  67 268
 320 616 259 385 144 629 332 257 275 506 633 470 304 547 610 353 229 563
 140 253  93 529 620 491 552 309 105 218  83  56  76 293 244  61 318 273
 110 582 220  38 143 457 226  59  94 463 417 157  75 195 435 204 181 492
 235 639  54 409 121 602  18 572 607] - 286294837
Solver: RVND, number of workers: 1
Setting feeder affinity
I am the master. There are 1 mpi processes. (hostname = gpu01)
Roots [<pyDF.nodes.Feeder object at 0x7ff88ff41ad0>]
Starting 0
Main loop
I am worker 0
GPU0
set random seed!
Initial: 286294837-[535  90 429  51 465  66 601 163   1 156 145 424 558  37 214  80 311 427
 433 395  58 627 170 548 308 516  62 297 531 161 413 502 571  74  72 654
 125  44 171 420  91 159 149 482 415  49 272 267 133 398 228 419  86 319
 503  60 432 430 323 631 401 407 165 285 543  64 375  23  24 342 645 269
 122  88 193 213 329 622 345 296 459 623 605 191 473 130  65 391 389 508
 111 562 520 369  63 421 593 138 456 525 321 325 464 119  92 183 447  41
 532  21 557 452 416 538 262 597 107 599 336 166 476 324 326  95 524 581
  81 201 154 392 294  15 403 393  11 151 199 536 179  52 219 265 370 568
 515 351  71  82 371 613 590 628 178 362 352 646 489 626 521 604   7 405
 533 291 425 509 231 523 283 104 587 236  16 528 507 334 580 380 331 243
 574 606 120  30   3 384 286 641 363 256  10 348 394 434  14 357 215 621
 312 496 652 292 202 354 247 483 187 216 643 365 350 224 175 330 477  77
 242 322 102 192 335 445 310 314 466 578 614 361 155 449 453 162 276 124
  89 115 469 486 422 539 301 478  98 499 307 205 114 542 132 467 305 388
 404 511 474 113 378 280 566 128 517  50 518 117 624 475 583 234 188  79
 379 479 338  27 315 551 560 112  20 635 239 636  48 541 174 298 346   5
 116 261  53 146  17 208  47 440 519 230 131 408 248 436  57 648 647 638
 152 260  39 287 526 412 101 135 373 358 461 164 237 246 454 414 376 450
  55 200 182 611  99 390 284 431 426 428  26 238 589 134 402 397 615 565
 251  69 418 197 504 141 317 396 142 349 288 340 167 634  45 386  35  70
  33 249 570 656 177 279 108 596 240 148  12 480 206 368 366  78 619 290
 554 458 505 609 437 381 512 252 270 123 281  22 227 584   8  13  19 194
 443 360 377 651 160 198  29 300 126 637 444 537 488 632  87 184  40 585
 462 650 221 367 451 612 344 359 594 655 100 487 522 217 387   6 210 545
 630 555 339 203 497  96 586 498  25 577 653 207 106 510 595 556 302 158
 147 411 598  32  84 137 289 514 212 600   4 225 282 573 250 127 343 550
 118 327 136 222  85 263 266 406 295 567 559 364 241 579 644 495 513  68
 316 129 341 399 347 233 649 173 168 455 355   9 618 196 591 232   0 356
 608 575  31 176 313 374 540 383 553 576 472  97 527 423 617 484 172 490
  28 337 549 493 441  34 642  42 439 569 277 264 274 410 460 303 185  73
 485  43 501 544 258 534 209 333 139 150 180 382 400 588  46 561 481 189
 190 500 564 640 438 546  36 448 306 468 254   2 186 299 328 255 471 372
 153 530 494 245 109 278 442 223 446 603 103 592 625 169 211 271  67 268
 320 616 259 385 144 629 332 257 275 506 633 470 304 547 610 353 229 563
 140 253  93 529 620 491 552 309 105 218  83  56  76 293 244  61 318 273
 110 582 220  38 143 457 226  59  94 463 417 157  75 195 435 204 181 492
 235 639  54 409 121 602  18 572 607]
Final time: 22.8982441425s - Best: 14308748-[535 532 531 529 523 533 530 524 522 525 526 527 521 520 519 477 478 479
 480 481 484 488 487 485 486 491 494 497 496 498 505 124 127 109  95  87
  88 108  94  89  83  76  82  96 100 107 111 106 112 122 143 153 150 158
 166 179 184 177 154 149 147 139 148 161 170 171 169 157 165 140 132 115
  98  97  91  93  84  74  77  73  68  63  41  39  36  33  32  35  45  44
  49  54  50  65  72  85 103 119 113  99  92  86  90  70  58  46  42  38
  37  34 469  31  25 440  23  26  27  30  55  69  59  57  52  48  40  28
  20  16  17  13  18  19 444 445 447 446 443 441 442 449 448 453 450 452
 451 454 458 464 462 463 466 468  43  47  51  62  56  67 483 471 472 482
 490 493 489 492 495 499 502 503 501 500 507 133 136 126 504 506 125 135
 152 160 174 193 203 205 212 216 222 245 265 273 258 266 280 297 296 302
 295 301 281 278 285 282 267 256 244 233 249 277 291 313 328 339 359 352
 363 366 368 374 376 379 384 394 403 407 412 413 425 419 424 431 423 401
 405 414 410 406 402 395 385 396 378 373 358 351 357 333 318 312 305 304
 311 327 326 320 310 300 276 270 252 268 260 251 247 241 232 254 275 287
 292 308 309 321 325 342 348 364 370 388 397 422 421 415 404 400 389 346
 340 361 347 341 345 335 322 307 317 323 324 334 303 299 293 288 264 263
 271 261 253 239 238 230 220 206 196 190 164 162 155 168 172 178 185 186
 180 181 191 195 197 198 199 209 217 218 234 240 248 236 225 215 221 227
 219 214 208 207 167 151 176 188 192 223 243 228 224 226 242 250 255 259
 284 272 274 283 286 314 315 332 362 367 353 344 338 329 316 336 319 330
 343 354 360 355 408 622 620 618 617 616 615 356 337 306 592 279 598 600
 607 610 606 605 601 595 596 591 582 578 574 573 577 576 583 584 585 588
 609 604 603 599 590 587 579 575 656 655 654 626 572 571 569 568 562 561
 564 560 565 563 558 555 557 551 543 549 550 554 553 548 547 544 545 546
 552 628 651 650 649 648 647 645 646 644 643 642 641 640 639 638 637 636
 630 629 631 632 633 634 635 536 534 537 538 539 540 541 542 512 513 516
 517 518 514 515 476 475 457 456 473 455 459 460 461 465 467 470  61  66
  71  80 105 121 104 120 118 114 102 101 116 128 129 130 137 142 156 163
 138 131 117 141   5   6  78  79  64  60  53   7   9   8   4   3   2   1
  10  11  12  24  21  14  15  22  29  75  81 110 123 146 134 144 145 508
 509 528 559 511 510 159 189 182 173 183 194 200 201 202 213 580 229 246
 257 581 586 589 608 597 594 602 611 612 619 625 624 427 426 393 381 383
 380 375 382 392 411 417 429 434 433 432 386 377 365 369 387 430 435 436
 439 437 420 438 416 399 371 390 409 391 398 372 298 290 262 289 269 237
 231 235 210 187 204 294 349 350 428 418 331 613 623 621 614 593 653 652
 627 566 556 567 570 211 175 474   0]
Value - initial: 286294837, final: 14308748, improveup: 20.0083778818

data-line;i;286294837;f;14308748;t;22.8982441425;c;-2;fv;[14308748L];cv;-1;imp;20.0083778818;type;rvnd;inum;5;w;1

time;22.8982441425;man_time;0;neigh_time;0
man_time;0;man_merge_sol;0;man_best_sol;0;man_combine_sol;0

Waiting [0]
Terminating workers True 0 0
MPI TERMINATING
