pydf_home: /home/rodolfo/git/Sucuri
simple_pycuda_home: /home/rodolfo/git/simple-pycuda
wamca2016path: /home/rodolfo/git/wamca2016/
localpath: /home/rodolfo/git/dvnd-df/code/dvnd-df/src/
WAMCAPATH:/home/rodolfo/git/wamca2016/
param: {solution_index:4, solution_instance_index:28, multi_gpu:True, goal:False, problem_name:ml, number_of_moves:10, device_count:2, solver:rvnd, mpi_enabled:True, workers:1}
Using already created file:  wamca2016lib.so
Size: 501 - file name: 05_TRP-S500-R1.tsp

Value - initial: 33187040-[172 233 315 475 347 252  38 216 234 435 106 101  82 243 306 184 361 166
 356 460 262   5 329  80 305  45 308  73 457 405 487  79 468 484 296 271
   2 476 380 362 108 350 406  24 411 295  68 419 335  72 183 334 456 469
 438  71 304 111 421 107 442 159 280 364  31 112  25 104 119 494 207   9
 474 272 436 146  10 341 417 130  36 493 169 353 403 428  77 351 263 148
  11 412 429  28 224 236 269 197 110 205 423 345 482  85  74 365 455 404
 102  33  99 279 416 194 273 266 152 319 310  87 277   3 325 199  40  29
  54  83 268 402  98 149 418 300 433 394  35 400 339  66 164 307 196 170
 209 239 480 390 388 223 407  91  17 113 395 267 333 132 391 446 139  20
 434  55 312 124 441 261  92 386 426 226 178 368 317 165 343 260 326 472
 420 500 425 211  34 473 359 373 249 287 483 370 389 195  19 332 257 415
 248 320 203  93 220 157 422 214 358 161 298 133 255 237 232  69 495 470
 191 125 346 471 188 222 256 285 385 115 283 117 258 231 200 374 284 382
  32 244 168 128 246  90 447 163 448 251 180 270 461 414   1 424  46  14
 225  57 265 443 479  95 387 377 259 254 324 485 327 360 314 218 496 489
 302 181  97 145 497 383   7 118 242 397 135 275  88  15 154  27 201  22
 465 499 318 126 137 131  81 313 453 444 143 134 432 177 399 478  60 366
 103 123 221 109 142 309 241 490 228 116 467 240 174 401 206  94  76 153
  89  56 120  63 413  84 492 193  16 238  26 286 430 381 321 375 357 301
  50 311 182 204 427 140  23  48  21  96 160 141 410 331 187 179 328 175
 105 337 355 264 498 322 363   4 176  41 282 114  67 367 477 171 342 354
  65 336 229  42 167  37  53 338 392 278 372 129  64  13 398 384 440 235
 303 378 294  52  18 488 344  30 162 491 281 316 450   6  62   8  43  51
 288  75 210 185 138 458 217 230 247 409 330 464 376 439 466 352 291 396
 190 158 459 481 198 253 274 155 408 299 371 215 250 449  47  86 323 100
 276 462 293 297 431  39  58 173 147 189  12 349 290  49 486 192 122 150
  61 289  44 186  59  70 144 202 156 454 445 292 379 208 212 340 136   0
 245 227 219 121 127 369 437 451 463  78 452 213 348 151 393] - 33187040
Solver: RVND, number of workers: 1
Setting feeder affinity
I am the master. There are 1 mpi processes. (hostname = gpu01)
Roots [<pyDF.nodes.Feeder object at 0x7f23b34f8ad0>]
Starting 0
Main loop
I am worker 0
GPU0
set random seed!
Initial: 33187040-[172 233 315 475 347 252  38 216 234 435 106 101  82 243 306 184 361 166
 356 460 262   5 329  80 305  45 308  73 457 405 487  79 468 484 296 271
   2 476 380 362 108 350 406  24 411 295  68 419 335  72 183 334 456 469
 438  71 304 111 421 107 442 159 280 364  31 112  25 104 119 494 207   9
 474 272 436 146  10 341 417 130  36 493 169 353 403 428  77 351 263 148
  11 412 429  28 224 236 269 197 110 205 423 345 482  85  74 365 455 404
 102  33  99 279 416 194 273 266 152 319 310  87 277   3 325 199  40  29
  54  83 268 402  98 149 418 300 433 394  35 400 339  66 164 307 196 170
 209 239 480 390 388 223 407  91  17 113 395 267 333 132 391 446 139  20
 434  55 312 124 441 261  92 386 426 226 178 368 317 165 343 260 326 472
 420 500 425 211  34 473 359 373 249 287 483 370 389 195  19 332 257 415
 248 320 203  93 220 157 422 214 358 161 298 133 255 237 232  69 495 470
 191 125 346 471 188 222 256 285 385 115 283 117 258 231 200 374 284 382
  32 244 168 128 246  90 447 163 448 251 180 270 461 414   1 424  46  14
 225  57 265 443 479  95 387 377 259 254 324 485 327 360 314 218 496 489
 302 181  97 145 497 383   7 118 242 397 135 275  88  15 154  27 201  22
 465 499 318 126 137 131  81 313 453 444 143 134 432 177 399 478  60 366
 103 123 221 109 142 309 241 490 228 116 467 240 174 401 206  94  76 153
  89  56 120  63 413  84 492 193  16 238  26 286 430 381 321 375 357 301
  50 311 182 204 427 140  23  48  21  96 160 141 410 331 187 179 328 175
 105 337 355 264 498 322 363   4 176  41 282 114  67 367 477 171 342 354
  65 336 229  42 167  37  53 338 392 278 372 129  64  13 398 384 440 235
 303 378 294  52  18 488 344  30 162 491 281 316 450   6  62   8  43  51
 288  75 210 185 138 458 217 230 247 409 330 464 376 439 466 352 291 396
 190 158 459 481 198 253 274 155 408 299 371 215 250 449  47  86 323 100
 276 462 293 297 431  39  58 173 147 189  12 349 290  49 486 192 122 150
  61 289  44 186  59  70 144 202 156 454 445 292 379 208 212 340 136   0
 245 227 219 121 127 369 437 451 463  78 452 213 348 151 393]
Final time: 9.01954483986s - Best: 1945184-[172 335 213 286 337 341 414 219 118 261 319 383  28 182  45 347  60 324
 162 311 450 369 377 488   2 168 170  50  26 189 418  64 143 259 125 398
 110  85 476 267 188 289  34 371 456 465  24 462 283  11  23 107  53 153
 400 424 315 173 323 374 498 397 429 493 461 241 495  56 361 423 399 442
 234 242 500 194  13 379  35 124 277 352 326 210  87  81 362  62 420 266
  76 394 195 436  38 146 174 364  71 232  88 193 112 142 236 356   5 246
  39 111   7 445 339  59  83 486  41 469  32 217  84  80 463  48 113 169
 121 198 287 353 321 258 106 135 164 360 310 390   8 149 224 282 276 171
 444  91 123 413  21 278 202 299 292 185  55 309  43 285 163  42 453 140
 251 372 196 328 297 263 137 279 349 387  89  12 275 307 155 466  93  99
 203 281  69 265 238 381 457 226 239 129 439 160 403  16 411 447 215 204
 109 208 216 380 301 330  44 373 179 344 116  19 243 451 233 211 479 460
 102  94 332 386 336 268 308  72 212 302 293 306 304  14 484 161 391 412
 473 187  90 354  95 255 190 448 485 141 207 365 487  25 254  57 367 435
 455 392 147 405 108 151 334 428 355 145 257  46 249 231 375 256 127 314
 401 130  37 491  27 101 490 264 220 214 483 331 105  10 378 240 103 132
 359 408 427  74 318 409 176 480 300 384 114  17   1 144  40 252 357 206
  58 406 343 433 100  77 396 180  47  29 389 209 499  33 351 305 481 117
 167 393 273 434  36 119 459 178   4 223 284 329  54 128  20 294 402 253
 156 407 269 191 165 291 432 449 350 415 338 295 131 247 316 115 471 228
 159 225 441 244 446 474 482   9 454 472 199 122 340 443 260 205 126 250
 426 312  75 333 227 274 388  68 370 245 298 133 492 363 186  98 166 222
 150 271  63 229 489 296 280  61 192  86 376 139 272 104 313 317 478 270
   0  18 452 235 303 348  78 417  73 262 395 152 438   6 248  52 237  97
  79 475 404 157 201 467 430 288 494 218 120 322 477 148  49 366  65 440
  15  96 177 138 385 175 410  30 458 134  51 197  31 368 497  67 325 496
 421 221 345 416 358 431 419 382 181  82 346 468 230 158 464 154 184 422
 437 183  22 200 470 136   3  92  66 425 342 327 320  70 290]
Value - initial: 33187040, final: 1945184, improveup: 17.0611314919

data-line;i;33187040;f;1945184;t;9.01954483986;c;-2;fv;[1945184L];cv;-1;imp;17.0611314919;type;rvnd;inum;4;w;1

time;9.01954483986;man_time;0;neigh_time;0
man_time;0;man_merge_sol;0;man_best_sol;0;man_combine_sol;0

Waiting [0]
Terminating workers True 0 0
MPI TERMINATING
