pydf_home: /home/rodolfo/git/Sucuri
simple_pycuda_home: /home/rodolfo/git/simple-pycuda
wamca2016path: /home/rodolfo/git/wamca2016/
localpath: /home/rodolfo/git/dvnd-df/code/dvnd-df/src/
WAMCAPATH:/home/rodolfo/git/wamca2016/
param: {solution_index:4, solution_instance_index:77, multi_gpu:True, goal:False, problem_name:ml, number_of_moves:10, device_count:2, solver:rvnd, mpi_enabled:True, workers:1}
Using already created file:  wamca2016lib.so
Size: 501 - file name: 05_TRP-S500-R1.tsp

Value - initial: 32535446-[298 331 322 443 124 194 110 376 334  73  53 476 259 273 204 212 272 498
 174 335  94  90 146 162 321  33 235 446 491 429  42 158 449 404 434 166
  37 412 290  68 191 179 111 484 116  71 242 263 274 423 141 435 457  63
  26 112 346 190  67 482 451 183 361 425 342 325 286 459 271 378 143 193
 304  78 399 364  87 262 488 257 276 370 165 470 137 315 133  99 450 496
 284 171 155 305 312  85 253 310  55 437 493  25 355 385 439 151 297 195
 269  65 336  36 318 102  56 442  83 381 396 417 339  11 454 313 266  39
   3 455  52 406 192 125 164 161 228 478 389 418 366 180  79 398  92 280
 303 281  17  40 317 294 350 234 407 492 500 198 283 436 486 208 432 311
 247 117 268 490 216 250  32 330  76  59 282 327 101 452 201 103 348 109
  30   0 130 413 251  97 426 175 441 231 343 420 473   5 296 106  66 241
 393 408 369 471  20 178   6 184 447 444 387 433 358 135 145 392 365 372
 170 240 163 149 328 291 353 288 173 223  98 460 187 333 421  10 363 148
 252 260 469 474 367  72 499 377 289 134 230  89 237 344 172 287 338 222
  21 279 430 302 244 107 314 438 462 167  23 497 205 319 218 224  57 352
 456  27 120 104 494  70 419  18 209 199 347 362 200 236 182 138 152 386
 388 123  24 359 465 177 402 357 463 483 211 131 467 416 147 424  69 270
 453 349 373  34 203 382 207  91  74 153 379 114 320 324 411  48  28 261
 495 295 220 427 245  16 156  75 168 128 391 475  86 326 118 122  88 127
  84 238  96 140 227 332 395 405  93 144 403 254 275 466  62  15 129  29
 472 299 414  13 159  80 160   4 258 229 214 479 481 308 248 345  41 197
 232 300 119 277 380  38 113 458 139 278  14 356 431 132 217 215  81 464
 292 226 448  58 374 256 219  64 428 264   2 239   8 126   9 246 306 309
 390 383 477  45 351 360  54 186  43 169 415 202 188 233 108 489  47 307
   7 189 221 176 400 480 323  12 243 329 487  82 206 154  77  44  35 375
 196 115   1 225 136 316 394 267 293 354 397 485 121 249 461 150 210 213
 440  46 410  31  22 285  51 142 255 371  49  19 185  61 384 401  95 409
 301 341 157 422 445 368 265 181 468 100 337 340  50 105  60] - 32535446
Solver: RVND, number of workers: 1
Setting feeder affinity
I am the master. There are 1 mpi processes. (hostname = gpu01)
Roots [<pyDF.nodes.Feeder object at 0x7f28868f1ad0>]
Starting 0
Main loop
I am worker 0
GPU0
set random seed!
Initial: 32535446-[298 331 322 443 124 194 110 376 334  73  53 476 259 273 204 212 272 498
 174 335  94  90 146 162 321  33 235 446 491 429  42 158 449 404 434 166
  37 412 290  68 191 179 111 484 116  71 242 263 274 423 141 435 457  63
  26 112 346 190  67 482 451 183 361 425 342 325 286 459 271 378 143 193
 304  78 399 364  87 262 488 257 276 370 165 470 137 315 133  99 450 496
 284 171 155 305 312  85 253 310  55 437 493  25 355 385 439 151 297 195
 269  65 336  36 318 102  56 442  83 381 396 417 339  11 454 313 266  39
   3 455  52 406 192 125 164 161 228 478 389 418 366 180  79 398  92 280
 303 281  17  40 317 294 350 234 407 492 500 198 283 436 486 208 432 311
 247 117 268 490 216 250  32 330  76  59 282 327 101 452 201 103 348 109
  30   0 130 413 251  97 426 175 441 231 343 420 473   5 296 106  66 241
 393 408 369 471  20 178   6 184 447 444 387 433 358 135 145 392 365 372
 170 240 163 149 328 291 353 288 173 223  98 460 187 333 421  10 363 148
 252 260 469 474 367  72 499 377 289 134 230  89 237 344 172 287 338 222
  21 279 430 302 244 107 314 438 462 167  23 497 205 319 218 224  57 352
 456  27 120 104 494  70 419  18 209 199 347 362 200 236 182 138 152 386
 388 123  24 359 465 177 402 357 463 483 211 131 467 416 147 424  69 270
 453 349 373  34 203 382 207  91  74 153 379 114 320 324 411  48  28 261
 495 295 220 427 245  16 156  75 168 128 391 475  86 326 118 122  88 127
  84 238  96 140 227 332 395 405  93 144 403 254 275 466  62  15 129  29
 472 299 414  13 159  80 160   4 258 229 214 479 481 308 248 345  41 197
 232 300 119 277 380  38 113 458 139 278  14 356 431 132 217 215  81 464
 292 226 448  58 374 256 219  64 428 264   2 239   8 126   9 246 306 309
 390 383 477  45 351 360  54 186  43 169 415 202 188 233 108 489  47 307
   7 189 221 176 400 480 323  12 243 329 487  82 206 154  77  44  35 375
 196 115   1 225 136 316 394 267 293 354 397 485 121 249 461 150 210 213
 440  46 410  31  22 285  51 142 255 371  49  19 185  61 384 401  95 409
 301 341 157 422 445 368 265 181 468 100 337 340  50 105  60]
Final time: 4.296407938s - Best: 1939910-[298 245 274 370  68 308  72 268 336 386 332  94 102 460 479 211 233 451
 301 330  44 373 179 116 344 137 263 297 328 196 372 309  55 185 202 299
 292 313 104 272 139 376  86 192 224 149   8 390 310 320 327 400 153  53
 107  23 283  11 314 401  24 465 462 442 399 424 315 173 323 374 498 397
 429 493 461 241 495  56 361 437 422 346  76 394 195 436  38 146 174 364
  71 464 339  59  83   7 445 111  39 246   5 356 236 142 112 193  88 419
 382 431 181  82 358 416 345 221 421  81  87 210 326 352 277 124  35 379
  13 194 500 242 234 456 371  34 289 188 267 476 491  27 101 490 264 220
  85 110 398 125 259 143  64 418  66 162 324 311 450 369 377 488   2 168
  50 170  92 131 295 338 415 350 247 316 115 471 228 159 225 441 244  37
 130 446 474 127 482   9 454 231 375 256 342 249  46 257 145 355 428 334
 151 205 126 250 227 333  75 161 484 391 412 473 187  90 207 365 487  25
 467 201 157 404  57 367 435 165 291 432 269 191 407 156 253 402 294  20
 128  54 329 284 223   4 459 119  36 434 273 393 167 117 481 305 351  28
 182  45 347  60 383 319  33 136 470 200 335 172 213 286 337 341 414 219
 261 118 100  77 396 433 343 406  58 206  40 252 357 180 389  29  47 214
 483 331 105  10 378 240 103 132 359 408 427  74 318 497 176 409   1  17
 114 384 300 480  67 325 362  62 420 266 468 230 154 184 106 135 258 321
 353 287 198 121 169 113  48 486  41 469  32 217  84  80 463 276 282 171
 444  91 123 413  21 278  43 285 163  42 453 140 251 349 279 387  89  12
 275  70 307 155 466 281 203  93  99 290  69 265 238 381 457 226 239 129
 439 160 403  16 411 447 215 204 109 208 380 216 152 438  52 248   6 302
 212 293 306 388 395 262  73 417  78 348 303 235 452  18   0 270 478 317
 280 296 489 229  63 271 150 222 166  98 186 363 492 133 426 392 147 405
 455 254 475 354 141 485 448  95 190 255 288 430 494 218 177  96  15 440
  49 120 322 477 148 366  65 138 385 175 410  30 178   3  26 189 425 197
  51 449 458 134 122 199 472 340 443 260 108 312  79  97 237 304  14 243
  19  61 360 164 158 232 496 368  31 183 209 499  22 144 423]
Value - initial: 32535446, final: 1939910, improveup: 16.7716265188

data-line;i;32535446;f;1939910;t;4.296407938;c;-2;fv;[1939910L];cv;-1;imp;16.7716265188;type;rvnd;inum;4;w;1

time;4.296407938;man_time;0;neigh_time;0
man_time;0;man_merge_sol;0;man_best_sol;0;man_combine_sol;0

Waiting [0]
Terminating workers True 0 0
MPI TERMINATING
