pydf_home: /home/rodolfo/git/Sucuri
simple_pycuda_home: /home/rodolfo/git/simple-pycuda
wamca2016path: /home/rodolfo/git/wamca2016/
localpath: /home/rodolfo/git/dvnd-df/code/dvnd-df/src/
WAMCAPATH:/home/rodolfo/git/wamca2016/
param: {solution_index:7, solution_instance_index:66, multi_gpu:True, goal:False, problem_name:ml, number_of_moves:10, device_count:2, solver:rvnd, mpi_enabled:True, workers:1}
Using already created file:  wamca2016lib.so
Size: 1001 - file name: 08_TRP-S1000-R1.tsp

Value - initial: 129726959-[330 145 583 ..., 400 404 856] - 129726959
Solver: RVND, number of workers: 1
Setting feeder affinity
I am the master. There are 1 mpi processes. (hostname = gpu01)
Roots [<pyDF.nodes.Feeder object at 0x7fb049546ad0>]
Starting 0
Main loop
I am worker 0
GPU0
set random seed!
Initial: 129726959-[330 145 583 ..., 400 404 856]
Final time: 39.0559279919s - Best: 5516752-[330 441 641 ..., 509 241 154]
Value - initial: 129726959, final: 5516752, improveup: 23.5150971079

data-line;i;129726959;f;5516752;t;39.0559279919;c;-2;fv;[5516752L];cv;-1;imp;23.5150971079;type;rvnd;inum;7;w;1

time;39.0559279919;man_time;0;neigh_time;0
man_time;0;man_merge_sol;0;man_best_sol;0;man_combine_sol;0

Waiting [0]
Terminating workers True 0 0
MPI TERMINATING
