pydf_home: /home/rodolfo/git/Sucuri
simple_pycuda_home: /home/rodolfo/git/simple-pycuda
wamca2016path: /home/rodolfo/git/wamca2016/
localpath: /home/rodolfo/git/dvnd-df/code/dvnd-df/src/
WAMCAPATH:/home/rodolfo/git/wamca2016/
param: {solution_index:2, solution_instance_index:16, multi_gpu:True, goal:False, problem_name:ml, number_of_moves:10, device_count:2, solver:rvnd, mpi_enabled:True, workers:1}
Using already created file:  wamca2016lib.so
Size: 226 - file name: 03_pr226.tsp

Value - initial: 203860985-[ 31 203  76 178 108  24  97 172  10 188 214 116 138   5 205  71  29  55
 127  77  90   8 209  21 173 168  18  99  19  30  70  36 194  86  93 140
 110  72  22 163 197  41 124 151   0  37  17 223  35 102 199  53  62  78
 162 206 107  64  80 156 121 212 201 142 220 113   1  44 182  23 122  11
  48 129 186 150 202 126 128  33 225  45  95  69 179 139 117  60  49 160
 195  34 141 196 200  16 125  66 111 167  12  88 145 190 157 176 193  47
 177 175  26 114 185  81 149  40   3  54 224  61  20  73  13 100 218 169
   9  67 153  14  79  25 112 208 118 181   6 217 174 144 171  51 207 115
  75 119 130 106 221 155  89  74 101 183  59  68 109  50 213   7 123  83
  63 219 143  52 135 133  56 120 161 170 210  46  58  98  57 134  94 187
 137  92 211 191 131 222  42 180  38 164  65 154   4  96  85 104  15  82
 152  43  32  87 148 132  91 165 184 146 204 136 159   2  84 192 103  28
  39 216 215  27 198 147 189 166 105 158] - 203860985
Solver: RVND, number of workers: 1
Setting feeder affinity
I am the master. There are 1 mpi processes. (hostname = gpu01)
Roots [<pyDF.nodes.Feeder object at 0x7f5e105ccad0>]
Starting 0
Main loop
I am worker 0
GPU0
set random seed!
Initial: 203860985-[ 31 203  76 178 108  24  97 172  10 188 214 116 138   5 205  71  29  55
 127  77  90   8 209  21 173 168  18  99  19  30  70  36 194  86  93 140
 110  72  22 163 197  41 124 151   0  37  17 223  35 102 199  53  62  78
 162 206 107  64  80 156 121 212 201 142 220 113   1  44 182  23 122  11
  48 129 186 150 202 126 128  33 225  45  95  69 179 139 117  60  49 160
 195  34 141 196 200  16 125  66 111 167  12  88 145 190 157 176 193  47
 177 175  26 114 185  81 149  40   3  54 224  61  20  73  13 100 218 169
   9  67 153  14  79  25 112 208 118 181   6 217 174 144 171  51 207 115
  75 119 130 106 221 155  89  74 101 183  59  68 109  50 213   7 123  83
  63 219 143  52 135 133  56 120 161 170 210  46  58  98  57 134  94 187
 137  92 211 191 131 222  42 180  38 164  65 154   4  96  85 104  15  82
 152  43  32  87 148 132  91 165 184 146 204 136 159   2  84 192 103  28
  39 216 215  27 198 147 189 166 105 158]
Final time: 4.97496390343s - Best: 7488234-[ 31  32  47  44  45  46  94  86  88  95  96  87  89  97  98  90  91  99
 100  92  93 101 136 143 145 137 138 144 146 139 140 148 147 141 142 149
 154 155 156 157 158 159 160 161 162 163 164 165 166 167 168 169 170 171
 172 173 174 175 176 177 178 179 180 181 182 183 184 185 186 187 188 189
 190 191 192 193 194 195 196 197 198 199 200 201 202 203 204 205 206 207
 208 209 210 211 212 213 214 215 216 217 218 219 220 221 222 223 224 225
 124 131 129 123 122 130 128 121 120 126 127 119 118 125 117 109 108 116
 115 107 106 114 113 105 103 112 111 104 102 110  69  68  67  70  12  11
  10   7   1   2   3   4   5   6   8   9  13  14  15  16  17  18  64  63
  62  61  60  59  58  57  56  55  54  53  52  51  50  49  21  22  23  24
  25  26  27  28  29  33  34  30  35  36  37  38  41  42  43  48  20  19
  66  71   0  72  73  74  75  76  77  78  79  80  81  82  83  84  85  65
 132 133 134 135 150 151 152 153  40  39]
Value - initial: 203860985, final: 7488234, improveup: 27.2241739508

data-line;i;203860985;f;7488234;t;4.97496390343;c;-2;fv;[7488234L];cv;-1;imp;27.2241739508;type;rvnd;inum;2;w;1

time;4.97496390343;man_time;0;neigh_time;0
man_time;0;man_merge_sol;0;man_best_sol;0;man_combine_sol;0

Waiting [0]
Terminating workers True 0 0
MPI TERMINATING
