pydf_home: /home/rodolfo/git/Sucuri
simple_pycuda_home: /home/rodolfo/git/simple-pycuda
wamca2016path: /home/rodolfo/git/wamca2016/
localpath: /home/rodolfo/git/dvnd-df/code/dvnd-df/src/
WAMCAPATH:/home/rodolfo/git/wamca2016/
param: {solution_index:7, solution_instance_index:14, multi_gpu:True, goal:False, problem_name:ml, number_of_moves:10, device_count:2, solver:rvnd, mpi_enabled:True, workers:1}
Using already created file:  wamca2016lib.so
Size: 1001 - file name: 08_TRP-S1000-R1.tsp

Value - initial: 127233538-[718 513 571 ..., 706 772 526] - 127233538
Solver: RVND, number of workers: 1
Setting feeder affinity
I am the master. There are 1 mpi processes. (hostname = gpu01)
Roots [<pyDF.nodes.Feeder object at 0x7f5a795f0ad0>]
Starting 0
Main loop
I am worker 0
GPU0
set random seed!
Initial: 127233538-[718 513 571 ..., 706 772 526]
Final time: 28.3877160549s - Best: 5595967-[718 168 637 ..., 445 527 766]
Value - initial: 127233538, final: 5595967, improveup: 22.7366490903

data-line;i;127233538;f;5595967;t;28.3877160549;c;-2;fv;[5595967L];cv;-1;imp;22.7366490903;type;rvnd;inum;7;w;1

time;28.3877160549;man_time;0;neigh_time;0
man_time;0;man_merge_sol;0;man_best_sol;0;man_combine_sol;0

Waiting [0]
Terminating workers True 0 0
MPI TERMINATING
