pydf_home: /home/rodolfo/git/Sucuri
simple_pycuda_home: /home/rodolfo/git/simple-pycuda
wamca2016path: /home/rodolfo/git/wamca2016/
localpath: /home/rodolfo/git/dvnd-df/code/dvnd-df/src/
WAMCAPATH:/home/rodolfo/git/wamca2016/
param: {solution_index:2, solution_instance_index:45, multi_gpu:True, goal:False, problem_name:ml, number_of_moves:10, device_count:2, solver:rvnd, mpi_enabled:True, workers:1}
Using already created file:  wamca2016lib.so
Size: 226 - file name: 03_pr226.tsp

Value - initial: 196682907-[201  87 223  33 147 161 113 210 126 146  63  38 153 180  20  21 202   5
 131 144 111  12  32  89 206  22 196 179   4 185  90  19  48 154 101  65
  14 194  15 103  52 181 143 193  50  41  95  98  28 164  36  56  66 225
   9 109  80 184  61   6 125  54 204 212 127 217 209  73 149 218 121  39
 182  81 200  57  40  62 198  64  13 173   0  35  43 129 197 189 211 122
 175  70 106 159 108  59  85 158 123  60 172  55  72  99  91 165 119 155
 166 168  37  58 178 216  31 221 205 160 105 224  27  45  96  16  94  67
 208 171  69   7 222  10 145 135 176  24 190 203 128 148  78 115 142 124
 136 213 169 177  86 156 116 134 215  97   2 110 199 138  88  79 163 117
 183  26 118 120  83 188 139  68  75 187 104  47 192 174 220  23 170 112
   1  30 191 133  44 137  76 150 107 152  49 114  17 157  84 130  29 167
  42 207  92 132   3  77 195 219 151 100  82  18  53 140  71  74 141   8
 162 214  11 186  25  46 102  93  51  34] - 196682907
Solver: RVND, number of workers: 1
Setting feeder affinity
I am the master. There are 1 mpi processes. (hostname = gpu01)
Roots [<pyDF.nodes.Feeder object at 0x7fa50b74fad0>]
Starting 0
Main loop
I am worker 0
GPU0
set random seed!
Initial: 196682907-[201  87 223  33 147 161 113 210 126 146  63  38 153 180  20  21 202   5
 131 144 111  12  32  89 206  22 196 179   4 185  90  19  48 154 101  65
  14 194  15 103  52 181 143 193  50  41  95  98  28 164  36  56  66 225
   9 109  80 184  61   6 125  54 204 212 127 217 209  73 149 218 121  39
 182  81 200  57  40  62 198  64  13 173   0  35  43 129 197 189 211 122
 175  70 106 159 108  59  85 158 123  60 172  55  72  99  91 165 119 155
 166 168  37  58 178 216  31 221 205 160 105 224  27  45  96  16  94  67
 208 171  69   7 222  10 145 135 176  24 190 203 128 148  78 115 142 124
 136 213 169 177  86 156 116 134 215  97   2 110 199 138  88  79 163 117
 183  26 118 120  83 188 139  68  75 187 104  47 192 174 220  23 170 112
   1  30 191 133  44 137  76 150 107 152  49 114  17 157  84 130  29 167
  42 207  92 132   3  77 195 219 151 100  82  18  53 140  71  74 141   8
 162 214  11 186  25  46 102  93  51  34]
Final time: 3.07580399513s - Best: 7273093-[201 202 203 204 205 206 207 208 209 210 211 212 213 214 215 216 217 218
 219 220 221 222 223 224 225 200 199 198 197 196 195 194 193 192 191 190
 189 188 187 186 185 184 183 182 181 180 179 178 177 176 175 174 173 172
 171 170 169 168 167 166 165 164 163 162 161 160 159 158 157 156 155 154
 153 152 151 150 149 142 141 147 148 140 139 146 144 138 137 145 143 136
  93  92  91  90  89  87  88  86  94  95  96  97  98  99 100 101 135 134
 133 132 131 124 123 129 130 122 121 128 126 120 119 127 125 118 109 117
 116 108 107 115 114 106 105 113 112 103 104 111 102 110  85  84  83  82
  81  80  79  78  77  76  75  74  73  72   0   1   2   3   4   5   6   7
   8   9  13  14  15  10  11  12  70  67  68  66  16  17  18  64  63  62
  61  60  59  58  57  56  55  54  53  52  51  50  49  21  22  23  24  25
  26  28  29  33  34  30  31  32  47  35  44  43  36  37  38  41  42  46
  45  48  27  20  19  65  69  71  40  39]
Value - initial: 196682907, final: 7273093, improveup: 27.0425398108

data-line;i;196682907;f;7273093;t;3.07580399513;c;-2;fv;[7273093L];cv;-1;imp;27.0425398108;type;rvnd;inum;2;w;1

time;3.07580399513;man_time;0;neigh_time;0
man_time;0;man_merge_sol;0;man_best_sol;0;man_combine_sol;0

Waiting [0]
Terminating workers True 0 0
MPI TERMINATING
