pydf_home: /home/rodolfo/git/Sucuri
simple_pycuda_home: /home/rodolfo/git/simple-pycuda
wamca2016path: /home/rodolfo/git/wamca2016/
localpath: /home/rodolfo/git/dvnd-df/code/dvnd-df/src/
WAMCAPATH:/home/rodolfo/git/wamca2016/
param: {solution_index:5, solution_instance_index:79, multi_gpu:True, goal:False, problem_name:ml, number_of_moves:10, device_count:2, solver:rvnd, mpi_enabled:True, workers:1}
Using already created file:  wamca2016lib.so
Size: 657 - file name: 06_d657.tsp

Value - initial: 280659334-[ 32  68 273  72 189 380 436 619 190 549 308 336 463 596 474 123 590 162
 526 359 598 437 120 414 478 329 311 533 139 568 565 393 576 654 328 599
 505  33 564 555 444 375 593 557 459 400   6 528 369 223 361  69 293 520
  49 287 571 263 473 418 540  17 562 281 243 135 382 322 616 553 204 611
 637 563 445 455 283 302 503 108 417 212 367 583 577 574 572 431  47 514
 602 472 171 649 567  22 220 419 519 378 246 309 372 641 589 175 101 586
   9 208  42 315  24 450 118 261 267  57  39 225  21 609 634  38  46 325
 492  56 523 488 114 381 300 439 365 172 363 632  63 346  35   7 143  10
  31 476  95 443 200  55  76 630 232 608 280 211 513 340  81  90 166 601
 270  80 307 407 244 580  58 258 355  48 154  18 249 581 128 628 612 264
 157 134 320 537  99 288 644 163 304 115   1 238 448 274  15 429 197 151
 341 617  64 390 403 570 643 360 228 277  93 142 386  13  30  94 222 629
 475  16  28 468 470 387 411 305 233 256 651 460 314 158  52 133 435 260
 410 506  70 373 215  85 442 357 440 642 227 152 230 591 136 457 366 498
 516 536 286 446 605   8 395 399 349 159  36 122 481 427 332 257   2 485
 289 344 236 109 633  84 532 635 185  41 394  14 313 191 546  71 578 265
 364 111 272 239 284 199 614 655  20 424 350 404 575 531 318 121  82 508
  50 102 656 541 385  59 100 193 397 247 205  98 653 218  79 368 117 131
 493 582 323 235 196 301  73 321 182 426 164 203 453 276 501  40 155 430
 170 126 458 279 105  87 177 269 253 409 490 210 441 303 219  44 290 489
 294  96 620 524 551 530 388 425 509 169 119 627 544 615 216 141 639 585
 316  61 613 224 548 144 240 324 518 234  66 140 467 127  89 607 384 515
 107  45 330 326 412  91  23 588 110 554 621 181 149 106  88 297 116 408
 561 345 354 285  92 192 161 552 389 255 545 573 587 291 229 186 405 466
 469 464 310 282  67 527 275 292 416 522 146 487 398 112  75 434 103 569
 201  27 319 535 339 500 195 176 415 511 165 584 645  34 402 592 180 618
 174 646 480 491 438 353 198 413 150 521 559 391 374 603 595 295  86 432
 370 494 245 401 433 482  43 188 124 534 217 650  19  97 356 137 248  78
 396 406 422 465 271 254 579 538   4 298  11 638 347 160 456 648   0 497
 647 625 529 479 462 550 379 187 130  54 147 250 461 252 214 317 327 606
 348 259 560 543 296 449 251 125 335 168 338 156  53 358 539  29 566 194
 512 331 333 278  62 376 343 173 631 626 334 202 167 600 604 623 129 640
 477 383 206 556 428 504 622 148 231 312 525 471 392 207 594 138 266 558
 652 362 420 179 377 507 452 337 451 351  51  26 113 352 610 178 268 483
 306 423 342 502 209 624 145  37 132 597 153 447 486 547   3  12 495 241
 484 221  60 499  77  83  65 496  25 299 237 226 542 213 183 517 371   5
 454 184 262 636 510  74 242 421 104] - 280659334
Solver: RVND, number of workers: 1
Setting feeder affinity
I am the master. There are 1 mpi processes. (hostname = gpu01)
Roots [<pyDF.nodes.Feeder object at 0x7fb87fc6dad0>]
Starting 0
Main loop
I am worker 0
GPU0
set random seed!
Initial: 280659334-[ 32  68 273  72 189 380 436 619 190 549 308 336 463 596 474 123 590 162
 526 359 598 437 120 414 478 329 311 533 139 568 565 393 576 654 328 599
 505  33 564 555 444 375 593 557 459 400   6 528 369 223 361  69 293 520
  49 287 571 263 473 418 540  17 562 281 243 135 382 322 616 553 204 611
 637 563 445 455 283 302 503 108 417 212 367 583 577 574 572 431  47 514
 602 472 171 649 567  22 220 419 519 378 246 309 372 641 589 175 101 586
   9 208  42 315  24 450 118 261 267  57  39 225  21 609 634  38  46 325
 492  56 523 488 114 381 300 439 365 172 363 632  63 346  35   7 143  10
  31 476  95 443 200  55  76 630 232 608 280 211 513 340  81  90 166 601
 270  80 307 407 244 580  58 258 355  48 154  18 249 581 128 628 612 264
 157 134 320 537  99 288 644 163 304 115   1 238 448 274  15 429 197 151
 341 617  64 390 403 570 643 360 228 277  93 142 386  13  30  94 222 629
 475  16  28 468 470 387 411 305 233 256 651 460 314 158  52 133 435 260
 410 506  70 373 215  85 442 357 440 642 227 152 230 591 136 457 366 498
 516 536 286 446 605   8 395 399 349 159  36 122 481 427 332 257   2 485
 289 344 236 109 633  84 532 635 185  41 394  14 313 191 546  71 578 265
 364 111 272 239 284 199 614 655  20 424 350 404 575 531 318 121  82 508
  50 102 656 541 385  59 100 193 397 247 205  98 653 218  79 368 117 131
 493 582 323 235 196 301  73 321 182 426 164 203 453 276 501  40 155 430
 170 126 458 279 105  87 177 269 253 409 490 210 441 303 219  44 290 489
 294  96 620 524 551 530 388 425 509 169 119 627 544 615 216 141 639 585
 316  61 613 224 548 144 240 324 518 234  66 140 467 127  89 607 384 515
 107  45 330 326 412  91  23 588 110 554 621 181 149 106  88 297 116 408
 561 345 354 285  92 192 161 552 389 255 545 573 587 291 229 186 405 466
 469 464 310 282  67 527 275 292 416 522 146 487 398 112  75 434 103 569
 201  27 319 535 339 500 195 176 415 511 165 584 645  34 402 592 180 618
 174 646 480 491 438 353 198 413 150 521 559 391 374 603 595 295  86 432
 370 494 245 401 433 482  43 188 124 534 217 650  19  97 356 137 248  78
 396 406 422 465 271 254 579 538   4 298  11 638 347 160 456 648   0 497
 647 625 529 479 462 550 379 187 130  54 147 250 461 252 214 317 327 606
 348 259 560 543 296 449 251 125 335 168 338 156  53 358 539  29 566 194
 512 331 333 278  62 376 343 173 631 626 334 202 167 600 604 623 129 640
 477 383 206 556 428 504 622 148 231 312 525 471 392 207 594 138 266 558
 652 362 420 179 377 507 452 337 451 351  51  26 113 352 610 178 268 483
 306 423 342 502 209 624 145  37 132 597 153 447 486 547   3  12 495 241
 484 221  60 499  77  83  65 496  25 299 237 226 542 213 183 517 371   5
 454 184 262 636 510  74 242 421 104]
Final time: 10.6129770279s - Best: 14377930-[ 32  35  39  41  36  33  24  21  14  15  16  17  20  28  40  48  52  57
  59  69  86  92  99 113 119 103 118 114 102  91  97  98  93  84  77  73
 101 116 128 130 137 142 164 162 155 168 172 178 185 186 180 181 191 195
 197 198 199 209 217 240 248 236 225 215 232 241 247 251 260 268 252 270
 276 300 310 320 326 350 369 365 377 386 401 405 414 423 431 424 410 419
 425 413 406 402 395 385 396 378 373 358 351 357 327 311 304 305 312 318
 333 339 328 313 314 315 329 332 338 344 353 362 352 363 359 366 368 374
 376 379 384 394 403 407 412 433 434 429 417 411 382 367 375 380 383 381
 360 355 354 343 330 319 302 295 281 278 245 222 216 212 205 203 193 174
 160 136 133 507 126 504 135 125 506 505 498 496 493 499 502 503 501 500
 495 492 489 484 488 487 481 480 485 490 486 491 494 497  95  87  88  89
  94  83  76  67  56  62  51  47  43 468 466 464 458 462 463 442 441 443
 440  23  25  26  27  30  31 469  34  37  38  42  46  58  61  66  71  80
  81  75  82  96 100 107 106 112 122 111 110 123 108 109 127 124 145 144
 134 146 151 167 153 143 150 158 166 179 177 184 208 214 219 207 224 226
 242 250 228 243 255 259 284 291 277 272 274 283 286 267 282 285 301 296
 297 280 273 258 266 257 246 229 580 213 200 194 183 173 182 189 159 510
 511 567 566 557 555 554 553 548 547 546 545 544 542 541 540 539 538 523
 522 524 530 533 529 531 532 535 534 537 536 635 634 633 632 631 636 637
 638 639 640 641 642 643 644 646 645 647 649 650 651 627 654 655 626 572
 571 569 568 562 561 564 560 565 563 558 550 549 543 551 556 559 528 512
 513 516 517 518 514 515 478 477 519 520 521 526 525 527 474 475 476 479
 472 482 483 471 470 467 465 461 460 459 457 456 473 455 454 451 452 450
 453 448 449 446 447 445 444  22  19  18  13  12  11  10   8   9   7  53
  60  64   6  78  79 129 138 131 117 141 163 156 190 196 220 230 239 238
 235 231 237 269 289 298 290 262 253 261 271 263 264 234 218 206 140 132
 115  74  68  63  45  44  49  54  50  65  72  85  55  70  90 104 105 121
 149 154 147 120 139 148 161 170 171 169 157 165 187 204 288 293 299 303
 334 324 323 317 307 322 335 340 346 372 361 345 341 347 371 390 416 409
 420 437 391 398 389 400 404 415 421 422 436 430 435 387 349 364 388 397
 370 348 342 308 309 321 325 294 292 287 275 254 221 227 223 249 233 244
 256 265 279 592 306 331 356 337 607 610 606 605 608 613 615 616 617 618
 620 622 408 426 427 624 625 619 623 621 614 612 611 609 604 603 599 593
 590 587 588 585 584 583 594 602 597 596 591 595 601 600 598 589 586 581
 582 578 574 573 577 576 579 575 656 653 652 648 630 629 628 552 570 202
 201 509 508 152 175 188 176 192 211 316 336 393 418 428 392 432 439 438
 399 210   5   4   3   2   1  29   0]
Value - initial: 280659334, final: 14377930, improveup: 19.520148867

data-line;i;280659334;f;14377930;t;10.6129770279;c;-2;fv;[14377930L];cv;-1;imp;19.520148867;type;rvnd;inum;5;w;1

time;10.6129770279;man_time;0;neigh_time;0
man_time;0;man_merge_sol;0;man_best_sol;0;man_combine_sol;0

Waiting [0]
Terminating workers True 0 0
MPI TERMINATING
