pydf_home: /home/rodolfo/git/Sucuri
simple_pycuda_home: /home/rodolfo/git/simple-pycuda
wamca2016path: /home/rodolfo/git/wamca2016/
localpath: /home/rodolfo/git/dvnd-df/code/dvnd-df/src/
WAMCAPATH:/home/rodolfo/git/wamca2016/
param: {solution_index:4, solution_instance_index:12, multi_gpu:True, goal:False, problem_name:ml, number_of_moves:10, device_count:2, solver:rvnd, mpi_enabled:True, workers:1}
Using already created file:  wamca2016lib.so
Size: 501 - file name: 05_TRP-S500-R1.tsp

Value - initial: 32273235-[464 475  95 190 484 444  81 284 399  91  15 268  23 266 163 486 311 279
 282 171 246 104  99 275 376 329 343 177 423 251 113 387 300 389  45 125
 117  39 379 196  79  98  30 443 396  61 420 283  27 229 468  85 346 378
 253 108 134 442 234  80 217 485 384 390 445 276 456 363  59 455  47 239
 424 306 225 458  74  64 301 392 256 375 228 359 489 257   2 478 419 169
  83 265  54 170 439 457 406 314 401 226 480 336 304 201 365 179 160 215
 252  36 345 491  67  32 469 245 400 157  77  37  71 195 298 144   8  51
 413 367 393 106 325  42 138 193  40 255  75 421 324  20 330 208 453 259
  57 333 355 168 141 488 410 185 310 372 122  69 162 448 290  82 463 230
  25 149 111 342 471 197  44 323  96  62 198 231 267 227 272 199 120 270
 352 286 294 454 422 495  89 407 358 383 223 129  24 408  97 332 178 317
 334  56 452  28  65 461 474  41 247 315 425 154 188 153  87 308 494 493
 237 140 377 271  46 176 159 369 212  73 172  31 312 476  43 192 277 242
 465 374 318 349 278 220 161 404 360 148 114 337 218  48 326 173 496 131
 147 254 296 356 395 209 263  38 303  90 180 187 145   1 449 103 340 418
 431 274 136 328 481 397 435 150 165 152 335 191 371 151  14 119 500 438
 490 341 385 403 115 436 366  58 414 105 207 394 238 206 235   6 221 409
 102 321 309 364 479 156 261 460 109 368   5 483 477 487  88 249 287 194
 327 219 492 133 295 429  26  18  72 450  13 281 320 319 146 203 285 467
 130 382 183 297 128 189 440 447  17 307 240 362 142 158 293 248 289 370
  10 433   7 292 118  66 470 338  12 155 405  35 412 459 273 482  63 347
  93 213 222 288  19 434 415  33 361 472 348  22 258 233  55 402  86 437
 416 112 243 184 280  78 441 143  68   0 428 164 388  53 139 354 124   9
 417  29  21 331 132  52 175 264 123 269  50 236 391  70 244 380 224 262
 166 182 446 299 398   3 181 250 204 110 291 127 381 126 316 411  11 205
 100 357  16 353  60 210 499 214 351 211 427 101 350 451 373  84 498 202
 167 386 426  94 305 302 135 339 260  34 497 466 174  76 200 432 473 313
 344 121 137 322 232 241  92   4 186 462 116 107 216 430  49] - 32273235
Solver: RVND, number of workers: 1
Setting feeder affinity
I am the master. There are 1 mpi processes. (hostname = gpu01)
Roots [<pyDF.nodes.Feeder object at 0x7f511e2caad0>]
Starting 0
Main loop
I am worker 0
GPU0
set random seed!
Initial: 32273235-[464 475  95 190 484 444  81 284 399  91  15 268  23 266 163 486 311 279
 282 171 246 104  99 275 376 329 343 177 423 251 113 387 300 389  45 125
 117  39 379 196  79  98  30 443 396  61 420 283  27 229 468  85 346 378
 253 108 134 442 234  80 217 485 384 390 445 276 456 363  59 455  47 239
 424 306 225 458  74  64 301 392 256 375 228 359 489 257   2 478 419 169
  83 265  54 170 439 457 406 314 401 226 480 336 304 201 365 179 160 215
 252  36 345 491  67  32 469 245 400 157  77  37  71 195 298 144   8  51
 413 367 393 106 325  42 138 193  40 255  75 421 324  20 330 208 453 259
  57 333 355 168 141 488 410 185 310 372 122  69 162 448 290  82 463 230
  25 149 111 342 471 197  44 323  96  62 198 231 267 227 272 199 120 270
 352 286 294 454 422 495  89 407 358 383 223 129  24 408  97 332 178 317
 334  56 452  28  65 461 474  41 247 315 425 154 188 153  87 308 494 493
 237 140 377 271  46 176 159 369 212  73 172  31 312 476  43 192 277 242
 465 374 318 349 278 220 161 404 360 148 114 337 218  48 326 173 496 131
 147 254 296 356 395 209 263  38 303  90 180 187 145   1 449 103 340 418
 431 274 136 328 481 397 435 150 165 152 335 191 371 151  14 119 500 438
 490 341 385 403 115 436 366  58 414 105 207 394 238 206 235   6 221 409
 102 321 309 364 479 156 261 460 109 368   5 483 477 487  88 249 287 194
 327 219 492 133 295 429  26  18  72 450  13 281 320 319 146 203 285 467
 130 382 183 297 128 189 440 447  17 307 240 362 142 158 293 248 289 370
  10 433   7 292 118  66 470 338  12 155 405  35 412 459 273 482  63 347
  93 213 222 288  19 434 415  33 361 472 348  22 258 233  55 402  86 437
 416 112 243 184 280  78 441 143  68   0 428 164 388  53 139 354 124   9
 417  29  21 331 132  52 175 264 123 269  50 236 391  70 244 380 224 262
 166 182 446 299 398   3 181 250 204 110 291 127 381 126 316 411  11 205
 100 357  16 353  60 210 499 214 351 211 427 101 350 451 373  84 498 202
 167 386 426  94 305 302 135 339 260  34 497 466 174  76 200 432 473 313
 344 121 137 322 232 241  92   4 186 462 116 107 216 430  49]
Final time: 4.95283102989s - Best: 2055607-[464  71 364 174 146  38 436 195 394  76 266 420  62 362  81  87 210 326
 352 277 124 368 497 318 409 176 480 300 384 114  17   1  74 427 408 359
 132 103 240 331 483 214 398 125 259 143 220 264 490 101  27 491 441 244
  37 446 474 482 127 314 401  24 465 462  11 283 424 315 173 498 429 493
 241 495 461 397 374 323 327 400 153  53 107  23 342 256 375 231 249  46
 257 186  98 166  78 417  73 262 298 245 274 370 388  68 308  72 268 336
 386 332  94 102 460 479 211 233 451 216 380 208 109  89  12 466 281 203
  99  93 155 275  70 251 140 453  42 163 285 309  55 185 292 299 202 278
 139 376  86 123  91 444 217  84  80  32 469  41 486  83   7 445 111  39
 246   5 112 193  88 142 236 356 339  59 169 121 113  48 463 276 171 282
   8 149 224 192 272 104 313 263 297 328 196 372 349 387 279 373 330 301
  44 179 116 344 303 235 452  18   0 150 271  63 229 489 296  61 390 310
 360 164 135 106 258 321 353 287 154 184  56 361 423 399 442 234 242 500
 194  13 379  35  10 378 105  31 110  85 476 267 188 289  34 371 456 130
   9 454 145 355 428 334 151 108 405 147 455 392 475  25 487 365 207  90
 187 473 412 391 484 161 312  75 333  14  79 354 141 485 448  95 190 255
 288 430 494 218 177  96  15 440  65 138 385 175 410 128  54 294  20 329
 284 295 338 131  92 170 168   2 488 377 369 450 311 324 162  50  26 189
 418  64  47  29 389 180 357 252  40 206  58 406 343 433 396  77 100 219
 118 261 499  60 347  45 383 319  33  28 182 351 305 481 117 167 393 273
 434  36 119 459   4 223 156 407 191 269 432 449 458 415 350 247 316 115
 471 228 159 225 472 199  51 134 122 340 443 291 165 435 367  57 404 157
 201 467  97 237 304 306 293 212 302  52 248   6 152 438  16 411 447 215
 204 226 239 160 403 439 129 457 381 238 265  69 290 307  43  21 413 198
 158 232 382 419 431 181  82 358 416 345 496 325  67 421 221 346 422 468
 230 320 280 317 137 478 270 222 363 492 133 227 250 126 205 426 254 253
 402  49 120 322 477 148 366  30 178   3 136 470 200 335 172 213 286 337
 414 341  22 209  66 425 197 260 395 243  19 348 183 144 437]
Value - initial: 32273235, final: 2055607, improveup: 15.7000997759

data-line;i;32273235;f;2055607;t;4.95283102989;c;-2;fv;[2055607L];cv;-1;imp;15.7000997759;type;rvnd;inum;4;w;1

time;4.95283102989;man_time;0;neigh_time;0
man_time;0;man_merge_sol;0;man_best_sol;0;man_combine_sol;0

Waiting [0]
Terminating workers True 0 0
MPI TERMINATING
