pydf_home: /home/rodolfo/git/Sucuri
simple_pycuda_home: /home/rodolfo/git/simple-pycuda
wamca2016path: /home/rodolfo/git/wamca2016/
localpath: /home/rodolfo/git/dvnd-df/code/dvnd-df/src/
WAMCAPATH:/home/rodolfo/git/wamca2016/
param: {solution_index:2, solution_instance_index:37, multi_gpu:True, goal:False, problem_name:ml, number_of_moves:10, device_count:2, solver:rvnd, mpi_enabled:True, workers:1}
Using already created file:  wamca2016lib.so
Size: 226 - file name: 03_pr226.tsp

Value - initial: 200394988-[ 96  81 203 207  49 163  61 116 120 139 143 219 182  17  27 111  24 125
 128  21  78 213   2 146   6  71 198 200  30  38  25 162  83  41 193   9
  79  92  65  77 132  91 172 147 176  39  89 201 171  33  90 135 124 220
  32  95 224  37  35 153  75 165  23 184 137   4  82 126  18 138 170  44
 136   5  57   0 186  12 215  69 134  64 188  34 156 187  51  50  26 180
 152   7 154  63  15 102 107  97 205 174 108 160   1  46 223 149  73 179
 197 221  40 216 167 191  76  43 110 212 131 150  16 192 173  84  48 140
 204 166 109 145  98  93 209 206 101 133 175 214  86 123  85  87 119  60
  19   3 112  47  72  99 190 164 183  36 168  45  59 202 218  74  70  10
 158  58 155 157 106 127  66 210  67  62  80 115 222 177 225  56  31  13
 130  42  53 100  11 114  94 121 117  68 144  28 104 122 105  52 141 189
 208 181 129  88 142 103 217 169 161 118  55  54 194 195   8 113  20 211
 185  29  22 178  14 151 159 196 148 199] - 200394988
Solver: RVND, number of workers: 1
Setting feeder affinity
I am the master. There are 1 mpi processes. (hostname = gpu01)
Roots [<pyDF.nodes.Feeder object at 0x7f84a20eead0>]
Starting 0
Main loop
I am worker 0
GPU0
set random seed!
Initial: 200394988-[ 96  81 203 207  49 163  61 116 120 139 143 219 182  17  27 111  24 125
 128  21  78 213   2 146   6  71 198 200  30  38  25 162  83  41 193   9
  79  92  65  77 132  91 172 147 176  39  89 201 171  33  90 135 124 220
  32  95 224  37  35 153  75 165  23 184 137   4  82 126  18 138 170  44
 136   5  57   0 186  12 215  69 134  64 188  34 156 187  51  50  26 180
 152   7 154  63  15 102 107  97 205 174 108 160   1  46 223 149  73 179
 197 221  40 216 167 191  76  43 110 212 131 150  16 192 173  84  48 140
 204 166 109 145  98  93 209 206 101 133 175 214  86 123  85  87 119  60
  19   3 112  47  72  99 190 164 183  36 168  45  59 202 218  74  70  10
 158  58 155 157 106 127  66 210  67  62  80 115 222 177 225  56  31  13
 130  42  53 100  11 114  94 121 117  68 144  28 104 122 105  52 141 189
 208 181 129  88 142 103 217 169 161 118  55  54 194 195   8 113  20 211
 185  29  22 178  14 151 159 196 148 199]
Final time: 2.2041311264s - Best: 6517252-[ 96  95  94  86  88  87  89  97  98  90  91  99 100  92  93 101 143 136
 137 145 144 138 139 146 148 140 141 147 142 149 154 155 156 157 158 159
 160 161 162 163 164 165 166 167 168 169 170 171 172 173 174 175 176 177
 178 179 180 181 182 183 184 185 186 187 188 189 190 191 192 193 194 195
 196 197 198 199 200 201 202 203 204 205 206 207 208 209 210 211 212 213
 214 215 216 217 218 219 220 221 222 223 224 225 124 131 129 123 122 130
 128 121 120 126 127 119 118 125 117 109 108 116 115 107 106 114 113 105
 103 112 111 104 102 110  85  84  83  82  81  80  79  78  77  76  75  74
  73  72   0   1   2   3   4   5   6   7   8   9  13  14  15  10  11  12
  70  67  68  66  16  17  18  19  50  51  52  53  54  55  56  57  58  59
  60  61  62  49  20  21  22  23  24  25  26  27  28  29  33  34  35  30
  31  32  48  47  44  45  46  43  36  37  38  41  42  40 153 152 151 150
 135 134 133 132  63  65  69  71  64  39]
Value - initial: 200394988, final: 6517252, improveup: 30.7483872037

data-line;i;200394988;f;6517252;t;2.2041311264;c;-2;fv;[6517252L];cv;-1;imp;30.7483872037;type;rvnd;inum;2;w;1

time;2.2041311264;man_time;0;neigh_time;0
man_time;0;man_merge_sol;0;man_best_sol;0;man_combine_sol;0

Waiting [0]
Terminating workers True 0 0
MPI TERMINATING
