pydf_home: /home/rodolfo/git/Sucuri
simple_pycuda_home: /home/rodolfo/git/simple-pycuda
wamca2016path: /home/rodolfo/git/wamca2016/
localpath: /home/rodolfo/git/dvnd-df/code/dvnd-df/src/
WAMCAPATH:/home/rodolfo/git/wamca2016/
param: {solution_index:2, solution_instance_index:54, multi_gpu:True, goal:False, problem_name:ml, number_of_moves:10, device_count:2, solver:rvnd, mpi_enabled:True, workers:1}
Using already created file:  wamca2016lib.so
Size: 226 - file name: 03_pr226.tsp

Value - initial: 188748664-[123  83  47  76 182  29 212 155 217 214 173  58   5 126 156  98  65 184
  88  37 162 203 106  21 216 131  63 110 189 211 109 116 171  45 172  96
  26  40  50 101  70  43  34  81 219 197 170 114  35  62  48  82 141  73
 112  17 144 147   9  57 118 198 113 166   8  90  69 165 139 199 201 186
  18  68 115  16   3 120  64 145 209  25 107  14  39  20 205  54 104  28
  94 135  84 163  87  44   2 128 223 168 160 178  13  85 150 202   1 167
 130   0  36  19 157   4 129  92  67  52  91  86 102 192 140 137 185 195
 121 187 213 124  56 224 148  89 175 146 154  93 103 132 218 200 220  11
 158 152  38  24 180 176 208  53   6 191 225 196 153  99 142 169  41 159
  77 100 125 136 210  79 194 215  22 174 207  80 221  95  33  31 108 164
 149 222 188  10 134 117  75  72  23 143  30 161  66  12 181  27 151 206
 122 177  97 204 138  59 193  46 179   7  61 127  78  15  51  71  49 190
  42 105 133 183  74  32  60  55 119 111] - 188748664
Solver: RVND, number of workers: 1
Setting feeder affinity
I am the master. There are 1 mpi processes. (hostname = gpu01)
Roots [<pyDF.nodes.Feeder object at 0x7fd906e52ad0>]
Starting 0
Main loop
I am worker 0
GPU0
set random seed!
Initial: 188748664-[123  83  47  76 182  29 212 155 217 214 173  58   5 126 156  98  65 184
  88  37 162 203 106  21 216 131  63 110 189 211 109 116 171  45 172  96
  26  40  50 101  70  43  34  81 219 197 170 114  35  62  48  82 141  73
 112  17 144 147   9  57 118 198 113 166   8  90  69 165 139 199 201 186
  18  68 115  16   3 120  64 145 209  25 107  14  39  20 205  54 104  28
  94 135  84 163  87  44   2 128 223 168 160 178  13  85 150 202   1 167
 130   0  36  19 157   4 129  92  67  52  91  86 102 192 140 137 185 195
 121 187 213 124  56 224 148  89 175 146 154  93 103 132 218 200 220  11
 158 152  38  24 180 176 208  53   6 191 225 196 153  99 142 169  41 159
  77 100 125 136 210  79 194 215  22 174 207  80 221  95  33  31 108 164
 149 222 188  10 134 117  75  72  23 143  30 161  66  12 181  27 151 206
 122 177  97 204 138  59 193  46 179   7  61 127  78  15  51  71  49 190
  42 105 133 183  74  32  60  55 119 111]
Final time: 3.40440392494s - Best: 6603992-[123 122 121 120 119 118 117 116 115 114 113 112 111 110 102 104 103 105
 106 107 108 109 125 127 126 128 130 129 131 124 225 224 223 222 221 220
 219 218 217 216 215 214 213 212 211 210 209 208 207 206 205 204 203 202
 201 200 199 198 197 196 195 194 193 192 191 190 189 188 187 186 185 184
 183 182 181 180 179 178 177 176 175 174 173 172 171 170 169 168 167 166
 165 164 163 162 161 160 159 158 157 156 155 154 153 152 151 150 147 149
 142 141 140 148 146 139 138 144 145 137 136 143 101  93  92 100  99  91
  90  98  97  89  87  96  95  88  86  94  46  45  44  47  32  31  30  35
  34  33  29  28  26  25  24  23  22  21  49  50  51  52  53  54  55  56
  57  58  59  60  61  62  63  65  69  68  67  70  12  11  10  14  13   9
   8   7   6   5   4   3   2   1   0  72  73  74  75  76  77  78  79  80
  81  82  83  84  85  71  15  66  16  17  18  64  19  20  27  48  43  36
  37  38  41  39  40  42 135 134 133 132]
Value - initial: 188748664, final: 6603992, improveup: 28.5809952526

data-line;i;188748664;f;6603992;t;3.40440392494;c;-2;fv;[6603992L];cv;-1;imp;28.5809952526;type;rvnd;inum;2;w;1

time;3.40440392494;man_time;0;neigh_time;0
man_time;0;man_merge_sol;0;man_best_sol;0;man_combine_sol;0

Waiting [0]
Terminating workers True 0 0
MPI TERMINATING
