pydf_home: /home/rodolfo/git/Sucuri
simple_pycuda_home: /home/rodolfo/git/simple-pycuda
wamca2016path: /home/rodolfo/git/wamca2016/
localpath: /home/rodolfo/git/dvnd-df/code/dvnd-df/src/
WAMCAPATH:/home/rodolfo/git/wamca2016/
param: {solution_index:4, solution_instance_index:17, multi_gpu:True, goal:False, problem_name:ml, number_of_moves:10, device_count:2, solver:rvnd, mpi_enabled:True, workers:1}
Using already created file:  wamca2016lib.so
Size: 501 - file name: 05_TRP-S500-R1.tsp

Value - initial: 33794153-[487 316 242 287 440   2 231 227 312 139 455 254 255 248  65  70 178  89
 486   1  53 445 215 210 243 293  86  85 285 201 290 465 409 120 216 172
 416  39 427 275 109 367 149 260  47  99 472 310 399 378 277  23 419 393
  97 265 125 491 117 390  83 433 435 239 203   4  88 475 197 424 122 422
 196 144  50 138 349 446 207 343 297 477 107  93 335  15 284 417  80  71
 234 257 388  51 194 320 494 294  35 394  90 232 224 412 221 238 185 403
 101  94  38  61 372 155 450 454 382 332 459 253 352 346 160  77 165 176
 469 124 364 308 314 438  59 303 347 150 407 402 279 408 268 102  69 481
 202  28  34 369 360  46 240 483 467 306   5  26 401 485 325 389 164 328
 130 274 359 497 430  43 153  64 169 463 128 288 333 363 171 484 500 400
 329 439  37 115  17  78 350   0 361 100 145 147 385  45 479  66 222 186
 233 365 452 357 180 493 466  98 189 127 141 371 298 296 183 301 319  25
 397 133 344 309 212 379 300 229 214 443 256 395 326 447 143 458  74  84
 373  10 140 311 179 190 387  22 223 410 175 448  96  19 462  27  31  72
 269 267 398 157 339 187 315 136  67 470 114 282 191 471 119  62   9 200
 219 423 225 146 283 259 441 262 276 480 492 162 348 286  91 213 358 374
 356 406 340 444 413 177 478 126 263 235 173 342 251   6  29  57 434 473
 425 368 226 451 134 324 245 123 193  36 252 496  49  79 142 331 376 498
 490 199  42 495 375 341  18  60 250 396 418  75 118 384 457 304 241 436
  13 464 386 135 392 273 258 156 327 131 218 206 345 337 338  32 431 170
  73 129 429 137 204 405 271 489 112 461 299 366  11 449 351 192 383 217
 391 474 488 411 244 106 295 353 280 322 148  56 420 453  30 103 313  48
 211 442 307 247 152 323 105 188   7 110 281  24 116 163 220 476 302 270
 292  82  44 278 208  41 289 174 321 159  76 334  95 432 264  81 266 168
  55 121 291  16 158 380 181 167 377 499 195 456 154 428  12 381  68 108
 330  92 198 209 236  58 111  40 104 182 370 318 184 336 460 305 421 414
 246 362 132 482 237 468  14 249 437 205  63  52 426 166 404  33 317 151
  54 355  21  87 113 415 161   8 228 272 261   3 230  20 354] - 33794153
Solver: RVND, number of workers: 1
Setting feeder affinity
I am the master. There are 1 mpi processes. (hostname = gpu01)
Roots [<pyDF.nodes.Feeder object at 0x7ff815235ad0>]
Starting 0
Main loop
I am worker 0
GPU0
set random seed!
Initial: 33794153-[487 316 242 287 440   2 231 227 312 139 455 254 255 248  65  70 178  89
 486   1  53 445 215 210 243 293  86  85 285 201 290 465 409 120 216 172
 416  39 427 275 109 367 149 260  47  99 472 310 399 378 277  23 419 393
  97 265 125 491 117 390  83 433 435 239 203   4  88 475 197 424 122 422
 196 144  50 138 349 446 207 343 297 477 107  93 335  15 284 417  80  71
 234 257 388  51 194 320 494 294  35 394  90 232 224 412 221 238 185 403
 101  94  38  61 372 155 450 454 382 332 459 253 352 346 160  77 165 176
 469 124 364 308 314 438  59 303 347 150 407 402 279 408 268 102  69 481
 202  28  34 369 360  46 240 483 467 306   5  26 401 485 325 389 164 328
 130 274 359 497 430  43 153  64 169 463 128 288 333 363 171 484 500 400
 329 439  37 115  17  78 350   0 361 100 145 147 385  45 479  66 222 186
 233 365 452 357 180 493 466  98 189 127 141 371 298 296 183 301 319  25
 397 133 344 309 212 379 300 229 214 443 256 395 326 447 143 458  74  84
 373  10 140 311 179 190 387  22 223 410 175 448  96  19 462  27  31  72
 269 267 398 157 339 187 315 136  67 470 114 282 191 471 119  62   9 200
 219 423 225 146 283 259 441 262 276 480 492 162 348 286  91 213 358 374
 356 406 340 444 413 177 478 126 263 235 173 342 251   6  29  57 434 473
 425 368 226 451 134 324 245 123 193  36 252 496  49  79 142 331 376 498
 490 199  42 495 375 341  18  60 250 396 418  75 118 384 457 304 241 436
  13 464 386 135 392 273 258 156 327 131 218 206 345 337 338  32 431 170
  73 129 429 137 204 405 271 489 112 461 299 366  11 449 351 192 383 217
 391 474 488 411 244 106 295 353 280 322 148  56 420 453  30 103 313  48
 211 442 307 247 152 323 105 188   7 110 281  24 116 163 220 476 302 270
 292  82  44 278 208  41 289 174 321 159  76 334  95 432 264  81 266 168
  55 121 291  16 158 380 181 167 377 499 195 456 154 428  12 381  68 108
 330  92 198 209 236  58 111  40 104 182 370 318 184 336 460 305 421 414
 246 362 132 482 237 468  14 249 437 205  63  52 426 166 404  33 317 151
  54 355  21  87 113 415 161   8 228 272 261   3 230  20 354]
Final time: 6.05457782745s - Best: 2044958-[487 365 207  90 187 473 475  25 254  57 367 435 165 291 432 134 122 199
  51 159 228 471 316 115 425 189  26  50 162 324  60 347 311 450   2 168
 488 369 377 167 393 273 434  36 119 459   4 223 284 329  54 128  20 294
 402 253 404 157 201 467 430 494 288 485 141 354 448  95 190 255  97 237
 304 306 293 212 302  72 268 336 386 332  94 479 460 102 152 215 447 411
 403 160 439 129 239 226 204 109  89  12 275 387 349 251 140 453  42 163
 309 285  43 185  55 299 202 278  21 413 123  91 444 217  84  80 469  41
  32  48 113 169 121 463 276 171 282   8 149 224 192  86 376 139 272 104
 313 292 196 372 328 297 263 137 344 116 179 373  44 330 301 380 208 216
 451 233 211 243  19 348  78 166  98 186 257  46 231 375 256 127 482   9
 474 446 130 401 314  11 283 462  24 465 456 371  34 476 267 188 289  37
 244 441 491  27 101 490 264 220  85 110  31 105 331 483 214 398 125 259
 143  64 418  47  29 389 209  77 396 100 118 261  22 200 335 172 213 286
 337 341 414 219 343 433 406  58 206  40 252 357 180 183 240 103 132 359
 408 427  74   1  17 114 384 300 480 176 409 318 497 378  10 368  35 379
  13 352 277 124 210 326 437 422 468 346  76 266 420  62 362  81  67 325
 496 421 221 345 416 358  82 181 431 419 382 436  38 146 174 232  88 193
 112 142 236 356   5 246  39 111   7 445 339  59 464  71 364 158 198 287
 353 321 258 106 135 164 360 310 390  61 280 296 229 489 320 327 323 374
 498 397 429 493 461 241 495  56 361 423 194 500 242 234 442 399 173 315
 424 400 153  23 107  53 150   0  18 452 235 303  73 417 492 133 298 245
 274 370 388  68 308   6 248  52 438  16 457 381 238 265  69 281 203 290
  99  93 466 155 307  70 279 478 317 270  63 271 222 342 249 454 145 355
 428 334 151 260 108 405 147 205 126 250 227  75 333  14 484  79 412 391
 161 312 426 392 455 191 269 407 458 449 350 415 338 295 131 247  92 170
  66 499 383  45 182  28 319  33 470 136 351 305 481 117   3 178  30 410
 175 385 138  96  15 440  65 366  49 148 477 322 120 218 177 156 443 340
 472 225 197 184 154 230 394 195  83 486  87 144 363 262 395]
Value - initial: 33794153, final: 2044958, improveup: 16.5255975917

data-line;i;33794153;f;2044958;t;6.05457782745;c;-2;fv;[2044958L];cv;-1;imp;16.5255975917;type;rvnd;inum;4;w;1

time;6.05457782745;man_time;0;neigh_time;0
man_time;0;man_merge_sol;0;man_best_sol;0;man_combine_sol;0

Waiting [0]
Terminating workers True 0 0
MPI TERMINATING
