pydf_home: /home/rodolfo/git/Sucuri
simple_pycuda_home: /home/rodolfo/git/simple-pycuda
wamca2016path: /home/rodolfo/git/wamca2016/
localpath: /home/rodolfo/git/dvnd-df/code/dvnd-df/src/
WAMCAPATH:/home/rodolfo/git/wamca2016/
param: {solution_index:6, solution_instance_index:83, multi_gpu:True, goal:False, problem_name:ml, number_of_moves:10, device_count:2, solver:rvnd, mpi_enabled:True, workers:1}
Using already created file:  wamca2016lib.so
Size: 783 - file name: 07_rat784.tsp

Value - initial: 69011296-[303 467 324 246 749 366 401 421 257 129 549 102 271 548 468 587 509  15
 308 280 722 449 566 520 538  29 293 670 736  20 705 456 212 499 572 460
 614 136 230 241 444 222 575  96 395 204 546 205 424 556 608 226 264  39
 547 343 384 738 125 522 669  26 315 326 526 113 691 423  30 105 369 629
 432 445 289 498 599 487 419 591 655 770 585  58  71 651 773  33 694 273
 583 426 173 529 681 114 543 690 609 119 494 362 465 554 512 237 752 373
 115 258 358 316 249 375 684 116 276 133 667 745 446 381 137 161 135 623
 409 643 179 337 491 109 728 263 356 274 148 394 281 544 581 104 521 286
  92 272 165 207 391  74 122 357 144 107 662 176 422 479  72 266 203 370
 318 301 709 660   7 720 774 559  40 438  21 198 483 645 442  69  22 189
  94 387 593 190 142 200 778  88 710 569 457 414 621 678 574 429  13  34
 238  42 726 344 350 638 374 729 103 455 589 225 611  38 155 461 450 224
 760 732 653 588  11 481 478  77 209   5 439 440 310  51 628 348 603 542
 757 270 674 673 634 751 492 661 368 397 476 706 624 772 152  75 406 253
 194 407 415 132 342 307 100 306 168 626 475 364 146 435 647 485 718 474
 305 743 153 267 151 557 598 518 347  82  17 154 676 213  68 601 180 291
  16 744 157 195 296 739 765 191 158 371 340 380 513 372  44 228  36 596
 138 659 359 174 233 761 320 454 664 627  67 746 234 763 560 400 696 615
 697 251 396  63 747 550 124 657 610 149 416 365 353 163  35 558  70 507
 288 505 622 545 244 528 160 514 177 637 323  81 399 389  73 201 248 441
  52 254 607 618  56 386 552  47 631 277 580  60 650 686 443 605 644 573
 398 541 325 472 567 193 733 256  79 713 294 243 220 612 292 723 451 169
 166 602 482 232 235 433 336 625 317 539 354  80 668  27 170 410 493  83
  19 259 737 531 586 523 562  53 171 714 536 240 604 302 753 462 699 192
 245  23 299 535 215 666 227 175 120   1 639 309 480 298 379 516 376 247
 218 717 654  46 413 182 703 641 484 672  10  98 594 377 515 700  54 126
 269 236  78 486 502 741 759 470 349 418 250 181  99 434 719 206 748 300
  93 420 239  37 642 147 279 466 680 290 331 188 223 630 367 769 781 417
 656 758 775   6 322 314 130 319 327 563 297 767 447  28  55 685 530 724
 282 453 208 351 579  85 196 261 231 731 431 172 383 501 555 402 777 167
 617  90 692 527  43 164  64 537 333 490 711 576 635 128  57 260   3 214
 321 346 388 140 524 162 295 497 768  18 584   4  24 553 436  45 616 187
 471 255 285  62 571 112 636 532 721 360 766 430  91 217 252 750 701 242
 185 702 508 755  25 525 117 613  97 452 568 679 764 463 211 184 646 620
 506 197 287  50 592   9 311 123 488 216 648 390 675 693 725 712 313   8
 619 221 606  48 108 127  65 510 275  49 329 663  61 464 740 141 688 649
 597 265  84 448 437 652 131  59 779 363 704 600 708 345 404  31 762 473
 707 284 361 519 683  89 425 477 392 578 328 199 156 776 262 590 352 385
 632 268 334 504  41  14 577  66 150 339 111 570 771   2 496 698 411 682
 110 393 335 403 511 118 121 533  12 561 408 341 734 178 735 428 229 500
 503 219 727 534 139 671 540 582 495 382 716 677 412 565 687 159 312 551
  95 183 355 633 658 564 405 186 756 202 689 517 695 330   0 210 782 134
 106 640 143 145 458 595 283 459 469 378 332 278  76  32 730 780  86 101
 489 304 338 742 715 427 754  87 665] - 69011296
Solver: RVND, number of workers: 1
Setting feeder affinity
I am the master. There are 1 mpi processes. (hostname = gpu01)
Roots [<pyDF.nodes.Feeder object at 0x7f42fdb44ad0>]
Starting 0
Main loop
I am worker 0
GPU0
set random seed!
Initial: 69011296-[303 467 324 246 749 366 401 421 257 129 549 102 271 548 468 587 509  15
 308 280 722 449 566 520 538  29 293 670 736  20 705 456 212 499 572 460
 614 136 230 241 444 222 575  96 395 204 546 205 424 556 608 226 264  39
 547 343 384 738 125 522 669  26 315 326 526 113 691 423  30 105 369 629
 432 445 289 498 599 487 419 591 655 770 585  58  71 651 773  33 694 273
 583 426 173 529 681 114 543 690 609 119 494 362 465 554 512 237 752 373
 115 258 358 316 249 375 684 116 276 133 667 745 446 381 137 161 135 623
 409 643 179 337 491 109 728 263 356 274 148 394 281 544 581 104 521 286
  92 272 165 207 391  74 122 357 144 107 662 176 422 479  72 266 203 370
 318 301 709 660   7 720 774 559  40 438  21 198 483 645 442  69  22 189
  94 387 593 190 142 200 778  88 710 569 457 414 621 678 574 429  13  34
 238  42 726 344 350 638 374 729 103 455 589 225 611  38 155 461 450 224
 760 732 653 588  11 481 478  77 209   5 439 440 310  51 628 348 603 542
 757 270 674 673 634 751 492 661 368 397 476 706 624 772 152  75 406 253
 194 407 415 132 342 307 100 306 168 626 475 364 146 435 647 485 718 474
 305 743 153 267 151 557 598 518 347  82  17 154 676 213  68 601 180 291
  16 744 157 195 296 739 765 191 158 371 340 380 513 372  44 228  36 596
 138 659 359 174 233 761 320 454 664 627  67 746 234 763 560 400 696 615
 697 251 396  63 747 550 124 657 610 149 416 365 353 163  35 558  70 507
 288 505 622 545 244 528 160 514 177 637 323  81 399 389  73 201 248 441
  52 254 607 618  56 386 552  47 631 277 580  60 650 686 443 605 644 573
 398 541 325 472 567 193 733 256  79 713 294 243 220 612 292 723 451 169
 166 602 482 232 235 433 336 625 317 539 354  80 668  27 170 410 493  83
  19 259 737 531 586 523 562  53 171 714 536 240 604 302 753 462 699 192
 245  23 299 535 215 666 227 175 120   1 639 309 480 298 379 516 376 247
 218 717 654  46 413 182 703 641 484 672  10  98 594 377 515 700  54 126
 269 236  78 486 502 741 759 470 349 418 250 181  99 434 719 206 748 300
  93 420 239  37 642 147 279 466 680 290 331 188 223 630 367 769 781 417
 656 758 775   6 322 314 130 319 327 563 297 767 447  28  55 685 530 724
 282 453 208 351 579  85 196 261 231 731 431 172 383 501 555 402 777 167
 617  90 692 527  43 164  64 537 333 490 711 576 635 128  57 260   3 214
 321 346 388 140 524 162 295 497 768  18 584   4  24 553 436  45 616 187
 471 255 285  62 571 112 636 532 721 360 766 430  91 217 252 750 701 242
 185 702 508 755  25 525 117 613  97 452 568 679 764 463 211 184 646 620
 506 197 287  50 592   9 311 123 488 216 648 390 675 693 725 712 313   8
 619 221 606  48 108 127  65 510 275  49 329 663  61 464 740 141 688 649
 597 265  84 448 437 652 131  59 779 363 704 600 708 345 404  31 762 473
 707 284 361 519 683  89 425 477 392 578 328 199 156 776 262 590 352 385
 632 268 334 504  41  14 577  66 150 339 111 570 771   2 496 698 411 682
 110 393 335 403 511 118 121 533  12 561 408 341 734 178 735 428 229 500
 503 219 727 534 139 671 540 582 495 382 716 677 412 565 687 159 312 551
  95 183 355 633 658 564 405 186 756 202 689 517 695 330   0 210 782 134
 106 640 143 145 458 595 283 459 469 378 332 278  76  32 730 780  86 101
 489 304 338 742 715 427 754  87 665]
Final time: 12.6127548218s - Best: 3335370-[303 296 295 308 297 283 278 260 244 251 240 271 270 262 259 243 228 227
 220 225 212 200 209 208 210 211 218 224 205 189 181 172 164 163 156 168
 162 175 178 197 199 216 231 232 249 268 252 250 261 274 294 310 329 335
 325 317 311 300 286 281 282 287 309 307 319 323 333 330 341 361 360 348
 336 337 339 347 350 353 359 374 379 385 380 382 399 401 413 414 402 387
 384 377 378 368 373 395 398 420 426 446 453 467 477 464 474 487 492 513
 519 527 524 536 543 531 544 548 545 537 549 573 582 584 601 619 622 624
 634 642 655 657 676 681 711 710 713 716 714 702 695 693 675 673 667 666
 663 649 641 617 609 588 570 574 557 564 569 576 555 540 535 534 520 504
 506 500 499 490 482 476 456 438 430 434 440 417 410 416 418 409 408 407
 419 423 429 425 432 421 437 454 462 459 472 494 517 518 512 514 528 563
 562 565 577 551 556 546 539 530 538 507 511 516 505 529 533 550 553 561
 560 568 578 579 585 593 610 625 637 639 623 595 575 567 559 547 532 525
 510 498 471 481 483 465 457 452 451 444 435 428 422 400 406 396 381 386
 389 383 362 351 358 355 342 312 304 288 301 293 316 334 326 318 322 338
 345 352 364 375 392 376 369 346 349 331 315 306 299 289 292 305 290 298
 285 273 272 277 275 276 254 245 238 235 241 234 214 215 185 179 171 145
 124 116 122 138 146 154 159 174 194 195 221 226 230 247 248 242 255 266
 267 257 239 223 207 201 203 186 183 161 155 150 135 126 114 109  96  99
  79  69  66  80 106 110 119 132 136 142 115 111 107 104 101  76  73  88
  94  97  75  93  82  64  57  52  46  45  40  44  56  51  48  55  24  14
   0  16  22   1   6  17  11   8  32  28   9   2   4  18  29   7  19  35
  30  21  34  41  50  31  15  20  25  26  23  27  33   3  10  12  37  42
  65  74  86  83  78 100 105 108 113 133 134 148 141 121 118 112 103  90
  95  72  59  54  43  68  77  89  92 102  91  71  53  49  61  81  85  67
  60  58  63  70  84  98 117 125 120 123 143 128 129 140 153 158 182 187
 196 190 188 202 191 177 173 165 157 131 130 144 147 167 169 193 180 176
 170 192 198 217 213 222 246 263 264 279 284 314 313 328 340 354 356 366
 393 403 405 412 427 441 443 461 460 478 480 489 503 515 522 502 509 497
 501 508 488 486 479 473 458 436 433 447 463 469 468 475 493 495 496 521
 523 552 558 571 572 580 592 581 591 594 607 615 605 603 614 628 631 638
 630 632 613 600 599 583 590 586 602 608 621 635 629 645 650 620 606 616
 627 648 656 660 665 668 683 680 690 691 697 712 706 718 719 720 698 694
 685 709 699 700 688 692 722 715 707 701 723 727 750 751 755 741 740 745
 730 729 726 749 748 725 739 747 754 753 736 732 721 738 742 731 735 744
 734 717 708 704 705 684 679 689 674 659 643 640 618 612 587 598 589 597
 596 611 626 633 644 654 678 670 687 677 658 651 647 664 671 682 696 703
 724 733 737 746 768 777 760 771 764 759 757 775 758 756 767 778 776 772
 773 765 761 762 769 779 780 763 781 782 774 770 766 752 743 728 686 662
 669 646 636 672 661 653 652 604 542 526 541 466 455 448 491 485 484 442
 424 404 391 388 370 365 357 343 327 269 265 229 258 280 291 302 321 320
 332 344 371 390 415 431 445 449 439 470 450 411 397 367 372 363 256 236
 219 206 166 149 137 127 139 160 151 152 204 184  87  36  62  38  47  13
   5  39 233 237 253 554 566 324 394]
Value - initial: 69011296, final: 3335370, improveup: 20.6907467537

data-line;i;69011296;f;3335370;t;12.6127548218;c;-2;fv;[3335370L];cv;-1;imp;20.6907467537;type;rvnd;inum;6;w;1

time;12.6127548218;man_time;0;neigh_time;0
man_time;0;man_merge_sol;0;man_best_sol;0;man_combine_sol;0

Waiting [0]
Terminating workers True 0 0
MPI TERMINATING
