pydf_home: /home/rodolfo/git/Sucuri
simple_pycuda_home: /home/rodolfo/git/simple-pycuda
wamca2016path: /home/rodolfo/git/wamca2016/
localpath: /home/rodolfo/git/dvnd-df/code/dvnd-df/src/
WAMCAPATH:/home/rodolfo/git/wamca2016/
param: {solution_index:2, solution_instance_index:95, multi_gpu:True, goal:False, problem_name:ml, number_of_moves:10, device_count:2, solver:rvnd, mpi_enabled:True, workers:1}
Using already created file:  wamca2016lib.so
Size: 226 - file name: 03_pr226.tsp

Value - initial: 188810001-[ 43 191  35 185  86 171 124   7 140 186 105 201 110 205 131  23 148 198
  20  32  58 195 136 175 169 115  76  95 145  31  53  78  92 194 161  85
  52  80 216  21  71  99 208 181  73  19 108 121   2 190  42  98 151   4
  84  54 213  14  49  88  97 133 192  46 143 153  30  81 219 132 166  10
  87 112 139 202  40 134 212  62  82  75 189  64 204 125 180  11 184  27
 178 206 172 210  59   8 103  44 144 188 154 113  79 222 176 225  65  29
 141 223 150 149  37 157 174  22  67 101 152 137 147  55 106 164 126 120
 107 197  12  77  68 102  28 183 116  69 209  26 214 200  13  74  36  72
 156  96  91 168  15 207 182  18 142 129 163  48 162  63 127  93  61 215
 123 118  56  17  83  57  45  24  39  89  16  34   6 218 211  47  25 217
   9 130 221 203 128 179 220 138 173 177 117  50 167   0  94 146 199  51
 119 187  90 224 122 111  33 196  41 165 114 155 170  66  70   1 159 135
 100  60 104 193   5 158 160  38   3 109] - 188810001
Solver: RVND, number of workers: 1
Setting feeder affinity
I am the master. There are 1 mpi processes. (hostname = gpu01)
Roots [<pyDF.nodes.Feeder object at 0x7f1d4c693ad0>]
Starting 0
Main loop
I am worker 0
GPU0
set random seed!
Initial: 188810001-[ 43 191  35 185  86 171 124   7 140 186 105 201 110 205 131  23 148 198
  20  32  58 195 136 175 169 115  76  95 145  31  53  78  92 194 161  85
  52  80 216  21  71  99 208 181  73  19 108 121   2 190  42  98 151   4
  84  54 213  14  49  88  97 133 192  46 143 153  30  81 219 132 166  10
  87 112 139 202  40 134 212  62  82  75 189  64 204 125 180  11 184  27
 178 206 172 210  59   8 103  44 144 188 154 113  79 222 176 225  65  29
 141 223 150 149  37 157 174  22  67 101 152 137 147  55 106 164 126 120
 107 197  12  77  68 102  28 183 116  69 209  26 214 200  13  74  36  72
 156  96  91 168  15 207 182  18 142 129 163  48 162  63 127  93  61 215
 123 118  56  17  83  57  45  24  39  89  16  34   6 218 211  47  25 217
   9 130 221 203 128 179 220 138 173 177 117  50 167   0  94 146 199  51
 119 187  90 224 122 111  33 196  41 165 114 155 170  66  70   1 159 135
 100  60 104 193   5 158 160  38   3 109]
Final time: 2.56123304367s - Best: 7783418-[ 43  36  35  34  33  29  28  26  25  24  23  22  21  27  30  31  32  47
  44  45  46  86  94  95  88  87  96  97  89  90  98  99  91  92 100 101
  93 150 151 152 153 154 155 156 157 158 159 160 161 162 163 164 165 166
 167 168 169 170 171 172 173 174 175 176 177 178 179 180 181 182 183 184
 185 186 187 188 189 190 191 192 193 194 195 196 197 198 199 200 201 202
 203 204 205 206 207 208 209 210 211 212 213 214 215 216 217 218 219 220
 221 222 223 224 225 124 131 129 123 122 130 128 121 120 126 127 119 118
 125 109 117 116 108 107 115 114 106 105 113 112 103 104 111 102 110  85
  84  83  82  81  80  79  78  77  76  75  74  73  72   0   1   2   3   4
   5   6   7   8   9  13  14  10  11  12  71  70  15  16  66  67  68  69
  65  63  62  61  60  59  58  57  56  55  54  53  52  51  50  49 136 143
 145 137 138 144 146 139 140 148 147 149 142 141 135 134 133 132  64  17
  18  19  20  48  37  38  41  42  40  39]
Value - initial: 188810001, final: 7783418, improveup: 24.2579803629

data-line;i;188810001;f;7783418;t;2.56123304367;c;-2;fv;[7783418L];cv;-1;imp;24.2579803629;type;rvnd;inum;2;w;1

time;2.56123304367;man_time;0;neigh_time;0
man_time;0;man_merge_sol;0;man_best_sol;0;man_combine_sol;0

Waiting [0]
Terminating workers True 0 0
MPI TERMINATING
