pydf_home: /home/rodolfo/git/Sucuri
simple_pycuda_home: /home/rodolfo/git/simple-pycuda
wamca2016path: /home/rodolfo/git/wamca2016/
localpath: /home/rodolfo/git/dvnd-df/code/dvnd-df/src/
WAMCAPATH:/home/rodolfo/git/wamca2016/
param: {solution_index:1, solution_instance_index:21, multi_gpu:True, goal:False, problem_name:ml, number_of_moves:10, device_count:2, solver:rvnd, mpi_enabled:True, workers:1}
Using already created file:  wamca2016lib.so
Size: 100 - file name: 02_kroD100.tsp

Value - initial: 7133406-[72 48 57 79 34 44 12 42 76 60  4  3 61 18 95 77 19 71 17  5 96 13 84 20 15
 43 70 81 14 58 86 92 32 90 29 52 63 56 73  7 40 59 88 64 38 85 51 46 75 26
 93  8 27 99 23 47 97 53 74 10 16 28 80 24  0 55 35  6 98 33 21 69  9 30 94
 91 11 36 49 68 37 82 67 89 31 22 39 41 25 54 50  2  1 62 66 65 45 78 87 83] - 7133406
Solver: RVND, number of workers: 1
Setting feeder affinity
I am the master. There are 1 mpi processes. (hostname = gpu01)
Roots [<pyDF.nodes.Feeder object at 0x7fe97906cad0>]
Starting 0
Main loop
I am worker 0
GPU0
set random seed!
Initial: 7133406-[72 48 57 79 34 44 12 42 76 60  4  3 61 18 95 77 19 71 17  5 96 13 84 20 15
 43 70 81 14 58 86 92 32 90 29 52 63 56 73  7 40 59 88 64 38 85 51 46 75 26
 93  8 27 99 23 47 97 53 74 10 16 28 80 24  0 55 35  6 98 33 21 69  9 30 94
 91 11 36 49 68 37 82 67 89 31 22 39 41 25 54 50  2  1 62 66 65 45 78 87 83]
Final time: 0.873294830322s - Best: 1008032-[72 38 90 53 76 42 70  3 92 43 59 52 61 36 18 50 29 99  1 47 91 54 86 25 94
 55 27 11 46 20  9  8 19 24 17  5 39 82  2 58 84 85 95 15 62 14 83 40 23 26
 87 78 12  0 49 93 16 89 10 33 80 37 65  7 51 45 75 79 77 64 13 67 32 44 98
 30 56 71 60 73  6 74 66 35 28 57 21 41 22 88 69 48 97 96 31 68 63 81  4 34]
Value - initial: 7133406, final: 1008032, improveup: 7.07656701375

data-line;i;7133406;f;1008032;t;0.873294830322;c;-2;fv;[1008032L];cv;-1;imp;7.07656701375;type;rvnd;inum;1;w;1

time;0.873294830322;man_time;0;neigh_time;0
man_time;0;man_merge_sol;0;man_best_sol;0;man_combine_sol;0

Waiting [0]
Terminating workers True 0 0
MPI TERMINATING
