pydf_home: /home/rodolfo/git/Sucuri
simple_pycuda_home: /home/rodolfo/git/simple-pycuda
wamca2016path: /home/rodolfo/git/wamca2016/
localpath: /home/rodolfo/git/dvnd-df/code/dvnd-df/src/
WAMCAPATH:/home/rodolfo/git/wamca2016/
param: {solution_index:4, solution_instance_index:71, multi_gpu:True, goal:False, problem_name:ml, number_of_moves:10, device_count:2, solver:rvnd, mpi_enabled:True, workers:1}
Using already created file:  wamca2016lib.so
Size: 501 - file name: 05_TRP-S500-R1.tsp

Value - initial: 33385507-[223 206 243 322 399 181 105   4 374 122 137 416 162 406 309 334  45 211
 193 138 455  72 472 387   3 368  52 459  28  68 424 221 226 419 460 317
 490 198 420 246 278 382  80  31 184 109 366 360 267 212 250 131   6 327
 217 346 172 381 192 158 431 254 376  48   2 341 457   5 456 398 409 160
 362 139 154  37 146  99 120 253  46 236 440 307 423 429  13 103  74 500
 102 417 227 347  87 402 337 474 449  16 209 233 421 235 261  67 136 248
 106 290 173 118  71  26   0 147 228 465 408 389 480 479  65  39 308 249
   8 463 294 401 326 205  82 293 244 300 225  44  77 453 284  47 140 149
 292 336  19 356 208 391 285 232  53 257 142 189 330 303 297 343  79 201
 390  23 442 407 298  84 171  70  76 150   1 388 251 328 159 153 332 443
 123 333 392 375 110 258 361 314  14 242 306 478 378  83  95 262  21 252
 301 468 483  54 148  93 194 358 446 353  38 458 404 207 357 180 350 437
 126 143 132  36 281 477 279 345 276 263 482 115 447 489 492 191 270  61
  49 240   7  63  27 178 299 384 414 396 349 101 287  92 403 255 259  66
 452 434 445 245  91 426  88 311 199 367  55 134  69 383 439 413 496 256
  64  56  41 286 144 295 432  94 373  90   9 121 386 371 222 344 481 127
 234 497 151 215 145 125 124 157 214 397  32 380 229 394 190 197 475 304
 187 476 220  25 451 107 405  97 179 433 435 288 302 340 316 499 265  98
 141 484 393 385  33 177 167  17 454 325 493 369 104  51 219 365 473  62
 164 467 319 411 329  30 355 200  57 466 196 338 296 289 448 372 129 444
 321 237 274 277 174 441  58  59 359 282 430  89  81 495 241  12  50 260
 271 351 352 498  43 462 108 427 469 218 494 305 213 324 204 203 130 370
 231 275 315 491 268 175 272 377 318 438 163 428 188 202 418 166 135 461
 111 269 168  22 485 224 410 310 323 266  18  42  20  60 348 488 335 155
 450 133 312 400 283 415  73 412 379 363 264 183  29 280 320 364 247 230
 100 114 291  11  10 210 116 354 425 165 128  34 471 169 422 470 161 113
  78  35  24 273 119 112  75 436  85  86 313  15 195 186 216  96 487 152
 486 339 117 464 182 185 176 170 239 331 342 238 156  40 395] - 33385507
Solver: RVND, number of workers: 1
Setting feeder affinity
I am the master. There are 1 mpi processes. (hostname = gpu01)
Roots [<pyDF.nodes.Feeder object at 0x7fedd6276ad0>]
Starting 0
Main loop
I am worker 0
GPU0
set random seed!
Initial: 33385507-[223 206 243 322 399 181 105   4 374 122 137 416 162 406 309 334  45 211
 193 138 455  72 472 387   3 368  52 459  28  68 424 221 226 419 460 317
 490 198 420 246 278 382  80  31 184 109 366 360 267 212 250 131   6 327
 217 346 172 381 192 158 431 254 376  48   2 341 457   5 456 398 409 160
 362 139 154  37 146  99 120 253  46 236 440 307 423 429  13 103  74 500
 102 417 227 347  87 402 337 474 449  16 209 233 421 235 261  67 136 248
 106 290 173 118  71  26   0 147 228 465 408 389 480 479  65  39 308 249
   8 463 294 401 326 205  82 293 244 300 225  44  77 453 284  47 140 149
 292 336  19 356 208 391 285 232  53 257 142 189 330 303 297 343  79 201
 390  23 442 407 298  84 171  70  76 150   1 388 251 328 159 153 332 443
 123 333 392 375 110 258 361 314  14 242 306 478 378  83  95 262  21 252
 301 468 483  54 148  93 194 358 446 353  38 458 404 207 357 180 350 437
 126 143 132  36 281 477 279 345 276 263 482 115 447 489 492 191 270  61
  49 240   7  63  27 178 299 384 414 396 349 101 287  92 403 255 259  66
 452 434 445 245  91 426  88 311 199 367  55 134  69 383 439 413 496 256
  64  56  41 286 144 295 432  94 373  90   9 121 386 371 222 344 481 127
 234 497 151 215 145 125 124 157 214 397  32 380 229 394 190 197 475 304
 187 476 220  25 451 107 405  97 179 433 435 288 302 340 316 499 265  98
 141 484 393 385  33 177 167  17 454 325 493 369 104  51 219 365 473  62
 164 467 319 411 329  30 355 200  57 466 196 338 296 289 448 372 129 444
 321 237 274 277 174 441  58  59 359 282 430  89  81 495 241  12  50 260
 271 351 352 498  43 462 108 427 469 218 494 305 213 324 204 203 130 370
 231 275 315 491 268 175 272 377 318 438 163 428 188 202 418 166 135 461
 111 269 168  22 485 224 410 310 323 266  18  42  20  60 348 488 335 155
 450 133 312 400 283 415  73 412 379 363 264 183  29 280 320 364 247 230
 100 114 291  11  10 210 116 354 425 165 128  34 471 169 422 470 161 113
  78  35  24 273 119 112  75 436  85  86 313  15 195 186 216  96 487 152
 486 339 117 464 182 185 176 170 239 331 342 238 156  40 395]
Final time: 6.49142003059s - Best: 2037131-[223   4 459 119  36 434 273 393 167 117 481 305 351 182  28 383  45 347
 311 450 369 377 488   2 168 170  50 162 324  60 499 209  77 396 100 433
 343 406  58 206  40 252 357 180 389  29  47 183  74 427 408 359 132 103
 240 378 318 409 176 497  10 105 331 483 214 398 125 259 143  64 418 189
  26 425 115 471 228 159 225 441 244 474 446 130  37 289 188 267 476  34
 371 456 234 242 500 194  13 379  35 124 277 352 210 326 422 468 230 154
 184  56 495 241 461 493 429 397 498 374 323 173 315 424 399 442 283  11
 462 465  24 401 314 127 256 375 231 454   9 472 199 122 340 443 291 165
 269 191 407 156 294  20  54 128 410 175 385 138 402 253 404  57 367 435
 455 392 147 405 108 205 126 250 227 274 370 245 298 262 395 386 336 268
  72 308  68 388 333  75 161 391 484  14  79 412 473 187  90 475  25 487
 365 207 467 157 201 177  96  15 440  65 366  49 148 477 322 120 218 494
 430 288 485 141 354 448  95 190 255  97 237 304 306 293 212 302   6 248
  52 438  16 411 403 160 439 129 239 457 226  89  12 275  70 387 349 279
 373  44 330 301 380 216 208 109 204 215 447 152 102 460 479  94 332 211
 233 451 243  19 303 235 452  18   0 150  53 107  23 400 153 271  63 489
 229 270 478 137 263 297 328 196 372 309 185  55 292 299 202 278 376 139
 272 104 313 280 296  61 390   8 149 224 282 276 171 444 217  84  80 469
  41  32 463  48 113 121 169 486  83  59 339 445   7 111  39 246   5 356
 236 142 112 193  88 419 382 431 358 416 345 221 421 496 325  67  81 362
  62 420 266  82 181 436  38 146 232 174 195 394  76 346 158 364  71 464
 198 287 353 321 258 106 135 164 360 310 192  86  91 123 413  21  43 285
 163  42 453 140 251 344 179 116 348  78  73 417 492 133 151 334 145 355
 428 260 134 449 458 350 415 338 295 131 247 316  51 197 490 264 220 101
  27 491 482 342 249  46 257 363 186  98 166 222 327 361 437  87 480 300
 384 114  17   1 144 219 118 261  22 341 414 337 286 213 172 335 200 470
 136  33 319  66 110  85  31 368 423 320 317 307 155 466 281 203  93  99
 290  69 265 238 381 312 426 254 432 329 284  30 178  92   3]
Value - initial: 33385507, final: 2037131, improveup: 16.3884929344

data-line;i;33385507;f;2037131;t;6.49142003059;c;-2;fv;[2037131L];cv;-1;imp;16.3884929344;type;rvnd;inum;4;w;1

time;6.49142003059;man_time;0;neigh_time;0
man_time;0;man_merge_sol;0;man_best_sol;0;man_combine_sol;0

Waiting [0]
Terminating workers True 0 0
MPI TERMINATING
