pydf_home: /home/rodolfo/git/Sucuri
simple_pycuda_home: /home/rodolfo/git/simple-pycuda
wamca2016path: /home/rodolfo/git/wamca2016/
localpath: /home/rodolfo/git/dvnd-df/code/dvnd-df/src/
WAMCAPATH:/home/rodolfo/git/wamca2016/
param: {solution_index:2, solution_instance_index:24, multi_gpu:True, goal:False, problem_name:ml, number_of_moves:10, device_count:2, solver:rvnd, mpi_enabled:True, workers:1}
Using already created file:  wamca2016lib.so
Size: 226 - file name: 03_pr226.tsp

Value - initial: 189661360-[155  88  54   4 103 153 172  89  64 102 191  73  55  19 224 113 119  31
 151 200  95  82 178 213  46 130  48   2  93 165  16  23  65  35 118 121
 146 214  63  21 133 210 125   6 145 159  45  80  67 154  70 222  22 185
  66  77  43 196  86  33  41 160  39  38 173 135  52 169 147 195  26 161
  13 105 192 134  68 184  62 109   8 223  92 199  56 110  90 218 140 156
 189 181 180  60  24 164 187 186 207 194  28 217 100 163  96 138  25 120
 220  87 168 205 219  85 122  84   1 202  91  44  97 128 148   7   3  20
 158  49 197 143  12 176  36 112  10   9 221 208 204 183  40 139 126 206
 131 211   0 117 174  59 136  17  29 193 215 101 190  58  14 166 129  47
  69  72 188  81 116  76  74  53  78 162 104 114 182  79 225  94  61 209
 107  11  99  75  83   5 167 144 142  15 111 212 137 177  18 171 179 123
  37  42 152  30 141 216 170 201  27 115 157  32 203  57  71  34  50 108
  98 132 127 124 149 198 106 175 150  51] - 189661360
Solver: RVND, number of workers: 1
Setting feeder affinity
I am the master. There are 1 mpi processes. (hostname = gpu01)
Roots [<pyDF.nodes.Feeder object at 0x7f98e8ec1ad0>]
Starting 0
Main loop
I am worker 0
GPU0
set random seed!
Initial: 189661360-[155  88  54   4 103 153 172  89  64 102 191  73  55  19 224 113 119  31
 151 200  95  82 178 213  46 130  48   2  93 165  16  23  65  35 118 121
 146 214  63  21 133 210 125   6 145 159  45  80  67 154  70 222  22 185
  66  77  43 196  86  33  41 160  39  38 173 135  52 169 147 195  26 161
  13 105 192 134  68 184  62 109   8 223  92 199  56 110  90 218 140 156
 189 181 180  60  24 164 187 186 207 194  28 217 100 163  96 138  25 120
 220  87 168 205 219  85 122  84   1 202  91  44  97 128 148   7   3  20
 158  49 197 143  12 176  36 112  10   9 221 208 204 183  40 139 126 206
 131 211   0 117 174  59 136  17  29 193 215 101 190  58  14 166 129  47
  69  72 188  81 116  76  74  53  78 162 104 114 182  79 225  94  61 209
 107  11  99  75  83   5 167 144 142  15 111 212 137 177  18 171 179 123
  37  42 152  30 141 216 170 201  27 115 157  32 203  57  71  34  50 108
  98 132 127 124 149 198 106 175 150  51]
Final time: 2.55788779259s - Best: 6605141-[155 154 156 157 158 159 160 161 162 163 164 165 166 167 168 169 170 171
 172 173 174 175 176 177 178 179 180 181 182 183 184 185 186 187 188 189
 190 191 192 193 194 195 196 197 198 199 200 201 202 203 204 205 206 207
 208 209 210 211 212 213 214 215 216 217 218 219 220 221 222 223 224 225
 124 131 129 123 122 130 128 121 120 126 127 119 118 125 117 109 108 116
 115 107 106 114 113 105 103 112 111 104 102 110  85  84  83  82  81  80
  79  78  77  76  75  74  73  72   1   2   3   4   5   6   7   8   9  13
  14  15  10  11  12  70  67  68  66  16  17  18  64  63  62  61  60  59
  58  57  56  55  54  53  52  51  50  49  21  22  23  24  25  26  27  28
  29  33  34  30  31  32  47  35  36  43  44  45  46  42  86  94  95  88
  87  96  97  89  90  98  99  91  92 100 101  93 143 136 137 145 144 138
 139 146 148 140 141 142 149 147 150 151 152 153  40  39  41  38  37  48
  20  19  65 132 133 134 135  69  71   0]
Value - initial: 189661360, final: 6605141, improveup: 28.714203073

data-line;i;189661360;f;6605141;t;2.55788779259;c;-2;fv;[6605141L];cv;-1;imp;28.714203073;type;rvnd;inum;2;w;1

time;2.55788779259;man_time;0;neigh_time;0
man_time;0;man_merge_sol;0;man_best_sol;0;man_combine_sol;0

Waiting [0]
Terminating workers True 0 0
MPI TERMINATING
