pydf_home: /home/rodolfo/git/Sucuri
simple_pycuda_home: /home/rodolfo/git/simple-pycuda
wamca2016path: /home/rodolfo/git/wamca2016/
localpath: /home/rodolfo/git/dvnd-df/code/dvnd-df/src/
WAMCAPATH:/home/rodolfo/git/wamca2016/
param: {solution_index:4, solution_instance_index:66, multi_gpu:True, goal:False, problem_name:ml, number_of_moves:10, device_count:2, solver:rvnd, mpi_enabled:True, workers:1}
Using already created file:  wamca2016lib.so
Size: 501 - file name: 05_TRP-S500-R1.tsp

Value - initial: 32315826-[ 56 461 370 271 192 300 310 398 295 375  59 104 327  10 330 208  62  97
 237 159  64 278 201  98  43  60  58 215 469 252 488 204 165 320 109 221
 283 249  85 289 114 146 241 262 120 294 194  95   4 282 386 447 452 319
   2 449 235 118 210 121 163 363 126  53 213 247 410   5 454 455 385 108
  92 141 411 103 497 478 427 307  66 111  26 473 225 489 239 369 245 462
 429 275 323 243 308 356 487 228 477 173 416 407 496  21 216 335 186 132
 334  89 251 359 292  86 360 248 107  90 423 381  35  94 142 441 476 140
 196  13 176  18 263  54 341 303 440  77 401 481 443  51  84 391 428 164
 366  46 226  28 368 346 149 155 434 412 218  30 468 136  44 338 433   3
 231 205 474 169 299 298 463  31  83 285 397 305  57 348 175 376  96 349
  20 408 471 358  65 324 143 224 439 417 442 418 156  12 253 409   0 166
 236 273 181 472 302  75 333 256 301 229  33 438  34 100 259  50 133 127
 431 404 340 197  78 352  11 388 422 345 200  22 459 350 286 144 116  36
 380 321 113 421 276 185 198  88  81 493 405 125 465 129 207  55 337 399
 426 130 183 195 161  40 490 174 498 311 393 296 151  16 466 304 265 139
 316 123 392 219  79  37 450 134 203 437 365 264  74 403 106 486  27 413
 315 280 297  48 152 244 284 266  39 402 167 414 322  29 456 362 339 112
 105 212  25  49 206 230 344 372 377 250   7 343 199 261 451 189 135 484
   9 246 395 318  71 406 179 187 101 355 389 384 162 211  91 115 351 329
 202 254 470 475 317 379  82 464 396 467 287 272 290 424 367 373 491 160
 214  63 291 415 347 494 242 378 436  72 445 448 147 460   6 217 268 383
  93 332 220 492 170 158 260  67 270  14 258 457  23 153 309 190  24 480
 177 238 227 122  19 269 267 274   8 255 171 180 184  61 331 178 188 240
 137 446 499  73 390  70 420 483 458 325 374  32 293 387  80  17 357 425
 435 277 281 313 312  68 128 222 223  15 495 209 371  87 233 234 148 172
 157  47  45 306 336 326 364 444 394 145 102 257 193 430 154 150 314 419
  76 353 479 182 119  42  52 382 485  41 288 279 168 117   1 232 432 110
 500 131 361  99 400 342 328  69 354 453  38 124 138 482 191] - 32315826
Solver: RVND, number of workers: 1
Setting feeder affinity
I am the master. There are 1 mpi processes. (hostname = gpu01)
Roots [<pyDF.nodes.Feeder object at 0x7fcd8f079ad0>]
Starting 0
Main loop
I am worker 0
GPU0
set random seed!
Initial: 32315826-[ 56 461 370 271 192 300 310 398 295 375  59 104 327  10 330 208  62  97
 237 159  64 278 201  98  43  60  58 215 469 252 488 204 165 320 109 221
 283 249  85 289 114 146 241 262 120 294 194  95   4 282 386 447 452 319
   2 449 235 118 210 121 163 363 126  53 213 247 410   5 454 455 385 108
  92 141 411 103 497 478 427 307  66 111  26 473 225 489 239 369 245 462
 429 275 323 243 308 356 487 228 477 173 416 407 496  21 216 335 186 132
 334  89 251 359 292  86 360 248 107  90 423 381  35  94 142 441 476 140
 196  13 176  18 263  54 341 303 440  77 401 481 443  51  84 391 428 164
 366  46 226  28 368 346 149 155 434 412 218  30 468 136  44 338 433   3
 231 205 474 169 299 298 463  31  83 285 397 305  57 348 175 376  96 349
  20 408 471 358  65 324 143 224 439 417 442 418 156  12 253 409   0 166
 236 273 181 472 302  75 333 256 301 229  33 438  34 100 259  50 133 127
 431 404 340 197  78 352  11 388 422 345 200  22 459 350 286 144 116  36
 380 321 113 421 276 185 198  88  81 493 405 125 465 129 207  55 337 399
 426 130 183 195 161  40 490 174 498 311 393 296 151  16 466 304 265 139
 316 123 392 219  79  37 450 134 203 437 365 264  74 403 106 486  27 413
 315 280 297  48 152 244 284 266  39 402 167 414 322  29 456 362 339 112
 105 212  25  49 206 230 344 372 377 250   7 343 199 261 451 189 135 484
   9 246 395 318  71 406 179 187 101 355 389 384 162 211  91 115 351 329
 202 254 470 475 317 379  82 464 396 467 287 272 290 424 367 373 491 160
 214  63 291 415 347 494 242 378 436  72 445 448 147 460   6 217 268 383
  93 332 220 492 170 158 260  67 270  14 258 457  23 153 309 190  24 480
 177 238 227 122  19 269 267 274   8 255 171 180 184  61 331 178 188 240
 137 446 499  73 390  70 420 483 458 325 374  32 293 387  80  17 357 425
 435 277 281 313 312  68 128 222 223  15 495 209 371  87 233 234 148 172
 157  47  45 306 336 326 364 444 394 145 102 257 193 430 154 150 314 419
  76 353 479 182 119  42  52 382 485  41 288 279 168 117   1 232 432 110
 500 131 361  99 400 342 328  69 354 453  38 124 138 482 191]
Final time: 6.31466197968s - Best: 1957862-[ 56 495 241 461 493 429 397 498 374 323 327 153 400  23 107  53 150   0
  18 452 235 303 344 116 179 373  44 330 301 380 216 208 109 204 215 447
 411  16 152 102 460 479 451 233 211  94 332 386 336 268 308  72 212 302
   6 248  52 438 403 160 439 129 239 226 457 381 238 265  69 281 203  99
  93 155 307 275  70 387 279 349 251 140 453  42 163 309  55 185 285  43
 278 202 299 292 313 104 272 139 376  21 413 123  91 444 171 282 276 463
  80  84 217  32 469  41 486  48 113 169 121 198 158 464  71 364 174  38
 146 232 142 236 356 339  59  83   7 445 111  39 246   5 112 193  88 419
 382 431 358 416 345 221 421 496 325  67 480 300 384 114  17   1 176 409
 318 497 368 124 277 352  35 379  13 194 500 242 234 442 462  24 465 456
 371  34 476 267 188 289  37 244 441 491  27 101 490 264 220 125 259 143
 418  64 214 483 398 110  85  31 105 331 240 103 132 359 408 427  74 183
  47  29 389 209  77 100 396 357 252  40 206  58 406 433 343 219 118 261
 499  60 347 324 162  66 189  26  50 170  92 168   2 488 377 369 450 311
  45 182  28 383 319  33 351 305 481 117 167 393 273 434  36 119 459   4
 223 284 329  20 294 128  54 410 175 385 138  96  15 440  65 366  49 148
 477 322 120 218 494 430 201 157 467 365 487  25 475 187 473  90 207 354
 141 485 448  95 190 255  97 237 304 306 293 388  68 370 274 227  75 333
  14 484 391 161 312 426 392 455 435 165 191 407 269 432 449 458 350 415
 338 295 131 247 316 115 471 228 159  51 122 199 472 340 443 260 428 355
 145 334 151 363 186 257  46 249 342 231 375 256 127 482 454   9 474 446
 130 401 314  11 283 424 315 173 399 423 361 437 326 210  87  81 362  62
 420 266  82 181 436 195 394  76 346 422 468 230 154 184 287 353 321 258
 106 135 164 360 310   8 149 224 390  61 192  86 196 372 328 297 263 137
 478 270 317 280 296 489 229  63 271 222 166  98  78 348  19 243  73 417
 262 395 245 298 492 133 250 126 205 108 405 147 254 367  57 404 253 156
 402  30 178   3 136 470 200 335 172 213 286 337 414 341  22 180 144 378
  10 425 197 225 134 291 177 288 412  79  89  12 466 290 320]
Value - initial: 32315826, final: 1957862, improveup: 16.5056709819

data-line;i;32315826;f;1957862;t;6.31466197968;c;-2;fv;[1957862L];cv;-1;imp;16.5056709819;type;rvnd;inum;4;w;1

time;6.31466197968;man_time;0;neigh_time;0
man_time;0;man_merge_sol;0;man_best_sol;0;man_combine_sol;0

Waiting [0]
Terminating workers True 0 0
MPI TERMINATING
