pydf_home: /home/rodolfo/git/Sucuri
simple_pycuda_home: /home/rodolfo/git/simple-pycuda
wamca2016path: /home/rodolfo/git/wamca2016/
localpath: /home/rodolfo/git/dvnd-df/code/dvnd-df/src/
WAMCAPATH:/home/rodolfo/git/wamca2016/
param: {solution_index:0, solution_instance_index:21, multi_gpu:True, goal:False, problem_name:ml, number_of_moves:10, device_count:2, solver:rvnd, mpi_enabled:True, workers:1}
Using already created file:  wamca2016lib.so
Size: 52 - file name: 01_berlin52.tsp

Value - initial: 699630-[10 19 16 31 29 37 43 15 30 23 25 26 47 32 36 45  0  7 18  6  4  2 50  3 34
 11 13  9 27 33 14 39 40 28 51 48 42 46 20 41 38  8 24 35 22 49  1 21 44 17
  5 12] - 699630
Solver: RVND, number of workers: 1
Setting feeder affinity
I am the master. There are 1 mpi processes. (hostname = gpu01)
Roots [<pyDF.nodes.Feeder object at 0x7f7bff7eead0>]
Starting 0
Main loop
I am worker 0
GPU0
set random seed!
Initial: 699630-[10 19 16 31 29 37 43 15 30 23 25 26 47 32 36 45  0  7 18  6  4  2 50  3 34
 11 13  9 27 33 14 39 40 28 51 48 42 46 20 41 38  8 24 35 22 49  1 21 44 17
  5 12]
Final time: 0.949589967728s - Best: 151229-[10 50 11 24  3  5 14  4 23 47 37 36 39 38 35 34 33 43 45 15 49 19 22 30 17
 21  0 48 31 44 18  7  9  8 40  2 16 20 41  6  1 29 28 46 25 26 27 42 32 51
 13 12]
Value - initial: 699630, final: 151229, improveup: 4.62629522115

data-line;i;699630;f;151229;t;0.949589967728;c;-2;fv;[151229L];cv;-1;imp;4.62629522115;type;rvnd;inum;0;w;1

time;0.949589967728;man_time;0;neigh_time;0
man_time;0;man_merge_sol;0;man_best_sol;0;man_combine_sol;0

Waiting [0]
Terminating workers True 0 0
MPI TERMINATING
