pydf_home: /home/rodolfo/git/Sucuri
simple_pycuda_home: /home/rodolfo/git/simple-pycuda
wamca2016path: /home/rodolfo/git/wamca2016/
localpath: /home/rodolfo/git/dvnd-df/code/dvnd-df/src/
WAMCAPATH:/home/rodolfo/git/wamca2016/
param: {solution_index:3, solution_instance_index:72, multi_gpu:True, goal:False, problem_name:ml, number_of_moves:10, device_count:2, solver:rvnd, mpi_enabled:True, workers:1}
Using already created file:  wamca2016lib.so
Size: 318 - file name: 04_lin318.tsp

Value - initial: 88821529-[ 91  75 292  52 242 251 112 212 194  49 235 263 264 257 265  24 271 102
 152 200 195  27  69 291 168  79 163 113 267  78  21 125 135 138 117 281
 132 199  15 115 109 224 245  22  61 118 137 189 172  93  45  87 317 290
 229 155 173 220 123  57 306  44  66 300  63  98 140 243 202  20 209 196
 203  84  89 162  97 274 216 230   7  32 156  23 299 193  70  53 148 218
 206  51 303 287  68   3 154 222 266  50   6  41  11 298   1 147  18 254
  43 175 207 210 244 284 214 282  88 256 241 176 217  64 253  10  35  82
 159  46 311  34 190 180 270  96 307  36 259 280  25 107  19  42  62  67
  30 252 182 184  65   4 145  14 232  71 285 225  12  17 305 249 294 158
 316 104 136 157  16  54  40 208 106 238 247 151 186 278 276 114 236 165
 160 197 272  90 269 153   8 240  29 283 124   0 289  81 250  48  13  94
 100 101 258  38 127 231 233 129 143  59 178 105 221  28 103 116  76 301
 164 121  31 177 275 144 141  77 211  83 234 219 142 119  60 213 150 169
  37 215 201  55 131 255 167 192 204 310 297 120  92   2 139 304 188 302
 183  26  33 268 198 146   5  39  80 108  72 223 239 179 149  73 312 134
 128 191  85 187 161 295 226  99 261 227 262 171 130 111 174  58  95 166
 315 309 237 133 277 126 279 313 314  74   9 308 170 110 248 246  56 260
 288 205 296  47 273 228  86 122 181 185 293 286] - 88821529
Solver: RVND, number of workers: 1
Setting feeder affinity
I am the master. There are 1 mpi processes. (hostname = gpu01)
Roots [<pyDF.nodes.Feeder object at 0x7f7ae5224ad0>]
Starting 0
Main loop
I am worker 0
GPU0
set random seed!
Initial: 88821529-[ 91  75 292  52 242 251 112 212 194  49 235 263 264 257 265  24 271 102
 152 200 195  27  69 291 168  79 163 113 267  78  21 125 135 138 117 281
 132 199  15 115 109 224 245  22  61 118 137 189 172  93  45  87 317 290
 229 155 173 220 123  57 306  44  66 300  63  98 140 243 202  20 209 196
 203  84  89 162  97 274 216 230   7  32 156  23 299 193  70  53 148 218
 206  51 303 287  68   3 154 222 266  50   6  41  11 298   1 147  18 254
  43 175 207 210 244 284 214 282  88 256 241 176 217  64 253  10  35  82
 159  46 311  34 190 180 270  96 307  36 259 280  25 107  19  42  62  67
  30 252 182 184  65   4 145  14 232  71 285 225  12  17 305 249 294 158
 316 104 136 157  16  54  40 208 106 238 247 151 186 278 276 114 236 165
 160 197 272  90 269 153   8 240  29 283 124   0 289  81 250  48  13  94
 100 101 258  38 127 231 233 129 143  59 178 105 221  28 103 116  76 301
 164 121  31 177 275 144 141  77 211  83 234 219 142 119  60 213 150 169
  37 215 201  55 131 255 167 192 204 310 297 120  92   2 139 304 188 302
 183  26  33 268 198 146   5  39  80 108  72 223 239 179 149  73 312 134
 128 191  85 187 161 295 226  99 261 227 262 171 130 111 174  58  95 166
 315 309 237 133 277 126 279 313 314  74   9 308 170 110 248 246  56 260
 288 205 296  47 273 228  86 122 181 185 293 286]
Final time: 3.8211619854s - Best: 5924630-[ 91  95  96 100 101  90  84  83  82  81  77  70  67  66  71  76  78  72
  75  79  80  74  73  68  69  65  64 171 172 175 182 186 187 189 188 183
 181 176 184 180 177 173 174 178 179 185 193 194 199 198 204 311 310 306
 305 301 300 192 191 294 293 292 291 287 280 277 276 281 286 288 282 285
 289 290 284 283 278 279 272 271 314 268 265 264 259 257 254 253 256 260
 263 266 267 262 261 255 252 250 251 246 245 235 234 227 226 225 228 233
 236 229 232 237 239 240 241 238 231 230 312 224 220 219 216 215 211 210
 108 109 117 118 121 120 122 129 130 131 128 123 124 127 132 134 135 136
 133 126 125 207 119 115 114 111 110 106 105   3   4   8   7   2   0   1
   5   6   9  10  14 102  20  21  28  29  30  31  32  27  22  19  18  23
  26  25  24  17  15  16  13  12  33  34  38  37 144 208 145 146 147 150
 156 157 162 161 158 155 151 148 149 153 152 154 159 160 209 163  59  60
  86 195 196 200 201 205 206  99  94  93  87  62  61  57  52  51  56  53
  50  46  43  45  42  40  41  36  35 103  39  44  47  49  54  55  48 315
 316  58 104  63  85  92  97  98  88  89 197 202 203 190 168 166 167 165
 164 170 169 273 295 302 298 299 307 308 309 304 303 297 296 275 274 270
 269 317 248 247 244 243 223 222 213 214 218 217 212 221 242 313 249 258
 143 142 138 139 141 140 137 116 112 113 107  11]
Value - initial: 88821529, final: 5924630, improveup: 14.9919115624

data-line;i;88821529;f;5924630;t;3.8211619854;c;-2;fv;[5924630L];cv;-1;imp;14.9919115624;type;rvnd;inum;3;w;1

time;3.8211619854;man_time;0;neigh_time;0
man_time;0;man_merge_sol;0;man_best_sol;0;man_combine_sol;0

Waiting [0]
Terminating workers True 0 0
MPI TERMINATING
