pydf_home: /home/rodolfo/git/Sucuri
simple_pycuda_home: /home/rodolfo/git/simple-pycuda
wamca2016path: /home/rodolfo/git/wamca2016/
localpath: /home/rodolfo/git/dvnd-df/code/dvnd-df/src/
WAMCAPATH:/home/rodolfo/git/wamca2016/
param: {solution_index:2, solution_instance_index:60, multi_gpu:True, goal:False, problem_name:ml, number_of_moves:10, device_count:2, solver:rvnd, mpi_enabled:True, workers:1}
Using already created file:  wamca2016lib.so
Size: 226 - file name: 03_pr226.tsp

Value - initial: 195892767-[  8 108 152 196 210  39 216 104 155  34  70 156 179  79  27  57 176   4
 212 203  25  64 105  89 136 160  85  75 177 118  28 205  95 144 147  13
  35  15 115   9 129 120  60  12 141  19 100 151  40 219  82  52 201 121
 143  20 124  14  72 113  30 211 109 103 145  76  62  68  38  53 116 110
  77 182  18  11 181  45  81 204   2 221 106 200  51 161 111 208   6 222
 214  56  92 132  73 213   7 162 138   3  74 122 217 187  36  80 173 195
  61 135 197  33 102  94  54 190 126 169  26  44  16  83  65 146 101 223
 157  21 125  67  78 159  49   1 137  59  47  88 142 163 180   5  24 148
 206 175  22  91 198  43 128 189 131 134 166  48   0  29 114  71 165 133
 140 168 188 186 192 123 224  90 119  84  50 178  23  97  37 199 171 185
 164 117  69  99 215 194  58 218 225  93  41 139 193 150  98  66  17 220
 130  10 158  63  42 209 207  87 170  86  55  96  31  32 107  46 172 149
 127 112 183 154 153 174 191 184 167 202] - 195892767
Solver: RVND, number of workers: 1
Setting feeder affinity
I am the master. There are 1 mpi processes. (hostname = gpu01)
Roots [<pyDF.nodes.Feeder object at 0x7f25eac49ad0>]
Starting 0
Main loop
I am worker 0
GPU0
set random seed!
Initial: 195892767-[  8 108 152 196 210  39 216 104 155  34  70 156 179  79  27  57 176   4
 212 203  25  64 105  89 136 160  85  75 177 118  28 205  95 144 147  13
  35  15 115   9 129 120  60  12 141  19 100 151  40 219  82  52 201 121
 143  20 124  14  72 113  30 211 109 103 145  76  62  68  38  53 116 110
  77 182  18  11 181  45  81 204   2 221 106 200  51 161 111 208   6 222
 214  56  92 132  73 213   7 162 138   3  74 122 217 187  36  80 173 195
  61 135 197  33 102  94  54 190 126 169  26  44  16  83  65 146 101 223
 157  21 125  67  78 159  49   1 137  59  47  88 142 163 180   5  24 148
 206 175  22  91 198  43 128 189 131 134 166  48   0  29 114  71 165 133
 140 168 188 186 192 123 224  90 119  84  50 178  23  97  37 199 171 185
 164 117  69  99 215 194  58 218 225  93  41 139 193 150  98  66  17 220
 130  10 158  63  42 209 207  87 170  86  55  96  31  32 107  46 172 149
 127 112 183 154 153 174 191 184 167 202]
Final time: 3.04025220871s - Best: 7263263-[  8   9  13  14  10  11  12  70  67  68  69 102 110 111 104 103 112 113
 105 106 114 115 107 108 116 117 109 125 118 119 127 126 120 121 128 130
 122 123 129 131 124 225 224 223 222 221 220 219 218 217 216 215 214 213
 212 211 210 209 208 207 206 205 204 203 202 201 200 199 198 197 196 195
 194 193 192 191 190 189 188 187 186 185 184 183 182 181 180 179 178 177
 176 175 174 173 172 171 170 169 168 167 166 165 164 163 162 161 160 159
 158 157 156 155 154 149 142 141 147 148 140 139 146 144 138 137 145 143
 136  93 101 100  92  91  99  98  90  89  97  96  87  88  95  86  94  62
  61  60  59  58  57  56  55  54  53  52  51  50  49  21  22  23  24  25
  26  28  29  33  34  35  36  43  45  44  47  32  31  30  27  20  19  18
  17  16  15   7   6   5   4   3   2   1   0  72  73  74  75  76  77  78
  79  80  81  82  83  84  85  71  66  64  65  63  48  46  42  41  37  38
  39  40 153 152 151 150 135 134 133 132]
Value - initial: 195892767, final: 7263263, improveup: 26.9703529942

data-line;i;195892767;f;7263263;t;3.04025220871;c;-2;fv;[7263263L];cv;-1;imp;26.9703529942;type;rvnd;inum;2;w;1

time;3.04025220871;man_time;0;neigh_time;0
man_time;0;man_merge_sol;0;man_best_sol;0;man_combine_sol;0

Waiting [0]
Terminating workers True 0 0
MPI TERMINATING
