pydf_home: /home/rodolfo/git/Sucuri
simple_pycuda_home: /home/rodolfo/git/simple-pycuda
wamca2016path: /home/rodolfo/git/wamca2016/
localpath: /home/rodolfo/git/dvnd-df/code/dvnd-df/src/
WAMCAPATH:/home/rodolfo/git/wamca2016/
param: {solution_index:0, solution_instance_index:46, multi_gpu:True, goal:False, problem_name:ml, number_of_moves:10, device_count:2, solver:rvnd, mpi_enabled:True, workers:1}
Using already created file:  wamca2016lib.so
Size: 52 - file name: 01_berlin52.tsp

Value - initial: 670981-[22 49 33 30 21  1  5 47  3 43 40 45 29 16 11 18 44 26 39 35 48 46 38 20 15
  4 24 23 10 14 28 31  9 25 32 42 41 13 37 34  8 27  0 51 17 12 19  6  2  7
 50 36] - 670981
Solver: RVND, number of workers: 1
Setting feeder affinity
I am the master. There are 1 mpi processes. (hostname = gpu01)
Roots [<pyDF.nodes.Feeder object at 0x7f1e1d778ad0>]
Starting 0
Main loop
I am worker 0
GPU0
set random seed!
Initial: 670981-[22 49 33 30 21  1  5 47  3 43 40 45 29 16 11 18 44 26 39 35 48 46 38 20 15
  4 24 23 10 14 28 31  9 25 32 42 41 13 37 34  8 27  0 51 17 12 19  6  2  7
 50 36]
Final time: 1.49001383781s - Best: 139449-[22 30 17 21  0 31 48 35 34 33 38 39 36 37 47 23  4 14  5  3 24 45 43 15 28
 49 19 29  1  6 41 20 16  2 44 18 40  7  8  9 42 32 50 11 27 26 25 46 12 13
 51 10]
Value - initial: 670981, final: 139449, improveup: 4.81165874262

data-line;i;670981;f;139449;t;1.49001383781;c;-2;fv;[139449L];cv;-1;imp;4.81165874262;type;rvnd;inum;0;w;1

time;1.49001383781;man_time;0;neigh_time;0
man_time;0;man_merge_sol;0;man_best_sol;0;man_combine_sol;0

Waiting [0]
Terminating workers True 0 0
MPI TERMINATING
