pydf_home: /home/rodolfo/git/Sucuri
simple_pycuda_home: /home/rodolfo/git/simple-pycuda
wamca2016path: /home/rodolfo/git/wamca2016/
localpath: /home/rodolfo/git/dvnd-df/code/dvnd-df/src/
WAMCAPATH:/home/rodolfo/git/wamca2016/
param: {solution_index:2, solution_instance_index:62, multi_gpu:True, goal:False, problem_name:ml, number_of_moves:10, device_count:2, solver:rvnd, mpi_enabled:True, workers:1}
Using already created file:  wamca2016lib.so
Size: 226 - file name: 03_pr226.tsp

Value - initial: 181810558-[ 67  83 158 167  53  65  85  47 171 174 119  26 137  61 165  76 190  80
 208 197 102  13  79 200  48 213  39 161 189  71 138  36  21 146  95 177
 127 104 124 130 215 114 116 117  34 194 202 186 145  77  66 185 128 105
   0  14 217 112  18  99  25  44 193  87 106 115  98  49  56  46 181 101
  38  33 118 184 220  89  93 203 122  42   1 136  28  75   9  22 201 169
 144 110 188 218  97 212 139 148  52 199  19  70 153 120  30 147  74 183
 143 134 211  15  58 111 168  32 150  12  35  90  43 103  54 175  72 163
 126  91  10   7   8 152 140  78  45 108 109   5   2 191 205 170 219 204
 223 123 173  37  16   6  60 224 192  57 209 141 155 121  11 196   4 216
 133  68  96  40 207  63  81 157 100  73  20  94 179 162  69 206  17  88
  59  84  24 125 142  23 221 176 214 195  41 222  62 132 151  82  51  31
 149  27 135  29 154 178  92 156  86 210 164  64 131 198 187 107 166 225
 159 180 182 172  55   3 129  50 160 113] - 181810558
Solver: RVND, number of workers: 1
Setting feeder affinity
I am the master. There are 1 mpi processes. (hostname = gpu01)
Roots [<pyDF.nodes.Feeder object at 0x7f9052619ad0>]
Starting 0
Main loop
I am worker 0
GPU0
set random seed!
Initial: 181810558-[ 67  83 158 167  53  65  85  47 171 174 119  26 137  61 165  76 190  80
 208 197 102  13  79 200  48 213  39 161 189  71 138  36  21 146  95 177
 127 104 124 130 215 114 116 117  34 194 202 186 145  77  66 185 128 105
   0  14 217 112  18  99  25  44 193  87 106 115  98  49  56  46 181 101
  38  33 118 184 220  89  93 203 122  42   1 136  28  75   9  22 201 169
 144 110 188 218  97 212 139 148  52 199  19  70 153 120  30 147  74 183
 143 134 211  15  58 111 168  32 150  12  35  90  43 103  54 175  72 163
 126  91  10   7   8 152 140  78  45 108 109   5   2 191 205 170 219 204
 223 123 173  37  16   6  60 224 192  57 209 141 155 121  11 196   4 216
 133  68  96  40 207  63  81 157 100  73  20  94 179 162  69 206  17  88
  59  84  24 125 142  23 221 176 214 195  41 222  62 132 151  82  51  31
 149  27 135  29 154 178  92 156  86 210 164  64 131 198 187 107 166 225
 159 180 182 172  55   3 129  50 160 113]
Final time: 2.81442689896s - Best: 7033595-[ 67  70  12  11  10  14  13   9   8   6   5   4   3   2   1  72  73  74
  75  76  77  78  79  80  81  82  83  84  85 110 102 104 111 112 103 105
 113 114 106 107 115 116 108 109 117 125 118 119 127 126 120 121 128 130
 122 123 129 131 124 225 224 223 222 221 220 219 218 217 216 215 214 213
 212 211 210 209 208 207 206 205 204 203 202 201 200 199 198 197 196 195
 194 193 192 191 190 189 188 187 186 185 184 183 182 181 180 179 178 177
 176 175 174 173 172 171 170 169 168 167 166 165 164 163 162 161 160 159
 158 157 156 155 154 153 152 151 150 148 147 149 142 141 140 139 146 144
 138 137 145 143 136 101  93  92 100  99  91  90  98  97  89  87  96  95
  88  86  94  42  41  38  37  36  43  45  44  47  32  31  30  35  34  33
  29  28  27  26  25  24  23  22  21  20  49  50  51  52  53  54  55  56
  57  58  59  60  61  62  63  64  18  17  16  66  15   7   0  71  68  69
  65 132 133 134 135  19  48  46  39  40]
Value - initial: 181810558, final: 7033595, improveup: 25.8488806933

data-line;i;181810558;f;7033595;t;2.81442689896;c;-2;fv;[7033595L];cv;-1;imp;25.8488806933;type;rvnd;inum;2;w;1

time;2.81442689896;man_time;0;neigh_time;0
man_time;0;man_merge_sol;0;man_best_sol;0;man_combine_sol;0

Waiting [0]
Terminating workers True 0 0
MPI TERMINATING
