pydf_home: /home/rodolfo/git/Sucuri
simple_pycuda_home: /home/rodolfo/git/simple-pycuda
wamca2016path: /home/rodolfo/git/wamca2016/
localpath: /home/rodolfo/git/dvnd-df/code/dvnd-df/src/
WAMCAPATH:/home/rodolfo/git/wamca2016/
param: {solution_index:7, solution_instance_index:1, multi_gpu:True, goal:False, problem_name:ml, number_of_moves:10, device_count:2, solver:rvnd, mpi_enabled:True, workers:1}
Using already created file:  wamca2016lib.so
Size: 1001 - file name: 08_TRP-S1000-R1.tsp

Value - initial: 129395497-[956 507 409 ..., 149 422 563] - 129395497
Solver: RVND, number of workers: 1
Setting feeder affinity
I am the master. There are 1 mpi processes. (hostname = gpu01)
Roots [<pyDF.nodes.Feeder object at 0x7f85c81d1ad0>]
Starting 0
Main loop
I am worker 0
GPU0
set random seed!
Initial: 129395497-[956 507 409 ..., 149 422 563]
Final time: 28.1533589363s - Best: 5535436-[956 732 573 ..., 104 347 518]
Value - initial: 129395497, final: 5535436, improveup: 23.3758455522

data-line;i;129395497;f;5535436;t;28.1533589363;c;-2;fv;[5535436L];cv;-1;imp;23.3758455522;type;rvnd;inum;7;w;1

time;28.1533589363;man_time;0;neigh_time;0
man_time;0;man_merge_sol;0;man_best_sol;0;man_combine_sol;0

Waiting [0]
Terminating workers True 0 0
MPI TERMINATING
