pydf_home: /home/rodolfo/git/Sucuri
simple_pycuda_home: /home/rodolfo/git/simple-pycuda
wamca2016path: /home/rodolfo/git/wamca2016/
localpath: /home/rodolfo/git/dvnd-df/code/dvnd-df/src/
WAMCAPATH:/home/rodolfo/git/wamca2016/
param: {solution_index:5, solution_instance_index:99, multi_gpu:True, goal:False, problem_name:ml, number_of_moves:10, device_count:2, solver:rvnd, mpi_enabled:True, workers:1}
Using already created file:  wamca2016lib.so
Size: 657 - file name: 06_d657.tsp

Value - initial: 276761380-[645 564 349 635 581  22 592 551 522 195 119 534  13  34 122 355  86 377
 421  59 513 228 391 474 136  67 347 570 651 196 434 509 236  33 106 422
 606 502  51 340 159 497 458 647 216  99 283 150 323 260 488 652 596  48
 203  25 505 589 413 591 365 242 154 205  61 556 212 201  92 540 579  82
  29 461 370 450  55 264 213  75 406  27 405 252 638 656  16 320 224 274
 466 206 103 232 496 550  66 235  65 254 620 566 479 619 113 245 486 170
 559 404 158  43 322 490 156 175 469 452 433 354 476 317 358 487 218 500
 157 191 249 567 258 460 451 239 613 588 327  23 160 351 200 227 181 408
 511 237 641 147 305 248 419 306  41  35 301 464  14 640 123 649 295 185
 270 615 311 552 542 409 337 472 256 146 498 642 520 374 222 110 447  37
 115 279 655 631 286 328 243 182 616 238 585   4 590 330 329 438 313 375
 423 284 269 202 584 455 141 214  24 167 603 388 459 572 444 604 541 445
 325 379  87 465 546 105 332  91 257 384 186 102 539 144 557 427 525 288
 192 143 636 489 276  73 629  64 416 482 100  31  69 462 277   6  88 104
 361 634 549 415  71 395 178 126 255  47 493 491 124 392 439 401 204 580
 366 576 353 272 348 280 234 188 261 364 518 608 463 517 219 554 314 508
 189 241 373  53 250 595 519 562  84 467 151 424 380 528 369 530 210 599
  54 107 412 507 162 637 304 198 376 529 503  50 129 477 133 338 302 536
 266 475  85 265 440 504   9  76 183 333 282 334 108 287 436 411 139 639
 362 577 112 339   5 215  74  19 621 583 372  17 342 336 601 420 296  89
  11 321 132 230 515 303  68 240   1 385 654 135 453 443 197 628 262 387
 600 622 605 291   2 173 164 390 627 152 165 501 548  58  12 543 207 396
  10  20 449  46 267 586 298 644 414  57 130   3 168 430 128 569 537 607
 244 609 285  79 435  44 531 174 194 544  52 117 614 208 468 275 226 516
 331 625 495 299 220  95 180 526 650   7 293  26 602  70 594 308 343 145
 172 335  93 153 514 346 341 120 480   8  49 209 131 101 506 400  77 492
 523 221 403 425 363  60 268 485 155 478 527 393 446 386  56 273 225 578
  30 177 510 582  63 618 217 187 547 571 538 431  21 382  96  28 563 352
 402 381 179 169  18 111 568 307 473 545 623 398 318 383 555 521 357 315
 199 394 138 253 481 432 399 593  78  94 597 457 297 294 309 454 378 316
 246 437  62 247 371 407 281 611 319 653 598  90 161 292 389 140 263 184
 617  39 417  32 553 524  40 471 163 533 229 290 535 278 121 426 326 574
 494 142 428  42 499 193 397 149  81 166 310 456 418 125 643 300 359  45
 176 587 116 560 118 470 610 633 350 324 632 223 345 484  72 259  36 233
 289 442 573 344 410 612 356 109 429 367 441  97 171 512 575 448  83 360
 648 630  80  15   0 211 148 114 127 558 483 626 368  98 532 137 565 312
 231 271 134 624  38 561 251 646 190] - 276761380
Solver: RVND, number of workers: 1
Setting feeder affinity
I am the master. There are 1 mpi processes. (hostname = gpu01)
Roots [<pyDF.nodes.Feeder object at 0x7fccc0f7cad0>]
Starting 0
Main loop
I am worker 0
GPU0
set random seed!
Initial: 276761380-[645 564 349 635 581  22 592 551 522 195 119 534  13  34 122 355  86 377
 421  59 513 228 391 474 136  67 347 570 651 196 434 509 236  33 106 422
 606 502  51 340 159 497 458 647 216  99 283 150 323 260 488 652 596  48
 203  25 505 589 413 591 365 242 154 205  61 556 212 201  92 540 579  82
  29 461 370 450  55 264 213  75 406  27 405 252 638 656  16 320 224 274
 466 206 103 232 496 550  66 235  65 254 620 566 479 619 113 245 486 170
 559 404 158  43 322 490 156 175 469 452 433 354 476 317 358 487 218 500
 157 191 249 567 258 460 451 239 613 588 327  23 160 351 200 227 181 408
 511 237 641 147 305 248 419 306  41  35 301 464  14 640 123 649 295 185
 270 615 311 552 542 409 337 472 256 146 498 642 520 374 222 110 447  37
 115 279 655 631 286 328 243 182 616 238 585   4 590 330 329 438 313 375
 423 284 269 202 584 455 141 214  24 167 603 388 459 572 444 604 541 445
 325 379  87 465 546 105 332  91 257 384 186 102 539 144 557 427 525 288
 192 143 636 489 276  73 629  64 416 482 100  31  69 462 277   6  88 104
 361 634 549 415  71 395 178 126 255  47 493 491 124 392 439 401 204 580
 366 576 353 272 348 280 234 188 261 364 518 608 463 517 219 554 314 508
 189 241 373  53 250 595 519 562  84 467 151 424 380 528 369 530 210 599
  54 107 412 507 162 637 304 198 376 529 503  50 129 477 133 338 302 536
 266 475  85 265 440 504   9  76 183 333 282 334 108 287 436 411 139 639
 362 577 112 339   5 215  74  19 621 583 372  17 342 336 601 420 296  89
  11 321 132 230 515 303  68 240   1 385 654 135 453 443 197 628 262 387
 600 622 605 291   2 173 164 390 627 152 165 501 548  58  12 543 207 396
  10  20 449  46 267 586 298 644 414  57 130   3 168 430 128 569 537 607
 244 609 285  79 435  44 531 174 194 544  52 117 614 208 468 275 226 516
 331 625 495 299 220  95 180 526 650   7 293  26 602  70 594 308 343 145
 172 335  93 153 514 346 341 120 480   8  49 209 131 101 506 400  77 492
 523 221 403 425 363  60 268 485 155 478 527 393 446 386  56 273 225 578
  30 177 510 582  63 618 217 187 547 571 538 431  21 382  96  28 563 352
 402 381 179 169  18 111 568 307 473 545 623 398 318 383 555 521 357 315
 199 394 138 253 481 432 399 593  78  94 597 457 297 294 309 454 378 316
 246 437  62 247 371 407 281 611 319 653 598  90 161 292 389 140 263 184
 617  39 417  32 553 524  40 471 163 533 229 290 535 278 121 426 326 574
 494 142 428  42 499 193 397 149  81 166 310 456 418 125 643 300 359  45
 176 587 116 560 118 470 610 633 350 324 632 223 345 484  72 259  36 233
 289 442 573 344 410 612 356 109 429 367 441  97 171 512 575 448  83 360
 648 630  80  15   0 211 148 114 127 558 483 626 368  98 532 137 565 312
 231 271 134 624  38 561 251 646 190]
Final time: 10.8591439724s - Best: 14764864-[645 646 644 643 647 649 650 651 562 561 564 560 565 563 558 553 548 547
 546 545 544 631 632 633 634 635 639 638 637 636 640 641 642 536 537 534
 535 532 531 529 533 530 524 522 525 526 527 521 520 474 475 457 456 473
 459 460 455 454 451 452 450 448 449 453 458 464 462 463 466 468 461 465
 467 470  56  67  76  83  89  94  88  87  95 497 494 491 486 490 485 480
 481 487 488 489 492 495 500 501 503 502 504 126 135 125 506 505 124 127
 145 144 134 146 151 167 153 143 150 158 166 179 184 177 154 149 121 105
 112 122 106 111 107 100  96  82  75  81  80  71  70  90 104 120 139 148
 161 170 171 169 119 113  99  92  86  69  59  55  48  52  57  65  72  85
 103 118 114 102  91  97  98  93  74  63  68  73  77  84 115 132 140 155
 168 172 178 185 195 197 199 198 191 186 180 181 187 204 225 236 248 254
 241 232 221 247 251 227 219 214 208 207 226 224 228 243 255 259 284 270
 276 300 310 320 326 350 369 365 377 386 401 405 414 423 431 424 410 419
 425 413 406 402 395 396 385 376 368 374 379 384 394 403 407 412 433 434
 429 417 411 382 367 362 338 344 353 336 343 354 375 380 383 381 360 355
 331 356 337 607 610 606 605 601 600 598 279 592 280 266 258 273 265 245
 222 216 212 205 203 193 174 160 136 133 507 499 498 496 493 484 514 515
 518 517 516 513 512 528 509 508 510 159 189 182 173 183 194 200 201 202
 580 229 246 257 586 581 582 578 574 570 566 557 555 554 550 549 543 542
 541 540 539 538 523 519 477 476 478 479 472 482 483 471  62  51  47  61
  66  58  46  42  38  37  34 469  31  25 441 446 447 443 440  23  26  27
  30  29  22 445 444  19  18  13  17  16  14  15  20  28  40  50  54  49
  44  45  41  39  36  35  33  32   7   9   8  10   1   2   3   4  53  60
  64  79  78   6   5 117 131 138 129 128 116 130 137 142 162 164 190 196
 206 209 217 218 234 220 230 238 239 253 261 271 263 264 288 293 299 303
 324 334 346 340 323 317 307 322 335 345 341 347 361 372 391 398 389 400
 404 415 421 422 397 388 370 364 349 348 342 325 321 309 308 292 287 275
 294 260 268 252 242 250 223 192 188 176 123 110 108 109 152 175 211 233
 244 256 267 282 286 283 274 272 277 291 312 305 304 311 327 318 333 357
 351 358 373 378 366 363 352 359 339 328 313 314 315 332 329 316 330 319
 301 285 278 281 295 302 296 297 306 589 595 591 596 597 602 609 604 603
 599 593 590 587 588 585 579 575 656 655 654 627 653 652 648 630 629 628
 552 551 556 559 511 567 571 569 568 626 572 573 577 576 584 583 594 611
 612 614 621 623 619 613 615 616 617 618 620 622 408 624 625 427 426 393
 418 428 392 432 387 430 435 436 439 437 438 420 409 416 390 399 371 298
 290 262 289 269 237 231 235 210 163 156 141 101  11  12  24  21 442  43
 147 157 165 240 215 249 213 608   0]
Value - initial: 276761380, final: 14764864, improveup: 18.7445939224

data-line;i;276761380;f;14764864;t;10.8591439724;c;-2;fv;[14764864L];cv;-1;imp;18.7445939224;type;rvnd;inum;5;w;1

time;10.8591439724;man_time;0;neigh_time;0
man_time;0;man_merge_sol;0;man_best_sol;0;man_combine_sol;0

Waiting [0]
Terminating workers True 0 0
MPI TERMINATING
