pydf_home: /home/rodolfo/git/Sucuri
simple_pycuda_home: /home/rodolfo/git/simple-pycuda
wamca2016path: /home/rodolfo/git/wamca2016/
localpath: /home/rodolfo/git/dvnd-df/code/dvnd-df/src/
WAMCAPATH:/home/rodolfo/git/wamca2016/
param: {solution_index:3, solution_instance_index:76, multi_gpu:True, goal:False, problem_name:ml, number_of_moves:10, device_count:2, solver:rvnd, mpi_enabled:True, workers:1}
Using already created file:  wamca2016lib.so
Size: 318 - file name: 04_lin318.tsp

Value - initial: 94578464-[148  93 291 248 267 223 191 156 228 126 313 222  33 105 176 286 131 162
 194  90  24 260 237 219 127 246 251 165  52  94  43   3 229  49  74  21
 104 145 187 233 139  61  66  15 242  48  40  47 257 232 188 192 140 244
  91  42 100  26 276 240 287 157 264  75 253  51 204  50  87 151   7  56
 161 306  25 308 205  16  58 317 144 166 210   8  46 193  13 277  62  77
 207  88 117 300 292  53 245  89 209 239 142  83  27 159  44 224 125 190
 299 236  92 164 225 138  71 284 174  14 198 315 130 112 172 109 290 259
  68  80 314   0 122  54 307 171  18 270 230 113 301  28 311 133   1  96
 296 269  64 123  99 108 149 254 234 199 252 309 147 179  57 231  98 128
 182 258 274 169  20 216 110  67 278  70 195 275  59 185 101 119  76  41
 255 106 203 213 235  82 168  81 289 220 167 107 297 201 212 285 279 282
 303 247 281  37 294 243  85 214 280 298  34   5 266 129 208 116 211  97
 160 288  29  63 256 186 183  95  22 263 136 215  31 177 118 305 152  55
  12 143 226  38 295 103  19  86 141 261 124 218  17 134  69 180 221 189
 115 227 238  65 181 206 132 249 272  45  84 163 312 153 175  11 310  60
   2 135   6 268  72  79 154 271 304 265 200  10 102 293 283 217 241 196
  32  78  36 114 178  35 121  23 150   4 197  73 146 202 111   9 184 137
 262 120 158 302 273  30 173 250 155 170 316  39] - 94578464
Solver: RVND, number of workers: 1
Setting feeder affinity
I am the master. There are 1 mpi processes. (hostname = gpu01)
Roots [<pyDF.nodes.Feeder object at 0x7f546b078ad0>]
Starting 0
Main loop
I am worker 0
GPU0
set random seed!
Initial: 94578464-[148  93 291 248 267 223 191 156 228 126 313 222  33 105 176 286 131 162
 194  90  24 260 237 219 127 246 251 165  52  94  43   3 229  49  74  21
 104 145 187 233 139  61  66  15 242  48  40  47 257 232 188 192 140 244
  91  42 100  26 276 240 287 157 264  75 253  51 204  50  87 151   7  56
 161 306  25 308 205  16  58 317 144 166 210   8  46 193  13 277  62  77
 207  88 117 300 292  53 245  89 209 239 142  83  27 159  44 224 125 190
 299 236  92 164 225 138  71 284 174  14 198 315 130 112 172 109 290 259
  68  80 314   0 122  54 307 171  18 270 230 113 301  28 311 133   1  96
 296 269  64 123  99 108 149 254 234 199 252 309 147 179  57 231  98 128
 182 258 274 169  20 216 110  67 278  70 195 275  59 185 101 119  76  41
 255 106 203 213 235  82 168  81 289 220 167 107 297 201 212 285 279 282
 303 247 281  37 294 243  85 214 280 298  34   5 266 129 208 116 211  97
 160 288  29  63 256 186 183  95  22 263 136 215  31 177 118 305 152  55
  12 143 226  38 295 103  19  86 141 261 124 218  17 134  69 180 221 189
 115 227 238  65 181 206 132 249 272  45  84 163 312 153 175  11 310  60
   2 135   6 268  72  79 154 271 304 265 200  10 102 293 283 217 241 196
  32  78  36 114 178  35 121  23 150   4 197  73 146 202 111   9 184 137
 262 120 158 302 273  30 173 250 155 170 316  39]
Final time: 1.98308086395s - Best: 6060782-[148 151 155 158 161 166 167 174 173 178 179 185 184 180 177 183 181 176
 171 172 175 182 186 187 188 189  86  87  69  68  73  74  80  79  75  72
  71  76  78  83  82  81  77  70  67  66  63 104  55  54  49  47  44  43
  46  50  53  56  57  52  51  45  42  40  41  36  35  32  27  22  19  29
  30  31  28  21  20 102  14  10   9   6   5   1   0   2  11  18  23  26
  25  24  17  15  16   4   3 105 106 110 111 114 115 119 116 120 121 122
 129 130 131 128 123 132 127 124 207 125 126 133 134 135 136 137 140 141
 139 138 142 143 258 257 259 264 265 268 314 266 263 260 256 253 254 249
 313 242 241 240 239 238 231 230 117 118 109 108 210 211 215 216 219 220
 224 312 229 232 237 236 233 228 225 226 227 234 235 245 246 251 250 252
 255 261 262 267 271 272 279 278 283 284 290 299 298 295 288 286 281 289
 285 282 273 276 277 280 287 291 292 293 294 300 301 305 306 310 311 204
 199 198 192 191 170 169 164 165 162 157 156 150 147 146 145 208  33  34
  38  37 144 153 149 152 154 159 160 163 209 168 190 195 196 200 201 205
 206  99  98  97  92 101 100  96  95  91  90  84  85  88  89  94  93 197
 202 203 193 194 302 307 308 309 304 303 297 296 275 274 270 269 317 248
 247 244 243 223 222 213 214 218 217 212 221 113 112 107  12  13   8   7
 103  39  48 315 316  58  61  62  60  59  64  65]
Value - initial: 94578464, final: 6060782, improveup: 15.604993547

data-line;i;94578464;f;6060782;t;1.98308086395;c;-2;fv;[6060782L];cv;-1;imp;15.604993547;type;rvnd;inum;3;w;1

time;1.98308086395;man_time;0;neigh_time;0
man_time;0;man_merge_sol;0;man_best_sol;0;man_combine_sol;0

Waiting [0]
Terminating workers True 0 0
MPI TERMINATING
