pydf_home: /home/rodolfo/git/Sucuri
simple_pycuda_home: /home/rodolfo/git/simple-pycuda
wamca2016path: /home/rodolfo/git/wamca2016/
localpath: /home/rodolfo/git/dvnd-df/code/dvnd-df/src/
WAMCAPATH:/home/rodolfo/git/wamca2016/
param: {solution_index:0, solution_instance_index:91, multi_gpu:True, goal:False, problem_name:ml, number_of_moves:10, device_count:2, solver:rvnd, mpi_enabled:True, workers:1}
Using already created file:  wamca2016lib.so
Size: 52 - file name: 01_berlin52.tsp

Value - initial: 775562-[ 8 32 23 29  7 48 11 39 31 40 36 47 25  0 27 20 35 26 18  5 17 19  3 46 13
  2 38 15 21 30 50 22 49 16  4  6 10 44 51 41  9 33 14 37  1 12 24 28 34 43
 45 42] - 775562
Solver: RVND, number of workers: 1
Setting feeder affinity
I am the master. There are 1 mpi processes. (hostname = gpu01)
Roots [<pyDF.nodes.Feeder object at 0x7f0881e71ad0>]
Starting 0
Main loop
I am worker 0
GPU0
set random seed!
Initial: 775562-[ 8 32 23 29  7 48 11 39 31 40 36 47 25  0 27 20 35 26 18  5 17 19  3 46 13
  2 38 15 21 30 50 22 49 16  4  6 10 44 51 41  9 33 14 37  1 12 24 28 34 43
 45 42]
Final time: 1.25241017342s - Best: 154678-[ 8  7 40 18 44 31 48 34 35 38 39 37 47 23  4  5 14 36 33 43 21  0 17 30 20
 22 19 49 15 45 24 27 26 25 46 13 12 51 10 50 11  3 29 28 41  1  6 16  2 32
 42  9]
Value - initial: 775562, final: 154678, improveup: 5.0140420745

data-line;i;775562;f;154678;t;1.25241017342;c;-2;fv;[154678L];cv;-1;imp;5.0140420745;type;rvnd;inum;0;w;1

time;1.25241017342;man_time;0;neigh_time;0
man_time;0;man_merge_sol;0;man_best_sol;0;man_combine_sol;0

Waiting [0]
Terminating workers True 0 0
MPI TERMINATING
