pydf_home: /home/rodolfo/git/Sucuri
simple_pycuda_home: /home/rodolfo/git/simple-pycuda
wamca2016path: /home/rodolfo/git/wamca2016/
localpath: /home/rodolfo/git/dvnd-df/code/dvnd-df/src/
WAMCAPATH:/home/rodolfo/git/wamca2016/
param: {solution_index:4, solution_instance_index:86, multi_gpu:True, goal:False, problem_name:ml, number_of_moves:10, device_count:2, solver:rvnd, mpi_enabled:True, workers:1}
Using already created file:  wamca2016lib.so
Size: 501 - file name: 05_TRP-S500-R1.tsp

Value - initial: 34094228-[ 72 329 497 476 388  76 477 426 163 336 443 416 391 429 422 457 396 456
  52 161  71 440 407  47 246 287   3 444 324 224 276 322 373 492 442 218
 278 304  34 488 239  92 412 155 348  13 210 253 184 100 493  18 113 320
 354 423 264 207 289  23 198 206 385 201  41 490 372 351  50   9 364 217
 346 160 294  25 389 146 479  93 369 169 419 283 293  57 140  11 342 208
  38  22  43 244  20   7 335  48  63 459 247 153 473 374 484 277 180 465
  32 368 252 401 103 279  15  27 500 449 350  83 345 115  82  30  53 174
 390 467  39 432 237  62 306  85 159 175 466 297 119 121 232 129 468 273
  24 137 313 275 300  68 190  70 366 248 298 481 281 404 341 469  86  89
 424 339 171 319 102 205  45 282 211  35  19  36 104 446 267 145 185 280
 149 165 112 337  98 394 261 214 371 439 266  46  49 272 170 209  40 114
 130 483 356 448 499 222 258  97 242 265 177 314  26 199  95 274  60 173
 445 327 421 309 307 291  16 328 225 395  91 353 143  10 181 263 262  44
  17 147 249 463 166  99 124 187 344 219 486 454 269  65 408 428 384   8
 433 122 325 231 192 189 179 285 183 358 386  96   6 393 334  73 425 238
 498 406 399 494 250 212 427 450  33 370 138 164 150 240 387 188 229 134
 403 430  59 194 462  74 311 118  56 478 254  14 308 330  79 191 398 234
 303 414 101 474 375 321 158 367  64 301 255 142 333  61 332 178 359 151
 361 480 379  51 139 109 162 176  12 392 186 491 241 120 380 365 125 461
 347 417 193 418 410 144 116 362 437 464 472 413  21 397 123 299 260  31
 295 460 349 284 292  75  78 236 117 148 331 326 215 441 245 257  58 310
 167 256 290 451 355  28 154 227 132 409 213 136 383 487  94  67 259 323
 226 420 343  37 107 152 316 378 126 360   0 168 455 271 338 352 110 270
 485 202 286 251  80 438 496 230 106 495  87 108 402  69 196   5 216 381
 302 471 172 182 220 235 195 400 363  55 312 128  81 382 288 315 435 475
 357 221 156 203 482 376 377  90 268 340 157 317 204 135 411   2  42 131
 243 452   4  84 453 141 296 228 458 223 200 405 470  66 318 305  88 434
 127 447 233 105 111   1 133 436  77 197 489 431  54  29 415] - 34094228
Solver: RVND, number of workers: 1
Setting feeder affinity
I am the master. There are 1 mpi processes. (hostname = gpu01)
Roots [<pyDF.nodes.Feeder object at 0x7fc07f35fad0>]
Starting 0
Main loop
I am worker 0
GPU0
set random seed!
Initial: 34094228-[ 72 329 497 476 388  76 477 426 163 336 443 416 391 429 422 457 396 456
  52 161  71 440 407  47 246 287   3 444 324 224 276 322 373 492 442 218
 278 304  34 488 239  92 412 155 348  13 210 253 184 100 493  18 113 320
 354 423 264 207 289  23 198 206 385 201  41 490 372 351  50   9 364 217
 346 160 294  25 389 146 479  93 369 169 419 283 293  57 140  11 342 208
  38  22  43 244  20   7 335  48  63 459 247 153 473 374 484 277 180 465
  32 368 252 401 103 279  15  27 500 449 350  83 345 115  82  30  53 174
 390 467  39 432 237  62 306  85 159 175 466 297 119 121 232 129 468 273
  24 137 313 275 300  68 190  70 366 248 298 481 281 404 341 469  86  89
 424 339 171 319 102 205  45 282 211  35  19  36 104 446 267 145 185 280
 149 165 112 337  98 394 261 214 371 439 266  46  49 272 170 209  40 114
 130 483 356 448 499 222 258  97 242 265 177 314  26 199  95 274  60 173
 445 327 421 309 307 291  16 328 225 395  91 353 143  10 181 263 262  44
  17 147 249 463 166  99 124 187 344 219 486 454 269  65 408 428 384   8
 433 122 325 231 192 189 179 285 183 358 386  96   6 393 334  73 425 238
 498 406 399 494 250 212 427 450  33 370 138 164 150 240 387 188 229 134
 403 430  59 194 462  74 311 118  56 478 254  14 308 330  79 191 398 234
 303 414 101 474 375 321 158 367  64 301 255 142 333  61 332 178 359 151
 361 480 379  51 139 109 162 176  12 392 186 491 241 120 380 365 125 461
 347 417 193 418 410 144 116 362 437 464 472 413  21 397 123 299 260  31
 295 460 349 284 292  75  78 236 117 148 331 326 215 441 245 257  58 310
 167 256 290 451 355  28 154 227 132 409 213 136 383 487  94  67 259 323
 226 420 343  37 107 152 316 378 126 360   0 168 455 271 338 352 110 270
 485 202 286 251  80 438 496 230 106 495  87 108 402  69 196   5 216 381
 302 471 172 182 220 235 195 400 363  55 312 128  81 382 288 315 435 475
 357 221 156 203 482 376 377  90 268 340 157 317 204 135 411   2  42 131
 243 452   4  84 453 141 296 228 458 223 200 405 470  66 318 305  88 434
 127 447 233 105 111   1 133 436  77 197 489 431  54  29 415]
Final time: 7.72241592407s - Best: 1975567-[ 72 308 268 336 386 332  94 102 460 479 211 233 451 216 208 380 301 330
  44 373 179 116 344 137 478 317 280 296 489 229  63 271 153 400  23 107
  53 222 342 314 401 474 446 130  37 289 188 267 476  34 371 456 465  24
  11 283 462 442 399 423 361  56 495 241 461 493 429 397 498 173 315 424
 374 323 327 320 310 360 164 135 106 258 321 353 287 198 464  71 364 174
 146  38 436 195 394  76 266 420  62 362  81  87 210 326 277 352  13 379
  35 368  10 378 132  74 427 408 359 103 240 331 105  31  85 110 398 483
 214  64 418  66 162 324 347  60 383  28 182  45 311 450 369 377 488   2
 168 170  50  26 189 143 259 125 220 264 490 101  27 491 244 441 225 159
 228 471 115 316  51 122 199 472   9 482 127 256 375 231 249  46 257 145
 355 428 260 340 443 291 165 269 191 407 156  20  54 128 294 402 253 404
  57 367 435 455 392 475 187 473  90  25 487 365 207 354 141 485 448  95
 190 255  97  79 412 391 484  14 333  75 161 312 426 205 126 250 227 298
 245 274 370  68 388 306 293 212 302   6 248  52 438  16 215 447 411 403
 160 439 129 239 226 457 381 238 265  69 281 203 290  99  93 307 155 466
  89  12 275  70 387 279 349 251 140 453  42 163 309  55 185 285  43 278
 202 299 292 196 372 328 297 263 313 104 272 139 376  21 413  86 123  91
 444 171 282 276 217  84  80  32 469  41 486  83  59 339 445   7 111  39
 246   5 356 236 142 112 193  88 419 382 431 181  82 358 416 345 221 421
 496 325  67 480 300 384 114  17   1 144  40 252 357 206  58 406 433 343
 219 261 118 100  77 396 180  47  29 389 209 499 319  33  22 341 414 337
 286 213 172 335 200 470 136 351 305 481 117 167 393 273 434  36 119 459
 178   4 223 284 329 410 175 385 138  96  15 440  65 366  49 148 477 322
 120 218 494 430 467 201 157 254 147 405 108 151 334 363 186  98 166  78
 417  73 243  19 348 303 235 452  18   0 150 270  61 390 224 149   8 463
  48 113 121 169 158 154 184 230 468 346 422 437 234 242 500 194 124 497
 176 409 318 183 425 247 350 415 338 131 295 458 449 432 134 454 133 492
 262 395 109 204 152 304 237 288 177  30   3  92 197 192 232]
Value - initial: 34094228, final: 1975567, improveup: 17.2579456936

data-line;i;34094228;f;1975567;t;7.72241592407;c;-2;fv;[1975567L];cv;-1;imp;17.2579456936;type;rvnd;inum;4;w;1

time;7.72241592407;man_time;0;neigh_time;0
man_time;0;man_merge_sol;0;man_best_sol;0;man_combine_sol;0

Waiting [0]
Terminating workers True 0 0
MPI TERMINATING
