pydf_home: /home/rodolfo/git/Sucuri
simple_pycuda_home: /home/rodolfo/git/simple-pycuda
wamca2016path: /home/rodolfo/git/wamca2016/
localpath: /home/rodolfo/git/dvnd-df/code/dvnd-df/src/
WAMCAPATH:/home/rodolfo/git/wamca2016/
param: {solution_index:5, solution_instance_index:49, multi_gpu:True, goal:False, problem_name:ml, number_of_moves:10, device_count:2, solver:rvnd, mpi_enabled:True, workers:1}
Using already created file:  wamca2016lib.so
Size: 657 - file name: 06_d657.tsp

Value - initial: 284393151-[549 213 579 137 471 177 276 648 422  36 618 290 407 328 404 263 544 272
 491 412 335 563 281 151  24 241 505  72 145  14 252 107 338 477 343   4
 193  99 361 490  28 464 386  57 432 562  78 115 197 304  30 375 550 194
 528 292 320 350 308 548 441 638 427 345 106 134 620 319 305 433 637 585
 512 552 409 506 238 624 586 626 547 434  73 223  35 518 330 482 181 301
 372 601  31 589 393 245 139 346 551 127 349 152 652 420 436 487  69 389
 274 399   5 183 339 411  43 642 384 120 271 410 187 229 559  58 613 196
 278 230 371 383 317 650  76 493 647 403 116 583 130  65 140 357 256 105
 165 489 470 475 606  85 268 573 604 413 261 445 322  20 499 577 656 545
 341 210  50 250 150 249 443 101 352 258 497 164 584 331 484  17 558 133
 462 240 324 302 555 632 248  47 131 275 126 634 253   8 347 114 607  23
 546  62 212 390 202 108  56  83 571  61 542 365  59 628 163 297 260 488
 517 533 149 426  41 617 486 235 295 195 379 472  55 438  94  18  74 221
 388  92 155 537 257 622 179 467 219 315 605 118 353 203 640 575 572 337
 112  21 496 374 273  90 340 576 391  66 492 113 531  44 625 376 172 156
 382 142 377 400  71 621 453 277  64 408 160  88 510 188 280 119 125 468
 109 227 557 143 480 159 592  67 543   0 538 288 460 574 224 428 405 102
  60 289  52 287 449 154   1 654 521 201 233 117 146 653 419  75 450 447
 479 483 593 423 645 554 122 565 635 218 459 326 294 182  32  81 473 300
 623 135 209 515 570 244 226 424 429 162 523 232 394 185 529 608  26 234
 509 587 270 286 600 176 266 566  12 200 519 616 282  11 303 167 378 173
 540 511  89 655 440 582   9  42   7  34 342 217 284  37 299 639 321 524
 504 307 457 522 364 541 368  96 225 243 254 312 636 454 392 630 298 498
 191 366 385 500 246 596 296 262 180 646 325 148 323 236 211  16 147 293
 430 124 503 478 157 199 161 530 242  25 369 358 316  97 387 525  93 418
 207 141 629 597 539 206 381  19 610 508 612  27 455 581 136 354 215 611
 355 569 279 406 363 461 444 348  98 474 527 417 442 265 520 356 214   2
 560 283 110  51 631 198  33  48 267 153 578 609 334 309 168 516 594 615
 313 123 633 132   6 373 264 415 501 329 567 588 184 380 291 100  91 446
 255 311 333  87  77 370 465 641 204 513 351 507 458 643 158 367 220 310
 166 205 568 644 395 466 526 437 532 190 476  10 239  70 178 401 452 104
  49   3 192  46 602  13 514 536 451 595 591 649 603 285  22 129 344 216
 175 564 306  86 362 138 237 111 170  68 494  80 598 651 448  53 614 439
 103 128 556  15 502 469  63  40 431 174 485  39 359 456 208 269 535 247
 398 327 186 425 553 414 222 435  79 171  38  82  45 396 481 231  54 397
 314  84 561 360 332  95 463  29 144 421 580 251 402 534 599 619 121 259
 318 495 189 416 627 169 336 590 228] - 284393151
Solver: RVND, number of workers: 1
Setting feeder affinity
I am the master. There are 1 mpi processes. (hostname = gpu01)
Roots [<pyDF.nodes.Feeder object at 0x7fcf0a23aad0>]
Starting 0
Main loop
I am worker 0
GPU0
set random seed!
Initial: 284393151-[549 213 579 137 471 177 276 648 422  36 618 290 407 328 404 263 544 272
 491 412 335 563 281 151  24 241 505  72 145  14 252 107 338 477 343   4
 193  99 361 490  28 464 386  57 432 562  78 115 197 304  30 375 550 194
 528 292 320 350 308 548 441 638 427 345 106 134 620 319 305 433 637 585
 512 552 409 506 238 624 586 626 547 434  73 223  35 518 330 482 181 301
 372 601  31 589 393 245 139 346 551 127 349 152 652 420 436 487  69 389
 274 399   5 183 339 411  43 642 384 120 271 410 187 229 559  58 613 196
 278 230 371 383 317 650  76 493 647 403 116 583 130  65 140 357 256 105
 165 489 470 475 606  85 268 573 604 413 261 445 322  20 499 577 656 545
 341 210  50 250 150 249 443 101 352 258 497 164 584 331 484  17 558 133
 462 240 324 302 555 632 248  47 131 275 126 634 253   8 347 114 607  23
 546  62 212 390 202 108  56  83 571  61 542 365  59 628 163 297 260 488
 517 533 149 426  41 617 486 235 295 195 379 472  55 438  94  18  74 221
 388  92 155 537 257 622 179 467 219 315 605 118 353 203 640 575 572 337
 112  21 496 374 273  90 340 576 391  66 492 113 531  44 625 376 172 156
 382 142 377 400  71 621 453 277  64 408 160  88 510 188 280 119 125 468
 109 227 557 143 480 159 592  67 543   0 538 288 460 574 224 428 405 102
  60 289  52 287 449 154   1 654 521 201 233 117 146 653 419  75 450 447
 479 483 593 423 645 554 122 565 635 218 459 326 294 182  32  81 473 300
 623 135 209 515 570 244 226 424 429 162 523 232 394 185 529 608  26 234
 509 587 270 286 600 176 266 566  12 200 519 616 282  11 303 167 378 173
 540 511  89 655 440 582   9  42   7  34 342 217 284  37 299 639 321 524
 504 307 457 522 364 541 368  96 225 243 254 312 636 454 392 630 298 498
 191 366 385 500 246 596 296 262 180 646 325 148 323 236 211  16 147 293
 430 124 503 478 157 199 161 530 242  25 369 358 316  97 387 525  93 418
 207 141 629 597 539 206 381  19 610 508 612  27 455 581 136 354 215 611
 355 569 279 406 363 461 444 348  98 474 527 417 442 265 520 356 214   2
 560 283 110  51 631 198  33  48 267 153 578 609 334 309 168 516 594 615
 313 123 633 132   6 373 264 415 501 329 567 588 184 380 291 100  91 446
 255 311 333  87  77 370 465 641 204 513 351 507 458 643 158 367 220 310
 166 205 568 644 395 466 526 437 532 190 476  10 239  70 178 401 452 104
  49   3 192  46 602  13 514 536 451 595 591 649 603 285  22 129 344 216
 175 564 306  86 362 138 237 111 170  68 494  80 598 651 448  53 614 439
 103 128 556  15 502 469  63  40 431 174 485  39 359 456 208 269 535 247
 398 327 186 425 553 414 222 435  79 171  38  82  45 396 481 231  54 397
 314  84 561 360 332  95 463  29 144 421 580 251 402 534 599 619 121 259
 318 495 189 416 627 169 336 590 228]
Final time: 10.1396028996s - Best: 14333854-[549 550 543 544 545 546 547 548 553 558 563 565 560 564 561 562 568 569
 571 573 574 578 582 591 596 595 601 605 606 610 607 600 598 279 592 297
 296 302 295 301 281 278 265 245 222 216 212 205 203 193 174 160 152 135
 125 506 504 126 136 133 507 500 501 503 502 499 495 492 489 488 487 481
 480 485 490 486 482 472 483 471 467 460 459 457 456 473 455 454 451 452
 450 448 449 453 458 464 462 463 466 468 461 465 470  51  62  56  67  76
  83  89  94  82  96 100 107  81  75  71  66  61  47  43  38  42  46  37
  34 469  31  30  27  26  25  23 440 441 443 446 447 445 444  19  18  13
  17  16  20  15  14  21  24  32  33  35  36  39  41  44  45  63  68  73
  77  84  74  93  91  97  98 115 101 116 130 128 129 142 137 132 140 155
 162 164 190 196 172 168 178 185 195 197 199 198 191 186 180 181 187 165
 157 169 171 170 161 148 139 147 149 154 177 179 184 208 214 207 219 227
 221 215 225 236 248 288 293 299 303 264 263 271 261 253 239 230 220 238
 262 289 290 298 307 317 322 335 345 341 347 361 340 323 324 334 346 372
 391 398 415 404 400 389 397 388 370 364 348 342 325 321 309 308 292 287
 275 254 232 241 247 251 260 268 252 270 276 300 310 320 326 350 369 365
 377 386 401 405 414 423 431 424 419 410 402 406 413 412 407 403 394 385
 395 396 378 373 358 327 311 304 305 312 318 333 351 357 368 366 374 376
 379 384 392 382 367 375 380 383 381 393 426 408 622 620 618 617 616 615
 613 337 356 355 360 354 343 336 316 329 332 338 344 353 362 352 363 359
 339 328 313 314 315 286 283 274 272 277 291 284 259 255 250 242 226 224
 228 243 223 192 188 176 151 167 153 166 158 150 143 122 112 121 105  90
 104 120 113 119 118 114 102  85 103  99  92  86  69  72  65  54  49  50
  40  48  52  57  59  55  58  70  80 106 111 110 123 146 134 144 145 127
 124 505 109 108  95  88  87 491 494 497 496 498 493 484 514 515 478 479
 476 477 474 520 519 521 527 526 525 522 524 530 533 523 529 531 532 535
 534 537 536 642 641 640 639 638 637 636 634 635 633 632 631 630 629 628
 552 554 555 557 566 570 567 201 202 580 213 200 194 183 173 511 559 556
 551 542 541 540 539 538 518 517 516 513 512 528 509 508 510 159 182 189
 211 233 244 256 267 282 285 319 330 331 306 280 273 258 266 229 246 257
 589 586 581 583 584 577 576 572 626 655 654 627 651 650 649 647 648 652
 653 656 575 579 585 588 587 590 593 599 603 604 609 594 597 602 611 612
 614 621 623 619 625 624 427 418 428 411 417 429 434 433 425 432 435 430
 436 422 421 439 437 438 420 409 416 390 399 371 269 237 231 235 210 163
 156 138 131 117   6  78  79  64  60  53   7   8   9  11  12  10   1   2
   3   4   5 141 206 209 217 218 234 240 349 387 294 204  28  29  22 442
 475 643 644 646 645 608 249 175   0]
Value - initial: 284393151, final: 14333854, improveup: 19.8406619043

data-line;i;284393151;f;14333854;t;10.1396028996;c;-2;fv;[14333854L];cv;-1;imp;19.8406619043;type;rvnd;inum;5;w;1

time;10.1396028996;man_time;0;neigh_time;0
man_time;0;man_merge_sol;0;man_best_sol;0;man_combine_sol;0

Waiting [0]
Terminating workers True 0 0
MPI TERMINATING
