pydf_home: /home/rodolfo/git/Sucuri
simple_pycuda_home: /home/rodolfo/git/simple-pycuda
wamca2016path: /home/rodolfo/git/wamca2016/
localpath: /home/rodolfo/git/dvnd-df/code/dvnd-df/src/
WAMCAPATH:/home/rodolfo/git/wamca2016/
param: {solution_index:2, solution_instance_index:38, multi_gpu:True, goal:False, problem_name:ml, number_of_moves:10, device_count:2, solver:rvnd, mpi_enabled:True, workers:1}
Using already created file:  wamca2016lib.so
Size: 226 - file name: 03_pr226.tsp

Value - initial: 189228992-[  5 185 223 178 198  30  11  69  58  90 104 221  36 152 184 213 182 179
   9  59 125 197  75 105  94 164 210 212  65 107  63 100  52 180 151 177
  24  80 206  56 186 171  12 211 135 141 201  81  42 176 169  45  78 174
 121 225  98  37  96 173  40  88  84   7  55 118  93   6 202  26 155 154
 129  22  72 183  57 187  64 132 117  87  77  85  29 192 193  35  82  16
 144  91 203  79 113  32 137  38 158 165   0 218 217  60 219 142  50 166
 150 112  20  23 220  43 149 123   8 148 157  53 188 191 143 170  54  28
  41 172  66 216  18  47 133  70 156  61 194   1 130  92 140 153 134 138
  19 109  83  33  49 124 181 161  21 209 199 127 108  73   2 103  27 214
 204 120 205 162 163  86 114 146  62   3 195  25 115  76  34 189 116 122
 111 160  31  17 139   4  39 106  46 136 119 175 215  74 224 147 168  51
  14  15 128 102 110 167  99 145 190 200 131 208  68  48  44  13 159  95
 101 207  97  71 126  89 196  10  67 222] - 189228992
Solver: RVND, number of workers: 1
Setting feeder affinity
I am the master. There are 1 mpi processes. (hostname = gpu01)
Roots [<pyDF.nodes.Feeder object at 0x7f50a43bfad0>]
Starting 0
Main loop
I am worker 0
GPU0
set random seed!
Initial: 189228992-[  5 185 223 178 198  30  11  69  58  90 104 221  36 152 184 213 182 179
   9  59 125 197  75 105  94 164 210 212  65 107  63 100  52 180 151 177
  24  80 206  56 186 171  12 211 135 141 201  81  42 176 169  45  78 174
 121 225  98  37  96 173  40  88  84   7  55 118  93   6 202  26 155 154
 129  22  72 183  57 187  64 132 117  87  77  85  29 192 193  35  82  16
 144  91 203  79 113  32 137  38 158 165   0 218 217  60 219 142  50 166
 150 112  20  23 220  43 149 123   8 148 157  53 188 191 143 170  54  28
  41 172  66 216  18  47 133  70 156  61 194   1 130  92 140 153 134 138
  19 109  83  33  49 124 181 161  21 209 199 127 108  73   2 103  27 214
 204 120 205 162 163  86 114 146  62   3 195  25 115  76  34 189 116 122
 111 160  31  17 139   4  39 106  46 136 119 175 215  74 224 147 168  51
  14  15 128 102 110 167  99 145 190 200 131 208  68  48  44  13 159  95
 101 207  97  71 126  89 196  10  67 222]
Final time: 2.25710511208s - Best: 7586696-[  5   6   4   3   2   1   7  70  12  11  10   8   9  13  14  15  67  68
  69 110 102 104 111 112 103 105 113 114 106 107 115 116 108 109 117 125
 118 119 127 126 120 121 128 130 122 123 129 131 124 225 224 223 222 221
 220 219 218 217 216 215 214 213 212 211 210 209 208 207 206 205 204 203
 202 201 200 199 198 197 196 195 194 193 192 191 190 189 188 187 186 185
 184 183 182 181 180 179 178 177 176 175 174 173 172 171 170 169 168 167
 166 165 164 163 162 161 160 159 158 157 156 155 154 149 142 141 147 148
 140 139 146 144 138 137 145 143 136 101  93  92 100  99  91  90  98  97
  89  87  96  95  88  86  94  62  61  60  59  58  57  56  55  54  53  52
  51  50  49  21  22  23  24  25  26  27  28  29  33  34  35  30  31  32
  47  44  45  43  36  37  38  41  40 153 152 151 150  42  46  48  20  19
  18  17  16  66  71  72  73  74  75  76  77  78  79  80  81  82  83  84
  85   0  65  64  63 132 133 134 135  39]
Value - initial: 189228992, final: 7586696, improveup: 24.9422135802

data-line;i;189228992;f;7586696;t;2.25710511208;c;-2;fv;[7586696L];cv;-1;imp;24.9422135802;type;rvnd;inum;2;w;1

time;2.25710511208;man_time;0;neigh_time;0
man_time;0;man_merge_sol;0;man_best_sol;0;man_combine_sol;0

Waiting [0]
Terminating workers True 0 0
MPI TERMINATING
