pydf_home: /home/rodolfo/git/Sucuri
simple_pycuda_home: /home/rodolfo/git/simple-pycuda
wamca2016path: /home/rodolfo/git/wamca2016/
localpath: /home/rodolfo/git/dvnd-df/code/dvnd-df/src/
WAMCAPATH:/home/rodolfo/git/wamca2016/
param: {solution_index:5, solution_instance_index:78, multi_gpu:True, goal:False, problem_name:ml, number_of_moves:10, device_count:2, solver:rvnd, mpi_enabled:True, workers:1}
Using already created file:  wamca2016lib.so
Size: 657 - file name: 06_d657.tsp

Value - initial: 290004025-[544 220  59 166 185 152 278 285 384 549 515 295 117 444 371  81 251 355
 186 352 327 565 294 589 342 431 532 280 511 616 650 582 373  25 566 141
 603 423 522 569 547 413 224 253 559 123  13  99 254 181 543 557 524 537
 642 453   2 580  55 225 576 364 536 326  69 587 346 490 420 478  64 488
 528 501 449 124 131 571 421 176 645 306 213 207 217 203 238 474 643 435
  22  85 314 241 654  92 570 380 529  21 322 385 283 156 210  53 424 599
 509  10 548  36 290 535 237 639 274 514 492 446 631 393 101 572 434 563
 556 323 266 110 317 562 470 508 291  73 410 209 194  94  34 451  62 579
 292 137 271 525 245 498 586 324 192 162 284 520 630 506 234 328 405 155
   9 139 422 121 348 656 644 452 473 307  29 170 641 618 239 479 450 542
 590 388  80 302 264 591 320 140 600  70 636 321 400 391 597 485 361  32
 305 189  77 386 163 455 315 345 383 246 430 481  51 201 513 397 146 273
 293 368 149 267 198 184 560  38 419  54 135 609 482 182 114 632 263  27
 268 491 247 564 415 460 161 230 626 136   6  87 401 635 188 370 150 517
 471 216  26 167 545 463 510 578 487 472 160 347  65 602  42 226 614 633
 127  89 608 129 180 429 469 223 343 550 416 437 495 462 331  40 329 551
 538 128 655 417  66  84 211  47 179  79 621 310   8 521 585 402 316 411
 581  52 553 456 387 555 175 265 228 546 377 282 244 138 281  61 219 319
 404 598 649 367 484 442  48  63 620 126 539  95 171 433 168  60 119 523
 134 530 261 493  49 255 118 552 144 379  68 617 625 595 177 240 104 275
 195 205 611 199 335 103 197  75  72 272  41 354 477 249 376 457 277 111
  83 256 588 202 408 357 499 351 336 190 107 610 475 130 172 637 504 178
 496 106  58 304 461 440 338 339 116 623 286 233 574  15 270   7 259  16
  24 299 468 458 215 596 409 375 554 206 262 303 231  19   5 193 512  28
 432 403 653 318 480  14 158 258  33  90 628 533 505 407  88 531 212 534
 604 399  67 378 612   4 325 575 497 311 438 232 349 340 297  91 169 441
 619 260 392 200 624 606 313 426  18 629  96 445 374 503 287 594 489 601
  93 279 395 647 613 125  98 337 174 466 577 330  43  12 369 516 208 269
 483 204 638 312 122  45 394 257 222 502 476 359 214 165 133 309   3 333
 428 362 115 500 154 248 142 132  71 648  57 592 356 568  86 527 465 467
 646  31  30   1  56 276  50 301 187 541 605 332 242 218 108 494 252 151
 396 607  44 112 250 353 363 102 148  97 412 627 191 406 159 365 100 486
  76 436 454  46  11  82 196 418 526 519 344  20 105 113 360  23 120  39
 235 298 289 518 443 425  35 109 640 183 615 448 334 652 243  78 593 382
 227 573 143 561 300 229 296 464 398   0 366 350 651 389 341 173 540 583
 358 567 236 459 221 308 157  17 381  74 447 584 145 390 153 634 439 164
 147 414 558  37 507 288 372 427 622] - 290004025
Solver: RVND, number of workers: 1
Setting feeder affinity
I am the master. There are 1 mpi processes. (hostname = gpu01)
Roots [<pyDF.nodes.Feeder object at 0x7fb45e696ad0>]
Starting 0
Main loop
I am worker 0
GPU0
set random seed!
Initial: 290004025-[544 220  59 166 185 152 278 285 384 549 515 295 117 444 371  81 251 355
 186 352 327 565 294 589 342 431 532 280 511 616 650 582 373  25 566 141
 603 423 522 569 547 413 224 253 559 123  13  99 254 181 543 557 524 537
 642 453   2 580  55 225 576 364 536 326  69 587 346 490 420 478  64 488
 528 501 449 124 131 571 421 176 645 306 213 207 217 203 238 474 643 435
  22  85 314 241 654  92 570 380 529  21 322 385 283 156 210  53 424 599
 509  10 548  36 290 535 237 639 274 514 492 446 631 393 101 572 434 563
 556 323 266 110 317 562 470 508 291  73 410 209 194  94  34 451  62 579
 292 137 271 525 245 498 586 324 192 162 284 520 630 506 234 328 405 155
   9 139 422 121 348 656 644 452 473 307  29 170 641 618 239 479 450 542
 590 388  80 302 264 591 320 140 600  70 636 321 400 391 597 485 361  32
 305 189  77 386 163 455 315 345 383 246 430 481  51 201 513 397 146 273
 293 368 149 267 198 184 560  38 419  54 135 609 482 182 114 632 263  27
 268 491 247 564 415 460 161 230 626 136   6  87 401 635 188 370 150 517
 471 216  26 167 545 463 510 578 487 472 160 347  65 602  42 226 614 633
 127  89 608 129 180 429 469 223 343 550 416 437 495 462 331  40 329 551
 538 128 655 417  66  84 211  47 179  79 621 310   8 521 585 402 316 411
 581  52 553 456 387 555 175 265 228 546 377 282 244 138 281  61 219 319
 404 598 649 367 484 442  48  63 620 126 539  95 171 433 168  60 119 523
 134 530 261 493  49 255 118 552 144 379  68 617 625 595 177 240 104 275
 195 205 611 199 335 103 197  75  72 272  41 354 477 249 376 457 277 111
  83 256 588 202 408 357 499 351 336 190 107 610 475 130 172 637 504 178
 496 106  58 304 461 440 338 339 116 623 286 233 574  15 270   7 259  16
  24 299 468 458 215 596 409 375 554 206 262 303 231  19   5 193 512  28
 432 403 653 318 480  14 158 258  33  90 628 533 505 407  88 531 212 534
 604 399  67 378 612   4 325 575 497 311 438 232 349 340 297  91 169 441
 619 260 392 200 624 606 313 426  18 629  96 445 374 503 287 594 489 601
  93 279 395 647 613 125  98 337 174 466 577 330  43  12 369 516 208 269
 483 204 638 312 122  45 394 257 222 502 476 359 214 165 133 309   3 333
 428 362 115 500 154 248 142 132  71 648  57 592 356 568  86 527 465 467
 646  31  30   1  56 276  50 301 187 541 605 332 242 218 108 494 252 151
 396 607  44 112 250 353 363 102 148  97 412 627 191 406 159 365 100 486
  76 436 454  46  11  82 196 418 526 519 344  20 105 113 360  23 120  39
 235 298 289 518 443 425  35 109 640 183 615 448 334 652 243  78 593 382
 227 573 143 561 300 229 296 464 398   0 366 350 651 389 341 173 540 583
 358 567 236 459 221 308 157  17 381  74 447 584 145 390 153 634 439 164
 147 414 558  37 507 288 372 427 622]
Final time: 19.3374798298s - Best: 14755146-[544 545 546 547 548 553 554 555 557 556 559 509 508 133 136 126 504 135
 125 506 505 124 127 145 144 109  95  87  88 108 123 110  96 100 107 111
 106 122 112 105  90 104 120 139 148 161 170 169 171 204 225 236 248 275
 287 292 308 334 324 323 340 335 345 361 347 341 322 317 307 298 290 289
 262 238 220 230 239 253 261 271 263 264 240 234 218 217 209 199 198 197
 195 191 186 180 181 168 172 178 185 196 190 164 162 142 137 130 129 128
 116 101  84  77  73  74  93  98  97  91 102 114 118 103 119 113  99  92
  86  69  59  57  52  48  55  30  27  26  25  23 440 441 443 447 446 442
 463 462 466 464 458 453 449 448 450 452 451 454 461 465 467 460 459 455
 473 456 457 475 474 520 521 527 526 525 524 530 533 529 531 532 535 534
 537 536 639 638 640 641 637 636 631 632 633 634 635 541 540 539 538 523
 522 519 477 476 479 472 482 471  56  51  47  43  38  34  37  42  46  58
  70  71  66  61  62  67 483 491 494 497 496 498 493 490 486 485 480 481
 487 488 484 489 492 495 499 502 503 501 500 507 160 174 189 182 173 183
 194 200 213 580 229 246 257 266 258 273 280 297 306 337 356 615 616 617
 618 620 622 408 426 393 381 383 380 375 382 367 362 353 344 338 332 352
 363 359 366 368 374 376 379 384 394 403 407 412 413 425 424 419 410 406
 402 395 385 396 378 373 358 351 357 333 318 327 311 312 305 304 284 259
 255 243 228 224 226 242 250 270 276 300 310 320 326 325 321 309 303 299
 293 288 254 241 232 221 247 251 260 268 252 227 219 214 208 207 179 184
 177 154 147 149 121  80  81  75  82  76  83  89  94 134 146 151 143 150
 158 166 153 167 176 188 192 223 249 277 291 272 274 283 286 314 315 329
 316 336 343 354 360 355 331 330 319 301 295 302 296 592 279 598 600 607
 610 606 605 601 595 591 596 597 594 602 611 609 604 603 599 593 590 587
 588 585 584 583 576 577 573 571 569 568 562 561 564 560 565 563 558 550
 549 543 551 528 512 513 516 517 518 514 515 478 470 468 469  31  29  22
 445 444  19  18  13  17  16  20  15  14  21  24  12  11  10   1   2   3
   8   9   7  33  32  35  36  39  41  45  44  49  54  50  40  65  72  85
 115 140 132  68  63  53  60  64  79  78   6   5 117 131 138 156 163 210
 235 231 237 269 371 399 390 416 409 420 438 437 391 398 389 400 404 415
 421 436 422 397 388 370 364 348 342 349 387 369 350 365 377 386 432 423
 431 414 405 401 339 328 313 233 244 256 267 282 285 278 281 265 245 222
 216 212 205 203 193 159 510 511 567 201 202 570 566 552 628 629 630 642
 643 644 646 645 647 648 649 650 651 652 653 627 654 655 626 572 656 575
 579 574 578 582 581 586 589 608 613 619 612 614 621 623 625 624 427 418
 428 417 411 392 429 434 433 435 430 439 372 346 294 215 157 165 187 206
 155 141   4  28 175 211 152 542   0]
Value - initial: 290004025, final: 14755146, improveup: 19.6544327654

data-line;i;290004025;f;14755146;t;19.3374798298;c;-2;fv;[14755146L];cv;-1;imp;19.6544327654;type;rvnd;inum;5;w;1

time;19.3374798298;man_time;0;neigh_time;0
man_time;0;man_merge_sol;0;man_best_sol;0;man_combine_sol;0

Waiting [0]
Terminating workers True 0 0
MPI TERMINATING
