pydf_home: /home/rodolfo/git/Sucuri
simple_pycuda_home: /home/rodolfo/git/simple-pycuda
wamca2016path: /home/rodolfo/git/wamca2016/
localpath: /home/rodolfo/git/dvnd-df/code/dvnd-df/src/
WAMCAPATH:/home/rodolfo/git/wamca2016/
param: {solution_index:7, solution_instance_index:88, multi_gpu:True, goal:False, problem_name:ml, number_of_moves:10, device_count:2, solver:rvnd, mpi_enabled:True, workers:1}
Using already created file:  wamca2016lib.so
Size: 1001 - file name: 08_TRP-S1000-R1.tsp

Value - initial: 128484827-[927 558  60 ..., 448 116  43] - 128484827
Solver: RVND, number of workers: 1
Setting feeder affinity
I am the master. There are 1 mpi processes. (hostname = gpu01)
Roots [<pyDF.nodes.Feeder object at 0x7fbde66a2ad0>]
Starting 0
Main loop
I am worker 0
GPU0
set random seed!
Initial: 128484827-[927 558  60 ..., 448 116  43]
Final time: 23.8981909752s - Best: 5488090-[927 826 746 ..., 558  62 766]
Value - initial: 128484827, final: 5488090, improveup: 23.4115743364

data-line;i;128484827;f;5488090;t;23.8981909752;c;-2;fv;[5488090L];cv;-1;imp;23.4115743364;type;rvnd;inum;7;w;1

time;23.8981909752;man_time;0;neigh_time;0
man_time;0;man_merge_sol;0;man_best_sol;0;man_combine_sol;0

Waiting [0]
Terminating workers True 0 0
MPI TERMINATING
