pydf_home: /home/rodolfo/git/Sucuri
simple_pycuda_home: /home/rodolfo/git/simple-pycuda
wamca2016path: /home/rodolfo/git/wamca2016/
localpath: /home/rodolfo/git/dvnd-df/code/dvnd-df/src/
WAMCAPATH:/home/rodolfo/git/wamca2016/
param: {solution_index:0, solution_instance_index:23, multi_gpu:True, goal:False, problem_name:ml, number_of_moves:10, device_count:2, solver:rvnd, mpi_enabled:True, workers:1}
Using already created file:  wamca2016lib.so
Size: 52 - file name: 01_berlin52.tsp

Value - initial: 714589-[11 10 42 20 40  0 37  3 32 49 12 30 33 47  5  2 14 35  8 50 36 28  7 25 13
  1 21 19 41 31 24 45 43 44 16 48 23 18 22 38 29  4  9 27 34 39  6 51 15 26
 17 46] - 714589
Solver: RVND, number of workers: 1
Setting feeder affinity
I am the master. There are 1 mpi processes. (hostname = gpu01)
Roots [<pyDF.nodes.Feeder object at 0x7f3a6b3a2ad0>]
Starting 0
Main loop
I am worker 0
GPU0
set random seed!
Initial: 714589-[11 10 42 20 40  0 37  3 32 49 12 30 33 47  5  2 14 35  8 50 36 28  7 25 13
  1 21 19 41 31 24 45 43 44 16 48 23 18 22 38 29  4  9 27 34 39  6 51 15 26
 17 46]
Final time: 1.45896887779s - Best: 141283-[11 24  3  5 14  4 23 47 37 36 39 38 33 34 35 48 31  0 21 17 30 22 19 49 15
 43 45 42  9  8  7 40 18 44  2 16 20 41  6  1 29 28 46 25 27 26 12 13 51 10
 50 32]
Value - initial: 714589, final: 141283, improveup: 5.05785550986

data-line;i;714589;f;141283;t;1.45896887779;c;-2;fv;[141283L];cv;-1;imp;5.05785550986;type;rvnd;inum;0;w;1

time;1.45896887779;man_time;0;neigh_time;0
man_time;0;man_merge_sol;0;man_best_sol;0;man_combine_sol;0

Waiting [0]
Terminating workers True 0 0
MPI TERMINATING
