pydf_home: /home/rodolfo/git/Sucuri
simple_pycuda_home: /home/rodolfo/git/simple-pycuda
wamca2016path: /home/rodolfo/git/wamca2016/
localpath: /home/rodolfo/git/dvnd-df/code/dvnd-df/src/
WAMCAPATH:/home/rodolfo/git/wamca2016/
param: {solution_index:4, solution_instance_index:73, multi_gpu:True, goal:False, problem_name:ml, number_of_moves:10, device_count:2, solver:rvnd, mpi_enabled:True, workers:1}
Using already created file:  wamca2016lib.so
Size: 501 - file name: 05_TRP-S500-R1.tsp

Value - initial: 32312741-[211 191 421 203 352 475 439 138 120 381  45 282 392 287 464 460 493 444
 398  12 415 474  31 157 362 133 309 283 390  48 307 452 310  42 344 448
 148  76 176 190 305  40  61 121 300  55  75 467 441 150 471 189 127 319
 119  13 241  60 380 354 334 192 372 213 348 345 383 139 357 235 335 368
   9 458 135 255 462 367 161  65 341 376 350 172 312 257 285 333 286 221
 200 351 384  39 109 234  66  88 106 402  63 465  24 332 437 498 196 131
 451 174  64 278 237 243 169  49  17  71 480 142 256 102 461 445 186 228
 197  68 429 371  84   8 268  81 395 168  57  14 112  19 159 118 316 403
 233  27 343 314 103 317 399 418 377 408 483 104  52 492 117 318 485 160
 427 470 414 195 355 387  70 279   4  38 246   7 494 373  21 244 250 171
 298 453 412 262 210 125  22 223 459 304 229  85 108 324 151 370 378   5
 422  44 130 264 222 231 248  86 277  23 411 496 447 497 400 220 315 101
 165 212 126 201  98 245 478 361 152 342 364 423 185 270 330 214 486 166
 481 430  43 302 163 258 145 122 216 294 419 397 443 238  94 306 500 242
 295 455 416  32 385 331 463 110  74 202 232 225 396 426  91 134  54   6
 194  80   3 199  50 487  16 136 263 491 261 193 326 359 336 156 141 321
 406 181 313 183  47 356 339  53 265  82 431 170 115 129 175 143 105 297
  90 489 353 425 290 155 251 275 405 337 177 111 404 124 440  72 271 338
 388 347 206 205  10 167 254 137 164 198 442 113 288  30  28 123 209 449
 417 179  46  59 434 219 153   2  87 446 204 438 180  78 386 479 296 320
 322 292 379 420 274 393 363 207 369 280 468 410 389   0  26 128  29 450
 382 259 218  99 299 149 490 215 488 154 240 269  41 107 484 436 346  73
 375 146  58 391 456 252 428 366 260 394 477  25 227 358  95 272 435 457
 495 276  56 291 158 401 247  93 144 327  62 472 173  18 100  89 132  35
 147  33 328 249 208 308  20  67 311 349 187  15 323 114 407 284  34 329
 499  97 162 281 140 224 454 236  83 253 293 273 476 303 466 325   1 482
  69 360  92 424  51 239 432  77 469  96 365 116 266 182 178 184  36  11
 433 473  79 289 188 409 413 374 217  37 267 301 340 230 226] - 32312741
Solver: RVND, number of workers: 1
Setting feeder affinity
I am the master. There are 1 mpi processes. (hostname = gpu01)
Roots [<pyDF.nodes.Feeder object at 0x7f7bfe8afad0>]
Starting 0
Main loop
I am worker 0
GPU0
set random seed!
Initial: 32312741-[211 191 421 203 352 475 439 138 120 381  45 282 392 287 464 460 493 444
 398  12 415 474  31 157 362 133 309 283 390  48 307 452 310  42 344 448
 148  76 176 190 305  40  61 121 300  55  75 467 441 150 471 189 127 319
 119  13 241  60 380 354 334 192 372 213 348 345 383 139 357 235 335 368
   9 458 135 255 462 367 161  65 341 376 350 172 312 257 285 333 286 221
 200 351 384  39 109 234  66  88 106 402  63 465  24 332 437 498 196 131
 451 174  64 278 237 243 169  49  17  71 480 142 256 102 461 445 186 228
 197  68 429 371  84   8 268  81 395 168  57  14 112  19 159 118 316 403
 233  27 343 314 103 317 399 418 377 408 483 104  52 492 117 318 485 160
 427 470 414 195 355 387  70 279   4  38 246   7 494 373  21 244 250 171
 298 453 412 262 210 125  22 223 459 304 229  85 108 324 151 370 378   5
 422  44 130 264 222 231 248  86 277  23 411 496 447 497 400 220 315 101
 165 212 126 201  98 245 478 361 152 342 364 423 185 270 330 214 486 166
 481 430  43 302 163 258 145 122 216 294 419 397 443 238  94 306 500 242
 295 455 416  32 385 331 463 110  74 202 232 225 396 426  91 134  54   6
 194  80   3 199  50 487  16 136 263 491 261 193 326 359 336 156 141 321
 406 181 313 183  47 356 339  53 265  82 431 170 115 129 175 143 105 297
  90 489 353 425 290 155 251 275 405 337 177 111 404 124 440  72 271 338
 388 347 206 205  10 167 254 137 164 198 442 113 288  30  28 123 209 449
 417 179  46  59 434 219 153   2  87 446 204 438 180  78 386 479 296 320
 322 292 379 420 274 393 363 207 369 280 468 410 389   0  26 128  29 450
 382 259 218  99 299 149 490 215 488 154 240 269  41 107 484 436 346  73
 375 146  58 391 456 252 428 366 260 394 477  25 227 358  95 272 435 457
 495 276  56 291 158 401 247  93 144 327  62 472 173  18 100  89 132  35
 147  33 328 249 208 308  20  67 311 349 187  15 323 114 407 284  34 329
 499  97 162 281 140 224 454 236  83 253 293 273 476 303 466 325   1 482
  69 360  92 424  51 239 432  77 469  96 365 116 266 182 178 184  36  11
 433 473  79 289 188 409 413 374 217  37 267 301 340 230 226]
Final time: 7.16181302071s - Best: 1999717-[211 233 479 460 102  94 332 386 336 268  72 308  68 388 306 293 212 302
   6 152 215 447 411  16 403 160 439 129 239 457 381 238 265  69 290  99
  93 203 281 466 155 307 275  12  89 109 208 216 380 301 330  44 373 179
 116 344 279 349 387  70 453 140 251 372 196  55 185 309 285  43 278 202
 299 292 313 104 272 139 376  86 192 224 149   8 390 320 327 323 374 498
 397 461 241 495 493 429 173 315 424 399 442 462 283  11 314 401  24 465
 456 371  34 476 267 188 289  37 130 446 474 244 441 491  27 101 220 264
 490 197 159 228 471 316 115 425 189  26  50 170 168   2 488 377 369 450
 311 347  45 182  28 351 305 481 136 470 200 335 172 213 286 337 341 414
 219 343 433 406  58 206 357 252  40 144   1  17 114 384 300 480 176 409
 318  74 427 408 359 132 103 240 331 483 214  47  29 389 209  77 396 100
 118 261 319 383  60 324 162  66 418  64 143 259 125 398 110  85  31 105
  10 368 124  35 379  13 352 277 326 210  87  81 362  62 420 266  76 394
 195 436  38 146 174 364  71 464 158 198 121 169 113  48  32  41 469  80
  84 217 444 171 282 276 321 258 106 135 164 360 310  61 296 489 229  63
 271   0  18 235 452 150  53 107 153 400  23 342 249  46 257 231 375 256
 127 482   9 454 145 355 428 334 151 133 492 298 245 370 274 227 250 126
 205 426 312 161  75 333  14 484 391 412  79 354  95 255 190 448 141 485
 207  90 187 473 475  25 487 365 467 157 201 430 494 218 120 322 477 148
  49 366  65 440  15  96 177 404  57 254 367 435 455 392 147 405 165 291
 432 449 458 350 415 338 131 295 284 329 156 407 269 191 253 402 294  20
  54 128 410 385 138 175  30 223   4 178 459 119  36 434 273   3 393 167
 117  33 499 180 183 378 497  67 325 496 421 221 345 416 358  82 181 431
 382 419 232  88 193 112 142 236 356   5 246  39 111   7 445 339  59  83
 486 463 353 287 184 154 230 468 346 422 437 361  56 423 194 500 242 234
 225  51 134 122 199 472 340 443 260 363 186 417  73 262 395 243  19 348
  78  98 166 222 270 478 137 263 297 328  42 163  21 413 123  91 280 317
 303 451 204 226 438 248  52 304 237  97 288 108 247  92  22]
Value - initial: 32312741, final: 1999717, improveup: 16.15865695

data-line;i;32312741;f;1999717;t;7.16181302071;c;-2;fv;[1999717L];cv;-1;imp;16.15865695;type;rvnd;inum;4;w;1

time;7.16181302071;man_time;0;neigh_time;0
man_time;0;man_merge_sol;0;man_best_sol;0;man_combine_sol;0

Waiting [0]
Terminating workers True 0 0
MPI TERMINATING
