pydf_home: /home/rodolfo/git/Sucuri
simple_pycuda_home: /home/rodolfo/git/simple-pycuda
wamca2016path: /home/rodolfo/git/wamca2016/
localpath: /home/rodolfo/git/dvnd-df/code/dvnd-df/src/
WAMCAPATH:/home/rodolfo/git/wamca2016/
param: {solution_index:3, solution_instance_index:11, multi_gpu:True, goal:False, problem_name:ml, number_of_moves:10, device_count:2, solver:rvnd, mpi_enabled:True, workers:1}
Using already created file:  wamca2016lib.so
Size: 318 - file name: 04_lin318.tsp

Value - initial: 92531657-[293 297 131 305  46 197  86 223 236 120 192 232 259  33  38 172 258 206
 250 159 198 151 307  69  13 210 147 316 184  26 299  71 271 118 207 287
  83  89  72 139 195 245 230   4 238  50  22 181 114 132  37 137 153  41
 158  84 179  12 112 140  87  55 242  63 156 211 292 227 193 257 213 261
 219 285 304   3  59 295 185 255 301 214 116 266  98 148  16 234 228 186
 171 133 176  96  23 262  54 306 138  28 161  30  20 302 200 217 150 253
 143 166  64 241   6 134  43 203  99 162 310 311 122 201 106 194  52 248
 124 105  40  11 103 154 264 215 265  80 239 157 183 235 233 272  90 126
 312   8  67 104 303  57 135 289  35 291 107 102  18 212  62 254 189 224
 298 243  21 128 188  68 113  44 136  10 267  14 199 202  66  25 282 144
 280 263  82 288 169 177  51 163  42  81 244 187  56 182  24  17 196  45
 309  88 152 221  15  78 283 155 205 278 178  70 256  97 142 168 218 145
  36  65   1 240  53 119 275 123 260  49 180 231 125 296 191 284  19 109
 294 290 110  58  34 127  60 208 315 165 317 160 173 101 121  75 220 190
 167  31 146 100 129  95 115 216  79 175 225 277  85 274 229 273  39  32
  91 111   9 130 246 313 281   7  48 141 174 209 149 268  92 249 279 286
 269  47 108  94  74 251 252   2 164  77   0  61  93 314 276  76 300 226
 270 204   5 117 247 222 170  73  27  29 308 237] - 92531657
Solver: RVND, number of workers: 1
Setting feeder affinity
I am the master. There are 1 mpi processes. (hostname = gpu01)
Roots [<pyDF.nodes.Feeder object at 0x7f9d01c19ad0>]
Starting 0
Main loop
I am worker 0
GPU0
set random seed!
Initial: 92531657-[293 297 131 305  46 197  86 223 236 120 192 232 259  33  38 172 258 206
 250 159 198 151 307  69  13 210 147 316 184  26 299  71 271 118 207 287
  83  89  72 139 195 245 230   4 238  50  22 181 114 132  37 137 153  41
 158  84 179  12 112 140  87  55 242  63 156 211 292 227 193 257 213 261
 219 285 304   3  59 295 185 255 301 214 116 266  98 148  16 234 228 186
 171 133 176  96  23 262  54 306 138  28 161  30  20 302 200 217 150 253
 143 166  64 241   6 134  43 203  99 162 310 311 122 201 106 194  52 248
 124 105  40  11 103 154 264 215 265  80 239 157 183 235 233 272  90 126
 312   8  67 104 303  57 135 289  35 291 107 102  18 212  62 254 189 224
 298 243  21 128 188  68 113  44 136  10 267  14 199 202  66  25 282 144
 280 263  82 288 169 177  51 163  42  81 244 187  56 182  24  17 196  45
 309  88 152 221  15  78 283 155 205 278 178  70 256  97 142 168 218 145
  36  65   1 240  53 119 275 123 260  49 180 231 125 296 191 284  19 109
 294 290 110  58  34 127  60 208 315 165 317 160 173 101 121  75 220 190
 167  31 146 100 129  95 115 216  79 175 225 277  85 274 229 273  39  32
  91 111   9 130 246 313 281   7  48 141 174 209 149 268  92 249 279 286
 269  47 108  94  74 251 252   2 164  77   0  61  93 314 276  76 300 226
 270 204   5 117 247 222 170  73  27  29 308 237]
Final time: 2.54526400566s - Best: 5961831-[293 292 291 287 280 277 276 281 286 288 282 285 289 290 284 283 278 279
 272 271 267 262 261 255 252 250 251 246 245 235 234 227 226 225 228 233
 236 237 232 229 312 224 230 231 238 239 240 241 138 139 121 120 122 129
 130 131 128 123 132 127 124 207 125 126 133 134 135 136  33  34  38  37
 144 153 152 149 151 148 145 146 147 150 156 157 162 161 158 155 154 159
 160 209 168 173 174 178 179 185 184 180 177 183 181 176 171 172 175 182
 186 187 188 189  86  87  89  88  85  79  75  72  80  74  73  68  69  62
  61  57  52  51  56  53  50  46  43  45  42  40  41  36  35  26  23  18
  25  24  17  15  16   8   7   2   0   1   5   6   9  10  14  20  21  28
 102  19  22  27  29  30  31  32 103  39  48  44  47  49  54  55  58 104
  63  66  67  70  71  76  78  83  77  81  82  84  90  91  95  96 100 101
  92  97  98  94  93  99 206 205 201 200 196 195 197 202 203 199 198 204
 311 310 306 305 301 300 192 191 294 273 314 266 263 260 256 253 254 257
 259 264 265 268 258 249 142 143 141 140 137 119  13  12 115 114 111 110
   4   3 106 105 107 112 113 118 117 220 219 216 215 109 108 211 210 212
 217 218 214 213 222 223 243 244 247 248 317 269 270 274 275 296 297 303
 304 309 308 307 299 298 302 295 170 169 164 165 167 166 194 193 190  64
  65  60  59 163 208 313 242 221 116  11 316 315]
Value - initial: 92531657, final: 5961831, improveup: 15.520677624

data-line;i;92531657;f;5961831;t;2.54526400566;c;-2;fv;[5961831L];cv;-1;imp;15.520677624;type;rvnd;inum;3;w;1

time;2.54526400566;man_time;0;neigh_time;0
man_time;0;man_merge_sol;0;man_best_sol;0;man_combine_sol;0

Waiting [0]
Terminating workers True 0 0
MPI TERMINATING
