pydf_home: /home/rodolfo/git/Sucuri
simple_pycuda_home: /home/rodolfo/git/simple-pycuda
wamca2016path: /home/rodolfo/git/wamca2016/
localpath: /home/rodolfo/git/dvnd-df/code/dvnd-df/src/
WAMCAPATH:/home/rodolfo/git/wamca2016/
param: {solution_index:0, solution_instance_index:65, multi_gpu:True, goal:False, problem_name:ml, number_of_moves:10, device_count:2, solver:rvnd, mpi_enabled:True, workers:1}
Using already created file:  wamca2016lib.so
Size: 52 - file name: 01_berlin52.tsp

Value - initial: 835478-[36 10 23 12 16  4 24 49 17 21  8 11 31 45 33 20 13 19 14  9 38 43 32 39  6
 46  7 28 42 35 15 44 30 18 50 25 22 27 26 29  3 48  1 51 37 40 34  5 47 41
  2  0] - 835478
Solver: RVND, number of workers: 1
Setting feeder affinity
I am the master. There are 1 mpi processes. (hostname = gpu01)
Roots [<pyDF.nodes.Feeder object at 0x7ff015c55ad0>]
Starting 0
Main loop
I am worker 0
GPU0
set random seed!
Initial: 835478-[36 10 23 12 16  4 24 49 17 21  8 11 31 45 33 20 13 19 14  9 38 43 32 39  6
 46  7 28 42 35 15 44 30 18 50 25 22 27 26 29  3 48  1 51 37 40 34  5 47 41
  2  0]
Final time: 1.64832901955s - Best: 168120-[36 37 39 38 33 34 35 48 31 21 43 45 47 23  4 14  5  3 24 11 50 10 51 13 12
 26 27 25 46 15 49 19 22 30 17 44 18 40  7  9  8  2 16 20 41  6  1 29 28 42
 32  0]
Value - initial: 835478, final: 168120, improveup: 4.96953366643

data-line;i;835478;f;168120;t;1.64832901955;c;-2;fv;[168120L];cv;-1;imp;4.96953366643;type;rvnd;inum;0;w;1

time;1.64832901955;man_time;0;neigh_time;0
man_time;0;man_merge_sol;0;man_best_sol;0;man_combine_sol;0

Waiting [0]
Terminating workers True 0 0
MPI TERMINATING
