pydf_home: /home/rodolfo/git/Sucuri
simple_pycuda_home: /home/rodolfo/git/simple-pycuda
wamca2016path: /home/rodolfo/git/wamca2016/
localpath: /home/rodolfo/git/dvnd-df/code/dvnd-df/src/
WAMCAPATH:/home/rodolfo/git/wamca2016/
param: {solution_index:5, solution_instance_index:87, multi_gpu:True, goal:False, problem_name:ml, number_of_moves:10, device_count:2, solver:rvnd, mpi_enabled:True, workers:1}
Using already created file:  wamca2016lib.so
Size: 657 - file name: 06_d657.tsp

Value - initial: 272565100-[358 447 164  53 348   1 434 565 214 656 213 589 369 149 412 519 299 535
 635 385 336 136 280 415 418 209 113  50 243 133 593 600 145 559 574  95
 258 531 181 226 161 314 354 282 165 312 436 405 347 554  25 322 163  71
 449 118 387 167  55 345 277  49 461 520 154 273 496 158  91 110 445 645
 567 514 452 585 530 359 625 655 480  22 180 421 223 384 233 303  29 257
 217 410 433 581 451 190  77 438 203  60 153 591 615 254 240  72 560 603
  24  88 310 401 467 116   2  16 529 466 250 268 323 393 368 644  68 568
 286 534 317 392 505 458  83 332 470  26 640 259  66 648 252 570 607  30
 597 340 343 422 119 135 504 247 580 557 197 225  90 577 439 179   6 302
 245 378  80 594 196  84 428 423 191 188 232  37 549 202 488 199 556  89
 309 267 308 493 218 320 419 141 561 602 219 400  94 462 495 295 321 618
 595 386 330 269   5 624  99  21 377 344 249 494 187 582 305 573  34 281
 407 651  57 168 304 429 584 572 512 186 224 351 294 346 360 632 372 319
 455 548 608 166 506 453 638 171 207 311 551 623 130 160 189 251 515  36
 220 464 395 408 391  18 619 599 457 626 178 238 102 465 388 424   7 637
 622 546 636 533 379 341  23 147 598 508  67 527 111 413  35 146 177 159
  41 612 639 394  20 583 184  81 524 132  13 211 230 553 292 389 525  93
  28  54 222  92 406 482 545 289 365 596 443 468 287  58 633 127 448 550
 356  45 521 523 650 144 198 411 426  32   0 318 290 355 364 129 137 367
 265 114 490 272 536  40 193 271 440 175 653 298 486 138 510  52  47 380
 192  85 537 547 288 255 300 503 140 205 446  70 383 566  42  51 631 276
 518 571 253 474 128 390 420 425 586  82  11 327  15  76 100 328 162 106
 478 459 120 629 194 563 151 509 472 313 237 454 628 363 654 610 352 649
 646 215 484 473 606 349  56 182 117 432 208 371 107 605  64 316 104 376
 489 601 339 176 477 275 183 173 604 476 414 260 293 278 578 398  46 256
 382 397 630  78 492 498 562 587 579 435   4 285  17 155 131 236 134 404
 499 450 228 463 641   8  19 442 475 381 152 122 307 497 353 479 576 409
 143 652 555  43  12 569  27 325 616 227 244 212 115 564  63 590 375 487
 444 221 334 588 242 125  74  98  33 374 642 541 206  62 558 516 306   9
 362 150 216 456  59  61 647 142 528 542  97 108 337 483 201  31 539 105
 296 592 264 248 491 329 331 627 617 430  75 441 333  73 481 342  44 263
  79  38 399 210 241 156 485 297 231 270 361 544 621 469 157 357 239 643
 538  14 403 614 315 284 229 326 169 373 611 613 234 274 417  69 139 124
 109 266 261   3  87 324 471 235 101 112  96 338 575 396 121 620 522 427
 552 123 502 283  10 513  86 507 350 246 172 517 291 437 540 301 174 335
  48 431 460 204 416 501 170 103 543 511 148 185 526  39 279 126  65 500
 402 634 370 366 200 195 532 609 262] - 272565100
Solver: RVND, number of workers: 1
Setting feeder affinity
I am the master. There are 1 mpi processes. (hostname = gpu01)
Roots [<pyDF.nodes.Feeder object at 0x7fb47fea9ad0>]
Starting 0
Main loop
I am worker 0
GPU0
set random seed!
Initial: 272565100-[358 447 164  53 348   1 434 565 214 656 213 589 369 149 412 519 299 535
 635 385 336 136 280 415 418 209 113  50 243 133 593 600 145 559 574  95
 258 531 181 226 161 314 354 282 165 312 436 405 347 554  25 322 163  71
 449 118 387 167  55 345 277  49 461 520 154 273 496 158  91 110 445 645
 567 514 452 585 530 359 625 655 480  22 180 421 223 384 233 303  29 257
 217 410 433 581 451 190  77 438 203  60 153 591 615 254 240  72 560 603
  24  88 310 401 467 116   2  16 529 466 250 268 323 393 368 644  68 568
 286 534 317 392 505 458  83 332 470  26 640 259  66 648 252 570 607  30
 597 340 343 422 119 135 504 247 580 557 197 225  90 577 439 179   6 302
 245 378  80 594 196  84 428 423 191 188 232  37 549 202 488 199 556  89
 309 267 308 493 218 320 419 141 561 602 219 400  94 462 495 295 321 618
 595 386 330 269   5 624  99  21 377 344 249 494 187 582 305 573  34 281
 407 651  57 168 304 429 584 572 512 186 224 351 294 346 360 632 372 319
 455 548 608 166 506 453 638 171 207 311 551 623 130 160 189 251 515  36
 220 464 395 408 391  18 619 599 457 626 178 238 102 465 388 424   7 637
 622 546 636 533 379 341  23 147 598 508  67 527 111 413  35 146 177 159
  41 612 639 394  20 583 184  81 524 132  13 211 230 553 292 389 525  93
  28  54 222  92 406 482 545 289 365 596 443 468 287  58 633 127 448 550
 356  45 521 523 650 144 198 411 426  32   0 318 290 355 364 129 137 367
 265 114 490 272 536  40 193 271 440 175 653 298 486 138 510  52  47 380
 192  85 537 547 288 255 300 503 140 205 446  70 383 566  42  51 631 276
 518 571 253 474 128 390 420 425 586  82  11 327  15  76 100 328 162 106
 478 459 120 629 194 563 151 509 472 313 237 454 628 363 654 610 352 649
 646 215 484 473 606 349  56 182 117 432 208 371 107 605  64 316 104 376
 489 601 339 176 477 275 183 173 604 476 414 260 293 278 578 398  46 256
 382 397 630  78 492 498 562 587 579 435   4 285  17 155 131 236 134 404
 499 450 228 463 641   8  19 442 475 381 152 122 307 497 353 479 576 409
 143 652 555  43  12 569  27 325 616 227 244 212 115 564  63 590 375 487
 444 221 334 588 242 125  74  98  33 374 642 541 206  62 558 516 306   9
 362 150 216 456  59  61 647 142 528 542  97 108 337 483 201  31 539 105
 296 592 264 248 491 329 331 627 617 430  75 441 333  73 481 342  44 263
  79  38 399 210 241 156 485 297 231 270 361 544 621 469 157 357 239 643
 538  14 403 614 315 284 229 326 169 373 611 613 234 274 417  69 139 124
 109 266 261   3  87 324 471 235 101 112  96 338 575 396 121 620 522 427
 552 123 502 283  10 513  86 507 350 246 172 517 291 437 540 301 174 335
  48 431 460 204 416 501 170 103 543 511 148 185 526  39 279 126  65 500
 402 634 370 366 200 195 532 609 262]
Final time: 9.10280585289s - Best: 14639505-[358 365 377 369 350 326 320 310 300 276 270 252 227 219 214 208 184 179
 177 154 149 147 161 170 171 169 148 139 120  86  92  99 113 119 103 118
 114 102  91  97  98  93  84  74  77  73  68  63  45  44  41  39  36  35
  33  32  24  21  14  15  20  16  17  13  18  19 444 445 447 446 443 441
 440  23  25  26  27  30  31 469  34  37  38  42  46  58  70  90 104 105
 121 112 122 106 111 107 100  96  82  76  83  89  94 110 123 146 134 144
 145 127 124 505 109 108  95  88  87 491 494 497 498 496 490 486 485 480
 481 487 488 493 499 502 503 501 500 495 492 489 484 514 515 478 479 476
 477 519 520 521 526 525 522 524 530 533 529 531 532 535 534 537 536 635
 634 633 632 631 630 629 628 552 545 546 547 548 553 558 554 555 557 550
 549 543 551 556 559 509 508 133 136 507 126 504 506 125 135 152 160 174
 193 203 205 216 212 213 580 229 246 257 266 258 273 280 296 302 319 330
 336 343 354 360 355 381 383 380 375 367 382 411 417 429 434 433 412 407
 403 394 384 379 374 368 376 385 395 402 406 413 425 424 419 410 396 378
 357 351 333 318 312 305 304 311 327 373 401 405 414 431 423 432 435 430
 436 422 421 415 404 400 389 398 391 372 361 347 341 345 335 322 317 307
 298 290 271 261 253 234 218 206 197 195 185 178 172 168 155 162 164 156
 163 138 131 117  78   6   5   4   3   2   1  10   8   9   7  53  60  64
  79 101 132 140 165 187 181 180 186 191 198 199 209 217 240 263 264 288
 293 299 303 308 309 321 325 294 292 287 275 254 248 236 225 215 221 232
 241 247 251 260 268 284 259 255 250 242 226 224 228 243 223 249 277 291
 272 274 283 286 267 282 285 278 281 301 295 297 306 592 279 589 598 600
 607 610 606 605 601 595 591 596 597 602 609 604 603 599 590 587 588 585
 579 575 572 571 569 568 626 655 654 627 651 650 649 648 647 645 646 644
 643 642 641 640 636 637 638 639 541 540 539 538 523 527 474 475 457 456
 473 455 459 460 467 465 461 454 451 452 450 448 449 453 458 464 462 463
 466 468  43  47  51  62  75  81 143 151 167 153 166 158 150  80  71  66
  61  55  69  59  57  52  48  40  50  49  54  65  72  85 115 137 130 116
 128 129 142 190 196 220 230 239 238 235 231 262 289 323 340 346 324 334
 342 348 349 364 370 397 388 387 386 366 363 352 359 339 328 313 314 315
 316 329 332 338 344 353 362 392 428 418 393 426 427 408 622 620 618 617
 616 615 613 624 625 619 612 611 594 583 584 576 577 573 574 578 582 586
 581 202 201 200 194 183 173 182 222 245 256 244 233 211 189 159 510 511
 567 570 566 565 563 560 564 561 562 544 542 528 512 513 516 517 518 482
 472 471 483  67  56 470 442  22  29  28  12  11 141 210 237 269 371 399
 390 409 416 438 420 437 439 204 157 207 176 192 188 175 265 331 356 337
 608 623 621 614 593 656 653 652   0]
Value - initial: 272565100, final: 14639505, improveup: 18.6184642172

data-line;i;272565100;f;14639505;t;9.10280585289;c;-2;fv;[14639505L];cv;-1;imp;18.6184642172;type;rvnd;inum;5;w;1

time;9.10280585289;man_time;0;neigh_time;0
man_time;0;man_merge_sol;0;man_best_sol;0;man_combine_sol;0

Waiting [0]
Terminating workers True 0 0
MPI TERMINATING
