pydf_home: /home/rodolfo/git/Sucuri
simple_pycuda_home: /home/rodolfo/git/simple-pycuda
wamca2016path: /home/rodolfo/git/wamca2016/
localpath: /home/rodolfo/git/dvnd-df/code/dvnd-df/src/
WAMCAPATH:/home/rodolfo/git/wamca2016/
param: {solution_index:7, solution_instance_index:9, multi_gpu:True, goal:False, problem_name:ml, number_of_moves:10, device_count:2, solver:rvnd, mpi_enabled:True, workers:1}
Using already created file:  wamca2016lib.so
Size: 1001 - file name: 08_TRP-S1000-R1.tsp

Value - initial: 131855285-[444 393 372 ..., 913 938 641] - 131855285
Solver: RVND, number of workers: 1
Setting feeder affinity
I am the master. There are 1 mpi processes. (hostname = gpu01)
Roots [<pyDF.nodes.Feeder object at 0x7f377e5daad0>]
Starting 0
Main loop
I am worker 0
GPU0
set random seed!
Initial: 131855285-[444 393 372 ..., 913 938 641]
Final time: 31.772646904s - Best: 5546027-[444  47 337 ..., 350 366 518]
Value - initial: 131855285, final: 5546027, improveup: 23.7747282875

data-line;i;131855285;f;5546027;t;31.772646904;c;-2;fv;[5546027L];cv;-1;imp;23.7747282875;type;rvnd;inum;7;w;1

time;31.772646904;man_time;0;neigh_time;0
man_time;0;man_merge_sol;0;man_best_sol;0;man_combine_sol;0

Waiting [0]
Terminating workers True 0 0
MPI TERMINATING
