pydf_home: /home/rodolfo/git/Sucuri
simple_pycuda_home: /home/rodolfo/git/simple-pycuda
wamca2016path: /home/rodolfo/git/wamca2016/
localpath: /home/rodolfo/git/dvnd-df/code/dvnd-df/src/
WAMCAPATH:/home/rodolfo/git/wamca2016/
param: {solution_index:7, solution_instance_index:21, multi_gpu:True, goal:False, problem_name:ml, number_of_moves:10, device_count:2, solver:rvnd, mpi_enabled:True, workers:1}
Using already created file:  wamca2016lib.so
Size: 1001 - file name: 08_TRP-S1000-R1.tsp

Value - initial: 135197426-[403 115 845 ..., 815 693 292] - 135197426
Solver: RVND, number of workers: 1
Setting feeder affinity
I am the master. There are 1 mpi processes. (hostname = gpu01)
Roots [<pyDF.nodes.Feeder object at 0x7f7e43066ad0>]
Starting 0
Main loop
I am worker 0
GPU0
set random seed!
Initial: 135197426-[403 115 845 ..., 815 693 292]
Final time: 33.7689290047s - Best: 5569727-[403 583 775 ..., 607 265 487]
Value - initial: 135197426, final: 5569727, improveup: 24.2736180786

data-line;i;135197426;f;5569727;t;33.7689290047;c;-2;fv;[5569727L];cv;-1;imp;24.2736180786;type;rvnd;inum;7;w;1

time;33.7689290047;man_time;0;neigh_time;0
man_time;0;man_merge_sol;0;man_best_sol;0;man_combine_sol;0

Waiting [0]
Terminating workers True 0 0
MPI TERMINATING
