pydf_home: /home/rodolfo/git/Sucuri
simple_pycuda_home: /home/rodolfo/git/simple-pycuda
wamca2016path: /home/rodolfo/git/wamca2016/
localpath: /home/rodolfo/git/dvnd-df/code/dvnd-df/src/
WAMCAPATH:/home/rodolfo/git/wamca2016/
param: {solution_index:2, solution_instance_index:22, multi_gpu:True, goal:False, problem_name:ml, number_of_moves:10, device_count:2, solver:rvnd, mpi_enabled:True, workers:1}
Using already created file:  wamca2016lib.so
Size: 226 - file name: 03_pr226.tsp

Value - initial: 189150279-[188 219 104 162 185  74  42  60   5 128 109 205 213 176  91 191 137  89
  46 132  99  26 145 200 102 181   3 135  70 140  58 175 142  85  27  96
 195  15 169 123 156 201 180  13 134  73 107 192  44 111 218 194 158  41
  82  54 129  77   1  62  51  57 155  28 183  38 113   4  45 161 148 171
  64 141  53 130 222  48  97 147  32 157  29 138  71 116 136  87  81 152
 106 199  76 164 127  67 119 160  40  59  49 115 204  86   6 193  88 125
 144 163 178 174 131  98  35  56 105 198  78 214 151 149  31 122 101 133
 203 118  61 196  17  14 190  90 120 179 154  39  43 225 217 208 112  30
  92  83 209 186 153   7 124 202 197  66  36 210 108  84 184 223  52  19
 170 189  18 103  75  21  11  34   8 216 110  24 172  93  22  10 146  20
 139 206 165  50 168  47  63  68  25 114 143 121 215 126 182  65  55 212
 117  69 177 224   0 221  12 173 159  37 167  23 187 150  33 100 207 166
  72  95   9  16  79 220   2  80  94 211] - 189150279
Solver: RVND, number of workers: 1
Setting feeder affinity
I am the master. There are 1 mpi processes. (hostname = gpu01)
Roots [<pyDF.nodes.Feeder object at 0x7f010770bad0>]
Starting 0
Main loop
I am worker 0
GPU0
set random seed!
Initial: 189150279-[188 219 104 162 185  74  42  60   5 128 109 205 213 176  91 191 137  89
  46 132  99  26 145 200 102 181   3 135  70 140  58 175 142  85  27  96
 195  15 169 123 156 201 180  13 134  73 107 192  44 111 218 194 158  41
  82  54 129  77   1  62  51  57 155  28 183  38 113   4  45 161 148 171
  64 141  53 130 222  48  97 147  32 157  29 138  71 116 136  87  81 152
 106 199  76 164 127  67 119 160  40  59  49 115 204  86   6 193  88 125
 144 163 178 174 131  98  35  56 105 198  78 214 151 149  31 122 101 133
 203 118  61 196  17  14 190  90 120 179 154  39  43 225 217 208 112  30
  92  83 209 186 153   7 124 202 197  66  36 210 108  84 184 223  52  19
 170 189  18 103  75  21  11  34   8 216 110  24 172  93  22  10 146  20
 139 206 165  50 168  47  63  68  25 114 143 121 215 126 182  65  55 212
 117  69 177 224   0 221  12 173 159  37 167  23 187 150  33 100 207 166
  72  95   9  16  79 220   2  80  94 211]
Final time: 4.31910896301s - Best: 7176254-[188 189 187 186 185 184 183 182 181 180 179 178 177 176 175 174 173 172
 171 170 169 168 167 166 165 164 163 162 161 160 159 158 157 156 155 154
 149 142 141 147 148 140 139 146 144 138 137 145 143 136 101  93  92 100
  99  91  90  98  97  89  87  96  95  88  86  94 135 134 133 132 190 191
 192 193 194 195 196 197 198 199 200 201 202 203 204 205 206 207 208 209
 210 211 212 213 214 215 216 217 218 219 220 221 222 223 224 225 124 131
 129 123 122 130 128 121 120 126 127 119 118 125 109 117 116 108 107 115
 114 106 105 113 112 103 104 111 110 102  63  62  61  60  59  58  57  56
  55  54  53  52  51  50  49  48  47  32  31  30  35  44  45  43  36  34
  33  29  28  27  26  25  24  23  22  21  20  19  18  17  16  15  12  11
  10  14  13   9   8   7   6   5   4   3   2   1   0  72  73  74  75  76
  77  78  79  80  81  82  83  84  85  71  70  67  66  68  69  65  64  46
  42  41  38  37  39  40 153 152 151 150]
Value - initial: 189150279, final: 7176254, improveup: 26.3578015773

data-line;i;189150279;f;7176254;t;4.31910896301;c;-2;fv;[7176254L];cv;-1;imp;26.3578015773;type;rvnd;inum;2;w;1

time;4.31910896301;man_time;0;neigh_time;0
man_time;0;man_merge_sol;0;man_best_sol;0;man_combine_sol;0

Waiting [0]
Terminating workers True 0 0
MPI TERMINATING
