pydf_home: /home/rodolfo/git/Sucuri
simple_pycuda_home: /home/rodolfo/git/simple-pycuda
wamca2016path: /home/rodolfo/git/wamca2016/
localpath: /home/rodolfo/git/dvnd-df/code/dvnd-df/src/
WAMCAPATH:/home/rodolfo/git/wamca2016/
param: {solution_index:5, solution_instance_index:27, multi_gpu:True, goal:False, problem_name:ml, number_of_moves:10, device_count:2, solver:rvnd, mpi_enabled:True, workers:1}
Using already created file:  wamca2016lib.so
Size: 657 - file name: 06_d657.tsp

Value - initial: 277583591-[316 289  87   4 478 138 254 205 556 315 649  29 450 557 175 136 180 520
 608 576 374 494  69 244 137  50 501 152 422 209 124 109 146 527  22 135
 149 583 305 116 285 593 163  47 267 162 438 344 391 568 300  59 383  96
 454  30 456 362 628 643 229 551 212 275 325 432  45 529 483 604 187  56
 492 103  21 463 629  35 332 515 561 210 452  82 293 514 192 272 224 107
 222 133 237 370 235 635 274 503 522 446  81  53 402 550  84   2 434  42
 282 531 247 499 322  27 373 405 232 548  64 242 584 206 193 394 203 134
 457 473 552  26  18 186 516  19 619 255 200 601 448 240 178  58 554 352
 453 123 523  13 500 488 343  32 627 230  76 113 509  48 266 586   5 208
 482 256 151 129 311 517  10 188 253 519 388 262 297 481 582 471 366 569
 298 612 401 241  28 368 403 470 191 624 213 648 633 239 620 508  83 357
 218   0 196  85 324 375 420 575 183  91 427 533 630 421  57  16 462 217
 392  73  61 384 476 542 495  37 166 449 578 399 140 348 393  71 120 238
 155  31 512 603 605   3 400 485 202 259 156 153 356 528 349 167 538 220
 596  12  15 231 106 291 251 215 281 310 250 436 214 363 309 455  68 286
  49 607  70 260 157  14 408 284 150 132 511 609 304  97 246  93 219 385
 390 445 223  17 461 559 426 380 170 444  36 407 276 590  74 541 168 127
 112 563 355 466  44 588 637 144   1 169 623 505 100 141 337 299 160 184
 602 145 566 122 571 507   6 484 342  86 489 423 159 411 429 364 642  11
   7 114 338  46 376 154 639 185 431 252 425 283 395 172  55 539 525 389
 524 424 301 369 386 313 102 243 117 340 365 510  24 560 650 464 198 632
 451 326   9 626 477 314 465 118 611 269 204 378 158 228  41  72  51 372
  43 339 307 610 358 329 532 341 190  77 406 270  79 555 226 496 535 472
 543 249 353  67 261 264 486  78 143 615 397 480 574 174 536 493 469 333
 319 379 537 139 248 278  98 443 587 221 640 345 161  80 647 653 377 544
 475 257 265 396 327 441 631 410 497  65 128 418 177 108 351 320 428 271
 321 565 622 553  25 330 181 460 234 430  39 616  92 318 558 644 306 182
 595 216 225  33 350 433 447 414 468 303  54 598 594 530 638 287 336 360
 245 171 335 458  88   8 346 439 442 413 263 227 521 295 490 308 273 645
 437 412 280 613 570 382 651 617 545 201  34  95 111 549 236 487 101 579
 189 387 417 618 641 296 416 404 606 302 614 580 359  20  62 547 467 540
  63 435 323 581 197 211 194 636 502 268 440 459 115 110 513  52 347 367
 277 199  38 600 599  66 195 381 104 317 567 292 131 130 572 409 294  89
 518 361 119 504 173 562  90  94 164 207  23 591 415 258 646 621 656  99
 125 334 290 592 534 577 328 655 474 526 121 126 564 654 652 625 165 176
 597 233 634  75 354 331 371 147 419 546 479 142 491 179 105 573 589 398
  60 148 506 585 279  40 288 312 498] - 277583591
Solver: RVND, number of workers: 1
Setting feeder affinity
I am the master. There are 1 mpi processes. (hostname = gpu01)
Roots [<pyDF.nodes.Feeder object at 0x7f8ca53d6ad0>]
Starting 0
Main loop
I am worker 0
GPU0
set random seed!
Initial: 277583591-[316 289  87   4 478 138 254 205 556 315 649  29 450 557 175 136 180 520
 608 576 374 494  69 244 137  50 501 152 422 209 124 109 146 527  22 135
 149 583 305 116 285 593 163  47 267 162 438 344 391 568 300  59 383  96
 454  30 456 362 628 643 229 551 212 275 325 432  45 529 483 604 187  56
 492 103  21 463 629  35 332 515 561 210 452  82 293 514 192 272 224 107
 222 133 237 370 235 635 274 503 522 446  81  53 402 550  84   2 434  42
 282 531 247 499 322  27 373 405 232 548  64 242 584 206 193 394 203 134
 457 473 552  26  18 186 516  19 619 255 200 601 448 240 178  58 554 352
 453 123 523  13 500 488 343  32 627 230  76 113 509  48 266 586   5 208
 482 256 151 129 311 517  10 188 253 519 388 262 297 481 582 471 366 569
 298 612 401 241  28 368 403 470 191 624 213 648 633 239 620 508  83 357
 218   0 196  85 324 375 420 575 183  91 427 533 630 421  57  16 462 217
 392  73  61 384 476 542 495  37 166 449 578 399 140 348 393  71 120 238
 155  31 512 603 605   3 400 485 202 259 156 153 356 528 349 167 538 220
 596  12  15 231 106 291 251 215 281 310 250 436 214 363 309 455  68 286
  49 607  70 260 157  14 408 284 150 132 511 609 304  97 246  93 219 385
 390 445 223  17 461 559 426 380 170 444  36 407 276 590  74 541 168 127
 112 563 355 466  44 588 637 144   1 169 623 505 100 141 337 299 160 184
 602 145 566 122 571 507   6 484 342  86 489 423 159 411 429 364 642  11
   7 114 338  46 376 154 639 185 431 252 425 283 395 172  55 539 525 389
 524 424 301 369 386 313 102 243 117 340 365 510  24 560 650 464 198 632
 451 326   9 626 477 314 465 118 611 269 204 378 158 228  41  72  51 372
  43 339 307 610 358 329 532 341 190  77 406 270  79 555 226 496 535 472
 543 249 353  67 261 264 486  78 143 615 397 480 574 174 536 493 469 333
 319 379 537 139 248 278  98 443 587 221 640 345 161  80 647 653 377 544
 475 257 265 396 327 441 631 410 497  65 128 418 177 108 351 320 428 271
 321 565 622 553  25 330 181 460 234 430  39 616  92 318 558 644 306 182
 595 216 225  33 350 433 447 414 468 303  54 598 594 530 638 287 336 360
 245 171 335 458  88   8 346 439 442 413 263 227 521 295 490 308 273 645
 437 412 280 613 570 382 651 617 545 201  34  95 111 549 236 487 101 579
 189 387 417 618 641 296 416 404 606 302 614 580 359  20  62 547 467 540
  63 435 323 581 197 211 194 636 502 268 440 459 115 110 513  52 347 367
 277 199  38 600 599  66 195 381 104 317 567 292 131 130 572 409 294  89
 518 361 119 504 173 562  90  94 164 207  23 591 415 258 646 621 656  99
 125 334 290 592 534 577 328 655 474 526 121 126 564 654 652 625 165 176
 597 233 634  75 354 331 371 147 419 546 479 142 491 179 105 573 589 398
  60 148 506 585 279  40 288 312 498]
Final time: 9.38271689415s - Best: 14471146-[316 329 315 314 332 338 344 353 367 362 352 363 359 366 368 374 376 379
 394 403 407 412 413 406 402 395 385 396 378 373 386 377 369 387 430 435
 436 422 421 415 404 400 389 398 391 372 361 347 341 345 335 322 317 307
 298 290 271 264 263 261 253 239 230 220 206 196 190 164 162 155 168 172
 178 185 195 197 199 198 191 186 180 181 187 165 140 132 115  98  97  91
  54  50  40  28  20  16  17  13  18  19 444 445 447 446 443 441 440  23
  27  30  26  25 442 449 448 453 450 452 451 454 458 464 468 466 462 463
 469  34  37  46  42  38  43  47  61  66  71  80  75  81 106 111 107 100
  96  82  94  89  83  76  67 483 482 486 485 480 481 488 487 490 491 494
 497 496 498 493 495 492 489 484 514 515 478 477 476 479 472 471  56  62
  51 470 467 465 461 460 459 455 473 456 457 475 474 520 519 521 527 526
 525 522 524 530 533 523 529 531 532 535 534 536 537 538 539 540 541 542
 543 549 550 551 556 559 528 500 501 503 502 499 504 126 135 125 506 505
 124 127 145 144 109  95  87  88 108 110 123 134 146 176 188 192 223 228
 243 255 259 250 242 226 224 207 219 214 208 184 177 179 166 158 150 153
 167 151 143 122 112 121 105 104  90  86  92  99 120 147 149 154 161 170
 171 169 148 139 113 119 103  69  59  57  52  48  29  22  15  14  21  24
  12  11  10   8   9   7  33  32  35  36  39  41  45  44  49  65  72  85
 118 114 102  93  84  74  77  73  68  63  53  60  64  79  78   6 117 131
 138 129 128 116 130 137 142 156 163 210 231 235 238 234 218 209 217 240
 288 293 299 303 324 323 340 346 334 370 364 348 342 325 321 309 308 292
 287 275 254 248 236 225 215 221 232 241 247 251 260 268 252 270 276 300
 310 320 326 350 365 401 405 414 423 432 431 424 410 419 425 433 434 429
 417 411 382 392 384 357 351 358 327 311 304 305 312 318 333 339 328 313
 291 277 272 274 283 286 282 267 256 244 233 211 193 174 160 136 133 507
 508 509 510 159 182 189 203 205 212 216 222 245 278 281 301 295 302 296
 297 280 273 258 266 279 592 306 331 360 355 356 337 607 610 606 605 601
 600 598 589 586 581 582 578 574 570 567 566 557 555 554 558 553 548 547
 544 545 546 552 628 560 563 565 564 561 562 568 569 571 572 626 655 654
 627 651 650 649 630 629 631 632 633 635 634 636 637 638 639 640 641 642
 643 644 646 645 647 648 652 653 656 575 579 576 573 577 583 584 585 588
 587 590 593 599 603 604 609 614 621 623 625 624 619 612 611 602 594 597
 596 591 595 608 613 615 616 617 618 620 622 408 427 426 393 381 383 418
 428 380 375 354 343 336 330 319 285 265 213 580 229 257 246 202 201 200
 194 183 173 511 152 175 249 284 227 294 349 388 397 439 437 438 420 409
 416 390 399 371 289 269 237 262 204 157 101 141   5   4   3   2   1  55
  31  58  70 518 517 516 513 512   0]
Value - initial: 277583591, final: 14471146, improveup: 19.1818665225

data-line;i;277583591;f;14471146;t;9.38271689415;c;-2;fv;[14471146L];cv;-1;imp;19.1818665225;type;rvnd;inum;5;w;1

time;9.38271689415;man_time;0;neigh_time;0
man_time;0;man_merge_sol;0;man_best_sol;0;man_combine_sol;0

Waiting [0]
Terminating workers True 0 0
MPI TERMINATING
