pydf_home: /home/rodolfo/git/Sucuri
simple_pycuda_home: /home/rodolfo/git/simple-pycuda
wamca2016path: /home/rodolfo/git/wamca2016/
localpath: /home/rodolfo/git/dvnd-df/code/dvnd-df/src/
WAMCAPATH:/home/rodolfo/git/wamca2016/
param: {solution_index:4, solution_instance_index:65, multi_gpu:True, goal:False, problem_name:ml, number_of_moves:10, device_count:2, solver:rvnd, mpi_enabled:True, workers:1}
Using already created file:  wamca2016lib.so
Size: 501 - file name: 05_TRP-S500-R1.tsp

Value - initial: 32201226-[462 250 262  55  95 209 315 276 221 435  60 482 129 127 185 283 195  80
  81 425 135 297 225  31 289 423 327 281 112 375  35 459  54 172 338 344
 390 131 171 465 182  78 436 255 478  83 274 106 316 104 213 441 360  13
 154  39 133 358  12 251 224 499 367 139 474 222 259  18 287 402 487  21
 428 497 144 143 111 229 486 426 296 263 337 149 190 448 361 412 431 170
 368 437 379 277 352 132 378 449  79 198 290  38 483 124 419 340 197 407
 168 100 285 468 450 308 454 107 476 422 332 151 323 346 439 386 233 400
 145  53 312 219 479 223 307 186 410 183  57 384 334  29 303 409 114 418
 203 321 347  91 317 399 174 272 228 429 363 243 430 353   2 158 452 392
 146 362 101 389 348 152 463 215 178 433 169  61 249 355 381 175 284 125
 469 200 320 126 326 257  88  25 192  16 244 142 138 466 295 273 443 204
 470 329  75 130  34 464 447 260 156 193 324 310  51 163  40  74  27 413
  46 351 335  36 350 460 206 370 237 153 160  68 339 207  26  33 477 405
 345 173  20 299 380 372 382 471 176 109 212 230  72 438 117 305  43  17
 498 369 189  23 240 420 288 199  24  66 364  32  87 354  11 328 194 473
 481 241 480 490 245  14 179   7  98 148 231 484 434 331  82 456 458 103
 403 252 180  97 166 457  92 161  22 184 401 385 108  84 406 304 440   4
 147 396 102 123 349 120 268 226 395 494 234 314 188 121 374 445 282 269
 196 217 446 141 408  44 110 271  19  89 333 292  30  70 128 424  48 291
   8 388 239 294 116 475  59 113 167 371  37 232 150 278 330 411 377 115
 325 394 227 398   6 254  90  65 286 265 236  56 164 187 248 162 313 373
 414 491 496  93  77  49 302   9 256 177 488 417 253 264 242 261 220 279
 489 318 404 157 301  42 119 280  76 493  85  10 205   1 341  15 387   5
 140 455 218 181 366   3 415  41  69 210 267 214  71 416  45 216 191 356
 134 421 275 298 201 247  58 270 136 137  52 266 306 246 238 258 235  96
 311 492 319  47 322 343  64  99 453 442 467 159   0 427  67 495 202 118
 383 397 451 393  86  28 444  50 309  63 293 365 391 472 211 461 432  94
 376 208 155  73 357 342 500 336 359  62 300 165 122 485 105] - 32201226
Solver: RVND, number of workers: 1
Setting feeder affinity
I am the master. There are 1 mpi processes. (hostname = gpu01)
Roots [<pyDF.nodes.Feeder object at 0x7f9dc3a91ad0>]
Starting 0
Main loop
I am worker 0
GPU0
set random seed!
Initial: 32201226-[462 250 262  55  95 209 315 276 221 435  60 482 129 127 185 283 195  80
  81 425 135 297 225  31 289 423 327 281 112 375  35 459  54 172 338 344
 390 131 171 465 182  78 436 255 478  83 274 106 316 104 213 441 360  13
 154  39 133 358  12 251 224 499 367 139 474 222 259  18 287 402 487  21
 428 497 144 143 111 229 486 426 296 263 337 149 190 448 361 412 431 170
 368 437 379 277 352 132 378 449  79 198 290  38 483 124 419 340 197 407
 168 100 285 468 450 308 454 107 476 422 332 151 323 346 439 386 233 400
 145  53 312 219 479 223 307 186 410 183  57 384 334  29 303 409 114 418
 203 321 347  91 317 399 174 272 228 429 363 243 430 353   2 158 452 392
 146 362 101 389 348 152 463 215 178 433 169  61 249 355 381 175 284 125
 469 200 320 126 326 257  88  25 192  16 244 142 138 466 295 273 443 204
 470 329  75 130  34 464 447 260 156 193 324 310  51 163  40  74  27 413
  46 351 335  36 350 460 206 370 237 153 160  68 339 207  26  33 477 405
 345 173  20 299 380 372 382 471 176 109 212 230  72 438 117 305  43  17
 498 369 189  23 240 420 288 199  24  66 364  32  87 354  11 328 194 473
 481 241 480 490 245  14 179   7  98 148 231 484 434 331  82 456 458 103
 403 252 180  97 166 457  92 161  22 184 401 385 108  84 406 304 440   4
 147 396 102 123 349 120 268 226 395 494 234 314 188 121 374 445 282 269
 196 217 446 141 408  44 110 271  19  89 333 292  30  70 128 424  48 291
   8 388 239 294 116 475  59 113 167 371  37 232 150 278 330 411 377 115
 325 394 227 398   6 254  90  65 286 265 236  56 164 187 248 162 313 373
 414 491 496  93  77  49 302   9 256 177 488 417 253 264 242 261 220 279
 489 318 404 157 301  42 119 280  76 493  85  10 205   1 341  15 387   5
 140 455 218 181 366   3 415  41  69 210 267 214  71 416  45 216 191 356
 134 421 275 298 201 247  58 270 136 137  52 266 306 246 238 258 235  96
 311 492 319  47 322 343  64  99 453 442 467 159   0 427  67 495 202 118
 383 397 451 393  86  28 444  50 309  63 293 365 391 472 211 461 432  94
 376 208 155  73 357 342 500 336 359  62 300 165 122 485 105]
Final time: 7.18821287155s - Best: 2002395-[462 442 399 424 315 173 323 374 498 397 429 493 461 241 495 184 154 230
 158 364  71 464  59 339 356 236 142 112   5 246  39 111 445   7  83 486
  41 469  32  80  84 463  48 113 169 121 198 287 353 321 258 106 135 164
 276 171 282 224 149   8 390  61 296 489 229 270 478 137 263 297 328 372
 196 292 299 202 278 376 139 104 313 272 192  86 413  21  43 285 185  55
 309 163  42 453 140 251 349 279 387  70 275 307 155  93  99 203 281  69
 265 238 381 457 239 129 439 160 403  16 411 447 215 204 109 208 216 380
 330 373 344 116 179  44 301 451 233 211 243  19 348 303 235 452  18   0
 150  53 107  23 153 400 283  11 314 401  24 465 456 371  34 289 188 267
 476  85 110 398 125 259 143 220 264 490 101  27 491 441 244  37 130 446
 474 482 127 256 375 231 249 166  98  78 417  73 262 395 268 336 386 332
  94 479 460 102   6 248  52 293 212 302  72 308  68 388 370 274 333  75
 161 484  14  79  97 255 190  95 448 485 141 354 207 365 487  25 475  90
 187 473 412 391 312 426 392 147 405 108 151 334 145 355 428 260 443 340
 122 199  51 159 228 471 316 115 425 189  26  50 170  92 168   2 488 377
 369 450 311 162 324  60 347  45 182  28 383 499 118 261  22 200 335 172
 213 286 337 341 414 219 100 433 343 406  58 206  40 252 357 396  77 209
 389  29  47 418  64 214 483 331 105  10 378 240 103 132 359 408 183 427
  74   1  17 114 384 300 480 176 409 318 497 368 124 277 326 210  87  62
 266 420 362  81  67 325 496 421 221 345 416 358  82 181 431 382 419  88
 193 232 174 146  38 436 195 394  76 346 468 422 437 352  35 379  13 194
 500 242 234 423 361  56 360 310 320 327  63 271 222 342  46 257 186 363
 492 133 298 245 227 250 126 205 455 254  57 367 435 165 291 432 269 191
 407 156 253 402 294  20 128  54 329 284 458 449 350 415 338 295  36 434
 119 459 178   3 273 393 167 117 481 305 351 136 470  33 319  66 197 225
   9 454 472 134 247 131   4 223  30 410 175 385 138 404 157 467 201 177
  96  15 440  65 366  49 148 477 322 120 218 494 430 288 237 304 306 438
 152 226  89  12 466 290 317 280 123  91 444 217 144 180  31]
Value - initial: 32201226, final: 2002395, improveup: 16.0813555767

data-line;i;32201226;f;2002395;t;7.18821287155;c;-2;fv;[2002395L];cv;-1;imp;16.0813555767;type;rvnd;inum;4;w;1

time;7.18821287155;man_time;0;neigh_time;0
man_time;0;man_merge_sol;0;man_best_sol;0;man_combine_sol;0

Waiting [0]
Terminating workers True 0 0
MPI TERMINATING
