pydf_home: /home/rodolfo/git/Sucuri
simple_pycuda_home: /home/rodolfo/git/simple-pycuda
wamca2016path: /home/rodolfo/git/wamca2016/
localpath: /home/rodolfo/git/dvnd-df/code/dvnd-df/src/
WAMCAPATH:/home/rodolfo/git/wamca2016/
param: {solution_index:5, solution_instance_index:19, multi_gpu:True, goal:False, problem_name:ml, number_of_moves:10, device_count:2, solver:rvnd, mpi_enabled:True, workers:1}
Using already created file:  wamca2016lib.so
Size: 657 - file name: 06_d657.tsp

Value - initial: 280136363-[623 364 449  39 206 642 347 438 150 636 401   0 573 505 174  19  48 646
 356 175 170 516 383 403 550  40 596 637 404 207 545 485 386 130  16 562
 295 431 249 447 317 247 180 330 305  28  35  25 204 576 615 499 539  69
 586 468 171 137 226 514 244 520 134 384 125 585 629 409 219  87 496  99
 565   5 314 223 649 473 591 201 592  75 112 243 526 157 267 230 199 541
 306  90 405 240 632 370 185 120 399 353 169 334 107 193  84 122 584 280
 408 589 338 416 618 166 529  13 609 322 140 544 509 309 389  32 377 195
  63  27  70 482 350 396 395  22 167 237 147 643 172 212 610 392 654 446
   3  91  96 269 554  10 490 418 325 581 464 445 500  79  82  57 507 360
 425  41 626 523 432 104 263 391  11  98 428  53 580 517 279 259 369 245
 387   2 192 388 153 262 176 202  45 567  92 257 536 413 210 152 227 331
 429  56  60 213  83 235 616 595 448  72  55 297 373 444 549 503 160 601
 611 376 598 602 436 414 518 422 600 546 256 452 572 587 349 421 335 173
 367 515 315 271  77 250 327 578 332 607 519  52 528  24 491 225 158 203
 619   4 535 382 299 329 365 631  93 358 290 149 344 469 525 374 236 588
 564 303 521 285  21  85 574 460 486 313 252 328 310 282 123 575 132 451
   7 502 142 639   9 215 606 394 560 531 634 357  17 627 457 476 320 138
  36  23 136 188 291 260 224 385  44 647 423 321 559 577 494 274  15 183
 346 131 266 208 129 184 410 318 298 454 265 296 378 179 390   8 456 475
 115   1 582 488  71 198 624 200 558 277 380 470 557  80 339 379 287 393
 308  37 278 146 311 231 341 407 351  14 254 530 316 218  61 319  94  74
 645 605 427 117 552 466 594 292 551 102 568 191 113  43 644 440 340 625
 561 579 510 612  20 143 638 111  12 251 233 197 216 651 273  47 433 375
 597 412 284 177 234  58 182 283  38  59   6  50 543 343 652 628 264 622
 133 653 144 336 242 241 324 533 492  73 463 430 139 504 108 555 481 248
 165  33 220  88 655 181 593 307  95 569 154 641 211 100 155 420 603 337
  26 121 178 406 556 286 281  67 366 617 566  78 495 441 348 524  64 455
 570 411 493 471 478 164 472 477 221  86 228 127 156 537 222 289 381 590
  42 312 613 415 168 293 417 372 479 345 453 194 462 196 239 355 483 501
  34  31 534  51 402 368 294 275 109 270 114 553 354  65 119 261 608 474
 397 640 229 323 434 599 527 424 542 103 563 633 359 268 342 304 547 106
 487 162 400  54 301  68 480  62  46 101 361 255 300 246 548 217 209 484
 621 151 511 583 435 437  81 371 532  29 163 288 426 489 145 630 419 620
 398  49  30 614 650 465  89 443  66 238 148 124 253 522 128 459 362 276
 604 232 105 189 186 333 258 214 126 497 110 363 187 450 118 141 352 205
 190 512 513 458 116 571 648  76 656 538  97 506 467 439 326  18 635 159
 442 272 508 302 135 540 161 498 461] - 280136363
Solver: RVND, number of workers: 1
Setting feeder affinity
I am the master. There are 1 mpi processes. (hostname = gpu01)
Roots [<pyDF.nodes.Feeder object at 0x7f1dcb6afad0>]
Starting 0
Main loop
I am worker 0
GPU0
set random seed!
Initial: 280136363-[623 364 449  39 206 642 347 438 150 636 401   0 573 505 174  19  48 646
 356 175 170 516 383 403 550  40 596 637 404 207 545 485 386 130  16 562
 295 431 249 447 317 247 180 330 305  28  35  25 204 576 615 499 539  69
 586 468 171 137 226 514 244 520 134 384 125 585 629 409 219  87 496  99
 565   5 314 223 649 473 591 201 592  75 112 243 526 157 267 230 199 541
 306  90 405 240 632 370 185 120 399 353 169 334 107 193  84 122 584 280
 408 589 338 416 618 166 529  13 609 322 140 544 509 309 389  32 377 195
  63  27  70 482 350 396 395  22 167 237 147 643 172 212 610 392 654 446
   3  91  96 269 554  10 490 418 325 581 464 445 500  79  82  57 507 360
 425  41 626 523 432 104 263 391  11  98 428  53 580 517 279 259 369 245
 387   2 192 388 153 262 176 202  45 567  92 257 536 413 210 152 227 331
 429  56  60 213  83 235 616 595 448  72  55 297 373 444 549 503 160 601
 611 376 598 602 436 414 518 422 600 546 256 452 572 587 349 421 335 173
 367 515 315 271  77 250 327 578 332 607 519  52 528  24 491 225 158 203
 619   4 535 382 299 329 365 631  93 358 290 149 344 469 525 374 236 588
 564 303 521 285  21  85 574 460 486 313 252 328 310 282 123 575 132 451
   7 502 142 639   9 215 606 394 560 531 634 357  17 627 457 476 320 138
  36  23 136 188 291 260 224 385  44 647 423 321 559 577 494 274  15 183
 346 131 266 208 129 184 410 318 298 454 265 296 378 179 390   8 456 475
 115   1 582 488  71 198 624 200 558 277 380 470 557  80 339 379 287 393
 308  37 278 146 311 231 341 407 351  14 254 530 316 218  61 319  94  74
 645 605 427 117 552 466 594 292 551 102 568 191 113  43 644 440 340 625
 561 579 510 612  20 143 638 111  12 251 233 197 216 651 273  47 433 375
 597 412 284 177 234  58 182 283  38  59   6  50 543 343 652 628 264 622
 133 653 144 336 242 241 324 533 492  73 463 430 139 504 108 555 481 248
 165  33 220  88 655 181 593 307  95 569 154 641 211 100 155 420 603 337
  26 121 178 406 556 286 281  67 366 617 566  78 495 441 348 524  64 455
 570 411 493 471 478 164 472 477 221  86 228 127 156 537 222 289 381 590
  42 312 613 415 168 293 417 372 479 345 453 194 462 196 239 355 483 501
  34  31 534  51 402 368 294 275 109 270 114 553 354  65 119 261 608 474
 397 640 229 323 434 599 527 424 542 103 563 633 359 268 342 304 547 106
 487 162 400  54 301  68 480  62  46 101 361 255 300 246 548 217 209 484
 621 151 511 583 435 437  81 371 532  29 163 288 426 489 145 630 419 620
 398  49  30 614 650 465  89 443  66 238 148 124 253 522 128 459 362 276
 604 232 105 189 186 333 258 214 126 497 110 363 187 450 118 141 352 205
 190 512 513 458 116 571 648  76 656 538  97 506 467 439 326  18 635 159
 442 272 508 302 135 540 161 498 461]
Final time: 9.62928795815s - Best: 14778368-[623 619 613 610 607 606 605 601 600 598 279 592 266 258 273 280 297 296
 302 295 301 281 278 285 316 329 315 314 332 338 344 353 362 367 382 392
 363 352 359 366 368 374 376 379 384 412 407 403 394 385 395 402 406 413
 425 424 419 410 396 378 357 351 333 318 312 305 304 284 291 277 272 249
 233 244 211 193 174 189 203 205 216 212 213 200 194 183 173 182 159 510
 509 508 133 136 507 500 501 503 502 499 504 126 135 125 506 505 124 127
 145 144 109  95  87  88 108  94  89  83  76  82  96 100 107 111 110 123
 134 146 151 167 153 143 150 158 166 179 184 177 154 149 147 161 170 171
 169 157 118 103 119 113  99  92  86  69  72  85 114 102  91  97  98  93
 115 132 140 155 168 172 178 185 195 191 186 180 181 187 199 198 197 196
 190 162 164 156 163 138 131 129 142 137 130 128 116 101  79  64  60  53
  68  73  77  84  74  63  45  44  41  39  36  35  33  32   7   9   8  10
  11  12  24  21  14  15  16  13  17  20  28  49  54  50  65  57  52  48
  59  55  30  27  26  25  23 440 441 443 447 446 442 463 462 466 468 464
 458 453 449 448 450 452 451 454 461 465 467 460 459 455 473 456 457 475
 476 479 478 477 474 520 519 521 527 526 525 522 524 530 533 523 529 531
 532 535 534 537 536 635 634 638 639 640 641 637 636 631 632 633 541 540
 539 538 513 512 495 492 489 484 488 487 481 480 485 486 490 493 498 496
 497 494 491 482 472 471 483  67  56  62  51  47  43  38  34 469  31  37
  42  46  58  61  66  71  80  75  81 106 122 112 121 105  90 104 120 139
 148 215 225 236 248 254 232 241 247 251 252 227 219 214 208 207 226 224
 228 243 255 259 250 242 270 276 268 260 294 275 287 292 309 308 334 346
 340 323 324 303 299 293 288 264 263 240 234 218 217 209 206 220 230 238
 239 253 261 271 290 298 307 317 322 335 345 341 347 361 372 391 390 371
 399 416 409 420 438 437 439 421 415 404 400 398 389 422 436 435 430 397
 388 370 364 348 342 321 325 349 387 369 365 377 386 401 405 414 423 432
 431 433 434 429 417 411 428 418 380 375 383 381 393 355 360 354 343 336
 319 330 331 306 337 356 615 616 617 618 620 622 408 426 427 624 625 612
 611 602 597 594 609 604 603 599 593 590 587 588 585 584 583 577 573 571
 569 568 562 561 564 560 565 563 558 553 554 555 557 556 551 543 549 550
 548 547 546 545 552 628 629 630 544 542 516 514 515 518 517 642 643 644
 646 645 647 648 649 650 651 652 653 654 655 626 572 575 579 576 574 578
 582 591 596 595 589 586 581 257 246 229 202 201 580 222 245 265 282 267
 256 274 283 286 313 328 339 311 327 358 373 350 326 320 310 300 221 204
 165 262 289 269 237 231 235 210 141 117  78   6   5   4   3   2   1  18
  19 444 445  22  29  40  70 176 192 188 175 152 160 528 559 511 567 570
 566 627 656 614 621 608 223 470   0]
Value - initial: 280136363, final: 14778368, improveup: 18.9558388991

data-line;i;280136363;f;14778368;t;9.62928795815;c;-2;fv;[14778368L];cv;-1;imp;18.9558388991;type;rvnd;inum;5;w;1

time;9.62928795815;man_time;0;neigh_time;0
man_time;0;man_merge_sol;0;man_best_sol;0;man_combine_sol;0

Waiting [0]
Terminating workers True 0 0
MPI TERMINATING
