pydf_home: /home/rodolfo/git/Sucuri
simple_pycuda_home: /home/rodolfo/git/simple-pycuda
wamca2016path: /home/rodolfo/git/wamca2016/
localpath: /home/rodolfo/git/dvnd-df/code/dvnd-df/src/
WAMCAPATH:/home/rodolfo/git/wamca2016/
param: {solution_index:6, solution_instance_index:68, multi_gpu:True, goal:False, problem_name:ml, number_of_moves:10, device_count:2, solver:rvnd, mpi_enabled:True, workers:1}
Using already created file:  wamca2016lib.so
Size: 783 - file name: 07_rat784.tsp

Value - initial: 72895261-[722 720 439 530  71 235 247  19 293 763  37 620 595  39 399 389  49 167
 771 180 601 116 228 714  89 627 555 672 567 248 653 753 224 208 547 438
 728 318 631 256 426 231 373 114 715 133 144 566 465  55 561 748 551 469
  27 758 203 431  16  68 157  12 238 441 312 701  57 719 334  44  30 594
 194 140 705 215 710 453  46 571 242 351 126 780 535 678 768 302  90 146
 368 698  41 687 667 671 408 409 326 718 132 197 479 218 327 509 599  26
 216 244 639 198 578 153 366  83 254 125  29 261 436 478 372 646 227 611
 665 121 625 622 325 574  59 556 775 484 190 258 542 233 761 569  15 628
 383 290 550 782 673 286 600 160 271  88 269  75 414 682 772 185 741 597
 593 234 142 284 241 703 380 670 583 281 404 175 706 117 704 777 430 603
 178 669 428 520 666 421 686 481 514 498 712 473 635 369 188 707  99 443
 492 236 609 508 752  24 734 537 212 363 165 511 237 371 262 253 616 301
 554 352 405 377 740 106 755 531 172 387 333 264 279 289 764 598 112 145
  54 545 226 210 778 549 525 370 299 501 461 416 401 367  84 451  82  35
 328 760   9 129 504 337 252 681 422  53 517 634 477 104 319 251  66 683
 656 395 445 100 108 127 307 604 447 586 156 245 365 173 192 727 733 485
 553 345 214 361 349 196 184 626 199  50  95 500 317 239 737  77 385 759
 147 750 181 645 476 636 647 521 278 475 246 381 696 493  20   0 644 579
  40 310 496 177 139  79 675 294  42 348 336 418 272 577 135 434 425 423
 308 721 305 343  72 230 738 207 285 614 268 618 455 103  58 700 347 592
 362 411 688 589 313 538 659 505 528 392 110 398  36 602  17 608 413 255
 491 723 124  52 386  22  45 354 444 115 518  73 300 148 151 107 587 435
 739  14 524 364 677 111 487 757 607 384 410   3 717 225 283 747 221 154
 658  64 652 458 267 699 304 275 548 684 263 572  91 232 637 497 565  34
 314 544   2 642 588 217 454 250 357  81 350 321 213 137 412 655 766 486
 624 575 259 131   8 767 138 415  33  69 621 534 105 693 702  28 657 330
 122 205  38 403  32 617 632 539 240 573 570  61 480 502 397 649  78 725
 743 633 339 470 674 568 442 581 471 680 222 123 143 296 171 183  25 424
  10 358 344 400 558 374 311 391 265 776 691 522 193  65 507 630 510 512
 288 472 716 641  94 692   6 613 519 375 419 309 141 266 120 292 200 396
 382 273 220 152 781 429 643 323  93 557 335 204 661 526 660  96 211 564
 320 150  31 457 732 166 329 744 742 433 136  56 482 662 735 676 249 276
 724 306 543 417 402 516 463 490 730 134 176 697 731 201 338 464 773 359
 128 708   4 774  92  70 189 466 179 765 711 562 331  23 489 651 346 541
 446 726 316  80  87 533 186 432 506 694 456 277 378 355 427  60 488 515
 576 407  13 452 648 303  62 606 695  97 324 751 450 209 685 113  51 745
 169 195 513 529 650 332 163 713 623 388 460 219 532 779 536 679 619 540
 596 769 353 462 282 420 322 390 709 394 495 376 158 191  11 483 356  98
  48 449  47 585 406  18 527 467 102 118 340  74 690 629 202 664 584 746
 448 689 610 170 654 640 580 523 187 559 729 155 182 393 591 260 762  21
 440 615 342 736 360 560 119  67 612 295 474 243   1  63 437 582 605  85
 552 168 341 101 149 291 663 274 749 638 756  43 229 315 297 162 590 563
 109 468 159 546 130 174 270 770 459 298 257 206 280 223 161 503 379   7
 287 499  76 754 164  86 668 494   5] - 72895261
Solver: RVND, number of workers: 1
Setting feeder affinity
I am the master. There are 1 mpi processes. (hostname = gpu01)
Roots [<pyDF.nodes.Feeder object at 0x7f77bd736ad0>]
Starting 0
Main loop
I am worker 0
GPU0
set random seed!
Initial: 72895261-[722 720 439 530  71 235 247  19 293 763  37 620 595  39 399 389  49 167
 771 180 601 116 228 714  89 627 555 672 567 248 653 753 224 208 547 438
 728 318 631 256 426 231 373 114 715 133 144 566 465  55 561 748 551 469
  27 758 203 431  16  68 157  12 238 441 312 701  57 719 334  44  30 594
 194 140 705 215 710 453  46 571 242 351 126 780 535 678 768 302  90 146
 368 698  41 687 667 671 408 409 326 718 132 197 479 218 327 509 599  26
 216 244 639 198 578 153 366  83 254 125  29 261 436 478 372 646 227 611
 665 121 625 622 325 574  59 556 775 484 190 258 542 233 761 569  15 628
 383 290 550 782 673 286 600 160 271  88 269  75 414 682 772 185 741 597
 593 234 142 284 241 703 380 670 583 281 404 175 706 117 704 777 430 603
 178 669 428 520 666 421 686 481 514 498 712 473 635 369 188 707  99 443
 492 236 609 508 752  24 734 537 212 363 165 511 237 371 262 253 616 301
 554 352 405 377 740 106 755 531 172 387 333 264 279 289 764 598 112 145
  54 545 226 210 778 549 525 370 299 501 461 416 401 367  84 451  82  35
 328 760   9 129 504 337 252 681 422  53 517 634 477 104 319 251  66 683
 656 395 445 100 108 127 307 604 447 586 156 245 365 173 192 727 733 485
 553 345 214 361 349 196 184 626 199  50  95 500 317 239 737  77 385 759
 147 750 181 645 476 636 647 521 278 475 246 381 696 493  20   0 644 579
  40 310 496 177 139  79 675 294  42 348 336 418 272 577 135 434 425 423
 308 721 305 343  72 230 738 207 285 614 268 618 455 103  58 700 347 592
 362 411 688 589 313 538 659 505 528 392 110 398  36 602  17 608 413 255
 491 723 124  52 386  22  45 354 444 115 518  73 300 148 151 107 587 435
 739  14 524 364 677 111 487 757 607 384 410   3 717 225 283 747 221 154
 658  64 652 458 267 699 304 275 548 684 263 572  91 232 637 497 565  34
 314 544   2 642 588 217 454 250 357  81 350 321 213 137 412 655 766 486
 624 575 259 131   8 767 138 415  33  69 621 534 105 693 702  28 657 330
 122 205  38 403  32 617 632 539 240 573 570  61 480 502 397 649  78 725
 743 633 339 470 674 568 442 581 471 680 222 123 143 296 171 183  25 424
  10 358 344 400 558 374 311 391 265 776 691 522 193  65 507 630 510 512
 288 472 716 641  94 692   6 613 519 375 419 309 141 266 120 292 200 396
 382 273 220 152 781 429 643 323  93 557 335 204 661 526 660  96 211 564
 320 150  31 457 732 166 329 744 742 433 136  56 482 662 735 676 249 276
 724 306 543 417 402 516 463 490 730 134 176 697 731 201 338 464 773 359
 128 708   4 774  92  70 189 466 179 765 711 562 331  23 489 651 346 541
 446 726 316  80  87 533 186 432 506 694 456 277 378 355 427  60 488 515
 576 407  13 452 648 303  62 606 695  97 324 751 450 209 685 113  51 745
 169 195 513 529 650 332 163 713 623 388 460 219 532 779 536 679 619 540
 596 769 353 462 282 420 322 390 709 394 495 376 158 191  11 483 356  98
  48 449  47 585 406  18 527 467 102 118 340  74 690 629 202 664 584 746
 448 689 610 170 654 640 580 523 187 559 729 155 182 393 591 260 762  21
 440 615 342 736 360 560 119  67 612 295 474 243   1  63 437 582 605  85
 552 168 341 101 149 291 663 274 749 638 756  43 229 315 297 162 590 563
 109 468 159 546 130 174 270 770 459 298 257 206 280 223 161 503 379   7
 287 499  76 754 164  86 668 494   5]
Final time: 11.3422400951s - Best: 3417778-[722 729 730 726 700 699 688 685 668 665 650 645 635 629 632 630 638 617
 609 604 613 600 599 608 602 586 590 583 576 569 564 557 542 526 521 496
 495 493 504 506 500 499 490 514 512 518 517 530 546 539 538 560 568 589
 597 596 593 585 578 561 553 550 533 529 516 511 507 491 485 462 454 459
 455 448 429 423 419 438 430 434 440 447 436 433 417 410 416 418 409 408
 407 392 376 369 346 349 345 352 338 324 331 315 305 290 292 289 299 306
 320 321 329 335 325 317 311 294 310 302 291 280 268 252 250 261 256 274
 286 281 282 259 262 270 271 251 244 240 219 227 228 243 225 220 212 200
 196 187 182 158 153 140 131 130 144 147 167 169 176 180 193 198 192 170
 134 133 148 141 121 113 108 105 100  78  83  86  74  65  72  59  54  43
  27  23  26  25  20  15  31  13  21  34  30  35  19   7  18  29  47  63
  76  73  88  62  38  28   4   2   9   8  11  17   6   1  22  16   0  14
  24  36  56  44  40  45  46  52  57  64  82  93  75  97  94 111 115 132
 136 142 139 127 107 104 101  98  84  70  58  60  67  85  81  61  53  41
  50  68  77  89  92  91 102 129 128 123 120 125 117 137 156 168 162 175
 178 199 197 207 223 242 248 247 273 272 277 275 276 254 245 238 229 230
 226 221 203 201 186 183 195 194 204 185 179 171 154 159 152 135 150 155
 161 160 151 119 110 106  80  66  69  79  99  96 109 116 122 146 138 145
 184 214 234 235 241 265 269 288 304 312 301 327 342 355 358 351 362 383
 389 386 381 396 406 400 422 428 435 444 451 457 452 442 437 421 432 425
 404 391 388 365 357 343 334 326 318 322 298 285 266 255 267 257 258 239
 231 232 224 216 205 211 218 210 208 181 172 164 163 149 143 166 188 190
 202 177 191 206 213 222 246 260 278 283 297 308 295 303 296 263 264 279
 284 314 313 328 340 330 341 333 323 319 336 337 339 347 350 353 359 374
 379 385 380 363 382 372 367 384 387 402 414 413 399 401 431 445 458 473
 479 487 474 464 449 439 446 453 467 477 497 509 502 503 515 522 537 549
 545 548 544 531 543 536 527 524 508 501 519 523 513 492 488 486 475 463
 469 468 520 541 540 535 534 555 563 562 565 577 587 598 612 618 616 627
 620 621 652 653 661 672 707 701 693 702 695 686 662 669 675 673 667 666
 663 649 641 631 628 636 615 605 603 614 588 574 570 571 552 558 572 580
 592 591 594 581 566 573 582 584 601 619 622 624 634 642 655 657 676 681
 711 710 713 716 714 727 750 743 752 766 770 774 782 781 763 755 751 741
 723 715 740 745 762 769 749 748 761 765 773 772 776 778 753 754 736 732
 712 706 718 719 720 747 739 725 709 694 698 683 660 656 648 640 643 659
 674 680 690 691 697 689 679 654 644 633 626 611 610 625 647 651 658 677
 687 670 678 684 705 704 708 717 734 744 735 731 742 738 721 756 758 767
 775 757 759 764 771 760 777 768 746 733 737 724 703 696 682 671 664 639
 637 623 595 579 567 575 559 547 532 525 510 498 471 481 465 483 484 505
 494 472 476 482 466 415 411 397 426 420 427 441 450 470 480 478 489 461
 460 443 412 405 403 393 398 395 373 366 356 354 368 378 377 361 360 348
 307 309 300 287 237 253 233 217 173 165 157 118 112 103  90  95  42  37
  39   5  12  10   3  33  71  49  32  51  48  55  87 124 114 126 174 215
 293 316 370 364 375 332 344 371 390 456 528 551 556 606 692 779 780 728
 646 607 554 236 209 189 249 424 394]
Value - initial: 72895261, final: 3417778, improveup: 21.3282609344

data-line;i;72895261;f;3417778;t;11.3422400951;c;-2;fv;[3417778L];cv;-1;imp;21.3282609344;type;rvnd;inum;6;w;1

time;11.3422400951;man_time;0;neigh_time;0
man_time;0;man_merge_sol;0;man_best_sol;0;man_combine_sol;0

Waiting [0]
Terminating workers True 0 0
MPI TERMINATING
