pydf_home: /home/rodolfo/git/Sucuri
simple_pycuda_home: /home/rodolfo/git/simple-pycuda
wamca2016path: /home/rodolfo/git/wamca2016/
localpath: /home/rodolfo/git/dvnd-df/code/dvnd-df/src/
WAMCAPATH:/home/rodolfo/git/wamca2016/
param: {solution_index:4, solution_instance_index:21, multi_gpu:True, goal:False, problem_name:ml, number_of_moves:10, device_count:2, solver:rvnd, mpi_enabled:True, workers:1}
Using already created file:  wamca2016lib.so
Size: 501 - file name: 05_TRP-S500-R1.tsp

Value - initial: 32774030-[151 453 379 494 287 206 177 122 368 283 340 302  11 182 370  54  79 124
 130   4 350 383  56 452 439 323 362  58 371 479  12 498  36  88 499 334
  72  69 168 395 188 172 149 223 146 264 470 179 262  31 412  10 244 127
 176 326 249 497 280  84 329 143 191  62 367 433 224 473 298 190 405 183
 242  25 281 373 390 178 268 481 181 138 482  71 250 290 417 114  65  21
 150 466  53  33 202 378 416 455 157 174 107  14 458 357  78 110 125 366
  57 468   5 345 341 208 388 286 489 133 230 444 310 315 330 236 161 220
 297 437 155  41 428 448 128 263 480 296  75 351  92 438 186 322 477  19
 258 327 237  80 197 493 184 229 312 490 409 488 320 401 284  85 145 325
 376 342 123 115 461 346 478 214 306  66 129 222 210  59 105 425 399 156
 358 321 299 180 112  35 300 137 435  18 165  26  67   1 392 397 301   9
 408 309 201  61  27 465 337 241 273   2 235  91 120 314 303  46 429 291
 456 495 460 269 159  29 104  68 447 414 289 422 413 365 355 486  49 294
 377 205 245 434 238 492 147  17 380 140 407 266 272 424 487 454 338  82
 209 100 233 472 475 167 175  15  37 304 464 148 196 420 108 469 228 436
 231 443 441 225 421 467 275 132 260 347 251 139 375 331 219 393 261 361
 398 154 226 462 218  74 400 419 318 277  20 158 440 282 134 457 166 253
  98   3  77  76  40 485 333 141 119  23 369 295 221 431 252  70  39  96
 232 171 106 246 316 410 285 403 271 324 293 217 471 204 247 311 389 319
 278 109 387 415  55 239 491 474 500  34 164 203  42 332  95 248 193  28
 484 382 317 450 103 442 163 243  86 353 308 153 267 483 142 207 364 135
  30 349 270 348 427  16 257 305  93 446 192 423 255  43 344 335 111  73
   0 113  48 292 276 476  63 194 391 496 118 212 216 215 274 354  89 144
 213 356  94 339 136 162  13  97 195 198  50 328 313 406   8 386 384  81
 279 211  90 288  87  45 426 396 411  64 101 234   7 381 126 394  51   6
 404 374  22 169  99 343 102 432 121  32  47 451 430 200 449 259 152  83
 116 187  44 352 227 185  60 372 418  52 131 173 307 402 363  38 189 463
 385 336 360 240 254  24 445 199 359 117 265 160 170 459 256] - 32774030
Solver: RVND, number of workers: 1
Setting feeder affinity
I am the master. There are 1 mpi processes. (hostname = gpu01)
Roots [<pyDF.nodes.Feeder object at 0x7f52b33edad0>]
Starting 0
Main loop
I am worker 0
GPU0
set random seed!
Initial: 32774030-[151 453 379 494 287 206 177 122 368 283 340 302  11 182 370  54  79 124
 130   4 350 383  56 452 439 323 362  58 371 479  12 498  36  88 499 334
  72  69 168 395 188 172 149 223 146 264 470 179 262  31 412  10 244 127
 176 326 249 497 280  84 329 143 191  62 367 433 224 473 298 190 405 183
 242  25 281 373 390 178 268 481 181 138 482  71 250 290 417 114  65  21
 150 466  53  33 202 378 416 455 157 174 107  14 458 357  78 110 125 366
  57 468   5 345 341 208 388 286 489 133 230 444 310 315 330 236 161 220
 297 437 155  41 428 448 128 263 480 296  75 351  92 438 186 322 477  19
 258 327 237  80 197 493 184 229 312 490 409 488 320 401 284  85 145 325
 376 342 123 115 461 346 478 214 306  66 129 222 210  59 105 425 399 156
 358 321 299 180 112  35 300 137 435  18 165  26  67   1 392 397 301   9
 408 309 201  61  27 465 337 241 273   2 235  91 120 314 303  46 429 291
 456 495 460 269 159  29 104  68 447 414 289 422 413 365 355 486  49 294
 377 205 245 434 238 492 147  17 380 140 407 266 272 424 487 454 338  82
 209 100 233 472 475 167 175  15  37 304 464 148 196 420 108 469 228 436
 231 443 441 225 421 467 275 132 260 347 251 139 375 331 219 393 261 361
 398 154 226 462 218  74 400 419 318 277  20 158 440 282 134 457 166 253
  98   3  77  76  40 485 333 141 119  23 369 295 221 431 252  70  39  96
 232 171 106 246 316 410 285 403 271 324 293 217 471 204 247 311 389 319
 278 109 387 415  55 239 491 474 500  34 164 203  42 332  95 248 193  28
 484 382 317 450 103 442 163 243  86 353 308 153 267 483 142 207 364 135
  30 349 270 348 427  16 257 305  93 446 192 423 255  43 344 335 111  73
   0 113  48 292 276 476  63 194 391 496 118 212 216 215 274 354  89 144
 213 356  94 339 136 162  13  97 195 198  50 328 313 406   8 386 384  81
 279 211  90 288  87  45 426 396 411  64 101 234   7 381 126 394  51   6
 404 374  22 169  99 343 102 432 121  32  47 451 430 200 449 259 152  83
 116 187  44 352 227 185  60 372 418  52 131 173 307 402 363  38 189 463
 385 336 360 240 254  24 445 199 359 117 265 160 170 459 256]
Final time: 5.6156668663s - Best: 1932513-[151 334 108 405 147 455 392 475  25 487 365 207  90 187 473 412  79  14
 484 391 161  75 333 274 370 388  68 308  72 268 336 386 332  94 102 460
 479 211 233 451 216 380 208 109 204 215 447 411  16 403 160 439 129 239
 226  89  12 275  70 387 279 349 251 453 140 372 196  55 185 309 285  43
 278 202 299 292 313 104 272 139 376  21 413 123  91 444 171 282 276 463
  80  84 217  41 469  32  48 113 121 169 486  83  59 339 445   7 111  39
 246   5 356 236 142 112 193  88 419 382 431 181  82 358 416 345 221 421
 496 325  67 480 300 384 114  17   1  74 427 408 359 132 103 240 331 483
 214  64 418 143 259 125 398 110  85 220 264 490 101  27 491 476 267 188
 289  34 371 456 234 242 500 194  13 379  35 124 277 352 210 326 437 361
  56 495 241 461 493 429 397 498 374 323 173 315 424 399 442 283  11 462
 465  24 401 314 127 482   9 474 446 130  37 244 441 225 159 228 471 115
 316 247  92 170 168   2 488 377 369 450 311  50  26 189  66 162 324  60
 347  45 182  28 383 319  33 136 470 200 335 172 213 286 337 341 414 219
 343 433 406  58 206  40 252 357 396  77 100 118 261 499 209 389  29  47
 183 378  10 497 318 409 176  87  81 362  62 420 266  76 394 195 436  38
 146 174 232 364  71 464 158 198 287 353 321 258 106 135 164 360 310   8
 149 224 390  61 296 489 229  63 271 153 400  23 107  53 150   0  18 452
 235 303 348  73 417  78  98 166 222 342 256 375 231 249  46 257 186 363
 145 355 428 260 443 340 472 199  51 122 134 432 291 165 435 367 254 467
 201 157 404  57 191 269 407 156 253 402 294  20 128  54 329 284 458 449
 350 415 338 131 295  36 434 273 393   3 119 459 178   4 223  30 410 175
 385 138  96  15 440  65 366  49 148 477 322 120 218 494 430 288 255 190
  95 448 485 141 354  97 237 304 306 293 212 302   6 248  52 438 152 457
 381 238 265  69 281 203 290  99  93 466 155 307  42 163 328 297 263 137
 344 116 179 373  44 330 301  19 243 395 262 298 245 227 250 312 426 205
 126 133 492 270 478 317 280 192  86 320 327 184 154 230 468 346 422 423
 368 105  31 197 425 167 117 481 305 351  22 180 144 454 177]
Value - initial: 32774030, final: 1932513, improveup: 16.9592804809

data-line;i;32774030;f;1932513;t;5.6156668663;c;-2;fv;[1932513L];cv;-1;imp;16.9592804809;type;rvnd;inum;4;w;1

time;5.6156668663;man_time;0;neigh_time;0
man_time;0;man_merge_sol;0;man_best_sol;0;man_combine_sol;0

Waiting [0]
Terminating workers True 0 0
MPI TERMINATING
