pydf_home: /home/rodolfo/git/Sucuri
simple_pycuda_home: /home/rodolfo/git/simple-pycuda
wamca2016path: /home/rodolfo/git/wamca2016/
localpath: /home/rodolfo/git/dvnd-df/code/dvnd-df/src/
WAMCAPATH:/home/rodolfo/git/wamca2016/
param: {solution_index:6, solution_instance_index:15, multi_gpu:True, goal:False, problem_name:ml, number_of_moves:10, device_count:2, solver:rvnd, mpi_enabled:True, workers:1}
Using already created file:  wamca2016lib.so
Size: 783 - file name: 07_rat784.tsp

Value - initial: 69679932-[706 348 746 406 318  44 753 690 237 222  91  28 157 582 415 503 349 735
 224 721 501 614 325 666 625 496 634 254 594 293 140  34  98 493 528 710
  81 272 755 759 527 613 651 270  40 357 652 465 110 473 296 284 495 119
  85 324 723 285 770  13 360 345  37 615 151 571 331  46  89 147 385 574
 260 121 616 592 208 451 161 750 536 273 243 776 263 368 610 568 131 232
 412 152  66 339 480 767 188 534 109 129 156 684 101 725 380 436 212 698
 166 452 258  42 139  58 290 558 173 343  87 743 575  97 241 253 635 650
 733 591 687 641 472 513 204  25 660 566  53 744 593 639 707 478 259 441
 696 189 422 728 193 414 629 297 483 486 507 525 737   1 230 644 103 464
 375 573 576 125 372 443 535 411 504 105 200 444 320 448 579 461 266 199
 446 562 545 175 203 279 692 732 482 201 382 709 137 310 111 350 321 312
 271 680  82 747  78 648 580  70 673 450 108 138 449 515 646 329 319 117
 463 474  55 401 215  12 557 485 186  62 681 781 590 689 538 410 524 640
 469 724 397 433 560 180  72 520 705 231 113 256 220 519 366 164 371 314
 330 333 468 602 488 730 195  24 572 388 170 351   3  56 281 457 163 655
 418  27 668 656 711 337 727 205 514 423 741 676 379 282   9 308 475 227
 440  45  52 657 122  67 229 116 361 643 211 435 438 662 682  84 745 304
 462 148 556 303 609  69 359 477 276 612 392 679 623 596  76 551 362 686
 394 235 624 442 332 540  99 120 542 261 752 777 736 178 765  94 649 174
 497 645 555 391 658 754 123 218 778 236 751  30   2 600 559  38 543 421
 607 583 766  10 277 420 402 334 500 531 206 550 305 632 228 245 430 471
 447 370 159 505 742 548 398 694 587  33 665 233 142 490   6   4 731 459
 184 597  35 107  77  50 132 323 376 719 618  65 154 508 720  29 466 729
  88  71 179 760 185 499 605 487 569 585 356 196  68 529 389 143 653 510
 547  59 292 671 426 417  18  47 265 413 511 264  57 396 748 104 677 604
 611 669  93   0 317 722  75 257 363 533 626 145 675  79 210 133 599 377
 182  74 127 248 521 267 479  48 307 395 399 288 223 703 489 309 544 213
 244 335 106 365  64 295 252 409 460 124 518 664 445 278 239  19 262 373
  60 588 354 387 697 570 509 453 280 636 552 150 358 275 774 172 191 647
 352 678 287 149 381 128  80 217 135 691  22 561 685 757 134 633  63 502
 526 226 176 523  20 221 192 327 782 637 225 537  73 283 326 627 155 294
 431 577 715 695 407   8 589 768 763  43 214 341 567  61 374 268 246 384
 311 286  49 251 187  96 603 772 340 269 219 416 539 516 704 621 762 316
 313 338 775 302 738 584 424 141 606 734 165 146 761 659 553 169 289 114
  51 322  41  92 250  86 198 298 455 393 530  36  39 336 532 400 565 630
 699 364 434 702 234  95 771 663  23 367  21  17 740 126 274 242 586 718
 346  90 714 739 749 238 780 160 522  31 713 549 428 115 315 390 425 194
  14 378 177 328 598 136 756 291 347 638 202 667 670 708 617   7 491 342
 467 661 654 167 688 631  16 439 130 190 476 628 144  32 506 432 240 419
 595 383 454 102 299 207 408 619 564 481 554 601 726 578 758 492 773 779
 484 764  83 498 674 717 769 344 563 386 183 541 100  11 112 353 716 306
 517 197 429   5 249 622 470 255 683 437  15 369 494 581 162 300 168  26
 700 181 301 153 701 209 427 456 712 458 216 158 405 672 608 118 171 512
  54 355 546 642 620 693 247 404 403] - 69679932
Solver: RVND, number of workers: 1
Setting feeder affinity
I am the master. There are 1 mpi processes. (hostname = gpu01)
Roots [<pyDF.nodes.Feeder object at 0x7f39bad58ad0>]
Starting 0
Main loop
I am worker 0
GPU0
set random seed!
Initial: 69679932-[706 348 746 406 318  44 753 690 237 222  91  28 157 582 415 503 349 735
 224 721 501 614 325 666 625 496 634 254 594 293 140  34  98 493 528 710
  81 272 755 759 527 613 651 270  40 357 652 465 110 473 296 284 495 119
  85 324 723 285 770  13 360 345  37 615 151 571 331  46  89 147 385 574
 260 121 616 592 208 451 161 750 536 273 243 776 263 368 610 568 131 232
 412 152  66 339 480 767 188 534 109 129 156 684 101 725 380 436 212 698
 166 452 258  42 139  58 290 558 173 343  87 743 575  97 241 253 635 650
 733 591 687 641 472 513 204  25 660 566  53 744 593 639 707 478 259 441
 696 189 422 728 193 414 629 297 483 486 507 525 737   1 230 644 103 464
 375 573 576 125 372 443 535 411 504 105 200 444 320 448 579 461 266 199
 446 562 545 175 203 279 692 732 482 201 382 709 137 310 111 350 321 312
 271 680  82 747  78 648 580  70 673 450 108 138 449 515 646 329 319 117
 463 474  55 401 215  12 557 485 186  62 681 781 590 689 538 410 524 640
 469 724 397 433 560 180  72 520 705 231 113 256 220 519 366 164 371 314
 330 333 468 602 488 730 195  24 572 388 170 351   3  56 281 457 163 655
 418  27 668 656 711 337 727 205 514 423 741 676 379 282   9 308 475 227
 440  45  52 657 122  67 229 116 361 643 211 435 438 662 682  84 745 304
 462 148 556 303 609  69 359 477 276 612 392 679 623 596  76 551 362 686
 394 235 624 442 332 540  99 120 542 261 752 777 736 178 765  94 649 174
 497 645 555 391 658 754 123 218 778 236 751  30   2 600 559  38 543 421
 607 583 766  10 277 420 402 334 500 531 206 550 305 632 228 245 430 471
 447 370 159 505 742 548 398 694 587  33 665 233 142 490   6   4 731 459
 184 597  35 107  77  50 132 323 376 719 618  65 154 508 720  29 466 729
  88  71 179 760 185 499 605 487 569 585 356 196  68 529 389 143 653 510
 547  59 292 671 426 417  18  47 265 413 511 264  57 396 748 104 677 604
 611 669  93   0 317 722  75 257 363 533 626 145 675  79 210 133 599 377
 182  74 127 248 521 267 479  48 307 395 399 288 223 703 489 309 544 213
 244 335 106 365  64 295 252 409 460 124 518 664 445 278 239  19 262 373
  60 588 354 387 697 570 509 453 280 636 552 150 358 275 774 172 191 647
 352 678 287 149 381 128  80 217 135 691  22 561 685 757 134 633  63 502
 526 226 176 523  20 221 192 327 782 637 225 537  73 283 326 627 155 294
 431 577 715 695 407   8 589 768 763  43 214 341 567  61 374 268 246 384
 311 286  49 251 187  96 603 772 340 269 219 416 539 516 704 621 762 316
 313 338 775 302 738 584 424 141 606 734 165 146 761 659 553 169 289 114
  51 322  41  92 250  86 198 298 455 393 530  36  39 336 532 400 565 630
 699 364 434 702 234  95 771 663  23 367  21  17 740 126 274 242 586 718
 346  90 714 739 749 238 780 160 522  31 713 549 428 115 315 390 425 194
  14 378 177 328 598 136 756 291 347 638 202 667 670 708 617   7 491 342
 467 661 654 167 688 631  16 439 130 190 476 628 144  32 506 432 240 419
 595 383 454 102 299 207 408 619 564 481 554 601 726 578 758 492 773 779
 484 764  83 498 674 717 769 344 563 386 183 541 100  11 112 353 716 306
 517 197 429   5 249 622 470 255 683 437  15 369 494 581 162 300 168  26
 700 181 301 153 701 209 427 456 712 458 216 158 405 672 608 118 171 512
  54 355 546 642 620 693 247 404 403]
Final time: 14.840968132s - Best: 3435274-[706 712 732 736 718 719 698 694 720 725 739 747 748 749 762 769 779 780
 763 781 782 774 770 766 752 743 728 711 710 713 716 695 702 714 727 723
 741 751 755 740 745 730 729 722 715 707 701 675 673 667 666 663 649 641
 631 628 636 642 634 624 622 619 601 584 582 607 594 591 581 566 573 549
 537 545 548 544 531 543 536 527 524 508 501 487 474 464 492 488 479 473
 458 445 431 414 413 399 401 382 372 367 384 387 360 348 361 341 330 333
 323 319 297 308 303 296 295 283 278 260 251 244 246 263 264 279 284 253
 233 217 198 193 180 176 170 134 133 148 141 121 113 108 105 100  78  83
  86  74  65  72  90  89  77  68  92 102  91  71  81  85  67  60  58  70
  63  47  29  18   4   2   9   8  11  17   6   1  22  16   0  14  24  55
  48  51  56  44  40  45  66  69  79  99  96 109 116 122 114 126 152 161
 155 150 135 110 106  93  82  64  46  52  57  75  97  94  88  73  76 101
 104 107 111 115 132 136 142 151 160 186 201 207 197 178 175 162 168 156
 163 164 149 137 117 125 120 123 143 128 129 140 153 158 182 187 196 190
 188 202 219 227 228 243 225 220 212 200 209 181 189 199 216 205 211 210
 208 218 236 256 274 294 310 311 317 325 329 335 353 359 374 379 385 380
 415 436 433 417 410 416 418 409 408 407 419 423 404 421 432 425 429 448
 455 456 466 476 482 490 499 514 528 551 556 546 539 538 530 517 518 512
 494 472 459 454 462 485 491 507 511 516 505 484 483 465 457 451 452 442
 437 424 406 396 388 391 370 364 352 345 338 322 298 285 273 248 247 230
 226 221 203 183 195 194 174 159 154 146 138 171 179 185 215 214 234 241
 235 238 245 254 276 275 272 277 293 316 318 326 334 357 343 355 358 342
 351 362 383 389 386 381 400 422 428 435 444 471 481 498 510 525 532 547
 559 575 567 550 529 533 553 561 560 568 578 579 585 593 610 625 623 639
 637 647 651 658 670 678 684 679 689 674 659 643 640 633 626 611 596 597
 589 598 612 618 587 577 565 562 563 534 535 500 506 504 520 541 540 555
 586 602 606 616 627 620 650 665 668 683 660 648 656 680 690 691 697 721
 738 742 731 735 744 734 717 704 708 687 677 664 671 682 696 703 724 733
 737 746 760 771 764 759 757 758 756 767 778 776 753 754 772 773 765 761
 726 700 699 709 688 692 672 661 653 652 645 635 629 621 608 590 583 576
 557 564 569 599 600 613 632 630 638 617 609 614 646 669 693 686 681 676
 657 655 662 615 605 592 603 580 572 571 558 552 542 526 521 523 513 486
 496 495 493 475 463 469 468 447 440 434 438 430 390 371 369 376 392 375
 349 346 344 332 320 302 291 280 268 249 252 250 261 286 281 300 309 307
 287 282 259 262 270 271 240 222 213 206 191 177 157 165 173 167 169 147
 144 118  95  42  37  39   5  12  10   3  33  27  23  26  25  20  15  31
  13  21  34  30  19   7  35  49  61  53  41  50  43  54  59 103 112 130
 131 166 172 224 232 231 239 223 242 255 266 267 257 258 289 292 290 305
 315 306 299 321 350 347 339 337 336 377 378 368 373 393 403 405 412 398
 420 427 441 443 461 460 470 480 478 489 503 502 509 522 515 554 588 604
 574 570 519 497 477 467 453 450 446 426 439 449 402 411 397 395 366 356
 354 340 328 314 313 363 331 324 365 327 301 312 304 288 269 265 184 145
 124  87  36  80  32  28  38  62  84  98 127 139 119 204 229 394 595 644
 654 705 768 777 775 685 750 237 192]
Value - initial: 69679932, final: 3435274, improveup: 20.2836606338

data-line;i;69679932;f;3435274;t;14.840968132;c;-2;fv;[3435274L];cv;-1;imp;20.2836606338;type;rvnd;inum;6;w;1

time;14.840968132;man_time;0;neigh_time;0
man_time;0;man_merge_sol;0;man_best_sol;0;man_combine_sol;0

Waiting [0]
Terminating workers True 0 0
MPI TERMINATING
