pydf_home: /home/rodolfo/git/Sucuri
simple_pycuda_home: /home/rodolfo/git/simple-pycuda
wamca2016path: /home/rodolfo/git/wamca2016/
localpath: /home/rodolfo/git/dvnd-df/code/dvnd-df/src/
WAMCAPATH:/home/rodolfo/git/wamca2016/
param: {solution_index:6, solution_instance_index:39, multi_gpu:True, goal:False, problem_name:ml, number_of_moves:10, device_count:2, solver:rvnd, mpi_enabled:True, workers:1}
Using already created file:  wamca2016lib.so
Size: 783 - file name: 07_rat784.tsp

Value - initial: 71303782-[587 573 209 455 638 129  83  56  87 397 734 470 614 726 418  14  88 757
 475 341 376 640 329 627 616 105 512 149 365 264 746 528 707 313 293 175
 644   8 660 314   7 569 279 554 167 402 750 536 179 181  54 643 224 371
 620 759 767 390 172 139 720 689 739 591  51  66  71 560 126 135  47  67
 236 540   2 166  99 233   0 696 330   5 227 373 428 276 337  93 320 661
 415  74 159 222 650 484 586 285 595 291 413  72 140 347  10 318 684 121
  42 255 416 332 488 383 364 252 254 173 619  15 657 235 516  90 396 137
 699 559 671  22 333  48  41 611 675 493 194   6 532 358 467 555 772 563
 132  97 533  75 730 266 343 576 476 601 712 221 245 480  43 339 477 300
 154 751 609  19 513 437 509 200 403  17  11  68 592 216 409 199  53 496
 407 294 468 290 774 773 344 284  21 678 346  31 260 752 141 575 571  39
 599 336 514  78 398 632 562 217 180 598 106 391 634 131 731   9 782 654
 351 566 362 223 714 564 241 537 443  86  64 489  49 725 441 653  33 570
 188 686  81 670 165 544 703 389 515 548 225 304  62 117 766 556  36 483
  52 472 501 158 207 717 534 738   1 130 549 197 353  13 367 400 352 408
 195 363 469 374 123  20 646 134 711 215 287 150 231  55 103  57 597 511
  76 633 552 691 588 471 690 769 504 292 323 178 186 385 631 623 174 664
 100 702 558 665 451  85 683 164 124 673 268 582 770 756 525 719 645 629
 761 454 340 527 127 421 381 758 193 296  98 177 768 780 735 250 369 521
 204 281 652 479 393 656 732 602 449 356 230 474 648 218  29 444 777 724
 753 419 271 272 305 557 262 220 716 232 615 432  92  69 473 624  61  79
 196  89 737 239 687 308  16 277 153 499  23 762 728 618 297 160 593 442
 709 605 507 446 208  73 289 136  18  35 278 375 642 118 163 594 169 617
 682 157 744 170 641 578 240 435 422 378 145 307 692 273 733 439 328 745
 115 705 148 334 522 237 114 723 519 491 577 494  46 464 263 101 424  80
 635 270 701 401 461 325  44 550 508 741 574 116 109 244 542 431 370 361
 658 138 775 111 146  95  77 452 247 457 265 740  40 721 384 248 748 338
 662 438 187 612 326 410 229 274 205 335 637 382 639 144 583 685  96 359
 377 151 316 108 600 763 357 182 112 482 298  70 546 430 122  25 747 299
 406 386 778 651 706 183 698 622 526 301 498 448 693 190 529 585 610 626
 531 715 742 492 668 538 395 584 412 286 450  63 478 497 518 327  59   4
 226 524 460 487 434 771 303 604 520  38 259 404 168 267 462 388 603  82
 677 243 394 198 743 445 214 729 427 697 152 425  84 355 760 456 543 228
  12 253 302 120 655 505 433 368 485 502 553  26 781 440 490 545 155 755
 630 211 463 607 429 147 606 331 219 495   3 510 110 710 466 392 360 523
 681  30 722 486 156 666 113 189 713  24 275 322 779 350  27  28 420 104
 185 447 128 133 568 319 192 727 125 411 324 608 345 500 321 102 581 310
 590 242 176 379  37 674 288 663 399 201 162 765 503 628  58 567 481 251
 202 506 672 417 530 551  94 708 258 206 625 535 517 212 589 246 414 754
 776  34 203 426 453 366 161 269 256 354 282 579 210  45 171 636 547 143
 621 541 539  91 348 649 405 647 213 736  65 191 261 107 680 309 764 280
 669 349 234 315 372 119 679 423 572 465 459 580 317 458 312 295  32 694
 436 596 688 257 238 342 311 695 142 306 380 249 676 283 718 613 659 667
  60 184  50 704 565 561 387 749 700] - 71303782
Solver: RVND, number of workers: 1
Setting feeder affinity
I am the master. There are 1 mpi processes. (hostname = gpu01)
Roots [<pyDF.nodes.Feeder object at 0x7fac3eca4ad0>]
Starting 0
Main loop
I am worker 0
GPU0
set random seed!
Initial: 71303782-[587 573 209 455 638 129  83  56  87 397 734 470 614 726 418  14  88 757
 475 341 376 640 329 627 616 105 512 149 365 264 746 528 707 313 293 175
 644   8 660 314   7 569 279 554 167 402 750 536 179 181  54 643 224 371
 620 759 767 390 172 139 720 689 739 591  51  66  71 560 126 135  47  67
 236 540   2 166  99 233   0 696 330   5 227 373 428 276 337  93 320 661
 415  74 159 222 650 484 586 285 595 291 413  72 140 347  10 318 684 121
  42 255 416 332 488 383 364 252 254 173 619  15 657 235 516  90 396 137
 699 559 671  22 333  48  41 611 675 493 194   6 532 358 467 555 772 563
 132  97 533  75 730 266 343 576 476 601 712 221 245 480  43 339 477 300
 154 751 609  19 513 437 509 200 403  17  11  68 592 216 409 199  53 496
 407 294 468 290 774 773 344 284  21 678 346  31 260 752 141 575 571  39
 599 336 514  78 398 632 562 217 180 598 106 391 634 131 731   9 782 654
 351 566 362 223 714 564 241 537 443  86  64 489  49 725 441 653  33 570
 188 686  81 670 165 544 703 389 515 548 225 304  62 117 766 556  36 483
  52 472 501 158 207 717 534 738   1 130 549 197 353  13 367 400 352 408
 195 363 469 374 123  20 646 134 711 215 287 150 231  55 103  57 597 511
  76 633 552 691 588 471 690 769 504 292 323 178 186 385 631 623 174 664
 100 702 558 665 451  85 683 164 124 673 268 582 770 756 525 719 645 629
 761 454 340 527 127 421 381 758 193 296  98 177 768 780 735 250 369 521
 204 281 652 479 393 656 732 602 449 356 230 474 648 218  29 444 777 724
 753 419 271 272 305 557 262 220 716 232 615 432  92  69 473 624  61  79
 196  89 737 239 687 308  16 277 153 499  23 762 728 618 297 160 593 442
 709 605 507 446 208  73 289 136  18  35 278 375 642 118 163 594 169 617
 682 157 744 170 641 578 240 435 422 378 145 307 692 273 733 439 328 745
 115 705 148 334 522 237 114 723 519 491 577 494  46 464 263 101 424  80
 635 270 701 401 461 325  44 550 508 741 574 116 109 244 542 431 370 361
 658 138 775 111 146  95  77 452 247 457 265 740  40 721 384 248 748 338
 662 438 187 612 326 410 229 274 205 335 637 382 639 144 583 685  96 359
 377 151 316 108 600 763 357 182 112 482 298  70 546 430 122  25 747 299
 406 386 778 651 706 183 698 622 526 301 498 448 693 190 529 585 610 626
 531 715 742 492 668 538 395 584 412 286 450  63 478 497 518 327  59   4
 226 524 460 487 434 771 303 604 520  38 259 404 168 267 462 388 603  82
 677 243 394 198 743 445 214 729 427 697 152 425  84 355 760 456 543 228
  12 253 302 120 655 505 433 368 485 502 553  26 781 440 490 545 155 755
 630 211 463 607 429 147 606 331 219 495   3 510 110 710 466 392 360 523
 681  30 722 486 156 666 113 189 713  24 275 322 779 350  27  28 420 104
 185 447 128 133 568 319 192 727 125 411 324 608 345 500 321 102 581 310
 590 242 176 379  37 674 288 663 399 201 162 765 503 628  58 567 481 251
 202 506 672 417 530 551  94 708 258 206 625 535 517 212 589 246 414 754
 776  34 203 426 453 366 161 269 256 354 282 579 210  45 171 636 547 143
 621 541 539  91 348 649 405 647 213 736  65 191 261 107 680 309 764 280
 669 349 234 315 372 119 679 423 572 465 459 580 317 458 312 295  32 694
 436 596 688 257 238 342 311 695 142 306 380 249 676 283 718 613 659 667
  60 184  50 704 565 561 387 749 700]
Final time: 10.7794070244s - Best: 3420365-[587 577 556 546 539 538 530 551 565 562 563 586 602 606 616 627 620 621
 608 590 583 555 534 535 540 541 557 564 569 576 599 600 613 632 629 635
 650 645 652 653 661 649 638 630 609 617 641 631 628 614 603 605 592 580
 572 571 558 552 542 526 521 523 513 492 488 479 473 464 474 487 501 508
 524 527 536 543 531 544 548 545 549 537 509 502 503 489 478 480 470 477
 467 453 446 439 449 445 458 447 436 433 417 410 416 418 409 408 407 390
 374 379 385 380 382 399 401 413 414 402 387 384 367 372 363 337 339 347
 350 353 335 325 317 311 300 309 307 287 282 259 262 270 271 240 251 244
 260 278 283 297 308 323 333 330 341 361 377 378 368 373 395 398 412 403
 405 393 366 356 354 340 328 313 314 284 279 264 253 233 217 198 192 170
 176 180 169 167 165 173 177 191 188 190 202 219 227 228 243 225 220 212
 196 187 182 200 209 218 211 210 208 181 172 164 163 137 117 125 120 123
 143 128 129 140 131 130 103 112 118 121 141 148 133 134 105 108 113  95
  90  72  65  74  86  83  78  42  37  12  10   3  33  27  23  26  25  20
  15  31  41  50  43  54  68  77  89  92 102  91  71  53  61  49  67  60
  58  35  30  19   7  29  18   4   2   9   8  11  17   6   1  46  52  57
  64  45  40  22  16   0  14  24  36  48  55  51  56  44  69  79  66  80
 106 110  93  82  75  97  94  88  73  76  63  70  84  98 101 104 107 111
 115 127 139 142 136 132 119 135 150 155 161 151 160 175 178 197 199 205
 216 224 232 231 249 268 280 289 299 306 315 292 290 305 324 331 349 346
 344 332 320 321 302 291 252 250 261 274 286 294 310 329 359 371 369 376
 392 375 364 352 345 338 322 298 285 266 255 267 257 258 239 223 207 201
 203 183 195 194 174 159 154 146 138 171 179 185 215 214 234 235 238 241
 265 269 276 275 272 277 293 301 288 304 312 327 316 318 326 334 357 343
 355 358 342 351 362 383 389 386 381 365 370 391 388 396 406 424 442 437
 421 432 425 429 423 419 438 430 434 440 468 469 463 475 486 496 495 493
 504 520 506 500 499 490 482 476 456 455 448 459 454 462 472 494 512 518
 517 491 485 507 511 516 505 484 483 465 457 452 451 444 422 428 435 471
 481 498 510 525 532 547 550 529 533 553 561 560 568 578 596 597 589 598
 612 618 640 633 626 611 610 593 585 579 567 559 575 595 623 639 637 625
 647 651 658 664 671 682 696 703 724 733 737 746 760 771 764 759 744 735
 734 717 704 708 687 677 670 678 684 679 689 674 659 643 656 648 660 665
 668 683 680 690 691 706 712 697 721 731 738 742 757 758 756 732 736 754
 753 767 778 776 772 773 765 747 739 725 720 719 718 698 694 685 709 699
 700 688 692 672 663 666 667 673 675 693 702 695 714 727 750 751 755 741
 723 701 707 715 722 740 745 730 729 726 749 748 761 762 769 779 780 763
 781 782 774 770 766 752 743 728 711 710 713 716 686 681 676 657 655 662
 669 646 636 615 642 634 624 622 619 601 607 594 591 581 566 573 582 584
 554 522 515 461 460 443 441 427 420 450 426 411 397 360 348 336 319 295
 303 296 263 246 237 222 206 213 193 147 144 157 166 153 158 149 156 168
 162 186 152 126 114  99  96  87 109 122 116 124 145 184 204 229 230 226
 221 242 248 273 247 245 254 394 400 404 466 514 528 574 604 588 570 519
 497 431 415 281 256 236 189  62  32  28  38  47  85  81  34  21  13  59
   5  39 100 644 654 768 777 775 705]
Value - initial: 71303782, final: 3420365, improveup: 20.8468341829

data-line;i;71303782;f;3420365;t;10.7794070244;c;-2;fv;[3420365L];cv;-1;imp;20.8468341829;type;rvnd;inum;6;w;1

time;10.7794070244;man_time;0;neigh_time;0
man_time;0;man_merge_sol;0;man_best_sol;0;man_combine_sol;0

Waiting [0]
Terminating workers True 0 0
MPI TERMINATING
