pydf_home: /home/rodolfo/git/Sucuri
simple_pycuda_home: /home/rodolfo/git/simple-pycuda
wamca2016path: /home/rodolfo/git/wamca2016/
localpath: /home/rodolfo/git/dvnd-df/code/dvnd-df/src/
WAMCAPATH:/home/rodolfo/git/wamca2016/
param: {solution_index:0, solution_instance_index:25, multi_gpu:True, goal:False, problem_name:ml, number_of_moves:10, device_count:2, solver:rvnd, mpi_enabled:True, workers:1}
Using already created file:  wamca2016lib.so
Size: 52 - file name: 01_berlin52.tsp

Value - initial: 729647-[ 6 18  8 43 24 50 15 46 33 14 36 20 34 30 10 47 23 37 25  0 45 16  1 12 41
  2 28 32 48 29 44 11 22 19 26 27 31  4 38 42 49 40 35  9 17 21 51 39  5  7
 13  3] - 729647
Solver: RVND, number of workers: 1
Setting feeder affinity
I am the master. There are 1 mpi processes. (hostname = gpu01)
Roots [<pyDF.nodes.Feeder object at 0x7f24b6e11ad0>]
Starting 0
Main loop
I am worker 0
GPU0
set random seed!
Initial: 729647-[ 6 18  8 43 24 50 15 46 33 14 36 20 34 30 10 47 23 37 25  0 45 16  1 12 41
  2 28 32 48 29 44 11 22 19 26 27 31  4 38 42 49 40 35  9 17 21 51 39  5  7
 13  3]
Final time: 1.48143792152s - Best: 150217-[ 6  1 41 20 30 21  0 48 35 34 33 36 47 23  4  5 14 37 39 38 31 44 18  7 40
  2 17 22 19 49 15 43 45 24 11 27 26 25 46 12 13 51 10 50 32 42  9  8 16 29
 28  3]
Value - initial: 729647, final: 150217, improveup: 4.85728645892

data-line;i;729647;f;150217;t;1.48143792152;c;-2;fv;[150217L];cv;-1;imp;4.85728645892;type;rvnd;inum;0;w;1

time;1.48143792152;man_time;0;neigh_time;0
man_time;0;man_merge_sol;0;man_best_sol;0;man_combine_sol;0

Waiting [0]
Terminating workers True 0 0
MPI TERMINATING
