pydf_home: /home/rodolfo/git/Sucuri
simple_pycuda_home: /home/rodolfo/git/simple-pycuda
wamca2016path: /home/rodolfo/git/wamca2016/
localpath: /home/rodolfo/git/dvnd-df/code/dvnd-df/src/
WAMCAPATH:/home/rodolfo/git/wamca2016/
param: {solution_index:4, solution_instance_index:32, multi_gpu:True, goal:False, problem_name:ml, number_of_moves:10, device_count:2, solver:rvnd, mpi_enabled:True, workers:1}
Using already created file:  wamca2016lib.so
Size: 501 - file name: 05_TRP-S500-R1.tsp

Value - initial: 33256650-[ 89 367  46 408 357  94 317 368 485 183 428 432  84 440 113 233 268 449
 385 220 294 186 149 241 348 127 134 320 187 376 321 269 119 198 479 154
 210  86  90 246 416 404 388 359  99 458  53 141 205 308  26 392  60 144
 401 369 274 363 261 122 381  75 493  63 142 443 322  15  32 276  70 387
 118  82 248 265  45 230 191  41 212 413  35 389 335  83 461 391  17 365
 192 325 207 279 296 344 481 313 406 211 423 474 403 199 264  48  23 281
 291 157  73 446 399 189 305 295 196 309 483 340 114 346 254  58 468 358
 410 116 341 188  81  74 411 395  54 146  19 258 419  56 137 347 361 150
 418 203  68 496 249 356 194  22 439 417 304 442 111 303 355  76 231 224
 491 100   5 450  64 221 456 120 384 464 275 244 332 476 494  61 270 323
 414 499 128  18  20 163 380 160 162  36  39  72 133  95  47 166 103  66
  11 405  24 266 470 288 108 473 222 282 342 475 124 169 259  30 436 179
 311 393 366 372  87 486 330 377 260 400 402 429  12 271 148 209 467 237
 204 278 152  16 247 397 267 173 306 454 126 379 140 175 155 208 232 284
 200 328 469 257 256 217 182   3 180 301  88 227 386 437 453 102   8  97
   1 316  50 455 415 352  38  27 482 170  44 235 462 143 345 466 245   7
  79 117 234  31  65   6  71  25 390 112 362 364 262  37 153 315 219 498
 129 104  69 431 338 289 164 252  40 131 190 421 145 181 299 398 360  67
 298  96 206 329 495 250 370 202 287 272 412 239 193 201 263 484 240 396
 109  78 459 472 171  28 197  42 435 480 426 168 465 285 297 310 161 226
 253 447 343 438 420 353 430  51 214   0 492   4 147 277 255 337  85 236
 394 280 326 445 339 242 331 351 460 444 292 293  62 138 177 433   2 223
 487 107 125 195 273 121 350 312 490 225 184  93 216 229 318 471 319 452
 115 106  91 425 336 286 463 373 382 238 174 243 424 448 101 218 422 478
 159  49 213 290  77 409  92 176   9 334 139 441 307  13  55 383 378 136
 427 228 500 497  29  43  14 349 165 172  80 333 489 327 300 110 354  21
 371 135 374 158 451 130 156 251  33  52 167 151  34  98 123 105 324  10
  59 314 407 132 302 375 185 457 215 434 477 283 178 488  57] - 33256650
Solver: RVND, number of workers: 1
Setting feeder affinity
I am the master. There are 1 mpi processes. (hostname = gpu01)
Roots [<pyDF.nodes.Feeder object at 0x7fea0c50fad0>]
Starting 0
Main loop
I am worker 0
GPU0
set random seed!
Initial: 33256650-[ 89 367  46 408 357  94 317 368 485 183 428 432  84 440 113 233 268 449
 385 220 294 186 149 241 348 127 134 320 187 376 321 269 119 198 479 154
 210  86  90 246 416 404 388 359  99 458  53 141 205 308  26 392  60 144
 401 369 274 363 261 122 381  75 493  63 142 443 322  15  32 276  70 387
 118  82 248 265  45 230 191  41 212 413  35 389 335  83 461 391  17 365
 192 325 207 279 296 344 481 313 406 211 423 474 403 199 264  48  23 281
 291 157  73 446 399 189 305 295 196 309 483 340 114 346 254  58 468 358
 410 116 341 188  81  74 411 395  54 146  19 258 419  56 137 347 361 150
 418 203  68 496 249 356 194  22 439 417 304 442 111 303 355  76 231 224
 491 100   5 450  64 221 456 120 384 464 275 244 332 476 494  61 270 323
 414 499 128  18  20 163 380 160 162  36  39  72 133  95  47 166 103  66
  11 405  24 266 470 288 108 473 222 282 342 475 124 169 259  30 436 179
 311 393 366 372  87 486 330 377 260 400 402 429  12 271 148 209 467 237
 204 278 152  16 247 397 267 173 306 454 126 379 140 175 155 208 232 284
 200 328 469 257 256 217 182   3 180 301  88 227 386 437 453 102   8  97
   1 316  50 455 415 352  38  27 482 170  44 235 462 143 345 466 245   7
  79 117 234  31  65   6  71  25 390 112 362 364 262  37 153 315 219 498
 129 104  69 431 338 289 164 252  40 131 190 421 145 181 299 398 360  67
 298  96 206 329 495 250 370 202 287 272 412 239 193 201 263 484 240 396
 109  78 459 472 171  28 197  42 435 480 426 168 465 285 297 310 161 226
 253 447 343 438 420 353 430  51 214   0 492   4 147 277 255 337  85 236
 394 280 326 445 339 242 331 351 460 444 292 293  62 138 177 433   2 223
 487 107 125 195 273 121 350 312 490 225 184  93 216 229 318 471 319 452
 115 106  91 425 336 286 463 373 382 238 174 243 424 448 101 218 422 478
 159  49 213 290  77 409  92 176   9 334 139 441 307  13  55 383 378 136
 427 228 500 497  29  43  14 349 165 172  80 333 489 327 300 110 354  21
 371 135 374 158 451 130 156 251  33  52 167 151  34  98 123 105 324  10
  59 314 407 132 302 375 185 457 215 434 477 283 178 488  57]
Final time: 6.91592812538s - Best: 1969710-[ 89  12 275 307 155  93  99 203 281  69 265 238 381 457 239 129 439 160
 403  16 411 447 215 152 102 460 479  94 332 211 233 451 216 208 380 301
 330  44 373 179 116 344 137 263 297 328 372 196  55 185 309 285  43 278
 202 299 292 313 104 272 139 376  86 123  91 444 171 276 282 224 149   8
 390 310 320 327 400 153  53 107  23 283  11  24 465 462 442 399 424 315
 173 323 374 498 397 429 493 461 241 495  56 184 154 287 353 106 135 258
 321 121 169 113  48  32  80  84 217 469  41 486  83  59 339 445   7 111
  39 246   5 356 236 142 112 193  88 232 174 146  38 436 195 394  76 266
 420  62 362  81  87 210 326 352 277 124 497 318 409 176 480 300 384 114
  17   1  74 427 132 240 103 359 408 183 180 357 252  40 206  58 406 343
 433 100 396  77 209 389  29  47  64 418 143 259 125 398 214 483 331 378
  10 368  35 379  13 194 500 242 234  34 476 267 188 289 371 456 401 314
 127 482   9 474 446 130  37 244 441 491  27 101 220 264 490 197 425  26
 189  66 162 324 311 450  45 347  60 499 261 118 219 414 341 337 286 213
 172 335 200 470 136  33 319 383  28 182 351 305 481 117 167 377 369 488
   2 168  50 170  92 247 316 115 471 228 159  51 199 122 134 449 458 350
 415 338 131 295  36 434 273 119 459   4 223  30 410 175 385 138  96  15
 440  65 366  49 148 477 322 120 218 494 430 288 255 190  95 448 485 141
 354 207 365 487  25 475  90 187 473 412  79 484 391 312 161  75 333  14
 304 306 293  52 248   6 302 212 388  68 308  72 268 336 386 395 262 492
 133 298 245 370 274 227 250 426 205 126 151 334 363 186 257  46  98 166
  78 417  73 243  19 348 303 235 452  18   0 270 229 489  63 271 150 222
 342 249 256 375 231 454 145 355 428 260 108 405 147 392 455 254 467 201
 157 404  57 367 435 165 191 253 402 294  20 128  54 284 329 156 407 269
 432 291 443 340 472 225  85 110  31 105  67 325 496 421 221 345 416 358
 431 419 382 181  82 346 422 437 423 361 468 230 158 364  71 464 198 463
 164 360 413  21 192  61 296 280 317 478 279 387 349 251 140 453 163  42
  70 466 290 226 204 109 438 237  97 177 178   3 393  22 144]
Value - initial: 33256650, final: 1969710, improveup: 16.8840336902

data-line;i;33256650;f;1969710;t;6.91592812538;c;-2;fv;[1969710L];cv;-1;imp;16.8840336902;type;rvnd;inum;4;w;1

time;6.91592812538;man_time;0;neigh_time;0
man_time;0;man_merge_sol;0;man_best_sol;0;man_combine_sol;0

Waiting [0]
Terminating workers True 0 0
MPI TERMINATING
