pydf_home: /home/rodolfo/git/Sucuri
simple_pycuda_home: /home/rodolfo/git/simple-pycuda
wamca2016path: /home/rodolfo/git/wamca2016/
localpath: /home/rodolfo/git/dvnd-df/code/dvnd-df/src/
WAMCAPATH:/home/rodolfo/git/wamca2016/
param: {solution_index:2, solution_instance_index:31, multi_gpu:True, goal:False, problem_name:ml, number_of_moves:10, device_count:2, solver:rvnd, mpi_enabled:True, workers:1}
Using already created file:  wamca2016lib.so
Size: 226 - file name: 03_pr226.tsp

Value - initial: 188519791-[ 11 139 124  85 176  30  44  37  91  28  77  63  21 214 163 209  47 185
  65 106 117 191 107  15 159  14  45 156  60 114 115 142  70 161 208 155
  69 224 174 199 201 207 193  16  53  41 181 179  72 105 138 144 134  26
  94 196  71 145 171 192 120  88 173  55  98  31  84 100 187  93  34 202
 146 137 101  39  90 165   9 109 175  86 150 168 132  18 170 164 215  61
 184 130 200  13  56 204  32  35 205 128 119 172   3  12  82 212 121 141
   5 225  40  97  59 143 195   6  48 210 182 153 149  80 129 104  19 177
  95  67 102 147 154  78 160  36  75 131 118   2 169  74 183 133 113  51
 127  20 167  50  29 151 221 203 158 112 190 217  92  57 178 148 186 213
  42  79 110  64  22 111   8 157 198 116  73  54  62 125  33 152  49 103
 211  58 122 223 219  25 194  52  66 222  83  17 216  23 126  96  27 162
   0  10 136   7 166 189 180 206 218   4  43 140 108  99  89  81  46  38
  68 220 188  24 123  76 197  87   1 135] - 188519791
Solver: RVND, number of workers: 1
Setting feeder affinity
I am the master. There are 1 mpi processes. (hostname = gpu01)
Roots [<pyDF.nodes.Feeder object at 0x7fe60999bad0>]
Starting 0
Main loop
I am worker 0
GPU0
set random seed!
Initial: 188519791-[ 11 139 124  85 176  30  44  37  91  28  77  63  21 214 163 209  47 185
  65 106 117 191 107  15 159  14  45 156  60 114 115 142  70 161 208 155
  69 224 174 199 201 207 193  16  53  41 181 179  72 105 138 144 134  26
  94 196  71 145 171 192 120  88 173  55  98  31  84 100 187  93  34 202
 146 137 101  39  90 165   9 109 175  86 150 168 132  18 170 164 215  61
 184 130 200  13  56 204  32  35 205 128 119 172   3  12  82 212 121 141
   5 225  40  97  59 143 195   6  48 210 182 153 149  80 129 104  19 177
  95  67 102 147 154  78 160  36  75 131 118   2 169  74 183 133 113  51
 127  20 167  50  29 151 221 203 158 112 190 217  92  57 178 148 186 213
  42  79 110  64  22 111   8 157 198 116  73  54  62 125  33 152  49 103
 211  58 122 223 219  25 194  52  66 222  83  17 216  23 126  96  27 162
   0  10 136   7 166 189 180 206 218   4  43 140 108  99  89  81  46  38
  68 220 188  24 123  76 197  87   1 135]
Final time: 2.0860490799s - Best: 7105942-[ 11  10  14  13   9   8   6   5   4   3   2   1  72  73  74  75  76  77
  78  79  80  81  82  83  84  85 110 102 104 111 112 103 105 113 114 106
 107 115 116 108 109 117 125 118 119 127 126 120 121 128 130 122 123 129
 131 124 225 224 223 222 221 220 219 218 217 216 215 214 213 212 211 210
 209 208 207 206 205 204 203 202 201 200 199 198 197 196 195 194 193 192
 191 190 189 188 187 186 185 184 183 182 181 180 179 178 177 176 175 174
 173 172 171 170 169 168 167 166 165 164 163 162 161 160 159 158 157 156
 155 154 149 142 141 147 148 140 139 146 144 138 137 145 143 136 101  93
  92 100  99  91  90  98  97  89  87  96  95  88  86  94  46  45  44  47
  32  31  30  35  34  33  29  28  27  26  25  24  23  22  21  49  50  51
  52  53  54  55  56  57  58  59  60  61  62  63  64  66  69  68  67  70
  71   7  12  15  16  17  18  19  20  48  43  36  37  38  41  42  40 153
 152 151 150 135 134 133 132  65   0  39]
Value - initial: 188519791, final: 7105942, improveup: 26.5298803452

data-line;i;188519791;f;7105942;t;2.0860490799;c;-2;fv;[7105942L];cv;-1;imp;26.5298803452;type;rvnd;inum;2;w;1

time;2.0860490799;man_time;0;neigh_time;0
man_time;0;man_merge_sol;0;man_best_sol;0;man_combine_sol;0

Waiting [0]
Terminating workers True 0 0
MPI TERMINATING
