pydf_home: /home/rodolfo/git/Sucuri
simple_pycuda_home: /home/rodolfo/git/simple-pycuda
wamca2016path: /home/rodolfo/git/wamca2016/
localpath: /home/rodolfo/git/dvnd-df/code/dvnd-df/src/
WAMCAPATH:/home/rodolfo/git/wamca2016/
param: {solution_index:2, solution_instance_index:78, multi_gpu:True, goal:False, problem_name:ml, number_of_moves:10, device_count:2, solver:rvnd, mpi_enabled:True, workers:1}
Using already created file:  wamca2016lib.so
Size: 226 - file name: 03_pr226.tsp

Value - initial: 199740803-[154  82  37 224 167 127 200 142 175  34 165 134   6  33 112 204  27 135
  98  75   4 108 100 132 137  46  66 109 161  53 116  40  84 102  25 123
   2 128  62  28 159  24 162 187 176  18 217 103   1  94  99 158 133 182
 210  56  69 113  67  50 177 143  85 221  11 122   3 141  51 222  39 207
  57 139  80 189  70  63 110  10  54  97  35 184 153  65 216 106  73 213
 166  59  41 225  90 194 185  22 193 180 105   5 151 181 149 104 117  43
  49 148 138 206 129  93 171  13 101   9  42   7  60  14 196 208 146 183
 125 220  72  68 130 150  52  36 205  19 155 126 120  95  92 168  21 111
 202 118 174  79 136  44 115   8  15 156  29 214  83  96 131 215 121  47
  71 197 169  17 209 218 192  26 223  38 147  64  58 170 191   0 140  30
  48  31 173  86 164 211 145  89 114  16 201  55 186 144 160 152 124  45
 172  61  77 119 203 198  23  91  32 157  76  12  88  78 163 219 107  81
 212 199 188 190  87  74  20 178 179 195] - 199740803
Solver: RVND, number of workers: 1
Setting feeder affinity
I am the master. There are 1 mpi processes. (hostname = gpu01)
Roots [<pyDF.nodes.Feeder object at 0x7fcd42843ad0>]
Starting 0
Main loop
I am worker 0
GPU0
set random seed!
Initial: 199740803-[154  82  37 224 167 127 200 142 175  34 165 134   6  33 112 204  27 135
  98  75   4 108 100 132 137  46  66 109 161  53 116  40  84 102  25 123
   2 128  62  28 159  24 162 187 176  18 217 103   1  94  99 158 133 182
 210  56  69 113  67  50 177 143  85 221  11 122   3 141  51 222  39 207
  57 139  80 189  70  63 110  10  54  97  35 184 153  65 216 106  73 213
 166  59  41 225  90 194 185  22 193 180 105   5 151 181 149 104 117  43
  49 148 138 206 129  93 171  13 101   9  42   7  60  14 196 208 146 183
 125 220  72  68 130 150  52  36 205  19 155 126 120  95  92 168  21 111
 202 118 174  79 136  44 115   8  15 156  29 214  83  96 131 215 121  47
  71 197 169  17 209 218 192  26 223  38 147  64  58 170 191   0 140  30
  48  31 173  86 164 211 145  89 114  16 201  55 186 144 160 152 124  45
 172  61  77 119 203 198  23  91  32 157  76  12  88  78 163 219 107  81
 212 199 188 190  87  74  20 178 179 195]
Final time: 2.41745400429s - Best: 7300760-[154 155 156 157 158 159 160 161 162 163 164 165 166 167 168 169 170 171
 172 173 174 175 176 177 178 179 180 181 182 183 184 185 186 187 188 189
 190 191 192 193 194 195 196 197 198 199 200 201 202 203 204 205 206 207
 208 209 210 211 212 213 214 215 216 217 218 219 220 221 222 223 224 225
 135 134 133 132 130 129 131 124 123 122 121 128 126 120 119 127 125 118
 109 117 116 108 107 115 114 106 105 113 112 103 104 111 110 102  63  62
  61  60  59  58  57  56  55  54  53  52  51  50  49  21  22  23  24  25
  26  28  29  33  34  30  31  32  47  44  45  46  86  94  95  88  87  96
  97  89  90  98  99  91  92 100 101  93 136 143 145 137 138 144 146 139
 140 148 147 141 142 149 150 151 152 153  42  41  38  37  36  35  27  20
  19  18  17  16  66  67  70  12  11  10  15  14  13   9   8   7   6   5
   4   3   2   1   0  72  73  74  75  76  77  78  79  80  81  82  83  84
  85  71  68  69  65  64  48  43  39  40]
Value - initial: 199740803, final: 7300760, improveup: 27.3589055112

data-line;i;199740803;f;7300760;t;2.41745400429;c;-2;fv;[7300760L];cv;-1;imp;27.3589055112;type;rvnd;inum;2;w;1

time;2.41745400429;man_time;0;neigh_time;0
man_time;0;man_merge_sol;0;man_best_sol;0;man_combine_sol;0

Waiting [0]
Terminating workers True 0 0
MPI TERMINATING
