pydf_home: /home/rodolfo/git/Sucuri
simple_pycuda_home: /home/rodolfo/git/simple-pycuda
wamca2016path: /home/rodolfo/git/wamca2016/
localpath: /home/rodolfo/git/dvnd-df/code/dvnd-df/src/
WAMCAPATH:/home/rodolfo/git/wamca2016/
param: {solution_index:5, solution_instance_index:45, multi_gpu:True, goal:False, problem_name:ml, number_of_moves:10, device_count:2, solver:rvnd, mpi_enabled:True, workers:1}
Using already created file:  wamca2016lib.so
Size: 657 - file name: 06_d657.tsp

Value - initial: 276813554-[347 641 314 446  59 500 158 547 451 307 586 308  69 628 369  50 571 548
 108 561  39  61 174 570 266 194 150 650  17 493  80 144 431 626 109  57
 471  54 413 458 117 331 366 562 187  47 456 170 304 149 172 302 636 329
 333 155 287  77 424 475 128 442 569 415 183 384 135 177 263 181 299 630
 322 179 335 303 421 110 171 419 587 210 312 488 602 226  68 525 278 107
 365 121 405 115 368 295 211 465 606  31 122 131 385  32 349  40 288  13
 576   7 113 528  96 327 447 572 647 258 503 151  66 180  27 565 245 473
 512 143 232  63 557 608 492  71  93 642 477 523 406 655  97 103 338  67
 448   3 483 495 609 394 653 324 506 271 127 166 203 277 498 544 425   4
 289 334 161 146 173 584 635 400 136 178 282 613 568 350 533 588 485 441
 239 129 248  21 159 138 227 216 573  78 494 249 463  18 147 656 321 169
 262 507  42 583 487 403 422 342 130 396 153 622 428 270 520 132  94 558
  35 213  37  84 363 185 229  48 257 123  44 517 404 577 373 145 390 306
 589 597 511 298 620 551 645 535  25 193  60 152 524   5 484 359 371 378
  30 279 509  86  98  29 457 297 474 612 355 206 247  41  33 224 410 246
 296 575 376 564  91 168 554 254 189 479 513 283 634 469 411 542 191 504
 223 386 274 250 614 409 362 585 370 118 102 567 242 592 489 468 106 646
 607 393 629  70 337 215 454  28  46 482 240 184  10 598 466 197 467  74
 649 276 481 374 140 536 420 502  45  65 444 439  85 120 199  12  53 438
 453 285 233 379 190 351 603 515 105 556 167 372 414 604 501 627 267 264
 398  73 265   1 578 593 221 541 395  20  14 309 432 610 460 367  52 310
 618  26 594 472 459 253 619 560 402 220  51 124 259 273  34 207 323 389
 382 490 230 175  89 381 452  15 480 212 617 301 293 305 222 496 527 133
 339 336 268 290 625 202   8 514 156 205 543 526 200 225 510 534 186  11
 464  16 111 407 553 360 633 574 260 214 280 632 651   6 112 142  81 427
 256 235 346  92 269   0 237 408 326 231 579 546  38 559 497 518 596  99
 204 639 163 631 591 652 356 388 139 116 137 344 343 261 654 236 430 637
 566 317 196 244  64  75 435 616 530 644 126 164 555  88  90 286 340 516
 529 160 219 550 182 391 114 401 104 100 462 332 429 328 272 148 580 599
 176 300 217 358 125 201 154  62 638 251 449  55 218 311 380 549 505 291
 478 499  76 275 532 228 621 601 383 208 392 348 611 345 315 563 165 426
 434 433 519 531  22 325 437 590  24 581 364 537 418 521  58 243  19 600
 241 461 252 316 255  23 412 157  72 640 539 545  36 198 319 582 648 491
 284 540 522 294 387 292  83 397 476 595 162 417 455  82 450 624 399   9
 352 357 101 470 538 440 188 134 195 192  49 623 141 119  79  43  56 445
 436 281 375 416 552 643 341 318 330 313  87 423 605  95 234 486 320 615
 238 354 361 508 209   2 353 443 377] - 276813554
Solver: RVND, number of workers: 1
Setting feeder affinity
I am the master. There are 1 mpi processes. (hostname = gpu01)
Roots [<pyDF.nodes.Feeder object at 0x7f867ca77ad0>]
Starting 0
Main loop
I am worker 0
GPU0
set random seed!
Initial: 276813554-[347 641 314 446  59 500 158 547 451 307 586 308  69 628 369  50 571 548
 108 561  39  61 174 570 266 194 150 650  17 493  80 144 431 626 109  57
 471  54 413 458 117 331 366 562 187  47 456 170 304 149 172 302 636 329
 333 155 287  77 424 475 128 442 569 415 183 384 135 177 263 181 299 630
 322 179 335 303 421 110 171 419 587 210 312 488 602 226  68 525 278 107
 365 121 405 115 368 295 211 465 606  31 122 131 385  32 349  40 288  13
 576   7 113 528  96 327 447 572 647 258 503 151  66 180  27 565 245 473
 512 143 232  63 557 608 492  71  93 642 477 523 406 655  97 103 338  67
 448   3 483 495 609 394 653 324 506 271 127 166 203 277 498 544 425   4
 289 334 161 146 173 584 635 400 136 178 282 613 568 350 533 588 485 441
 239 129 248  21 159 138 227 216 573  78 494 249 463  18 147 656 321 169
 262 507  42 583 487 403 422 342 130 396 153 622 428 270 520 132  94 558
  35 213  37  84 363 185 229  48 257 123  44 517 404 577 373 145 390 306
 589 597 511 298 620 551 645 535  25 193  60 152 524   5 484 359 371 378
  30 279 509  86  98  29 457 297 474 612 355 206 247  41  33 224 410 246
 296 575 376 564  91 168 554 254 189 479 513 283 634 469 411 542 191 504
 223 386 274 250 614 409 362 585 370 118 102 567 242 592 489 468 106 646
 607 393 629  70 337 215 454  28  46 482 240 184  10 598 466 197 467  74
 649 276 481 374 140 536 420 502  45  65 444 439  85 120 199  12  53 438
 453 285 233 379 190 351 603 515 105 556 167 372 414 604 501 627 267 264
 398  73 265   1 578 593 221 541 395  20  14 309 432 610 460 367  52 310
 618  26 594 472 459 253 619 560 402 220  51 124 259 273  34 207 323 389
 382 490 230 175  89 381 452  15 480 212 617 301 293 305 222 496 527 133
 339 336 268 290 625 202   8 514 156 205 543 526 200 225 510 534 186  11
 464  16 111 407 553 360 633 574 260 214 280 632 651   6 112 142  81 427
 256 235 346  92 269   0 237 408 326 231 579 546  38 559 497 518 596  99
 204 639 163 631 591 652 356 388 139 116 137 344 343 261 654 236 430 637
 566 317 196 244  64  75 435 616 530 644 126 164 555  88  90 286 340 516
 529 160 219 550 182 391 114 401 104 100 462 332 429 328 272 148 580 599
 176 300 217 358 125 201 154  62 638 251 449  55 218 311 380 549 505 291
 478 499  76 275 532 228 621 601 383 208 392 348 611 345 315 563 165 426
 434 433 519 531  22 325 437 590  24 581 364 537 418 521  58 243  19 600
 241 461 252 316 255  23 412 157  72 640 539 545  36 198 319 582 648 491
 284 540 522 294 387 292  83 397 476 595 162 417 455  82 450 624 399   9
 352 357 101 470 538 440 188 134 195 192  49 623 141 119  79  43  56 445
 436 281 375 416 552 643 341 318 330 313  87 423 605  95 234 486 320 615
 238 354 361 508 209   2 353 443 377]
Final time: 10.0034608841s - Best: 14178289-[347 341 345 335 322 307 317 323 324 334 303 299 293 288 287 275 254 248
 236 225 204 187 181 180 186 191 198 199 197 195 185 178 172 168 155 162
 164 142 137 130 129 128 116 101  84  77  73  74  93  98  97  91 102 114
 118 119 103  85  72  65  57  59  55  48  52  40  50  54  49  44  45  41
  39  36  35  33  32   7   9   8  10  11  12  24  21  14  15  20  16  17
  13  18  19  22  23 440  25  26  27  30  31  37  46  42  38  34 469 463
 462 464 466 468  43  47  61  66  71  80  75  81 106 112 122 111 107 100
  96 110 123 134 109  95  87  88 108  94  89  83  76  82  67  56  62  51
 470 467 465 461 458 453 450 452 451 454 455 460 459 456 457 475 476 477
 478 515 514 481 480 485 490 486 482 472 483 491 494 497 496 498 505 124
 127 144 145 135 125 506 504 126 136 133 507 500 501 503 502 499 493 488
 487 484 489 492 495 512 513 516 517 518 519 520 521 527 526 525 522 524
 530 533 529 531 532 535 534 536 537 538 539 540 541 542 544 545 546 547
 548 552 628 562 561 564 560 565 563 558 553 554 555 557 550 549 543 551
 556 559 511 183 173 182 189 174 193 203 205 212 216 222 245 265 278 281
 295 302 296 297 280 273 258 266 592 279 598 600 601 605 606 607 610 613
 615 616 617 618 620 622 408 427 426 393 381 383 380 375 353 344 362 367
 382 392 411 417 429 434 433 412 407 403 394 384 379 366 368 374 376 385
 378 396 395 402 406 413 425 419 410 424 431 423 414 405 401 373 358 351
 357 333 318 312 305 304 311 327 310 300 276 270 268 252 227 219 214 208
 207 224 226 242 250 228 243 255 259 284 291 277 272 274 283 286 315 314
 313 328 339 359 363 352 332 338 329 316 336 343 354 360 355 331 330 319
 301 285 282 267 256 244 233 211 175 188 192 176 146 151 167 153 143 150
 158 166 179 184 177 154 149 147 120  86  92  99 113 139 148 161 170 169
 171 215 221 232 241 247 251 260 294 292 308 309 321 325 342 348 364 370
 397 388 349 326 320 350 369 365 377 386 387 430 435 436 422 421 439 437
 420 438 416 409 390 361 372 391 398 415 404 400 389 346 340 298 290 289
 262 238 235 231 237 210 220 230 239 253 261 271 263 264 240 234 218 217
 209 206 196 190 163 156 138 131 117   5   6  78  79  64  60  53  68  63
  28  29 444 445 447 446 443 441 442 449 448 473 474 523 642 643 644 646
 645 641 640 639 638 637 636 634 635 633 632 631 630 629 651 650 649 647
 648 652 653 627 654 655 626 572 568 569 571 573 577 576 583 584 585 579
 575 656 587 588 590 593 599 603 604 609 614 621 623 625 624 619 612 611
 602 594 597 591 596 608 595 589 257 246 229 580 213 200 194 201 202 581
 586 582 578 574 570 566 567 510 159 160 152 508 509 528 479 471  58  70
  90 105 121 104 157 165 115 132 140 141   4   3   2   1  69 223 249 306
 337 356 418 428 432 399 371 269   0]
Value - initial: 276813554, final: 14178289, improveup: 19.5237629872

data-line;i;276813554;f;14178289;t;10.0034608841;c;-2;fv;[14178289L];cv;-1;imp;19.5237629872;type;rvnd;inum;5;w;1

time;10.0034608841;man_time;0;neigh_time;0
man_time;0;man_merge_sol;0;man_best_sol;0;man_combine_sol;0

Waiting [0]
Terminating workers True 0 0
MPI TERMINATING
