pydf_home: /home/rodolfo/git/Sucuri
simple_pycuda_home: /home/rodolfo/git/simple-pycuda
wamca2016path: /home/rodolfo/git/wamca2016/
localpath: /home/rodolfo/git/dvnd-df/code/dvnd-df/src/
WAMCAPATH:/home/rodolfo/git/wamca2016/
param: {solution_index:7, solution_instance_index:30, multi_gpu:True, goal:False, problem_name:ml, number_of_moves:10, device_count:2, solver:rvnd, mpi_enabled:True, workers:1}
Using already created file:  wamca2016lib.so
Size: 1001 - file name: 08_TRP-S1000-R1.tsp

Value - initial: 129349234-[770 646 311 ..., 249 919 615] - 129349234
Solver: RVND, number of workers: 1
Setting feeder affinity
I am the master. There are 1 mpi processes. (hostname = gpu01)
Roots [<pyDF.nodes.Feeder object at 0x7fd7c9a67ad0>]
Starting 0
Main loop
I am worker 0
GPU0
set random seed!
Initial: 129349234-[770 646 311 ..., 249 919 615]
Final time: 27.7600059509s - Best: 5510261-[770  84 792 ..., 510 853 988]
Value - initial: 129349234, final: 5510261, improveup: 23.4742481345

data-line;i;129349234;f;5510261;t;27.7600059509;c;-2;fv;[5510261L];cv;-1;imp;23.4742481345;type;rvnd;inum;7;w;1

time;27.7600059509;man_time;0;neigh_time;0
man_time;0;man_merge_sol;0;man_best_sol;0;man_combine_sol;0

Waiting [0]
Terminating workers True 0 0
MPI TERMINATING
