pydf_home: /home/rodolfo/git/Sucuri
simple_pycuda_home: /home/rodolfo/git/simple-pycuda
wamca2016path: /home/rodolfo/git/wamca2016/
localpath: /home/rodolfo/git/dvnd-df/code/dvnd-df/src/
WAMCAPATH:/home/rodolfo/git/wamca2016/
param: {solution_index:3, solution_instance_index:26, multi_gpu:True, goal:False, problem_name:ml, number_of_moves:10, device_count:2, solver:rvnd, mpi_enabled:True, workers:1}
Using already created file:  wamca2016lib.so
Size: 318 - file name: 04_lin318.tsp

Value - initial: 93952564-[120 199  32 104 187  58 286  84 128 317 223 107  78 309  52  82  20  16
 211 313 135 143 300  64 174 217  90 114 304 212 137  73 201 159  96 278
  61 299 296  71 136 195 257 291  11 125  46 203 138 116 302 283   4  99
   0  10  17  76 126 288 186  81 280 270 145 279 281 153 265  91 250 311
 167 105  41 127 180 240 112  67 171 256  53  56 315  18 181  49 139 158
 163 208  44 166 225 191  89 285 275   8 176 213  72   9 113 197  68 301
 122 160 262 140  66 245 273  60 219 189  26 193 244 312   7 121  36 237
 150 183 227 115  75  28 162  77  69 188 103 276 196 226 147  29 274  43
 316 314 248  85  87 220  12 282 182 303 206 149 258 198 271 234  33  83
  47 119  63  51  31 101  21 272 146 221 209 100  62 231 177 164  23 218
  34 130  22 252 157 247 200 185 123 290 251 253 260  98 239 246 173 205
 229 306 172 170 235 141  40  15  48 249 178 266 216 228 131 156  54 297
 310 307  93 204 277  95  30   1 144  45  79 269 210  14 124 254 134 132
 268 224  24 184 190   5  80 263 110   3 202  57 308 148 207 102  13 289
 267 293 169 154  37  86 192  38 255 108  27 161 305 236  88  39 214 241
  74 109 230 215 151 238 264   6 133 294 168  19 106 232  35  94  55 194
 259 261  65 292 152 179  59 111 243 242 284 165 117  42 295 222 233  92
  50 155 129 142 287  97 298   2 118 175  25  70] - 93952564
Solver: RVND, number of workers: 1
Setting feeder affinity
I am the master. There are 1 mpi processes. (hostname = gpu01)
Roots [<pyDF.nodes.Feeder object at 0x7fb7af286ad0>]
Starting 0
Main loop
I am worker 0
GPU0
set random seed!
Initial: 93952564-[120 199  32 104 187  58 286  84 128 317 223 107  78 309  52  82  20  16
 211 313 135 143 300  64 174 217  90 114 304 212 137  73 201 159  96 278
  61 299 296  71 136 195 257 291  11 125  46 203 138 116 302 283   4  99
   0  10  17  76 126 288 186  81 280 270 145 279 281 153 265  91 250 311
 167 105  41 127 180 240 112  67 171 256  53  56 315  18 181  49 139 158
 163 208  44 166 225 191  89 285 275   8 176 213  72   9 113 197  68 301
 122 160 262 140  66 245 273  60 219 189  26 193 244 312   7 121  36 237
 150 183 227 115  75  28 162  77  69 188 103 276 196 226 147  29 274  43
 316 314 248  85  87 220  12 282 182 303 206 149 258 198 271 234  33  83
  47 119  63  51  31 101  21 272 146 221 209 100  62 231 177 164  23 218
  34 130  22 252 157 247 200 185 123 290 251 253 260  98 239 246 173 205
 229 306 172 170 235 141  40  15  48 249 178 266 216 228 131 156  54 297
 310 307  93 204 277  95  30   1 144  45  79 269 210  14 124 254 134 132
 268 224  24 184 190   5  80 263 110   3 202  57 308 148 207 102  13 289
 267 293 169 154  37  86 192  38 255 108  27 161 305 236  88  39 214 241
  74 109 230 215 151 238 264   6 133 294 168  19 106 232  35  94  55 194
 259 261  65 292 152 179  59 111 243 242 284 165 117  42 295 222 233  92
  50 155 129 142 287  97 298   2 118 175  25  70]
Final time: 3.86671280861s - Best: 6157148-[120 121 122 129 130 131 128 123 132 127 124 207 119 125 126 133 134 135
 136  33  34  36  35  25  24  17  16  15  26  23  18  11   2   0   1   5
   6   9  10  14  20  21  28 102  19  22  27  29  30  31  32 103  39  44
  47  49  54  55  56  53  50  46  43  40  41  42  45  51  52  57  62  61
  63  66  67  70  77  81  82  83  78  76  71  72  68  69  73  74  80  75
  79  85  84  90  91  95  96 100 101  92  97  98  94  93  99 206 205 201
 200 196 195  87  86 189 188 187 186 182 175 172 171 176 181 183 177 180
 184 190 197 202 203 199 198 204 311 310 306 305 301 300 294 292 291 287
 293 288 286 281 276 277 280 169 170 165 164 268 265 264 263 266 267 262
 261 255 252 251 250 253 256 260 259 257 254 249 142 143 139 138 241 240
 239 238 231 230 312 229 232 237 242 236 233 228 235 234 227 226 225 221
 224 220 219 216 215 211 210 108 109 117 118 141 140 146 147 145 148 151
 155 150 156 157 162 158 161 209 160 159 154 152 149 144 153 163  59  60
  65  64 168 166 167 174 173 178 179 185 193 194 192 191 302 307 308 299
 298 295 289 285 282 278 279 283 284 290 304 309 303 297 296 275 274 317
 269 270 272 271 273 314 258 313 245 246 248 247 244 243 223 222 213 214
 218 217 212 113 112 116 107 105 106   3   4 110 111 114 115  12  13   8
   7  48 315 316  58 104  88  89  38  37 137 208]
Value - initial: 93952564, final: 6157148, improveup: 15.2591043775

data-line;i;93952564;f;6157148;t;3.86671280861;c;-2;fv;[6157148L];cv;-1;imp;15.2591043775;type;rvnd;inum;3;w;1

time;3.86671280861;man_time;0;neigh_time;0
man_time;0;man_merge_sol;0;man_best_sol;0;man_combine_sol;0

Waiting [0]
Terminating workers True 0 0
MPI TERMINATING
