pydf_home: /home/rodolfo/git/Sucuri
simple_pycuda_home: /home/rodolfo/git/simple-pycuda
wamca2016path: /home/rodolfo/git/wamca2016/
localpath: /home/rodolfo/git/dvnd-df/code/dvnd-df/src/
WAMCAPATH:/home/rodolfo/git/wamca2016/
param: {solution_index:0, solution_instance_index:47, multi_gpu:True, goal:False, problem_name:ml, number_of_moves:10, device_count:2, solver:rvnd, mpi_enabled:True, workers:1}
Using already created file:  wamca2016lib.so
Size: 52 - file name: 01_berlin52.tsp

Value - initial: 786194-[ 1 28 25 14 19 51 31  8 24  6 42 26 35 17 33 20 23 21 22  9 40  4 39 29 43
 37 50 36 27 32 11 30 41 15 18 16 12 48  2 49  0 46 34  5 44  3 47 38  7 10
 13 45] - 786194
Solver: RVND, number of workers: 1
Setting feeder affinity
I am the master. There are 1 mpi processes. (hostname = gpu01)
Roots [<pyDF.nodes.Feeder object at 0x7f27c1166ad0>]
Starting 0
Main loop
I am worker 0
GPU0
set random seed!
Initial: 786194-[ 1 28 25 14 19 51 31  8 24  6 42 26 35 17 33 20 23 21 22  9 40  4 39 29 43
 37 50 36 27 32 11 30 41 15 18 16 12 48  2 49  0 46 34  5 44  3 47 38  7 10
 13 45]
Final time: 1.25853991508s - Best: 149514-[ 1  6 41 20 22 19 49 15 43 45 24  3  5 14  4 23 47 37 36 39 38 33 34 35 48
 31 44 18 40  7  8  9 42  0 21 30 17  2 16 29 28 46 25 27 26 12 13 51 10 50
 11 32]
Value - initial: 786194, final: 149514, improveup: 5.25833032358

data-line;i;786194;f;149514;t;1.25853991508;c;-2;fv;[149514L];cv;-1;imp;5.25833032358;type;rvnd;inum;0;w;1

time;1.25853991508;man_time;0;neigh_time;0
man_time;0;man_merge_sol;0;man_best_sol;0;man_combine_sol;0

Waiting [0]
Terminating workers True 0 0
MPI TERMINATING
