pydf_home: /home/rodolfo/git/Sucuri
simple_pycuda_home: /home/rodolfo/git/simple-pycuda
wamca2016path: /home/rodolfo/git/wamca2016/
localpath: /home/rodolfo/git/dvnd-df/code/dvnd-df/src/
WAMCAPATH:/home/rodolfo/git/wamca2016/
param: {solution_index:2, solution_instance_index:39, multi_gpu:True, goal:False, problem_name:ml, number_of_moves:10, device_count:2, solver:rvnd, mpi_enabled:True, workers:1}
Using already created file:  wamca2016lib.so
Size: 226 - file name: 03_pr226.tsp

Value - initial: 174568565-[ 47  83 113 211 202  78  15 169 220 193  63 204 135  25  17 108 194   3
  37 153  42 208  68 164 223 144 192 196 224 143  28  89 195  65 165 189
  62 114  61  64 172 158 191 106 117 178  60 182  22   8  43 101 197 203
  85 110  10  99  45  20  23 183 150  50  56  93  49 148  32  21  67 125
 104 116   2  97 215 207 133  87 124 141 123  57 221 111 171 199 177 160
 166 176  31 139 175 210  92  14  40  82  84  36 137 120 185  96  27  98
  91 222  59  94 136  29  34  30 214  74 157 126 190  26 100  16  66  80
 146 216 119 209 198  12 122 142  53  51  86  41  48  39 219 170 200  35
 167  69  52 217 162 112 152 121  54   0 140 105  73   7  13 205  44 118
 109  70  71 201 132  76 181 179 102 129 180  81 138 161   4 212 115 188
 147 159  90 225 173  79   9 127  77 184   5 103  75  38 145 156  72 107
 187 154 213  55 218 186   6  95  46 151 131 155 206 130 128 174 168  18
   1  11 134  24 163  88  58  19  33 149] - 174568565
Solver: RVND, number of workers: 1
Setting feeder affinity
I am the master. There are 1 mpi processes. (hostname = gpu01)
Roots [<pyDF.nodes.Feeder object at 0x7f83a0bd6ad0>]
Starting 0
Main loop
I am worker 0
GPU0
set random seed!
Initial: 174568565-[ 47  83 113 211 202  78  15 169 220 193  63 204 135  25  17 108 194   3
  37 153  42 208  68 164 223 144 192 196 224 143  28  89 195  65 165 189
  62 114  61  64 172 158 191 106 117 178  60 182  22   8  43 101 197 203
  85 110  10  99  45  20  23 183 150  50  56  93  49 148  32  21  67 125
 104 116   2  97 215 207 133  87 124 141 123  57 221 111 171 199 177 160
 166 176  31 139 175 210  92  14  40  82  84  36 137 120 185  96  27  98
  91 222  59  94 136  29  34  30 214  74 157 126 190  26 100  16  66  80
 146 216 119 209 198  12 122 142  53  51  86  41  48  39 219 170 200  35
 167  69  52 217 162 112 152 121  54   0 140 105  73   7  13 205  44 118
 109  70  71 201 132  76 181 179 102 129 180  81 138 161   4 212 115 188
 147 159  90 225 173  79   9 127  77 184   5 103  75  38 145 156  72 107
 187 154 213  55 218 186   6  95  46 151 131 155 206 130 128 174 168  18
   1  11 134  24 163  88  58  19  33 149]
Final time: 2.23811006546s - Best: 7109742-[ 47  32  31  30  34  33  29  28  26  25  24  23  22  21  49  50  51  52
  53  54  55  56  57  58  59  60  61  62  94  86  88  95  96  87  89  97
  98  90  91  99 100  92  93 101 136 143 145 137 138 144 146 139 140 148
 147 141 142 149 150 151 152 153 154 155 156 157 158 159 160 161 162 163
 164 165 166 167 168 169 170 171 172 173 174 175 176 177 178 179 180 181
 182 183 184 185 186 187 188 189 190 191 192 193 194 195 196 197 198 199
 200 201 202 203 204 205 206 207 208 209 210 211 212 213 214 215 216 217
 218 219 220 221 222 223 224 225 124 131 129 123 122 130 128 121 120 126
 127 119 118 125 117 109 108 116 115 107 106 114 113 105 103 112 111 104
 102 110  85  84  83  82  81  80  79  78  77  76  75  74  73  72   0   1
   2   3   4   5   6   7   8   9  13  14  10  11  12  71  70  15  16  66
  67  68  69  65  64  17  18  19  20  27  35  44  43  36  37  38  41  42
  46  45  48  63 132 133 134 135  40  39]
Value - initial: 174568565, final: 7109742, improveup: 24.553431756

data-line;i;174568565;f;7109742;t;2.23811006546;c;-2;fv;[7109742L];cv;-1;imp;24.553431756;type;rvnd;inum;2;w;1

time;2.23811006546;man_time;0;neigh_time;0
man_time;0;man_merge_sol;0;man_best_sol;0;man_combine_sol;0

Waiting [0]
Terminating workers True 0 0
MPI TERMINATING
