pydf_home: /home/rodolfo/git/Sucuri
simple_pycuda_home: /home/rodolfo/git/simple-pycuda
wamca2016path: /home/rodolfo/git/wamca2016/
localpath: /home/rodolfo/git/dvnd-df/code/dvnd-df/src/
WAMCAPATH:/home/rodolfo/git/wamca2016/
param: {solution_index:2, solution_instance_index:85, multi_gpu:True, goal:False, problem_name:ml, number_of_moves:10, device_count:2, solver:rvnd, mpi_enabled:True, workers:1}
Using already created file:  wamca2016lib.so
Size: 226 - file name: 03_pr226.tsp

Value - initial: 188344581-[195 160  73 121 150  31 193 142  26  56  49  22 130  77 200 157  47  83
 120 133 116  52 175  46  68 167 117  76  54 224 192 106 179 123 100  32
  94 205  36 198  51  42  91  44 210 127 105  82 209 148  34 108  24 152
 109 144 183   5 194 118 122 104  96 145   8  57  70   4 206 213  20 204
 189   0 171  85  17 149  33 222  80 126 217 212 225 176 202  61 139   2
  98  12 137 151 188 173 143 187  74 135  29   1  60  11   3 131 115   9
  63  89 112 218   6 172 223  23  53  62 165 102 191 178  87 180 197 177
  45 132  18 113  88 196 215 154 129  67 216 140  27  50 155 107 220  38
  39 169 208 166  37  14  78 114  81 201 103  59  55 185  95 203 136  25
 161 190  64 125  86  58  99  90  43 159 146 156 211 128  92  66 119  84
  16 182 141 214 162 110  97 181 221  28  15  13 168  19 164  75  65  93
 163 111 153  41  21 101 219 147   7 138  48  79  10 174  35 199 170  71
  30  40 124  69  72 186 158 134 207 184] - 188344581
Solver: RVND, number of workers: 1
Setting feeder affinity
I am the master. There are 1 mpi processes. (hostname = gpu01)
Roots [<pyDF.nodes.Feeder object at 0x7eff1e9a8ad0>]
Starting 0
Main loop
I am worker 0
GPU0
set random seed!
Initial: 188344581-[195 160  73 121 150  31 193 142  26  56  49  22 130  77 200 157  47  83
 120 133 116  52 175  46  68 167 117  76  54 224 192 106 179 123 100  32
  94 205  36 198  51  42  91  44 210 127 105  82 209 148  34 108  24 152
 109 144 183   5 194 118 122 104  96 145   8  57  70   4 206 213  20 204
 189   0 171  85  17 149  33 222  80 126 217 212 225 176 202  61 139   2
  98  12 137 151 188 173 143 187  74 135  29   1  60  11   3 131 115   9
  63  89 112 218   6 172 223  23  53  62 165 102 191 178  87 180 197 177
  45 132  18 113  88 196 215 154 129  67 216 140  27  50 155 107 220  38
  39 169 208 166  37  14  78 114  81 201 103  59  55 185  95 203 136  25
 161 190  64 125  86  58  99  90  43 159 146 156 211 128  92  66 119  84
  16 182 141 214 162 110  97 181 221  28  15  13 168  19 164  75  65  93
 163 111 153  41  21 101 219 147   7 138  48  79  10 174  35 199 170  71
  30  40 124  69  72 186 158 134 207 184]
Final time: 2.71779298782s - Best: 7310038-[195 196 197 198 199 200 201 202 203 204 205 206 207 208 209 210 211 212
 213 214 215 216 217 218 219 220 221 222 223 224 225 124 123 122 121 120
 119 118 117 116 115 114 113 112 111 110 102 104 103 105 106 107 108 109
 125 127 126 128 130 129 131 194 193 192 191 190 189 188 187 186 185 184
 183 182 181 180 179 178 177 176 175 174 173 172 171 170 169 168 167 166
 165 164 163 162 161 160 159 158 157 156 155 154 153 152 151 150 144 146
 148 147 149 142 141 140 139 138 137 145 143 136  93 101 100  92  91  99
  98  90  89  97  96  87  88  95  86  94  62  61  60  59  58  57  56  55
  54  53  52  51  50  49  21  22  23  24  25  26  28  29  33  34  35  36
  43  45  44  47  32  31  30  27  20  19  18  17  14  13   9   8   6   5
   4   3   2   1   0  72  73  74  75  76  77  78  79  80  81  82  83  84
  85  71   7  10  11  12  70  15  16  66  67  68  69  65  64  63  48  46
  42  41  38  37  39  40 135 134 133 132]
Value - initial: 188344581, final: 7310038, improveup: 25.7651986214

data-line;i;188344581;f;7310038;t;2.71779298782;c;-2;fv;[7310038L];cv;-1;imp;25.7651986214;type;rvnd;inum;2;w;1

time;2.71779298782;man_time;0;neigh_time;0
man_time;0;man_merge_sol;0;man_best_sol;0;man_combine_sol;0

Waiting [0]
Terminating workers True 0 0
MPI TERMINATING
