pydf_home: /home/rodolfo/git/Sucuri
simple_pycuda_home: /home/rodolfo/git/simple-pycuda
wamca2016path: /home/rodolfo/git/wamca2016/
localpath: /home/rodolfo/git/dvnd-df/code/dvnd-df/src/
WAMCAPATH:/home/rodolfo/git/wamca2016/
param: {solution_index:1, solution_instance_index:67, multi_gpu:True, goal:False, problem_name:ml, number_of_moves:10, device_count:2, solver:rvnd, mpi_enabled:True, workers:1}
Using already created file:  wamca2016lib.so
Size: 100 - file name: 02_kroD100.tsp

Value - initial: 7664254-[64 45 16 72 12 80 93 14 70 41 53 83 87 29 85 78 42 86 79 65 51 90  6 91 32
 25  9 77 59 63 33 43 37 44 97  0 75 34 89 28 92  8 10 31 30 76 69 17 61 22
 26 36 11 74 98  2 82  4 15 99 49  5  1 21 96 18 38 95 23 84 52 88 66 20 35
 27 50 60 57 56 24 19  7 55 13 94 81 71 40 67 46 58 68 39 62 47 54 48  3 73] - 7664254
Solver: RVND, number of workers: 1
Setting feeder affinity
I am the master. There are 1 mpi processes. (hostname = gpu01)
Roots [<pyDF.nodes.Feeder object at 0x7f025d2aaad0>]
Starting 0
Main loop
I am worker 0
GPU0
set random seed!
Initial: 7664254-[64 45 16 72 12 80 93 14 70 41 53 83 87 29 85 78 42 86 79 65 51 90  6 91 32
 25  9 77 59 63 33 43 37 44 97  0 75 34 89 28 92  8 10 31 30 76 69 17 61 22
 26 36 11 74 98  2 82  4 15 99 49  5  1 21 96 18 38 95 23 84 52 88 66 20 35
 27 50 60 57 56 24 19  7 55 13 94 81 71 40 67 46 58 68 39 62 47 54 48  3 73]
Final time: 0.83452296257s - Best: 997567-[64 13 67 32 44 98 30 77 79 75 45 51  7 65 37 80 33 10 88 69 48 97 89 16 93
 49  0 26 23 87 12 78 40 83 14 72 38 90 53 62 15 95 85 84 17  5 39 82  2 58
 63 76 42 70  3 92 43 59 34 29 99  1 47 91 18 50 36 61 52  4 54 86 25 94 55
 27 11 46 20  9  8 19 24 81 56 71 60 73  6 74 66 35 28 57 21 41 22 96 31 68]
Value - initial: 7664254, final: 997567, improveup: 7.6829466091

data-line;i;7664254;f;997567;t;0.83452296257;c;-2;fv;[997567L];cv;-1;imp;7.6829466091;type;rvnd;inum;1;w;1

time;0.83452296257;man_time;0;neigh_time;0
man_time;0;man_merge_sol;0;man_best_sol;0;man_combine_sol;0

Waiting [0]
Terminating workers True 0 0
MPI TERMINATING
