pydf_home: /home/rodolfo/git/Sucuri
simple_pycuda_home: /home/rodolfo/git/simple-pycuda
wamca2016path: /home/rodolfo/git/wamca2016/
localpath: /home/rodolfo/git/dvnd-df/code/dvnd-df/src/
WAMCAPATH:/home/rodolfo/git/wamca2016/
param: {solution_index:0, solution_instance_index:24, multi_gpu:True, goal:False, problem_name:ml, number_of_moves:10, device_count:2, solver:rvnd, mpi_enabled:True, workers:1}
Using already created file:  wamca2016lib.so
Size: 52 - file name: 01_berlin52.tsp

Value - initial: 789223-[47 48 29 15 42  9  7 27 23 12 40  5 43 46 22 30  1 38 51 14  3 24  6  4 13
 16 39  2 28 32  8 10 49 21 31 25 20 45 33  0 41 17 34 18 44 36 35 11 19 26
 50 37] - 789223
Solver: RVND, number of workers: 1
Setting feeder affinity
I am the master. There are 1 mpi processes. (hostname = gpu01)
Roots [<pyDF.nodes.Feeder object at 0x7ffa63f69ad0>]
Starting 0
Main loop
I am worker 0
GPU0
set random seed!
Initial: 789223-[47 48 29 15 42  9  7 27 23 12 40  5 43 46 22 30  1 38 51 14  3 24  6  4 13
 16 39  2 28 32  8 10 49 21 31 25 20 45 33  0 41 17 34 18 44 36 35 11 19 26
 50 37]
Final time: 1.25928401947s - Best: 143764-[47 23  4  5 14 36 39 38 35 34 33 43  0 21 48 31 44 18 40  7  8  9 42  3 24
 45 15 49 19 22 30 17  2 16 20 41  6  1 29 28 46 25 27 26 12 13 51 10 50 11
 32 37]
Value - initial: 789223, final: 143764, improveup: 5.48971230628

data-line;i;789223;f;143764;t;1.25928401947;c;-2;fv;[143764L];cv;-1;imp;5.48971230628;type;rvnd;inum;0;w;1

time;1.25928401947;man_time;0;neigh_time;0
man_time;0;man_merge_sol;0;man_best_sol;0;man_combine_sol;0

Waiting [0]
Terminating workers True 0 0
MPI TERMINATING
