pydf_home: /home/rodolfo/git/Sucuri
simple_pycuda_home: /home/rodolfo/git/simple-pycuda
wamca2016path: /home/rodolfo/git/wamca2016/
localpath: /home/rodolfo/git/dvnd-df/code/dvnd-df/src/
WAMCAPATH:/home/rodolfo/git/wamca2016/
param: {solution_index:7, solution_instance_index:28, multi_gpu:True, goal:False, problem_name:ml, number_of_moves:10, device_count:2, solver:rvnd, mpi_enabled:True, workers:1}
Using already created file:  wamca2016lib.so
Size: 1001 - file name: 08_TRP-S1000-R1.tsp

Value - initial: 129662207-[787 244 660 ..., 233 897  22] - 129662207
Solver: RVND, number of workers: 1
Setting feeder affinity
I am the master. There are 1 mpi processes. (hostname = gpu01)
Roots [<pyDF.nodes.Feeder object at 0x7f0062954ad0>]
Starting 0
Main loop
I am worker 0
GPU0
set random seed!
Initial: 129662207-[787 244 660 ..., 233 897  22]
Final time: 29.3398089409s - Best: 5574044-[787  44 245 ..., 654 231 398]
Value - initial: 129662207, final: 5574044, improveup: 23.2617839041

data-line;i;129662207;f;5574044;t;29.3398089409;c;-2;fv;[5574044L];cv;-1;imp;23.2617839041;type;rvnd;inum;7;w;1

time;29.3398089409;man_time;0;neigh_time;0
man_time;0;man_merge_sol;0;man_best_sol;0;man_combine_sol;0

Waiting [0]
Terminating workers True 0 0
MPI TERMINATING
