pydf_home: /home/rodolfo/git/Sucuri
simple_pycuda_home: /home/rodolfo/git/simple-pycuda
wamca2016path: /home/rodolfo/git/wamca2016/
localpath: /home/rodolfo/git/dvnd-df/code/dvnd-df/src/
WAMCAPATH:/home/rodolfo/git/wamca2016/
param: {solution_index:2, solution_instance_index:61, multi_gpu:True, goal:False, problem_name:ml, number_of_moves:10, device_count:2, solver:rvnd, mpi_enabled:True, workers:1}
Using already created file:  wamca2016lib.so
Size: 226 - file name: 03_pr226.tsp

Value - initial: 191235757-[189 192  95 116  38  97 175  40 126  78 214  67 191 108   8  63 113  50
  88  69 203  24 173  96 170  68 136 207  43 168 163  46  75  44 100  98
 145 121   2  28  92  53 180 218 219 196  73 142  37  90  18  59 114 118
  22  16  34 182  20 151 125 134 193 178  12  36  23 169  72 181 159 197
 130  60 139 194  94 131 111 199  83 183 150 190 209   1 101  11 107  89
 112  15  58 148  71 223 187 172 143 146 160  10 162  25  17 124 154  30
 104 147  48 115  35  85   6 204 132  14 188 210 106  29 138 198  51  99
 208  76  65  66 122   7   9 110  31  54 176 221   4 120 164  19 200 185
  42 224 171 129 205 137   5 119  79  32 184  47 123 165 153  61  64  93
 140 149  81  84 156 141 222 212  26 217 195  49 109 220  21   3 161  77
 206 167 127 201   0 117 186 216 135 174 128 202 166 102 177 133 144  52
 213  33 211 225  87 103  74  55 157  57 215  45  27  56 152  86 179  62
 105  13  41  82  80  91  70 158  39 155] - 191235757
Solver: RVND, number of workers: 1
Setting feeder affinity
I am the master. There are 1 mpi processes. (hostname = gpu01)
Roots [<pyDF.nodes.Feeder object at 0x7f296bda4ad0>]
Starting 0
Main loop
I am worker 0
GPU0
set random seed!
Initial: 191235757-[189 192  95 116  38  97 175  40 126  78 214  67 191 108   8  63 113  50
  88  69 203  24 173  96 170  68 136 207  43 168 163  46  75  44 100  98
 145 121   2  28  92  53 180 218 219 196  73 142  37  90  18  59 114 118
  22  16  34 182  20 151 125 134 193 178  12  36  23 169  72 181 159 197
 130  60 139 194  94 131 111 199  83 183 150 190 209   1 101  11 107  89
 112  15  58 148  71 223 187 172 143 146 160  10 162  25  17 124 154  30
 104 147  48 115  35  85   6 204 132  14 188 210 106  29 138 198  51  99
 208  76  65  66 122   7   9 110  31  54 176 221   4 120 164  19 200 185
  42 224 171 129 205 137   5 119  79  32 184  47 123 165 153  61  64  93
 140 149  81  84 156 141 222 212  26 217 195  49 109 220  21   3 161  77
 206 167 127 201   0 117 186 216 135 174 128 202 166 102 177 133 144  52
 213  33 211 225  87 103  74  55 157  57 215  45  27  56 152  86 179  62
 105  13  41  82  80  91  70 158  39 155]
Final time: 3.2733001709s - Best: 7142183-[189 188 187 186 185 184 183 182 181 180 179 178 177 176 175 174 173 172
 171 170 169 168 167 166 165 164 163 162 161 160 159 158 157 156 155 154
 153 152 151 150  93  92  91  90  89  87  88  86  94  95  96  97  98  99
 100 101 143 136 137 145 144 138 139 146 148 140 141 147 149 142 190 191
 192 193 194 195 196 197 198 199 200 201 202 203 204 205 206 207 208 209
 210 211 212 213 214 215 216 217 218 219 220 221 222 223 224 225 124 131
 129 123 122 130 128 121 120 126 127 119 118 125 117 116 115 114 113 112
 111 110 102 104 103 105 106 107 108 109 132 133 134 135  62  61  60  59
  58  57  56  55  54  53  52  51  50  49  21  22  23  24  25  26  28  29
  33  34  36  43  45  44  35  30  31  32  47  48  27  20  19  18  17  16
  15  14  13   9   8  10  11  12   7   6   5   4   3   2   1   0  72  73
  74  75  76  77  78  79  80  81  82  83  84  85  71  70  67  66  68  69
  65  64  63  46  42  41  38  37  40  39]
Value - initial: 191235757, final: 7142183, improveup: 26.7755330548

data-line;i;191235757;f;7142183;t;3.2733001709;c;-2;fv;[7142183L];cv;-1;imp;26.7755330548;type;rvnd;inum;2;w;1

time;3.2733001709;man_time;0;neigh_time;0
man_time;0;man_merge_sol;0;man_best_sol;0;man_combine_sol;0

Waiting [0]
Terminating workers True 0 0
MPI TERMINATING
