pydf_home: /home/rodolfo/git/Sucuri
simple_pycuda_home: /home/rodolfo/git/simple-pycuda
wamca2016path: /home/rodolfo/git/wamca2016/
localpath: /home/rodolfo/git/dvnd-df/code/dvnd-df/src/
WAMCAPATH:/home/rodolfo/git/wamca2016/
param: {solution_index:6, solution_instance_index:48, multi_gpu:True, goal:False, problem_name:ml, number_of_moves:10, device_count:2, solver:rvnd, mpi_enabled:True, workers:1}
Using already created file:  wamca2016lib.so
Size: 783 - file name: 07_rat784.tsp

Value - initial: 72147310-[718 149 277 172 410 591 161  70 340 229  23  48  41 770 590 728 234 713
 145 738  29 298 178 433 740  93 478 395 624   3 104 231 295 674 336 429
 190 493 347 686 469 135 403 183  65  52 441  25 665 725 739 558 300 339
 524 694 225 467 335 731 144 405 373 704 211 716 604  69  96 371  78 486
  61 581 430 272 384 205 364 394 502 155 470 283 652 630 685  98  67 314
 122  45 536 240 675 582 649  81 517 592 726 136 320 615 246 745  43 766
 569 497 333 697 625 476 390 607 452 351 515 771 288 352 754  94 573 114
 273 611 353 176 182 319 449 751 189 523 346 175 431 188 125 677  62 354
  97 673 772 670 152 661 349 521 687  26 644 466 313 216 554 248 426 255
 520 574  14 291 341 668 434 160 345 116 187 498 462  17 705 163 317 538
 342  77 242  99  79 727  33  16 676 432 386 198 294 580 212 328  51 610
 531 369 539 191 453 618 755  58 690 303 192 366 270 219 535 154 309 310
 350 141 776 132  83 425  46  54 223 442 657 289 653  38  74 197 378  82
 437 479 612 534 226 589 540 480 372 159 465 553 743  32 249 228 276 528
 377 167 680 406 664 711 609 605 722 420  40 457 629 139  56 484 258 193
 583 128 165 522 177 168 696 123 565 131 732 207 200 267 119 281 230 105
 599 717 450 181 235 600  11 549 724 491 254 358 667 734 102 244 547 327
  95 257 651 284 157 560 537 570 596 468 311 613 209 586 137 729 156 557
 208 774 742 113 464 595 631 779 488 659 367 587 385 733 541 756 637 510
 435 693 213 206 669 636 256 306 648  92 218 174 302 495 185 279 134 562
  47 140 672 151 101 518 623 334  42 262   5 360 516 454 143 737 775 544
 767 419 556 158 355 436 780  86 597 269 598  15 619 699 391 459 507  21
 723  85 382 715 409 393 551  24 301 701 224 173   1   8 496 215 389 440
 127 543 413 444 202 411 312 363 695 577 265 626  89 375  53  63 414  59
 688 658 752 415 321 773  87  28 323 506 616 204 427 602 142 660 749 361
 555 103 447 617 365 357  12 241  50 594 638 504 519 548 196 332 710 227
 243 593 129 324 118 576 443 707  22 315 195 564 396 708 150 117 768 232
 748 614 376 568 380 777 512 482 635  73 404   9 374 550 579 220 166  13
 325 398 501 747 552 632 578  66 120 337 682 485 184 559  18 329 563 171
 684  19 683 292 275 571 461 108 180  88 655 494 545 769 451 542 356 692
 463  91   2 473  44  35 712 601 245 387 111 741 247 700 620 210 666 170
 765 472 641 643 428  76  36 525 446 438 505 477 714 408 526 370 456 423
 764 261 460 169 646  20 679 513 759 287 606 264 781 318 297 253 448  37
 633 575 663 530 383 719 285 721 546 133 359 260 509  34 645 251 763  75
 647 199 753 233 628 148 296 585 368 100 388  80 499 268 782 146 490 445
 634 147 416 316 678 642 274 348 702 401 744 475 691 138  30 689 627 379
 671 112 458 471 278 217 280 271 709 263 455 222  57 720 656 622 343 735
 706 730 588 399 201 326   7 121 299 164 126 500 422 407 421  27 307 621
 130 514 162 681  10 529 439  39 221 400 186 487  55  71 608 746  72 153
 603 110 290   4 567 338   0 203  64 331  90  84 483 566 511 330 107 489
 424 362 266 561 124 508  60 572 239 736 474 417 532 238 250 750 757 259
 762 654 481 236 381 412 533 115  68 650   6 109 703 418 179 584 106 397
 527 214 194 304 237 305 761 698 282  49 322 308 778  31 286 503 640 639
 662 758 252 760 402 392 344 293 492] - 72147310
Solver: RVND, number of workers: 1
Setting feeder affinity
I am the master. There are 1 mpi processes. (hostname = gpu01)
Roots [<pyDF.nodes.Feeder object at 0x7f24f56ddad0>]
Starting 0
Main loop
I am worker 0
GPU0
set random seed!
Initial: 72147310-[718 149 277 172 410 591 161  70 340 229  23  48  41 770 590 728 234 713
 145 738  29 298 178 433 740  93 478 395 624   3 104 231 295 674 336 429
 190 493 347 686 469 135 403 183  65  52 441  25 665 725 739 558 300 339
 524 694 225 467 335 731 144 405 373 704 211 716 604  69  96 371  78 486
  61 581 430 272 384 205 364 394 502 155 470 283 652 630 685  98  67 314
 122  45 536 240 675 582 649  81 517 592 726 136 320 615 246 745  43 766
 569 497 333 697 625 476 390 607 452 351 515 771 288 352 754  94 573 114
 273 611 353 176 182 319 449 751 189 523 346 175 431 188 125 677  62 354
  97 673 772 670 152 661 349 521 687  26 644 466 313 216 554 248 426 255
 520 574  14 291 341 668 434 160 345 116 187 498 462  17 705 163 317 538
 342  77 242  99  79 727  33  16 676 432 386 198 294 580 212 328  51 610
 531 369 539 191 453 618 755  58 690 303 192 366 270 219 535 154 309 310
 350 141 776 132  83 425  46  54 223 442 657 289 653  38  74 197 378  82
 437 479 612 534 226 589 540 480 372 159 465 553 743  32 249 228 276 528
 377 167 680 406 664 711 609 605 722 420  40 457 629 139  56 484 258 193
 583 128 165 522 177 168 696 123 565 131 732 207 200 267 119 281 230 105
 599 717 450 181 235 600  11 549 724 491 254 358 667 734 102 244 547 327
  95 257 651 284 157 560 537 570 596 468 311 613 209 586 137 729 156 557
 208 774 742 113 464 595 631 779 488 659 367 587 385 733 541 756 637 510
 435 693 213 206 669 636 256 306 648  92 218 174 302 495 185 279 134 562
  47 140 672 151 101 518 623 334  42 262   5 360 516 454 143 737 775 544
 767 419 556 158 355 436 780  86 597 269 598  15 619 699 391 459 507  21
 723  85 382 715 409 393 551  24 301 701 224 173   1   8 496 215 389 440
 127 543 413 444 202 411 312 363 695 577 265 626  89 375  53  63 414  59
 688 658 752 415 321 773  87  28 323 506 616 204 427 602 142 660 749 361
 555 103 447 617 365 357  12 241  50 594 638 504 519 548 196 332 710 227
 243 593 129 324 118 576 443 707  22 315 195 564 396 708 150 117 768 232
 748 614 376 568 380 777 512 482 635  73 404   9 374 550 579 220 166  13
 325 398 501 747 552 632 578  66 120 337 682 485 184 559  18 329 563 171
 684  19 683 292 275 571 461 108 180  88 655 494 545 769 451 542 356 692
 463  91   2 473  44  35 712 601 245 387 111 741 247 700 620 210 666 170
 765 472 641 643 428  76  36 525 446 438 505 477 714 408 526 370 456 423
 764 261 460 169 646  20 679 513 759 287 606 264 781 318 297 253 448  37
 633 575 663 530 383 719 285 721 546 133 359 260 509  34 645 251 763  75
 647 199 753 233 628 148 296 585 368 100 388  80 499 268 782 146 490 445
 634 147 416 316 678 642 274 348 702 401 744 475 691 138  30 689 627 379
 671 112 458 471 278 217 280 271 709 263 455 222  57 720 656 622 343 735
 706 730 588 399 201 326   7 121 299 164 126 500 422 407 421  27 307 621
 130 514 162 681  10 529 439  39 221 400 186 487  55  71 608 746  72 153
 603 110 290   4 567 338   0 203  64 331  90  84 483 566 511 330 107 489
 424 362 266 561 124 508  60 572 239 736 474 417 532 238 250 750 757 259
 762 654 481 236 381 412 533 115  68 650   6 109 703 418 179 584 106 397
 527 214 194 304 237 305 761 698 282  49 322 308 778  31 286 503 640 639
 662 758 252 760 402 392 344 293 492]
Final time: 13.0825769901s - Best: 3409269-[718 706 712 697 721 738 742 731 735 744 759 764 771 760 746 733 737 724
 703 696 682 671 664 658 651 647 670 678 684 679 689 674 690 691 680 656
 648 627 620 606 616 618 612 598 587 577 565 562 551 556 546 539 530 538
 560 568 561 578 597 596 593 585 579 567 575 559 547 532 525 550 533 529
 516 511 507 491 485 462 454 437 421 432 425 429 423 419 407 408 409 418
 416 417 410 390 374 379 385 380 353 335 329 325 317 311 300 309 307 287
 282 281 286 274 261 250 252 218 208 210 211 224 232 231 239 223 207 201
 203 221 226 248 247 273 277 272 275 276 269 265 241 235 238 245 254 229
 204 185 179 171 138 146 154 159 152 161 155 150 151 142 136 132 115 111
 107 104 101  98  84  70  63  76  73  88  94  97  75  93  82  64  80  66
  69  79  99 114 122 116 109  96  87  55  48  51  56  44  36  24  14   0
  16  22   1   6  17  46  52  57  32  11   8   9   2   4  18  29   7  19
  30  35  58  60  67  85  81  61  49  34  21  13  31  15  20  26  25  50
  41  53  71  91 102  92  68  77  89  90 103 112 130 131 140 129 128 123
 120 125 149 143 158 182 187 196 200 212 225 220 228 227 219 202 190 188
 177 191 206 222 213 193 180 176 169 167 173 165 157 144 147 141 121 113
 108  86  74  65  72  59  54  43  23  27  33   3  10  12  37  42  83  78
 100 105 134 133 148 170 192 198 217 233 253 284 279 264 263 246 244 240
 251 260 278 283 295 296 303 308 323 333 341 330 328 340 354 373 368 378
 395 398 393 405 403 412 443 461 460 478 480 502 503 515 522 537 549 545
 548 544 531 566 581 591 594 607 582 584 601 619 622 624 634 642 662 655
 657 676 681 686 716 713 710 711 728 743 752 766 770 774 782 781 763 755
 751 741 740 745 730 729 722 715 707 701 723 750 727 714 702 695 693 669
 646 666 667 675 673 663 672 661 653 652 632 630 638 641 631 628 636 615
 605 592 603 614 617 609 588 604 613 629 635 645 650 665 668 683 660 643
 640 633 626 611 589 517 518 512 514 528 534 535 540 541 555 563 586 602
 608 590 583 599 600 576 569 564 557 574 570 542 526 521 496 495 486 488
 492 513 519 523 552 571 572 558 536 543 527 524 508 501 497 477 467 464
 474 487 479 473 458 445 431 449 439 446 453 450 441 427 420 397 411 402
 414 413 399 401 415 433 436 447 440 434 468 469 463 475 493 504 520 506
 500 499 490 482 476 472 459 455 448 404 391 388 396 406 400 394 383 389
 386 381 355 358 362 351 342 327 312 304 288 301 293 316 318 326 334 343
 357 365 370 364 352 345 349 346 331 315 306 292 290 305 324 338 322 298
 285 266 255 242 267 257 258 249 216 205 189 199 197 178 175 162 168 156
 163 164 172 181 209 236 256 243 259 262 270 271 297 319 336 348 360 361
 377 387 384 367 372 382 363 337 339 347 350 359 321 310 294 302 291 268
 280 289 299 320 332 344 371 369 376 375 392 430 438 456 466 494 484 465
 457 452 442 424 451 444 422 428 435 471 498 510 481 483 505 553 595 623
 639 637 625 610 644 654 659 705 704 677 687 708 717 734 757 775 758 756
 767 778 776 772 773 765 761 769 779 780 762 749 748 726 725 739 747 754
 753 736 732 719 720 698 694 685 709 699 700 688 692 649 580 573 554 509
 489 470 426 366 356 314 313 237 166 153 117 137 127 139 160 186 183 195
 194 174 135 126 106 110 119  62  47  38  28  45  40 124 145 184 214 234
 215 230 118  95  39   5 621 768 777]
Value - initial: 72147310, final: 3409269, improveup: 21.1621054249

data-line;i;72147310;f;3409269;t;13.0825769901;c;-2;fv;[3409269L];cv;-1;imp;21.1621054249;type;rvnd;inum;6;w;1

time;13.0825769901;man_time;0;neigh_time;0
man_time;0;man_merge_sol;0;man_best_sol;0;man_combine_sol;0

Waiting [0]
Terminating workers True 0 0
MPI TERMINATING
