pydf_home: /home/rodolfo/git/Sucuri
simple_pycuda_home: /home/rodolfo/git/simple-pycuda
wamca2016path: /home/rodolfo/git/wamca2016/
localpath: /home/rodolfo/git/dvnd-df/code/dvnd-df/src/
WAMCAPATH:/home/rodolfo/git/wamca2016/
param: {solution_index:3, solution_instance_index:6, multi_gpu:True, goal:False, problem_name:ml, number_of_moves:10, device_count:2, solver:rvnd, mpi_enabled:True, workers:1}
Using already created file:  wamca2016lib.so
Size: 318 - file name: 04_lin318.tsp

Value - initial: 93112980-[183 225 174 251 127 226 212 192 284 236  83 232 264  78 160  60 188  49
  74 178 150 257  97 237 147 158 199 193 171 141   4 162 301 238 227 195
  94 107  69  42 266 275 148   8 176   5 221 252  70 247 210  91 161 294
  72 297 282  25  85 187 172 186 259 273 254 113  54 112  27  73 222 211
  28 213  51 181 306 197 285 287  48  26 118 276 241 152 245  32 249  57
 204 223 260  67 305 312 177  62 185  90  44 263 108  18 250   3 184 180
 145 166 298 169 191 130 190 215 267 103 274  89 121 144  63 278 268  35
 307 234 224 300 128  39 291 182 246 109 170  81 194 281  92  45 134  75
 155 295  55 115  41 119 146 253  37 129 156 293 292  24 228  17 269 296
  38 280  29 240 173  68 153 315 308 220 139 203 216 120 111  99  19 167
 104  76 133  15 283  56 125  50 131 101 230 100 132 217  82  30 102 164
 277 207 219 196  64  34 286 262   2  88   0 302  84 233  14 143 201 208
 114 317  77 310 311 265 290 209 256 159 272 175 235 189 214  12  33 202
  46 258  59 179  61 242 248 168 271 289 149 200 288 136 313  86  53  13
 255 316 110 126 243  31 205 163  87 138 299 261  71 116 154 124 309  23
 135   1  16 137 165  80 140 151  65  58  47 304   9  79  21  10  66 239
  95 157 122 229 270  43  96 198   6 105 123 244  93 303  36 279 231  40
  22 218  52 142 206 314  20  11 106  98 117   7] - 93112980
Solver: RVND, number of workers: 1
Setting feeder affinity
I am the master. There are 1 mpi processes. (hostname = gpu01)
Roots [<pyDF.nodes.Feeder object at 0x7f45a390aad0>]
Starting 0
Main loop
I am worker 0
GPU0
set random seed!
Initial: 93112980-[183 225 174 251 127 226 212 192 284 236  83 232 264  78 160  60 188  49
  74 178 150 257  97 237 147 158 199 193 171 141   4 162 301 238 227 195
  94 107  69  42 266 275 148   8 176   5 221 252  70 247 210  91 161 294
  72 297 282  25  85 187 172 186 259 273 254 113  54 112  27  73 222 211
  28 213  51 181 306 197 285 287  48  26 118 276 241 152 245  32 249  57
 204 223 260  67 305 312 177  62 185  90  44 263 108  18 250   3 184 180
 145 166 298 169 191 130 190 215 267 103 274  89 121 144  63 278 268  35
 307 234 224 300 128  39 291 182 246 109 170  81 194 281  92  45 134  75
 155 295  55 115  41 119 146 253  37 129 156 293 292  24 228  17 269 296
  38 280  29 240 173  68 153 315 308 220 139 203 216 120 111  99  19 167
 104  76 133  15 283  56 125  50 131 101 230 100 132 217  82  30 102 164
 277 207 219 196  64  34 286 262   2  88   0 302  84 233  14 143 201 208
 114 317  77 310 311 265 290 209 256 159 272 175 235 189 214  12  33 202
  46 258  59 179  61 242 248 168 271 289 149 200 288 136 313  86  53  13
 255 316 110 126 243  31 205 163  87 138 299 261  71 116 154 124 309  23
 135   1  16 137 165  80 140 151  65  58  47 304   9  79  21  10  66 239
  95 157 122 229 270  43  96 198   6 105 123 244  93 303  36 279 231  40
  22 218  52 142 206 314  20  11 106  98 117   7]
Final time: 6.06917905807s - Best: 6131433-[183 181 176 171 172 175 182 186 187 188 189  86  87  93  94  99 206 205
 201 200 196 195 197 202 203 199 198 204 311 310 306 305 301 300 294 292
 291 287 293 288 286 281 280 277 276 268 265 264 259 257 254 253 256 260
 263 266 267 262 261 255 252 250 251 246 245 235 234 227 226 225 228 233
 236 229 232 237 239 240 241 238 231 230 312 224 118 117 220 219 216 215
 211 210 108 109 113 112 107 105 106   3   4 110 111 114 115  12  13  16
  15  17  24  25  26  23  18  27  22  19 102  14  20  21  28  29  30  31
  32  35  36  41  40  42  45  51  52  57  56  53  50  46  43  44  47  49
  54  55  58 104  63  72  75  79  85  78  76  71  66  67  70  77  81  82
  83  84  90  91  95  96 100 101  92  97  98  89  88  80  74  73  68  69
  65  64  60  59 163 160 159 154 152 149 153 144  37  38  34  33 136 135
 134 132 127 124 207 133 126 125 119 116 120 121 122 129 130 123 128 131
 137 208 148 151 155 158 161 209 168 177 180 184 185 179 178 173 174 170
 169 164 165 167 166 162 157 156 150 147 145 146 140 141 143 142 139 138
 242 221 212 217 218 214 213 222 223 243 244 247 248 313 249 258 314 273
 282 285 289 290 284 283 278 279 271 272 270 269 317 274 275 296 297 303
 304 309 308 307 299 298 302 295 191 192 194 193 190  62  61 316 315  48
  39 103  11  10   9   6   5   1   0   2   7   8]
Value - initial: 93112980, final: 6131433, improveup: 15.1861693669

data-line;i;93112980;f;6131433;t;6.06917905807;c;-2;fv;[6131433L];cv;-1;imp;15.1861693669;type;rvnd;inum;3;w;1

time;6.06917905807;man_time;0;neigh_time;0
man_time;0;man_merge_sol;0;man_best_sol;0;man_combine_sol;0

Waiting [0]
Terminating workers True 0 0
MPI TERMINATING
