pydf_home: /home/rodolfo/git/Sucuri
simple_pycuda_home: /home/rodolfo/git/simple-pycuda
wamca2016path: /home/rodolfo/git/wamca2016/
localpath: /home/rodolfo/git/dvnd-df/code/dvnd-df/src/
WAMCAPATH:/home/rodolfo/git/wamca2016/
param: {solution_index:6, solution_instance_index:1, multi_gpu:True, goal:False, problem_name:ml, number_of_moves:10, device_count:2, solver:rvnd, mpi_enabled:True, workers:1}
Using already created file:  wamca2016lib.so
Size: 783 - file name: 07_rat784.tsp

Value - initial: 69062473-[284 135 556  95 424 468 592 225 394 515  29 403 393 749 594 162 734  47
  81 685  71 156 532  99 727 198 443  54 165 224  56 644 192  55 560 458
 349 759 519 758 740 528 353 257 363 775 530 434 748 270  85  37 323 123
 401 374  51 538  80 465 210 397 612 386 232 141 606 416 274 233 277 441
 359 550 708 330 643 245 138 770 271 516 213 120 313 118  25 549 518   4
 773 688 640 180 259 275 148 201 696  31  17 418 202 645 131 729 318 297
 174 147 623 144  46 539 395 593 111 599 733 255 280 209 710 665 300 575
 614 666 234 447 506 226 540 229   5 769 525 130 139 320 364 494 196 171
 235 596 388 426 639 351 502 739 485 347  44 119 567 152 228  53 331 627
 738 173 343 256 140 248  74 608 474 445 294 157 186 137 176 558 533 182
 194 143 231 266 489 422 521 498 678 656 108 288 657 338 464 264 700 551
 116 765 586 702 153 316 725 352 694 414 399 723 392 500 754 771 357 669
  35 573 242 712  32 420 206 507 155 239 328 757 555  58  84 653 456 760
 407 457 732 673 221 299  28 720 654 579 451 178 237 772 668 289 200 312
  98 301 524 752 604 630  89 484 160 526 475 692 513 396 167 222 629 436
 253 689 383 355 535 531  75  72 258 117 227 674 433 580 536 469 375 755
 412 378 341 109 273 134 589  20  64 122 609 779 126 260 476  82  43 480
 448 721  13 552 776  92 713  76 104 781 628 523 290 711 557  79 166 179
 597 285 438 417 637 324 317 421 764 215 188 169 576 348 660  14  48 591
  66  15  67 577 398 584   8  61 249 547 610 747 346 652 263 537 616 564
 701 103 390 728 642 292 276 762  21  40 664 684 100 655 425 613 306 679
 646 478 413 569  59 250 726 199 310 309 356 136 750 686 718 252 543 311
 449 385 161   2 244 358 149 345 510 568 697 230  10 129 354 304 367 572
 541 460 145 408 548 327 211 492   7  63 675 283  86 491 183 699 659  36
 121 223 730 410  87 504 470 127 189 114 722 746 402 286 442  24 622  65
 559 142 546   0 254 691 743 220 428  49 368 163 693 112 450 615 319 350
 247 617 362 400 170 477 505 509 583 542 293  73 544 751 214 501 482 724
  68 756 308  77 767 611 690 534 102 106 370 175 334  93 296 125 267 208
 217 461 719 261 605 706 671 744 598 376 512 735 600 307 405 314  34 101
 459 429 561 366 124 110 487 503 360 649 634 633 493  45  96 641 151   1
 453 595  39  91 146 128 439 371 499  22 731 291 490 635 774 340 269 444
 150 406 574  78   3 698 625 578 495 687 742 322 566 315 381 279 709 677
 672 582 753 670 287  57 508 379 218  26 335 714 741 570 777 437 181 190
 342 619 624 177 339 695 618 563 241 389 105 344 216 585 172 571   9 603
 115 427 466 154 236 590 415 193 707  97 382 581 278 486 763 553 780 430
 682 203 265 282   6 663 321 650 745 479 607 647 158 326  33 716 483 520
 496 766 205 440 251 481 462 197  16 587  12 446 529 471 715 602 517 648
 473  50 626 332 384 562 187 272  27 365 522 631  11  83 511 305 212 676
 113 159  41 680 164 514 636 565 337 554 419 185 204  62 404 704 472 302
  18  23 295 661 207 184 380 219 667 545 782 281 467 705  52 431 336 195
 298 423  69 527  70 373  88 620 463 768 497 488  60  30 391 409 238 411
 588 377 454 432 737 369 329 107 662 435 717 303 452 703 372  19 455 191
 601 243  42  38 133  90 658 736  94 268 325 632 168 683 361 333 262 638
 778 246 681 240 651 621 132 761 387] - 69062473
Solver: RVND, number of workers: 1
Setting feeder affinity
I am the master. There are 1 mpi processes. (hostname = gpu01)
Roots [<pyDF.nodes.Feeder object at 0x7f057407cad0>]
Starting 0
Main loop
I am worker 0
GPU0
set random seed!
Initial: 69062473-[284 135 556  95 424 468 592 225 394 515  29 403 393 749 594 162 734  47
  81 685  71 156 532  99 727 198 443  54 165 224  56 644 192  55 560 458
 349 759 519 758 740 528 353 257 363 775 530 434 748 270  85  37 323 123
 401 374  51 538  80 465 210 397 612 386 232 141 606 416 274 233 277 441
 359 550 708 330 643 245 138 770 271 516 213 120 313 118  25 549 518   4
 773 688 640 180 259 275 148 201 696  31  17 418 202 645 131 729 318 297
 174 147 623 144  46 539 395 593 111 599 733 255 280 209 710 665 300 575
 614 666 234 447 506 226 540 229   5 769 525 130 139 320 364 494 196 171
 235 596 388 426 639 351 502 739 485 347  44 119 567 152 228  53 331 627
 738 173 343 256 140 248  74 608 474 445 294 157 186 137 176 558 533 182
 194 143 231 266 489 422 521 498 678 656 108 288 657 338 464 264 700 551
 116 765 586 702 153 316 725 352 694 414 399 723 392 500 754 771 357 669
  35 573 242 712  32 420 206 507 155 239 328 757 555  58  84 653 456 760
 407 457 732 673 221 299  28 720 654 579 451 178 237 772 668 289 200 312
  98 301 524 752 604 630  89 484 160 526 475 692 513 396 167 222 629 436
 253 689 383 355 535 531  75  72 258 117 227 674 433 580 536 469 375 755
 412 378 341 109 273 134 589  20  64 122 609 779 126 260 476  82  43 480
 448 721  13 552 776  92 713  76 104 781 628 523 290 711 557  79 166 179
 597 285 438 417 637 324 317 421 764 215 188 169 576 348 660  14  48 591
  66  15  67 577 398 584   8  61 249 547 610 747 346 652 263 537 616 564
 701 103 390 728 642 292 276 762  21  40 664 684 100 655 425 613 306 679
 646 478 413 569  59 250 726 199 310 309 356 136 750 686 718 252 543 311
 449 385 161   2 244 358 149 345 510 568 697 230  10 129 354 304 367 572
 541 460 145 408 548 327 211 492   7  63 675 283  86 491 183 699 659  36
 121 223 730 410  87 504 470 127 189 114 722 746 402 286 442  24 622  65
 559 142 546   0 254 691 743 220 428  49 368 163 693 112 450 615 319 350
 247 617 362 400 170 477 505 509 583 542 293  73 544 751 214 501 482 724
  68 756 308  77 767 611 690 534 102 106 370 175 334  93 296 125 267 208
 217 461 719 261 605 706 671 744 598 376 512 735 600 307 405 314  34 101
 459 429 561 366 124 110 487 503 360 649 634 633 493  45  96 641 151   1
 453 595  39  91 146 128 439 371 499  22 731 291 490 635 774 340 269 444
 150 406 574  78   3 698 625 578 495 687 742 322 566 315 381 279 709 677
 672 582 753 670 287  57 508 379 218  26 335 714 741 570 777 437 181 190
 342 619 624 177 339 695 618 563 241 389 105 344 216 585 172 571   9 603
 115 427 466 154 236 590 415 193 707  97 382 581 278 486 763 553 780 430
 682 203 265 282   6 663 321 650 745 479 607 647 158 326  33 716 483 520
 496 766 205 440 251 481 462 197  16 587  12 446 529 471 715 602 517 648
 473  50 626 332 384 562 187 272  27 365 522 631  11  83 511 305 212 676
 113 159  41 680 164 514 636 565 337 554 419 185 204  62 404 704 472 302
  18  23 295 661 207 184 380 219 667 545 782 281 467 705  52 431 336 195
 298 423  69 527  70 373  88 620 463 768 497 488  60  30 391 409 238 411
 588 377 454 432 737 369 329 107 662 435 717 303 452 703 372  19 455 191
 601 243  42  38 133  90 658 736  94 268 325 632 168 683 361 333 262 638
 778 246 681 240 651 621 132 761 387]
Final time: 24.5519990921s - Best: 3475231-[284 313 328 340 354 373 368 341 330 303 296 295 263 264 253 233 217 213
 222 206 191 177 173 165 157 188 190 202 219 240 251 244 260 278 283 297
 308 319 323 333 348 360 361 377 378 397 411 426 439 449 464 474 487 492
 488 479 473 486 496 495 521 526 542 557 564 569 576 600 599 583 590 586
 602 608 620 627 648 656 680 690 691 712 706 718 719 736 732 756 758 757
 742 738 731 705 689 679 684 678 670 647 651 658 677 687 708 724 733 737
 703 696 682 671 664 639 637 623 625 610 593 585 579 578 561 553 533 529
 550 567 575 559 547 532 525 510 481 471 435 428 422 444 451 457 452 442
 437 421 432 425 429 423 419 407 408 409 392 376 369 349 346 344 332 320
 306 299 289 292 290 305 315 331 345 352 338 322 318 326 334 343 357 365
 381 386 389 383 362 351 358 355 342 304 312 301 288 269 265 241 235 234
 214 215 185 179 171 138 146 154 159 174 194 195 183 161 155 150 135 110
 106  99  79  69  66  80  64  46  52  57  75  82  93  97  94  88  73  76
 101 104 107 111 115 132 136 142 151 160 186 203 201 207 223 242 248 247
 226 221 230 229 238 245 254 276 275 277 272 273 285 266 255 267 257 258
 239 231 232 249 268 280 291 302 310 294 311 317 325 329 335 359 353 350
 363 382 372 367 384 387 402 414 413 399 401 431 446 453 467 477 497 501
 508 524 527 536 543 531 544 548 545 537 549 573 566 581 591 594 607 619
 622 624 634 642 655 657 662 669 693 702 695 714 727 750 751 741 723 715
 707 701 675 673 667 666 663 649 641 631 628 614 609 617 638 630 653 652
 688 699 700 726 729 730 745 749 762 769 761 748 739 747 765 773 772 776
 778 767 753 754 720 725 709 685 694 698 683 660 668 665 650 645 635 629
 621 606 577 565 562 563 555 540 535 534 528 551 556 587 598 589 597 596
 568 560 538 539 546 530 517 518 512 514 494 491 485 462 454 459 448 455
 456 476 482 490 499 500 506 520 504 493 475 463 469 468 447 436 433 440
 434 438 430 418 416 417 410 390 371 374 379 385 380 347 339 337 336 309
 307 287 270 271 262 259 282 281 300 286 274 256 261 250 252 218 211 210
 208 181 189 205 216 199 197 178 175 162 168 156 163 164 172 149 143 128
 129 140 131 130 144 167 169 176 180 193 198 192 170 148 133 134 105 100
  78  83  74  86 108 113 121 141 147 118 112 103  92  68  77  89  90  95
  72  54  43  59  65  42  37  39   5  12  10   3  33  27  23  26  25  20
  15  31  13  21  34  30  35  19   7  29  18   4   2   9  28  32   8  11
  17   6   1  22  16   0  14  24  36  44  56  51  48  55  87  96 109 116
 122 114 126 152 119 139 127 137 117 125 120 123  81  85  67  84  98  70
  63  58  60  49  61  53  41  50  71  91 102 153 166 158 182 187 196 200
 209 212 220 225 243 228 227 246 237 279 314 356 366 393 403 405 412 398
 395 420 427 441 443 461 460 478 480 489 503 515 522 554 582 584 601 676
 681 686 716 713 710 711 728 743 752 766 770 774 782 781 763 755 740 722
 692 672 661 632 613 604 588 574 570 571 580 603 636 646 615 605 592 572
 558 552 523 541 616 618 612 640 643 659 674 697 721 735 744 759 764 771
 760 777 768 746 734 717 704 654 644 633 626 611 507 511 516 505 484 483
 465 424 400 406 396 388 391 404 472 466 458 513 519 509 502 470 450 445
 415 375 364 370 324 298 316 327 293 204 184 145 124  40  45  62  38  47
 224 236 321 394 498 595 775 779 780]
Value - initial: 69062473, final: 3475231, improveup: 19.8727719107

data-line;i;69062473;f;3475231;t;24.5519990921;c;-2;fv;[3475231L];cv;-1;imp;19.8727719107;type;rvnd;inum;6;w;1

time;24.5519990921;man_time;0;neigh_time;0
man_time;0;man_merge_sol;0;man_best_sol;0;man_combine_sol;0

Waiting [0]
Terminating workers True 0 0
MPI TERMINATING
