pydf_home: /home/rodolfo/git/Sucuri
simple_pycuda_home: /home/rodolfo/git/simple-pycuda
wamca2016path: /home/rodolfo/git/wamca2016/
localpath: /home/rodolfo/git/dvnd-df/code/dvnd-df/src/
WAMCAPATH:/home/rodolfo/git/wamca2016/
param: {solution_index:0, solution_instance_index:40, multi_gpu:True, goal:False, problem_name:ml, number_of_moves:10, device_count:2, solver:rvnd, mpi_enabled:True, workers:1}
Using already created file:  wamca2016lib.so
Size: 52 - file name: 01_berlin52.tsp

Value - initial: 786283-[ 1 40 34 51 46 22 27 32 35  9 41  7 31 25 11 39 19 21 42 13 28 14 23 16 30
 48 10 44 29 43  3 18 38 47 15  4  0 33 49  8 45 24 20 36  5 37 50 17 26 12
  2  6] - 786283
Solver: RVND, number of workers: 1
Setting feeder affinity
I am the master. There are 1 mpi processes. (hostname = gpu01)
Roots [<pyDF.nodes.Feeder object at 0x7f33fa4a8ad0>]
Starting 0
Main loop
I am worker 0
GPU0
set random seed!
Initial: 786283-[ 1 40 34 51 46 22 27 32 35  9 41  7 31 25 11 39 19 21 42 13 28 14 23 16 30
 48 10 44 29 43  3 18 38 47 15  4  0 33 49  8 45 24 20 36  5 37 50 17 26 12
  2  6]
Final time: 1.34801793098s - Best: 143714-[ 1  6 41 20 22 19 49 15 43 33 34 35 38 39 37 47 23  4 14  5  3 24 45 36 48
 31  0 21 30 17  2 44 18 40  7  8  9 42 11 50 10 27 25 26 12 51 13 46 28 29
 16 32]
Value - initial: 786283, final: 143714, improveup: 5.47116495261

data-line;i;786283;f;143714;t;1.34801793098;c;-2;fv;[143714L];cv;-1;imp;5.47116495261;type;rvnd;inum;0;w;1

time;1.34801793098;man_time;0;neigh_time;0
man_time;0;man_merge_sol;0;man_best_sol;0;man_combine_sol;0

Waiting [0]
Terminating workers True 0 0
MPI TERMINATING
