pydf_home: /home/rodolfo/git/Sucuri
simple_pycuda_home: /home/rodolfo/git/simple-pycuda
wamca2016path: /home/rodolfo/git/wamca2016/
localpath: /home/rodolfo/git/dvnd-df/code/dvnd-df/src/
WAMCAPATH:/home/rodolfo/git/wamca2016/
param: {solution_index:7, solution_instance_index:52, multi_gpu:True, goal:False, problem_name:ml, number_of_moves:10, device_count:2, solver:rvnd, mpi_enabled:True, workers:1}
Using already created file:  wamca2016lib.so
Size: 1001 - file name: 08_TRP-S1000-R1.tsp

Value - initial: 129806630-[  1 259  53 ..., 661  28 422] - 129806630
Solver: RVND, number of workers: 1
Setting feeder affinity
I am the master. There are 1 mpi processes. (hostname = gpu01)
Roots [<pyDF.nodes.Feeder object at 0x7f5d0b80fad0>]
Starting 0
Main loop
I am worker 0
GPU0
set random seed!
Initial: 129806630-[  1 259  53 ..., 661  28 422]
Final time: 21.5246670246s - Best: 5456121-[  1 374 536 ..., 518 174  92]
Value - initial: 129806630, final: 5456121, improveup: 23.7910101334

data-line;i;129806630;f;5456121;t;21.5246670246;c;-2;fv;[5456121L];cv;-1;imp;23.7910101334;type;rvnd;inum;7;w;1

time;21.5246670246;man_time;0;neigh_time;0
man_time;0;man_merge_sol;0;man_best_sol;0;man_combine_sol;0

Waiting [0]
Terminating workers True 0 0
MPI TERMINATING
