pydf_home: /home/rodolfo/git/Sucuri
simple_pycuda_home: /home/rodolfo/git/simple-pycuda
wamca2016path: /home/rodolfo/git/wamca2016/
localpath: /home/rodolfo/git/dvnd-df/code/dvnd-df/src/
WAMCAPATH:/home/rodolfo/git/wamca2016/
param: {solution_index:4, solution_instance_index:49, multi_gpu:True, goal:False, problem_name:ml, number_of_moves:10, device_count:2, solver:rvnd, mpi_enabled:True, workers:1}
Using already created file:  wamca2016lib.so
Size: 501 - file name: 05_TRP-S500-R1.tsp

Value - initial: 32204602-[ 53 223 360  26 376 189 425 100 474 157 487 128 104 185  94  10 197 353
  28 268 292  48 167 143 419 105 348 267   6 272 237 282 111 269 155 464
 287 222 137 381 240 341 359 288 125 258 493  64 336  40  61 418 371 201
 264 199 284 198 233 279 481 230  18 462 449 156 212  95 475 169 363  22
 312 295 165 127 148 498   9 181   1 431 390 364 110 394 398 229 186 417
 470 187 311 281  71 207 393 467 306 251 119  21 473  38 427  52 302 283
 331  36 489 476 113 338  35 228 115 399 350 332 404 107 303  62  60 126
 172  85 253 447  54 410 280  47 310 469  16 441 389   3 340  30 256 448
 120 379  88 451 400 335 296 136 456  43 231 324 495 424 135 211 406 385
 209 334 242  77 220  97 401 499 426 460 134 130  37 423 433  12 173 369
 396 362  73  76 114 485  27 221 346 152 457  51 206 252 183 204 289 214
 182 191 243 408 436  15 139 208 444 160 372 176 216  69 373 305 194 263
 416 374 344 238 471 397 421 486  45 354  31 109 225 443 122 193 168 112
 326 452 458  24 392 301 365 330 319 205 479  50 291  96 420  70 454  65
 177  92 483 414 101 337 262  89 377 132 170   0 149 402 244  74 151 484
 321 440 250  46  91 322 405  33 163  90 307 323 388 159 490  93  34  68
 356  57 121 192 384 171 174 255 117 161  98  99 166 378 298 387 412  78
  86 442 144 248  44 308  72 249 352 254 472 300 261  14  58 290 153 103
 195 196 355 380 349 227 409   4 407 453 145 116  23 273 315 146 202 294
 382 339 343 488 239 178  39  63 188 180 297 286 461 271 184 140 150 102
 391 277 437 413 466 131 463 190 468 232 285 429 200 129 259 257  13 318
 270  56 450 329 226 108 375 138 327 366  67 333  25 247 245  49 434 361
  59 351 432 266 368 260  79 275  55 293 224 124 147 299 278  75 357  83
 304 358  41 164 435 480   8 383 241 455   5 395 215 497  81 459 325 210
   7  20 320 123 494 477 492 328 235   2 500  32 234 106  29 422 141 482
 445  42 386 439 314  11 218 316 342  17 133 162 213 428 345 370 118 265
 496 276 465 236 446 478 217 274 438 154 219 411 347  66 415  84 430 309
  82  19 158 246  80 491 142 175 317 367 203 313 403 179  87] - 32204602
Solver: RVND, number of workers: 1
Setting feeder affinity
I am the master. There are 1 mpi processes. (hostname = gpu01)
Roots [<pyDF.nodes.Feeder object at 0x7f32debc2ad0>]
Starting 0
Main loop
I am worker 0
GPU0
set random seed!
Initial: 32204602-[ 53 223 360  26 376 189 425 100 474 157 487 128 104 185  94  10 197 353
  28 268 292  48 167 143 419 105 348 267   6 272 237 282 111 269 155 464
 287 222 137 381 240 341 359 288 125 258 493  64 336  40  61 418 371 201
 264 199 284 198 233 279 481 230  18 462 449 156 212  95 475 169 363  22
 312 295 165 127 148 498   9 181   1 431 390 364 110 394 398 229 186 417
 470 187 311 281  71 207 393 467 306 251 119  21 473  38 427  52 302 283
 331  36 489 476 113 338  35 228 115 399 350 332 404 107 303  62  60 126
 172  85 253 447  54 410 280  47 310 469  16 441 389   3 340  30 256 448
 120 379  88 451 400 335 296 136 456  43 231 324 495 424 135 211 406 385
 209 334 242  77 220  97 401 499 426 460 134 130  37 423 433  12 173 369
 396 362  73  76 114 485  27 221 346 152 457  51 206 252 183 204 289 214
 182 191 243 408 436  15 139 208 444 160 372 176 216  69 373 305 194 263
 416 374 344 238 471 397 421 486  45 354  31 109 225 443 122 193 168 112
 326 452 458  24 392 301 365 330 319 205 479  50 291  96 420  70 454  65
 177  92 483 414 101 337 262  89 377 132 170   0 149 402 244  74 151 484
 321 440 250  46  91 322 405  33 163  90 307 323 388 159 490  93  34  68
 356  57 121 192 384 171 174 255 117 161  98  99 166 378 298 387 412  78
  86 442 144 248  44 308  72 249 352 254 472 300 261  14  58 290 153 103
 195 196 355 380 349 227 409   4 407 453 145 116  23 273 315 146 202 294
 382 339 343 488 239 178  39  63 188 180 297 286 461 271 184 140 150 102
 391 277 437 413 466 131 463 190 468 232 285 429 200 129 259 257  13 318
 270  56 450 329 226 108 375 138 327 366  67 333  25 247 245  49 434 361
  59 351 432 266 368 260  79 275  55 293 224 124 147 299 278  75 357  83
 304 358  41 164 435 480   8 383 241 455   5 395 215 497  81 459 325 210
   7  20 320 123 494 477 492 328 235   2 500  32 234 106  29 422 141 482
 445  42 386 439 314  11 218 316 342  17 133 162 213 428 345 370 118 265
 496 276 465 236 446 478 217 274 438 154 219 411 347  66 415  84 430 309
  82  19 158 246  80 491 142 175 317 367 203 313 403 179  87]
Final time: 11.0391838551s - Best: 2020638-[ 53 107  23 283  11 314 401 127 482   9 474 446 130  37 289 188 267 476
  34 371 456 465  24 462 442 399 423 361  56 495 241 461 493 429 397 498
 374 323 173 315 424 400 153  63 271 150   0  18 452 235 478 137 263 297
 328 196 372 251 140 453  42 163 309 285  43 185  55 292 299 202 278  21
 413  86 376 139 272 104 313 280 296  61 390   8 149 224 282 276 171 444
 217  41 469  32  80  84 463  48 113 169 121 321 258 135 106 353 287 154
 230 468 394 195 174 146  38 436 382 419 431 181  82 358 416 345 221 421
 496 325  67  81 362  62 420 266  76 346 422 437 326 210 124 277 352  13
 379  35 368 497 176 409 318  74 427 408 359 132 103 240 331 483 214  64
 418 143 259 125 398 110  85 220 264 490 101  27 491 244 441 225 472 199
 122 340 443 260 108 405 147 455 435 367  57 404 157 201 467 485 141 448
 190 255  95 354 207 365 487  25 475  90 187 473 412  79  14 484 391 161
 333  75 312 426 250 227 298 245 274 370 388  68 308  72 268 336 102 460
 479 216 208 380 301 330  44 373 179 116 344 303 348  19 243 451 233 211
  94 332 386 395 262  73 417  78 166  98 186 257  46 249 342 256 375 231
 454 145 355 428 334 151 126 205 392 254 253 402 294 128  54  20 156 407
 269 191 165 291 432 449 350 415 338 295 131  92 170  26 189  50 168   2
 488 377 369 450 311 324 162  66 209 389  29  47 180 396  77 100 433 343
 219 118 261 499  60 347  45 383 319  28 182 351 305 481 117 167 393 273
 434  36 119 459   4 223  30 410 175 385 138 177  96  15 440  65 366  49
 148 477 322 120 218 494 430 288  97 237 304 306 293 212 302  52 248   6
 152 438  16 215 447 411 403 160 439 129 239 226 457 381 238 265  69 281
 203 290  99  93 466 155 307  70 275  12  89 204 109 387 349 279 317 270
 229 489 320 310 360 164 198 464 339  59  83   7 445 111  39 246   5 356
 236 142 112 193  88 232 364  71 158 184 234 242 500 194  31 105  10 378
 183   1  17 114 480 300 384 144  40 252 357 206  58 406 414 341 337 286
 213 172 335 200  22 470 136  33   3 178 284 329 458 247 316 471 115 425
 197 228 159  51 134 133 492 363 222 327 192 123  91 486  87]
Value - initial: 32204602, final: 2020638, improveup: 15.9378384451

data-line;i;32204602;f;2020638;t;11.0391838551;c;-2;fv;[2020638L];cv;-1;imp;15.9378384451;type;rvnd;inum;4;w;1

time;11.0391838551;man_time;0;neigh_time;0
man_time;0;man_merge_sol;0;man_best_sol;0;man_combine_sol;0

Waiting [0]
Terminating workers True 0 0
MPI TERMINATING
