pydf_home: /home/rodolfo/git/Sucuri
simple_pycuda_home: /home/rodolfo/git/simple-pycuda
wamca2016path: /home/rodolfo/git/wamca2016/
localpath: /home/rodolfo/git/dvnd-df/code/dvnd-df/src/
WAMCAPATH:/home/rodolfo/git/wamca2016/
param: {solution_index:2, solution_instance_index:36, multi_gpu:True, goal:False, problem_name:ml, number_of_moves:10, device_count:2, solver:rvnd, mpi_enabled:True, workers:1}
Using already created file:  wamca2016lib.so
Size: 226 - file name: 03_pr226.tsp

Value - initial: 189262024-[ 72  61 161 119   6  29  77 138 136  89  39  79  47 225 222  56 159 105
 173  28 194  85 139   0 104 177 125  23 190  97  37  92  27  31  52 215
 179  58 192 185  42 124 126  94  54 114 166 153 113 175  67 127 198 186
 223 111 217  10  76 121  88 150 208 184 131 221 216 218 211 181  73 115
  34 220 116 169 164  35  14 209 196   2 203   9 147 155 178 160 151  19
 193  64  84  62 144 165 197  82  20 107  51  12  60   8 205  38 128  96
 112 206 201 170 171  17 200 182  65 101 158 143  99  41  49 162  87   1
 146  95  43 213 195  24 189 168  21 130  90  25 157 187 118  59 122  66
 214 102 183 148 204 145  53  70   4  86  22  13  50  32 100 174 110  80
 188 103  18  91 123  63  30  83 120 207 142  45   5  78 199 108 224  93
  81 180  16  44  55 106 191  48  36 152  75 176 202   7 109  40 133  98
 149   3 141 154  26 212 167 129 210  68 140  71 134 156 117 135 172  74
 137 132  57  69  33 163  46  15  11 219] - 189262024
Solver: RVND, number of workers: 1
Setting feeder affinity
I am the master. There are 1 mpi processes. (hostname = gpu01)
Roots [<pyDF.nodes.Feeder object at 0x7f8912ff1ad0>]
Starting 0
Main loop
I am worker 0
GPU0
set random seed!
Initial: 189262024-[ 72  61 161 119   6  29  77 138 136  89  39  79  47 225 222  56 159 105
 173  28 194  85 139   0 104 177 125  23 190  97  37  92  27  31  52 215
 179  58 192 185  42 124 126  94  54 114 166 153 113 175  67 127 198 186
 223 111 217  10  76 121  88 150 208 184 131 221 216 218 211 181  73 115
  34 220 116 169 164  35  14 209 196   2 203   9 147 155 178 160 151  19
 193  64  84  62 144 165 197  82  20 107  51  12  60   8 205  38 128  96
 112 206 201 170 171  17 200 182  65 101 158 143  99  41  49 162  87   1
 146  95  43 213 195  24 189 168  21 130  90  25 157 187 118  59 122  66
 214 102 183 148 204 145  53  70   4  86  22  13  50  32 100 174 110  80
 188 103  18  91 123  63  30  83 120 207 142  45   5  78 199 108 224  93
  81 180  16  44  55 106 191  48  36 152  75 176 202   7 109  40 133  98
 149   3 141 154  26 212 167 129 210  68 140  71 134 156 117 135 172  74
 137 132  57  69  33 163  46  15  11 219]
Final time: 3.30724811554s - Best: 8210344-[ 72  73  74  75  76  77  78  79  80  81  82  83  84  85   1   2   3   4
   5   6   8   9  13  14  10  11  12  70  67  66  64  50  49  21  22  23
  24  25  26  28  29  33  34  30  31  32  47  48  51  52  53  54  55  56
  57  58  59  60  61  62  63 102 110 111 104 103 112 113 105 106 114 115
 107 108 116 117 109 118 125 127 119 120 126 128 121 122 130 129 123 131
 124 225 224 223 222 221 220 219 218 217 216 215 214 213 212 211 210 209
 208 207 206 205 204 203 202 201 200 199 198 197 196 195 194 193 192 191
 190 189 188 187 186 185 184 183 182 181 180 179 178 177 176 175 174 173
 172 171 170 169 168 167 166 165 164 163 162 161 160 159 158 157 156 155
 154 153 152 151 150 147 149 142 141 140 148 146 139 138 144 145 137 136
 143  93 101 100  92  91  99  98  90  89  97  96  87  88  95  94  86  42
  41  38  37  36  43  46  45  44  35  27  20  19  18  17  16  15   7   0
  71  68  69  65 132 133 134 135  40  39]
Value - initial: 189262024, final: 8210344, improveup: 23.0516558137

data-line;i;189262024;f;8210344;t;3.30724811554;c;-2;fv;[8210344L];cv;-1;imp;23.0516558137;type;rvnd;inum;2;w;1

time;3.30724811554;man_time;0;neigh_time;0
man_time;0;man_merge_sol;0;man_best_sol;0;man_combine_sol;0

Waiting [0]
Terminating workers True 0 0
MPI TERMINATING
