pydf_home: /home/rodolfo/git/Sucuri
simple_pycuda_home: /home/rodolfo/git/simple-pycuda
wamca2016path: /home/rodolfo/git/wamca2016/
localpath: /home/rodolfo/git/dvnd-df/code/dvnd-df/src/
WAMCAPATH:/home/rodolfo/git/wamca2016/
param: {solution_index:0, solution_instance_index:16, multi_gpu:True, goal:False, problem_name:ml, number_of_moves:10, device_count:2, solver:rvnd, mpi_enabled:True, workers:1}
Using already created file:  wamca2016lib.so
Size: 52 - file name: 01_berlin52.tsp

Value - initial: 728377-[31 17 16 34 38 35 43 27 50 21  8  5 14  6  9 10 15 40  3 37 19 39  4 29 24
 32 13 41 46  2 51 20 33 23 44 36 47  7 11 49 30 28  0 45 25 12 42 26 18  1
 22 48] - 728377
Solver: RVND, number of workers: 1
Setting feeder affinity
I am the master. There are 1 mpi processes. (hostname = gpu01)
Roots [<pyDF.nodes.Feeder object at 0x7fa5e1f94ad0>]
Starting 0
Main loop
I am worker 0
GPU0
set random seed!
Initial: 728377-[31 17 16 34 38 35 43 27 50 21  8  5 14  6  9 10 15 40  3 37 19 39  4 29 24
 32 13 41 46  2 51 20 33 23 44 36 47  7 11 49 30 28  0 45 25 12 42 26 18  1
 22 48]
Final time: 1.34068107605s - Best: 145601-[31 21  0 33 34 35 38 39 36 37 47 23  4 14  5  3 24 45 43 15 28 49 19 22 29
  1  6 41 20 16  2 17 30 44 18 40  7  8  9 42 11 27 26 25 46 12 13 51 10 50
 32 48]
Value - initial: 728377, final: 145601, improveup: 5.00255492751

data-line;i;728377;f;145601;t;1.34068107605;c;-2;fv;[145601L];cv;-1;imp;5.00255492751;type;rvnd;inum;0;w;1

time;1.34068107605;man_time;0;neigh_time;0
man_time;0;man_merge_sol;0;man_best_sol;0;man_combine_sol;0

Waiting [0]
Terminating workers True 0 0
MPI TERMINATING
