pydf_home: /home/rodolfo/git/Sucuri
simple_pycuda_home: /home/rodolfo/git/simple-pycuda
wamca2016path: /home/rodolfo/git/wamca2016/
localpath: /home/rodolfo/git/dvnd-df/code/dvnd-df/src/
WAMCAPATH:/home/rodolfo/git/wamca2016/
param: {solution_index:0, solution_instance_index:72, multi_gpu:True, goal:False, problem_name:ml, number_of_moves:10, device_count:2, solver:rvnd, mpi_enabled:True, workers:1}
Using already created file:  wamca2016lib.so
Size: 52 - file name: 01_berlin52.tsp

Value - initial: 813116-[37 11 28 12  9  6  5 36 24 47 30 26 20 39 35 17 42 34 48 22 13 14  7 16 44
 38 10 41 19 40 25  0  8 51 27 18 29 15 31 45  1 23  2 21 33 43 46  4 49 32
  3 50] - 813116
Solver: RVND, number of workers: 1
Setting feeder affinity
I am the master. There are 1 mpi processes. (hostname = gpu01)
Roots [<pyDF.nodes.Feeder object at 0x7f7176003ad0>]
Starting 0
Main loop
I am worker 0
GPU0
set random seed!
Initial: 813116-[37 11 28 12  9  6  5 36 24 47 30 26 20 39 35 17 42 34 48 22 13 14  7 16 44
 38 10 41 19 40 25  0  8 51 27 18 29 15 31 45  1 23  2 21 33 43 46  4 49 32
  3 50]
Final time: 1.35840201378s - Best: 156376-[37 23 14  4  5  3 24 47 36 39 35 38 33 34 48 31  0 21 17 30 20 22 49 19 29
 41  1  6 16  2 18 40  7  9  8 44 43 15 45 28 46 26 27 25 12 13 51 10 11 50
 32 42]
Value - initial: 813116, final: 156376, improveup: 5.19974932215

data-line;i;813116;f;156376;t;1.35840201378;c;-2;fv;[156376L];cv;-1;imp;5.19974932215;type;rvnd;inum;0;w;1

time;1.35840201378;man_time;0;neigh_time;0
man_time;0;man_merge_sol;0;man_best_sol;0;man_combine_sol;0

Waiting [0]
Terminating workers True 0 0
MPI TERMINATING
