pydf_home: /home/rodolfo/git/Sucuri
simple_pycuda_home: /home/rodolfo/git/simple-pycuda
wamca2016path: /home/rodolfo/git/wamca2016/
localpath: /home/rodolfo/git/dvnd-df/code/dvnd-df/src/
WAMCAPATH:/home/rodolfo/git/wamca2016/
param: {solution_index:3, solution_instance_index:49, multi_gpu:True, goal:False, problem_name:ml, number_of_moves:10, device_count:2, solver:rvnd, mpi_enabled:True, workers:1}
Using already created file:  wamca2016lib.so
Size: 318 - file name: 04_lin318.tsp

Value - initial: 90940857-[299 108 260 199 277 153 240  59 312  78 117  64 152 174 222 118   4 101
  69 315  89  13 280  88  60  72 230 185 268  94 123  81  33 168 264 193
  43  61 161 311 160 305  32 110 169  40  54 157 140 128  25 181  34 201
  62 119  53 150 283   3 112 154  96 242 146 233 271  28 261  17 183 238
 236  66  58 212 253 143 289   7  71 255 218 243  22 207 164 122 190  19
 275 308 257 200 189  48  35 247 209 228  65 295 309 293  44 234  56 270
   2  46  45 132  42  97 258 107 187  55  93 151 147 167  83  41 106  57
  11 137  51 231 251 116 206 259 307 111 204  63 214 245 159 135 244 220
 148   9 156 237 286 158  38 287  90 215 216 219  18  15  77 246  50 262
 179 302 221  37  16 210 229 177 296 241 291  82  20   6 278 127 138  47
 267 225 134 249 310 235 124  79 279  29 170 166  27 176 239 129 196 114
  14 121 269 282 175 294 254  36  12 297  70 163  23 145  75 224 192 303
 173  98  31  52 266  87 217 105 292  99 188 149 104 281 125 226 120   1
 316 136 205 197 180 232 130 304 284  91  74 115 133 256 155  39 213  10
 195 182  67 198 298 144   8  30 203  84 300 139 285  21  68 102 131 272
 141  95  49   0  86 211 165 208 274 250 265 113 171 301  92  26 306 191
 184  76 276 314 273 290 103 186  73  24 109  80 263 178 142 313 172 126
   5  85 162 227 248 100 194 252 202 288 223 317] - 90940857
Solver: RVND, number of workers: 1
Setting feeder affinity
I am the master. There are 1 mpi processes. (hostname = gpu01)
Roots [<pyDF.nodes.Feeder object at 0x7fe512f58ad0>]
Starting 0
Main loop
I am worker 0
GPU0
set random seed!
Initial: 90940857-[299 108 260 199 277 153 240  59 312  78 117  64 152 174 222 118   4 101
  69 315  89  13 280  88  60  72 230 185 268  94 123  81  33 168 264 193
  43  61 161 311 160 305  32 110 169  40  54 157 140 128  25 181  34 201
  62 119  53 150 283   3 112 154  96 242 146 233 271  28 261  17 183 238
 236  66  58 212 253 143 289   7  71 255 218 243  22 207 164 122 190  19
 275 308 257 200 189  48  35 247 209 228  65 295 309 293  44 234  56 270
   2  46  45 132  42  97 258 107 187  55  93 151 147 167  83  41 106  57
  11 137  51 231 251 116 206 259 307 111 204  63 214 245 159 135 244 220
 148   9 156 237 286 158  38 287  90 215 216 219  18  15  77 246  50 262
 179 302 221  37  16 210 229 177 296 241 291  82  20   6 278 127 138  47
 267 225 134 249 310 235 124  79 279  29 170 166  27 176 239 129 196 114
  14 121 269 282 175 294 254  36  12 297  70 163  23 145  75 224 192 303
 173  98  31  52 266  87 217 105 292  99 188 149 104 281 125 226 120   1
 316 136 205 197 180 232 130 304 284  91  74 115 133 256 155  39 213  10
 195 182  67 198 298 144   8  30 203  84 300 139 285  21  68 102 131 272
 141  95  49   0  86 211 165 208 274 250 265 113 171 301  92  26 306 191
 184  76 276 314 273 290 103 186  73  24 109  80 263 178 142 313 172 126
   5  85 162 227 248 100 194 252 202 288 223 317]
Final time: 3.52182102203s - Best: 5923193-[299 298 290 284 283 279 278 282 285 289 288 286 281 276 277 280 287 291
 292 293 294 191 192 300 301 305 306 310 311 204 198 199 194 193 185 179
 178 174 173 177 180 184 176 181 183 188 189 187 186 182 175 172 171 168
 166 167 162 157 156 150 147 145 146 143 142 249 258 265 264 259 257 254
 253 256 260 263 266 267 262 261 255 252 250 251 246 245 235 234 227 226
 225 228 233 236 229 232 237 239 240 241 238 231 230 312 224 220 219 216
 215 211 210 108 109 117 118 121 120 122 129 130 131 128 123 124 127 132
 134 135 136 133 126 125 207 119 115 114 111 110 106 105   3   4   8   7
   2   0   1   5   6   9  10  14 102  20  21  28  31  30  29  27  22  19
  18  23  26  32 103  44  47  49  54  55  56  53  50  46  43  40  42  45
  51  52  57  62  61  63  66  67  70  77  81  82  84  83  71  76  78  85
  79  75  72  68  69  73  74  80  89  88  92  90  91  95  96 100 101  97
  98  94  93  99 206 205 201 200 196 195  87  86  65  64  60  59 163 209
 160 159 154 153 144 149 152 161 158 155 151 148 208 141 140 137  33  34
  37  38  41 104  58 316 315  48  39  35  36  25  24  17  15  16  13  12
 116 107 112 113 221 212 217 218 214 213 222 223 243 244 247 248 317 269
 270 274 275 296 297 303 304 309 308 307 302 295 273 169 170 165 164 268
 314 271 272 313 242 138 139 190 197 202 203  11]
Value - initial: 90940857, final: 5923193, improveup: 15.353350296

data-line;i;90940857;f;5923193;t;3.52182102203;c;-2;fv;[5923193L];cv;-1;imp;15.353350296;type;rvnd;inum;3;w;1

time;3.52182102203;man_time;0;neigh_time;0
man_time;0;man_merge_sol;0;man_best_sol;0;man_combine_sol;0

Waiting [0]
Terminating workers True 0 0
MPI TERMINATING
