pydf_home: /home/rodolfo/git/Sucuri
simple_pycuda_home: /home/rodolfo/git/simple-pycuda
wamca2016path: /home/rodolfo/git/wamca2016/
localpath: /home/rodolfo/git/dvnd-df/code/dvnd-df/src/
WAMCAPATH:/home/rodolfo/git/wamca2016/
param: {solution_index:7, solution_instance_index:33, multi_gpu:True, goal:False, problem_name:ml, number_of_moves:10, device_count:2, solver:rvnd, mpi_enabled:True, workers:1}
Using already created file:  wamca2016lib.so
Size: 1001 - file name: 08_TRP-S1000-R1.tsp

Value - initial: 131408055-[773 200 645 ..., 147 616 541] - 131408055
Solver: RVND, number of workers: 1
Setting feeder affinity
I am the master. There are 1 mpi processes. (hostname = gpu01)
Roots [<pyDF.nodes.Feeder object at 0x7f323bd25ad0>]
Starting 0
Main loop
I am worker 0
GPU0
set random seed!
Initial: 131408055-[773 200 645 ..., 147 616 541]
Final time: 19.3022298813s - Best: 5520211-[773 297 315 ..., 421 347 518]
Value - initial: 131408055, final: 5520211, improveup: 23.8048971316

data-line;i;131408055;f;5520211;t;19.3022298813;c;-2;fv;[5520211L];cv;-1;imp;23.8048971316;type;rvnd;inum;7;w;1

time;19.3022298813;man_time;0;neigh_time;0
man_time;0;man_merge_sol;0;man_best_sol;0;man_combine_sol;0

Waiting [0]
Terminating workers True 0 0
MPI TERMINATING
