pydf_home: /home/rodolfo/git/Sucuri
simple_pycuda_home: /home/rodolfo/git/simple-pycuda
wamca2016path: /home/rodolfo/git/wamca2016/
localpath: /home/rodolfo/git/dvnd-df/code/dvnd-df/src/
WAMCAPATH:/home/rodolfo/git/wamca2016/
param: {solution_index:0, solution_instance_index:18, multi_gpu:True, goal:False, problem_name:ml, number_of_moves:10, device_count:2, solver:rvnd, mpi_enabled:True, workers:1}
Using already created file:  wamca2016lib.so
Size: 52 - file name: 01_berlin52.tsp

Value - initial: 769729-[19  5 11 15 34 29 17 27  4 41  7 16  1 40 22  9 21 49 25  6 28 42  3  0 18
 20 12 32  8 44 24 33 13 39 14 23 51 47 10 46 38  2 45 48 30 26 31 36 43 50
 37 35] - 769729
Solver: RVND, number of workers: 1
Setting feeder affinity
I am the master. There are 1 mpi processes. (hostname = gpu01)
Roots [<pyDF.nodes.Feeder object at 0x7f62ea481ad0>]
Starting 0
Main loop
I am worker 0
GPU0
set random seed!
Initial: 769729-[19  5 11 15 34 29 17 27  4 41  7 16  1 40 22  9 21 49 25  6 28 42  3  0 18
 20 12 32  8 44 24 33 13 39 14 23 51 47 10 46 38  2 45 48 30 26 31 36 43 50
 37 35]
Final time: 0.673675060272s - Best: 146167-[19 49 22 30 17 21  0 31 48 35 34 33 38 39 36 37 47 23  4 14  5  3 24 11 27
 26 25 45 43 15 28 29 41  1  6 20 16  2 18 44 40  7  8  9 42 32 50 10 46 12
 13 51]
Value - initial: 769729, final: 146167, improveup: 5.26609289374

data-line;i;769729;f;146167;t;0.673675060272;c;-2;fv;[146167L];cv;-1;imp;5.26609289374;type;rvnd;inum;0;w;1

time;0.673675060272;man_time;0;neigh_time;0
man_time;0;man_merge_sol;0;man_best_sol;0;man_combine_sol;0

Waiting [0]
Terminating workers True 0 0
MPI TERMINATING
