pydf_home: /home/rodolfo/git/Sucuri
simple_pycuda_home: /home/rodolfo/git/simple-pycuda
wamca2016path: /home/rodolfo/git/wamca2016/
localpath: /home/rodolfo/git/dvnd-df/code/dvnd-df/src/
WAMCAPATH:/home/rodolfo/git/wamca2016/
param: {solution_index:4, solution_instance_index:39, multi_gpu:True, goal:False, problem_name:ml, number_of_moves:10, device_count:2, solver:rvnd, mpi_enabled:True, workers:1}
Using already created file:  wamca2016lib.so
Size: 501 - file name: 05_TRP-S500-R1.tsp

Value - initial: 33197205-[138 157 453 422   7 180 376  23 452 296 162 237 133  74 151 378 485 163
 494 218  70 310  88 243 457 324 410 118 232 382 385 428  17  27 128 337
 436 449  18 126 418 117 149 152 450  89 286  81 412 411  96  46 499 156
 101 250 203 264   2  94 440 302 416 226 331 432 228  41  35 229 256 313
  67 150 211 355 195 335 221 201 248  28 217 259 244 465 395 351 127 109
 346 241  55 245  26 174 188 304 393  12 327 159 148 397 340 332 458 345
 468 392  63 249 146 500 423 454 193 251 291 366 166 233 213 120 487  82
 396  47 309 278 415  37 288 240  38 448 459 198 176 357 497 230  36 100
 106  68 168   0 246 212 474  87 307 403 320 426  84 301 160 463 141 136
 164 182 222 424  76 330 439 267 135  66 270 482 172 315 348 145 300  62
 400 223  31 285 283  32 205 473 125 435 194 271 279 456 375 236 475 173
 224 260 427 215 292 446  73 384 305   4   3 430 365 352 360 467 281 186
 181 371 143 336 420 326 367 466 451 190 361 231 339  29 316 254 284 484
 334 349 394 252  56 431 319 179 111 444 261 116  24 472 102 390 364 275
 437  33  11 369 404 447  13   9 132  99 154 158 124 268 295 155 460 408
 104 257  69 220 238 470 381 122 191 153 344 462 486  10 266 488 170 253
 492 214 103 134 314 391 219  77 321 255   8 129 274  15  52  79 200 464
 479  83  91  34  58 265 294 480 239  49 131  43 372 299 235 350 303 478
 356  78 280 323 187 438   5 338 308  16 114 498  19 387 386 287 175 383
 113 359  39  48 443 328 171  86 471 318 347 380 234  90 276 401 373 165
  21 433 169 290  93 263 204 196 297 140 329 293 455 389 370 298 419  97
 208 306 105 421  44  50 272 362 108 406 425  53 358  64 123 495  95 273
 130 144 225  71 189 414 342 185  25   6  72 476  14 388 121 377 441 402
 227 197 469 483 322 312 354 192 242 258 147  40 429 493 247 184 282 178
 407 199 374 399 491  65 413  61 209 398 341 496 161  59 477 379  92 207
 110 183 277 317 119 210  54 137 216  60 107 142  45 368  42   1 333  85
 363 445  80  30 461 434 490 269 311 489 409  51 353 206  57 481 139 202
 112 417 262  22 167 115 325 289  75 343 442 405  20  98 177] - 33197205
Solver: RVND, number of workers: 1
Setting feeder affinity
I am the master. There are 1 mpi processes. (hostname = gpu01)
Roots [<pyDF.nodes.Feeder object at 0x7ff5e6fc5ad0>]
Starting 0
Main loop
I am worker 0
GPU0
set random seed!
Initial: 33197205-[138 157 453 422   7 180 376  23 452 296 162 237 133  74 151 378 485 163
 494 218  70 310  88 243 457 324 410 118 232 382 385 428  17  27 128 337
 436 449  18 126 418 117 149 152 450  89 286  81 412 411  96  46 499 156
 101 250 203 264   2  94 440 302 416 226 331 432 228  41  35 229 256 313
  67 150 211 355 195 335 221 201 248  28 217 259 244 465 395 351 127 109
 346 241  55 245  26 174 188 304 393  12 327 159 148 397 340 332 458 345
 468 392  63 249 146 500 423 454 193 251 291 366 166 233 213 120 487  82
 396  47 309 278 415  37 288 240  38 448 459 198 176 357 497 230  36 100
 106  68 168   0 246 212 474  87 307 403 320 426  84 301 160 463 141 136
 164 182 222 424  76 330 439 267 135  66 270 482 172 315 348 145 300  62
 400 223  31 285 283  32 205 473 125 435 194 271 279 456 375 236 475 173
 224 260 427 215 292 446  73 384 305   4   3 430 365 352 360 467 281 186
 181 371 143 336 420 326 367 466 451 190 361 231 339  29 316 254 284 484
 334 349 394 252  56 431 319 179 111 444 261 116  24 472 102 390 364 275
 437  33  11 369 404 447  13   9 132  99 154 158 124 268 295 155 460 408
 104 257  69 220 238 470 381 122 191 153 344 462 486  10 266 488 170 253
 492 214 103 134 314 391 219  77 321 255   8 129 274  15  52  79 200 464
 479  83  91  34  58 265 294 480 239  49 131  43 372 299 235 350 303 478
 356  78 280 323 187 438   5 338 308  16 114 498  19 387 386 287 175 383
 113 359  39  48 443 328 171  86 471 318 347 380 234  90 276 401 373 165
  21 433 169 290  93 263 204 196 297 140 329 293 455 389 370 298 419  97
 208 306 105 421  44  50 272 362 108 406 425  53 358  64 123 495  95 273
 130 144 225  71 189 414 342 185  25   6  72 476  14 388 121 377 441 402
 227 197 469 483 322 312 354 192 242 258 147  40 429 493 247 184 282 178
 407 199 374 399 491  65 413  61 209 398 341 496 161  59 477 379  92 207
 110 183 277 317 119 210  54 137 216  60 107 142  45 368  42   1 333  85
 363 445  80  30 461 434 490 269 311 489 409  51 353 206  57 481 139 202
 112 417 262  22 167 115 325 289  75 343 442 405  20  98 177]
Final time: 7.0059671402s - Best: 2019819-[138 385 175 410 128  54  20 294 156 407 269 191 435 165 291 443 340 122
 199  51 159 228 471 115 316 247  92 170 168   2 488 377 369 450 311 324
 162  50  26 189 425 197  27 491 441 244  37 130 446 474   9 482 127 256
 375 231 249 342 314 401  11 283 462  24 465 456 371  34 289 188 267 476
 101 490 264 220 125 259 143 418  64 214 483 398 110  85  31 105  10 378
 240 103 132 359 408 427  74 318 409 497 368 379  35 124 277 352 326 210
  87  81  67 325 496 421 221 362  62 420 266  82 345 416 358 181 431 382
 419  88 193 112 142   5 246  39 111 445   7  83  59 339 356 236 232  71
 364 174 146  38 436 195 394  76 346 468 230 154 287 198 121 169 113  48
  32 469  41 217  84  80 463 321 258 106 135 164 276 282 171 444  91 123
 413  21 278 202 299 292  55 185  43 285 309 163  42 453 140 251 349 279
 387  89  12 275 307 155 466  93  99 203 281  69 265 238 381 457 226 239
 129 439 160 403 411 447 215  16 438 152 102 460 479  94 332 211 233 451
 216 208 380 301 330  44 373 179 116 344 303 348  19 243  73 417 262 395
 386 336 268  72 308  68 388  14 484  79  90 207 365 487  25 475 187 473
 412 391 312 161  75 333 227 250 126 205 151 334 145 355 428 260 108 405
 147 392 455 254 367  57 404 157 467 201 177  96  15 440  65 366  49 148
 477 322 120 218 494 430 288 255 190  95 448 485 141 354  97 237 304 306
 293  52 248   6 302 212 370 274 245 298 133 492 363 186 257  46  98 166
 452 235  18   0 150  53 107  23 153 400 424 315 173 374 323 327 271  63
 489 229 270 478 137 328 372 196 297 263 317 280 296  61 272 313 104 139
 376  86 192 224 149   8 390 310 360 397 498 429 493 461 241 495  56 361
 423 399 442 234 242 500 194  13 176 480 300 384 114  17   1 144  40 252
 357 206  58 406 343 433 396 180  47  29 389 209  77 100 118 261 219 414
 341 337 286 213 172 335 200  22 470 136  33 319 499  60 347  45 383  28
 182 351 305 481 117 167 393   3 273 434  36 119 459 178   4 223  30 284
 329 402 253 432 134 449 458 350 415 338 295 131  66 183 331 437 422 184
 353 158 464 486 320 222 454 225 472 426  78 109 204  70 290]
Value - initial: 33197205, final: 2019819, improveup: 16.4357326077

data-line;i;33197205;f;2019819;t;7.0059671402;c;-2;fv;[2019819L];cv;-1;imp;16.4357326077;type;rvnd;inum;4;w;1

time;7.0059671402;man_time;0;neigh_time;0
man_time;0;man_merge_sol;0;man_best_sol;0;man_combine_sol;0

Waiting [0]
Terminating workers True 0 0
MPI TERMINATING
