pydf_home: /home/rodolfo/git/Sucuri
simple_pycuda_home: /home/rodolfo/git/simple-pycuda
wamca2016path: /home/rodolfo/git/wamca2016/
localpath: /home/rodolfo/git/dvnd-df/code/dvnd-df/src/
WAMCAPATH:/home/rodolfo/git/wamca2016/
param: {solution_index:6, solution_instance_index:31, multi_gpu:True, goal:False, problem_name:ml, number_of_moves:10, device_count:2, solver:rvnd, mpi_enabled:True, workers:1}
Using already created file:  wamca2016lib.so
Size: 783 - file name: 07_rat784.tsp

Value - initial: 69195027-[760 314 364  58 486 150 205 643 183 251 161 501 560 704 209 255 145 421
 340 553  21 386 344 191  78  37 744  62 688 569 221 746 498 316 345 640
 651 128 276 667 761 378 765 112 162 168  26 296 130 121 740 303 334 452
 619 513 235 173 351 362 722 434 517 341 586 462 330 358 523  41 273  60
 473 639 531 107 725 519 204 528 143 179 463 450 657  61 171   0 752 245
 329 710 138  22 647 758 385 374 430 701 439 609 749 551 215 389 239 359
 243 720 144 417  99 679 210 397 267 387 354   7 292 507 759  92 723 137
 115  36 736 182 174 441 290 529 610  24 495 420 489 367 410 715 129 614
 626 623 220 169 599 160 672 277 542 140  34 400 477  88 268 300 247 591
  77 653 504 238 454 339 377 111 319 563 155 158 510   4 278 437 152 571
 448 750 125 110 608 159 338 192 566 352 356  52 431 500 353  97 249  31
  20  46 506 456 147 638 383 734 627 414 350 625 775 391 403 198 581 483
 346 195 408 237 714 754  70 732  87 726 136 211 600 313 287 497 399 773
 207 664 641 444 120 708 214 525 698  17 203  71  76 449 476 124 392 515
 223 442 246 603 413 512 151 772 384 153 217 228 369 100 612 324 541 154
 738 202  43 272  82 616 684 432 621 556 520 757 585 539 336 503 484 332
 576 584 769 208 509 663 113 135 139 109 149 737 395 105 388 487 419 729
 132 127 241 230 349  14  57  45 458 733 634 602 426 522 224 114 514 567
 689 305 713 404 131 382  55  63 317 227 301 697 665 259  16 190 166 745
 645 615 555 660 281 436 271 613 122 257 260 328 644 308 741 213 779 589
 605 527 343 263 652 337  79 194 177 390 302 545 534 481 659 780 488 381
 655  47 234 176 479 661 167   5 696 598 494 782 371 594 685 537 593  19
 440 285 706 717 451 163 577 739 607   9 284 286 596 622 549 658 771 297
 327 557 535  40 649 197 418 711 333 624  48 587 550 709 678 682 547 357
 315 690 532 492  75 552 582 226 133 675  74 694  91 558 186 490 380 322
 554 662 318 102 304 718  15  80 508 546 116 433  59 637 108 236 680 184
 393 743 467  51 628 470 543 156 261 511 735 762 461  23 588 119 422 642
 700 342 518 611 425 310 402 423 180   2 629 464 252 633 394 777 219 104
 185 416 123 631 673  28 756 485 677 415 597 482 289  32 117  27  33  86
  54 480 648 370 363 474 778 320 299 446 755 283 231 670 604 141 781 478
 763 269 561  89 447 686 193 516 199 716 134 632  64  73  72 274 242 530
 578 521 212  30 106 702  81 699 666 768 544 681 747   3  29  65  94 692
 453 406 559 248  18 465 373 774 142 705 766 103 360 244 620 721 767  84
 574 206 293 466 275 424 331 348 118  38 618  83 325 229 459 398 365 295
 693  12 691 564 579  90 282 218 562 536 728 294 368 468 372 435 170  98
 258 695 526 533 262 253 311 703 427 590  66 265 724 312 575 323   8  44
 565 650 764 164 288 687 366  25  53 548 601 379 493 630 126  49 748 256
 172  42 731 196 707 636 232 730 326 683 606 572 475   6 240  13 266 676
   1  85  93 751 499 592 674 264 101 654 457 438 742 656 250 233  67 635
 573 671 309 712 375 570 355  11 216  56 200 405 472 376 188 580 583 776
 719 443 222 201  96 540 502 165 524 617 321 491 646 146  95 753 347  68
 298 469 568 307 409 595 157 187 445 407 189 455 396 411 505 770 306 538
 178 496  50 727 471 225 254 291 175 270 181 401 412 429 668 279 460 428
  10 148  69 335  35 669 361 280  39] - 69195027
Solver: RVND, number of workers: 1
Setting feeder affinity
I am the master. There are 1 mpi processes. (hostname = gpu01)
Roots [<pyDF.nodes.Feeder object at 0x7fd3c5e29ad0>]
Starting 0
Main loop
I am worker 0
GPU0
set random seed!
Initial: 69195027-[760 314 364  58 486 150 205 643 183 251 161 501 560 704 209 255 145 421
 340 553  21 386 344 191  78  37 744  62 688 569 221 746 498 316 345 640
 651 128 276 667 761 378 765 112 162 168  26 296 130 121 740 303 334 452
 619 513 235 173 351 362 722 434 517 341 586 462 330 358 523  41 273  60
 473 639 531 107 725 519 204 528 143 179 463 450 657  61 171   0 752 245
 329 710 138  22 647 758 385 374 430 701 439 609 749 551 215 389 239 359
 243 720 144 417  99 679 210 397 267 387 354   7 292 507 759  92 723 137
 115  36 736 182 174 441 290 529 610  24 495 420 489 367 410 715 129 614
 626 623 220 169 599 160 672 277 542 140  34 400 477  88 268 300 247 591
  77 653 504 238 454 339 377 111 319 563 155 158 510   4 278 437 152 571
 448 750 125 110 608 159 338 192 566 352 356  52 431 500 353  97 249  31
  20  46 506 456 147 638 383 734 627 414 350 625 775 391 403 198 581 483
 346 195 408 237 714 754  70 732  87 726 136 211 600 313 287 497 399 773
 207 664 641 444 120 708 214 525 698  17 203  71  76 449 476 124 392 515
 223 442 246 603 413 512 151 772 384 153 217 228 369 100 612 324 541 154
 738 202  43 272  82 616 684 432 621 556 520 757 585 539 336 503 484 332
 576 584 769 208 509 663 113 135 139 109 149 737 395 105 388 487 419 729
 132 127 241 230 349  14  57  45 458 733 634 602 426 522 224 114 514 567
 689 305 713 404 131 382  55  63 317 227 301 697 665 259  16 190 166 745
 645 615 555 660 281 436 271 613 122 257 260 328 644 308 741 213 779 589
 605 527 343 263 652 337  79 194 177 390 302 545 534 481 659 780 488 381
 655  47 234 176 479 661 167   5 696 598 494 782 371 594 685 537 593  19
 440 285 706 717 451 163 577 739 607   9 284 286 596 622 549 658 771 297
 327 557 535  40 649 197 418 711 333 624  48 587 550 709 678 682 547 357
 315 690 532 492  75 552 582 226 133 675  74 694  91 558 186 490 380 322
 554 662 318 102 304 718  15  80 508 546 116 433  59 637 108 236 680 184
 393 743 467  51 628 470 543 156 261 511 735 762 461  23 588 119 422 642
 700 342 518 611 425 310 402 423 180   2 629 464 252 633 394 777 219 104
 185 416 123 631 673  28 756 485 677 415 597 482 289  32 117  27  33  86
  54 480 648 370 363 474 778 320 299 446 755 283 231 670 604 141 781 478
 763 269 561  89 447 686 193 516 199 716 134 632  64  73  72 274 242 530
 578 521 212  30 106 702  81 699 666 768 544 681 747   3  29  65  94 692
 453 406 559 248  18 465 373 774 142 705 766 103 360 244 620 721 767  84
 574 206 293 466 275 424 331 348 118  38 618  83 325 229 459 398 365 295
 693  12 691 564 579  90 282 218 562 536 728 294 368 468 372 435 170  98
 258 695 526 533 262 253 311 703 427 590  66 265 724 312 575 323   8  44
 565 650 764 164 288 687 366  25  53 548 601 379 493 630 126  49 748 256
 172  42 731 196 707 636 232 730 326 683 606 572 475   6 240  13 266 676
   1  85  93 751 499 592 674 264 101 654 457 438 742 656 250 233  67 635
 573 671 309 712 375 570 355  11 216  56 200 405 472 376 188 580 583 776
 719 443 222 201  96 540 502 165 524 617 321 491 646 146  95 753 347  68
 298 469 568 307 409 595 157 187 445 407 189 455 396 411 505 770 306 538
 178 496  50 727 471 225 254 291 175 270 181 401 412 429 668 279 460 428
  10 148  69 335  35 669 361 280  39]
Final time: 13.2595221996s - Best: 3414296-[760 771 764 759 744 735 731 742 738 721 697 691 690 680 656 648 627 620
 616 606 602 608 590 583 586 563 562 565 577 556 551 528 514 499 490 476
 482 500 506 504 493 495 496 521 523 513 519 536 543 527 524 508 501 497
 477 467 453 450 441 427 420 412 405 403 393 398 395 373 368 378 361 341
 333 323 319 308 297 271 270 262 259 243 228 227 220 225 236 250 252 261
 256 274 286 281 282 287 307 309 300 311 317 325 310 294 291 302 321 329
 335 353 350 347 339 337 336 348 360 387 384 367 372 382 380 385 379 374
 371 369 376 392 407 408 409 418 416 410 417 433 436 447 440 434 430 438
 419 423 429 425 448 455 459 472 494 512 518 517 530 546 539 538 560 568
 578 561 553 550 533 529 510 481 471 435 428 422 444 451 452 457 465 483
 484 485 462 454 432 421 404 391 388 370 364 352 345 338 322 318 326 334
 316 293 301 312 304 288 276 275 254 245 238 235 241 234 214 215 184 171
 179 185 204 194 195 183 161 155 150 135 152 159 154 146 138 122 116 109
 114 126 110 106  93  82  64  57  52  46  45  40  66  80  69  79  99  96
  87  55  48  51  56  44  36  24  14   0  16  22   1   6  17  11   8  32
  28   9   2   4  18  29  35  19  30  21  34  49  61  81  85  98  84  67
  60  58  70  63  76  73  88  94 111 101 104 107 127 139 115 132 136 142
 151 160 186 203 201 207 223 221 226 230 247 248 242 255 266 285 298 290
 305 315 331 349 346 344 332 320 306 299 289 258 257 239 231 232 216 199
 197 178 175 162 168 189 205 211 210 208 218 209 212 200 196 187 182 172
 164 163 156 137 117 125 120 123 143 128 129 140 131 130 102  91  71  53
  41  50  31  15  20  25  26  23  27  33   3  10  12  37  42  59  54  43
  68  77  89  90  72  65  74  86  83  78 100 105 108 113  95 103 112 118
 121 133 134 148 141 147 144 165 173 177 191 188 190 202 219 206 213 222
 244 240 251 260 278 283 295 296 303 330 377 397 411 426 439 446 470 480
 478 489 503 515 522 537 549 545 548 544 531 566 581 591 594 607 582 584
 601 619 622 624 634 642 662 655 657 676 681 686 693 702 695 714 716 713
 710 711 728 743 752 766 770 774 782 781 763 755 751 741 723 701 707 715
 722 740 745 730 729 726 749 762 769 761 748 725 739 747 765 773 772 754
 753 736 732 712 706 718 719 720 698 694 685 683 660 668 665 650 645 652
 653 661 688 709 699 700 692 672 663 666 667 673 675 669 646 636 615 605
 592 603 614 628 631 641 649 638 630 632 629 635 621 613 600 599 576 569
 564 557 541 540 535 534 587 598 589 597 596 611 626 633 612 618 640 643
 659 654 644 647 651 658 677 687 670 678 684 679 674 689 705 704 717 734
 746 733 737 724 703 696 682 671 664 639 637 623 625 610 593 585 579 567
 575 559 547 532 525 505 516 511 507 491 437 442 424 406 396 381 386 389
 400 394 383 362 351 342 358 355 365 357 343 327 277 272 273 267 292 280
 268 249 224 181 149 158 153 166 157 167 169 193 180 176 170 192 198 217
 233 253 237 246 263 264 279 284 314 313 328 340 354 356 366 402 414 413
 399 401 415 431 445 449 464 474 479 473 458 463 469 468 475 486 488 492
 487 509 502 573 580 572 571 558 552 542 526 574 570 588 609 617 604 555
 520 466 456 390 359 363 443 460 461 554 727 750 780 779 776 778 767 758
 756 757 775 777 768 708 595 498 375 324 269 265 229 174 145 124 119  97
  75  62  38  47   7  13  92  39   5]
Value - initial: 69195027, final: 3414296, improveup: 20.2662648464

data-line;i;69195027;f;3414296;t;13.2595221996;c;-2;fv;[3414296L];cv;-1;imp;20.2662648464;type;rvnd;inum;6;w;1

time;13.2595221996;man_time;0;neigh_time;0
man_time;0;man_merge_sol;0;man_best_sol;0;man_combine_sol;0

Waiting [0]
Terminating workers True 0 0
MPI TERMINATING
