pydf_home: /home/rodolfo/git/Sucuri
simple_pycuda_home: /home/rodolfo/git/simple-pycuda
wamca2016path: /home/rodolfo/git/wamca2016/
localpath: /home/rodolfo/git/dvnd-df/code/dvnd-df/src/
WAMCAPATH:/home/rodolfo/git/wamca2016/
param: {solution_index:2, solution_instance_index:4, multi_gpu:True, goal:False, problem_name:ml, number_of_moves:10, device_count:2, solver:rvnd, mpi_enabled:True, workers:1}
Using already created file:  wamca2016lib.so
Size: 226 - file name: 03_pr226.tsp

Value - initial: 191964558-[178  23  16  50 125 129   0 183  65 212 206  14 169  33 176 202 127 172
 105  11  45 185 167  46 107  31  84 190  18 189  28 118 104 179 114 154
  90 186 171  99 139 180  75 181 214  21  24  36  17 151  40  13  35  68
  32 134 220  48  67  83  89 142  97   5  41   2 224  27  43 164 157  59
 128 158 204 221  58  20   4 117  62 150 217 165  78  56 137 161 198 170
 153 192  34 156 163 122  74 191 213 143 101  80 123 131 211 194  92  73
 124 199  72  19  61 160 162 111 100 166  88 121 196 188  63 106 130 138
 207 223 149  81  26 120  37  64 152   9 132  86 218 177 145  96  91  71
  85 175  54   3  94 108 208 115 225  12  39 195 146  93 110  87  76 168
  49 205  25 140 159  95  60  79  52 203  38  82 141 102   1 173 133  55
   8  66 215  44 109 103  57 197 119 112 135  53  15  98 182 136 187 174
 219 126 147  29  70 155  77 184 113 148 209  10  69  30  22 210 201 222
   6 216   7 200 193 116  51  42  47 144] - 191964558
Solver: RVND, number of workers: 1
Setting feeder affinity
I am the master. There are 1 mpi processes. (hostname = gpu01)
Roots [<pyDF.nodes.Feeder object at 0x7fc07242dad0>]
Starting 0
Main loop
I am worker 0
GPU0
set random seed!
Initial: 191964558-[178  23  16  50 125 129   0 183  65 212 206  14 169  33 176 202 127 172
 105  11  45 185 167  46 107  31  84 190  18 189  28 118 104 179 114 154
  90 186 171  99 139 180  75 181 214  21  24  36  17 151  40  13  35  68
  32 134 220  48  67  83  89 142  97   5  41   2 224  27  43 164 157  59
 128 158 204 221  58  20   4 117  62 150 217 165  78  56 137 161 198 170
 153 192  34 156 163 122  74 191 213 143 101  80 123 131 211 194  92  73
 124 199  72  19  61 160 162 111 100 166  88 121 196 188  63 106 130 138
 207 223 149  81  26 120  37  64 152   9 132  86 218 177 145  96  91  71
  85 175  54   3  94 108 208 115 225  12  39 195 146  93 110  87  76 168
  49 205  25 140 159  95  60  79  52 203  38  82 141 102   1 173 133  55
   8  66 215  44 109 103  57 197 119 112 135  53  15  98 182 136 187 174
 219 126 147  29  70 155  77 184 113 148 209  10  69  30  22 210 201 222
   6 216   7 200 193 116  51  42  47 144]
Final time: 1.93773508072s - Best: 7310153-[178 179 180 181 182 183 184 185 186 187 188 189 177 176 175 174 173 172
 171 170 169 168 167 166 165 164 163 162 161 160 159 158 157 156 155 154
 149 142 141 147 148 140 139 146 144 138 137 145 143 136  93  92  91  90
  89  87  88  86  94  95  96  97  98  99 100 101 135 134 133 132 190 191
 192 193 194 195 196 197 198 199 200 201 202 203 204 205 206 207 208 209
 210 211 212 213 214 215 216 217 218 219 220 221 222 223 224 225 124 131
 129 123 122 130 128 121 120 126 127 119 118 125 117 109 108 116 115 107
 106 114 113 105 103 112 111 104 102 110  85  84  83  82  81  80  79  78
  77  76  75  74  73  72   0   1   2   3   4   5   6   7   8   9  13  14
  10  11  12  70  15  16  66  67  68  69  65  63  62  61  60  59  58  57
  56  55  54  53  52  51  50  49  21  22  23  24  25  26  27  28  29  33
  34  35  30  31  32  47  44  43  36  37  38  41  42  46  45  48  20  19
  18  17  71  64 150 151 152 153  40  39]
Value - initial: 191964558, final: 7310153, improveup: 26.2599918223

data-line;i;191964558;f;7310153;t;1.93773508072;c;-2;fv;[7310153L];cv;-1;imp;26.2599918223;type;rvnd;inum;2;w;1

time;1.93773508072;man_time;0;neigh_time;0
man_time;0;man_merge_sol;0;man_best_sol;0;man_combine_sol;0

Waiting [0]
Terminating workers True 0 0
MPI TERMINATING
