pydf_home: /home/rodolfo/git/Sucuri
simple_pycuda_home: /home/rodolfo/git/simple-pycuda
wamca2016path: /home/rodolfo/git/wamca2016/
localpath: /home/rodolfo/git/dvnd-df/code/dvnd-df/src/
WAMCAPATH:/home/rodolfo/git/wamca2016/
param: {solution_index:3, solution_instance_index:87, multi_gpu:True, goal:False, problem_name:ml, number_of_moves:10, device_count:2, solver:rvnd, mpi_enabled:True, workers:1}
Using already created file:  wamca2016lib.so
Size: 318 - file name: 04_lin318.tsp

Value - initial: 91740666-[144 163 240 313  34 198 304 101 139  37 193  49 237  12  24 256 310 239
 262  17  30 197   1 298 134  11 115 105 191 292 257 260 263  16  87 249
 231 277 244 217 182  31 305 234  71  66  36 299  63  29 123 268 261   0
 204 153  69 180 166 205  14 309 201 222 195 295 221 282  58 200 124 251
  15 145 135 141 290  85  95  53  92  84 306  99 281 241 219 111 246 316
 289 167   3  35 100 164  90 214  25 212 137 129 185 230 301 235 113  79
  88  10 267  91 276 208 109  72  81  67 211 287 312 203 160 210 174 255
 233 253 172  38 186 294  39 128 264 162 152 119 142  98 187 156 280  32
 176 248 275 215  54 169 283  55 147 296 151  68 236   5  89  50  64   9
   2 216 175 179  74  78 181 126  26  46 102 293 286 291  43  83  22  94
 196 228 274 120 317 269 272 149 192 213  48 226 250 224  23  65  18  27
  20 297  47  62 194 121 118 146 302  13 229 131   4 271 183 247 288 130
  60  42  57 315  93 155 206 168 108  41 184 106  44 285 243 209 202  52
 225 165 104 136 138 227 254 107 258 140 303  56  70 171 220  19  86 125
 117 127 116  28 207 273 311 223 245  77 114   7 122 189 232 278 252  76
 112  45  75 178 148 143 307 314 132 188  51 190 259 266  33 177  96 103
 218 161 308  73 110 265 300 270 158   8 284 159  82  40  97 199 242 170
 279   6 150  21 157  61 173 133 154  80 238  59] - 91740666
Solver: RVND, number of workers: 1
Setting feeder affinity
I am the master. There are 1 mpi processes. (hostname = gpu01)
Roots [<pyDF.nodes.Feeder object at 0x7fb4898fdad0>]
Starting 0
Main loop
I am worker 0
GPU0
set random seed!
Initial: 91740666-[144 163 240 313  34 198 304 101 139  37 193  49 237  12  24 256 310 239
 262  17  30 197   1 298 134  11 115 105 191 292 257 260 263  16  87 249
 231 277 244 217 182  31 305 234  71  66  36 299  63  29 123 268 261   0
 204 153  69 180 166 205  14 309 201 222 195 295 221 282  58 200 124 251
  15 145 135 141 290  85  95  53  92  84 306  99 281 241 219 111 246 316
 289 167   3  35 100 164  90 214  25 212 137 129 185 230 301 235 113  79
  88  10 267  91 276 208 109  72  81  67 211 287 312 203 160 210 174 255
 233 253 172  38 186 294  39 128 264 162 152 119 142  98 187 156 280  32
 176 248 275 215  54 169 283  55 147 296 151  68 236   5  89  50  64   9
   2 216 175 179  74  78 181 126  26  46 102 293 286 291  43  83  22  94
 196 228 274 120 317 269 272 149 192 213  48 226 250 224  23  65  18  27
  20 297  47  62 194 121 118 146 302  13 229 131   4 271 183 247 288 130
  60  42  57 315  93 155 206 168 108  41 184 106  44 285 243 209 202  52
 225 165 104 136 138 227 254 107 258 140 303  56  70 171 220  19  86 125
 117 127 116  28 207 273 311 223 245  77 114   7 122 189 232 278 252  76
 112  45  75 178 148 143 307 314 132 188  51 190 259 266  33 177  96 103
 218 161 308  73 110 265 300 270 158   8 284 159  82  40  97 199 242 170
 279   6 150  21 157  61 173 133 154  80 238  59]
Final time: 3.08186388016s - Best: 6018576-[144 149 152 154 159 160 158 155 151 148 145 146 147 150 156 157 162 161
 209 168 171 172 176 181 183 184 180 177 173 174 178 179 185 193 194 199
 198 204 311 310 306 305 301 300 192 191 294 292 291 287 293 288 286 281
 276 277 280 169 170 165 164 268 265 264 259 257 254 258 249 313 241 240
 239 237 232 229 312 238 231 230 224 220 219 216 215 211 210 108 109 117
 118 121 120 122 129 130 131 128 123 124 127 132 134 135 136 133 126 125
 207 119 115 114 111 110 106 105   3   4  12  13  16  15  17  24  25  26
  23  18  27  22  19 102  14   0   1   5   6   9  10  20  21  28  29  30
  31  32  35  36  41  40  42  45  51  52  57  56  53  50  46  43  44  39
  48  47  49  54  55  58 104  61  62  69  68  73  74  80  79  75  72  78
  76  71  66  67  70  77  81  82  83  84  90  91  95  96 100 101  92  97
  98  94  93  99 206 205 201 200 196 195 197 190 188 189 187 186 182 175
  64  65  60  59 163 153 208 140 141 143 142 139 138 242 236 233 228 225
 226 227 234 235 245 246 251 250 252 255 261 253 256 260 263 266 262 267
 271 272 279 278 283 284 290 282 285 289 295 298 299 307 308 309 304 303
 297 296 275 274 270 269 317 248 247 244 243 223 222 213 214 218 217 212
 221 113 112 107 116 137  37  38  34  33   8   7   2  11 103 315 316  63
  85  88  89  87  86 166 167 314 273 302 203 202]
Value - initial: 91740666, final: 6018576, improveup: 15.242918923

data-line;i;91740666;f;6018576;t;3.08186388016;c;-2;fv;[6018576L];cv;-1;imp;15.242918923;type;rvnd;inum;3;w;1

time;3.08186388016;man_time;0;neigh_time;0
man_time;0;man_merge_sol;0;man_best_sol;0;man_combine_sol;0

Waiting [0]
Terminating workers True 0 0
MPI TERMINATING
