pydf_home: /home/rodolfo/git/Sucuri
simple_pycuda_home: /home/rodolfo/git/simple-pycuda
wamca2016path: /home/rodolfo/git/wamca2016/
localpath: /home/rodolfo/git/dvnd-df/code/dvnd-df/src/
WAMCAPATH:/home/rodolfo/git/wamca2016/
param: {solution_index:3, solution_instance_index:58, multi_gpu:True, goal:False, problem_name:ml, number_of_moves:10, device_count:2, solver:rvnd, mpi_enabled:True, workers:1}
Using already created file:  wamca2016lib.so
Size: 318 - file name: 04_lin318.tsp

Value - initial: 84433767-[193 245 264 196  49 139 129 161 147  64 121 237 214  50  25 111 166 132
  99 317 267 287 151 299  91   7  95  57 290  92  84   4 153 307 271 142
 175 192  29   2  20 108  47 252  13 145  58 286 162 189 117 243 220 312
 160  98 172 183 174   6 244 232 257 177 115  40 119 279 154   3 159 126
 250 195 300 314 221 171 260 179  15  22 186  61  35  96 188 141 285 261
 194  63 135 137 225 168 134  14  69  51 152 316  43  52  56  53 309 280
  24 105  72 165 176 247  89  48 259 127 276 163 199  27  86  37  16 198
 281  17  19 224 206 182  46 315 240 113 239 301 143 262 256 190 233 116
 284 118 266  21 208 167 200  76 130 268 253 216 156  31   8 308  90  10
 187  45  75   9 106 164 242  87 263 150 155 122  36  59  44 274 128 269
 238 228  70 202  12 292  81 173 149 293 296 185 306 101  88 273  94 265
  55 158 205  30 303 251 291 197 277  11  97 302 209 236 104  83  67  33
 270  62  54  60 120 191   0  28  26 212 144 100 207 295 283 204 211 241
  39 131 305 157 255 278 230  34  18 201 288 218 125 146 123 210 229 112
 114 248 231  73 107  93 148   1 304 235 294 138 298 246 282 203  85 272
 103 213  66 136 258 297 234 169 313 181 133  32  82  65 227 289  80 226
  38  23 223   5 311 219  79 254 275  68 249 124  41  71  74 310 222 140
 170 180 215 217 109 184 102  78  77  42 110 178] - 84433767
Solver: RVND, number of workers: 1
Setting feeder affinity
I am the master. There are 1 mpi processes. (hostname = gpu01)
Roots [<pyDF.nodes.Feeder object at 0x7fcd046abad0>]
Starting 0
Main loop
I am worker 0
GPU0
set random seed!
Initial: 84433767-[193 245 264 196  49 139 129 161 147  64 121 237 214  50  25 111 166 132
  99 317 267 287 151 299  91   7  95  57 290  92  84   4 153 307 271 142
 175 192  29   2  20 108  47 252  13 145  58 286 162 189 117 243 220 312
 160  98 172 183 174   6 244 232 257 177 115  40 119 279 154   3 159 126
 250 195 300 314 221 171 260 179  15  22 186  61  35  96 188 141 285 261
 194  63 135 137 225 168 134  14  69  51 152 316  43  52  56  53 309 280
  24 105  72 165 176 247  89  48 259 127 276 163 199  27  86  37  16 198
 281  17  19 224 206 182  46 315 240 113 239 301 143 262 256 190 233 116
 284 118 266  21 208 167 200  76 130 268 253 216 156  31   8 308  90  10
 187  45  75   9 106 164 242  87 263 150 155 122  36  59  44 274 128 269
 238 228  70 202  12 292  81 173 149 293 296 185 306 101  88 273  94 265
  55 158 205  30 303 251 291 197 277  11  97 302 209 236 104  83  67  33
 270  62  54  60 120 191   0  28  26 212 144 100 207 295 283 204 211 241
  39 131 305 157 255 278 230  34  18 201 288 218 125 146 123 210 229 112
 114 248 231  73 107  93 148   1 304 235 294 138 298 246 282 203  85 272
 103 213  66 136 258 297 234 169 313 181 133  32  82  65 227 289  80 226
  38  23 223   5 311 219  79 254 275  68 249 124  41  71  74 310 222 140
 170 180 215 217 109 184 102  78  77  42 110 178]
Final time: 5.23906683922s - Best: 6117499-[193 194 185 179 178 174 173 177 180 184 183 181 176 171 172 175 182 186
 187 188 189 195 196 200 201 205 206  99  93  94  98  97  92 101 100  96
  95  91  90  84  82  81  77  83  78  76  71  70  67  66  63 104  55  54
  49  47  44  48  39  31  30  29  28  21  20 102  19  22  27  26  23  18
  15  16  17  24  25  35  36  38  37 144 153 160 159 154 152 149 148 151
 155 158 161 162 157 156 150 147 145 146 141 140 130 129 122 120 123 128
 131 124 127 132 137 136 135 134 133 126 125 207 119 115 114 111 110   4
   3 106 105 107 112 113 109 108 210 211 215 216 219 220 224 312 230 231
 238 239 240 241 138 139 143 142 249 258 254 257 259 264 263 260 256 253
 313 242 237 232 229 236 233 228 225 226 227 234 235 245 246 251 250 252
 255 261 262 267 266 265 268 164 165 170 169 280 277 276 273 278 279 283
 284 290 289 285 282 281 286 288 293 287 291 292 294 191 192 300 301 305
 306 310 311 204 198 199 203 202 197 190 168 209 163  59  60  64  65  86
  87  89  88  85  79  75  72  80  74  73  68  69  62  61  57  52  51  45
  42  41  40  56  53  50  46  43 103  32  11  14  10   9   6   5   1   0
   2   7   8  13  12 116 121 118 117 221 212 217 218 214 213 222 223 243
 244 247 248 317 269 270 274 275 296 297 303 304 309 308 307 302 295 298
 299 272 271 314 167 166 208  33  34 315 316  58]
Value - initial: 84433767, final: 6117499, improveup: 13.802007487

data-line;i;84433767;f;6117499;t;5.23906683922;c;-2;fv;[6117499L];cv;-1;imp;13.802007487;type;rvnd;inum;3;w;1

time;5.23906683922;man_time;0;neigh_time;0
man_time;0;man_merge_sol;0;man_best_sol;0;man_combine_sol;0

Waiting [0]
Terminating workers True 0 0
MPI TERMINATING
