pydf_home: /home/rodolfo/git/Sucuri
simple_pycuda_home: /home/rodolfo/git/simple-pycuda
wamca2016path: /home/rodolfo/git/wamca2016/
localpath: /home/rodolfo/git/dvnd-df/code/dvnd-df/src/
WAMCAPATH:/home/rodolfo/git/wamca2016/
param: {solution_index:3, solution_instance_index:7, multi_gpu:True, goal:False, problem_name:ml, number_of_moves:10, device_count:2, solver:rvnd, mpi_enabled:True, workers:1}
Using already created file:  wamca2016lib.so
Size: 318 - file name: 04_lin318.tsp

Value - initial: 94570665-[267 104 133  88 166 137  25  37 159 232 196  45 304  81 131 290  66 274
 126  34 176  33 190 317 191  68 218 127 253 121 148  65 172 210 285 161
 209 183 262 278  47 182 194 221 117 246 238  89  39  76 295  48 195  86
  26 118 259  12 216   3  84  11 215 287 123 174   1 204 160 151 186 113
 114 202 207 170 301 120 220 265 103  94 250 229 119  40 219  61  29 180
 289 284  96   5  50 257  36 256 192 239 312 173 143  32 315  42  44  60
  38 247 296 181  57 108  97   2  74 268  17 242 158 146 308 237 226  13
  31 282 147 224 139  62 270 198 231 163  35 193  56 175 149 169 171 298
  20 303  28 222 102 205 116  51 201  98 302   6  91  83 152 269 156 211
 212 214  21 233 140 291  90 264  41 234 261 311 122 164  30  85  75 252
 255 276 112 305 272 153 235  82 244  63  80 199   9 271 124 299  78  15
  87 243 297 132 280  14 217  22 184 258 197 142 306 313 223 150 106 283
 316  64 129  16 138 107 100   0  95  72  10  49 288 236 115  46 109 307
 213  92 178 225 136  93 292 154 248 188 110 241 167  67 101   7  52 263
 314 230  27  59 279 251 260  24 277  70 179  18  77  19 228 254 227 125
 168 189 240  99 206 266  79  23 105 310  54 157 134  43 208  69 281 145
  55 203 245 111 200 187 141 293  71 286 309 165  53 144 177 249 294   4
   8 162 128 185 273 130  58 135 300 155  73 275] - 94570665
Solver: RVND, number of workers: 1
Setting feeder affinity
I am the master. There are 1 mpi processes. (hostname = gpu01)
Roots [<pyDF.nodes.Feeder object at 0x7f713aa2aad0>]
Starting 0
Main loop
I am worker 0
GPU0
set random seed!
Initial: 94570665-[267 104 133  88 166 137  25  37 159 232 196  45 304  81 131 290  66 274
 126  34 176  33 190 317 191  68 218 127 253 121 148  65 172 210 285 161
 209 183 262 278  47 182 194 221 117 246 238  89  39  76 295  48 195  86
  26 118 259  12 216   3  84  11 215 287 123 174   1 204 160 151 186 113
 114 202 207 170 301 120 220 265 103  94 250 229 119  40 219  61  29 180
 289 284  96   5  50 257  36 256 192 239 312 173 143  32 315  42  44  60
  38 247 296 181  57 108  97   2  74 268  17 242 158 146 308 237 226  13
  31 282 147 224 139  62 270 198 231 163  35 193  56 175 149 169 171 298
  20 303  28 222 102 205 116  51 201  98 302   6  91  83 152 269 156 211
 212 214  21 233 140 291  90 264  41 234 261 311 122 164  30  85  75 252
 255 276 112 305 272 153 235  82 244  63  80 199   9 271 124 299  78  15
  87 243 297 132 280  14 217  22 184 258 197 142 306 313 223 150 106 283
 316  64 129  16 138 107 100   0  95  72  10  49 288 236 115  46 109 307
 213  92 178 225 136  93 292 154 248 188 110 241 167  67 101   7  52 263
 314 230  27  59 279 251 260  24 277  70 179  18  77  19 228 254 227 125
 168 189 240  99 206 266  79  23 105 310  54 157 134  43 208  69 281 145
  55 203 245 111 200 187 141 293  71 286 309 165  53 144 177 249 294   4
   8 162 128 185 273 130  58 135 300 155  73 275]
Final time: 2.13448882103s - Best: 6183138-[267 262 261 255 252 251 250 253 256 260 263 266 314 273 278 283 284 290
 289 285 282 281 286 288 293 292 294 300 301 305 306 310 311 204 199 198
 192 191 291 287 280 277 276 169 170 165 164 268 265 264 259 257 254 249
 142 143 138 139 121 120 122 129 130 131 128 123 124 127 132 134 135 136
 133 126 125 207 119 115 114 111 110 106 105   3   4   8   7  16  15  17
  24  25  26  23  18  11   2   0   1   5   6   9  10  14 102  20  21  28
  31  30  29  19  22  27  32 103  39  48  44  47  49  54  55  58 104  63
  66  67  70  71  76  78  83  77  81  82  84  90  91  95  96 100 101  92
  85  79  75  72  80  74  73  68  69  62  61  57  52  51  56  53  50  46
  43  45  42  40  41  38  37 144 149 152 154 159 160 158 155 151 148 145
 146 147 150 156 157 162 161 209 166 167 174 178 173 177 180 184 179 185
 194 193 190 183 181 176 171 172 175 182 186 187 188 189 195 196 200 201
 205 206  99  94  93  87  86  65  64  60  59 163 153 208 137 116 112 113
 118 117 230 231 238 241 240 239 229 232 237 242 245 246 235 234 227 226
 225 236 233 228 221 312 224 220 219 216 215 109 108 211 210 212 217 218
 214 213 222 223 243 244 247 248 317 269 270 274 275 296 297 303 304 309
 308 307 302 295 298 299 279 272 271 258 313 141 140 107  12  13  33  34
  36  35 315 316  88  89  97  98 168 197 202 203]
Value - initial: 94570665, final: 6183138, improveup: 15.2949303412

data-line;i;94570665;f;6183138;t;2.13448882103;c;-2;fv;[6183138L];cv;-1;imp;15.2949303412;type;rvnd;inum;3;w;1

time;2.13448882103;man_time;0;neigh_time;0
man_time;0;man_merge_sol;0;man_best_sol;0;man_combine_sol;0

Waiting [0]
Terminating workers True 0 0
MPI TERMINATING
