pydf_home: /home/rodolfo/git/Sucuri
simple_pycuda_home: /home/rodolfo/git/simple-pycuda
wamca2016path: /home/rodolfo/git/wamca2016/
localpath: /home/rodolfo/git/dvnd-df/code/dvnd-df/src/
WAMCAPATH:/home/rodolfo/git/wamca2016/
param: {solution_index:1, solution_instance_index:37, multi_gpu:True, goal:False, problem_name:ml, number_of_moves:10, device_count:2, solver:rvnd, mpi_enabled:True, workers:1}
Using already created file:  wamca2016lib.so
Size: 100 - file name: 02_kroD100.tsp

Value - initial: 8250677-[10 61 13 40 19 28 21 22 50 64 76  7 33 77 45 94 37 29 36 84 82 51 79  4 91
 32 59 30  9 80 66 86 68 44 58 85 65 81 72 53 67 39 11 89 17 57 99  1 74 18
  5 34 31 25 71 27 43 63 54 73 23 83 26 42  8 12 24 47 20 93 70 98 78 52  3
  2 55 90 41 88 92 48 56 15 38  0 69 35 62 87 96 49 95 75 97  6 46 60 14 16] - 8250677
Solver: RVND, number of workers: 1
Setting feeder affinity
I am the master. There are 1 mpi processes. (hostname = gpu01)
Roots [<pyDF.nodes.Feeder object at 0x7f412da36ad0>]
Starting 0
Main loop
I am worker 0
GPU0
set random seed!
Initial: 8250677-[10 61 13 40 19 28 21 22 50 64 76  7 33 77 45 94 37 29 36 84 82 51 79  4 91
 32 59 30  9 80 66 86 68 44 58 85 65 81 72 53 67 39 11 89 17 57 99  1 74 18
  5 34 31 25 71 27 43 63 54 73 23 83 26 42  8 12 24 47 20 93 70 98 78 52  3
  2 55 90 41 88 92 48 56 15 38  0 69 35 62 87 96 49 95 75 97  6 46 60 14 16]
Final time: 0.847964048386s - Best: 1033836-[10 89 16 93 31 96 97 48 69 88 41 22  7 51 65 37 80 33 49  0 26 23 87 12 78
 40 83 14 72 38 70 92 59 61 36 18 50 34 29 99  1 47 91  4 52 43  3 42 76 90
 53 62 15 63 58  2 82 39  5 17 84 95 85 64 77 30 98 44 32 67 13 81 24 19  9
  8 54 86 25 94 55 20 46 27 11 56 71 79 75 60 73  6 74 66 35 28 57 21 45 68]
Value - initial: 8250677, final: 1033836, improveup: 7.98064393192

data-line;i;8250677;f;1033836;t;0.847964048386;c;-2;fv;[1033836L];cv;-1;imp;7.98064393192;type;rvnd;inum;1;w;1

time;0.847964048386;man_time;0;neigh_time;0
man_time;0;man_merge_sol;0;man_best_sol;0;man_combine_sol;0

Waiting [0]
Terminating workers True 0 0
MPI TERMINATING
