pydf_home: /home/rodolfo/git/Sucuri
simple_pycuda_home: /home/rodolfo/git/simple-pycuda
wamca2016path: /home/rodolfo/git/wamca2016/
localpath: /home/rodolfo/git/dvnd-df/code/dvnd-df/src/
WAMCAPATH:/home/rodolfo/git/wamca2016/
param: {solution_index:5, solution_instance_index:52, multi_gpu:True, goal:False, problem_name:ml, number_of_moves:10, device_count:2, solver:rvnd, mpi_enabled:True, workers:1}
Using already created file:  wamca2016lib.so
Size: 657 - file name: 06_d657.tsp

Value - initial: 285148391-[127 252 126 146 506 569 352 533 390 407  35 359 540 350 209 630 326 615
  65 214 539 563 187 549 205  58 416 232 219 393  46 336 415 635 168 383
 217  88   4 378 118  23 184 479 610 149 327 632  29 493 246  25 609 134
 124  61 409 305 162 361   0 600  48 417 166 509 502 527 620 114 340 452
 141 346   8 231 233 446 321 587 410 651  45 160 271 551 432 424 617 208
  63 382 389 201 426 245 364   5 213 161  68 192 583 286 375 144  73  44
  93 447 115 101 556 468 159 608 189 121 147 404 120 332 505 602 110 422
 612 204 503 437 637 140 553 412 403 345 430 277 517 240 531 136 562 154
 341 356  52 151 573 490 589 486 450 499  82 218 536 593 616  98 643  85
 398 501 419  77 132 324 386 381 379 278 522 318 443 457 532 624 148 130
 405 216 238 448 171 276 330 273 606 196 111 158  34 229 372 237 515 570
 310 402 258 530 516 542 362 601 181 580 139 283 590 215 588  39 576 577
 351 242 445 155 647 488 524 554 472 275 511 338 646 176  51 572 200 316
  55 487  37 434 113 261 304 640 254 199 223 102 108 469 230 607 611 244
 514 592 264 557 463 290 564 172 582  96 303 482   6  26   9 440 279  71
 604 270 598  89 439 433 526 358 280 104 236 128 235 456 337 202 323 353
 625 222  60 377 182 293 497 512 423 555  79 655 138 653 652 429 106 262
 371 591 249 363 421 253 370 152 568  42  54 619 639 315 500 313 294 131
 248  41  74 306 257 552 288  80 441  16 369 228 400 142 157 411 225 597
 247 520 197 112 626 343 263 328  78 492 523 119 622 594 470 638  15  66
 558  64  83 291 211 628 442 534 354  90 483  30 642 455 621 462 545 435
 173 203  87 489  56 496 260 510 329 453 401 289 186 519 224 178 122 395
 307 105 193 164 272 282 103 292 349 650 117 325 319 399  67 454 137 335
 302 195 596 167 476 210 226 475  94 150 599 374 394 418   7   2 267   1
  21 528 392 314 250 459 169  97 654 109  43 449 123 567 460 301 342 300
 299 484  32  69 384 165 227 413  84 538 543 544 645 579 425 631 357 559
 153 188 521 295 183 473 308 180 641 320 480  38 368 575 406 239 414 466
 627 175  81 296  76 420 397 546 478 507 297  70 234  95 177 373 268 143
 333 436 312 317 396 618 344  86  13 451 623 198 581 360 100 467 525  11
 116 221 366 194  62 309  17 561 145 163 348 385 444  40 367 107  75 636
 495 464 133 541 529 461 241 481 170 298   3 284 274 458 595 287  33 513
 355 251 243 648 266  28 365 465 206 574  91 322 485 347  27 135  72 125
 498 471 380 504 613 255  36  22  99 431 477  20 633 491 560  24 391 535
 191  92 269  47 518 220 207 614  57 387 265  50 376 281 339 629 578 388
 571 156 537 548 550  19 334 311 179 427 584 566  18  12 634  10 586 256
 474 185 259 408 585 494 547 190  59 603 644 565 438  31 331  53  49 428
 129  14 656 174 212 605 285 508 649] - 285148391
Solver: RVND, number of workers: 1
Setting feeder affinity
I am the master. There are 1 mpi processes. (hostname = gpu01)
Roots [<pyDF.nodes.Feeder object at 0x7fac930a8ad0>]
Starting 0
Main loop
I am worker 0
GPU0
set random seed!
Initial: 285148391-[127 252 126 146 506 569 352 533 390 407  35 359 540 350 209 630 326 615
  65 214 539 563 187 549 205  58 416 232 219 393  46 336 415 635 168 383
 217  88   4 378 118  23 184 479 610 149 327 632  29 493 246  25 609 134
 124  61 409 305 162 361   0 600  48 417 166 509 502 527 620 114 340 452
 141 346   8 231 233 446 321 587 410 651  45 160 271 551 432 424 617 208
  63 382 389 201 426 245 364   5 213 161  68 192 583 286 375 144  73  44
  93 447 115 101 556 468 159 608 189 121 147 404 120 332 505 602 110 422
 612 204 503 437 637 140 553 412 403 345 430 277 517 240 531 136 562 154
 341 356  52 151 573 490 589 486 450 499  82 218 536 593 616  98 643  85
 398 501 419  77 132 324 386 381 379 278 522 318 443 457 532 624 148 130
 405 216 238 448 171 276 330 273 606 196 111 158  34 229 372 237 515 570
 310 402 258 530 516 542 362 601 181 580 139 283 590 215 588  39 576 577
 351 242 445 155 647 488 524 554 472 275 511 338 646 176  51 572 200 316
  55 487  37 434 113 261 304 640 254 199 223 102 108 469 230 607 611 244
 514 592 264 557 463 290 564 172 582  96 303 482   6  26   9 440 279  71
 604 270 598  89 439 433 526 358 280 104 236 128 235 456 337 202 323 353
 625 222  60 377 182 293 497 512 423 555  79 655 138 653 652 429 106 262
 371 591 249 363 421 253 370 152 568  42  54 619 639 315 500 313 294 131
 248  41  74 306 257 552 288  80 441  16 369 228 400 142 157 411 225 597
 247 520 197 112 626 343 263 328  78 492 523 119 622 594 470 638  15  66
 558  64  83 291 211 628 442 534 354  90 483  30 642 455 621 462 545 435
 173 203  87 489  56 496 260 510 329 453 401 289 186 519 224 178 122 395
 307 105 193 164 272 282 103 292 349 650 117 325 319 399  67 454 137 335
 302 195 596 167 476 210 226 475  94 150 599 374 394 418   7   2 267   1
  21 528 392 314 250 459 169  97 654 109  43 449 123 567 460 301 342 300
 299 484  32  69 384 165 227 413  84 538 543 544 645 579 425 631 357 559
 153 188 521 295 183 473 308 180 641 320 480  38 368 575 406 239 414 466
 627 175  81 296  76 420 397 546 478 507 297  70 234  95 177 373 268 143
 333 436 312 317 396 618 344  86  13 451 623 198 581 360 100 467 525  11
 116 221 366 194  62 309  17 561 145 163 348 385 444  40 367 107  75 636
 495 464 133 541 529 461 241 481 170 298   3 284 274 458 595 287  33 513
 355 251 243 648 266  28 365 465 206 574  91 322 485 347  27 135  72 125
 498 471 380 504 613 255  36  22  99 431 477  20 633 491 560  24 391 535
 191  92 269  47 518 220 207 614  57 387 265  50 376 281 339 629 578 388
 571 156 537 548 550  19 334 311 179 427 584 566  18  12 634  10 586 256
 474 185 259 408 585 494 547 190  59 603 644 565 438  31 331  53  49 428
 129  14 656 174 212 605 285 508 649]
Final time: 7.9850230217s - Best: 14490351-[127 124 505 497 494 491 483  67  56  62  51  47  61  66  58  46  42  38
  37  34 469  31  30  27  26  25  23 440 443 441 463 462 466 468 464 458
 461 465 467 460 459 457 456 473 455 454 451 452 450 453 448 449 442 446
 447 445 444  19  18  13  17  16  20  28  40  57  52  48  55  59  69  72
  65  50  54  49  44  45  35  32  33  36  39  41  63  68  73  77  84  74
  93  91  97  98 115 140 132 101 116 128 130 137 142 162 164 190 196 206
 220 230 238 239 253 261 271 290 298 307 317 322 335 345 341 347 361 340
 323 324 334 308 309 292 287 275 288 293 299 303 264 263 234 218 217 209
 199 198 197 195 191 185 178 172 155 168 186 180 181 187 165 157 118 114
 103 119 113  99  92  86 104  90  70  71  80  81  75  82  96 100 107 111
 106 112 122 143 151 167 153 150 158 166 179 184 177 221 232 241 260 251
 247 227 219 214 208 207 226 224 228 243 255 259 284 304 305 312 318 311
 327 333 339 359 352 363 366 368 374 376 379 394 403 407 412 433 434 429
 417 411 428 418 381 383 380 375 354 343 330 319 301 281 278 265 245 222
 216 212 205 203 189 182 173 183 194 200 213 580 229 246 257 586 581 582
 578 573 571 569 568 562 561 564 560 565 563 558 553 548 547 546 545 544
 543 549 550 554 555 557 551 556 559 509 508 133 136 507 503 501 500 495
 492 489 493 499 502 504 126 135 125 506 498 496 490 487 488 484 514 515
 518 517 516 538 539 540 541 635 634 633 632 631 629 630 636 637 641 640
 638 639 536 537 534 535 532 531 529 523 533 530 524 522 525 526 527 521
 519 520 474 477 478 479 481 480 485 486 482 472 471  76  83  89  94 108
  88  87  95 109 144 145 152 160 174 193 211 256 267 282 285 295 302 296
 297 280 273 258 266 592 279 598 600 607 610 606 605 601 595 591 596 597
 594 602 611 612 613 615 616 617 618 620 622 408 356 337 306 331 355 360
 336 316 329 315 314 313 328 332 338 344 353 362 367 382 392 384 406 413
 425 424 419 410 402 395 385 396 378 357 351 358 373 401 405 414 431 423
 432 386 377 365 369 350 326 320 310 300 276 270 268 252 242 250 223 249
 272 277 291 286 283 274 244 233 175 188 192 176 146 134 123 110 105 121
 149 154 147 120 139 148 161 170 169 171 204 215 225 236 248 254 294 325
 321 342 348 349 364 370 388 397 430 435 436 422 389 398 400 404 415 421
 439 437 438 420 409 416 399 371 390 391 372 346 289 262 269 237 231 235
 210 163 156 141 117 131 138 129  79  60  53  64  78   6   5   4   3   2
   1  10   8   9   7  11  12  24  21  14  15  22  29  43 470 475 476 513
 512 528 510 159 511 567 201 202 574 577 576 583 584 585 588 599 603 604
 609 593 590 587 579 575 656 572 626 655 654 653 627 651 650 649 652 648
 647 645 646 644 643 642 542 628 552 566 570 589 608 614 621 623 619 625
 624 427 426 393 387 240 102  85   0]
Value - initial: 285148391, final: 14490351, improveup: 19.6785013006

data-line;i;285148391;f;14490351;t;7.9850230217;c;-2;fv;[14490351L];cv;-1;imp;19.6785013006;type;rvnd;inum;5;w;1

time;7.9850230217;man_time;0;neigh_time;0
man_time;0;man_merge_sol;0;man_best_sol;0;man_combine_sol;0

Waiting [0]
Terminating workers True 0 0
MPI TERMINATING
