pydf_home: /home/rodolfo/git/Sucuri
simple_pycuda_home: /home/rodolfo/git/simple-pycuda
wamca2016path: /home/rodolfo/git/wamca2016/
localpath: /home/rodolfo/git/dvnd-df/code/dvnd-df/src/
WAMCAPATH:/home/rodolfo/git/wamca2016/
param: {solution_index:4, solution_instance_index:4, multi_gpu:True, goal:False, problem_name:ml, number_of_moves:10, device_count:2, solver:rvnd, mpi_enabled:True, workers:1}
Using already created file:  wamca2016lib.so
Size: 501 - file name: 05_TRP-S500-R1.tsp

Value - initial: 33110281-[278   8 157 174 340 183 189 152  87 436 367 222   6 439 243  26 128 419
 131 497 236 404 140 379 264 242 248 417   3 112 162 106 206  63 176  85
 241 124 105 366  86 309 261 471 235 380  67 282 423 145 306 421 467 265
 269 311  25  60 155 281 258  44 317 146 253 345 249 455 427 149 454 401
 161  61 410 420 480 277 268 297 137 250  80 321 292 286  73 434 291 215
 475 118 331  36 307  89 167 125 219 447 139 201 481 335 143  13 342  94
 120 359 111  99 175 226 385 431  58 221 263 270  37 458 246  46 197 357
 451  51 479 255 326 353 108 293 283 284 122 341 495   4 202 117 208 280
 272 373 178 142 163 344  78  45 181 338 457  54 212 254  83 204  23 308
 314  43  47 193 147 459  14 478 148  76  49 187  31 320  27 228 351   0
 294  24 349 360 386 374 416 498 133 333 245 456 177 369 493 252 460  98
 299 363 260 324 209 441 199   9  40 102 313  52  10 196  68 288 251 334
 405 318 412 237 190 303  48 213 358  93  34 275  30 327 403 377  53 387
 355 132  69 285  90 425  59 240  75  72 267 130  91  88 323 468  42 476
 259 229 446 329 491 205 210 239 348 395 482 180   1 432 160 169  16 343
  70 168 113  15 426 287 400 332 433 198 464 487  19 100 445 188 289 224
 227 304  41 392 490 364 496  74 231 134 399 402 262 273 378 182  35 390
 430 383 407  97 350 220 214 469 192 141 450 486 115  32 474 347   7 104
 444 449 154 158  92 298 257 492 274  77 138 488 376 391  20 422 406 172
 290  82 266 438 315 171 238 185  38 186 103 330  21 121 127  95 135 153
 368 413  55 372  84 156 494  65 408 325 465 339 319 256 388 437 461 230
 216 381  96 485 110 296 223  18  33 179 279 119 448 207 247 354  64 489
 328  71 463 123 316 442 184 116 384  39 218 435 470  56 473  11 136  79
 440 409 217 443 150 144 114  50 302 295 361 225 336 453  12 499 365 244
 129   5 271 393 101 370 200 389 337 418 165 396  62 322 276 233 159 211
 173  17 414 394 428 312 483 398 300 477 346 382 429 170  66  22 301 397
 466  29 194 411 107 375 305 126 109 164 362 166   2 424 234 371 452 232
 415 195  57 191 203 310 462  28 151  81 484 356 352 472 500] - 33110281
Solver: RVND, number of workers: 1
Setting feeder affinity
I am the master. There are 1 mpi processes. (hostname = gpu01)
Roots [<pyDF.nodes.Feeder object at 0x7ff62f321ad0>]
Starting 0
Main loop
I am worker 0
GPU0
set random seed!
Initial: 33110281-[278   8 157 174 340 183 189 152  87 436 367 222   6 439 243  26 128 419
 131 497 236 404 140 379 264 242 248 417   3 112 162 106 206  63 176  85
 241 124 105 366  86 309 261 471 235 380  67 282 423 145 306 421 467 265
 269 311  25  60 155 281 258  44 317 146 253 345 249 455 427 149 454 401
 161  61 410 420 480 277 268 297 137 250  80 321 292 286  73 434 291 215
 475 118 331  36 307  89 167 125 219 447 139 201 481 335 143  13 342  94
 120 359 111  99 175 226 385 431  58 221 263 270  37 458 246  46 197 357
 451  51 479 255 326 353 108 293 283 284 122 341 495   4 202 117 208 280
 272 373 178 142 163 344  78  45 181 338 457  54 212 254  83 204  23 308
 314  43  47 193 147 459  14 478 148  76  49 187  31 320  27 228 351   0
 294  24 349 360 386 374 416 498 133 333 245 456 177 369 493 252 460  98
 299 363 260 324 209 441 199   9  40 102 313  52  10 196  68 288 251 334
 405 318 412 237 190 303  48 213 358  93  34 275  30 327 403 377  53 387
 355 132  69 285  90 425  59 240  75  72 267 130  91  88 323 468  42 476
 259 229 446 329 491 205 210 239 348 395 482 180   1 432 160 169  16 343
  70 168 113  15 426 287 400 332 433 198 464 487  19 100 445 188 289 224
 227 304  41 392 490 364 496  74 231 134 399 402 262 273 378 182  35 390
 430 383 407  97 350 220 214 469 192 141 450 486 115  32 474 347   7 104
 444 449 154 158  92 298 257 492 274  77 138 488 376 391  20 422 406 172
 290  82 266 438 315 171 238 185  38 186 103 330  21 121 127  95 135 153
 368 413  55 372  84 156 494  65 408 325 465 339 319 256 388 437 461 230
 216 381  96 485 110 296 223  18  33 179 279 119 448 207 247 354  64 489
 328  71 463 123 316 442 184 116 384  39 218 435 470  56 473  11 136  79
 440 409 217 443 150 144 114  50 302 295 361 225 336 453  12 499 365 244
 129   5 271 393 101 370 200 389 337 418 165 396  62 322 276 233 159 211
 173  17 414 394 428 312 483 398 300 477 346 382 429 170  66  22 301 397
 466  29 194 411 107 375 305 126 109 164 362 166   2 424 234 371 452 232
 415 195  57 191 203 310 462  28 151  81 484 356 352 472 500]
Final time: 4.98786401749s - Best: 1987068-[278 202 299  43 285 309 185  55 196 372 328 297 263 313 104 272 192 224
 149   8 164 135 321 258 106 495 241 461 493 429 397 498 374 323 173 315
 424 399 442 465  24 462 283  11 314 401 127 256 375 231 249  46 257 186
 363 145 355 428 334 151 108 405 147 455 435 367  57 191 269 407 156  20
  54 128 294 402 253 404 157 201 467 485 141 448 190 255  95 354 207 365
 487  25 475  90 187 473 412  79  14 484 391 161 333  75 312 426 205 126
 250 227 298 245 274 370 388  68 308  72 212 302   6 248  52 438  16 447
 411 403 160 439 129 239 226 204 109 208 380 216 451 233 211 479 460 102
  94 332 386 336 268 395 262  73 417  78 348  19 301 330  44 373 179 116
 344 303 235 452  18   0 270 229 489 296 280 139 376  21 413  86 123  91
 444 171 282 276 217  41 469  32  80  84 463  48 113 121 169 486  83  59
 339 445   7 111  39 246   5 356 236 142 112 193  88 232 146  38 436 195
 394  76 266 420  62 362  81  87 210 326 352 277 124  35 379 368 497 176
 409 318  74 427 408 359 132 103 240 331 483 214  64 418 143 259 125 398
 110  85 220 264 101 490 197 159 228 471 316 115 425  26 189  66 162 324
 347  60 499 261 118 219 414 341 337 286 213 172 335 200 470 136  33 319
 383  28 182 351 305 481 117  45 311 450 369 377 488   2 168  50 170  92
 167 393 273 434  36 119 459 295 131 338 415 350 458 449 134 443 340 122
 199 472 225 441  27 491 476 267 188 289  34 371 456 130  37 244 446 474
   9 454 482 342  23 400 153 107  53 150 271  63 327 320 360 353 287 198
 158 464  71 364 174 382 419 431 181  82 358 416 345 221 421 496 325  67
 480 300 384 114  17   1 144  40 252 357 206  58 406 343 433 100 396  77
 209 389  29  47 180 183 378  10 105  31  13 194 500 242 234 423 361 437
 422 346 468 230 154 184  56 310 390  61 317 478 137 292 163  42 453 140
 251 349 279 387  89  12 275  70 307 155 466 281 203  93  99 290  69 265
 238 381 457 215 152 293 306 304 237  97 288 430 494 218 120 322 477 148
  49 366  65 440  15  96 177 138 385 175 410  30 223 178   4 284 329 432
 291 165 254 392 133 492 243  98 166 222 260  51 247   3  22]
Value - initial: 33110281, final: 1987068, improveup: 16.6628826995

data-line;i;33110281;f;1987068;t;4.98786401749;c;-2;fv;[1987068L];cv;-1;imp;16.6628826995;type;rvnd;inum;4;w;1

time;4.98786401749;man_time;0;neigh_time;0
man_time;0;man_merge_sol;0;man_best_sol;0;man_combine_sol;0

Waiting [0]
Terminating workers True 0 0
MPI TERMINATING
