pydf_home: /home/rodolfo/git/Sucuri
simple_pycuda_home: /home/rodolfo/git/simple-pycuda
wamca2016path: /home/rodolfo/git/wamca2016/
localpath: /home/rodolfo/git/dvnd-df/code/dvnd-df/src/
WAMCAPATH:/home/rodolfo/git/wamca2016/
param: {solution_index:5, solution_instance_index:93, multi_gpu:True, goal:False, problem_name:ml, number_of_moves:10, device_count:2, solver:rvnd, mpi_enabled:True, workers:1}
Using already created file:  wamca2016lib.so
Size: 657 - file name: 06_d657.tsp

Value - initial: 283620675-[498  33 445  78 433 630 111 221  42 190 612 628 490 209 592 201  57 171
 182 196   9 130 330 282 348 618 413 403 314 412  61 639  81 147 591 335
  72 255 316 476 346 250 160 515 303 531  12 378 573 513  36 288 624 475
 486 156 635 468 192 449 164 300 641 152 253 521 629 132 454 382 394 524
  34 140 410  94 226 359 579 354 427  99 557 379  48 326 232  97 297 566
 117 547 399 313 488 166 308 590 594  32  69 617 637  70 356 620 219 574
 649 233   8 380 527 555 610 444 650 516 186 561 259 533 237 353 170 180
 416 215 447 385 372 481 360 572  22 423 491 178 343 295 530 502 448 375
 388 377 514 598 406 154 301 128 165  79 512  50 391 455 261 262 456 496
 122 511 120 587 194 349 523 129 157 541  91 632 432 131 168 184 368 396
 517 254 419 505 576 331 526 434 525 422 350  89 172 256 429 210 355 106
  77  49 364 471  65 234 319  35  63 332 452  58 278  52  68 578 369 473
 167  67 536 613 482 239 202  44 366 191 430 327 139 224  19 112 126  13
 492 291 404 193 306 108  84 485 507 272 539 197  53 489 602 336 136 465
  73 606 460 640 339 241 276 420 138   0 622 529  11 487 231 104 463 207
  62 653 362 220 242 478 269 459 283 466 292 195 638 402  17  31 281 114
  54 400 508 442   4 544  43 438 621  14 279 310 600 501 247 371 520 204
 611 203 387 311 198  66  41 148 483 538 173 273  10 155 546 298  76 212
 238  90 263 495  87 187  26 625  27 407 604 409 153 457 211 258 137  38
 509 146 469 607 654  95 317 345  21  29 528  96 601 548 648 411   2 401
 357 289 352 347 185 389 367 534 248 428 214 183  47 149 415 158  82  74
   1 651 461 605  59 270 414 260  75 626 142 425 551 560 277 199 615 223
  80 439 361 266  56 133 593 424 302 450 568 383 218 236 472 144 121 363
 287 271 323 244 562 113 328 397 240  28  40 567 570 484 329  45 284 599
 169 643 222 582 321 249 150 627 550 286 614 333 503 563  30 110 213  88
 497 151 537 228 351 603  71 177 464 265 318 175 426 558 145 235 123  86
 179 431   5 370 124 116 305 181 115 392 243 652 644 504 480 588 608 280
 320  92 586 384 395 633 506 619 216 119 189 101 102 479 532 453 446 642
 589 340 569 324 467 200 381 631 597 188 304 257  93 554 474 636 418 246
 543 494 334 135 230  39 294 159  46 553 499 163 315 100  60 559 141 522
 435 585 647 134 596 103 390 552 296 337 580   6 634 571 373 309 118 206
 174 267  37 386  15  83 312 440 376 575 584 251 535 358 365 565 540 556
 545 307 583 109  24 577 299 500 458 393 417 609 342  16  23 646 408 229
 341 162  85   3 564  25 581 105 518 322   7 344  64 462  51 656 493 268
 510 470 623 107 125 176 542 143 227 225  98  20 421 161 245 549 293 405
 437 205 441 338  18  55 374 477 398 443 616 252 655 645 451 436 325 274
 264 208 290 217 127 285 595 519 275] - 283620675
Solver: RVND, number of workers: 1
Setting feeder affinity
I am the master. There are 1 mpi processes. (hostname = gpu01)
Roots [<pyDF.nodes.Feeder object at 0x7efc85835ad0>]
Starting 0
Main loop
I am worker 0
GPU0
set random seed!
Initial: 283620675-[498  33 445  78 433 630 111 221  42 190 612 628 490 209 592 201  57 171
 182 196   9 130 330 282 348 618 413 403 314 412  61 639  81 147 591 335
  72 255 316 476 346 250 160 515 303 531  12 378 573 513  36 288 624 475
 486 156 635 468 192 449 164 300 641 152 253 521 629 132 454 382 394 524
  34 140 410  94 226 359 579 354 427  99 557 379  48 326 232  97 297 566
 117 547 399 313 488 166 308 590 594  32  69 617 637  70 356 620 219 574
 649 233   8 380 527 555 610 444 650 516 186 561 259 533 237 353 170 180
 416 215 447 385 372 481 360 572  22 423 491 178 343 295 530 502 448 375
 388 377 514 598 406 154 301 128 165  79 512  50 391 455 261 262 456 496
 122 511 120 587 194 349 523 129 157 541  91 632 432 131 168 184 368 396
 517 254 419 505 576 331 526 434 525 422 350  89 172 256 429 210 355 106
  77  49 364 471  65 234 319  35  63 332 452  58 278  52  68 578 369 473
 167  67 536 613 482 239 202  44 366 191 430 327 139 224  19 112 126  13
 492 291 404 193 306 108  84 485 507 272 539 197  53 489 602 336 136 465
  73 606 460 640 339 241 276 420 138   0 622 529  11 487 231 104 463 207
  62 653 362 220 242 478 269 459 283 466 292 195 638 402  17  31 281 114
  54 400 508 442   4 544  43 438 621  14 279 310 600 501 247 371 520 204
 611 203 387 311 198  66  41 148 483 538 173 273  10 155 546 298  76 212
 238  90 263 495  87 187  26 625  27 407 604 409 153 457 211 258 137  38
 509 146 469 607 654  95 317 345  21  29 528  96 601 548 648 411   2 401
 357 289 352 347 185 389 367 534 248 428 214 183  47 149 415 158  82  74
   1 651 461 605  59 270 414 260  75 626 142 425 551 560 277 199 615 223
  80 439 361 266  56 133 593 424 302 450 568 383 218 236 472 144 121 363
 287 271 323 244 562 113 328 397 240  28  40 567 570 484 329  45 284 599
 169 643 222 582 321 249 150 627 550 286 614 333 503 563  30 110 213  88
 497 151 537 228 351 603  71 177 464 265 318 175 426 558 145 235 123  86
 179 431   5 370 124 116 305 181 115 392 243 652 644 504 480 588 608 280
 320  92 586 384 395 633 506 619 216 119 189 101 102 479 532 453 446 642
 589 340 569 324 467 200 381 631 597 188 304 257  93 554 474 636 418 246
 543 494 334 135 230  39 294 159  46 553 499 163 315 100  60 559 141 522
 435 585 647 134 596 103 390 552 296 337 580   6 634 571 373 309 118 206
 174 267  37 386  15  83 312 440 376 575 584 251 535 358 365 565 540 556
 545 307 583 109  24 577 299 500 458 393 417 609 342  16  23 646 408 229
 341 162  85   3 564  25 581 105 518 322   7 344  64 462  51 656 493 268
 510 470 623 107 125 176 542 143 227 225  98  20 421 161 245 549 293 405
 437 205 441 338  18  55 374 477 398 443 616 252 655 645 451 436 325 274
 264 208 290 217 127 285 595 519 275]
Final time: 10.1751098633s - Best: 14694063-[498 496 494 497  95  87  88  89  94  83  76  82  75  81  80  71  66  61
  47  43  38  34 469  37  42  46  58  70  90 104 120  99  92  86  55  48
  52  57  59  69  72  65  50  54  49  44  45  41  39  36  35  33  32  28
  29  30  27  26  25  23 440 441 443 446 447 445 444  19  18  13  17  16
  20  15  14  21  24  12  11  10   8   9   7  53  60  64  79 101 116 128
 130 137 140 132 115  93  98  97  91 102 114 118 103 113 119 157 165 187
 181 180 186 191 198 199 197 195 185 178 172 168 155 142 129 131 138 163
 156 164 162 190 196 206 209 217 218 220 230 238 239 253 261 271 263 264
 240 204 171 169 170 161 148 139 147 154 149 121 105 112 122 106 111 107
 100  96 110 123 108 109 127 144 145 152 160 174 189 182 183 173 159 510
 509 508 133 136 507 500 501 503 502 499 495 492 489 484 488 487 490 486
 485 480 481 479 476 477 478 515 514 516 517 518 519 520 521 527 526 525
 522 524 530 533 523 529 531 532 535 534 536 537 538 539 540 541 635 639
 638 640 641 637 636 634 633 632 631 630 629 628 552 546 545 544 547 548
 553 558 563 565 560 564 561 562 568 569 571 573 577 576 584 583 591 596
 597 602 608 610 607 606 605 601 600 598 279 592 297 296 302 295 301 281
 278 285 282 267 256 286 283 274 272 277 291 339 328 313 314 315 316 319
 330 331 355 360 354 343 336 329 332 338 344 353 362 352 363 359 366 368
 374 376 379 384 392 382 367 375 380 383 381 393 418 428 411 417 429 434
 433 412 407 403 394 385 395 402 406 413 425 419 424 431 423 432 401 405
 414 410 396 378 373 358 351 357 333 318 327 311 312 305 304 284 259 255
 243 228 224 226 250 242 219 214 208 221 232 241 247 251 260 268 252 270
 276 300 310 320 326 350 369 365 377 386 387 430 435 436 422 421 415 404
 400 389 397 388 370 364 349 348 342 334 346 340 335 345 361 347 341 322
 307 317 323 324 303 299 293 288 308 309 321 325 294 292 287 275 254 248
 236 225 215 177 184 179 166 158 150 143 153 167 151 146 134 124 505 506
 125 135 193 203 205 212 216 222 245 265 273 258 266 280 306 337 356 615
 616 617 618 620 622 408 426 427 624 625 619 613 595 582 578 574 570 566
 557 555 554 550 549 543 551 556 559 528 126 504 493 491 482 472 483 471
 467 465 461 454 451 452 450 448 449 453 458 464 468 466 462 463 442  31
  22  40  63  68  73  74  84  77  78   6   5 117 141 210 235 231 237 269
 289 298 290 262 234 227 207 176 192 188 175  67  56  62  51 470 460 459
 455 473 456 457 475 474 513 512 511 567 202 201 194 200 213 580 229 246
 257 581 586 589 594 611 612 623 621 614 609 604 603 599 593 590 587 588
 585 579 575 656 572 626 655 654 627 653 652 651 650 649 648 647 645 646
 644 643 642 542 211 244 233 249 223 372 391 409 390 371 399 416 438 420
 437 439 398  85   4   3   2   1   0]
Value - initial: 283620675, final: 14694063, improveup: 19.3017190004

data-line;i;283620675;f;14694063;t;10.1751098633;c;-2;fv;[14694063L];cv;-1;imp;19.3017190004;type;rvnd;inum;5;w;1

time;10.1751098633;man_time;0;neigh_time;0
man_time;0;man_merge_sol;0;man_best_sol;0;man_combine_sol;0

Waiting [0]
Terminating workers True 0 0
MPI TERMINATING
