pydf_home: /home/rodolfo/git/Sucuri
simple_pycuda_home: /home/rodolfo/git/simple-pycuda
wamca2016path: /home/rodolfo/git/wamca2016/
localpath: /home/rodolfo/git/dvnd-df/code/dvnd-df/src/
WAMCAPATH:/home/rodolfo/git/wamca2016/
param: {solution_index:5, solution_instance_index:3, multi_gpu:True, goal:False, problem_name:ml, number_of_moves:10, device_count:2, solver:rvnd, mpi_enabled:True, workers:1}
Using already created file:  wamca2016lib.so
Size: 657 - file name: 06_d657.tsp

Value - initial: 277104438-[ 87 252 486 557 551 653 464 654 149 490  94 398 357 330  47 545   4 346
 430 181 167 650  24 386 166 474  60 214 208 598 184 253 373  85 623 204
 501  53 271 407 250 618 600 591 461 262  90 275 263 104 277 448 503 590
  71 257  13 423 266 647 426 334 485 542 203 297 305 400 446 637 427 156
  97 339 420  99 376  44 127 200 178 237 613 401 546 351 247  89 139 651
 544 566 201 475 422 449  35 341 115 652 558 511 114 269 129 337 236 375
 130  63  22 478 355 576 183 438 372 594 303 179 160 520  30 633 248 175
 601 211 293 560 480  61 122 258 592 406 572   3 325 603 227 409 259  31
 366 583 353  70 286  11 306 349 223 617 153 624 360 437 447 313 103 300
 569 625 321 381 517 333  65 521 555 379 188 443  41 369 380 221 212   2
 241 388 265 118  88 394 582 141 174 133 294  32  80  95 222 404 595  33
 361 589 276  79 627 348 285 192 556 168 602 531 307   8  45 332  20 268
 281  74  73 218 432   7 431 148 358  62 242 491  46 264 471 135 316 205
 587 126 131 147 384 243 492  42 170 143 320  82 516 190  16 226 635 370
 581 287 364  10 368  54 444 199 216 225 596 577 467 125 314 315 367 638
 509 230 609 171 389 224 513 112  48 193 512 605 548 163 106  28 238 502
  15  83 291 526  86 537 232 507 187 234 111 642 134 136 484  29 312 442
 641 304 606 387 460 408 140 468 580 142  93 317 472 499 504 102 298  78
  14  72 588 424 378 479 463 209 172 402 631 283 527 343 500 374 648  49
 347 280 352 344 495 220  26 429 288 634 466 182 215 110 561 124 233 161
 459 645 194 416 217 655   1 403 385 456 105 177 540 584 383  23 235  12
 585  68 121 377  51 198 488 260 413 245  77 575 639 457 371 310 318 159
 329 392  92 322 350 146 436 621 493 629 539 441 564 239 498  34  59 119
 451 326 528 412 154 505 656 323  57 563 614 296  66 144 425 519 151 541
 328  27 244 454  75 518   5  36 254 646 231 157 476 473 532 538 158 336
  58 607 213 450  40 553 100  81  43 138 626 290 270 536 497 261 514 101
 340  19 162 644 515 267 462 210  21 522 282  84 573 565 615 324 186 440
  67 562 568 616 506 165 116 120 530 622 604  37 169 494 202 529 180 123
 434 620 535 643  18 619  38  69 578 228 390 487 410 274 273 550 418 393
 395 415 155 391 455 338  56 574 433 593 397 295  39 508 108 255 417 128
 567 137 342 533 382 628 559 189 396 145 256 489 549  25 579 289   0  17
 109 608 632 363 356 132 610 272 117 552 571  55 196 525 279  98 482 470
 649 586  50 496 469 308 419 278 195  91 439 207 465 399 543 284 311 301
 246  52 107 477  96 452 150 365 611 152 240 428 251 483 345 292 534   9
 164 630 327 421 510 362 414 547 458 335 219 636 599 405 597  64 191 481
 612 640 445 331 197 173 302 554 524 249 359 523 185  76 453 206 113 570
 309 411 354   6 176 229 435 319 299] - 277104438
Solver: RVND, number of workers: 1
Setting feeder affinity
I am the master. There are 1 mpi processes. (hostname = gpu01)
Roots [<pyDF.nodes.Feeder object at 0x7feb967f8ad0>]
Starting 0
Main loop
I am worker 0
GPU0
set random seed!
Initial: 277104438-[ 87 252 486 557 551 653 464 654 149 490  94 398 357 330  47 545   4 346
 430 181 167 650  24 386 166 474  60 214 208 598 184 253 373  85 623 204
 501  53 271 407 250 618 600 591 461 262  90 275 263 104 277 448 503 590
  71 257  13 423 266 647 426 334 485 542 203 297 305 400 446 637 427 156
  97 339 420  99 376  44 127 200 178 237 613 401 546 351 247  89 139 651
 544 566 201 475 422 449  35 341 115 652 558 511 114 269 129 337 236 375
 130  63  22 478 355 576 183 438 372 594 303 179 160 520  30 633 248 175
 601 211 293 560 480  61 122 258 592 406 572   3 325 603 227 409 259  31
 366 583 353  70 286  11 306 349 223 617 153 624 360 437 447 313 103 300
 569 625 321 381 517 333  65 521 555 379 188 443  41 369 380 221 212   2
 241 388 265 118  88 394 582 141 174 133 294  32  80  95 222 404 595  33
 361 589 276  79 627 348 285 192 556 168 602 531 307   8  45 332  20 268
 281  74  73 218 432   7 431 148 358  62 242 491  46 264 471 135 316 205
 587 126 131 147 384 243 492  42 170 143 320  82 516 190  16 226 635 370
 581 287 364  10 368  54 444 199 216 225 596 577 467 125 314 315 367 638
 509 230 609 171 389 224 513 112  48 193 512 605 548 163 106  28 238 502
  15  83 291 526  86 537 232 507 187 234 111 642 134 136 484  29 312 442
 641 304 606 387 460 408 140 468 580 142  93 317 472 499 504 102 298  78
  14  72 588 424 378 479 463 209 172 402 631 283 527 343 500 374 648  49
 347 280 352 344 495 220  26 429 288 634 466 182 215 110 561 124 233 161
 459 645 194 416 217 655   1 403 385 456 105 177 540 584 383  23 235  12
 585  68 121 377  51 198 488 260 413 245  77 575 639 457 371 310 318 159
 329 392  92 322 350 146 436 621 493 629 539 441 564 239 498  34  59 119
 451 326 528 412 154 505 656 323  57 563 614 296  66 144 425 519 151 541
 328  27 244 454  75 518   5  36 254 646 231 157 476 473 532 538 158 336
  58 607 213 450  40 553 100  81  43 138 626 290 270 536 497 261 514 101
 340  19 162 644 515 267 462 210  21 522 282  84 573 565 615 324 186 440
  67 562 568 616 506 165 116 120 530 622 604  37 169 494 202 529 180 123
 434 620 535 643  18 619  38  69 578 228 390 487 410 274 273 550 418 393
 395 415 155 391 455 338  56 574 433 593 397 295  39 508 108 255 417 128
 567 137 342 533 382 628 559 189 396 145 256 489 549  25 579 289   0  17
 109 608 632 363 356 132 610 272 117 552 571  55 196 525 279  98 482 470
 649 586  50 496 469 308 419 278 195  91 439 207 465 399 543 284 311 301
 246  52 107 477  96 452 150 365 611 152 240 428 251 483 345 292 534   9
 164 630 327 421 510 362 414 547 458 335 219 636 599 405 597  64 191 481
 612 640 445 331 197 173 302 554 524 249 359 523 185  76 453 206 113 570
 309 411 354   6 176 229 435 319 299]
Final time: 18.1577792168s - Best: 15306762-[ 87  95  88  83  76  89  94 108 109 505 498 496 497 494 491 486 490 485
 480 481 487 488 484 489 492 495 499 502 503 501 500 507 133 136 126 504
 135 125 506 124 127 145 144 188 192 223 243 228 224 226 242 250 270 276
 268 252 227 219 214 208 184 177 179 166 158 150 153 143 111 100 107 106
 122 112 105 121 149 154 147 148 139 113 119 103  85  91  93  98  97 102
 114 118 157 169 171 215 225 236 248 254 232 241 247 251 260 294 325 321
 309 308 303 299 293 288 264 263 271 261 253 234 218 217 209 206 220 230
 239 238 235 231 210 196 190 164 162 172 178 185 195 197 199 198 191 186
 180 181 168 155 140 132 137 142 138 131 129 128 130 116 101  84  74  77
  73  68  63  45  44  49  54  50  40  28  21  14  15  20  16  17  13  18
  19 444 445 447 446 443 441 440  23  27  30  26  25 442 449 448 453 450
 452 451 454 461 465 467 460 459 455 473 456 457 475 476 477 478 515 514
 518 517 516 513 512 528 559 556 551 543 549 550 557 555 554 558 553 548
 547 544 545 546 552 628 562 561 564 560 563 565 566 570 201 202 580 229
 246 257 279 592 598 600 601 605 606 610 607 337 356 306 297 296 280 266
 258 273 265 281 301 295 302 319 330 331 355 360 354 343 336 353 344 338
 332 315 314 313 328 339 359 352 363 366 368 374 376 385 378 396 395 402
 406 413 410 414 405 401 432 423 431 424 419 425 433 434 429 412 407 403
 394 379 384 392 382 411 417 428 418 426 427 408 622 620 618 617 616 615
 393 381 383 380 375 367 362 329 316 285 278 245 222 216 212 213 200 194
 183 173 182 189 174 193 211 233 244 256 267 282 286 283 274 272 291 277
 249 176 146 134 123 110  96  82  67  56  62  51  47  43  38  42  46  37
  34 469 468 466 464 458 462 463  31  55  48  52  57  59  69  72  65  41
  39  36  35  33  32   7  53  60  64  79 115 165 187 204 275 287 292 324
 323 317 307 322 341 347 361 345 335 340 346 334 342 348 364 370 397 388
 349 326 320 350 369 365 377 386 373 358 351 357 333 318 312 305 304 311
 310 300 221 170 161 120  99  92  86 104  90  70  80  81  75  71  66  61
 470 471 483 482 472 479 474 520 519 521 527 526 525 522 524 530 533 523
 529 531 532 535 534 538 539 540 541 537 536 642 643 644 646 645 641 640
 639 638 637 636 634 635 633 632 631 630 629 651 650 649 647 648 652 653
 654 655 656 575 579 585 588 587 590 593 599 603 604 609 614 621 623 619
 612 611 602 594 597 596 591 595 589 586 581 578 582 583 584 577 576 572
 626 568 569 571 573 574 567 511 509 508 510 159 160 152 175 151 167 207
 255 259 284 327 387 430 435 436 422 439 421 415 404 400 389 398 391 372
 409 420 437 438 416 390 399 371 298 290 262 289 269 237 163 156 141 117
  78   6   5   4   3   2   1  10   8   9  11  12  24  22  29  58 493 203
 205 608 613 624 625 627 542 240   0]
Value - initial: 277104438, final: 15306762, improveup: 18.1034001835

data-line;i;277104438;f;15306762;t;18.1577792168;c;-2;fv;[15306762L];cv;-1;imp;18.1034001835;type;rvnd;inum;5;w;1

time;18.1577792168;man_time;0;neigh_time;0
man_time;0;man_merge_sol;0;man_best_sol;0;man_combine_sol;0

Waiting [0]
Terminating workers True 0 0
MPI TERMINATING
