pydf_home: /home/rodolfo/git/Sucuri
simple_pycuda_home: /home/rodolfo/git/simple-pycuda
wamca2016path: /home/rodolfo/git/wamca2016/
localpath: /home/rodolfo/git/dvnd-df/code/dvnd-df/src/
WAMCAPATH:/home/rodolfo/git/wamca2016/
param: {solution_index:2, solution_instance_index:51, multi_gpu:True, goal:False, problem_name:ml, number_of_moves:10, device_count:2, solver:rvnd, mpi_enabled:True, workers:1}
Using already created file:  wamca2016lib.so
Size: 226 - file name: 03_pr226.tsp

Value - initial: 196484139-[  7 107  60  96 145  86 116 156 220 187  50  80 196  64  94   5 144 139
 115  52  67 133  29   1 216  89  93  45   9  17  62 222  74  12 142 158
 103  76 137 203 176 171 105  24 163 172  44 224  79  15 183  81  65 149
  57 112  46 200  38  36 111 130  30  58  92 101  83  90 114  35 195 209
  39  53 211 173  54 201 100  27 218  56  48 197  11 198 159 213  66 147
 215 212 119 191 120  75 202 162  84  68 124  98 152 225  63 125  37   6
 155  71 168  42   4  87 113  47  32 181  22  19  69  13 178 214 153  73
 167 150 138 131 185 165 110 127 148 121 134 157 169 194  61  14 210  95
   2 207 166 219   8 160 188  31 206 190  72 174  91 135  82  43  51 136
  78 175  21 177  99 109 193  20 221 132 118 217 184  70  33 117  16  55
 146  28  26  10 180 199 170 205 108   0 104 129 204 164 102  97 186 192
 179 151 123  18  41 208  40 182 126  34   3 154 223  23 106 143  88  85
  77  25  49 128  59 161 141 189 122 140] - 196484139
Solver: RVND, number of workers: 1
Setting feeder affinity
I am the master. There are 1 mpi processes. (hostname = gpu01)
Roots [<pyDF.nodes.Feeder object at 0x7f8cd611aad0>]
Starting 0
Main loop
I am worker 0
GPU0
set random seed!
Initial: 196484139-[  7 107  60  96 145  86 116 156 220 187  50  80 196  64  94   5 144 139
 115  52  67 133  29   1 216  89  93  45   9  17  62 222  74  12 142 158
 103  76 137 203 176 171 105  24 163 172  44 224  79  15 183  81  65 149
  57 112  46 200  38  36 111 130  30  58  92 101  83  90 114  35 195 209
  39  53 211 173  54 201 100  27 218  56  48 197  11 198 159 213  66 147
 215 212 119 191 120  75 202 162  84  68 124  98 152 225  63 125  37   6
 155  71 168  42   4  87 113  47  32 181  22  19  69  13 178 214 153  73
 167 150 138 131 185 165 110 127 148 121 134 157 169 194  61  14 210  95
   2 207 166 219   8 160 188  31 206 190  72 174  91 135  82  43  51 136
  78 175  21 177  99 109 193  20 221 132 118 217 184  70  33 117  16  55
 146  28  26  10 180 199 170 205 108   0 104 129 204 164 102  97 186 192
 179 151 123  18  41 208  40 182 126  34   3 154 223  23 106 143  88  85
  77  25  49 128  59 161 141 189 122 140]
Final time: 1.62554597855s - Best: 8356351-[  7   4   5   6   8   9  13  14  10  11  12  70  67  68  69 102 110 111
 104 103 112 113 105 106 114 115 107 108 116 117 109 132 133 134 135 225
 224 223 222 221 220 219 218 217 216 215 214 213 212 211 210 209 208 207
 206 205 204 203 202 201 200 199 198 197 196 195 194 193 192 191 190 189
 188 187 186 185 184 183 182 181 180 179 178 177 176 175 174 173 172 171
 170 169 168 167 166 165 164 163 162 161 160 159 158 157 156 155 154 149
 142 141 147 148 140 139 146 144 138 137 145 143 136 101  93  92 100  99
  91  90  98  97  89  87  96  95  88  86  94  62  61  60  59  58  57  56
  55  54  53  52  51  50  49  48  27  30  31  32  47  44  45  43  36  35
  34  33  29  28  26  25  24  23  22  21  20  19  18  17  16  66  15  71
   3   2   1   0  72  73  74  75  76  77  78  79  80  81  82  83  84  85
 118 119 120 121 122 123 124 131 129 130 128 126 127 125  65  64  63  46
  37  38  41  42 150 151 152 153  40  39]
Value - initial: 196484139, final: 8356351, improveup: 23.5131505366

data-line;i;196484139;f;8356351;t;1.62554597855;c;-2;fv;[8356351L];cv;-1;imp;23.5131505366;type;rvnd;inum;2;w;1

time;1.62554597855;man_time;0;neigh_time;0
man_time;0;man_merge_sol;0;man_best_sol;0;man_combine_sol;0

Waiting [0]
Terminating workers True 0 0
MPI TERMINATING
