pydf_home: /home/rodolfo/git/Sucuri
simple_pycuda_home: /home/rodolfo/git/simple-pycuda
wamca2016path: /home/rodolfo/git/wamca2016/
localpath: /home/rodolfo/git/dvnd-df/code/dvnd-df/src/
WAMCAPATH:/home/rodolfo/git/wamca2016/
param: {solution_index:6, solution_instance_index:21, multi_gpu:True, goal:False, problem_name:ml, number_of_moves:10, device_count:2, solver:rvnd, mpi_enabled:True, workers:1}
Using already created file:  wamca2016lib.so
Size: 783 - file name: 07_rat784.tsp

Value - initial: 70330459-[622 105 212 117 111 480 541 246 496 338 235 409 585  37 426 435 439 187
  77 517 125  39 620 197 672 649 380 129  23 417 208 189 357 710 195   4
 466 192 574 781 355 179 365 334 154 422 512 408 393 428 264 682  89 558
  21 434 199 660 571 221 166 503 598 248 169 683 779 609 168 731 756 509
 265  51 388 411 456  82 378 314 345  93 328 184  26  45 270 573 628 241
  65 124 180 386 211  98 584 772 488 340 663 363 158 511 700 602 227 448
 225 215 245 342 309 522  35 640 141 526  52 139  96 279 237 679 150 685
 728 726 445 210  74 733 765 216 313 639 527 499 371 384 190 662 742 159
 134 606 410  59 641 502 160 732 442 492 294 449 220 250 748 303 674 542
 706 467 777 539  13 579 489 414 691 153 737 331 483 151 647 281 437 155
 746 209 665 403 690 771 478  64 205 362  14 163 469 133  68 341 297 774
 735 162 430 625 177 181  15 506 458 767 638 668 398 236 604 678 174 611
 252  48 433 696  54 721 325   0  44 405 240 377 623 681 142 581 261 406
 702 595  69 350 267  97 587 723 282 633 521 601  76 330 301 207 646 763
 443 582 302 332 596 364 107 224 549  40 775 533 540 230 137 651 709 479
 636 576 529 736 745  47 603  36 555 566 524 218 485 335 424  46 244  58
 624   3 288 196  41 490   5 420   9 392 348  79 119 544 689 764 447 556
 493  86 108 379 318 256  61 655 475 354 287 701 708 465 482 773 476 535
 432 144 116 373 617 500 356 440 698 178 268 323 554 459  43 243 473 613
 407 361   7 686  25 149 561 627 712 525 438 254 337 327 383 193 692 677
  94 396 387 317 528 351 161  66 415 523 401  38 687  31  17 616 226 495
 308 358 130 487 634 497 143 699 474 312 658 491 648 315 705  10 400  53
 545 749 121 580 223 285 284 537 167 593 441  75 234  78  63 753 103 452
 463  85 515 738 782 484 450 610 311 560 324 605 427 152 543 720 599 755
 183 510 719 618 238 156 293 594 619 247 563  72 157 132 659 275 413 112
 704 367 194 481 538 676 451 404  83 321 140 146 122 204 346  67 615 191
 118  70  87 750 135 171 583 376 258 431 222  81 126 630 670 147 368 626
 381 394 752 754 494 759 165 462 758 718 128 127 464 703 570 399 722 291
 255 369 632 300 486 743 390  92 419 642 280 654 768 444 283 769  11 455
 590 352 711 276 202 366 461 673 233 695 548 217 229 446 201 766 713  32
 567 219 729 472  71 269 360 109 198 416 460 697 359 550 232 747 206 778
 577  29 516 714 316 228 578 175 559 188 477  34 498 259 471 395  84 568
 607  20  19 751 262 757 669 231 185 575 172  91 532 101 278 266 336 136
 299 289 306  28 370 343 296 104 588 257 295  18 684  12 536 271 214 298
 553  30 518 740 734 307 707 727 389 242  60  62 520 333 402 305 349  55
   8 123 569 277 418 164 534 730 412 725 592 213 621 645 113 637 131 176
 547 319 263 372 374  95 770  50 760 436 100 557 182 304 347 329 717   2
 114 203 664 675 290  73 761 249 513 546 120 762 552 173  56 657 468 671
  24 586 666 102  49 397 385 423   6 652 780  90 653 344 680  33 507 272
 608 339 597 551 572 286 688 530 260  22 724 453 600 375  27 644  42 635
 322 656 514 776 115  99 614 253 106 741 744 631 170 110 505 239 650 274
 425 326 562 320 429 565 186  80 667 273 200 501 508 693 694 661 310 457
 353 715  88 531 564 629 589 292 470 716  16 591 739   1 519 612 454 391
 251 643 504  57 145 138 382 421 148] - 70330459
Solver: RVND, number of workers: 1
Setting feeder affinity
I am the master. There are 1 mpi processes. (hostname = gpu01)
Roots [<pyDF.nodes.Feeder object at 0x7f027d8a5ad0>]
Starting 0
Main loop
I am worker 0
GPU0
set random seed!
Initial: 70330459-[622 105 212 117 111 480 541 246 496 338 235 409 585  37 426 435 439 187
  77 517 125  39 620 197 672 649 380 129  23 417 208 189 357 710 195   4
 466 192 574 781 355 179 365 334 154 422 512 408 393 428 264 682  89 558
  21 434 199 660 571 221 166 503 598 248 169 683 779 609 168 731 756 509
 265  51 388 411 456  82 378 314 345  93 328 184  26  45 270 573 628 241
  65 124 180 386 211  98 584 772 488 340 663 363 158 511 700 602 227 448
 225 215 245 342 309 522  35 640 141 526  52 139  96 279 237 679 150 685
 728 726 445 210  74 733 765 216 313 639 527 499 371 384 190 662 742 159
 134 606 410  59 641 502 160 732 442 492 294 449 220 250 748 303 674 542
 706 467 777 539  13 579 489 414 691 153 737 331 483 151 647 281 437 155
 746 209 665 403 690 771 478  64 205 362  14 163 469 133  68 341 297 774
 735 162 430 625 177 181  15 506 458 767 638 668 398 236 604 678 174 611
 252  48 433 696  54 721 325   0  44 405 240 377 623 681 142 581 261 406
 702 595  69 350 267  97 587 723 282 633 521 601  76 330 301 207 646 763
 443 582 302 332 596 364 107 224 549  40 775 533 540 230 137 651 709 479
 636 576 529 736 745  47 603  36 555 566 524 218 485 335 424  46 244  58
 624   3 288 196  41 490   5 420   9 392 348  79 119 544 689 764 447 556
 493  86 108 379 318 256  61 655 475 354 287 701 708 465 482 773 476 535
 432 144 116 373 617 500 356 440 698 178 268 323 554 459  43 243 473 613
 407 361   7 686  25 149 561 627 712 525 438 254 337 327 383 193 692 677
  94 396 387 317 528 351 161  66 415 523 401  38 687  31  17 616 226 495
 308 358 130 487 634 497 143 699 474 312 658 491 648 315 705  10 400  53
 545 749 121 580 223 285 284 537 167 593 441  75 234  78  63 753 103 452
 463  85 515 738 782 484 450 610 311 560 324 605 427 152 543 720 599 755
 183 510 719 618 238 156 293 594 619 247 563  72 157 132 659 275 413 112
 704 367 194 481 538 676 451 404  83 321 140 146 122 204 346  67 615 191
 118  70  87 750 135 171 583 376 258 431 222  81 126 630 670 147 368 626
 381 394 752 754 494 759 165 462 758 718 128 127 464 703 570 399 722 291
 255 369 632 300 486 743 390  92 419 642 280 654 768 444 283 769  11 455
 590 352 711 276 202 366 461 673 233 695 548 217 229 446 201 766 713  32
 567 219 729 472  71 269 360 109 198 416 460 697 359 550 232 747 206 778
 577  29 516 714 316 228 578 175 559 188 477  34 498 259 471 395  84 568
 607  20  19 751 262 757 669 231 185 575 172  91 532 101 278 266 336 136
 299 289 306  28 370 343 296 104 588 257 295  18 684  12 536 271 214 298
 553  30 518 740 734 307 707 727 389 242  60  62 520 333 402 305 349  55
   8 123 569 277 418 164 534 730 412 725 592 213 621 645 113 637 131 176
 547 319 263 372 374  95 770  50 760 436 100 557 182 304 347 329 717   2
 114 203 664 675 290  73 761 249 513 546 120 762 552 173  56 657 468 671
  24 586 666 102  49 397 385 423   6 652 780  90 653 344 680  33 507 272
 608 339 597 551 572 286 688 530 260  22 724 453 600 375  27 644  42 635
 322 656 514 776 115  99 614 253 106 741 744 631 170 110 505 239 650 274
 425 326 562 320 429 565 186  80 667 273 200 501 508 693 694 661 310 457
 353 715  88 531 564 629 589 292 470 716  16 591 739   1 519 612 454 391
 251 643 504  57 145 138 382 421 148]
Final time: 11.5001838207s - Best: 3411502-[622 619 624 601 584 582 607 594 591 581 566 573 549 537 545 548 544 531
 543 527 524 536 558 571 572 580 603 592 605 615 636 646 666 667 675 673
 663 649 641 631 628 614 617 609 588 570 574 557 564 569 576 600 599 583
 590 586 602 608 621 620 627 616 606 587 577 565 562 563 555 540 535 534
 520 506 504 493 495 496 486 473 479 488 492 487 474 464 449 439 402 387
 384 367 348 360 361 341 333 323 319 336 337 339 347 350 363 372 382 380
 385 379 374 390 410 417 415 401 399 413 414 431 445 458 436 433 447 463
 469 468 466 482 499 490 476 456 455 448 425 429 423 419 438 430 434 440
 416 418 409 408 407 392 376 369 349 346 344 332 320 321 329 335 325 317
 311 300 286 274 261 250 218 208 210 211 224 216 205 199 197 178 175 162
 168 156 139 127 107 104 101  76  73  88  62  38  28   4   2   9   8  11
  17   6   1  22  16   0  14  24  36  44  56  51  48  55  87  96  79  69
  66  40  45  46  52  57  64  82  93  75  97  94 111 115 132 136 142 151
 150 155 161 183 195 194 221 226 230 247 248 242 255 266 285 298 322 338
 345 352 364 370 365 357 381 386 389 400 406 424 442 437 421 432 454 462
 459 472 494 512 518 517 530 546 539 538 560 568 561 578 585 593 596 597
 589 598 612 618 640 643 659 674 679 684 689 697 691 690 680 656 648 660
 665 668 683 698 694 685 650 645 635 629 632 630 638 653 661 672 707 701
 715 722 729 730 745 740 741 751 755 763 750 727 714 702 695 693 669 662
 655 657 676 681 686 710 713 711 728 743 752 766 770 774 782 781 780 779
 769 762 749 748 726 700 699 709 720 725 739 747 765 773 772 754 753 736
 719 718 706 712 732 756 758 757 742 738 731 735 744 759 764 771 760 746
 733 737 724 703 696 682 671 664 658 651 647 625 637 639 623 595 575 567
 559 547 532 525 510 498 471 481 483 505 516 511 507 491 485 484 465 457
 452 451 444 435 428 422 394 383 362 351 342 358 355 343 327 301 312 304
 288 269 265 241 235 234 214 215 184 145 124 116 122 138 146 154 159 174
 171 179 185 204 229 238 245 254 276 275 272 277 293 316 334 326 318 324
 331 315 306 299 289 280 268 258 257 239 231 232 249 252 236 256 281 282
 287 259 262 270 271 251 240 219 227 228 243 225 220 212 196 187 182 200
 209 172 164 163 149 143 123 120 125 137 117  98  84  85  67  60  58  35
  29  18   7  19  30  21  13  34  53  41  50  31  15  20  25  26  23  27
  33   3  10  12   5  39  37  42  59  54  43  68  92  77  89 103 112 118
 121 113 108  95  90  72  65  74  86  83  78 100 105 134 133 148 141 147
 144 157 165 173 167 169 193 180 176 170 192 198 217 233 253 237 246 263
 264 279 284 296 295 303 313 314 328 340 354 356 366 393 403 405 412 398
 395 420 427 441 450 470 480 478 460 443 461 489 503 515 522 502 509 508
 501 497 477 467 453 446 426 411 397 377 378 373 368 330 308 297 283 278
 260 244 222 213 206 191 177 202 190 188 166 158 153 140 131 130 129 128
 102  91  71  81  61  49  70  63  47  32  80  99 109 114 126 152 135 110
 106 119 160 186 203 201 207 223 267 290 305 292 302 291 294 310 353 359
 371 375 391 388 396 404 514 528 500 541 526 542 521 523 513 519 552 604
 613 551 556 553 533 529 550 579 610 611 626 633 644 654 678 670 677 687
 708 704 705 721 717 734 768 777 775 767 778 776 761 688 652 692 723 716
 642 634 554 475 309 307 181 189 273]
Value - initial: 70330459, final: 3411502, improveup: 20.6156874597

data-line;i;70330459;f;3411502;t;11.5001838207;c;-2;fv;[3411502L];cv;-1;imp;20.6156874597;type;rvnd;inum;6;w;1

time;11.5001838207;man_time;0;neigh_time;0
man_time;0;man_merge_sol;0;man_best_sol;0;man_combine_sol;0

Waiting [0]
Terminating workers True 0 0
MPI TERMINATING
