pydf_home: /home/rodolfo/git/Sucuri
simple_pycuda_home: /home/rodolfo/git/simple-pycuda
wamca2016path: /home/rodolfo/git/wamca2016/
localpath: /home/rodolfo/git/dvnd-df/code/dvnd-df/src/
WAMCAPATH:/home/rodolfo/git/wamca2016/
param: {solution_index:5, solution_instance_index:88, multi_gpu:True, goal:False, problem_name:ml, number_of_moves:10, device_count:2, solver:rvnd, mpi_enabled:True, workers:1}
Using already created file:  wamca2016lib.so
Size: 657 - file name: 06_d657.tsp

Value - initial: 279455969-[543  56 503 644 125   9  93 641 236 234 154 111 386 207  52 285 342 272
 202 140 228  44 137 176 348 226  59 208 608 452 282 214  39 143 283 473
  38 402 328  72 395 306 292  27 404 344 309 197 521 622 584 554 298 599
 220 347 517 238 527 639 479 129 114 271 243 121 266 628 623 211   1  19
 524 116  84 295  78 645 329 378 227 422 113 150 463 217 438 324 163 552
  20 423 136  71 319 611  97 223 630 175 607 296 183 300 449 169 103 627
 550 614 647 219 609 502 390 246 548 153 559  40 222 357 506 142 171 224
 529 199 447 221  50 651 495 189 119 162 496 459 388 180  51 304 504 294
 417 323 469  63 172 490 625 252 364 591  54   3  67 476 481 133  47 393
 568 250 316  85 581 498 237  64 516 655 429  57 409 493  13 281 118 654
 134 335 488   6 566 360 443 525 151 235  96 505 195 338 254 561  89 117
 231 311 419  37 370 487 261  68 538 598 305 239 375 546 613 631 451 528
 602  48  66 594  23 287 545 414  77 486 539 470 361 515  15 483 480 157
 565 582  95 523 617 535 109 642  60 396 337 484 274 511 156 213 382 255
 465 418 646  43 379 164  10  16  36  22 437 553 564 275 573 653 541 571
 141 340 468 351  28 587 634  34 387 181 322 542 194  42 610  25 392 448
 424  45 147 152 603 570 373 464 428 431 289 198 652 643 131 621 532 374
 104 531 650 146 332 656 346 590 314  58 350 334 478 439 106 291 158  62
 425  31 112 318  53 303 444 381 574 632 182 193 333 190 557   7 454 139
 518 618  61 482 466 290 499 174 398 185  69 177 138 345 648 636 187 403
 549 586 286 380   5  21 127 629 426 225 491 567 353 108 411 262  74 533
  86 326 148 430 330 563 230 510 179 256 619 497 276 263 405 192 435 249
  29 204 369 102 126 562 401 601 383 620 522  75 534  91 385 508 115 512
 507  90 458 612 196 372  87 455 371  17 277 363 356 325 321 101 105 242
  83 433 588 124 576 259 389 170  81 251 349 492  18 273 537 569   0 558
 410  82 339  14 494 216 555 457 577 434 366 284 583 307   8 188 526 165
 367   4 446  11 595 301 232 413 160 616 233 327 270 412 442 166 229 540
 406 132 205 600 120  30 315 513 178 578 572  73 210 456 206 149 530  24
 159 331  79 485 427  76 400 215  26 279 244 122 547  55 489 209 408  41
 475 626 536 453 461  32 203 280 184 253 589 445  92 268 604 265  46 130
 637 436 201  88  94  33 297 519 472 278 593 343 100 514 416 362 257 293
 415 241 288 440 575  70 299 128 218 317 358 312 606 477 248 394 212 556
 500 377 592 135 579   2 391 191 633 597 649 269 240 110 155  65 520 605
 420 355 341 397 247  98 467 640 313 245 560 441 352 359 624 123  12 635
 421 585 336 145 260 107 596 368 200 354 509 460 302 432 144 450 471  49
 186 310 407 320 365 462 638  35 501 384 267 167  99 258 615 551 376 580
 544 474 399 168 308  80 173 264 161] - 279455969
Solver: RVND, number of workers: 1
Setting feeder affinity
I am the master. There are 1 mpi processes. (hostname = gpu01)
Roots [<pyDF.nodes.Feeder object at 0x7f040b90cad0>]
Starting 0
Main loop
I am worker 0
GPU0
set random seed!
Initial: 279455969-[543  56 503 644 125   9  93 641 236 234 154 111 386 207  52 285 342 272
 202 140 228  44 137 176 348 226  59 208 608 452 282 214  39 143 283 473
  38 402 328  72 395 306 292  27 404 344 309 197 521 622 584 554 298 599
 220 347 517 238 527 639 479 129 114 271 243 121 266 628 623 211   1  19
 524 116  84 295  78 645 329 378 227 422 113 150 463 217 438 324 163 552
  20 423 136  71 319 611  97 223 630 175 607 296 183 300 449 169 103 627
 550 614 647 219 609 502 390 246 548 153 559  40 222 357 506 142 171 224
 529 199 447 221  50 651 495 189 119 162 496 459 388 180  51 304 504 294
 417 323 469  63 172 490 625 252 364 591  54   3  67 476 481 133  47 393
 568 250 316  85 581 498 237  64 516 655 429  57 409 493  13 281 118 654
 134 335 488   6 566 360 443 525 151 235  96 505 195 338 254 561  89 117
 231 311 419  37 370 487 261  68 538 598 305 239 375 546 613 631 451 528
 602  48  66 594  23 287 545 414  77 486 539 470 361 515  15 483 480 157
 565 582  95 523 617 535 109 642  60 396 337 484 274 511 156 213 382 255
 465 418 646  43 379 164  10  16  36  22 437 553 564 275 573 653 541 571
 141 340 468 351  28 587 634  34 387 181 322 542 194  42 610  25 392 448
 424  45 147 152 603 570 373 464 428 431 289 198 652 643 131 621 532 374
 104 531 650 146 332 656 346 590 314  58 350 334 478 439 106 291 158  62
 425  31 112 318  53 303 444 381 574 632 182 193 333 190 557   7 454 139
 518 618  61 482 466 290 499 174 398 185  69 177 138 345 648 636 187 403
 549 586 286 380   5  21 127 629 426 225 491 567 353 108 411 262  74 533
  86 326 148 430 330 563 230 510 179 256 619 497 276 263 405 192 435 249
  29 204 369 102 126 562 401 601 383 620 522  75 534  91 385 508 115 512
 507  90 458 612 196 372  87 455 371  17 277 363 356 325 321 101 105 242
  83 433 588 124 576 259 389 170  81 251 349 492  18 273 537 569   0 558
 410  82 339  14 494 216 555 457 577 434 366 284 583 307   8 188 526 165
 367   4 446  11 595 301 232 413 160 616 233 327 270 412 442 166 229 540
 406 132 205 600 120  30 315 513 178 578 572  73 210 456 206 149 530  24
 159 331  79 485 427  76 400 215  26 279 244 122 547  55 489 209 408  41
 475 626 536 453 461  32 203 280 184 253 589 445  92 268 604 265  46 130
 637 436 201  88  94  33 297 519 472 278 593 343 100 514 416 362 257 293
 415 241 288 440 575  70 299 128 218 317 358 312 606 477 248 394 212 556
 500 377 592 135 579   2 391 191 633 597 649 269 240 110 155  65 520 605
 420 355 341 397 247  98 467 640 313 245 560 441 352 359 624 123  12 635
 421 585 336 145 260 107 596 368 200 354 509 460 302 432 144 450 471  49
 186 310 407 320 365 462 638  35 501 384 267 167  99 258 615 551 376 580
 544 474 399 168 308  80 173 264 161]
Final time: 8.57290291786s - Best: 14965919-[543 549 550 547 548 553 558 554 555 557 551 556 559 509 508 133 507 500
 501 503 502 504 126 135 125 506 505 124 127 145 144 109  95  87  88 108
  94  89  83  76  82  96 100 107 111 106 112 105 121 149 154 147 139 148
 161 170 171 169 119 103  69  59  55  46  42  38  37  34 469 463 462 464
 458 453 450 448 449 442 441 443 446 447 445 444  19  18  13  17  16  20
  22  23 440  25  26  27  30  48  52  57  72  85 118 114 102  91  97  98
  93 115 132 140 168 172 178 185 186 191 195 197 198 199 209 217 218 220
 230 239 238 262 253 261 263 264 271 290 298 307 317 322 341 347 361 345
 335 340 346 334 324 323 303 299 293 288 275 287 292 308 309 321 325 342
 348 364 370 388 397 389 400 404 415 421 422 436 430 435 387 369 365 377
 386 373 378 396 410 414 405 401 423 431 424 419 425 413 406 402 395 385
 357 351 358 327 311 304 305 312 318 333 339 328 313 332 362 367 353 344
 338 329 316 336 343 354 360 355 330 319 302 295 301 281 278 285 282 286
 283 274 272 277 291 284 259 255 243 228 224 226 242 250 270 276 268 260
 251 247 241 232 221 227 219 207 214 208 184 177 179 166 158 150 153 167
 151 143 122  81  75  80  71  66  61  58  70  90  86  92  99  65  54  49
  44  45  35  32  33  36  39  41  53  60  64  78   6   5 117 131 138 163
 156 164 162 190 196 206 234 240 248 236 225 204 187 181 180 155 142 137
 130 129 128 116 101  84  74  77  73  68  63  50  40  29  31 468 466 452
 451 454 455 473 456 457 459 460 461 465 467 470  51  62  56  67 483 472
 482 491 494 497 498 496 490 486 485 480 481 487 488 484 514 515 518 517
 516 513 512 495 492 489 493 499 136 159 510 511 183 173 182 189 174 193
 211 233 244 256 267 315 314 352 363 359 366 368 374 376 379 384 394 403
 407 412 433 434 429 392 382 411 417 428 418 380 375 383 381 393 426 427
 408 622 620 618 617 616 615 613 610 607 606 605 601 595 596 591 582 578
 581 586 257 246 229 580 213 200 194 201 202 570 567 566 565 563 560 564
 561 562 628 552 546 545 544 542 541 540 539 538 537 536 639 638 640 641
 637 636 634 635 633 632 631 630 629 651 650 649 652 653 654 655 626 572
 568 569 571 573 577 576 583 584 585 588 587 590 593 599 603 604 609 594
 597 602 611 614 621 623 625 624 619 612 608 600 598 279 592 306 297 296
 280 266 258 273 265 245 222 216 212 205 203 160 152 175 188 192 176 146
 134 123 110 104 120 113 157 165  79   4   3   2   1  10   8   9   7  11
  12  24  21  14  15  28  43  47 471 479 478 477 476 475 474 520 519 521
 527 526 525 522 524 530 533 523 529 531 532 535 534 642 643 644 646 645
 647 648 627 656 575 579 574 589 337 356 331 249 223 252 300 310 320 326
 350 349 398 439 437 420 438 416 399 371 390 409 391 372 289 269 237 231
 235 210 141 215 254 294 432 528   0]
Value - initial: 279455969, final: 14965919, improveup: 18.6728238339

data-line;i;279455969;f;14965919;t;8.57290291786;c;-2;fv;[14965919L];cv;-1;imp;18.6728238339;type;rvnd;inum;5;w;1

time;8.57290291786;man_time;0;neigh_time;0
man_time;0;man_merge_sol;0;man_best_sol;0;man_combine_sol;0

Waiting [0]
Terminating workers True 0 0
MPI TERMINATING
