pydf_home: /home/rodolfo/git/Sucuri
simple_pycuda_home: /home/rodolfo/git/simple-pycuda
wamca2016path: /home/rodolfo/git/wamca2016/
localpath: /home/rodolfo/git/dvnd-df/code/dvnd-df/src/
WAMCAPATH:/home/rodolfo/git/wamca2016/
param: {solution_index:2, solution_instance_index:73, multi_gpu:True, goal:False, problem_name:ml, number_of_moves:10, device_count:2, solver:rvnd, mpi_enabled:True, workers:1}
Using already created file:  wamca2016lib.so
Size: 226 - file name: 03_pr226.tsp

Value - initial: 185816298-[ 49  91 202 225 131  98 178  55  47  14 112 108  21 163  99 171 150  82
  27 135 218   1 174  95  60  22  23  40  69 206 199  61  77  33  66 122
 124 181  74 224 198 132  58 203  57  11 188  42 140 162  72 179 105 160
 102  59 195  79  29  39 142 151  54 115  36  25 103 141 120 146  18 116
  45 216  65 196 177 153 217 221   9 170 213 222  96 192 145 158  44  90
   5   3 110  80   4  19 208  48  43  16 194 144 164 143  35  13 147 107
   7 119  81  32 104   0  92  67 114 201  56 180 128 159 219  86 205 214
  38  30  84  17 215 185  41 125 220  62  50 176 138 173  89 183  46  28
  87  10 210  88 106 175 211  15 134 157  75 154  63  83 127 187 156  85
 212  70 167 101  24  52  31  73 161 109 133  12   8 113 111 100 223   6
 121 184 193 165  68  71  37 169 168 186 191 118 166  94  78 209 136 123
 200 126 139 207 172 117 148 155  53 137 149 152 190  34 182 189 130  93
  26 197 129  20  97  51   2 204  64  76] - 185816298
Solver: RVND, number of workers: 1
Setting feeder affinity
I am the master. There are 1 mpi processes. (hostname = gpu01)
Roots [<pyDF.nodes.Feeder object at 0x7f3bcc275ad0>]
Starting 0
Main loop
I am worker 0
GPU0
set random seed!
Initial: 185816298-[ 49  91 202 225 131  98 178  55  47  14 112 108  21 163  99 171 150  82
  27 135 218   1 174  95  60  22  23  40  69 206 199  61  77  33  66 122
 124 181  74 224 198 132  58 203  57  11 188  42 140 162  72 179 105 160
 102  59 195  79  29  39 142 151  54 115  36  25 103 141 120 146  18 116
  45 216  65 196 177 153 217 221   9 170 213 222  96 192 145 158  44  90
   5   3 110  80   4  19 208  48  43  16 194 144 164 143  35  13 147 107
   7 119  81  32 104   0  92  67 114 201  56 180 128 159 219  86 205 214
  38  30  84  17 215 185  41 125 220  62  50 176 138 173  89 183  46  28
  87  10 210  88 106 175 211  15 134 157  75 154  63  83 127 187 156  85
 212  70 167 101  24  52  31  73 161 109 133  12   8 113 111 100 223   6
 121 184 193 165  68  71  37 169 168 186 191 118 166  94  78 209 136 123
 200 126 139 207 172 117 148 155  53 137 149 152 190  34 182 189 130  93
  26 197 129  20  97  51   2 204  64  76]
Final time: 6.75928902626s - Best: 7704572-[ 49  21  22  23  24  25  26  28  29  33  34  30  31  32  47  44  45  46
  86  94  95  88  87  96  97  89  90  98  99  91  92 100 101  93 136 143
 145 137 138 144 146 139 140 148 147 141 142 149 154 155 156 157 158 159
 160 161 162 163 164 165 166 167 168 169 170 171 172 173 174 175 176 177
 178 179 180 181 182 183 184 185 186 187 188 189 135 134 133 132 190 191
 192 193 194 195 196 197 198 199 200 201 202 203 204 205 206 207 208 209
 210 211 212 213 214 215 216 217 218 219 220 221 222 223 224 225 124 131
 129 123 122 130 128 121 120 126 127 119 118 125 117 109 108 116 115 107
 106 114 113 105 103 112 111 104 102 110  85  84  83  82  81  80  79  78
  77  76  75  74  73  72   0   1   2   3   4   5   6   7   8   9  13  14
  10  11  12  71  70  15  16  17  18  64  66  67  68  69  65  63  62  61
  60  59  58  57  56  55  54  53  52  51  50  19  20  27  48  35  43  36
  37  38  41  42 150 151 152 153  40  39]
Value - initial: 185816298, final: 7704572, improveup: 24.1176664972

data-line;i;185816298;f;7704572;t;6.75928902626;c;-2;fv;[7704572L];cv;-1;imp;24.1176664972;type;rvnd;inum;2;w;1

time;6.75928902626;man_time;0;neigh_time;0
man_time;0;man_merge_sol;0;man_best_sol;0;man_combine_sol;0

Waiting [0]
Terminating workers True 0 0
MPI TERMINATING
