pydf_home: /home/rodolfo/git/Sucuri
simple_pycuda_home: /home/rodolfo/git/simple-pycuda
wamca2016path: /home/rodolfo/git/wamca2016/
localpath: /home/rodolfo/git/dvnd-df/code/dvnd-df/src/
WAMCAPATH:/home/rodolfo/git/wamca2016/
param: {solution_index:6, solution_instance_index:59, multi_gpu:True, goal:False, problem_name:ml, number_of_moves:10, device_count:2, solver:rvnd, mpi_enabled:True, workers:1}
Using already created file:  wamca2016lib.so
Size: 783 - file name: 07_rat784.tsp

Value - initial: 72112384-[601 387 128 194 172 530 291 775 654  47 339 629 320 552 675  81 368  11
 160 367 503  66 634 390 685 399 627 715 497 610 138 458 191 615 422 703
  23 149 476 725 156 204 286 622 611 701 124 493 314 127 363 755  59 474
 193 621 516 737  41 325 310 353 349 369 237 215 460 323 449 226 137 227
 468 730 593  71 258 751 571 693  33 638 486 702 617 645 424 757 376 246
 206 623 332 409 457 729 365 605 544 600 340 496 766 585 188 655 279 736
 245  78 536 524 668 109 554 224 463 494 361  51 253 254  77 502 257  12
 141 658 401 411 710 198 597 692 690 181 447 209  99 357  57 720 555 294
 473  52 296 706 378 207 640 464 782 498 352 165 674 535 238 164 547 540
 100 567 780 770   4 487  72 722  18 603 764 653 584 159 211 293 583 451
 295 161 230 650 337  50 582 440 175 303 359 670 559 772 102 133 758 501
 345 467 491 355 213 672 756  67  55 290  61 718 126 707 408 616 189 356
 136 676 466 168 448 334  95 508 581 569 392 647 469 416 456 538 461 111
 505 747 588  35 698 131  85 590 432  40 163 202 740 333 441 744 619 537
 510  93 371 648 443 196  94 300 116 646 574 264 166 753 596   2 515 694
 662 525 484 512 145 142 329 539 631 383 151 612 713  80  17 326 765  36
 519 400 511   3 362 328 577 158 548 599 528 285 606 636 178 354 115 234
  76 550 249 382 570 117 433 705 499 276 129 556  64 602 779 731 305 777
 110 531 771   8 689  86 269 522 205 358 242  69  89 420 301 445  49 523
 271 480  98 628 470   9 576 108 427 335 114 239 360  91 270 637 513 396
  16  42 575  79 592 657 309 743 607 490  62  44  20 436 549 776  97 682
 687 221 430  90 609 222 667 266 247 338 652 210 471 546 454 318 144 219
 578 659  19 489 438  43 375  70 379 292 262 669 171 561 521 232 452 719
 153 391 147 594 319 393 649  65 397 342 699 760 364 228 745 683 125 763
 308 169  84 514 261 728 506 711 727 235 642 225 216 218 132 101  30 299
 240 686 714 386 738 179 518 146 446 635 316 167 534 407 425  46 322 402
 671   1 665 304  37 255 442 580   5 428 185 105 385 708 220  74 726 624
 716 302 679 403 389  15 572 298 483 717 492 277 321 388 748  73 439  25
 704 248 472  68 543 478 633 721 282 681  75 203 306 767 479 485  39 517
 620 563 195  10 214 625 437 664 691   7 244 591 566 297 267 259 656 406
 317 208 527 312 103 273 509  21  54 307 666 459 677 236  31 381 134 587
 118 754 107 135 696  45 243 281 233 688 283 507  22 370 435 541 284 533
 697 170 272 586 180 749 415 413  53 455 746  48 197 769 573  82 500 542
 595 545 130 162  83 336  88 315 759  58 678 263 419 139 212 465 331 201
 405 564 752 426 700 774 268 481 278 453  96  24 174 551 265 651 275 184
 773  38 366 709 348 412 155 251 520 173 568 288 733 431 190 148 176  60
 344 152   6 186 482 477 732 343 347 313 187  26 739 643 750 495 560 229
 346 140 613 104 618 327 680 661 119 712 762 630 723 695 553  92 252 177
 395 192 157 183 414 256  32 529 418 372 626 122 311 608 223 778 330 374
 781 289 444  27 663 614 734 735 182 287 761 488 660   0  29 112  28 324
 280 199 598 557  87 120 217 579 558  14 350 639 154 741 423 380 373 150
 462 532 684 632 394 274  63 565 429 475 768 398 673  56 231 404 724 113
 421  13 562 260 644 143 123 200 241 504 377 250 417 434 450 341  34 384
 410 351 106 742 589 121 526 641 604] - 72112384
Solver: RVND, number of workers: 1
Setting feeder affinity
I am the master. There are 1 mpi processes. (hostname = gpu01)
Roots [<pyDF.nodes.Feeder object at 0x7f004a0f4ad0>]
Starting 0
Main loop
I am worker 0
GPU0
set random seed!
Initial: 72112384-[601 387 128 194 172 530 291 775 654  47 339 629 320 552 675  81 368  11
 160 367 503  66 634 390 685 399 627 715 497 610 138 458 191 615 422 703
  23 149 476 725 156 204 286 622 611 701 124 493 314 127 363 755  59 474
 193 621 516 737  41 325 310 353 349 369 237 215 460 323 449 226 137 227
 468 730 593  71 258 751 571 693  33 638 486 702 617 645 424 757 376 246
 206 623 332 409 457 729 365 605 544 600 340 496 766 585 188 655 279 736
 245  78 536 524 668 109 554 224 463 494 361  51 253 254  77 502 257  12
 141 658 401 411 710 198 597 692 690 181 447 209  99 357  57 720 555 294
 473  52 296 706 378 207 640 464 782 498 352 165 674 535 238 164 547 540
 100 567 780 770   4 487  72 722  18 603 764 653 584 159 211 293 583 451
 295 161 230 650 337  50 582 440 175 303 359 670 559 772 102 133 758 501
 345 467 491 355 213 672 756  67  55 290  61 718 126 707 408 616 189 356
 136 676 466 168 448 334  95 508 581 569 392 647 469 416 456 538 461 111
 505 747 588  35 698 131  85 590 432  40 163 202 740 333 441 744 619 537
 510  93 371 648 443 196  94 300 116 646 574 264 166 753 596   2 515 694
 662 525 484 512 145 142 329 539 631 383 151 612 713  80  17 326 765  36
 519 400 511   3 362 328 577 158 548 599 528 285 606 636 178 354 115 234
  76 550 249 382 570 117 433 705 499 276 129 556  64 602 779 731 305 777
 110 531 771   8 689  86 269 522 205 358 242  69  89 420 301 445  49 523
 271 480  98 628 470   9 576 108 427 335 114 239 360  91 270 637 513 396
  16  42 575  79 592 657 309 743 607 490  62  44  20 436 549 776  97 682
 687 221 430  90 609 222 667 266 247 338 652 210 471 546 454 318 144 219
 578 659  19 489 438  43 375  70 379 292 262 669 171 561 521 232 452 719
 153 391 147 594 319 393 649  65 397 342 699 760 364 228 745 683 125 763
 308 169  84 514 261 728 506 711 727 235 642 225 216 218 132 101  30 299
 240 686 714 386 738 179 518 146 446 635 316 167 534 407 425  46 322 402
 671   1 665 304  37 255 442 580   5 428 185 105 385 708 220  74 726 624
 716 302 679 403 389  15 572 298 483 717 492 277 321 388 748  73 439  25
 704 248 472  68 543 478 633 721 282 681  75 203 306 767 479 485  39 517
 620 563 195  10 214 625 437 664 691   7 244 591 566 297 267 259 656 406
 317 208 527 312 103 273 509  21  54 307 666 459 677 236  31 381 134 587
 118 754 107 135 696  45 243 281 233 688 283 507  22 370 435 541 284 533
 697 170 272 586 180 749 415 413  53 455 746  48 197 769 573  82 500 542
 595 545 130 162  83 336  88 315 759  58 678 263 419 139 212 465 331 201
 405 564 752 426 700 774 268 481 278 453  96  24 174 551 265 651 275 184
 773  38 366 709 348 412 155 251 520 173 568 288 733 431 190 148 176  60
 344 152   6 186 482 477 732 343 347 313 187  26 739 643 750 495 560 229
 346 140 613 104 618 327 680 661 119 712 762 630 723 695 553  92 252 177
 395 192 157 183 414 256  32 529 418 372 626 122 311 608 223 778 330 374
 781 289 444  27 663 614 734 735 182 287 761 488 660   0  29 112  28 324
 280 199 598 557  87 120 217 579 558  14 350 639 154 741 423 380 373 150
 462 532 684 632 394 274  63 565 429 475 768 398 673  56 231 404 724 113
 421  13 562 260 644 143 123 200 241 504 377 250 417 434 450 341  34 384
 410 351 106 742 589 121 526 641 604]
Final time: 12.5645709038s - Best: 3413463-[601 607 594 591 581 566 548 545 549 537 522 515 503 489 478 480 470 477
 467 453 450 441 427 420 412 403 405 393 398 395 373 368 378 361 341 330
 333 323 308 297 283 278 260 244 251 240 219 202 190 188 196 187 182 200
 212 220 225 236 250 252 218 208 210 211 224 205 189 168 162 175 178 197
 207 201 203 186 160 151 142 136 132 115 111 101 104 107 127 139 156 163
 164 172 158 153 128 129 140 131 130 144 147 141 121 113 108 105 100  78
  83  86  74  65  42  37  12  10   3  33  27  23  26  25  20  15  31  13
  21  34  49  61  53  41  50  68  77  89  92 102  91  71  81  85  67  60
  58  35  30  19   7  29  18   4   2   9   8  11  32  28  38  62  57  52
  46  45  40  66  69  79  96 109 116 122 138 146 154 159 171 179 185 204
 229 230 247 248 273 272 277 275 276 254 245 238 235 241 265 269 288 304
 312 301 327 343 357 334 326 318 322 298 285 266 255 267 290 305 292 306
 315 331 345 352 364 370 391 388 396 406 386 381 355 358 342 351 362 383
 389 400 422 428 435 444 451 452 457 465 483 484 505 529 533 550 525 532
 547 559 575 567 579 585 596 597 568 560 538 539 546 530 517 518 512 514
 499 490 482 476 456 438 430 434 418 416 410 417 440 447 436 433 415 401
 399 413 414 402 387 384 367 372 363 347 350 353 359 335 329 325 317 311
 310 294 274 261 256 243 228 227 259 262 270 271 287 282 281 286 300 309
 307 336 348 360 377 397 411 426 446 439 449 464 474 487 501 508 524 527
 536 543 531 544 573 582 584 619 622 624 634 642 655 657 662 669 675 673
 667 666 646 636 615 605 592 603 614 628 631 641 617 609 604 600 599 583
 590 586 602 608 606 616 627 620 621 635 629 645 650 665 668 683 660 648
 656 643 640 618 612 598 589 611 626 633 654 644 647 651 658 670 678 684
 705 689 679 659 674 680 690 691 697 721 731 738 742 757 764 759 744 735
 717 734 746 733 737 724 703 696 708 704 687 677 682 671 664 639 637 623
 625 610 593 578 561 553 516 511 507 491 485 462 454 442 437 421 432 425
 429 423 419 392 376 369 349 346 332 320 299 289 258 257 239 223 242 226
 221 194 195 183 161 155 150 135 110 106  93  82  75  97  94  88  73  76
  63  70  84  98 117 137 125 120 123 143 149 181 199 216 231 232 249 268
 280 291 302 321 344 371 374 379 380 385 390 409 408 407 455 448 459 472
 494 528 551 556 577 565 562 563 555 540 535 534 520 504 506 500 468 469
 463 475 493 495 496 521 523 542 526 541 557 564 569 576 613 632 652 688
 700 699 709 685 694 698 706 712 718 719 720 725 739 747 754 753 736 732
 756 758 767 778 776 772 773 765 761 748 749 762 769 779 780 763 781 782
 774 770 766 752 743 727 750 751 755 741 723 714 716 713 710 711 681 676
 686 695 702 693 701 707 715 722 740 745 730 729 726 692 672 663 649 661
 653 638 630 588 574 570 571 580 572 558 552 519 513 492 488 479 473 458
 445 431 382 339 337 319 295 303 296 263 264 237 246 222 206 213 193 180
 176 169 167 173 191 177 165 157 118 112 103  90  54  43  59  72  95 133
 134 148 170 192 198 217 233 253 279 284 314 313 328 340 354 356 366 443
 460 461 502 509 497 486 466 404 375 338 324 316 293 234 214 215 184 145
 124  87  55  48  51  56  44  36  24  14   0  16  22   1   6  17  64  80
  99 114 126 152 174 119  47   5  39 166 209 365 394 424 471 481 498 510
 595 768 777 760 771 775 587 728 554]
Value - initial: 72112384, final: 3413463, improveup: 21.1258724644

data-line;i;72112384;f;3413463;t;12.5645709038;c;-2;fv;[3413463L];cv;-1;imp;21.1258724644;type;rvnd;inum;6;w;1

time;12.5645709038;man_time;0;neigh_time;0
man_time;0;man_merge_sol;0;man_best_sol;0;man_combine_sol;0

Waiting [0]
Terminating workers True 0 0
MPI TERMINATING
