pydf_home: /home/rodolfo/git/Sucuri
simple_pycuda_home: /home/rodolfo/git/simple-pycuda
wamca2016path: /home/rodolfo/git/wamca2016/
localpath: /home/rodolfo/git/dvnd-df/code/dvnd-df/src/
WAMCAPATH:/home/rodolfo/git/wamca2016/
param: {solution_index:5, solution_instance_index:43, multi_gpu:True, goal:False, problem_name:ml, number_of_moves:10, device_count:2, solver:rvnd, mpi_enabled:True, workers:1}
Using already created file:  wamca2016lib.so
Size: 657 - file name: 06_d657.tsp

Value - initial: 287291035-[431  33 570 250 542  72 253 556  84 206   9 113 573 329 260 576 177 214
 479 236 325 522 218 413 140 532 378 563 551 449 139 263 107 530 622 580
 166 575 227 627 165 501 543 237 643 618 142 161 315 624 498 503 283 138
  21 185  67 219 569 549 193 314 305 347 323 264 194 395 468 362 299  24
 372 411 408 572 430 355  40 393  15 333  44 343 339  36 388 534  19 147
  49  32  95 548  59 101 242 269 334 598 221 259 651 224 559 276 374 141
  48 406 656 635 417 344 435 119  90 117  11 144 370 628 514 108 483 638
 445 295 459 581 487 229 389 516 499 633 265 455 655  69 462 632 287 168
 284 171 401 129 359 235 495 642 392 124 366 409 383 644 535 159 288   5
 500 356 611 460 444 109 426 490  23 416 247 369 594  93  46  82 232  38
 599 127 340 480 552 190 620  75 646 391 349 274  64 476 527 604 215  63
 273  77  96 270 271  83 196  22  89 282 631  68 337 183 485  25 597 358
  86 397 586 184 375  35 332 513 256 346 384 650 245 531 306  70 167 205
   4 301 319 158 497 254 145 255 292 272 354 454 562 402 461 365 174 625
  78 257 381 150 470  61 494 640 544 469  12 582 424 436 649  52 529 240
 241 506 121 307 293 197 612   6 387  13  85 313  98 357 615 268 212 207
 199   1 608  31 360 407 345 602 281 152 596  30  27 335 160 290 452 626
 115 425 421 228 614 484 291 439 568  51 457 277 155  26 120 351 637 249
 217   0 504  97 348 201 220 446  80 364 210 246 234 385 258 296 519 605
 122 471 403  28 112  47 589 521 350 536   8 248 515 433 110 303 496  29
  45 148 467 192  50 648 429 442 510 458 187 103 438 225 239 105 419 178
  94  58 294  88 512 574 156 405 222  16 465  57 164  54 102 186 585 583
 223 130  10 376 571 204 451 630 216 545 123 231 526 584 629 137 310 126
 363  74 114 647 361 525 149 278 379  60 523 641 420 600 517 394 654  18
 565  81 422 162 226 317 587 423 566  99 453 368 609 621 143 577 472 316
  56 106 308 135 616 463  71 607 546 400 528 230 418 311 146 593 578 104
 558 352 595   2 321 610 373 390 153 157 592 474 601 252 491 440 213 554
 173 588 198 539 443 550 191 404 619 169 412 353 508 410  42  62 179 251
 189 617   7 208 330 203 300 396 473 134 398 243 437 326 579 511 434 524
 172 432  53 493 447 341 533  92 427 116  17  55 244 238 118 298  76  65
 279 125 537 195 538  79 482 547 261 176 297 557 560 518 131 151 652 603
 180 481 613 331 415 367 304 163  91 591 541 382 590 380 520 328  14 342
 540 464  34 507 478 377 128 322 309 555 488  39 553 286 561 477 327 371
  37 606  43 275 267 324 133 202 623 266 428 634 182 456 645  20 564 181
 639 505 399 653 111 154 567 492 466 132 414 448 336 302 386 489  87   3
  66 320 486 100 509 136 285 636 450 475 233 188  41 209 170 312 441  73
 175 280 200 338 318 262 211 502 289] - 287291035
Solver: RVND, number of workers: 1
Setting feeder affinity
I am the master. There are 1 mpi processes. (hostname = gpu01)
Roots [<pyDF.nodes.Feeder object at 0x7fcfb4c13ad0>]
Starting 0
Main loop
I am worker 0
GPU0
set random seed!
Initial: 287291035-[431  33 570 250 542  72 253 556  84 206   9 113 573 329 260 576 177 214
 479 236 325 522 218 413 140 532 378 563 551 449 139 263 107 530 622 580
 166 575 227 627 165 501 543 237 643 618 142 161 315 624 498 503 283 138
  21 185  67 219 569 549 193 314 305 347 323 264 194 395 468 362 299  24
 372 411 408 572 430 355  40 393  15 333  44 343 339  36 388 534  19 147
  49  32  95 548  59 101 242 269 334 598 221 259 651 224 559 276 374 141
  48 406 656 635 417 344 435 119  90 117  11 144 370 628 514 108 483 638
 445 295 459 581 487 229 389 516 499 633 265 455 655  69 462 632 287 168
 284 171 401 129 359 235 495 642 392 124 366 409 383 644 535 159 288   5
 500 356 611 460 444 109 426 490  23 416 247 369 594  93  46  82 232  38
 599 127 340 480 552 190 620  75 646 391 349 274  64 476 527 604 215  63
 273  77  96 270 271  83 196  22  89 282 631  68 337 183 485  25 597 358
  86 397 586 184 375  35 332 513 256 346 384 650 245 531 306  70 167 205
   4 301 319 158 497 254 145 255 292 272 354 454 562 402 461 365 174 625
  78 257 381 150 470  61 494 640 544 469  12 582 424 436 649  52 529 240
 241 506 121 307 293 197 612   6 387  13  85 313  98 357 615 268 212 207
 199   1 608  31 360 407 345 602 281 152 596  30  27 335 160 290 452 626
 115 425 421 228 614 484 291 439 568  51 457 277 155  26 120 351 637 249
 217   0 504  97 348 201 220 446  80 364 210 246 234 385 258 296 519 605
 122 471 403  28 112  47 589 521 350 536   8 248 515 433 110 303 496  29
  45 148 467 192  50 648 429 442 510 458 187 103 438 225 239 105 419 178
  94  58 294  88 512 574 156 405 222  16 465  57 164  54 102 186 585 583
 223 130  10 376 571 204 451 630 216 545 123 231 526 584 629 137 310 126
 363  74 114 647 361 525 149 278 379  60 523 641 420 600 517 394 654  18
 565  81 422 162 226 317 587 423 566  99 453 368 609 621 143 577 472 316
  56 106 308 135 616 463  71 607 546 400 528 230 418 311 146 593 578 104
 558 352 595   2 321 610 373 390 153 157 592 474 601 252 491 440 213 554
 173 588 198 539 443 550 191 404 619 169 412 353 508 410  42  62 179 251
 189 617   7 208 330 203 300 396 473 134 398 243 437 326 579 511 434 524
 172 432  53 493 447 341 533  92 427 116  17  55 244 238 118 298  76  65
 279 125 537 195 538  79 482 547 261 176 297 557 560 518 131 151 652 603
 180 481 613 331 415 367 304 163  91 591 541 382 590 380 520 328  14 342
 540 464  34 507 478 377 128 322 309 555 488  39 553 286 561 477 327 371
  37 606  43 275 267 324 133 202 623 266 428 634 182 456 645  20 564 181
 639 505 399 653 111 154 567 492 466 132 414 448 336 302 386 489  87   3
  66 320 486 100 509 136 285 636 450 475 233 188  41 209 170 312 441  73
 175 280 200 338 318 262 211 502 289]
Final time: 10.1382119656s - Best: 14074790-[431 424 419 410 414 405 401 373 358 327 311 304 305 312 318 333 351 357
 378 396 385 395 402 406 413 425 412 407 403 394 384 379 376 374 368 366
 363 352 359 339 328 313 314 315 329 338 344 353 336 343 354 360 355 356
 337 607 610 606 605 601 600 598 279 592 266 258 273 280 297 296 302 295
 301 285 278 281 265 245 222 216 212 205 203 193 174 160 152 135 125 506
 124 127 145 144 134 146 151 167 153 166 158 150 143 122 112 106 111 107
 100  96 110 123 108  95  87  88  89  83  76  67  56  62  51  47  43  38
  42  46  37  34 469 463 462 466 468 464 458 461 465 467 460 459 457 456
 473 455 454 451 452 450 453 448 449 442 441 443 446 447 445 444  19  18
  22  23 440  25  26  27  30  55  69  59  57  52  48  40  28  20  17  13
  16  15  14  21  24  12  11  10   8   9   7  33  32  35  36  39  41  45
  44  49  54  50  65  72  85 103 119 118 114 102  91  97  98  93  74  63
  68  73  77  84 115 132 140 137 142 130 116 128 129 131 138 163 156 164
 162 155 168 172 178 185 186 180 181 191 195 197 198 199 209 217 218 234
 240 264 263 261 271 290 298 307 317 322 335 345 341 347 361 340 323 324
 303 299 293 288 292 287 275 248 236 254 241 232 221 247 251 252 227 219
 214 208 207 179 184 177 154 149 147 161 170 171 169 148 139 120  99  92
  86  90  70  58  61  66  71  80  81  75  82  94 109 505 126 504 499 502
 503 501 500 495 492 489 484 488 487 481 480 485 486 490 493 498 496 497
 494 491 483 482 472 479 478 477 476 475 474 520 519 515 514 512 513 516
 517 518 521 527 526 525 522 524 530 533 523 529 531 532 535 534 536 537
 538 539 540 541 542 544 545 546 547 548 553 558 552 628 629 630 631 632
 633 634 635 639 638 637 636 640 641 642 643 644 646 645 647 648 649 650
 651 652 653 654 655 626 572 571 569 568 562 561 564 560 563 565 566 557
 555 554 550 549 543 551 556 559 528 509 508 507 133 136 189 182 159 510
 511 173 183 194 200 201 202 213 580 229 246 257 581 586 589 595 591 596
 597 602 594 588 585 584 583 577 576 575 579 587 590 593 599 603 604 609
 614 621 623 625 624 427 408 622 620 618 617 616 615 613 306 331 330 319
 375 380 383 381 393 418 428 417 411 392 382 367 362 332 316 282 267 286
 283 274 256 244 233 249 272 277 291 284 259 255 243 228 224 226 242 250
 270 276 268 260 294 325 321 309 308 342 348 349 364 370 388 397 389 400
 404 415 398 391 372 390 371 399 416 409 420 438 437 439 421 422 436 430
 435 387 386 377 365 369 350 326 320 310 300 223 192 188 176 121 105 104
 113 157 165 187 190 196 206 220 230 238 239 253 262 289 269 237 231 235
 210 141 117  78   6   5   4   3   2   1  53  60  64  79 101 204 215 225
 334 346 432 423 433 434 429 426 619 612 611 608 582 578 574 573 656 627
 570 567 211 175 471 470  31  29   0]
Value - initial: 287291035, final: 14074790, improveup: 20.4117457525

data-line;i;287291035;f;14074790;t;10.1382119656;c;-2;fv;[14074790L];cv;-1;imp;20.4117457525;type;rvnd;inum;5;w;1

time;10.1382119656;man_time;0;neigh_time;0
man_time;0;man_merge_sol;0;man_best_sol;0;man_combine_sol;0

Waiting [0]
Terminating workers True 0 0
MPI TERMINATING
