pydf_home: /home/rodolfo/git/Sucuri
simple_pycuda_home: /home/rodolfo/git/simple-pycuda
wamca2016path: /home/rodolfo/git/wamca2016/
localpath: /home/rodolfo/git/dvnd-df/code/dvnd-df/src/
WAMCAPATH:/home/rodolfo/git/wamca2016/
param: {solution_index:3, solution_instance_index:47, multi_gpu:True, goal:False, problem_name:ml, number_of_moves:10, device_count:2, solver:rvnd, mpi_enabled:True, workers:1}
Using already created file:  wamca2016lib.so
Size: 318 - file name: 04_lin318.tsp

Value - initial: 91591661-[147  24  66  57  30   0  95 218 261 172 314 156 143 317 307 175 192 212
  82 158  12 144 152 281 223  77 115  26  10 242 274 154 206 229 166 270
 220 253 103 177 275   7 289 149 190 260 283  14 128  31 286 193 271 213
  70 145 167 224 228 219   5  84 297 187  38 311 262 221 250  25 310 264
 209 235 252 100  86 305 196  90 113 236 104  33  11   2 183  50  98 165
 106  55  46  53   4 278 189  97 140 256  36 258 111 216 184 280  17 293
   6 201  94  88 114 129 269 148 272 109 108 308 116 249 291  83 162 316
 157  63 134 178 174  60 159 101 180  69 222 303 168 155 125 225  52 304
 227 204  91 160  13  51 130 124 188 302 191  64 285 146 295 268 102  61
 195 107 263 197  65 110  93 294  42 185  59 163  81 136 254 132  48 205
 131 105  37  21 202 126 182 211 276  80 176 238 255  54 245 133  45 203
 208 287  76  68 138 123 246 292 243 207  47 112  43  23 120 181 135 277
 122 265 194 233 239 232  79  16  34 199  20 247  18 273  49 301 313  75
 257  28 251 214  72 300  78 200 266  99 173  87  29  85 215   8 171 161
  58  15 237 279 248 267  35  89  96 139 150  32 153  73  19 210  39 240
  40 315  27 234 309 118 217  22 137 296 164 288 290 119 169  67 170  62
  74 298 306 282 141  44 259 151  56 244 121   3   1 179 127 312 198 241
 186  71 284 117  92 226   9 230 231  41 142 299] - 91591661
Solver: RVND, number of workers: 1
Setting feeder affinity
I am the master. There are 1 mpi processes. (hostname = gpu01)
Roots [<pyDF.nodes.Feeder object at 0x7fa02559aad0>]
Starting 0
Main loop
I am worker 0
GPU0
set random seed!
Initial: 91591661-[147  24  66  57  30   0  95 218 261 172 314 156 143 317 307 175 192 212
  82 158  12 144 152 281 223  77 115  26  10 242 274 154 206 229 166 270
 220 253 103 177 275   7 289 149 190 260 283  14 128  31 286 193 271 213
  70 145 167 224 228 219   5  84 297 187  38 311 262 221 250  25 310 264
 209 235 252 100  86 305 196  90 113 236 104  33  11   2 183  50  98 165
 106  55  46  53   4 278 189  97 140 256  36 258 111 216 184 280  17 293
   6 201  94  88 114 129 269 148 272 109 108 308 116 249 291  83 162 316
 157  63 134 178 174  60 159 101 180  69 222 303 168 155 125 225  52 304
 227 204  91 160  13  51 130 124 188 302 191  64 285 146 295 268 102  61
 195 107 263 197  65 110  93 294  42 185  59 163  81 136 254 132  48 205
 131 105  37  21 202 126 182 211 276  80 176 238 255  54 245 133  45 203
 208 287  76  68 138 123 246 292 243 207  47 112  43  23 120 181 135 277
 122 265 194 233 239 232  79  16  34 199  20 247  18 273  49 301 313  75
 257  28 251 214  72 300  78 200 266  99 173  87  29  85 215   8 171 161
  58  15 237 279 248 267  35  89  96 139 150  32 153  73  19 210  39 240
  40 315  27 234 309 118 217  22 137 296 164 288 290 119 169  67 170  62
  74 298 306 282 141  44 259 151  56 244 121   3   1 179 127 312 198 241
 186  71 284 117  92 226   9 230 231  41 142 299]
Final time: 3.41315889359s - Best: 6115557-[147 146 145 148 151 155 150 156 157 162 161 158 160 159 154 152 149 144
 208 137 136 135 134 133 126 125 207 119 115 114  12  13  16  15  17  24
  25  26  23  18  27  22  19 102  20  21  28  29  30  31 103  39  48  44
  47  49  54  55  56  53  50  46  43  40  41  42  45  51  52  57  62  61
  63  66  67  70  77  81  82  83  84  90  91  95  96 100 101  92  85  78
  76  71  72  75  79  80  74  73  68  69  87  86  93  94  99 206 205 201
 200 196 195 189 188 187 186 182 175 172 171 176 181 183 184 180 177 173
 174 178 179 185 193 194 199 198 204 311 310 306 305 301 300 192 191 294
 293 292 291 287 280 277 276 281 286 288 282 285 289 290 284 283 278 279
 272 271 267 262 261 266 263 260 256 253 255 252 250 251 246 245 235 234
 227 225 226 223 222 213 214 218 217 228 233 236 229 232 237 239 240 241
 238 231 230 312 224 220 219 117 118 121 120 122 129 130 131 128 123 116
 124 127 132  33  34  37  38  36  35  32  11  14  10   9   6   5   1   0
   2   7   8   4   3 111 110 106 105 107 112 113 109 108 216 215 211 210
 212 221 242 313 249 258 254 257 259 264 265 314 268 164 165 170 169 273
 295 302 298 299 307 308 309 304 303 297 296 275 274 270 269 317 248 247
 243 244 138 139 142 143 141 140 153  60  59 163 209 166 167 168 190 203
 202 197  64  65  89  98  97  88 104  58 316 315]
Value - initial: 91591661, final: 6115557, improveup: 14.9768305651

data-line;i;91591661;f;6115557;t;3.41315889359;c;-2;fv;[6115557L];cv;-1;imp;14.9768305651;type;rvnd;inum;3;w;1

time;3.41315889359;man_time;0;neigh_time;0
man_time;0;man_merge_sol;0;man_best_sol;0;man_combine_sol;0

Waiting [0]
Terminating workers True 0 0
MPI TERMINATING
