pydf_home: /home/rodolfo/git/Sucuri
simple_pycuda_home: /home/rodolfo/git/simple-pycuda
wamca2016path: /home/rodolfo/git/wamca2016/
localpath: /home/rodolfo/git/dvnd-df/code/dvnd-df/src/
WAMCAPATH:/home/rodolfo/git/wamca2016/
param: {solution_index:6, solution_instance_index:37, multi_gpu:True, goal:False, problem_name:ml, number_of_moves:10, device_count:2, solver:rvnd, mpi_enabled:True, workers:1}
Using already created file:  wamca2016lib.so
Size: 783 - file name: 07_rat784.tsp

Value - initial: 71999050-[631  85 110 718 575 417 573 547 178 778 383 430 109 600 453 133  48 728
 443 398 606 755 318 578 576 113 334 341  31 409 670 535  51 507 162 142
 493 704  53  83 758 487 197 628 185 735 761 371 482 290  64 710 491 556
 296 677  80 760 320 117 363 256 734  28 180 394 498 657 360  82 567 564
 105 277 485 449  29 152 452 515 252 301 135 343 345 193 532 233 302  26
 697 114 418 468 365 211  23 472 518 580 669 433 724 304 748 563 508 736
 129 214 592 391 690 268  32 367 358 753  74 279 138 189  55 589 340 406
 630  65 471 672 219 609 222 671 623 249 640 315  56 444 622 585 227 299
 159 699 215 607 239 168 619 378 116 537 236 173  67 454 107 103  77 524
 743 127 595  91 441 119  95 467 521 698  49 635 276 362 414 206 422  36
  76 313 560 199 124 530 655 536 465 693 691 574 203 368  14 747 408 274
  13 725 633 627 364 763 685 432 480 683 531 522 717 241 240  15  62 212
 366 502 744 328  52 412 708 166 579 255 675  35 756 335 486 727 706 533
 674 667 598 752 125 265 750 551 321  75 684 439 154 179 237 181 590  27
 232 209  78 147 294  71 663 475 339  25  61 651 463  38 682 235 512 395
 393 591 603 372 757 407 349 420 330 528 709 220 387 601 679 306 403 291
 354 223 638 588 316 230 337  90 157 490  46 134 696 146  93 712 500 281
 216 570 701 198 621 492 562 270 526  57 250 634 687 167 511  94 483 565
 170 307 120 293 187 130 558 118 520 234 275 461 191 303 267 153 584 705
 151 202 308  89 253 561 136 446 164 661 459 353 263 310 653 477 618 415
 722 260 676  88 695 457 286 332 550 182 517 455 325  68  63 462   0 375
 122 476 413 163 572 314 513 355 470 123 534 397  19  17 426 431 568 503
 625 172 539 402 645 150 386 632 519 516 612 410 205 732 112 137  92 140
 327 587 665  39 155 469 282 226 196 569 738  34 711 496 729  33 629 347
 161 715 435 754 660 131 262 238  22 479   5 643 207 427  66 505 759 765
 271 184  97 357 201 719 604 139 264   9 546 228 149 251 737  98 342 616
 494 506 599 617 658 723 751 478 707 284 204 620 593 401 779 540 298 165
  16 195  45 356 100 509 700 126 297 714 466 596 288 647 128 770 428 636
 559 183 438  58   6 442 278 379 488 542 177 374 194 259 474  84 416 594
 639 552 731 171 176 377 425 782 392 544 242 504 602 664 319 160 246 384
 326 450 739 324 350 169 781  18 221 269 359 673 248 460 336 586 473 156
 702 648 254 659 224 742 266  47 525 225 245 662 762 389 766 774 213 451
 376 210   1 768 553 174 692 740 311 678 143 764  44 273 545 396  96 484
 411 186 767 527 287 510  70 404 192   3 261 445 400 720 158 495 529   8
 642 188 218  20 577 624 514 686 749 541 141  69  30 424 208 352 323 745
 597  86 775 746  10 582 329 548 501 652 543 776 780  50  72 436 380  11
 382 132 399 650  59 421 283 333 610 680 419  21 456 101 243 115  12 351
 247 108 423 777 244 300 608 694 772 295 555 721 481 175 405 649 611 489
  40 605 289 145 390 331 499 464 106 440 646 614 369 581 104 448 121 217
 688 312 348   7 733  73 615 272  37 322 373 554 309  24 538 429 626   2
 523 344 741  87 716 346 338  43 769 229 668  54 305 437   4 285 613  99
 771 713 385 637  42 231 144 703 111 689 497 200 666 656 641 654 292 571
 549 190 280 102 258 381 566 458 148 388 370 644 773  41 447  79 317 257
  81 361  60 434 557 583 730 726 681] - 71999050
Solver: RVND, number of workers: 1
Setting feeder affinity
I am the master. There are 1 mpi processes. (hostname = gpu01)
Roots [<pyDF.nodes.Feeder object at 0x7feb3923cad0>]
Starting 0
Main loop
I am worker 0
GPU0
set random seed!
Initial: 71999050-[631  85 110 718 575 417 573 547 178 778 383 430 109 600 453 133  48 728
 443 398 606 755 318 578 576 113 334 341  31 409 670 535  51 507 162 142
 493 704  53  83 758 487 197 628 185 735 761 371 482 290  64 710 491 556
 296 677  80 760 320 117 363 256 734  28 180 394 498 657 360  82 567 564
 105 277 485 449  29 152 452 515 252 301 135 343 345 193 532 233 302  26
 697 114 418 468 365 211  23 472 518 580 669 433 724 304 748 563 508 736
 129 214 592 391 690 268  32 367 358 753  74 279 138 189  55 589 340 406
 630  65 471 672 219 609 222 671 623 249 640 315  56 444 622 585 227 299
 159 699 215 607 239 168 619 378 116 537 236 173  67 454 107 103  77 524
 743 127 595  91 441 119  95 467 521 698  49 635 276 362 414 206 422  36
  76 313 560 199 124 530 655 536 465 693 691 574 203 368  14 747 408 274
  13 725 633 627 364 763 685 432 480 683 531 522 717 241 240  15  62 212
 366 502 744 328  52 412 708 166 579 255 675  35 756 335 486 727 706 533
 674 667 598 752 125 265 750 551 321  75 684 439 154 179 237 181 590  27
 232 209  78 147 294  71 663 475 339  25  61 651 463  38 682 235 512 395
 393 591 603 372 757 407 349 420 330 528 709 220 387 601 679 306 403 291
 354 223 638 588 316 230 337  90 157 490  46 134 696 146  93 712 500 281
 216 570 701 198 621 492 562 270 526  57 250 634 687 167 511  94 483 565
 170 307 120 293 187 130 558 118 520 234 275 461 191 303 267 153 584 705
 151 202 308  89 253 561 136 446 164 661 459 353 263 310 653 477 618 415
 722 260 676  88 695 457 286 332 550 182 517 455 325  68  63 462   0 375
 122 476 413 163 572 314 513 355 470 123 534 397  19  17 426 431 568 503
 625 172 539 402 645 150 386 632 519 516 612 410 205 732 112 137  92 140
 327 587 665  39 155 469 282 226 196 569 738  34 711 496 729  33 629 347
 161 715 435 754 660 131 262 238  22 479   5 643 207 427  66 505 759 765
 271 184  97 357 201 719 604 139 264   9 546 228 149 251 737  98 342 616
 494 506 599 617 658 723 751 478 707 284 204 620 593 401 779 540 298 165
  16 195  45 356 100 509 700 126 297 714 466 596 288 647 128 770 428 636
 559 183 438  58   6 442 278 379 488 542 177 374 194 259 474  84 416 594
 639 552 731 171 176 377 425 782 392 544 242 504 602 664 319 160 246 384
 326 450 739 324 350 169 781  18 221 269 359 673 248 460 336 586 473 156
 702 648 254 659 224 742 266  47 525 225 245 662 762 389 766 774 213 451
 376 210   1 768 553 174 692 740 311 678 143 764  44 273 545 396  96 484
 411 186 767 527 287 510  70 404 192   3 261 445 400 720 158 495 529   8
 642 188 218  20 577 624 514 686 749 541 141  69  30 424 208 352 323 745
 597  86 775 746  10 582 329 548 501 652 543 776 780  50  72 436 380  11
 382 132 399 650  59 421 283 333 610 680 419  21 456 101 243 115  12 351
 247 108 423 777 244 300 608 694 772 295 555 721 481 175 405 649 611 489
  40 605 289 145 390 331 499 464 106 440 646 614 369 581 104 448 121 217
 688 312 348   7 733  73 615 272  37 322 373 554 309  24 538 429 626   2
 523 344 741  87 716 346 338  43 769 229 668  54 305 437   4 285 613  99
 771 713 385 637  42 231 144 703 111 689 497 200 666 656 641 654 292 571
 549 190 280 102 258 381 566 458 148 388 370 644 773  41 447  79 317 257
  81 361  60 434 557 583 730 726 681]
Final time: 35.1347379684s - Best: 3438257-[631 628 614 603 592 605 615 636 646 667 666 673 675 669 693 702 695 714
 716 713 711 710 686 681 676 657 655 662 642 634 624 622 619 601 584 582
 607 594 591 581 566 573 549 537 545 548 544 531 543 536 527 524 508 501
 497 477 467 453 446 439 426 411 402 387 384 367 360 348 336 337 339 347
 363 372 382 399 401 413 414 431 445 458 473 479 488 492 513 521 523 552
 558 572 571 570 588 609 617 641 649 663 672 692 700 699 726 730 729 722
 740 745 749 748 747 739 725 720 719 718 706 712 697 691 690 680 674 689
 679 684 678 670 687 677 658 651 647 625 610 593 585 579 578 561 553 550
 533 529 516 511 507 517 518 512 514 528 534 535 555 576 569 564 557 541
 520 506 500 499 490 482 476 472 459 455 448 429 425 432 421 437 442 452
 457 451 444 435 428 422 400 389 386 381 365 357 343 327 301 293 277 272
 275 276 254 245 238 229 230 226 221 203 201 186 183 161 155 150 135 119
 136 132 115 111  94  97  75  93  82  64  57  52  46  45  40  44  56  51
  48  55  24  14   0  16  22   1   6  17  11   8   9   2   4  18  29   7
  19  35  30  34  21  13  31  15  20  26  25  50  41  53  49  61  81  85
  67  60  58  70  63  76  73  88 101 104 107 127 139 142 151 160 178 175
 162 168 156 163 164 149 125 120 123 102  91  71  92  89  77  68  43  54
  59  23  27  33   3  10  12  42  37  39  78  83  86  74  65  72  90 103
 112 130 131 140 129 128 153 158 182 187 200 196 190 188 177 173 165 167
 169 176 180 193 213 222 206 191 202 219 227 228 220 225 236 256 281 282
 287 307 309 300 286 274 261 250 252 218 208 210 211 224 232 231 216 205
 199 197 207 223 242 255 266 267 290 305 292 289 299 306 315 331 349 346
 376 369 371 359 353 335 329 321 302 291 294 310 311 317 325 350 380 385
 379 374 390 410 417 416 418 434 430 438 456 466 468 469 504 540 583 590
 599 600 613 632 629 635 621 608 602 586 606 616 620 627 648 656 660 683
 698 694 685 668 665 650 645 652 653 661 707 715 701 723 741 751 755 763
 750 727 743 752 766 770 774 782 781 780 779 769 762 761 765 773 772 776
 778 753 754 736 732 756 758 757 742 738 731 721 705 704 717 734 735 744
 759 764 771 760 746 733 737 724 703 696 682 671 664 639 637 623 595 575
 567 559 547 532 525 510 498 481 471 394 383 362 351 358 355 342 312 304
 288 269 265 241 235 234 214 215 204 185 179 171 154 146 138 122 116 109
  96  79  69  66  80 106 110  99 114 126 152 159 174 194 195 247 248 273
 285 298 318 316 334 326 322 324 338 345 352 364 370 388 391 404 392 407
 408 409 419 423 454 462 485 491 494 530 546 539 538 560 568 589 597 596
 611 626 633 644 654 659 643 640 618 612 598 587 577 565 562 563 493 495
 496 486 475 463 440 447 436 433 415 449 464 474 487 509 502 522 515 503
 489 461 443 460 478 480 470 450 441 427 420 397 395 398 412 405 403 393
 373 368 378 377 361 341 330 333 323 319 297 308 295 296 303 313 328 340
 354 366 356 314 284 279 264 263 278 283 260 251 244 246 237 253 233 217
 198 192 170 134 133 148 141 121 113 108 105 100  95 118 147 144 157 166
 240 271 270 262 259 243 212 209 172 143 117  98  84  47  38  28  32  62
 137 181 189 239 257 258 249 268 280 320 332 344 375 396 406 424 465 483
 484 505 556 551 574 542 526 519 580 604 630 638 688 709 767 775 777 768
 708 184 145 124  87  36   5 554 728]
Value - initial: 71999050, final: 3438257, improveup: 20.9405666883

data-line;i;71999050;f;3438257;t;35.1347379684;c;-2;fv;[3438257L];cv;-1;imp;20.9405666883;type;rvnd;inum;6;w;1

time;35.1347379684;man_time;0;neigh_time;0
man_time;0;man_merge_sol;0;man_best_sol;0;man_combine_sol;0

Waiting [0]
Terminating workers True 0 0
MPI TERMINATING
