pydf_home: /home/rodolfo/git/Sucuri
simple_pycuda_home: /home/rodolfo/git/simple-pycuda
wamca2016path: /home/rodolfo/git/wamca2016/
localpath: /home/rodolfo/git/dvnd-df/code/dvnd-df/src/
WAMCAPATH:/home/rodolfo/git/wamca2016/
param: {solution_index:3, solution_instance_index:19, multi_gpu:True, goal:False, problem_name:ml, number_of_moves:10, device_count:2, solver:rvnd, mpi_enabled:True, workers:1}
Using already created file:  wamca2016lib.so
Size: 318 - file name: 04_lin318.tsp

Value - initial: 95816074-[ 77 218  32  73 263 259  34 276   7 297 141  71 289 196  28 156 230 164
 135  30 120 186 285 223  52  67  33   5 174 260 308  84 258   4 292 229
 180 157  61 197  41  56 314 133 152  51  12  91  64  62 163 146   8 247
 220 281 140 311  13 115 268 123  17 241 298 137 214  97  18 269 167 111
 109 142 182 209 150 148 143 256 183 124 275 169  15 108  42 271 232 203
 151 128 227 250 177  10 296 206 200 189 212 316  21  74 225  96  69 287
 190 103 211 301 239 102 175 110  48   1  44 261  92 233 144  45 145 243
  29 295 244  38 315   6 166 242  99  80 129  59 273  22 270 282 202 310
 136 184 154 118 252 147 205  68 267  50 126  49 278 284 158 122 171 219
  88 165 249 125 134  70 107  11 283 277  65 221  89 303  85 300 139 153
 114  79 215 248  35 309 304 210 155   3  82 162 253 195 265 254  55   0
  87 226 185 291  27  25   9 302 131 138   2 112 274 240 159 280 255 293
 238 119  23 264 121 201 279 199 113  76  39 266 132 236 213 234 305 193
  20  81 231 288  98 224 181 161  78 178 257  75  63 237 187 262  37 208
  14 313  94  16 100 173 317 160 198  86 245 105  83 176 117 216  66 312
  47 192  58 101 172  36 116  26 149 272  19  53 104  54 179 106 204 299
  31  40  60  43  57 286 188  90 228 168 217 251  93 290  24 130 207 194
 246 127 307  72 306  95 222 294 170 235 191  46] - 95816074
Solver: RVND, number of workers: 1
Setting feeder affinity
I am the master. There are 1 mpi processes. (hostname = gpu01)
Roots [<pyDF.nodes.Feeder object at 0x7fa2bfb65ad0>]
Starting 0
Main loop
I am worker 0
GPU0
set random seed!
Initial: 95816074-[ 77 218  32  73 263 259  34 276   7 297 141  71 289 196  28 156 230 164
 135  30 120 186 285 223  52  67  33   5 174 260 308  84 258   4 292 229
 180 157  61 197  41  56 314 133 152  51  12  91  64  62 163 146   8 247
 220 281 140 311  13 115 268 123  17 241 298 137 214  97  18 269 167 111
 109 142 182 209 150 148 143 256 183 124 275 169  15 108  42 271 232 203
 151 128 227 250 177  10 296 206 200 189 212 316  21  74 225  96  69 287
 190 103 211 301 239 102 175 110  48   1  44 261  92 233 144  45 145 243
  29 295 244  38 315   6 166 242  99  80 129  59 273  22 270 282 202 310
 136 184 154 118 252 147 205  68 267  50 126  49 278 284 158 122 171 219
  88 165 249 125 134  70 107  11 283 277  65 221  89 303  85 300 139 153
 114  79 215 248  35 309 304 210 155   3  82 162 253 195 265 254  55   0
  87 226 185 291  27  25   9 302 131 138   2 112 274 240 159 280 255 293
 238 119  23 264 121 201 279 199 113  76  39 266 132 236 213 234 305 193
  20  81 231 288  98 224 181 161  78 178 257  75  63 237 187 262  37 208
  14 313  94  16 100 173 317 160 198  86 245 105  83 176 117 216  66 312
  47 192  58 101 172  36 116  26 149 272  19  53 104  54 179 106 204 299
  31  40  60  43  57 286 188  90 228 168 217 251  93 290  24 130 207 194
 246 127 307  72 306  95 222 294 170 235 191  46]
Final time: 3.52491903305s - Best: 5960835-[ 77  81  82  83  70  67  66  71  76  78  72  75  79  80  74  73  68  69
  62  61  57  52  51  45  42  40  43  46  50  53  56  55  54  49  47  44
  39 103  32  31  30  29  27  22  19 102  28  21  20  14  10   9   6   5
   1   0   2   7   8  16  15  17  24  25  18  23  26  35  36  34  33 136
 135 134 133 126 125 119 207 124 127 132 123 128 131 130 129 122 120 121
 112 113 109 108 210 211 215 216 219 220 224 312 230 231 238 239 240 241
 242 237 232 229 236 233 228 225 226 227 234 235 245 246 251 250 252 255
 261 262 267 266 263 260 256 253 254 257 259 264 265 268 314 278 279 283
 284 290 289 285 282 281 286 288 293 287 291 292 294 191 192 174 173 178
 179 185 184 180 177 176 181 183 188 187 186 182 175 172 171  64  65  60
  59 163 160 159 154 153 144 149 152 161 158 155 151 148 145 146 147 150
 156 157 162 166 167 165 164 170 169 280 277 276 273 271 272 270 269 274
 275 296 297 303 304 309 308 307 302 300 301 305 306 310 311 204 198 199
 203 202 194 193 190 189  86  87 195 196 200 201 205 206  99  93  94  98
  97  89  88  92 101 100  96  95  91  90  84  85  63 104  58 316 315  48
  41  38  37  13  12 115 114 111 110   4   3 106 105 107 116 137 208 140
 141 143 142 258 249 313 138 139 118 117 221 212 217 218 214 213 222 223
 243 244 247 248 317 299 298 295 197 168 209  11]
Value - initial: 95816074, final: 5960835, improveup: 16.0742704671

data-line;i;95816074;f;5960835;t;3.52491903305;c;-2;fv;[5960835L];cv;-1;imp;16.0742704671;type;rvnd;inum;3;w;1

time;3.52491903305;man_time;0;neigh_time;0
man_time;0;man_merge_sol;0;man_best_sol;0;man_combine_sol;0

Waiting [0]
Terminating workers True 0 0
MPI TERMINATING
